Log file open, 09/02/17 14:41:17
LogWindows: LoadLibraryWithSearchPaths failed for file aqProf.dll. GetLastError=0
LogWindows: LoadLibraryWithSearchPaths failed for file VSPerf140.dll. GetLastError=0
LogWindows: LoadLibraryWithSearchPaths failed for file VtuneApi.dll. GetLastError=0
LogWindows: LoadLibraryWithSearchPaths failed for file VtuneApi32e.dll. GetLastError=0
LogInit: Display: Running engine for game: InsertNameAdventure
LogPlatformFile: Not using cached read wrapper
LogInit: Display: RandInit(1247532880) SRandInit(1247532880).
LogTaskGraph: Started task graph with 5 named threads and 14 total threads with 3 sets of task threads.
LogStats: Stats thread started at 0.713718
LogD3D11RHI: Aftermath initialized
LogPluginManager: Mounting plugin Paper2D
LogPluginManager: Mounting plugin LightPropagationVolume
LogPluginManager: Mounting plugin CodeLiteSourceCodeAccess
LogPluginManager: Mounting plugin GitSourceControl
LogPluginManager: Mounting plugin KDevelopSourceCodeAccess
LogPluginManager: Mounting plugin NullSourceCodeAccess
LogPluginManager: Mounting plugin PerforceSourceControl
LogPluginManager: Mounting plugin SubversionSourceControl
LogPluginManager: Mounting plugin UObjectPlugin
LogPluginManager: Mounting plugin VisualStudioSourceCodeAccess
LogPluginManager: Mounting plugin XCodeSourceCodeAccess
LogPluginManager: Mounting plugin AssetManagerEditor
LogPluginManager: Mounting plugin AudioCapture
LogPluginManager: Mounting plugin FacialAnimation
LogPluginManager: Mounting plugin GameplayTagsEditor
LogPluginManager: Mounting plugin MobileLauncherProfileWizard
LogPluginManager: Mounting plugin PluginBrowser
LogPluginManager: Mounting plugin SpeedTreeImporter
LogPluginManager: Mounting plugin AlembicImporter
LogPluginManager: Mounting plugin CharacterAI
LogPluginManager: Mounting plugin HTML5Networking
LogPluginManager: Mounting plugin AndroidMedia
LogPluginManager: Mounting plugin AvfMedia
LogPluginManager: Mounting plugin MediaPlayerEditor
LogPluginManager: Mounting plugin WmfMedia
LogPluginManager: Mounting plugin TcpMessaging
LogPluginManager: Mounting plugin UdpMessaging
LogPluginManager: Mounting plugin LevelSequenceEditor
LogPluginManager: Mounting plugin MatineeToLevelSequence
LogPluginManager: Mounting plugin OnlineSubsystemGooglePlay
LogPluginManager: Mounting plugin OnlineSubsystemIOS
LogPluginManager: Mounting plugin OnlineSubsystem
LogPluginManager: Mounting plugin OnlineSubsystemNull
LogPluginManager: Mounting plugin OnlineSubsystemUtils
LogPluginManager: Mounting plugin AndroidDeviceProfileSelector
LogPluginManager: Mounting plugin AndroidMoviePlayer
LogPluginManager: Mounting plugin AndroidPermission
LogPluginManager: Mounting plugin AppleMoviePlayer
LogPluginManager: Mounting plugin ArchVisCharacter
LogPluginManager: Mounting plugin CableComponent
LogPluginManager: Mounting plugin CustomMeshComponent
LogPluginManager: Mounting plugin ExampleDeviceProfileSelector
LogPluginManager: Mounting plugin GoogleCloudMessaging
LogPluginManager: Mounting plugin ImmediatePhysics
LogPluginManager: Mounting plugin IOSDeviceProfileSelector
LogPluginManager: Mounting plugin LinuxDeviceProfileSelector
LogPluginManager: Mounting plugin LocationServicesBPLibrary
LogPluginManager: Mounting plugin MobilePatchingUtils
LogPluginManager: Mounting plugin OculusVR
LogPluginManager: Mounting plugin PhysXVehicles
LogPluginManager: Mounting plugin ProceduralMeshComponent
LogPluginManager: Mounting plugin RuntimePhysXCooking
LogPluginManager: Mounting plugin SteamVR
LogPluginManager: Mounting plugin WindowsMoviePlayer
LogInit: Using libcurl 7.47.1
LogInit:  - built for x86_64-pc-win32
LogInit:  - supports SSL with OpenSSL/1.0.2g
LogInit:  - supports HTTP deflate (compression) using libz 1.2.8
LogInit:  - other features:
LogInit:      CURL_VERSION_SSL
LogInit:      CURL_VERSION_LIBZ
LogInit:      CURL_VERSION_IPV6
LogInit:      CURL_VERSION_ASYNCHDNS
LogInit:      CURL_VERSION_LARGEFILE
LogInit:      CURL_VERSION_IDN
LogInit:  CurlRequestOptions (configurable via config and command line):
LogInit:  - bVerifyPeer = false  - Libcurl will NOT verify peer certificate
LogInit:  - bUseHttpProxy = false  - Libcurl will NOT use HTTP proxy
LogInit:  - bDontReuseConnections = false  - Libcurl will reuse connections
LogInit:  - CertBundlePath = nullptr  - Libcurl will use whatever was configured at build time.
LogInit: Build: ++UE4+Release-4.17-CL-3586342
LogInit: Engine Version: 4.17.1-3586342+++UE4+Release-4.17
LogInit: Compatible Engine Version: 4.17.0-3573198+++UE4+Release-4.17
LogInit: Net CL: 3573198
LogDevObjectVersion: Number of dev versions registered: 16
LogDevObjectVersion:   Dev-Blueprints (B0D832E4-1F89-4F0D-ACCF-7EB736FD4AA2): 10
LogDevObjectVersion:   Dev-Build (E1C64328-A22C-4D53-A36C-8E866417BD8C): 0
LogDevObjectVersion:   Dev-Core (375EC13C-06E4-48FB-B500-84F0262A717E): 2
LogDevObjectVersion:   Dev-Editor (E4B068ED-F494-42E9-A231-DA0B2E46BB41): 20
LogDevObjectVersion:   Dev-Framework (CFFC743F-43B0-4480-9391-14DF171D2073): 28
LogDevObjectVersion:   Dev-Mobile (B02B49B5-BB20-44E9-A304-32B752E40360): 0
LogDevObjectVersion:   Dev-Networking (A4E4105C-59A1-49B5-A7C5-40C4547EDFEE): 0
LogDevObjectVersion:   Dev-Online (39C831C9-5AE6-47DC-9A44-9C173E1C8E7C): 0
LogDevObjectVersion:   Dev-Physics (78F01B33-EBEA-4F98-B9B4-84EACCB95AA2): 0
LogDevObjectVersion:   Dev-Platform (6631380F-2D4D-43E0-8009-CF276956A95A): 0
LogDevObjectVersion:   Dev-Rendering (12F88B9F-8875-4AFC-A67C-D90C383ABD29): 19
LogDevObjectVersion:   Dev-Sequencer (7B5AE74C-D270-4C10-A958-57980B212A5A): 4
LogDevObjectVersion:   Dev-VR (D7296918-1DD6-4BDD-9DE2-64A83CC13884): 0
LogDevObjectVersion:   Dev-LoadTimes (C2A15278-BFE7-4AFE-6C17-90FF531DF755): 1
LogDevObjectVersion:   Private-Geometry (6EACA3D4-40EC-4CC1-B786-8BED09428FC5): 1
LogDevObjectVersion:   Dev-AnimPhys (29E575DD-E0A3-4627-9D10-D276232CDCEA): 7
LogInit: Compiled (64-bit): Aug 15 2017 02:05:26
LogInit: Compiled with Visual C++: 19.00.24215.01
LogInit: Build Configuration: Development
LogInit: Branch Name: ++UE4+Release-4.17
LogInit: Command line:  
LogInit: Base directory: C:/Program Files/Epic Games/UE_4.17/Engine/Binaries/Win64/
LogInit: Installed Engine Build: 1
LogInit: Presizing for max 8388607 objects, including 0 objects not considered by GC, pre-allocating 0 bytes for permanent pool.
LogInit: Object subsystem initialized
[2017.09.02-20.41.17:829][  0]LogInit: Selected Device Profile: [Windows]
[2017.09.02-20.41.17:829][  0]LogInit: Applying CVar settings loaded from the selected device profile: [Windows]
[2017.09.02-20.41.17:858][  0]LogInit: Computer: DESKTOP-OMJHMSB
[2017.09.02-20.41.17:858][  0]LogInit: User: rajjj
[2017.09.02-20.41.17:858][  0]LogInit: CPU Page size=4096, Cores=4
[2017.09.02-20.41.17:858][  0]LogInit: High frequency timer resolution =3.328129 MHz
[2017.09.02-20.41.17:858][  0]LogMemory: Memory total: Physical=15.9GB (16GB approx)
[2017.09.02-20.41.17:858][  0]LogMemory: Platform Memory Stats for Windows
[2017.09.02-20.41.17:858][  0]LogMemory: Process Physical Memory: 278.99 MB used, 278.99 MB peak
[2017.09.02-20.41.17:858][  0]LogMemory: Process Virtual Memory: 278.02 MB used, 278.02 MB peak
[2017.09.02-20.41.17:858][  0]LogMemory: Physical Memory: 3058.66 MB used,  13263.08 MB free, 16321.74 MB total
[2017.09.02-20.41.17:858][  0]LogMemory: Virtual Memory: 671.98 MB used,  13263.08 MB free, 134217728.00 MB total
[2017.09.02-20.41.18:202][  0]LogInit: Using OS detected language (en-US).
[2017.09.02-20.41.18:202][  0]LogInit: Using OS detected locale (en-US).
[2017.09.02-20.41.18:262][  0]LogTextLocalizationManager: No specific localization for 'en-US' exists, so the 'en' localization will be used.
[2017.09.02-20.41.20:919][  0]LogD3D11RHI: D3D11 adapters:
[2017.09.02-20.41.21:894][  0]LogD3D11RHI:    0. 'NVIDIA GeForce GTX 1070' (Feature Level 11_0)
[2017.09.02-20.41.21:894][  0]LogD3D11RHI:       8085/0/8160 MB DedicatedVideo/DedicatedSystem/SharedSystem, Outputs:2, VendorId:0x10de
[2017.09.02-20.41.21:895][  0]LogD3D11RHI:    1. 'Microsoft Basic Render Driver' (Feature Level 11_0)
[2017.09.02-20.41.21:895][  0]LogD3D11RHI:       0/0/8160 MB DedicatedVideo/DedicatedSystem/SharedSystem, Outputs:0, VendorId:0x1414
[2017.09.02-20.41.21:895][  0]LogD3D11RHI: Chosen D3D11 Adapter: 0
[2017.09.02-20.41.21:902][  0]LogD3D11RHI: Creating new Direct3DDevice
[2017.09.02-20.41.21:903][  0]LogD3D11RHI:     GPU DeviceId: 0x1b81 (for the marketing name, search the web for "GPU Device Id")
[2017.09.02-20.41.21:903][  0]LogWindows: EnumDisplayDevices:
[2017.09.02-20.41.21:903][  0]LogWindows:    0. 'NVIDIA GeForce GTX 1070' (P:0 D:1)
[2017.09.02-20.41.21:903][  0]LogWindows:    1. 'NVIDIA GeForce GTX 1070' (P:1 D:1)
[2017.09.02-20.41.21:903][  0]LogWindows:    2. 'NVIDIA GeForce GTX 1070' (P:0 D:0)
[2017.09.02-20.41.21:903][  0]LogWindows:    3. 'NVIDIA GeForce GTX 1070' (P:0 D:0)
[2017.09.02-20.41.21:903][  0]LogWindows: DebugString: FoundDriverCount:4 
[2017.09.02-20.41.21:903][  0]LogD3D11RHI:     Adapter Name: NVIDIA GeForce GTX 1070
[2017.09.02-20.41.21:903][  0]LogD3D11RHI:   Driver Version: 385.28 (internal:22.21.13.8528, unified:385.28)
[2017.09.02-20.41.21:903][  0]LogD3D11RHI:      Driver Date: 8-9-2017
[2017.09.02-20.41.21:903][  0]LogRHI: Texture pool is 1361 MB (70% of 1945 MB)
[2017.09.02-20.41.22:411][  0]LogD3D11RHI: Async texture creation enabled
[2017.09.02-20.41.22:469][  0]LogD3D11RHI: GPU Timing Frequency: 1000.000000 (Debug: 2 1)
[2017.09.02-20.41.22:524][  0]LogShaderCompilers: Guid format shader working directory is -34 characters bigger than the processId version (../../../../../../Users/rajjj/OneDrive/Documents/GitHub/DatBoiEntertainmetnGame_/Intermediate/Shaders/WorkingDirectory/1636/).
[2017.09.02-20.41.22:524][  0]LogShaderCompilers: Cleaned the shader compiler working directory 'C:/Users/rajjj/AppData/Local/Temp/UnrealShaderWorkingDir/FE128645454CEFEBE0DDC1B034F079CB/'.
[2017.09.02-20.41.22:524][  0]LogShaderCompilers: Display: Using Local Shader Compiler.
[2017.09.02-20.41.24:499][  0]LogTemp: Display: Loaded TP AllDesktopTargetPlatform
[2017.09.02-20.41.24:545][  0]LogTemp: Display: Loaded TP MacClientTargetPlatform
[2017.09.02-20.41.24:589][  0]LogTemp: Display: Loaded TP MacNoEditorTargetPlatform
[2017.09.02-20.41.24:629][  0]LogTemp: Display: Loaded TP MacServerTargetPlatform
[2017.09.02-20.41.24:674][  0]LogTemp: Display: Loaded TP MacTargetPlatform
[2017.09.02-20.41.24:714][  0]LogTemp: Display: Loaded TP WindowsClientTargetPlatform
[2017.09.02-20.41.24:757][  0]LogTemp: Display: Loaded TP WindowsNoEditorTargetPlatform
[2017.09.02-20.41.24:797][  0]LogTemp: Display: Loaded TP WindowsServerTargetPlatform
[2017.09.02-20.41.24:832][  0]LogTemp: Display: Loaded TP WindowsTargetPlatform
[2017.09.02-20.41.24:878][  0]LogTemp: Display: Loaded TP AndroidTargetPlatform
[2017.09.02-20.41.24:920][  0]LogTemp: Display: Loaded TP Android_ASTCTargetPlatform
[2017.09.02-20.41.24:962][  0]LogTemp: Display: Loaded TP Android_ATCTargetPlatform
[2017.09.02-20.41.25:001][  0]LogTemp: Display: Loaded TP Android_DXTTargetPlatform
[2017.09.02-20.41.25:041][  0]LogTemp: Display: Loaded TP Android_ETC1TargetPlatform
[2017.09.02-20.41.25:083][  0]LogTemp: Display: Loaded TP Android_ETC2TargetPlatform
[2017.09.02-20.41.25:168][  0]LogTemp: Display: Loaded TP Android_MultiTargetPlatform
[2017.09.02-20.41.25:168][  0]LogTemp: Display: Loaded TP Android_PVRTCTargetPlatform
[2017.09.02-20.41.25:200][  0]LogTemp: Display: Loaded TP HTML5TargetPlatform
[2017.09.02-20.41.25:285][  0]LogTemp: Display: Loaded TP IOSTargetPlatform
[2017.09.02-20.41.25:310][  0]LogTemp: Display: Loaded TP TVOSTargetPlatform
[2017.09.02-20.41.25:349][  0]LogTemp: Display: Loaded TP LinuxClientTargetPlatform
[2017.09.02-20.41.25:392][  0]LogTemp: Display: Loaded TP LinuxNoEditorTargetPlatform
[2017.09.02-20.41.25:432][  0]LogTemp: Display: Loaded TP LinuxServerTargetPlatform
[2017.09.02-20.41.25:478][  0]LogTemp: Display: Loaded TP LinuxTargetPlatform
[2017.09.02-20.41.25:478][  0]LogTargetPlatformManager: Display: Building Assets For Windows
[2017.09.02-20.41.25:972][  0]LogDerivedDataCache: Display: Max Cache Size: 512 MB
[2017.09.02-20.41.26:412][  0]LogDerivedDataCache: Loaded boot cache 0.44s 93MB C:/Users/rajjj/AppData/Local/UnrealEngine/4.17/DerivedDataCache/Boot.ddc.
[2017.09.02-20.41.26:413][  0]LogDerivedDataCache: Display: Loaded Boot cache: C:/Users/rajjj/AppData/Local/UnrealEngine/4.17/DerivedDataCache/Boot.ddc
[2017.09.02-20.41.26:413][  0]LogDerivedDataCache: FDerivedDataBackendGraph:  Pak pak cache file ../../../../../../Users/rajjj/OneDrive/Documents/GitHub/DatBoiEntertainmetnGame_/DerivedDataCache/DDC.ddp not found, will not use a pak cache.
[2017.09.02-20.41.26:413][  0]LogDerivedDataCache: Unable to find inner node Pak for hierarchical cache Hierarchy.
[2017.09.02-20.41.26:413][  0]LogDerivedDataCache: FDerivedDataBackendGraph:  CompressedPak pak cache file ../../../../../../Users/rajjj/OneDrive/Documents/GitHub/DatBoiEntertainmetnGame_/DerivedDataCache/Compressed.ddp not found, will not use a pak cache.
[2017.09.02-20.41.26:413][  0]LogDerivedDataCache: Unable to find inner node CompressedPak for hierarchical cache Hierarchy.
[2017.09.02-20.41.26:445][  0]LogDerivedDataCache: Display: Pak cache opened for reading ../../../Engine/DerivedDataCache/Compressed.ddp.
[2017.09.02-20.41.26:458][  0]LogDerivedDataCache: Using Local data cache path C:/Users/rajjj/AppData/Local/UnrealEngine/Common/DerivedDataCache: Writable
[2017.09.02-20.41.26:473][  0]LogMaterial: Verifying Global Shaders for PCD3D_SM5
[2017.09.02-20.41.26:480][  0]LogSlate: Using Freetype 2.6.0
[2017.09.02-20.41.26:500][  0]LogSlate: SlateFontCache - WITH_FREETYPE: 1, WITH_HARFBUZZ: 1
[2017.09.02-20.41.26:500][  0]LogSlate: SlateFontCache - WITH_FREETYPE: 1, WITH_HARFBUZZ: 1
[2017.09.02-20.41.27:426][  0]LogAssetRegistry: FAssetRegistry took 0.0289 seconds to start up
[2017.09.02-20.41.27:573][  0]LogInit: Selected Device Profile: [Windows]
[2017.09.02-20.41.27:984][  0]LogContentStreaming: Texture pool size is 0.00 MB
[2017.09.02-20.41.28:294][  0]LogSimplygon: Simplygon DLL not present - disabling.
[2017.09.02-20.41.28:331][  0]LogMeshReduction: Using SimplygonSwarm for distributed automatic mesh merging
[2017.09.02-20.41.28:331][  0]LogMeshReduction: Using QuadricMeshReduction for automatic static mesh reduction
[2017.09.02-20.41.28:332][  0]LogMeshReduction: No automatic skeletal mesh reduction module available
[2017.09.02-20.41.28:332][  0]LogMeshReduction: No automatic mesh merging module available
[2017.09.02-20.41.28:332][  0]LogMeshMerging: No automatic mesh merging module available
[2017.09.02-20.41.29:096][  0]LogNetVersion: InsertNameAdventure , NetCL: 3573198, EngineNetVer: 2, GameNetVer: 0 (Checksum: 3080426378)
[2017.09.02-20.41.29:522][  0]LogPackageLocalizationCache: Processed 5 localized package path(s) for 2 prioritized culture(s) in 0.048416 seconds
[2017.09.02-20.41.29:528][  0]LogUObjectArray: 35825 objects as part of root set at end of initial load.
[2017.09.02-20.41.29:528][  0]LogUObjectAllocator: 7529104 out of 0 bytes used by permanent object pool.
[2017.09.02-20.41.29:528][  0]LogUObjectArray: CloseDisregardForGC: 0/0 objects in disregard for GC pool
[2017.09.02-20.41.29:580][  0]LogInit: WinSock: version 1.1 (2.2), MaxSocks=32767, MaxUdp=65467
[2017.09.02-20.41.33:979][  0]LogTcpMessaging: Initializing TcpMessaging bridge
[2017.09.02-20.41.34:015][  0]LogUdpMessaging: Initializing bridge on interface 0.0.0.0:0 to multicast group 230.0.0.1:6666.
[2017.09.02-20.41.34:799][  0]LogMaterial: Uniform references updated for custom material expression Custom.
[2017.09.02-20.41.35:244][  0]SourceControl: Source control is disabled
[2017.09.02-20.41.36:194][  0]LogAndroidPermission: UAndroidPermissionCallbackProxy::GetInstance
[2017.09.02-20.41.36:383][  0]LogOcInput: OculusInput pre-init called
[2017.09.02-20.41.36:630][  0]LogEngine: Initializing Engine...
[2017.09.02-20.41.36:634][  0]LogHMD: Failed to initialize OpenVR with code 110
[2017.09.02-20.41.36:974][  0]LogStats: UGameplayTagsManager::ConstructGameplayTagTree: Construct from data asset -  0.000 s
[2017.09.02-20.41.36:975][  0]LogStats: UGameplayTagsManager::ConstructGameplayTagTree: GameplayTagTreeChangedEvent.Broadcast -  0.000 s
[2017.09.02-20.41.37:113][  0]LogAIModule: Creating AISystem for world Untitled
[2017.09.02-20.41.37:134][  0]LogInit: XAudio2 using 'Speakers (High Definition Audio Device)' : 2 channels at 48 kHz using 16 bits per sample (channel mask 0x3)
[2017.09.02-20.41.37:155][  0]LogInit: FAudioDevice initialized.
[2017.09.02-20.41.37:233][  0]LogDerivedDataCache: Saved boot cache 0.08s 93MB C:/Users/rajjj/AppData/Local/UnrealEngine/4.17/DerivedDataCache/Boot.ddc.
[2017.09.02-20.41.37:255][  0]LogInit: Texture streaming: Enabled
[2017.09.02-20.41.37:368][  0]LogEngineSessionManager: EngineSessionManager initialized
[2017.09.02-20.41.37:597][  0]LogInit: Transaction tracking system initialized
[2017.09.02-20.41.37:857][  0]BlueprintLog: New page: Editor Load
[2017.09.02-20.41.38:630][  0]LocalizationService: Localization service is disabled
[2017.09.02-20.41.39:225][  0]LogConsoleResponse: Display: 
[2017.09.02-20.41.39:586][  0]LogCook: Display: Max memory allowance for cook 16384mb min free memory 0mb
[2017.09.02-20.41.39:587][  0]LogCook: Display: Mobile HDR setting 1
[2017.09.02-20.41.39:588][  0]LogGameplayTags: Display: UGameplayTagsManager::DoneAddingNativeTags. DelegateIsBound: 0
[2017.09.02-20.41.40:170][  0]LogFileCache: Scanning file cache for directory 'C:/Users/rajjj/OneDrive/Documents/GitHub/DatBoiEntertainmetnGame_/Content/' took 0.02s
[2017.09.02-20.41.40:497][  0]Cmd: MAP LOAD FILE="../../../../../../Users/rajjj/OneDrive/Documents/GitHub/DatBoiEntertainmetnGame_/Content/2DSideScrollerBP/Maps/Levels/Rainforest_Alien.umap" TEMPLATE=0 SHOWPROGRESS=1 FEATURELEVEL=3
[2017.09.02-20.41.40:498][  0]LightingResults: New page: Lighting Build
[2017.09.02-20.41.40:539][  0]MapCheck: New page: Map Check
[2017.09.02-20.41.40:539][  0]LightingResults: New page: Lighting Build
[2017.09.02-20.41.41:019][  0]LogBlueprint: Warning: ExposeOnSpawn ambiguity. Property 'BoolProperty /Game/2DSideScrollerBP/Blueprints/UI/ItemDrag.ItemDrag_C:fromInv', MetaData 'True', Flag 'False'
[2017.09.02-20.41.41:019][  0]LogBlueprint: Warning: ExposeOnSpawn ambiguity. Property 'ObjectProperty /Game/2DSideScrollerBP/Blueprints/UI/ItemDrag.ItemDrag_C:dragItem', MetaData 'True', Flag 'False'
[2017.09.02-20.41.41:023][  0]LogBlueprint: Warning: ExposeOnSpawn ambiguity. Property 'BoolProperty /Game/2DSideScrollerBP/Blueprints/UI/ItemDrag.ItemDrag_C:fromInv', MetaData 'True', Flag 'False'
[2017.09.02-20.41.41:023][  0]LogBlueprint: Warning: ExposeOnSpawn ambiguity. Property 'ObjectProperty /Game/2DSideScrollerBP/Blueprints/UI/ItemDrag.ItemDrag_C:dragItem', MetaData 'True', Flag 'False'
[2017.09.02-20.41.41:049][  0]LogBlueprint: Warning: [Compiler ActionSlot] Input pin  Drag Item  specifying non-default value no longer exists on this node. Please refresh node or reset pin to default value to remove pin.
[2017.09.02-20.41.41:059][  0]LogBlueprint: Warning: [Compiler InventorySlot] Input pin  From Inv  specifying non-default value no longer exists on this node. Please refresh node or reset pin to default value to remove pin.
[2017.09.02-20.41.41:059][  0]LogBlueprint: Error: [Compiler InventorySlot] In use pin  Drag Item  no longer exists on this node. Please refresh node or break links to remove pin.
[2017.09.02-20.41.41:145][  0]LogBlueprint: Warning: [Compiler ActionSlot] [0026.42] Compile of ActionSlot successful, but with 1 Warning(s) [in 146 ms] (/Game/2DSideScrollerBP/Blueprints/UI/ActionSlot.ActionSlot)
[2017.09.02-20.41.41:145][  0]LogBlueprint: Warning: [Compiler InventorySlot] [0026.42] Compile of InventorySlot failed. 1 Fatal Issue(s) 1 Warning(s) [in 146 ms] (/Game/2DSideScrollerBP/Blueprints/UI/InventorySlot.InventorySlot)
[2017.09.02-20.41.42:403][  0]LogMaterial: Missing cached shader map for material BlueLight_M1, compiling. 
[2017.09.02-20.41.42:405][  0]LogMaterial: Warning: Failed to compile Material /Game/2DSideScrollerBP/Maps/Levels/LevelSprites/Sprites/Materials/BlueLight_M1.BlueLight_M1 for platform PCD3D_SM5, Default Material will be used in game.
[2017.09.02-20.41.42:405][  0]LogMaterial: Warning: 	Function Flicker_MF: Missing function input 'Color'
[2017.09.02-20.41.42:645][  0]LogAIModule: Creating AISystem for world Rainforest_Alien
[2017.09.02-20.41.42:712][  0]LogEditorServer: Finished looking for orphan Actors (0.000 secs)
[2017.09.02-20.41.42:736][  0]Cmd: MAP CHECKDEP NOCLEARLOG
[2017.09.02-20.41.42:790][  0]MapCheck: Map check complete: 0 Error(s), 0 Warning(s), took 53.404ms to complete.
[2017.09.02-20.41.42:790][  0]LogFileHelpers: Loading map 'Rainforest_Alien' took 2.294
[2017.09.02-20.41.43:217][  0]LogCollectionManager: Loaded 0 collections in 0.001490 seconds
[2017.09.02-20.41.43:306][  0]LogFileCache: Scanning file cache for directory 'C:/Users/rajjj/OneDrive/Documents/GitHub/DatBoiEntertainmetnGame_/Saved/Collections/' took 0.01s
[2017.09.02-20.41.43:306][  0]LogFileCache: Scanning file cache for directory 'C:/Users/rajjj/OneDrive/Documents/GitHub/DatBoiEntertainmetnGame_/Content/Developers/rajjj/Collections/' took 0.01s
[2017.09.02-20.41.43:306][  0]LogFileCache: Scanning file cache for directory 'C:/Users/rajjj/OneDrive/Documents/GitHub/DatBoiEntertainmetnGame_/Content/Collections/' took 0.01s
[2017.09.02-20.41.43:306][  0]LogCollectionManager: Rebuilt the GUID cache for 0 collections in 0.000001 seconds
[2017.09.02-20.41.43:316][  0]LogContentBrowser: Native class hierarchy populated in 0.0088 seconds. Added 2386 classes and 500 folders.
[2017.09.02-20.41.43:374][  0]LogContentBrowser: Native class hierarchy updated for 'WidgetCarousel' in 0.0005 seconds. Added 0 classes and 0 folders.
[2017.09.02-20.41.43:692][  0]LogContentBrowser: Native class hierarchy updated for 'AddContentDialog' in 0.0005 seconds. Added 0 classes and 0 folders.
[2017.09.02-20.41.43:733][  0]LogContentBrowser: Native class hierarchy updated for 'SceneOutliner' in 0.0006 seconds. Added 1 classes and 2 folders.
[2017.09.02-20.41.43:794][  0]LogSlate: Took 0.004943 seconds to synchronously load lazily loaded font '../../../Engine/Content/Slate/Fonts/Roboto-Regular.ttf' (155K)
[2017.09.02-20.41.43:801][  0]LogSlate: Took 0.003577 seconds to synchronously load lazily loaded font '../../../Engine/Content/Slate/Fonts/Roboto-Bold.ttf' (160K)
[2017.09.02-20.41.43:810][  0]LogSlate: Took 0.004124 seconds to synchronously load lazily loaded font '../../../Engine/Content/Editor/Slate/Fonts/FontAwesome.ttf' (139K)
[2017.09.02-20.41.43:819][  0]LogSlate: Took 0.005404 seconds to synchronously load lazily loaded font '../../../Engine/Content/Editor/Slate/Fonts/DroidSansMono.ttf' (77K)
[2017.09.02-20.41.43:934][  0]LogRenderer: Reallocating scene render targets to support 2556x1004 Format 10 NumSamples 1 (Frame:1).
[2017.09.02-20.41.44:212][  0]LogContentBrowser: Native class hierarchy updated for 'HierarchicalLODOutliner' in 0.0006 seconds. Added 1 classes and 2 folders.
[2017.09.02-20.41.44:212][  0]LogLoad: (Engine Initialization) Total time: 29.49 seconds
[2017.09.02-20.41.44:212][  0]LogLoad: (Engine Initialization) Total Blueprint compile time: 0.00 seconds
[2017.09.02-20.41.44:214][  0]LogExternalProfiler: No external profilers were discovered.  External profiling features will not be available.
[2017.09.02-20.41.44:623][  0]SourceControl: On branch V1.5.1
[2017.09.02-20.41.44:623][  0]SourceControl: Your branch is up-to-date with 'origin/V1.5.1'.
[2017.09.02-20.41.44:624][  0]SourceControl: Changes to be committed:
[2017.09.02-20.41.44:624][  0]SourceControl:   (use "git reset HEAD <file>..." to unstage)
[2017.09.02-20.41.44:624][  0]SourceControl: 	new file:   Content/2DSideScrollerBP/Maps/Levels/LevelSprites/Sprites/Rain_Forrest_Sprites/PNG/Rain_Forrest_Tree_Backdrop.uasset
[2017.09.02-20.41.44:625][  0]SourceControl: 	new file:   Content/2DSideScrollerBP/Maps/Levels/LevelSprites/Sprites/Rain_Forrest_Sprites/PNG/Shroom_Backdrop.uasset
[2017.09.02-20.41.44:626][  0]SourceControl: 	new file:   Content/2DSideScrollerBP/Maps/Levels/LevelSprites/Sprites/Rain_Forrest_Sprites/PNG/Shrrom_1.uasset
[2017.09.02-20.41.44:626][  0]SourceControl: 	new file:   Content/2DSideScrollerBP/Maps/Levels/LevelSprites/Sprites/Rain_Forrest_Sprites/PNG/Shrrom_2.uasset
[2017.09.02-20.41.44:627][  0]SourceControl: 	new file:   Content/2DSideScrollerBP/Maps/Levels/LevelSprites/Sprites/Rain_Forrest_Sprites/PNG/Shrrom_3.uasset
[2017.09.02-20.41.44:627][  0]SourceControl: 	new file:   Content/2DSideScrollerBP/Maps/Levels/LevelSprites/Sprites/Rain_Forrest_Sprites/PNG/Shrrom_4.uasset
[2017.09.02-20.41.44:628][  0]SourceControl: 	new file:   Content/2DSideScrollerBP/Maps/Levels/LevelSprites/Sprites/Rain_Forrest_Sprites/PNG/Shrrom_5.uasset
[2017.09.02-20.41.44:629][  0]SourceControl: 	new file:   Content/2DSideScrollerBP/Maps/Levels/LevelSprites/Sprites/Rain_Forrest_Sprites/PNG/Shrrom_6.uasset
[2017.09.02-20.41.44:629][  0]SourceControl: 	new file:   Content/2DSideScrollerBP/Maps/Levels/LevelSprites/Sprites/Rain_Forrest_Sprites/Rain_Forrest_Tree_Backdrop_Sprite.uasset
[2017.09.02-20.41.44:630][  0]SourceControl: 	new file:   Content/2DSideScrollerBP/Maps/Levels/LevelSprites/Sprites/Rain_Forrest_Sprites/Shroom_Backdrop_Sprite.uasset
[2017.09.02-20.41.44:630][  0]SourceControl: 	new file:   Content/2DSideScrollerBP/Maps/Levels/LevelSprites/Sprites/Rain_Forrest_Sprites/Shrrom_1_Sprite.uasset
[2017.09.02-20.41.44:631][  0]SourceControl: 	new file:   Content/2DSideScrollerBP/Maps/Levels/LevelSprites/Sprites/Rain_Forrest_Sprites/Shrrom_2_Sprite.uasset
[2017.09.02-20.41.44:632][  0]SourceControl: 	new file:   Content/2DSideScrollerBP/Maps/Levels/LevelSprites/Sprites/Rain_Forrest_Sprites/Shrrom_3_Sprite.uasset
[2017.09.02-20.41.44:632][  0]SourceControl: 	new file:   Content/2DSideScrollerBP/Maps/Levels/LevelSprites/Sprites/Rain_Forrest_Sprites/Shrrom_4_Sprite.uasset
[2017.09.02-20.41.44:633][  0]SourceControl: 	new file:   Content/2DSideScrollerBP/Maps/Levels/LevelSprites/Sprites/Rain_Forrest_Sprites/Shrrom_5_Sprite.uasset
[2017.09.02-20.41.44:634][  0]SourceControl: 	new file:   Content/2DSideScrollerBP/Maps/Levels/LevelSprites/Sprites/Rain_Forrest_Sprites/Shrrom_6_Sprite.uasset
[2017.09.02-20.41.44:634][  0]SourceControl: Changes not staged for commit:
[2017.09.02-20.41.44:635][  0]SourceControl:   (use "git add/rm <file>..." to update what will be committed)
[2017.09.02-20.41.44:635][  0]SourceControl:   (use "git checkout -- <file>..." to discard changes in working directory)
[2017.09.02-20.41.44:636][  0]SourceControl: 	modified:   Content/2DSideScrollerBP/Blueprints/UI/ActionSlot.uasset
[2017.09.02-20.41.44:636][  0]SourceControl: 	modified:   Content/2DSideScrollerBP/Blueprints/UI/InventorySlot.uasset
[2017.09.02-20.41.44:637][  0]SourceControl: 	modified:   Content/2DSideScrollerBP/Item/GrappleHook_BP.uasset
[2017.09.02-20.41.44:637][  0]SourceControl: 	modified:   Content/2DSideScrollerBP/Maps/Levels/LevelSprites/Sprites/Materials/Comp_M_Inst_Inst_Inst.uasset
[2017.09.02-20.41.44:638][  0]SourceControl: 	modified:   Content/2DSideScrollerBP/Maps/Levels/LevelSprites/Sprites/Rain_Forrest_Sprites/Shrrom_1_Sprite.uasset
[2017.09.02-20.41.44:639][  0]SourceControl: 	modified:   Content/2DSideScrollerBP/Maps/Levels/LevelSprites/Sprites/Rain_Forrest_Sprites/Shrrom_2_Sprite.uasset
[2017.09.02-20.41.44:639][  0]SourceControl: 	modified:   Content/2DSideScrollerBP/Maps/Levels/LevelSprites/Sprites/Rain_Forrest_Sprites/Shrrom_5_Sprite.uasset
[2017.09.02-20.41.44:640][  0]SourceControl: 	modified:   Content/2DSideScrollerBP/Maps/Levels/Rainforest_Alien.umap
[2017.09.02-20.41.44:640][  0]SourceControl: 	modified:   Content/2DSideScrollerBP/Maps/Levels/Rainforest_Alien_BuiltData.uasset
[2017.09.02-20.41.44:640][  0]SourceControl: 	modified:   Intermediate/AssetRegistryCache/c90e3f55.bin
[2017.09.02-20.41.44:641][  0]SourceControl: 	modified:   Intermediate/CachedAssetRegistry.bin
[2017.09.02-20.41.44:641][  0]SourceControl: 	modified:   Saved/AutoScreenshot.png
[2017.09.02-20.41.44:642][  0]SourceControl: 	modified:   Saved/Autosaves/Game/2DSideScrollerBP/Blueprints/UI/ActionSlot_Auto1.uasset
[2017.09.02-20.41.44:642][  0]SourceControl: 	modified:   Saved/Autosaves/Game/2DSideScrollerBP/Blueprints/UI/InventorySlot_Auto1.uasset
[2017.09.02-20.41.44:642][  0]SourceControl: 	modified:   Saved/Autosaves/Game/2DSideScrollerBP/Maps/Levels/Rainforest_Alien_Auto1.umap
[2017.09.02-20.41.44:643][  0]SourceControl: 	deleted:    Saved/Backup/Rainforest_Alien_2017-07-26-12-43-05.umap
[2017.09.02-20.41.44:643][  0]SourceControl: 	deleted:    Saved/Backup/Rainforest_Alien_2017-07-28-22-39-15.umap
[2017.09.02-20.41.44:644][  0]SourceControl: 	deleted:    Saved/Backup/Rainforest_Alien_2017-07-31-15-45-08.umap
[2017.09.02-20.41.44:644][  0]SourceControl: 	deleted:    Saved/Backup/Rainforest_Alien_2017-07-31-16-19-46.umap
[2017.09.02-20.41.44:644][  0]SourceControl: 	deleted:    Saved/Backup/Rainforest_Alien_2017-07-31-16-34-45.umap
[2017.09.02-20.41.44:645][  0]SourceControl: 	deleted:    Saved/Backup/Rainforest_Alien_2017-07-31-16-58-27.umap
[2017.09.02-20.41.44:645][  0]SourceControl: 	deleted:    Saved/Backup/Rainforest_Alien_2017-07-31-17-16-05.umap
[2017.09.02-20.41.44:646][  0]SourceControl: 	deleted:    Saved/Backup/Rainforest_Alien_2017-07-31-18-33-59.umap
[2017.09.02-20.41.44:646][  0]SourceControl: 	deleted:    Saved/Backup/Rainforest_Alien_2017-07-31-19-02-38.umap
[2017.09.02-20.41.44:646][  0]SourceControl: 	deleted:    Saved/Backup/Rainforest_Alien_2017-08-03-12-57-53.umap
[2017.09.02-20.41.44:647][  0]SourceControl: 	deleted:    Saved/Backup/Rainforest_Alien_2017-08-04-16-21-08.umap
[2017.09.02-20.41.44:647][  0]SourceControl: 	deleted:    Saved/Backup/Rainforest_Alien_2017-08-07-16-25-50.umap
[2017.09.02-20.41.44:647][  0]SourceControl: 	deleted:    Saved/Backup/Rainforest_Alien_2017-08-07-21-48-54.umap
[2017.09.02-20.41.44:648][  0]SourceControl: 	deleted:    Saved/Backup/Rainforest_Alien_2017-08-07-22-02-01.umap
[2017.09.02-20.41.44:648][  0]SourceControl: 	deleted:    Saved/Backup/Rainforest_Alien_2017-08-07-22-07-26.umap
[2017.09.02-20.41.44:649][  0]SourceControl: 	deleted:    Saved/Backup/Rainforest_Alien_2017-08-07-22-19-35.umap
[2017.09.02-20.41.44:649][  0]SourceControl: 	deleted:    Saved/Backup/Rainforest_Alien_BuiltData_2017-08-04-18-21-22.uasset
[2017.09.02-20.41.44:649][  0]SourceControl: 	deleted:    Saved/Backup/Rainforest_Alien_BuiltData_2017-08-04-19-23-23.uasset
[2017.09.02-20.41.44:650][  0]SourceControl: 	deleted:    Saved/Backup/Rainforest_Alien_BuiltData_2017-08-05-11-04-42.uasset
[2017.09.02-20.41.44:650][  0]SourceControl: 	deleted:    Saved/Backup/Rainforest_Alien_BuiltData_2017-08-08-19-55-22.uasset
[2017.09.02-20.41.44:650][  0]SourceControl: 	deleted:    Saved/Backup/Ramp_sprite_sheet_2_hil_TileSet_2017-08-07-21-53-51.uasset
[2017.09.02-20.41.44:651][  0]SourceControl: 	deleted:    Saved/Config/CrashReportClient/UE4CC-Windows-1D7ABDF54D944C545E3B4DA65FB5EE7E/CrashReportClient.ini
[2017.09.02-20.41.44:651][  0]SourceControl: 	deleted:    Saved/Config/CrashReportClient/UE4CC-Windows-4E997E5F4C30507F1F23D28283460BF6/CrashReportClient.ini
[2017.09.02-20.41.44:651][  0]SourceControl: 	deleted:    Saved/Config/CrashReportClient/UE4CC-Windows-5A968CE64D7451619FAF33B709C50A00/CrashReportClient.ini
[2017.09.02-20.41.44:652][  0]SourceControl: 	deleted:    Saved/Config/CrashReportClient/UE4CC-Windows-5F89DB9C46C7922BC5139BB52CD0255D/CrashReportClient.ini
[2017.09.02-20.41.44:652][  0]SourceControl: 	deleted:    Saved/Config/CrashReportClient/UE4CC-Windows-AF0DCDA6479000832D72AEBEE2E5FB69/CrashReportClient.ini
[2017.09.02-20.41.44:652][  0]SourceControl: 	deleted:    Saved/Config/CrashReportClient/UE4CC-Windows-D058F36948810902655995A8C296FC8B/CrashReportClient.ini
[2017.09.02-20.41.44:652][  0]SourceControl: 	modified:   Saved/Config/Windows/Editor.ini
[2017.09.02-20.41.44:653][  0]SourceControl: 	modified:   Saved/Config/Windows/EditorPerProjectUserSettings.ini
[2017.09.02-20.41.44:653][  0]SourceControl: 	modified:   Saved/Config/Windows/Engine.ini
[2017.09.02-20.41.44:653][  0]SourceControl: 	deleted:    Saved/Logs/InsertNameAdventure-backup-2017.08.28-15.05.30.log
[2017.09.02-20.41.44:653][  0]SourceControl: 	deleted:    Saved/Logs/InsertNameAdventure-backup-2017.08.28-19.29.59.log
[2017.09.02-20.41.44:653][  0]SourceControl: 	deleted:    Saved/Logs/InsertNameAdventure-backup-2017.08.29-09.37.38.log
[2017.09.02-20.41.44:654][  0]SourceControl: 	deleted:    Saved/Logs/InsertNameAdventure-backup-2017.08.29-18.08.28.log
[2017.09.02-20.41.44:654][  0]SourceControl: 	deleted:    Saved/Logs/InsertNameAdventure-backup-2017.08.29-21.21.56.log
[2017.09.02-20.41.44:654][  0]SourceControl: 	deleted:    Saved/Logs/InsertNameAdventure-backup-2017.08.30-15.51.36.log
[2017.09.02-20.41.44:654][  0]SourceControl: 	deleted:    Saved/Logs/InsertNameAdventure-backup-2017.08.30-22.44.59.log
[2017.09.02-20.41.44:654][  0]SourceControl: 	modified:   Saved/Logs/InsertNameAdventure.log
[2017.09.02-20.41.44:655][  0]SourceControl: Untracked files:
[2017.09.02-20.41.44:655][  0]SourceControl:   (use "git add <file>..." to include in what will be committed)
[2017.09.02-20.41.44:655][  0]SourceControl: 	Saved/Autosaves/Game/2DSideScrollerBP/Maps/Levels/LevelSprites/Sprites/Materials/Comp_M_Inst_Inst_Inst_Auto1.uasset
[2017.09.02-20.41.44:655][  0]SourceControl: 	Saved/Autosaves/Game/2DSideScrollerBP/Maps/Levels/LevelSprites/Sprites/Rain_Forrest_Sprites/Shrrom_5_Sprite_Auto1.uasset
[2017.09.02-20.41.44:656][  0]SourceControl: 	Saved/Backup/ActionSlot_2017-08-31-10-35-13.uasset
[2017.09.02-20.41.44:656][  0]SourceControl: 	Saved/Backup/ActionSlot_2017-08-31-11-30-17.uasset
[2017.09.02-20.41.44:656][  0]SourceControl: 	Saved/Backup/Comp_M_Inst_Inst_Inst_2017-08-31-10-35-14.uasset
[2017.09.02-20.41.44:656][  0]SourceControl: 	Saved/Backup/Comp_M_Inst_Inst_Inst_2017-08-31-11-30-18.uasset
[2017.09.02-20.41.44:657][  0]SourceControl: 	Saved/Backup/GrappleHook_BP_2017-08-31-10-32-28.uasset
[2017.09.02-20.41.44:657][  0]SourceControl: 	Saved/Backup/InventorySlot_2017-08-31-10-35-14.uasset
[2017.09.02-20.41.44:657][  0]SourceControl: 	Saved/Backup/InventorySlot_2017-08-31-11-30-17.uasset
[2017.09.02-20.41.44:657][  0]SourceControl: 	Saved/Backup/Rainforest_Alien_2017-08-31-10-35-13.umap
[2017.09.02-20.41.44:657][  0]SourceControl: 	Saved/Backup/Rainforest_Alien_2017-08-31-11-28-30.umap
[2017.09.02-20.41.44:658][  0]SourceControl: 	Saved/Backup/Rainforest_Alien_2017-08-31-12-17-44.umap
[2017.09.02-20.41.44:658][  0]SourceControl: 	Saved/Backup/Rainforest_Alien_2017-08-31-15-04-44.umap
[2017.09.02-20.41.44:658][  0]SourceControl: 	Saved/Backup/Rainforest_Alien_2017-08-31-15-17-31.umap
[2017.09.02-20.41.44:658][  0]SourceControl: 	Saved/Backup/Rainforest_Alien_2017-09-01-17-56-34.umap
[2017.09.02-20.41.44:658][  0]SourceControl: 	Saved/Backup/Rainforest_Alien_2017-09-01-20-43-41.umap
[2017.09.02-20.41.44:658][  0]SourceControl: 	Saved/Backup/Rainforest_Alien_2017-09-02-09-59-24.umap
[2017.09.02-20.41.44:659][  0]SourceControl: 	Saved/Backup/Rainforest_Alien_2017-09-02-10-07-04.umap
[2017.09.02-20.41.44:659][  0]SourceControl: 	Saved/Backup/Rainforest_Alien_BuiltData_2017-08-31-11-28-31.uasset
[2017.09.02-20.41.44:659][  0]SourceControl: 	Saved/Backup/Rainforest_Alien_BuiltData_2017-08-31-12-17-45.uasset
[2017.09.02-20.41.44:659][  0]SourceControl: 	Saved/Backup/Rainforest_Alien_BuiltData_2017-08-31-15-17-32.uasset
[2017.09.02-20.41.44:659][  0]SourceControl: 	Saved/Backup/Rainforest_Alien_BuiltData_2017-09-01-17-56-35.uasset
[2017.09.02-20.41.44:660][  0]SourceControl: 	Saved/Backup/Rainforest_Alien_BuiltData_2017-09-01-20-43-42.uasset
[2017.09.02-20.41.44:660][  0]SourceControl: 	Saved/Backup/Rainforest_Alien_BuiltData_2017-09-02-10-10-32.uasset
[2017.09.02-20.41.44:660][  0]SourceControl: 	Saved/Backup/Shrrom_1_Sprite_2017-09-02-09-38-52.uasset
[2017.09.02-20.41.44:660][  0]SourceControl: 	Saved/Backup/Shrrom_2_Sprite_2017-09-02-10-07-05.uasset
[2017.09.02-20.41.44:660][  0]SourceControl: 	Saved/Backup/Shrrom_5_Sprite_2017-09-02-09-59-25.uasset
[2017.09.02-20.41.44:661][  0]SourceControl: 	Saved/Backup/Shrrom_5_Sprite_2017-09-02-10-07-05.uasset
[2017.09.02-20.41.44:661][  0]SourceControl: 	Saved/Config/CrashReportClient/UE4CC-Windows-4044D15C4DB4C4A860888D96A25CBB60/
[2017.09.02-20.41.44:661][  0]SourceControl: 	Saved/Config/CrashReportClient/UE4CC-Windows-44EB792446F96296B27160A1989FE4F9/
[2017.09.02-20.41.44:661][  0]SourceControl: 	Saved/Config/CrashReportClient/UE4CC-Windows-67985AEC4BEBF1439EE34FAEC3293C90/
[2017.09.02-20.41.44:662][  0]SourceControl: 	Saved/Config/CrashReportClient/UE4CC-Windows-6DF8D43F416035453075E4A3CF1773C0/
[2017.09.02-20.41.44:662][  0]SourceControl: 	Saved/Config/CrashReportClient/UE4CC-Windows-9F23E0D243D35BCA5DCB44847E92F85C/
[2017.09.02-20.41.44:662][  0]SourceControl: 	Saved/Config/CrashReportClient/UE4CC-Windows-ABAA38594E578901FDDCB19D4A175DB4/
[2017.09.02-20.41.44:662][  0]SourceControl: 	Saved/Config/CrashReportClient/UE4CC-Windows-EE1C277746EC864057EC9F9D29D04CD6/
[2017.09.02-20.41.44:662][  0]SourceControl: 	Saved/Logs/InsertNameAdventure-backup-2017.08.31-10.18.03.log
[2017.09.02-20.41.44:663][  0]SourceControl: 	Saved/Logs/InsertNameAdventure-backup-2017.08.31-12.14.28.log
[2017.09.02-20.41.44:663][  0]SourceControl: 	Saved/Logs/InsertNameAdventure-backup-2017.08.31-14.50.29.log
[2017.09.02-20.41.44:663][  0]SourceControl: 	Saved/Logs/InsertNameAdventure-backup-2017.09.01-17.53.27.log
[2017.09.02-20.41.44:663][  0]SourceControl: 	Saved/Logs/InsertNameAdventure-backup-2017.09.01-20.42.03.log
[2017.09.02-20.41.44:663][  0]SourceControl: 	Saved/Logs/InsertNameAdventure-backup-2017.09.02-09.35.19.log
[2017.09.02-20.41.44:664][  0]SourceControl: 	Saved/Logs/InsertNameAdventure-backup-2017.09.02-14.41.17.log
[2017.09.02-20.41.44:665][  0]LogContentStreaming: Texture pool size now 1000 MB
[2017.09.02-20.41.44:915][  1]LogParticles: Warning: Spawning 26666 GPU particles in one frame[2]: RainFall4_PS/Particle Emitter
[2017.09.02-20.41.44:957][  1]LogSlate: Took 0.004797 seconds to synchronously load lazily loaded font '../../../Engine/Content/Slate/Fonts/Roboto-Light.ttf' (159K)
[2017.09.02-20.41.45:239][  2]LogAssetRegistry: Asset discovery search completed in 17.8360 seconds
[2017.09.02-20.41.45:242][  2]LogCollectionManager: Rebuilt the object cache for 0 collections in 0.000000 seconds (found 0 objects)
[2017.09.02-20.41.45:242][  2]LogCollectionManager: Fixed up redirectors for 0 collections in 0.000162 seconds (updated 0 objects)
[2017.09.02-20.41.45:250][  2]LogParticles: Warning: Spawning 26667 GPU particles in one frame[3]: RainFall4_PS/Particle Emitter
[2017.09.02-20.41.45:589][  3]LogParticles: Warning: Spawning 26667 GPU particles in one frame[4]: RainFall4_PS/Particle Emitter
[2017.09.02-20.41.45:930][  4]LogParticles: Warning: Spawning 26666 GPU particles in one frame[5]: RainFall4_PS/Particle Emitter
[2017.09.02-20.41.46:268][  5]LogParticles: Warning: Spawning 26667 GPU particles in one frame[6]: RainFall4_PS/Particle Emitter
[2017.09.02-20.41.46:602][  6]LogParticles: Warning: Spawning 26667 GPU particles in one frame[7]: RainFall4_PS/Particle Emitter
[2017.09.02-20.41.46:933][  7]LogParticles: Warning: Spawning 26667 GPU particles in one frame[8]: RainFall4_PS/Particle Emitter
[2017.09.02-20.41.47:264][  8]LogParticles: Warning: Spawning 26666 GPU particles in one frame[9]: RainFall4_PS/Particle Emitter
[2017.09.02-20.41.47:604][  9]LogParticles: Warning: Spawning 26667 GPU particles in one frame[10]: RainFall4_PS/Particle Emitter
[2017.09.02-20.41.47:945][ 10]LogParticles: Warning: Spawning 26667 GPU particles in one frame[11]: RainFall4_PS/Particle Emitter
[2017.09.02-20.41.49:893][215]LogFileCache: Retrieving MD5 hashes for directory 'C:/Users/rajjj/OneDrive/Documents/GitHub/DatBoiEntertainmetnGame_/Content/' took 5.31s
[2017.09.02-20.41.49:935][220]LogTemp: Repeating last play command: Selected Viewport
[2017.09.02-20.41.50:016][220]LogBlueprintUserMessages: Early PlayInEditor Detection: Level '/Game/2DSideScrollerBP/Maps/Levels/Rainforest_Alien.Rainforest_Alien:PersistentLevel' has LevelScriptBlueprint '/Game/2DSideScrollerBP/Maps/Levels/Rainforest_Alien.Rainforest_Alien:PersistentLevel.Rainforest_Alien' with GeneratedClass '/Game/2DSideScrollerBP/Maps/Levels/Rainforest_Alien.Rainforest_Alien_C' with ClassGeneratedBy '/Game/2DSideScrollerBP/Maps/Levels/Rainforest_Alien.Rainforest_Alien:PersistentLevel.Rainforest_Alien'
[2017.09.02-20.41.50:017][220]LogPlayLevel: PlayLevel: No blueprints needed recompiling
[2017.09.02-20.41.51:939][220]PIE: New page: PIE session: Rainforest_Alien (Sep 2, 2017, 8:41:51 AM)
[2017.09.02-20.41.51:940][220]LogPlayLevel: Creating play world package: /Game/2DSideScrollerBP/Maps/Levels/UEDPIE_0_Rainforest_Alien
[2017.09.02-20.41.51:970][220]LogPlayLevel: PIE: StaticDuplicateObject took: (0.030365s)
[2017.09.02-20.41.51:971][220]LogAIModule: Creating AISystem for world Rainforest_Alien
[2017.09.02-20.41.51:971][220]LogPlayLevel: PIE: World Init took: (0.000959s)
[2017.09.02-20.41.51:973][220]LogPlayLevel: PIE: Created PIE world by copying editor world from /Game/2DSideScrollerBP/Maps/Levels/Rainforest_Alien.Rainforest_Alien to /Game/2DSideScrollerBP/Maps/Levels/UEDPIE_0_Rainforest_Alien.Rainforest_Alien (0.032821s)
[2017.09.02-20.41.51:986][220]LogInit: XAudio2 using 'Speakers (High Definition Audio Device)' : 2 channels at 48 kHz using 16 bits per sample (channel mask 0x3)
[2017.09.02-20.41.51:992][220]LogInit: FAudioDevice initialized.
[2017.09.02-20.41.52:036][220]LogLoad: Game class is '2DSideScrollerGameMode_C'
[2017.09.02-20.41.52:099][220]LogWorld: Bringing World /Game/2DSideScrollerBP/Maps/Levels/UEDPIE_0_Rainforest_Alien.Rainforest_Alien up for play (max tick rate 0) at 2017.09.02-14.41.52
[2017.09.02-20.41.52:129][220]LogWorld: Bringing up level for play took: 0.076122
[2017.09.02-20.41.52:200][220]LogContentBrowser: Native class hierarchy updated for 'MovieSceneCapture' in 0.0013 seconds. Added 11 classes and 0 folders.
[2017.09.02-20.41.52:242][220]PIE: Play in editor start time for /Game/2DSideScrollerBP/Maps/Levels/UEDPIE_0_Rainforest_Alien 1.546
[2017.09.02-20.41.52:243][220]LogBlueprintUserMessages: Late PlayInEditor Detection: Level '/Game/2DSideScrollerBP/Maps/Levels/Rainforest_Alien.Rainforest_Alien:PersistentLevel' has LevelScriptBlueprint '/Game/2DSideScrollerBP/Maps/Levels/Rainforest_Alien.Rainforest_Alien:PersistentLevel.Rainforest_Alien' with GeneratedClass '/Game/2DSideScrollerBP/Maps/Levels/Rainforest_Alien.Rainforest_Alien_C' with ClassGeneratedBy '/Game/2DSideScrollerBP/Maps/Levels/Rainforest_Alien.Rainforest_Alien:PersistentLevel.Rainforest_Alien'
[2017.09.02-20.41.52:333][221]LogCharacterMovement: Warning: GetSimulationTimeStep() - Max iterations 8 hit while remaining time 0.085459 > MaxSimulationTimeStep (0.050) for '2DSideScrollerCharacter_C_0', movement 'Walking'
[2017.09.02-20.41.52:343][221]LogParticles: Warning: Spawning 32000 GPU particles in one frame[222]: RainFall4_PS/Particle Emitter
[2017.09.02-20.42.59:615][ 75]LogBlueprintUserMessages: Early EndPlayMap Detection: Level '/Game/2DSideScrollerBP/Maps/Levels/Rainforest_Alien.Rainforest_Alien:PersistentLevel' has LevelScriptBlueprint '/Game/2DSideScrollerBP/Maps/Levels/Rainforest_Alien.Rainforest_Alien:PersistentLevel.Rainforest_Alien' with GeneratedClass '/Game/2DSideScrollerBP/Maps/Levels/Rainforest_Alien.Rainforest_Alien_C' with ClassGeneratedBy '/Game/2DSideScrollerBP/Maps/Levels/Rainforest_Alien.Rainforest_Alien:PersistentLevel.Rainforest_Alien'
[2017.09.02-20.42.59:658][ 75]LogBlueprintUserMessages: Late EndPlayMap Detection: Level '/Game/2DSideScrollerBP/Maps/Levels/Rainforest_Alien.Rainforest_Alien:PersistentLevel' has LevelScriptBlueprint '/Game/2DSideScrollerBP/Maps/Levels/Rainforest_Alien.Rainforest_Alien:PersistentLevel.Rainforest_Alien' with GeneratedClass '/Game/2DSideScrollerBP/Maps/Levels/Rainforest_Alien.Rainforest_Alien_C' with ClassGeneratedBy '/Game/2DSideScrollerBP/Maps/Levels/Rainforest_Alien.Rainforest_Alien:PersistentLevel.Rainforest_Alien'
[2017.09.02-20.43.00:661][177]LogSlate: Took 0.000107 seconds to synchronously load lazily loaded font '../../../Engine/Content/Slate/Fonts/Roboto-Light.ttf' (159K)
[2017.09.02-20.43.01:591][177]LogSavePackage: Save=845.10ms
[2017.09.02-20.43.01:591][177]LogSavePackage: Moving '../../../../../../Users/rajjj/OneDrive/Documents/GitHub/DatBoiEntertainmetnGame_/Saved/Rainforest_AlienF4534EAE466CEDB3239AC0B0BF76C54C.tmp' to '../../../../../../Users/rajjj/OneDrive/Documents/GitHub/DatBoiEntertainmetnGame_/Content/2DSideScrollerBP/Maps/Levels/Rainforest_Alien.umap'
[2017.09.02-20.43.01:593][177]LogSavePackage: Display: Finished SavePackage ../../../../../../Users/rajjj/OneDrive/Documents/GitHub/DatBoiEntertainmetnGame_/Content/2DSideScrollerBP/Maps/Levels/Rainforest_Alien.umap
[2017.09.02-20.43.01:754][177]LogSavePackage: Save=11.11ms
[2017.09.02-20.43.01:754][177]LogSavePackage: Moving '../../../../../../Users/rajjj/OneDrive/Documents/GitHub/DatBoiEntertainmetnGame_/Saved/Rainforest_Alien_BuiltDataBE33B5BE46D0B12AB29F54B8A15576F9.tmp' to '../../../../../../Users/rajjj/OneDrive/Documents/GitHub/DatBoiEntertainmetnGame_/Content/2DSideScrollerBP/Maps/Levels/Rainforest_Alien_BuiltData.uasset'
[2017.09.02-20.43.01:755][177]LogSavePackage: Display: Finished SavePackage ../../../../../../Users/rajjj/OneDrive/Documents/GitHub/DatBoiEntertainmetnGame_/Content/2DSideScrollerBP/Maps/Levels/Rainforest_Alien_BuiltData.uasset
[2017.09.02-20.43.01:777][178]LogParticles: Warning: Spawning 32000 GPU particles in one frame[7179]: RainFall4_PS/Particle Emitter
[2017.09.02-20.43.05:331][587]LogWindowsTextInputMethodSystem: Display: IME system now deactivated.
[2017.09.02-20.43.05:466][588]Cmd: QUIT_EDITOR
[2017.09.02-20.43.05:983][588]LogExit: Preparing to exit.
[2017.09.02-20.43.07:101][588]LogDirectoryWatcher: A directory notification for 'C:/Users/rajjj/OneDrive/Documents/GitHub/DatBoiEntertainmetnGame_/Content/' was aborted.
[2017.09.02-20.43.07:131][588]LogExit: Editor shut down
[2017.09.02-20.43.07:134][588]LogExit: Transaction tracking system shut down
[2017.09.02-20.43.07:399][588]LogDirectoryWatcher: A directory notification for '../../../Engine/Content/' was aborted.
[2017.09.02-20.43.07:399][588]LogDirectoryWatcher: A directory notification for '../../../../../../Users/rajjj/OneDrive/Documents/GitHub/DatBoiEntertainmetnGame_/Content/' was aborted.
[2017.09.02-20.43.07:399][588]LogDirectoryWatcher: A directory notification for '../../../Engine/Plugins/2D/Paper2D/Content/' was aborted.
[2017.09.02-20.43.07:399][588]LogDirectoryWatcher: A directory notification for '../../../Engine/Plugins/Runtime/Oculus/OculusVR/Content/' was aborted.
[2017.09.02-20.43.07:399][588]LogDirectoryWatcher: A directory notification for '../../../Engine/Plugins/Runtime/Steam/SteamVR/Content/' was aborted.
[2017.09.02-20.43.07:536][588]LogExit: Object subsystem successfully closed.
[2017.09.02-20.43.07:568][588]LogD3D11RHI: Shutdown
[2017.09.02-20.43.07:568][588]LogD3D11RHI: CleanupD3DDevice
[2017.09.02-20.43.07:682][588]LogD3D11RHI: ~FD3D11DynamicRHI
[2017.09.02-20.43.07:719][588]LogModuleManager: Shutting down and abandoning module MovieSceneCapture (532)
[2017.09.02-20.43.07:719][588]LogModuleManager: Shutting down and abandoning module HierarchicalLODOutliner (530)
[2017.09.02-20.43.07:719][588]LogModuleManager: Shutting down and abandoning module SceneOutliner (528)
[2017.09.02-20.43.07:719][588]LogModuleManager: Shutting down and abandoning module AddContentDialog (526)
[2017.09.02-20.43.07:719][588]LogDirectoryWatcher: A directory notification for 'C:/Program Files/Epic Games/UE_4.17/FeaturePacks/' was aborted.
[2017.09.02-20.43.07:721][588]LogModuleManager: Shutting down and abandoning module WidgetCarousel (525)
[2017.09.02-20.43.07:721][588]LogModuleManager: Shutting down and abandoning module EditorWidgets (522)
[2017.09.02-20.43.07:721][588]LogModuleManager: Shutting down and abandoning module CollectionManager (520)
[2017.09.02-20.43.07:722][588]LogDirectoryWatcher: A directory notification for 'C:/Users/rajjj/OneDrive/Documents/GitHub/DatBoiEntertainmetnGame_/Content/Collections/' was aborted.
[2017.09.02-20.43.07:722][588]LogDirectoryWatcher: A directory notification for 'C:/Users/rajjj/OneDrive/Documents/GitHub/DatBoiEntertainmetnGame_/Content/Developers/rajjj/Collections/' was aborted.
[2017.09.02-20.43.07:722][588]LogDirectoryWatcher: A directory notification for 'C:/Users/rajjj/OneDrive/Documents/GitHub/DatBoiEntertainmetnGame_/Saved/Collections/' was aborted.
[2017.09.02-20.43.07:722][588]LogModuleManager: Shutting down and abandoning module StatsViewer (518)
[2017.09.02-20.43.07:723][588]LogModuleManager: Shutting down and abandoning module FoliageEdit (516)
[2017.09.02-20.43.07:723][588]LogModuleManager: Shutting down and abandoning module LandscapeEditor (514)
[2017.09.02-20.43.07:724][588]LogModuleManager: Shutting down and abandoning module MeshPaintMode (512)
[2017.09.02-20.43.07:724][588]LogModuleManager: Shutting down and abandoning module SceneDepthPickerMode (510)
[2017.09.02-20.43.07:724][588]LogModuleManager: Shutting down and abandoning module ActorPickerMode (508)
[2017.09.02-20.43.07:724][588]LogModuleManager: Shutting down and abandoning module GeometryMode (506)
[2017.09.02-20.43.07:724][588]LogModuleManager: Shutting down and abandoning module TextureAlignMode (504)
[2017.09.02-20.43.07:724][588]LogModuleManager: Shutting down and abandoning module BspMode (502)
[2017.09.02-20.43.07:724][588]LogModuleManager: Shutting down and abandoning module PIEPreviewDeviceProfileSelector (500)
[2017.09.02-20.43.07:725][588]LogModuleManager: Shutting down and abandoning module HardwareSurvey (498)
[2017.09.02-20.43.07:725][588]LogModuleManager: Shutting down and abandoning module SequenceRecorderSections (496)
[2017.09.02-20.43.07:725][588]LogModuleManager: Shutting down and abandoning module AutomationWorker (494)
[2017.09.02-20.43.07:725][588]LogModuleManager: Shutting down and abandoning module MatineeToLevelSequence (492)
[2017.09.02-20.43.07:726][588]LogModuleManager: Shutting down and abandoning module LevelSequenceEditor (490)
[2017.09.02-20.43.07:728][588]LogModuleManager: Shutting down and abandoning module PlacementMode (489)
[2017.09.02-20.43.07:728][588]LogModuleManager: Shutting down and abandoning module WmfMediaFactory (486)
[2017.09.02-20.43.07:728][588]LogModuleManager: Shutting down and abandoning module WmfMediaEditor (484)
[2017.09.02-20.43.07:728][588]LogModuleManager: Shutting down and abandoning module AvfMediaFactory (482)
[2017.09.02-20.43.07:728][588]LogModuleManager: Shutting down and abandoning module AvfMediaEditor (480)
[2017.09.02-20.43.07:728][588]LogModuleManager: Shutting down and abandoning module AndroidMediaFactory (478)
[2017.09.02-20.43.07:728][588]LogModuleManager: Shutting down and abandoning module Media (477)
[2017.09.02-20.43.07:728][588]LogModuleManager: Shutting down and abandoning module AndroidMediaEditor (474)
[2017.09.02-20.43.07:728][588]LogModuleManager: Shutting down and abandoning module CharacterAI (472)
[2017.09.02-20.43.07:728][588]LogModuleManager: Shutting down and abandoning module AudioCapture (470)
[2017.09.02-20.43.07:728][588]LogModuleManager: Shutting down and abandoning module SequenceRecorder (469)
[2017.09.02-20.43.07:728][588]LogModuleManager: Shutting down and abandoning module SmartSnapping (466)
[2017.09.02-20.43.07:728][588]LogModuleManager: Shutting down and abandoning module SessionServices (464)
[2017.09.02-20.43.07:728][588]LogModuleManager: Shutting down and abandoning module ViewportSnapping (462)
[2017.09.02-20.43.07:728][588]LogModuleManager: Shutting down and abandoning module ViewportInteraction (460)
[2017.09.02-20.43.07:728][588]LogModuleManager: Shutting down and abandoning module ClothPainter (458)
[2017.09.02-20.43.07:730][588]LogModuleManager: Shutting down and abandoning module LogVisualizer (456)
[2017.09.02-20.43.07:731][588]LogModuleManager: Shutting down and abandoning module IntroTutorials (454)
[2017.09.02-20.43.07:732][588]LogModuleManager: Shutting down and abandoning module GameProjectGeneration (453)
[2017.09.02-20.43.07:733][588]LogModuleManager: Shutting down and abandoning module IOSPlatformEditor (450)
[2017.09.02-20.43.07:733][588]LogModuleManager: Shutting down and abandoning module HTML5PlatformEditor (448)
[2017.09.02-20.43.07:733][588]LogModuleManager: Shutting down and abandoning module AndroidPlatformEditor (446)
[2017.09.02-20.43.07:733][588]LogModuleManager: Shutting down and abandoning module AndroidDeviceDetection (445)
[2017.09.02-20.43.07:958][588]LogModuleManager: Shutting down and abandoning module WindowsPlatformEditor (442)
[2017.09.02-20.43.07:958][588]LogModuleManager: Shutting down and abandoning module IOSRuntimeSettings (440)
[2017.09.02-20.43.07:958][588]LogModuleManager: Shutting down and abandoning module AndroidRuntimeSettings (438)
[2017.09.02-20.43.07:958][588]LogModuleManager: Shutting down and abandoning module InputBindingEditor (436)
[2017.09.02-20.43.07:959][588]LogModuleManager: Shutting down and abandoning module MergeActors (434)
[2017.09.02-20.43.07:960][588]LogModuleManager: Shutting down and abandoning module SizeMap (432)
[2017.09.02-20.43.07:960][588]LogModuleManager: Shutting down and abandoning module TreeMap (430)
[2017.09.02-20.43.07:961][588]LogModuleManager: Shutting down and abandoning module ReferenceViewer (428)
[2017.09.02-20.43.07:961][588]LogModuleManager: Shutting down and abandoning module LocalizationDashboard (426)
[2017.09.02-20.43.07:962][588]LogModuleManager: Shutting down and abandoning module LocalizationService (425)
[2017.09.02-20.43.07:963][588]LogModuleManager: Shutting down and abandoning module HardwareTargeting (422)
[2017.09.02-20.43.07:963][588]LogModuleManager: Shutting down and abandoning module DeviceProfileEditor (420)
[2017.09.02-20.43.07:963][588]LogModuleManager: Shutting down and abandoning module UndoHistory (418)
[2017.09.02-20.43.07:963][588]LogModuleManager: Shutting down and abandoning module XmlParser (416)
[2017.09.02-20.43.07:964][588]LogModuleManager: Shutting down and abandoning module Blutility (414)
[2017.09.02-20.43.07:964][588]LogModuleManager: Shutting down and abandoning module ProjectSettingsViewer (412)
[2017.09.02-20.43.07:964][588]LogModuleManager: Shutting down and abandoning module ProjectTargetPlatformEditor (411)
[2017.09.02-20.43.07:964][588]LogModuleManager: Shutting down and abandoning module EditorSettingsViewer (408)
[2017.09.02-20.43.07:964][588]LogModuleManager: Shutting down and abandoning module SettingsEditor (406)
[2017.09.02-20.43.07:967][588]LogModuleManager: Shutting down and abandoning module ProjectLauncher (404)
[2017.09.02-20.43.07:968][588]LogModuleManager: Shutting down and abandoning module SessionFrontend (402)
[2017.09.02-20.43.07:968][588]LogModuleManager: Shutting down and abandoning module ProfilerClient (400)
[2017.09.02-20.43.07:969][588]LogModuleManager: Shutting down and abandoning module DeviceManager (398)
[2017.09.02-20.43.07:970][588]LogModuleManager: Shutting down and abandoning module TargetDeviceServices (397)
[2017.09.02-20.43.08:023][588]LogModuleManager: Shutting down and abandoning module AutomationController (394)
[2017.09.02-20.43.08:024][588]LogModuleManager: Shutting down and abandoning module AutomationWindow (392)
[2017.09.02-20.43.08:025][588]LogModuleManager: Shutting down and abandoning module Layers (390)
[2017.09.02-20.43.08:028][588]LogModuleManager: Shutting down and abandoning module ComponentVisualizers (388)
[2017.09.02-20.43.08:028][588]LogModuleManager: Shutting down and abandoning module DetailCustomizations (386)
[2017.09.02-20.43.08:030][588]LogModuleManager: Shutting down and abandoning module PackagesDialog (384)
[2017.09.02-20.43.08:030][588]LogModuleManager: Shutting down and abandoning module Persona (382)
[2017.09.02-20.43.08:032][588]LogModuleManager: Shutting down and abandoning module AdvancedPreviewScene (381)
[2017.09.02-20.43.08:032][588]LogModuleManager: Shutting down and abandoning module AnimGraph (379)
[2017.09.02-20.43.08:033][588]LogModuleManager: Shutting down and abandoning module Kismet (376)
[2017.09.02-20.43.08:037][588]LogModuleManager: Shutting down and abandoning module ClassViewer (374)
[2017.09.02-20.43.08:037][588]LogModuleManager: Shutting down and abandoning module Toolbox (372)
[2017.09.02-20.43.08:037][588]LogModuleManager: Shutting down and abandoning module ModuleUI (370)
[2017.09.02-20.43.08:037][588]LogModuleManager: Shutting down and abandoning module MovieSceneTools (368)
[2017.09.02-20.43.08:040][588]LogModuleManager: Shutting down and abandoning module OutputLog (366)
[2017.09.02-20.43.08:040][588]LogModuleManager: Shutting down and abandoning module GammaUI (364)
[2017.09.02-20.43.08:040][588]LogModuleManager: Shutting down and abandoning module Documentation (362)
[2017.09.02-20.43.08:040][588]LogModuleManager: Shutting down and abandoning module MovieSceneTracks (360)
[2017.09.02-20.43.08:040][588]LogModuleManager: Shutting down and abandoning module MovieScene (358)
[2017.09.02-20.43.08:040][588]LogModuleManager: Shutting down and abandoning module Niagara (356)
[2017.09.02-20.43.08:040][588]LogModuleManager: Shutting down and abandoning module NiagaraEditor (355)
[2017.09.02-20.43.08:042][588]LogModuleManager: Shutting down and abandoning module StreamingPauseRendering (352)
[2017.09.02-20.43.08:043][588]LogModuleManager: Shutting down and abandoning module LauncherPlatform (350)
[2017.09.02-20.43.08:043][588]LogModuleManager: Shutting down and abandoning module AnalyticsET (348)
[2017.09.02-20.43.08:043][588]LogModuleManager: Shutting down and abandoning module PortalServices (346)
[2017.09.02-20.43.08:043][588]LogModuleManager: Shutting down and abandoning module PortalRpc (344)
[2017.09.02-20.43.08:043][588]LogModuleManager: Shutting down and abandoning module MessagingRpc (342)
[2017.09.02-20.43.08:043][588]LogModuleManager: Shutting down and abandoning module AIModule (340)
[2017.09.02-20.43.08:043][588]LogModuleManager: Shutting down and abandoning module GameplayDebugger (339)
[2017.09.02-20.43.08:043][588]LogModuleManager: Shutting down and abandoning module AITestSuite (337)
[2017.09.02-20.43.08:043][588]LogModuleManager: Shutting down and abandoning module ProfilerService (334)
[2017.09.02-20.43.08:129][588]LogModuleManager: Shutting down and abandoning module TaskGraph (332)
[2017.09.02-20.43.08:130][588]LogModuleManager: Shutting down and abandoning module SteamVRController (330)
[2017.09.02-20.43.08:130][588]LogModuleManager: Shutting down and abandoning module ProceduralMeshComponentEditor (328)
[2017.09.02-20.43.08:130][588]LogModuleManager: Shutting down and abandoning module ProceduralMeshComponent (326)
[2017.09.02-20.43.08:130][588]LogModuleManager: Shutting down and abandoning module OculusInput (324)
[2017.09.02-20.43.08:131][588]LogModuleManager: Shutting down and abandoning module MobilePatchingUtils (322)
[2017.09.02-20.43.08:131][588]LogModuleManager: Shutting down and abandoning module CustomMeshComponent (320)
[2017.09.02-20.43.08:131][588]LogModuleManager: Shutting down and abandoning module CableComponent (318)
[2017.09.02-20.43.08:131][588]LogModuleManager: Shutting down and abandoning module ArchVisCharacter (316)
[2017.09.02-20.43.08:131][588]LogModuleManager: Shutting down and abandoning module AndroidPermission (314)
[2017.09.02-20.43.08:131][588]LogModuleManager: Shutting down and abandoning module MediaPlayerEditor (310)
[2017.09.02-20.43.08:134][588]LogModuleManager: Shutting down and abandoning module HTML5Networking (308)
[2017.09.02-20.43.08:134][588]LogModuleManager: Shutting down and abandoning module AlembicImporter (306)
[2017.09.02-20.43.08:134][588]LogModuleManager: Shutting down and abandoning module AlembicLibrary (305)
[2017.09.02-20.43.08:134][588]LogModuleManager: Shutting down and abandoning module GeometryCache (304)
[2017.09.02-20.43.08:134][588]LogModuleManager: Shutting down and abandoning module GeometryCacheEd (303)
[2017.09.02-20.43.08:134][588]LogModuleManager: Shutting down and abandoning module SpeedTreeImporter (298)
[2017.09.02-20.43.08:134][588]LogModuleManager: Shutting down and abandoning module PluginBrowser (296)
[2017.09.02-20.43.08:137][588]LogModuleManager: Shutting down and abandoning module MobileLauncherProfileWizard (294)
[2017.09.02-20.43.08:138][588]LogModuleManager: Shutting down and abandoning module VisualStudioSourceCodeAccess (292)
[2017.09.02-20.43.08:138][588]LogModuleManager: Shutting down and abandoning module DesktopPlatform (291)
[2017.09.02-20.43.08:138][588]LogModuleManager: Shutting down and abandoning module UObjectPlugin (288)
[2017.09.02-20.43.08:138][588]LogModuleManager: Shutting down and abandoning module SubversionSourceControl (286)
[2017.09.02-20.43.08:140][588]LogModuleManager: Shutting down and abandoning module PerforceSourceControl (284)
[2017.09.02-20.43.08:141][588]LogModuleManager: Shutting down and abandoning module GitSourceControl (282)
[2017.09.02-20.43.08:142][588]LogModuleManager: Shutting down and abandoning module SourceControl (281)
[2017.09.02-20.43.08:142][588]LogModuleManager: Shutting down and abandoning module LightPropagationVolumeEditor (278)
[2017.09.02-20.43.08:142][588]LogModuleManager: Shutting down and abandoning module PaperTiledImporter (276)
[2017.09.02-20.43.08:142][588]LogModuleManager: Shutting down and abandoning module PaperSpriteSheetImporter (274)
[2017.09.02-20.43.08:142][588]LogModuleManager: Shutting down and abandoning module Paper2DEditor (272)
[2017.09.02-20.43.08:143][588]LogModuleManager: Shutting down and abandoning module MeshPaint (271)
[2017.09.02-20.43.08:143][588]LogModuleManager: Shutting down and abandoning module LevelEditor (269)
[2017.09.02-20.43.08:146][588]LogModuleManager: Shutting down and abandoning module PixelInspectorModule (268)
[2017.09.02-20.43.08:147][588]LogModuleManager: Shutting down and abandoning module MainFrame (266)
[2017.09.02-20.43.08:147][588]LogModuleManager: Shutting down and abandoning module HotReload (265)
[2017.09.02-20.43.08:148][588]LogModuleManager: Shutting down and abandoning module RuntimePhysXCooking (260)
[2017.09.02-20.43.08:148][588]LogModuleManager: Shutting down and abandoning module PhysXVehiclesEditor (258)
[2017.09.02-20.43.08:148][588]LogModuleManager: Shutting down and abandoning module PhysXVehicles (256)
[2017.09.02-20.43.08:149][588]LogModuleManager: Shutting down and abandoning module OculusEditor (254)
[2017.09.02-20.43.08:149][588]LogModuleManager: Shutting down and abandoning module LocationServicesBPLibrary (252)
[2017.09.02-20.43.08:149][588]LogModuleManager: Shutting down and abandoning module ImmediatePhysicsEditor (250)
[2017.09.02-20.43.08:149][588]LogModuleManager: Shutting down and abandoning module ImmediatePhysics (248)
[2017.09.02-20.43.08:149][588]LogModuleManager: Shutting down and abandoning module UdpMessaging (246)
[2017.09.02-20.43.08:250][588]LogModuleManager: Shutting down and abandoning module TcpMessaging (244)
[2017.09.02-20.43.08:350][588]LogModuleManager: Shutting down and abandoning module GameplayTagsEditor (242)
[2017.09.02-20.43.08:351][588]LogModuleManager: Shutting down and abandoning module FacialAnimationEditor (240)
[2017.09.02-20.43.08:351][588]LogModuleManager: Shutting down and abandoning module FacialAnimation (238)
[2017.09.02-20.43.08:351][588]LogModuleManager: Shutting down and abandoning module AssetManagerEditor (236)
[2017.09.02-20.43.08:353][588]LogModuleManager: Shutting down and abandoning module GraphEditor (235)
[2017.09.02-20.43.08:355][588]LogModuleManager: Shutting down and abandoning module ContentBrowser (233)
[2017.09.02-20.43.08:359][588]LogModuleManager: Shutting down and abandoning module LightPropagationVolumeRuntime (230)
[2017.09.02-20.43.08:359][588]LogModuleManager: Shutting down and abandoning module Paper2D (228)
[2017.09.02-20.43.08:359][588]LogModuleManager: Shutting down and abandoning module WindowsMoviePlayer (226)
[2017.09.02-20.43.08:359][588]LogModuleManager: Shutting down and abandoning module WmfMedia (224)
[2017.09.02-20.43.08:360][588]LogModuleManager: Shutting down and abandoning module PacketHandler (222)
[2017.09.02-20.43.08:360][588]LogModuleManager: Shutting down and abandoning module ClothingSystemEditor (220)
[2017.09.02-20.43.08:361][588]LogModuleManager: Shutting down and abandoning module ClothingSystemRuntime (218)
[2017.09.02-20.43.08:362][588]LogModuleManager: Shutting down and abandoning module Overlay (216)
[2017.09.02-20.43.08:362][588]LogModuleManager: Shutting down and abandoning module OverlayEditor (215)
[2017.09.02-20.43.08:362][588]LogModuleManager: Shutting down and abandoning module MediaAssets (212)
[2017.09.02-20.43.08:362][588]LogModuleManager: Shutting down and abandoning module VREditor (210)
[2017.09.02-20.43.08:363][588]LogModuleManager: Shutting down and abandoning module StringTableEditor (208)
[2017.09.02-20.43.08:363][588]LogModuleManager: Shutting down and abandoning module GameplayTasksEditor (206)
[2017.09.02-20.43.08:364][588]LogModuleManager: Shutting down and abandoning module BehaviorTreeEditor (204)
[2017.09.02-20.43.08:366][588]LogModuleManager: Shutting down and abandoning module FunctionalTesting (202)
[2017.09.02-20.43.08:366][588]LogModuleManager: Shutting down and abandoning module CollisionAnalyzer (200)
[2017.09.02-20.43.08:367][588]LogModuleManager: Shutting down and abandoning module WorkspaceMenuStructure (199)
[2017.09.02-20.43.08:367][588]LogModuleManager: Shutting down and abandoning module UMG (196)
[2017.09.02-20.43.08:367][588]LogModuleManager: Shutting down and abandoning module UMGEditor (195)
[2017.09.02-20.43.08:369][588]LogModuleManager: Shutting down and abandoning module Sequencer (194)
[2017.09.02-20.43.08:395][588]LogModuleManager: Shutting down and abandoning module MessageLog (191)
[2017.09.02-20.43.08:396][588]LogModuleManager: Shutting down and abandoning module SlateReflector (186)
[2017.09.02-20.43.08:399][588]LogModuleManager: Shutting down and abandoning module Slate (184)
[2017.09.02-20.43.08:399][588]LogModuleManager: Shutting down and abandoning module EditorStyle (182)
[2017.09.02-20.43.08:403][588]LogModuleManager: Shutting down and abandoning module MRMesh (180)
[2017.09.02-20.43.08:403][588]LogModuleManager: Shutting down and abandoning module SourceCodeAccess (178)
[2017.09.02-20.43.08:403][588]LogModuleManager: Shutting down and abandoning module HeadMountedDisplay (176)
[2017.09.02-20.43.08:403][588]LogModuleManager: Shutting down and abandoning module XAudio2 (174)
[2017.09.02-20.43.08:403][588]LogModuleManager: Shutting down and abandoning module Networking (172)
[2017.09.02-20.43.08:403][588]LogModuleManager: Shutting down and abandoning module Core (168)
[2017.09.02-20.43.08:403][588]LogModuleManager: Shutting down and abandoning module KismetCompiler (164)
[2017.09.02-20.43.08:403][588]LogModuleManager: Shutting down and abandoning module LevelSequence (162)
[2017.09.02-20.43.08:403][588]LogModuleManager: Shutting down and abandoning module MeshUtilities (160)
[2017.09.02-20.43.08:404][588]LogModuleManager: Shutting down and abandoning module MeshMergeUtilities (159)
[2017.09.02-20.43.08:405][588]LogModuleManager: Shutting down and abandoning module MeshReductionInterface (158)
[2017.09.02-20.43.08:405][588]LogModuleManager: Shutting down and abandoning module SimplygonSwarm (157)
[2017.09.02-20.43.08:405][588]LogModuleManager: Shutting down and abandoning module SimplygonMeshReduction (155)
[2017.09.02-20.43.08:405][588]LogModuleManager: Shutting down and abandoning module QuadricMeshReduction (153)
[2017.09.02-20.43.08:406][588]LogModuleManager: Shutting down and abandoning module MaterialBaking (149)
[2017.09.02-20.43.08:406][588]LogModuleManager: Shutting down and abandoning module DirectoryWatcher (146)
[2017.09.02-20.43.08:407][588]LogModuleManager: Shutting down and abandoning module DerivedDataCache (144)
[2017.09.02-20.43.08:528][588]LogDerivedDataCache: Shutdown
[2017.09.02-20.43.08:528][588]LogModuleManager: Shutting down and abandoning module TargetPlatform (142)
[2017.09.02-20.43.08:528][588]LogModuleManager: Shutting down and abandoning module VulkanShaderFormat (141)
[2017.09.02-20.43.08:529][588]LogModuleManager: Shutting down and abandoning module ShaderFormatVectorVM (139)
[2017.09.02-20.43.08:530][588]LogModuleManager: Shutting down and abandoning module ShaderFormatOpenGL (137)
[2017.09.02-20.43.08:530][588]LogModuleManager: Shutting down and abandoning module ShaderFormatD3D (135)
[2017.09.02-20.43.08:530][588]LogModuleManager: Shutting down and abandoning module MetalShaderFormat (133)
[2017.09.02-20.43.08:531][588]LogModuleManager: Shutting down and abandoning module TextureFormatUncompressed (131)
[2017.09.02-20.43.08:531][588]LogModuleManager: Shutting down and abandoning module TextureFormatPVR (129)
[2017.09.02-20.43.08:531][588]LogModuleManager: Shutting down and abandoning module TextureFormatDXT (127)
[2017.09.02-20.43.08:531][588]LogModuleManager: Shutting down and abandoning module TextureFormatIntelISPCTexComp (125)
[2017.09.02-20.43.08:531][588]LogModuleManager: Shutting down and abandoning module TextureFormatASTC (123)
[2017.09.02-20.43.08:531][588]LogModuleManager: Shutting down and abandoning module ImageWrapper (122)
[2017.09.02-20.43.08:531][588]LogModuleManager: Shutting down and abandoning module TextureFormatAndroid (119)
[2017.09.02-20.43.08:531][588]LogModuleManager: Shutting down and abandoning module AudioFormatOpus (117)
[2017.09.02-20.43.08:531][588]LogModuleManager: Shutting down and abandoning module AudioFormatOgg (115)
[2017.09.02-20.43.08:531][588]LogModuleManager: Shutting down and abandoning module AudioFormatADPCM (113)
[2017.09.02-20.43.08:531][588]LogModuleManager: Shutting down and abandoning module LinuxTargetPlatform (111)
[2017.09.02-20.43.08:531][588]LogModuleManager: Shutting down and abandoning module LinuxServerTargetPlatform (109)
[2017.09.02-20.43.08:531][588]LogModuleManager: Shutting down and abandoning module LinuxNoEditorTargetPlatform (107)
[2017.09.02-20.43.08:531][588]LogModuleManager: Shutting down and abandoning module LinuxClientTargetPlatform (105)
[2017.09.02-20.43.08:531][588]LogModuleManager: Shutting down and abandoning module TVOSTargetPlatform (103)
[2017.09.02-20.43.08:531][588]LogModuleManager: Shutting down and abandoning module Messaging (101)
[2017.09.02-20.43.08:531][588]LogModuleManager: Shutting down and abandoning module IOSTargetPlatform (99)
[2017.09.02-20.43.08:531][588]LogModuleManager: Shutting down and abandoning module HTML5TargetPlatform (97)
[2017.09.02-20.43.08:531][588]LogModuleManager: Shutting down and abandoning module Android_PVRTCTargetPlatform (95)
[2017.09.02-20.43.08:532][588]LogModuleManager: Shutting down and abandoning module Android_MultiTargetPlatform (93)
[2017.09.02-20.43.08:532][588]LogModuleManager: Shutting down and abandoning module Android_ETC2TargetPlatform (91)
[2017.09.02-20.43.08:532][588]LogModuleManager: Shutting down and abandoning module Android_ETC1TargetPlatform (89)
[2017.09.02-20.43.08:532][588]LogModuleManager: Shutting down and abandoning module Android_DXTTargetPlatform (87)
[2017.09.02-20.43.08:532][588]LogModuleManager: Shutting down and abandoning module Android_ATCTargetPlatform (85)
[2017.09.02-20.43.08:532][588]LogModuleManager: Shutting down and abandoning module Android_ASTCTargetPlatform (83)
[2017.09.02-20.43.08:532][588]LogModuleManager: Shutting down and abandoning module AndroidTargetPlatform (81)
[2017.09.02-20.43.08:532][588]LogModuleManager: Shutting down and abandoning module WindowsTargetPlatform (79)
[2017.09.02-20.43.08:532][588]LogModuleManager: Shutting down and abandoning module WindowsServerTargetPlatform (77)
[2017.09.02-20.43.08:532][588]LogModuleManager: Shutting down and abandoning module WindowsNoEditorTargetPlatform (75)
[2017.09.02-20.43.08:532][588]LogModuleManager: Shutting down and abandoning module WindowsClientTargetPlatform (73)
[2017.09.02-20.43.08:532][588]LogModuleManager: Shutting down and abandoning module MacTargetPlatform (71)
[2017.09.02-20.43.08:532][588]LogModuleManager: Shutting down and abandoning module MacServerTargetPlatform (69)
[2017.09.02-20.43.08:532][588]LogModuleManager: Shutting down and abandoning module MacNoEditorTargetPlatform (67)
[2017.09.02-20.43.08:532][588]LogModuleManager: Shutting down and abandoning module MacClientTargetPlatform (65)
[2017.09.02-20.43.08:532][588]LogModuleManager: Shutting down and abandoning module AllDesktopTargetPlatform (63)
[2017.09.02-20.43.08:532][588]LogModuleManager: Shutting down and abandoning module InputCore (60)
[2017.09.02-20.43.08:532][588]LogModuleManager: Shutting down and abandoning module Settings (58)
[2017.09.02-20.43.08:532][588]LogModuleManager: Shutting down and abandoning module PhysXCooking (56)
[2017.09.02-20.43.08:532][588]LogModuleManager: Shutting down and abandoning module SteamVR (54)
[2017.09.02-20.43.08:532][588]LogModuleManager: Shutting down and abandoning module OculusHMD (52)
[2017.09.02-20.43.08:532][588]LogModuleManager: Shutting down and abandoning module ExampleDeviceProfileSelector (50)
[2017.09.02-20.43.08:532][588]LogModuleManager: Shutting down and abandoning module OnlineBlueprintSupport (48)
[2017.09.02-20.43.08:532][588]LogModuleManager: Shutting down and abandoning module OnlineSubsystem (44)
[2017.09.02-20.43.08:532][588]LogOnline: Display: Unloading online subsystem: NULL
[2017.09.02-20.43.08:533][588]LogModuleManager: Shutting down and abandoning module XMPP (43)
[2017.09.02-20.43.08:534][588]LogModuleManager: Shutting down and abandoning module HTTP (41)
[2017.09.02-20.43.08:534][588]LogHttp: Display: Http module shutting down, but needs to wait on 1 outstanding Http requests:
[2017.09.02-20.43.08:534][588]LogHttp: Display: 	verb=[POST] url=[https://datarouter.ol.epicgames.com/datarouter/api/v1/public/data?SessionID=%7BCB9CDD10-4B88-B518-2B06-2099DD698164%7D&AppID=UEEditor.Rocket.Release&AppVersion=4.17.1-3586342%2B%2B%2BUE4%2BRelease-4.17&UserID=5160131d4fbbf6d62e4719b8716de666%7C3ef35b30eb8d444d8e26d7fb1794d4bf%7Cb9c6b803-d102-46e7-b321-ae8f3428388b&AppEnvironment=datacollector-binary&UploadType=eteventstream] status=Processing
[2017.09.02-20.43.08:566][588]LogModuleManager: Shutting down and abandoning module SSL (40)
[2017.09.02-20.43.08:567][588]LogModuleManager: Shutting down and abandoning module AnimationModifiers (36)
[2017.09.02-20.43.08:568][588]LogModuleManager: Shutting down and abandoning module PropertyEditor (35)
[2017.09.02-20.43.08:568][588]LogModuleManager: Shutting down and abandoning module AudioEditor (32)
[2017.09.02-20.43.08:569][588]LogModuleManager: Shutting down and abandoning module TextureCompressor (30)
[2017.09.02-20.43.08:569][588]LogModuleManager: Shutting down and abandoning module ShaderCore (28)
[2017.09.02-20.43.08:569][588]LogModuleManager: Shutting down and abandoning module Landscape (26)
[2017.09.02-20.43.08:569][588]LogModuleManager: Shutting down and abandoning module SlateRHIRenderer (24)
[2017.09.02-20.43.08:570][588]LogModuleManager: Shutting down and abandoning module OpenGLDrv (22)
[2017.09.02-20.43.08:570][588]LogModuleManager: Shutting down and abandoning module D3D11RHI (20)
[2017.09.02-20.43.08:570][588]LogModuleManager: Shutting down and abandoning module AnimGraphRuntime (18)
[2017.09.02-20.43.08:570][588]LogModuleManager: Shutting down and abandoning module Renderer (16)
[2017.09.02-20.43.08:570][588]LogModuleManager: Shutting down and abandoning module Engine (14)
[2017.09.02-20.43.08:570][588]LogModuleManager: Shutting down and abandoning module CoreUObject (12)
[2017.09.02-20.43.08:570][588]LogModuleManager: Shutting down and abandoning module NetworkFile (10)
[2017.09.02-20.43.08:570][588]LogModuleManager: Shutting down and abandoning module CookedIterativeFile (8)
[2017.09.02-20.43.08:570][588]LogModuleManager: Shutting down and abandoning module StreamingFile (6)
[2017.09.02-20.43.08:570][588]LogModuleManager: Shutting down and abandoning module SandboxFile (4)
[2017.09.02-20.43.08:570][588]LogModuleManager: Shutting down and abandoning module PakFile (2)
[2017.09.02-20.43.08:574][588]LogExit: Exiting.
[2017.09.02-20.43.08:599][588]Log file closed, 09/02/17 14:43:08
