Log file open, 12/07/17 11:25:09
LogWindows: Failed to load 'aqProf.dll' (GetLastError=126)
LogWindows: File 'aqProf.dll' does not exist
LogWindows: Failed to load 'VSPerf140.dll' (GetLastError=126)
LogWindows: File 'VSPerf140.dll' does not exist
LogWindows: Failed to load 'VtuneApi.dll' (GetLastError=126)
LogWindows: File 'VtuneApi.dll' does not exist
LogWindows: Failed to load 'VtuneApi32e.dll' (GetLastError=126)
LogWindows: File 'VtuneApi32e.dll' does not exist
LogInit: Display: Running engine for game: InsertNameAdventure
LogPlatformFile: Not using cached read wrapper
LogInit: Display: RandInit(1066514552) SRandInit(1066514552).
LogInit: Read version file with build ID '3709383'
LogInit: Overriding engine version to CL 3754814, compatible CL 3709383
LogInit: Registered custom module enumerator with build ID '3709383'
LogTaskGraph: Started task graph with 5 named threads and 14 total threads with 3 sets of task threads.
LogStats: Stats thread started at 0.162069
LogD3D11RHI: Aftermath initialized
LogModuleManager: Display: Found up-to-date module file ../../../Engine/Plugins/2D/Paper2D/Binaries/Win64/UE4Editor-Paper2D.dll (API version 3709383).
LogModuleManager: Display: Found up-to-date module file ../../../Engine/Plugins/2D/Paper2D/Binaries/Win64/UE4Editor-Paper2DEditor.dll (API version 3709383).
LogModuleManager: Display: Found up-to-date module file ../../../Engine/Plugins/2D/Paper2D/Binaries/Win64/UE4Editor-PaperSpriteSheetImporter.dll (API version 3709383).
LogModuleManager: Display: Found up-to-date module file ../../../Engine/Plugins/2D/Paper2D/Binaries/Win64/UE4Editor-PaperTiledImporter.dll (API version 3709383).
LogModuleManager: Display: Found up-to-date module file ../../../Engine/Plugins/2D/Paper2D/Binaries/Win64/UE4Editor-SmartSnapping.dll (API version 3709383).
LogModuleManager: Display: Found up-to-date module file ../../../Engine/Plugins/Blendables/LightPropagationVolume/Binaries/Win64/UE4Editor-LightPropagationVolumeRuntime.dll (API version 3709383).
LogModuleManager: Display: Found up-to-date module file ../../../Engine/Plugins/Blendables/LightPropagationVolume/Binaries/Win64/UE4Editor-LightPropagationVolumeEditor.dll (API version 3709383).
LogModuleManager: Display: Found up-to-date module file ../../../Engine/Plugins/Developer/GitSourceControl/Binaries/Win64/UE4Editor-GitSourceControl.dll (API version 3709383).
LogModuleManager: Display: Found up-to-date module file ../../../Engine/Plugins/Developer/PerforceSourceControl/Binaries/Win64/UE4Editor-PerforceSourceControl.dll (API version 3709383).
LogModuleManager: Display: Found up-to-date module file ../../../Engine/Plugins/Developer/SubversionSourceControl/Binaries/Win64/UE4Editor-SubversionSourceControl.dll (API version 3709383).
LogModuleManager: Display: Found up-to-date module file ../../../Engine/Plugins/Developer/UObjectPlugin/Binaries/Win64/UE4Editor-UObjectPlugin.dll (API version 3709383).
LogModuleManager: Display: Found up-to-date module file ../../../Engine/Plugins/Developer/VisualStudioCodeSourceCodeAccess/Binaries/Win64/UE4Editor-VisualStudioCodeSourceCodeAccess.dll (API version 3709383).
LogModuleManager: Display: Found up-to-date module file ../../../Engine/Plugins/Developer/VisualStudioSourceCodeAccess/Binaries/Win64/UE4Editor-VisualStudioSourceCodeAccess.dll (API version 3709383).
LogModuleManager: Display: Found up-to-date module file ../../../Engine/Plugins/Editor/AssetManagerEditor/Binaries/Win64/UE4Editor-AssetManagerEditor.dll (API version 3709383).
LogModuleManager: Display: Found up-to-date module file ../../../Engine/Plugins/Editor/AudioCapture/Binaries/Win64/UE4Editor-AudioCapture.dll (API version 3709383).
LogModuleManager: Display: Found up-to-date module file ../../../Engine/Plugins/Editor/FacialAnimation/Binaries/Win64/UE4Editor-FacialAnimation.dll (API version 3709383).
LogModuleManager: Display: Found up-to-date module file ../../../Engine/Plugins/Editor/FacialAnimation/Binaries/Win64/UE4Editor-FacialAnimationEditor.dll (API version 3709383).
LogModuleManager: Display: Found up-to-date module file ../../../Engine/Plugins/Editor/GameplayTagsEditor/Binaries/Win64/UE4Editor-GameplayTagsEditor.dll (API version 3709383).
LogModuleManager: Display: Found up-to-date module file ../../../Engine/Plugins/Editor/MobileLauncherProfileWizard/Binaries/Win64/UE4Editor-MobileLauncherProfileWizard.dll (API version 3709383).
LogModuleManager: Display: Found up-to-date module file ../../../Engine/Plugins/Editor/PluginBrowser/Binaries/Win64/UE4Editor-PluginBrowser.dll (API version 3709383).
LogModuleManager: Display: Found up-to-date module file ../../../Engine/Plugins/Editor/SpeedTreeImporter/Binaries/Win64/UE4Editor-SpeedTreeImporter.dll (API version 3709383).
LogModuleManager: Display: Found up-to-date module file ../../../Engine/Plugins/Experimental/AlembicImporter/Binaries/Win64/UE4Editor-AlembicImporter.dll (API version 3709383).
LogModuleManager: Display: Found up-to-date module file ../../../Engine/Plugins/Experimental/AlembicImporter/Binaries/Win64/UE4Editor-AlembicLibrary.dll (API version 3709383).
LogModuleManager: Display: Found up-to-date module file ../../../Engine/Plugins/Experimental/CharacterAI/Binaries/Win64/UE4Editor-CharacterAI.dll (API version 3709383).
LogModuleManager: Display: Found up-to-date module file ../../../Engine/Plugins/Experimental/HTML5Networking/Binaries/Win64/UE4Editor-HTML5Networking.dll (API version 3709383).
LogModuleManager: Display: Found up-to-date module file ../../../Engine/Plugins/Media/AndroidMedia/Binaries/Win64/UE4Editor-AndroidMediaEditor.dll (API version 3709383).
LogModuleManager: Display: Found up-to-date module file ../../../Engine/Plugins/Media/AndroidMedia/Binaries/Win64/UE4Editor-AndroidMediaFactory.dll (API version 3709383).
LogModuleManager: Display: Found up-to-date module file ../../../Engine/Plugins/Media/AvfMedia/Binaries/Win64/UE4Editor-AvfMediaEditor.dll (API version 3709383).
LogModuleManager: Display: Found up-to-date module file ../../../Engine/Plugins/Media/AvfMedia/Binaries/Win64/UE4Editor-AvfMediaFactory.dll (API version 3709383).
LogModuleManager: Display: Found up-to-date module file ../../../Engine/Plugins/Media/AvfMedia/Binaries/Win64/UE4Editor-AvfMediaFactory.dll (API version 3709383).
LogModuleManager: Display: Found up-to-date module file ../../../Engine/Plugins/Media/ImgMedia/Binaries/Win64/UE4Editor-ImgMedia.dll (API version 3709383).
LogModuleManager: Display: Found up-to-date module file ../../../Engine/Plugins/Media/ImgMedia/Binaries/Win64/UE4Editor-ImgMediaEditor.dll (API version 3709383).
LogModuleManager: Display: Found up-to-date module file ../../../Engine/Plugins/Media/ImgMedia/Binaries/Win64/UE4Editor-ImgMediaFactory.dll (API version 3709383).
LogModuleManager: Display: Found up-to-date module file ../../../Engine/Plugins/Media/ImgMedia/Binaries/Win64/UE4Editor-ImgMediaFactory.dll (API version 3709383).
LogModuleManager: Display: Found up-to-date module file ../../../Engine/Plugins/Media/ImgMedia/Binaries/Win64/UE4Editor-OpenExrWrapper.dll (API version 3709383).
LogModuleManager: Display: Found up-to-date module file ../../../Engine/Plugins/Media/MediaCompositing/Binaries/Win64/UE4Editor-MediaCompositing.dll (API version 3709383).
LogModuleManager: Display: Found up-to-date module file ../../../Engine/Plugins/Media/MediaCompositing/Binaries/Win64/UE4Editor-MediaCompositingEditor.dll (API version 3709383).
LogModuleManager: Display: Found up-to-date module file ../../../Engine/Plugins/Media/MediaPlayerEditor/Binaries/Win64/UE4Editor-MediaPlayerEditor.dll (API version 3709383).
LogModuleManager: Display: Found up-to-date module file ../../../Engine/Plugins/Media/WmfMedia/Binaries/Win64/UE4Editor-WmfMedia.dll (API version 3709383).
LogModuleManager: Display: Found up-to-date module file ../../../Engine/Plugins/Media/WmfMedia/Binaries/Win64/UE4Editor-WmfMediaEditor.dll (API version 3709383).
LogModuleManager: Display: Found up-to-date module file ../../../Engine/Plugins/Media/WmfMedia/Binaries/Win64/UE4Editor-WmfMediaFactory.dll (API version 3709383).
LogModuleManager: Display: Found up-to-date module file ../../../Engine/Plugins/Media/WmfMedia/Binaries/Win64/UE4Editor-WmfMediaFactory.dll (API version 3709383).
LogModuleManager: Display: Found up-to-date module file ../../../Engine/Plugins/Messaging/TcpMessaging/Binaries/Win64/UE4Editor-TcpMessaging.dll (API version 3709383).
LogModuleManager: Display: Found up-to-date module file ../../../Engine/Plugins/Messaging/UdpMessaging/Binaries/Win64/UE4Editor-UdpMessaging.dll (API version 3709383).
LogModuleManager: Display: Found up-to-date module file ../../../Engine/Plugins/MovieScene/ActorSequence/Binaries/Win64/UE4Editor-ActorSequence.dll (API version 3709383).
LogModuleManager: Display: Found up-to-date module file ../../../Engine/Plugins/MovieScene/LevelSequenceEditor/Binaries/Win64/UE4Editor-LevelSequenceEditor.dll (API version 3709383).
LogModuleManager: Display: Found up-to-date module file ../../../Engine/Plugins/MovieScene/MatineeToLevelSequence/Binaries/Win64/UE4Editor-MatineeToLevelSequence.dll (API version 3709383).
LogModuleManager: Display: Found up-to-date module file ../../../Engine/Plugins/Online/OnlineSubsystem/Binaries/Win64/UE4Editor-OnlineSubsystem.dll (API version 3709383).
LogModuleManager: Display: Found up-to-date module file ../../../Engine/Plugins/Runtime/AndroidPermission/Binaries/Win64/UE4Editor-AndroidPermission.dll (API version 3709383).
LogModuleManager: Display: Found up-to-date module file ../../../Engine/Plugins/Online/OnlineSubsystemNull/Binaries/Win64/UE4Editor-OnlineSubsystemNull.dll (API version 3709383).
LogModuleManager: Display: Found up-to-date module file ../../../Engine/Plugins/Online/OnlineSubsystemUtils/Binaries/Win64/UE4Editor-OnlineSubsystemUtils.dll (API version 3709383).
LogModuleManager: Display: Found up-to-date module file ../../../Engine/Plugins/Online/OnlineSubsystemUtils/Binaries/Win64/UE4Editor-OnlineBlueprintSupport.dll (API version 3709383).
LogModuleManager: Display: Found up-to-date module file ../../../Engine/Plugins/Runtime/AndroidDeviceProfileSelector/Binaries/Win64/UE4Editor-AndroidDeviceProfileSelector.dll (API version 3709383).
LogModuleManager: Display: Found up-to-date module file ../../../Engine/Plugins/Runtime/AppleARKit/Binaries/Win64/UE4Editor-AppleARKit.dll (API version 3709383).
LogModuleManager: Display: Found up-to-date module file ../../../Engine/Plugins/Runtime/ArchVisCharacter/Binaries/Win64/UE4Editor-ArchVisCharacter.dll (API version 3709383).
LogModuleManager: Display: Found up-to-date module file ../../../Engine/Plugins/Runtime/CableComponent/Binaries/Win64/UE4Editor-CableComponent.dll (API version 3709383).
LogModuleManager: Display: Found up-to-date module file ../../../Engine/Plugins/Runtime/CustomMeshComponent/Binaries/Win64/UE4Editor-CustomMeshComponent.dll (API version 3709383).
LogModuleManager: Display: Found up-to-date module file ../../../Engine/Plugins/Runtime/ExampleDeviceProfileSelector/Binaries/Win64/UE4Editor-ExampleDeviceProfileSelector.dll (API version 3709383).
LogModuleManager: Display: Found up-to-date module file ../../../Engine/Plugins/Runtime/ImmediatePhysics/Binaries/Win64/UE4Editor-ImmediatePhysics.dll (API version 3709383).
LogModuleManager: Display: Found up-to-date module file ../../../Engine/Plugins/Runtime/ImmediatePhysics/Binaries/Win64/UE4Editor-ImmediatePhysicsEditor.dll (API version 3709383).
LogModuleManager: Display: Found up-to-date module file ../../../Engine/Plugins/Runtime/LocationServicesBPLibrary/Binaries/Win64/UE4Editor-LocationServicesBPLibrary.dll (API version 3709383).
LogModuleManager: Display: Found up-to-date module file ../../../Engine/Plugins/Runtime/MobilePatchingUtils/Binaries/Win64/UE4Editor-MobilePatchingUtils.dll (API version 3709383).
LogModuleManager: Display: Found up-to-date module file ../../../Engine/Plugins/Runtime/Oculus/OculusVR/Binaries/Win64/UE4Editor-OculusHMD.dll (API version 3709383).
LogModuleManager: Display: Found up-to-date module file ../../../Engine/Plugins/Runtime/Oculus/OculusVR/Binaries/Win64/UE4Editor-OculusInput.dll (API version 3709383).
LogModuleManager: Display: Found up-to-date module file ../../../Engine/Plugins/Runtime/Oculus/OculusVR/Binaries/Win64/UE4Editor-OculusEditor.dll (API version 3709383).
LogModuleManager: Display: Found up-to-date module file ../../../Engine/Plugins/Runtime/PhysXVehicles/Binaries/Win64/UE4Editor-PhysXVehicles.dll (API version 3709383).
LogModuleManager: Display: Found up-to-date module file ../../../Engine/Plugins/Runtime/PhysXVehicles/Binaries/Win64/UE4Editor-PhysXVehiclesEditor.dll (API version 3709383).
LogModuleManager: Display: Found up-to-date module file ../../../Engine/Plugins/Runtime/ProceduralMeshComponent/Binaries/Win64/UE4Editor-ProceduralMeshComponent.dll (API version 3709383).
LogModuleManager: Display: Found up-to-date module file ../../../Engine/Plugins/Runtime/ProceduralMeshComponent/Binaries/Win64/UE4Editor-ProceduralMeshComponentEditor.dll (API version 3709383).
LogModuleManager: Display: Found up-to-date module file ../../../Engine/Plugins/Runtime/RuntimePhysXCooking/Binaries/Win64/UE4Editor-RuntimePhysXCooking.dll (API version 3709383).
LogModuleManager: Display: Found up-to-date module file ../../../Engine/Plugins/Runtime/Steam/SteamVR/Binaries/Win64/UE4Editor-SteamVR.dll (API version 3709383).
LogModuleManager: Display: Found up-to-date module file ../../../Engine/Plugins/Runtime/Steam/SteamVR/Binaries/Win64/UE4Editor-SteamVRController.dll (API version 3709383).
LogModuleManager: Display: Found up-to-date module file ../../../Engine/Plugins/Runtime/WindowsMoviePlayer/Binaries/Win64/UE4Editor-WindowsMoviePlayer.dll (API version 3709383).
LogPluginManager: Mounting plugin Paper2D
LogPluginManager: Mounting plugin LightPropagationVolume
LogPluginManager: Mounting plugin CodeLiteSourceCodeAccess
LogPluginManager: Mounting plugin GitSourceControl
LogPluginManager: Mounting plugin KDevelopSourceCodeAccess
LogPluginManager: Mounting plugin NullSourceCodeAccess
LogPluginManager: Mounting plugin PerforceSourceControl
LogPluginManager: Mounting plugin SubversionSourceControl
LogPluginManager: Mounting plugin UObjectPlugin
LogPluginManager: Mounting plugin VisualStudioCodeSourceCodeAccess
LogPluginManager: Mounting plugin VisualStudioSourceCodeAccess
LogPluginManager: Mounting plugin XCodeSourceCodeAccess
LogPluginManager: Mounting plugin AssetManagerEditor
LogPluginManager: Mounting plugin AudioCapture
LogPluginManager: Mounting plugin FacialAnimation
LogPluginManager: Mounting plugin GameplayTagsEditor
LogPluginManager: Mounting plugin MobileLauncherProfileWizard
LogPluginManager: Mounting plugin PluginBrowser
LogPluginManager: Mounting plugin SpeedTreeImporter
LogPluginManager: Mounting plugin AlembicImporter
LogPluginManager: Mounting plugin CharacterAI
LogPluginManager: Mounting plugin HTML5Networking
LogPluginManager: Mounting plugin AndroidMedia
LogPluginManager: Mounting plugin AvfMedia
LogPluginManager: Mounting plugin ImgMedia
LogPluginManager: Mounting plugin MediaCompositing
LogPluginManager: Mounting plugin MediaPlayerEditor
LogPluginManager: Mounting plugin WmfMedia
LogPluginManager: Mounting plugin TcpMessaging
LogPluginManager: Mounting plugin UdpMessaging
LogPluginManager: Mounting plugin ActorSequence
LogPluginManager: Mounting plugin LevelSequenceEditor
LogPluginManager: Mounting plugin MatineeToLevelSequence
LogPluginManager: Mounting plugin OnlineSubsystemGooglePlay
LogPluginManager: Mounting plugin OnlineSubsystemIOS
LogPluginManager: Mounting plugin OnlineSubsystem
LogPluginManager: Mounting plugin OnlineSubsystemNull
LogPluginManager: Mounting plugin OnlineSubsystemUtils
LogPluginManager: Mounting plugin AndroidDeviceProfileSelector
LogPluginManager: Mounting plugin AndroidMoviePlayer
LogPluginManager: Mounting plugin AndroidPermission
LogPluginManager: Mounting plugin AppleARKit
LogPluginManager: Mounting plugin AppleMoviePlayer
LogPluginManager: Mounting plugin ArchVisCharacter
LogPluginManager: Mounting plugin CableComponent
LogPluginManager: Mounting plugin CustomMeshComponent
LogPluginManager: Mounting plugin ExampleDeviceProfileSelector
LogPluginManager: Mounting plugin GoogleCloudMessaging
LogPluginManager: Mounting plugin ImmediatePhysics
LogPluginManager: Mounting plugin IOSDeviceProfileSelector
LogPluginManager: Mounting plugin LinuxDeviceProfileSelector
LogPluginManager: Mounting plugin LocationServicesBPLibrary
LogPluginManager: Mounting plugin MobilePatchingUtils
LogPluginManager: Mounting plugin OculusVR
LogPluginManager: Plugin shader directory ../../../Engine/Plugins/Runtime/Oculus/OculusVR/Shaders found
LogPluginManager: Mapping shader source directory ../../../Engine/Plugins/Runtime/Oculus/OculusVR/Shaders to virtual directory /Plugin/OculusVR
LogPluginManager: Mounting plugin PhysXVehicles
LogPluginManager: Mounting plugin ProceduralMeshComponent
LogPluginManager: Mounting plugin RuntimePhysXCooking
LogPluginManager: Mounting plugin SteamVR
LogPluginManager: Mounting plugin WindowsMoviePlayer
LogInit: Using libcurl 7.47.1
LogInit:  - built for x86_64-pc-win32
LogInit:  - supports SSL with OpenSSL/1.0.2g
LogInit:  - supports HTTP deflate (compression) using libz 1.2.8
LogInit:  - other features:
LogInit:      CURL_VERSION_SSL
LogInit:      CURL_VERSION_LIBZ
LogInit:      CURL_VERSION_IPV6
LogInit:      CURL_VERSION_ASYNCHDNS
LogInit:      CURL_VERSION_LARGEFILE
LogInit:      CURL_VERSION_IDN
LogInit:  CurlRequestOptions (configurable via config and command line):
LogInit:  - bVerifyPeer = false  - Libcurl will NOT verify peer certificate
LogInit:  - bUseHttpProxy = false  - Libcurl will NOT use HTTP proxy
LogInit:  - bDontReuseConnections = false  - Libcurl will reuse connections
LogInit:  - CertBundlePath = nullptr  - Libcurl will use whatever was configured at build time.
LogInit: Build: ++UE4+Release-4.18-CL-3754814
LogInit: Engine Version: 4.18.1-3754814+++UE4+Release-4.18
LogInit: Compatible Engine Version: 4.18.0-3709383+++UE4+Release-4.18
LogInit: Net CL: 3709383
LogDevObjectVersion: Number of dev versions registered: 16
LogDevObjectVersion:   Dev-Blueprints (B0D832E4-1F89-4F0D-ACCF-7EB736FD4AA2): 10
LogDevObjectVersion:   Dev-Build (E1C64328-A22C-4D53-A36C-8E866417BD8C): 0
LogDevObjectVersion:   Dev-Core (375EC13C-06E4-48FB-B500-84F0262A717E): 2
LogDevObjectVersion:   Dev-Editor (E4B068ED-F494-42E9-A231-DA0B2E46BB41): 20
LogDevObjectVersion:   Dev-Framework (CFFC743F-43B0-4480-9391-14DF171D2073): 30
LogDevObjectVersion:   Dev-Mobile (B02B49B5-BB20-44E9-A304-32B752E40360): 0
LogDevObjectVersion:   Dev-Networking (A4E4105C-59A1-49B5-A7C5-40C4547EDFEE): 0
LogDevObjectVersion:   Dev-Online (39C831C9-5AE6-47DC-9A44-9C173E1C8E7C): 0
LogDevObjectVersion:   Dev-Physics (78F01B33-EBEA-4F98-B9B4-84EACCB95AA2): 0
LogDevObjectVersion:   Dev-Platform (6631380F-2D4D-43E0-8009-CF276956A95A): 0
LogDevObjectVersion:   Dev-Rendering (12F88B9F-8875-4AFC-A67C-D90C383ABD29): 20
LogDevObjectVersion:   Dev-Sequencer (7B5AE74C-D270-4C10-A958-57980B212A5A): 4
LogDevObjectVersion:   Dev-VR (D7296918-1DD6-4BDD-9DE2-64A83CC13884): 0
LogDevObjectVersion:   Dev-LoadTimes (C2A15278-BFE7-4AFE-6C17-90FF531DF755): 1
LogDevObjectVersion:   Private-Geometry (6EACA3D4-40EC-4CC1-B786-8BED09428FC5): 1
LogDevObjectVersion:   Dev-AnimPhys (29E575DD-E0A3-4627-9D10-D276232CDCEA): 12
LogInit: Compiled (64-bit): Nov 14 2017 02:05:55
LogInit: Compiled with Visual C++: 19.00.24215.01
LogInit: Build Configuration: Development
LogInit: Branch Name: ++UE4+Release-4.18
LogInit: Command line:  
LogInit: Base directory: C:/Program Files/Epic Games/UE_4.18/Engine/Binaries/Win64/
LogInit: Installed Engine Build: 1
LogInit: Presizing for max 8388607 objects, including 0 objects not considered by GC, pre-allocating 0 bytes for permanent pool.
LogInit: Object subsystem initialized
[2017.12.07-18.25.10:507][  0]LogInit: Selected Device Profile: [Windows]
[2017.12.07-18.25.10:507][  0]LogInit: Applying CVar settings loaded from the selected device profile: [Windows]
[2017.12.07-18.25.10:530][  0]LogInit: Computer: DESKTOP-OMJHMSB
[2017.12.07-18.25.10:531][  0]LogInit: User: rajjj
[2017.12.07-18.25.10:531][  0]LogInit: CPU Page size=4096, Cores=4
[2017.12.07-18.25.10:531][  0]LogInit: High frequency timer resolution =3.328124 MHz
[2017.12.07-18.25.10:531][  0]LogMemory: Memory total: Physical=15.9GB (16GB approx)
[2017.12.07-18.25.10:531][  0]LogMemory: Platform Memory Stats for Windows
[2017.12.07-18.25.10:531][  0]LogMemory: Process Physical Memory: 273.42 MB used, 273.42 MB peak
[2017.12.07-18.25.10:531][  0]LogMemory: Process Virtual Memory: 267.87 MB used, 267.87 MB peak
[2017.12.07-18.25.10:531][  0]LogMemory: Physical Memory: 6765.43 MB used,  9556.31 MB free, 16321.74 MB total
[2017.12.07-18.25.10:531][  0]LogMemory: Virtual Memory: 684.22 MB used,  9556.31 MB free, 134217728.00 MB total
[2017.12.07-18.25.10:685][  0]LogInit: Using OS detected language (en-US).
[2017.12.07-18.25.10:685][  0]LogInit: Using OS detected locale (en-US).
[2017.12.07-18.25.10:688][  0]LogTextLocalizationManager: No specific localization for 'en-US' exists, so the 'en' localization will be used.
[2017.12.07-18.25.11:060][  0]LogInit: Setting process to per monitor DPI aware
[2017.12.07-18.25.11:273][  0]LogD3D11RHI: D3D11 adapters:
[2017.12.07-18.25.11:315][  0]LogD3D11RHI:    0. 'NVIDIA GeForce GTX 1070' (Feature Level 11_0)
[2017.12.07-18.25.11:315][  0]LogD3D11RHI:       8096/0/8160 MB DedicatedVideo/DedicatedSystem/SharedSystem, Outputs:2, VendorId:0x10de
[2017.12.07-18.25.11:316][  0]LogD3D11RHI:    1. 'Microsoft Basic Render Driver' (Feature Level 11_0)
[2017.12.07-18.25.11:316][  0]LogD3D11RHI:       0/0/8160 MB DedicatedVideo/DedicatedSystem/SharedSystem, Outputs:0, VendorId:0x1414
[2017.12.07-18.25.11:317][  0]LogD3D11RHI: Chosen D3D11 Adapter: 0
[2017.12.07-18.25.11:321][  0]LogD3D11RHI: Creating new Direct3DDevice
[2017.12.07-18.25.11:322][  0]LogD3D11RHI:     GPU DeviceId: 0x1b81 (for the marketing name, search the web for "GPU Device Id")
[2017.12.07-18.25.11:322][  0]LogWindows: EnumDisplayDevices:
[2017.12.07-18.25.11:322][  0]LogWindows:    0. 'NVIDIA GeForce GTX 1070' (P:0 D:1)
[2017.12.07-18.25.11:322][  0]LogWindows:    1. 'NVIDIA GeForce GTX 1070' (P:1 D:1)
[2017.12.07-18.25.11:322][  0]LogWindows:    2. 'NVIDIA GeForce GTX 1070' (P:0 D:0)
[2017.12.07-18.25.11:322][  0]LogWindows:    3. 'NVIDIA GeForce GTX 1070' (P:0 D:0)
[2017.12.07-18.25.11:322][  0]LogWindows: DebugString: GetVideoDriverDetailsInvalid PrimaryIsNotTheChoosenAdapter GetVideoDriverDetailsInvalid PrimaryIsNotTheChoosenAdapter GetVideoDriverDetailsInvalid PrimaryIsNotTheChoosenAdapter GetVideoDriverDetailsInvalid PrimaryIsNotTheChoosenAdapter FoundDriverCount:0 
[2017.12.07-18.25.11:322][  0]LogD3D11RHI:     Adapter Name: NVIDIA GeForce GTX 1070
[2017.12.07-18.25.11:322][  0]LogD3D11RHI:   Driver Version: Unknown (internal:Unknown, unified:Unknown)
[2017.12.07-18.25.11:322][  0]LogD3D11RHI:      Driver Date: Unknown
[2017.12.07-18.25.11:322][  0]LogRHI: Texture pool is 5667 MB (70% of 8096 MB)
[2017.12.07-18.25.11:343][  0]LogD3D11RHI: Async texture creation enabled
[2017.12.07-18.25.11:427][  0]LogD3D11RHI: GPU Timing Frequency: 1000.000000 (Debug: 2 1)
[2017.12.07-18.25.11:476][  0]LogShaderCompilers: Guid format shader working directory is -34 characters bigger than the processId version (../../../../../../Users/rajjj/OneDrive/Documents/GitHub/DatBoiEntertainmetnGame_/Intermediate/Shaders/WorkingDirectory/1996/).
[2017.12.07-18.25.11:476][  0]LogShaderCompilers: Cleaned the shader compiler working directory 'C:/Users/rajjj/AppData/Local/Temp/UnrealShaderWorkingDir/1BF697A349D1D9463B8A8D91EC8EA1F2/'.
[2017.12.07-18.25.11:476][  0]LogShaderCompilers: Display: Using Local Shader Compiler.
[2017.12.07-18.25.12:289][  0]LogTemp: Display: Loaded TP AllDesktopTargetPlatform
[2017.12.07-18.25.12:336][  0]LogTemp: Display: Loaded TP MacClientTargetPlatform
[2017.12.07-18.25.12:388][  0]LogTemp: Display: Loaded TP MacNoEditorTargetPlatform
[2017.12.07-18.25.12:435][  0]LogTemp: Display: Loaded TP MacServerTargetPlatform
[2017.12.07-18.25.12:484][  0]LogTemp: Display: Loaded TP MacTargetPlatform
[2017.12.07-18.25.12:531][  0]LogTemp: Display: Loaded TP WindowsClientTargetPlatform
[2017.12.07-18.25.12:578][  0]LogTemp: Display: Loaded TP WindowsNoEditorTargetPlatform
[2017.12.07-18.25.12:626][  0]LogTemp: Display: Loaded TP WindowsServerTargetPlatform
[2017.12.07-18.25.12:668][  0]LogTemp: Display: Loaded TP WindowsTargetPlatform
[2017.12.07-18.25.12:714][  0]LogTemp: Display: Loaded TP Android_ASTCTargetPlatform
[2017.12.07-18.25.12:761][  0]LogTemp: Display: Loaded TP Android_ATCTargetPlatform
[2017.12.07-18.25.12:808][  0]LogTemp: Display: Loaded TP Android_DXTTargetPlatform
[2017.12.07-18.25.12:854][  0]LogTemp: Display: Loaded TP Android_ETC1TargetPlatform
[2017.12.07-18.25.12:899][  0]LogTemp: Display: Loaded TP Android_ETC2TargetPlatform
[2017.12.07-18.25.12:991][  0]LogTemp: Display: Loaded TP Android_MultiTargetPlatform
[2017.12.07-18.25.12:991][  0]LogTemp: Display: Loaded TP Android_PVRTCTargetPlatform
[2017.12.07-18.25.13:039][  0]LogTemp: Display: Loaded TP AndroidTargetPlatform
[2017.12.07-18.25.13:075][  0]LogTemp: Display: Loaded TP HTML5TargetPlatform
[2017.12.07-18.25.13:160][  0]LogTemp: Display: Loaded TP IOSTargetPlatform
[2017.12.07-18.25.13:186][  0]LogTemp: Display: Loaded TP TVOSTargetPlatform
[2017.12.07-18.25.13:236][  0]LogTemp: Display: Loaded TP LinuxClientTargetPlatform
[2017.12.07-18.25.13:291][  0]LogTemp: Display: Loaded TP LinuxNoEditorTargetPlatform
[2017.12.07-18.25.13:336][  0]LogTemp: Display: Loaded TP LinuxServerTargetPlatform
[2017.12.07-18.25.13:385][  0]LogTemp: Display: Loaded TP LinuxTargetPlatform
[2017.12.07-18.25.13:385][  0]LogTargetPlatformManager: Display: Building Assets For Windows
[2017.12.07-18.25.13:802][  0]LogDerivedDataCache: Display: Max Cache Size: 512 MB
[2017.12.07-18.25.13:854][  0]LogDerivedDataCache: Loaded boot cache 0.05s 70MB C:/Users/rajjj/AppData/Local/UnrealEngine/4.18/DerivedDataCache/Boot.ddc.
[2017.12.07-18.25.13:854][  0]LogDerivedDataCache: Display: Loaded Boot cache: C:/Users/rajjj/AppData/Local/UnrealEngine/4.18/DerivedDataCache/Boot.ddc
[2017.12.07-18.25.13:854][  0]LogDerivedDataCache: FDerivedDataBackendGraph:  Pak pak cache file ../../../../../../Users/rajjj/OneDrive/Documents/GitHub/DatBoiEntertainmetnGame_/DerivedDataCache/DDC.ddp not found, will not use a pak cache.
[2017.12.07-18.25.13:854][  0]LogDerivedDataCache: Unable to find inner node Pak for hierarchical cache Hierarchy.
[2017.12.07-18.25.13:854][  0]LogDerivedDataCache: FDerivedDataBackendGraph:  CompressedPak pak cache file ../../../../../../Users/rajjj/OneDrive/Documents/GitHub/DatBoiEntertainmetnGame_/DerivedDataCache/Compressed.ddp not found, will not use a pak cache.
[2017.12.07-18.25.13:854][  0]LogDerivedDataCache: Unable to find inner node CompressedPak for hierarchical cache Hierarchy.
[2017.12.07-18.25.13:869][  0]LogDerivedDataCache: Display: Pak cache opened for reading ../../../Engine/DerivedDataCache/Compressed.ddp.
[2017.12.07-18.25.13:881][  0]LogDerivedDataCache: Using Local data cache path C:/Users/rajjj/AppData/Local/UnrealEngine/Common/DerivedDataCache: Writable
[2017.12.07-18.25.13:890][  0]LogMaterial: Verifying Global Shaders for PCD3D_SM5
[2017.12.07-18.25.13:890][  0]LogSlate: Using Freetype 2.6.0
[2017.12.07-18.25.13:890][  0]LogSlate: SlateFontCache - WITH_FREETYPE: 1, WITH_HARFBUZZ: 1
[2017.12.07-18.25.13:890][  0]LogSlate: SlateFontCache - WITH_FREETYPE: 1, WITH_HARFBUZZ: 1
[2017.12.07-18.25.14:195][  0]LogInit: Selected Device Profile: [Windows]
[2017.12.07-18.25.14:492][  0]LogSimplygon: Simplygon DLL not present - disabling.
[2017.12.07-18.25.14:528][  0]LogMeshReduction: Using SimplygonSwarm for distributed automatic mesh merging
[2017.12.07-18.25.14:528][  0]LogMeshReduction: Using QuadricMeshReduction for automatic static mesh reduction
[2017.12.07-18.25.14:528][  0]LogMeshReduction: No automatic skeletal mesh reduction module available
[2017.12.07-18.25.14:528][  0]LogMeshReduction: No automatic mesh merging module available
[2017.12.07-18.25.14:528][  0]LogMeshMerging: No automatic mesh merging module available
[2017.12.07-18.25.14:552][  0]LogNetVersion: InsertNameAdventure , NetCL: 3709383, EngineNetVer: 2, GameNetVer: 0 (Checksum: 1457064711)
[2017.12.07-18.25.14:700][  0]LogAssetRegistry: FAssetRegistry took 0.0262 seconds to start up
[2017.12.07-18.25.15:148][  0]LogPackageLocalizationCache: Processed 7 localized package path(s) for 2 prioritized culture(s) in 0.066120 seconds
[2017.12.07-18.25.15:153][  0]LogUObjectArray: 35900 objects as part of root set at end of initial load.
[2017.12.07-18.25.15:153][  0]LogUObjectAllocator: 7372016 out of 0 bytes used by permanent object pool.
[2017.12.07-18.25.15:153][  0]LogUObjectArray: CloseDisregardForGC: 0/0 objects in disregard for GC pool
[2017.12.07-18.25.15:202][  0]LogInit: WinSock: version 1.1 (2.2), MaxSocks=32767, MaxUdp=65467
[2017.12.07-18.25.17:571][  0]LogTcpMessaging: Initializing TcpMessaging bridge
[2017.12.07-18.25.17:611][  0]LogUdpMessaging: Initializing bridge on interface 0.0.0.0:0 to multicast group 230.0.0.1:6666.
[2017.12.07-18.25.18:261][  0]LogMaterial: Uniform references updated for custom material expression Custom.
[2017.12.07-18.25.18:645][  0]SourceControl: Source control is disabled
[2017.12.07-18.25.19:783][  0]LogAndroidPermission: UAndroidPermissionCallbackProxy::GetInstance
[2017.12.07-18.25.20:029][  0]LogOcInput: OculusInput pre-init called
[2017.12.07-18.25.20:295][  0]LogEngine: Initializing Engine...
[2017.12.07-18.25.20:297][  0]LogHMD: Failed to initialize OpenVR with code 110
[2017.12.07-18.25.20:498][  0]LogStats: UGameplayTagsManager::ConstructGameplayTagTree: Construct from data asset -  0.000 s
[2017.12.07-18.25.20:498][  0]LogStats: UGameplayTagsManager::ConstructGameplayTagTree: GameplayTagTreeChangedEvent.Broadcast -  0.000 s
[2017.12.07-18.25.20:611][  0]LogAIModule: Creating AISystem for world Untitled
[2017.12.07-18.25.20:620][  0]LogInit: XAudio2 using 'Speakers (2- Logitech G930 Headset)' : 2 channels at 48 kHz using 16 bits per sample (channel mask 0x3)
[2017.12.07-18.25.20:628][  0]LogInit: FAudioDevice initialized.
[2017.12.07-18.25.20:698][  0]LogDerivedDataCache: Saved boot cache 0.07s 78MB C:/Users/rajjj/AppData/Local/UnrealEngine/4.18/DerivedDataCache/Boot.ddc.
[2017.12.07-18.25.20:709][  0]LogInit: Texture streaming: Enabled
[2017.12.07-18.25.20:801][  0]LogEngineSessionManager: EngineSessionManager initialized
[2017.12.07-18.25.20:802][  0]LogEngineSessionManager: EngineSessionManager sent abnormal shutdown report. Type=AbnormalShutdown, SessionId={1E473E16-4109-D63C-590E-2FA49BCEF73A}
[2017.12.07-18.25.20:920][  0]LogInit: Transaction tracking system initialized
[2017.12.07-18.25.21:212][  0]BlueprintLog: New page: Editor Load
[2017.12.07-18.25.22:029][  0]LocalizationService: Localization service is disabled
[2017.12.07-18.25.22:703][  0]LogConsoleResponse: Display: 
[2017.12.07-18.25.22:866][  0]LogCook: Display: Max memory allowance for cook 16384mb min free memory 0mb
[2017.12.07-18.25.22:866][  0]LogCook: Display: Mobile HDR setting 1
[2017.12.07-18.25.22:866][  0]LogGameplayTags: Display: UGameplayTagsManager::DoneAddingNativeTags. DelegateIsBound: 0
[2017.12.07-18.25.23:901][  0]LogFileCache: Scanning file cache for directory 'C:/Users/rajjj/OneDrive/Documents/GitHub/DatBoiEntertainmetnGame_/Content/' took 0.02s
[2017.12.07-18.25.23:943][  0]Cmd: MAP LOAD FILE="../../../../../../Users/rajjj/OneDrive/Documents/GitHub/DatBoiEntertainmetnGame_/Content/2DSideScrollerBP/Maps/Levels/Rainforest_Alien.umap" TEMPLATE=0 SHOWPROGRESS=1 FEATURELEVEL=3
[2017.12.07-18.25.23:944][  0]LightingResults: New page: Lighting Build
[2017.12.07-18.25.23:982][  0]MapCheck: New page: Map Check
[2017.12.07-18.25.23:982][  0]LightingResults: New page: Lighting Build
[2017.12.07-18.25.25:258][  0]LogMaterial: Missing cached shader map for material BlueLight_M1, compiling. 
[2017.12.07-18.25.25:259][  0]LogMaterial: Warning: C:\Users\rajjj\OneDrive\Documents\GitHub\DatBoiEntertainmetnGame_\Content\2DSideScrollerBP\Maps\Levels\LevelSprites\Sprites\Rain_Forrest_Sprites\Materials\BlueLight_M1.uasset: Failed to compile Material for platform PCD3D_SM5, Default Material will be used in game.
[2017.12.07-18.25.25:259][  0]LogMaterial: 	Function Flicker_MF: Missing function input 'Color'
[2017.12.07-18.25.25:293][  0]LogAIModule: Creating AISystem for world Rainforest_Alien
[2017.12.07-18.25.25:336][  0]LogEditorServer: Finished looking for orphan Actors (0.000 secs)
[2017.12.07-18.25.25:352][  0]Cmd: MAP CHECKDEP NOCLEARLOG
[2017.12.07-18.25.25:417][  0]MapCheck: Map check complete: 0 Error(s), 0 Warning(s), took 65.381ms to complete.
[2017.12.07-18.25.25:418][  0]LogFileHelpers: Loading map 'Rainforest_Alien' took 1.474
[2017.12.07-18.25.25:564][  0]LogCollectionManager: Loaded 0 collections in 0.001457 seconds
[2017.12.07-18.25.25:646][  0]LogFileCache: Scanning file cache for directory 'C:/Users/rajjj/OneDrive/Documents/GitHub/DatBoiEntertainmetnGame_/Saved/Collections/' took 0.01s
[2017.12.07-18.25.25:646][  0]LogFileCache: Scanning file cache for directory 'C:/Users/rajjj/OneDrive/Documents/GitHub/DatBoiEntertainmetnGame_/Content/Developers/rajjj/Collections/' took 0.01s
[2017.12.07-18.25.25:646][  0]LogFileCache: Scanning file cache for directory 'C:/Users/rajjj/OneDrive/Documents/GitHub/DatBoiEntertainmetnGame_/Content/Collections/' took 0.01s
[2017.12.07-18.25.25:646][  0]LogCollectionManager: Rebuilt the GUID cache for 0 collections in 0.000001 seconds
[2017.12.07-18.25.25:654][  0]LogContentBrowser: Native class hierarchy populated in 0.0073 seconds. Added 2363 classes and 519 folders.
[2017.12.07-18.25.25:717][  0]LogContentBrowser: Native class hierarchy updated for 'WidgetCarousel' in 0.0002 seconds. Added 0 classes and 0 folders.
[2017.12.07-18.25.25:748][  0]LogContentBrowser: Native class hierarchy updated for 'AddContentDialog' in 0.0002 seconds. Added 0 classes and 0 folders.
[2017.12.07-18.25.25:789][  0]LogContentBrowser: Native class hierarchy updated for 'SceneOutliner' in 0.0002 seconds. Added 1 classes and 2 folders.
[2017.12.07-18.25.25:805][  0]LogSlate: Took 0.000146 seconds to synchronously load lazily loaded font '../../../Engine/Content/Slate/Fonts/Roboto-Regular.ttf' (155K)
[2017.12.07-18.25.25:807][  0]LogSlate: Took 0.000172 seconds to synchronously load lazily loaded font '../../../Engine/Content/Slate/Fonts/Roboto-Bold.ttf' (160K)
[2017.12.07-18.25.25:812][  0]LogSlate: Took 0.000186 seconds to synchronously load lazily loaded font '../../../Engine/Content/Editor/Slate/Fonts/FontAwesome.ttf' (139K)
[2017.12.07-18.25.25:897][  0]LogRenderer: Reallocating scene render targets to support 1616x580 Format 10 NumSamples 1 (Frame:1).
[2017.12.07-18.25.26:114][  0]LogContentBrowser: Native class hierarchy updated for 'HierarchicalLODOutliner' in 0.0002 seconds. Added 1 classes and 2 folders.
[2017.12.07-18.25.26:115][  0]LogLoad: (Engine Initialization) Total time: 17.63 seconds
[2017.12.07-18.25.26:115][  0]LogLoad: (Engine Initialization) Total Blueprint compile time: 0.00 seconds
[2017.12.07-18.25.26:115][  0]LogExternalProfiler: No external profilers were discovered.  External profiling features will not be available.
[2017.12.07-18.25.26:449][  0]LogWindowsTextInputMethodSystem: Display: IME system now deactivated.
[2017.12.07-18.25.26:488][  0]SourceControl: On branch V1.5.1
[2017.12.07-18.25.26:488][  0]SourceControl: Your branch is up-to-date with 'origin/V1.5.1'.
[2017.12.07-18.25.26:488][  0]SourceControl: No commands done.
[2017.12.07-18.25.26:488][  0]SourceControl: Next commands to do (2 remaining commands):
[2017.12.07-18.25.26:488][  0]SourceControl:    pick b627089 Redid mt backdrop and started work on a desert zone
[2017.12.07-18.25.26:488][  0]SourceControl:    pick 5400dc0 Revert "Redid mt backdrop and started work on a desert zone"
[2017.12.07-18.25.26:488][  0]SourceControl:   (use "git rebase --edit-todo" to view and edit)
[2017.12.07-18.25.26:488][  0]SourceControl: You are currently editing a commit while rebasing branch 'V1.5.1' on 'ad616f1'.
[2017.12.07-18.25.26:488][  0]SourceControl:   (use "git commit --amend" to amend the current commit)
[2017.12.07-18.25.26:488][  0]SourceControl:   (use "git rebase --continue" once you are satisfied with your changes)
[2017.12.07-18.25.26:488][  0]SourceControl: Changes not staged for commit:
[2017.12.07-18.25.26:488][  0]SourceControl:   (use "git add <file>..." to update what will be committed)
[2017.12.07-18.25.26:488][  0]SourceControl:   (use "git checkout -- <file>..." to discard changes in working directory)
[2017.12.07-18.25.26:488][  0]SourceControl: 	modified:   InsertNameAdventure.uproject
[2017.12.07-18.25.26:488][  0]SourceControl: 	modified:   Intermediate/AssetRegistryCache/1d5167fa.bin
[2017.12.07-18.25.26:488][  0]SourceControl: 	modified:   Intermediate/AssetRegistryCache/1f683343.bin
[2017.12.07-18.25.26:488][  0]SourceControl: 	modified:   Intermediate/AssetRegistryCache/2657c409.bin
[2017.12.07-18.25.26:488][  0]SourceControl: 	modified:   Intermediate/AssetRegistryCache/311563bb.bin
[2017.12.07-18.25.26:488][  0]SourceControl: 	modified:   Intermediate/AssetRegistryCache/5a627529.bin
[2017.12.07-18.25.26:488][  0]SourceControl: 	modified:   Intermediate/AssetRegistryCache/866581fd.bin
[2017.12.07-18.25.26:488][  0]SourceControl: 	modified:   Intermediate/AssetRegistryCache/8c0e1344.bin
[2017.12.07-18.25.26:488][  0]SourceControl: 	modified:   Intermediate/AssetRegistryCache/94c5d5a7.bin
[2017.12.07-18.25.26:488][  0]SourceControl: 	modified:   Intermediate/AssetRegistryCache/bf121eca.bin
[2017.12.07-18.25.26:488][  0]SourceControl: 	modified:   Intermediate/AssetRegistryCache/c90e3f55.bin
[2017.12.07-18.25.26:488][  0]SourceControl: 	modified:   Intermediate/AssetRegistryCache/cef2e191.bin
[2017.12.07-18.25.26:488][  0]SourceControl: 	modified:   Intermediate/AssetRegistryCache/f0d5030c.bin
[2017.12.07-18.25.26:488][  0]SourceControl: 	modified:   Intermediate/CachedAssetRegistry.bin
[2017.12.07-18.25.26:488][  0]SourceControl: 	modified:   Intermediate/Config/CoalescedSourceConfigs/DeviceProfiles.ini
[2017.12.07-18.25.26:488][  0]SourceControl: 	modified:   Intermediate/Config/CoalescedSourceConfigs/Editor.ini
[2017.12.07-18.25.26:488][  0]SourceControl: 	modified:   Intermediate/Config/CoalescedSourceConfigs/EditorPerProjectUserSettings.ini
[2017.12.07-18.25.26:488][  0]SourceControl: 	modified:   Intermediate/Config/CoalescedSourceConfigs/EditorSettings.ini
[2017.12.07-18.25.26:488][  0]SourceControl: 	modified:   Intermediate/Config/CoalescedSourceConfigs/Engine.ini
[2017.12.07-18.25.26:488][  0]SourceControl: 	modified:   Intermediate/Config/CoalescedSourceConfigs/Game.ini
[2017.12.07-18.25.26:488][  0]SourceControl: 	modified:   Intermediate/Config/CoalescedSourceConfigs/Input.ini
[2017.12.07-18.25.26:488][  0]SourceControl: 	modified:   Intermediate/Config/CoalescedSourceConfigs/Lightmass.ini
[2017.12.07-18.25.26:488][  0]SourceControl: 	modified:   Intermediate/Config/CoalescedSourceConfigs/Scalability.ini
[2017.12.07-18.25.26:488][  0]SourceControl: 	modified:   Intermediate/ReimportCache/3688439234.bin
[2017.12.07-18.25.26:488][  0]SourceControl: 	modified:   Saved/AutoScreenshot.png
[2017.12.07-18.25.26:488][  0]SourceControl: 	modified:   Saved/Autosaves/PackageRestoreData.json
[2017.12.07-18.25.26:488][  0]SourceControl: 	modified:   Saved/Config/Windows/Editor.ini
[2017.12.07-18.25.26:488][  0]SourceControl: 	modified:   Saved/Config/Windows/EditorPerProjectUserSettings.ini
[2017.12.07-18.25.26:488][  0]SourceControl: 	modified:   Saved/Config/Windows/Engine.ini
[2017.12.07-18.25.26:488][  0]SourceControl: 	modified:   Saved/Config/Windows/Input.ini
[2017.12.07-18.25.26:488][  0]SourceControl: 	modified:   Saved/Logs/InsertNameAdventure.log
[2017.12.07-18.25.26:488][  0]SourceControl: 	modified:   Saved/Logs/InsertNameAdventure_2.log
[2017.12.07-18.25.26:488][  0]SourceControl: Untracked files:
[2017.12.07-18.25.26:488][  0]SourceControl:   (use "git add <file>..." to include in what will be committed)
[2017.12.07-18.25.26:489][  0]SourceControl: 	Intermediate/AssetRegistryCache/2f5244c7.bin
[2017.12.07-18.25.26:489][  0]SourceControl: 	Intermediate/AssetRegistryCache/44c3f9c9.bin
[2017.12.07-18.25.26:489][  0]SourceControl: 	Intermediate/AssetRegistryCache/50d6f4e0.bin
[2017.12.07-18.25.26:489][  0]SourceControl: 	Intermediate/AssetRegistryCache/52ed2538.bin
[2017.12.07-18.25.26:489][  0]SourceControl: 	Intermediate/Config/CoalescedSourceConfigs/ActorSequence.ini
[2017.12.07-18.25.26:489][  0]SourceControl: 	Intermediate/Config/CoalescedSourceConfigs/AppleARKit.ini
[2017.12.07-18.25.26:489][  0]SourceControl: 	Intermediate/Config/CoalescedSourceConfigs/ImgMedia.ini
[2017.12.07-18.25.26:489][  0]SourceControl: 	Intermediate/Config/CoalescedSourceConfigs/MediaCompositing.ini
[2017.12.07-18.25.26:489][  0]SourceControl: 	Intermediate/Config/CoalescedSourceConfigs/VisualStudioCodeSourceCodeAccess.ini
[2017.12.07-18.25.26:489][  0]SourceControl: 	Saved/Config/CrashReportClient/UE4CC-Windows-5BE72C404FDB59DFAEF92EB39FF52EB8/
[2017.12.07-18.25.26:489][  0]SourceControl: 	Saved/Config/CrashReportClient/UE4CC-Windows-820721E049B7A39DE39B3A8BC994918E/
[2017.12.07-18.25.26:489][  0]SourceControl: 	Saved/Logs/InsertNameAdventure-backup-2017.12.07-11.15.53.log
[2017.12.07-18.25.26:489][  0]SourceControl: 	Saved/Logs/InsertNameAdventure_2-backup-2017.12.07-11.25.09.log
[2017.12.07-18.25.26:489][  0]SourceControl: no changes added to commit (use "git add" and/or "git commit -a")
[2017.12.07-18.25.26:489][  0]LogContentStreaming: Texture pool size now 1000 MB
[2017.12.07-18.25.26:528][  0]LogSlate: Took 0.000170 seconds to synchronously load lazily loaded font '../../../Engine/Content/Slate/Fonts/Roboto-Light.ttf' (159K)
[2017.12.07-18.25.26:796][  1]LogAssetRegistry: Asset discovery search completed in 12.1189 seconds
[2017.12.07-18.25.26:799][  1]LogCollectionManager: Rebuilt the object cache for 0 collections in 0.000000 seconds (found 0 objects)
[2017.12.07-18.25.26:799][  1]LogCollectionManager: Fixed up redirectors for 0 collections in 0.000044 seconds (updated 0 objects)
[2017.12.07-18.25.26:806][  1]LogParticles: Warning: Spawning 23333 GPU particles in one frame[2]: RainFall4_PS/Particle Emitter
[2017.12.07-18.25.28:448][109]LogParticles: Warning: Spawning 23334 GPU particles in one frame[110]: RainFall4_PS/Particle Emitter
[2017.12.07-18.25.31:792][441]LogFileCache: Retrieving MD5 hashes for directory 'C:/Users/rajjj/OneDrive/Documents/GitHub/DatBoiEntertainmetnGame_/Content/' took 5.32s
[2017.12.07-18.25.35:125][705]LogSlate: Took 0.000113 seconds to synchronously load lazily loaded font '../../../Engine/Content/Slate/Fonts/Roboto-Light.ttf' (159K)
[2017.12.07-18.25.35:162][705]LogAIModule: Creating AISystem for world Test_Area1
[2017.12.07-18.25.35:185][705]Cmd: MAP LOAD FILE="../../../../../../Users/rajjj/OneDrive/Documents/GitHub/DatBoiEntertainmetnGame_/Content/2DSideScrollerBP/Maps/Levels/Test_Area1.umap" TEMPLATE=0 SHOWPROGRESS=1 FEATURELEVEL=3
[2017.12.07-18.25.35:186][705]LightingResults: New page: Lighting Build
[2017.12.07-18.25.35:186][705]LoadErrors: New page: Loading map: Test_Area1.umap
[2017.12.07-18.25.35:190][705]MapCheck: New page: Map Check
[2017.12.07-18.25.35:190][705]LightingResults: New page: Lighting Build
[2017.12.07-18.25.35:217][705]LogEditorServer: Finished looking for orphan Actors (0.000 secs)
[2017.12.07-18.25.35:283][705]Cmd: MAP CHECKDEP NOCLEARLOG
[2017.12.07-18.25.35:348][705]MapCheck: Map check complete: 0 Error(s), 0 Warning(s), took 65.326ms to complete.
[2017.12.07-18.25.35:348][705]LogFileHelpers: Loading map 'Test_Area1' took 0.163
[2017.12.07-18.25.38:608][ 57]LogRenderer: Reallocating scene render targets to support 1616x584 Format 10 NumSamples 1 (Frame:378).
[2017.12.07-18.25.38:645][ 58]LogRenderer: Reallocating scene render targets to support 1616x588 Format 10 NumSamples 1 (Frame:380).
[2017.12.07-18.25.38:682][ 59]LogRenderer: Reallocating scene render targets to support 1616x596 Format 10 NumSamples 1 (Frame:382).
[2017.12.07-18.25.38:719][ 60]LogRenderer: Reallocating scene render targets to support 1616x600 Format 10 NumSamples 1 (Frame:384).
[2017.12.07-18.25.38:755][ 61]LogRenderer: Reallocating scene render targets to support 1616x608 Format 10 NumSamples 1 (Frame:386).
[2017.12.07-18.25.38:792][ 62]LogRenderer: Reallocating scene render targets to support 1616x616 Format 10 NumSamples 1 (Frame:388).
[2017.12.07-18.25.38:828][ 63]LogRenderer: Reallocating scene render targets to support 1616x624 Format 10 NumSamples 1 (Frame:390).
[2017.12.07-18.25.38:862][ 64]LogRenderer: Reallocating scene render targets to support 1616x632 Format 10 NumSamples 1 (Frame:392).
[2017.12.07-18.25.38:900][ 65]LogRenderer: Reallocating scene render targets to support 1616x640 Format 10 NumSamples 1 (Frame:394).
[2017.12.07-18.25.38:936][ 66]LogRenderer: Reallocating scene render targets to support 1616x648 Format 10 NumSamples 1 (Frame:396).
[2017.12.07-18.25.38:975][ 67]LogRenderer: Reallocating scene render targets to support 1616x660 Format 10 NumSamples 1 (Frame:398).
[2017.12.07-18.25.39:013][ 68]LogRenderer: Reallocating scene render targets to support 1616x664 Format 10 NumSamples 1 (Frame:400).
[2017.12.07-18.25.39:053][ 69]LogRenderer: Reallocating scene render targets to support 1616x668 Format 10 NumSamples 1 (Frame:402).
[2017.12.07-18.25.39:625][132]LogRenderer: Reallocating scene render targets to support 1616x676 Format 10 NumSamples 1 (Frame:406).
[2017.12.07-18.25.39:662][133]LogRenderer: Reallocating scene render targets to support 1616x680 Format 10 NumSamples 1 (Frame:408).
[2017.12.07-18.25.43:814][555]LogTemp: Repeating last play command: Selected Viewport
[2017.12.07-18.25.43:895][555]LogPlayLevel: PlayLevel: No blueprints needed recompiling
[2017.12.07-18.25.43:895][555]PIE: New page: PIE session: Test_Area1 (Dec 7, 2017, 4:25:43 AM)
[2017.12.07-18.25.43:895][555]LogPlayLevel: Creating play world package: /Game/2DSideScrollerBP/Maps/Levels/UEDPIE_0_Test_Area1
[2017.12.07-18.25.43:897][555]LogPlayLevel: PIE: StaticDuplicateObject took: (0.001852s)
[2017.12.07-18.25.43:897][555]LogAIModule: Creating AISystem for world Test_Area1
[2017.12.07-18.25.43:898][555]LogPlayLevel: PIE: World Init took: (0.000534s)
[2017.12.07-18.25.43:898][555]LogPlayLevel: PIE: Created PIE world by copying editor world from /Game/2DSideScrollerBP/Maps/Levels/Test_Area1.Test_Area1 to /Game/2DSideScrollerBP/Maps/Levels/UEDPIE_0_Test_Area1.Test_Area1 (0.002608s)
[2017.12.07-18.25.43:911][555]LogInit: XAudio2 using 'Speakers (2- Logitech G930 Headset)' : 2 channels at 48 kHz using 16 bits per sample (channel mask 0x3)
[2017.12.07-18.25.43:917][555]LogInit: FAudioDevice initialized.
[2017.12.07-18.25.43:960][555]LogLoad: Game class is '2DSideScrollerGameMode_C'
[2017.12.07-18.25.43:966][555]LogWorld: Bringing World /Game/2DSideScrollerBP/Maps/Levels/UEDPIE_0_Test_Area1.Test_Area1 up for play (max tick rate 0) at 2017.12.07-11.25.43
[2017.12.07-18.25.43:967][555]LogWorld: Bringing up level for play took: 0.005807
[2017.12.07-18.25.44:008][555]LogContentBrowser: Native class hierarchy updated for 'MovieSceneCapture' in 0.0002 seconds. Added 11 classes and 0 folders.
[2017.12.07-18.25.44:017][555]PIE: Play in editor start time for /Game/2DSideScrollerBP/Maps/Levels/UEDPIE_0_Test_Area1 0.232
[2017.12.07-18.25.59:730][422]Cmd: fov 60
[2017.12.07-18.26.05:829][153]Cmd: fov 50
[2017.12.07-18.26.16:384][419]Cmd: fov 30
[2017.12.07-18.26.41:053][355]LogEditorViewport: Clicking on Actor (LMB): Enemy_Test_BP_C (Enemy_Test_BP5)
[2017.12.07-18.26.49:156][143]LogContentBrowser: Native class hierarchy updated for 'BlueprintGraph' in 0.0005 seconds. Added 116 classes and 0 folders.
[2017.12.07-18.26.49:760][143]LogSlate: Took 0.000117 seconds to synchronously load lazily loaded font '../../../Engine/Content/Slate/Fonts/Roboto-Regular.ttf' (155K)
[2017.12.07-18.26.49:817][143]LogSlate: Took 0.000216 seconds to synchronously load lazily loaded font '../../../Engine/Content/Editor/Slate/Fonts/Roboto-BoldCondensed.ttf' (158K)
