Log file open, 07/11/17 11:48:59
LogInit:Display: Running engine for game: InsertNameAdventure
LogPlatformFile: Not using cached read wrapper
LogInit:Display: RandInit(-1593969795) SRandInit(-1593969795).
LogTaskGraph: Started task graph with 5 named threads and 8 total threads with 1 sets of task threads.
LogStats: Stats thread started at 0.081042
LogInit: Using libcurl 7.47.1
LogInit:  - built for x86_64-pc-win32
LogInit:  - supports SSL with OpenSSL/1.0.2g
LogInit:  - supports HTTP deflate (compression) using libz 1.2.8
LogInit:  - other features:
LogInit:      CURL_VERSION_SSL
LogInit:      CURL_VERSION_LIBZ
LogInit:      CURL_VERSION_IPV6
LogInit:      CURL_VERSION_ASYNCHDNS
LogInit:      CURL_VERSION_LARGEFILE
LogInit:      CURL_VERSION_IDN
LogInit:  CurlRequestOptions (configurable via config and command line):
LogInit:  - bVerifyPeer = false  - Libcurl will NOT verify peer certificate
LogInit:  - bUseHttpProxy = false  - Libcurl will NOT use HTTP proxy
LogInit:  - bDontReuseConnections = false  - Libcurl will reuse connections
LogInit:  - CertBundlePath = nullptr  - Libcurl will use whatever was configured at build time.
LogInit: Build: ++UE4+Release-4.16-CL-3466753
LogInit: Engine Version: 4.16.1-3466753+++UE4+Release-4.16
LogInit: Compatible Engine Version: 4.16.0-3452394+++UE4+Release-4.16
LogInit: Net CL: 3452394
LogDevObjectVersion: Number of dev versions registered: 16
LogDevObjectVersion:   Dev-Blueprints (B0D832E4-1F89-4F0D-ACCF-7EB736FD4AA2): 9
LogDevObjectVersion:   Dev-Build (E1C64328-A22C-4D53-A36C-8E866417BD8C): 0
LogDevObjectVersion:   Dev-Core (375EC13C-06E4-48FB-B500-84F0262A717E): 2
LogDevObjectVersion:   Dev-Editor (E4B068ED-F494-42E9-A231-DA0B2E46BB41): 17
LogDevObjectVersion:   Dev-Framework (CFFC743F-43B0-4480-9391-14DF171D2073): 23
LogDevObjectVersion:   Dev-Mobile (B02B49B5-BB20-44E9-A304-32B752E40360): 0
LogDevObjectVersion:   Dev-Networking (A4E4105C-59A1-49B5-A7C5-40C4547EDFEE): 0
LogDevObjectVersion:   Dev-Online (39C831C9-5AE6-47DC-9A44-9C173E1C8E7C): 0
LogDevObjectVersion:   Dev-Physics (78F01B33-EBEA-4F98-B9B4-84EACCB95AA2): 0
LogDevObjectVersion:   Dev-Platform (6631380F-2D4D-43E0-8009-CF276956A95A): 0
LogDevObjectVersion:   Dev-Rendering (12F88B9F-8875-4AFC-A67C-D90C383ABD29): 15
LogDevObjectVersion:   Dev-Sequencer (7B5AE74C-D270-4C10-A958-57980B212A5A): 4
LogDevObjectVersion:   Dev-VR (D7296918-1DD6-4BDD-9DE2-64A83CC13884): 0
LogDevObjectVersion:   Dev-LoadTimes (C2A15278-BFE7-4AFE-6C17-90FF531DF755): 1
LogDevObjectVersion:   Private-Geometry (6EACA3D4-40EC-4CC1-B786-8BED09428FC5): 1
LogDevObjectVersion:   Dev-AnimPhys (29E575DD-E0A3-4627-9D10-D276232CDCEA): 3
LogInit: Compiled (64-bit): May 31 2017 02:03:30
LogInit: Compiled with Visual C++: 19.00.24215.01
LogInit: Build Configuration: Development
LogInit: Branch Name: ++UE4+Release-4.16
LogInit: Command line:  
LogInit: Base directory: C:/Program Files/Epic Games/UE_4.16/Engine/Binaries/Win64/
LogInit: Installed Engine Build: 1
LogInit: Presizing for max 8388607 objects, including 0 objects not considered by GC, pre-allocating 0 bytes for permanent pool.
LogInit: Object subsystem initialized
[2017.07.11-17.49.00:287][  0]LogInit: Selected Device Profile: [Windows]
[2017.07.11-17.49.00:287][  0]LogInit: Applying CVar settings loaded from the selected device profile: [Windows]
[2017.07.11-17.49.00:295][  0]LogInit: Computer: DESKTOP-SV0KJJ8
[2017.07.11-17.49.00:295][  0]LogInit: User: gentry
[2017.07.11-17.49.00:295][  0]LogInit: CPU Page size=4096, Cores=4
[2017.07.11-17.49.00:295][  0]LogInit: High frequency timer resolution =3.421876 MHz
[2017.07.11-17.49.00:295][  0]LogMemory: Memory total: Physical=8.0GB (8GB approx)
[2017.07.11-17.49.00:295][  0]LogMemory: Platform Memory Stats for Windows
[2017.07.11-17.49.00:295][  0]LogMemory: Process Physical Memory: 273.75 MB used, 273.75 MB peak
[2017.07.11-17.49.00:295][  0]LogMemory: Process Virtual Memory: 270.52 MB used, 270.52 MB peak
[2017.07.11-17.49.00:295][  0]LogMemory: Physical Memory: 2638.96 MB used,  5517.73 MB free, 8156.69 MB total
[2017.07.11-17.49.00:295][  0]LogMemory: Virtual Memory: 633.06 MB used,  5517.73 MB free, 134217728.00 MB total
[2017.07.11-17.49.00:353][  0]LogInit: Using OS detected language (en-US).
[2017.07.11-17.49.00:353][  0]LogInit: Using OS detected locale (en-US).
[2017.07.11-17.49.00:355][  0]LogTextLocalizationManager: No specific localization for 'en-US' exists, so the 'en' localization will be used.
[2017.07.11-17.49.01:091][  0]LogD3D11RHI: D3D11 adapters:
[2017.07.11-17.49.01:561][  0]LogD3D11RHI:    0. 'NVIDIA GeForce GTX 1070' (Feature Level 11_0)
[2017.07.11-17.49.01:561][  0]LogD3D11RHI:       8119/0/4078 MB DedicatedVideo/DedicatedSystem/SharedSystem, Outputs:1, VendorId:0x10de
[2017.07.11-17.49.01:563][  0]LogD3D11RHI:    1. 'Microsoft Basic Render Driver' (Feature Level 11_0)
[2017.07.11-17.49.01:563][  0]LogD3D11RHI:       0/0/4078 MB DedicatedVideo/DedicatedSystem/SharedSystem, Outputs:0, VendorId:0x1414
[2017.07.11-17.49.01:563][  0]LogD3D11RHI: Chosen D3D11 Adapter: 0
[2017.07.11-17.49.01:567][  0]LogD3D11RHI: Creating new Direct3DDevice
[2017.07.11-17.49.01:567][  0]LogD3D11RHI:     GPU DeviceId: 0x1b81 (for the marketing name, search the web for "GPU Device Id")
[2017.07.11-17.49.01:567][  0]LogWindows: EnumDisplayDevices:
[2017.07.11-17.49.01:567][  0]LogWindows:    0. 'NVIDIA GeForce GTX 1070' (P:1 D:1)
[2017.07.11-17.49.01:567][  0]LogWindows:    1. 'NVIDIA GeForce GTX 1070' (P:0 D:0)
[2017.07.11-17.49.01:567][  0]LogWindows:    2. 'NVIDIA GeForce GTX 1070' (P:0 D:0)
[2017.07.11-17.49.01:567][  0]LogWindows:    3. 'NVIDIA GeForce GTX 1070' (P:0 D:0)
[2017.07.11-17.49.01:568][  0]LogWindows: DebugString: FoundDriverCount:4 
[2017.07.11-17.49.01:568][  0]LogD3D11RHI:     Adapter Name: NVIDIA GeForce GTX 1070
[2017.07.11-17.49.01:568][  0]LogD3D11RHI:   Driver Version: 382.53 (internal:22.21.13.8253, unified:382.53)
[2017.07.11-17.49.01:568][  0]LogD3D11RHI:      Driver Date: 6-7-2017
[2017.07.11-17.49.01:568][  0]LogRHI: Texture pool is 1361 MB (70% of 1945 MB)
[2017.07.11-17.49.02:027][  0]LogD3D11RHI: Async texture creation enabled
[2017.07.11-17.49.02:054][  0]LogD3D11RHI: GPU Timing Frequency: 1000.000000 (Debug: 2 1)
[2017.07.11-17.49.02:055][  0]LogShaderCompilers: Guid format shader working directory is -25 characters bigger than the processId version (../../../../../../Users/gentry/Documents/GitHub/DatBoiEntertainmetnGame_/Intermediate/Shaders/WorkingDirectory/6512/).
[2017.07.11-17.49.02:055][  0]LogShaderCompilers: Cleaned the shader compiler working directory 'C:/Users/gentry/AppData/Local/Temp/UnrealShaderWorkingDir/3C298B064BF753A63FD2D48D6D40BB4A/'.
[2017.07.11-17.49.02:055][  0]LogShaderCompilers:Display: Using Local Shader Compiler.
[2017.07.11-17.49.02:876][  0]LogTemp:Display: Loaded TP AllDesktopTargetPlatform
[2017.07.11-17.49.02:925][  0]LogTemp:Display: Loaded TP MacClientTargetPlatform
[2017.07.11-17.49.02:971][  0]LogTemp:Display: Loaded TP MacNoEditorTargetPlatform
[2017.07.11-17.49.03:018][  0]LogTemp:Display: Loaded TP MacServerTargetPlatform
[2017.07.11-17.49.03:066][  0]LogTemp:Display: Loaded TP MacTargetPlatform
[2017.07.11-17.49.03:112][  0]LogTemp:Display: Loaded TP WindowsClientTargetPlatform
[2017.07.11-17.49.03:158][  0]LogTemp:Display: Loaded TP WindowsNoEditorTargetPlatform
[2017.07.11-17.49.03:206][  0]LogTemp:Display: Loaded TP WindowsServerTargetPlatform
[2017.07.11-17.49.03:247][  0]LogTemp:Display: Loaded TP WindowsTargetPlatform
[2017.07.11-17.49.03:292][  0]LogTemp:Display: Loaded TP AndroidTargetPlatform
[2017.07.11-17.49.03:337][  0]LogTemp:Display: Loaded TP Android_ASTCTargetPlatform
[2017.07.11-17.49.03:381][  0]LogTemp:Display: Loaded TP Android_ATCTargetPlatform
[2017.07.11-17.49.03:426][  0]LogTemp:Display: Loaded TP Android_DXTTargetPlatform
[2017.07.11-17.49.03:470][  0]LogTemp:Display: Loaded TP Android_ETC1TargetPlatform
[2017.07.11-17.49.03:514][  0]LogTemp:Display: Loaded TP Android_ETC2TargetPlatform
[2017.07.11-17.49.03:605][  0]LogTemp:Display: Loaded TP Android_MultiTargetPlatform
[2017.07.11-17.49.03:605][  0]LogTemp:Display: Loaded TP Android_PVRTCTargetPlatform
[2017.07.11-17.49.03:641][  0]LogTemp:Display: Loaded TP HTML5TargetPlatform
[2017.07.11-17.49.03:725][  0]LogTemp:Display: Loaded TP IOSTargetPlatform
[2017.07.11-17.49.03:751][  0]LogTemp:Display: Loaded TP TVOSTargetPlatform
[2017.07.11-17.49.03:794][  0]LogTemp:Display: Loaded TP LinuxClientTargetPlatform
[2017.07.11-17.49.03:839][  0]LogTemp:Display: Loaded TP LinuxNoEditorTargetPlatform
[2017.07.11-17.49.03:884][  0]LogTemp:Display: Loaded TP LinuxServerTargetPlatform
[2017.07.11-17.49.03:928][  0]LogTemp:Display: Loaded TP LinuxTargetPlatform
[2017.07.11-17.49.03:928][  0]LogTargetPlatformManager:Display: Building Assets For Windows
[2017.07.11-17.49.04:354][  0]LogDerivedDataCache:Display: Max Cache Size: 512 MB
[2017.07.11-17.49.04:426][  0]LogDerivedDataCache: Loaded boot cache 0.07s 90MB C:/Users/gentry/AppData/Local/UnrealEngine/4.16/DerivedDataCache/Boot.ddc.
[2017.07.11-17.49.04:426][  0]LogDerivedDataCache:Display: Loaded Boot cache: C:/Users/gentry/AppData/Local/UnrealEngine/4.16/DerivedDataCache/Boot.ddc
[2017.07.11-17.49.04:426][  0]LogDerivedDataCache: FDerivedDataBackendGraph:  Pak pak cache file ../../../../../../Users/gentry/Documents/GitHub/DatBoiEntertainmetnGame_/DerivedDataCache/DDC.ddp not found, will not use a pak cache.
[2017.07.11-17.49.04:426][  0]LogDerivedDataCache: Unable to find inner node Pak for hierarchical cache Hierarchy.
[2017.07.11-17.49.04:426][  0]LogDerivedDataCache: FDerivedDataBackendGraph:  CompressedPak pak cache file ../../../../../../Users/gentry/Documents/GitHub/DatBoiEntertainmetnGame_/DerivedDataCache/Compressed.ddp not found, will not use a pak cache.
[2017.07.11-17.49.04:426][  0]LogDerivedDataCache: Unable to find inner node CompressedPak for hierarchical cache Hierarchy.
[2017.07.11-17.49.04:439][  0]LogDerivedDataCache:Display: Pak cache opened for reading ../../../Engine/DerivedDataCache/Compressed.ddp.
[2017.07.11-17.49.04:451][  0]LogDerivedDataCache: Using Local data cache path C:/Users/gentry/AppData/Local/UnrealEngine/Common/DerivedDataCache: Writable
[2017.07.11-17.49.04:459][  0]LogMaterial: Verifying Global Shaders for PCD3D_SM5
[2017.07.11-17.49.04:459][  0]LogSlate: Using Freetype 2.6.0
[2017.07.11-17.49.04:459][  0]LogSlate: SlateFontCache - WITH_FREETYPE: 1, WITH_HARFBUZZ: 1
[2017.07.11-17.49.04:459][  0]LogSlate: SlateFontCache - WITH_FREETYPE: 1, WITH_HARFBUZZ: 1
[2017.07.11-17.49.04:725][  0]LogInit: Selected Device Profile: [Windows]
[2017.07.11-17.49.04:788][  0]LogContentStreaming: Texture pool size is 0.00 MB
[2017.07.11-17.49.04:918][  0]LogMeshUtilities: Using QuadricMeshReduction for automatic static mesh reduction
[2017.07.11-17.49.04:959][  0]LogSimplygon: Simplygon DLL not present - disabling.
[2017.07.11-17.49.05:004][  0]LogMeshUtilities: Using SimplygonSwarm for distributed automatic mesh merging
[2017.07.11-17.49.05:004][  0]LogMeshUtilities: No automatic skeletal mesh reduction module available
[2017.07.11-17.49.05:004][  0]LogMeshUtilities: No automatic mesh merging module available
[2017.07.11-17.49.05:482][  0]LogNetVersion: InsertNameAdventure , NetCL: 3452394, EngineNetVer: 2, GameNetVer: 0 (Checksum: 1278457987)
[2017.07.11-17.49.05:536][  0]LogAssetRegistry: FAssetRegistry took 0.0246 seconds to start up
[2017.07.11-17.49.05:600][  0]LogPackageLocalizationCache: Processed 4 localized package path(s) for 2 prioritized culture(s) in 0.043449 seconds
[2017.07.11-17.49.05:605][  0]LogUObjectArray: 34194 objects as part of root set at end of initial load.
[2017.07.11-17.49.05:605][  0]LogUObjectAllocator: 7260416 out of 0 bytes used by permanent object pool.
[2017.07.11-17.49.05:605][  0]LogUObjectArray: CloseDisregardForGC: 0/0 objects in disregard for GC pool
[2017.07.11-17.49.05:662][  0]LogInit: WinSock: version 1.1 (2.2), MaxSocks=32767, MaxUdp=65467
[2017.07.11-17.49.07:887][  0]LogTcpMessaging: Initializing TcpMessaging bridge
[2017.07.11-17.49.07:924][  0]LogUdpMessaging: Initializing bridge on interface 0.0.0.0:0 to multicast group 230.0.0.1:6666.
[2017.07.11-17.49.08:449][  0]LogMaterial: Uniform references updated for custom material expression Custom.
[2017.07.11-17.49.08:818][  0]SourceControl: Info Source control is disabled
[2017.07.11-17.49.10:146][  0]LogAndroidPermission: UAndroidPermissionCallbackProxy::GetInstance
[2017.07.11-17.49.10:688][  0]LogEngine: Initializing Engine...
[2017.07.11-17.49.10:689][  0]LogHMD: Failed to initialize OpenVR with code 110
[2017.07.11-17.49.10:853][  0]LogStats: UGameplayTagsManager::ConstructGameplayTagTree: Construct from data asset -  0.000 s
[2017.07.11-17.49.10:853][  0]LogStats: UGameplayTagsManager::ConstructGameplayTagTree: GameplayTagTreeChangedEvent.Broadcast -  0.000 s
[2017.07.11-17.49.10:972][  0]LogAIModule: Creating AISystem for world Untitled
[2017.07.11-17.49.10:980][  0]LogInit: XAudio2 using 'Speakers (3- Skullcandy GMX Dolby Transmitter)' : 2 channels at 48 kHz using 16 bits per sample (channel mask 0x3)
[2017.07.11-17.49.10:989][  0]LogInit: FAudioDevice initialized.
[2017.07.11-17.49.11:024][  0]LogDerivedDataCache: Saved boot cache 0.03s 90MB C:/Users/gentry/AppData/Local/UnrealEngine/4.16/DerivedDataCache/Boot.ddc.
[2017.07.11-17.49.11:031][  0]LogInit: Texture streaming: Enabled
[2017.07.11-17.49.11:112][  0]LogEngineSessionManager: EngineSessionManager initialized
[2017.07.11-17.49.11:310][  0]LogInit: Transaction tracking system initialized
[2017.07.11-17.49.11:594][  0]BlueprintLog: New page: Editor Load
[2017.07.11-17.49.12:444][  0]LocalizationService: Info Localization service is disabled
[2017.07.11-17.49.13:072][  0]LogConsoleResponse:Display: 
[2017.07.11-17.49.13:204][  0]LogCook:Display: Max memory allowance for cook 16384mb min free memory 0mb
[2017.07.11-17.49.13:204][  0]LogCook:Display: Mobile HDR setting 1
[2017.07.11-17.49.13:575][  0]LogFileCache: Scanning file cache for directory 'C:/Users/gentry/Documents/GitHub/DatBoiEntertainmetnGame_/Content/' took 0.02s
[2017.07.11-17.49.14:344][  0]Cmd: MAP LOAD FILE="../../../../../../Users/gentry/Documents/GitHub/DatBoiEntertainmetnGame_/Content/2DSideScrollerBP/Maps/2DSideScrollerExampleMap.umap" TEMPLATE=0 SHOWPROGRESS=1 FEATURELEVEL=3
[2017.07.11-17.49.14:355][  0]LogSlate: Took 0.000155 seconds to synchronously load lazily loaded font '../../../Engine/Content/Slate/Fonts/Roboto-Regular.ttf' (155K)
[2017.07.11-17.49.14:383][  0]LogWindowsTextInputMethodSystem:Display: IME system now deactivated.
[2017.07.11-17.49.17:883][  0]LogWindowsTextInputMethodSystem:Display: IME system now deactivated.
[2017.07.11-17.49.17:884][  0]LogWindowsTextInputMethodSystem:Display: IME system now deactivated.
[2017.07.11-17.49.17:884][  0]LightingResults: New page: Lighting Build
[2017.07.11-17.49.17:927][  0]MapCheck: New page: Map Check
[2017.07.11-17.49.17:927][  0]LightingResults: New page: Lighting Build
[2017.07.11-17.49.17:935][  0]LogAIModule: Creating AISystem for world Untitled
[2017.07.11-17.49.17:936][  0]LoadErrors: New page: New Map
[2017.07.11-17.49.18:059][  0]LogCollectionManager: Loaded 0 collections in 0.001558 seconds
[2017.07.11-17.49.18:138][  0]LogFileCache: Scanning file cache for directory 'C:/Users/gentry/Documents/GitHub/DatBoiEntertainmetnGame_/Saved/Collections/' took 0.01s
[2017.07.11-17.49.18:138][  0]LogFileCache: Scanning file cache for directory 'C:/Users/gentry/Documents/GitHub/DatBoiEntertainmetnGame_/Content/Developers/gentry/Collections/' took 0.01s
[2017.07.11-17.49.18:138][  0]LogFileCache: Scanning file cache for directory 'C:/Users/gentry/Documents/GitHub/DatBoiEntertainmetnGame_/Content/Collections/' took 0.01s
[2017.07.11-17.49.18:138][  0]LogCollectionManager: Rebuilt the GUID cache for 0 collections in 0.000001 seconds
[2017.07.11-17.49.18:145][  0]LogContentBrowser: Native class hierarchy populated in 0.0070 seconds. Added 2329 classes and 491 folders.
[2017.07.11-17.49.18:205][  0]LogContentBrowser: Native class hierarchy updated for 'WidgetCarousel' in 0.0004 seconds. Added 0 classes and 0 folders.
[2017.07.11-17.49.18:246][  0]LogContentBrowser: Native class hierarchy updated for 'AddContentDialog' in 0.0004 seconds. Added 0 classes and 0 folders.
[2017.07.11-17.49.18:287][  0]LogContentBrowser: Native class hierarchy updated for 'SceneOutliner' in 0.0005 seconds. Added 1 classes and 2 folders.
[2017.07.11-17.49.18:319][  0]LogCrashTracker: Crashtracker disabled due to settings.
[2017.07.11-17.49.18:325][  0]LogSlate: Took 0.000171 seconds to synchronously load lazily loaded font '../../../Engine/Content/Slate/Fonts/Roboto-Bold.ttf' (160K)
[2017.07.11-17.49.18:328][  0]LogSlate: Took 0.000185 seconds to synchronously load lazily loaded font '../../../Engine/Content/Editor/Slate/Fonts/FontAwesome.ttf' (139K)
[2017.07.11-17.49.18:414][  0]LogRenderer: Reallocating scene render targets to support 1004x652 NumSamples 1 (Frame:1).
[2017.07.11-17.49.18:486][  0]LogUObjectGlobals:Warning: Failed to find object 'Class None.'
[2017.07.11-17.49.18:548][  0]LogContentBrowser: Native class hierarchy updated for 'HierarchicalLODOutliner' in 0.0005 seconds. Added 1 classes and 2 folders.
[2017.07.11-17.49.18:548][  0]LogLoad: (Engine Initialization) Total time: 19.79 seconds
[2017.07.11-17.49.18:548][  0]LogLoad: (Engine Initialization) Total Blueprint compile time: 0.04 seconds
[2017.07.11-17.49.18:548][  0]LogExternalProfiler: No external profilers were discovered.  External profiling features will not be available.
[2017.07.11-17.49.18:558][  0]LogOcInput: OculusInput pre-init called
[2017.07.11-17.49.18:558][  0]LogHMD: Starting GearVRController plugin
[2017.07.11-17.49.18:579][  0]SourceControl: Info On branch V1.5.1
[2017.07.11-17.49.18:579][  0]SourceControl: Info Your branch is up-to-date with 'origin/V1.5.1'.
[2017.07.11-17.49.18:579][  0]SourceControl: Info Changes not staged for commit:
[2017.07.11-17.49.18:579][  0]SourceControl: Info   (use "git add/rm <file>..." to update what will be committed)
[2017.07.11-17.49.18:579][  0]SourceControl: Info   (use "git checkout -- <file>..." to discard changes in working directory)
[2017.07.11-17.49.18:579][  0]SourceControl: Info 	modified:   Intermediate/CachedAssetRegistry.bin
[2017.07.11-17.49.18:579][  0]SourceControl: Info 	modified:   Saved/Config/Windows/Editor.ini
[2017.07.11-17.49.18:579][  0]SourceControl: Info 	modified:   Saved/Config/Windows/EditorPerProjectUserSettings.ini
[2017.07.11-17.49.18:579][  0]SourceControl: Info 	modified:   Saved/Config/Windows/Engine.ini
[2017.07.11-17.49.18:579][  0]SourceControl: Info 	deleted:    Saved/Logs/InsertNameAdventure-backup-2017.07.10-11.30.54.log
[2017.07.11-17.49.18:579][  0]SourceControl: Info 	deleted:    Saved/Logs/InsertNameAdventure-backup-2017.07.11-10.17.47.log
[2017.07.11-17.49.18:579][  0]SourceControl: Info 	modified:   Saved/Logs/InsertNameAdventure.log
[2017.07.11-17.49.18:579][  0]SourceControl: Info Untracked files:
[2017.07.11-17.49.18:579][  0]SourceControl: Info   (use "git add <file>..." to include in what will be committed)
[2017.07.11-17.49.18:579][  0]SourceControl: Info 	Saved/Config/CrashReportClient/UE4CC-Windows-C490E02949B0A07A8E7745A7D25B5EA8/
[2017.07.11-17.49.18:579][  0]SourceControl: Info 	Saved/Logs/InsertNameAdventure-backup-2017.07.11-11.48.59.log
[2017.07.11-17.49.18:579][  0]SourceControl: Info no changes added to commit (use "git add" and/or "git commit -a")
[2017.07.11-17.49.18:579][  0]LogContentStreaming: Texture pool size now 1000 MB
[2017.07.11-17.49.18:630][  1]LogAssetRegistry: Asset discovery search completed in 13.1157 seconds
[2017.07.11-17.49.18:632][  1]LogCollectionManager: Rebuilt the object cache for 0 collections in 0.000000 seconds (found 0 objects)
[2017.07.11-17.49.18:632][  1]LogCollectionManager: Fixed up redirectors for 0 collections in 0.000023 seconds (updated 0 objects)
[2017.07.11-17.49.30:148][377]LogSlate: Took 0.000190 seconds to synchronously load lazily loaded font '../../../Engine/Content/Slate/Fonts/Roboto-Light.ttf' (159K)
[2017.07.11-17.49.30:594][377]LogMaterial: Missing cached shader map for material RainFall_M, compiling. 
[2017.07.11-17.49.30:726][377]LogAIModule: Creating AISystem for world Rainforest_Alien
[2017.07.11-17.49.30:756][377]Cmd: MAP LOAD FILE="../../../../../../Users/gentry/Documents/GitHub/DatBoiEntertainmetnGame_/Content/2DSideScrollerBP/Maps/Levels/Rainforest_Alien.umap" TEMPLATE=0 SHOWPROGRESS=1 FEATURELEVEL=3
[2017.07.11-17.49.30:756][377]LightingResults: New page: Lighting Build
[2017.07.11-17.49.30:756][377]LoadErrors: New page: Loading map: Rainforest_Alien.umap
[2017.07.11-17.49.30:756][377]MapCheck: New page: Map Check
[2017.07.11-17.49.30:756][377]LightingResults: New page: Lighting Build
[2017.07.11-17.49.30:786][377]LogEditorServer: Finished looking for orphan Actors (0.000 secs)
[2017.07.11-17.49.30:824][377]Cmd: MAP CHECKDEP NOCLEARLOG
[2017.07.11-17.49.30:904][377]MapCheck: Info Map check complete: 0 Error(s), 0 Warning(s), took 79.108ms to complete.
[2017.07.11-17.49.30:904][377]LogFileHelpers: Loading map 'Rainforest_Alien' took 0.149
[2017.07.11-17.49.32:443][547]LogTemp: Repeting last play command: New Editor Window (PIE)
[2017.07.11-17.49.32:577][547]LogPlayLevel: PlayLevel: No blueprints needed recompiling
[2017.07.11-17.49.32:577][547]PIE: New page: PIE session: Rainforest_Alien (Jul 11, 2017, 5:49:32 AM)
[2017.07.11-17.49.32:577][547]LogPlayLevel: Creating play world package: /Game/2DSideScrollerBP/Maps/Levels/UEDPIE_0_Rainforest_Alien
[2017.07.11-17.49.32:598][547]LogPlayLevel: PIE: StaticDuplicateObject took: (0.020872s)
[2017.07.11-17.49.32:599][547]LogAIModule: Creating AISystem for world Rainforest_Alien
[2017.07.11-17.49.32:599][547]LogPlayLevel: PIE: World Init took: (0.000636s)
[2017.07.11-17.49.32:599][547]LogPlayLevel: PIE: Created PIE world by copying editor world from /Game/2DSideScrollerBP/Maps/Levels/Rainforest_Alien.Rainforest_Alien to /Game/2DSideScrollerBP/Maps/Levels/UEDPIE_0_Rainforest_Alien.Rainforest_Alien (0.021815s)
[2017.07.11-17.49.32:613][547]LogInit: XAudio2 using 'Speakers (3- Skullcandy GMX Dolby Transmitter)' : 2 channels at 48 kHz using 16 bits per sample (channel mask 0x3)
[2017.07.11-17.49.32:620][547]LogInit: FAudioDevice initialized.
[2017.07.11-17.49.32:673][547]LogLoad: Game class is '2DSideScrollerGameMode_C'
[2017.07.11-17.49.32:690][547]LogWorld: Bringing World /Game/2DSideScrollerBP/Maps/Levels/UEDPIE_0_Rainforest_Alien.Rainforest_Alien up for play (max tick rate 0) at 2017.07.11-11.49.32
[2017.07.11-17.49.32:700][547]LogWorld: Bringing up level for play took: 0.024980
[2017.07.11-17.49.32:747][547]LogContentBrowser: Native class hierarchy updated for 'MovieSceneCapture' in 0.0005 seconds. Added 11 classes and 0 folders.
[2017.07.11-17.49.32:753][547]PIE: Info Play in editor start time for /Game/2DSideScrollerBP/Maps/Levels/UEDPIE_0_Rainforest_Alien -0.416
[2017.07.11-17.49.32:789][547]LogRenderer: Reallocating scene render targets to support 1292x756 NumSamples 1 (Frame:1).
[2017.07.11-18.06.07:736][789]LogTemp: Repeting last play command: New Editor Window (PIE)
[2017.07.11-18.06.07:754][789]LogPlayLevel: PlayLevel: No blueprints needed recompiling
[2017.07.11-18.06.07:755][789]PIE: New page: PIE session: Rainforest_Alien (Jul 11, 2017, 6:06:07 AM)
[2017.07.11-18.06.07:755][789]LogPlayLevel: Creating play world package: /Game/2DSideScrollerBP/Maps/Levels/UEDPIE_0_Rainforest_Alien
[2017.07.11-18.06.07:773][789]LogPlayLevel: PIE: StaticDuplicateObject took: (0.018391s)
[2017.07.11-18.06.07:774][789]LogAIModule: Creating AISystem for world Rainforest_Alien
[2017.07.11-18.06.07:774][789]LogPlayLevel: PIE: World Init took: (0.000809s)
[2017.07.11-18.06.07:774][789]LogPlayLevel: PIE: Created PIE world by copying editor world from /Game/2DSideScrollerBP/Maps/Levels/Rainforest_Alien.Rainforest_Alien to /Game/2DSideScrollerBP/Maps/Levels/UEDPIE_0_Rainforest_Alien.Rainforest_Alien (0.019576s)
[2017.07.11-18.06.07:786][789]LogInit: XAudio2 using 'Speakers (3- Skullcandy GMX Dolby Transmitter)' : 2 channels at 48 kHz using 16 bits per sample (channel mask 0x3)
[2017.07.11-18.06.07:793][789]LogInit: FAudioDevice initialized.
[2017.07.11-18.06.07:832][789]LogLoad: Game class is '2DSideScrollerGameMode_C'
[2017.07.11-18.06.07:848][789]LogWorld: Bringing World /Game/2DSideScrollerBP/Maps/Levels/UEDPIE_0_Rainforest_Alien.Rainforest_Alien up for play (max tick rate 0) at 2017.07.11-12.06.07
[2017.07.11-18.06.07:857][789]LogWorld: Bringing up level for play took: 0.023676
[2017.07.11-18.06.07:863][789]PIE: Info Play in editor start time for /Game/2DSideScrollerBP/Maps/Levels/UEDPIE_0_Rainforest_Alien 0.694
[2017.07.11-18.16.27:042][ 84]LogTemp: Repeting last play command: New Editor Window (PIE)
[2017.07.11-18.16.27:059][ 84]LogPlayLevel: PlayLevel: No blueprints needed recompiling
[2017.07.11-18.16.27:059][ 84]PIE: New page: PIE session: Rainforest_Alien (Jul 11, 2017, 6:16:27 AM)
[2017.07.11-18.16.27:059][ 84]LogPlayLevel: Creating play world package: /Game/2DSideScrollerBP/Maps/Levels/UEDPIE_0_Rainforest_Alien
[2017.07.11-18.16.27:077][ 84]LogPlayLevel: PIE: StaticDuplicateObject took: (0.018455s)
[2017.07.11-18.16.27:078][ 84]LogAIModule: Creating AISystem for world Rainforest_Alien
[2017.07.11-18.16.27:079][ 84]LogPlayLevel: PIE: World Init took: (0.001320s)
[2017.07.11-18.16.27:079][ 84]LogPlayLevel: PIE: Created PIE world by copying editor world from /Game/2DSideScrollerBP/Maps/Levels/Rainforest_Alien.Rainforest_Alien to /Game/2DSideScrollerBP/Maps/Levels/UEDPIE_0_Rainforest_Alien.Rainforest_Alien (0.020308s)
[2017.07.11-18.16.27:092][ 84]LogInit: XAudio2 using 'Speakers (3- Skullcandy GMX Dolby Transmitter)' : 2 channels at 48 kHz using 16 bits per sample (channel mask 0x3)
[2017.07.11-18.16.27:101][ 84]LogInit: FAudioDevice initialized.
[2017.07.11-18.16.27:142][ 84]LogLoad: Game class is '2DSideScrollerGameMode_C'
[2017.07.11-18.16.27:157][ 84]LogWorld: Bringing World /Game/2DSideScrollerBP/Maps/Levels/UEDPIE_0_Rainforest_Alien.Rainforest_Alien up for play (max tick rate 0) at 2017.07.11-12.16.27
[2017.07.11-18.16.27:167][ 84]LogWorld: Bringing up level for play took: 0.024147
[2017.07.11-18.16.27:173][ 84]PIE: Info Play in editor start time for /Game/2DSideScrollerBP/Maps/Levels/UEDPIE_0_Rainforest_Alien 0.004
[2017.07.11-18.17.44:497][932]LogTemp: Repeting last play command: New Editor Window (PIE)
[2017.07.11-18.17.44:513][932]LogPlayLevel: PlayLevel: No blueprints needed recompiling
[2017.07.11-18.17.44:513][932]PIE: New page: PIE session: Rainforest_Alien (Jul 11, 2017, 6:17:44 AM)
[2017.07.11-18.17.44:514][932]LogPlayLevel: Creating play world package: /Game/2DSideScrollerBP/Maps/Levels/UEDPIE_0_Rainforest_Alien
[2017.07.11-18.17.44:531][932]LogPlayLevel: PIE: StaticDuplicateObject took: (0.017356s)
[2017.07.11-18.17.44:531][932]LogAIModule: Creating AISystem for world Rainforest_Alien
[2017.07.11-18.17.44:531][932]LogPlayLevel: PIE: World Init took: (0.000513s)
[2017.07.11-18.17.44:532][932]LogPlayLevel: PIE: Created PIE world by copying editor world from /Game/2DSideScrollerBP/Maps/Levels/Rainforest_Alien.Rainforest_Alien to /Game/2DSideScrollerBP/Maps/Levels/UEDPIE_0_Rainforest_Alien.Rainforest_Alien (0.018160s)
[2017.07.11-18.17.44:545][932]LogInit: XAudio2 using 'Speakers (3- Skullcandy GMX Dolby Transmitter)' : 2 channels at 48 kHz using 16 bits per sample (channel mask 0x3)
[2017.07.11-18.17.44:551][932]LogInit: FAudioDevice initialized.
[2017.07.11-18.17.44:585][932]LogLoad: Game class is '2DSideScrollerGameMode_C'
[2017.07.11-18.17.44:600][932]LogWorld: Bringing World /Game/2DSideScrollerBP/Maps/Levels/UEDPIE_0_Rainforest_Alien.Rainforest_Alien up for play (max tick rate 0) at 2017.07.11-12.17.44
[2017.07.11-18.17.44:610][932]LogWorld: Bringing up level for play took: 0.023519
[2017.07.11-18.17.44:615][932]PIE: Info Play in editor start time for /Game/2DSideScrollerBP/Maps/Levels/UEDPIE_0_Rainforest_Alien -0.554
[2017.07.11-18.18.49:234][281]LogContentBrowser: Native class hierarchy updated for 'BlueprintGraph' in 0.0007 seconds. Added 112 classes and 0 folders.
[2017.07.11-18.18.49:727][281]LogSlate: Took 0.000135 seconds to synchronously load lazily loaded font '../../../Engine/Content/Slate/Fonts/Roboto-Regular.ttf' (155K)
[2017.07.11-18.18.49:787][281]LogSlate: Took 0.000235 seconds to synchronously load lazily loaded font '../../../Engine/Content/Editor/Slate/Fonts/Roboto-BoldCondensed.ttf' (158K)
[2017.07.11-18.19.12:684][907]LogSlate: Took 0.000155 seconds to synchronously load lazily loaded font '../../../Engine/Content/Slate/Fonts/Roboto-Light.ttf' (159K)
[2017.07.11-18.19.13:872][ 44]SourceControl: Info fatal: C:/Program Files/Epic Games/UE_4.16/Engine/Content/EditorMeshes/SkeletalMesh/DefaultSkeletalMesh.uasset: 'C:/Program Files/Epic Games/UE_4.16/Engine/Content/EditorMeshes/SkeletalMesh/DefaultSkeletalMesh.uasset' is outside repository
[2017.07.11-18.19.13:872][ 44]SourceControl: Info fatal: C:/Program Files/Epic Games/UE_4.16/Engine/Content/EngineMeshes/SkeletalCube.uasset: 'C:/Program Files/Epic Games/UE_4.16/Engine/Content/EngineMeshes/SkeletalCube.uasset' is outside repository
[2017.07.11-18.19.13:872][ 44]SourceControl: Info fatal: C:/Program Files/Epic Games/UE_4.16/Engine/Content/Tutorial/SubEditors/TutorialAssets/Tutorial_DM.uasset: 'C:/Program Files/Epic Games/UE_4.16/Engine/Content/Tutorial/SubEditors/TutorialAssets/Tutorial_DM.uasset' is outside repository
[2017.07.11-18.19.13:872][ 44]SourceControl: Info fatal: C:/Program Files/Epic Games/UE_4.16/Engine/Content/Tutorial/SubEditors/TutorialAssets/Character/TutorialTPP.uasset: 'C:/Program Files/Epic Games/UE_4.16/Engine/Content/Tutorial/SubEditors/TutorialAssets/Character/TutorialTPP.uasset' is outside repository
[2017.07.11-18.19.16:962][398]LogAnimation:Warning: SkeletalMesh DefaultSkeletalMesh has no skeleton. This needs to fixed before an animation can be set
[2017.07.11-18.19.16:963][398]LogAnimation:Warning: SkeletalMesh DefaultSkeletalMesh has no skeleton. This needs to fixed before an animation can be set
[2017.07.11-18.19.16:963][398]LogAnimation:Warning: SkeletalMesh DefaultSkeletalMesh has no skeleton. This needs to fixed before an animation can be set
[2017.07.11-18.19.16:986][399]LogAnimation:Warning: SkeletalMesh DefaultSkeletalMesh has no skeleton. This needs to fixed before an animation can be set
[2017.07.11-18.19.19:533][700]LogSlate: Took 0.000360 seconds to synchronously load lazily loaded font '../../../Engine/Content/Editor/Slate/Fonts/Roboto-Italic.ttf' (157K)
[2017.07.11-18.19.20:436][806]LogTemp: Repeting last play command: New Editor Window (PIE)
[2017.07.11-18.19.20:458][806]BlueprintLog: New page: Pre-Play auto-recompile
[2017.07.11-18.19.20:458][806]LogPlayLevel: [PlayLevel] Compiling NewBlueprint before play...
[2017.07.11-18.19.20:694][806]LogPlayLevel: PlayLevel: Blueprint regeneration took 235 ms (1 blueprints)
[2017.07.11-18.19.20:694][806]PIE: New page: PIE session: Rainforest_Alien (Jul 11, 2017, 6:19:20 AM)
[2017.07.11-18.19.20:694][806]LogPlayLevel: Creating play world package: /Game/2DSideScrollerBP/Maps/Levels/UEDPIE_0_Rainforest_Alien
[2017.07.11-18.19.20:710][806]LogPlayLevel: PIE: StaticDuplicateObject took: (0.015856s)
[2017.07.11-18.19.20:711][806]LogAIModule: Creating AISystem for world Rainforest_Alien
[2017.07.11-18.19.20:711][806]LogPlayLevel: PIE: World Init took: (0.000656s)
[2017.07.11-18.19.20:711][806]LogPlayLevel: PIE: Created PIE world by copying editor world from /Game/2DSideScrollerBP/Maps/Levels/Rainforest_Alien.Rainforest_Alien to /Game/2DSideScrollerBP/Maps/Levels/UEDPIE_0_Rainforest_Alien.Rainforest_Alien (0.016803s)
[2017.07.11-18.19.20:726][806]LogInit: XAudio2 using 'Speakers (3- Skullcandy GMX Dolby Transmitter)' : 2 channels at 48 kHz using 16 bits per sample (channel mask 0x3)
[2017.07.11-18.19.20:732][806]LogInit: FAudioDevice initialized.
[2017.07.11-18.19.20:770][806]LogLoad: Game class is '2DSideScrollerGameMode_C'
[2017.07.11-18.19.20:786][806]LogWorld: Bringing World /Game/2DSideScrollerBP/Maps/Levels/UEDPIE_0_Rainforest_Alien.Rainforest_Alien up for play (max tick rate 0) at 2017.07.11-12.19.20
[2017.07.11-18.19.20:795][806]LogWorld: Bringing up level for play took: 0.023432
[2017.07.11-18.19.20:802][806]PIE: Info Play in editor start time for /Game/2DSideScrollerBP/Maps/Levels/UEDPIE_0_Rainforest_Alien -0.367
[2017.07.11-18.19.23:466][ 39]LogAnimation:Warning: SkeletalMesh DefaultSkeletalMesh has no skeleton. This needs to fixed before an animation can be set
[2017.07.11-18.19.37:166][632]LogTemp: Repeting last play command: New Editor Window (PIE)
[2017.07.11-18.19.37:184][632]LogPlayLevel: PlayLevel: No blueprints needed recompiling
[2017.07.11-18.19.37:184][632]PIE: New page: PIE session: Rainforest_Alien (Jul 11, 2017, 6:19:37 AM)
[2017.07.11-18.19.37:184][632]LogPlayLevel: Creating play world package: /Game/2DSideScrollerBP/Maps/Levels/UEDPIE_0_Rainforest_Alien
[2017.07.11-18.19.37:201][632]LogPlayLevel: PIE: StaticDuplicateObject took: (0.016525s)
[2017.07.11-18.19.37:202][632]LogAIModule: Creating AISystem for world Rainforest_Alien
[2017.07.11-18.19.37:202][632]LogPlayLevel: PIE: World Init took: (0.000534s)
[2017.07.11-18.19.37:202][632]LogPlayLevel: PIE: Created PIE world by copying editor world from /Game/2DSideScrollerBP/Maps/Levels/Rainforest_Alien.Rainforest_Alien to /Game/2DSideScrollerBP/Maps/Levels/UEDPIE_0_Rainforest_Alien.Rainforest_Alien (0.017380s)
[2017.07.11-18.19.37:216][632]LogInit: XAudio2 using 'Speakers (3- Skullcandy GMX Dolby Transmitter)' : 2 channels at 48 kHz using 16 bits per sample (channel mask 0x3)
[2017.07.11-18.19.37:223][632]LogInit: FAudioDevice initialized.
[2017.07.11-18.19.37:264][632]LogLoad: Game class is '2DSideScrollerGameMode_C'
[2017.07.11-18.19.37:279][632]LogWorld: Bringing World /Game/2DSideScrollerBP/Maps/Levels/UEDPIE_0_Rainforest_Alien.Rainforest_Alien up for play (max tick rate 0) at 2017.07.11-12.19.37
[2017.07.11-18.19.37:288][632]LogWorld: Bringing up level for play took: 0.022488
[2017.07.11-18.19.37:294][632]PIE: Info Play in editor start time for /Game/2DSideScrollerBP/Maps/Levels/UEDPIE_0_Rainforest_Alien 0.125
[2017.07.11-18.20.32:876][387]LogFileHelpers: Editor autosave (incl. sublevels) for '/Game/2DSideScrollerBP/Maps/Levels/Rainforest_Alien' took 0.017
[2017.07.11-18.20.32:884][387]OBJ SavePackage: Generating thumbnails for [1] asset(s) in package [/Game/AI/NewBlueprint] ([1] browsable assets)...
[2017.07.11-18.20.32:900][387]OBJ SavePackage:     Rendered thumbnail for [Blueprint /Game/AI/NewBlueprint.NewBlueprint]
[2017.07.11-18.20.32:900][387]OBJ SavePackage: Finished generating thumbnails for package [/Game/AI/NewBlueprint]
[2017.07.11-18.20.32:940][387]LogSavePackage: Save=21.52ms
[2017.07.11-18.20.32:940][387]LogSavePackage: Moving '../../../../../../Users/gentry/Documents/GitHub/DatBoiEntertainmetnGame_/Saved/NewBlueprint_Auto19CD89B4C4683C5DE0CF2628989236C8E.tmp' to '../../../../../../Users/gentry/Documents/GitHub/DatBoiEntertainmetnGame_/Saved/Autosaves/Game/AI/NewBlueprint_Auto1.uasset'
[2017.07.11-18.20.32:942][387]LogSavePackage:Display: Finished SavePackage ../../../../../../Users/gentry/Documents/GitHub/DatBoiEntertainmetnGame_/Saved/Autosaves/Game/AI/NewBlueprint_Auto1.uasset
[2017.07.11-18.20.32:942][387]LogFileHelpers: Auto-saving content packages took 0.066
[2017.07.11-18.45.20:652][736]LogTemp: Repeting last play command: New Editor Window (PIE)
[2017.07.11-18.45.20:672][736]LogPlayLevel: PlayLevel: No blueprints needed recompiling
[2017.07.11-18.45.20:673][736]PIE: New page: PIE session: Rainforest_Alien (Jul 11, 2017, 6:45:20 AM)
[2017.07.11-18.45.20:673][736]LogPlayLevel: Creating play world package: /Game/2DSideScrollerBP/Maps/Levels/UEDPIE_0_Rainforest_Alien
[2017.07.11-18.45.20:691][736]LogPlayLevel: PIE: StaticDuplicateObject took: (0.017714s)
[2017.07.11-18.45.20:692][736]LogAIModule: Creating AISystem for world Rainforest_Alien
[2017.07.11-18.45.20:692][736]LogPlayLevel: PIE: World Init took: (0.000985s)
[2017.07.11-18.45.20:692][736]LogPlayLevel: PIE: Created PIE world by copying editor world from /Game/2DSideScrollerBP/Maps/Levels/Rainforest_Alien.Rainforest_Alien to /Game/2DSideScrollerBP/Maps/Levels/UEDPIE_0_Rainforest_Alien.Rainforest_Alien (0.018998s)
[2017.07.11-18.45.20:709][736]LogInit: XAudio2 using 'Speakers (3- Skullcandy GMX Dolby Transmitter)' : 2 channels at 48 kHz using 16 bits per sample (channel mask 0x3)
[2017.07.11-18.45.20:715][736]LogInit: FAudioDevice initialized.
[2017.07.11-18.45.20:757][736]LogLoad: Game class is '2DSideScrollerGameMode_C'
[2017.07.11-18.45.20:772][736]LogWorld: Bringing World /Game/2DSideScrollerBP/Maps/Levels/UEDPIE_0_Rainforest_Alien.Rainforest_Alien up for play (max tick rate 0) at 2017.07.11-12.45.20
[2017.07.11-18.45.20:781][736]LogWorld: Bringing up level for play took: 0.023489
[2017.07.11-18.45.20:789][736]PIE: Info Play in editor start time for /Game/2DSideScrollerBP/Maps/Levels/UEDPIE_0_Rainforest_Alien -0.379
[2017.07.11-19.02.55:808][ 91]Cmd: OBJ SAVEPACKAGE PACKAGE="/Game/AI/NewBlueprint" FILE="../../../../../../Users/gentry/Documents/GitHub/DatBoiEntertainmetnGame_/Content/AI/NewBlueprint.uasset" SILENT=true
[2017.07.11-19.02.55:838][ 91]LogSavePackage: Save=13.98ms
[2017.07.11-19.02.55:838][ 91]LogSavePackage: Moving '../../../../../../Users/gentry/Documents/GitHub/DatBoiEntertainmetnGame_/Saved/NewBlueprint391D3817486E3C6E39E21AB680005D42.tmp' to '../../../../../../Users/gentry/Documents/GitHub/DatBoiEntertainmetnGame_/Content/AI/NewBlueprint.uasset'
[2017.07.11-19.02.55:843][ 91]LogSavePackage:Display: Finished SavePackage ../../../../../../Users/gentry/Documents/GitHub/DatBoiEntertainmetnGame_/Content/AI/NewBlueprint.uasset
[2017.07.11-19.02.55:988][ 91]LogWindowsTextInputMethodSystem:Display: IME system now deactivated.
[2017.07.11-19.02.56:155][ 92]Cmd: QUIT_EDITOR
[2017.07.11-19.02.57:214][ 92]LogExit: Preparing to exit.
[2017.07.11-19.02.57:515][ 92]LogDirectoryWatcher: A directory notification failed for 'C:/Users/gentry/Documents/GitHub/DatBoiEntertainmetnGame_/Content/', and we were unable to create a new request.
[2017.07.11-19.02.57:578][ 92]LogExit: Editor shut down
[2017.07.11-19.02.57:599][ 92]LogExit: Transaction tracking system shut down
[2017.07.11-19.02.57:694][ 92]LogObj: Freed 0b from 0 cluster array pools.
[2017.07.11-19.02.57:694][ 92]LogExit: Object subsystem successfully closed.
[2017.07.11-19.02.57:720][ 92]LogD3D11RHI: Shutdown
[2017.07.11-19.02.57:720][ 92]LogD3D11RHI: CleanupD3DDevice
[2017.07.11-19.02.57:774][ 92]LogD3D11RHI: ~FD3D11DynamicRHI
[2017.07.11-19.02.57:801][ 92]LogModuleManager: Shutting down and abandoning module BlueprintGraph (530)
[2017.07.11-19.02.57:801][ 92]LogModuleManager: Shutting down and abandoning module BlueprintProfiler (528)
[2017.07.11-19.02.57:801][ 92]LogModuleManager: Shutting down and abandoning module MovieSceneCapture (526)
[2017.07.11-19.02.57:801][ 92]LogModuleManager: Shutting down and abandoning module HierarchicalLODOutliner (524)
[2017.07.11-19.02.57:801][ 92]LogModuleManager: Shutting down and abandoning module CrashTracker (522)
[2017.07.11-19.02.57:801][ 92]LogModuleManager: Shutting down and abandoning module SceneOutliner (520)
[2017.07.11-19.02.57:801][ 92]LogModuleManager: Shutting down and abandoning module AddContentDialog (518)
[2017.07.11-19.02.57:801][ 92]LogDirectoryWatcher: A directory notification for 'C:/Program Files/Epic Games/UE_4.16/FeaturePacks/' was aborted.
[2017.07.11-19.02.57:805][ 92]LogModuleManager: Shutting down and abandoning module WidgetCarousel (517)
[2017.07.11-19.02.57:805][ 92]LogModuleManager: Shutting down and abandoning module EditorWidgets (514)
[2017.07.11-19.02.57:805][ 92]LogModuleManager: Shutting down and abandoning module CollectionManager (512)
[2017.07.11-19.02.57:805][ 92]LogDirectoryWatcher: A directory notification for 'C:/Users/gentry/Documents/GitHub/DatBoiEntertainmetnGame_/Content/Collections/' was aborted.
[2017.07.11-19.02.57:805][ 92]LogDirectoryWatcher: A directory notification for 'C:/Users/gentry/Documents/GitHub/DatBoiEntertainmetnGame_/Content/Developers/gentry/Collections/' was aborted.
[2017.07.11-19.02.57:805][ 92]LogDirectoryWatcher: A directory notification for 'C:/Users/gentry/Documents/GitHub/DatBoiEntertainmetnGame_/Saved/Collections/' was aborted.
[2017.07.11-19.02.57:805][ 92]LogModuleManager: Shutting down and abandoning module StatsViewer (510)
[2017.07.11-19.02.57:805][ 92]LogModuleManager: Shutting down and abandoning module FoliageEdit (508)
[2017.07.11-19.02.57:805][ 92]LogModuleManager: Shutting down and abandoning module LandscapeEditor (506)
[2017.07.11-19.02.57:805][ 92]LogModuleManager: Shutting down and abandoning module MeshPaintMode (504)
[2017.07.11-19.02.57:805][ 92]LogModuleManager: Shutting down and abandoning module SceneDepthPickerMode (502)
[2017.07.11-19.02.57:805][ 92]LogModuleManager: Shutting down and abandoning module ActorPickerMode (500)
[2017.07.11-19.02.57:805][ 92]LogModuleManager: Shutting down and abandoning module GeometryMode (498)
[2017.07.11-19.02.57:805][ 92]LogModuleManager: Shutting down and abandoning module TextureAlignMode (496)
[2017.07.11-19.02.57:805][ 92]LogModuleManager: Shutting down and abandoning module BspMode (494)
[2017.07.11-19.02.57:805][ 92]LogModuleManager: Shutting down and abandoning module HardwareSurvey (492)
[2017.07.11-19.02.57:805][ 92]LogModuleManager: Shutting down and abandoning module SequenceRecorderSections (490)
[2017.07.11-19.02.57:805][ 92]LogModuleManager: Shutting down and abandoning module AutomationWorker (488)
[2017.07.11-19.02.57:805][ 92]LogModuleManager: Shutting down and abandoning module MatineeToLevelSequence (486)
[2017.07.11-19.02.57:805][ 92]LogModuleManager: Shutting down and abandoning module LevelSequenceEditor (484)
[2017.07.11-19.02.57:805][ 92]LogModuleManager: Shutting down and abandoning module PlacementMode (483)
[2017.07.11-19.02.57:805][ 92]LogModuleManager: Shutting down and abandoning module WmfMediaFactory (480)
[2017.07.11-19.02.57:805][ 92]LogModuleManager: Shutting down and abandoning module WmfMediaEditor (478)
[2017.07.11-19.02.57:805][ 92]LogModuleManager: Shutting down and abandoning module AvfMediaFactory (476)
[2017.07.11-19.02.57:805][ 92]LogModuleManager: Shutting down and abandoning module AvfMediaEditor (474)
[2017.07.11-19.02.57:805][ 92]LogModuleManager: Shutting down and abandoning module AndroidMediaFactory (472)
[2017.07.11-19.02.57:805][ 92]LogModuleManager: Shutting down and abandoning module Media (471)
[2017.07.11-19.02.57:805][ 92]LogModuleManager: Shutting down and abandoning module AndroidMediaEditor (468)
[2017.07.11-19.02.57:805][ 92]LogModuleManager: Shutting down and abandoning module CharacterAI (466)
[2017.07.11-19.02.57:805][ 92]LogModuleManager: Shutting down and abandoning module AudioCapture (464)
[2017.07.11-19.02.57:805][ 92]LogModuleManager: Shutting down and abandoning module SequenceRecorder (463)
[2017.07.11-19.02.57:805][ 92]LogModuleManager: Shutting down and abandoning module SmartSnapping (460)
[2017.07.11-19.02.57:805][ 92]LogModuleManager: Shutting down and abandoning module SessionServices (458)
[2017.07.11-19.02.57:805][ 92]LogModuleManager: Shutting down and abandoning module ViewportSnapping (456)
[2017.07.11-19.02.57:805][ 92]LogModuleManager: Shutting down and abandoning module ViewportInteraction (454)
[2017.07.11-19.02.57:805][ 92]LogModuleManager: Shutting down and abandoning module ClothPainter (452)
[2017.07.11-19.02.57:805][ 92]LogModuleManager: Shutting down and abandoning module LogVisualizer (450)
[2017.07.11-19.02.57:805][ 92]LogModuleManager: Shutting down and abandoning module IntroTutorials (448)
[2017.07.11-19.02.57:806][ 92]LogModuleManager: Shutting down and abandoning module GameProjectGeneration (447)
[2017.07.11-19.02.57:806][ 92]LogModuleManager: Shutting down and abandoning module EditorLiveStreaming (444)
[2017.07.11-19.02.57:806][ 92]LogModuleManager: Shutting down and abandoning module IOSPlatformEditor (442)
[2017.07.11-19.02.57:806][ 92]LogModuleManager: Shutting down and abandoning module HTML5PlatformEditor (440)
[2017.07.11-19.02.57:806][ 92]LogModuleManager: Shutting down and abandoning module AndroidPlatformEditor (438)
[2017.07.11-19.02.57:806][ 92]LogModuleManager: Shutting down and abandoning module AndroidDeviceDetection (437)
[2017.07.11-19.02.58:343][ 92]LogModuleManager: Shutting down and abandoning module IOSRuntimeSettings (434)
[2017.07.11-19.02.58:343][ 92]LogModuleManager: Shutting down and abandoning module AndroidRuntimeSettings (432)
[2017.07.11-19.02.58:343][ 92]LogModuleManager: Shutting down and abandoning module InputBindingEditor (430)
[2017.07.11-19.02.58:343][ 92]LogModuleManager: Shutting down and abandoning module MergeActors (428)
[2017.07.11-19.02.58:343][ 92]LogModuleManager: Shutting down and abandoning module SizeMap (426)
[2017.07.11-19.02.58:343][ 92]LogModuleManager: Shutting down and abandoning module TreeMap (424)
[2017.07.11-19.02.58:343][ 92]LogModuleManager: Shutting down and abandoning module ReferenceViewer (422)
[2017.07.11-19.02.58:343][ 92]LogModuleManager: Shutting down and abandoning module LocalizationDashboard (420)
[2017.07.11-19.02.58:343][ 92]LogModuleManager: Shutting down and abandoning module LocalizationService (419)
[2017.07.11-19.02.58:343][ 92]LogModuleManager: Shutting down and abandoning module HardwareTargeting (416)
[2017.07.11-19.02.58:343][ 92]LogModuleManager: Shutting down and abandoning module DeviceProfileEditor (414)
[2017.07.11-19.02.58:343][ 92]LogModuleManager: Shutting down and abandoning module UndoHistory (412)
[2017.07.11-19.02.58:343][ 92]LogModuleManager: Shutting down and abandoning module UserFeedback (410)
[2017.07.11-19.02.58:343][ 92]LogModuleManager: Shutting down and abandoning module XmlParser (408)
[2017.07.11-19.02.58:343][ 92]LogModuleManager: Shutting down and abandoning module Blutility (406)
[2017.07.11-19.02.58:343][ 92]LogModuleManager: Shutting down and abandoning module ProjectSettingsViewer (404)
[2017.07.11-19.02.58:343][ 92]LogModuleManager: Shutting down and abandoning module ProjectTargetPlatformEditor (403)
[2017.07.11-19.02.58:343][ 92]LogModuleManager: Shutting down and abandoning module EditorSettingsViewer (400)
[2017.07.11-19.02.58:343][ 92]LogModuleManager: Shutting down and abandoning module SettingsEditor (398)
[2017.07.11-19.02.58:343][ 92]LogModuleManager: Shutting down and abandoning module ProjectLauncher (396)
[2017.07.11-19.02.58:343][ 92]LogModuleManager: Shutting down and abandoning module SessionFrontend (394)
[2017.07.11-19.02.58:343][ 92]LogModuleManager: Shutting down and abandoning module ProfilerClient (392)
[2017.07.11-19.02.58:344][ 92]LogModuleManager: Shutting down and abandoning module DeviceManager (390)
[2017.07.11-19.02.58:344][ 92]LogModuleManager: Shutting down and abandoning module TargetDeviceServices (389)
[2017.07.11-19.02.58:423][ 92]LogModuleManager: Shutting down and abandoning module AutomationController (386)
[2017.07.11-19.02.58:423][ 92]LogModuleManager: Shutting down and abandoning module AutomationWindow (384)
[2017.07.11-19.02.58:423][ 92]LogModuleManager: Shutting down and abandoning module Layers (382)
[2017.07.11-19.02.58:423][ 92]LogModuleManager: Shutting down and abandoning module ComponentVisualizers (380)
[2017.07.11-19.02.58:423][ 92]LogModuleManager: Shutting down and abandoning module DetailCustomizations (378)
[2017.07.11-19.02.58:423][ 92]LogModuleManager: Shutting down and abandoning module PackagesDialog (376)
[2017.07.11-19.02.58:423][ 92]LogModuleManager: Shutting down and abandoning module Persona (374)
[2017.07.11-19.02.58:423][ 92]LogModuleManager: Shutting down and abandoning module AdvancedPreviewScene (373)
[2017.07.11-19.02.58:423][ 92]LogModuleManager: Shutting down and abandoning module AnimGraph (371)
[2017.07.11-19.02.58:423][ 92]LogModuleManager: Shutting down and abandoning module Kismet (368)
[2017.07.11-19.02.58:428][ 92]LogModuleManager: Shutting down and abandoning module ClassViewer (366)
[2017.07.11-19.02.58:429][ 92]LogModuleManager: Shutting down and abandoning module Toolbox (364)
[2017.07.11-19.02.58:429][ 92]LogModuleManager: Shutting down and abandoning module ModuleUI (362)
[2017.07.11-19.02.58:429][ 92]LogModuleManager: Shutting down and abandoning module MovieSceneTools (360)
[2017.07.11-19.02.58:429][ 92]LogModuleManager: Shutting down and abandoning module OutputLog (358)
[2017.07.11-19.02.58:429][ 92]LogModuleManager: Shutting down and abandoning module GammaUI (356)
[2017.07.11-19.02.58:429][ 92]LogModuleManager: Shutting down and abandoning module Documentation (354)
[2017.07.11-19.02.58:429][ 92]LogModuleManager: Shutting down and abandoning module MovieSceneTracks (352)
[2017.07.11-19.02.58:429][ 92]LogModuleManager: Shutting down and abandoning module MovieScene (350)
[2017.07.11-19.02.58:429][ 92]LogModuleManager: Shutting down and abandoning module Niagara (348)
[2017.07.11-19.02.58:429][ 92]LogModuleManager: Shutting down and abandoning module NiagaraEditor (347)
[2017.07.11-19.02.58:429][ 92]LogModuleManager: Shutting down and abandoning module StreamingPauseRendering (344)
[2017.07.11-19.02.58:429][ 92]LogModuleManager: Shutting down and abandoning module AnalyticsET (342)
[2017.07.11-19.02.58:429][ 92]LogModuleManager: Shutting down and abandoning module PortalServices (340)
[2017.07.11-19.02.58:429][ 92]LogModuleManager: Shutting down and abandoning module PortalRpc (338)
[2017.07.11-19.02.58:429][ 92]LogModuleManager: Shutting down and abandoning module MessagingRpc (336)
[2017.07.11-19.02.58:429][ 92]LogModuleManager: Shutting down and abandoning module AIModule (334)
[2017.07.11-19.02.58:429][ 92]LogModuleManager: Shutting down and abandoning module GameplayDebugger (333)
[2017.07.11-19.02.58:429][ 92]LogModuleManager: Shutting down and abandoning module AITestSuite (331)
[2017.07.11-19.02.58:429][ 92]LogModuleManager: Shutting down and abandoning module ProfilerService (328)
[2017.07.11-19.02.58:569][ 92]LogModuleManager: Shutting down and abandoning module TaskGraph (326)
[2017.07.11-19.02.58:569][ 92]LogModuleManager: Shutting down and abandoning module SteamVRController (324)
[2017.07.11-19.02.58:569][ 92]LogModuleManager: Shutting down and abandoning module SteamVR (322)
[2017.07.11-19.02.58:569][ 92]LogModuleManager: Shutting down and abandoning module ProceduralMeshComponentEditor (320)
[2017.07.11-19.02.58:569][ 92]LogModuleManager: Shutting down and abandoning module ProceduralMeshComponent (318)
[2017.07.11-19.02.58:569][ 92]LogModuleManager: Shutting down and abandoning module OculusLibrary (316)
[2017.07.11-19.02.58:569][ 92]LogModuleManager: Shutting down and abandoning module OculusInput (314)
[2017.07.11-19.02.58:569][ 92]LogModuleManager: Shutting down and abandoning module MobilePatchingUtils (312)
[2017.07.11-19.02.58:569][ 92]LogModuleManager: Shutting down and abandoning module CustomMeshComponent (310)
[2017.07.11-19.02.58:569][ 92]LogModuleManager: Shutting down and abandoning module CableComponent (308)
[2017.07.11-19.02.58:569][ 92]LogModuleManager: Shutting down and abandoning module ArchVisCharacter (306)
[2017.07.11-19.02.58:569][ 92]LogModuleManager: Shutting down and abandoning module AndroidPermission (304)
[2017.07.11-19.02.58:569][ 92]LogModuleManager: Shutting down and abandoning module MediaPlayerEditor (300)
[2017.07.11-19.02.58:569][ 92]LogModuleManager: Shutting down and abandoning module HTML5Networking (298)
[2017.07.11-19.02.58:569][ 92]LogModuleManager: Shutting down and abandoning module AlembicImporter (296)
[2017.07.11-19.02.58:569][ 92]LogModuleManager: Shutting down and abandoning module AlembicLibrary (295)
[2017.07.11-19.02.58:569][ 92]LogModuleManager: Shutting down and abandoning module GeometryCache (294)
[2017.07.11-19.02.58:569][ 92]LogModuleManager: Shutting down and abandoning module GeometryCacheEd (293)
[2017.07.11-19.02.58:569][ 92]LogModuleManager: Shutting down and abandoning module SuperSearchEditor (288)
[2017.07.11-19.02.58:569][ 92]LogModuleManager: Shutting down and abandoning module SuperSearch (287)
[2017.07.11-19.02.58:569][ 92]LogModuleManager: Shutting down and abandoning module SpeedTreeImporter (284)
[2017.07.11-19.02.58:569][ 92]LogModuleManager: Shutting down and abandoning module PluginBrowser (282)
[2017.07.11-19.02.58:569][ 92]LogModuleManager: Shutting down and abandoning module MobileLauncherProfileWizard (280)
[2017.07.11-19.02.58:569][ 92]LogModuleManager: Shutting down and abandoning module VisualStudioSourceCodeAccess (278)
[2017.07.11-19.02.58:569][ 92]LogModuleManager: Shutting down and abandoning module DesktopPlatform (277)
[2017.07.11-19.02.58:569][ 92]LogModuleManager: Shutting down and abandoning module UObjectPlugin (274)
[2017.07.11-19.02.58:569][ 92]LogModuleManager: Shutting down and abandoning module SubversionSourceControl (272)
[2017.07.11-19.02.58:569][ 92]LogModuleManager: Shutting down and abandoning module PerforceSourceControl (270)
[2017.07.11-19.02.58:569][ 92]LogModuleManager: Shutting down and abandoning module GitSourceControl (268)
[2017.07.11-19.02.58:569][ 92]LogModuleManager: Shutting down and abandoning module SourceControl (267)
[2017.07.11-19.02.58:569][ 92]LogModuleManager: Shutting down and abandoning module LightPropagationVolumeEditor (264)
[2017.07.11-19.02.58:569][ 92]LogModuleManager: Shutting down and abandoning module PaperTiledImporter (262)
[2017.07.11-19.02.58:569][ 92]LogModuleManager: Shutting down and abandoning module PaperSpriteSheetImporter (260)
[2017.07.11-19.02.58:569][ 92]LogModuleManager: Shutting down and abandoning module Paper2DEditor (258)
[2017.07.11-19.02.58:569][ 92]LogModuleManager: Shutting down and abandoning module MeshPaint (257)
[2017.07.11-19.02.58:569][ 92]LogModuleManager: Shutting down and abandoning module LevelEditor (255)
[2017.07.11-19.02.58:570][ 92]LogModuleManager: Shutting down and abandoning module PixelInspectorModule (254)
[2017.07.11-19.02.58:570][ 92]LogModuleManager: Shutting down and abandoning module MainFrame (252)
[2017.07.11-19.02.58:570][ 92]LogModuleManager: Shutting down and abandoning module HotReload (251)
[2017.07.11-19.02.58:573][ 92]LogModuleManager: Shutting down and abandoning module PhysXVehiclesEditor (246)
[2017.07.11-19.02.58:573][ 92]LogModuleManager: Shutting down and abandoning module PhysXVehicles (244)
[2017.07.11-19.02.58:573][ 92]LogModuleManager: Shutting down and abandoning module LocationServicesBPLibrary (242)
[2017.07.11-19.02.58:573][ 92]LogModuleManager: Shutting down and abandoning module ImmediatePhysicsEditor (240)
[2017.07.11-19.02.58:573][ 92]LogModuleManager: Shutting down and abandoning module ImmediatePhysics (238)
[2017.07.11-19.02.58:573][ 92]LogModuleManager: Shutting down and abandoning module UdpMessaging (236)
[2017.07.11-19.02.58:674][ 92]LogModuleManager: Shutting down and abandoning module TcpMessaging (234)
[2017.07.11-19.02.58:774][ 92]LogModuleManager: Shutting down and abandoning module GameplayTagsEditor (232)
[2017.07.11-19.02.58:774][ 92]LogModuleManager: Shutting down and abandoning module FacialAnimationEditor (230)
[2017.07.11-19.02.58:774][ 92]LogModuleManager: Shutting down and abandoning module FacialAnimation (228)
[2017.07.11-19.02.58:774][ 92]LogModuleManager: Shutting down and abandoning module AssetManagerEditor (226)
[2017.07.11-19.02.58:774][ 92]LogModuleManager: Shutting down and abandoning module GraphEditor (225)
[2017.07.11-19.02.58:774][ 92]LogModuleManager: Shutting down and abandoning module ContentBrowser (223)
[2017.07.11-19.02.58:775][ 92]LogModuleManager: Shutting down and abandoning module LightPropagationVolumeRuntime (220)
[2017.07.11-19.02.58:775][ 92]LogModuleManager: Shutting down and abandoning module Paper2D (218)
[2017.07.11-19.02.58:775][ 92]LogModuleManager: Shutting down and abandoning module WindowsMoviePlayer (216)
[2017.07.11-19.02.58:775][ 92]LogModuleManager: Shutting down and abandoning module WmfMedia (214)
[2017.07.11-19.02.58:775][ 92]LogModuleManager: Shutting down and abandoning module ClothingSystemEditor (212)
[2017.07.11-19.02.58:775][ 92]LogModuleManager: Shutting down and abandoning module ClothingSystemRuntime (210)
[2017.07.11-19.02.58:775][ 92]LogModuleManager: Shutting down and abandoning module MediaAssets (208)
[2017.07.11-19.02.58:775][ 92]LogModuleManager: Shutting down and abandoning module GameLiveStreaming (206)
[2017.07.11-19.02.58:775][ 92]LogModuleManager: Shutting down and abandoning module VREditor (204)
[2017.07.11-19.02.58:775][ 92]LogModuleManager: Shutting down and abandoning module StringTableEditor (202)
[2017.07.11-19.02.58:775][ 92]LogModuleManager: Shutting down and abandoning module GameplayTasksEditor (200)
[2017.07.11-19.02.58:775][ 92]LogModuleManager: Shutting down and abandoning module BehaviorTreeEditor (198)
[2017.07.11-19.02.58:775][ 92]LogModuleManager: Shutting down and abandoning module FunctionalTesting (196)
[2017.07.11-19.02.58:775][ 92]LogModuleManager: Shutting down and abandoning module CollisionAnalyzer (194)
[2017.07.11-19.02.58:775][ 92]LogModuleManager: Shutting down and abandoning module UMG (192)
[2017.07.11-19.02.58:775][ 92]LogModuleManager: Shutting down and abandoning module UMGEditor (191)
[2017.07.11-19.02.58:775][ 92]LogModuleManager: Shutting down and abandoning module Sequencer (190)
[2017.07.11-19.02.58:775][ 92]LogModuleManager: Shutting down and abandoning module AssetTools (188)
[2017.07.11-19.02.58:775][ 92]LogModuleManager: Shutting down and abandoning module MessageLog (187)
[2017.07.11-19.02.58:775][ 92]LogModuleManager: Shutting down and abandoning module WorkspaceMenuStructure (186)
[2017.07.11-19.02.58:775][ 92]LogModuleManager: Shutting down and abandoning module SlateReflector (180)
[2017.07.11-19.02.58:775][ 92]LogModuleManager: Shutting down and abandoning module Slate (178)
[2017.07.11-19.02.58:775][ 92]LogModuleManager: Shutting down and abandoning module EditorStyle (176)
[2017.07.11-19.02.58:778][ 92]LogModuleManager: Shutting down and abandoning module SourceCodeAccess (174)
[2017.07.11-19.02.58:778][ 92]LogModuleManager: Shutting down and abandoning module HeadMountedDisplay (172)
[2017.07.11-19.02.58:778][ 92]LogModuleManager: Shutting down and abandoning module XAudio2 (170)
[2017.07.11-19.02.58:778][ 92]LogModuleManager: Shutting down and abandoning module Networking (168)
[2017.07.11-19.02.58:778][ 92]LogModuleManager: Shutting down and abandoning module Core (164)
[2017.07.11-19.02.58:778][ 92]LogModuleManager: Shutting down and abandoning module AssetRegistry (162)
[2017.07.11-19.02.59:030][ 92]LogDirectoryWatcher: A directory notification for '../../../Engine/Content/' was aborted.
[2017.07.11-19.02.59:030][ 92]LogDirectoryWatcher: A directory notification for '../../../../../../Users/gentry/Documents/GitHub/DatBoiEntertainmetnGame_/Content/' was aborted.
[2017.07.11-19.02.59:030][ 92]LogDirectoryWatcher: A directory notification for '../../../Engine/Plugins/2D/Paper2D/Content/' was aborted.
[2017.07.11-19.02.59:030][ 92]LogDirectoryWatcher: A directory notification for '../../../Engine/Plugins/Runtime/GearVR/Content/' was aborted.
[2017.07.11-19.02.59:033][ 92]LogModuleManager: Shutting down and abandoning module DirectoryWatcher (161)
[2017.07.11-19.02.59:035][ 92]LogModuleManager: Shutting down and abandoning module KismetCompiler (158)
[2017.07.11-19.02.59:035][ 92]LogModuleManager: Shutting down and abandoning module LevelSequence (156)
[2017.07.11-19.02.59:035][ 92]LogModuleManager: Shutting down and abandoning module PhysXFormats (154)
[2017.07.11-19.02.59:035][ 92]LogModuleManager: Shutting down and abandoning module MeshUtilities (152)
[2017.07.11-19.02.59:035][ 92]LogModuleManager: Shutting down and abandoning module SimplygonSwarm (151)
[2017.07.11-19.02.59:035][ 92]LogModuleManager: Shutting down and abandoning module SimplygonMeshReduction (149)
[2017.07.11-19.02.59:035][ 92]LogModuleManager: Shutting down and abandoning module QuadricMeshReduction (147)
[2017.07.11-19.02.59:035][ 92]LogModuleManager: Shutting down and abandoning module DerivedDataCache (144)
[2017.07.11-19.02.59:073][ 92]LogDerivedDataCache: Shutdown
[2017.07.11-19.02.59:073][ 92]LogModuleManager: Shutting down and abandoning module TargetPlatform (142)
[2017.07.11-19.02.59:073][ 92]LogModuleManager: Shutting down and abandoning module VulkanShaderFormat (141)
[2017.07.11-19.02.59:073][ 92]LogModuleManager: Shutting down and abandoning module ShaderFormatVectorVM (139)
[2017.07.11-19.02.59:073][ 92]LogModuleManager: Shutting down and abandoning module ShaderFormatOpenGL (137)
[2017.07.11-19.02.59:073][ 92]LogModuleManager: Shutting down and abandoning module ShaderFormatD3D (135)
[2017.07.11-19.02.59:073][ 92]LogModuleManager: Shutting down and abandoning module MetalShaderFormat (133)
[2017.07.11-19.02.59:073][ 92]LogModuleManager: Shutting down and abandoning module TextureFormatUncompressed (131)
[2017.07.11-19.02.59:073][ 92]LogModuleManager: Shutting down and abandoning module TextureFormatPVR (129)
[2017.07.11-19.02.59:073][ 92]LogModuleManager: Shutting down and abandoning module TextureFormatDXT (127)
[2017.07.11-19.02.59:073][ 92]LogModuleManager: Shutting down and abandoning module TextureFormatIntelISPCTexComp (125)
[2017.07.11-19.02.59:073][ 92]LogModuleManager: Shutting down and abandoning module TextureFormatASTC (123)
[2017.07.11-19.02.59:073][ 92]LogModuleManager: Shutting down and abandoning module ImageWrapper (122)
[2017.07.11-19.02.59:073][ 92]LogModuleManager: Shutting down and abandoning module TextureFormatAndroid (119)
[2017.07.11-19.02.59:073][ 92]LogModuleManager: Shutting down and abandoning module AudioFormatOpus (117)
[2017.07.11-19.02.59:073][ 92]LogModuleManager: Shutting down and abandoning module AudioFormatOgg (115)
[2017.07.11-19.02.59:073][ 92]LogModuleManager: Shutting down and abandoning module AudioFormatADPCM (113)
[2017.07.11-19.02.59:074][ 92]LogModuleManager: Shutting down and abandoning module LinuxTargetPlatform (111)
[2017.07.11-19.02.59:074][ 92]LogModuleManager: Shutting down and abandoning module LinuxServerTargetPlatform (109)
[2017.07.11-19.02.59:074][ 92]LogModuleManager: Shutting down and abandoning module LinuxNoEditorTargetPlatform (107)
[2017.07.11-19.02.59:074][ 92]LogModuleManager: Shutting down and abandoning module LinuxClientTargetPlatform (105)
[2017.07.11-19.02.59:074][ 92]LogModuleManager: Shutting down and abandoning module TVOSTargetPlatform (103)
[2017.07.11-19.02.59:074][ 92]LogModuleManager: Shutting down and abandoning module Messaging (101)
[2017.07.11-19.02.59:074][ 92]LogModuleManager: Shutting down and abandoning module IOSTargetPlatform (99)
[2017.07.11-19.02.59:074][ 92]LogModuleManager: Shutting down and abandoning module HTML5TargetPlatform (97)
[2017.07.11-19.02.59:074][ 92]LogModuleManager: Shutting down and abandoning module Android_PVRTCTargetPlatform (95)
[2017.07.11-19.02.59:074][ 92]LogModuleManager: Shutting down and abandoning module Android_MultiTargetPlatform (93)
[2017.07.11-19.02.59:074][ 92]LogModuleManager: Shutting down and abandoning module Android_ETC2TargetPlatform (91)
[2017.07.11-19.02.59:074][ 92]LogModuleManager: Shutting down and abandoning module Android_ETC1TargetPlatform (89)
[2017.07.11-19.02.59:074][ 92]LogModuleManager: Shutting down and abandoning module Android_DXTTargetPlatform (87)
[2017.07.11-19.02.59:074][ 92]LogModuleManager: Shutting down and abandoning module Android_ATCTargetPlatform (85)
[2017.07.11-19.02.59:074][ 92]LogModuleManager: Shutting down and abandoning module Android_ASTCTargetPlatform (83)
[2017.07.11-19.02.59:074][ 92]LogModuleManager: Shutting down and abandoning module AndroidTargetPlatform (81)
[2017.07.11-19.02.59:074][ 92]LogModuleManager: Shutting down and abandoning module WindowsTargetPlatform (79)
[2017.07.11-19.02.59:074][ 92]LogModuleManager: Shutting down and abandoning module WindowsServerTargetPlatform (77)
[2017.07.11-19.02.59:074][ 92]LogModuleManager: Shutting down and abandoning module WindowsNoEditorTargetPlatform (75)
[2017.07.11-19.02.59:074][ 92]LogModuleManager: Shutting down and abandoning module WindowsClientTargetPlatform (73)
[2017.07.11-19.02.59:074][ 92]LogModuleManager: Shutting down and abandoning module MacTargetPlatform (71)
[2017.07.11-19.02.59:074][ 92]LogModuleManager: Shutting down and abandoning module MacServerTargetPlatform (69)
[2017.07.11-19.02.59:074][ 92]LogModuleManager: Shutting down and abandoning module MacNoEditorTargetPlatform (67)
[2017.07.11-19.02.59:074][ 92]LogModuleManager: Shutting down and abandoning module MacClientTargetPlatform (65)
[2017.07.11-19.02.59:075][ 92]LogModuleManager: Shutting down and abandoning module AllDesktopTargetPlatform (63)
[2017.07.11-19.02.59:075][ 92]LogModuleManager: Shutting down and abandoning module InputCore (60)
[2017.07.11-19.02.59:075][ 92]LogModuleManager: Shutting down and abandoning module Settings (58)
[2017.07.11-19.02.59:075][ 92]LogModuleManager: Shutting down and abandoning module OculusRift (56)
[2017.07.11-19.02.59:075][ 92]LogModuleManager: Shutting down and abandoning module GearVRController (54)
[2017.07.11-19.02.59:075][ 92]LogModuleManager: Shutting down and abandoning module GearVR (52)
[2017.07.11-19.02.59:075][ 92]LogModuleManager: Shutting down and abandoning module ExampleDeviceProfileSelector (50)
[2017.07.11-19.02.59:075][ 92]LogModuleManager: Shutting down and abandoning module OnlineBlueprintSupport (48)
[2017.07.11-19.02.59:075][ 92]LogModuleManager: Shutting down and abandoning module OnlineSubsystem (44)
[2017.07.11-19.02.59:075][ 92]LogOnline:Display: Unloading online subsystem: NULL
[2017.07.11-19.02.59:075][ 92]LogModuleManager: Shutting down and abandoning module XMPP (43)
[2017.07.11-19.02.59:075][ 92]LogModuleManager: Shutting down and abandoning module HTTP (41)
[2017.07.11-19.02.59:075][ 92]LogHttp:Display: Http module shutting down, but needs to wait on 1 outstanding Http requests:
[2017.07.11-19.02.59:075][ 92]LogHttp:Display: 	verb=[POST] url=[https://datarouter.ol.epicgames.com/datarouter/api/v1/public/data?SessionID=%7BE87B861F-4F33-E600-72BA-F59FD055D09C%7D&AppID=UEEditor.Rocket.Release&AppVersion=4.16.1-3466753%2B%2B%2BUE4%2BRelease-4.16&UserID=e75bf06f4dbaf8d917b08da130f32e38%7C54599e2502c348eaa2dcfcee6f72aaa4%7C411fcffc-e69f-4d70-aa8f-b0f32a2cf60e&AppEnvironment=datacollector-binary&UploadType=eteventstream] status=Processing
[2017.07.11-19.02.59:104][ 92]LogModuleManager: Shutting down and abandoning module SSL (40)
[2017.07.11-19.02.59:108][ 92]LogModuleManager: Shutting down and abandoning module HTTPChunkInstaller (36)
[2017.07.11-19.02.59:108][ 92]LogModuleManager: Shutting down and abandoning module AnimationModifiers (34)
[2017.07.11-19.02.59:108][ 92]LogModuleManager: Shutting down and abandoning module PropertyEditor (33)
[2017.07.11-19.02.59:109][ 92]LogModuleManager: Shutting down and abandoning module AudioEditor (30)
[2017.07.11-19.02.59:109][ 92]LogModuleManager: Shutting down and abandoning module TextureCompressor (28)
[2017.07.11-19.02.59:109][ 92]LogModuleManager: Shutting down and abandoning module ShaderCore (26)
[2017.07.11-19.02.59:109][ 92]LogModuleManager: Shutting down and abandoning module Landscape (24)
[2017.07.11-19.02.59:109][ 92]LogModuleManager: Shutting down and abandoning module SlateRHIRenderer (22)
[2017.07.11-19.02.59:114][ 92]LogModuleManager: Shutting down and abandoning module OpenGLDrv (20)
[2017.07.11-19.02.59:114][ 92]LogModuleManager: Shutting down and abandoning module D3D11RHI (18)
[2017.07.11-19.02.59:114][ 92]LogModuleManager: Shutting down and abandoning module AnimGraphRuntime (16)
[2017.07.11-19.02.59:114][ 92]LogModuleManager: Shutting down and abandoning module Renderer (14)
[2017.07.11-19.02.59:114][ 92]LogModuleManager: Shutting down and abandoning module Engine (12)
[2017.07.11-19.02.59:114][ 92]LogModuleManager: Shutting down and abandoning module CoreUObject (10)
[2017.07.11-19.02.59:114][ 92]LogModuleManager: Shutting down and abandoning module NetworkFile (8)
[2017.07.11-19.02.59:114][ 92]LogModuleManager: Shutting down and abandoning module StreamingFile (6)
[2017.07.11-19.02.59:114][ 92]LogModuleManager: Shutting down and abandoning module SandboxFile (4)
[2017.07.11-19.02.59:115][ 92]LogModuleManager: Shutting down and abandoning module PakFile (2)
[2017.07.11-19.02.59:123][ 92]LogExit: Exiting.
[2017.07.11-19.02.59:170][ 92]Log file closed, 07/11/17 13:02:59
