Log file open, 12/21/17 09:47:22
LogWindows: Failed to load 'aqProf.dll' (GetLastError=126)
LogWindows: File 'aqProf.dll' does not exist
LogWindows: Failed to load 'VSPerf140.dll' (GetLastError=126)
LogWindows: File 'VSPerf140.dll' does not exist
LogWindows: Failed to load 'VtuneApi.dll' (GetLastError=126)
LogWindows: File 'VtuneApi.dll' does not exist
LogWindows: Failed to load 'VtuneApi32e.dll' (GetLastError=126)
LogWindows: File 'VtuneApi32e.dll' does not exist
LogInit: Display: Running engine for game: InsertNameAdventure
LogPlatformFile: Not using cached read wrapper
LogInit: Display: RandInit(-645753914) SRandInit(-645753914).
LogInit: Read version file with build ID '3709383'
LogInit: Overriding engine version to CL 3754814, compatible CL 3709383
LogInit: Registered custom module enumerator with build ID '3709383'
LogTaskGraph: Started task graph with 5 named threads and 14 total threads with 3 sets of task threads.
LogStats: Stats thread started at 0.172135
LogD3D11RHI: Aftermath initialized
LogModuleManager: Display: Found up-to-date module file ../../../Engine/Plugins/2D/Paper2D/Binaries/Win64/UE4Editor-Paper2D.dll (API version 3709383).
LogModuleManager: Display: Found up-to-date module file ../../../Engine/Plugins/2D/Paper2D/Binaries/Win64/UE4Editor-Paper2DEditor.dll (API version 3709383).
LogModuleManager: Display: Found up-to-date module file ../../../Engine/Plugins/2D/Paper2D/Binaries/Win64/UE4Editor-PaperSpriteSheetImporter.dll (API version 3709383).
LogModuleManager: Display: Found up-to-date module file ../../../Engine/Plugins/2D/Paper2D/Binaries/Win64/UE4Editor-PaperTiledImporter.dll (API version 3709383).
LogModuleManager: Display: Found up-to-date module file ../../../Engine/Plugins/2D/Paper2D/Binaries/Win64/UE4Editor-SmartSnapping.dll (API version 3709383).
LogModuleManager: Display: Found up-to-date module file ../../../Engine/Plugins/Blendables/LightPropagationVolume/Binaries/Win64/UE4Editor-LightPropagationVolumeRuntime.dll (API version 3709383).
LogModuleManager: Display: Found up-to-date module file ../../../Engine/Plugins/Blendables/LightPropagationVolume/Binaries/Win64/UE4Editor-LightPropagationVolumeEditor.dll (API version 3709383).
LogModuleManager: Display: Found up-to-date module file ../../../Engine/Plugins/Developer/GitSourceControl/Binaries/Win64/UE4Editor-GitSourceControl.dll (API version 3709383).
LogModuleManager: Display: Found up-to-date module file ../../../Engine/Plugins/Developer/PerforceSourceControl/Binaries/Win64/UE4Editor-PerforceSourceControl.dll (API version 3709383).
LogModuleManager: Display: Found up-to-date module file ../../../Engine/Plugins/Developer/SubversionSourceControl/Binaries/Win64/UE4Editor-SubversionSourceControl.dll (API version 3709383).
LogModuleManager: Display: Found up-to-date module file ../../../Engine/Plugins/Developer/UObjectPlugin/Binaries/Win64/UE4Editor-UObjectPlugin.dll (API version 3709383).
LogModuleManager: Display: Found up-to-date module file ../../../Engine/Plugins/Developer/VisualStudioCodeSourceCodeAccess/Binaries/Win64/UE4Editor-VisualStudioCodeSourceCodeAccess.dll (API version 3709383).
LogModuleManager: Display: Found up-to-date module file ../../../Engine/Plugins/Developer/VisualStudioSourceCodeAccess/Binaries/Win64/UE4Editor-VisualStudioSourceCodeAccess.dll (API version 3709383).
LogModuleManager: Display: Found up-to-date module file ../../../Engine/Plugins/Editor/AssetManagerEditor/Binaries/Win64/UE4Editor-AssetManagerEditor.dll (API version 3709383).
LogModuleManager: Display: Found up-to-date module file ../../../Engine/Plugins/Editor/AudioCapture/Binaries/Win64/UE4Editor-AudioCapture.dll (API version 3709383).
LogModuleManager: Display: Found up-to-date module file ../../../Engine/Plugins/Editor/FacialAnimation/Binaries/Win64/UE4Editor-FacialAnimation.dll (API version 3709383).
LogModuleManager: Display: Found up-to-date module file ../../../Engine/Plugins/Editor/FacialAnimation/Binaries/Win64/UE4Editor-FacialAnimationEditor.dll (API version 3709383).
LogModuleManager: Display: Found up-to-date module file ../../../Engine/Plugins/Editor/GameplayTagsEditor/Binaries/Win64/UE4Editor-GameplayTagsEditor.dll (API version 3709383).
LogModuleManager: Display: Found up-to-date module file ../../../Engine/Plugins/Editor/MobileLauncherProfileWizard/Binaries/Win64/UE4Editor-MobileLauncherProfileWizard.dll (API version 3709383).
LogModuleManager: Display: Found up-to-date module file ../../../Engine/Plugins/Editor/PluginBrowser/Binaries/Win64/UE4Editor-PluginBrowser.dll (API version 3709383).
LogModuleManager: Display: Found up-to-date module file ../../../Engine/Plugins/Editor/SpeedTreeImporter/Binaries/Win64/UE4Editor-SpeedTreeImporter.dll (API version 3709383).
LogModuleManager: Display: Found up-to-date module file ../../../Engine/Plugins/Experimental/AlembicImporter/Binaries/Win64/UE4Editor-AlembicImporter.dll (API version 3709383).
LogModuleManager: Display: Found up-to-date module file ../../../Engine/Plugins/Experimental/AlembicImporter/Binaries/Win64/UE4Editor-AlembicLibrary.dll (API version 3709383).
LogModuleManager: Display: Found up-to-date module file ../../../Engine/Plugins/Experimental/CharacterAI/Binaries/Win64/UE4Editor-CharacterAI.dll (API version 3709383).
LogModuleManager: Display: Found up-to-date module file ../../../Engine/Plugins/Experimental/HTML5Networking/Binaries/Win64/UE4Editor-HTML5Networking.dll (API version 3709383).
LogModuleManager: Display: Found up-to-date module file ../../../Engine/Plugins/Media/AndroidMedia/Binaries/Win64/UE4Editor-AndroidMediaEditor.dll (API version 3709383).
LogModuleManager: Display: Found up-to-date module file ../../../Engine/Plugins/Media/AndroidMedia/Binaries/Win64/UE4Editor-AndroidMediaFactory.dll (API version 3709383).
LogModuleManager: Display: Found up-to-date module file ../../../Engine/Plugins/Media/AvfMedia/Binaries/Win64/UE4Editor-AvfMediaEditor.dll (API version 3709383).
LogModuleManager: Display: Found up-to-date module file ../../../Engine/Plugins/Media/AvfMedia/Binaries/Win64/UE4Editor-AvfMediaFactory.dll (API version 3709383).
LogModuleManager: Display: Found up-to-date module file ../../../Engine/Plugins/Media/AvfMedia/Binaries/Win64/UE4Editor-AvfMediaFactory.dll (API version 3709383).
LogModuleManager: Display: Found up-to-date module file ../../../Engine/Plugins/Media/ImgMedia/Binaries/Win64/UE4Editor-ImgMedia.dll (API version 3709383).
LogModuleManager: Display: Found up-to-date module file ../../../Engine/Plugins/Media/ImgMedia/Binaries/Win64/UE4Editor-ImgMediaEditor.dll (API version 3709383).
LogModuleManager: Display: Found up-to-date module file ../../../Engine/Plugins/Media/ImgMedia/Binaries/Win64/UE4Editor-ImgMediaFactory.dll (API version 3709383).
LogModuleManager: Display: Found up-to-date module file ../../../Engine/Plugins/Media/ImgMedia/Binaries/Win64/UE4Editor-ImgMediaFactory.dll (API version 3709383).
LogModuleManager: Display: Found up-to-date module file ../../../Engine/Plugins/Media/ImgMedia/Binaries/Win64/UE4Editor-OpenExrWrapper.dll (API version 3709383).
LogModuleManager: Display: Found up-to-date module file ../../../Engine/Plugins/Media/MediaCompositing/Binaries/Win64/UE4Editor-MediaCompositing.dll (API version 3709383).
LogModuleManager: Display: Found up-to-date module file ../../../Engine/Plugins/Media/MediaCompositing/Binaries/Win64/UE4Editor-MediaCompositingEditor.dll (API version 3709383).
LogModuleManager: Display: Found up-to-date module file ../../../Engine/Plugins/Media/MediaPlayerEditor/Binaries/Win64/UE4Editor-MediaPlayerEditor.dll (API version 3709383).
LogModuleManager: Display: Found up-to-date module file ../../../Engine/Plugins/Media/WmfMedia/Binaries/Win64/UE4Editor-WmfMedia.dll (API version 3709383).
LogModuleManager: Display: Found up-to-date module file ../../../Engine/Plugins/Media/WmfMedia/Binaries/Win64/UE4Editor-WmfMediaEditor.dll (API version 3709383).
LogModuleManager: Display: Found up-to-date module file ../../../Engine/Plugins/Media/WmfMedia/Binaries/Win64/UE4Editor-WmfMediaFactory.dll (API version 3709383).
LogModuleManager: Display: Found up-to-date module file ../../../Engine/Plugins/Media/WmfMedia/Binaries/Win64/UE4Editor-WmfMediaFactory.dll (API version 3709383).
LogModuleManager: Display: Found up-to-date module file ../../../Engine/Plugins/Messaging/TcpMessaging/Binaries/Win64/UE4Editor-TcpMessaging.dll (API version 3709383).
LogModuleManager: Display: Found up-to-date module file ../../../Engine/Plugins/Messaging/UdpMessaging/Binaries/Win64/UE4Editor-UdpMessaging.dll (API version 3709383).
LogModuleManager: Display: Found up-to-date module file ../../../Engine/Plugins/MovieScene/ActorSequence/Binaries/Win64/UE4Editor-ActorSequence.dll (API version 3709383).
LogModuleManager: Display: Found up-to-date module file ../../../Engine/Plugins/MovieScene/LevelSequenceEditor/Binaries/Win64/UE4Editor-LevelSequenceEditor.dll (API version 3709383).
LogModuleManager: Display: Found up-to-date module file ../../../Engine/Plugins/MovieScene/MatineeToLevelSequence/Binaries/Win64/UE4Editor-MatineeToLevelSequence.dll (API version 3709383).
LogModuleManager: Display: Found up-to-date module file ../../../Engine/Plugins/Online/OnlineSubsystem/Binaries/Win64/UE4Editor-OnlineSubsystem.dll (API version 3709383).
LogModuleManager: Display: Found up-to-date module file ../../../Engine/Plugins/Runtime/AndroidPermission/Binaries/Win64/UE4Editor-AndroidPermission.dll (API version 3709383).
LogModuleManager: Display: Found up-to-date module file ../../../Engine/Plugins/Online/OnlineSubsystemNull/Binaries/Win64/UE4Editor-OnlineSubsystemNull.dll (API version 3709383).
LogModuleManager: Display: Found up-to-date module file ../../../Engine/Plugins/Online/OnlineSubsystemUtils/Binaries/Win64/UE4Editor-OnlineSubsystemUtils.dll (API version 3709383).
LogModuleManager: Display: Found up-to-date module file ../../../Engine/Plugins/Online/OnlineSubsystemUtils/Binaries/Win64/UE4Editor-OnlineBlueprintSupport.dll (API version 3709383).
LogModuleManager: Display: Found up-to-date module file ../../../Engine/Plugins/Runtime/AndroidDeviceProfileSelector/Binaries/Win64/UE4Editor-AndroidDeviceProfileSelector.dll (API version 3709383).
LogModuleManager: Display: Found up-to-date module file ../../../Engine/Plugins/Runtime/AppleARKit/Binaries/Win64/UE4Editor-AppleARKit.dll (API version 3709383).
LogModuleManager: Display: Found up-to-date module file ../../../Engine/Plugins/Runtime/ArchVisCharacter/Binaries/Win64/UE4Editor-ArchVisCharacter.dll (API version 3709383).
LogModuleManager: Display: Found up-to-date module file ../../../Engine/Plugins/Runtime/CableComponent/Binaries/Win64/UE4Editor-CableComponent.dll (API version 3709383).
LogModuleManager: Display: Found up-to-date module file ../../../Engine/Plugins/Runtime/CustomMeshComponent/Binaries/Win64/UE4Editor-CustomMeshComponent.dll (API version 3709383).
LogModuleManager: Display: Found up-to-date module file ../../../Engine/Plugins/Runtime/ExampleDeviceProfileSelector/Binaries/Win64/UE4Editor-ExampleDeviceProfileSelector.dll (API version 3709383).
LogModuleManager: Display: Found up-to-date module file ../../../Engine/Plugins/Runtime/ImmediatePhysics/Binaries/Win64/UE4Editor-ImmediatePhysics.dll (API version 3709383).
LogModuleManager: Display: Found up-to-date module file ../../../Engine/Plugins/Runtime/ImmediatePhysics/Binaries/Win64/UE4Editor-ImmediatePhysicsEditor.dll (API version 3709383).
LogModuleManager: Display: Found up-to-date module file ../../../Engine/Plugins/Runtime/LocationServicesBPLibrary/Binaries/Win64/UE4Editor-LocationServicesBPLibrary.dll (API version 3709383).
LogModuleManager: Display: Found up-to-date module file ../../../Engine/Plugins/Runtime/MobilePatchingUtils/Binaries/Win64/UE4Editor-MobilePatchingUtils.dll (API version 3709383).
LogModuleManager: Display: Found up-to-date module file ../../../Engine/Plugins/Runtime/Oculus/OculusVR/Binaries/Win64/UE4Editor-OculusHMD.dll (API version 3709383).
LogModuleManager: Display: Found up-to-date module file ../../../Engine/Plugins/Runtime/Oculus/OculusVR/Binaries/Win64/UE4Editor-OculusInput.dll (API version 3709383).
LogModuleManager: Display: Found up-to-date module file ../../../Engine/Plugins/Runtime/Oculus/OculusVR/Binaries/Win64/UE4Editor-OculusEditor.dll (API version 3709383).
LogModuleManager: Display: Found up-to-date module file ../../../Engine/Plugins/Runtime/PhysXVehicles/Binaries/Win64/UE4Editor-PhysXVehicles.dll (API version 3709383).
LogModuleManager: Display: Found up-to-date module file ../../../Engine/Plugins/Runtime/PhysXVehicles/Binaries/Win64/UE4Editor-PhysXVehiclesEditor.dll (API version 3709383).
LogModuleManager: Display: Found up-to-date module file ../../../Engine/Plugins/Runtime/ProceduralMeshComponent/Binaries/Win64/UE4Editor-ProceduralMeshComponent.dll (API version 3709383).
LogModuleManager: Display: Found up-to-date module file ../../../Engine/Plugins/Runtime/ProceduralMeshComponent/Binaries/Win64/UE4Editor-ProceduralMeshComponentEditor.dll (API version 3709383).
LogModuleManager: Display: Found up-to-date module file ../../../Engine/Plugins/Runtime/RuntimePhysXCooking/Binaries/Win64/UE4Editor-RuntimePhysXCooking.dll (API version 3709383).
LogModuleManager: Display: Found up-to-date module file ../../../Engine/Plugins/Runtime/Steam/SteamVR/Binaries/Win64/UE4Editor-SteamVR.dll (API version 3709383).
LogModuleManager: Display: Found up-to-date module file ../../../Engine/Plugins/Runtime/Steam/SteamVR/Binaries/Win64/UE4Editor-SteamVRController.dll (API version 3709383).
LogModuleManager: Display: Found up-to-date module file ../../../Engine/Plugins/Runtime/WindowsMoviePlayer/Binaries/Win64/UE4Editor-WindowsMoviePlayer.dll (API version 3709383).
LogPluginManager: Mounting plugin Paper2D
LogPluginManager: Mounting plugin LightPropagationVolume
LogPluginManager: Mounting plugin CodeLiteSourceCodeAccess
LogPluginManager: Mounting plugin GitSourceControl
LogPluginManager: Mounting plugin KDevelopSourceCodeAccess
LogPluginManager: Mounting plugin NullSourceCodeAccess
LogPluginManager: Mounting plugin PerforceSourceControl
LogPluginManager: Mounting plugin SubversionSourceControl
LogPluginManager: Mounting plugin UObjectPlugin
LogPluginManager: Mounting plugin VisualStudioCodeSourceCodeAccess
LogPluginManager: Mounting plugin VisualStudioSourceCodeAccess
LogPluginManager: Mounting plugin XCodeSourceCodeAccess
LogPluginManager: Mounting plugin AssetManagerEditor
LogPluginManager: Mounting plugin AudioCapture
LogPluginManager: Mounting plugin FacialAnimation
LogPluginManager: Mounting plugin GameplayTagsEditor
LogPluginManager: Mounting plugin MobileLauncherProfileWizard
LogPluginManager: Mounting plugin PluginBrowser
LogPluginManager: Mounting plugin SpeedTreeImporter
LogPluginManager: Mounting plugin AlembicImporter
LogPluginManager: Mounting plugin CharacterAI
LogPluginManager: Mounting plugin HTML5Networking
LogPluginManager: Mounting plugin AndroidMedia
LogPluginManager: Mounting plugin AvfMedia
LogPluginManager: Mounting plugin ImgMedia
LogPluginManager: Mounting plugin MediaCompositing
LogPluginManager: Mounting plugin MediaPlayerEditor
LogPluginManager: Mounting plugin WmfMedia
LogPluginManager: Mounting plugin TcpMessaging
LogPluginManager: Mounting plugin UdpMessaging
LogPluginManager: Mounting plugin ActorSequence
LogPluginManager: Mounting plugin LevelSequenceEditor
LogPluginManager: Mounting plugin MatineeToLevelSequence
LogPluginManager: Mounting plugin OnlineSubsystemGooglePlay
LogPluginManager: Mounting plugin OnlineSubsystemIOS
LogPluginManager: Mounting plugin OnlineSubsystem
LogPluginManager: Mounting plugin OnlineSubsystemNull
LogPluginManager: Mounting plugin OnlineSubsystemUtils
LogPluginManager: Mounting plugin AndroidDeviceProfileSelector
LogPluginManager: Mounting plugin AndroidMoviePlayer
LogPluginManager: Mounting plugin AndroidPermission
LogPluginManager: Mounting plugin AppleARKit
LogPluginManager: Mounting plugin AppleMoviePlayer
LogPluginManager: Mounting plugin ArchVisCharacter
LogPluginManager: Mounting plugin CableComponent
LogPluginManager: Mounting plugin CustomMeshComponent
LogPluginManager: Mounting plugin ExampleDeviceProfileSelector
LogPluginManager: Mounting plugin GoogleCloudMessaging
LogPluginManager: Mounting plugin ImmediatePhysics
LogPluginManager: Mounting plugin IOSDeviceProfileSelector
LogPluginManager: Mounting plugin LinuxDeviceProfileSelector
LogPluginManager: Mounting plugin LocationServicesBPLibrary
LogPluginManager: Mounting plugin MobilePatchingUtils
LogPluginManager: Mounting plugin OculusVR
LogPluginManager: Plugin shader directory ../../../Engine/Plugins/Runtime/Oculus/OculusVR/Shaders found
LogPluginManager: Mapping shader source directory ../../../Engine/Plugins/Runtime/Oculus/OculusVR/Shaders to virtual directory /Plugin/OculusVR
LogPluginManager: Mounting plugin PhysXVehicles
LogPluginManager: Mounting plugin ProceduralMeshComponent
LogPluginManager: Mounting plugin RuntimePhysXCooking
LogPluginManager: Mounting plugin SteamVR
LogPluginManager: Mounting plugin WindowsMoviePlayer
LogInit: Using libcurl 7.47.1
LogInit:  - built for x86_64-pc-win32
LogInit:  - supports SSL with OpenSSL/1.0.2g
LogInit:  - supports HTTP deflate (compression) using libz 1.2.8
LogInit:  - other features:
LogInit:      CURL_VERSION_SSL
LogInit:      CURL_VERSION_LIBZ
LogInit:      CURL_VERSION_IPV6
LogInit:      CURL_VERSION_ASYNCHDNS
LogInit:      CURL_VERSION_LARGEFILE
LogInit:      CURL_VERSION_IDN
LogInit:  CurlRequestOptions (configurable via config and command line):
LogInit:  - bVerifyPeer = false  - Libcurl will NOT verify peer certificate
LogInit:  - bUseHttpProxy = false  - Libcurl will NOT use HTTP proxy
LogInit:  - bDontReuseConnections = false  - Libcurl will reuse connections
LogInit:  - CertBundlePath = nullptr  - Libcurl will use whatever was configured at build time.
LogInit: Build: ++UE4+Release-4.18-CL-3754814
LogInit: Engine Version: 4.18.1-3754814+++UE4+Release-4.18
LogInit: Compatible Engine Version: 4.18.0-3709383+++UE4+Release-4.18
LogInit: Net CL: 3709383
LogDevObjectVersion: Number of dev versions registered: 16
LogDevObjectVersion:   Dev-Blueprints (B0D832E4-1F89-4F0D-ACCF-7EB736FD4AA2): 10
LogDevObjectVersion:   Dev-Build (E1C64328-A22C-4D53-A36C-8E866417BD8C): 0
LogDevObjectVersion:   Dev-Core (375EC13C-06E4-48FB-B500-84F0262A717E): 2
LogDevObjectVersion:   Dev-Editor (E4B068ED-F494-42E9-A231-DA0B2E46BB41): 20
LogDevObjectVersion:   Dev-Framework (CFFC743F-43B0-4480-9391-14DF171D2073): 30
LogDevObjectVersion:   Dev-Mobile (B02B49B5-BB20-44E9-A304-32B752E40360): 0
LogDevObjectVersion:   Dev-Networking (A4E4105C-59A1-49B5-A7C5-40C4547EDFEE): 0
LogDevObjectVersion:   Dev-Online (39C831C9-5AE6-47DC-9A44-9C173E1C8E7C): 0
LogDevObjectVersion:   Dev-Physics (78F01B33-EBEA-4F98-B9B4-84EACCB95AA2): 0
LogDevObjectVersion:   Dev-Platform (6631380F-2D4D-43E0-8009-CF276956A95A): 0
LogDevObjectVersion:   Dev-Rendering (12F88B9F-8875-4AFC-A67C-D90C383ABD29): 20
LogDevObjectVersion:   Dev-Sequencer (7B5AE74C-D270-4C10-A958-57980B212A5A): 4
LogDevObjectVersion:   Dev-VR (D7296918-1DD6-4BDD-9DE2-64A83CC13884): 0
LogDevObjectVersion:   Dev-LoadTimes (C2A15278-BFE7-4AFE-6C17-90FF531DF755): 1
LogDevObjectVersion:   Private-Geometry (6EACA3D4-40EC-4CC1-B786-8BED09428FC5): 1
LogDevObjectVersion:   Dev-AnimPhys (29E575DD-E0A3-4627-9D10-D276232CDCEA): 12
LogInit: Compiled (64-bit): Nov 14 2017 02:05:55
LogInit: Compiled with Visual C++: 19.00.24215.01
LogInit: Build Configuration: Development
LogInit: Branch Name: ++UE4+Release-4.18
LogInit: Command line:  
LogInit: Base directory: C:/Program Files/Epic Games/UE_4.18/Engine/Binaries/Win64/
LogInit: Installed Engine Build: 1
LogInit: Presizing for max 8388607 objects, including 0 objects not considered by GC, pre-allocating 0 bytes for permanent pool.
LogInit: Object subsystem initialized
[2017.12.21-16.47.24:010][  0]LogInit: Selected Device Profile: [Windows]
[2017.12.21-16.47.24:010][  0]LogInit: Applying CVar settings loaded from the selected device profile: [Windows]
[2017.12.21-16.47.24:069][  0]LogInit: Computer: DESKTOP-OMJHMSB
[2017.12.21-16.47.24:069][  0]LogInit: User: rajjj
[2017.12.21-16.47.24:069][  0]LogInit: CPU Page size=4096, Cores=4
[2017.12.21-16.47.24:069][  0]LogInit: High frequency timer resolution =3.328124 MHz
[2017.12.21-16.47.24:070][  0]LogMemory: Memory total: Physical=15.9GB (16GB approx)
[2017.12.21-16.47.24:070][  0]LogMemory: Platform Memory Stats for Windows
[2017.12.21-16.47.24:071][  0]LogMemory: Process Physical Memory: 273.89 MB used, 273.89 MB peak
[2017.12.21-16.47.24:071][  0]LogMemory: Process Virtual Memory: 265.73 MB used, 265.73 MB peak
[2017.12.21-16.47.24:071][  0]LogMemory: Physical Memory: 4243.85 MB used,  12077.89 MB free, 16321.74 MB total
[2017.12.21-16.47.24:071][  0]LogMemory: Virtual Memory: 677.39 MB used,  12077.89 MB free, 134217728.00 MB total
[2017.12.21-16.47.24:510][  0]LogInit: Using OS detected language (en-US).
[2017.12.21-16.47.24:510][  0]LogInit: Using OS detected locale (en-US).
[2017.12.21-16.47.24:567][  0]LogTextLocalizationManager: No specific localization for 'en-US' exists, so the 'en' localization will be used.
[2017.12.21-16.47.24:998][  0]LogInit: Setting process to per monitor DPI aware
[2017.12.21-16.47.27:411][  0]LogD3D11RHI: D3D11 adapters:
[2017.12.21-16.47.27:455][  0]LogD3D11RHI:    0. 'NVIDIA GeForce GTX 1070' (Feature Level 11_0)
[2017.12.21-16.47.27:455][  0]LogD3D11RHI:       8096/0/8160 MB DedicatedVideo/DedicatedSystem/SharedSystem, Outputs:2, VendorId:0x10de
[2017.12.21-16.47.27:456][  0]LogD3D11RHI:    1. 'Microsoft Basic Render Driver' (Feature Level 11_0)
[2017.12.21-16.47.27:456][  0]LogD3D11RHI:       0/0/8160 MB DedicatedVideo/DedicatedSystem/SharedSystem, Outputs:0, VendorId:0x1414
[2017.12.21-16.47.27:456][  0]LogD3D11RHI: Chosen D3D11 Adapter: 0
[2017.12.21-16.47.27:462][  0]LogD3D11RHI: Creating new Direct3DDevice
[2017.12.21-16.47.27:462][  0]LogD3D11RHI:     GPU DeviceId: 0x1b81 (for the marketing name, search the web for "GPU Device Id")
[2017.12.21-16.47.27:462][  0]LogWindows: EnumDisplayDevices:
[2017.12.21-16.47.27:462][  0]LogWindows:    0. 'NVIDIA GeForce GTX 1070' (P:0 D:1)
[2017.12.21-16.47.27:463][  0]LogWindows:    1. 'NVIDIA GeForce GTX 1070' (P:1 D:1)
[2017.12.21-16.47.27:463][  0]LogWindows:    2. 'NVIDIA GeForce GTX 1070' (P:0 D:0)
[2017.12.21-16.47.27:463][  0]LogWindows:    3. 'NVIDIA GeForce GTX 1070' (P:0 D:0)
[2017.12.21-16.47.27:463][  0]LogWindows: DebugString: GetVideoDriverDetailsInvalid PrimaryIsNotTheChoosenAdapter GetVideoDriverDetailsInvalid PrimaryIsNotTheChoosenAdapter GetVideoDriverDetailsInvalid PrimaryIsNotTheChoosenAdapter GetVideoDriverDetailsInvalid PrimaryIsNotTheChoosenAdapter FoundDriverCount:0 
[2017.12.21-16.47.27:463][  0]LogD3D11RHI:     Adapter Name: NVIDIA GeForce GTX 1070
[2017.12.21-16.47.27:463][  0]LogD3D11RHI:   Driver Version: Unknown (internal:Unknown, unified:Unknown)
[2017.12.21-16.47.27:463][  0]LogD3D11RHI:      Driver Date: Unknown
[2017.12.21-16.47.27:463][  0]LogRHI: Texture pool is 5667 MB (70% of 8096 MB)
[2017.12.21-16.47.27:482][  0]LogD3D11RHI: Async texture creation enabled
[2017.12.21-16.47.27:508][  0]LogD3D11RHI: GPU Timing Frequency: 1000.000000 (Debug: 2 1)
[2017.12.21-16.47.27:562][  0]LogShaderCompilers: Guid format shader working directory is -34 characters bigger than the processId version (../../../../../../Users/rajjj/OneDrive/Documents/GitHub/DatBoiEntertainmetnGame_/Intermediate/Shaders/WorkingDirectory/7048/).
[2017.12.21-16.47.27:562][  0]LogShaderCompilers: Cleaned the shader compiler working directory 'C:/Users/rajjj/AppData/Local/Temp/UnrealShaderWorkingDir/3DA9D2894BECD59065457E898216A81B/'.
[2017.12.21-16.47.27:563][  0]LogShaderCompilers: Display: Using Local Shader Compiler.
[2017.12.21-16.47.29:638][  0]LogTemp: Display: Loaded TP AllDesktopTargetPlatform
[2017.12.21-16.47.29:696][  0]LogTemp: Display: Loaded TP MacClientTargetPlatform
[2017.12.21-16.47.29:751][  0]LogTemp: Display: Loaded TP MacNoEditorTargetPlatform
[2017.12.21-16.47.29:807][  0]LogTemp: Display: Loaded TP MacServerTargetPlatform
[2017.12.21-16.47.29:870][  0]LogTemp: Display: Loaded TP MacTargetPlatform
[2017.12.21-16.47.29:926][  0]LogTemp: Display: Loaded TP WindowsClientTargetPlatform
[2017.12.21-16.47.29:988][  0]LogTemp: Display: Loaded TP WindowsNoEditorTargetPlatform
[2017.12.21-16.47.30:051][  0]LogTemp: Display: Loaded TP WindowsServerTargetPlatform
[2017.12.21-16.47.30:106][  0]LogTemp: Display: Loaded TP WindowsTargetPlatform
[2017.12.21-16.47.30:161][  0]LogTemp: Display: Loaded TP Android_ASTCTargetPlatform
[2017.12.21-16.47.30:215][  0]LogTemp: Display: Loaded TP Android_ATCTargetPlatform
[2017.12.21-16.47.30:272][  0]LogTemp: Display: Loaded TP Android_DXTTargetPlatform
[2017.12.21-16.47.30:333][  0]LogTemp: Display: Loaded TP Android_ETC1TargetPlatform
[2017.12.21-16.47.30:388][  0]LogTemp: Display: Loaded TP Android_ETC2TargetPlatform
[2017.12.21-16.47.30:503][  0]LogTemp: Display: Loaded TP Android_MultiTargetPlatform
[2017.12.21-16.47.30:503][  0]LogTemp: Display: Loaded TP Android_PVRTCTargetPlatform
[2017.12.21-16.47.30:561][  0]LogTemp: Display: Loaded TP AndroidTargetPlatform
[2017.12.21-16.47.30:605][  0]LogTemp: Display: Loaded TP HTML5TargetPlatform
[2017.12.21-16.47.30:713][  0]LogTemp: Display: Loaded TP IOSTargetPlatform
[2017.12.21-16.47.30:771][  0]LogTemp: Display: Loaded TP TVOSTargetPlatform
[2017.12.21-16.47.30:827][  0]LogTemp: Display: Loaded TP LinuxClientTargetPlatform
[2017.12.21-16.47.30:882][  0]LogTemp: Display: Loaded TP LinuxNoEditorTargetPlatform
[2017.12.21-16.47.30:935][  0]LogTemp: Display: Loaded TP LinuxServerTargetPlatform
[2017.12.21-16.47.30:993][  0]LogTemp: Display: Loaded TP LinuxTargetPlatform
[2017.12.21-16.47.30:993][  0]LogTargetPlatformManager: Display: Building Assets For Windows
[2017.12.21-16.47.31:585][  0]LogDerivedDataCache: Display: Max Cache Size: 512 MB
[2017.12.21-16.47.31:934][  0]LogDerivedDataCache: Loaded boot cache 0.35s 78MB C:/Users/rajjj/AppData/Local/UnrealEngine/4.18/DerivedDataCache/Boot.ddc.
[2017.12.21-16.47.31:934][  0]LogDerivedDataCache: Display: Loaded Boot cache: C:/Users/rajjj/AppData/Local/UnrealEngine/4.18/DerivedDataCache/Boot.ddc
[2017.12.21-16.47.31:934][  0]LogDerivedDataCache: FDerivedDataBackendGraph:  Pak pak cache file ../../../../../../Users/rajjj/OneDrive/Documents/GitHub/DatBoiEntertainmetnGame_/DerivedDataCache/DDC.ddp not found, will not use a pak cache.
[2017.12.21-16.47.31:935][  0]LogDerivedDataCache: Unable to find inner node Pak for hierarchical cache Hierarchy.
[2017.12.21-16.47.31:935][  0]LogDerivedDataCache: FDerivedDataBackendGraph:  CompressedPak pak cache file ../../../../../../Users/rajjj/OneDrive/Documents/GitHub/DatBoiEntertainmetnGame_/DerivedDataCache/Compressed.ddp not found, will not use a pak cache.
[2017.12.21-16.47.31:935][  0]LogDerivedDataCache: Unable to find inner node CompressedPak for hierarchical cache Hierarchy.
[2017.12.21-16.47.31:975][  0]LogDerivedDataCache: Display: Pak cache opened for reading ../../../Engine/DerivedDataCache/Compressed.ddp.
[2017.12.21-16.47.31:987][  0]LogDerivedDataCache: Using Local data cache path C:/Users/rajjj/AppData/Local/UnrealEngine/Common/DerivedDataCache: Writable
[2017.12.21-16.47.32:001][  0]LogMaterial: Verifying Global Shaders for PCD3D_SM5
[2017.12.21-16.47.32:007][  0]LogSlate: Using Freetype 2.6.0
[2017.12.21-16.47.32:047][  0]LogSlate: SlateFontCache - WITH_FREETYPE: 1, WITH_HARFBUZZ: 1
[2017.12.21-16.47.32:047][  0]LogSlate: SlateFontCache - WITH_FREETYPE: 1, WITH_HARFBUZZ: 1
[2017.12.21-16.47.32:972][  0]LogInit: Selected Device Profile: [Windows]
[2017.12.21-16.47.33:492][  0]LogSimplygon: Simplygon DLL not present - disabling.
[2017.12.21-16.47.33:538][  0]LogMeshReduction: Using SimplygonSwarm for distributed automatic mesh merging
[2017.12.21-16.47.33:539][  0]LogMeshReduction: Using QuadricMeshReduction for automatic static mesh reduction
[2017.12.21-16.47.33:539][  0]LogMeshReduction: No automatic skeletal mesh reduction module available
[2017.12.21-16.47.33:539][  0]LogMeshReduction: No automatic mesh merging module available
[2017.12.21-16.47.33:539][  0]LogMeshMerging: No automatic mesh merging module available
[2017.12.21-16.47.33:608][  0]LogNetVersion: InsertNameAdventure , NetCL: 3709383, EngineNetVer: 2, GameNetVer: 0 (Checksum: 1457064711)
[2017.12.21-16.47.34:014][  0]LogAssetRegistry: FAssetRegistry took 0.0337 seconds to start up
[2017.12.21-16.47.35:078][  0]LogPackageLocalizationCache: Processed 7 localized package path(s) for 2 prioritized culture(s) in 0.075487 seconds
[2017.12.21-16.47.35:082][  0]LogUObjectArray: 35900 objects as part of root set at end of initial load.
[2017.12.21-16.47.35:083][  0]LogUObjectAllocator: 7372016 out of 0 bytes used by permanent object pool.
[2017.12.21-16.47.35:083][  0]LogUObjectArray: CloseDisregardForGC: 0/0 objects in disregard for GC pool
[2017.12.21-16.47.35:145][  0]LogInit: WinSock: version 1.1 (2.2), MaxSocks=32767, MaxUdp=65467
[2017.12.21-16.47.41:016][  0]LogTcpMessaging: Initializing TcpMessaging bridge
[2017.12.21-16.47.41:069][  0]LogUdpMessaging: Initializing bridge on interface 0.0.0.0:0 to multicast group 230.0.0.1:6666.
[2017.12.21-16.47.42:055][  0]LogMaterial: Uniform references updated for custom material expression Custom.
[2017.12.21-16.47.42:646][  0]SourceControl: Source control is disabled
[2017.12.21-16.47.44:447][  0]LogAndroidPermission: UAndroidPermissionCallbackProxy::GetInstance
[2017.12.21-16.47.44:781][  0]LogOcInput: OculusInput pre-init called
[2017.12.21-16.47.45:153][  0]LogEngine: Initializing Engine...
[2017.12.21-16.47.45:157][  0]LogHMD: Failed to initialize OpenVR with code 110
[2017.12.21-16.47.45:518][  0]LogStats: UGameplayTagsManager::ConstructGameplayTagTree: Construct from data asset -  0.000 s
[2017.12.21-16.47.45:519][  0]LogStats: UGameplayTagsManager::ConstructGameplayTagTree: GameplayTagTreeChangedEvent.Broadcast -  0.000 s
[2017.12.21-16.47.45:697][  0]LogAIModule: Creating AISystem for world Untitled
[2017.12.21-16.47.45:713][  0]LogInit: XAudio2 using 'Speakers (2- Logitech G930 Headset)' : 2 channels at 48 kHz using 16 bits per sample (channel mask 0x3)
[2017.12.21-16.47.45:738][  0]LogInit: FAudioDevice initialized.
[2017.12.21-16.47.45:808][  0]LogDerivedDataCache: Saved boot cache 0.07s 78MB C:/Users/rajjj/AppData/Local/UnrealEngine/4.18/DerivedDataCache/Boot.ddc.
[2017.12.21-16.47.45:817][  0]LogInit: Texture streaming: Enabled
[2017.12.21-16.47.45:943][  0]LogEngineSessionManager: EngineSessionManager initialized
[2017.12.21-16.47.46:126][  0]LogInit: Transaction tracking system initialized
[2017.12.21-16.47.46:534][  0]BlueprintLog: New page: Editor Load
[2017.12.21-16.47.47:634][  0]LocalizationService: Localization service is disabled
[2017.12.21-16.47.48:512][  0]LogConsoleResponse: Display: 
[2017.12.21-16.47.49:018][  0]LogCook: Display: Max memory allowance for cook 16384mb min free memory 0mb
[2017.12.21-16.47.49:018][  0]LogCook: Display: Mobile HDR setting 1
[2017.12.21-16.47.49:019][  0]LogGameplayTags: Display: UGameplayTagsManager::DoneAddingNativeTags. DelegateIsBound: 0
[2017.12.21-16.47.49:628][  0]LogFileCache: Scanning file cache for directory 'C:/Users/rajjj/OneDrive/Documents/GitHub/DatBoiEntertainmetnGame_/Content/' took 0.02s
[2017.12.21-16.47.50:507][  0]Cmd: MAP LOAD FILE="../../../../../../Users/rajjj/OneDrive/Documents/GitHub/DatBoiEntertainmetnGame_/Content/2DSideScrollerBP/Maps/Levels/Rainforest_Alien.umap" TEMPLATE=0 SHOWPROGRESS=1 FEATURELEVEL=3
[2017.12.21-16.47.50:508][  0]LightingResults: New page: Lighting Build
[2017.12.21-16.47.50:561][  0]MapCheck: New page: Map Check
[2017.12.21-16.47.50:561][  0]LightingResults: New page: Lighting Build
[2017.12.21-16.47.52:449][  0]LogMaterial: Missing cached shader map for material BlueLight_M1, compiling. 
[2017.12.21-16.47.52:451][  0]LogMaterial: Warning: C:\Users\rajjj\OneDrive\Documents\GitHub\DatBoiEntertainmetnGame_\Content\2DSideScrollerBP\Maps\Levels\LevelSprites\Sprites\Rain_Forrest_Sprites\Materials\BlueLight_M1.uasset: Failed to compile Material for platform PCD3D_SM5, Default Material will be used in game.
[2017.12.21-16.47.52:451][  0]LogMaterial: 	Function Flicker_MF: Missing function input 'Color'
[2017.12.21-16.47.52:579][  0]LogAIModule: Creating AISystem for world Rainforest_Alien
[2017.12.21-16.47.52:635][  0]LogEditorServer: Finished looking for orphan Actors (0.000 secs)
[2017.12.21-16.47.52:652][  0]Cmd: MAP CHECKDEP NOCLEARLOG
[2017.12.21-16.47.52:725][  0]MapCheck: Map check complete: 0 Error(s), 0 Warning(s), took 72.531ms to complete.
[2017.12.21-16.47.52:725][  0]LogFileHelpers: Loading map 'Rainforest_Alien' took 2.220
[2017.12.21-16.47.52:935][  0]LogCollectionManager: Loaded 0 collections in 0.001705 seconds
[2017.12.21-16.47.53:047][  0]LogFileCache: Scanning file cache for directory 'C:/Users/rajjj/OneDrive/Documents/GitHub/DatBoiEntertainmetnGame_/Saved/Collections/' took 0.01s
[2017.12.21-16.47.53:047][  0]LogFileCache: Scanning file cache for directory 'C:/Users/rajjj/OneDrive/Documents/GitHub/DatBoiEntertainmetnGame_/Content/Developers/rajjj/Collections/' took 0.01s
[2017.12.21-16.47.53:047][  0]LogFileCache: Scanning file cache for directory 'C:/Users/rajjj/OneDrive/Documents/GitHub/DatBoiEntertainmetnGame_/Content/Collections/' took 0.01s
[2017.12.21-16.47.53:047][  0]LogCollectionManager: Rebuilt the GUID cache for 0 collections in 0.000000 seconds
[2017.12.21-16.47.53:056][  0]LogContentBrowser: Native class hierarchy populated in 0.0075 seconds. Added 2363 classes and 519 folders.
[2017.12.21-16.47.53:131][  0]LogContentBrowser: Native class hierarchy updated for 'WidgetCarousel' in 0.0002 seconds. Added 0 classes and 0 folders.
[2017.12.21-16.47.53:462][  0]LogContentBrowser: Native class hierarchy updated for 'AddContentDialog' in 0.0002 seconds. Added 0 classes and 0 folders.
[2017.12.21-16.47.53:515][  0]LogContentBrowser: Native class hierarchy updated for 'SceneOutliner' in 0.0002 seconds. Added 1 classes and 2 folders.
[2017.12.21-16.47.53:569][  0]LogSlate: Took 0.006359 seconds to synchronously load lazily loaded font '../../../Engine/Content/Slate/Fonts/Roboto-Regular.ttf' (155K)
[2017.12.21-16.47.53:576][  0]LogSlate: Took 0.004894 seconds to synchronously load lazily loaded font '../../../Engine/Content/Slate/Fonts/Roboto-Bold.ttf' (160K)
[2017.12.21-16.47.53:587][  0]LogSlate: Took 0.004867 seconds to synchronously load lazily loaded font '../../../Engine/Content/Editor/Slate/Fonts/FontAwesome.ttf' (139K)
[2017.12.21-16.47.53:739][  0]LogRenderer: Reallocating scene render targets to support 1616x692 Format 10 NumSamples 1 (Frame:1).
[2017.12.21-16.47.53:953][  0]LogContentBrowser: Native class hierarchy updated for 'HierarchicalLODOutliner' in 0.0002 seconds. Added 1 classes and 2 folders.
[2017.12.21-16.47.53:953][  0]LogLoad: (Engine Initialization) Total time: 33.59 seconds
[2017.12.21-16.47.53:953][  0]LogLoad: (Engine Initialization) Total Blueprint compile time: 0.00 seconds
[2017.12.21-16.47.53:953][  0]LogExternalProfiler: No external profilers were discovered.  External profiling features will not be available.
[2017.12.21-16.47.54:325][  0]SourceControl: On branch V1.5.1
[2017.12.21-16.47.54:325][  0]SourceControl: Your branch is up-to-date with 'origin/V1.5.1'.
[2017.12.21-16.47.54:325][  0]SourceControl: No commands done.
[2017.12.21-16.47.54:325][  0]SourceControl: Next commands to do (2 remaining commands):
[2017.12.21-16.47.54:325][  0]SourceControl:    pick b627089 Redid mt backdrop and started work on a desert zone
[2017.12.21-16.47.54:325][  0]SourceControl:    pick 5400dc0 Revert "Redid mt backdrop and started work on a desert zone"
[2017.12.21-16.47.54:325][  0]SourceControl:   (use "git rebase --edit-todo" to view and edit)
[2017.12.21-16.47.54:325][  0]SourceControl: You are currently editing a commit while rebasing branch 'V1.5.1' on 'ad616f1'.
[2017.12.21-16.47.54:325][  0]SourceControl:   (use "git commit --amend" to amend the current commit)
[2017.12.21-16.47.54:325][  0]SourceControl:   (use "git rebase --continue" once you are satisfied with your changes)
[2017.12.21-16.47.54:325][  0]SourceControl: Changes not staged for commit:
[2017.12.21-16.47.54:325][  0]SourceControl:   (use "git add/rm <file>..." to update what will be committed)
[2017.12.21-16.47.54:325][  0]SourceControl:   (use "git checkout -- <file>..." to discard changes in working directory)
[2017.12.21-16.47.54:325][  0]SourceControl: 	modified:   Intermediate/CachedAssetRegistry.bin
[2017.12.21-16.47.54:325][  0]SourceControl: 	modified:   Saved/Config/Windows/Editor.ini
[2017.12.21-16.47.54:325][  0]SourceControl: 	modified:   Saved/Config/Windows/Engine.ini
[2017.12.21-16.47.54:325][  0]SourceControl: 	deleted:    Saved/Logs/InsertNameAdventure-backup-2017.12.19-17.45.47.log
[2017.12.21-16.47.54:325][  0]SourceControl: 	modified:   Saved/Logs/InsertNameAdventure.log
[2017.12.21-16.47.54:325][  0]SourceControl: Untracked files:
[2017.12.21-16.47.54:325][  0]SourceControl:   (use "git add <file>..." to include in what will be committed)
[2017.12.21-16.47.54:325][  0]SourceControl: 	Saved/Config/CrashReportClient/UE4CC-Windows-6B4F5A7F4E997DEAAA722890680D3823/
[2017.12.21-16.47.54:325][  0]SourceControl: 	Saved/Logs/InsertNameAdventure-backup-2017.12.21-09.47.21.log
[2017.12.21-16.47.54:325][  0]SourceControl: no changes added to commit (use "git add" and/or "git commit -a")
[2017.12.21-16.47.54:326][  0]LogContentStreaming: Texture pool size now 1000 MB
[2017.12.21-16.47.54:406][  0]LogSlate: Took 0.016777 seconds to synchronously load lazily loaded font '../../../Engine/Content/Slate/Fonts/Roboto-Light.ttf' (159K)
[2017.12.21-16.47.54:642][  1]LogAssetRegistry: Asset discovery search completed in 20.6517 seconds
[2017.12.21-16.47.54:645][  1]LogCollectionManager: Rebuilt the object cache for 0 collections in 0.000000 seconds (found 0 objects)
[2017.12.21-16.47.54:645][  1]LogCollectionManager: Fixed up redirectors for 0 collections in 0.000048 seconds (updated 0 objects)
[2017.12.21-16.47.54:654][  1]LogParticles: Warning: Spawning 23333 GPU particles in one frame[2]: RainFall4_PS/Particle Emitter
[2017.12.21-16.47.54:977][  2]LogParticles: Warning: Spawning 23333 GPU particles in one frame[3]: RainFall4_PS/Particle Emitter
[2017.12.21-16.47.55:021][  3]LogSlate: Took 0.000139 seconds to synchronously load lazily loaded font '../../../Engine/Content/Slate/Fonts/Roboto-Light.ttf' (159K)
[2017.12.21-16.47.55:400][  3]LogContentBrowser: Native class hierarchy updated for 'BlueprintGraph' in 0.0005 seconds. Added 116 classes and 0 folders.
[2017.12.21-16.47.56:249][  3]LogParticles: Warning: Spawning 28000 GPU particles in one frame[4]: RainFall4_PS/Particle Emitter
[2017.12.21-16.47.56:258][  3]LogSlate: Took 0.004344 seconds to synchronously load lazily loaded font '../../../Engine/Content/Editor/Slate/Fonts/Roboto-BoldCondensed.ttf' (158K)
[2017.12.21-16.47.56:579][  4]LogParticles: Warning: Spawning 23334 GPU particles in one frame[5]: RainFall4_PS/Particle Emitter
[2017.12.21-16.47.56:586][  4]LogSlate: Took 0.003764 seconds to synchronously load lazily loaded font '../../../Engine/Content/Editor/Slate/Fonts/Roboto-Italic.ttf' (157K)
[2017.12.21-16.47.56:913][  5]LogParticles: Warning: Spawning 23333 GPU particles in one frame[6]: RainFall4_PS/Particle Emitter
[2017.12.21-16.47.57:258][  6]LogParticles: Warning: Spawning 23334 GPU particles in one frame[7]: RainFall4_PS/Particle Emitter
[2017.12.21-16.47.57:580][  7]LogParticles: Warning: Spawning 23334 GPU particles in one frame[8]: RainFall4_PS/Particle Emitter
[2017.12.21-16.47.59:634][240]LogFileCache: Retrieving MD5 hashes for directory 'C:/Users/rajjj/OneDrive/Documents/GitHub/DatBoiEntertainmetnGame_/Content/' took 5.33s
[2017.12.21-16.48.04:427][766]LogTemp: Repeating last play command: Selected Viewport
[2017.12.21-16.48.04:528][766]LogBlueprintUserMessages: Early PlayInEditor Detection: Level '/Game/2DSideScrollerBP/Maps/Levels/Rainforest_Alien.Rainforest_Alien:PersistentLevel' has LevelScriptBlueprint '/Game/2DSideScrollerBP/Maps/Levels/Rainforest_Alien.Rainforest_Alien:PersistentLevel.Rainforest_Alien' with GeneratedClass '/Game/2DSideScrollerBP/Maps/Levels/Rainforest_Alien.Rainforest_Alien_C' with ClassGeneratedBy '/Game/2DSideScrollerBP/Maps/Levels/Rainforest_Alien.Rainforest_Alien:PersistentLevel.Rainforest_Alien'
[2017.12.21-16.48.04:528][766]LogPlayLevel: PlayLevel: No blueprints needed recompiling
[2017.12.21-16.48.04:529][766]PIE: New page: PIE session: Rainforest_Alien (Dec 21, 2017, 2:48:04 AM)
[2017.12.21-16.48.04:530][766]LogPlayLevel: Creating play world package: /Game/2DSideScrollerBP/Maps/Levels/UEDPIE_0_Rainforest_Alien
[2017.12.21-16.48.04:559][766]LogPlayLevel: PIE: StaticDuplicateObject took: (0.029169s)
[2017.12.21-16.48.04:559][766]LogAIModule: Creating AISystem for world Rainforest_Alien
[2017.12.21-16.48.04:559][766]LogPlayLevel: PIE: World Init took: (0.000579s)
[2017.12.21-16.48.04:560][766]LogPlayLevel: PIE: Created PIE world by copying editor world from /Game/2DSideScrollerBP/Maps/Levels/Rainforest_Alien.Rainforest_Alien to /Game/2DSideScrollerBP/Maps/Levels/UEDPIE_0_Rainforest_Alien.Rainforest_Alien (0.030220s)
[2017.12.21-16.48.04:582][766]LogInit: XAudio2 using 'Speakers (2- Logitech G930 Headset)' : 2 channels at 48 kHz using 16 bits per sample (channel mask 0x3)
[2017.12.21-16.48.04:588][766]LogInit: FAudioDevice initialized.
[2017.12.21-16.48.04:630][766]LogLoad: Game class is '2DSideScrollerGameMode_C'
[2017.12.21-16.48.04:646][766]LogWorld: Bringing World /Game/2DSideScrollerBP/Maps/Levels/UEDPIE_0_Rainforest_Alien.Rainforest_Alien up for play (max tick rate 0) at 2017.12.21-09.48.04
[2017.12.21-16.48.04:668][766]LogWorld: Bringing up level for play took: 0.036881
[2017.12.21-16.48.04:720][766]LogContentBrowser: Native class hierarchy updated for 'MovieSceneCapture' in 0.0003 seconds. Added 11 classes and 0 folders.
[2017.12.21-16.48.04:729][766]PIE: Play in editor start time for /Game/2DSideScrollerBP/Maps/Levels/UEDPIE_0_Rainforest_Alien 0.485
[2017.12.21-16.48.04:729][766]LogBlueprintUserMessages: Late PlayInEditor Detection: Level '/Game/2DSideScrollerBP/Maps/Levels/Rainforest_Alien.Rainforest_Alien:PersistentLevel' has LevelScriptBlueprint '/Game/2DSideScrollerBP/Maps/Levels/Rainforest_Alien.Rainforest_Alien:PersistentLevel.Rainforest_Alien' with GeneratedClass '/Game/2DSideScrollerBP/Maps/Levels/Rainforest_Alien.Rainforest_Alien_C' with ClassGeneratedBy '/Game/2DSideScrollerBP/Maps/Levels/Rainforest_Alien.Rainforest_Alien:PersistentLevel.Rainforest_Alien'
[2017.12.21-16.48.04:771][767]LogParticles: Warning: Spawning 23506 GPU particles in one frame[768]: RainFall4_PS/Particle Emitter
[2017.12.21-16.48.38:329][778]Cmd: LevelEditor.ToggleImmersive
[2017.12.21-16.48.38:367][779]LogRenderer: Reallocating scene render targets to support 1884x796 Format 10 NumSamples 1 (Frame:4014).
[2017.12.21-16.48.38:411][780]LogRenderer: Reallocating scene render targets to support 2264x940 Format 10 NumSamples 1 (Frame:4016).
[2017.12.21-16.48.38:454][781]LogRenderer: Reallocating scene render targets to support 2508x1032 Format 10 NumSamples 1 (Frame:4018).
[2017.12.21-16.48.38:497][782]LogRenderer: Reallocating scene render targets to support 2560x1052 Format 10 NumSamples 1 (Frame:4020).
[2017.12.21-16.51.02:682][ 28]LogBlueprintUserMessages: Early EndPlayMap Detection: Level '/Game/2DSideScrollerBP/Maps/Levels/Rainforest_Alien.Rainforest_Alien:PersistentLevel' has LevelScriptBlueprint '/Game/2DSideScrollerBP/Maps/Levels/Rainforest_Alien.Rainforest_Alien:PersistentLevel.Rainforest_Alien' with GeneratedClass '/Game/2DSideScrollerBP/Maps/Levels/Rainforest_Alien.Rainforest_Alien_C' with ClassGeneratedBy '/Game/2DSideScrollerBP/Maps/Levels/Rainforest_Alien.Rainforest_Alien:PersistentLevel.Rainforest_Alien'
[2017.12.21-16.51.02:747][ 28]LogBlueprintUserMessages: Late EndPlayMap Detection: Level '/Game/2DSideScrollerBP/Maps/Levels/Rainforest_Alien.Rainforest_Alien:PersistentLevel' has LevelScriptBlueprint '/Game/2DSideScrollerBP/Maps/Levels/Rainforest_Alien.Rainforest_Alien:PersistentLevel.Rainforest_Alien' with GeneratedClass '/Game/2DSideScrollerBP/Maps/Levels/Rainforest_Alien.Rainforest_Alien_C' with ClassGeneratedBy '/Game/2DSideScrollerBP/Maps/Levels/Rainforest_Alien.Rainforest_Alien:PersistentLevel.Rainforest_Alien'
[2017.12.21-16.51.07:046][495]LogWindowsTextInputMethodSystem: Display: IME system now deactivated.
[2017.12.21-16.51.07:169][496]Cmd: QUIT_EDITOR
[2017.12.21-16.51.08:232][496]LogExit: Preparing to exit.
[2017.12.21-16.51.09:157][496]LogDirectoryWatcher: A directory notification for 'C:/Users/rajjj/OneDrive/Documents/GitHub/DatBoiEntertainmetnGame_/Content/' was aborted.
[2017.12.21-16.51.09:198][496]LogExit: Editor shut down
[2017.12.21-16.51.09:201][496]LogExit: Transaction tracking system shut down
[2017.12.21-16.51.09:359][496]LogDirectoryWatcher: A directory notification for '../../../Engine/Content/' was aborted.
[2017.12.21-16.51.09:359][496]LogDirectoryWatcher: A directory notification for '../../../../../../Users/rajjj/OneDrive/Documents/GitHub/DatBoiEntertainmetnGame_/Content/' was aborted.
[2017.12.21-16.51.09:360][496]LogDirectoryWatcher: A directory notification for '../../../Engine/Plugins/2D/Paper2D/Content/' was aborted.
[2017.12.21-16.51.09:360][496]LogDirectoryWatcher: A directory notification for '../../../Engine/Plugins/Media/MediaCompositing/Content/' was aborted.
[2017.12.21-16.51.09:360][496]LogDirectoryWatcher: A directory notification for '../../../Engine/Plugins/Runtime/AppleARKit/Content/' was aborted.
[2017.12.21-16.51.09:360][496]LogDirectoryWatcher: A directory notification for '../../../Engine/Plugins/Runtime/Oculus/OculusVR/Content/' was aborted.
[2017.12.21-16.51.09:360][496]LogDirectoryWatcher: A directory notification for '../../../Engine/Plugins/Runtime/Steam/SteamVR/Content/' was aborted.
[2017.12.21-16.51.09:443][496]LogExit: Object subsystem successfully closed.
[2017.12.21-16.51.09:464][496]LogD3D11RHI: Shutdown
[2017.12.21-16.51.09:464][496]LogD3D11RHI: CleanupD3DDevice
[2017.12.21-16.51.09:468][496]LogD3D11RHI: ~FD3D11DynamicRHI
[2017.12.21-16.51.09:490][496]LogModuleManager: Shutting down and abandoning module MovieSceneCapture (552)
[2017.12.21-16.51.09:490][496]LogModuleManager: Shutting down and abandoning module BlueprintGraph (550)
[2017.12.21-16.51.09:490][496]LogModuleManager: Shutting down and abandoning module HierarchicalLODOutliner (548)
[2017.12.21-16.51.09:490][496]LogModuleManager: Shutting down and abandoning module SceneOutliner (546)
[2017.12.21-16.51.09:491][496]LogModuleManager: Shutting down and abandoning module AddContentDialog (544)
[2017.12.21-16.51.09:491][496]LogDirectoryWatcher: A directory notification for 'C:/Program Files/Epic Games/UE_4.18/FeaturePacks/' was aborted.
[2017.12.21-16.51.09:491][496]LogModuleManager: Shutting down and abandoning module WidgetCarousel (543)
[2017.12.21-16.51.09:491][496]LogModuleManager: Shutting down and abandoning module EditorWidgets (540)
[2017.12.21-16.51.09:491][496]LogModuleManager: Shutting down and abandoning module CollectionManager (538)
[2017.12.21-16.51.09:491][496]LogDirectoryWatcher: A directory notification for 'C:/Users/rajjj/OneDrive/Documents/GitHub/DatBoiEntertainmetnGame_/Content/Collections/' was aborted.
[2017.12.21-16.51.09:492][496]LogDirectoryWatcher: A directory notification for 'C:/Users/rajjj/OneDrive/Documents/GitHub/DatBoiEntertainmetnGame_/Content/Developers/rajjj/Collections/' was aborted.
[2017.12.21-16.51.09:492][496]LogDirectoryWatcher: A directory notification for 'C:/Users/rajjj/OneDrive/Documents/GitHub/DatBoiEntertainmetnGame_/Saved/Collections/' was aborted.
[2017.12.21-16.51.09:492][496]LogModuleManager: Shutting down and abandoning module StatsViewer (536)
[2017.12.21-16.51.09:492][496]LogModuleManager: Shutting down and abandoning module FoliageEdit (534)
[2017.12.21-16.51.09:492][496]LogModuleManager: Shutting down and abandoning module LandscapeEditor (532)
[2017.12.21-16.51.09:492][496]LogModuleManager: Shutting down and abandoning module MeshPaintMode (530)
[2017.12.21-16.51.09:492][496]LogModuleManager: Shutting down and abandoning module SceneDepthPickerMode (528)
[2017.12.21-16.51.09:492][496]LogModuleManager: Shutting down and abandoning module ActorPickerMode (526)
[2017.12.21-16.51.09:492][496]LogModuleManager: Shutting down and abandoning module GeometryMode (524)
[2017.12.21-16.51.09:492][496]LogModuleManager: Shutting down and abandoning module TextureAlignMode (522)
[2017.12.21-16.51.09:492][496]LogModuleManager: Shutting down and abandoning module BspMode (520)
[2017.12.21-16.51.09:492][496]LogModuleManager: Shutting down and abandoning module PIEPreviewDeviceProfileSelector (518)
[2017.12.21-16.51.09:492][496]LogModuleManager: Shutting down and abandoning module HardwareSurvey (516)
[2017.12.21-16.51.09:492][496]LogModuleManager: Shutting down and abandoning module SequenceRecorderSections (514)
[2017.12.21-16.51.09:492][496]LogModuleManager: Shutting down and abandoning module AutomationWorker (512)
[2017.12.21-16.51.09:492][496]LogModuleManager: Shutting down and abandoning module MatineeToLevelSequence (510)
[2017.12.21-16.51.09:492][496]LogModuleManager: Shutting down and abandoning module LevelSequenceEditor (508)
[2017.12.21-16.51.09:493][496]LogModuleManager: Shutting down and abandoning module PlacementMode (507)
[2017.12.21-16.51.09:493][496]LogModuleManager: Shutting down and abandoning module WmfMediaFactory (504)
[2017.12.21-16.51.09:493][496]LogModuleManager: Shutting down and abandoning module WmfMediaEditor (502)
[2017.12.21-16.51.09:493][496]LogModuleManager: Shutting down and abandoning module OpenExrWrapper (500)
[2017.12.21-16.51.09:493][496]LogModuleManager: Shutting down and abandoning module ImgMediaFactory (498)
[2017.12.21-16.51.09:493][496]LogModuleManager: Shutting down and abandoning module ImgMediaEditor (496)
[2017.12.21-16.51.09:493][496]LogModuleManager: Shutting down and abandoning module AvfMediaFactory (494)
[2017.12.21-16.51.09:493][496]LogModuleManager: Shutting down and abandoning module AvfMediaEditor (492)
[2017.12.21-16.51.09:493][496]LogModuleManager: Shutting down and abandoning module AndroidMediaFactory (490)
[2017.12.21-16.51.09:493][496]LogModuleManager: Shutting down and abandoning module AndroidMediaEditor (488)
[2017.12.21-16.51.09:493][496]LogModuleManager: Shutting down and abandoning module CharacterAI (486)
[2017.12.21-16.51.09:493][496]LogModuleManager: Shutting down and abandoning module AudioCapture (484)
[2017.12.21-16.51.09:493][496]LogModuleManager: Shutting down and abandoning module SequenceRecorder (483)
[2017.12.21-16.51.09:493][496]LogModuleManager: Shutting down and abandoning module SmartSnapping (480)
[2017.12.21-16.51.09:493][496]LogModuleManager: Shutting down and abandoning module SessionServices (478)
[2017.12.21-16.51.09:493][496]LogModuleManager: Shutting down and abandoning module ViewportSnapping (476)
[2017.12.21-16.51.09:493][496]LogModuleManager: Shutting down and abandoning module ViewportInteraction (474)
[2017.12.21-16.51.09:493][496]LogModuleManager: Shutting down and abandoning module ClothPainter (472)
[2017.12.21-16.51.09:493][496]LogModuleManager: Shutting down and abandoning module SkeletalMeshEditor (471)
[2017.12.21-16.51.09:494][496]LogModuleManager: Shutting down and abandoning module LogVisualizer (468)
[2017.12.21-16.51.09:494][496]LogModuleManager: Shutting down and abandoning module IntroTutorials (466)
[2017.12.21-16.51.09:494][496]LogModuleManager: Shutting down and abandoning module GameProjectGeneration (465)
[2017.12.21-16.51.09:495][496]LogModuleManager: Shutting down and abandoning module IOSPlatformEditor (462)
[2017.12.21-16.51.09:495][496]LogModuleManager: Shutting down and abandoning module HTML5PlatformEditor (460)
[2017.12.21-16.51.09:495][496]LogModuleManager: Shutting down and abandoning module AndroidPlatformEditor (458)
[2017.12.21-16.51.09:495][496]LogModuleManager: Shutting down and abandoning module AndroidDeviceDetection (457)
[2017.12.21-16.51.10:125][496]LogModuleManager: Shutting down and abandoning module WindowsPlatformEditor (454)
[2017.12.21-16.51.10:125][496]LogModuleManager: Shutting down and abandoning module IOSRuntimeSettings (452)
[2017.12.21-16.51.10:125][496]LogModuleManager: Shutting down and abandoning module AndroidRuntimeSettings (450)
[2017.12.21-16.51.10:125][496]LogModuleManager: Shutting down and abandoning module InputBindingEditor (448)
[2017.12.21-16.51.10:125][496]LogModuleManager: Shutting down and abandoning module MergeActors (446)
[2017.12.21-16.51.10:125][496]LogModuleManager: Shutting down and abandoning module SizeMap (444)
[2017.12.21-16.51.10:126][496]LogModuleManager: Shutting down and abandoning module TreeMap (442)
[2017.12.21-16.51.10:126][496]LogModuleManager: Shutting down and abandoning module ReferenceViewer (440)
[2017.12.21-16.51.10:126][496]LogModuleManager: Shutting down and abandoning module LocalizationDashboard (438)
[2017.12.21-16.51.10:126][496]LogModuleManager: Shutting down and abandoning module LocalizationService (437)
[2017.12.21-16.51.10:126][496]LogModuleManager: Shutting down and abandoning module HardwareTargeting (434)
[2017.12.21-16.51.10:126][496]LogModuleManager: Shutting down and abandoning module DeviceProfileEditor (432)
[2017.12.21-16.51.10:126][496]LogModuleManager: Shutting down and abandoning module UndoHistory (430)
[2017.12.21-16.51.10:126][496]LogModuleManager: Shutting down and abandoning module XmlParser (428)
[2017.12.21-16.51.10:126][496]LogModuleManager: Shutting down and abandoning module Blutility (426)
[2017.12.21-16.51.10:126][496]LogModuleManager: Shutting down and abandoning module ProjectSettingsViewer (424)
[2017.12.21-16.51.10:126][496]LogModuleManager: Shutting down and abandoning module ProjectTargetPlatformEditor (423)
[2017.12.21-16.51.10:126][496]LogModuleManager: Shutting down and abandoning module EditorSettingsViewer (420)
[2017.12.21-16.51.10:126][496]LogModuleManager: Shutting down and abandoning module SettingsEditor (418)
[2017.12.21-16.51.10:126][496]LogModuleManager: Shutting down and abandoning module ProjectLauncher (416)
[2017.12.21-16.51.10:129][496]LogModuleManager: Shutting down and abandoning module SessionFrontend (414)
[2017.12.21-16.51.10:129][496]LogModuleManager: Shutting down and abandoning module ProfilerClient (412)
[2017.12.21-16.51.10:129][496]LogModuleManager: Shutting down and abandoning module DeviceManager (410)
[2017.12.21-16.51.10:129][496]LogModuleManager: Shutting down and abandoning module TargetDeviceServices (409)
[2017.12.21-16.51.10:185][496]LogModuleManager: Shutting down and abandoning module AutomationController (406)
[2017.12.21-16.51.10:185][496]LogModuleManager: Shutting down and abandoning module AutomationWindow (404)
[2017.12.21-16.51.10:186][496]LogModuleManager: Shutting down and abandoning module Layers (402)
[2017.12.21-16.51.10:187][496]LogModuleManager: Shutting down and abandoning module ComponentVisualizers (400)
[2017.12.21-16.51.10:187][496]LogModuleManager: Shutting down and abandoning module DetailCustomizations (398)
[2017.12.21-16.51.10:187][496]LogModuleManager: Shutting down and abandoning module PackagesDialog (396)
[2017.12.21-16.51.10:187][496]LogModuleManager: Shutting down and abandoning module Persona (394)
[2017.12.21-16.51.10:188][496]LogModuleManager: Shutting down and abandoning module AdvancedPreviewScene (393)
[2017.12.21-16.51.10:188][496]LogModuleManager: Shutting down and abandoning module AnimGraph (391)
[2017.12.21-16.51.10:188][496]LogModuleManager: Shutting down and abandoning module Kismet (388)
[2017.12.21-16.51.10:194][496]LogModuleManager: Shutting down and abandoning module ClassViewer (386)
[2017.12.21-16.51.10:194][496]LogModuleManager: Shutting down and abandoning module Toolbox (384)
[2017.12.21-16.51.10:194][496]LogModuleManager: Shutting down and abandoning module ModuleUI (382)
[2017.12.21-16.51.10:196][496]LogModuleManager: Shutting down and abandoning module MovieSceneTools (380)
[2017.12.21-16.51.10:198][496]LogModuleManager: Shutting down and abandoning module OutputLog (378)
[2017.12.21-16.51.10:198][496]LogModuleManager: Shutting down and abandoning module GammaUI (376)
[2017.12.21-16.51.10:202][496]LogModuleManager: Shutting down and abandoning module Documentation (374)
[2017.12.21-16.51.10:202][496]LogModuleManager: Shutting down and abandoning module MovieSceneTracks (372)
[2017.12.21-16.51.10:202][496]LogModuleManager: Shutting down and abandoning module MovieScene (370)
[2017.12.21-16.51.10:202][496]LogModuleManager: Shutting down and abandoning module StreamingPauseRendering (368)
[2017.12.21-16.51.10:202][496]LogModuleManager: Shutting down and abandoning module LauncherPlatform (366)
[2017.12.21-16.51.10:202][496]LogModuleManager: Shutting down and abandoning module AnalyticsET (364)
[2017.12.21-16.51.10:202][496]LogModuleManager: Shutting down and abandoning module PortalServices (362)
[2017.12.21-16.51.10:202][496]LogModuleManager: Shutting down and abandoning module PortalRpc (360)
[2017.12.21-16.51.10:202][496]LogModuleManager: Shutting down and abandoning module MessagingRpc (358)
[2017.12.21-16.51.10:202][496]LogModuleManager: Shutting down and abandoning module AIModule (356)
[2017.12.21-16.51.10:203][496]LogModuleManager: Shutting down and abandoning module GameplayDebugger (355)
[2017.12.21-16.51.10:203][496]LogModuleManager: Shutting down and abandoning module AITestSuite (353)
[2017.12.21-16.51.10:203][496]LogModuleManager: Shutting down and abandoning module DesktopPlatform (350)
[2017.12.21-16.51.10:203][496]LogModuleManager: Shutting down and abandoning module ProfilerService (348)
[2017.12.21-16.51.10:411][496]LogModuleManager: Shutting down and abandoning module TaskGraph (346)
[2017.12.21-16.51.10:411][496]LogModuleManager: Shutting down and abandoning module SteamVRController (344)
[2017.12.21-16.51.10:411][496]LogModuleManager: Shutting down and abandoning module ProceduralMeshComponentEditor (342)
[2017.12.21-16.51.10:411][496]LogModuleManager: Shutting down and abandoning module ProceduralMeshComponent (340)
[2017.12.21-16.51.10:411][496]LogModuleManager: Shutting down and abandoning module OculusInput (338)
[2017.12.21-16.51.10:411][496]LogModuleManager: Shutting down and abandoning module MobilePatchingUtils (336)
[2017.12.21-16.51.10:411][496]LogModuleManager: Shutting down and abandoning module CustomMeshComponent (334)
[2017.12.21-16.51.10:411][496]LogModuleManager: Shutting down and abandoning module CableComponent (332)
[2017.12.21-16.51.10:411][496]LogModuleManager: Shutting down and abandoning module ArchVisCharacter (330)
[2017.12.21-16.51.10:411][496]LogModuleManager: Shutting down and abandoning module AndroidPermission (328)
[2017.12.21-16.51.10:411][496]LogModuleManager: Shutting down and abandoning module ActorSequence (324)
[2017.12.21-16.51.10:411][496]LogModuleManager: Shutting down and abandoning module MediaPlayerEditor (322)
[2017.12.21-16.51.10:454][496]LogModuleManager: Shutting down and abandoning module MediaCompositingEditor (320)
[2017.12.21-16.51.10:454][496]LogModuleManager: Shutting down and abandoning module MediaCompositing (318)
[2017.12.21-16.51.10:454][496]LogModuleManager: Shutting down and abandoning module HTML5Networking (316)
[2017.12.21-16.51.10:455][496]LogModuleManager: Shutting down and abandoning module AlembicImporter (314)
[2017.12.21-16.51.10:456][496]LogModuleManager: Shutting down and abandoning module AlembicLibrary (313)
[2017.12.21-16.51.10:456][496]LogModuleManager: Shutting down and abandoning module GeometryCache (312)
[2017.12.21-16.51.10:456][496]LogModuleManager: Shutting down and abandoning module GeometryCacheEd (311)
[2017.12.21-16.51.10:456][496]LogModuleManager: Shutting down and abandoning module SpeedTreeImporter (306)
[2017.12.21-16.51.10:456][496]LogModuleManager: Shutting down and abandoning module PluginBrowser (304)
[2017.12.21-16.51.10:460][496]LogModuleManager: Shutting down and abandoning module MobileLauncherProfileWizard (302)
[2017.12.21-16.51.10:467][496]LogModuleManager: Shutting down and abandoning module VisualStudioSourceCodeAccess (300)
[2017.12.21-16.51.10:468][496]LogModuleManager: Shutting down and abandoning module VisualStudioCodeSourceCodeAccess (298)
[2017.12.21-16.51.10:468][496]LogModuleManager: Shutting down and abandoning module UObjectPlugin (296)
[2017.12.21-16.51.10:468][496]LogModuleManager: Shutting down and abandoning module SubversionSourceControl (294)
[2017.12.21-16.51.10:468][496]LogModuleManager: Shutting down and abandoning module PerforceSourceControl (292)
[2017.12.21-16.51.10:469][496]LogModuleManager: Shutting down and abandoning module GitSourceControl (290)
[2017.12.21-16.51.10:469][496]LogModuleManager: Shutting down and abandoning module SourceControl (289)
[2017.12.21-16.51.10:469][496]LogModuleManager: Shutting down and abandoning module LightPropagationVolumeEditor (286)
[2017.12.21-16.51.10:469][496]LogModuleManager: Shutting down and abandoning module PaperTiledImporter (284)
[2017.12.21-16.51.10:469][496]LogModuleManager: Shutting down and abandoning module PaperSpriteSheetImporter (282)
[2017.12.21-16.51.10:469][496]LogModuleManager: Shutting down and abandoning module Paper2DEditor (280)
[2017.12.21-16.51.10:469][496]LogModuleManager: Shutting down and abandoning module MeshPaint (279)
[2017.12.21-16.51.10:469][496]LogModuleManager: Shutting down and abandoning module LevelEditor (277)
[2017.12.21-16.51.10:470][496]LogModuleManager: Shutting down and abandoning module PixelInspectorModule (276)
[2017.12.21-16.51.10:470][496]LogModuleManager: Shutting down and abandoning module MainFrame (274)
[2017.12.21-16.51.10:470][496]LogModuleManager: Shutting down and abandoning module HotReload (273)
[2017.12.21-16.51.10:471][496]LogModuleManager: Shutting down and abandoning module RuntimePhysXCooking (268)
[2017.12.21-16.51.10:471][496]LogModuleManager: Shutting down and abandoning module PhysXVehiclesEditor (266)
[2017.12.21-16.51.10:471][496]LogModuleManager: Shutting down and abandoning module PhysXVehicles (264)
[2017.12.21-16.51.10:471][496]LogModuleManager: Shutting down and abandoning module OculusEditor (262)
[2017.12.21-16.51.10:471][496]LogModuleManager: Shutting down and abandoning module LocationServicesBPLibrary (260)
[2017.12.21-16.51.10:471][496]LogModuleManager: Shutting down and abandoning module ImmediatePhysicsEditor (258)
[2017.12.21-16.51.10:471][496]LogModuleManager: Shutting down and abandoning module ImmediatePhysics (256)
[2017.12.21-16.51.10:471][496]LogModuleManager: Shutting down and abandoning module UdpMessaging (254)
[2017.12.21-16.51.10:571][496]LogModuleManager: Shutting down and abandoning module TcpMessaging (252)
[2017.12.21-16.51.10:671][496]LogModuleManager: Shutting down and abandoning module GameplayTagsEditor (250)
[2017.12.21-16.51.10:671][496]LogModuleManager: Shutting down and abandoning module FacialAnimationEditor (248)
[2017.12.21-16.51.10:671][496]LogModuleManager: Shutting down and abandoning module FacialAnimation (246)
[2017.12.21-16.51.10:671][496]LogModuleManager: Shutting down and abandoning module AssetManagerEditor (244)
[2017.12.21-16.51.10:671][496]LogModuleManager: Shutting down and abandoning module GraphEditor (243)
[2017.12.21-16.51.10:671][496]LogModuleManager: Shutting down and abandoning module ContentBrowser (241)
[2017.12.21-16.51.10:671][496]LogModuleManager: Shutting down and abandoning module LightPropagationVolumeRuntime (238)
[2017.12.21-16.51.10:671][496]LogModuleManager: Shutting down and abandoning module Paper2D (236)
[2017.12.21-16.51.10:672][496]LogModuleManager: Shutting down and abandoning module WindowsMoviePlayer (234)
[2017.12.21-16.51.10:672][496]LogModuleManager: Shutting down and abandoning module WmfMedia (232)
[2017.12.21-16.51.10:673][496]LogModuleManager: Shutting down and abandoning module ImgMedia (230)
[2017.12.21-16.51.10:673][496]LogModuleManager: Shutting down and abandoning module PacketHandler (228)
[2017.12.21-16.51.10:673][496]LogModuleManager: Shutting down and abandoning module ClothingSystemEditor (226)
[2017.12.21-16.51.10:673][496]LogModuleManager: Shutting down and abandoning module ClothingSystemRuntime (224)
[2017.12.21-16.51.10:674][496]LogModuleManager: Shutting down and abandoning module MediaAssets (222)
[2017.12.21-16.51.10:674][496]LogModuleManager: Shutting down and abandoning module Media (221)
[2017.12.21-16.51.10:680][496]LogModuleManager: Shutting down and abandoning module Overlay (218)
[2017.12.21-16.51.10:680][496]LogModuleManager: Shutting down and abandoning module OverlayEditor (217)
[2017.12.21-16.51.10:680][496]LogModuleManager: Shutting down and abandoning module VREditor (214)
[2017.12.21-16.51.10:680][496]LogModuleManager: Shutting down and abandoning module StringTableEditor (212)
[2017.12.21-16.51.10:680][496]LogModuleManager: Shutting down and abandoning module GameplayTasksEditor (210)
[2017.12.21-16.51.10:680][496]LogModuleManager: Shutting down and abandoning module BehaviorTreeEditor (208)
[2017.12.21-16.51.10:681][496]LogModuleManager: Shutting down and abandoning module FunctionalTesting (206)
[2017.12.21-16.51.10:681][496]LogModuleManager: Shutting down and abandoning module CollisionAnalyzer (204)
[2017.12.21-16.51.10:681][496]LogModuleManager: Shutting down and abandoning module WorkspaceMenuStructure (203)
[2017.12.21-16.51.10:681][496]LogModuleManager: Shutting down and abandoning module UMG (200)
[2017.12.21-16.51.10:681][496]LogModuleManager: Shutting down and abandoning module UMGEditor (199)
[2017.12.21-16.51.10:682][496]LogModuleManager: Shutting down and abandoning module Sequencer (198)
[2017.12.21-16.51.10:682][496]LogModuleManager: Shutting down and abandoning module MessageLog (195)
[2017.12.21-16.51.10:682][496]LogModuleManager: Shutting down and abandoning module SlateReflector (190)
[2017.12.21-16.51.10:683][496]LogModuleManager: Shutting down and abandoning module Slate (188)
[2017.12.21-16.51.10:683][496]LogModuleManager: Shutting down and abandoning module EditorStyle (186)
[2017.12.21-16.51.10:685][496]LogModuleManager: Shutting down and abandoning module MRMesh (184)
[2017.12.21-16.51.10:685][496]LogModuleManager: Shutting down and abandoning module SourceCodeAccess (182)
[2017.12.21-16.51.10:685][496]LogModuleManager: Shutting down and abandoning module HeadMountedDisplay (180)
[2017.12.21-16.51.10:685][496]LogModuleManager: Shutting down and abandoning module XAudio2 (178)
[2017.12.21-16.51.10:685][496]LogModuleManager: Shutting down and abandoning module Networking (176)
[2017.12.21-16.51.10:685][496]LogModuleManager: Shutting down and abandoning module Core (172)
[2017.12.21-16.51.10:685][496]LogModuleManager: Shutting down and abandoning module LevelSequence (168)
[2017.12.21-16.51.10:685][496]LogModuleManager: Shutting down and abandoning module DirectoryWatcher (166)
[2017.12.21-16.51.10:687][496]LogModuleManager: Shutting down and abandoning module KismetCompiler (164)
[2017.12.21-16.51.10:687][496]LogModuleManager: Shutting down and abandoning module MeshUtilities (162)
[2017.12.21-16.51.10:687][496]LogModuleManager: Shutting down and abandoning module MeshMergeUtilities (161)
[2017.12.21-16.51.10:687][496]LogModuleManager: Shutting down and abandoning module MeshReductionInterface (160)
[2017.12.21-16.51.10:687][496]LogModuleManager: Shutting down and abandoning module SimplygonSwarm (159)
[2017.12.21-16.51.10:687][496]LogModuleManager: Shutting down and abandoning module SimplygonMeshReduction (157)
[2017.12.21-16.51.10:687][496]LogModuleManager: Shutting down and abandoning module QuadricMeshReduction (155)
[2017.12.21-16.51.10:687][496]LogModuleManager: Shutting down and abandoning module MaterialBaking (151)
[2017.12.21-16.51.10:688][496]LogModuleManager: Shutting down and abandoning module DerivedDataCache (148)
[2017.12.21-16.51.10:786][496]LogDerivedDataCache: Shutdown
[2017.12.21-16.51.10:786][496]LogModuleManager: Shutting down and abandoning module TargetPlatform (146)
[2017.12.21-16.51.10:786][496]LogModuleManager: Shutting down and abandoning module VulkanShaderFormat (145)
[2017.12.21-16.51.10:786][496]LogModuleManager: Shutting down and abandoning module ShaderFormatVectorVM (143)
[2017.12.21-16.51.10:787][496]LogModuleManager: Shutting down and abandoning module ShaderFormatOpenGL (141)
[2017.12.21-16.51.10:787][496]LogModuleManager: Shutting down and abandoning module ShaderFormatD3D (139)
[2017.12.21-16.51.10:787][496]LogModuleManager: Shutting down and abandoning module MetalShaderFormat (137)
[2017.12.21-16.51.10:787][496]LogModuleManager: Shutting down and abandoning module TextureFormatUncompressed (135)
[2017.12.21-16.51.10:787][496]LogModuleManager: Shutting down and abandoning module TextureFormatPVR (133)
[2017.12.21-16.51.10:787][496]LogModuleManager: Shutting down and abandoning module TextureFormatDXT (131)
[2017.12.21-16.51.10:787][496]LogModuleManager: Shutting down and abandoning module TextureFormatIntelISPCTexComp (129)
[2017.12.21-16.51.10:787][496]LogModuleManager: Shutting down and abandoning module TextureFormatASTC (127)
[2017.12.21-16.51.10:787][496]LogModuleManager: Shutting down and abandoning module ImageWrapper (126)
[2017.12.21-16.51.10:787][496]LogModuleManager: Shutting down and abandoning module TextureFormatAndroid (123)
[2017.12.21-16.51.10:787][496]LogModuleManager: Shutting down and abandoning module AudioFormatOpus (121)
[2017.12.21-16.51.10:788][496]LogModuleManager: Shutting down and abandoning module AudioFormatOgg (119)
[2017.12.21-16.51.10:788][496]LogModuleManager: Shutting down and abandoning module AudioFormatADPCM (117)
[2017.12.21-16.51.10:788][496]LogModuleManager: Shutting down and abandoning module LinuxTargetPlatform (115)
[2017.12.21-16.51.10:788][496]LogModuleManager: Shutting down and abandoning module LinuxServerTargetPlatform (113)
[2017.12.21-16.51.10:788][496]LogModuleManager: Shutting down and abandoning module LinuxNoEditorTargetPlatform (111)
[2017.12.21-16.51.10:788][496]LogModuleManager: Shutting down and abandoning module LinuxClientTargetPlatform (109)
[2017.12.21-16.51.10:788][496]LogModuleManager: Shutting down and abandoning module TVOSTargetPlatform (107)
[2017.12.21-16.51.10:788][496]LogModuleManager: Shutting down and abandoning module Messaging (105)
[2017.12.21-16.51.10:788][496]LogModuleManager: Shutting down and abandoning module IOSTargetPlatform (103)
[2017.12.21-16.51.10:788][496]LogModuleManager: Shutting down and abandoning module HTML5TargetPlatform (101)
[2017.12.21-16.51.10:788][496]LogModuleManager: Shutting down and abandoning module AndroidTargetPlatform (99)
[2017.12.21-16.51.10:788][496]LogModuleManager: Shutting down and abandoning module Android_PVRTCTargetPlatform (97)
[2017.12.21-16.51.10:788][496]LogModuleManager: Shutting down and abandoning module Android_MultiTargetPlatform (95)
[2017.12.21-16.51.10:788][496]LogModuleManager: Shutting down and abandoning module Android_ETC2TargetPlatform (93)
[2017.12.21-16.51.10:788][496]LogModuleManager: Shutting down and abandoning module Android_ETC1TargetPlatform (91)
[2017.12.21-16.51.10:788][496]LogModuleManager: Shutting down and abandoning module Android_DXTTargetPlatform (89)
[2017.12.21-16.51.10:788][496]LogModuleManager: Shutting down and abandoning module Android_ATCTargetPlatform (87)
[2017.12.21-16.51.10:788][496]LogModuleManager: Shutting down and abandoning module Android_ASTCTargetPlatform (85)
[2017.12.21-16.51.10:788][496]LogModuleManager: Shutting down and abandoning module WindowsTargetPlatform (83)
[2017.12.21-16.51.10:788][496]LogModuleManager: Shutting down and abandoning module WindowsServerTargetPlatform (81)
[2017.12.21-16.51.10:788][496]LogModuleManager: Shutting down and abandoning module WindowsNoEditorTargetPlatform (79)
[2017.12.21-16.51.10:788][496]LogModuleManager: Shutting down and abandoning module WindowsClientTargetPlatform (77)
[2017.12.21-16.51.10:788][496]LogModuleManager: Shutting down and abandoning module MacTargetPlatform (75)
[2017.12.21-16.51.10:788][496]LogModuleManager: Shutting down and abandoning module MacServerTargetPlatform (73)
[2017.12.21-16.51.10:788][496]LogModuleManager: Shutting down and abandoning module MacNoEditorTargetPlatform (71)
[2017.12.21-16.51.10:788][496]LogModuleManager: Shutting down and abandoning module MacClientTargetPlatform (69)
[2017.12.21-16.51.10:788][496]LogModuleManager: Shutting down and abandoning module AllDesktopTargetPlatform (67)
[2017.12.21-16.51.10:788][496]LogModuleManager: Shutting down and abandoning module InputCore (64)
[2017.12.21-16.51.10:788][496]LogModuleManager: Shutting down and abandoning module Settings (62)
[2017.12.21-16.51.10:788][496]LogModuleManager: Shutting down and abandoning module PhysXCooking (60)
[2017.12.21-16.51.10:788][496]LogModuleManager: Shutting down and abandoning module SteamVR (58)
[2017.12.21-16.51.10:788][496]LogModuleManager: Shutting down and abandoning module OculusHMD (56)
[2017.12.21-16.51.10:788][496]LogModuleManager: Shutting down and abandoning module ExampleDeviceProfileSelector (54)
[2017.12.21-16.51.10:788][496]LogModuleManager: Shutting down and abandoning module AppleARKit (52)
[2017.12.21-16.51.10:788][496]LogModuleManager: Shutting down and abandoning module AugmentedReality (51)
[2017.12.21-16.51.10:788][496]LogModuleManager: Shutting down and abandoning module OnlineBlueprintSupport (48)
[2017.12.21-16.51.10:788][496]LogModuleManager: Shutting down and abandoning module OnlineSubsystem (44)
[2017.12.21-16.51.10:789][496]LogModuleManager: Shutting down and abandoning module XMPP (43)
[2017.12.21-16.51.10:789][496]LogModuleManager: Shutting down and abandoning module HTTP (41)
[2017.12.21-16.51.10:789][496]LogHttp: Display: Http module shutting down, but needs to wait on 1 outstanding Http requests:
[2017.12.21-16.51.10:789][496]LogHttp: Display: 	verb=[POST] url=[https://datarouter.ol.epicgames.com/datarouter/api/v1/public/data?SessionID=%7BA7D6E99F-4B75-EB7E-3028-8684AB9DBCC6%7D&AppID=UEEditor.Rocket.Release&AppVersion=4.18.1-3754814%2B%2B%2BUE4%2BRelease-4.18&UserID=5160131d4fbbf6d62e4719b8716de666%7C3ef35b30eb8d444d8e26d7fb1794d4bf%7Cb9c6b803-d102-46e7-b321-ae8f3428388b&AppEnvironment=datacollector-binary&UploadType=eteventstream] status=Processing
[2017.12.21-16.51.10:814][496]LogModuleManager: Shutting down and abandoning module SSL (40)
[2017.12.21-16.51.10:816][496]LogModuleManager: Shutting down and abandoning module AnimationModifiers (36)
[2017.12.21-16.51.10:816][496]LogModuleManager: Shutting down and abandoning module PropertyEditor (35)
[2017.12.21-16.51.10:816][496]LogModuleManager: Shutting down and abandoning module AudioEditor (32)
[2017.12.21-16.51.10:817][496]LogModuleManager: Shutting down and abandoning module TextureCompressor (30)
[2017.12.21-16.51.10:817][496]LogModuleManager: Shutting down and abandoning module ShaderCore (28)
[2017.12.21-16.51.10:817][496]LogModuleManager: Shutting down and abandoning module Landscape (26)
[2017.12.21-16.51.10:817][496]LogModuleManager: Shutting down and abandoning module SlateRHIRenderer (24)
[2017.12.21-16.51.10:818][496]LogModuleManager: Shutting down and abandoning module OpenGLDrv (22)
[2017.12.21-16.51.10:818][496]LogModuleManager: Shutting down and abandoning module D3D11RHI (20)
[2017.12.21-16.51.10:818][496]LogModuleManager: Shutting down and abandoning module AnimGraphRuntime (18)
[2017.12.21-16.51.10:818][496]LogModuleManager: Shutting down and abandoning module Renderer (16)
[2017.12.21-16.51.10:818][496]LogModuleManager: Shutting down and abandoning module Engine (14)
[2017.12.21-16.51.10:818][496]LogModuleManager: Shutting down and abandoning module CoreUObject (12)
[2017.12.21-16.51.10:818][496]LogModuleManager: Shutting down and abandoning module NetworkFile (10)
[2017.12.21-16.51.10:818][496]LogModuleManager: Shutting down and abandoning module CookedIterativeFile (8)
[2017.12.21-16.51.10:818][496]LogModuleManager: Shutting down and abandoning module StreamingFile (6)
[2017.12.21-16.51.10:818][496]LogModuleManager: Shutting down and abandoning module SandboxFile (4)
[2017.12.21-16.51.10:818][496]LogModuleManager: Shutting down and abandoning module PakFile (2)
[2017.12.21-16.51.10:822][496]LogExit: Exiting.
[2017.12.21-16.51.10:863][496]Log file closed, 12/21/17 09:51:10
