Log file open, 09/18/17 11:05:54
LogWindows: LoadLibraryWithSearchPaths failed for file aqProf.dll. GetLastError=0
LogWindows: LoadLibraryWithSearchPaths failed for file VSPerf140.dll. GetLastError=0
LogWindows: LoadLibraryWithSearchPaths failed for file VtuneApi.dll. GetLastError=0
LogWindows: LoadLibraryWithSearchPaths failed for file VtuneApi32e.dll. GetLastError=0
LogInit: Display: Running engine for game: InsertNameAdventure
LogPlatformFile: Not using cached read wrapper
LogInit: Display: RandInit(-1276084527) SRandInit(-1276084526).
LogTaskGraph: Started task graph with 5 named threads and 14 total threads with 3 sets of task threads.
LogStats: Stats thread started at 0.628598
LogD3D11RHI: Aftermath initialized
LogPluginManager: Mounting plugin Paper2D
LogPluginManager: Mounting plugin LightPropagationVolume
LogPluginManager: Mounting plugin CodeLiteSourceCodeAccess
LogPluginManager: Mounting plugin GitSourceControl
LogPluginManager: Mounting plugin KDevelopSourceCodeAccess
LogPluginManager: Mounting plugin NullSourceCodeAccess
LogPluginManager: Mounting plugin PerforceSourceControl
LogPluginManager: Mounting plugin SubversionSourceControl
LogPluginManager: Mounting plugin UObjectPlugin
LogPluginManager: Mounting plugin VisualStudioSourceCodeAccess
LogPluginManager: Mounting plugin XCodeSourceCodeAccess
LogPluginManager: Mounting plugin AssetManagerEditor
LogPluginManager: Mounting plugin AudioCapture
LogPluginManager: Mounting plugin FacialAnimation
LogPluginManager: Mounting plugin GameplayTagsEditor
LogPluginManager: Mounting plugin MobileLauncherProfileWizard
LogPluginManager: Mounting plugin PluginBrowser
LogPluginManager: Mounting plugin SpeedTreeImporter
LogPluginManager: Mounting plugin AlembicImporter
LogPluginManager: Mounting plugin CharacterAI
LogPluginManager: Mounting plugin HTML5Networking
LogPluginManager: Mounting plugin AndroidMedia
LogPluginManager: Mounting plugin AvfMedia
LogPluginManager: Mounting plugin MediaPlayerEditor
LogPluginManager: Mounting plugin WmfMedia
LogPluginManager: Mounting plugin TcpMessaging
LogPluginManager: Mounting plugin UdpMessaging
LogPluginManager: Mounting plugin LevelSequenceEditor
LogPluginManager: Mounting plugin MatineeToLevelSequence
LogPluginManager: Mounting plugin OnlineSubsystemGooglePlay
LogPluginManager: Mounting plugin OnlineSubsystemIOS
LogPluginManager: Mounting plugin OnlineSubsystem
LogPluginManager: Mounting plugin OnlineSubsystemNull
LogPluginManager: Mounting plugin OnlineSubsystemUtils
LogPluginManager: Mounting plugin AndroidDeviceProfileSelector
LogPluginManager: Mounting plugin AndroidMoviePlayer
LogPluginManager: Mounting plugin AndroidPermission
LogPluginManager: Mounting plugin AppleMoviePlayer
LogPluginManager: Mounting plugin ArchVisCharacter
LogPluginManager: Mounting plugin CableComponent
LogPluginManager: Mounting plugin CustomMeshComponent
LogPluginManager: Mounting plugin ExampleDeviceProfileSelector
LogPluginManager: Mounting plugin GoogleCloudMessaging
LogPluginManager: Mounting plugin ImmediatePhysics
LogPluginManager: Mounting plugin IOSDeviceProfileSelector
LogPluginManager: Mounting plugin LinuxDeviceProfileSelector
LogPluginManager: Mounting plugin LocationServicesBPLibrary
LogPluginManager: Mounting plugin MobilePatchingUtils
LogPluginManager: Mounting plugin OculusVR
LogPluginManager: Mounting plugin PhysXVehicles
LogPluginManager: Mounting plugin ProceduralMeshComponent
LogPluginManager: Mounting plugin RuntimePhysXCooking
LogPluginManager: Mounting plugin SteamVR
LogPluginManager: Mounting plugin WindowsMoviePlayer
LogInit: Using libcurl 7.47.1
LogInit:  - built for x86_64-pc-win32
LogInit:  - supports SSL with OpenSSL/1.0.2g
LogInit:  - supports HTTP deflate (compression) using libz 1.2.8
LogInit:  - other features:
LogInit:      CURL_VERSION_SSL
LogInit:      CURL_VERSION_LIBZ
LogInit:      CURL_VERSION_IPV6
LogInit:      CURL_VERSION_ASYNCHDNS
LogInit:      CURL_VERSION_LARGEFILE
LogInit:      CURL_VERSION_IDN
LogInit:  CurlRequestOptions (configurable via config and command line):
LogInit:  - bVerifyPeer = false  - Libcurl will NOT verify peer certificate
LogInit:  - bUseHttpProxy = false  - Libcurl will NOT use HTTP proxy
LogInit:  - bDontReuseConnections = false  - Libcurl will reuse connections
LogInit:  - CertBundlePath = nullptr  - Libcurl will use whatever was configured at build time.
LogInit: Build: ++UE4+Release-4.17-CL-3586342
LogInit: Engine Version: 4.17.1-3586342+++UE4+Release-4.17
LogInit: Compatible Engine Version: 4.17.0-3573198+++UE4+Release-4.17
LogInit: Net CL: 3573198
LogDevObjectVersion: Number of dev versions registered: 16
LogDevObjectVersion:   Dev-Blueprints (B0D832E4-1F89-4F0D-ACCF-7EB736FD4AA2): 10
LogDevObjectVersion:   Dev-Build (E1C64328-A22C-4D53-A36C-8E866417BD8C): 0
LogDevObjectVersion:   Dev-Core (375EC13C-06E4-48FB-B500-84F0262A717E): 2
LogDevObjectVersion:   Dev-Editor (E4B068ED-F494-42E9-A231-DA0B2E46BB41): 20
LogDevObjectVersion:   Dev-Framework (CFFC743F-43B0-4480-9391-14DF171D2073): 28
LogDevObjectVersion:   Dev-Mobile (B02B49B5-BB20-44E9-A304-32B752E40360): 0
LogDevObjectVersion:   Dev-Networking (A4E4105C-59A1-49B5-A7C5-40C4547EDFEE): 0
LogDevObjectVersion:   Dev-Online (39C831C9-5AE6-47DC-9A44-9C173E1C8E7C): 0
LogDevObjectVersion:   Dev-Physics (78F01B33-EBEA-4F98-B9B4-84EACCB95AA2): 0
LogDevObjectVersion:   Dev-Platform (6631380F-2D4D-43E0-8009-CF276956A95A): 0
LogDevObjectVersion:   Dev-Rendering (12F88B9F-8875-4AFC-A67C-D90C383ABD29): 19
LogDevObjectVersion:   Dev-Sequencer (7B5AE74C-D270-4C10-A958-57980B212A5A): 4
LogDevObjectVersion:   Dev-VR (D7296918-1DD6-4BDD-9DE2-64A83CC13884): 0
LogDevObjectVersion:   Dev-LoadTimes (C2A15278-BFE7-4AFE-6C17-90FF531DF755): 1
LogDevObjectVersion:   Private-Geometry (6EACA3D4-40EC-4CC1-B786-8BED09428FC5): 1
LogDevObjectVersion:   Dev-AnimPhys (29E575DD-E0A3-4627-9D10-D276232CDCEA): 7
LogInit: Compiled (64-bit): Aug 15 2017 02:05:26
LogInit: Compiled with Visual C++: 19.00.24215.01
LogInit: Build Configuration: Development
LogInit: Branch Name: ++UE4+Release-4.17
LogInit: Command line:  
LogInit: Base directory: C:/Program Files/Epic Games/UE_4.17/Engine/Binaries/Win64/
LogInit: Installed Engine Build: 1
LogInit: Presizing for max 8388607 objects, including 0 objects not considered by GC, pre-allocating 0 bytes for permanent pool.
LogInit: Object subsystem initialized
[2017.09.18-17.05.55:170][  0]LogInit: Selected Device Profile: [Windows]
[2017.09.18-17.05.55:171][  0]LogInit: Applying CVar settings loaded from the selected device profile: [Windows]
[2017.09.18-17.05.55:199][  0]LogInit: Computer: DESKTOP-OMJHMSB
[2017.09.18-17.05.55:199][  0]LogInit: User: rajjj
[2017.09.18-17.05.55:199][  0]LogInit: CPU Page size=4096, Cores=4
[2017.09.18-17.05.55:199][  0]LogInit: High frequency timer resolution =3.328130 MHz
[2017.09.18-17.05.55:199][  0]LogMemory: Memory total: Physical=15.9GB (16GB approx)
[2017.09.18-17.05.55:199][  0]LogMemory: Platform Memory Stats for Windows
[2017.09.18-17.05.55:199][  0]LogMemory: Process Physical Memory: 279.43 MB used, 279.43 MB peak
[2017.09.18-17.05.55:199][  0]LogMemory: Process Virtual Memory: 289.91 MB used, 289.91 MB peak
[2017.09.18-17.05.55:199][  0]LogMemory: Physical Memory: 2870.25 MB used,  13451.48 MB free, 16321.74 MB total
[2017.09.18-17.05.55:199][  0]LogMemory: Virtual Memory: 683.91 MB used,  13451.48 MB free, 134217728.00 MB total
[2017.09.18-17.05.55:757][  0]LogInit: Using OS detected language (en-US).
[2017.09.18-17.05.55:757][  0]LogInit: Using OS detected locale (en-US).
[2017.09.18-17.05.55:814][  0]LogTextLocalizationManager: No specific localization for 'en-US' exists, so the 'en' localization will be used.
[2017.09.18-17.05.58:934][  0]LogD3D11RHI: D3D11 adapters:
[2017.09.18-17.05.59:527][  0]LogD3D11RHI:    0. 'NVIDIA GeForce GTX 1070' (Feature Level 11_0)
[2017.09.18-17.05.59:527][  0]LogD3D11RHI:       8085/0/8160 MB DedicatedVideo/DedicatedSystem/SharedSystem, Outputs:2, VendorId:0x10de
[2017.09.18-17.05.59:528][  0]LogD3D11RHI:    1. 'Microsoft Basic Render Driver' (Feature Level 11_0)
[2017.09.18-17.05.59:528][  0]LogD3D11RHI:       0/0/8160 MB DedicatedVideo/DedicatedSystem/SharedSystem, Outputs:0, VendorId:0x1414
[2017.09.18-17.05.59:528][  0]LogD3D11RHI: Chosen D3D11 Adapter: 0
[2017.09.18-17.05.59:534][  0]LogD3D11RHI: Creating new Direct3DDevice
[2017.09.18-17.05.59:534][  0]LogD3D11RHI:     GPU DeviceId: 0x1b81 (for the marketing name, search the web for "GPU Device Id")
[2017.09.18-17.05.59:534][  0]LogWindows: EnumDisplayDevices:
[2017.09.18-17.05.59:534][  0]LogWindows:    0. 'NVIDIA GeForce GTX 1070' (P:0 D:1)
[2017.09.18-17.05.59:534][  0]LogWindows:    1. 'NVIDIA GeForce GTX 1070' (P:1 D:1)
[2017.09.18-17.05.59:534][  0]LogWindows:    2. 'NVIDIA GeForce GTX 1070' (P:0 D:0)
[2017.09.18-17.05.59:534][  0]LogWindows:    3. 'NVIDIA GeForce GTX 1070' (P:0 D:0)
[2017.09.18-17.05.59:534][  0]LogWindows: DebugString: FoundDriverCount:4 
[2017.09.18-17.05.59:534][  0]LogD3D11RHI:     Adapter Name: NVIDIA GeForce GTX 1070
[2017.09.18-17.05.59:535][  0]LogD3D11RHI:   Driver Version: 385.28 (internal:22.21.13.8528, unified:385.28)
[2017.09.18-17.05.59:535][  0]LogD3D11RHI:      Driver Date: 8-9-2017
[2017.09.18-17.05.59:535][  0]LogRHI: Texture pool is 1361 MB (70% of 1945 MB)
[2017.09.18-17.06.00:099][  0]LogD3D11RHI: Async texture creation enabled
[2017.09.18-17.06.00:170][  0]LogD3D11RHI: GPU Timing Frequency: 1000.000000 (Debug: 2 1)
[2017.09.18-17.06.00:222][  0]LogShaderCompilers: Guid format shader working directory is -34 characters bigger than the processId version (../../../../../../Users/rajjj/OneDrive/Documents/GitHub/DatBoiEntertainmetnGame_/Intermediate/Shaders/WorkingDirectory/5524/).
[2017.09.18-17.06.00:223][  0]LogShaderCompilers: Cleaned the shader compiler working directory 'C:/Users/rajjj/AppData/Local/Temp/UnrealShaderWorkingDir/6DFC639542450241C740D5BEA5BDB145/'.
[2017.09.18-17.06.00:223][  0]LogShaderCompilers: Display: Using Local Shader Compiler.
[2017.09.18-17.06.02:477][  0]LogTemp: Display: Loaded TP AllDesktopTargetPlatform
[2017.09.18-17.06.02:531][  0]LogTemp: Display: Loaded TP MacClientTargetPlatform
[2017.09.18-17.06.02:612][  0]LogTemp: Display: Loaded TP MacNoEditorTargetPlatform
[2017.09.18-17.06.02:680][  0]LogTemp: Display: Loaded TP MacServerTargetPlatform
[2017.09.18-17.06.02:757][  0]LogTemp: Display: Loaded TP MacTargetPlatform
[2017.09.18-17.06.02:827][  0]LogTemp: Display: Loaded TP WindowsClientTargetPlatform
[2017.09.18-17.06.02:888][  0]LogTemp: Display: Loaded TP WindowsNoEditorTargetPlatform
[2017.09.18-17.06.02:958][  0]LogTemp: Display: Loaded TP WindowsServerTargetPlatform
[2017.09.18-17.06.03:014][  0]LogTemp: Display: Loaded TP WindowsTargetPlatform
[2017.09.18-17.06.03:103][  0]LogTemp: Display: Loaded TP AndroidTargetPlatform
[2017.09.18-17.06.03:162][  0]LogTemp: Display: Loaded TP Android_ASTCTargetPlatform
[2017.09.18-17.06.03:221][  0]LogTemp: Display: Loaded TP Android_ATCTargetPlatform
[2017.09.18-17.06.03:272][  0]LogTemp: Display: Loaded TP Android_DXTTargetPlatform
[2017.09.18-17.06.03:336][  0]LogTemp: Display: Loaded TP Android_ETC1TargetPlatform
[2017.09.18-17.06.03:387][  0]LogTemp: Display: Loaded TP Android_ETC2TargetPlatform
[2017.09.18-17.06.03:490][  0]LogTemp: Display: Loaded TP Android_MultiTargetPlatform
[2017.09.18-17.06.03:491][  0]LogTemp: Display: Loaded TP Android_PVRTCTargetPlatform
[2017.09.18-17.06.03:544][  0]LogTemp: Display: Loaded TP HTML5TargetPlatform
[2017.09.18-17.06.03:675][  0]LogTemp: Display: Loaded TP IOSTargetPlatform
[2017.09.18-17.06.03:733][  0]LogTemp: Display: Loaded TP TVOSTargetPlatform
[2017.09.18-17.06.03:786][  0]LogTemp: Display: Loaded TP LinuxClientTargetPlatform
[2017.09.18-17.06.03:837][  0]LogTemp: Display: Loaded TP LinuxNoEditorTargetPlatform
[2017.09.18-17.06.03:900][  0]LogTemp: Display: Loaded TP LinuxServerTargetPlatform
[2017.09.18-17.06.03:953][  0]LogTemp: Display: Loaded TP LinuxTargetPlatform
[2017.09.18-17.06.03:953][  0]LogTargetPlatformManager: Display: Building Assets For Windows
[2017.09.18-17.06.04:686][  0]LogDerivedDataCache: Display: Max Cache Size: 512 MB
[2017.09.18-17.06.05:134][  0]LogDerivedDataCache: Loaded boot cache 0.45s 93MB C:/Users/rajjj/AppData/Local/UnrealEngine/4.17/DerivedDataCache/Boot.ddc.
[2017.09.18-17.06.05:135][  0]LogDerivedDataCache: Display: Loaded Boot cache: C:/Users/rajjj/AppData/Local/UnrealEngine/4.17/DerivedDataCache/Boot.ddc
[2017.09.18-17.06.05:135][  0]LogDerivedDataCache: FDerivedDataBackendGraph:  Pak pak cache file ../../../../../../Users/rajjj/OneDrive/Documents/GitHub/DatBoiEntertainmetnGame_/DerivedDataCache/DDC.ddp not found, will not use a pak cache.
[2017.09.18-17.06.05:135][  0]LogDerivedDataCache: Unable to find inner node Pak for hierarchical cache Hierarchy.
[2017.09.18-17.06.05:135][  0]LogDerivedDataCache: FDerivedDataBackendGraph:  CompressedPak pak cache file ../../../../../../Users/rajjj/OneDrive/Documents/GitHub/DatBoiEntertainmetnGame_/DerivedDataCache/Compressed.ddp not found, will not use a pak cache.
[2017.09.18-17.06.05:135][  0]LogDerivedDataCache: Unable to find inner node CompressedPak for hierarchical cache Hierarchy.
[2017.09.18-17.06.05:156][  0]LogDerivedDataCache: Display: Pak cache opened for reading ../../../Engine/DerivedDataCache/Compressed.ddp.
[2017.09.18-17.06.05:169][  0]LogDerivedDataCache: Using Local data cache path C:/Users/rajjj/AppData/Local/UnrealEngine/Common/DerivedDataCache: Writable
[2017.09.18-17.06.05:179][  0]LogMaterial: Verifying Global Shaders for PCD3D_SM5
[2017.09.18-17.06.05:183][  0]LogSlate: Using Freetype 2.6.0
[2017.09.18-17.06.05:198][  0]LogSlate: SlateFontCache - WITH_FREETYPE: 1, WITH_HARFBUZZ: 1
[2017.09.18-17.06.05:198][  0]LogSlate: SlateFontCache - WITH_FREETYPE: 1, WITH_HARFBUZZ: 1
[2017.09.18-17.06.06:191][  0]LogAssetRegistry: FAssetRegistry took 0.0303 seconds to start up
[2017.09.18-17.06.06:357][  0]LogInit: Selected Device Profile: [Windows]
[2017.09.18-17.06.07:075][  0]LogSimplygon: Simplygon DLL not present - disabling.
[2017.09.18-17.06.07:119][  0]LogMeshReduction: Using SimplygonSwarm for distributed automatic mesh merging
[2017.09.18-17.06.07:120][  0]LogMeshReduction: Using QuadricMeshReduction for automatic static mesh reduction
[2017.09.18-17.06.07:120][  0]LogMeshReduction: No automatic skeletal mesh reduction module available
[2017.09.18-17.06.07:120][  0]LogMeshReduction: No automatic mesh merging module available
[2017.09.18-17.06.07:120][  0]LogMeshMerging: No automatic mesh merging module available
[2017.09.18-17.06.07:140][  0]LogContentStreaming: Texture pool size is 0.00 MB
[2017.09.18-17.06.08:087][  0]LogNetVersion: InsertNameAdventure , NetCL: 3573198, EngineNetVer: 2, GameNetVer: 0 (Checksum: 3080426378)
[2017.09.18-17.06.08:845][  0]LogPackageLocalizationCache: Processed 5 localized package path(s) for 2 prioritized culture(s) in 0.074815 seconds
[2017.09.18-17.06.08:855][  0]LogUObjectArray: 35825 objects as part of root set at end of initial load.
[2017.09.18-17.06.08:855][  0]LogUObjectAllocator: 7529104 out of 0 bytes used by permanent object pool.
[2017.09.18-17.06.08:855][  0]LogUObjectArray: CloseDisregardForGC: 0/0 objects in disregard for GC pool
[2017.09.18-17.06.08:964][  0]LogInit: WinSock: version 1.1 (2.2), MaxSocks=32767, MaxUdp=65467
[2017.09.18-17.06.13:700][  0]LogTcpMessaging: Initializing TcpMessaging bridge
[2017.09.18-17.06.13:735][  0]LogUdpMessaging: Initializing bridge on interface 0.0.0.0:0 to multicast group 230.0.0.1:6666.
[2017.09.18-17.06.14:400][  0]LogMaterial: Uniform references updated for custom material expression Custom.
[2017.09.18-17.06.14:839][  0]SourceControl: Source control is disabled
[2017.09.18-17.06.15:808][  0]LogAndroidPermission: UAndroidPermissionCallbackProxy::GetInstance
[2017.09.18-17.06.16:013][  0]LogOcInput: OculusInput pre-init called
[2017.09.18-17.06.16:265][  0]LogEngine: Initializing Engine...
[2017.09.18-17.06.16:267][  0]LogHMD: Failed to initialize OpenVR with code 110
[2017.09.18-17.06.16:618][  0]LogStats: UGameplayTagsManager::ConstructGameplayTagTree: Construct from data asset -  0.000 s
[2017.09.18-17.06.16:618][  0]LogStats: UGameplayTagsManager::ConstructGameplayTagTree: GameplayTagTreeChangedEvent.Broadcast -  0.000 s
[2017.09.18-17.06.16:745][  0]LogAIModule: Creating AISystem for world Untitled
[2017.09.18-17.06.16:762][  0]LogInit: XAudio2 using 'Speakers (High Definition Audio Device)' : 2 channels at 48 kHz using 16 bits per sample (channel mask 0x3)
[2017.09.18-17.06.16:800][  0]LogInit: FAudioDevice initialized.
[2017.09.18-17.06.16:875][  0]LogDerivedDataCache: Saved boot cache 0.08s 93MB C:/Users/rajjj/AppData/Local/UnrealEngine/4.17/DerivedDataCache/Boot.ddc.
[2017.09.18-17.06.16:888][  0]LogInit: Texture streaming: Enabled
[2017.09.18-17.06.16:990][  0]LogEngineSessionManager: EngineSessionManager initialized
[2017.09.18-17.06.17:228][  0]LogInit: Transaction tracking system initialized
[2017.09.18-17.06.17:521][  0]BlueprintLog: New page: Editor Load
[2017.09.18-17.06.18:393][  0]LocalizationService: Localization service is disabled
[2017.09.18-17.06.19:041][  0]LogConsoleResponse: Display: 
[2017.09.18-17.06.19:386][  0]LogCook: Display: Max memory allowance for cook 16384mb min free memory 0mb
[2017.09.18-17.06.19:386][  0]LogCook: Display: Mobile HDR setting 1
[2017.09.18-17.06.19:386][  0]LogGameplayTags: Display: UGameplayTagsManager::DoneAddingNativeTags. DelegateIsBound: 0
[2017.09.18-17.06.19:926][  0]LogFileCache: Scanning file cache for directory 'C:/Users/rajjj/OneDrive/Documents/GitHub/DatBoiEntertainmetnGame_/Content/' took 0.02s
[2017.09.18-17.06.20:391][  0]Cmd: MAP LOAD FILE="../../../../../../Users/rajjj/OneDrive/Documents/GitHub/DatBoiEntertainmetnGame_/Content/2DSideScrollerBP/Maps/Levels/Rainforest_Alien.umap" TEMPLATE=0 SHOWPROGRESS=1 FEATURELEVEL=3
[2017.09.18-17.06.20:397][  0]LightingResults: New page: Lighting Build
[2017.09.18-17.06.20:437][  0]MapCheck: New page: Map Check
[2017.09.18-17.06.20:437][  0]LightingResults: New page: Lighting Build
[2017.09.18-17.06.20:874][  0]LogBlueprint: Warning: ExposeOnSpawn ambiguity. Property 'BoolProperty /Game/2DSideScrollerBP/Blueprints/UI/ItemDrag.ItemDrag_C:fromInv', MetaData 'True', Flag 'False'
[2017.09.18-17.06.20:874][  0]LogBlueprint: Warning: ExposeOnSpawn ambiguity. Property 'ObjectProperty /Game/2DSideScrollerBP/Blueprints/UI/ItemDrag.ItemDrag_C:dragItem', MetaData 'True', Flag 'False'
[2017.09.18-17.06.20:879][  0]LogBlueprint: Warning: ExposeOnSpawn ambiguity. Property 'BoolProperty /Game/2DSideScrollerBP/Blueprints/UI/ItemDrag.ItemDrag_C:fromInv', MetaData 'True', Flag 'False'
[2017.09.18-17.06.20:879][  0]LogBlueprint: Warning: ExposeOnSpawn ambiguity. Property 'ObjectProperty /Game/2DSideScrollerBP/Blueprints/UI/ItemDrag.ItemDrag_C:dragItem', MetaData 'True', Flag 'False'
[2017.09.18-17.06.20:902][  0]LogBlueprint: Warning: [Compiler ActionSlot] Input pin  Drag Item  specifying non-default value no longer exists on this node. Please refresh node or reset pin to default value to remove pin.
[2017.09.18-17.06.20:913][  0]LogBlueprint: Warning: [Compiler InventorySlot] Input pin  From Inv  specifying non-default value no longer exists on this node. Please refresh node or reset pin to default value to remove pin.
[2017.09.18-17.06.20:913][  0]LogBlueprint: Error: [Compiler InventorySlot] In use pin  Drag Item  no longer exists on this node. Please refresh node or break links to remove pin.
[2017.09.18-17.06.21:006][  0]LogBlueprint: Warning: [Compiler ActionSlot] [0028.75] Compile of ActionSlot successful, but with 1 Warning(s) [in 147 ms] (/Game/2DSideScrollerBP/Blueprints/UI/ActionSlot.ActionSlot)
[2017.09.18-17.06.21:006][  0]LogBlueprint: Warning: [Compiler InventorySlot] [0028.75] Compile of InventorySlot failed. 1 Fatal Issue(s) 1 Warning(s) [in 147 ms] (/Game/2DSideScrollerBP/Blueprints/UI/InventorySlot.InventorySlot)
[2017.09.18-17.06.22:077][  0]LogMaterial: Missing cached shader map for material BlueLight_M1, compiling. 
[2017.09.18-17.06.22:080][  0]LogMaterial: Warning: Failed to compile Material /Game/2DSideScrollerBP/Maps/Levels/LevelSprites/Sprites/Rain_Forrest_Sprites/Materials/BlueLight_M1.BlueLight_M1 for platform PCD3D_SM5, Default Material will be used in game.
[2017.09.18-17.06.22:080][  0]LogMaterial: Warning: 	Function Flicker_MF: Missing function input 'Color'
[2017.09.18-17.06.22:407][  0]LogAIModule: Creating AISystem for world Rainforest_Alien
[2017.09.18-17.06.22:481][  0]LogEditorServer: Finished looking for orphan Actors (0.000 secs)
[2017.09.18-17.06.22:510][  0]Cmd: MAP CHECKDEP NOCLEARLOG
[2017.09.18-17.06.22:570][  0]MapCheck: Map check complete: 0 Error(s), 0 Warning(s), took 59.107ms to complete.
[2017.09.18-17.06.22:570][  0]LogFileHelpers: Loading map 'Rainforest_Alien' took 2.179
[2017.09.18-17.06.22:980][  0]LogCollectionManager: Loaded 0 collections in 0.001334 seconds
[2017.09.18-17.06.23:064][  0]LogFileCache: Scanning file cache for directory 'C:/Users/rajjj/OneDrive/Documents/GitHub/DatBoiEntertainmetnGame_/Saved/Collections/' took 0.01s
[2017.09.18-17.06.23:064][  0]LogFileCache: Scanning file cache for directory 'C:/Users/rajjj/OneDrive/Documents/GitHub/DatBoiEntertainmetnGame_/Content/Developers/rajjj/Collections/' took 0.01s
[2017.09.18-17.06.23:064][  0]LogFileCache: Scanning file cache for directory 'C:/Users/rajjj/OneDrive/Documents/GitHub/DatBoiEntertainmetnGame_/Content/Collections/' took 0.01s
[2017.09.18-17.06.23:064][  0]LogCollectionManager: Rebuilt the GUID cache for 0 collections in 0.000001 seconds
[2017.09.18-17.06.23:074][  0]LogContentBrowser: Native class hierarchy populated in 0.0087 seconds. Added 2386 classes and 500 folders.
[2017.09.18-17.06.23:135][  0]LogContentBrowser: Native class hierarchy updated for 'WidgetCarousel' in 0.0005 seconds. Added 0 classes and 0 folders.
[2017.09.18-17.06.23:450][  0]LogContentBrowser: Native class hierarchy updated for 'AddContentDialog' in 0.0005 seconds. Added 0 classes and 0 folders.
[2017.09.18-17.06.23:497][  0]LogContentBrowser: Native class hierarchy updated for 'SceneOutliner' in 0.0005 seconds. Added 1 classes and 2 folders.
[2017.09.18-17.06.23:536][  0]LogSlate: Took 0.006819 seconds to synchronously load lazily loaded font '../../../Engine/Content/Slate/Fonts/Roboto-Regular.ttf' (155K)
[2017.09.18-17.06.23:546][  0]LogSlate: Took 0.004415 seconds to synchronously load lazily loaded font '../../../Engine/Content/Slate/Fonts/Roboto-Bold.ttf' (160K)
[2017.09.18-17.06.23:559][  0]LogSlate: Took 0.003964 seconds to synchronously load lazily loaded font '../../../Engine/Content/Editor/Slate/Fonts/FontAwesome.ttf' (139K)
[2017.09.18-17.06.23:569][  0]LogSlate: Took 0.005066 seconds to synchronously load lazily loaded font '../../../Engine/Content/Editor/Slate/Fonts/DroidSansMono.ttf' (77K)
[2017.09.18-17.06.23:691][  0]LogRenderer: Reallocating scene render targets to support 2556x1004 Format 10 NumSamples 1 (Frame:1).
[2017.09.18-17.06.24:272][  0]LogContentBrowser: Native class hierarchy updated for 'HierarchicalLODOutliner' in 0.0006 seconds. Added 1 classes and 2 folders.
[2017.09.18-17.06.24:272][  0]LogLoad: (Engine Initialization) Total time: 32.01 seconds
[2017.09.18-17.06.24:273][  0]LogLoad: (Engine Initialization) Total Blueprint compile time: 0.00 seconds
[2017.09.18-17.06.24:273][  0]LogExternalProfiler: No external profilers were discovered.  External profiling features will not be available.
[2017.09.18-17.06.24:659][  0]SourceControl: On branch V1.5.1
[2017.09.18-17.06.24:659][  0]SourceControl: Your branch is up-to-date with 'origin/V1.5.1'.
[2017.09.18-17.06.24:659][  0]SourceControl: No commands done.
[2017.09.18-17.06.24:659][  0]SourceControl: Next commands to do (2 remaining commands):
[2017.09.18-17.06.24:659][  0]SourceControl:    pick b627089 Redid mt backdrop and started work on a desert zone
[2017.09.18-17.06.24:660][  0]SourceControl:    pick 5400dc0 Revert "Redid mt backdrop and started work on a desert zone"
[2017.09.18-17.06.24:660][  0]SourceControl:   (use "git rebase --edit-todo" to view and edit)
[2017.09.18-17.06.24:660][  0]SourceControl: You are currently editing a commit while rebasing branch 'V1.5.1' on 'ad616f1'.
[2017.09.18-17.06.24:660][  0]SourceControl:   (use "git commit --amend" to amend the current commit)
[2017.09.18-17.06.24:660][  0]SourceControl:   (use "git rebase --continue" once you are satisfied with your changes)
[2017.09.18-17.06.24:660][  0]SourceControl: Changes not staged for commit:
[2017.09.18-17.06.24:660][  0]SourceControl:   (use "git add/rm <file>..." to update what will be committed)
[2017.09.18-17.06.24:660][  0]SourceControl:   (use "git checkout -- <file>..." to discard changes in working directory)
[2017.09.18-17.06.24:660][  0]SourceControl: 	modified:   Intermediate/CachedAssetRegistry.bin
[2017.09.18-17.06.24:660][  0]SourceControl: 	deleted:    Saved/Config/CrashReportClient/UE4CC-Windows-95452BEF4FEFD59F60C5D5A269FE88C8/CrashReportClient.ini
[2017.09.18-17.06.24:661][  0]SourceControl: 	modified:   Saved/Config/Windows/Editor.ini
[2017.09.18-17.06.24:661][  0]SourceControl: 	modified:   Saved/Config/Windows/Engine.ini
[2017.09.18-17.06.24:661][  0]SourceControl: 	deleted:    Saved/Logs/InsertNameAdventure-backup-2017.09.15-20.49.45.log
[2017.09.18-17.06.24:661][  0]SourceControl: 	modified:   Saved/Logs/InsertNameAdventure.log
[2017.09.18-17.06.24:661][  0]SourceControl: Untracked files:
[2017.09.18-17.06.24:661][  0]SourceControl:   (use "git add <file>..." to include in what will be committed)
[2017.09.18-17.06.24:661][  0]SourceControl: 	Saved/Config/CrashReportClient/UE4CC-Windows-8D0BC79A42C0ACF35576EB9CE4711401/
[2017.09.18-17.06.24:661][  0]SourceControl: 	Saved/Logs/InsertNameAdventure-backup-2017.09.18-11.05.54.log
[2017.09.18-17.06.24:661][  0]SourceControl: no changes added to commit (use "git add" and/or "git commit -a")
[2017.09.18-17.06.24:663][  0]LogContentStreaming: Texture pool size now 1000 MB
[2017.09.18-17.06.24:967][  1]LogAssetRegistry: Asset discovery search completed in 18.8009 seconds
[2017.09.18-17.06.24:972][  1]LogCollectionManager: Rebuilt the object cache for 0 collections in 0.000001 seconds (found 0 objects)
[2017.09.18-17.06.24:972][  1]LogCollectionManager: Fixed up redirectors for 0 collections in 0.000365 seconds (updated 0 objects)
[2017.09.18-17.06.24:982][  1]LogParticles: Warning: Spawning 26666 GPU particles in one frame[2]: RainFall4_PS/Particle Emitter
[2017.09.18-17.06.25:302][  2]LogParticles: Warning: Spawning 26667 GPU particles in one frame[3]: RainFall4_PS/Particle Emitter
[2017.09.18-17.06.28:781][322]LogSlate: Took 0.004533 seconds to synchronously load lazily loaded font '../../../Engine/Content/Slate/Fonts/Roboto-Light.ttf' (159K)
[2017.09.18-17.06.29:954][421]LogFileCache: Retrieving MD5 hashes for directory 'C:/Users/rajjj/OneDrive/Documents/GitHub/DatBoiEntertainmetnGame_/Content/' took 5.32s
[2017.09.18-17.06.30:322][442]LogSlate: Took 0.000109 seconds to synchronously load lazily loaded font '../../../Engine/Content/Slate/Fonts/Roboto-Light.ttf' (159K)
[2017.09.18-17.06.30:536][443]LogParticles: Warning: Spawning 31707 GPU particles in one frame[444]: RainFall4_PS/Particle Emitter
[2017.09.18-17.07.22:830][845]LogEditorViewport: Clicking on Actor (LMB): PaperTileMapActor (Rain_Forrest_Outpost_TM)
[2017.09.18-17.07.23:488][879]LogEditorViewport: Clicking on Actor (LMB): PaperTileMapActor (Rain_Forrest_Outpost_TM)
[2017.09.18-17.07.24:163][930]LogEditorViewport: Clicking on Actor (LMB): PaperSpriteActor (Cable_3_Sprite2)
[2017.09.18-17.07.39:902][415]LogEditorViewport: Clicking on Actor (LMB): Skybox_BP_Rain_C (Skybox_BP_Rain)
[2017.09.18-17.07.42:888][707]LogEditorViewport: Clicking on Actor (LMB): PaperTileMapActor (Rain_Forrest_Outpost_TM)
[2017.09.18-17.07.43:547][776]LogEditorViewport: Clicking on Actor (LMB): PaperSpriteActor (Cable_3_Sprite12)
[2017.09.18-17.07.58:286][466]LogEditorViewport: Clicking on Actor (LMB): PaperSpriteActor (New_MT_Backdrop_Sprite45)
[2017.09.18-17.07.59:107][551]LogEditorViewport: Clicking on Actor (LMB): Skybox_BP_Rain_C (Skybox_BP_Rain)
[2017.09.18-17.08.01:987][817]LogEditorViewport: Clicking on Actor (LMB): PaperSpriteActor (Cable_3_Sprite12)
[2017.09.18-17.08.04:351][ 87]LogEditorViewport: Clicking on Actor (LMB): PaperSpriteActor (Cable_3_Sprite12)
[2017.09.18-17.08.11:624][892]LogEditorViewport: Clicking on Actor (LMB): PaperSpriteActor (New_MT_Backdrop_Sprite37)
[2017.09.18-17.08.12:464][983]LogEditorViewport: Clicking on Actor (LMB): Skybox_BP_Rain_C (Skybox_BP_Rain)
[2017.09.18-17.08.42:144][117]LogTemp: Repeating last play command: Selected Viewport
[2017.09.18-17.08.42:264][117]LogBlueprintUserMessages: Early PlayInEditor Detection: Level '/Game/2DSideScrollerBP/Maps/Levels/Rainforest_Alien.Rainforest_Alien:PersistentLevel' has LevelScriptBlueprint '/Game/2DSideScrollerBP/Maps/Levels/Rainforest_Alien.Rainforest_Alien:PersistentLevel.Rainforest_Alien' with GeneratedClass '/Game/2DSideScrollerBP/Maps/Levels/Rainforest_Alien.Rainforest_Alien_C' with ClassGeneratedBy '/Game/2DSideScrollerBP/Maps/Levels/Rainforest_Alien.Rainforest_Alien:PersistentLevel.Rainforest_Alien'
[2017.09.18-17.08.42:265][117]LogPlayLevel: PlayLevel: No blueprints needed recompiling
[2017.09.18-17.08.45:110][117]PIE: New page: PIE session: Rainforest_Alien (Sep 18, 2017, 5:08:45 AM)
[2017.09.18-17.08.45:111][117]LogPlayLevel: Creating play world package: /Game/2DSideScrollerBP/Maps/Levels/UEDPIE_0_Rainforest_Alien
[2017.09.18-17.08.45:145][117]LogPlayLevel: PIE: StaticDuplicateObject took: (0.034715s)
[2017.09.18-17.08.45:146][117]LogAIModule: Creating AISystem for world Rainforest_Alien
[2017.09.18-17.08.45:146][117]LogPlayLevel: PIE: World Init took: (0.000789s)
[2017.09.18-17.08.45:148][117]LogPlayLevel: PIE: Created PIE world by copying editor world from /Game/2DSideScrollerBP/Maps/Levels/Rainforest_Alien.Rainforest_Alien to /Game/2DSideScrollerBP/Maps/Levels/UEDPIE_0_Rainforest_Alien.Rainforest_Alien (0.037160s)
[2017.09.18-17.08.45:165][117]LogInit: XAudio2 using 'Speakers (High Definition Audio Device)' : 2 channels at 48 kHz using 16 bits per sample (channel mask 0x3)
[2017.09.18-17.08.45:172][117]LogInit: FAudioDevice initialized.
[2017.09.18-17.08.45:217][117]LogLoad: Game class is '2DSideScrollerGameMode_C'
[2017.09.18-17.08.45:279][117]LogWorld: Bringing World /Game/2DSideScrollerBP/Maps/Levels/UEDPIE_0_Rainforest_Alien.Rainforest_Alien up for play (max tick rate 0) at 2017.09.18-11.08.45
[2017.09.18-17.08.45:317][117]LogWorld: Bringing up level for play took: 0.086959
[2017.09.18-17.08.45:377][117]LogContentBrowser: Native class hierarchy updated for 'MovieSceneCapture' in 0.0006 seconds. Added 11 classes and 0 folders.
[2017.09.18-17.08.45:402][117]PIE: Play in editor start time for /Game/2DSideScrollerBP/Maps/Levels/UEDPIE_0_Rainforest_Alien 3.498
[2017.09.18-17.08.45:403][117]LogBlueprintUserMessages: Late PlayInEditor Detection: Level '/Game/2DSideScrollerBP/Maps/Levels/Rainforest_Alien.Rainforest_Alien:PersistentLevel' has LevelScriptBlueprint '/Game/2DSideScrollerBP/Maps/Levels/Rainforest_Alien.Rainforest_Alien:PersistentLevel.Rainforest_Alien' with GeneratedClass '/Game/2DSideScrollerBP/Maps/Levels/Rainforest_Alien.Rainforest_Alien_C' with ClassGeneratedBy '/Game/2DSideScrollerBP/Maps/Levels/Rainforest_Alien.Rainforest_Alien:PersistentLevel.Rainforest_Alien'
[2017.09.18-17.08.45:495][118]LogParticles: Warning: Spawning 32000 GPU particles in one frame[14119]: RainFall4_PS/Particle Emitter
[2017.09.18-17.11.16:974][462]LogBlueprintUserMessages: Early EndPlayMap Detection: Level '/Game/2DSideScrollerBP/Maps/Levels/Rainforest_Alien.Rainforest_Alien:PersistentLevel' has LevelScriptBlueprint '/Game/2DSideScrollerBP/Maps/Levels/Rainforest_Alien.Rainforest_Alien:PersistentLevel.Rainforest_Alien' with GeneratedClass '/Game/2DSideScrollerBP/Maps/Levels/Rainforest_Alien.Rainforest_Alien_C' with ClassGeneratedBy '/Game/2DSideScrollerBP/Maps/Levels/Rainforest_Alien.Rainforest_Alien:PersistentLevel.Rainforest_Alien'
[2017.09.18-17.11.17:035][462]LogBlueprintUserMessages: Late EndPlayMap Detection: Level '/Game/2DSideScrollerBP/Maps/Levels/Rainforest_Alien.Rainforest_Alien:PersistentLevel' has LevelScriptBlueprint '/Game/2DSideScrollerBP/Maps/Levels/Rainforest_Alien.Rainforest_Alien:PersistentLevel.Rainforest_Alien' with GeneratedClass '/Game/2DSideScrollerBP/Maps/Levels/Rainforest_Alien.Rainforest_Alien_C' with ClassGeneratedBy '/Game/2DSideScrollerBP/Maps/Levels/Rainforest_Alien.Rainforest_Alien:PersistentLevel.Rainforest_Alien'
[2017.09.18-17.11.21:144][805]LogEditorViewport: Clicking on Actor (LMB): Emitter (RainFall4_PS)
[2017.09.18-17.11.21:765][841]LogEditorViewport: Clicking on Actor (context menu): Emitter (RainFall4_PS)
[2017.09.18-17.11.23:739][938]LogContentBrowser: Native class hierarchy updated for 'Cascade' in 0.0006 seconds. Added 2 classes and 2 folders.
[2017.09.18-17.11.24:092][939]LogParticles: Warning: Spawning 32000 GPU particles in one frame[28940]: RainFall4_PS/Particle Emitter
[2017.09.18-17.11.30:614][233]LogParticles: Warning: Spawning 26667 GPU particles in one frame[29234]: RainFall4_PS/Particle Emitter
[2017.09.18-17.11.30:920][234]LogParticles: Warning: Spawning 26667 GPU particles in one frame[29235]: RainFall4_PS/Particle Emitter
[2017.09.18-17.11.31:272][235]LogParticles: Warning: Spawning 26666 GPU particles in one frame[29236]: RainFall4_PS/Particle Emitter
[2017.09.18-17.11.31:594][236]LogParticles: Warning: Spawning 26667 GPU particles in one frame[29237]: RainFall4_PS/Particle Emitter
[2017.09.18-17.11.31:920][237]LogParticles: Warning: Spawning 26667 GPU particles in one frame[29238]: RainFall4_PS/Particle Emitter
[2017.09.18-17.11.32:254][238]LogParticles: Warning: Spawning 26667 GPU particles in one frame[29239]: RainFall4_PS/Particle Emitter
[2017.09.18-17.11.32:588][239]LogParticles: Warning: Spawning 26667 GPU particles in one frame[29240]: RainFall4_PS/Particle Emitter
[2017.09.18-17.11.32:922][240]LogParticles: Warning: Spawning 26666 GPU particles in one frame[29241]: RainFall4_PS/Particle Emitter
[2017.09.18-17.11.33:255][241]LogParticles: Warning: Spawning 26667 GPU particles in one frame[29242]: RainFall4_PS/Particle Emitter
[2017.09.18-17.11.33:592][242]LogParticles: Warning: Spawning 26678 GPU particles in one frame[29243]: RainFall4_PS/Particle Emitter
[2017.09.18-17.11.33:921][243]LogParticles: Warning: Spawning 26667 GPU particles in one frame[29244]: RainFall4_PS/Particle Emitter
[2017.09.18-17.11.34:262][244]LogParticles: Warning: Spawning 27065 GPU particles in one frame[29245]: RainFall4_PS/Particle Emitter
[2017.09.18-17.11.34:592][245]LogParticles: Warning: Spawning 26667 GPU particles in one frame[29246]: RainFall4_PS/Particle Emitter
[2017.09.18-17.11.34:926][246]LogParticles: Warning: Spawning 26668 GPU particles in one frame[29247]: RainFall4_PS/Particle Emitter
[2017.09.18-17.11.35:268][247]LogParticles: Warning: Spawning 26666 GPU particles in one frame[29248]: RainFall4_PS/Particle Emitter
[2017.09.18-17.11.35:594][248]LogParticles: Warning: Spawning 26667 GPU particles in one frame[29249]: RainFall4_PS/Particle Emitter
[2017.09.18-17.11.35:927][249]LogParticles: Warning: Spawning 26667 GPU particles in one frame[29250]: RainFall4_PS/Particle Emitter
[2017.09.18-17.11.36:261][250]LogParticles: Warning: Spawning 26666 GPU particles in one frame[29251]: RainFall4_PS/Particle Emitter
[2017.09.18-17.11.43:249][596]LogParticles: Warning: MaxCount = 282240 for Emitter ParticleSpriteEmitter_0 (/Game/2DSideScrollerBP/Maps/Levels/LevelSprites/Sprites/Rain_Forrest_Sprites/RainFall/RainFall4_PS.RainFall4_PS)
[2017.09.18-17.11.49:892][ 69]LogEditorViewport: Clicking on Actor (LMB): Skybox_BP_Rain_C (Skybox_BP_Rain)
[2017.09.18-17.11.59:687][189]LogParticles: Warning: Spawning 23334 GPU particles in one frame[31190]: RainFall4_PS/Particle Emitter
[2017.09.18-17.12.00:045][190]LogParticles: Warning: Spawning 23333 GPU particles in one frame[31191]: RainFall4_PS/Particle Emitter
[2017.09.18-17.12.04:036][563]LogParticles: Warning: MaxCount = 212240 for Emitter ParticleSpriteEmitter_0 (/Game/2DSideScrollerBP/Maps/Levels/LevelSprites/Sprites/Rain_Forrest_Sprites/RainFall/RainFall4_PS.RainFall4_PS)
[2017.09.18-17.12.16:568][972]LogParticles: Warning: Spawning 24595 GPU particles in one frame[32973]: RainFall4_PS/Particle Emitter
[2017.09.18-17.12.16:900][973]LogParticles: Warning: Spawning 23333 GPU particles in one frame[32974]: RainFall4_PS/Particle Emitter
[2017.09.18-17.12.21:871][467]LogParticles: Warning: MaxCount = 247240 for Emitter ParticleSpriteEmitter_0 (/Game/2DSideScrollerBP/Maps/Levels/LevelSprites/Sprites/Rain_Forrest_Sprites/RainFall/RainFall4_PS.RainFall4_PS)
[2017.09.18-17.12.27:058][ 36]LogTemp: Repeating last play command: Selected Viewport
[2017.09.18-17.12.27:087][ 36]LogBlueprintUserMessages: Early PlayInEditor Detection: Level '/Game/2DSideScrollerBP/Maps/Levels/Rainforest_Alien.Rainforest_Alien:PersistentLevel' has LevelScriptBlueprint '/Game/2DSideScrollerBP/Maps/Levels/Rainforest_Alien.Rainforest_Alien:PersistentLevel.Rainforest_Alien' with GeneratedClass '/Game/2DSideScrollerBP/Maps/Levels/Rainforest_Alien.Rainforest_Alien_C' with ClassGeneratedBy '/Game/2DSideScrollerBP/Maps/Levels/Rainforest_Alien.Rainforest_Alien:PersistentLevel.Rainforest_Alien'
[2017.09.18-17.12.27:088][ 36]LogPlayLevel: PlayLevel: No blueprints needed recompiling
[2017.09.18-17.12.27:088][ 36]PIE: New page: PIE session: Rainforest_Alien (Sep 18, 2017, 5:12:27 AM)
[2017.09.18-17.12.27:088][ 36]LogPlayLevel: Creating play world package: /Game/2DSideScrollerBP/Maps/Levels/UEDPIE_0_Rainforest_Alien
[2017.09.18-17.12.27:120][ 36]LogPlayLevel: PIE: StaticDuplicateObject took: (0.031581s)
[2017.09.18-17.12.27:121][ 36]LogAIModule: Creating AISystem for world Rainforest_Alien
[2017.09.18-17.12.27:121][ 36]LogPlayLevel: PIE: World Init took: (0.000733s)
[2017.09.18-17.12.27:122][ 36]LogPlayLevel: PIE: Created PIE world by copying editor world from /Game/2DSideScrollerBP/Maps/Levels/Rainforest_Alien.Rainforest_Alien to /Game/2DSideScrollerBP/Maps/Levels/UEDPIE_0_Rainforest_Alien.Rainforest_Alien (0.033112s)
[2017.09.18-17.12.27:137][ 36]LogInit: XAudio2 using 'Speakers (High Definition Audio Device)' : 2 channels at 48 kHz using 16 bits per sample (channel mask 0x3)
[2017.09.18-17.12.27:143][ 36]LogInit: FAudioDevice initialized.
[2017.09.18-17.12.27:172][ 36]LogLoad: Game class is '2DSideScrollerGameMode_C'
[2017.09.18-17.12.27:189][ 36]LogWorld: Bringing World /Game/2DSideScrollerBP/Maps/Levels/UEDPIE_0_Rainforest_Alien.Rainforest_Alien up for play (max tick rate 0) at 2017.09.18-11.12.27
[2017.09.18-17.12.27:195][ 36]LogWorld: Bringing up level for play took: 0.022791
[2017.09.18-17.12.27:205][ 36]PIE: Play in editor start time for /Game/2DSideScrollerBP/Maps/Levels/UEDPIE_0_Rainforest_Alien -0.699
[2017.09.18-17.12.27:205][ 36]LogBlueprintUserMessages: Late PlayInEditor Detection: Level '/Game/2DSideScrollerBP/Maps/Levels/Rainforest_Alien.Rainforest_Alien:PersistentLevel' has LevelScriptBlueprint '/Game/2DSideScrollerBP/Maps/Levels/Rainforest_Alien.Rainforest_Alien:PersistentLevel.Rainforest_Alien' with GeneratedClass '/Game/2DSideScrollerBP/Maps/Levels/Rainforest_Alien.Rainforest_Alien_C' with ClassGeneratedBy '/Game/2DSideScrollerBP/Maps/Levels/Rainforest_Alien.Rainforest_Alien:PersistentLevel.Rainforest_Alien'
[2017.09.18-17.13.01:430][133]LogBlueprintUserMessages: Early EndPlayMap Detection: Level '/Game/2DSideScrollerBP/Maps/Levels/Rainforest_Alien.Rainforest_Alien:PersistentLevel' has LevelScriptBlueprint '/Game/2DSideScrollerBP/Maps/Levels/Rainforest_Alien.Rainforest_Alien:PersistentLevel.Rainforest_Alien' with GeneratedClass '/Game/2DSideScrollerBP/Maps/Levels/Rainforest_Alien.Rainforest_Alien_C' with ClassGeneratedBy '/Game/2DSideScrollerBP/Maps/Levels/Rainforest_Alien.Rainforest_Alien:PersistentLevel.Rainforest_Alien'
[2017.09.18-17.13.01:468][133]LogBlueprintUserMessages: Late EndPlayMap Detection: Level '/Game/2DSideScrollerBP/Maps/Levels/Rainforest_Alien.Rainforest_Alien:PersistentLevel' has LevelScriptBlueprint '/Game/2DSideScrollerBP/Maps/Levels/Rainforest_Alien.Rainforest_Alien:PersistentLevel.Rainforest_Alien' with GeneratedClass '/Game/2DSideScrollerBP/Maps/Levels/Rainforest_Alien.Rainforest_Alien_C' with ClassGeneratedBy '/Game/2DSideScrollerBP/Maps/Levels/Rainforest_Alien.Rainforest_Alien:PersistentLevel.Rainforest_Alien'
[2017.09.18-17.13.04:747][467]LogParticles: Warning: Spawning 23333 GPU particles in one frame[38468]: RainFall4_PS/Particle Emitter
[2017.09.18-17.13.05:078][468]LogParticles: Warning: Spawning 23333 GPU particles in one frame[38469]: RainFall4_PS/Particle Emitter
[2017.09.18-17.13.05:412][469]LogParticles: Warning: Spawning 23334 GPU particles in one frame[38470]: RainFall4_PS/Particle Emitter
[2017.09.18-17.13.05:745][470]LogParticles: Warning: Spawning 23333 GPU particles in one frame[38471]: RainFall4_PS/Particle Emitter
[2017.09.18-17.13.06:078][471]LogParticles: Warning: Spawning 23334 GPU particles in one frame[38472]: RainFall4_PS/Particle Emitter
[2017.09.18-17.13.06:412][472]LogParticles: Warning: Spawning 23333 GPU particles in one frame[38473]: RainFall4_PS/Particle Emitter
[2017.09.18-17.13.06:744][473]LogParticles: Warning: Spawning 23333 GPU particles in one frame[38474]: RainFall4_PS/Particle Emitter
[2017.09.18-17.13.07:078][474]LogParticles: Warning: Spawning 23334 GPU particles in one frame[38475]: RainFall4_PS/Particle Emitter
[2017.09.18-17.13.07:411][475]LogParticles: Warning: Spawning 23333 GPU particles in one frame[38476]: RainFall4_PS/Particle Emitter
[2017.09.18-17.13.07:744][476]LogParticles: Warning: Spawning 23334 GPU particles in one frame[38477]: RainFall4_PS/Particle Emitter
[2017.09.18-17.13.08:079][477]LogParticles: Warning: Spawning 23333 GPU particles in one frame[38478]: RainFall4_PS/Particle Emitter
[2017.09.18-17.13.08:411][478]LogParticles: Warning: Spawning 23333 GPU particles in one frame[38479]: RainFall4_PS/Particle Emitter
[2017.09.18-17.13.08:744][479]LogParticles: Warning: Spawning 23334 GPU particles in one frame[38480]: RainFall4_PS/Particle Emitter
[2017.09.18-17.13.09:078][480]LogParticles: Warning: Spawning 23333 GPU particles in one frame[38481]: RainFall4_PS/Particle Emitter
[2017.09.18-17.13.09:411][481]LogParticles: Warning: Spawning 23333 GPU particles in one frame[38482]: RainFall4_PS/Particle Emitter
[2017.09.18-17.13.09:731][482]LogParticles: Warning: Spawning 23334 GPU particles in one frame[38483]: RainFall4_PS/Particle Emitter
[2017.09.18-17.13.10:055][483]LogParticles: Warning: Spawning 23333 GPU particles in one frame[38484]: RainFall4_PS/Particle Emitter
[2017.09.18-17.13.10:400][484]LogParticles: Warning: Spawning 23334 GPU particles in one frame[38485]: RainFall4_PS/Particle Emitter
[2017.09.18-17.13.10:721][485]LogParticles: Warning: Spawning 23333 GPU particles in one frame[38486]: RainFall4_PS/Particle Emitter
[2017.09.18-17.13.11:079][486]LogParticles: Warning: Spawning 23333 GPU particles in one frame[38487]: RainFall4_PS/Particle Emitter
[2017.09.18-17.13.11:389][487]LogParticles: Warning: Spawning 23334 GPU particles in one frame[38488]: RainFall4_PS/Particle Emitter
[2017.09.18-17.13.11:724][488]LogParticles: Warning: Spawning 23333 GPU particles in one frame[38489]: RainFall4_PS/Particle Emitter
[2017.09.18-17.13.12:055][489]LogParticles: Warning: Spawning 23333 GPU particles in one frame[38490]: RainFall4_PS/Particle Emitter
[2017.09.18-17.13.12:433][490]LogParticles: Warning: Spawning 23334 GPU particles in one frame[38491]: RainFall4_PS/Particle Emitter
[2017.09.18-17.13.12:734][491]LogParticles: Warning: Spawning 23333 GPU particles in one frame[38492]: RainFall4_PS/Particle Emitter
[2017.09.18-17.13.13:075][492]LogParticles: Warning: Spawning 23333 GPU particles in one frame[38493]: RainFall4_PS/Particle Emitter
[2017.09.18-17.13.13:388][493]LogParticles: Warning: Spawning 23334 GPU particles in one frame[38494]: RainFall4_PS/Particle Emitter
[2017.09.18-17.13.13:722][494]LogParticles: Warning: Spawning 23333 GPU particles in one frame[38495]: RainFall4_PS/Particle Emitter
[2017.09.18-17.13.14:071][495]LogParticles: Warning: Spawning 23334 GPU particles in one frame[38496]: RainFall4_PS/Particle Emitter
[2017.09.18-17.13.14:413][496]LogParticles: Warning: Spawning 23333 GPU particles in one frame[38497]: RainFall4_PS/Particle Emitter
[2017.09.18-17.13.14:727][497]LogParticles: Warning: Spawning 23333 GPU particles in one frame[38498]: RainFall4_PS/Particle Emitter
[2017.09.18-17.13.15:079][498]LogParticles: Warning: Spawning 23334 GPU particles in one frame[38499]: RainFall4_PS/Particle Emitter
[2017.09.18-17.13.15:390][499]LogParticles: Warning: Spawning 23333 GPU particles in one frame[38500]: RainFall4_PS/Particle Emitter
[2017.09.18-17.13.15:733][500]LogParticles: Warning: Spawning 23333 GPU particles in one frame[38501]: RainFall4_PS/Particle Emitter
[2017.09.18-17.13.16:086][501]LogParticles: Warning: Spawning 23334 GPU particles in one frame[38502]: RainFall4_PS/Particle Emitter
[2017.09.18-17.13.16:418][502]LogParticles: Warning: Spawning 23333 GPU particles in one frame[38503]: RainFall4_PS/Particle Emitter
[2017.09.18-17.13.16:734][503]LogParticles: Warning: Spawning 23335 GPU particles in one frame[38504]: RainFall4_PS/Particle Emitter
[2017.09.18-17.13.17:078][504]LogParticles: Warning: Spawning 23333 GPU particles in one frame[38505]: RainFall4_PS/Particle Emitter
[2017.09.18-17.13.17:400][505]LogParticles: Warning: Spawning 23334 GPU particles in one frame[38506]: RainFall4_PS/Particle Emitter
[2017.09.18-17.13.17:722][506]LogParticles: Warning: Spawning 23333 GPU particles in one frame[38507]: RainFall4_PS/Particle Emitter
[2017.09.18-17.13.18:056][507]LogParticles: Warning: Spawning 23333 GPU particles in one frame[38508]: RainFall4_PS/Particle Emitter
[2017.09.18-17.13.18:399][508]LogParticles: Warning: Spawning 23337 GPU particles in one frame[38509]: RainFall4_PS/Particle Emitter
[2017.09.18-17.13.18:738][509]LogParticles: Warning: Spawning 23334 GPU particles in one frame[38510]: RainFall4_PS/Particle Emitter
[2017.09.18-17.13.19:056][510]LogParticles: Warning: Spawning 23333 GPU particles in one frame[38511]: RainFall4_PS/Particle Emitter
[2017.09.18-17.13.19:388][511]LogParticles: Warning: Spawning 23333 GPU particles in one frame[38512]: RainFall4_PS/Particle Emitter
[2017.09.18-17.13.19:722][512]LogParticles: Warning: Spawning 23334 GPU particles in one frame[38513]: RainFall4_PS/Particle Emitter
[2017.09.18-17.13.20:058][513]LogParticles: Warning: Spawning 23333 GPU particles in one frame[38514]: RainFall4_PS/Particle Emitter
[2017.09.18-17.13.20:392][514]LogParticles: Warning: Spawning 23333 GPU particles in one frame[38515]: RainFall4_PS/Particle Emitter
[2017.09.18-17.13.20:724][515]LogParticles: Warning: Spawning 23334 GPU particles in one frame[38516]: RainFall4_PS/Particle Emitter
[2017.09.18-17.13.21:056][516]LogParticles: Warning: Spawning 23333 GPU particles in one frame[38517]: RainFall4_PS/Particle Emitter
[2017.09.18-17.13.21:389][517]LogParticles: Warning: Spawning 23333 GPU particles in one frame[38518]: RainFall4_PS/Particle Emitter
[2017.09.18-17.13.21:723][518]LogParticles: Warning: Spawning 23335 GPU particles in one frame[38519]: RainFall4_PS/Particle Emitter
[2017.09.18-17.13.22:056][519]LogParticles: Warning: Spawning 23333 GPU particles in one frame[38520]: RainFall4_PS/Particle Emitter
[2017.09.18-17.13.22:390][520]LogParticles: Warning: Spawning 23333 GPU particles in one frame[38521]: RainFall4_PS/Particle Emitter
[2017.09.18-17.13.22:739][521]LogParticles: Warning: Spawning 23334 GPU particles in one frame[38522]: RainFall4_PS/Particle Emitter
[2017.09.18-17.13.23:060][522]LogParticles: Warning: Spawning 23333 GPU particles in one frame[38523]: RainFall4_PS/Particle Emitter
[2017.09.18-17.13.23:408][523]LogParticles: Warning: Spawning 23352 GPU particles in one frame[38524]: RainFall4_PS/Particle Emitter
[2017.09.18-17.13.23:749][524]LogParticles: Warning: Spawning 23334 GPU particles in one frame[38525]: RainFall4_PS/Particle Emitter
[2017.09.18-17.13.24:080][525]LogParticles: Warning: Spawning 23337 GPU particles in one frame[38526]: RainFall4_PS/Particle Emitter
[2017.09.18-17.13.24:415][526]LogParticles: Warning: Spawning 23333 GPU particles in one frame[38527]: RainFall4_PS/Particle Emitter
[2017.09.18-17.13.24:746][527]LogParticles: Warning: Spawning 23333 GPU particles in one frame[38528]: RainFall4_PS/Particle Emitter
[2017.09.18-17.13.25:068][528]LogParticles: Warning: Spawning 23334 GPU particles in one frame[38529]: RainFall4_PS/Particle Emitter
[2017.09.18-17.13.25:414][529]LogParticles: Warning: Spawning 23333 GPU particles in one frame[38530]: RainFall4_PS/Particle Emitter
[2017.09.18-17.13.25:727][530]LogParticles: Warning: Spawning 23333 GPU particles in one frame[38531]: RainFall4_PS/Particle Emitter
[2017.09.18-17.13.26:079][531]LogParticles: Warning: Spawning 23334 GPU particles in one frame[38532]: RainFall4_PS/Particle Emitter
[2017.09.18-17.13.26:412][532]LogParticles: Warning: Spawning 23333 GPU particles in one frame[38533]: RainFall4_PS/Particle Emitter
[2017.09.18-17.13.26:746][533]LogParticles: Warning: Spawning 23334 GPU particles in one frame[38534]: RainFall4_PS/Particle Emitter
[2017.09.18-17.13.27:066][534]LogParticles: Warning: Spawning 23333 GPU particles in one frame[38535]: RainFall4_PS/Particle Emitter
[2017.09.18-17.13.27:403][535]LogParticles: Warning: Spawning 23333 GPU particles in one frame[38536]: RainFall4_PS/Particle Emitter
[2017.09.18-17.13.27:747][536]LogParticles: Warning: Spawning 23336 GPU particles in one frame[38537]: RainFall4_PS/Particle Emitter
[2017.09.18-17.13.28:079][537]LogParticles: Warning: Spawning 23334 GPU particles in one frame[38538]: RainFall4_PS/Particle Emitter
[2017.09.18-17.13.28:389][538]LogParticles: Warning: Spawning 23333 GPU particles in one frame[38539]: RainFall4_PS/Particle Emitter
[2017.09.18-17.13.28:724][539]LogParticles: Warning: Spawning 23333 GPU particles in one frame[38540]: RainFall4_PS/Particle Emitter
[2017.09.18-17.13.29:081][540]LogParticles: Warning: Spawning 23334 GPU particles in one frame[38541]: RainFall4_PS/Particle Emitter
[2017.09.18-17.13.29:412][541]LogParticles: Warning: Spawning 23333 GPU particles in one frame[38542]: RainFall4_PS/Particle Emitter
[2017.09.18-17.13.29:744][542]LogParticles: Warning: Spawning 23333 GPU particles in one frame[38543]: RainFall4_PS/Particle Emitter
[2017.09.18-17.13.30:079][543]LogParticles: Warning: Spawning 23334 GPU particles in one frame[38544]: RainFall4_PS/Particle Emitter
[2017.09.18-17.13.30:412][544]LogParticles: Warning: Spawning 23333 GPU particles in one frame[38545]: RainFall4_PS/Particle Emitter
[2017.09.18-17.13.30:747][545]LogParticles: Warning: Spawning 23334 GPU particles in one frame[38546]: RainFall4_PS/Particle Emitter
[2017.09.18-17.13.31:079][546]LogParticles: Warning: Spawning 23333 GPU particles in one frame[38547]: RainFall4_PS/Particle Emitter
[2017.09.18-17.13.31:394][547]LogParticles: Warning: Spawning 23336 GPU particles in one frame[38548]: RainFall4_PS/Particle Emitter
[2017.09.18-17.13.31:737][548]LogParticles: Warning: Spawning 23334 GPU particles in one frame[38549]: RainFall4_PS/Particle Emitter
[2017.09.18-17.13.32:078][549]LogParticles: Warning: Spawning 23333 GPU particles in one frame[38550]: RainFall4_PS/Particle Emitter
[2017.09.18-17.13.32:412][550]LogParticles: Warning: Spawning 23333 GPU particles in one frame[38551]: RainFall4_PS/Particle Emitter
[2017.09.18-17.13.32:749][551]LogParticles: Warning: Spawning 23335 GPU particles in one frame[38552]: RainFall4_PS/Particle Emitter
[2017.09.18-17.13.33:077][552]LogParticles: Warning: Spawning 23333 GPU particles in one frame[38553]: RainFall4_PS/Particle Emitter
[2017.09.18-17.13.33:415][553]LogParticles: Warning: Spawning 23333 GPU particles in one frame[38554]: RainFall4_PS/Particle Emitter
[2017.09.18-17.13.33:750][554]LogParticles: Warning: Spawning 23334 GPU particles in one frame[38555]: RainFall4_PS/Particle Emitter
[2017.09.18-17.13.34:079][555]LogParticles: Warning: Spawning 23333 GPU particles in one frame[38556]: RainFall4_PS/Particle Emitter
[2017.09.18-17.13.34:402][556]LogParticles: Warning: Spawning 23333 GPU particles in one frame[38557]: RainFall4_PS/Particle Emitter
[2017.09.18-17.13.34:747][557]LogParticles: Warning: Spawning 23334 GPU particles in one frame[38558]: RainFall4_PS/Particle Emitter
[2017.09.18-17.13.35:083][558]LogParticles: Warning: Spawning 23333 GPU particles in one frame[38559]: RainFall4_PS/Particle Emitter
[2017.09.18-17.13.35:152][562]LogEditorViewport: Clicking on Actor (LMB): PaperSpriteActor (Rain_Forrest_Tree_Backdrop_Sprite5)
[2017.09.18-17.13.37:313][794]LogEditorViewport: Clicking on Actor (LMB): Skybox_BP_Rain_C (Skybox_BP_Rain)
[2017.09.18-17.13.55:695][968]LogTemp: Repeating last play command: Selected Viewport
[2017.09.18-17.13.55:723][968]LogBlueprintUserMessages: Early PlayInEditor Detection: Level '/Game/2DSideScrollerBP/Maps/Levels/Rainforest_Alien.Rainforest_Alien:PersistentLevel' has LevelScriptBlueprint '/Game/2DSideScrollerBP/Maps/Levels/Rainforest_Alien.Rainforest_Alien:PersistentLevel.Rainforest_Alien' with GeneratedClass '/Game/2DSideScrollerBP/Maps/Levels/Rainforest_Alien.Rainforest_Alien_C' with ClassGeneratedBy '/Game/2DSideScrollerBP/Maps/Levels/Rainforest_Alien.Rainforest_Alien:PersistentLevel.Rainforest_Alien'
[2017.09.18-17.13.55:724][968]LogPlayLevel: PlayLevel: No blueprints needed recompiling
[2017.09.18-17.13.55:724][968]PIE: New page: PIE session: Rainforest_Alien (Sep 18, 2017, 5:13:55 AM)
[2017.09.18-17.13.55:724][968]LogPlayLevel: Creating play world package: /Game/2DSideScrollerBP/Maps/Levels/UEDPIE_0_Rainforest_Alien
[2017.09.18-17.13.55:757][968]LogPlayLevel: PIE: StaticDuplicateObject took: (0.032934s)
[2017.09.18-17.13.55:758][968]LogAIModule: Creating AISystem for world Rainforest_Alien
[2017.09.18-17.13.55:758][968]LogPlayLevel: PIE: World Init took: (0.000839s)
[2017.09.18-17.13.55:758][968]LogPlayLevel: PIE: Created PIE world by copying editor world from /Game/2DSideScrollerBP/Maps/Levels/Rainforest_Alien.Rainforest_Alien to /Game/2DSideScrollerBP/Maps/Levels/UEDPIE_0_Rainforest_Alien.Rainforest_Alien (0.034543s)
[2017.09.18-17.13.55:772][968]LogInit: XAudio2 using 'Speakers (High Definition Audio Device)' : 2 channels at 48 kHz using 16 bits per sample (channel mask 0x3)
[2017.09.18-17.13.55:778][968]LogInit: FAudioDevice initialized.
[2017.09.18-17.13.55:803][968]LogLoad: Game class is '2DSideScrollerGameMode_C'
[2017.09.18-17.13.55:820][968]LogWorld: Bringing World /Game/2DSideScrollerBP/Maps/Levels/UEDPIE_0_Rainforest_Alien.Rainforest_Alien up for play (max tick rate 0) at 2017.09.18-11.13.55
[2017.09.18-17.13.55:826][968]LogWorld: Bringing up level for play took: 0.022002
[2017.09.18-17.13.55:835][968]PIE: Play in editor start time for /Game/2DSideScrollerBP/Maps/Levels/UEDPIE_0_Rainforest_Alien -0.069
[2017.09.18-17.13.55:835][968]LogBlueprintUserMessages: Late PlayInEditor Detection: Level '/Game/2DSideScrollerBP/Maps/Levels/Rainforest_Alien.Rainforest_Alien:PersistentLevel' has LevelScriptBlueprint '/Game/2DSideScrollerBP/Maps/Levels/Rainforest_Alien.Rainforest_Alien:PersistentLevel.Rainforest_Alien' with GeneratedClass '/Game/2DSideScrollerBP/Maps/Levels/Rainforest_Alien.Rainforest_Alien_C' with ClassGeneratedBy '/Game/2DSideScrollerBP/Maps/Levels/Rainforest_Alien.Rainforest_Alien:PersistentLevel.Rainforest_Alien'
[2017.09.18-17.14.26:926][337]LogBlueprintUserMessages: Early EndPlayMap Detection: Level '/Game/2DSideScrollerBP/Maps/Levels/Rainforest_Alien.Rainforest_Alien:PersistentLevel' has LevelScriptBlueprint '/Game/2DSideScrollerBP/Maps/Levels/Rainforest_Alien.Rainforest_Alien:PersistentLevel.Rainforest_Alien' with GeneratedClass '/Game/2DSideScrollerBP/Maps/Levels/Rainforest_Alien.Rainforest_Alien_C' with ClassGeneratedBy '/Game/2DSideScrollerBP/Maps/Levels/Rainforest_Alien.Rainforest_Alien:PersistentLevel.Rainforest_Alien'
[2017.09.18-17.14.26:974][337]LogBlueprintUserMessages: Late EndPlayMap Detection: Level '/Game/2DSideScrollerBP/Maps/Levels/Rainforest_Alien.Rainforest_Alien:PersistentLevel' has LevelScriptBlueprint '/Game/2DSideScrollerBP/Maps/Levels/Rainforest_Alien.Rainforest_Alien:PersistentLevel.Rainforest_Alien' with GeneratedClass '/Game/2DSideScrollerBP/Maps/Levels/Rainforest_Alien.Rainforest_Alien_C' with ClassGeneratedBy '/Game/2DSideScrollerBP/Maps/Levels/Rainforest_Alien.Rainforest_Alien:PersistentLevel.Rainforest_Alien'
[2017.09.18-17.14.27:829][427]LogTemp: Repeating last play command: Selected Viewport
[2017.09.18-17.14.27:859][427]LogBlueprintUserMessages: Early PlayInEditor Detection: Level '/Game/2DSideScrollerBP/Maps/Levels/Rainforest_Alien.Rainforest_Alien:PersistentLevel' has LevelScriptBlueprint '/Game/2DSideScrollerBP/Maps/Levels/Rainforest_Alien.Rainforest_Alien:PersistentLevel.Rainforest_Alien' with GeneratedClass '/Game/2DSideScrollerBP/Maps/Levels/Rainforest_Alien.Rainforest_Alien_C' with ClassGeneratedBy '/Game/2DSideScrollerBP/Maps/Levels/Rainforest_Alien.Rainforest_Alien:PersistentLevel.Rainforest_Alien'
[2017.09.18-17.14.27:859][427]LogPlayLevel: PlayLevel: No blueprints needed recompiling
[2017.09.18-17.14.27:860][427]PIE: New page: PIE session: Rainforest_Alien (Sep 18, 2017, 5:14:27 AM)
[2017.09.18-17.14.27:860][427]LogPlayLevel: Creating play world package: /Game/2DSideScrollerBP/Maps/Levels/UEDPIE_0_Rainforest_Alien
[2017.09.18-17.14.27:892][427]LogPlayLevel: PIE: StaticDuplicateObject took: (0.032153s)
[2017.09.18-17.14.27:893][427]LogAIModule: Creating AISystem for world Rainforest_Alien
[2017.09.18-17.14.27:893][427]LogPlayLevel: PIE: World Init took: (0.000720s)
[2017.09.18-17.14.27:894][427]LogPlayLevel: PIE: Created PIE world by copying editor world from /Game/2DSideScrollerBP/Maps/Levels/Rainforest_Alien.Rainforest_Alien to /Game/2DSideScrollerBP/Maps/Levels/UEDPIE_0_Rainforest_Alien.Rainforest_Alien (0.033653s)
[2017.09.18-17.14.27:910][427]LogInit: XAudio2 using 'Speakers (High Definition Audio Device)' : 2 channels at 48 kHz using 16 bits per sample (channel mask 0x3)
[2017.09.18-17.14.27:917][427]LogInit: FAudioDevice initialized.
[2017.09.18-17.14.27:946][427]LogLoad: Game class is '2DSideScrollerGameMode_C'
[2017.09.18-17.14.27:962][427]LogWorld: Bringing World /Game/2DSideScrollerBP/Maps/Levels/UEDPIE_0_Rainforest_Alien.Rainforest_Alien up for play (max tick rate 0) at 2017.09.18-11.14.27
[2017.09.18-17.14.27:968][427]LogWorld: Bringing up level for play took: 0.021202
[2017.09.18-17.14.27:976][427]PIE: Play in editor start time for /Game/2DSideScrollerBP/Maps/Levels/UEDPIE_0_Rainforest_Alien 0.073
[2017.09.18-17.14.27:977][427]LogBlueprintUserMessages: Late PlayInEditor Detection: Level '/Game/2DSideScrollerBP/Maps/Levels/Rainforest_Alien.Rainforest_Alien:PersistentLevel' has LevelScriptBlueprint '/Game/2DSideScrollerBP/Maps/Levels/Rainforest_Alien.Rainforest_Alien:PersistentLevel.Rainforest_Alien' with GeneratedClass '/Game/2DSideScrollerBP/Maps/Levels/Rainforest_Alien.Rainforest_Alien_C' with ClassGeneratedBy '/Game/2DSideScrollerBP/Maps/Levels/Rainforest_Alien.Rainforest_Alien:PersistentLevel.Rainforest_Alien'
[2017.09.18-17.14.38:383][637]LogBlueprintUserMessages: Early EndPlayMap Detection: Level '/Game/2DSideScrollerBP/Maps/Levels/Rainforest_Alien.Rainforest_Alien:PersistentLevel' has LevelScriptBlueprint '/Game/2DSideScrollerBP/Maps/Levels/Rainforest_Alien.Rainforest_Alien:PersistentLevel.Rainforest_Alien' with GeneratedClass '/Game/2DSideScrollerBP/Maps/Levels/Rainforest_Alien.Rainforest_Alien_C' with ClassGeneratedBy '/Game/2DSideScrollerBP/Maps/Levels/Rainforest_Alien.Rainforest_Alien:PersistentLevel.Rainforest_Alien'
[2017.09.18-17.14.38:423][637]LogBlueprintUserMessages: Late EndPlayMap Detection: Level '/Game/2DSideScrollerBP/Maps/Levels/Rainforest_Alien.Rainforest_Alien:PersistentLevel' has LevelScriptBlueprint '/Game/2DSideScrollerBP/Maps/Levels/Rainforest_Alien.Rainforest_Alien:PersistentLevel.Rainforest_Alien' with GeneratedClass '/Game/2DSideScrollerBP/Maps/Levels/Rainforest_Alien.Rainforest_Alien_C' with ClassGeneratedBy '/Game/2DSideScrollerBP/Maps/Levels/Rainforest_Alien.Rainforest_Alien:PersistentLevel.Rainforest_Alien'
[2017.09.18-17.15.21:043][393]LogAIModule: Creating AISystem for world Desert
[2017.09.18-17.15.22:256][393]LogSavePackage: Save=15.89ms
[2017.09.18-17.15.22:256][393]LogSavePackage: Moving '../../../../../../Users/rajjj/OneDrive/Documents/GitHub/DatBoiEntertainmetnGame_/Saved/RainFall4_PSD76C464747A2D0CC90A559833FB72B0C.tmp' to '../../../../../../Users/rajjj/OneDrive/Documents/GitHub/DatBoiEntertainmetnGame_/Content/2DSideScrollerBP/Maps/Levels/LevelSprites/Sprites/Rain_Forrest_Sprites/RainFall/RainFall4_PS.uasset'
[2017.09.18-17.15.22:262][393]LogSavePackage: Display: Finished SavePackage ../../../../../../Users/rajjj/OneDrive/Documents/GitHub/DatBoiEntertainmetnGame_/Content/2DSideScrollerBP/Maps/Levels/LevelSprites/Sprites/Rain_Forrest_Sprites/RainFall/RainFall4_PS.uasset
[2017.09.18-17.15.22:815][393]LogSlate: Took 0.000115 seconds to synchronously load lazily loaded font '../../../Engine/Content/Slate/Fonts/Roboto-Regular.ttf' (155K)
[2017.09.18-17.15.23:582][393]LogSavePackage: Save=1180.00ms
[2017.09.18-17.15.23:582][393]LogSavePackage: Moving '../../../../../../Users/rajjj/OneDrive/Documents/GitHub/DatBoiEntertainmetnGame_/Saved/Rainforest_Alien03B515E0483EB7EAF847A7B4F393771C.tmp' to '../../../../../../Users/rajjj/OneDrive/Documents/GitHub/DatBoiEntertainmetnGame_/Content/2DSideScrollerBP/Maps/Levels/Rainforest_Alien.umap'
[2017.09.18-17.15.23:586][393]LogSavePackage: Display: Finished SavePackage ../../../../../../Users/rajjj/OneDrive/Documents/GitHub/DatBoiEntertainmetnGame_/Content/2DSideScrollerBP/Maps/Levels/Rainforest_Alien.umap
[2017.09.18-17.15.23:642][393]LogFileHelpers: Saving map 'Rainforest_Alien' took 1.379
[2017.09.18-17.15.23:643][393]Cmd: MAP LOAD FILE="../../../../../../Users/rajjj/OneDrive/Documents/GitHub/DatBoiEntertainmetnGame_/Content/2DSideScrollerBP/Maps/Levels/Desert.umap" TEMPLATE=0 SHOWPROGRESS=1 FEATURELEVEL=3
[2017.09.18-17.15.23:643][393]LightingResults: New page: Lighting Build
[2017.09.18-17.15.23:644][393]LoadErrors: New page: Loading map: Desert.umap
[2017.09.18-17.15.23:648][393]MapCheck: New page: Map Check
[2017.09.18-17.15.23:649][393]LightingResults: New page: Lighting Build
[2017.09.18-17.15.23:667][393]LogEditorServer: Finished looking for orphan Actors (0.000 secs)
[2017.09.18-17.15.23:725][393]Cmd: MAP CHECKDEP NOCLEARLOG
[2017.09.18-17.15.23:786][393]MapCheck: Map check complete: 0 Error(s), 0 Warning(s), took 60.485ms to complete.
[2017.09.18-17.15.23:786][393]LogFileHelpers: Loading map 'Desert' took 0.144
[2017.09.18-17.41.41:111][613]LogCascade: Quitting Cascade. FXSystem=0x0000015F1AAB2D40
[2017.09.18-17.41.41:235][613]LogWindowsTextInputMethodSystem: Display: IME system now deactivated.
[2017.09.18-17.41.41:376][614]Cmd: QUIT_EDITOR
[2017.09.18-17.41.41:929][614]LogExit: Preparing to exit.
[2017.09.18-17.41.42:615][614]LogDirectoryWatcher: A directory notification for 'C:/Users/rajjj/OneDrive/Documents/GitHub/DatBoiEntertainmetnGame_/Content/' was aborted.
[2017.09.18-17.41.42:681][614]LogExit: Editor shut down
[2017.09.18-17.41.42:705][614]LogExit: Transaction tracking system shut down
[2017.09.18-17.41.42:977][614]LogDirectoryWatcher: A directory notification for '../../../Engine/Content/' was aborted.
[2017.09.18-17.41.42:977][614]LogDirectoryWatcher: A directory notification for '../../../../../../Users/rajjj/OneDrive/Documents/GitHub/DatBoiEntertainmetnGame_/Content/' was aborted.
[2017.09.18-17.41.42:977][614]LogDirectoryWatcher: A directory notification for '../../../Engine/Plugins/2D/Paper2D/Content/' was aborted.
[2017.09.18-17.41.42:977][614]LogDirectoryWatcher: A directory notification for '../../../Engine/Plugins/Runtime/Oculus/OculusVR/Content/' was aborted.
[2017.09.18-17.41.42:977][614]LogDirectoryWatcher: A directory notification for '../../../Engine/Plugins/Runtime/Steam/SteamVR/Content/' was aborted.
[2017.09.18-17.41.43:136][614]LogExit: Object subsystem successfully closed.
[2017.09.18-17.41.43:177][614]LogD3D11RHI: Shutdown
[2017.09.18-17.41.43:177][614]LogD3D11RHI: CleanupD3DDevice
[2017.09.18-17.41.43:268][614]LogD3D11RHI: ~FD3D11DynamicRHI
[2017.09.18-17.41.43:301][614]LogModuleManager: Shutting down and abandoning module DistCurveEditor (536)
[2017.09.18-17.41.43:301][614]LogModuleManager: Shutting down and abandoning module Cascade (534)
[2017.09.18-17.41.43:301][614]LogModuleManager: Shutting down and abandoning module MovieSceneCapture (532)
[2017.09.18-17.41.43:301][614]LogModuleManager: Shutting down and abandoning module HierarchicalLODOutliner (530)
[2017.09.18-17.41.43:301][614]LogModuleManager: Shutting down and abandoning module SceneOutliner (528)
[2017.09.18-17.41.43:301][614]LogModuleManager: Shutting down and abandoning module AddContentDialog (526)
[2017.09.18-17.41.43:301][614]LogDirectoryWatcher: A directory notification for 'C:/Program Files/Epic Games/UE_4.17/FeaturePacks/' was aborted.
[2017.09.18-17.41.43:302][614]LogModuleManager: Shutting down and abandoning module WidgetCarousel (525)
[2017.09.18-17.41.43:302][614]LogModuleManager: Shutting down and abandoning module EditorWidgets (522)
[2017.09.18-17.41.43:302][614]LogModuleManager: Shutting down and abandoning module CollectionManager (520)
[2017.09.18-17.41.43:303][614]LogDirectoryWatcher: A directory notification for 'C:/Users/rajjj/OneDrive/Documents/GitHub/DatBoiEntertainmetnGame_/Content/Collections/' was aborted.
[2017.09.18-17.41.43:303][614]LogDirectoryWatcher: A directory notification for 'C:/Users/rajjj/OneDrive/Documents/GitHub/DatBoiEntertainmetnGame_/Content/Developers/rajjj/Collections/' was aborted.
[2017.09.18-17.41.43:303][614]LogDirectoryWatcher: A directory notification for 'C:/Users/rajjj/OneDrive/Documents/GitHub/DatBoiEntertainmetnGame_/Saved/Collections/' was aborted.
[2017.09.18-17.41.43:303][614]LogModuleManager: Shutting down and abandoning module StatsViewer (518)
[2017.09.18-17.41.43:303][614]LogModuleManager: Shutting down and abandoning module FoliageEdit (516)
[2017.09.18-17.41.43:303][614]LogModuleManager: Shutting down and abandoning module LandscapeEditor (514)
[2017.09.18-17.41.43:304][614]LogModuleManager: Shutting down and abandoning module MeshPaintMode (512)
[2017.09.18-17.41.43:304][614]LogModuleManager: Shutting down and abandoning module SceneDepthPickerMode (510)
[2017.09.18-17.41.43:304][614]LogModuleManager: Shutting down and abandoning module ActorPickerMode (508)
[2017.09.18-17.41.43:304][614]LogModuleManager: Shutting down and abandoning module GeometryMode (506)
[2017.09.18-17.41.43:304][614]LogModuleManager: Shutting down and abandoning module TextureAlignMode (504)
[2017.09.18-17.41.43:304][614]LogModuleManager: Shutting down and abandoning module BspMode (502)
[2017.09.18-17.41.43:304][614]LogModuleManager: Shutting down and abandoning module PIEPreviewDeviceProfileSelector (500)
[2017.09.18-17.41.43:304][614]LogModuleManager: Shutting down and abandoning module HardwareSurvey (498)
[2017.09.18-17.41.43:304][614]LogModuleManager: Shutting down and abandoning module SequenceRecorderSections (496)
[2017.09.18-17.41.43:304][614]LogModuleManager: Shutting down and abandoning module AutomationWorker (494)
[2017.09.18-17.41.43:304][614]LogModuleManager: Shutting down and abandoning module MatineeToLevelSequence (492)
[2017.09.18-17.41.43:304][614]LogModuleManager: Shutting down and abandoning module LevelSequenceEditor (490)
[2017.09.18-17.41.43:306][614]LogModuleManager: Shutting down and abandoning module PlacementMode (489)
[2017.09.18-17.41.43:306][614]LogModuleManager: Shutting down and abandoning module WmfMediaFactory (486)
[2017.09.18-17.41.43:306][614]LogModuleManager: Shutting down and abandoning module WmfMediaEditor (484)
[2017.09.18-17.41.43:306][614]LogModuleManager: Shutting down and abandoning module AvfMediaFactory (482)
[2017.09.18-17.41.43:306][614]LogModuleManager: Shutting down and abandoning module AvfMediaEditor (480)
[2017.09.18-17.41.43:306][614]LogModuleManager: Shutting down and abandoning module AndroidMediaFactory (478)
[2017.09.18-17.41.43:306][614]LogModuleManager: Shutting down and abandoning module Media (477)
[2017.09.18-17.41.43:306][614]LogModuleManager: Shutting down and abandoning module AndroidMediaEditor (474)
[2017.09.18-17.41.43:306][614]LogModuleManager: Shutting down and abandoning module CharacterAI (472)
[2017.09.18-17.41.43:306][614]LogModuleManager: Shutting down and abandoning module AudioCapture (470)
[2017.09.18-17.41.43:306][614]LogModuleManager: Shutting down and abandoning module SequenceRecorder (469)
[2017.09.18-17.41.43:306][614]LogModuleManager: Shutting down and abandoning module SmartSnapping (466)
[2017.09.18-17.41.43:306][614]LogModuleManager: Shutting down and abandoning module SessionServices (464)
[2017.09.18-17.41.43:306][614]LogModuleManager: Shutting down and abandoning module ViewportSnapping (462)
[2017.09.18-17.41.43:306][614]LogModuleManager: Shutting down and abandoning module ViewportInteraction (460)
[2017.09.18-17.41.43:306][614]LogModuleManager: Shutting down and abandoning module ClothPainter (458)
[2017.09.18-17.41.43:307][614]LogModuleManager: Shutting down and abandoning module LogVisualizer (456)
[2017.09.18-17.41.43:308][614]LogModuleManager: Shutting down and abandoning module IntroTutorials (454)
[2017.09.18-17.41.43:308][614]LogModuleManager: Shutting down and abandoning module GameProjectGeneration (453)
[2017.09.18-17.41.43:309][614]LogModuleManager: Shutting down and abandoning module IOSPlatformEditor (450)
[2017.09.18-17.41.43:309][614]LogModuleManager: Shutting down and abandoning module HTML5PlatformEditor (448)
[2017.09.18-17.41.43:309][614]LogModuleManager: Shutting down and abandoning module AndroidPlatformEditor (446)
[2017.09.18-17.41.43:309][614]LogModuleManager: Shutting down and abandoning module AndroidDeviceDetection (445)
[2017.09.18-17.41.43:466][614]LogModuleManager: Shutting down and abandoning module WindowsPlatformEditor (442)
[2017.09.18-17.41.43:466][614]LogModuleManager: Shutting down and abandoning module IOSRuntimeSettings (440)
[2017.09.18-17.41.43:466][614]LogModuleManager: Shutting down and abandoning module AndroidRuntimeSettings (438)
[2017.09.18-17.41.43:466][614]LogModuleManager: Shutting down and abandoning module InputBindingEditor (436)
[2017.09.18-17.41.43:467][614]LogModuleManager: Shutting down and abandoning module MergeActors (434)
[2017.09.18-17.41.43:467][614]LogModuleManager: Shutting down and abandoning module SizeMap (432)
[2017.09.18-17.41.43:467][614]LogModuleManager: Shutting down and abandoning module TreeMap (430)
[2017.09.18-17.41.43:468][614]LogModuleManager: Shutting down and abandoning module ReferenceViewer (428)
[2017.09.18-17.41.43:469][614]LogModuleManager: Shutting down and abandoning module LocalizationDashboard (426)
[2017.09.18-17.41.43:469][614]LogModuleManager: Shutting down and abandoning module LocalizationService (425)
[2017.09.18-17.41.43:470][614]LogModuleManager: Shutting down and abandoning module HardwareTargeting (422)
[2017.09.18-17.41.43:470][614]LogModuleManager: Shutting down and abandoning module DeviceProfileEditor (420)
[2017.09.18-17.41.43:470][614]LogModuleManager: Shutting down and abandoning module UndoHistory (418)
[2017.09.18-17.41.43:471][614]LogModuleManager: Shutting down and abandoning module XmlParser (416)
[2017.09.18-17.41.43:471][614]LogModuleManager: Shutting down and abandoning module Blutility (414)
[2017.09.18-17.41.43:471][614]LogModuleManager: Shutting down and abandoning module ProjectSettingsViewer (412)
[2017.09.18-17.41.43:471][614]LogModuleManager: Shutting down and abandoning module ProjectTargetPlatformEditor (411)
[2017.09.18-17.41.43:471][614]LogModuleManager: Shutting down and abandoning module EditorSettingsViewer (408)
[2017.09.18-17.41.43:472][614]LogModuleManager: Shutting down and abandoning module SettingsEditor (406)
[2017.09.18-17.41.43:472][614]LogModuleManager: Shutting down and abandoning module ProjectLauncher (404)
[2017.09.18-17.41.43:473][614]LogModuleManager: Shutting down and abandoning module SessionFrontend (402)
[2017.09.18-17.41.43:473][614]LogModuleManager: Shutting down and abandoning module ProfilerClient (400)
[2017.09.18-17.41.43:474][614]LogModuleManager: Shutting down and abandoning module DeviceManager (398)
[2017.09.18-17.41.43:475][614]LogModuleManager: Shutting down and abandoning module TargetDeviceServices (397)
[2017.09.18-17.41.43:530][614]LogModuleManager: Shutting down and abandoning module AutomationController (394)
[2017.09.18-17.41.43:531][614]LogModuleManager: Shutting down and abandoning module AutomationWindow (392)
[2017.09.18-17.41.43:532][614]LogModuleManager: Shutting down and abandoning module Layers (390)
[2017.09.18-17.41.43:534][614]LogModuleManager: Shutting down and abandoning module ComponentVisualizers (388)
[2017.09.18-17.41.43:534][614]LogModuleManager: Shutting down and abandoning module DetailCustomizations (386)
[2017.09.18-17.41.43:534][614]LogModuleManager: Shutting down and abandoning module PackagesDialog (384)
[2017.09.18-17.41.43:536][614]LogModuleManager: Shutting down and abandoning module Persona (382)
[2017.09.18-17.41.43:537][614]LogModuleManager: Shutting down and abandoning module AdvancedPreviewScene (381)
[2017.09.18-17.41.43:537][614]LogModuleManager: Shutting down and abandoning module AnimGraph (379)
[2017.09.18-17.41.43:538][614]LogModuleManager: Shutting down and abandoning module Kismet (376)
[2017.09.18-17.41.43:541][614]LogModuleManager: Shutting down and abandoning module ClassViewer (374)
[2017.09.18-17.41.43:541][614]LogModuleManager: Shutting down and abandoning module Toolbox (372)
[2017.09.18-17.41.43:541][614]LogModuleManager: Shutting down and abandoning module ModuleUI (370)
[2017.09.18-17.41.43:541][614]LogModuleManager: Shutting down and abandoning module MovieSceneTools (368)
[2017.09.18-17.41.43:542][614]LogModuleManager: Shutting down and abandoning module OutputLog (366)
[2017.09.18-17.41.43:542][614]LogModuleManager: Shutting down and abandoning module GammaUI (364)
[2017.09.18-17.41.43:543][614]LogModuleManager: Shutting down and abandoning module Documentation (362)
[2017.09.18-17.41.43:543][614]LogModuleManager: Shutting down and abandoning module MovieSceneTracks (360)
[2017.09.18-17.41.43:543][614]LogModuleManager: Shutting down and abandoning module MovieScene (358)
[2017.09.18-17.41.43:543][614]LogModuleManager: Shutting down and abandoning module Niagara (356)
[2017.09.18-17.41.43:543][614]LogModuleManager: Shutting down and abandoning module NiagaraEditor (355)
[2017.09.18-17.41.43:544][614]LogModuleManager: Shutting down and abandoning module StreamingPauseRendering (352)
[2017.09.18-17.41.43:544][614]LogModuleManager: Shutting down and abandoning module LauncherPlatform (350)
[2017.09.18-17.41.43:544][614]LogModuleManager: Shutting down and abandoning module AnalyticsET (348)
[2017.09.18-17.41.43:544][614]LogModuleManager: Shutting down and abandoning module PortalServices (346)
[2017.09.18-17.41.43:544][614]LogModuleManager: Shutting down and abandoning module PortalRpc (344)
[2017.09.18-17.41.43:545][614]LogModuleManager: Shutting down and abandoning module MessagingRpc (342)
[2017.09.18-17.41.43:545][614]LogModuleManager: Shutting down and abandoning module AIModule (340)
[2017.09.18-17.41.43:545][614]LogModuleManager: Shutting down and abandoning module GameplayDebugger (339)
[2017.09.18-17.41.43:545][614]LogModuleManager: Shutting down and abandoning module AITestSuite (337)
[2017.09.18-17.41.43:545][614]LogModuleManager: Shutting down and abandoning module ProfilerService (334)
[2017.09.18-17.41.43:708][614]LogModuleManager: Shutting down and abandoning module TaskGraph (332)
[2017.09.18-17.41.43:709][614]LogModuleManager: Shutting down and abandoning module SteamVRController (330)
[2017.09.18-17.41.43:709][614]LogModuleManager: Shutting down and abandoning module ProceduralMeshComponentEditor (328)
[2017.09.18-17.41.43:709][614]LogModuleManager: Shutting down and abandoning module ProceduralMeshComponent (326)
[2017.09.18-17.41.43:709][614]LogModuleManager: Shutting down and abandoning module OculusInput (324)
[2017.09.18-17.41.43:709][614]LogModuleManager: Shutting down and abandoning module MobilePatchingUtils (322)
[2017.09.18-17.41.43:709][614]LogModuleManager: Shutting down and abandoning module CustomMeshComponent (320)
[2017.09.18-17.41.43:709][614]LogModuleManager: Shutting down and abandoning module CableComponent (318)
[2017.09.18-17.41.43:709][614]LogModuleManager: Shutting down and abandoning module ArchVisCharacter (316)
[2017.09.18-17.41.43:709][614]LogModuleManager: Shutting down and abandoning module AndroidPermission (314)
[2017.09.18-17.41.43:709][614]LogModuleManager: Shutting down and abandoning module MediaPlayerEditor (310)
[2017.09.18-17.41.43:711][614]LogModuleManager: Shutting down and abandoning module HTML5Networking (308)
[2017.09.18-17.41.43:711][614]LogModuleManager: Shutting down and abandoning module AlembicImporter (306)
[2017.09.18-17.41.43:711][614]LogModuleManager: Shutting down and abandoning module AlembicLibrary (305)
[2017.09.18-17.41.43:711][614]LogModuleManager: Shutting down and abandoning module GeometryCache (304)
[2017.09.18-17.41.43:711][614]LogModuleManager: Shutting down and abandoning module GeometryCacheEd (303)
[2017.09.18-17.41.43:711][614]LogModuleManager: Shutting down and abandoning module SpeedTreeImporter (298)
[2017.09.18-17.41.43:711][614]LogModuleManager: Shutting down and abandoning module PluginBrowser (296)
[2017.09.18-17.41.43:713][614]LogModuleManager: Shutting down and abandoning module MobileLauncherProfileWizard (294)
[2017.09.18-17.41.43:714][614]LogModuleManager: Shutting down and abandoning module VisualStudioSourceCodeAccess (292)
[2017.09.18-17.41.43:714][614]LogModuleManager: Shutting down and abandoning module DesktopPlatform (291)
[2017.09.18-17.41.43:714][614]LogModuleManager: Shutting down and abandoning module UObjectPlugin (288)
[2017.09.18-17.41.43:714][614]LogModuleManager: Shutting down and abandoning module SubversionSourceControl (286)
[2017.09.18-17.41.43:715][614]LogModuleManager: Shutting down and abandoning module PerforceSourceControl (284)
[2017.09.18-17.41.43:715][614]LogModuleManager: Shutting down and abandoning module GitSourceControl (282)
[2017.09.18-17.41.43:716][614]LogModuleManager: Shutting down and abandoning module SourceControl (281)
[2017.09.18-17.41.43:716][614]LogModuleManager: Shutting down and abandoning module LightPropagationVolumeEditor (278)
[2017.09.18-17.41.43:716][614]LogModuleManager: Shutting down and abandoning module PaperTiledImporter (276)
[2017.09.18-17.41.43:716][614]LogModuleManager: Shutting down and abandoning module PaperSpriteSheetImporter (274)
[2017.09.18-17.41.43:716][614]LogModuleManager: Shutting down and abandoning module Paper2DEditor (272)
[2017.09.18-17.41.43:716][614]LogModuleManager: Shutting down and abandoning module MeshPaint (271)
[2017.09.18-17.41.43:717][614]LogModuleManager: Shutting down and abandoning module LevelEditor (269)
[2017.09.18-17.41.43:718][614]LogModuleManager: Shutting down and abandoning module PixelInspectorModule (268)
[2017.09.18-17.41.43:718][614]LogModuleManager: Shutting down and abandoning module MainFrame (266)
[2017.09.18-17.41.43:718][614]LogModuleManager: Shutting down and abandoning module HotReload (265)
[2017.09.18-17.41.43:719][614]LogModuleManager: Shutting down and abandoning module RuntimePhysXCooking (260)
[2017.09.18-17.41.43:719][614]LogModuleManager: Shutting down and abandoning module PhysXVehiclesEditor (258)
[2017.09.18-17.41.43:719][614]LogModuleManager: Shutting down and abandoning module PhysXVehicles (256)
[2017.09.18-17.41.43:719][614]LogModuleManager: Shutting down and abandoning module OculusEditor (254)
[2017.09.18-17.41.43:719][614]LogModuleManager: Shutting down and abandoning module LocationServicesBPLibrary (252)
[2017.09.18-17.41.43:719][614]LogModuleManager: Shutting down and abandoning module ImmediatePhysicsEditor (250)
[2017.09.18-17.41.43:719][614]LogModuleManager: Shutting down and abandoning module ImmediatePhysics (248)
[2017.09.18-17.41.43:720][614]LogModuleManager: Shutting down and abandoning module UdpMessaging (246)
[2017.09.18-17.41.43:820][614]LogModuleManager: Shutting down and abandoning module TcpMessaging (244)
[2017.09.18-17.41.43:921][614]LogModuleManager: Shutting down and abandoning module GameplayTagsEditor (242)
[2017.09.18-17.41.43:921][614]LogModuleManager: Shutting down and abandoning module FacialAnimationEditor (240)
[2017.09.18-17.41.43:921][614]LogModuleManager: Shutting down and abandoning module FacialAnimation (238)
[2017.09.18-17.41.43:921][614]LogModuleManager: Shutting down and abandoning module AssetManagerEditor (236)
[2017.09.18-17.41.43:923][614]LogModuleManager: Shutting down and abandoning module GraphEditor (235)
[2017.09.18-17.41.43:924][614]LogModuleManager: Shutting down and abandoning module ContentBrowser (233)
[2017.09.18-17.41.43:925][614]LogModuleManager: Shutting down and abandoning module LightPropagationVolumeRuntime (230)
[2017.09.18-17.41.43:925][614]LogModuleManager: Shutting down and abandoning module Paper2D (228)
[2017.09.18-17.41.43:925][614]LogModuleManager: Shutting down and abandoning module WindowsMoviePlayer (226)
[2017.09.18-17.41.43:925][614]LogModuleManager: Shutting down and abandoning module WmfMedia (224)
[2017.09.18-17.41.43:925][614]LogModuleManager: Shutting down and abandoning module PacketHandler (222)
[2017.09.18-17.41.43:925][614]LogModuleManager: Shutting down and abandoning module ClothingSystemEditor (220)
[2017.09.18-17.41.43:925][614]LogModuleManager: Shutting down and abandoning module ClothingSystemRuntime (218)
[2017.09.18-17.41.43:926][614]LogModuleManager: Shutting down and abandoning module Overlay (216)
[2017.09.18-17.41.43:926][614]LogModuleManager: Shutting down and abandoning module OverlayEditor (215)
[2017.09.18-17.41.43:926][614]LogModuleManager: Shutting down and abandoning module MediaAssets (212)
[2017.09.18-17.41.43:926][614]LogModuleManager: Shutting down and abandoning module VREditor (210)
[2017.09.18-17.41.43:927][614]LogModuleManager: Shutting down and abandoning module StringTableEditor (208)
[2017.09.18-17.41.43:927][614]LogModuleManager: Shutting down and abandoning module GameplayTasksEditor (206)
[2017.09.18-17.41.43:927][614]LogModuleManager: Shutting down and abandoning module BehaviorTreeEditor (204)
[2017.09.18-17.41.43:928][614]LogModuleManager: Shutting down and abandoning module FunctionalTesting (202)
[2017.09.18-17.41.43:928][614]LogModuleManager: Shutting down and abandoning module CollisionAnalyzer (200)
[2017.09.18-17.41.43:929][614]LogModuleManager: Shutting down and abandoning module WorkspaceMenuStructure (199)
[2017.09.18-17.41.43:929][614]LogModuleManager: Shutting down and abandoning module UMG (196)
[2017.09.18-17.41.43:929][614]LogModuleManager: Shutting down and abandoning module UMGEditor (195)
[2017.09.18-17.41.43:930][614]LogModuleManager: Shutting down and abandoning module Sequencer (194)
[2017.09.18-17.41.43:930][614]LogModuleManager: Shutting down and abandoning module MessageLog (191)
[2017.09.18-17.41.43:930][614]LogModuleManager: Shutting down and abandoning module SlateReflector (186)
[2017.09.18-17.41.43:932][614]LogModuleManager: Shutting down and abandoning module Slate (184)
[2017.09.18-17.41.43:932][614]LogModuleManager: Shutting down and abandoning module EditorStyle (182)
[2017.09.18-17.41.43:934][614]LogModuleManager: Shutting down and abandoning module MRMesh (180)
[2017.09.18-17.41.43:934][614]LogModuleManager: Shutting down and abandoning module SourceCodeAccess (178)
[2017.09.18-17.41.43:934][614]LogModuleManager: Shutting down and abandoning module HeadMountedDisplay (176)
[2017.09.18-17.41.43:934][614]LogModuleManager: Shutting down and abandoning module XAudio2 (174)
[2017.09.18-17.41.43:934][614]LogModuleManager: Shutting down and abandoning module Networking (172)
[2017.09.18-17.41.43:934][614]LogModuleManager: Shutting down and abandoning module Core (168)
[2017.09.18-17.41.43:934][614]LogModuleManager: Shutting down and abandoning module KismetCompiler (164)
[2017.09.18-17.41.43:934][614]LogModuleManager: Shutting down and abandoning module LevelSequence (162)
[2017.09.18-17.41.43:934][614]LogModuleManager: Shutting down and abandoning module MeshUtilities (160)
[2017.09.18-17.41.43:935][614]LogModuleManager: Shutting down and abandoning module MeshMergeUtilities (159)
[2017.09.18-17.41.43:935][614]LogModuleManager: Shutting down and abandoning module MeshReductionInterface (158)
[2017.09.18-17.41.43:935][614]LogModuleManager: Shutting down and abandoning module SimplygonSwarm (157)
[2017.09.18-17.41.43:936][614]LogModuleManager: Shutting down and abandoning module SimplygonMeshReduction (155)
[2017.09.18-17.41.43:936][614]LogModuleManager: Shutting down and abandoning module QuadricMeshReduction (153)
[2017.09.18-17.41.43:936][614]LogModuleManager: Shutting down and abandoning module MaterialBaking (149)
[2017.09.18-17.41.43:936][614]LogModuleManager: Shutting down and abandoning module DirectoryWatcher (146)
[2017.09.18-17.41.43:939][614]LogModuleManager: Shutting down and abandoning module DerivedDataCache (144)
[2017.09.18-17.41.43:981][614]LogDerivedDataCache: Shutdown
[2017.09.18-17.41.43:981][614]LogModuleManager: Shutting down and abandoning module TargetPlatform (142)
[2017.09.18-17.41.43:982][614]LogModuleManager: Shutting down and abandoning module VulkanShaderFormat (141)
[2017.09.18-17.41.43:982][614]LogModuleManager: Shutting down and abandoning module ShaderFormatVectorVM (139)
[2017.09.18-17.41.43:982][614]LogModuleManager: Shutting down and abandoning module ShaderFormatOpenGL (137)
[2017.09.18-17.41.43:983][614]LogModuleManager: Shutting down and abandoning module ShaderFormatD3D (135)
[2017.09.18-17.41.43:983][614]LogModuleManager: Shutting down and abandoning module MetalShaderFormat (133)
[2017.09.18-17.41.43:983][614]LogModuleManager: Shutting down and abandoning module TextureFormatUncompressed (131)
[2017.09.18-17.41.43:983][614]LogModuleManager: Shutting down and abandoning module TextureFormatPVR (129)
[2017.09.18-17.41.43:983][614]LogModuleManager: Shutting down and abandoning module TextureFormatDXT (127)
[2017.09.18-17.41.43:983][614]LogModuleManager: Shutting down and abandoning module TextureFormatIntelISPCTexComp (125)
[2017.09.18-17.41.43:984][614]LogModuleManager: Shutting down and abandoning module TextureFormatASTC (123)
[2017.09.18-17.41.43:984][614]LogModuleManager: Shutting down and abandoning module ImageWrapper (122)
[2017.09.18-17.41.43:984][614]LogModuleManager: Shutting down and abandoning module TextureFormatAndroid (119)
[2017.09.18-17.41.43:984][614]LogModuleManager: Shutting down and abandoning module AudioFormatOpus (117)
[2017.09.18-17.41.43:984][614]LogModuleManager: Shutting down and abandoning module AudioFormatOgg (115)
[2017.09.18-17.41.43:984][614]LogModuleManager: Shutting down and abandoning module AudioFormatADPCM (113)
[2017.09.18-17.41.43:984][614]LogModuleManager: Shutting down and abandoning module LinuxTargetPlatform (111)
[2017.09.18-17.41.43:984][614]LogModuleManager: Shutting down and abandoning module LinuxServerTargetPlatform (109)
[2017.09.18-17.41.43:984][614]LogModuleManager: Shutting down and abandoning module LinuxNoEditorTargetPlatform (107)
[2017.09.18-17.41.43:984][614]LogModuleManager: Shutting down and abandoning module LinuxClientTargetPlatform (105)
[2017.09.18-17.41.43:984][614]LogModuleManager: Shutting down and abandoning module TVOSTargetPlatform (103)
[2017.09.18-17.41.43:984][614]LogModuleManager: Shutting down and abandoning module Messaging (101)
[2017.09.18-17.41.43:984][614]LogModuleManager: Shutting down and abandoning module IOSTargetPlatform (99)
[2017.09.18-17.41.43:984][614]LogModuleManager: Shutting down and abandoning module HTML5TargetPlatform (97)
[2017.09.18-17.41.43:984][614]LogModuleManager: Shutting down and abandoning module Android_PVRTCTargetPlatform (95)
[2017.09.18-17.41.43:984][614]LogModuleManager: Shutting down and abandoning module Android_MultiTargetPlatform (93)
[2017.09.18-17.41.43:984][614]LogModuleManager: Shutting down and abandoning module Android_ETC2TargetPlatform (91)
[2017.09.18-17.41.43:984][614]LogModuleManager: Shutting down and abandoning module Android_ETC1TargetPlatform (89)
[2017.09.18-17.41.43:984][614]LogModuleManager: Shutting down and abandoning module Android_DXTTargetPlatform (87)
[2017.09.18-17.41.43:984][614]LogModuleManager: Shutting down and abandoning module Android_ATCTargetPlatform (85)
[2017.09.18-17.41.43:984][614]LogModuleManager: Shutting down and abandoning module Android_ASTCTargetPlatform (83)
[2017.09.18-17.41.43:984][614]LogModuleManager: Shutting down and abandoning module AndroidTargetPlatform (81)
[2017.09.18-17.41.43:984][614]LogModuleManager: Shutting down and abandoning module WindowsTargetPlatform (79)
[2017.09.18-17.41.43:984][614]LogModuleManager: Shutting down and abandoning module WindowsServerTargetPlatform (77)
[2017.09.18-17.41.43:984][614]LogModuleManager: Shutting down and abandoning module WindowsNoEditorTargetPlatform (75)
[2017.09.18-17.41.43:984][614]LogModuleManager: Shutting down and abandoning module WindowsClientTargetPlatform (73)
[2017.09.18-17.41.43:984][614]LogModuleManager: Shutting down and abandoning module MacTargetPlatform (71)
[2017.09.18-17.41.43:984][614]LogModuleManager: Shutting down and abandoning module MacServerTargetPlatform (69)
[2017.09.18-17.41.43:984][614]LogModuleManager: Shutting down and abandoning module MacNoEditorTargetPlatform (67)
[2017.09.18-17.41.43:984][614]LogModuleManager: Shutting down and abandoning module MacClientTargetPlatform (65)
[2017.09.18-17.41.43:984][614]LogModuleManager: Shutting down and abandoning module AllDesktopTargetPlatform (63)
[2017.09.18-17.41.43:984][614]LogModuleManager: Shutting down and abandoning module InputCore (60)
[2017.09.18-17.41.43:984][614]LogModuleManager: Shutting down and abandoning module Settings (58)
[2017.09.18-17.41.43:984][614]LogModuleManager: Shutting down and abandoning module PhysXCooking (56)
[2017.09.18-17.41.43:985][614]LogModuleManager: Shutting down and abandoning module SteamVR (54)
[2017.09.18-17.41.43:985][614]LogModuleManager: Shutting down and abandoning module OculusHMD (52)
[2017.09.18-17.41.43:985][614]LogModuleManager: Shutting down and abandoning module ExampleDeviceProfileSelector (50)
[2017.09.18-17.41.43:985][614]LogModuleManager: Shutting down and abandoning module OnlineBlueprintSupport (48)
[2017.09.18-17.41.43:985][614]LogModuleManager: Shutting down and abandoning module OnlineSubsystem (44)
[2017.09.18-17.41.43:985][614]LogOnline: Display: Unloading online subsystem: NULL
[2017.09.18-17.41.43:985][614]LogModuleManager: Shutting down and abandoning module XMPP (43)
[2017.09.18-17.41.43:986][614]LogModuleManager: Shutting down and abandoning module HTTP (41)
[2017.09.18-17.41.43:986][614]LogHttp: Display: Http module shutting down, but needs to wait on 1 outstanding Http requests:
[2017.09.18-17.41.43:987][614]LogHttp: Display: 	verb=[POST] url=[https://datarouter.ol.epicgames.com/datarouter/api/v1/public/data?SessionID=%7BA0645AAB-449B-CFBD-FD2F-059C2F161465%7D&AppID=UEEditor.Rocket.Release&AppVersion=4.17.1-3586342%2B%2B%2BUE4%2BRelease-4.17&UserID=5160131d4fbbf6d62e4719b8716de666%7C3ef35b30eb8d444d8e26d7fb1794d4bf%7Cb9c6b803-d102-46e7-b321-ae8f3428388b&AppEnvironment=datacollector-binary&UploadType=eteventstream] status=Processing
[2017.09.18-17.41.44:015][614]LogModuleManager: Shutting down and abandoning module SSL (40)
[2017.09.18-17.41.44:016][614]LogModuleManager: Shutting down and abandoning module AnimationModifiers (36)
[2017.09.18-17.41.44:016][614]LogModuleManager: Shutting down and abandoning module PropertyEditor (35)
[2017.09.18-17.41.44:016][614]LogModuleManager: Shutting down and abandoning module AudioEditor (32)
[2017.09.18-17.41.44:018][614]LogModuleManager: Shutting down and abandoning module TextureCompressor (30)
[2017.09.18-17.41.44:018][614]LogModuleManager: Shutting down and abandoning module ShaderCore (28)
[2017.09.18-17.41.44:018][614]LogModuleManager: Shutting down and abandoning module Landscape (26)
[2017.09.18-17.41.44:018][614]LogModuleManager: Shutting down and abandoning module SlateRHIRenderer (24)
[2017.09.18-17.41.44:019][614]LogModuleManager: Shutting down and abandoning module OpenGLDrv (22)
[2017.09.18-17.41.44:020][614]LogModuleManager: Shutting down and abandoning module D3D11RHI (20)
[2017.09.18-17.41.44:020][614]LogModuleManager: Shutting down and abandoning module AnimGraphRuntime (18)
[2017.09.18-17.41.44:021][614]LogModuleManager: Shutting down and abandoning module Renderer (16)
[2017.09.18-17.41.44:021][614]LogModuleManager: Shutting down and abandoning module Engine (14)
[2017.09.18-17.41.44:021][614]LogModuleManager: Shutting down and abandoning module CoreUObject (12)
[2017.09.18-17.41.44:021][614]LogModuleManager: Shutting down and abandoning module NetworkFile (10)
[2017.09.18-17.41.44:021][614]LogModuleManager: Shutting down and abandoning module CookedIterativeFile (8)
[2017.09.18-17.41.44:021][614]LogModuleManager: Shutting down and abandoning module StreamingFile (6)
[2017.09.18-17.41.44:021][614]LogModuleManager: Shutting down and abandoning module SandboxFile (4)
[2017.09.18-17.41.44:021][614]LogModuleManager: Shutting down and abandoning module PakFile (2)
[2017.09.18-17.41.44:024][614]LogExit: Exiting.
[2017.09.18-17.41.44:053][614]Log file closed, 09/18/17 11:41:44
