Log file open, 07/20/17 15:10:53
LogInit:Display: Running engine for game: InsertNameAdventure
LogPlatformFile: Not using cached read wrapper
LogInit:Display: RandInit(-1970916907) SRandInit(-1970916907).
LogTaskGraph: Started task graph with 5 named threads and 8 total threads with 1 sets of task threads.
LogStats: Stats thread started at 0.083466
LogInit: Using libcurl 7.47.1
LogInit:  - built for x86_64-pc-win32
LogInit:  - supports SSL with OpenSSL/1.0.2g
LogInit:  - supports HTTP deflate (compression) using libz 1.2.8
LogInit:  - other features:
LogInit:      CURL_VERSION_SSL
LogInit:      CURL_VERSION_LIBZ
LogInit:      CURL_VERSION_IPV6
LogInit:      CURL_VERSION_ASYNCHDNS
LogInit:      CURL_VERSION_LARGEFILE
LogInit:      CURL_VERSION_IDN
LogInit:  CurlRequestOptions (configurable via config and command line):
LogInit:  - bVerifyPeer = false  - Libcurl will NOT verify peer certificate
LogInit:  - bUseHttpProxy = false  - Libcurl will NOT use HTTP proxy
LogInit:  - bDontReuseConnections = false  - Libcurl will reuse connections
LogInit:  - CertBundlePath = nullptr  - Libcurl will use whatever was configured at build time.
LogInit: Build: ++UE4+Release-4.16-CL-3452394
LogInit: Engine Version: 4.16.0-3452394+++UE4+Release-4.16
LogInit: Compatible Engine Version: 4.16.0-3452394+++UE4+Release-4.16
LogInit: Net CL: 3452394
LogDevObjectVersion: Number of dev versions registered: 16
LogDevObjectVersion:   Dev-Blueprints (B0D832E4-1F89-4F0D-ACCF-7EB736FD4AA2): 9
LogDevObjectVersion:   Dev-Build (E1C64328-A22C-4D53-A36C-8E866417BD8C): 0
LogDevObjectVersion:   Dev-Core (375EC13C-06E4-48FB-B500-84F0262A717E): 2
LogDevObjectVersion:   Dev-Editor (E4B068ED-F494-42E9-A231-DA0B2E46BB41): 17
LogDevObjectVersion:   Dev-Framework (CFFC743F-43B0-4480-9391-14DF171D2073): 23
LogDevObjectVersion:   Dev-Mobile (B02B49B5-BB20-44E9-A304-32B752E40360): 0
LogDevObjectVersion:   Dev-Networking (A4E4105C-59A1-49B5-A7C5-40C4547EDFEE): 0
LogDevObjectVersion:   Dev-Online (39C831C9-5AE6-47DC-9A44-9C173E1C8E7C): 0
LogDevObjectVersion:   Dev-Physics (78F01B33-EBEA-4F98-B9B4-84EACCB95AA2): 0
LogDevObjectVersion:   Dev-Platform (6631380F-2D4D-43E0-8009-CF276956A95A): 0
LogDevObjectVersion:   Dev-Rendering (12F88B9F-8875-4AFC-A67C-D90C383ABD29): 15
LogDevObjectVersion:   Dev-Sequencer (7B5AE74C-D270-4C10-A958-57980B212A5A): 4
LogDevObjectVersion:   Dev-VR (D7296918-1DD6-4BDD-9DE2-64A83CC13884): 0
LogDevObjectVersion:   Dev-LoadTimes (C2A15278-BFE7-4AFE-6C17-90FF531DF755): 1
LogDevObjectVersion:   Private-Geometry (6EACA3D4-40EC-4CC1-B786-8BED09428FC5): 1
LogDevObjectVersion:   Dev-AnimPhys (29E575DD-E0A3-4627-9D10-D276232CDCEA): 3
LogInit: Compiled (64-bit): May 22 2017 17:47:00
LogInit: Compiled with Visual C++: 19.00.23026.00
LogInit: Build Configuration: Development
LogInit: Branch Name: ++UE4+Release-4.16
LogInit: Command line:  
LogInit: Base directory: C:/Program Files/Epic Games/UE_4.16/Engine/Binaries/Win64/
LogInit: Installed Engine Build: 1
LogInit: Presizing for max 8388607 objects, including 0 objects not considered by GC, pre-allocating 0 bytes for permanent pool.
LogInit: Object subsystem initialized
[2017.07.20-21.10.53:795][  0]LogInit: Selected Device Profile: [Windows]
[2017.07.20-21.10.53:795][  0]LogInit: Applying CVar settings loaded from the selected device profile: [Windows]
[2017.07.20-21.10.53:821][  0]LogInit: Computer: DESKTOP-6MFT485
[2017.07.20-21.10.53:821][  0]LogInit: User: JustinWells20
[2017.07.20-21.10.53:821][  0]LogInit: CPU Page size=4096, Cores=4
[2017.07.20-21.10.53:821][  0]LogInit: High frequency timer resolution =3.328128 MHz
[2017.07.20-21.10.53:821][  0]LogMemory: Memory total: Physical=15.9GB (16GB approx)
[2017.07.20-21.10.53:821][  0]LogMemory: Platform Memory Stats for Windows
[2017.07.20-21.10.53:821][  0]LogMemory: Process Physical Memory: 274.91 MB used, 274.91 MB peak
[2017.07.20-21.10.53:821][  0]LogMemory: Process Virtual Memory: 262.58 MB used, 262.58 MB peak
[2017.07.20-21.10.53:821][  0]LogMemory: Physical Memory: 3671.81 MB used,  12649.93 MB free, 16321.74 MB total
[2017.07.20-21.10.53:821][  0]LogMemory: Virtual Memory: 647.44 MB used,  12649.93 MB free, 134217728.00 MB total
[2017.07.20-21.10.53:895][  0]LogInit: Using OS detected language (en-US).
[2017.07.20-21.10.53:895][  0]LogInit: Using OS detected locale (en-US).
[2017.07.20-21.10.53:940][  0]LogTextLocalizationManager: No specific localization for 'en-US' exists, so the 'en' localization will be used.
[2017.07.20-21.10.56:411][  0]LogD3D11RHI: D3D11 adapters:
[2017.07.20-21.10.56:975][  0]LogD3D11RHI:    0. 'NVIDIA GeForce GTX 1070' (Feature Level 11_0)
[2017.07.20-21.10.56:975][  0]LogD3D11RHI:       8081/0/8160 MB DedicatedVideo/DedicatedSystem/SharedSystem, Outputs:2, VendorId:0x10de
[2017.07.20-21.10.56:976][  0]LogD3D11RHI:    1. 'Microsoft Basic Render Driver' (Feature Level 11_0)
[2017.07.20-21.10.56:976][  0]LogD3D11RHI:       0/0/8160 MB DedicatedVideo/DedicatedSystem/SharedSystem, Outputs:0, VendorId:0x1414
[2017.07.20-21.10.56:976][  0]LogD3D11RHI: Chosen D3D11 Adapter: 0
[2017.07.20-21.10.56:982][  0]LogD3D11RHI: Creating new Direct3DDevice
[2017.07.20-21.10.56:982][  0]LogD3D11RHI:     GPU DeviceId: 0x1b81 (for the marketing name, search the web for "GPU Device Id")
[2017.07.20-21.10.56:982][  0]LogWindows: EnumDisplayDevices:
[2017.07.20-21.10.56:982][  0]LogWindows:    0. 'NVIDIA GeForce GTX 1070' (P:0 D:1)
[2017.07.20-21.10.56:982][  0]LogWindows:    1. 'NVIDIA GeForce GTX 1070' (P:1 D:1)
[2017.07.20-21.10.56:982][  0]LogWindows:    2. 'NVIDIA GeForce GTX 1070' (P:0 D:0)
[2017.07.20-21.10.56:982][  0]LogWindows:    3. 'NVIDIA GeForce GTX 1070' (P:0 D:0)
[2017.07.20-21.10.56:982][  0]LogWindows: DebugString: FoundDriverCount:4 
[2017.07.20-21.10.56:982][  0]LogD3D11RHI:     Adapter Name: NVIDIA GeForce GTX 1070
[2017.07.20-21.10.56:982][  0]LogD3D11RHI:   Driver Version: 384.76 (internal:22.21.13.8476, unified:384.76)
[2017.07.20-21.10.56:982][  0]LogD3D11RHI:      Driver Date: 6-27-2017
[2017.07.20-21.10.56:982][  0]LogRHI: Texture pool is 1361 MB (70% of 1945 MB)
[2017.07.20-21.10.57:498][  0]LogD3D11RHI: Async texture creation enabled
[2017.07.20-21.10.57:534][  0]LogD3D11RHI: GPU Timing Frequency: 1000.000000 (Debug: 2 1)
[2017.07.20-21.10.57:584][  0]LogShaderCompilers: Guid format shader working directory is -53 characters bigger than the processId version (../../../../../../Users/Justin Wells/Documents/Unreal Projects/InsertNameAdventure/DatBoiEntertainmetnGame/Intermediate/Shaders/WorkingDirectory/7984/).
[2017.07.20-21.10.57:584][  0]LogShaderCompilers: Cleaned the shader compiler working directory 'C:/Users/Justin Wells/AppData/Local/Temp/UnrealShaderWorkingDir/4A5ADD124CF4B5B7591359AD38187F96/'.
[2017.07.20-21.10.57:584][  0]LogShaderCompilers:Display: Using Local Shader Compiler.
[2017.07.20-21.10.59:467][  0]LogTemp:Display: Loaded TP AllDesktopTargetPlatform
[2017.07.20-21.10.59:513][  0]LogTemp:Display: Loaded TP MacClientTargetPlatform
[2017.07.20-21.10.59:556][  0]LogTemp:Display: Loaded TP MacNoEditorTargetPlatform
[2017.07.20-21.10.59:600][  0]LogTemp:Display: Loaded TP MacServerTargetPlatform
[2017.07.20-21.10.59:650][  0]LogTemp:Display: Loaded TP MacTargetPlatform
[2017.07.20-21.10.59:690][  0]LogTemp:Display: Loaded TP WindowsClientTargetPlatform
[2017.07.20-21.10.59:735][  0]LogTemp:Display: Loaded TP WindowsNoEditorTargetPlatform
[2017.07.20-21.10.59:776][  0]LogTemp:Display: Loaded TP WindowsServerTargetPlatform
[2017.07.20-21.10.59:814][  0]LogTemp:Display: Loaded TP WindowsTargetPlatform
[2017.07.20-21.10.59:860][  0]LogTemp:Display: Loaded TP AndroidTargetPlatform
[2017.07.20-21.10.59:903][  0]LogTemp:Display: Loaded TP Android_ASTCTargetPlatform
[2017.07.20-21.10.59:944][  0]LogTemp:Display: Loaded TP Android_ATCTargetPlatform
[2017.07.20-21.10.59:986][  0]LogTemp:Display: Loaded TP Android_DXTTargetPlatform
[2017.07.20-21.11.00:027][  0]LogTemp:Display: Loaded TP Android_ETC1TargetPlatform
[2017.07.20-21.11.00:071][  0]LogTemp:Display: Loaded TP Android_ETC2TargetPlatform
[2017.07.20-21.11.00:164][  0]LogTemp:Display: Loaded TP Android_MultiTargetPlatform
[2017.07.20-21.11.00:164][  0]LogTemp:Display: Loaded TP Android_PVRTCTargetPlatform
[2017.07.20-21.11.00:198][  0]LogTemp:Display: Loaded TP HTML5TargetPlatform
[2017.07.20-21.11.00:285][  0]LogTemp:Display: Loaded TP IOSTargetPlatform
[2017.07.20-21.11.00:310][  0]LogTemp:Display: Loaded TP TVOSTargetPlatform
[2017.07.20-21.11.00:356][  0]LogTemp:Display: Loaded TP LinuxClientTargetPlatform
[2017.07.20-21.11.00:400][  0]LogTemp:Display: Loaded TP LinuxNoEditorTargetPlatform
[2017.07.20-21.11.00:442][  0]LogTemp:Display: Loaded TP LinuxServerTargetPlatform
[2017.07.20-21.11.00:489][  0]LogTemp:Display: Loaded TP LinuxTargetPlatform
[2017.07.20-21.11.00:489][  0]LogTargetPlatformManager:Display: Building Assets For Windows
[2017.07.20-21.11.00:942][  0]LogDerivedDataCache:Display: Max Cache Size: 512 MB
[2017.07.20-21.11.01:267][  0]LogDerivedDataCache: Loaded boot cache 0.32s 90MB C:/Users/Justin Wells/AppData/Local/UnrealEngine/4.16/DerivedDataCache/Boot.ddc.
[2017.07.20-21.11.01:267][  0]LogDerivedDataCache:Display: Loaded Boot cache: C:/Users/Justin Wells/AppData/Local/UnrealEngine/4.16/DerivedDataCache/Boot.ddc
[2017.07.20-21.11.01:267][  0]LogDerivedDataCache: FDerivedDataBackendGraph:  Pak pak cache file ../../../../../../Users/Justin Wells/Documents/Unreal Projects/InsertNameAdventure/DatBoiEntertainmetnGame/DerivedDataCache/DDC.ddp not found, will not use a pak cache.
[2017.07.20-21.11.01:267][  0]LogDerivedDataCache: Unable to find inner node Pak for hierarchical cache Hierarchy.
[2017.07.20-21.11.01:267][  0]LogDerivedDataCache: FDerivedDataBackendGraph:  CompressedPak pak cache file ../../../../../../Users/Justin Wells/Documents/Unreal Projects/InsertNameAdventure/DatBoiEntertainmetnGame/DerivedDataCache/Compressed.ddp not found, will not use a pak cache.
[2017.07.20-21.11.01:267][  0]LogDerivedDataCache: Unable to find inner node CompressedPak for hierarchical cache Hierarchy.
[2017.07.20-21.11.01:284][  0]LogDerivedDataCache:Display: Pak cache opened for reading ../../../Engine/DerivedDataCache/Compressed.ddp.
[2017.07.20-21.11.01:296][  0]LogDerivedDataCache: Using Local data cache path C:/Users/Justin Wells/AppData/Local/UnrealEngine/Common/DerivedDataCache: Writable
[2017.07.20-21.11.01:305][  0]LogMaterial: Verifying Global Shaders for PCD3D_SM5
[2017.07.20-21.11.01:306][  0]LogSlate: Using Freetype 2.6.0
[2017.07.20-21.11.01:319][  0]LogSlate: SlateFontCache - WITH_FREETYPE: 1, WITH_HARFBUZZ: 1
[2017.07.20-21.11.01:319][  0]LogSlate: SlateFontCache - WITH_FREETYPE: 1, WITH_HARFBUZZ: 1
[2017.07.20-21.11.01:885][  0]LogInit: Selected Device Profile: [Windows]
[2017.07.20-21.11.01:995][  0]LogContentStreaming: Texture pool size is 0.00 MB
[2017.07.20-21.11.02:175][  0]LogMeshUtilities: Using QuadricMeshReduction for automatic static mesh reduction
[2017.07.20-21.11.02:232][  0]LogSimplygon: Simplygon DLL not present - disabling.
[2017.07.20-21.11.02:278][  0]LogMeshUtilities: Using SimplygonSwarm for distributed automatic mesh merging
[2017.07.20-21.11.02:278][  0]LogMeshUtilities: No automatic skeletal mesh reduction module available
[2017.07.20-21.11.02:278][  0]LogMeshUtilities: No automatic mesh merging module available
[2017.07.20-21.11.03:051][  0]LogNetVersion: InsertNameAdventure , NetCL: 3452394, EngineNetVer: 2, GameNetVer: 0 (Checksum: 1278457987)
[2017.07.20-21.11.03:115][  0]LogAssetRegistry: FAssetRegistry took 0.0252 seconds to start up
[2017.07.20-21.11.03:181][  0]LogPackageLocalizationCache: Processed 4 localized package path(s) for 2 prioritized culture(s) in 0.045439 seconds
[2017.07.20-21.11.03:188][  0]LogUObjectArray: 34194 objects as part of root set at end of initial load.
[2017.07.20-21.11.03:188][  0]LogUObjectAllocator: 7260424 out of 0 bytes used by permanent object pool.
[2017.07.20-21.11.03:188][  0]LogUObjectArray: CloseDisregardForGC: 0/0 objects in disregard for GC pool
[2017.07.20-21.11.03:259][  0]LogInit: WinSock: version 1.1 (2.2), MaxSocks=32767, MaxUdp=65467
[2017.07.20-21.11.06:875][  0]LogTcpMessaging: Initializing TcpMessaging bridge
[2017.07.20-21.11.06:910][  0]LogUdpMessaging: Initializing bridge on interface 0.0.0.0:0 to multicast group 230.0.0.1:6666.
[2017.07.20-21.11.07:395][  0]LogMaterial: Uniform references updated for custom material expression Custom.
[2017.07.20-21.11.07:739][  0]SourceControl: Info Source control is disabled
[2017.07.20-21.11.09:034][  0]LogAndroidPermission: UAndroidPermissionCallbackProxy::GetInstance
[2017.07.20-21.11.09:826][  0]LogEngine: Initializing Engine...
[2017.07.20-21.11.09:874][  0]LogHMD: Failed to initialize OpenVR with code 103
[2017.07.20-21.11.10:083][  0]LogStats: UGameplayTagsManager::ConstructGameplayTagTree: Construct from data asset -  0.000 s
[2017.07.20-21.11.10:083][  0]LogStats: UGameplayTagsManager::ConstructGameplayTagTree: GameplayTagTreeChangedEvent.Broadcast -  0.000 s
[2017.07.20-21.11.10:199][  0]LogAIModule: Creating AISystem for world Untitled
[2017.07.20-21.11.10:213][  0]LogInit: XAudio2 using 'Headphones (High Definition Audio Device)' : 2 channels at 48 kHz using 16 bits per sample (channel mask 0x3)
[2017.07.20-21.11.10:221][  0]LogInit: FAudioDevice initialized.
[2017.07.20-21.11.10:261][  0]LogDerivedDataCache: Saved boot cache 0.04s 90MB C:/Users/Justin Wells/AppData/Local/UnrealEngine/4.16/DerivedDataCache/Boot.ddc.
[2017.07.20-21.11.10:275][  0]LogInit: Texture streaming: Enabled
[2017.07.20-21.11.10:360][  0]LogEngineSessionManager: EngineSessionManager initialized
[2017.07.20-21.11.10:573][  0]LogInit: Transaction tracking system initialized
[2017.07.20-21.11.10:854][  0]BlueprintLog: New page: Editor Load
[2017.07.20-21.11.11:742][  0]LocalizationService: Info Localization service is disabled
[2017.07.20-21.11.12:463][  0]LogConsoleResponse:Display: 
[2017.07.20-21.11.12:639][  0]LogCook:Display: Max memory allowance for cook 16384mb min free memory 0mb
[2017.07.20-21.11.12:639][  0]LogCook:Display: Mobile HDR setting 1
[2017.07.20-21.11.13:652][  0]LogFileCache: Scanning file cache for directory 'C:/Users/Justin Wells/Documents/Unreal Projects/InsertNameAdventure/DatBoiEntertainmetnGame/Content/' took 0.02s
[2017.07.20-21.11.13:896][  0]LogSlate: Took 0.012652 seconds to synchronously load lazily loaded font '../../../Engine/Content/Slate/Fonts/Roboto-Regular.ttf' (155K)
[2017.07.20-21.11.17:111][  0]LogWindowsTextInputMethodSystem:Display: IME system now deactivated.
[2017.07.20-21.11.17:113][  0]LightingResults: New page: Lighting Build
[2017.07.20-21.11.17:150][  0]MapCheck: New page: Map Check
[2017.07.20-21.11.17:150][  0]LightingResults: New page: Lighting Build
[2017.07.20-21.11.17:162][  0]LogAIModule: Creating AISystem for world Untitled
[2017.07.20-21.11.17:164][  0]LoadErrors: New page: New Map
[2017.07.20-21.11.17:230][  0]LogWindowsTextInputMethodSystem:Display: IME system now deactivated.
[2017.07.20-21.11.17:377][  0]LogCollectionManager: Loaded 0 collections in 0.001341 seconds
[2017.07.20-21.11.17:455][  0]LogFileCache: Scanning file cache for directory 'C:/Users/Justin Wells/Documents/Unreal Projects/InsertNameAdventure/DatBoiEntertainmetnGame/Saved/Collections/' took 0.01s
[2017.07.20-21.11.17:455][  0]LogFileCache: Scanning file cache for directory 'C:/Users/Justin Wells/Documents/Unreal Projects/InsertNameAdventure/DatBoiEntertainmetnGame/Content/Developers/JustinWells20/Collections/' took 0.01s
[2017.07.20-21.11.17:455][  0]LogFileCache: Scanning file cache for directory 'C:/Users/Justin Wells/Documents/Unreal Projects/InsertNameAdventure/DatBoiEntertainmetnGame/Content/Collections/' took 0.01s
[2017.07.20-21.11.17:455][  0]LogCollectionManager: Rebuilt the GUID cache for 0 collections in 0.000002 seconds
[2017.07.20-21.11.17:463][  0]LogContentBrowser: Native class hierarchy populated in 0.0079 seconds. Added 2329 classes and 491 folders.
[2017.07.20-21.11.17:521][  0]LogContentBrowser: Native class hierarchy updated for 'WidgetCarousel' in 0.0008 seconds. Added 0 classes and 0 folders.
[2017.07.20-21.11.17:899][  0]LogContentBrowser: Native class hierarchy updated for 'AddContentDialog' in 0.0007 seconds. Added 0 classes and 0 folders.
[2017.07.20-21.11.17:935][  0]LogContentBrowser: Native class hierarchy updated for 'SceneOutliner' in 0.0007 seconds. Added 1 classes and 2 folders.
[2017.07.20-21.11.17:958][  0]LogCrashTracker: Crashtracker disabled due to settings.
[2017.07.20-21.11.17:969][  0]LogSlate: Took 0.004684 seconds to synchronously load lazily loaded font '../../../Engine/Content/Slate/Fonts/Roboto-Bold.ttf' (160K)
[2017.07.20-21.11.17:977][  0]LogSlate: Took 0.005038 seconds to synchronously load lazily loaded font '../../../Engine/Content/Editor/Slate/Fonts/FontAwesome.ttf' (139K)
[2017.07.20-21.11.18:062][  0]LogRenderer: Reallocating scene render targets to support 1756x636 NumSamples 1 (Frame:1).
[2017.07.20-21.11.18:216][  0]LogUObjectGlobals:Warning: Failed to find object 'Class None.'
[2017.07.20-21.11.18:277][  0]LogContentBrowser: Native class hierarchy updated for 'HierarchicalLODOutliner' in 0.0007 seconds. Added 1 classes and 2 folders.
[2017.07.20-21.11.18:277][  0]LogLoad: (Engine Initialization) Total time: 26.40 seconds
[2017.07.20-21.11.18:277][  0]LogLoad: (Engine Initialization) Total Blueprint compile time: 0.07 seconds
[2017.07.20-21.11.18:277][  0]LogExternalProfiler: No external profilers were discovered.  External profiling features will not be available.
[2017.07.20-21.11.18:288][  0]LogOcInput: OculusInput pre-init called
[2017.07.20-21.11.18:288][  0]LogHMD: Starting GearVRController plugin
[2017.07.20-21.11.18:304][  0]SourceControl: Info On branch V1.5.1
[2017.07.20-21.11.18:304][  0]SourceControl: Info Your branch is up-to-date with 'origin/V1.5.1'.
[2017.07.20-21.11.18:304][  0]SourceControl: Info Changes not staged for commit:
[2017.07.20-21.11.18:304][  0]SourceControl: Info   (use "git add/rm <file>..." to update what will be committed)
[2017.07.20-21.11.18:304][  0]SourceControl: Info   (use "git checkout -- <file>..." to discard changes in working directory)
[2017.07.20-21.11.18:304][  0]SourceControl: Info 	modified:   Intermediate/CachedAssetRegistry.bin
[2017.07.20-21.11.18:304][  0]SourceControl: Info 	deleted:    Saved/Config/CrashReportClient/UE4CC-Windows-858B58DA44AB6F654AC02EA54A0B232C/CrashReportClient.ini
[2017.07.20-21.11.18:304][  0]SourceControl: Info 	modified:   Saved/Config/Windows/Editor.ini
[2017.07.20-21.11.18:304][  0]SourceControl: Info 	modified:   Saved/Config/Windows/EditorPerProjectUserSettings.ini
[2017.07.20-21.11.18:304][  0]SourceControl: Info 	modified:   Saved/Config/Windows/Engine.ini
[2017.07.20-21.11.18:304][  0]SourceControl: Info 	modified:   Saved/Logs/InsertNameAdventure.log
[2017.07.20-21.11.18:304][  0]SourceControl: Info 	deleted:    Saved/Logs/InsertNameAdventure_2-backup-2017.07.18-21.02.39.log
[2017.07.20-21.11.18:304][  0]SourceControl: Info Untracked files:
[2017.07.20-21.11.18:304][  0]SourceControl: Info   (use "git add <file>..." to include in what will be committed)
[2017.07.20-21.11.18:304][  0]SourceControl: Info 	Saved/Config/CrashReportClient/UE4CC-Windows-9B7E92AA4A67F90BBB32C288666BC93A/
[2017.07.20-21.11.18:304][  0]SourceControl: Info 	Saved/Logs/InsertNameAdventure-backup-2017.07.20-15.10.53.log
[2017.07.20-21.11.18:304][  0]SourceControl: Info no changes added to commit (use "git add" and/or "git commit -a")
[2017.07.20-21.11.18:304][  0]LogContentStreaming: Texture pool size now 1000 MB
[2017.07.20-21.11.18:330][  0]LogSlate: Took 0.004605 seconds to synchronously load lazily loaded font '../../../Engine/Content/Slate/Fonts/Roboto-Light.ttf' (159K)
[2017.07.20-21.11.18:361][  1]LogAssetRegistry: Asset discovery search completed in 15.2667 seconds
[2017.07.20-21.11.18:363][  1]LogCollectionManager: Rebuilt the object cache for 0 collections in 0.000004 seconds (found 0 objects)
[2017.07.20-21.11.18:363][  1]LogCollectionManager: Fixed up redirectors for 0 collections in 0.000023 seconds (updated 0 objects)
[2017.07.20-21.11.26:945][ 18]LogSlate: Took 0.000160 seconds to synchronously load lazily loaded font '../../../Engine/Content/Slate/Fonts/Roboto-Light.ttf' (159K)
[2017.07.20-21.11.27:845][ 18]LogAIModule: Creating AISystem for world Rainforest_Alien
[2017.07.20-21.11.27:880][ 18]LightingResults: New page: Lighting Build
[2017.07.20-21.11.27:880][ 18]LoadErrors: New page: Loading map: Rainforest_Alien.umap
[2017.07.20-21.11.27:881][ 18]MapCheck: New page: Map Check
[2017.07.20-21.11.27:881][ 18]LightingResults: New page: Lighting Build
[2017.07.20-21.11.27:910][ 18]LogEditorServer: Finished looking for orphan Actors (0.000 secs)
[2017.07.20-21.11.27:963][ 18]Cmd: MAP CHECKDEP NOCLEARLOG
[2017.07.20-21.11.28:014][ 18]MapCheck: Info Map check complete: 0 Error(s), 0 Warning(s), took 51.604ms to complete.
[2017.07.20-21.11.28:014][ 18]LogFileHelpers: Loading map 'Rainforest_Alien' took 0.135
[2017.07.20-21.11.30:399][279]LogTemp: Repeting last play command: New Editor Window (PIE)
[2017.07.20-21.11.30:526][279]LogPlayLevel: PlayLevel: No blueprints needed recompiling
[2017.07.20-21.11.30:526][279]PIE: New page: PIE session: Rainforest_Alien (Jul 20, 2017, 9:11:30 AM)
[2017.07.20-21.11.30:526][279]LogPlayLevel: Creating play world package: /Game/2DSideScrollerBP/Maps/Levels/UEDPIE_0_Rainforest_Alien
[2017.07.20-21.11.30:543][279]LogPlayLevel: PIE: StaticDuplicateObject took: (0.017382s)
[2017.07.20-21.11.30:544][279]LogAIModule: Creating AISystem for world Rainforest_Alien
[2017.07.20-21.11.30:544][279]LogPlayLevel: PIE: World Init took: (0.000786s)
[2017.07.20-21.11.30:545][279]LogPlayLevel: PIE: Created PIE world by copying editor world from /Game/2DSideScrollerBP/Maps/Levels/Rainforest_Alien.Rainforest_Alien to /Game/2DSideScrollerBP/Maps/Levels/UEDPIE_0_Rainforest_Alien.Rainforest_Alien (0.018504s)
[2017.07.20-21.11.30:561][279]LogInit: XAudio2 using 'Headphones (High Definition Audio Device)' : 2 channels at 48 kHz using 16 bits per sample (channel mask 0x3)
[2017.07.20-21.11.30:567][279]LogInit: FAudioDevice initialized.
[2017.07.20-21.11.30:630][279]LogLoad: Game class is '2DSideScrollerGameMode_C'
[2017.07.20-21.11.30:648][279]LogWorld: Bringing World /Game/2DSideScrollerBP/Maps/Levels/UEDPIE_0_Rainforest_Alien.Rainforest_Alien up for play (max tick rate 0) at 2017.07.20-15.11.30
[2017.07.20-21.11.30:661][279]LogWorld: Bringing up level for play took: 0.029007
[2017.07.20-21.11.30:699][279]LogContentBrowser: Native class hierarchy updated for 'MovieSceneCapture' in 0.0007 seconds. Added 11 classes and 0 folders.
[2017.07.20-21.11.30:711][279]PIE: Info Play in editor start time for /Game/2DSideScrollerBP/Maps/Levels/UEDPIE_0_Rainforest_Alien 1.05
[2017.07.20-21.11.30:749][279]LogRenderer: Reallocating scene render targets to support 1756x756 NumSamples 1 (Frame:1).
[2017.07.20-21.12.00:068][689]LogContentBrowser: Native class hierarchy updated for 'BlueprintGraph' in 0.0010 seconds. Added 112 classes and 0 folders.
[2017.07.20-21.12.00:626][689]LogSlate: Took 0.000160 seconds to synchronously load lazily loaded font '../../../Engine/Content/Slate/Fonts/Roboto-Regular.ttf' (155K)
[2017.07.20-21.12.03:938][ 42]LogSlate: Took 0.000154 seconds to synchronously load lazily loaded font '../../../Engine/Content/Editor/Slate/Fonts/Roboto-BoldCondensed.ttf' (158K)
[2017.07.20-21.12.03:987][ 43]LogSlate: Took 0.003655 seconds to synchronously load lazily loaded font '../../../Engine/Content/Editor/Slate/Fonts/Roboto-Italic.ttf' (157K)
[2017.07.20-21.12.28:583][682]LogSlate: Took 0.000161 seconds to synchronously load lazily loaded font '../../../Engine/Content/Slate/Fonts/Roboto-Light.ttf' (159K)
[2017.07.20-21.12.29:741][807]SourceControl: Info fatal: C:/Program Files/Epic Games/UE_4.16/Engine/Content/Tutorial/Paper2D/TutorialAssets/TutorialFlipBook.uasset: 'C:/Program Files/Epic Games/UE_4.16/Engine/Content/Tutorial/Paper2D/TutorialAssets/TutorialFlipBook.uasset' is outside repository
[2017.07.20-21.12.39:115][845]BlueprintLog: New page: Compile BP_Platform_2
[2017.07.20-21.12.40:707][994]LogTemp: Repeting last play command: New Editor Window (PIE)
[2017.07.20-21.12.40:736][994]LogPlayLevel: PlayLevel: No blueprints needed recompiling
[2017.07.20-21.12.40:737][994]PIE: New page: PIE session: Rainforest_Alien (Jul 20, 2017, 9:12:40 AM)
[2017.07.20-21.12.40:737][994]LogPlayLevel: Creating play world package: /Game/2DSideScrollerBP/Maps/Levels/UEDPIE_0_Rainforest_Alien
[2017.07.20-21.12.40:754][994]LogPlayLevel: PIE: StaticDuplicateObject took: (0.017515s)
[2017.07.20-21.12.40:755][994]LogAIModule: Creating AISystem for world Rainforest_Alien
[2017.07.20-21.12.40:755][994]LogPlayLevel: PIE: World Init took: (0.000659s)
[2017.07.20-21.12.40:755][994]LogPlayLevel: PIE: Created PIE world by copying editor world from /Game/2DSideScrollerBP/Maps/Levels/Rainforest_Alien.Rainforest_Alien to /Game/2DSideScrollerBP/Maps/Levels/UEDPIE_0_Rainforest_Alien.Rainforest_Alien (0.018532s)
[2017.07.20-21.12.40:775][994]LogInit: XAudio2 using 'Headphones (High Definition Audio Device)' : 2 channels at 48 kHz using 16 bits per sample (channel mask 0x3)
[2017.07.20-21.12.40:780][994]LogInit: FAudioDevice initialized.
[2017.07.20-21.12.40:826][994]LogLoad: Game class is '2DSideScrollerGameMode_C'
[2017.07.20-21.12.40:841][994]LogWorld: Bringing World /Game/2DSideScrollerBP/Maps/Levels/UEDPIE_0_Rainforest_Alien.Rainforest_Alien up for play (max tick rate 0) at 2017.07.20-15.12.40
[2017.07.20-21.12.40:853][994]LogWorld: Bringing up level for play took: 0.026296
[2017.07.20-21.12.40:866][994]PIE: Info Play in editor start time for /Game/2DSideScrollerBP/Maps/Levels/UEDPIE_0_Rainforest_Alien -0.795
[2017.07.20-21.14.04:564][459]LogTemp: Repeting last play command: New Editor Window (PIE)
[2017.07.20-21.14.04:588][459]LogPlayLevel: PlayLevel: No blueprints needed recompiling
[2017.07.20-21.14.04:589][459]PIE: New page: PIE session: Rainforest_Alien (Jul 20, 2017, 9:14:04 AM)
[2017.07.20-21.14.04:589][459]LogPlayLevel: Creating play world package: /Game/2DSideScrollerBP/Maps/Levels/UEDPIE_0_Rainforest_Alien
[2017.07.20-21.14.04:605][459]LogPlayLevel: PIE: StaticDuplicateObject took: (0.016066s)
[2017.07.20-21.14.04:605][459]LogAIModule: Creating AISystem for world Rainforest_Alien
[2017.07.20-21.14.04:605][459]LogPlayLevel: PIE: World Init took: (0.000560s)
[2017.07.20-21.14.04:605][459]LogPlayLevel: PIE: Created PIE world by copying editor world from /Game/2DSideScrollerBP/Maps/Levels/Rainforest_Alien.Rainforest_Alien to /Game/2DSideScrollerBP/Maps/Levels/UEDPIE_0_Rainforest_Alien.Rainforest_Alien (0.016922s)
[2017.07.20-21.14.04:624][459]LogInit: XAudio2 using 'Headphones (High Definition Audio Device)' : 2 channels at 48 kHz using 16 bits per sample (channel mask 0x3)
[2017.07.20-21.14.04:630][459]LogInit: FAudioDevice initialized.
[2017.07.20-21.14.04:677][459]LogLoad: Game class is '2DSideScrollerGameMode_C'
[2017.07.20-21.14.04:693][459]LogWorld: Bringing World /Game/2DSideScrollerBP/Maps/Levels/UEDPIE_0_Rainforest_Alien.Rainforest_Alien up for play (max tick rate 0) at 2017.07.20-15.14.04
[2017.07.20-21.14.04:705][459]LogWorld: Bringing up level for play took: 0.026911
[2017.07.20-21.14.04:717][459]PIE: Info Play in editor start time for /Game/2DSideScrollerBP/Maps/Levels/UEDPIE_0_Rainforest_Alien 1.056
[2017.07.20-21.14.18:971][ 82]LogEditorViewport: Clicking on Actor (LMB): BP_Platform_2_C (BP_Platform_2)
[2017.07.20-21.14.21:179][303]LogEditorViewport: Clicking on Actor (LMB): PaperSpriteActor (Outpost_inner_Walls_2_Sprite_20)
[2017.07.20-21.14.22:071][404]LogEditorViewport: Clicking on Actor (LMB): PaperSpriteActor (Outpost_inner_Walls_2_Sprite_20)
[2017.07.20-21.14.22:792][487]LogEditorViewport: Clicking on Actor (LMB): PaperSpriteActor (Outpost_floor_and_holo_stand_Sprite_27)
[2017.07.20-21.14.30:028][339]LogEditorViewport: Clicking on Actor (LMB): BP_Platform_2_C (BP_Platform_2)
[2017.07.20-21.14.34:920][878]LogEditorViewport: Clicking on Actor (LMB): PaperSpriteActor (Outpost_inner_Walls_2_Sprite_20)
[2017.07.20-21.14.35:602][954]LogEditorViewport: Clicking on Actor (LMB): PaperSpriteActor (Outpost_floor_and_holo_stand_Sprite_27)
[2017.07.20-21.14.38:065][241]LogEditorViewport: Clicking on Actor (LMB): BP_Platform_2_C (BP_Platform_2)
[2017.07.20-21.14.42:063][682]Cmd: TRANSACTION UNDO
[2017.07.20-21.14.42:063][682]LogEditorTransaction: Undo Set actor location
[2017.07.20-21.14.55:250][532]LogEditorViewport: Clicking on Actor (LMB): PaperSpriteActor (Outpost_floor_and_holo_stand_Sprite_27)
[2017.07.20-21.15.01:792][305]LogEditorViewport: Clicking on Actor (LMB): PaperSpriteActor (Outpost_floor_and_holo_stand_Sprite_27)
[2017.07.20-21.15.03:228][474]Cmd: DELETE
[2017.07.20-21.15.03:228][474]Cmd: ACTOR DELETE
[2017.07.20-21.15.03:231][474]LogEditorActor: Deleted Actor: PaperSpriteActor
[2017.07.20-21.15.03:246][474]LogEditorActor: Deleted 1 Actors (0.017 secs)
[2017.07.20-21.15.05:096][695]LogEditorViewport: Clicking on Actor (LMB): PaperSpriteActor (Outpost_inner_Walls_2_Sprite_20)
[2017.07.20-21.15.06:812][894]LogEditorViewport: Clicking on Actor (LMB): BP_Platform_2_C (BP_Platform_2)
[2017.07.20-21.15.15:577][917]LogTemp: Repeting last play command: New Editor Window (PIE)
[2017.07.20-21.15.15:602][917]LogPlayLevel: PlayLevel: No blueprints needed recompiling
[2017.07.20-21.15.15:603][917]PIE: New page: PIE session: Rainforest_Alien (Jul 20, 2017, 9:15:15 AM)
[2017.07.20-21.15.15:603][917]LogPlayLevel: Creating play world package: /Game/2DSideScrollerBP/Maps/Levels/UEDPIE_0_Rainforest_Alien
[2017.07.20-21.15.15:619][917]LogPlayLevel: PIE: StaticDuplicateObject took: (0.016780s)
[2017.07.20-21.15.15:620][917]LogAIModule: Creating AISystem for world Rainforest_Alien
[2017.07.20-21.15.15:620][917]LogPlayLevel: PIE: World Init took: (0.000524s)
[2017.07.20-21.15.15:620][917]LogPlayLevel: PIE: Created PIE world by copying editor world from /Game/2DSideScrollerBP/Maps/Levels/Rainforest_Alien.Rainforest_Alien to /Game/2DSideScrollerBP/Maps/Levels/UEDPIE_0_Rainforest_Alien.Rainforest_Alien (0.017589s)
[2017.07.20-21.15.15:639][917]LogInit: XAudio2 using 'Headphones (High Definition Audio Device)' : 2 channels at 48 kHz using 16 bits per sample (channel mask 0x3)
[2017.07.20-21.15.15:645][917]LogInit: FAudioDevice initialized.
[2017.07.20-21.15.15:691][917]LogLoad: Game class is '2DSideScrollerGameMode_C'
[2017.07.20-21.15.15:708][917]LogWorld: Bringing World /Game/2DSideScrollerBP/Maps/Levels/UEDPIE_0_Rainforest_Alien.Rainforest_Alien up for play (max tick rate 0) at 2017.07.20-15.15.15
[2017.07.20-21.15.15:721][917]LogWorld: Bringing up level for play took: 0.028565
[2017.07.20-21.15.15:734][917]PIE: Info Play in editor start time for /Game/2DSideScrollerBP/Maps/Levels/UEDPIE_0_Rainforest_Alien 0.072
[2017.07.20-21.16.47:316][541]LogTemp: Repeting last play command: New Editor Window (PIE)
[2017.07.20-21.16.47:341][541]LogPlayLevel: PlayLevel: No blueprints needed recompiling
[2017.07.20-21.16.47:341][541]PIE: New page: PIE session: Rainforest_Alien (Jul 20, 2017, 9:16:47 AM)
[2017.07.20-21.16.47:341][541]LogPlayLevel: Creating play world package: /Game/2DSideScrollerBP/Maps/Levels/UEDPIE_0_Rainforest_Alien
[2017.07.20-21.16.47:360][541]LogPlayLevel: PIE: StaticDuplicateObject took: (0.018293s)
[2017.07.20-21.16.47:360][541]LogAIModule: Creating AISystem for world Rainforest_Alien
[2017.07.20-21.16.47:360][541]LogPlayLevel: PIE: World Init took: (0.000673s)
[2017.07.20-21.16.47:361][541]LogPlayLevel: PIE: Created PIE world by copying editor world from /Game/2DSideScrollerBP/Maps/Levels/Rainforest_Alien.Rainforest_Alien to /Game/2DSideScrollerBP/Maps/Levels/UEDPIE_0_Rainforest_Alien.Rainforest_Alien (0.019326s)
[2017.07.20-21.16.47:385][541]LogInit: XAudio2 using 'Headphones (High Definition Audio Device)' : 2 channels at 48 kHz using 16 bits per sample (channel mask 0x3)
[2017.07.20-21.16.47:391][541]LogInit: FAudioDevice initialized.
[2017.07.20-21.16.47:438][541]LogLoad: Game class is '2DSideScrollerGameMode_C'
[2017.07.20-21.16.47:453][541]LogWorld: Bringing World /Game/2DSideScrollerBP/Maps/Levels/UEDPIE_0_Rainforest_Alien.Rainforest_Alien up for play (max tick rate 0) at 2017.07.20-15.16.47
[2017.07.20-21.16.47:465][541]LogWorld: Bringing up level for play took: 0.026823
[2017.07.20-21.16.47:478][541]PIE: Info Play in editor start time for /Game/2DSideScrollerBP/Maps/Levels/UEDPIE_0_Rainforest_Alien -0.183
[2017.07.20-21.21.18:329][878]LogTemp: Repeting last play command: New Editor Window (PIE)
[2017.07.20-21.21.18:354][878]LogPlayLevel: PlayLevel: No blueprints needed recompiling
[2017.07.20-21.21.18:355][878]PIE: New page: PIE session: Rainforest_Alien (Jul 20, 2017, 9:21:18 AM)
[2017.07.20-21.21.18:355][878]LogPlayLevel: Creating play world package: /Game/2DSideScrollerBP/Maps/Levels/UEDPIE_0_Rainforest_Alien
[2017.07.20-21.21.18:373][878]LogPlayLevel: PIE: StaticDuplicateObject took: (0.018384s)
[2017.07.20-21.21.18:374][878]LogAIModule: Creating AISystem for world Rainforest_Alien
[2017.07.20-21.21.18:374][878]LogPlayLevel: PIE: World Init took: (0.000809s)
[2017.07.20-21.21.18:374][878]LogPlayLevel: PIE: Created PIE world by copying editor world from /Game/2DSideScrollerBP/Maps/Levels/Rainforest_Alien.Rainforest_Alien to /Game/2DSideScrollerBP/Maps/Levels/UEDPIE_0_Rainforest_Alien.Rainforest_Alien (0.019566s)
[2017.07.20-21.21.18:396][878]LogInit: XAudio2 using 'Headphones (High Definition Audio Device)' : 2 channels at 48 kHz using 16 bits per sample (channel mask 0x3)
[2017.07.20-21.21.18:402][878]LogInit: FAudioDevice initialized.
[2017.07.20-21.21.18:456][878]LogLoad: Game class is '2DSideScrollerGameMode_C'
[2017.07.20-21.21.18:472][878]LogWorld: Bringing World /Game/2DSideScrollerBP/Maps/Levels/UEDPIE_0_Rainforest_Alien.Rainforest_Alien up for play (max tick rate 0) at 2017.07.20-15.21.18
[2017.07.20-21.21.18:484][878]LogWorld: Bringing up level for play took: 0.026620
[2017.07.20-21.21.18:497][878]PIE: Info Play in editor start time for /Game/2DSideScrollerBP/Maps/Levels/UEDPIE_0_Rainforest_Alien 0.836
[2017.07.20-21.21.32:268][210]LogTemp: Repeting last play command: New Editor Window (PIE)
[2017.07.20-21.21.32:295][210]LogPlayLevel: PlayLevel: No blueprints needed recompiling
[2017.07.20-21.21.32:295][210]PIE: New page: PIE session: Rainforest_Alien (Jul 20, 2017, 9:21:32 AM)
[2017.07.20-21.21.32:295][210]LogPlayLevel: Creating play world package: /Game/2DSideScrollerBP/Maps/Levels/UEDPIE_0_Rainforest_Alien
[2017.07.20-21.21.32:311][210]LogPlayLevel: PIE: StaticDuplicateObject took: (0.015963s)
[2017.07.20-21.21.32:311][210]LogAIModule: Creating AISystem for world Rainforest_Alien
[2017.07.20-21.21.32:312][210]LogPlayLevel: PIE: World Init took: (0.000546s)
[2017.07.20-21.21.32:312][210]LogPlayLevel: PIE: Created PIE world by copying editor world from /Game/2DSideScrollerBP/Maps/Levels/Rainforest_Alien.Rainforest_Alien to /Game/2DSideScrollerBP/Maps/Levels/UEDPIE_0_Rainforest_Alien.Rainforest_Alien (0.016777s)
[2017.07.20-21.21.32:341][210]LogInit: XAudio2 using 'Headphones (High Definition Audio Device)' : 2 channels at 48 kHz using 16 bits per sample (channel mask 0x3)
[2017.07.20-21.21.32:347][210]LogInit: FAudioDevice initialized.
[2017.07.20-21.21.32:394][210]LogLoad: Game class is '2DSideScrollerGameMode_C'
[2017.07.20-21.21.32:410][210]LogWorld: Bringing World /Game/2DSideScrollerBP/Maps/Levels/UEDPIE_0_Rainforest_Alien.Rainforest_Alien up for play (max tick rate 0) at 2017.07.20-15.21.32
[2017.07.20-21.21.32:423][210]LogWorld: Bringing up level for play took: 0.027317
[2017.07.20-21.21.32:436][210]PIE: Info Play in editor start time for /Game/2DSideScrollerBP/Maps/Levels/UEDPIE_0_Rainforest_Alien 0.775
[2017.07.20-21.22.17:487][281]LogTemp: Repeting last play command: New Editor Window (PIE)
[2017.07.20-21.22.17:513][281]LogPlayLevel: PlayLevel: No blueprints needed recompiling
[2017.07.20-21.22.17:513][281]PIE: New page: PIE session: Rainforest_Alien (Jul 20, 2017, 9:22:17 AM)
[2017.07.20-21.22.17:513][281]LogPlayLevel: Creating play world package: /Game/2DSideScrollerBP/Maps/Levels/UEDPIE_0_Rainforest_Alien
[2017.07.20-21.22.17:530][281]LogPlayLevel: PIE: StaticDuplicateObject took: (0.016657s)
[2017.07.20-21.22.17:530][281]LogAIModule: Creating AISystem for world Rainforest_Alien
[2017.07.20-21.22.17:530][281]LogPlayLevel: PIE: World Init took: (0.000648s)
[2017.07.20-21.22.17:531][281]LogPlayLevel: PIE: Created PIE world by copying editor world from /Game/2DSideScrollerBP/Maps/Levels/Rainforest_Alien.Rainforest_Alien to /Game/2DSideScrollerBP/Maps/Levels/UEDPIE_0_Rainforest_Alien.Rainforest_Alien (0.017623s)
[2017.07.20-21.22.17:550][281]LogInit: XAudio2 using 'Headphones (High Definition Audio Device)' : 2 channels at 48 kHz using 16 bits per sample (channel mask 0x3)
[2017.07.20-21.22.17:556][281]LogInit: FAudioDevice initialized.
[2017.07.20-21.22.17:607][281]LogLoad: Game class is '2DSideScrollerGameMode_C'
[2017.07.20-21.22.17:623][281]LogWorld: Bringing World /Game/2DSideScrollerBP/Maps/Levels/UEDPIE_0_Rainforest_Alien.Rainforest_Alien up for play (max tick rate 0) at 2017.07.20-15.22.17
[2017.07.20-21.22.17:636][281]LogWorld: Bringing up level for play took: 0.028058
[2017.07.20-21.22.17:651][281]PIE: Info Play in editor start time for /Game/2DSideScrollerBP/Maps/Levels/UEDPIE_0_Rainforest_Alien -0.01
[2017.07.20-21.23.40:668][895]BlueprintLog: New page: Compile BP_Platform_2
[2017.07.20-21.24.16:141][891]LogTemp: Repeting last play command: New Editor Window (PIE)
[2017.07.20-21.24.16:166][891]LogPlayLevel: PlayLevel: No blueprints needed recompiling
[2017.07.20-21.24.16:167][891]PIE: New page: PIE session: Rainforest_Alien (Jul 20, 2017, 9:24:16 AM)
[2017.07.20-21.24.16:167][891]LogPlayLevel: Creating play world package: /Game/2DSideScrollerBP/Maps/Levels/UEDPIE_0_Rainforest_Alien
[2017.07.20-21.24.16:184][891]LogPlayLevel: PIE: StaticDuplicateObject took: (0.017925s)
[2017.07.20-21.24.16:185][891]LogAIModule: Creating AISystem for world Rainforest_Alien
[2017.07.20-21.24.16:185][891]LogPlayLevel: PIE: World Init took: (0.000764s)
[2017.07.20-21.24.16:186][891]LogPlayLevel: PIE: Created PIE world by copying editor world from /Game/2DSideScrollerBP/Maps/Levels/Rainforest_Alien.Rainforest_Alien to /Game/2DSideScrollerBP/Maps/Levels/UEDPIE_0_Rainforest_Alien.Rainforest_Alien (0.019076s)
[2017.07.20-21.24.16:206][891]LogInit: XAudio2 using 'Headphones (High Definition Audio Device)' : 2 channels at 48 kHz using 16 bits per sample (channel mask 0x3)
[2017.07.20-21.24.16:212][891]LogInit: FAudioDevice initialized.
[2017.07.20-21.24.16:262][891]LogLoad: Game class is '2DSideScrollerGameMode_C'
[2017.07.20-21.24.16:278][891]LogWorld: Bringing World /Game/2DSideScrollerBP/Maps/Levels/UEDPIE_0_Rainforest_Alien.Rainforest_Alien up for play (max tick rate 0) at 2017.07.20-15.24.16
[2017.07.20-21.24.16:290][891]LogWorld: Bringing up level for play took: 0.027755
[2017.07.20-21.24.16:302][891]PIE: Info Play in editor start time for /Game/2DSideScrollerBP/Maps/Levels/UEDPIE_0_Rainforest_Alien 0.641
[2017.07.20-21.24.28:134][171]LogEditorTransaction: Undo Mouse Drag
[2017.07.20-21.24.28:370][190]LogEditorTransaction: Undo Mouse Drag
[2017.07.20-21.24.42:464][836]BlueprintLog: New page: Compile BP_Platform_2
[2017.07.20-21.24.43:530][943]LogTemp: Repeting last play command: New Editor Window (PIE)
[2017.07.20-21.24.43:556][943]LogPlayLevel: PlayLevel: No blueprints needed recompiling
[2017.07.20-21.24.43:556][943]PIE: New page: PIE session: Rainforest_Alien (Jul 20, 2017, 9:24:43 AM)
[2017.07.20-21.24.43:557][943]LogPlayLevel: Creating play world package: /Game/2DSideScrollerBP/Maps/Levels/UEDPIE_0_Rainforest_Alien
[2017.07.20-21.24.43:575][943]LogPlayLevel: PIE: StaticDuplicateObject took: (0.018501s)
[2017.07.20-21.24.43:575][943]LogAIModule: Creating AISystem for world Rainforest_Alien
[2017.07.20-21.24.43:576][943]LogPlayLevel: PIE: World Init took: (0.000590s)
[2017.07.20-21.24.43:576][943]LogPlayLevel: PIE: Created PIE world by copying editor world from /Game/2DSideScrollerBP/Maps/Levels/Rainforest_Alien.Rainforest_Alien to /Game/2DSideScrollerBP/Maps/Levels/UEDPIE_0_Rainforest_Alien.Rainforest_Alien (0.019458s)
[2017.07.20-21.24.43:595][943]LogInit: XAudio2 using 'Headphones (High Definition Audio Device)' : 2 channels at 48 kHz using 16 bits per sample (channel mask 0x3)
[2017.07.20-21.24.43:601][943]LogInit: FAudioDevice initialized.
[2017.07.20-21.24.43:655][943]LogLoad: Game class is '2DSideScrollerGameMode_C'
[2017.07.20-21.24.43:672][943]LogWorld: Bringing World /Game/2DSideScrollerBP/Maps/Levels/UEDPIE_0_Rainforest_Alien.Rainforest_Alien up for play (max tick rate 0) at 2017.07.20-15.24.43
[2017.07.20-21.24.43:687][943]LogWorld: Bringing up level for play took: 0.030324
[2017.07.20-21.24.43:701][943]PIE: Info Play in editor start time for /Game/2DSideScrollerBP/Maps/Levels/UEDPIE_0_Rainforest_Alien 0.039
[2017.07.20-21.25.04:636][107]LogSavePackage: Save=30.77ms
[2017.07.20-21.25.04:636][107]LogSavePackage: Moving '../../../../../../Users/Justin Wells/Documents/Unreal Projects/InsertNameAdventure/DatBoiEntertainmetnGame/Saved/BP_Platform_2C1AC7F634FE8CCD3C2D13A8171F312BE.tmp' to '../../../../../../Users/Justin Wells/Documents/Unreal Projects/InsertNameAdventure/DatBoiEntertainmetnGame/Content/2DSideScrollerBP/Maps/Levels/LevelSprites/Platforms/BP_Platform_2.uasset'
[2017.07.20-21.25.04:667][107]LogSavePackage:Display: Finished SavePackage ../../../../../../Users/Justin Wells/Documents/Unreal Projects/InsertNameAdventure/DatBoiEntertainmetnGame/Content/2DSideScrollerBP/Maps/Levels/LevelSprites/Platforms/BP_Platform_2.uasset
[2017.07.20-21.25.05:228][107]LogSavePackage: Save=465.76ms
[2017.07.20-21.25.05:228][107]LogSavePackage: Moving '../../../../../../Users/Justin Wells/Documents/Unreal Projects/InsertNameAdventure/DatBoiEntertainmetnGame/Saved/Rainforest_Alien5B712AC74DA2C80C0658D397F9B94340.tmp' to '../../../../../../Users/Justin Wells/Documents/Unreal Projects/InsertNameAdventure/DatBoiEntertainmetnGame/Content/2DSideScrollerBP/Maps/Levels/Rainforest_Alien.umap'
[2017.07.20-21.25.05:231][107]LogSavePackage:Display: Finished SavePackage ../../../../../../Users/Justin Wells/Documents/Unreal Projects/InsertNameAdventure/DatBoiEntertainmetnGame/Content/2DSideScrollerBP/Maps/Levels/Rainforest_Alien.umap
[2017.07.20-21.25.05:279][107]LogFileHelpers: Saving map 'Rainforest_Alien' took 0.608
[2017.07.20-21.25.05:406][107]LogWindowsTextInputMethodSystem:Display: IME system now deactivated.
[2017.07.20-21.25.05:598][108]Cmd: QUIT_EDITOR
[2017.07.20-21.25.05:861][108]LogExit: Preparing to exit.
[2017.07.20-21.25.06:245][108]LogDirectoryWatcher: A directory notification for 'C:/Users/Justin Wells/Documents/Unreal Projects/InsertNameAdventure/DatBoiEntertainmetnGame/Content/' was aborted.
[2017.07.20-21.25.06:287][108]LogExit: Editor shut down
[2017.07.20-21.25.06:294][108]LogExit: Transaction tracking system shut down
[2017.07.20-21.25.06:426][108]LogObj: Freed 0b from 0 cluster array pools.
[2017.07.20-21.25.06:427][108]LogExit: Object subsystem successfully closed.
[2017.07.20-21.25.06:450][108]LogD3D11RHI: Shutdown
[2017.07.20-21.25.06:450][108]LogD3D11RHI: CleanupD3DDevice
[2017.07.20-21.25.06:518][108]LogD3D11RHI: ~FD3D11DynamicRHI
[2017.07.20-21.25.06:554][108]LogModuleManager: Shutting down and abandoning module BlueprintGraph (530)
[2017.07.20-21.25.06:554][108]LogModuleManager: Shutting down and abandoning module BlueprintProfiler (528)
[2017.07.20-21.25.06:555][108]LogModuleManager: Shutting down and abandoning module MovieSceneCapture (526)
[2017.07.20-21.25.06:555][108]LogModuleManager: Shutting down and abandoning module HierarchicalLODOutliner (524)
[2017.07.20-21.25.06:556][108]LogModuleManager: Shutting down and abandoning module CrashTracker (522)
[2017.07.20-21.25.06:556][108]LogModuleManager: Shutting down and abandoning module SceneOutliner (520)
[2017.07.20-21.25.06:556][108]LogModuleManager: Shutting down and abandoning module AddContentDialog (518)
[2017.07.20-21.25.06:556][108]LogDirectoryWatcher: A directory notification for 'C:/Program Files/Epic Games/UE_4.16/FeaturePacks/' was aborted.
[2017.07.20-21.25.06:557][108]LogModuleManager: Shutting down and abandoning module WidgetCarousel (517)
[2017.07.20-21.25.06:557][108]LogModuleManager: Shutting down and abandoning module EditorWidgets (514)
[2017.07.20-21.25.06:557][108]LogModuleManager: Shutting down and abandoning module CollectionManager (512)
[2017.07.20-21.25.06:557][108]LogDirectoryWatcher: A directory notification for 'C:/Users/Justin Wells/Documents/Unreal Projects/InsertNameAdventure/DatBoiEntertainmetnGame/Content/Collections/' was aborted.
[2017.07.20-21.25.06:557][108]LogDirectoryWatcher: A directory notification for 'C:/Users/Justin Wells/Documents/Unreal Projects/InsertNameAdventure/DatBoiEntertainmetnGame/Content/Developers/JustinWells20/Collections/' was aborted.
[2017.07.20-21.25.06:557][108]LogDirectoryWatcher: A directory notification for 'C:/Users/Justin Wells/Documents/Unreal Projects/InsertNameAdventure/DatBoiEntertainmetnGame/Saved/Collections/' was aborted.
[2017.07.20-21.25.06:558][108]LogModuleManager: Shutting down and abandoning module StatsViewer (510)
[2017.07.20-21.25.06:558][108]LogModuleManager: Shutting down and abandoning module FoliageEdit (508)
[2017.07.20-21.25.06:558][108]LogModuleManager: Shutting down and abandoning module LandscapeEditor (506)
[2017.07.20-21.25.06:559][108]LogModuleManager: Shutting down and abandoning module MeshPaintMode (504)
[2017.07.20-21.25.06:559][108]LogModuleManager: Shutting down and abandoning module SceneDepthPickerMode (502)
[2017.07.20-21.25.06:559][108]LogModuleManager: Shutting down and abandoning module ActorPickerMode (500)
[2017.07.20-21.25.06:559][108]LogModuleManager: Shutting down and abandoning module GeometryMode (498)
[2017.07.20-21.25.06:559][108]LogModuleManager: Shutting down and abandoning module TextureAlignMode (496)
[2017.07.20-21.25.06:559][108]LogModuleManager: Shutting down and abandoning module BspMode (494)
[2017.07.20-21.25.06:559][108]LogModuleManager: Shutting down and abandoning module HardwareSurvey (492)
[2017.07.20-21.25.06:559][108]LogModuleManager: Shutting down and abandoning module SequenceRecorderSections (490)
[2017.07.20-21.25.06:559][108]LogModuleManager: Shutting down and abandoning module AutomationWorker (488)
[2017.07.20-21.25.06:560][108]LogModuleManager: Shutting down and abandoning module MatineeToLevelSequence (486)
[2017.07.20-21.25.06:560][108]LogModuleManager: Shutting down and abandoning module LevelSequenceEditor (484)
[2017.07.20-21.25.06:562][108]LogModuleManager: Shutting down and abandoning module PlacementMode (483)
[2017.07.20-21.25.06:562][108]LogModuleManager: Shutting down and abandoning module WmfMediaFactory (480)
[2017.07.20-21.25.06:562][108]LogModuleManager: Shutting down and abandoning module WmfMediaEditor (478)
[2017.07.20-21.25.06:562][108]LogModuleManager: Shutting down and abandoning module AvfMediaFactory (476)
[2017.07.20-21.25.06:562][108]LogModuleManager: Shutting down and abandoning module AvfMediaEditor (474)
[2017.07.20-21.25.06:562][108]LogModuleManager: Shutting down and abandoning module AndroidMediaFactory (472)
[2017.07.20-21.25.06:562][108]LogModuleManager: Shutting down and abandoning module Media (471)
[2017.07.20-21.25.06:562][108]LogModuleManager: Shutting down and abandoning module AndroidMediaEditor (468)
[2017.07.20-21.25.06:562][108]LogModuleManager: Shutting down and abandoning module CharacterAI (466)
[2017.07.20-21.25.06:562][108]LogModuleManager: Shutting down and abandoning module AudioCapture (464)
[2017.07.20-21.25.06:562][108]LogModuleManager: Shutting down and abandoning module SequenceRecorder (463)
[2017.07.20-21.25.06:563][108]LogModuleManager: Shutting down and abandoning module SmartSnapping (460)
[2017.07.20-21.25.06:563][108]LogModuleManager: Shutting down and abandoning module SessionServices (458)
[2017.07.20-21.25.06:563][108]LogModuleManager: Shutting down and abandoning module ViewportSnapping (456)
[2017.07.20-21.25.06:563][108]LogModuleManager: Shutting down and abandoning module ViewportInteraction (454)
[2017.07.20-21.25.06:563][108]LogModuleManager: Shutting down and abandoning module ClothPainter (452)
[2017.07.20-21.25.06:565][108]LogModuleManager: Shutting down and abandoning module LogVisualizer (450)
[2017.07.20-21.25.06:566][108]LogModuleManager: Shutting down and abandoning module IntroTutorials (448)
[2017.07.20-21.25.06:567][108]LogModuleManager: Shutting down and abandoning module GameProjectGeneration (447)
[2017.07.20-21.25.06:568][108]LogModuleManager: Shutting down and abandoning module EditorLiveStreaming (444)
[2017.07.20-21.25.06:568][108]LogModuleManager: Shutting down and abandoning module IOSPlatformEditor (442)
[2017.07.20-21.25.06:568][108]LogModuleManager: Shutting down and abandoning module HTML5PlatformEditor (440)
[2017.07.20-21.25.06:568][108]LogModuleManager: Shutting down and abandoning module AndroidPlatformEditor (438)
[2017.07.20-21.25.06:568][108]LogModuleManager: Shutting down and abandoning module AndroidDeviceDetection (437)
[2017.07.20-21.25.07:255][108]LogModuleManager: Shutting down and abandoning module IOSRuntimeSettings (434)
[2017.07.20-21.25.07:255][108]LogModuleManager: Shutting down and abandoning module AndroidRuntimeSettings (432)
[2017.07.20-21.25.07:255][108]LogModuleManager: Shutting down and abandoning module InputBindingEditor (430)
[2017.07.20-21.25.07:258][108]LogModuleManager: Shutting down and abandoning module MergeActors (428)
[2017.07.20-21.25.07:259][108]LogModuleManager: Shutting down and abandoning module SizeMap (426)
[2017.07.20-21.25.07:259][108]LogModuleManager: Shutting down and abandoning module TreeMap (424)
[2017.07.20-21.25.07:259][108]LogModuleManager: Shutting down and abandoning module ReferenceViewer (422)
[2017.07.20-21.25.07:259][108]LogModuleManager: Shutting down and abandoning module LocalizationDashboard (420)
[2017.07.20-21.25.07:260][108]LogModuleManager: Shutting down and abandoning module LocalizationService (419)
[2017.07.20-21.25.07:261][108]LogModuleManager: Shutting down and abandoning module HardwareTargeting (416)
[2017.07.20-21.25.07:261][108]LogModuleManager: Shutting down and abandoning module DeviceProfileEditor (414)
[2017.07.20-21.25.07:261][108]LogModuleManager: Shutting down and abandoning module UndoHistory (412)
[2017.07.20-21.25.07:261][108]LogModuleManager: Shutting down and abandoning module UserFeedback (410)
[2017.07.20-21.25.07:261][108]LogModuleManager: Shutting down and abandoning module XmlParser (408)
[2017.07.20-21.25.07:262][108]LogModuleManager: Shutting down and abandoning module Blutility (406)
[2017.07.20-21.25.07:262][108]LogModuleManager: Shutting down and abandoning module ProjectSettingsViewer (404)
[2017.07.20-21.25.07:262][108]LogModuleManager: Shutting down and abandoning module ProjectTargetPlatformEditor (403)
[2017.07.20-21.25.07:262][108]LogModuleManager: Shutting down and abandoning module EditorSettingsViewer (400)
[2017.07.20-21.25.07:262][108]LogModuleManager: Shutting down and abandoning module SettingsEditor (398)
[2017.07.20-21.25.07:263][108]LogModuleManager: Shutting down and abandoning module ProjectLauncher (396)
[2017.07.20-21.25.07:264][108]LogModuleManager: Shutting down and abandoning module SessionFrontend (394)
[2017.07.20-21.25.07:264][108]LogModuleManager: Shutting down and abandoning module ProfilerClient (392)
[2017.07.20-21.25.07:265][108]LogModuleManager: Shutting down and abandoning module DeviceManager (390)
[2017.07.20-21.25.07:265][108]LogModuleManager: Shutting down and abandoning module TargetDeviceServices (389)
[2017.07.20-21.25.07:318][108]LogModuleManager: Shutting down and abandoning module AutomationController (386)
[2017.07.20-21.25.07:319][108]LogModuleManager: Shutting down and abandoning module AutomationWindow (384)
[2017.07.20-21.25.07:320][108]LogModuleManager: Shutting down and abandoning module Layers (382)
[2017.07.20-21.25.07:322][108]LogModuleManager: Shutting down and abandoning module ComponentVisualizers (380)
[2017.07.20-21.25.07:322][108]LogModuleManager: Shutting down and abandoning module DetailCustomizations (378)
[2017.07.20-21.25.07:322][108]LogModuleManager: Shutting down and abandoning module PackagesDialog (376)
[2017.07.20-21.25.07:322][108]LogModuleManager: Shutting down and abandoning module Persona (374)
[2017.07.20-21.25.07:324][108]LogModuleManager: Shutting down and abandoning module AdvancedPreviewScene (373)
[2017.07.20-21.25.07:324][108]LogModuleManager: Shutting down and abandoning module AnimGraph (371)
[2017.07.20-21.25.07:324][108]LogModuleManager: Shutting down and abandoning module Kismet (368)
[2017.07.20-21.25.07:335][108]LogModuleManager: Shutting down and abandoning module ClassViewer (366)
[2017.07.20-21.25.07:335][108]LogModuleManager: Shutting down and abandoning module Toolbox (364)
[2017.07.20-21.25.07:335][108]LogModuleManager: Shutting down and abandoning module ModuleUI (362)
[2017.07.20-21.25.07:336][108]LogModuleManager: Shutting down and abandoning module MovieSceneTools (360)
[2017.07.20-21.25.07:337][108]LogModuleManager: Shutting down and abandoning module OutputLog (358)
[2017.07.20-21.25.07:337][108]LogModuleManager: Shutting down and abandoning module GammaUI (356)
[2017.07.20-21.25.07:338][108]LogModuleManager: Shutting down and abandoning module Documentation (354)
[2017.07.20-21.25.07:338][108]LogModuleManager: Shutting down and abandoning module MovieSceneTracks (352)
[2017.07.20-21.25.07:338][108]LogModuleManager: Shutting down and abandoning module MovieScene (350)
[2017.07.20-21.25.07:338][108]LogModuleManager: Shutting down and abandoning module Niagara (348)
[2017.07.20-21.25.07:339][108]LogModuleManager: Shutting down and abandoning module NiagaraEditor (347)
[2017.07.20-21.25.07:341][108]LogModuleManager: Shutting down and abandoning module StreamingPauseRendering (344)
[2017.07.20-21.25.07:341][108]LogModuleManager: Shutting down and abandoning module AnalyticsET (342)
[2017.07.20-21.25.07:341][108]LogModuleManager: Shutting down and abandoning module PortalServices (340)
[2017.07.20-21.25.07:341][108]LogModuleManager: Shutting down and abandoning module PortalRpc (338)
[2017.07.20-21.25.07:341][108]LogModuleManager: Shutting down and abandoning module MessagingRpc (336)
[2017.07.20-21.25.07:341][108]LogModuleManager: Shutting down and abandoning module AIModule (334)
[2017.07.20-21.25.07:341][108]LogModuleManager: Shutting down and abandoning module GameplayDebugger (333)
[2017.07.20-21.25.07:341][108]LogModuleManager: Shutting down and abandoning module AITestSuite (331)
[2017.07.20-21.25.07:341][108]LogModuleManager: Shutting down and abandoning module ProfilerService (328)
[2017.07.20-21.25.07:372][108]LogModuleManager: Shutting down and abandoning module TaskGraph (326)
[2017.07.20-21.25.07:373][108]LogModuleManager: Shutting down and abandoning module SteamVRController (324)
[2017.07.20-21.25.07:373][108]LogModuleManager: Shutting down and abandoning module SteamVR (322)
[2017.07.20-21.25.07:373][108]LogModuleManager: Shutting down and abandoning module ProceduralMeshComponentEditor (320)
[2017.07.20-21.25.07:374][108]LogModuleManager: Shutting down and abandoning module ProceduralMeshComponent (318)
[2017.07.20-21.25.07:374][108]LogModuleManager: Shutting down and abandoning module OculusLibrary (316)
[2017.07.20-21.25.07:374][108]LogModuleManager: Shutting down and abandoning module OculusInput (314)
[2017.07.20-21.25.07:374][108]LogModuleManager: Shutting down and abandoning module MobilePatchingUtils (312)
[2017.07.20-21.25.07:374][108]LogModuleManager: Shutting down and abandoning module CustomMeshComponent (310)
[2017.07.20-21.25.07:374][108]LogModuleManager: Shutting down and abandoning module CableComponent (308)
[2017.07.20-21.25.07:374][108]LogModuleManager: Shutting down and abandoning module ArchVisCharacter (306)
[2017.07.20-21.25.07:374][108]LogModuleManager: Shutting down and abandoning module AndroidPermission (304)
[2017.07.20-21.25.07:374][108]LogModuleManager: Shutting down and abandoning module MediaPlayerEditor (300)
[2017.07.20-21.25.07:375][108]LogModuleManager: Shutting down and abandoning module HTML5Networking (298)
[2017.07.20-21.25.07:376][108]LogModuleManager: Shutting down and abandoning module AlembicImporter (296)
[2017.07.20-21.25.07:376][108]LogModuleManager: Shutting down and abandoning module AlembicLibrary (295)
[2017.07.20-21.25.07:376][108]LogModuleManager: Shutting down and abandoning module GeometryCache (294)
[2017.07.20-21.25.07:376][108]LogModuleManager: Shutting down and abandoning module GeometryCacheEd (293)
[2017.07.20-21.25.07:376][108]LogModuleManager: Shutting down and abandoning module SuperSearchEditor (288)
[2017.07.20-21.25.07:376][108]LogModuleManager: Shutting down and abandoning module SuperSearch (287)
[2017.07.20-21.25.07:376][108]LogModuleManager: Shutting down and abandoning module SpeedTreeImporter (284)
[2017.07.20-21.25.07:376][108]LogModuleManager: Shutting down and abandoning module PluginBrowser (282)
[2017.07.20-21.25.07:378][108]LogModuleManager: Shutting down and abandoning module MobileLauncherProfileWizard (280)
[2017.07.20-21.25.07:379][108]LogModuleManager: Shutting down and abandoning module VisualStudioSourceCodeAccess (278)
[2017.07.20-21.25.07:379][108]LogModuleManager: Shutting down and abandoning module DesktopPlatform (277)
[2017.07.20-21.25.07:379][108]LogModuleManager: Shutting down and abandoning module UObjectPlugin (274)
[2017.07.20-21.25.07:379][108]LogModuleManager: Shutting down and abandoning module SubversionSourceControl (272)
[2017.07.20-21.25.07:380][108]LogModuleManager: Shutting down and abandoning module PerforceSourceControl (270)
[2017.07.20-21.25.07:380][108]LogModuleManager: Shutting down and abandoning module GitSourceControl (268)
[2017.07.20-21.25.07:380][108]LogModuleManager: Shutting down and abandoning module SourceControl (267)
[2017.07.20-21.25.07:380][108]LogModuleManager: Shutting down and abandoning module LightPropagationVolumeEditor (264)
[2017.07.20-21.25.07:380][108]LogModuleManager: Shutting down and abandoning module PaperTiledImporter (262)
[2017.07.20-21.25.07:380][108]LogModuleManager: Shutting down and abandoning module PaperSpriteSheetImporter (260)
[2017.07.20-21.25.07:380][108]LogModuleManager: Shutting down and abandoning module Paper2DEditor (258)
[2017.07.20-21.25.07:381][108]LogModuleManager: Shutting down and abandoning module MeshPaint (257)
[2017.07.20-21.25.07:382][108]LogModuleManager: Shutting down and abandoning module LevelEditor (255)
[2017.07.20-21.25.07:383][108]LogModuleManager: Shutting down and abandoning module PixelInspectorModule (254)
[2017.07.20-21.25.07:384][108]LogModuleManager: Shutting down and abandoning module MainFrame (252)
[2017.07.20-21.25.07:384][108]LogModuleManager: Shutting down and abandoning module HotReload (251)
[2017.07.20-21.25.07:384][108]LogDirectoryWatcher: A directory notification for 'C:/Users/Justin Wells/Documents/Unreal Projects/InsertNameAdventure/DatBoiEntertainmetnGame/Binaries/Win64' was aborted.
[2017.07.20-21.25.07:385][108]LogModuleManager: Shutting down and abandoning module PhysXVehiclesEditor (246)
[2017.07.20-21.25.07:385][108]LogModuleManager: Shutting down and abandoning module PhysXVehicles (244)
[2017.07.20-21.25.07:386][108]LogModuleManager: Shutting down and abandoning module LocationServicesBPLibrary (242)
[2017.07.20-21.25.07:386][108]LogModuleManager: Shutting down and abandoning module ImmediatePhysicsEditor (240)
[2017.07.20-21.25.07:386][108]LogModuleManager: Shutting down and abandoning module ImmediatePhysics (238)
[2017.07.20-21.25.07:386][108]LogModuleManager: Shutting down and abandoning module UdpMessaging (236)
[2017.07.20-21.25.07:486][108]LogModuleManager: Shutting down and abandoning module TcpMessaging (234)
[2017.07.20-21.25.07:587][108]LogModuleManager: Shutting down and abandoning module GameplayTagsEditor (232)
[2017.07.20-21.25.07:588][108]LogModuleManager: Shutting down and abandoning module FacialAnimationEditor (230)
[2017.07.20-21.25.07:588][108]LogModuleManager: Shutting down and abandoning module FacialAnimation (228)
[2017.07.20-21.25.07:588][108]LogModuleManager: Shutting down and abandoning module AssetManagerEditor (226)
[2017.07.20-21.25.07:590][108]LogModuleManager: Shutting down and abandoning module GraphEditor (225)
[2017.07.20-21.25.07:590][108]LogModuleManager: Shutting down and abandoning module ContentBrowser (223)
[2017.07.20-21.25.07:592][108]LogModuleManager: Shutting down and abandoning module LightPropagationVolumeRuntime (220)
[2017.07.20-21.25.07:592][108]LogModuleManager: Shutting down and abandoning module Paper2D (218)
[2017.07.20-21.25.07:592][108]LogModuleManager: Shutting down and abandoning module WindowsMoviePlayer (216)
[2017.07.20-21.25.07:592][108]LogModuleManager: Shutting down and abandoning module WmfMedia (214)
[2017.07.20-21.25.07:593][108]LogModuleManager: Shutting down and abandoning module ClothingSystemEditor (212)
[2017.07.20-21.25.07:594][108]LogModuleManager: Shutting down and abandoning module ClothingSystemRuntime (210)
[2017.07.20-21.25.07:594][108]LogModuleManager: Shutting down and abandoning module MediaAssets (208)
[2017.07.20-21.25.07:594][108]LogModuleManager: Shutting down and abandoning module GameLiveStreaming (206)
[2017.07.20-21.25.07:595][108]LogModuleManager: Shutting down and abandoning module VREditor (204)
[2017.07.20-21.25.07:595][108]LogModuleManager: Shutting down and abandoning module StringTableEditor (202)
[2017.07.20-21.25.07:596][108]LogModuleManager: Shutting down and abandoning module GameplayTasksEditor (200)
[2017.07.20-21.25.07:596][108]LogModuleManager: Shutting down and abandoning module BehaviorTreeEditor (198)
[2017.07.20-21.25.07:598][108]LogModuleManager: Shutting down and abandoning module FunctionalTesting (196)
[2017.07.20-21.25.07:598][108]LogModuleManager: Shutting down and abandoning module CollisionAnalyzer (194)
[2017.07.20-21.25.07:599][108]LogModuleManager: Shutting down and abandoning module UMG (192)
[2017.07.20-21.25.07:599][108]LogModuleManager: Shutting down and abandoning module UMGEditor (191)
[2017.07.20-21.25.07:601][108]LogModuleManager: Shutting down and abandoning module Sequencer (190)
[2017.07.20-21.25.07:602][108]LogModuleManager: Shutting down and abandoning module AssetTools (188)
[2017.07.20-21.25.07:605][108]LogModuleManager: Shutting down and abandoning module MessageLog (187)
[2017.07.20-21.25.07:606][108]LogModuleManager: Shutting down and abandoning module WorkspaceMenuStructure (186)
[2017.07.20-21.25.07:606][108]LogModuleManager: Shutting down and abandoning module SlateReflector (180)
[2017.07.20-21.25.07:608][108]LogModuleManager: Shutting down and abandoning module Slate (178)
[2017.07.20-21.25.07:608][108]LogModuleManager: Shutting down and abandoning module EditorStyle (176)
[2017.07.20-21.25.07:613][108]LogModuleManager: Shutting down and abandoning module SourceCodeAccess (174)
[2017.07.20-21.25.07:613][108]LogModuleManager: Shutting down and abandoning module HeadMountedDisplay (172)
[2017.07.20-21.25.07:613][108]LogModuleManager: Shutting down and abandoning module XAudio2 (170)
[2017.07.20-21.25.07:613][108]LogModuleManager: Shutting down and abandoning module Networking (168)
[2017.07.20-21.25.07:613][108]LogModuleManager: Shutting down and abandoning module Core (164)
[2017.07.20-21.25.07:613][108]LogModuleManager: Shutting down and abandoning module AssetRegistry (162)
[2017.07.20-21.25.07:772][108]LogDirectoryWatcher: A directory notification for '../../../Engine/Content/' was aborted.
[2017.07.20-21.25.07:773][108]LogDirectoryWatcher: A directory notification for '../../../../../../Users/Justin Wells/Documents/Unreal Projects/InsertNameAdventure/DatBoiEntertainmetnGame/Content/' was aborted.
[2017.07.20-21.25.07:773][108]LogDirectoryWatcher: A directory notification for '../../../Engine/Plugins/2D/Paper2D/Content/' was aborted.
[2017.07.20-21.25.07:773][108]LogDirectoryWatcher: A directory notification for '../../../Engine/Plugins/Runtime/GearVR/Content/' was aborted.
[2017.07.20-21.25.07:776][108]LogModuleManager: Shutting down and abandoning module DirectoryWatcher (161)
[2017.07.20-21.25.07:777][108]LogModuleManager: Shutting down and abandoning module KismetCompiler (158)
[2017.07.20-21.25.07:777][108]LogModuleManager: Shutting down and abandoning module LevelSequence (156)
[2017.07.20-21.25.07:777][108]LogModuleManager: Shutting down and abandoning module PhysXFormats (154)
[2017.07.20-21.25.07:777][108]LogModuleManager: Shutting down and abandoning module MeshUtilities (152)
[2017.07.20-21.25.07:778][108]LogModuleManager: Shutting down and abandoning module SimplygonSwarm (151)
[2017.07.20-21.25.07:779][108]LogModuleManager: Shutting down and abandoning module SimplygonMeshReduction (149)
[2017.07.20-21.25.07:779][108]LogModuleManager: Shutting down and abandoning module QuadricMeshReduction (147)
[2017.07.20-21.25.07:779][108]LogModuleManager: Shutting down and abandoning module DerivedDataCache (144)
[2017.07.20-21.25.07:822][108]LogDerivedDataCache: Shutdown
[2017.07.20-21.25.07:822][108]LogModuleManager: Shutting down and abandoning module TargetPlatform (142)
[2017.07.20-21.25.07:822][108]LogModuleManager: Shutting down and abandoning module VulkanShaderFormat (141)
[2017.07.20-21.25.07:822][108]LogModuleManager: Shutting down and abandoning module ShaderFormatVectorVM (139)
[2017.07.20-21.25.07:823][108]LogModuleManager: Shutting down and abandoning module ShaderFormatOpenGL (137)
[2017.07.20-21.25.07:823][108]LogModuleManager: Shutting down and abandoning module ShaderFormatD3D (135)
[2017.07.20-21.25.07:824][108]LogModuleManager: Shutting down and abandoning module MetalShaderFormat (133)
[2017.07.20-21.25.07:824][108]LogModuleManager: Shutting down and abandoning module TextureFormatUncompressed (131)
[2017.07.20-21.25.07:824][108]LogModuleManager: Shutting down and abandoning module TextureFormatPVR (129)
[2017.07.20-21.25.07:824][108]LogModuleManager: Shutting down and abandoning module TextureFormatDXT (127)
[2017.07.20-21.25.07:824][108]LogModuleManager: Shutting down and abandoning module TextureFormatIntelISPCTexComp (125)
[2017.07.20-21.25.07:824][108]LogModuleManager: Shutting down and abandoning module TextureFormatASTC (123)
[2017.07.20-21.25.07:825][108]LogModuleManager: Shutting down and abandoning module ImageWrapper (122)
[2017.07.20-21.25.07:825][108]LogModuleManager: Shutting down and abandoning module TextureFormatAndroid (119)
[2017.07.20-21.25.07:825][108]LogModuleManager: Shutting down and abandoning module AudioFormatOpus (117)
[2017.07.20-21.25.07:825][108]LogModuleManager: Shutting down and abandoning module AudioFormatOgg (115)
[2017.07.20-21.25.07:825][108]LogModuleManager: Shutting down and abandoning module AudioFormatADPCM (113)
[2017.07.20-21.25.07:825][108]LogModuleManager: Shutting down and abandoning module LinuxTargetPlatform (111)
[2017.07.20-21.25.07:825][108]LogModuleManager: Shutting down and abandoning module LinuxServerTargetPlatform (109)
[2017.07.20-21.25.07:825][108]LogModuleManager: Shutting down and abandoning module LinuxNoEditorTargetPlatform (107)
[2017.07.20-21.25.07:825][108]LogModuleManager: Shutting down and abandoning module LinuxClientTargetPlatform (105)
[2017.07.20-21.25.07:825][108]LogModuleManager: Shutting down and abandoning module TVOSTargetPlatform (103)
[2017.07.20-21.25.07:825][108]LogModuleManager: Shutting down and abandoning module Messaging (101)
[2017.07.20-21.25.07:825][108]LogModuleManager: Shutting down and abandoning module IOSTargetPlatform (99)
[2017.07.20-21.25.07:825][108]LogModuleManager: Shutting down and abandoning module HTML5TargetPlatform (97)
[2017.07.20-21.25.07:825][108]LogModuleManager: Shutting down and abandoning module Android_PVRTCTargetPlatform (95)
[2017.07.20-21.25.07:825][108]LogModuleManager: Shutting down and abandoning module Android_MultiTargetPlatform (93)
[2017.07.20-21.25.07:825][108]LogModuleManager: Shutting down and abandoning module Android_ETC2TargetPlatform (91)
[2017.07.20-21.25.07:825][108]LogModuleManager: Shutting down and abandoning module Android_ETC1TargetPlatform (89)
[2017.07.20-21.25.07:825][108]LogModuleManager: Shutting down and abandoning module Android_DXTTargetPlatform (87)
[2017.07.20-21.25.07:826][108]LogModuleManager: Shutting down and abandoning module Android_ATCTargetPlatform (85)
[2017.07.20-21.25.07:826][108]LogModuleManager: Shutting down and abandoning module Android_ASTCTargetPlatform (83)
[2017.07.20-21.25.07:826][108]LogModuleManager: Shutting down and abandoning module AndroidTargetPlatform (81)
[2017.07.20-21.25.07:826][108]LogModuleManager: Shutting down and abandoning module WindowsTargetPlatform (79)
[2017.07.20-21.25.07:826][108]LogModuleManager: Shutting down and abandoning module WindowsServerTargetPlatform (77)
[2017.07.20-21.25.07:826][108]LogModuleManager: Shutting down and abandoning module WindowsNoEditorTargetPlatform (75)
[2017.07.20-21.25.07:826][108]LogModuleManager: Shutting down and abandoning module WindowsClientTargetPlatform (73)
[2017.07.20-21.25.07:826][108]LogModuleManager: Shutting down and abandoning module MacTargetPlatform (71)
[2017.07.20-21.25.07:826][108]LogModuleManager: Shutting down and abandoning module MacServerTargetPlatform (69)
[2017.07.20-21.25.07:826][108]LogModuleManager: Shutting down and abandoning module MacNoEditorTargetPlatform (67)
[2017.07.20-21.25.07:826][108]LogModuleManager: Shutting down and abandoning module MacClientTargetPlatform (65)
[2017.07.20-21.25.07:826][108]LogModuleManager: Shutting down and abandoning module AllDesktopTargetPlatform (63)
[2017.07.20-21.25.07:826][108]LogModuleManager: Shutting down and abandoning module InputCore (60)
[2017.07.20-21.25.07:826][108]LogModuleManager: Shutting down and abandoning module Settings (58)
[2017.07.20-21.25.07:826][108]LogModuleManager: Shutting down and abandoning module OculusRift (56)
[2017.07.20-21.25.07:826][108]LogModuleManager: Shutting down and abandoning module GearVRController (54)
[2017.07.20-21.25.07:826][108]LogModuleManager: Shutting down and abandoning module GearVR (52)
[2017.07.20-21.25.07:827][108]LogModuleManager: Shutting down and abandoning module ExampleDeviceProfileSelector (50)
[2017.07.20-21.25.07:827][108]LogModuleManager: Shutting down and abandoning module OnlineBlueprintSupport (48)
[2017.07.20-21.25.07:827][108]LogModuleManager: Shutting down and abandoning module OnlineSubsystem (44)
[2017.07.20-21.25.07:827][108]LogOnline:Display: Unloading online subsystem: NULL
[2017.07.20-21.25.07:827][108]LogModuleManager: Shutting down and abandoning module XMPP (43)
[2017.07.20-21.25.07:828][108]LogModuleManager: Shutting down and abandoning module HTTP (41)
[2017.07.20-21.25.07:828][108]LogHttp:Display: Http module shutting down, but needs to wait on 1 outstanding Http requests:
[2017.07.20-21.25.07:828][108]LogHttp:Display: 	verb=[POST] url=[https://datarouter.ol.epicgames.com/datarouter/api/v1/public/data?SessionID=%7BDBC092B2-4DF7-D3B4-446A-6D9E72D8C67B%7D&AppID=UEEditor.Rocket.Release&AppVersion=4.16.0-3452394%2B%2B%2BUE4%2BRelease-4.16&UserID=520fd5774504bba7d7d4dfbb2efd774d%7C3ef35b30eb8d444d8e26d7fb1794d4bf%7C7a44e29e-0876-4249-91a8-eb020dafba7b&AppEnvironment=datacollector-binary&UploadType=eteventstream] status=Processing
[2017.07.20-21.25.07:848][108]LogModuleManager: Shutting down and abandoning module SSL (40)
[2017.07.20-21.25.07:850][108]LogModuleManager: Shutting down and abandoning module HTTPChunkInstaller (36)
[2017.07.20-21.25.07:851][108]LogModuleManager: Shutting down and abandoning module AnimationModifiers (34)
[2017.07.20-21.25.07:851][108]LogModuleManager: Shutting down and abandoning module PropertyEditor (33)
[2017.07.20-21.25.07:851][108]LogModuleManager: Shutting down and abandoning module AudioEditor (30)
[2017.07.20-21.25.07:852][108]LogModuleManager: Shutting down and abandoning module TextureCompressor (28)
[2017.07.20-21.25.07:852][108]LogModuleManager: Shutting down and abandoning module ShaderCore (26)
[2017.07.20-21.25.07:852][108]LogModuleManager: Shutting down and abandoning module Landscape (24)
[2017.07.20-21.25.07:852][108]LogModuleManager: Shutting down and abandoning module SlateRHIRenderer (22)
[2017.07.20-21.25.07:854][108]LogModuleManager: Shutting down and abandoning module OpenGLDrv (20)
[2017.07.20-21.25.07:855][108]LogModuleManager: Shutting down and abandoning module D3D11RHI (18)
[2017.07.20-21.25.07:855][108]LogModuleManager: Shutting down and abandoning module AnimGraphRuntime (16)
[2017.07.20-21.25.07:855][108]LogModuleManager: Shutting down and abandoning module Renderer (14)
[2017.07.20-21.25.07:855][108]LogModuleManager: Shutting down and abandoning module Engine (12)
[2017.07.20-21.25.07:855][108]LogModuleManager: Shutting down and abandoning module CoreUObject (10)
[2017.07.20-21.25.07:855][108]LogModuleManager: Shutting down and abandoning module NetworkFile (8)
[2017.07.20-21.25.07:855][108]LogModuleManager: Shutting down and abandoning module StreamingFile (6)
[2017.07.20-21.25.07:855][108]LogModuleManager: Shutting down and abandoning module SandboxFile (4)
[2017.07.20-21.25.07:855][108]LogModuleManager: Shutting down and abandoning module PakFile (2)
[2017.07.20-21.25.07:858][108]LogExit: Exiting.
[2017.07.20-21.25.07:882][108]Log file closed, 07/20/17 15:25:07
