Log file open, 09/26/17 11:16:08
LogWindows: LoadLibraryWithSearchPaths failed for file aqProf.dll. GetLastError=0
LogWindows: LoadLibraryWithSearchPaths failed for file VSPerf140.dll. GetLastError=0
LogWindows: LoadLibraryWithSearchPaths failed for file VtuneApi.dll. GetLastError=0
LogWindows: LoadLibraryWithSearchPaths failed for file VtuneApi32e.dll. GetLastError=0
LogInit: Display: Running engine for game: InsertNameAdventure
LogPlatformFile: Not using cached read wrapper
LogInit: Display: RandInit(-857448964) SRandInit(-857448964).
LogTaskGraph: Started task graph with 5 named threads and 14 total threads with 3 sets of task threads.
LogStats: Stats thread started at 0.161210
LogD3D11RHI: Aftermath initialized
LogPluginManager: Mounting plugin Paper2D
LogPluginManager: Mounting plugin LightPropagationVolume
LogPluginManager: Mounting plugin CodeLiteSourceCodeAccess
LogPluginManager: Mounting plugin GitSourceControl
LogPluginManager: Mounting plugin KDevelopSourceCodeAccess
LogPluginManager: Mounting plugin NullSourceCodeAccess
LogPluginManager: Mounting plugin PerforceSourceControl
LogPluginManager: Mounting plugin SubversionSourceControl
LogPluginManager: Mounting plugin UObjectPlugin
LogPluginManager: Mounting plugin VisualStudioSourceCodeAccess
LogPluginManager: Mounting plugin XCodeSourceCodeAccess
LogPluginManager: Mounting plugin AssetManagerEditor
LogPluginManager: Mounting plugin AudioCapture
LogPluginManager: Mounting plugin FacialAnimation
LogPluginManager: Mounting plugin GameplayTagsEditor
LogPluginManager: Mounting plugin MobileLauncherProfileWizard
LogPluginManager: Mounting plugin PluginBrowser
LogPluginManager: Mounting plugin SpeedTreeImporter
LogPluginManager: Mounting plugin AlembicImporter
LogPluginManager: Mounting plugin CharacterAI
LogPluginManager: Mounting plugin HTML5Networking
LogPluginManager: Mounting plugin AndroidMedia
LogPluginManager: Mounting plugin AvfMedia
LogPluginManager: Mounting plugin MediaPlayerEditor
LogPluginManager: Mounting plugin WmfMedia
LogPluginManager: Mounting plugin TcpMessaging
LogPluginManager: Mounting plugin UdpMessaging
LogPluginManager: Mounting plugin LevelSequenceEditor
LogPluginManager: Mounting plugin MatineeToLevelSequence
LogPluginManager: Mounting plugin OnlineSubsystemGooglePlay
LogPluginManager: Mounting plugin OnlineSubsystemIOS
LogPluginManager: Mounting plugin OnlineSubsystem
LogPluginManager: Mounting plugin OnlineSubsystemNull
LogPluginManager: Mounting plugin OnlineSubsystemUtils
LogPluginManager: Mounting plugin AndroidDeviceProfileSelector
LogPluginManager: Mounting plugin AndroidMoviePlayer
LogPluginManager: Mounting plugin AndroidPermission
LogPluginManager: Mounting plugin AppleMoviePlayer
LogPluginManager: Mounting plugin ArchVisCharacter
LogPluginManager: Mounting plugin CableComponent
LogPluginManager: Mounting plugin CustomMeshComponent
LogPluginManager: Mounting plugin ExampleDeviceProfileSelector
LogPluginManager: Mounting plugin GoogleCloudMessaging
LogPluginManager: Mounting plugin ImmediatePhysics
LogPluginManager: Mounting plugin IOSDeviceProfileSelector
LogPluginManager: Mounting plugin LinuxDeviceProfileSelector
LogPluginManager: Mounting plugin LocationServicesBPLibrary
LogPluginManager: Mounting plugin MobilePatchingUtils
LogPluginManager: Mounting plugin OculusVR
LogPluginManager: Mounting plugin PhysXVehicles
LogPluginManager: Mounting plugin ProceduralMeshComponent
LogPluginManager: Mounting plugin RuntimePhysXCooking
LogPluginManager: Mounting plugin SteamVR
LogPluginManager: Mounting plugin WindowsMoviePlayer
LogInit: Using libcurl 7.47.1
LogInit:  - built for x86_64-pc-win32
LogInit:  - supports SSL with OpenSSL/1.0.2g
LogInit:  - supports HTTP deflate (compression) using libz 1.2.8
LogInit:  - other features:
LogInit:      CURL_VERSION_SSL
LogInit:      CURL_VERSION_LIBZ
LogInit:      CURL_VERSION_IPV6
LogInit:      CURL_VERSION_ASYNCHDNS
LogInit:      CURL_VERSION_LARGEFILE
LogInit:      CURL_VERSION_IDN
LogInit:  CurlRequestOptions (configurable via config and command line):
LogInit:  - bVerifyPeer = false  - Libcurl will NOT verify peer certificate
LogInit:  - bUseHttpProxy = false  - Libcurl will NOT use HTTP proxy
LogInit:  - bDontReuseConnections = false  - Libcurl will reuse connections
LogInit:  - CertBundlePath = nullptr  - Libcurl will use whatever was configured at build time.
LogInit: Build: ++UE4+Release-4.17-CL-3586342
LogInit: Engine Version: 4.17.1-3586342+++UE4+Release-4.17
LogInit: Compatible Engine Version: 4.17.0-3573198+++UE4+Release-4.17
LogInit: Net CL: 3573198
LogDevObjectVersion: Number of dev versions registered: 16
LogDevObjectVersion:   Dev-Blueprints (B0D832E4-1F89-4F0D-ACCF-7EB736FD4AA2): 10
LogDevObjectVersion:   Dev-Build (E1C64328-A22C-4D53-A36C-8E866417BD8C): 0
LogDevObjectVersion:   Dev-Core (375EC13C-06E4-48FB-B500-84F0262A717E): 2
LogDevObjectVersion:   Dev-Editor (E4B068ED-F494-42E9-A231-DA0B2E46BB41): 20
LogDevObjectVersion:   Dev-Framework (CFFC743F-43B0-4480-9391-14DF171D2073): 28
LogDevObjectVersion:   Dev-Mobile (B02B49B5-BB20-44E9-A304-32B752E40360): 0
LogDevObjectVersion:   Dev-Networking (A4E4105C-59A1-49B5-A7C5-40C4547EDFEE): 0
LogDevObjectVersion:   Dev-Online (39C831C9-5AE6-47DC-9A44-9C173E1C8E7C): 0
LogDevObjectVersion:   Dev-Physics (78F01B33-EBEA-4F98-B9B4-84EACCB95AA2): 0
LogDevObjectVersion:   Dev-Platform (6631380F-2D4D-43E0-8009-CF276956A95A): 0
LogDevObjectVersion:   Dev-Rendering (12F88B9F-8875-4AFC-A67C-D90C383ABD29): 19
LogDevObjectVersion:   Dev-Sequencer (7B5AE74C-D270-4C10-A958-57980B212A5A): 4
LogDevObjectVersion:   Dev-VR (D7296918-1DD6-4BDD-9DE2-64A83CC13884): 0
LogDevObjectVersion:   Dev-LoadTimes (C2A15278-BFE7-4AFE-6C17-90FF531DF755): 1
LogDevObjectVersion:   Private-Geometry (6EACA3D4-40EC-4CC1-B786-8BED09428FC5): 1
LogDevObjectVersion:   Dev-AnimPhys (29E575DD-E0A3-4627-9D10-D276232CDCEA): 7
LogInit: Compiled (64-bit): Aug 15 2017 02:05:26
LogInit: Compiled with Visual C++: 19.00.24215.01
LogInit: Build Configuration: Development
LogInit: Branch Name: ++UE4+Release-4.17
LogInit: Command line:  
LogInit: Base directory: C:/Program Files/Epic Games/UE_4.17/Engine/Binaries/Win64/
LogInit: Installed Engine Build: 1
LogInit: Presizing for max 8388607 objects, including 0 objects not considered by GC, pre-allocating 0 bytes for permanent pool.
LogInit: Object subsystem initialized
[2017.09.26-17.16.09:017][  0]LogInit: Selected Device Profile: [Windows]
[2017.09.26-17.16.09:017][  0]LogInit: Applying CVar settings loaded from the selected device profile: [Windows]
[2017.09.26-17.16.09:090][  0]LogInit: Computer: DESKTOP-OMJHMSB
[2017.09.26-17.16.09:090][  0]LogInit: User: rajjj
[2017.09.26-17.16.09:090][  0]LogInit: CPU Page size=4096, Cores=4
[2017.09.26-17.16.09:090][  0]LogInit: High frequency timer resolution =3.328130 MHz
[2017.09.26-17.16.09:091][  0]LogMemory: Memory total: Physical=15.9GB (16GB approx)
[2017.09.26-17.16.09:091][  0]LogMemory: Platform Memory Stats for Windows
[2017.09.26-17.16.09:091][  0]LogMemory: Process Physical Memory: 279.80 MB used, 279.80 MB peak
[2017.09.26-17.16.09:091][  0]LogMemory: Process Virtual Memory: 276.00 MB used, 276.00 MB peak
[2017.09.26-17.16.09:091][  0]LogMemory: Physical Memory: 5576.02 MB used,  10745.71 MB free, 16321.74 MB total
[2017.09.26-17.16.09:091][  0]LogMemory: Virtual Memory: 669.97 MB used,  10745.71 MB free, 134217728.00 MB total
[2017.09.26-17.16.09:402][  0]LogInit: Using OS detected language (en-US).
[2017.09.26-17.16.09:402][  0]LogInit: Using OS detected locale (en-US).
[2017.09.26-17.16.09:448][  0]LogTextLocalizationManager: No specific localization for 'en-US' exists, so the 'en' localization will be used.
[2017.09.26-17.16.11:690][  0]LogD3D11RHI: D3D11 adapters:
[2017.09.26-17.16.12:219][  0]LogD3D11RHI:    0. 'NVIDIA GeForce GTX 1070' (Feature Level 11_0)
[2017.09.26-17.16.12:219][  0]LogD3D11RHI:       8085/0/8160 MB DedicatedVideo/DedicatedSystem/SharedSystem, Outputs:2, VendorId:0x10de
[2017.09.26-17.16.12:221][  0]LogD3D11RHI:    1. 'Microsoft Basic Render Driver' (Feature Level 11_0)
[2017.09.26-17.16.12:221][  0]LogD3D11RHI:       0/0/8160 MB DedicatedVideo/DedicatedSystem/SharedSystem, Outputs:0, VendorId:0x1414
[2017.09.26-17.16.12:221][  0]LogD3D11RHI: Chosen D3D11 Adapter: 0
[2017.09.26-17.16.12:227][  0]LogD3D11RHI: Creating new Direct3DDevice
[2017.09.26-17.16.12:227][  0]LogD3D11RHI:     GPU DeviceId: 0x1b81 (for the marketing name, search the web for "GPU Device Id")
[2017.09.26-17.16.12:227][  0]LogWindows: EnumDisplayDevices:
[2017.09.26-17.16.12:227][  0]LogWindows:    0. 'NVIDIA GeForce GTX 1070' (P:0 D:1)
[2017.09.26-17.16.12:227][  0]LogWindows:    1. 'NVIDIA GeForce GTX 1070' (P:1 D:1)
[2017.09.26-17.16.12:227][  0]LogWindows:    2. 'NVIDIA GeForce GTX 1070' (P:0 D:0)
[2017.09.26-17.16.12:227][  0]LogWindows:    3. 'NVIDIA GeForce GTX 1070' (P:0 D:0)
[2017.09.26-17.16.12:227][  0]LogWindows: DebugString: FoundDriverCount:4 
[2017.09.26-17.16.12:227][  0]LogD3D11RHI:     Adapter Name: NVIDIA GeForce GTX 1070
[2017.09.26-17.16.12:227][  0]LogD3D11RHI:   Driver Version: 385.28 (internal:22.21.13.8528, unified:385.28)
[2017.09.26-17.16.12:227][  0]LogD3D11RHI:      Driver Date: 8-9-2017
[2017.09.26-17.16.12:227][  0]LogRHI: Texture pool is 1361 MB (70% of 1945 MB)
[2017.09.26-17.16.12:716][  0]LogD3D11RHI: Async texture creation enabled
[2017.09.26-17.16.12:761][  0]LogD3D11RHI: GPU Timing Frequency: 1000.000000 (Debug: 2 1)
[2017.09.26-17.16.12:810][  0]LogShaderCompilers: Guid format shader working directory is -35 characters bigger than the processId version (../../../../../../Users/rajjj/OneDrive/Documents/GitHub/DatBoiEntertainmetnGame_/Intermediate/Shaders/WorkingDirectory/20836/).
[2017.09.26-17.16.12:810][  0]LogShaderCompilers: Cleaned the shader compiler working directory 'C:/Users/rajjj/AppData/Local/Temp/UnrealShaderWorkingDir/385BF4804097D0AFE9A48490DAB30748/'.
[2017.09.26-17.16.12:810][  0]LogShaderCompilers: Display: Using Local Shader Compiler.
[2017.09.26-17.16.13:579][  0]LogTemp: Display: Loaded TP AllDesktopTargetPlatform
[2017.09.26-17.16.13:622][  0]LogTemp: Display: Loaded TP MacClientTargetPlatform
[2017.09.26-17.16.13:667][  0]LogTemp: Display: Loaded TP MacNoEditorTargetPlatform
[2017.09.26-17.16.13:711][  0]LogTemp: Display: Loaded TP MacServerTargetPlatform
[2017.09.26-17.16.13:759][  0]LogTemp: Display: Loaded TP MacTargetPlatform
[2017.09.26-17.16.13:803][  0]LogTemp: Display: Loaded TP WindowsClientTargetPlatform
[2017.09.26-17.16.13:846][  0]LogTemp: Display: Loaded TP WindowsNoEditorTargetPlatform
[2017.09.26-17.16.13:889][  0]LogTemp: Display: Loaded TP WindowsServerTargetPlatform
[2017.09.26-17.16.13:926][  0]LogTemp: Display: Loaded TP WindowsTargetPlatform
[2017.09.26-17.16.13:971][  0]LogTemp: Display: Loaded TP AndroidTargetPlatform
[2017.09.26-17.16.14:015][  0]LogTemp: Display: Loaded TP Android_ASTCTargetPlatform
[2017.09.26-17.16.14:060][  0]LogTemp: Display: Loaded TP Android_ATCTargetPlatform
[2017.09.26-17.16.14:103][  0]LogTemp: Display: Loaded TP Android_DXTTargetPlatform
[2017.09.26-17.16.14:144][  0]LogTemp: Display: Loaded TP Android_ETC1TargetPlatform
[2017.09.26-17.16.14:185][  0]LogTemp: Display: Loaded TP Android_ETC2TargetPlatform
[2017.09.26-17.16.14:270][  0]LogTemp: Display: Loaded TP Android_MultiTargetPlatform
[2017.09.26-17.16.14:270][  0]LogTemp: Display: Loaded TP Android_PVRTCTargetPlatform
[2017.09.26-17.16.14:302][  0]LogTemp: Display: Loaded TP HTML5TargetPlatform
[2017.09.26-17.16.14:391][  0]LogTemp: Display: Loaded TP IOSTargetPlatform
[2017.09.26-17.16.14:417][  0]LogTemp: Display: Loaded TP TVOSTargetPlatform
[2017.09.26-17.16.14:459][  0]LogTemp: Display: Loaded TP LinuxClientTargetPlatform
[2017.09.26-17.16.14:501][  0]LogTemp: Display: Loaded TP LinuxNoEditorTargetPlatform
[2017.09.26-17.16.14:544][  0]LogTemp: Display: Loaded TP LinuxServerTargetPlatform
[2017.09.26-17.16.14:588][  0]LogTemp: Display: Loaded TP LinuxTargetPlatform
[2017.09.26-17.16.14:588][  0]LogTargetPlatformManager: Display: Building Assets For Windows
[2017.09.26-17.16.15:083][  0]LogDerivedDataCache: Display: Max Cache Size: 512 MB
[2017.09.26-17.16.15:168][  0]LogDerivedDataCache: Loaded boot cache 0.09s 93MB C:/Users/rajjj/AppData/Local/UnrealEngine/4.17/DerivedDataCache/Boot.ddc.
[2017.09.26-17.16.15:168][  0]LogDerivedDataCache: Display: Loaded Boot cache: C:/Users/rajjj/AppData/Local/UnrealEngine/4.17/DerivedDataCache/Boot.ddc
[2017.09.26-17.16.15:169][  0]LogDerivedDataCache: FDerivedDataBackendGraph:  Pak pak cache file ../../../../../../Users/rajjj/OneDrive/Documents/GitHub/DatBoiEntertainmetnGame_/DerivedDataCache/DDC.ddp not found, will not use a pak cache.
[2017.09.26-17.16.15:169][  0]LogDerivedDataCache: Unable to find inner node Pak for hierarchical cache Hierarchy.
[2017.09.26-17.16.15:169][  0]LogDerivedDataCache: FDerivedDataBackendGraph:  CompressedPak pak cache file ../../../../../../Users/rajjj/OneDrive/Documents/GitHub/DatBoiEntertainmetnGame_/DerivedDataCache/Compressed.ddp not found, will not use a pak cache.
[2017.09.26-17.16.15:169][  0]LogDerivedDataCache: Unable to find inner node CompressedPak for hierarchical cache Hierarchy.
[2017.09.26-17.16.15:188][  0]LogDerivedDataCache: Display: Pak cache opened for reading ../../../Engine/DerivedDataCache/Compressed.ddp.
[2017.09.26-17.16.15:200][  0]LogDerivedDataCache: Using Local data cache path C:/Users/rajjj/AppData/Local/UnrealEngine/Common/DerivedDataCache: Writable
[2017.09.26-17.16.15:208][  0]LogMaterial: Verifying Global Shaders for PCD3D_SM5
[2017.09.26-17.16.15:209][  0]LogSlate: Using Freetype 2.6.0
[2017.09.26-17.16.15:221][  0]LogSlate: SlateFontCache - WITH_FREETYPE: 1, WITH_HARFBUZZ: 1
[2017.09.26-17.16.15:221][  0]LogSlate: SlateFontCache - WITH_FREETYPE: 1, WITH_HARFBUZZ: 1
[2017.09.26-17.16.15:569][  0]LogAssetRegistry: FAssetRegistry took 0.0256 seconds to start up
[2017.09.26-17.16.15:672][  0]LogInit: Selected Device Profile: [Windows]
[2017.09.26-17.16.15:804][  0]LogContentStreaming: Texture pool size is 0.00 MB
[2017.09.26-17.16.16:101][  0]LogSimplygon: Simplygon DLL not present - disabling.
[2017.09.26-17.16.16:138][  0]LogMeshReduction: Using SimplygonSwarm for distributed automatic mesh merging
[2017.09.26-17.16.16:138][  0]LogMeshReduction: Using QuadricMeshReduction for automatic static mesh reduction
[2017.09.26-17.16.16:138][  0]LogMeshReduction: No automatic skeletal mesh reduction module available
[2017.09.26-17.16.16:138][  0]LogMeshReduction: No automatic mesh merging module available
[2017.09.26-17.16.16:138][  0]LogMeshMerging: No automatic mesh merging module available
[2017.09.26-17.16.16:445][  0]LogNetVersion: InsertNameAdventure , NetCL: 3573198, EngineNetVer: 2, GameNetVer: 0 (Checksum: 3080426378)
[2017.09.26-17.16.16:673][  0]LogPackageLocalizationCache: Processed 5 localized package path(s) for 2 prioritized culture(s) in 0.043100 seconds
[2017.09.26-17.16.16:678][  0]LogUObjectArray: 35825 objects as part of root set at end of initial load.
[2017.09.26-17.16.16:678][  0]LogUObjectAllocator: 7529104 out of 0 bytes used by permanent object pool.
[2017.09.26-17.16.16:678][  0]LogUObjectArray: CloseDisregardForGC: 0/0 objects in disregard for GC pool
[2017.09.26-17.16.16:736][  0]LogInit: WinSock: version 1.1 (2.2), MaxSocks=32767, MaxUdp=65467
[2017.09.26-17.16.20:239][  0]LogTcpMessaging: Initializing TcpMessaging bridge
[2017.09.26-17.16.20:274][  0]LogUdpMessaging: Initializing bridge on interface 0.0.0.0:0 to multicast group 230.0.0.1:6666.
[2017.09.26-17.16.20:909][  0]LogMaterial: Uniform references updated for custom material expression Custom.
[2017.09.26-17.16.21:295][  0]SourceControl: Source control is disabled
[2017.09.26-17.16.22:145][  0]LogAndroidPermission: UAndroidPermissionCallbackProxy::GetInstance
[2017.09.26-17.16.22:353][  0]LogOcInput: OculusInput pre-init called
[2017.09.26-17.16.22:593][  0]LogEngine: Initializing Engine...
[2017.09.26-17.16.22:594][  0]LogHMD: Failed to initialize OpenVR with code 110
[2017.09.26-17.16.22:814][  0]LogStats: UGameplayTagsManager::ConstructGameplayTagTree: Construct from data asset -  0.000 s
[2017.09.26-17.16.22:814][  0]LogStats: UGameplayTagsManager::ConstructGameplayTagTree: GameplayTagTreeChangedEvent.Broadcast -  0.000 s
[2017.09.26-17.16.22:925][  0]LogAIModule: Creating AISystem for world Untitled
[2017.09.26-17.16.22:932][  0]LogInit: XAudio2 using 'Speakers (High Definition Audio Device)' : 2 channels at 48 kHz using 16 bits per sample (channel mask 0x3)
[2017.09.26-17.16.22:951][  0]LogInit: FAudioDevice initialized.
[2017.09.26-17.16.23:027][  0]LogDerivedDataCache: Saved boot cache 0.08s 93MB C:/Users/rajjj/AppData/Local/UnrealEngine/4.17/DerivedDataCache/Boot.ddc.
[2017.09.26-17.16.23:036][  0]LogInit: Texture streaming: Enabled
[2017.09.26-17.16.23:144][  0]LogEngineSessionManager: EngineSessionManager initialized
[2017.09.26-17.16.23:344][  0]LogInit: Transaction tracking system initialized
[2017.09.26-17.16.23:637][  0]BlueprintLog: New page: Editor Load
[2017.09.26-17.16.24:408][  0]LocalizationService: Localization service is disabled
[2017.09.26-17.16.24:994][  0]LogConsoleResponse: Display: 
[2017.09.26-17.16.25:159][  0]LogCook: Display: Max memory allowance for cook 16384mb min free memory 0mb
[2017.09.26-17.16.25:159][  0]LogCook: Display: Mobile HDR setting 1
[2017.09.26-17.16.25:159][  0]LogGameplayTags: Display: UGameplayTagsManager::DoneAddingNativeTags. DelegateIsBound: 0
[2017.09.26-17.16.25:484][  0]LogFileCache: Scanning file cache for directory 'C:/Users/rajjj/OneDrive/Documents/GitHub/DatBoiEntertainmetnGame_/Content/' took 0.02s
[2017.09.26-17.16.26:060][  0]Cmd: MAP LOAD FILE="../../../../../../Users/rajjj/OneDrive/Documents/GitHub/DatBoiEntertainmetnGame_/Content/2DSideScrollerBP/Maps/Levels/Rainforest_Alien.umap" TEMPLATE=0 SHOWPROGRESS=1 FEATURELEVEL=3
[2017.09.26-17.16.26:061][  0]LightingResults: New page: Lighting Build
[2017.09.26-17.16.26:095][  0]MapCheck: New page: Map Check
[2017.09.26-17.16.26:095][  0]LightingResults: New page: Lighting Build
[2017.09.26-17.16.26:335][  0]LogBlueprint: Warning: ExposeOnSpawn ambiguity. Property 'BoolProperty /Game/2DSideScrollerBP/Blueprints/UI/ItemDrag.ItemDrag_C:fromInv', MetaData 'True', Flag 'False'
[2017.09.26-17.16.26:335][  0]LogBlueprint: Warning: ExposeOnSpawn ambiguity. Property 'ObjectProperty /Game/2DSideScrollerBP/Blueprints/UI/ItemDrag.ItemDrag_C:dragItem', MetaData 'True', Flag 'False'
[2017.09.26-17.16.26:340][  0]LogBlueprint: Warning: ExposeOnSpawn ambiguity. Property 'BoolProperty /Game/2DSideScrollerBP/Blueprints/UI/ItemDrag.ItemDrag_C:fromInv', MetaData 'True', Flag 'False'
[2017.09.26-17.16.26:340][  0]LogBlueprint: Warning: ExposeOnSpawn ambiguity. Property 'ObjectProperty /Game/2DSideScrollerBP/Blueprints/UI/ItemDrag.ItemDrag_C:dragItem', MetaData 'True', Flag 'False'
[2017.09.26-17.16.26:359][  0]LogBlueprint: Warning: [Compiler ActionSlot] Input pin  Drag Item  specifying non-default value no longer exists on this node. Please refresh node or reset pin to default value to remove pin.
[2017.09.26-17.16.26:370][  0]LogBlueprint: Warning: [Compiler InventorySlot] Input pin  From Inv  specifying non-default value no longer exists on this node. Please refresh node or reset pin to default value to remove pin.
[2017.09.26-17.16.26:370][  0]LogBlueprint: Error: [Compiler InventorySlot] In use pin  Drag Item  no longer exists on this node. Please refresh node or break links to remove pin.
[2017.09.26-17.16.26:456][  0]LogBlueprint: Warning: [Compiler ActionSlot] [0019.46] Compile of ActionSlot successful, but with 1 Warning(s) [in 130 ms] (/Game/2DSideScrollerBP/Blueprints/UI/ActionSlot.ActionSlot)
[2017.09.26-17.16.26:456][  0]LogBlueprint: Warning: [Compiler InventorySlot] [0019.46] Compile of InventorySlot failed. 1 Fatal Issue(s) 1 Warning(s) [in 130 ms] (/Game/2DSideScrollerBP/Blueprints/UI/InventorySlot.InventorySlot)
[2017.09.26-17.16.27:010][  0]LogMaterial: Missing cached shader map for material BlueLight_M1, compiling. 
[2017.09.26-17.16.27:011][  0]LogMaterial: Warning: Failed to compile Material /Game/2DSideScrollerBP/Maps/Levels/LevelSprites/Sprites/Rain_Forrest_Sprites/Materials/BlueLight_M1.BlueLight_M1 for platform PCD3D_SM5, Default Material will be used in game.
[2017.09.26-17.16.27:011][  0]LogMaterial: Warning: 	Function Flicker_MF: Missing function input 'Color'
[2017.09.26-17.16.27:314][  0]LogAIModule: Creating AISystem for world Rainforest_Alien
[2017.09.26-17.16.27:348][  0]LogEditorServer: Finished looking for orphan Actors (0.000 secs)
[2017.09.26-17.16.27:363][  0]Cmd: MAP CHECKDEP NOCLEARLOG
[2017.09.26-17.16.27:419][  0]MapCheck: Map check complete: 0 Error(s), 0 Warning(s), took 56.045ms to complete.
[2017.09.26-17.16.27:419][  0]LogFileHelpers: Loading map 'Rainforest_Alien' took 1.359
[2017.09.26-17.16.27:693][  0]LogCollectionManager: Loaded 0 collections in 0.001256 seconds
[2017.09.26-17.16.27:766][  0]LogFileCache: Scanning file cache for directory 'C:/Users/rajjj/OneDrive/Documents/GitHub/DatBoiEntertainmetnGame_/Saved/Collections/' took 0.01s
[2017.09.26-17.16.27:766][  0]LogFileCache: Scanning file cache for directory 'C:/Users/rajjj/OneDrive/Documents/GitHub/DatBoiEntertainmetnGame_/Content/Developers/rajjj/Collections/' took 0.01s
[2017.09.26-17.16.27:766][  0]LogFileCache: Scanning file cache for directory 'C:/Users/rajjj/OneDrive/Documents/GitHub/DatBoiEntertainmetnGame_/Content/Collections/' took 0.01s
[2017.09.26-17.16.27:766][  0]LogCollectionManager: Rebuilt the GUID cache for 0 collections in 0.000000 seconds
[2017.09.26-17.16.27:774][  0]LogContentBrowser: Native class hierarchy populated in 0.0077 seconds. Added 2386 classes and 500 folders.
[2017.09.26-17.16.27:831][  0]LogContentBrowser: Native class hierarchy updated for 'WidgetCarousel' in 0.0005 seconds. Added 0 classes and 0 folders.
[2017.09.26-17.16.28:089][  0]LogContentBrowser: Native class hierarchy updated for 'AddContentDialog' in 0.0005 seconds. Added 0 classes and 0 folders.
[2017.09.26-17.16.28:125][  0]LogContentBrowser: Native class hierarchy updated for 'SceneOutliner' in 0.0005 seconds. Added 1 classes and 2 folders.
[2017.09.26-17.16.28:143][  0]LogSlate: Took 0.003795 seconds to synchronously load lazily loaded font '../../../Engine/Content/Slate/Fonts/Roboto-Regular.ttf' (155K)
[2017.09.26-17.16.28:148][  0]LogSlate: Took 0.003128 seconds to synchronously load lazily loaded font '../../../Engine/Content/Slate/Fonts/Roboto-Bold.ttf' (160K)
[2017.09.26-17.16.28:156][  0]LogSlate: Took 0.003601 seconds to synchronously load lazily loaded font '../../../Engine/Content/Editor/Slate/Fonts/FontAwesome.ttf' (139K)
[2017.09.26-17.16.28:163][  0]LogSlate: Took 0.004944 seconds to synchronously load lazily loaded font '../../../Engine/Content/Editor/Slate/Fonts/DroidSansMono.ttf' (77K)
[2017.09.26-17.16.28:246][  0]LogRenderer: Reallocating scene render targets to support 2556x1004 Format 10 NumSamples 1 (Frame:1).
[2017.09.26-17.16.28:499][  0]LogContentBrowser: Native class hierarchy updated for 'HierarchicalLODOutliner' in 0.0005 seconds. Added 1 classes and 2 folders.
[2017.09.26-17.16.28:499][  0]LogLoad: (Engine Initialization) Total time: 21.51 seconds
[2017.09.26-17.16.28:499][  0]LogLoad: (Engine Initialization) Total Blueprint compile time: 0.00 seconds
[2017.09.26-17.16.28:500][  0]LogExternalProfiler: No external profilers were discovered.  External profiling features will not be available.
[2017.09.26-17.16.28:542][  0]SourceControl: On branch V1.5.1
[2017.09.26-17.16.28:543][  0]SourceControl: Your branch is up-to-date with 'origin/V1.5.1'.
[2017.09.26-17.16.28:543][  0]SourceControl: No commands done.
[2017.09.26-17.16.28:543][  0]SourceControl: Next commands to do (2 remaining commands):
[2017.09.26-17.16.28:543][  0]SourceControl:    pick b627089 Redid mt backdrop and started work on a desert zone
[2017.09.26-17.16.28:543][  0]SourceControl:    pick 5400dc0 Revert "Redid mt backdrop and started work on a desert zone"
[2017.09.26-17.16.28:543][  0]SourceControl:   (use "git rebase --edit-todo" to view and edit)
[2017.09.26-17.16.28:543][  0]SourceControl: You are currently editing a commit while rebasing branch 'V1.5.1' on 'ad616f1'.
[2017.09.26-17.16.28:543][  0]SourceControl:   (use "git commit --amend" to amend the current commit)
[2017.09.26-17.16.28:543][  0]SourceControl:   (use "git rebase --continue" once you are satisfied with your changes)
[2017.09.26-17.16.28:543][  0]SourceControl: Changes not staged for commit:
[2017.09.26-17.16.28:543][  0]SourceControl:   (use "git add/rm <file>..." to update what will be committed)
[2017.09.26-17.16.28:543][  0]SourceControl:   (use "git checkout -- <file>..." to discard changes in working directory)
[2017.09.26-17.16.28:543][  0]SourceControl: 	modified:   Content/2DSideScrollerBP/Maps/Levels/Desert.umap
[2017.09.26-17.16.28:544][  0]SourceControl: 	modified:   Content/2DSideScrollerBP/Maps/Levels/LevelSprites/Sky/Desert/Desert_Sky_BP.uasset
[2017.09.26-17.16.28:544][  0]SourceControl: 	modified:   Content/2DSideScrollerBP/Maps/Levels/LevelSprites/Sprites/Desert_Sprites/Tile_Maps/Desert_Top.uasset
[2017.09.26-17.16.28:544][  0]SourceControl: 	modified:   Content/2DSideScrollerBP/Maps/Levels/LevelSprites/Sprites/Rain_Forrest_Sprites/Materials/BlueLight_M1.uasset
[2017.09.26-17.16.28:544][  0]SourceControl: 	modified:   Content/2DSideScrollerBP/Maps/Levels/LevelSprites/Sprites/Rain_Forrest_Sprites/Materials/Comp_M_Inst.uasset
[2017.09.26-17.16.28:544][  0]SourceControl: 	modified:   Content/2DSideScrollerBP/Maps/Levels/LevelSprites/Sprites/Rain_Forrest_Sprites/Materials/Comp_M_Inst3.uasset
[2017.09.26-17.16.28:544][  0]SourceControl: 	modified:   Content/2DSideScrollerBP/Maps/Levels/LevelSprites/Sprites/Rain_Forrest_Sprites/Materials/Flicker_MF.uasset
[2017.09.26-17.16.28:544][  0]SourceControl: 	modified:   Content/2DSideScrollerBP/Maps/Levels/LevelSprites/Sprites/Rain_Forrest_Sprites/Materials/Holo_MF.uasset
[2017.09.26-17.16.28:544][  0]SourceControl: 	modified:   Content/2DSideScrollerBP/Maps/Levels/LevelSprites/Sprites/Rain_Forrest_Sprites/Materials/Hologram_M.uasset
[2017.09.26-17.16.28:545][  0]SourceControl: 	modified:   Content/2DSideScrollerBP/Maps/Levels/LevelSprites/Sprites/Rain_Forrest_Sprites/Materials/Pixlelate_MF.uasset
[2017.09.26-17.16.28:545][  0]SourceControl: 	modified:   Content/2DSideScrollerBP/Maps/Levels/Rainforest_Alien.umap
[2017.09.26-17.16.28:545][  0]SourceControl: 	modified:   Content/2DSideScrollerBP/Maps/Levels/Rainforest_Alien_BuiltData.uasset
[2017.09.26-17.16.28:545][  0]SourceControl: 	modified:   Intermediate/AssetRegistryCache/c90e3f55.bin
[2017.09.26-17.16.28:545][  0]SourceControl: 	modified:   Intermediate/CachedAssetRegistry.bin
[2017.09.26-17.16.28:545][  0]SourceControl: 	modified:   Saved/AutoScreenshot.png
[2017.09.26-17.16.28:545][  0]SourceControl: 	modified:   Saved/Autosaves/Engine/EngineSky/M_Sky_Panning_Clouds2_Auto3.uasset
[2017.09.26-17.16.28:545][  0]SourceControl: 	deleted:    Saved/Backup/Button_Sprite_2017-08-24-14-06-26.uasset
[2017.09.26-17.16.28:545][  0]SourceControl: 	deleted:    Saved/Backup/Button_Sprite_2017-08-24-14-38-14.uasset
[2017.09.26-17.16.28:545][  0]SourceControl: 	deleted:    Saved/Backup/Comp_M_2017-08-24-14-06-26.uasset
[2017.09.26-17.16.28:545][  0]SourceControl: 	deleted:    Saved/Backup/Comp_M_2017-08-24-14-38-14.uasset
[2017.09.26-17.16.28:546][  0]SourceControl: 	deleted:    Saved/Backup/Dirt_5_Sprite_Sheet_Darker_2_TileSet_2017-08-24-14-38-15.uasset
[2017.09.26-17.16.28:546][  0]SourceControl: 	deleted:    Saved/Backup/Hologram_M_2017-08-24-14-38-15.uasset
[2017.09.26-17.16.28:546][  0]SourceControl: 	deleted:    Saved/Backup/Platform_1_2017-08-24-16-05-12.uasset
[2017.09.26-17.16.28:546][  0]SourceControl: 	deleted:    Saved/Backup/Rain_Forrest_TMTop_2017-08-24-14-38-16.uasset
[2017.09.26-17.16.28:546][  0]SourceControl: 	deleted:    Saved/Backup/Rainforest_Alien_2017-08-24-14-06-25.umap
[2017.09.26-17.16.28:546][  0]SourceControl: 	deleted:    Saved/Backup/Rainforest_Alien_2017-08-24-14-38-05.umap
[2017.09.26-17.16.28:546][  0]SourceControl: 	deleted:    Saved/Backup/Rainforest_Alien_2017-08-24-16-05-15.umap
[2017.09.26-17.16.28:546][  0]SourceControl: 	deleted:    Saved/Backup/Rainforest_Alien_BuiltData_2017-08-24-13-46-18.uasset
[2017.09.26-17.16.28:546][  0]SourceControl: 	deleted:    Saved/Backup/Rainforest_Alien_BuiltData_2017-08-24-14-06-26.uasset
[2017.09.26-17.16.28:546][  0]SourceControl: 	deleted:    Saved/Backup/Rainforest_Alien_BuiltData_2017-08-24-14-38-05.uasset
[2017.09.26-17.16.28:546][  0]SourceControl: 	deleted:    Saved/Config/CrashReportClient/UE4CC-Windows-420837C44FA8920C2DC4C19ECECF878D/CrashReportClient.ini
[2017.09.26-17.16.28:546][  0]SourceControl: 	deleted:    Saved/Config/CrashReportClient/UE4CC-Windows-4799A2CC4FC7DF3FE13BB083307D1255/CrashReportClient.ini
[2017.09.26-17.16.28:547][  0]SourceControl: 	deleted:    Saved/Config/CrashReportClient/UE4CC-Windows-4BBC5D3E4C03735AC12FD3B28CA70BB6/CrashReportClient.ini
[2017.09.26-17.16.28:547][  0]SourceControl: 	deleted:    Saved/Config/CrashReportClient/UE4CC-Windows-D56EA36240DEDAC7E9BBBF8559ED1C9F/CrashReportClient.ini
[2017.09.26-17.16.28:547][  0]SourceControl: 	modified:   Saved/Config/Windows/Editor.ini
[2017.09.26-17.16.28:547][  0]SourceControl: 	modified:   Saved/Config/Windows/EditorPerProjectUserSettings.ini
[2017.09.26-17.16.28:547][  0]SourceControl: 	modified:   Saved/Config/Windows/Engine.ini
[2017.09.26-17.16.28:547][  0]SourceControl: 	deleted:    Saved/Logs/InsertNameAdventure-backup-2017.09.17-22.16.43.log
[2017.09.26-17.16.28:547][  0]SourceControl: 	deleted:    Saved/Logs/InsertNameAdventure-backup-2017.09.18-11.05.54.log
[2017.09.26-17.16.28:547][  0]SourceControl: 	deleted:    Saved/Logs/InsertNameAdventure-backup-2017.09.18-19.04.52.log
[2017.09.26-17.16.28:547][  0]SourceControl: 	deleted:    Saved/Logs/InsertNameAdventure-backup-2017.09.21-11.25.19.log
[2017.09.26-17.16.28:547][  0]SourceControl: 	modified:   Saved/Logs/InsertNameAdventure.log
[2017.09.26-17.16.28:547][  0]SourceControl: Untracked files:
[2017.09.26-17.16.28:548][  0]SourceControl:   (use "git add <file>..." to include in what will be committed)
[2017.09.26-17.16.28:548][  0]SourceControl: 	Content/2DSideScrollerBP/Maps/Levels/Desert_BuiltData.uasset
[2017.09.26-17.16.28:548][  0]SourceControl: 	Content/2DSideScrollerBP/Maps/Levels/LevelSprites/Sprites/Desert_Sprites/Dunes_Sprite.uasset
[2017.09.26-17.16.28:548][  0]SourceControl: 	Content/2DSideScrollerBP/Maps/Levels/LevelSprites/Sprites/Desert_Sprites/Materials/
[2017.09.26-17.16.28:548][  0]SourceControl: 	Content/2DSideScrollerBP/Maps/Levels/LevelSprites/Sprites/Desert_Sprites/PNG/Dunes.uasset
[2017.09.26-17.16.28:548][  0]SourceControl: 	Content/2DSideScrollerBP/Maps/Levels/LevelSprites/Sprites/Desert_Sprites/PNG/Dunes_Sprite.uasset
[2017.09.26-17.16.28:548][  0]SourceControl: 	Content/2DSideScrollerBP/Maps/Levels/LevelSprites/Sprites/Desert_Sprites/PNG/Sun.uasset
[2017.09.26-17.16.28:548][  0]SourceControl: 	Content/2DSideScrollerBP/Maps/Levels/LevelSprites/Sprites/Desert_Sprites/PNG/Sun2.uasset
[2017.09.26-17.16.28:548][  0]SourceControl: 	Content/2DSideScrollerBP/Maps/Levels/LevelSprites/Sprites/Rain_Forrest_Sprites/Log_Sprite.uasset
[2017.09.26-17.16.28:548][  0]SourceControl: 	Content/2DSideScrollerBP/Maps/Levels/LevelSprites/Sprites/Rain_Forrest_Sprites/PNG/Log.uasset
[2017.09.26-17.16.28:549][  0]SourceControl: 	Content/2DSideScrollerBP/Maps/Levels/Material_Function/
[2017.09.26-17.16.28:549][  0]SourceControl: 	Saved/Autosaves/Engine/EngineSky/M_Sky_Panning_Clouds2_Inst_Auto1.uasset
[2017.09.26-17.16.28:549][  0]SourceControl: 	Saved/Autosaves/Engine/EngineSky/M_Sky_Panning_Clouds2_Inst_Auto2.uasset
[2017.09.26-17.16.28:549][  0]SourceControl: 	Saved/Autosaves/Engine/EngineSky/M_Sky_Panning_Clouds2_Inst_Auto3.uasset
[2017.09.26-17.16.28:549][  0]SourceControl: 	Saved/Autosaves/Engine/EngineSky/M_Sky_Panning_Clouds2_Inst_Auto4.uasset
[2017.09.26-17.16.28:549][  0]SourceControl: 	Saved/Autosaves/Game/2DSideScrollerBP/Maps/Levels/Desert_Auto1.umap
[2017.09.26-17.16.28:549][  0]SourceControl: 	Saved/Autosaves/Game/2DSideScrollerBP/Maps/Levels/Desert_Auto2.umap
[2017.09.26-17.16.28:549][  0]SourceControl: 	Saved/Autosaves/Game/2DSideScrollerBP/Maps/Levels/Desert_Auto3.umap
[2017.09.26-17.16.28:549][  0]SourceControl: 	Saved/Autosaves/Game/2DSideScrollerBP/Maps/Levels/Desert_Auto4.umap
[2017.09.26-17.16.28:549][  0]SourceControl: 	Saved/Autosaves/Game/2DSideScrollerBP/Maps/Levels/Desert_BuiltData_Auto3.uasset
[2017.09.26-17.16.28:549][  0]SourceControl: 	Saved/Autosaves/Game/2DSideScrollerBP/Maps/Levels/LevelSprites/Sky/Desert/
[2017.09.26-17.16.28:549][  0]SourceControl: 	Saved/Autosaves/Game/2DSideScrollerBP/Maps/Levels/LevelSprites/Sprites/Desert_Sprites/Materials/
[2017.09.26-17.16.28:550][  0]SourceControl: 	Saved/Autosaves/Game/2DSideScrollerBP/Maps/Levels/LevelSprites/Sprites/Desert_Sprites/PNG/
[2017.09.26-17.16.28:550][  0]SourceControl: 	Saved/Autosaves/Game/2DSideScrollerBP/Maps/Levels/LevelSprites/Sprites/Rain_Forrest_Sprites/Materials/BlueLight_M1_Auto3.uasset
[2017.09.26-17.16.28:550][  0]SourceControl: 	Saved/Autosaves/Game/2DSideScrollerBP/Maps/Levels/LevelSprites/Sprites/Rain_Forrest_Sprites/Materials/Hologram_M_Auto3.uasset
[2017.09.26-17.16.28:550][  0]SourceControl: 	Saved/Autosaves/Game/2DSideScrollerBP/Maps/Levels/Material_Function/
[2017.09.26-17.16.28:550][  0]SourceControl: 	Saved/Backup/BlueLight_M1_2017-09-26-10-56-55.uasset
[2017.09.26-17.16.28:550][  0]SourceControl: 	Saved/Backup/BlueLight_M1_2017-09-26-11-12-36.uasset
[2017.09.26-17.16.28:550][  0]SourceControl: 	Saved/Backup/Comp_M_Inst3_2017-09-22-12-53-16.uasset
[2017.09.26-17.16.28:550][  0]SourceControl: 	Saved/Backup/Comp_M_Inst_2017-09-22-12-53-15.uasset
[2017.09.26-17.16.28:550][  0]SourceControl: 	Saved/Backup/Desert_2017-09-22-13-06-00.umap
[2017.09.26-17.16.28:550][  0]SourceControl: 	Saved/Backup/Desert_2017-09-22-13-17-20.umap
[2017.09.26-17.16.28:550][  0]SourceControl: 	Saved/Backup/Desert_2017-09-24-20-27-46.umap
[2017.09.26-17.16.28:550][  0]SourceControl: 	Saved/Backup/Desert_2017-09-26-10-33-36.umap
[2017.09.26-17.16.28:551][  0]SourceControl: 	Saved/Backup/Desert_2017-09-26-10-46-22.umap
[2017.09.26-17.16.28:551][  0]SourceControl: 	Saved/Backup/Desert_2017-09-26-10-56-55.umap
[2017.09.26-17.16.28:551][  0]SourceControl: 	Saved/Backup/Desert_2017-09-26-11-07-33.umap
[2017.09.26-17.16.28:551][  0]SourceControl: 	Saved/Backup/Desert_BuiltData_2017-09-26-11-12-32.uasset
[2017.09.26-17.16.28:551][  0]SourceControl: 	Saved/Backup/Desert_Sky_BP_2017-09-22-13-06-00.uasset
[2017.09.26-17.16.28:551][  0]SourceControl: 	Saved/Backup/Desert_Sky_BP_2017-09-22-13-17-20.uasset
[2017.09.26-17.16.28:551][  0]SourceControl: 	Saved/Backup/Desert_Top_2017-09-26-11-12-36.uasset
[2017.09.26-17.16.28:551][  0]SourceControl: 	Saved/Backup/Flicker_MF_2017-09-26-10-43-25.uasset
[2017.09.26-17.16.28:551][  0]SourceControl: 	Saved/Backup/Holo_MF_2017-09-26-10-43-26.uasset
[2017.09.26-17.16.28:551][  0]SourceControl: 	Saved/Backup/Hologram_M_2017-09-26-10-56-56.uasset
[2017.09.26-17.16.28:551][  0]SourceControl: 	Saved/Backup/Hologram_M_2017-09-26-11-12-36.uasset
[2017.09.26-17.16.28:551][  0]SourceControl: 	Saved/Backup/Log_Sprite_2017-09-22-12-53-15.uasset
[2017.09.26-17.16.28:551][  0]SourceControl: 	Saved/Backup/M_Sky_Panning_Clouds2_2017-09-26-10-56-55.uasset
[2017.09.26-17.16.28:552][  0]SourceControl: 	Saved/Backup/M_Sky_Panning_Clouds2_2017-09-26-11-12-35.uasset
[2017.09.26-17.16.28:552][  0]SourceControl: 	Saved/Backup/M_Sky_Panning_Clouds2_Inst_2017-09-26-10-33-36.uasset
[2017.09.26-17.16.28:552][  0]SourceControl: 	Saved/Backup/M_Sky_Panning_Clouds2_Inst_2017-09-26-10-46-23.uasset
[2017.09.26-17.16.28:552][  0]SourceControl: 	Saved/Backup/M_Sky_Panning_Clouds2_Inst_2017-09-26-10-56-56.uasset
[2017.09.26-17.16.28:552][  0]SourceControl: 	Saved/Backup/M_Sky_Panning_Clouds2_Inst_2017-09-26-11-07-33.uasset
[2017.09.26-17.16.28:552][  0]SourceControl: 	Saved/Backup/M_Sky_Panning_Clouds2_Inst_2017-09-26-11-12-35.uasset
[2017.09.26-17.16.28:552][  0]SourceControl: 	Saved/Backup/Pixlelate_MF_2017-09-26-10-43-26.uasset
[2017.09.26-17.16.28:552][  0]SourceControl: 	Saved/Backup/Pixlelate_MF_2017-09-26-10-56-56.uasset
[2017.09.26-17.16.28:552][  0]SourceControl: 	Saved/Backup/Pixlelate_MF_2017-09-26-11-12-37.uasset
[2017.09.26-17.16.28:552][  0]SourceControl: 	Saved/Backup/Rainforest_Alien_2017-09-22-12-51-22.umap
[2017.09.26-17.16.28:552][  0]SourceControl: 	Saved/Backup/Rainforest_Alien_2017-09-24-20-36-39.umap
[2017.09.26-17.16.28:552][  0]SourceControl: 	Saved/Backup/Rainforest_Alien_BuiltData_2017-09-22-12-51-23.uasset
[2017.09.26-17.16.28:552][  0]SourceControl: 	Saved/Backup/Rainforest_Alien_BuiltData_2017-09-24-20-36-40.uasset
[2017.09.26-17.16.28:553][  0]SourceControl: 	Saved/Config/CrashReportClient/UE4CC-Windows-23FCABB04481277FDE3B009AB64C8249/
[2017.09.26-17.16.28:553][  0]SourceControl: 	Saved/Config/CrashReportClient/UE4CC-Windows-27C9E4044870607E7505E2B102D3EFB1/
[2017.09.26-17.16.28:553][  0]SourceControl: 	Saved/Config/CrashReportClient/UE4CC-Windows-95CDAA2644805FC820E0DBA9947985F6/
[2017.09.26-17.16.28:553][  0]SourceControl: 	Saved/Logs/InsertNameAdventure-backup-2017.09.22-12.37.51.log
[2017.09.26-17.16.28:553][  0]SourceControl: 	Saved/Logs/InsertNameAdventure-backup-2017.09.23-20.02.59.log
[2017.09.26-17.16.28:553][  0]SourceControl: 	Saved/Logs/InsertNameAdventure-backup-2017.09.26-10.15.47.log
[2017.09.26-17.16.28:553][  0]SourceControl: 	Saved/Logs/InsertNameAdventure-backup-2017.09.26-11.16.08.log
[2017.09.26-17.16.28:553][  0]SourceControl: no changes added to commit (use "git add" and/or "git commit -a")
[2017.09.26-17.16.28:553][  0]LogContentStreaming: Texture pool size now 1000 MB
[2017.09.26-17.16.28:616][  0]LogSlate: Took 0.000236 seconds to synchronously load lazily loaded font '../../../Engine/Content/Slate/Fonts/Roboto-Light.ttf' (159K)
[2017.09.26-17.16.28:637][  1]LogAssetRegistry: Asset discovery search completed in 13.0899 seconds
[2017.09.26-17.16.28:640][  1]LogCollectionManager: Rebuilt the object cache for 0 collections in 0.000001 seconds (found 0 objects)
[2017.09.26-17.16.28:640][  1]LogCollectionManager: Fixed up redirectors for 0 collections in 0.000174 seconds (updated 0 objects)
[2017.09.26-17.16.29:552][ 59]LogSlate: Took 0.000246 seconds to synchronously load lazily loaded font '../../../Engine/Content/Slate/Fonts/Roboto-Light.ttf' (159K)
[2017.09.26-17.16.29:594][ 59]LogContentBrowser: Native class hierarchy updated for 'MaterialEditor' in 0.0005 seconds. Added 1 classes and 0 folders.
[2017.09.26-17.16.29:681][ 59]LogMaterial: Missing cached shader map for material Sun_M, compiling. 
[2017.09.26-17.16.29:813][ 59]LogMaterial: Missing cached shader map for material FMatExpressionPreview MaterialExpressionVectorParameter_15, compiling. 
[2017.09.26-17.16.29:816][ 59]LogMaterial: Missing cached shader map for material FMatExpressionPreview MaterialExpressionVectorParameter_13, compiling. 
[2017.09.26-17.16.29:820][ 59]LogMaterial: Missing cached shader map for material FMatExpressionPreview MaterialExpressionTextureSample_4, compiling. 
[2017.09.26-17.16.29:825][ 59]LogMaterial: Missing cached shader map for material FMatExpressionPreview MaterialExpressionTextureCoordinate_0, compiling. 
[2017.09.26-17.16.29:829][ 59]LogMaterial: Missing cached shader map for material Sun_M, compiling. 
[2017.09.26-17.16.29:841][ 59]LogMaterial: Missing cached shader map for material Sun_M, compiling. 
[2017.09.26-17.16.29:875][ 59]LogMaterial: Missing cached shader map for material FMatExpressionPreview MaterialExpressionVectorParameter_15, compiling. 
[2017.09.26-17.16.29:880][ 59]LogMaterial: Missing cached shader map for material FMatExpressionPreview MaterialExpressionVectorParameter_13, compiling. 
[2017.09.26-17.16.29:884][ 59]LogMaterial: Missing cached shader map for material FMatExpressionPreview MaterialExpressionTextureSample_4, compiling. 
[2017.09.26-17.16.29:888][ 59]LogMaterial: Missing cached shader map for material FMatExpressionPreview MaterialExpressionTextureCoordinate_0, compiling. 
[2017.09.26-17.16.29:977][ 59]LogParticles: Warning: Spawning 28000 GPU particles in one frame[60]: RainFall4_PS/Particle Emitter
[2017.09.26-17.16.30:028][ 59]LogSlate: Took 0.000142 seconds to synchronously load lazily loaded font '../../../Engine/Content/Editor/Slate/Fonts/Roboto-BoldCondensed.ttf' (158K)
[2017.09.26-17.16.32:438][215]LogSlate: Took 0.000141 seconds to synchronously load lazily loaded font '../../../Engine/Content/Editor/Slate/Fonts/Roboto-Italic.ttf' (157K)
[2017.09.26-17.16.33:625][300]LogFileCache: Retrieving MD5 hashes for directory 'C:/Users/rajjj/OneDrive/Documents/GitHub/DatBoiEntertainmetnGame_/Content/' took 5.10s
[2017.09.26-17.16.34:650][331]LogParticles: Warning: Spawning 28000 GPU particles in one frame[332]: RainFall4_PS/Particle Emitter
[2017.09.26-17.16.52:915][878]LogParticles: Warning: Spawning 28000 GPU particles in one frame[1879]: RainFall4_PS/Particle Emitter
[2017.09.26-17.17.33:502][910]LogParticles: Warning: Spawning 23334 GPU particles in one frame[5910]: RainFall4_PS/Particle Emitter
[2017.09.26-17.17.33:835][911]LogParticles: Warning: Spawning 23333 GPU particles in one frame[5910]: RainFall4_PS/Particle Emitter
[2017.09.26-17.17.34:149][912]LogParticles: Warning: Spawning 23334 GPU particles in one frame[5910]: RainFall4_PS/Particle Emitter
[2017.09.26-17.17.34:476][913]LogParticles: Warning: Spawning 23333 GPU particles in one frame[5910]: RainFall4_PS/Particle Emitter
[2017.09.26-17.17.34:807][914]LogParticles: Warning: Spawning 23333 GPU particles in one frame[5910]: RainFall4_PS/Particle Emitter
[2017.09.26-17.17.35:157][915]LogParticles: Warning: Spawning 23334 GPU particles in one frame[5910]: RainFall4_PS/Particle Emitter
[2017.09.26-17.17.35:498][916]LogParticles: Warning: Spawning 23333 GPU particles in one frame[5910]: RainFall4_PS/Particle Emitter
[2017.09.26-17.17.35:825][917]LogParticles: Warning: Spawning 23333 GPU particles in one frame[5910]: RainFall4_PS/Particle Emitter
[2017.09.26-17.17.36:139][918]LogParticles: Warning: Spawning 23334 GPU particles in one frame[5910]: RainFall4_PS/Particle Emitter
[2017.09.26-17.17.36:477][919]LogParticles: Warning: Spawning 23334 GPU particles in one frame[5910]: RainFall4_PS/Particle Emitter
[2017.09.26-17.17.36:866][920]LogParticles: Warning: Spawning 26882 GPU particles in one frame[5910]: RainFall4_PS/Particle Emitter
[2017.09.26-17.17.37:208][921]LogParticles: Warning: Spawning 23336 GPU particles in one frame[5910]: RainFall4_PS/Particle Emitter
[2017.09.26-17.17.37:525][922]LogParticles: Warning: Spawning 23333 GPU particles in one frame[5910]: RainFall4_PS/Particle Emitter
[2017.09.26-17.17.37:856][923]LogParticles: Warning: Spawning 23333 GPU particles in one frame[5910]: RainFall4_PS/Particle Emitter
[2017.09.26-17.17.38:189][924]LogParticles: Warning: Spawning 23334 GPU particles in one frame[5910]: RainFall4_PS/Particle Emitter
[2017.09.26-17.17.38:524][925]LogParticles: Warning: Spawning 23333 GPU particles in one frame[5910]: RainFall4_PS/Particle Emitter
[2017.09.26-17.17.38:867][926]LogParticles: Warning: Spawning 23333 GPU particles in one frame[5910]: RainFall4_PS/Particle Emitter
[2017.09.26-17.17.39:190][927]LogParticles: Warning: Spawning 23334 GPU particles in one frame[5910]: RainFall4_PS/Particle Emitter
[2017.09.26-17.17.39:549][928]LogParticles: Warning: Spawning 23333 GPU particles in one frame[5910]: RainFall4_PS/Particle Emitter
[2017.09.26-17.17.39:870][929]LogParticles: Warning: Spawning 23333 GPU particles in one frame[5910]: RainFall4_PS/Particle Emitter
[2017.09.26-17.17.40:216][930]LogParticles: Warning: Spawning 23334 GPU particles in one frame[5910]: RainFall4_PS/Particle Emitter
[2017.09.26-17.17.40:525][931]LogParticles: Warning: Spawning 23333 GPU particles in one frame[5910]: RainFall4_PS/Particle Emitter
[2017.09.26-17.17.40:874][932]LogParticles: Warning: Spawning 23334 GPU particles in one frame[5910]: RainFall4_PS/Particle Emitter
[2017.09.26-17.17.41:211][933]LogParticles: Warning: Spawning 23333 GPU particles in one frame[5910]: RainFall4_PS/Particle Emitter
[2017.09.26-17.17.41:537][934]LogParticles: Warning: Spawning 23333 GPU particles in one frame[5910]: RainFall4_PS/Particle Emitter
[2017.09.26-17.17.41:857][935]LogParticles: Warning: Spawning 23334 GPU particles in one frame[5910]: RainFall4_PS/Particle Emitter
[2017.09.26-17.17.42:204][936]LogParticles: Warning: Spawning 23333 GPU particles in one frame[5910]: RainFall4_PS/Particle Emitter
[2017.09.26-17.17.42:548][937]LogParticles: Warning: Spawning 23333 GPU particles in one frame[5910]: RainFall4_PS/Particle Emitter
[2017.09.26-17.17.42:882][938]LogParticles: Warning: Spawning 23334 GPU particles in one frame[5910]: RainFall4_PS/Particle Emitter
[2017.09.26-17.17.43:215][939]LogParticles: Warning: Spawning 23333 GPU particles in one frame[5910]: RainFall4_PS/Particle Emitter
[2017.09.26-17.17.43:547][940]LogParticles: Warning: Spawning 23334 GPU particles in one frame[5910]: RainFall4_PS/Particle Emitter
[2017.09.26-17.17.43:884][941]LogParticles: Warning: Spawning 23333 GPU particles in one frame[5910]: RainFall4_PS/Particle Emitter
[2017.09.26-17.17.44:204][942]LogParticles: Warning: Spawning 23333 GPU particles in one frame[5910]: RainFall4_PS/Particle Emitter
[2017.09.26-17.17.44:535][943]LogParticles: Warning: Spawning 23334 GPU particles in one frame[5910]: RainFall4_PS/Particle Emitter
[2017.09.26-17.17.44:881][944]LogParticles: Warning: Spawning 23333 GPU particles in one frame[5910]: RainFall4_PS/Particle Emitter
[2017.09.26-17.17.45:215][945]LogParticles: Warning: Spawning 23334 GPU particles in one frame[5910]: RainFall4_PS/Particle Emitter
[2017.09.26-17.17.45:547][946]LogParticles: Warning: Spawning 23333 GPU particles in one frame[5910]: RainFall4_PS/Particle Emitter
[2017.09.26-17.17.45:861][947]LogParticles: Warning: Spawning 23333 GPU particles in one frame[5910]: RainFall4_PS/Particle Emitter
[2017.09.26-17.17.46:211][948]LogParticles: Warning: Spawning 23334 GPU particles in one frame[5910]: RainFall4_PS/Particle Emitter
[2017.09.26-17.17.46:534][949]LogParticles: Warning: Spawning 23333 GPU particles in one frame[5910]: RainFall4_PS/Particle Emitter
[2017.09.26-17.17.46:879][950]LogParticles: Warning: Spawning 23333 GPU particles in one frame[5910]: RainFall4_PS/Particle Emitter
[2017.09.26-17.17.47:219][951]LogParticles: Warning: Spawning 23357 GPU particles in one frame[5910]: RainFall4_PS/Particle Emitter
[2017.09.26-17.17.47:530][952]LogParticles: Warning: Spawning 23334 GPU particles in one frame[5910]: RainFall4_PS/Particle Emitter
[2017.09.26-17.17.48:844][ 64]LogWindowsTextInputMethodSystem: Display: IME system now deactivated.
[2017.09.26-17.17.48:982][ 65]Cmd: QUIT_EDITOR
[2017.09.26-17.17.49:023][ 65]LogExit: Preparing to exit.
[2017.09.26-17.17.49:444][ 65]LogDirectoryWatcher: A directory notification for 'C:/Users/rajjj/OneDrive/Documents/GitHub/DatBoiEntertainmetnGame_/Content/' was aborted.
[2017.09.26-17.17.49:477][ 65]LogExit: Editor shut down
[2017.09.26-17.17.49:479][ 65]LogExit: Transaction tracking system shut down
[2017.09.26-17.17.49:695][ 65]LogDirectoryWatcher: A directory notification for '../../../Engine/Content/' was aborted.
[2017.09.26-17.17.49:695][ 65]LogDirectoryWatcher: A directory notification for '../../../../../../Users/rajjj/OneDrive/Documents/GitHub/DatBoiEntertainmetnGame_/Content/' was aborted.
[2017.09.26-17.17.49:695][ 65]LogDirectoryWatcher: A directory notification for '../../../Engine/Plugins/2D/Paper2D/Content/' was aborted.
[2017.09.26-17.17.49:695][ 65]LogDirectoryWatcher: A directory notification for '../../../Engine/Plugins/Runtime/Oculus/OculusVR/Content/' was aborted.
[2017.09.26-17.17.49:695][ 65]LogDirectoryWatcher: A directory notification for '../../../Engine/Plugins/Runtime/Steam/SteamVR/Content/' was aborted.
[2017.09.26-17.17.49:740][ 65]LogExit: Object subsystem successfully closed.
[2017.09.26-17.17.49:754][ 65]LogD3D11RHI: Shutdown
[2017.09.26-17.17.49:754][ 65]LogD3D11RHI: CleanupD3DDevice
[2017.09.26-17.17.49:842][ 65]LogD3D11RHI: ~FD3D11DynamicRHI
[2017.09.26-17.17.49:858][ 65]LogModuleManager: Shutting down and abandoning module MaterialEditor (532)
[2017.09.26-17.17.49:858][ 65]LogModuleManager: Shutting down and abandoning module HierarchicalLODOutliner (530)
[2017.09.26-17.17.49:858][ 65]LogModuleManager: Shutting down and abandoning module SceneOutliner (528)
[2017.09.26-17.17.49:858][ 65]LogModuleManager: Shutting down and abandoning module AddContentDialog (526)
[2017.09.26-17.17.49:858][ 65]LogDirectoryWatcher: A directory notification for 'C:/Program Files/Epic Games/UE_4.17/FeaturePacks/' was aborted.
[2017.09.26-17.17.49:859][ 65]LogModuleManager: Shutting down and abandoning module WidgetCarousel (525)
[2017.09.26-17.17.49:859][ 65]LogModuleManager: Shutting down and abandoning module EditorWidgets (522)
[2017.09.26-17.17.49:859][ 65]LogModuleManager: Shutting down and abandoning module CollectionManager (520)
[2017.09.26-17.17.49:859][ 65]LogDirectoryWatcher: A directory notification for 'C:/Users/rajjj/OneDrive/Documents/GitHub/DatBoiEntertainmetnGame_/Content/Collections/' was aborted.
[2017.09.26-17.17.49:859][ 65]LogDirectoryWatcher: A directory notification for 'C:/Users/rajjj/OneDrive/Documents/GitHub/DatBoiEntertainmetnGame_/Content/Developers/rajjj/Collections/' was aborted.
[2017.09.26-17.17.49:859][ 65]LogDirectoryWatcher: A directory notification for 'C:/Users/rajjj/OneDrive/Documents/GitHub/DatBoiEntertainmetnGame_/Saved/Collections/' was aborted.
[2017.09.26-17.17.49:859][ 65]LogModuleManager: Shutting down and abandoning module StatsViewer (518)
[2017.09.26-17.17.49:859][ 65]LogModuleManager: Shutting down and abandoning module FoliageEdit (516)
[2017.09.26-17.17.49:859][ 65]LogModuleManager: Shutting down and abandoning module LandscapeEditor (514)
[2017.09.26-17.17.49:859][ 65]LogModuleManager: Shutting down and abandoning module MeshPaintMode (512)
[2017.09.26-17.17.49:859][ 65]LogModuleManager: Shutting down and abandoning module SceneDepthPickerMode (510)
[2017.09.26-17.17.49:859][ 65]LogModuleManager: Shutting down and abandoning module ActorPickerMode (508)
[2017.09.26-17.17.49:859][ 65]LogModuleManager: Shutting down and abandoning module GeometryMode (506)
[2017.09.26-17.17.49:859][ 65]LogModuleManager: Shutting down and abandoning module TextureAlignMode (504)
[2017.09.26-17.17.49:859][ 65]LogModuleManager: Shutting down and abandoning module BspMode (502)
[2017.09.26-17.17.49:859][ 65]LogModuleManager: Shutting down and abandoning module PIEPreviewDeviceProfileSelector (500)
[2017.09.26-17.17.49:859][ 65]LogModuleManager: Shutting down and abandoning module HardwareSurvey (498)
[2017.09.26-17.17.49:859][ 65]LogModuleManager: Shutting down and abandoning module SequenceRecorderSections (496)
[2017.09.26-17.17.49:859][ 65]LogModuleManager: Shutting down and abandoning module AutomationWorker (494)
[2017.09.26-17.17.49:859][ 65]LogModuleManager: Shutting down and abandoning module MatineeToLevelSequence (492)
[2017.09.26-17.17.49:859][ 65]LogModuleManager: Shutting down and abandoning module LevelSequenceEditor (490)
[2017.09.26-17.17.49:859][ 65]LogModuleManager: Shutting down and abandoning module PlacementMode (489)
[2017.09.26-17.17.49:859][ 65]LogModuleManager: Shutting down and abandoning module WmfMediaFactory (486)
[2017.09.26-17.17.49:859][ 65]LogModuleManager: Shutting down and abandoning module WmfMediaEditor (484)
[2017.09.26-17.17.49:859][ 65]LogModuleManager: Shutting down and abandoning module AvfMediaFactory (482)
[2017.09.26-17.17.49:859][ 65]LogModuleManager: Shutting down and abandoning module AvfMediaEditor (480)
[2017.09.26-17.17.49:859][ 65]LogModuleManager: Shutting down and abandoning module AndroidMediaFactory (478)
[2017.09.26-17.17.49:859][ 65]LogModuleManager: Shutting down and abandoning module Media (477)
[2017.09.26-17.17.49:859][ 65]LogModuleManager: Shutting down and abandoning module AndroidMediaEditor (474)
[2017.09.26-17.17.49:859][ 65]LogModuleManager: Shutting down and abandoning module CharacterAI (472)
[2017.09.26-17.17.49:859][ 65]LogModuleManager: Shutting down and abandoning module AudioCapture (470)
[2017.09.26-17.17.49:859][ 65]LogModuleManager: Shutting down and abandoning module SequenceRecorder (469)
[2017.09.26-17.17.49:859][ 65]LogModuleManager: Shutting down and abandoning module SmartSnapping (466)
[2017.09.26-17.17.49:859][ 65]LogModuleManager: Shutting down and abandoning module SessionServices (464)
[2017.09.26-17.17.49:859][ 65]LogModuleManager: Shutting down and abandoning module ViewportSnapping (462)
[2017.09.26-17.17.49:859][ 65]LogModuleManager: Shutting down and abandoning module ViewportInteraction (460)
[2017.09.26-17.17.49:859][ 65]LogModuleManager: Shutting down and abandoning module ClothPainter (458)
[2017.09.26-17.17.49:860][ 65]LogModuleManager: Shutting down and abandoning module LogVisualizer (456)
[2017.09.26-17.17.49:860][ 65]LogModuleManager: Shutting down and abandoning module IntroTutorials (454)
[2017.09.26-17.17.49:860][ 65]LogModuleManager: Shutting down and abandoning module GameProjectGeneration (453)
[2017.09.26-17.17.49:860][ 65]LogModuleManager: Shutting down and abandoning module IOSPlatformEditor (450)
[2017.09.26-17.17.49:860][ 65]LogModuleManager: Shutting down and abandoning module HTML5PlatformEditor (448)
[2017.09.26-17.17.49:860][ 65]LogModuleManager: Shutting down and abandoning module AndroidPlatformEditor (446)
[2017.09.26-17.17.49:860][ 65]LogModuleManager: Shutting down and abandoning module AndroidDeviceDetection (445)
[2017.09.26-17.17.50:764][ 65]LogModuleManager: Shutting down and abandoning module WindowsPlatformEditor (442)
[2017.09.26-17.17.50:764][ 65]LogModuleManager: Shutting down and abandoning module IOSRuntimeSettings (440)
[2017.09.26-17.17.50:764][ 65]LogModuleManager: Shutting down and abandoning module AndroidRuntimeSettings (438)
[2017.09.26-17.17.50:764][ 65]LogModuleManager: Shutting down and abandoning module InputBindingEditor (436)
[2017.09.26-17.17.50:764][ 65]LogModuleManager: Shutting down and abandoning module MergeActors (434)
[2017.09.26-17.17.50:764][ 65]LogModuleManager: Shutting down and abandoning module SizeMap (432)
[2017.09.26-17.17.50:764][ 65]LogModuleManager: Shutting down and abandoning module TreeMap (430)
[2017.09.26-17.17.50:764][ 65]LogModuleManager: Shutting down and abandoning module ReferenceViewer (428)
[2017.09.26-17.17.50:764][ 65]LogModuleManager: Shutting down and abandoning module LocalizationDashboard (426)
[2017.09.26-17.17.50:765][ 65]LogModuleManager: Shutting down and abandoning module LocalizationService (425)
[2017.09.26-17.17.50:765][ 65]LogModuleManager: Shutting down and abandoning module HardwareTargeting (422)
[2017.09.26-17.17.50:765][ 65]LogModuleManager: Shutting down and abandoning module DeviceProfileEditor (420)
[2017.09.26-17.17.50:765][ 65]LogModuleManager: Shutting down and abandoning module UndoHistory (418)
[2017.09.26-17.17.50:765][ 65]LogModuleManager: Shutting down and abandoning module XmlParser (416)
[2017.09.26-17.17.50:765][ 65]LogModuleManager: Shutting down and abandoning module Blutility (414)
[2017.09.26-17.17.50:765][ 65]LogModuleManager: Shutting down and abandoning module ProjectSettingsViewer (412)
[2017.09.26-17.17.50:765][ 65]LogModuleManager: Shutting down and abandoning module ProjectTargetPlatformEditor (411)
[2017.09.26-17.17.50:765][ 65]LogModuleManager: Shutting down and abandoning module EditorSettingsViewer (408)
[2017.09.26-17.17.50:766][ 65]LogModuleManager: Shutting down and abandoning module SettingsEditor (406)
[2017.09.26-17.17.50:766][ 65]LogModuleManager: Shutting down and abandoning module ProjectLauncher (404)
[2017.09.26-17.17.50:766][ 65]LogModuleManager: Shutting down and abandoning module SessionFrontend (402)
[2017.09.26-17.17.50:766][ 65]LogModuleManager: Shutting down and abandoning module ProfilerClient (400)
[2017.09.26-17.17.50:766][ 65]LogModuleManager: Shutting down and abandoning module DeviceManager (398)
[2017.09.26-17.17.50:766][ 65]LogModuleManager: Shutting down and abandoning module TargetDeviceServices (397)
[2017.09.26-17.17.50:820][ 65]LogModuleManager: Shutting down and abandoning module AutomationController (394)
[2017.09.26-17.17.50:820][ 65]LogModuleManager: Shutting down and abandoning module AutomationWindow (392)
[2017.09.26-17.17.50:820][ 65]LogModuleManager: Shutting down and abandoning module Layers (390)
[2017.09.26-17.17.50:820][ 65]LogModuleManager: Shutting down and abandoning module ComponentVisualizers (388)
[2017.09.26-17.17.50:820][ 65]LogModuleManager: Shutting down and abandoning module DetailCustomizations (386)
[2017.09.26-17.17.50:820][ 65]LogModuleManager: Shutting down and abandoning module PackagesDialog (384)
[2017.09.26-17.17.50:820][ 65]LogModuleManager: Shutting down and abandoning module Persona (382)
[2017.09.26-17.17.50:821][ 65]LogModuleManager: Shutting down and abandoning module AdvancedPreviewScene (381)
[2017.09.26-17.17.50:821][ 65]LogModuleManager: Shutting down and abandoning module AnimGraph (379)
[2017.09.26-17.17.50:821][ 65]LogModuleManager: Shutting down and abandoning module Kismet (376)
[2017.09.26-17.17.50:824][ 65]LogModuleManager: Shutting down and abandoning module ClassViewer (374)
[2017.09.26-17.17.50:824][ 65]LogModuleManager: Shutting down and abandoning module Toolbox (372)
[2017.09.26-17.17.50:824][ 65]LogModuleManager: Shutting down and abandoning module ModuleUI (370)
[2017.09.26-17.17.50:824][ 65]LogModuleManager: Shutting down and abandoning module MovieSceneTools (368)
[2017.09.26-17.17.50:824][ 65]LogModuleManager: Shutting down and abandoning module OutputLog (366)
[2017.09.26-17.17.50:824][ 65]LogModuleManager: Shutting down and abandoning module GammaUI (364)
[2017.09.26-17.17.50:824][ 65]LogModuleManager: Shutting down and abandoning module Documentation (362)
[2017.09.26-17.17.50:824][ 65]LogModuleManager: Shutting down and abandoning module MovieSceneTracks (360)
[2017.09.26-17.17.50:824][ 65]LogModuleManager: Shutting down and abandoning module MovieScene (358)
[2017.09.26-17.17.50:824][ 65]LogModuleManager: Shutting down and abandoning module Niagara (356)
[2017.09.26-17.17.50:824][ 65]LogModuleManager: Shutting down and abandoning module NiagaraEditor (355)
[2017.09.26-17.17.50:825][ 65]LogModuleManager: Shutting down and abandoning module StreamingPauseRendering (352)
[2017.09.26-17.17.50:825][ 65]LogModuleManager: Shutting down and abandoning module LauncherPlatform (350)
[2017.09.26-17.17.50:825][ 65]LogModuleManager: Shutting down and abandoning module AnalyticsET (348)
[2017.09.26-17.17.50:825][ 65]LogModuleManager: Shutting down and abandoning module PortalServices (346)
[2017.09.26-17.17.50:825][ 65]LogModuleManager: Shutting down and abandoning module PortalRpc (344)
[2017.09.26-17.17.50:825][ 65]LogModuleManager: Shutting down and abandoning module MessagingRpc (342)
[2017.09.26-17.17.50:825][ 65]LogModuleManager: Shutting down and abandoning module AIModule (340)
[2017.09.26-17.17.50:825][ 65]LogModuleManager: Shutting down and abandoning module GameplayDebugger (339)
[2017.09.26-17.17.50:825][ 65]LogModuleManager: Shutting down and abandoning module AITestSuite (337)
[2017.09.26-17.17.50:825][ 65]LogModuleManager: Shutting down and abandoning module ProfilerService (334)
[2017.09.26-17.17.51:009][ 65]LogModuleManager: Shutting down and abandoning module TaskGraph (332)
[2017.09.26-17.17.51:009][ 65]LogModuleManager: Shutting down and abandoning module SteamVRController (330)
[2017.09.26-17.17.51:009][ 65]LogModuleManager: Shutting down and abandoning module ProceduralMeshComponentEditor (328)
[2017.09.26-17.17.51:009][ 65]LogModuleManager: Shutting down and abandoning module ProceduralMeshComponent (326)
[2017.09.26-17.17.51:009][ 65]LogModuleManager: Shutting down and abandoning module OculusInput (324)
[2017.09.26-17.17.51:009][ 65]LogModuleManager: Shutting down and abandoning module MobilePatchingUtils (322)
[2017.09.26-17.17.51:009][ 65]LogModuleManager: Shutting down and abandoning module CustomMeshComponent (320)
[2017.09.26-17.17.51:009][ 65]LogModuleManager: Shutting down and abandoning module CableComponent (318)
[2017.09.26-17.17.51:009][ 65]LogModuleManager: Shutting down and abandoning module ArchVisCharacter (316)
[2017.09.26-17.17.51:009][ 65]LogModuleManager: Shutting down and abandoning module AndroidPermission (314)
[2017.09.26-17.17.51:009][ 65]LogModuleManager: Shutting down and abandoning module MediaPlayerEditor (310)
[2017.09.26-17.17.51:010][ 65]LogModuleManager: Shutting down and abandoning module HTML5Networking (308)
[2017.09.26-17.17.51:010][ 65]LogModuleManager: Shutting down and abandoning module AlembicImporter (306)
[2017.09.26-17.17.51:010][ 65]LogModuleManager: Shutting down and abandoning module AlembicLibrary (305)
[2017.09.26-17.17.51:010][ 65]LogModuleManager: Shutting down and abandoning module GeometryCache (304)
[2017.09.26-17.17.51:010][ 65]LogModuleManager: Shutting down and abandoning module GeometryCacheEd (303)
[2017.09.26-17.17.51:010][ 65]LogModuleManager: Shutting down and abandoning module SpeedTreeImporter (298)
[2017.09.26-17.17.51:010][ 65]LogModuleManager: Shutting down and abandoning module PluginBrowser (296)
[2017.09.26-17.17.51:010][ 65]LogModuleManager: Shutting down and abandoning module MobileLauncherProfileWizard (294)
[2017.09.26-17.17.51:010][ 65]LogModuleManager: Shutting down and abandoning module VisualStudioSourceCodeAccess (292)
[2017.09.26-17.17.51:010][ 65]LogModuleManager: Shutting down and abandoning module DesktopPlatform (291)
[2017.09.26-17.17.51:010][ 65]LogModuleManager: Shutting down and abandoning module UObjectPlugin (288)
[2017.09.26-17.17.51:010][ 65]LogModuleManager: Shutting down and abandoning module SubversionSourceControl (286)
[2017.09.26-17.17.51:010][ 65]LogModuleManager: Shutting down and abandoning module PerforceSourceControl (284)
[2017.09.26-17.17.51:011][ 65]LogModuleManager: Shutting down and abandoning module GitSourceControl (282)
[2017.09.26-17.17.51:011][ 65]LogModuleManager: Shutting down and abandoning module SourceControl (281)
[2017.09.26-17.17.51:011][ 65]LogModuleManager: Shutting down and abandoning module LightPropagationVolumeEditor (278)
[2017.09.26-17.17.51:011][ 65]LogModuleManager: Shutting down and abandoning module PaperTiledImporter (276)
[2017.09.26-17.17.51:011][ 65]LogModuleManager: Shutting down and abandoning module PaperSpriteSheetImporter (274)
[2017.09.26-17.17.51:011][ 65]LogModuleManager: Shutting down and abandoning module Paper2DEditor (272)
[2017.09.26-17.17.51:011][ 65]LogModuleManager: Shutting down and abandoning module MeshPaint (271)
[2017.09.26-17.17.51:011][ 65]LogModuleManager: Shutting down and abandoning module LevelEditor (269)
[2017.09.26-17.17.51:013][ 65]LogModuleManager: Shutting down and abandoning module PixelInspectorModule (268)
[2017.09.26-17.17.51:013][ 65]LogModuleManager: Shutting down and abandoning module MainFrame (266)
[2017.09.26-17.17.51:013][ 65]LogModuleManager: Shutting down and abandoning module HotReload (265)
[2017.09.26-17.17.51:015][ 65]LogModuleManager: Shutting down and abandoning module RuntimePhysXCooking (260)
[2017.09.26-17.17.51:015][ 65]LogModuleManager: Shutting down and abandoning module PhysXVehiclesEditor (258)
[2017.09.26-17.17.51:015][ 65]LogModuleManager: Shutting down and abandoning module PhysXVehicles (256)
[2017.09.26-17.17.51:015][ 65]LogModuleManager: Shutting down and abandoning module OculusEditor (254)
[2017.09.26-17.17.51:015][ 65]LogModuleManager: Shutting down and abandoning module LocationServicesBPLibrary (252)
[2017.09.26-17.17.51:015][ 65]LogModuleManager: Shutting down and abandoning module ImmediatePhysicsEditor (250)
[2017.09.26-17.17.51:015][ 65]LogModuleManager: Shutting down and abandoning module ImmediatePhysics (248)
[2017.09.26-17.17.51:015][ 65]LogModuleManager: Shutting down and abandoning module UdpMessaging (246)
[2017.09.26-17.17.51:117][ 65]LogModuleManager: Shutting down and abandoning module TcpMessaging (244)
[2017.09.26-17.17.51:218][ 65]LogModuleManager: Shutting down and abandoning module GameplayTagsEditor (242)
[2017.09.26-17.17.51:218][ 65]LogModuleManager: Shutting down and abandoning module FacialAnimationEditor (240)
[2017.09.26-17.17.51:218][ 65]LogModuleManager: Shutting down and abandoning module FacialAnimation (238)
[2017.09.26-17.17.51:218][ 65]LogModuleManager: Shutting down and abandoning module AssetManagerEditor (236)
[2017.09.26-17.17.51:218][ 65]LogModuleManager: Shutting down and abandoning module GraphEditor (235)
[2017.09.26-17.17.51:218][ 65]LogModuleManager: Shutting down and abandoning module ContentBrowser (233)
[2017.09.26-17.17.51:221][ 65]LogModuleManager: Shutting down and abandoning module LightPropagationVolumeRuntime (230)
[2017.09.26-17.17.51:221][ 65]LogModuleManager: Shutting down and abandoning module Paper2D (228)
[2017.09.26-17.17.51:221][ 65]LogModuleManager: Shutting down and abandoning module WindowsMoviePlayer (226)
[2017.09.26-17.17.51:221][ 65]LogModuleManager: Shutting down and abandoning module WmfMedia (224)
[2017.09.26-17.17.51:221][ 65]LogModuleManager: Shutting down and abandoning module PacketHandler (222)
[2017.09.26-17.17.51:221][ 65]LogModuleManager: Shutting down and abandoning module ClothingSystemEditor (220)
[2017.09.26-17.17.51:221][ 65]LogModuleManager: Shutting down and abandoning module ClothingSystemRuntime (218)
[2017.09.26-17.17.51:221][ 65]LogModuleManager: Shutting down and abandoning module Overlay (216)
[2017.09.26-17.17.51:222][ 65]LogModuleManager: Shutting down and abandoning module OverlayEditor (215)
[2017.09.26-17.17.51:222][ 65]LogModuleManager: Shutting down and abandoning module MediaAssets (212)
[2017.09.26-17.17.51:222][ 65]LogModuleManager: Shutting down and abandoning module VREditor (210)
[2017.09.26-17.17.51:222][ 65]LogModuleManager: Shutting down and abandoning module StringTableEditor (208)
[2017.09.26-17.17.51:222][ 65]LogModuleManager: Shutting down and abandoning module GameplayTasksEditor (206)
[2017.09.26-17.17.51:222][ 65]LogModuleManager: Shutting down and abandoning module BehaviorTreeEditor (204)
[2017.09.26-17.17.51:222][ 65]LogModuleManager: Shutting down and abandoning module FunctionalTesting (202)
[2017.09.26-17.17.51:222][ 65]LogModuleManager: Shutting down and abandoning module CollisionAnalyzer (200)
[2017.09.26-17.17.51:222][ 65]LogModuleManager: Shutting down and abandoning module WorkspaceMenuStructure (199)
[2017.09.26-17.17.51:222][ 65]LogModuleManager: Shutting down and abandoning module UMG (196)
[2017.09.26-17.17.51:222][ 65]LogModuleManager: Shutting down and abandoning module UMGEditor (195)
[2017.09.26-17.17.51:222][ 65]LogModuleManager: Shutting down and abandoning module Sequencer (194)
[2017.09.26-17.17.51:222][ 65]LogModuleManager: Shutting down and abandoning module MessageLog (191)
[2017.09.26-17.17.51:223][ 65]LogModuleManager: Shutting down and abandoning module SlateReflector (186)
[2017.09.26-17.17.51:223][ 65]LogModuleManager: Shutting down and abandoning module Slate (184)
[2017.09.26-17.17.51:223][ 65]LogModuleManager: Shutting down and abandoning module EditorStyle (182)
[2017.09.26-17.17.51:230][ 65]LogModuleManager: Shutting down and abandoning module MRMesh (180)
[2017.09.26-17.17.51:230][ 65]LogModuleManager: Shutting down and abandoning module SourceCodeAccess (178)
[2017.09.26-17.17.51:231][ 65]LogModuleManager: Shutting down and abandoning module HeadMountedDisplay (176)
[2017.09.26-17.17.51:231][ 65]LogModuleManager: Shutting down and abandoning module XAudio2 (174)
[2017.09.26-17.17.51:231][ 65]LogModuleManager: Shutting down and abandoning module Networking (172)
[2017.09.26-17.17.51:231][ 65]LogModuleManager: Shutting down and abandoning module Core (168)
[2017.09.26-17.17.51:231][ 65]LogModuleManager: Shutting down and abandoning module KismetCompiler (164)
[2017.09.26-17.17.51:231][ 65]LogModuleManager: Shutting down and abandoning module LevelSequence (162)
[2017.09.26-17.17.51:231][ 65]LogModuleManager: Shutting down and abandoning module MeshUtilities (160)
[2017.09.26-17.17.51:231][ 65]LogModuleManager: Shutting down and abandoning module MeshMergeUtilities (159)
[2017.09.26-17.17.51:231][ 65]LogModuleManager: Shutting down and abandoning module MeshReductionInterface (158)
[2017.09.26-17.17.51:231][ 65]LogModuleManager: Shutting down and abandoning module SimplygonSwarm (157)
[2017.09.26-17.17.51:231][ 65]LogModuleManager: Shutting down and abandoning module SimplygonMeshReduction (155)
[2017.09.26-17.17.51:231][ 65]LogModuleManager: Shutting down and abandoning module QuadricMeshReduction (153)
[2017.09.26-17.17.51:231][ 65]LogModuleManager: Shutting down and abandoning module MaterialBaking (149)
[2017.09.26-17.17.51:231][ 65]LogModuleManager: Shutting down and abandoning module DirectoryWatcher (146)
[2017.09.26-17.17.51:233][ 65]LogModuleManager: Shutting down and abandoning module DerivedDataCache (144)
[2017.09.26-17.17.51:276][ 65]LogDerivedDataCache: Shutdown
[2017.09.26-17.17.51:276][ 65]LogModuleManager: Shutting down and abandoning module TargetPlatform (142)
[2017.09.26-17.17.51:277][ 65]LogModuleManager: Shutting down and abandoning module VulkanShaderFormat (141)
[2017.09.26-17.17.51:277][ 65]LogModuleManager: Shutting down and abandoning module ShaderFormatVectorVM (139)
[2017.09.26-17.17.51:277][ 65]LogModuleManager: Shutting down and abandoning module ShaderFormatOpenGL (137)
[2017.09.26-17.17.51:277][ 65]LogModuleManager: Shutting down and abandoning module ShaderFormatD3D (135)
[2017.09.26-17.17.51:277][ 65]LogModuleManager: Shutting down and abandoning module MetalShaderFormat (133)
[2017.09.26-17.17.51:277][ 65]LogModuleManager: Shutting down and abandoning module TextureFormatUncompressed (131)
[2017.09.26-17.17.51:277][ 65]LogModuleManager: Shutting down and abandoning module TextureFormatPVR (129)
[2017.09.26-17.17.51:277][ 65]LogModuleManager: Shutting down and abandoning module TextureFormatDXT (127)
[2017.09.26-17.17.51:277][ 65]LogModuleManager: Shutting down and abandoning module TextureFormatIntelISPCTexComp (125)
[2017.09.26-17.17.51:277][ 65]LogModuleManager: Shutting down and abandoning module TextureFormatASTC (123)
[2017.09.26-17.17.51:277][ 65]LogModuleManager: Shutting down and abandoning module ImageWrapper (122)
[2017.09.26-17.17.51:277][ 65]LogModuleManager: Shutting down and abandoning module TextureFormatAndroid (119)
[2017.09.26-17.17.51:277][ 65]LogModuleManager: Shutting down and abandoning module AudioFormatOpus (117)
[2017.09.26-17.17.51:277][ 65]LogModuleManager: Shutting down and abandoning module AudioFormatOgg (115)
[2017.09.26-17.17.51:277][ 65]LogModuleManager: Shutting down and abandoning module AudioFormatADPCM (113)
[2017.09.26-17.17.51:277][ 65]LogModuleManager: Shutting down and abandoning module LinuxTargetPlatform (111)
[2017.09.26-17.17.51:278][ 65]LogModuleManager: Shutting down and abandoning module LinuxServerTargetPlatform (109)
[2017.09.26-17.17.51:278][ 65]LogModuleManager: Shutting down and abandoning module LinuxNoEditorTargetPlatform (107)
[2017.09.26-17.17.51:278][ 65]LogModuleManager: Shutting down and abandoning module LinuxClientTargetPlatform (105)
[2017.09.26-17.17.51:278][ 65]LogModuleManager: Shutting down and abandoning module TVOSTargetPlatform (103)
[2017.09.26-17.17.51:278][ 65]LogModuleManager: Shutting down and abandoning module Messaging (101)
[2017.09.26-17.17.51:278][ 65]LogModuleManager: Shutting down and abandoning module IOSTargetPlatform (99)
[2017.09.26-17.17.51:278][ 65]LogModuleManager: Shutting down and abandoning module HTML5TargetPlatform (97)
[2017.09.26-17.17.51:278][ 65]LogModuleManager: Shutting down and abandoning module Android_PVRTCTargetPlatform (95)
[2017.09.26-17.17.51:278][ 65]LogModuleManager: Shutting down and abandoning module Android_MultiTargetPlatform (93)
[2017.09.26-17.17.51:278][ 65]LogModuleManager: Shutting down and abandoning module Android_ETC2TargetPlatform (91)
[2017.09.26-17.17.51:278][ 65]LogModuleManager: Shutting down and abandoning module Android_ETC1TargetPlatform (89)
[2017.09.26-17.17.51:278][ 65]LogModuleManager: Shutting down and abandoning module Android_DXTTargetPlatform (87)
[2017.09.26-17.17.51:278][ 65]LogModuleManager: Shutting down and abandoning module Android_ATCTargetPlatform (85)
[2017.09.26-17.17.51:278][ 65]LogModuleManager: Shutting down and abandoning module Android_ASTCTargetPlatform (83)
[2017.09.26-17.17.51:278][ 65]LogModuleManager: Shutting down and abandoning module AndroidTargetPlatform (81)
[2017.09.26-17.17.51:278][ 65]LogModuleManager: Shutting down and abandoning module WindowsTargetPlatform (79)
[2017.09.26-17.17.51:278][ 65]LogModuleManager: Shutting down and abandoning module WindowsServerTargetPlatform (77)
[2017.09.26-17.17.51:278][ 65]LogModuleManager: Shutting down and abandoning module WindowsNoEditorTargetPlatform (75)
[2017.09.26-17.17.51:278][ 65]LogModuleManager: Shutting down and abandoning module WindowsClientTargetPlatform (73)
[2017.09.26-17.17.51:278][ 65]LogModuleManager: Shutting down and abandoning module MacTargetPlatform (71)
[2017.09.26-17.17.51:279][ 65]LogModuleManager: Shutting down and abandoning module MacServerTargetPlatform (69)
[2017.09.26-17.17.51:279][ 65]LogModuleManager: Shutting down and abandoning module MacNoEditorTargetPlatform (67)
[2017.09.26-17.17.51:279][ 65]LogModuleManager: Shutting down and abandoning module MacClientTargetPlatform (65)
[2017.09.26-17.17.51:279][ 65]LogModuleManager: Shutting down and abandoning module AllDesktopTargetPlatform (63)
[2017.09.26-17.17.51:279][ 65]LogModuleManager: Shutting down and abandoning module InputCore (60)
[2017.09.26-17.17.51:279][ 65]LogModuleManager: Shutting down and abandoning module Settings (58)
[2017.09.26-17.17.51:279][ 65]LogModuleManager: Shutting down and abandoning module PhysXCooking (56)
[2017.09.26-17.17.51:279][ 65]LogModuleManager: Shutting down and abandoning module SteamVR (54)
[2017.09.26-17.17.51:279][ 65]LogModuleManager: Shutting down and abandoning module OculusHMD (52)
[2017.09.26-17.17.51:279][ 65]LogModuleManager: Shutting down and abandoning module ExampleDeviceProfileSelector (50)
[2017.09.26-17.17.51:279][ 65]LogModuleManager: Shutting down and abandoning module OnlineBlueprintSupport (48)
[2017.09.26-17.17.51:279][ 65]LogModuleManager: Shutting down and abandoning module OnlineSubsystem (44)
[2017.09.26-17.17.51:279][ 65]LogOnline: Display: Unloading online subsystem: NULL
[2017.09.26-17.17.51:279][ 65]LogModuleManager: Shutting down and abandoning module XMPP (43)
[2017.09.26-17.17.51:279][ 65]LogModuleManager: Shutting down and abandoning module HTTP (41)
[2017.09.26-17.17.51:279][ 65]LogHttp: Display: Http module shutting down, but needs to wait on 1 outstanding Http requests:
[2017.09.26-17.17.51:280][ 65]LogHttp: Display: 	verb=[POST] url=[https://datarouter.ol.epicgames.com/datarouter/api/v1/public/data?SessionID=%7B37E9FBD4-4524-7F24-17A2-959366F345E4%7D&AppID=UEEditor.Rocket.Release&AppVersion=4.17.1-3586342%2B%2B%2BUE4%2BRelease-4.17&UserID=5160131d4fbbf6d62e4719b8716de666%7C3ef35b30eb8d444d8e26d7fb1794d4bf%7Cb9c6b803-d102-46e7-b321-ae8f3428388b&AppEnvironment=datacollector-binary&UploadType=eteventstream] status=Processing
[2017.09.26-17.17.51:293][ 65]LogModuleManager: Shutting down and abandoning module SSL (40)
[2017.09.26-17.17.51:297][ 65]LogModuleManager: Shutting down and abandoning module AnimationModifiers (36)
[2017.09.26-17.17.51:297][ 65]LogModuleManager: Shutting down and abandoning module PropertyEditor (35)
[2017.09.26-17.17.51:298][ 65]LogModuleManager: Shutting down and abandoning module AudioEditor (32)
[2017.09.26-17.17.51:298][ 65]LogModuleManager: Shutting down and abandoning module TextureCompressor (30)
[2017.09.26-17.17.51:298][ 65]LogModuleManager: Shutting down and abandoning module ShaderCore (28)
[2017.09.26-17.17.51:298][ 65]LogModuleManager: Shutting down and abandoning module Landscape (26)
[2017.09.26-17.17.51:298][ 65]LogModuleManager: Shutting down and abandoning module SlateRHIRenderer (24)
[2017.09.26-17.17.51:300][ 65]LogModuleManager: Shutting down and abandoning module OpenGLDrv (22)
[2017.09.26-17.17.51:300][ 65]LogModuleManager: Shutting down and abandoning module D3D11RHI (20)
[2017.09.26-17.17.51:300][ 65]LogModuleManager: Shutting down and abandoning module AnimGraphRuntime (18)
[2017.09.26-17.17.51:300][ 65]LogModuleManager: Shutting down and abandoning module Renderer (16)
[2017.09.26-17.17.51:300][ 65]LogModuleManager: Shutting down and abandoning module Engine (14)
[2017.09.26-17.17.51:300][ 65]LogModuleManager: Shutting down and abandoning module CoreUObject (12)
[2017.09.26-17.17.51:300][ 65]LogModuleManager: Shutting down and abandoning module NetworkFile (10)
[2017.09.26-17.17.51:300][ 65]LogModuleManager: Shutting down and abandoning module CookedIterativeFile (8)
[2017.09.26-17.17.51:300][ 65]LogModuleManager: Shutting down and abandoning module StreamingFile (6)
[2017.09.26-17.17.51:301][ 65]LogModuleManager: Shutting down and abandoning module SandboxFile (4)
[2017.09.26-17.17.51:301][ 65]LogModuleManager: Shutting down and abandoning module PakFile (2)
[2017.09.26-17.17.51:310][ 65]LogExit: Exiting.
[2017.09.26-17.17.51:388][ 65]Log file closed, 09/26/17 11:17:51
