Log file open, 12/13/17 12:49:49
LogWindows: Failed to load 'aqProf.dll' (GetLastError=126)
LogWindows: File 'aqProf.dll' does not exist
LogWindows: Failed to load 'VSPerf140.dll' (GetLastError=126)
LogWindows: File 'VSPerf140.dll' does not exist
LogWindows: Failed to load 'VtuneApi.dll' (GetLastError=126)
LogWindows: File 'VtuneApi.dll' does not exist
LogWindows: Failed to load 'VtuneApi32e.dll' (GetLastError=126)
LogWindows: File 'VtuneApi32e.dll' does not exist
LogInit: Display: Running engine for game: InsertNameAdventure
LogPlatformFile: Not using cached read wrapper
LogInit: Display: RandInit(-431705256) SRandInit(-431705256).
LogInit: Read version file with build ID '3709383'
LogInit: Overriding engine version to CL 3754814, compatible CL 3709383
LogInit: Registered custom module enumerator with build ID '3709383'
LogTaskGraph: Started task graph with 5 named threads and 14 total threads with 3 sets of task threads.
LogStats: Stats thread started at 0.160885
LogD3D11RHI: Aftermath initialized
LogModuleManager: Display: Found up-to-date module file ../../../Engine/Plugins/2D/Paper2D/Binaries/Win64/UE4Editor-Paper2D.dll (API version 3709383).
LogModuleManager: Display: Found up-to-date module file ../../../Engine/Plugins/2D/Paper2D/Binaries/Win64/UE4Editor-Paper2DEditor.dll (API version 3709383).
LogModuleManager: Display: Found up-to-date module file ../../../Engine/Plugins/2D/Paper2D/Binaries/Win64/UE4Editor-PaperSpriteSheetImporter.dll (API version 3709383).
LogModuleManager: Display: Found up-to-date module file ../../../Engine/Plugins/2D/Paper2D/Binaries/Win64/UE4Editor-PaperTiledImporter.dll (API version 3709383).
LogModuleManager: Display: Found up-to-date module file ../../../Engine/Plugins/2D/Paper2D/Binaries/Win64/UE4Editor-SmartSnapping.dll (API version 3709383).
LogModuleManager: Display: Found up-to-date module file ../../../Engine/Plugins/Blendables/LightPropagationVolume/Binaries/Win64/UE4Editor-LightPropagationVolumeRuntime.dll (API version 3709383).
LogModuleManager: Display: Found up-to-date module file ../../../Engine/Plugins/Blendables/LightPropagationVolume/Binaries/Win64/UE4Editor-LightPropagationVolumeEditor.dll (API version 3709383).
LogModuleManager: Display: Found up-to-date module file ../../../Engine/Plugins/Developer/GitSourceControl/Binaries/Win64/UE4Editor-GitSourceControl.dll (API version 3709383).
LogModuleManager: Display: Found up-to-date module file ../../../Engine/Plugins/Developer/PerforceSourceControl/Binaries/Win64/UE4Editor-PerforceSourceControl.dll (API version 3709383).
LogModuleManager: Display: Found up-to-date module file ../../../Engine/Plugins/Developer/SubversionSourceControl/Binaries/Win64/UE4Editor-SubversionSourceControl.dll (API version 3709383).
LogModuleManager: Display: Found up-to-date module file ../../../Engine/Plugins/Developer/UObjectPlugin/Binaries/Win64/UE4Editor-UObjectPlugin.dll (API version 3709383).
LogModuleManager: Display: Found up-to-date module file ../../../Engine/Plugins/Developer/VisualStudioCodeSourceCodeAccess/Binaries/Win64/UE4Editor-VisualStudioCodeSourceCodeAccess.dll (API version 3709383).
LogModuleManager: Display: Found up-to-date module file ../../../Engine/Plugins/Developer/VisualStudioSourceCodeAccess/Binaries/Win64/UE4Editor-VisualStudioSourceCodeAccess.dll (API version 3709383).
LogModuleManager: Display: Found up-to-date module file ../../../Engine/Plugins/Editor/AssetManagerEditor/Binaries/Win64/UE4Editor-AssetManagerEditor.dll (API version 3709383).
LogModuleManager: Display: Found up-to-date module file ../../../Engine/Plugins/Editor/AudioCapture/Binaries/Win64/UE4Editor-AudioCapture.dll (API version 3709383).
LogModuleManager: Display: Found up-to-date module file ../../../Engine/Plugins/Editor/FacialAnimation/Binaries/Win64/UE4Editor-FacialAnimation.dll (API version 3709383).
LogModuleManager: Display: Found up-to-date module file ../../../Engine/Plugins/Editor/FacialAnimation/Binaries/Win64/UE4Editor-FacialAnimationEditor.dll (API version 3709383).
LogModuleManager: Display: Found up-to-date module file ../../../Engine/Plugins/Editor/GameplayTagsEditor/Binaries/Win64/UE4Editor-GameplayTagsEditor.dll (API version 3709383).
LogModuleManager: Display: Found up-to-date module file ../../../Engine/Plugins/Editor/MobileLauncherProfileWizard/Binaries/Win64/UE4Editor-MobileLauncherProfileWizard.dll (API version 3709383).
LogModuleManager: Display: Found up-to-date module file ../../../Engine/Plugins/Editor/PluginBrowser/Binaries/Win64/UE4Editor-PluginBrowser.dll (API version 3709383).
LogModuleManager: Display: Found up-to-date module file ../../../Engine/Plugins/Editor/SpeedTreeImporter/Binaries/Win64/UE4Editor-SpeedTreeImporter.dll (API version 3709383).
LogModuleManager: Display: Found up-to-date module file ../../../Engine/Plugins/Experimental/AlembicImporter/Binaries/Win64/UE4Editor-AlembicImporter.dll (API version 3709383).
LogModuleManager: Display: Found up-to-date module file ../../../Engine/Plugins/Experimental/AlembicImporter/Binaries/Win64/UE4Editor-AlembicLibrary.dll (API version 3709383).
LogModuleManager: Display: Found up-to-date module file ../../../Engine/Plugins/Experimental/CharacterAI/Binaries/Win64/UE4Editor-CharacterAI.dll (API version 3709383).
LogModuleManager: Display: Found up-to-date module file ../../../Engine/Plugins/Experimental/HTML5Networking/Binaries/Win64/UE4Editor-HTML5Networking.dll (API version 3709383).
LogModuleManager: Display: Found up-to-date module file ../../../Engine/Plugins/Media/AndroidMedia/Binaries/Win64/UE4Editor-AndroidMediaEditor.dll (API version 3709383).
LogModuleManager: Display: Found up-to-date module file ../../../Engine/Plugins/Media/AndroidMedia/Binaries/Win64/UE4Editor-AndroidMediaFactory.dll (API version 3709383).
LogModuleManager: Display: Found up-to-date module file ../../../Engine/Plugins/Media/AvfMedia/Binaries/Win64/UE4Editor-AvfMediaEditor.dll (API version 3709383).
LogModuleManager: Display: Found up-to-date module file ../../../Engine/Plugins/Media/AvfMedia/Binaries/Win64/UE4Editor-AvfMediaFactory.dll (API version 3709383).
LogModuleManager: Display: Found up-to-date module file ../../../Engine/Plugins/Media/AvfMedia/Binaries/Win64/UE4Editor-AvfMediaFactory.dll (API version 3709383).
LogModuleManager: Display: Found up-to-date module file ../../../Engine/Plugins/Media/ImgMedia/Binaries/Win64/UE4Editor-ImgMedia.dll (API version 3709383).
LogModuleManager: Display: Found up-to-date module file ../../../Engine/Plugins/Media/ImgMedia/Binaries/Win64/UE4Editor-ImgMediaEditor.dll (API version 3709383).
LogModuleManager: Display: Found up-to-date module file ../../../Engine/Plugins/Media/ImgMedia/Binaries/Win64/UE4Editor-ImgMediaFactory.dll (API version 3709383).
LogModuleManager: Display: Found up-to-date module file ../../../Engine/Plugins/Media/ImgMedia/Binaries/Win64/UE4Editor-ImgMediaFactory.dll (API version 3709383).
LogModuleManager: Display: Found up-to-date module file ../../../Engine/Plugins/Media/ImgMedia/Binaries/Win64/UE4Editor-OpenExrWrapper.dll (API version 3709383).
LogModuleManager: Display: Found up-to-date module file ../../../Engine/Plugins/Media/MediaCompositing/Binaries/Win64/UE4Editor-MediaCompositing.dll (API version 3709383).
LogModuleManager: Display: Found up-to-date module file ../../../Engine/Plugins/Media/MediaCompositing/Binaries/Win64/UE4Editor-MediaCompositingEditor.dll (API version 3709383).
LogModuleManager: Display: Found up-to-date module file ../../../Engine/Plugins/Media/MediaPlayerEditor/Binaries/Win64/UE4Editor-MediaPlayerEditor.dll (API version 3709383).
LogModuleManager: Display: Found up-to-date module file ../../../Engine/Plugins/Media/WmfMedia/Binaries/Win64/UE4Editor-WmfMedia.dll (API version 3709383).
LogModuleManager: Display: Found up-to-date module file ../../../Engine/Plugins/Media/WmfMedia/Binaries/Win64/UE4Editor-WmfMediaEditor.dll (API version 3709383).
LogModuleManager: Display: Found up-to-date module file ../../../Engine/Plugins/Media/WmfMedia/Binaries/Win64/UE4Editor-WmfMediaFactory.dll (API version 3709383).
LogModuleManager: Display: Found up-to-date module file ../../../Engine/Plugins/Media/WmfMedia/Binaries/Win64/UE4Editor-WmfMediaFactory.dll (API version 3709383).
LogModuleManager: Display: Found up-to-date module file ../../../Engine/Plugins/Messaging/TcpMessaging/Binaries/Win64/UE4Editor-TcpMessaging.dll (API version 3709383).
LogModuleManager: Display: Found up-to-date module file ../../../Engine/Plugins/Messaging/UdpMessaging/Binaries/Win64/UE4Editor-UdpMessaging.dll (API version 3709383).
LogModuleManager: Display: Found up-to-date module file ../../../Engine/Plugins/MovieScene/ActorSequence/Binaries/Win64/UE4Editor-ActorSequence.dll (API version 3709383).
LogModuleManager: Display: Found up-to-date module file ../../../Engine/Plugins/MovieScene/LevelSequenceEditor/Binaries/Win64/UE4Editor-LevelSequenceEditor.dll (API version 3709383).
LogModuleManager: Display: Found up-to-date module file ../../../Engine/Plugins/MovieScene/MatineeToLevelSequence/Binaries/Win64/UE4Editor-MatineeToLevelSequence.dll (API version 3709383).
LogModuleManager: Display: Found up-to-date module file ../../../Engine/Plugins/Online/OnlineSubsystem/Binaries/Win64/UE4Editor-OnlineSubsystem.dll (API version 3709383).
LogModuleManager: Display: Found up-to-date module file ../../../Engine/Plugins/Runtime/AndroidPermission/Binaries/Win64/UE4Editor-AndroidPermission.dll (API version 3709383).
LogModuleManager: Display: Found up-to-date module file ../../../Engine/Plugins/Online/OnlineSubsystemNull/Binaries/Win64/UE4Editor-OnlineSubsystemNull.dll (API version 3709383).
LogModuleManager: Display: Found up-to-date module file ../../../Engine/Plugins/Online/OnlineSubsystemUtils/Binaries/Win64/UE4Editor-OnlineSubsystemUtils.dll (API version 3709383).
LogModuleManager: Display: Found up-to-date module file ../../../Engine/Plugins/Online/OnlineSubsystemUtils/Binaries/Win64/UE4Editor-OnlineBlueprintSupport.dll (API version 3709383).
LogModuleManager: Display: Found up-to-date module file ../../../Engine/Plugins/Runtime/AndroidDeviceProfileSelector/Binaries/Win64/UE4Editor-AndroidDeviceProfileSelector.dll (API version 3709383).
LogModuleManager: Display: Found up-to-date module file ../../../Engine/Plugins/Runtime/AppleARKit/Binaries/Win64/UE4Editor-AppleARKit.dll (API version 3709383).
LogModuleManager: Display: Found up-to-date module file ../../../Engine/Plugins/Runtime/ArchVisCharacter/Binaries/Win64/UE4Editor-ArchVisCharacter.dll (API version 3709383).
LogModuleManager: Display: Found up-to-date module file ../../../Engine/Plugins/Runtime/CableComponent/Binaries/Win64/UE4Editor-CableComponent.dll (API version 3709383).
LogModuleManager: Display: Found up-to-date module file ../../../Engine/Plugins/Runtime/CustomMeshComponent/Binaries/Win64/UE4Editor-CustomMeshComponent.dll (API version 3709383).
LogModuleManager: Display: Found up-to-date module file ../../../Engine/Plugins/Runtime/ExampleDeviceProfileSelector/Binaries/Win64/UE4Editor-ExampleDeviceProfileSelector.dll (API version 3709383).
LogModuleManager: Display: Found up-to-date module file ../../../Engine/Plugins/Runtime/ImmediatePhysics/Binaries/Win64/UE4Editor-ImmediatePhysics.dll (API version 3709383).
LogModuleManager: Display: Found up-to-date module file ../../../Engine/Plugins/Runtime/ImmediatePhysics/Binaries/Win64/UE4Editor-ImmediatePhysicsEditor.dll (API version 3709383).
LogModuleManager: Display: Found up-to-date module file ../../../Engine/Plugins/Runtime/LocationServicesBPLibrary/Binaries/Win64/UE4Editor-LocationServicesBPLibrary.dll (API version 3709383).
LogModuleManager: Display: Found up-to-date module file ../../../Engine/Plugins/Runtime/MobilePatchingUtils/Binaries/Win64/UE4Editor-MobilePatchingUtils.dll (API version 3709383).
LogModuleManager: Display: Found up-to-date module file ../../../Engine/Plugins/Runtime/Oculus/OculusVR/Binaries/Win64/UE4Editor-OculusHMD.dll (API version 3709383).
LogModuleManager: Display: Found up-to-date module file ../../../Engine/Plugins/Runtime/Oculus/OculusVR/Binaries/Win64/UE4Editor-OculusInput.dll (API version 3709383).
LogModuleManager: Display: Found up-to-date module file ../../../Engine/Plugins/Runtime/Oculus/OculusVR/Binaries/Win64/UE4Editor-OculusEditor.dll (API version 3709383).
LogModuleManager: Display: Found up-to-date module file ../../../Engine/Plugins/Runtime/PhysXVehicles/Binaries/Win64/UE4Editor-PhysXVehicles.dll (API version 3709383).
LogModuleManager: Display: Found up-to-date module file ../../../Engine/Plugins/Runtime/PhysXVehicles/Binaries/Win64/UE4Editor-PhysXVehiclesEditor.dll (API version 3709383).
LogModuleManager: Display: Found up-to-date module file ../../../Engine/Plugins/Runtime/ProceduralMeshComponent/Binaries/Win64/UE4Editor-ProceduralMeshComponent.dll (API version 3709383).
LogModuleManager: Display: Found up-to-date module file ../../../Engine/Plugins/Runtime/ProceduralMeshComponent/Binaries/Win64/UE4Editor-ProceduralMeshComponentEditor.dll (API version 3709383).
LogModuleManager: Display: Found up-to-date module file ../../../Engine/Plugins/Runtime/RuntimePhysXCooking/Binaries/Win64/UE4Editor-RuntimePhysXCooking.dll (API version 3709383).
LogModuleManager: Display: Found up-to-date module file ../../../Engine/Plugins/Runtime/Steam/SteamVR/Binaries/Win64/UE4Editor-SteamVR.dll (API version 3709383).
LogModuleManager: Display: Found up-to-date module file ../../../Engine/Plugins/Runtime/Steam/SteamVR/Binaries/Win64/UE4Editor-SteamVRController.dll (API version 3709383).
LogModuleManager: Display: Found up-to-date module file ../../../Engine/Plugins/Runtime/WindowsMoviePlayer/Binaries/Win64/UE4Editor-WindowsMoviePlayer.dll (API version 3709383).
LogPluginManager: Mounting plugin Paper2D
LogPluginManager: Mounting plugin LightPropagationVolume
LogPluginManager: Mounting plugin CodeLiteSourceCodeAccess
LogPluginManager: Mounting plugin GitSourceControl
LogPluginManager: Mounting plugin KDevelopSourceCodeAccess
LogPluginManager: Mounting plugin NullSourceCodeAccess
LogPluginManager: Mounting plugin PerforceSourceControl
LogPluginManager: Mounting plugin SubversionSourceControl
LogPluginManager: Mounting plugin UObjectPlugin
LogPluginManager: Mounting plugin VisualStudioCodeSourceCodeAccess
LogPluginManager: Mounting plugin VisualStudioSourceCodeAccess
LogPluginManager: Mounting plugin XCodeSourceCodeAccess
LogPluginManager: Mounting plugin AssetManagerEditor
LogPluginManager: Mounting plugin AudioCapture
LogPluginManager: Mounting plugin FacialAnimation
LogPluginManager: Mounting plugin GameplayTagsEditor
LogPluginManager: Mounting plugin MobileLauncherProfileWizard
LogPluginManager: Mounting plugin PluginBrowser
LogPluginManager: Mounting plugin SpeedTreeImporter
LogPluginManager: Mounting plugin AlembicImporter
LogPluginManager: Mounting plugin CharacterAI
LogPluginManager: Mounting plugin HTML5Networking
LogPluginManager: Mounting plugin AndroidMedia
LogPluginManager: Mounting plugin AvfMedia
LogPluginManager: Mounting plugin ImgMedia
LogPluginManager: Mounting plugin MediaCompositing
LogPluginManager: Mounting plugin MediaPlayerEditor
LogPluginManager: Mounting plugin WmfMedia
LogPluginManager: Mounting plugin TcpMessaging
LogPluginManager: Mounting plugin UdpMessaging
LogPluginManager: Mounting plugin ActorSequence
LogPluginManager: Mounting plugin LevelSequenceEditor
LogPluginManager: Mounting plugin MatineeToLevelSequence
LogPluginManager: Mounting plugin OnlineSubsystemGooglePlay
LogPluginManager: Mounting plugin OnlineSubsystemIOS
LogPluginManager: Mounting plugin OnlineSubsystem
LogPluginManager: Mounting plugin OnlineSubsystemNull
LogPluginManager: Mounting plugin OnlineSubsystemUtils
LogPluginManager: Mounting plugin AndroidDeviceProfileSelector
LogPluginManager: Mounting plugin AndroidMoviePlayer
LogPluginManager: Mounting plugin AndroidPermission
LogPluginManager: Mounting plugin AppleARKit
LogPluginManager: Mounting plugin AppleMoviePlayer
LogPluginManager: Mounting plugin ArchVisCharacter
LogPluginManager: Mounting plugin CableComponent
LogPluginManager: Mounting plugin CustomMeshComponent
LogPluginManager: Mounting plugin ExampleDeviceProfileSelector
LogPluginManager: Mounting plugin GoogleCloudMessaging
LogPluginManager: Mounting plugin ImmediatePhysics
LogPluginManager: Mounting plugin IOSDeviceProfileSelector
LogPluginManager: Mounting plugin LinuxDeviceProfileSelector
LogPluginManager: Mounting plugin LocationServicesBPLibrary
LogPluginManager: Mounting plugin MobilePatchingUtils
LogPluginManager: Mounting plugin OculusVR
LogPluginManager: Plugin shader directory ../../../Engine/Plugins/Runtime/Oculus/OculusVR/Shaders found
LogPluginManager: Mapping shader source directory ../../../Engine/Plugins/Runtime/Oculus/OculusVR/Shaders to virtual directory /Plugin/OculusVR
LogPluginManager: Mounting plugin PhysXVehicles
LogPluginManager: Mounting plugin ProceduralMeshComponent
LogPluginManager: Mounting plugin RuntimePhysXCooking
LogPluginManager: Mounting plugin SteamVR
LogPluginManager: Mounting plugin WindowsMoviePlayer
LogInit: Using libcurl 7.47.1
LogInit:  - built for x86_64-pc-win32
LogInit:  - supports SSL with OpenSSL/1.0.2g
LogInit:  - supports HTTP deflate (compression) using libz 1.2.8
LogInit:  - other features:
LogInit:      CURL_VERSION_SSL
LogInit:      CURL_VERSION_LIBZ
LogInit:      CURL_VERSION_IPV6
LogInit:      CURL_VERSION_ASYNCHDNS
LogInit:      CURL_VERSION_LARGEFILE
LogInit:      CURL_VERSION_IDN
LogInit:  CurlRequestOptions (configurable via config and command line):
LogInit:  - bVerifyPeer = false  - Libcurl will NOT verify peer certificate
LogInit:  - bUseHttpProxy = false  - Libcurl will NOT use HTTP proxy
LogInit:  - bDontReuseConnections = false  - Libcurl will reuse connections
LogInit:  - CertBundlePath = nullptr  - Libcurl will use whatever was configured at build time.
LogInit: Build: ++UE4+Release-4.18-CL-3754814
LogInit: Engine Version: 4.18.1-3754814+++UE4+Release-4.18
LogInit: Compatible Engine Version: 4.18.0-3709383+++UE4+Release-4.18
LogInit: Net CL: 3709383
LogDevObjectVersion: Number of dev versions registered: 16
LogDevObjectVersion:   Dev-Blueprints (B0D832E4-1F89-4F0D-ACCF-7EB736FD4AA2): 10
LogDevObjectVersion:   Dev-Build (E1C64328-A22C-4D53-A36C-8E866417BD8C): 0
LogDevObjectVersion:   Dev-Core (375EC13C-06E4-48FB-B500-84F0262A717E): 2
LogDevObjectVersion:   Dev-Editor (E4B068ED-F494-42E9-A231-DA0B2E46BB41): 20
LogDevObjectVersion:   Dev-Framework (CFFC743F-43B0-4480-9391-14DF171D2073): 30
LogDevObjectVersion:   Dev-Mobile (B02B49B5-BB20-44E9-A304-32B752E40360): 0
LogDevObjectVersion:   Dev-Networking (A4E4105C-59A1-49B5-A7C5-40C4547EDFEE): 0
LogDevObjectVersion:   Dev-Online (39C831C9-5AE6-47DC-9A44-9C173E1C8E7C): 0
LogDevObjectVersion:   Dev-Physics (78F01B33-EBEA-4F98-B9B4-84EACCB95AA2): 0
LogDevObjectVersion:   Dev-Platform (6631380F-2D4D-43E0-8009-CF276956A95A): 0
LogDevObjectVersion:   Dev-Rendering (12F88B9F-8875-4AFC-A67C-D90C383ABD29): 20
LogDevObjectVersion:   Dev-Sequencer (7B5AE74C-D270-4C10-A958-57980B212A5A): 4
LogDevObjectVersion:   Dev-VR (D7296918-1DD6-4BDD-9DE2-64A83CC13884): 0
LogDevObjectVersion:   Dev-LoadTimes (C2A15278-BFE7-4AFE-6C17-90FF531DF755): 1
LogDevObjectVersion:   Private-Geometry (6EACA3D4-40EC-4CC1-B786-8BED09428FC5): 1
LogDevObjectVersion:   Dev-AnimPhys (29E575DD-E0A3-4627-9D10-D276232CDCEA): 12
LogInit: Compiled (64-bit): Nov 14 2017 02:05:55
LogInit: Compiled with Visual C++: 19.00.24215.01
LogInit: Build Configuration: Development
LogInit: Branch Name: ++UE4+Release-4.18
LogInit: Command line:  
LogInit: Base directory: C:/Program Files/Epic Games/UE_4.18/Engine/Binaries/Win64/
LogInit: Installed Engine Build: 1
LogInit: Presizing for max 8388607 objects, including 0 objects not considered by GC, pre-allocating 0 bytes for permanent pool.
LogInit: Object subsystem initialized
[2017.12.13-19.49.50:536][  0]LogInit: Selected Device Profile: [Windows]
[2017.12.13-19.49.50:536][  0]LogInit: Applying CVar settings loaded from the selected device profile: [Windows]
[2017.12.13-19.49.50:562][  0]LogInit: Computer: DESKTOP-OMJHMSB
[2017.12.13-19.49.50:562][  0]LogInit: User: rajjj
[2017.12.13-19.49.50:562][  0]LogInit: CPU Page size=4096, Cores=4
[2017.12.13-19.49.50:562][  0]LogInit: High frequency timer resolution =3.328124 MHz
[2017.12.13-19.49.50:563][  0]LogMemory: Memory total: Physical=15.9GB (16GB approx)
[2017.12.13-19.49.50:563][  0]LogMemory: Platform Memory Stats for Windows
[2017.12.13-19.49.50:563][  0]LogMemory: Process Physical Memory: 273.23 MB used, 273.23 MB peak
[2017.12.13-19.49.50:563][  0]LogMemory: Process Virtual Memory: 266.11 MB used, 266.11 MB peak
[2017.12.13-19.49.50:563][  0]LogMemory: Physical Memory: 4473.94 MB used,  11847.80 MB free, 16321.74 MB total
[2017.12.13-19.49.50:563][  0]LogMemory: Virtual Memory: 677.41 MB used,  11847.80 MB free, 134217728.00 MB total
[2017.12.13-19.49.50:698][  0]LogInit: Using OS detected language (en-US).
[2017.12.13-19.49.50:698][  0]LogInit: Using OS detected locale (en-US).
[2017.12.13-19.49.50:700][  0]LogTextLocalizationManager: No specific localization for 'en-US' exists, so the 'en' localization will be used.
[2017.12.13-19.49.51:089][  0]LogInit: Setting process to per monitor DPI aware
[2017.12.13-19.49.51:304][  0]LogD3D11RHI: D3D11 adapters:
[2017.12.13-19.49.51:346][  0]LogD3D11RHI:    0. 'NVIDIA GeForce GTX 1070' (Feature Level 11_0)
[2017.12.13-19.49.51:346][  0]LogD3D11RHI:       8096/0/8160 MB DedicatedVideo/DedicatedSystem/SharedSystem, Outputs:2, VendorId:0x10de
[2017.12.13-19.49.51:347][  0]LogD3D11RHI:    1. 'Microsoft Basic Render Driver' (Feature Level 11_0)
[2017.12.13-19.49.51:347][  0]LogD3D11RHI:       0/0/8160 MB DedicatedVideo/DedicatedSystem/SharedSystem, Outputs:0, VendorId:0x1414
[2017.12.13-19.49.51:347][  0]LogD3D11RHI: Chosen D3D11 Adapter: 0
[2017.12.13-19.49.51:353][  0]LogD3D11RHI: Creating new Direct3DDevice
[2017.12.13-19.49.51:353][  0]LogD3D11RHI:     GPU DeviceId: 0x1b81 (for the marketing name, search the web for "GPU Device Id")
[2017.12.13-19.49.51:353][  0]LogWindows: EnumDisplayDevices:
[2017.12.13-19.49.51:353][  0]LogWindows:    0. 'NVIDIA GeForce GTX 1070' (P:0 D:1)
[2017.12.13-19.49.51:353][  0]LogWindows:    1. 'NVIDIA GeForce GTX 1070' (P:1 D:1)
[2017.12.13-19.49.51:353][  0]LogWindows:    2. 'NVIDIA GeForce GTX 1070' (P:0 D:0)
[2017.12.13-19.49.51:353][  0]LogWindows:    3. 'NVIDIA GeForce GTX 1070' (P:0 D:0)
[2017.12.13-19.49.51:353][  0]LogWindows: DebugString: GetVideoDriverDetailsInvalid PrimaryIsNotTheChoosenAdapter GetVideoDriverDetailsInvalid PrimaryIsNotTheChoosenAdapter GetVideoDriverDetailsInvalid PrimaryIsNotTheChoosenAdapter GetVideoDriverDetailsInvalid PrimaryIsNotTheChoosenAdapter FoundDriverCount:0 
[2017.12.13-19.49.51:353][  0]LogD3D11RHI:     Adapter Name: NVIDIA GeForce GTX 1070
[2017.12.13-19.49.51:353][  0]LogD3D11RHI:   Driver Version: Unknown (internal:Unknown, unified:Unknown)
[2017.12.13-19.49.51:353][  0]LogD3D11RHI:      Driver Date: Unknown
[2017.12.13-19.49.51:353][  0]LogRHI: Texture pool is 5667 MB (70% of 8096 MB)
[2017.12.13-19.49.51:370][  0]LogD3D11RHI: Async texture creation enabled
[2017.12.13-19.49.51:379][  0]LogD3D11RHI: GPU Timing Frequency: 1000.000000 (Debug: 2 1)
[2017.12.13-19.49.51:428][  0]LogShaderCompilers: Guid format shader working directory is -35 characters bigger than the processId version (../../../../../../Users/rajjj/OneDrive/Documents/GitHub/DatBoiEntertainmetnGame_/Intermediate/Shaders/WorkingDirectory/22512/).
[2017.12.13-19.49.51:428][  0]LogShaderCompilers: Cleaned the shader compiler working directory 'C:/Users/rajjj/AppData/Local/Temp/UnrealShaderWorkingDir/928AF9654E343F33FACAD19BAB5CC95D/'.
[2017.12.13-19.49.51:428][  0]LogShaderCompilers: Display: Using Local Shader Compiler.
[2017.12.13-19.49.52:200][  0]LogTemp: Display: Loaded TP AllDesktopTargetPlatform
[2017.12.13-19.49.52:248][  0]LogTemp: Display: Loaded TP MacClientTargetPlatform
[2017.12.13-19.49.52:295][  0]LogTemp: Display: Loaded TP MacNoEditorTargetPlatform
[2017.12.13-19.49.52:342][  0]LogTemp: Display: Loaded TP MacServerTargetPlatform
[2017.12.13-19.49.52:390][  0]LogTemp: Display: Loaded TP MacTargetPlatform
[2017.12.13-19.49.52:438][  0]LogTemp: Display: Loaded TP WindowsClientTargetPlatform
[2017.12.13-19.49.52:485][  0]LogTemp: Display: Loaded TP WindowsNoEditorTargetPlatform
[2017.12.13-19.49.52:532][  0]LogTemp: Display: Loaded TP WindowsServerTargetPlatform
[2017.12.13-19.49.52:572][  0]LogTemp: Display: Loaded TP WindowsTargetPlatform
[2017.12.13-19.49.52:620][  0]LogTemp: Display: Loaded TP Android_ASTCTargetPlatform
[2017.12.13-19.49.52:668][  0]LogTemp: Display: Loaded TP Android_ATCTargetPlatform
[2017.12.13-19.49.52:720][  0]LogTemp: Display: Loaded TP Android_DXTTargetPlatform
[2017.12.13-19.49.52:773][  0]LogTemp: Display: Loaded TP Android_ETC1TargetPlatform
[2017.12.13-19.49.52:827][  0]LogTemp: Display: Loaded TP Android_ETC2TargetPlatform
[2017.12.13-19.49.52:939][  0]LogTemp: Display: Loaded TP Android_MultiTargetPlatform
[2017.12.13-19.49.52:939][  0]LogTemp: Display: Loaded TP Android_PVRTCTargetPlatform
[2017.12.13-19.49.52:996][  0]LogTemp: Display: Loaded TP AndroidTargetPlatform
[2017.12.13-19.49.53:042][  0]LogTemp: Display: Loaded TP HTML5TargetPlatform
[2017.12.13-19.49.53:140][  0]LogTemp: Display: Loaded TP IOSTargetPlatform
[2017.12.13-19.49.53:171][  0]LogTemp: Display: Loaded TP TVOSTargetPlatform
[2017.12.13-19.49.53:222][  0]LogTemp: Display: Loaded TP LinuxClientTargetPlatform
[2017.12.13-19.49.53:273][  0]LogTemp: Display: Loaded TP LinuxNoEditorTargetPlatform
[2017.12.13-19.49.53:323][  0]LogTemp: Display: Loaded TP LinuxServerTargetPlatform
[2017.12.13-19.49.53:368][  0]LogTemp: Display: Loaded TP LinuxTargetPlatform
[2017.12.13-19.49.53:368][  0]LogTargetPlatformManager: Display: Building Assets For Windows
[2017.12.13-19.49.53:926][  0]LogDerivedDataCache: Display: Max Cache Size: 512 MB
[2017.12.13-19.49.53:984][  0]LogDerivedDataCache: Loaded boot cache 0.06s 78MB C:/Users/rajjj/AppData/Local/UnrealEngine/4.18/DerivedDataCache/Boot.ddc.
[2017.12.13-19.49.53:984][  0]LogDerivedDataCache: Display: Loaded Boot cache: C:/Users/rajjj/AppData/Local/UnrealEngine/4.18/DerivedDataCache/Boot.ddc
[2017.12.13-19.49.53:984][  0]LogDerivedDataCache: FDerivedDataBackendGraph:  Pak pak cache file ../../../../../../Users/rajjj/OneDrive/Documents/GitHub/DatBoiEntertainmetnGame_/DerivedDataCache/DDC.ddp not found, will not use a pak cache.
[2017.12.13-19.49.53:984][  0]LogDerivedDataCache: Unable to find inner node Pak for hierarchical cache Hierarchy.
[2017.12.13-19.49.53:984][  0]LogDerivedDataCache: FDerivedDataBackendGraph:  CompressedPak pak cache file ../../../../../../Users/rajjj/OneDrive/Documents/GitHub/DatBoiEntertainmetnGame_/DerivedDataCache/Compressed.ddp not found, will not use a pak cache.
[2017.12.13-19.49.53:984][  0]LogDerivedDataCache: Unable to find inner node CompressedPak for hierarchical cache Hierarchy.
[2017.12.13-19.49.53:997][  0]LogDerivedDataCache: Display: Pak cache opened for reading ../../../Engine/DerivedDataCache/Compressed.ddp.
[2017.12.13-19.49.54:009][  0]LogDerivedDataCache: Using Local data cache path C:/Users/rajjj/AppData/Local/UnrealEngine/Common/DerivedDataCache: Writable
[2017.12.13-19.49.54:018][  0]LogMaterial: Verifying Global Shaders for PCD3D_SM5
[2017.12.13-19.49.54:019][  0]LogSlate: Using Freetype 2.6.0
[2017.12.13-19.49.54:019][  0]LogSlate: SlateFontCache - WITH_FREETYPE: 1, WITH_HARFBUZZ: 1
[2017.12.13-19.49.54:019][  0]LogSlate: SlateFontCache - WITH_FREETYPE: 1, WITH_HARFBUZZ: 1
[2017.12.13-19.49.54:365][  0]LogInit: Selected Device Profile: [Windows]
[2017.12.13-19.49.54:665][  0]LogSimplygon: Simplygon DLL not present - disabling.
[2017.12.13-19.49.54:703][  0]LogMeshReduction: Using SimplygonSwarm for distributed automatic mesh merging
[2017.12.13-19.49.54:703][  0]LogMeshReduction: Using QuadricMeshReduction for automatic static mesh reduction
[2017.12.13-19.49.54:703][  0]LogMeshReduction: No automatic skeletal mesh reduction module available
[2017.12.13-19.49.54:703][  0]LogMeshReduction: No automatic mesh merging module available
[2017.12.13-19.49.54:703][  0]LogMeshMerging: No automatic mesh merging module available
[2017.12.13-19.49.54:731][  0]LogNetVersion: InsertNameAdventure , NetCL: 3709383, EngineNetVer: 2, GameNetVer: 0 (Checksum: 1457064711)
[2017.12.13-19.49.54:887][  0]LogAssetRegistry: FAssetRegistry took 0.0250 seconds to start up
[2017.12.13-19.49.55:341][  0]LogPackageLocalizationCache: Processed 7 localized package path(s) for 2 prioritized culture(s) in 0.070116 seconds
[2017.12.13-19.49.55:347][  0]LogUObjectArray: 35900 objects as part of root set at end of initial load.
[2017.12.13-19.49.55:347][  0]LogUObjectAllocator: 7372016 out of 0 bytes used by permanent object pool.
[2017.12.13-19.49.55:347][  0]LogUObjectArray: CloseDisregardForGC: 0/0 objects in disregard for GC pool
[2017.12.13-19.49.55:396][  0]LogInit: WinSock: version 1.1 (2.2), MaxSocks=32767, MaxUdp=65467
[2017.12.13-19.49.57:761][  0]LogTcpMessaging: Initializing TcpMessaging bridge
[2017.12.13-19.49.57:800][  0]LogUdpMessaging: Initializing bridge on interface 0.0.0.0:0 to multicast group 230.0.0.1:6666.
[2017.12.13-19.49.58:402][  0]LogMaterial: Uniform references updated for custom material expression Custom.
[2017.12.13-19.49.58:784][  0]SourceControl: Source control is disabled
[2017.12.13-19.50.00:085][  0]LogAndroidPermission: UAndroidPermissionCallbackProxy::GetInstance
[2017.12.13-19.50.00:325][  0]LogOcInput: OculusInput pre-init called
[2017.12.13-19.50.00:587][  0]LogEngine: Initializing Engine...
[2017.12.13-19.50.00:589][  0]LogHMD: Failed to initialize OpenVR with code 110
[2017.12.13-19.50.00:764][  0]LogStats: UGameplayTagsManager::ConstructGameplayTagTree: Construct from data asset -  0.000 s
[2017.12.13-19.50.00:764][  0]LogStats: UGameplayTagsManager::ConstructGameplayTagTree: GameplayTagTreeChangedEvent.Broadcast -  0.000 s
[2017.12.13-19.50.00:884][  0]LogAIModule: Creating AISystem for world Untitled
[2017.12.13-19.50.00:892][  0]LogInit: XAudio2 using 'Speakers (2- Logitech G930 Headset)' : 2 channels at 48 kHz using 16 bits per sample (channel mask 0x3)
[2017.12.13-19.50.00:902][  0]LogInit: FAudioDevice initialized.
[2017.12.13-19.50.00:971][  0]LogDerivedDataCache: Saved boot cache 0.07s 78MB C:/Users/rajjj/AppData/Local/UnrealEngine/4.18/DerivedDataCache/Boot.ddc.
[2017.12.13-19.50.00:977][  0]LogInit: Texture streaming: Enabled
[2017.12.13-19.50.01:067][  0]LogEngineSessionManager: EngineSessionManager initialized
[2017.12.13-19.50.01:211][  0]LogInit: Transaction tracking system initialized
[2017.12.13-19.50.01:513][  0]BlueprintLog: New page: Editor Load
[2017.12.13-19.50.02:403][  0]LocalizationService: Localization service is disabled
[2017.12.13-19.50.03:120][  0]LogConsoleResponse: Display: 
[2017.12.13-19.50.03:267][  0]LogCook: Display: Max memory allowance for cook 16384mb min free memory 0mb
[2017.12.13-19.50.03:267][  0]LogCook: Display: Mobile HDR setting 1
[2017.12.13-19.50.03:267][  0]LogGameplayTags: Display: UGameplayTagsManager::DoneAddingNativeTags. DelegateIsBound: 0
[2017.12.13-19.50.04:029][  0]LogFileCache: Scanning file cache for directory 'C:/Users/rajjj/OneDrive/Documents/GitHub/DatBoiEntertainmetnGame_/Content/' took 0.02s
[2017.12.13-19.50.04:378][  0]Cmd: MAP LOAD FILE="../../../../../../Users/rajjj/OneDrive/Documents/GitHub/DatBoiEntertainmetnGame_/Content/2DSideScrollerBP/Maps/Levels/Rainforest_Alien.umap" TEMPLATE=0 SHOWPROGRESS=1 FEATURELEVEL=3
[2017.12.13-19.50.04:379][  0]LightingResults: New page: Lighting Build
[2017.12.13-19.50.04:417][  0]MapCheck: New page: Map Check
[2017.12.13-19.50.04:417][  0]LightingResults: New page: Lighting Build
[2017.12.13-19.50.05:682][  0]LogMaterial: Missing cached shader map for material BlueLight_M1, compiling. 
[2017.12.13-19.50.05:683][  0]LogMaterial: Warning: C:\Users\rajjj\OneDrive\Documents\GitHub\DatBoiEntertainmetnGame_\Content\2DSideScrollerBP\Maps\Levels\LevelSprites\Sprites\Rain_Forrest_Sprites\Materials\BlueLight_M1.uasset: Failed to compile Material for platform PCD3D_SM5, Default Material will be used in game.
[2017.12.13-19.50.05:683][  0]LogMaterial: 	Function Flicker_MF: Missing function input 'Color'
[2017.12.13-19.50.05:711][  0]LogAIModule: Creating AISystem for world Rainforest_Alien
[2017.12.13-19.50.05:761][  0]LogEditorServer: Finished looking for orphan Actors (0.000 secs)
[2017.12.13-19.50.05:780][  0]Cmd: MAP CHECKDEP NOCLEARLOG
[2017.12.13-19.50.05:847][  0]MapCheck: Map check complete: 0 Error(s), 0 Warning(s), took 67.704ms to complete.
[2017.12.13-19.50.05:847][  0]LogFileHelpers: Loading map 'Rainforest_Alien' took 1.469
[2017.12.13-19.50.05:982][  0]LogCollectionManager: Loaded 0 collections in 0.001492 seconds
[2017.12.13-19.50.06:051][  0]LogFileCache: Scanning file cache for directory 'C:/Users/rajjj/OneDrive/Documents/GitHub/DatBoiEntertainmetnGame_/Saved/Collections/' took 0.01s
[2017.12.13-19.50.06:051][  0]LogFileCache: Scanning file cache for directory 'C:/Users/rajjj/OneDrive/Documents/GitHub/DatBoiEntertainmetnGame_/Content/Developers/rajjj/Collections/' took 0.00s
[2017.12.13-19.50.06:051][  0]LogFileCache: Scanning file cache for directory 'C:/Users/rajjj/OneDrive/Documents/GitHub/DatBoiEntertainmetnGame_/Content/Collections/' took 0.00s
[2017.12.13-19.50.06:051][  0]LogCollectionManager: Rebuilt the GUID cache for 0 collections in 0.000001 seconds
[2017.12.13-19.50.06:058][  0]LogContentBrowser: Native class hierarchy populated in 0.0073 seconds. Added 2363 classes and 519 folders.
[2017.12.13-19.50.06:153][  0]LogContentBrowser: Native class hierarchy updated for 'WidgetCarousel' in 0.0002 seconds. Added 0 classes and 0 folders.
[2017.12.13-19.50.06:189][  0]LogContentBrowser: Native class hierarchy updated for 'AddContentDialog' in 0.0003 seconds. Added 0 classes and 0 folders.
[2017.12.13-19.50.06:232][  0]LogContentBrowser: Native class hierarchy updated for 'SceneOutliner' in 0.0002 seconds. Added 1 classes and 2 folders.
[2017.12.13-19.50.06:248][  0]LogSlate: Took 0.000165 seconds to synchronously load lazily loaded font '../../../Engine/Content/Slate/Fonts/Roboto-Regular.ttf' (155K)
[2017.12.13-19.50.06:250][  0]LogSlate: Took 0.000208 seconds to synchronously load lazily loaded font '../../../Engine/Content/Slate/Fonts/Roboto-Bold.ttf' (160K)
[2017.12.13-19.50.06:255][  0]LogSlate: Took 0.000172 seconds to synchronously load lazily loaded font '../../../Engine/Content/Editor/Slate/Fonts/FontAwesome.ttf' (139K)
[2017.12.13-19.50.06:349][  0]LogRenderer: Reallocating scene render targets to support 1616x692 Format 10 NumSamples 1 (Frame:1).
[2017.12.13-19.50.06:547][  0]LogContentBrowser: Native class hierarchy updated for 'HierarchicalLODOutliner' in 0.0004 seconds. Added 1 classes and 2 folders.
[2017.12.13-19.50.06:547][  0]LogLoad: (Engine Initialization) Total time: 18.35 seconds
[2017.12.13-19.50.06:547][  0]LogLoad: (Engine Initialization) Total Blueprint compile time: 0.00 seconds
[2017.12.13-19.50.06:547][  0]LogExternalProfiler: No external profilers were discovered.  External profiling features will not be available.
[2017.12.13-19.50.06:934][  0]SourceControl: On branch V1.5.1
[2017.12.13-19.50.06:934][  0]SourceControl: Your branch is up-to-date with 'origin/V1.5.1'.
[2017.12.13-19.50.06:934][  0]SourceControl: No commands done.
[2017.12.13-19.50.06:934][  0]SourceControl: Next commands to do (2 remaining commands):
[2017.12.13-19.50.06:934][  0]SourceControl:    pick b627089 Redid mt backdrop and started work on a desert zone
[2017.12.13-19.50.06:934][  0]SourceControl:    pick 5400dc0 Revert "Redid mt backdrop and started work on a desert zone"
[2017.12.13-19.50.06:934][  0]SourceControl:   (use "git rebase --edit-todo" to view and edit)
[2017.12.13-19.50.06:934][  0]SourceControl: You are currently editing a commit while rebasing branch 'V1.5.1' on 'ad616f1'.
[2017.12.13-19.50.06:935][  0]SourceControl:   (use "git commit --amend" to amend the current commit)
[2017.12.13-19.50.06:935][  0]SourceControl:   (use "git rebase --continue" once you are satisfied with your changes)
[2017.12.13-19.50.06:935][  0]SourceControl: Changes to be committed:
[2017.12.13-19.50.06:935][  0]SourceControl:   (use "git reset HEAD <file>..." to unstage)
[2017.12.13-19.50.06:936][  0]SourceControl: 	new file:   Content/2DSideScrollerBP/Item/BP_bullet.uasset
[2017.12.13-19.50.06:936][  0]SourceControl: Changes not staged for commit:
[2017.12.13-19.50.06:936][  0]SourceControl:   (use "git add/rm <file>..." to update what will be committed)
[2017.12.13-19.50.06:936][  0]SourceControl:   (use "git checkout -- <file>..." to discard changes in working directory)
[2017.12.13-19.50.06:936][  0]SourceControl: 	deleted:    Content/2DSideScrollerBP/Item/BP_bullet.uasset
[2017.12.13-19.50.06:936][  0]SourceControl: 	modified:   Intermediate/CachedAssetRegistry.bin
[2017.12.13-19.50.06:936][  0]SourceControl: 	modified:   Saved/Config/Windows/EditorPerProjectUserSettings.ini
[2017.12.13-19.50.06:936][  0]SourceControl: 	deleted:    Saved/Logs/InsertNameAdventure-backup-2017.12.06-16.06.20.log
[2017.12.13-19.50.06:936][  0]SourceControl: 	deleted:    Saved/Logs/InsertNameAdventure-backup-2017.12.07-11.15.53.log
[2017.12.13-19.50.06:936][  0]SourceControl: 	modified:   Saved/Logs/InsertNameAdventure.log
[2017.12.13-19.50.06:937][  0]SourceControl: Untracked files:
[2017.12.13-19.50.06:937][  0]SourceControl:   (use "git add <file>..." to include in what will be committed)
[2017.12.13-19.50.06:937][  0]SourceControl: 	Saved/Config/CrashReportClient/UE4CC-Windows-B875A76F43B42F67626A34AB0BEF8179/
[2017.12.13-19.50.06:937][  0]SourceControl: 	Saved/Config/CrashReportClient/UE4CC-Windows-B8E1C6634140A8C40F0A43827D09CBA7/
[2017.12.13-19.50.06:937][  0]SourceControl: 	Saved/Logs/InsertNameAdventure-backup-2017.12.13-12.48.29.log
[2017.12.13-19.50.06:937][  0]SourceControl: 	Saved/Logs/InsertNameAdventure-backup-2017.12.13-12.49.49.log
[2017.12.13-19.50.06:938][  0]LogContentStreaming: Texture pool size now 1000 MB
[2017.12.13-19.50.07:000][  0]LogSlate: Took 0.000223 seconds to synchronously load lazily loaded font '../../../Engine/Content/Slate/Fonts/Roboto-Light.ttf' (159K)
[2017.12.13-19.50.07:243][  1]LogParticles: Warning: Spawning 23333 GPU particles in one frame[2]: RainFall4_PS/Particle Emitter
[2017.12.13-19.50.07:585][  2]LogAssetRegistry: Asset discovery search completed in 12.7187 seconds
[2017.12.13-19.50.07:591][  2]LogCollectionManager: Rebuilt the object cache for 0 collections in 0.000000 seconds (found 0 objects)
[2017.12.13-19.50.07:591][  2]LogCollectionManager: Fixed up redirectors for 0 collections in 0.000107 seconds (updated 0 objects)
[2017.12.13-19.50.07:609][  2]LogParticles: Warning: Spawning 23333 GPU particles in one frame[3]: RainFall4_PS/Particle Emitter
[2017.12.13-19.50.07:944][  3]LogSlate: Took 0.000548 seconds to synchronously load lazily loaded font '../../../Engine/Content/Slate/Fonts/Roboto-Light.ttf' (159K)
[2017.12.13-19.50.09:522][108]LogParticles: Warning: Spawning 23334 GPU particles in one frame[109]: RainFall4_PS/Particle Emitter
[2017.12.13-19.50.09:879][109]LogParticles: Warning: Spawning 23336 GPU particles in one frame[110]: RainFall4_PS/Particle Emitter
[2017.12.13-19.50.10:216][110]LogParticles: Warning: Spawning 23333 GPU particles in one frame[111]: RainFall4_PS/Particle Emitter
[2017.12.13-19.50.10:544][111]LogParticles: Warning: Spawning 23334 GPU particles in one frame[112]: RainFall4_PS/Particle Emitter
[2017.12.13-19.50.10:933][112]LogSlate: Took 0.000194 seconds to synchronously load lazily loaded font '../../../Engine/Content/Slate/Fonts/Roboto-Light.ttf' (159K)
[2017.12.13-19.50.11:242][112]LogContentBrowser: Native class hierarchy updated for 'BlueprintGraph' in 0.0005 seconds. Added 116 classes and 0 folders.
[2017.12.13-19.50.11:967][112]LogParticles: Warning: Spawning 23333 GPU particles in one frame[113]: RainFall4_PS/Particle Emitter
[2017.12.13-19.50.11:972][112]LogSlate: Took 0.000207 seconds to synchronously load lazily loaded font '../../../Engine/Content/Editor/Slate/Fonts/Roboto-BoldCondensed.ttf' (158K)
[2017.12.13-19.50.12:034][113]LogParticles: Warning: Spawning 28000 GPU particles in one frame[114]: RainFall4_PS/Particle Emitter
[2017.12.13-19.50.12:044][113]LogSlate: Took 0.006743 seconds to synchronously load lazily loaded font '../../../Engine/Content/Editor/Slate/Fonts/Roboto-Italic.ttf' (157K)
[2017.12.13-19.50.12:226][128]LogFileCache: Retrieving MD5 hashes for directory 'C:/Users/rajjj/OneDrive/Documents/GitHub/DatBoiEntertainmetnGame_/Content/' took 5.32s
[2017.12.13-19.50.35:157][792]LogRenderer: Reallocating scene render targets to support 1616x720 Format 10 NumSamples 1 (Frame:1).
[2017.12.13-19.50.52:767][815]LogParticles: Warning: Spawning 28000 GPU particles in one frame[4816]: RainFall4_PS/Particle Emitter
[2017.12.13-19.50.53:065][816]LogParticles: Warning: Spawning 23364 GPU particles in one frame[4817]: RainFall4_PS/Particle Emitter
[2017.12.13-19.50.53:393][817]LogParticles: Warning: Spawning 23334 GPU particles in one frame[4818]: RainFall4_PS/Particle Emitter
[2017.12.13-19.50.53:727][818]LogParticles: Warning: Spawning 23333 GPU particles in one frame[4819]: RainFall4_PS/Particle Emitter
[2017.12.13-19.50.54:060][819]LogParticles: Warning: Spawning 23334 GPU particles in one frame[4820]: RainFall4_PS/Particle Emitter
[2017.12.13-19.50.54:393][820]LogParticles: Warning: Spawning 23333 GPU particles in one frame[4821]: RainFall4_PS/Particle Emitter
[2017.12.13-19.50.54:735][821]LogParticles: Warning: Spawning 23334 GPU particles in one frame[4822]: RainFall4_PS/Particle Emitter
[2017.12.13-19.50.55:071][822]LogParticles: Warning: Spawning 23333 GPU particles in one frame[4823]: RainFall4_PS/Particle Emitter
[2017.12.13-19.50.55:408][823]LogParticles: Warning: Spawning 23333 GPU particles in one frame[4824]: RainFall4_PS/Particle Emitter
[2017.12.13-19.50.55:743][824]LogParticles: Warning: Spawning 23334 GPU particles in one frame[4825]: RainFall4_PS/Particle Emitter
[2017.12.13-19.50.56:067][825]LogParticles: Warning: Spawning 23333 GPU particles in one frame[4826]: RainFall4_PS/Particle Emitter
[2017.12.13-19.50.56:418][826]LogParticles: Warning: Spawning 23333 GPU particles in one frame[4827]: RainFall4_PS/Particle Emitter
[2017.12.13-19.50.56:739][827]LogParticles: Warning: Spawning 23334 GPU particles in one frame[4828]: RainFall4_PS/Particle Emitter
[2017.12.13-19.50.57:081][828]LogParticles: Warning: Spawning 23333 GPU particles in one frame[4829]: RainFall4_PS/Particle Emitter
[2017.12.13-19.50.57:414][829]LogParticles: Warning: Spawning 23334 GPU particles in one frame[4830]: RainFall4_PS/Particle Emitter
[2017.12.13-19.50.57:751][830]LogParticles: Warning: Spawning 23333 GPU particles in one frame[4831]: RainFall4_PS/Particle Emitter
[2017.12.13-19.50.58:085][831]LogParticles: Warning: Spawning 23333 GPU particles in one frame[4832]: RainFall4_PS/Particle Emitter
[2017.12.13-19.50.58:419][832]LogParticles: Warning: Spawning 23334 GPU particles in one frame[4833]: RainFall4_PS/Particle Emitter
[2017.12.13-19.50.58:744][833]LogParticles: Warning: Spawning 23333 GPU particles in one frame[4834]: RainFall4_PS/Particle Emitter
[2017.12.13-19.50.59:077][834]LogParticles: Warning: Spawning 23333 GPU particles in one frame[4835]: RainFall4_PS/Particle Emitter
[2017.12.13-19.50.59:392][835]LogParticles: Warning: Spawning 23336 GPU particles in one frame[4836]: RainFall4_PS/Particle Emitter
[2017.12.13-19.50.59:750][836]LogParticles: Warning: Spawning 23333 GPU particles in one frame[4837]: RainFall4_PS/Particle Emitter
[2017.12.13-19.51.00:065][837]LogParticles: Warning: Spawning 23382 GPU particles in one frame[4838]: RainFall4_PS/Particle Emitter
[2017.12.13-19.51.00:413][838]LogParticles: Warning: Spawning 23347 GPU particles in one frame[4839]: RainFall4_PS/Particle Emitter
[2017.12.13-19.51.00:754][839]LogParticles: Warning: Spawning 23334 GPU particles in one frame[4840]: RainFall4_PS/Particle Emitter
[2017.12.13-19.51.01:073][840]LogParticles: Warning: Spawning 23333 GPU particles in one frame[4841]: RainFall4_PS/Particle Emitter
[2017.12.13-19.51.01:421][841]LogParticles: Warning: Spawning 23333 GPU particles in one frame[4842]: RainFall4_PS/Particle Emitter
[2017.12.13-19.51.01:751][842]LogParticles: Warning: Spawning 23334 GPU particles in one frame[4843]: RainFall4_PS/Particle Emitter
[2017.12.13-19.51.02:084][843]LogParticles: Warning: Spawning 23333 GPU particles in one frame[4844]: RainFall4_PS/Particle Emitter
[2017.12.13-19.51.02:406][844]LogParticles: Warning: Spawning 23333 GPU particles in one frame[4845]: RainFall4_PS/Particle Emitter
[2017.12.13-19.51.02:740][845]LogParticles: Warning: Spawning 23334 GPU particles in one frame[4846]: RainFall4_PS/Particle Emitter
[2017.12.13-19.51.03:073][846]LogParticles: Warning: Spawning 23333 GPU particles in one frame[4847]: RainFall4_PS/Particle Emitter
[2017.12.13-19.51.03:411][847]LogParticles: Warning: Spawning 23333 GPU particles in one frame[4848]: RainFall4_PS/Particle Emitter
[2017.12.13-19.51.03:737][848]LogParticles: Warning: Spawning 23334 GPU particles in one frame[4849]: RainFall4_PS/Particle Emitter
[2017.12.13-19.51.04:075][849]LogParticles: Warning: Spawning 23333 GPU particles in one frame[4850]: RainFall4_PS/Particle Emitter
[2017.12.13-19.51.04:420][850]LogParticles: Warning: Spawning 23333 GPU particles in one frame[4851]: RainFall4_PS/Particle Emitter
[2017.12.13-19.51.04:751][851]LogParticles: Warning: Spawning 23334 GPU particles in one frame[4852]: RainFall4_PS/Particle Emitter
[2017.12.13-19.51.05:084][852]LogParticles: Warning: Spawning 23333 GPU particles in one frame[4853]: RainFall4_PS/Particle Emitter
[2017.12.13-19.51.05:417][853]LogParticles: Warning: Spawning 23334 GPU particles in one frame[4854]: RainFall4_PS/Particle Emitter
[2017.12.13-19.51.05:726][854]LogParticles: Warning: Spawning 23333 GPU particles in one frame[4855]: RainFall4_PS/Particle Emitter
[2017.12.13-19.51.06:087][855]LogParticles: Warning: Spawning 23333 GPU particles in one frame[4856]: RainFall4_PS/Particle Emitter
[2017.12.13-19.51.06:419][856]LogParticles: Warning: Spawning 23334 GPU particles in one frame[4857]: RainFall4_PS/Particle Emitter
[2017.12.13-19.51.06:751][857]LogParticles: Warning: Spawning 23333 GPU particles in one frame[4858]: RainFall4_PS/Particle Emitter
[2017.12.13-19.51.07:063][858]LogParticles: Warning: Spawning 23333 GPU particles in one frame[4859]: RainFall4_PS/Particle Emitter
[2017.12.13-19.51.07:395][859]LogParticles: Warning: Spawning 23334 GPU particles in one frame[4860]: RainFall4_PS/Particle Emitter
[2017.12.13-19.51.07:726][860]LogParticles: Warning: Spawning 23333 GPU particles in one frame[4861]: RainFall4_PS/Particle Emitter
[2017.12.13-19.51.08:060][861]LogParticles: Warning: Spawning 23333 GPU particles in one frame[4862]: RainFall4_PS/Particle Emitter
[2017.12.13-19.51.08:393][862]LogParticles: Warning: Spawning 23334 GPU particles in one frame[4863]: RainFall4_PS/Particle Emitter
[2017.12.13-19.51.08:744][863]LogParticles: Warning: Spawning 23462 GPU particles in one frame[4864]: RainFall4_PS/Particle Emitter
[2017.12.13-19.51.09:082][864]LogParticles: Warning: Spawning 23334 GPU particles in one frame[4865]: RainFall4_PS/Particle Emitter
[2017.12.13-19.51.09:396][865]LogParticles: Warning: Spawning 23333 GPU particles in one frame[4866]: RainFall4_PS/Particle Emitter
[2017.12.13-19.51.09:739][866]LogParticles: Warning: Spawning 23333 GPU particles in one frame[4867]: RainFall4_PS/Particle Emitter
[2017.12.13-19.51.10:063][867]LogParticles: Warning: Spawning 23335 GPU particles in one frame[4868]: RainFall4_PS/Particle Emitter
[2017.12.13-19.51.10:398][868]LogParticles: Warning: Spawning 23495 GPU particles in one frame[4869]: RainFall4_PS/Particle Emitter
[2017.12.13-19.51.10:743][869]LogParticles: Warning: Spawning 23334 GPU particles in one frame[4870]: RainFall4_PS/Particle Emitter
[2017.12.13-19.51.11:068][870]LogParticles: Warning: Spawning 23333 GPU particles in one frame[4871]: RainFall4_PS/Particle Emitter
[2017.12.13-19.51.11:398][871]LogParticles: Warning: Spawning 23359 GPU particles in one frame[4872]: RainFall4_PS/Particle Emitter
[2017.12.13-19.51.11:730][872]LogParticles: Warning: Spawning 23333 GPU particles in one frame[4873]: RainFall4_PS/Particle Emitter
[2017.12.13-19.51.12:079][873]LogParticles: Warning: Spawning 23333 GPU particles in one frame[4874]: RainFall4_PS/Particle Emitter
[2017.12.13-19.51.12:406][874]LogParticles: Warning: Spawning 23334 GPU particles in one frame[4875]: RainFall4_PS/Particle Emitter
[2017.12.13-19.51.12:734][875]LogParticles: Warning: Spawning 23333 GPU particles in one frame[4876]: RainFall4_PS/Particle Emitter
[2017.12.13-19.51.13:065][876]LogParticles: Warning: Spawning 23333 GPU particles in one frame[4877]: RainFall4_PS/Particle Emitter
[2017.12.13-19.51.13:399][877]LogParticles: Warning: Spawning 23334 GPU particles in one frame[4878]: RainFall4_PS/Particle Emitter
[2017.12.13-19.51.13:732][878]LogParticles: Warning: Spawning 23333 GPU particles in one frame[4879]: RainFall4_PS/Particle Emitter
[2017.12.13-19.51.14:064][879]LogParticles: Warning: Spawning 23334 GPU particles in one frame[4880]: RainFall4_PS/Particle Emitter
[2017.12.13-19.51.14:406][880]LogParticles: Warning: Spawning 23333 GPU particles in one frame[4881]: RainFall4_PS/Particle Emitter
[2017.12.13-19.51.14:732][881]LogParticles: Warning: Spawning 23333 GPU particles in one frame[4882]: RainFall4_PS/Particle Emitter
[2017.12.13-19.51.15:066][882]LogParticles: Warning: Spawning 23334 GPU particles in one frame[4883]: RainFall4_PS/Particle Emitter
[2017.12.13-19.51.15:414][883]LogParticles: Warning: Spawning 23333 GPU particles in one frame[4884]: RainFall4_PS/Particle Emitter
[2017.12.13-19.51.15:735][884]LogParticles: Warning: Spawning 23334 GPU particles in one frame[4885]: RainFall4_PS/Particle Emitter
[2017.12.13-19.51.16:068][885]LogParticles: Warning: Spawning 23333 GPU particles in one frame[4886]: RainFall4_PS/Particle Emitter
[2017.12.13-19.51.16:407][886]LogParticles: Warning: Spawning 23334 GPU particles in one frame[4887]: RainFall4_PS/Particle Emitter
[2017.12.13-19.51.16:759][887]LogParticles: Warning: Spawning 23333 GPU particles in one frame[4888]: RainFall4_PS/Particle Emitter
[2017.12.13-19.51.17:079][888]LogParticles: Warning: Spawning 23334 GPU particles in one frame[4889]: RainFall4_PS/Particle Emitter
[2017.12.13-19.51.17:401][889]LogParticles: Warning: Spawning 23333 GPU particles in one frame[4890]: RainFall4_PS/Particle Emitter
[2017.12.13-19.51.17:749][890]LogParticles: Warning: Spawning 23333 GPU particles in one frame[4891]: RainFall4_PS/Particle Emitter
[2017.12.13-19.51.18:078][891]LogParticles: Warning: Spawning 23334 GPU particles in one frame[4892]: RainFall4_PS/Particle Emitter
[2017.12.13-19.51.18:401][892]LogParticles: Warning: Spawning 23333 GPU particles in one frame[4893]: RainFall4_PS/Particle Emitter
[2017.12.13-19.51.18:731][893]LogParticles: Warning: Spawning 23333 GPU particles in one frame[4894]: RainFall4_PS/Particle Emitter
[2017.12.13-19.51.19:064][894]LogParticles: Warning: Spawning 23334 GPU particles in one frame[4895]: RainFall4_PS/Particle Emitter
[2017.12.13-19.51.19:410][895]LogParticles: Warning: Spawning 23333 GPU particles in one frame[4896]: RainFall4_PS/Particle Emitter
[2017.12.13-19.51.19:731][896]LogParticles: Warning: Spawning 23337 GPU particles in one frame[4897]: RainFall4_PS/Particle Emitter
[2017.12.13-19.51.20:072][897]LogParticles: Warning: Spawning 23333 GPU particles in one frame[4898]: RainFall4_PS/Particle Emitter
[2017.12.13-19.51.20:407][898]LogParticles: Warning: Spawning 23334 GPU particles in one frame[4899]: RainFall4_PS/Particle Emitter
[2017.12.13-19.51.20:735][899]LogParticles: Warning: Spawning 23333 GPU particles in one frame[4900]: RainFall4_PS/Particle Emitter
[2017.12.13-19.51.21:063][900]LogParticles: Warning: Spawning 23333 GPU particles in one frame[4901]: RainFall4_PS/Particle Emitter
[2017.12.13-19.51.21:399][901]LogParticles: Warning: Spawning 23335 GPU particles in one frame[4902]: RainFall4_PS/Particle Emitter
[2017.12.13-19.51.21:740][902]LogParticles: Warning: Spawning 23333 GPU particles in one frame[4903]: RainFall4_PS/Particle Emitter
[2017.12.13-19.51.22:065][903]LogParticles: Warning: Spawning 23334 GPU particles in one frame[4904]: RainFall4_PS/Particle Emitter
[2017.12.13-19.51.22:399][904]LogParticles: Warning: Spawning 23333 GPU particles in one frame[4905]: RainFall4_PS/Particle Emitter
[2017.12.13-19.51.22:732][905]LogParticles: Warning: Spawning 23334 GPU particles in one frame[4906]: RainFall4_PS/Particle Emitter
[2017.12.13-19.51.23:066][906]LogParticles: Warning: Spawning 23333 GPU particles in one frame[4907]: RainFall4_PS/Particle Emitter
[2017.12.13-19.51.23:398][907]LogParticles: Warning: Spawning 23333 GPU particles in one frame[4908]: RainFall4_PS/Particle Emitter
[2017.12.13-19.51.23:740][908]LogParticles: Warning: Spawning 23334 GPU particles in one frame[4909]: RainFall4_PS/Particle Emitter
[2017.12.13-19.51.24:073][909]LogParticles: Warning: Spawning 23333 GPU particles in one frame[4910]: RainFall4_PS/Particle Emitter
[2017.12.13-19.51.24:407][910]LogParticles: Warning: Spawning 23334 GPU particles in one frame[4911]: RainFall4_PS/Particle Emitter
[2017.12.13-19.51.24:737][911]LogParticles: Warning: Spawning 23337 GPU particles in one frame[4912]: RainFall4_PS/Particle Emitter
[2017.12.13-19.51.25:076][912]LogParticles: Warning: Spawning 23333 GPU particles in one frame[4913]: RainFall4_PS/Particle Emitter
[2017.12.13-19.51.25:424][913]LogParticles: Warning: Spawning 23357 GPU particles in one frame[4914]: RainFall4_PS/Particle Emitter
[2017.12.13-19.51.25:763][914]LogParticles: Warning: Spawning 23341 GPU particles in one frame[4915]: RainFall4_PS/Particle Emitter
[2017.12.13-19.51.26:081][915]LogParticles: Warning: Spawning 23333 GPU particles in one frame[4916]: RainFall4_PS/Particle Emitter
[2017.12.13-19.51.26:400][916]LogParticles: Warning: Spawning 23333 GPU particles in one frame[4917]: RainFall4_PS/Particle Emitter
[2017.12.13-19.51.26:732][917]LogParticles: Warning: Spawning 23334 GPU particles in one frame[4918]: RainFall4_PS/Particle Emitter
[2017.12.13-19.51.27:066][918]LogParticles: Warning: Spawning 23345 GPU particles in one frame[4919]: RainFall4_PS/Particle Emitter
[2017.12.13-19.51.27:423][919]LogParticles: Warning: Spawning 23334 GPU particles in one frame[4920]: RainFall4_PS/Particle Emitter
[2017.12.13-19.51.27:756][920]LogParticles: Warning: Spawning 23333 GPU particles in one frame[4921]: RainFall4_PS/Particle Emitter
[2017.12.13-19.51.28:096][921]LogParticles: Warning: Spawning 23336 GPU particles in one frame[4922]: RainFall4_PS/Particle Emitter
[2017.12.13-19.51.28:424][922]LogParticles: Warning: Spawning 23333 GPU particles in one frame[4923]: RainFall4_PS/Particle Emitter
[2017.12.13-19.51.28:756][923]LogParticles: Warning: Spawning 23333 GPU particles in one frame[4924]: RainFall4_PS/Particle Emitter
[2017.12.13-19.51.29:088][924]LogParticles: Warning: Spawning 23334 GPU particles in one frame[4925]: RainFall4_PS/Particle Emitter
[2017.12.13-19.51.29:423][925]LogParticles: Warning: Spawning 23333 GPU particles in one frame[4926]: RainFall4_PS/Particle Emitter
[2017.12.13-19.51.29:753][926]LogParticles: Warning: Spawning 23333 GPU particles in one frame[4927]: RainFall4_PS/Particle Emitter
[2017.12.13-19.51.30:077][927]LogParticles: Warning: Spawning 23342 GPU particles in one frame[4928]: RainFall4_PS/Particle Emitter
[2017.12.13-19.51.30:423][928]LogParticles: Warning: Spawning 23334 GPU particles in one frame[4929]: RainFall4_PS/Particle Emitter
[2017.12.13-19.51.30:742][929]LogParticles: Warning: Spawning 23333 GPU particles in one frame[4930]: RainFall4_PS/Particle Emitter
[2017.12.13-19.51.31:076][930]LogParticles: Warning: Spawning 23333 GPU particles in one frame[4931]: RainFall4_PS/Particle Emitter
[2017.12.13-19.51.31:424][931]LogParticles: Warning: Spawning 23334 GPU particles in one frame[4932]: RainFall4_PS/Particle Emitter
[2017.12.13-19.51.31:755][932]LogParticles: Warning: Spawning 23333 GPU particles in one frame[4933]: RainFall4_PS/Particle Emitter
[2017.12.13-19.51.32:075][933]LogParticles: Warning: Spawning 23333 GPU particles in one frame[4934]: RainFall4_PS/Particle Emitter
[2017.12.13-19.51.32:420][934]LogParticles: Warning: Spawning 23334 GPU particles in one frame[4935]: RainFall4_PS/Particle Emitter
[2017.12.13-19.51.32:756][935]LogParticles: Warning: Spawning 23333 GPU particles in one frame[4936]: RainFall4_PS/Particle Emitter
[2017.12.13-19.51.33:094][936]LogParticles: Warning: Spawning 23333 GPU particles in one frame[4937]: RainFall4_PS/Particle Emitter
[2017.12.13-19.51.33:422][937]LogParticles: Warning: Spawning 23334 GPU particles in one frame[4938]: RainFall4_PS/Particle Emitter
[2017.12.13-19.51.33:756][938]LogParticles: Warning: Spawning 23333 GPU particles in one frame[4939]: RainFall4_PS/Particle Emitter
[2017.12.13-19.51.34:092][939]LogParticles: Warning: Spawning 23334 GPU particles in one frame[4940]: RainFall4_PS/Particle Emitter
[2017.12.13-19.51.34:424][940]LogParticles: Warning: Spawning 23333 GPU particles in one frame[4941]: RainFall4_PS/Particle Emitter
[2017.12.13-19.51.34:756][941]LogParticles: Warning: Spawning 23333 GPU particles in one frame[4942]: RainFall4_PS/Particle Emitter
[2017.12.13-19.51.35:078][942]LogParticles: Warning: Spawning 23334 GPU particles in one frame[4943]: RainFall4_PS/Particle Emitter
[2017.12.13-19.51.35:419][943]LogParticles: Warning: Spawning 23333 GPU particles in one frame[4944]: RainFall4_PS/Particle Emitter
[2017.12.13-19.51.35:756][944]LogParticles: Warning: Spawning 23333 GPU particles in one frame[4945]: RainFall4_PS/Particle Emitter
[2017.12.13-19.51.36:083][945]LogParticles: Warning: Spawning 23334 GPU particles in one frame[4946]: RainFall4_PS/Particle Emitter
[2017.12.13-19.51.36:399][946]LogParticles: Warning: Spawning 23333 GPU particles in one frame[4947]: RainFall4_PS/Particle Emitter
[2017.12.13-19.51.36:758][947]LogParticles: Warning: Spawning 23333 GPU particles in one frame[4948]: RainFall4_PS/Particle Emitter
[2017.12.13-19.51.37:091][948]LogParticles: Warning: Spawning 23334 GPU particles in one frame[4949]: RainFall4_PS/Particle Emitter
[2017.12.13-19.51.37:423][949]LogParticles: Warning: Spawning 23334 GPU particles in one frame[4950]: RainFall4_PS/Particle Emitter
[2017.12.13-19.51.37:738][950]LogParticles: Warning: Spawning 23334 GPU particles in one frame[4951]: RainFall4_PS/Particle Emitter
[2017.12.13-19.51.38:090][951]LogParticles: Warning: Spawning 23333 GPU particles in one frame[4952]: RainFall4_PS/Particle Emitter
[2017.12.13-19.51.38:400][952]LogParticles: Warning: Spawning 23333 GPU particles in one frame[4953]: RainFall4_PS/Particle Emitter
[2017.12.13-19.51.38:743][953]LogParticles: Warning: Spawning 23334 GPU particles in one frame[4954]: RainFall4_PS/Particle Emitter
[2017.12.13-19.51.39:094][954]LogParticles: Warning: Spawning 23333 GPU particles in one frame[4955]: RainFall4_PS/Particle Emitter
[2017.12.13-19.51.39:422][955]LogParticles: Warning: Spawning 23333 GPU particles in one frame[4956]: RainFall4_PS/Particle Emitter
[2017.12.13-19.51.39:757][956]LogParticles: Warning: Spawning 23334 GPU particles in one frame[4957]: RainFall4_PS/Particle Emitter
[2017.12.13-19.51.40:090][957]LogParticles: Warning: Spawning 23333 GPU particles in one frame[4958]: RainFall4_PS/Particle Emitter
[2017.12.13-19.51.40:436][958]LogParticles: Warning: Spawning 23333 GPU particles in one frame[4959]: RainFall4_PS/Particle Emitter
[2017.12.13-19.51.40:756][959]LogParticles: Warning: Spawning 23334 GPU particles in one frame[4960]: RainFall4_PS/Particle Emitter
[2017.12.13-19.51.41:066][960]LogParticles: Warning: Spawning 23333 GPU particles in one frame[4961]: RainFall4_PS/Particle Emitter
[2017.12.13-19.51.41:399][961]LogParticles: Warning: Spawning 23334 GPU particles in one frame[4962]: RainFall4_PS/Particle Emitter
[2017.12.13-19.51.41:734][962]LogParticles: Warning: Spawning 23333 GPU particles in one frame[4963]: RainFall4_PS/Particle Emitter
[2017.12.13-19.51.42:069][963]LogParticles: Warning: Spawning 23333 GPU particles in one frame[4964]: RainFall4_PS/Particle Emitter
[2017.12.13-19.51.42:401][964]LogParticles: Warning: Spawning 23334 GPU particles in one frame[4965]: RainFall4_PS/Particle Emitter
[2017.12.13-19.51.42:732][965]LogParticles: Warning: Spawning 23333 GPU particles in one frame[4966]: RainFall4_PS/Particle Emitter
[2017.12.13-19.51.43:065][966]LogParticles: Warning: Spawning 23333 GPU particles in one frame[4967]: RainFall4_PS/Particle Emitter
[2017.12.13-19.51.43:409][967]LogParticles: Warning: Spawning 23334 GPU particles in one frame[4968]: RainFall4_PS/Particle Emitter
[2017.12.13-19.51.43:733][968]LogParticles: Warning: Spawning 23333 GPU particles in one frame[4969]: RainFall4_PS/Particle Emitter
[2017.12.13-19.51.44:066][969]LogParticles: Warning: Spawning 23333 GPU particles in one frame[4970]: RainFall4_PS/Particle Emitter
[2017.12.13-19.51.44:399][970]LogParticles: Warning: Spawning 23334 GPU particles in one frame[4971]: RainFall4_PS/Particle Emitter
[2017.12.13-19.51.44:732][971]LogParticles: Warning: Spawning 23333 GPU particles in one frame[4972]: RainFall4_PS/Particle Emitter
[2017.12.13-19.51.45:075][972]LogParticles: Warning: Spawning 23333 GPU particles in one frame[4973]: RainFall4_PS/Particle Emitter
[2017.12.13-19.51.45:409][973]LogParticles: Warning: Spawning 23334 GPU particles in one frame[4974]: RainFall4_PS/Particle Emitter
[2017.12.13-19.51.45:732][974]LogParticles: Warning: Spawning 23333 GPU particles in one frame[4975]: RainFall4_PS/Particle Emitter
[2017.12.13-19.51.46:074][975]LogParticles: Warning: Spawning 23333 GPU particles in one frame[4976]: RainFall4_PS/Particle Emitter
[2017.12.13-19.51.46:412][976]LogParticles: Warning: Spawning 23334 GPU particles in one frame[4977]: RainFall4_PS/Particle Emitter
[2017.12.13-19.51.46:733][977]LogParticles: Warning: Spawning 23333 GPU particles in one frame[4978]: RainFall4_PS/Particle Emitter
[2017.12.13-19.51.47:077][978]LogParticles: Warning: Spawning 23333 GPU particles in one frame[4979]: RainFall4_PS/Particle Emitter
[2017.12.13-19.51.47:402][979]LogParticles: Warning: Spawning 23334 GPU particles in one frame[4980]: RainFall4_PS/Particle Emitter
[2017.12.13-19.51.47:748][980]LogParticles: Warning: Spawning 23333 GPU particles in one frame[4981]: RainFall4_PS/Particle Emitter
[2017.12.13-19.51.48:070][981]LogParticles: Warning: Spawning 23333 GPU particles in one frame[4982]: RainFall4_PS/Particle Emitter
[2017.12.13-19.51.48:410][982]LogParticles: Warning: Spawning 23334 GPU particles in one frame[4983]: RainFall4_PS/Particle Emitter
[2017.12.13-19.51.48:757][983]LogParticles: Warning: Spawning 23333 GPU particles in one frame[4984]: RainFall4_PS/Particle Emitter
[2017.12.13-19.51.49:068][984]LogParticles: Warning: Spawning 23333 GPU particles in one frame[4985]: RainFall4_PS/Particle Emitter
[2017.12.13-19.51.49:402][985]LogParticles: Warning: Spawning 23334 GPU particles in one frame[4986]: RainFall4_PS/Particle Emitter
[2017.12.13-19.51.49:733][986]LogParticles: Warning: Spawning 23333 GPU particles in one frame[4987]: RainFall4_PS/Particle Emitter
[2017.12.13-19.51.50:066][987]LogParticles: Warning: Spawning 23333 GPU particles in one frame[4988]: RainFall4_PS/Particle Emitter
[2017.12.13-19.51.50:398][988]LogParticles: Warning: Spawning 23334 GPU particles in one frame[4989]: RainFall4_PS/Particle Emitter
[2017.12.13-19.51.50:736][989]LogParticles: Warning: Spawning 23335 GPU particles in one frame[4990]: RainFall4_PS/Particle Emitter
[2017.12.13-19.51.51:066][990]LogParticles: Warning: Spawning 23334 GPU particles in one frame[4991]: RainFall4_PS/Particle Emitter
[2017.12.13-19.51.51:407][991]LogParticles: Warning: Spawning 23334 GPU particles in one frame[4992]: RainFall4_PS/Particle Emitter
[2017.12.13-19.51.51:735][992]LogParticles: Warning: Spawning 23333 GPU particles in one frame[4993]: RainFall4_PS/Particle Emitter
[2017.12.13-19.51.52:067][993]LogParticles: Warning: Spawning 23333 GPU particles in one frame[4994]: RainFall4_PS/Particle Emitter
[2017.12.13-19.51.52:400][994]LogParticles: Warning: Spawning 23334 GPU particles in one frame[4995]: RainFall4_PS/Particle Emitter
[2017.12.13-19.51.52:732][995]LogParticles: Warning: Spawning 23333 GPU particles in one frame[4996]: RainFall4_PS/Particle Emitter
[2017.12.13-19.51.53:066][996]LogParticles: Warning: Spawning 23333 GPU particles in one frame[4997]: RainFall4_PS/Particle Emitter
[2017.12.13-19.51.53:400][997]LogParticles: Warning: Spawning 23334 GPU particles in one frame[4998]: RainFall4_PS/Particle Emitter
[2017.12.13-19.51.53:732][998]LogParticles: Warning: Spawning 23333 GPU particles in one frame[4999]: RainFall4_PS/Particle Emitter
[2017.12.13-19.51.54:065][999]LogParticles: Warning: Spawning 23334 GPU particles in one frame[5000]: RainFall4_PS/Particle Emitter
[2017.12.13-19.51.54:400][  0]LogParticles: Warning: Spawning 23333 GPU particles in one frame[5001]: RainFall4_PS/Particle Emitter
[2017.12.13-19.51.54:732][  1]LogParticles: Warning: Spawning 23334 GPU particles in one frame[5002]: RainFall4_PS/Particle Emitter
[2017.12.13-19.51.55:066][  2]LogParticles: Warning: Spawning 23333 GPU particles in one frame[5003]: RainFall4_PS/Particle Emitter
[2017.12.13-19.51.55:399][  3]LogParticles: Warning: Spawning 23333 GPU particles in one frame[5004]: RainFall4_PS/Particle Emitter
[2017.12.13-19.51.55:742][  4]LogParticles: Warning: Spawning 23334 GPU particles in one frame[5005]: RainFall4_PS/Particle Emitter
[2017.12.13-19.51.56:070][  5]LogParticles: Warning: Spawning 23577 GPU particles in one frame[5006]: RainFall4_PS/Particle Emitter
[2017.12.13-19.51.56:413][  6]LogParticles: Warning: Spawning 23333 GPU particles in one frame[5007]: RainFall4_PS/Particle Emitter
[2017.12.13-19.51.56:737][  7]LogParticles: Warning: Spawning 23333 GPU particles in one frame[5008]: RainFall4_PS/Particle Emitter
[2017.12.13-19.51.57:073][  8]LogParticles: Warning: Spawning 23334 GPU particles in one frame[5009]: RainFall4_PS/Particle Emitter
[2017.12.13-19.51.57:402][  9]LogParticles: Warning: Spawning 23341 GPU particles in one frame[5010]: RainFall4_PS/Particle Emitter
[2017.12.13-19.51.57:737][ 10]LogParticles: Warning: Spawning 23333 GPU particles in one frame[5011]: RainFall4_PS/Particle Emitter
[2017.12.13-19.51.58:071][ 11]LogParticles: Warning: Spawning 23334 GPU particles in one frame[5012]: RainFall4_PS/Particle Emitter
[2017.12.13-19.51.58:410][ 12]LogParticles: Warning: Spawning 23334 GPU particles in one frame[5013]: RainFall4_PS/Particle Emitter
[2017.12.13-19.51.58:750][ 13]LogParticles: Warning: Spawning 23333 GPU particles in one frame[5014]: RainFall4_PS/Particle Emitter
[2017.12.13-19.51.59:085][ 14]LogParticles: Warning: Spawning 23333 GPU particles in one frame[5015]: RainFall4_PS/Particle Emitter
[2017.12.13-19.51.59:407][ 15]LogParticles: Warning: Spawning 23342 GPU particles in one frame[5016]: RainFall4_PS/Particle Emitter
[2017.12.13-19.51.59:752][ 16]LogParticles: Warning: Spawning 23334 GPU particles in one frame[5017]: RainFall4_PS/Particle Emitter
[2017.12.13-19.52.00:069][ 17]LogParticles: Warning: Spawning 23333 GPU particles in one frame[5018]: RainFall4_PS/Particle Emitter
[2017.12.13-19.52.00:410][ 18]LogParticles: Warning: Spawning 23333 GPU particles in one frame[5019]: RainFall4_PS/Particle Emitter
[2017.12.13-19.52.00:745][ 19]LogParticles: Warning: Spawning 23334 GPU particles in one frame[5020]: RainFall4_PS/Particle Emitter
[2017.12.13-19.52.01:077][ 20]LogParticles: Warning: Spawning 23335 GPU particles in one frame[5021]: RainFall4_PS/Particle Emitter
[2017.12.13-19.52.01:416][ 21]LogParticles: Warning: Spawning 23333 GPU particles in one frame[5022]: RainFall4_PS/Particle Emitter
[2017.12.13-19.52.01:753][ 22]LogParticles: Warning: Spawning 23334 GPU particles in one frame[5023]: RainFall4_PS/Particle Emitter
[2017.12.13-19.52.02:076][ 23]LogParticles: Warning: Spawning 23333 GPU particles in one frame[5024]: RainFall4_PS/Particle Emitter
[2017.12.13-19.52.02:405][ 24]LogParticles: Warning: Spawning 23333 GPU particles in one frame[5025]: RainFall4_PS/Particle Emitter
[2017.12.13-19.52.02:762][ 25]LogParticles: Warning: Spawning 23334 GPU particles in one frame[5026]: RainFall4_PS/Particle Emitter
[2017.12.13-19.52.03:095][ 26]LogParticles: Warning: Spawning 23333 GPU particles in one frame[5027]: RainFall4_PS/Particle Emitter
[2017.12.13-19.52.03:429][ 27]LogParticles: Warning: Spawning 23334 GPU particles in one frame[5028]: RainFall4_PS/Particle Emitter
[2017.12.13-19.52.03:762][ 28]LogParticles: Warning: Spawning 23334 GPU particles in one frame[5029]: RainFall4_PS/Particle Emitter
[2017.12.13-19.52.04:095][ 29]LogParticles: Warning: Spawning 23333 GPU particles in one frame[5030]: RainFall4_PS/Particle Emitter
[2017.12.13-19.52.04:426][ 30]LogParticles: Warning: Spawning 23333 GPU particles in one frame[5031]: RainFall4_PS/Particle Emitter
[2017.12.13-19.52.04:762][ 31]LogParticles: Warning: Spawning 23334 GPU particles in one frame[5032]: RainFall4_PS/Particle Emitter
[2017.12.13-19.52.05:094][ 32]LogParticles: Warning: Spawning 23338 GPU particles in one frame[5033]: RainFall4_PS/Particle Emitter
[2017.12.13-19.52.05:428][ 33]LogParticles: Warning: Spawning 23333 GPU particles in one frame[5034]: RainFall4_PS/Particle Emitter
[2017.12.13-19.52.05:762][ 34]LogParticles: Warning: Spawning 23334 GPU particles in one frame[5035]: RainFall4_PS/Particle Emitter
[2017.12.13-19.52.06:096][ 35]LogParticles: Warning: Spawning 23333 GPU particles in one frame[5036]: RainFall4_PS/Particle Emitter
[2017.12.13-19.52.06:428][ 36]LogParticles: Warning: Spawning 23333 GPU particles in one frame[5037]: RainFall4_PS/Particle Emitter
[2017.12.13-19.52.06:760][ 37]LogParticles: Warning: Spawning 23334 GPU particles in one frame[5038]: RainFall4_PS/Particle Emitter
[2017.12.13-19.52.07:095][ 38]LogParticles: Warning: Spawning 23333 GPU particles in one frame[5039]: RainFall4_PS/Particle Emitter
[2017.12.13-19.52.07:427][ 39]LogParticles: Warning: Spawning 23333 GPU particles in one frame[5040]: RainFall4_PS/Particle Emitter
[2017.12.13-19.52.07:760][ 40]LogParticles: Warning: Spawning 23334 GPU particles in one frame[5041]: RainFall4_PS/Particle Emitter
[2017.12.13-19.52.08:095][ 41]LogParticles: Warning: Spawning 23333 GPU particles in one frame[5042]: RainFall4_PS/Particle Emitter
[2017.12.13-19.52.08:427][ 42]LogParticles: Warning: Spawning 23333 GPU particles in one frame[5043]: RainFall4_PS/Particle Emitter
[2017.12.13-19.52.08:762][ 43]LogParticles: Warning: Spawning 23334 GPU particles in one frame[5044]: RainFall4_PS/Particle Emitter
[2017.12.13-19.52.09:097][ 44]LogParticles: Warning: Spawning 23333 GPU particles in one frame[5045]: RainFall4_PS/Particle Emitter
[2017.12.13-19.52.09:414][ 45]LogParticles: Warning: Spawning 23333 GPU particles in one frame[5046]: RainFall4_PS/Particle Emitter
[2017.12.13-19.52.09:762][ 46]LogParticles: Warning: Spawning 23334 GPU particles in one frame[5047]: RainFall4_PS/Particle Emitter
[2017.12.13-19.52.10:095][ 47]LogParticles: Warning: Spawning 23333 GPU particles in one frame[5048]: RainFall4_PS/Particle Emitter
[2017.12.13-19.52.10:427][ 48]LogParticles: Warning: Spawning 23334 GPU particles in one frame[5049]: RainFall4_PS/Particle Emitter
[2017.12.13-19.52.10:759][ 49]LogParticles: Warning: Spawning 23333 GPU particles in one frame[5050]: RainFall4_PS/Particle Emitter
[2017.12.13-19.52.11:095][ 50]LogParticles: Warning: Spawning 23333 GPU particles in one frame[5051]: RainFall4_PS/Particle Emitter
[2017.12.13-19.52.11:429][ 51]LogParticles: Warning: Spawning 23334 GPU particles in one frame[5052]: RainFall4_PS/Particle Emitter
[2017.12.13-19.52.11:761][ 52]LogParticles: Warning: Spawning 23335 GPU particles in one frame[5053]: RainFall4_PS/Particle Emitter
[2017.12.13-19.52.12:096][ 53]LogParticles: Warning: Spawning 23334 GPU particles in one frame[5054]: RainFall4_PS/Particle Emitter
[2017.12.13-19.52.12:430][ 54]LogParticles: Warning: Spawning 23333 GPU particles in one frame[5055]: RainFall4_PS/Particle Emitter
[2017.12.13-19.52.12:762][ 55]LogParticles: Warning: Spawning 23333 GPU particles in one frame[5056]: RainFall4_PS/Particle Emitter
[2017.12.13-19.52.13:095][ 56]LogParticles: Warning: Spawning 23334 GPU particles in one frame[5057]: RainFall4_PS/Particle Emitter
[2017.12.13-19.52.13:426][ 57]LogParticles: Warning: Spawning 23333 GPU particles in one frame[5058]: RainFall4_PS/Particle Emitter
[2017.12.13-19.52.13:761][ 58]LogParticles: Warning: Spawning 23334 GPU particles in one frame[5059]: RainFall4_PS/Particle Emitter
[2017.12.13-19.52.14:095][ 59]LogParticles: Warning: Spawning 23333 GPU particles in one frame[5060]: RainFall4_PS/Particle Emitter
[2017.12.13-19.52.14:423][ 60]LogParticles: Warning: Spawning 23333 GPU particles in one frame[5061]: RainFall4_PS/Particle Emitter
[2017.12.13-19.52.14:762][ 61]LogParticles: Warning: Spawning 23334 GPU particles in one frame[5062]: RainFall4_PS/Particle Emitter
[2017.12.13-19.52.15:069][ 62]LogParticles: Warning: Spawning 23333 GPU particles in one frame[5063]: RainFall4_PS/Particle Emitter
[2017.12.13-19.52.15:428][ 63]LogParticles: Warning: Spawning 23333 GPU particles in one frame[5064]: RainFall4_PS/Particle Emitter
[2017.12.13-19.52.15:762][ 64]LogParticles: Warning: Spawning 23334 GPU particles in one frame[5065]: RainFall4_PS/Particle Emitter
[2017.12.13-19.52.16:093][ 65]LogParticles: Warning: Spawning 23333 GPU particles in one frame[5066]: RainFall4_PS/Particle Emitter
[2017.12.13-19.52.16:427][ 66]LogParticles: Warning: Spawning 23333 GPU particles in one frame[5067]: RainFall4_PS/Particle Emitter
[2017.12.13-19.52.16:763][ 67]LogParticles: Warning: Spawning 23334 GPU particles in one frame[5068]: RainFall4_PS/Particle Emitter
[2017.12.13-19.52.17:095][ 68]LogParticles: Warning: Spawning 23333 GPU particles in one frame[5069]: RainFall4_PS/Particle Emitter
[2017.12.13-19.52.17:415][ 69]LogParticles: Warning: Spawning 23333 GPU particles in one frame[5070]: RainFall4_PS/Particle Emitter
[2017.12.13-19.52.17:749][ 70]LogParticles: Warning: Spawning 23334 GPU particles in one frame[5071]: RainFall4_PS/Particle Emitter
[2017.12.13-19.52.18:095][ 71]LogParticles: Warning: Spawning 23333 GPU particles in one frame[5072]: RainFall4_PS/Particle Emitter
[2017.12.13-19.52.18:428][ 72]LogParticles: Warning: Spawning 23334 GPU particles in one frame[5073]: RainFall4_PS/Particle Emitter
[2017.12.13-19.52.18:765][ 73]LogParticles: Warning: Spawning 23333 GPU particles in one frame[5074]: RainFall4_PS/Particle Emitter
[2017.12.13-19.52.19:096][ 74]LogParticles: Warning: Spawning 23333 GPU particles in one frame[5075]: RainFall4_PS/Particle Emitter
[2017.12.13-19.52.19:426][ 75]LogParticles: Warning: Spawning 23334 GPU particles in one frame[5076]: RainFall4_PS/Particle Emitter
[2017.12.13-19.52.19:761][ 76]LogParticles: Warning: Spawning 23333 GPU particles in one frame[5077]: RainFall4_PS/Particle Emitter
[2017.12.13-19.52.20:094][ 77]LogParticles: Warning: Spawning 23333 GPU particles in one frame[5078]: RainFall4_PS/Particle Emitter
[2017.12.13-19.52.20:429][ 78]LogParticles: Warning: Spawning 23334 GPU particles in one frame[5079]: RainFall4_PS/Particle Emitter
[2017.12.13-19.52.20:761][ 79]LogParticles: Warning: Spawning 23333 GPU particles in one frame[5080]: RainFall4_PS/Particle Emitter
[2017.12.13-19.52.21:096][ 80]LogParticles: Warning: Spawning 23333 GPU particles in one frame[5081]: RainFall4_PS/Particle Emitter
[2017.12.13-19.52.21:430][ 81]LogParticles: Warning: Spawning 23334 GPU particles in one frame[5082]: RainFall4_PS/Particle Emitter
[2017.12.13-19.52.21:762][ 82]LogParticles: Warning: Spawning 23333 GPU particles in one frame[5083]: RainFall4_PS/Particle Emitter
[2017.12.13-19.52.22:097][ 83]LogParticles: Warning: Spawning 23333 GPU particles in one frame[5084]: RainFall4_PS/Particle Emitter
[2017.12.13-19.52.22:429][ 84]LogParticles: Warning: Spawning 23334 GPU particles in one frame[5085]: RainFall4_PS/Particle Emitter
[2017.12.13-19.52.22:761][ 85]LogParticles: Warning: Spawning 23333 GPU particles in one frame[5086]: RainFall4_PS/Particle Emitter
[2017.12.13-19.52.23:092][ 86]LogParticles: Warning: Spawning 23333 GPU particles in one frame[5087]: RainFall4_PS/Particle Emitter
[2017.12.13-19.52.23:428][ 87]LogParticles: Warning: Spawning 23334 GPU particles in one frame[5088]: RainFall4_PS/Particle Emitter
[2017.12.13-19.52.23:761][ 88]LogParticles: Warning: Spawning 23333 GPU particles in one frame[5089]: RainFall4_PS/Particle Emitter
[2017.12.13-19.52.24:096][ 89]LogParticles: Warning: Spawning 23334 GPU particles in one frame[5090]: RainFall4_PS/Particle Emitter
[2017.12.13-19.52.24:428][ 90]LogParticles: Warning: Spawning 23337 GPU particles in one frame[5091]: RainFall4_PS/Particle Emitter
[2017.12.13-19.52.24:761][ 91]LogParticles: Warning: Spawning 23333 GPU particles in one frame[5092]: RainFall4_PS/Particle Emitter
[2017.12.13-19.52.25:080][ 92]LogParticles: Warning: Spawning 23334 GPU particles in one frame[5093]: RainFall4_PS/Particle Emitter
[2017.12.13-19.52.25:428][ 93]LogParticles: Warning: Spawning 23333 GPU particles in one frame[5094]: RainFall4_PS/Particle Emitter
[2017.12.13-19.52.25:761][ 94]LogParticles: Warning: Spawning 23333 GPU particles in one frame[5095]: RainFall4_PS/Particle Emitter
[2017.12.13-19.52.26:092][ 95]LogParticles: Warning: Spawning 23334 GPU particles in one frame[5096]: RainFall4_PS/Particle Emitter
[2017.12.13-19.52.26:424][ 96]LogParticles: Warning: Spawning 23333 GPU particles in one frame[5097]: RainFall4_PS/Particle Emitter
[2017.12.13-19.52.26:762][ 97]LogParticles: Warning: Spawning 23333 GPU particles in one frame[5098]: RainFall4_PS/Particle Emitter
[2017.12.13-19.52.27:099][ 98]LogParticles: Warning: Spawning 23334 GPU particles in one frame[5099]: RainFall4_PS/Particle Emitter
[2017.12.13-19.52.27:429][ 99]LogParticles: Warning: Spawning 23333 GPU particles in one frame[5100]: RainFall4_PS/Particle Emitter
[2017.12.13-19.52.27:762][100]LogParticles: Warning: Spawning 23334 GPU particles in one frame[5101]: RainFall4_PS/Particle Emitter
[2017.12.13-19.52.28:095][101]LogParticles: Warning: Spawning 23333 GPU particles in one frame[5102]: RainFall4_PS/Particle Emitter
[2017.12.13-19.52.28:427][102]LogParticles: Warning: Spawning 23333 GPU particles in one frame[5103]: RainFall4_PS/Particle Emitter
[2017.12.13-19.52.28:762][103]LogParticles: Warning: Spawning 23334 GPU particles in one frame[5104]: RainFall4_PS/Particle Emitter
[2017.12.13-19.52.29:095][104]LogParticles: Warning: Spawning 23333 GPU particles in one frame[5105]: RainFall4_PS/Particle Emitter
[2017.12.13-19.52.29:429][105]LogParticles: Warning: Spawning 23333 GPU particles in one frame[5106]: RainFall4_PS/Particle Emitter
[2017.12.13-19.52.29:764][106]LogParticles: Warning: Spawning 23334 GPU particles in one frame[5107]: RainFall4_PS/Particle Emitter
[2017.12.13-19.52.30:082][107]LogParticles: Warning: Spawning 23333 GPU particles in one frame[5108]: RainFall4_PS/Particle Emitter
[2017.12.13-19.52.30:430][108]LogParticles: Warning: Spawning 23333 GPU particles in one frame[5109]: RainFall4_PS/Particle Emitter
[2017.12.13-19.53.26:538][792]LogParticles: Warning: Spawning 23348 GPU particles in one frame[11793]: RainFall4_PS/Particle Emitter
[2017.12.13-19.53.26:884][793]LogParticles: Warning: Spawning 23334 GPU particles in one frame[11794]: RainFall4_PS/Particle Emitter
[2017.12.13-19.53.27:219][794]LogParticles: Warning: Spawning 23333 GPU particles in one frame[11795]: RainFall4_PS/Particle Emitter
[2017.12.13-19.53.27:556][795]LogParticles: Warning: Spawning 23333 GPU particles in one frame[11796]: RainFall4_PS/Particle Emitter
[2017.12.13-19.53.27:888][796]LogParticles: Warning: Spawning 23334 GPU particles in one frame[11797]: RainFall4_PS/Particle Emitter
[2017.12.13-19.53.39:956][142]LogParticles: Warning: Spawning 23333 GPU particles in one frame[13143]: RainFall4_PS/Particle Emitter
[2017.12.13-19.53.40:289][143]LogParticles: Warning: Spawning 23333 GPU particles in one frame[13144]: RainFall4_PS/Particle Emitter
[2017.12.13-19.53.40:636][144]LogParticles: Warning: Spawning 23334 GPU particles in one frame[13145]: RainFall4_PS/Particle Emitter
[2017.12.13-19.54.32:955][378]LogParticles: Warning: Spawning 23333 GPU particles in one frame[19379]: RainFall4_PS/Particle Emitter
[2017.12.13-19.54.33:289][379]LogParticles: Warning: Spawning 23333 GPU particles in one frame[19380]: RainFall4_PS/Particle Emitter
[2017.12.13-19.54.33:623][380]LogParticles: Warning: Spawning 23334 GPU particles in one frame[19381]: RainFall4_PS/Particle Emitter
[2017.12.13-19.54.33:955][381]LogParticles: Warning: Spawning 23333 GPU particles in one frame[19382]: RainFall4_PS/Particle Emitter
[2017.12.13-19.54.34:297][382]LogParticles: Warning: Spawning 23333 GPU particles in one frame[19383]: RainFall4_PS/Particle Emitter
[2017.12.13-19.54.34:626][383]LogParticles: Warning: Spawning 23334 GPU particles in one frame[19384]: RainFall4_PS/Particle Emitter
[2017.12.13-19.54.34:959][384]LogParticles: Warning: Spawning 23333 GPU particles in one frame[19385]: RainFall4_PS/Particle Emitter
[2017.12.13-19.54.35:293][385]LogParticles: Warning: Spawning 23333 GPU particles in one frame[19386]: RainFall4_PS/Particle Emitter
[2017.12.13-19.54.35:626][386]LogParticles: Warning: Spawning 23334 GPU particles in one frame[19387]: RainFall4_PS/Particle Emitter
[2017.12.13-19.54.35:971][387]LogParticles: Warning: Spawning 23333 GPU particles in one frame[19388]: RainFall4_PS/Particle Emitter
[2017.12.13-19.54.36:285][388]LogParticles: Warning: Spawning 23333 GPU particles in one frame[19389]: RainFall4_PS/Particle Emitter
[2017.12.13-19.55.17:215][232]LogParticles: Warning: Spawning 23334 GPU particles in one frame[24233]: RainFall4_PS/Particle Emitter
[2017.12.13-19.55.17:558][233]LogParticles: Warning: Spawning 23333 GPU particles in one frame[24234]: RainFall4_PS/Particle Emitter
[2017.12.13-19.55.17:910][234]LogParticles: Warning: Spawning 23333 GPU particles in one frame[24235]: RainFall4_PS/Particle Emitter
[2017.12.13-19.55.18:235][235]LogParticles: Warning: Spawning 23334 GPU particles in one frame[24236]: RainFall4_PS/Particle Emitter
[2017.12.13-19.56.14:511][730]LogParticles: Warning: Spawning 23334 GPU particles in one frame[30731]: RainFall4_PS/Particle Emitter
[2017.12.13-19.56.14:853][731]LogParticles: Warning: Spawning 23333 GPU particles in one frame[30732]: RainFall4_PS/Particle Emitter
[2017.12.13-19.56.15:172][732]LogParticles: Warning: Spawning 23333 GPU particles in one frame[30733]: RainFall4_PS/Particle Emitter
[2017.12.13-19.56.15:506][733]LogParticles: Warning: Spawning 23334 GPU particles in one frame[30734]: RainFall4_PS/Particle Emitter
[2017.12.13-19.56.15:839][734]LogParticles: Warning: Spawning 23333 GPU particles in one frame[30735]: RainFall4_PS/Particle Emitter
[2017.12.13-19.56.16:182][735]LogParticles: Warning: Spawning 23333 GPU particles in one frame[30736]: RainFall4_PS/Particle Emitter
[2017.12.13-19.56.16:508][736]LogParticles: Warning: Spawning 23334 GPU particles in one frame[30737]: RainFall4_PS/Particle Emitter
[2017.12.13-19.56.16:838][737]LogParticles: Warning: Spawning 23333 GPU particles in one frame[30738]: RainFall4_PS/Particle Emitter
[2017.12.13-19.56.17:183][738]LogParticles: Warning: Spawning 23333 GPU particles in one frame[30739]: RainFall4_PS/Particle Emitter
[2017.12.13-19.56.17:509][739]LogParticles: Warning: Spawning 23334 GPU particles in one frame[30740]: RainFall4_PS/Particle Emitter
[2017.12.13-19.56.17:840][740]LogParticles: Warning: Spawning 23333 GPU particles in one frame[30741]: RainFall4_PS/Particle Emitter
[2017.12.13-19.56.18:184][741]LogParticles: Warning: Spawning 23333 GPU particles in one frame[30742]: RainFall4_PS/Particle Emitter
[2017.12.13-19.56.18:513][742]LogParticles: Warning: Spawning 23334 GPU particles in one frame[30743]: RainFall4_PS/Particle Emitter
[2017.12.13-19.56.18:850][743]LogParticles: Warning: Spawning 23333 GPU particles in one frame[30744]: RainFall4_PS/Particle Emitter
[2017.12.13-19.56.19:174][744]LogParticles: Warning: Spawning 23333 GPU particles in one frame[30745]: RainFall4_PS/Particle Emitter
[2017.12.13-19.56.19:521][745]LogParticles: Warning: Spawning 23334 GPU particles in one frame[30746]: RainFall4_PS/Particle Emitter
[2017.12.13-19.56.19:852][746]LogParticles: Warning: Spawning 23333 GPU particles in one frame[30747]: RainFall4_PS/Particle Emitter
[2017.12.13-19.56.20:187][747]LogParticles: Warning: Spawning 23333 GPU particles in one frame[30748]: RainFall4_PS/Particle Emitter
[2017.12.13-19.56.20:516][748]LogParticles: Warning: Spawning 23334 GPU particles in one frame[30749]: RainFall4_PS/Particle Emitter
[2017.12.13-19.56.20:857][749]LogParticles: Warning: Spawning 24449 GPU particles in one frame[30750]: RainFall4_PS/Particle Emitter
[2017.12.13-19.56.21:196][750]LogParticles: Warning: Spawning 23334 GPU particles in one frame[30751]: RainFall4_PS/Particle Emitter
[2017.12.13-19.56.21:529][751]LogParticles: Warning: Spawning 23333 GPU particles in one frame[30752]: RainFall4_PS/Particle Emitter
[2017.12.13-19.56.21:862][752]LogParticles: Warning: Spawning 23333 GPU particles in one frame[30753]: RainFall4_PS/Particle Emitter
[2017.12.13-19.56.22:198][753]LogParticles: Warning: Spawning 23334 GPU particles in one frame[30754]: RainFall4_PS/Particle Emitter
[2017.12.13-19.56.22:531][754]LogParticles: Warning: Spawning 23333 GPU particles in one frame[30755]: RainFall4_PS/Particle Emitter
[2017.12.13-19.56.22:869][755]LogParticles: Warning: Spawning 23334 GPU particles in one frame[30756]: RainFall4_PS/Particle Emitter
[2017.12.13-19.56.23:199][756]LogParticles: Warning: Spawning 23333 GPU particles in one frame[30757]: RainFall4_PS/Particle Emitter
[2017.12.13-19.56.23:529][757]LogParticles: Warning: Spawning 23333 GPU particles in one frame[30758]: RainFall4_PS/Particle Emitter
[2017.12.13-19.56.23:864][758]LogParticles: Warning: Spawning 23334 GPU particles in one frame[30759]: RainFall4_PS/Particle Emitter
[2017.12.13-19.56.24:197][759]LogParticles: Warning: Spawning 23333 GPU particles in one frame[30760]: RainFall4_PS/Particle Emitter
[2017.12.13-19.56.24:531][760]LogParticles: Warning: Spawning 23333 GPU particles in one frame[30761]: RainFall4_PS/Particle Emitter
[2017.12.13-19.56.24:864][761]LogParticles: Warning: Spawning 23334 GPU particles in one frame[30762]: RainFall4_PS/Particle Emitter
[2017.12.13-19.56.25:197][762]LogParticles: Warning: Spawning 23333 GPU particles in one frame[30763]: RainFall4_PS/Particle Emitter
[2017.12.13-19.56.25:547][763]LogParticles: Warning: Spawning 23334 GPU particles in one frame[30764]: RainFall4_PS/Particle Emitter
[2017.12.13-19.56.25:880][764]LogParticles: Warning: Spawning 23333 GPU particles in one frame[30765]: RainFall4_PS/Particle Emitter
[2017.12.13-19.56.26:215][765]LogParticles: Warning: Spawning 23333 GPU particles in one frame[30766]: RainFall4_PS/Particle Emitter
[2017.12.13-19.56.26:542][766]LogParticles: Warning: Spawning 23334 GPU particles in one frame[30767]: RainFall4_PS/Particle Emitter
[2017.12.13-19.56.26:854][767]LogParticles: Warning: Spawning 23333 GPU particles in one frame[30768]: RainFall4_PS/Particle Emitter
[2017.12.13-19.56.27:188][768]LogParticles: Warning: Spawning 23333 GPU particles in one frame[30769]: RainFall4_PS/Particle Emitter
[2017.12.13-19.56.27:546][769]LogParticles: Warning: Spawning 23334 GPU particles in one frame[30770]: RainFall4_PS/Particle Emitter
[2017.12.13-19.56.27:879][770]LogParticles: Warning: Spawning 23333 GPU particles in one frame[30771]: RainFall4_PS/Particle Emitter
[2017.12.13-19.56.28:214][771]LogParticles: Warning: Spawning 23333 GPU particles in one frame[30772]: RainFall4_PS/Particle Emitter
[2017.12.13-19.56.28:548][772]LogParticles: Warning: Spawning 23334 GPU particles in one frame[30773]: RainFall4_PS/Particle Emitter
[2017.12.13-19.56.28:879][773]LogParticles: Warning: Spawning 23333 GPU particles in one frame[30774]: RainFall4_PS/Particle Emitter
[2017.12.13-19.56.29:212][774]LogParticles: Warning: Spawning 23333 GPU particles in one frame[30775]: RainFall4_PS/Particle Emitter
[2017.12.13-19.56.29:546][775]LogParticles: Warning: Spawning 23334 GPU particles in one frame[30776]: RainFall4_PS/Particle Emitter
[2017.12.13-19.56.29:879][776]LogParticles: Warning: Spawning 23333 GPU particles in one frame[30777]: RainFall4_PS/Particle Emitter
[2017.12.13-19.56.30:212][777]LogParticles: Warning: Spawning 23334 GPU particles in one frame[30778]: RainFall4_PS/Particle Emitter
[2017.12.13-19.56.30:545][778]LogParticles: Warning: Spawning 23333 GPU particles in one frame[30779]: RainFall4_PS/Particle Emitter
[2017.12.13-19.56.30:880][779]LogParticles: Warning: Spawning 23333 GPU particles in one frame[30780]: RainFall4_PS/Particle Emitter
[2017.12.13-19.56.31:217][780]LogParticles: Warning: Spawning 23334 GPU particles in one frame[30781]: RainFall4_PS/Particle Emitter
[2017.12.13-19.56.31:546][781]LogParticles: Warning: Spawning 23333 GPU particles in one frame[30782]: RainFall4_PS/Particle Emitter
[2017.12.13-19.56.51:898][136]BlueprintLog: New page: Compile Test_AI2_BP
[2017.12.13-19.56.51:934][136]LogBlueprint: Error: [Compiler Test_AI2_BP] This blueprint (self) is not a AIController, therefore ' Target ' must have a connection.
[2017.12.13-19.56.52:063][136]LogBlueprint: Warning: [Compiler Test_AI2_BP] [0423.86] Compile of Test_AI2_BP failed. 1 Fatal Issue(s) 0 Warning(s) [in 165 ms] (/Game/2DSideScrollerBP/Blueprints/Testing_Assets/Test_AI2_BP.Test_AI2_BP)
[2017.12.13-19.58.37:613][617]BlueprintLog: New page: Compile Test_AI2_BP
[2017.12.13-19.58.40:959][983]LogAIModule: Creating AISystem for world Test_Area1
[2017.12.13-19.58.42:639][983]LogSavePackage: Save=110.66ms
[2017.12.13-19.58.42:639][983]LogSavePackage: Moving '../../../../../../Users/rajjj/OneDrive/Documents/GitHub/DatBoiEntertainmetnGame_/Saved/Test_AI2_BP836BD3914C84FA31E589A793B057AB47.tmp' to '../../../../../../Users/rajjj/OneDrive/Documents/GitHub/DatBoiEntertainmetnGame_/Content/2DSideScrollerBP/Blueprints/Testing_Assets/Test_AI2_BP.uasset'
[2017.12.13-19.58.42:643][983]LogSavePackage: Display: Finished SavePackage ../../../../../../Users/rajjj/OneDrive/Documents/GitHub/DatBoiEntertainmetnGame_/Content/2DSideScrollerBP/Blueprints/Testing_Assets/Test_AI2_BP.uasset
[2017.12.13-19.58.42:645][983]Cmd: MAP LOAD FILE="../../../../../../Users/rajjj/OneDrive/Documents/GitHub/DatBoiEntertainmetnGame_/Content/2DSideScrollerBP/Maps/Levels/Test_Area1.umap" TEMPLATE=0 SHOWPROGRESS=1 FEATURELEVEL=3
[2017.12.13-19.58.42:645][983]LightingResults: New page: Lighting Build
[2017.12.13-19.58.42:645][983]LoadErrors: New page: Loading map: Test_Area1.umap
[2017.12.13-19.58.42:649][983]MapCheck: New page: Map Check
[2017.12.13-19.58.42:649][983]LightingResults: New page: Lighting Build
[2017.12.13-19.58.42:686][983]LogEditorServer: Finished looking for orphan Actors (0.000 secs)
[2017.12.13-19.58.42:765][983]Cmd: MAP CHECKDEP NOCLEARLOG
[2017.12.13-19.58.42:842][983]MapCheck: Map check complete: 0 Error(s), 0 Warning(s), took 76.289ms to complete.
[2017.12.13-19.58.42:842][983]LogFileHelpers: Loading map 'Test_Area1' took 0.199
[2017.12.13-19.58.42:843][983]LogSlate: Took 0.000118 seconds to synchronously load lazily loaded font '../../../Engine/Content/Slate/Fonts/Roboto-Regular.ttf' (155K)
