Log file open, 11/01/17 17:01:32
LogWindows: LoadLibraryWithSearchPaths failed for file aqProf.dll. GetLastError=0
LogWindows: LoadLibraryWithSearchPaths failed for file VSPerf140.dll. GetLastError=0
LogWindows: LoadLibraryWithSearchPaths failed for file VtuneApi.dll. GetLastError=0
LogWindows: LoadLibraryWithSearchPaths failed for file VtuneApi32e.dll. GetLastError=0
LogInit: Display: Running engine for game: InsertNameAdventure
LogPlatformFile: Not using cached read wrapper
LogInit: Display: RandInit(-1536413600) SRandInit(-1536413600).
LogTaskGraph: Started task graph with 5 named threads and 14 total threads with 3 sets of task threads.
LogStats: Stats thread started at 0.867493
LogD3D11RHI: Aftermath initialized
LogPluginManager: Mounting plugin Paper2D
LogPluginManager: Mounting plugin LightPropagationVolume
LogPluginManager: Mounting plugin CodeLiteSourceCodeAccess
LogPluginManager: Mounting plugin GitSourceControl
LogPluginManager: Mounting plugin KDevelopSourceCodeAccess
LogPluginManager: Mounting plugin NullSourceCodeAccess
LogPluginManager: Mounting plugin PerforceSourceControl
LogPluginManager: Mounting plugin SubversionSourceControl
LogPluginManager: Mounting plugin UObjectPlugin
LogPluginManager: Mounting plugin VisualStudioSourceCodeAccess
LogPluginManager: Mounting plugin XCodeSourceCodeAccess
LogPluginManager: Mounting plugin AssetManagerEditor
LogPluginManager: Mounting plugin AudioCapture
LogPluginManager: Mounting plugin FacialAnimation
LogPluginManager: Mounting plugin GameplayTagsEditor
LogPluginManager: Mounting plugin MobileLauncherProfileWizard
LogPluginManager: Mounting plugin PluginBrowser
LogPluginManager: Mounting plugin SpeedTreeImporter
LogPluginManager: Mounting plugin AlembicImporter
LogPluginManager: Mounting plugin CharacterAI
LogPluginManager: Mounting plugin HTML5Networking
LogPluginManager: Mounting plugin AndroidMedia
LogPluginManager: Mounting plugin AvfMedia
LogPluginManager: Mounting plugin MediaPlayerEditor
LogPluginManager: Mounting plugin WmfMedia
LogPluginManager: Mounting plugin TcpMessaging
LogPluginManager: Mounting plugin UdpMessaging
LogPluginManager: Mounting plugin LevelSequenceEditor
LogPluginManager: Mounting plugin MatineeToLevelSequence
LogPluginManager: Mounting plugin OnlineSubsystemGooglePlay
LogPluginManager: Mounting plugin OnlineSubsystemIOS
LogPluginManager: Mounting plugin OnlineSubsystem
LogPluginManager: Mounting plugin OnlineSubsystemNull
LogPluginManager: Mounting plugin OnlineSubsystemUtils
LogPluginManager: Mounting plugin AndroidDeviceProfileSelector
LogPluginManager: Mounting plugin AndroidMoviePlayer
LogPluginManager: Mounting plugin AndroidPermission
LogPluginManager: Mounting plugin AppleMoviePlayer
LogPluginManager: Mounting plugin ArchVisCharacter
LogPluginManager: Mounting plugin CableComponent
LogPluginManager: Mounting plugin CustomMeshComponent
LogPluginManager: Mounting plugin ExampleDeviceProfileSelector
LogPluginManager: Mounting plugin GoogleCloudMessaging
LogPluginManager: Mounting plugin ImmediatePhysics
LogPluginManager: Mounting plugin IOSDeviceProfileSelector
LogPluginManager: Mounting plugin LinuxDeviceProfileSelector
LogPluginManager: Mounting plugin LocationServicesBPLibrary
LogPluginManager: Mounting plugin MobilePatchingUtils
LogPluginManager: Mounting plugin OculusVR
LogPluginManager: Mounting plugin PhysXVehicles
LogPluginManager: Mounting plugin ProceduralMeshComponent
LogPluginManager: Mounting plugin RuntimePhysXCooking
LogPluginManager: Mounting plugin SteamVR
LogPluginManager: Mounting plugin WindowsMoviePlayer
LogInit: Using libcurl 7.47.1
LogInit:  - built for x86_64-pc-win32
LogInit:  - supports SSL with OpenSSL/1.0.2g
LogInit:  - supports HTTP deflate (compression) using libz 1.2.8
LogInit:  - other features:
LogInit:      CURL_VERSION_SSL
LogInit:      CURL_VERSION_LIBZ
LogInit:      CURL_VERSION_IPV6
LogInit:      CURL_VERSION_ASYNCHDNS
LogInit:      CURL_VERSION_LARGEFILE
LogInit:      CURL_VERSION_IDN
LogInit:  CurlRequestOptions (configurable via config and command line):
LogInit:  - bVerifyPeer = false  - Libcurl will NOT verify peer certificate
LogInit:  - bUseHttpProxy = false  - Libcurl will NOT use HTTP proxy
LogInit:  - bDontReuseConnections = false  - Libcurl will reuse connections
LogInit:  - CertBundlePath = nullptr  - Libcurl will use whatever was configured at build time.
LogInit: Build: ++UE4+Release-4.17-CL-3586342
LogInit: Engine Version: 4.17.1-3586342+++UE4+Release-4.17
LogInit: Compatible Engine Version: 4.17.0-3573198+++UE4+Release-4.17
LogInit: Net CL: 3573198
LogDevObjectVersion: Number of dev versions registered: 16
LogDevObjectVersion:   Dev-Blueprints (B0D832E4-1F89-4F0D-ACCF-7EB736FD4AA2): 10
LogDevObjectVersion:   Dev-Build (E1C64328-A22C-4D53-A36C-8E866417BD8C): 0
LogDevObjectVersion:   Dev-Core (375EC13C-06E4-48FB-B500-84F0262A717E): 2
LogDevObjectVersion:   Dev-Editor (E4B068ED-F494-42E9-A231-DA0B2E46BB41): 20
LogDevObjectVersion:   Dev-Framework (CFFC743F-43B0-4480-9391-14DF171D2073): 28
LogDevObjectVersion:   Dev-Mobile (B02B49B5-BB20-44E9-A304-32B752E40360): 0
LogDevObjectVersion:   Dev-Networking (A4E4105C-59A1-49B5-A7C5-40C4547EDFEE): 0
LogDevObjectVersion:   Dev-Online (39C831C9-5AE6-47DC-9A44-9C173E1C8E7C): 0
LogDevObjectVersion:   Dev-Physics (78F01B33-EBEA-4F98-B9B4-84EACCB95AA2): 0
LogDevObjectVersion:   Dev-Platform (6631380F-2D4D-43E0-8009-CF276956A95A): 0
LogDevObjectVersion:   Dev-Rendering (12F88B9F-8875-4AFC-A67C-D90C383ABD29): 19
LogDevObjectVersion:   Dev-Sequencer (7B5AE74C-D270-4C10-A958-57980B212A5A): 4
LogDevObjectVersion:   Dev-VR (D7296918-1DD6-4BDD-9DE2-64A83CC13884): 0
LogDevObjectVersion:   Dev-LoadTimes (C2A15278-BFE7-4AFE-6C17-90FF531DF755): 1
LogDevObjectVersion:   Private-Geometry (6EACA3D4-40EC-4CC1-B786-8BED09428FC5): 1
LogDevObjectVersion:   Dev-AnimPhys (29E575DD-E0A3-4627-9D10-D276232CDCEA): 7
LogInit: Compiled (64-bit): Aug 15 2017 02:05:26
LogInit: Compiled with Visual C++: 19.00.24215.01
LogInit: Build Configuration: Development
LogInit: Branch Name: ++UE4+Release-4.17
LogInit: Command line:  
LogInit: Base directory: C:/Program Files/Epic Games/UE_4.17/Engine/Binaries/Win64/
LogInit: Installed Engine Build: 1
LogInit: Presizing for max 8388607 objects, including 0 objects not considered by GC, pre-allocating 0 bytes for permanent pool.
LogInit: Object subsystem initialized
[2017.11.01-23.01.33:239][  0]LogInit: Selected Device Profile: [Windows]
[2017.11.01-23.01.33:239][  0]LogInit: Applying CVar settings loaded from the selected device profile: [Windows]
[2017.11.01-23.01.33:284][  0]LogInit: Computer: DESKTOP-OMJHMSB
[2017.11.01-23.01.33:284][  0]LogInit: User: rajjj
[2017.11.01-23.01.33:284][  0]LogInit: CPU Page size=4096, Cores=4
[2017.11.01-23.01.33:284][  0]LogInit: High frequency timer resolution =3.328127 MHz
[2017.11.01-23.01.33:284][  0]LogMemory: Memory total: Physical=15.9GB (16GB approx)
[2017.11.01-23.01.33:284][  0]LogMemory: Platform Memory Stats for Windows
[2017.11.01-23.01.33:284][  0]LogMemory: Process Physical Memory: 279.64 MB used, 279.64 MB peak
[2017.11.01-23.01.33:284][  0]LogMemory: Process Virtual Memory: 290.07 MB used, 290.07 MB peak
[2017.11.01-23.01.33:284][  0]LogMemory: Physical Memory: 3937.38 MB used,  12384.36 MB free, 16321.74 MB total
[2017.11.01-23.01.33:284][  0]LogMemory: Virtual Memory: 683.96 MB used,  12384.36 MB free, 134217728.00 MB total
[2017.11.01-23.01.33:629][  0]LogInit: Using OS detected language (en-US).
[2017.11.01-23.01.33:629][  0]LogInit: Using OS detected locale (en-US).
[2017.11.01-23.01.33:686][  0]LogTextLocalizationManager: No specific localization for 'en-US' exists, so the 'en' localization will be used.
[2017.11.01-23.01.36:377][  0]LogD3D11RHI: D3D11 adapters:
[2017.11.01-23.01.36:886][  0]LogD3D11RHI:    0. 'NVIDIA GeForce GTX 1070' (Feature Level 11_0)
[2017.11.01-23.01.36:886][  0]LogD3D11RHI:       8085/0/8160 MB DedicatedVideo/DedicatedSystem/SharedSystem, Outputs:2, VendorId:0x10de
[2017.11.01-23.01.36:887][  0]LogD3D11RHI:    1. 'Microsoft Basic Render Driver' (Feature Level 11_0)
[2017.11.01-23.01.36:887][  0]LogD3D11RHI:       0/0/8160 MB DedicatedVideo/DedicatedSystem/SharedSystem, Outputs:0, VendorId:0x1414
[2017.11.01-23.01.36:887][  0]LogD3D11RHI: Chosen D3D11 Adapter: 0
[2017.11.01-23.01.36:894][  0]LogD3D11RHI: Creating new Direct3DDevice
[2017.11.01-23.01.36:894][  0]LogD3D11RHI:     GPU DeviceId: 0x1b81 (for the marketing name, search the web for "GPU Device Id")
[2017.11.01-23.01.36:894][  0]LogWindows: EnumDisplayDevices:
[2017.11.01-23.01.36:894][  0]LogWindows:    0. 'NVIDIA GeForce GTX 1070' (P:0 D:1)
[2017.11.01-23.01.36:894][  0]LogWindows:    1. 'NVIDIA GeForce GTX 1070' (P:1 D:1)
[2017.11.01-23.01.36:894][  0]LogWindows:    2. 'NVIDIA GeForce GTX 1070' (P:0 D:0)
[2017.11.01-23.01.36:894][  0]LogWindows:    3. 'NVIDIA GeForce GTX 1070' (P:0 D:0)
[2017.11.01-23.01.36:894][  0]LogWindows: DebugString: FoundDriverCount:4 
[2017.11.01-23.01.36:894][  0]LogD3D11RHI:     Adapter Name: NVIDIA GeForce GTX 1070
[2017.11.01-23.01.36:895][  0]LogD3D11RHI:   Driver Version: 385.28 (internal:22.21.13.8528, unified:385.28)
[2017.11.01-23.01.36:895][  0]LogD3D11RHI:      Driver Date: 8-9-2017
[2017.11.01-23.01.36:895][  0]LogRHI: Texture pool is 1361 MB (70% of 1945 MB)
[2017.11.01-23.01.37:378][  0]LogD3D11RHI: Async texture creation enabled
[2017.11.01-23.01.37:470][  0]LogD3D11RHI: GPU Timing Frequency: 1000.000000 (Debug: 2 1)
[2017.11.01-23.01.37:524][  0]LogShaderCompilers: Guid format shader working directory is -35 characters bigger than the processId version (../../../../../../Users/rajjj/OneDrive/Documents/GitHub/DatBoiEntertainmetnGame_/Intermediate/Shaders/WorkingDirectory/13732/).
[2017.11.01-23.01.37:524][  0]LogShaderCompilers: Cleaned the shader compiler working directory 'C:/Users/rajjj/AppData/Local/Temp/UnrealShaderWorkingDir/CC22BA124103B0251F6AE0924A7FD25E/'.
[2017.11.01-23.01.37:525][  0]LogShaderCompilers: Display: Using Local Shader Compiler.
[2017.11.01-23.01.39:521][  0]LogTemp: Display: Loaded TP AllDesktopTargetPlatform
[2017.11.01-23.01.39:563][  0]LogTemp: Display: Loaded TP MacClientTargetPlatform
[2017.11.01-23.01.39:606][  0]LogTemp: Display: Loaded TP MacNoEditorTargetPlatform
[2017.11.01-23.01.39:650][  0]LogTemp: Display: Loaded TP MacServerTargetPlatform
[2017.11.01-23.01.39:697][  0]LogTemp: Display: Loaded TP MacTargetPlatform
[2017.11.01-23.01.39:741][  0]LogTemp: Display: Loaded TP WindowsClientTargetPlatform
[2017.11.01-23.01.39:784][  0]LogTemp: Display: Loaded TP WindowsNoEditorTargetPlatform
[2017.11.01-23.01.39:828][  0]LogTemp: Display: Loaded TP WindowsServerTargetPlatform
[2017.11.01-23.01.39:866][  0]LogTemp: Display: Loaded TP WindowsTargetPlatform
[2017.11.01-23.01.39:914][  0]LogTemp: Display: Loaded TP AndroidTargetPlatform
[2017.11.01-23.01.39:959][  0]LogTemp: Display: Loaded TP Android_ASTCTargetPlatform
[2017.11.01-23.01.40:007][  0]LogTemp: Display: Loaded TP Android_ATCTargetPlatform
[2017.11.01-23.01.40:051][  0]LogTemp: Display: Loaded TP Android_DXTTargetPlatform
[2017.11.01-23.01.40:093][  0]LogTemp: Display: Loaded TP Android_ETC1TargetPlatform
[2017.11.01-23.01.40:136][  0]LogTemp: Display: Loaded TP Android_ETC2TargetPlatform
[2017.11.01-23.01.40:221][  0]LogTemp: Display: Loaded TP Android_MultiTargetPlatform
[2017.11.01-23.01.40:221][  0]LogTemp: Display: Loaded TP Android_PVRTCTargetPlatform
[2017.11.01-23.01.40:255][  0]LogTemp: Display: Loaded TP HTML5TargetPlatform
[2017.11.01-23.01.40:346][  0]LogTemp: Display: Loaded TP IOSTargetPlatform
[2017.11.01-23.01.40:372][  0]LogTemp: Display: Loaded TP TVOSTargetPlatform
[2017.11.01-23.01.40:415][  0]LogTemp: Display: Loaded TP LinuxClientTargetPlatform
[2017.11.01-23.01.40:458][  0]LogTemp: Display: Loaded TP LinuxNoEditorTargetPlatform
[2017.11.01-23.01.40:501][  0]LogTemp: Display: Loaded TP LinuxServerTargetPlatform
[2017.11.01-23.01.40:549][  0]LogTemp: Display: Loaded TP LinuxTargetPlatform
[2017.11.01-23.01.40:550][  0]LogTargetPlatformManager: Display: Building Assets For Windows
[2017.11.01-23.01.41:070][  0]LogDerivedDataCache: Display: Max Cache Size: 512 MB
[2017.11.01-23.01.41:552][  0]LogDerivedDataCache: Loaded boot cache 0.48s 93MB C:/Users/rajjj/AppData/Local/UnrealEngine/4.17/DerivedDataCache/Boot.ddc.
[2017.11.01-23.01.41:552][  0]LogDerivedDataCache: Display: Loaded Boot cache: C:/Users/rajjj/AppData/Local/UnrealEngine/4.17/DerivedDataCache/Boot.ddc
[2017.11.01-23.01.41:553][  0]LogDerivedDataCache: FDerivedDataBackendGraph:  Pak pak cache file ../../../../../../Users/rajjj/OneDrive/Documents/GitHub/DatBoiEntertainmetnGame_/DerivedDataCache/DDC.ddp not found, will not use a pak cache.
[2017.11.01-23.01.41:553][  0]LogDerivedDataCache: Unable to find inner node Pak for hierarchical cache Hierarchy.
[2017.11.01-23.01.41:553][  0]LogDerivedDataCache: FDerivedDataBackendGraph:  CompressedPak pak cache file ../../../../../../Users/rajjj/OneDrive/Documents/GitHub/DatBoiEntertainmetnGame_/DerivedDataCache/Compressed.ddp not found, will not use a pak cache.
[2017.11.01-23.01.41:553][  0]LogDerivedDataCache: Unable to find inner node CompressedPak for hierarchical cache Hierarchy.
[2017.11.01-23.01.41:619][  0]LogDerivedDataCache: Display: Pak cache opened for reading ../../../Engine/DerivedDataCache/Compressed.ddp.
[2017.11.01-23.01.41:632][  0]LogDerivedDataCache: Using Local data cache path C:/Users/rajjj/AppData/Local/UnrealEngine/Common/DerivedDataCache: Writable
[2017.11.01-23.01.41:646][  0]LogMaterial: Verifying Global Shaders for PCD3D_SM5
[2017.11.01-23.01.41:653][  0]LogSlate: Using Freetype 2.6.0
[2017.11.01-23.01.41:685][  0]LogSlate: SlateFontCache - WITH_FREETYPE: 1, WITH_HARFBUZZ: 1
[2017.11.01-23.01.41:685][  0]LogSlate: SlateFontCache - WITH_FREETYPE: 1, WITH_HARFBUZZ: 1
[2017.11.01-23.01.42:536][  0]LogAssetRegistry: FAssetRegistry took 0.0273 seconds to start up
[2017.11.01-23.01.42:659][  0]LogInit: Selected Device Profile: [Windows]
[2017.11.01-23.01.43:020][  0]LogContentStreaming: Texture pool size is 0.00 MB
[2017.11.01-23.01.43:343][  0]LogSimplygon: Simplygon DLL not present - disabling.
[2017.11.01-23.01.43:383][  0]LogMeshReduction: Using SimplygonSwarm for distributed automatic mesh merging
[2017.11.01-23.01.43:383][  0]LogMeshReduction: Using QuadricMeshReduction for automatic static mesh reduction
[2017.11.01-23.01.43:383][  0]LogMeshReduction: No automatic skeletal mesh reduction module available
[2017.11.01-23.01.43:384][  0]LogMeshReduction: No automatic mesh merging module available
[2017.11.01-23.01.43:384][  0]LogMeshMerging: No automatic mesh merging module available
[2017.11.01-23.01.44:070][  0]LogNetVersion: InsertNameAdventure , NetCL: 3573198, EngineNetVer: 2, GameNetVer: 0 (Checksum: 3080426378)
[2017.11.01-23.01.44:538][  0]LogPackageLocalizationCache: Processed 5 localized package path(s) for 2 prioritized culture(s) in 0.057166 seconds
[2017.11.01-23.01.44:544][  0]LogUObjectArray: 35825 objects as part of root set at end of initial load.
[2017.11.01-23.01.44:544][  0]LogUObjectAllocator: 7529112 out of 0 bytes used by permanent object pool.
[2017.11.01-23.01.44:544][  0]LogUObjectArray: CloseDisregardForGC: 0/0 objects in disregard for GC pool
[2017.11.01-23.01.44:600][  0]LogInit: WinSock: version 1.1 (2.2), MaxSocks=32767, MaxUdp=65467
[2017.11.01-23.01.49:293][  0]LogTcpMessaging: Initializing TcpMessaging bridge
[2017.11.01-23.01.49:329][  0]LogUdpMessaging: Initializing bridge on interface 0.0.0.0:0 to multicast group 230.0.0.1:6666.
[2017.11.01-23.01.50:084][  0]LogMaterial: Uniform references updated for custom material expression Custom.
[2017.11.01-23.01.50:539][  0]SourceControl: Source control is disabled
[2017.11.01-23.01.51:521][  0]LogAndroidPermission: UAndroidPermissionCallbackProxy::GetInstance
[2017.11.01-23.01.51:730][  0]LogOcInput: OculusInput pre-init called
[2017.11.01-23.01.51:989][  0]LogEngine: Initializing Engine...
[2017.11.01-23.01.51:992][  0]LogHMD: Failed to initialize OpenVR with code 110
[2017.11.01-23.01.52:329][  0]LogStats: UGameplayTagsManager::ConstructGameplayTagTree: Construct from data asset -  0.000 s
[2017.11.01-23.01.52:330][  0]LogStats: UGameplayTagsManager::ConstructGameplayTagTree: GameplayTagTreeChangedEvent.Broadcast -  0.000 s
[2017.11.01-23.01.52:459][  0]LogAIModule: Creating AISystem for world Untitled
[2017.11.01-23.01.52:479][  0]LogInit: XAudio2 using 'Speakers (2- Logitech G930 Headset)' : 2 channels at 48 kHz using 16 bits per sample (channel mask 0x3)
[2017.11.01-23.01.52:495][  0]LogInit: FAudioDevice initialized.
[2017.11.01-23.01.52:575][  0]LogDerivedDataCache: Saved boot cache 0.08s 93MB C:/Users/rajjj/AppData/Local/UnrealEngine/4.17/DerivedDataCache/Boot.ddc.
[2017.11.01-23.01.52:592][  0]LogInit: Texture streaming: Enabled
[2017.11.01-23.01.52:705][  0]LogEngineSessionManager: EngineSessionManager initialized
[2017.11.01-23.01.52:954][  0]LogInit: Transaction tracking system initialized
[2017.11.01-23.01.53:250][  0]BlueprintLog: New page: Editor Load
[2017.11.01-23.01.54:122][  0]LocalizationService: Localization service is disabled
[2017.11.01-23.01.54:787][  0]LogConsoleResponse: Display: 
[2017.11.01-23.01.55:170][  0]LogCook: Display: Max memory allowance for cook 16384mb min free memory 0mb
[2017.11.01-23.01.55:170][  0]LogCook: Display: Mobile HDR setting 1
[2017.11.01-23.01.55:171][  0]LogGameplayTags: Display: UGameplayTagsManager::DoneAddingNativeTags. DelegateIsBound: 0
[2017.11.01-23.01.56:182][  0]LogFileCache: Scanning file cache for directory 'C:/Users/rajjj/OneDrive/Documents/GitHub/DatBoiEntertainmetnGame_/Content/' took 0.02s
[2017.11.01-23.01.56:239][  0]Cmd: MAP LOAD FILE="../../../../../../Users/rajjj/OneDrive/Documents/GitHub/DatBoiEntertainmetnGame_/Content/2DSideScrollerBP/Maps/Levels/Rainforest_Alien.umap" TEMPLATE=0 SHOWPROGRESS=1 FEATURELEVEL=3
[2017.11.01-23.01.56:245][  0]LightingResults: New page: Lighting Build
[2017.11.01-23.01.56:289][  0]MapCheck: New page: Map Check
[2017.11.01-23.01.56:289][  0]LightingResults: New page: Lighting Build
[2017.11.01-23.01.56:842][  0]LogBlueprint: Warning: ExposeOnSpawn ambiguity. Property 'BoolProperty /Game/2DSideScrollerBP/Blueprints/UI/ItemDrag.ItemDrag_C:fromInv', MetaData 'True', Flag 'False'
[2017.11.01-23.01.56:842][  0]LogBlueprint: Warning: ExposeOnSpawn ambiguity. Property 'ObjectProperty /Game/2DSideScrollerBP/Blueprints/UI/ItemDrag.ItemDrag_C:dragItem', MetaData 'True', Flag 'False'
[2017.11.01-23.01.56:847][  0]LogBlueprint: Warning: ExposeOnSpawn ambiguity. Property 'BoolProperty /Game/2DSideScrollerBP/Blueprints/UI/ItemDrag.ItemDrag_C:fromInv', MetaData 'True', Flag 'False'
[2017.11.01-23.01.56:847][  0]LogBlueprint: Warning: ExposeOnSpawn ambiguity. Property 'ObjectProperty /Game/2DSideScrollerBP/Blueprints/UI/ItemDrag.ItemDrag_C:dragItem', MetaData 'True', Flag 'False'
[2017.11.01-23.01.56:885][  0]LogBlueprint: Warning: [Compiler ActionSlot] Input pin  Drag Item  specifying non-default value no longer exists on this node. Please refresh node or reset pin to default value to remove pin.
[2017.11.01-23.01.56:897][  0]LogBlueprint: Warning: [Compiler InventorySlot] Input pin  From Inv  specifying non-default value no longer exists on this node. Please refresh node or reset pin to default value to remove pin.
[2017.11.01-23.01.56:897][  0]LogBlueprint: Error: [Compiler InventorySlot] In use pin  Drag Item  no longer exists on this node. Please refresh node or break links to remove pin.
[2017.11.01-23.01.57:002][  0]LogBlueprint: Warning: [Compiler ActionSlot] [0027.07] Compile of ActionSlot successful, but with 1 Warning(s) [in 177 ms] (/Game/2DSideScrollerBP/Blueprints/UI/ActionSlot.ActionSlot)
[2017.11.01-23.01.57:002][  0]LogBlueprint: Warning: [Compiler InventorySlot] [0027.07] Compile of InventorySlot failed. 1 Fatal Issue(s) 1 Warning(s) [in 177 ms] (/Game/2DSideScrollerBP/Blueprints/UI/InventorySlot.InventorySlot)
[2017.11.01-23.01.58:237][  0]LogMaterial: Missing cached shader map for material BlueLight_M1, compiling. 
[2017.11.01-23.01.58:238][  0]LogMaterial: Warning: Failed to compile Material /Game/2DSideScrollerBP/Maps/Levels/LevelSprites/Sprites/Rain_Forrest_Sprites/Materials/BlueLight_M1.BlueLight_M1 for platform PCD3D_SM5, Default Material will be used in game.
[2017.11.01-23.01.58:238][  0]LogMaterial: Warning: 	Function Flicker_MF: Missing function input 'Color'
[2017.11.01-23.01.58:581][  0]LogAIModule: Creating AISystem for world Rainforest_Alien
[2017.11.01-23.01.58:628][  0]LogEditorServer: Finished looking for orphan Actors (0.000 secs)
[2017.11.01-23.01.58:649][  0]Cmd: MAP CHECKDEP NOCLEARLOG
[2017.11.01-23.01.58:712][  0]MapCheck: Map check complete: 0 Error(s), 0 Warning(s), took 63.122ms to complete.
[2017.11.01-23.01.58:712][  0]LogFileHelpers: Loading map 'Rainforest_Alien' took 2.474
[2017.11.01-23.01.58:913][  0]LogCollectionManager: Loaded 0 collections in 0.001563 seconds
[2017.11.01-23.01.59:011][  0]LogFileCache: Scanning file cache for directory 'C:/Users/rajjj/OneDrive/Documents/GitHub/DatBoiEntertainmetnGame_/Saved/Collections/' took 0.01s
[2017.11.01-23.01.59:011][  0]LogFileCache: Scanning file cache for directory 'C:/Users/rajjj/OneDrive/Documents/GitHub/DatBoiEntertainmetnGame_/Content/Developers/rajjj/Collections/' took 0.01s
[2017.11.01-23.01.59:011][  0]LogFileCache: Scanning file cache for directory 'C:/Users/rajjj/OneDrive/Documents/GitHub/DatBoiEntertainmetnGame_/Content/Collections/' took 0.01s
[2017.11.01-23.01.59:011][  0]LogCollectionManager: Rebuilt the GUID cache for 0 collections in 0.000001 seconds
[2017.11.01-23.01.59:020][  0]LogContentBrowser: Native class hierarchy populated in 0.0077 seconds. Added 2386 classes and 500 folders.
[2017.11.01-23.01.59:084][  0]LogContentBrowser: Native class hierarchy updated for 'WidgetCarousel' in 0.0007 seconds. Added 0 classes and 0 folders.
[2017.11.01-23.01.59:445][  0]LogContentBrowser: Native class hierarchy updated for 'AddContentDialog' in 0.0006 seconds. Added 0 classes and 0 folders.
[2017.11.01-23.01.59:491][  0]LogContentBrowser: Native class hierarchy updated for 'SceneOutliner' in 0.0006 seconds. Added 1 classes and 2 folders.
[2017.11.01-23.01.59:579][  0]LogSlate: Took 0.007202 seconds to synchronously load lazily loaded font '../../../Engine/Content/Slate/Fonts/Roboto-Regular.ttf' (155K)
[2017.11.01-23.01.59:586][  0]LogSlate: Took 0.005359 seconds to synchronously load lazily loaded font '../../../Engine/Content/Slate/Fonts/Roboto-Bold.ttf' (160K)
[2017.11.01-23.01.59:597][  0]LogSlate: Took 0.004925 seconds to synchronously load lazily loaded font '../../../Engine/Content/Editor/Slate/Fonts/FontAwesome.ttf' (139K)
[2017.11.01-23.01.59:752][  0]LogRenderer: Reallocating scene render targets to support 1616x628 Format 10 NumSamples 1 (Frame:1).
[2017.11.01-23.02.00:078][  0]LogContentBrowser: Native class hierarchy updated for 'HierarchicalLODOutliner' in 0.0006 seconds. Added 1 classes and 2 folders.
[2017.11.01-23.02.00:078][  0]LogLoad: (Engine Initialization) Total time: 30.15 seconds
[2017.11.01-23.02.00:078][  0]LogLoad: (Engine Initialization) Total Blueprint compile time: 0.00 seconds
[2017.11.01-23.02.00:078][  0]LogExternalProfiler: No external profilers were discovered.  External profiling features will not be available.
[2017.11.01-23.02.00:136][  0]SourceControl: On branch V1.5.1
[2017.11.01-23.02.00:136][  0]SourceControl: Your branch is up-to-date with 'origin/V1.5.1'.
[2017.11.01-23.02.00:136][  0]SourceControl: No commands done.
[2017.11.01-23.02.00:136][  0]SourceControl: Next commands to do (2 remaining commands):
[2017.11.01-23.02.00:136][  0]SourceControl:    pick b627089 Redid mt backdrop and started work on a desert zone
[2017.11.01-23.02.00:136][  0]SourceControl:    pick 5400dc0 Revert "Redid mt backdrop and started work on a desert zone"
[2017.11.01-23.02.00:136][  0]SourceControl:   (use "git rebase --edit-todo" to view and edit)
[2017.11.01-23.02.00:136][  0]SourceControl: You are currently editing a commit while rebasing branch 'V1.5.1' on 'ad616f1'.
[2017.11.01-23.02.00:136][  0]SourceControl:   (use "git commit --amend" to amend the current commit)
[2017.11.01-23.02.00:136][  0]SourceControl:   (use "git rebase --continue" once you are satisfied with your changes)
[2017.11.01-23.02.00:136][  0]SourceControl: Changes not staged for commit:
[2017.11.01-23.02.00:136][  0]SourceControl:   (use "git add/rm <file>..." to update what will be committed)
[2017.11.01-23.02.00:136][  0]SourceControl:   (use "git checkout -- <file>..." to discard changes in working directory)
[2017.11.01-23.02.00:136][  0]SourceControl: 	modified:   Intermediate/CachedAssetRegistry.bin
[2017.11.01-23.02.00:136][  0]SourceControl: 	deleted:    Saved/Config/CrashReportClient/UE4CC-Windows-CB64381A4E5D3905AD0708861BAC99B7/CrashReportClient.ini
[2017.11.01-23.02.00:136][  0]SourceControl: 	deleted:    Saved/Config/CrashReportClient/UE4CC-Windows-DD96A0564623E6B31F40879A7F461FFE/CrashReportClient.ini
[2017.11.01-23.02.00:136][  0]SourceControl: 	deleted:    Saved/Config/CrashReportClient/UE4CC-Windows-F2DF90A74D883955C1D7C2BC998FEC1B/CrashReportClient.ini
[2017.11.01-23.02.00:136][  0]SourceControl: 	modified:   Saved/Config/Windows/Engine.ini
[2017.11.01-23.02.00:136][  0]SourceControl: 	deleted:    Saved/Logs/InsertNameAdventure-backup-2017.10.23-11.03.40.log
[2017.11.01-23.02.00:136][  0]SourceControl: 	deleted:    Saved/Logs/InsertNameAdventure-backup-2017.10.26-12.59.26.log
[2017.11.01-23.02.00:136][  0]SourceControl: 	deleted:    Saved/Logs/InsertNameAdventure-backup-2017.10.26-13.59.23.log
[2017.11.01-23.02.00:136][  0]SourceControl: 	modified:   Saved/Logs/InsertNameAdventure.log
[2017.11.01-23.02.00:136][  0]SourceControl: 	deleted:    Saved/Logs/InsertNameAdventure_2-backup-2017.10.26-13.47.17.log
[2017.11.01-23.02.00:136][  0]SourceControl: Untracked files:
[2017.11.01-23.02.00:136][  0]SourceControl:   (use "git add <file>..." to include in what will be committed)
[2017.11.01-23.02.00:136][  0]SourceControl: 	Saved/Config/CrashReportClient/UE4CC-Windows-C1A4ED0C46D8BC988AF5FD9D6FA3A3BC/
[2017.11.01-23.02.00:136][  0]SourceControl: 	Saved/Logs/InsertNameAdventure-backup-2017.11.01-17.01.32.log
[2017.11.01-23.02.00:136][  0]SourceControl: no changes added to commit (use "git add" and/or "git commit -a")
[2017.11.01-23.02.00:137][  0]LogContentStreaming: Texture pool size now 1000 MB
[2017.11.01-23.02.00:227][  0]LogSlate: Took 0.006026 seconds to synchronously load lazily loaded font '../../../Engine/Content/Slate/Fonts/Roboto-Light.ttf' (159K)
[2017.11.01-23.02.00:258][  1]LogAssetRegistry: Asset discovery search completed in 17.7439 seconds
[2017.11.01-23.02.00:261][  1]LogCollectionManager: Rebuilt the object cache for 0 collections in 0.000000 seconds (found 0 objects)
[2017.11.01-23.02.00:261][  1]LogCollectionManager: Fixed up redirectors for 0 collections in 0.000059 seconds (updated 0 objects)
[2017.11.01-23.02.05:241][321]LogFileCache: Retrieving MD5 hashes for directory 'C:/Users/rajjj/OneDrive/Documents/GitHub/DatBoiEntertainmetnGame_/Content/' took 5.12s
[2017.11.01-23.02.17:123][702]LogEditorViewport: Clicking on Actor (LMB): PaperSpriteActor (New_MT_Backdrop_Sprite37)
[2017.11.01-23.02.17:982][767]LogEditorViewport: Clicking on Actor (LMB): PaperSpriteActor (New_MT_Backdrop_Sprite46)
[2017.11.01-23.02.19:703][938]LogEditorViewport: Clicking on Actor (context menu): PaperSpriteActor (New_MT_Backdrop_Sprite46)
[2017.11.01-23.02.25:697][120]LogSlate: Took 0.004416 seconds to synchronously load lazily loaded font '../../../Engine/Content/Editor/Slate/Fonts/Roboto-Italic.ttf' (157K)
[2017.11.01-23.02.27:425][287]LogEditorViewport: Clicking on Actor (LMB): Skybox_BP_Rain_C (Skybox_BP_Rain)
[2017.11.01-23.02.39:778][426]SourceControl: fatal: C:/Program Files/Epic Games/UE_4.17/Engine/Content/ArtTools/RenderToTexture/Textures/127grey.uasset: 'C:/Program Files/Epic Games/UE_4.17/Engine/Content/ArtTools/RenderToTexture/Textures/127grey.uasset' is outside repository
[2017.11.01-23.02.39:778][426]SourceControl: fatal: C:/Program Files/Epic Games/UE_4.17/Engine/Content/EngineLightProfiles/180Degree_IES.uasset: 'C:/Program Files/Epic Games/UE_4.17/Engine/Content/EngineLightProfiles/180Degree_IES.uasset' is outside repository
[2017.11.01-23.02.39:778][426]SourceControl: fatal: C:/Program Files/Epic Games/UE_4.17/Engine/Content/Functions/Engine_MaterialFunctions01/Coordinates/1Dto2DIndex.uasset: 'C:/Program Files/Epic Games/UE_4.17/Engine/Content/Functions/Engine_MaterialFunctions01/Coordinates/1Dto2DIndex.uasset' is outside repository
[2017.11.01-23.02.39:778][426]SourceControl: fatal: C:/Program Files/Epic Games/UE_4.17/Engine/Content/Functions/Engine_MaterialFunctions02/SupportFiles/1x1x1_Box_Pivot_-XYZ.uasset: 'C:/Program Files/Epic Games/UE_4.17/Engine/Content/Functions/Engine_MaterialFunctions02/SupportFiles/1x1x1_Box_Pivot_-XYZ.uasset' is outside repository
[2017.11.01-23.02.39:778][426]SourceControl: fatal: C:/Program Files/Epic Games/UE_4.17/Engine/Content/Functions/Engine_MaterialFunctions02/PivotPainter2/2dArrayLookupByIndex.uasset: 'C:/Program Files/Epic Games/UE_4.17/Engine/Content/Functions/Engine_MaterialFunctions02/PivotPainter2/2dArrayLookupByIndex.uasset' is outside repository
[2017.11.01-23.02.39:778][426]SourceControl: fatal: C:/Program Files/Epic Games/UE_4.17/Engine/Content/Functions/Engine_MaterialFunctions01/ImageAdjustment/3ColorBlend.uasset: 'C:/Program Files/Epic Games/UE_4.17/Engine/Content/Functions/Engine_MaterialFunctions01/ImageAdjustment/3ColorBlend.uasset' is outside repository
[2017.11.01-23.02.39:778][426]SourceControl: fatal: C:/Program Files/Epic Games/UE_4.17/Engine/Content/Functions/Engine_MaterialFunctions02/Texturing/3dParticleOpacity.uasset: 'C:/Program Files/Epic Games/UE_4.17/Engine/Content/Functions/Engine_MaterialFunctions02/Texturing/3dParticleOpacity.uasset' is outside repository
[2017.11.01-23.02.39:778][426]SourceControl: fatal: C:/Program Files/Epic Games/UE_4.17/Engine/Content/Functions/Engine_MaterialFunctions02/ExampleContent/3dParticleOpacity_Mat.uasset: 'C:/Program Files/Epic Games/UE_4.17/Engine/Content/Functions/Engine_MaterialFunctions02/ExampleContent/3dParticleOpacity_Mat.uasset' is outside repository
[2017.11.01-23.02.39:778][426]SourceControl: fatal: C:/Program Files/Epic Games/UE_4.17/Engine/Content/Functions/Engine_MaterialFunctions02/3PointLevels.uasset: 'C:/Program Files/Epic Games/UE_4.17/Engine/Content/Functions/Engine_MaterialFunctions02/3PointLevels.uasset' is outside repository
[2017.11.01-23.02.39:778][426]SourceControl: fatal: C:/Program Files/Epic Games/UE_4.17/Engine/Content/EngineFX/Modules/Update/Motion/Acceleration.uasset: 'C:/Program Files/Epic Games/UE_4.17/Engine/Content/EngineFX/Modules/Update/Motion/Acceleration.uasset' is outside repository
[2017.11.01-23.02.42:849][608]LogEditorViewport: Clicking on Actor (LMB): PaperSpriteActor (New_MT_Backdrop_Sprite46)
[2017.11.01-23.02.49:030][129]LogSlate: Took 0.000111 seconds to synchronously load lazily loaded font '../../../Engine/Content/Slate/Fonts/Roboto-Light.ttf' (159K)
[2017.11.01-23.02.49:079][129]LogContentBrowser: Native class hierarchy updated for 'TextureEditor' in 0.0006 seconds. Added 1 classes and 2 folders.
[2017.11.01-23.02.49:710][130]LogParticles: Warning: Spawning 28000 GPU particles in one frame[4131]: RainFall4_PS/Particle Emitter
[2017.11.01-23.02.53:515][367]LogEditorViewport: Clicking on Actor (LMB): Skybox_BP_Rain_C (Skybox_BP_Rain)
[2017.11.01-23.03.14:791][596]LogTemp: Repeating last play command: Selected Viewport
[2017.11.01-23.03.14:892][596]LogBlueprintUserMessages: Early PlayInEditor Detection: Level '/Game/2DSideScrollerBP/Maps/Levels/Rainforest_Alien.Rainforest_Alien:PersistentLevel' has LevelScriptBlueprint '/Game/2DSideScrollerBP/Maps/Levels/Rainforest_Alien.Rainforest_Alien:PersistentLevel.Rainforest_Alien' with GeneratedClass '/Game/2DSideScrollerBP/Maps/Levels/Rainforest_Alien.Rainforest_Alien_C' with ClassGeneratedBy '/Game/2DSideScrollerBP/Maps/Levels/Rainforest_Alien.Rainforest_Alien:PersistentLevel.Rainforest_Alien'
[2017.11.01-23.03.14:892][596]LogPlayLevel: PlayLevel: No blueprints needed recompiling
[2017.11.01-23.03.16:838][596]PIE: New page: PIE session: Rainforest_Alien (Nov 1, 2017, 11:03:16 AM)
[2017.11.01-23.03.16:839][596]LogPlayLevel: Creating play world package: /Game/2DSideScrollerBP/Maps/Levels/UEDPIE_0_Rainforest_Alien
[2017.11.01-23.03.16:878][596]LogPlayLevel: PIE: StaticDuplicateObject took: (0.038420s)
[2017.11.01-23.03.16:878][596]LogAIModule: Creating AISystem for world Rainforest_Alien
[2017.11.01-23.03.16:879][596]LogPlayLevel: PIE: World Init took: (0.000642s)
[2017.11.01-23.03.16:880][596]LogPlayLevel: PIE: Created PIE world by copying editor world from /Game/2DSideScrollerBP/Maps/Levels/Rainforest_Alien.Rainforest_Alien to /Game/2DSideScrollerBP/Maps/Levels/UEDPIE_0_Rainforest_Alien.Rainforest_Alien (0.040461s)
[2017.11.01-23.03.16:898][596]LogInit: XAudio2 using 'Speakers (2- Logitech G930 Headset)' : 2 channels at 48 kHz using 16 bits per sample (channel mask 0x3)
[2017.11.01-23.03.16:904][596]LogInit: FAudioDevice initialized.
[2017.11.01-23.03.16:973][596]LogLoad: Game class is '2DSideScrollerGameMode_C'
[2017.11.01-23.03.17:126][596]LogWorld: Bringing World /Game/2DSideScrollerBP/Maps/Levels/UEDPIE_0_Rainforest_Alien.Rainforest_Alien up for play (max tick rate 0) at 2017.11.01-17.03.17
[2017.11.01-23.03.17:255][596]LogWorld: Bringing up level for play took: 0.148424
[2017.11.01-23.03.17:302][596]LogContentBrowser: Native class hierarchy updated for 'MovieSceneCapture' in 0.0006 seconds. Added 11 classes and 0 folders.
[2017.11.01-23.03.17:338][596]PIE: Play in editor start time for /Game/2DSideScrollerBP/Maps/Levels/UEDPIE_0_Rainforest_Alien 2.453
[2017.11.01-23.03.17:339][596]LogBlueprintUserMessages: Late PlayInEditor Detection: Level '/Game/2DSideScrollerBP/Maps/Levels/Rainforest_Alien.Rainforest_Alien:PersistentLevel' has LevelScriptBlueprint '/Game/2DSideScrollerBP/Maps/Levels/Rainforest_Alien.Rainforest_Alien:PersistentLevel.Rainforest_Alien' with GeneratedClass '/Game/2DSideScrollerBP/Maps/Levels/Rainforest_Alien.Rainforest_Alien_C' with ClassGeneratedBy '/Game/2DSideScrollerBP/Maps/Levels/Rainforest_Alien.Rainforest_Alien:PersistentLevel.Rainforest_Alien'
[2017.11.01-23.03.17:408][597]LogParticles: Warning: Spawning 28000 GPU particles in one frame[6598]: RainFall4_PS/Particle Emitter
[2017.11.01-23.03.22:070][112]Cmd: fov 60
[2017.11.01-23.03.42:478][ 84]LogBlueprintUserMessages: Early EndPlayMap Detection: Level '/Game/2DSideScrollerBP/Maps/Levels/Rainforest_Alien.Rainforest_Alien:PersistentLevel' has LevelScriptBlueprint '/Game/2DSideScrollerBP/Maps/Levels/Rainforest_Alien.Rainforest_Alien:PersistentLevel.Rainforest_Alien' with GeneratedClass '/Game/2DSideScrollerBP/Maps/Levels/Rainforest_Alien.Rainforest_Alien_C' with ClassGeneratedBy '/Game/2DSideScrollerBP/Maps/Levels/Rainforest_Alien.Rainforest_Alien:PersistentLevel.Rainforest_Alien'
[2017.11.01-23.03.42:526][ 84]LogBlueprintUserMessages: Late EndPlayMap Detection: Level '/Game/2DSideScrollerBP/Maps/Levels/Rainforest_Alien.Rainforest_Alien:PersistentLevel' has LevelScriptBlueprint '/Game/2DSideScrollerBP/Maps/Levels/Rainforest_Alien.Rainforest_Alien:PersistentLevel.Rainforest_Alien' with GeneratedClass '/Game/2DSideScrollerBP/Maps/Levels/Rainforest_Alien.Rainforest_Alien_C' with ClassGeneratedBy '/Game/2DSideScrollerBP/Maps/Levels/Rainforest_Alien.Rainforest_Alien:PersistentLevel.Rainforest_Alien'
[2017.11.01-23.03.45:214][374]LogTemp: Repeating last play command: Selected Viewport
[2017.11.01-23.03.45:244][374]LogBlueprintUserMessages: Early PlayInEditor Detection: Level '/Game/2DSideScrollerBP/Maps/Levels/Rainforest_Alien.Rainforest_Alien:PersistentLevel' has LevelScriptBlueprint '/Game/2DSideScrollerBP/Maps/Levels/Rainforest_Alien.Rainforest_Alien:PersistentLevel.Rainforest_Alien' with GeneratedClass '/Game/2DSideScrollerBP/Maps/Levels/Rainforest_Alien.Rainforest_Alien_C' with ClassGeneratedBy '/Game/2DSideScrollerBP/Maps/Levels/Rainforest_Alien.Rainforest_Alien:PersistentLevel.Rainforest_Alien'
[2017.11.01-23.03.45:244][374]LogPlayLevel: PlayLevel: No blueprints needed recompiling
[2017.11.01-23.03.45:245][374]PIE: New page: PIE session: Rainforest_Alien (Nov 1, 2017, 11:03:45 AM)
[2017.11.01-23.03.45:245][374]LogPlayLevel: Creating play world package: /Game/2DSideScrollerBP/Maps/Levels/UEDPIE_0_Rainforest_Alien
[2017.11.01-23.03.45:277][374]LogPlayLevel: PIE: StaticDuplicateObject took: (0.032594s)
[2017.11.01-23.03.45:278][374]LogAIModule: Creating AISystem for world Rainforest_Alien
[2017.11.01-23.03.45:278][374]LogPlayLevel: PIE: World Init took: (0.000610s)
[2017.11.01-23.03.45:278][374]LogPlayLevel: PIE: Created PIE world by copying editor world from /Game/2DSideScrollerBP/Maps/Levels/Rainforest_Alien.Rainforest_Alien to /Game/2DSideScrollerBP/Maps/Levels/UEDPIE_0_Rainforest_Alien.Rainforest_Alien (0.033673s)
[2017.11.01-23.03.45:296][374]LogInit: XAudio2 using 'Speakers (2- Logitech G930 Headset)' : 2 channels at 48 kHz using 16 bits per sample (channel mask 0x3)
[2017.11.01-23.03.45:302][374]LogInit: FAudioDevice initialized.
[2017.11.01-23.03.45:333][374]LogLoad: Game class is '2DSideScrollerGameMode_C'
[2017.11.01-23.03.45:349][374]LogWorld: Bringing World /Game/2DSideScrollerBP/Maps/Levels/UEDPIE_0_Rainforest_Alien.Rainforest_Alien up for play (max tick rate 0) at 2017.11.01-17.03.45
[2017.11.01-23.03.45:355][374]LogWorld: Bringing up level for play took: 0.021540
[2017.11.01-23.03.45:364][374]PIE: Play in editor start time for /Game/2DSideScrollerBP/Maps/Levels/UEDPIE_0_Rainforest_Alien 0.479
[2017.11.01-23.03.45:365][374]LogBlueprintUserMessages: Late PlayInEditor Detection: Level '/Game/2DSideScrollerBP/Maps/Levels/Rainforest_Alien.Rainforest_Alien:PersistentLevel' has LevelScriptBlueprint '/Game/2DSideScrollerBP/Maps/Levels/Rainforest_Alien.Rainforest_Alien:PersistentLevel.Rainforest_Alien' with GeneratedClass '/Game/2DSideScrollerBP/Maps/Levels/Rainforest_Alien.Rainforest_Alien_C' with ClassGeneratedBy '/Game/2DSideScrollerBP/Maps/Levels/Rainforest_Alien.Rainforest_Alien:PersistentLevel.Rainforest_Alien'
[2017.11.01-23.03.58:223][875]Cmd: fov 60
[2017.11.01-23.04.48:046][833]LogBlueprintUserMessages: Early EndPlayMap Detection: Level '/Game/2DSideScrollerBP/Maps/Levels/Rainforest_Alien.Rainforest_Alien:PersistentLevel' has LevelScriptBlueprint '/Game/2DSideScrollerBP/Maps/Levels/Rainforest_Alien.Rainforest_Alien:PersistentLevel.Rainforest_Alien' with GeneratedClass '/Game/2DSideScrollerBP/Maps/Levels/Rainforest_Alien.Rainforest_Alien_C' with ClassGeneratedBy '/Game/2DSideScrollerBP/Maps/Levels/Rainforest_Alien.Rainforest_Alien:PersistentLevel.Rainforest_Alien'
[2017.11.01-23.04.48:088][833]LogBlueprintUserMessages: Late EndPlayMap Detection: Level '/Game/2DSideScrollerBP/Maps/Levels/Rainforest_Alien.Rainforest_Alien:PersistentLevel' has LevelScriptBlueprint '/Game/2DSideScrollerBP/Maps/Levels/Rainforest_Alien.Rainforest_Alien:PersistentLevel.Rainforest_Alien' with GeneratedClass '/Game/2DSideScrollerBP/Maps/Levels/Rainforest_Alien.Rainforest_Alien_C' with ClassGeneratedBy '/Game/2DSideScrollerBP/Maps/Levels/Rainforest_Alien.Rainforest_Alien:PersistentLevel.Rainforest_Alien'
[2017.11.01-23.04.51:328][139]LogEditorViewport: Clicking on Actor (LMB): StaticMeshActor (Cube11)
[2017.11.01-23.04.52:077][217]LogEditorViewport: Clicking on Actor (LMB): StaticMeshActor (Cube11)
[2017.11.01-23.04.54:446][400]LogContentBrowser: Native class hierarchy updated for 'MaterialEditor' in 0.0006 seconds. Added 1 classes and 0 folders.
[2017.11.01-23.04.54:624][400]LogRenderer: Reallocating scene render targets to support 1860x932 Format 10 NumSamples 1 (Frame:1).
[2017.11.01-23.04.54:655][401]LogParticles: Warning: Spawning 23778 GPU particles in one frame[17402]: RainFall4_PS/Particle Emitter
[2017.11.01-23.05.16:567][105]LogEditorViewport: Clicking on Actor (LMB): StaticMeshActor (Cube9)
[2017.11.01-23.05.19:763][447]Cmd: DELETE
[2017.11.01-23.05.19:763][447]Cmd: ACTOR DELETE
[2017.11.01-23.05.19:884][447]LogEditorActor: Deleted Actor: StaticMeshActor
[2017.11.01-23.05.19:901][447]LogEditorActor: Deleted 1 Actors (0.132 secs)
[2017.11.01-23.05.22:526][737]LogTemp: Repeating last play command: Selected Viewport
[2017.11.01-23.05.22:557][737]LogBlueprintUserMessages: Early PlayInEditor Detection: Level '/Game/2DSideScrollerBP/Maps/Levels/Rainforest_Alien.Rainforest_Alien:PersistentLevel' has LevelScriptBlueprint '/Game/2DSideScrollerBP/Maps/Levels/Rainforest_Alien.Rainforest_Alien:PersistentLevel.Rainforest_Alien' with GeneratedClass '/Game/2DSideScrollerBP/Maps/Levels/Rainforest_Alien.Rainforest_Alien_C' with ClassGeneratedBy '/Game/2DSideScrollerBP/Maps/Levels/Rainforest_Alien.Rainforest_Alien:PersistentLevel.Rainforest_Alien'
[2017.11.01-23.05.22:557][737]LogPlayLevel: PlayLevel: No blueprints needed recompiling
[2017.11.01-23.05.22:557][737]PIE: New page: PIE session: Rainforest_Alien (Nov 1, 2017, 11:05:22 AM)
[2017.11.01-23.05.22:557][737]LogPlayLevel: Creating play world package: /Game/2DSideScrollerBP/Maps/Levels/UEDPIE_0_Rainforest_Alien
[2017.11.01-23.05.22:588][737]LogPlayLevel: PIE: StaticDuplicateObject took: (0.031531s)
[2017.11.01-23.05.22:589][737]LogAIModule: Creating AISystem for world Rainforest_Alien
[2017.11.01-23.05.22:589][737]LogPlayLevel: PIE: World Init took: (0.000581s)
[2017.11.01-23.05.22:589][737]LogPlayLevel: PIE: Created PIE world by copying editor world from /Game/2DSideScrollerBP/Maps/Levels/Rainforest_Alien.Rainforest_Alien to /Game/2DSideScrollerBP/Maps/Levels/UEDPIE_0_Rainforest_Alien.Rainforest_Alien (0.032567s)
[2017.11.01-23.05.22:606][737]LogInit: XAudio2 using 'Speakers (2- Logitech G930 Headset)' : 2 channels at 48 kHz using 16 bits per sample (channel mask 0x3)
[2017.11.01-23.05.22:612][737]LogInit: FAudioDevice initialized.
[2017.11.01-23.05.22:640][737]LogLoad: Game class is '2DSideScrollerGameMode_C'
[2017.11.01-23.05.22:657][737]LogWorld: Bringing World /Game/2DSideScrollerBP/Maps/Levels/UEDPIE_0_Rainforest_Alien.Rainforest_Alien up for play (max tick rate 0) at 2017.11.01-17.05.22
[2017.11.01-23.05.22:663][737]LogWorld: Bringing up level for play took: 0.022748
[2017.11.01-23.05.22:673][737]PIE: Play in editor start time for /Game/2DSideScrollerBP/Maps/Levels/UEDPIE_0_Rainforest_Alien -0.212
[2017.11.01-23.05.22:674][737]LogBlueprintUserMessages: Late PlayInEditor Detection: Level '/Game/2DSideScrollerBP/Maps/Levels/Rainforest_Alien.Rainforest_Alien:PersistentLevel' has LevelScriptBlueprint '/Game/2DSideScrollerBP/Maps/Levels/Rainforest_Alien.Rainforest_Alien:PersistentLevel.Rainforest_Alien' with GeneratedClass '/Game/2DSideScrollerBP/Maps/Levels/Rainforest_Alien.Rainforest_Alien_C' with ClassGeneratedBy '/Game/2DSideScrollerBP/Maps/Levels/Rainforest_Alien.Rainforest_Alien:PersistentLevel.Rainforest_Alien'
[2017.11.01-23.05.26:811][180]Cmd: fov 60
[2017.11.01-23.06.28:044][282]LogBlueprintUserMessages: Early EndPlayMap Detection: Level '/Game/2DSideScrollerBP/Maps/Levels/Rainforest_Alien.Rainforest_Alien:PersistentLevel' has LevelScriptBlueprint '/Game/2DSideScrollerBP/Maps/Levels/Rainforest_Alien.Rainforest_Alien:PersistentLevel.Rainforest_Alien' with GeneratedClass '/Game/2DSideScrollerBP/Maps/Levels/Rainforest_Alien.Rainforest_Alien_C' with ClassGeneratedBy '/Game/2DSideScrollerBP/Maps/Levels/Rainforest_Alien.Rainforest_Alien:PersistentLevel.Rainforest_Alien'
[2017.11.01-23.06.28:078][282]LogBlueprintUserMessages: Late EndPlayMap Detection: Level '/Game/2DSideScrollerBP/Maps/Levels/Rainforest_Alien.Rainforest_Alien:PersistentLevel' has LevelScriptBlueprint '/Game/2DSideScrollerBP/Maps/Levels/Rainforest_Alien.Rainforest_Alien:PersistentLevel.Rainforest_Alien' with GeneratedClass '/Game/2DSideScrollerBP/Maps/Levels/Rainforest_Alien.Rainforest_Alien_C' with ClassGeneratedBy '/Game/2DSideScrollerBP/Maps/Levels/Rainforest_Alien.Rainforest_Alien:PersistentLevel.Rainforest_Alien'
[2017.11.01-23.06.38:554][911]LogContentBrowser: Native class hierarchy updated for 'BlueprintGraph' in 0.0009 seconds. Added 113 classes and 0 folders.
[2017.11.01-23.06.39:226][911]LogSlate: Took 0.007034 seconds to synchronously load lazily loaded font '../../../Engine/Content/Slate/Fonts/Roboto-Regular.ttf' (155K)
[2017.11.01-23.06.39:509][911]LogSlate: Took 0.004661 seconds to synchronously load lazily loaded font '../../../Engine/Content/Editor/Slate/Fonts/Roboto-BoldCondensed.ttf' (158K)
[2017.11.01-23.06.39:685][912]LogParticles: Warning: Spawning 28000 GPU particles in one frame[27913]: RainFall4_PS/Particle Emitter
[2017.11.01-23.06.54:027][ 60]BlueprintLog: New page: Compile 2DSideScrollerCharacter
[2017.11.01-23.06.54:312][ 60]LogBlueprint: Warning: [Compiler ActionSlot] Input pin  Drag Item  specifying non-default value no longer exists on this node. Please refresh node or reset pin to default value to remove pin.
[2017.11.01-23.06.54:318][ 60]LogBlueprint: Warning: [Compiler InventorySlot] Input pin  From Inv  specifying non-default value no longer exists on this node. Please refresh node or reset pin to default value to remove pin.
[2017.11.01-23.06.54:318][ 60]LogBlueprint: Warning: [Compiler InventorySlot] Input pin  Drag Item  specifying non-default value no longer exists on this node. Please refresh node or reset pin to default value to remove pin.
[2017.11.01-23.06.54:454][ 60]LogBlueprint: Warning: [Compiler ActionSlot] [0324.53] Compile of ActionSlot successful, but with 1 Warning(s) [in 378 ms] (/Game/2DSideScrollerBP/Blueprints/UI/ActionSlot.ActionSlot)
[2017.11.01-23.06.54:454][ 60]LogBlueprint: Warning: [Compiler InventorySlot] [0324.53] Compile of InventorySlot successful, but with 2 Warning(s) [in 378 ms] (/Game/2DSideScrollerBP/Blueprints/UI/InventorySlot.InventorySlot)
[2017.11.01-23.06.55:060][ 61]LogParticles: Warning: Spawning 28000 GPU particles in one frame[29062]: RainFall4_PS/Particle Emitter
[2017.11.01-23.06.59:855][468]LogTemp: Repeating last play command: Selected Viewport
[2017.11.01-23.06.59:897][468]LogBlueprintUserMessages: Early PlayInEditor Detection: Level '/Game/2DSideScrollerBP/Maps/Levels/Rainforest_Alien.Rainforest_Alien:PersistentLevel' has LevelScriptBlueprint '/Game/2DSideScrollerBP/Maps/Levels/Rainforest_Alien.Rainforest_Alien:PersistentLevel.Rainforest_Alien' with GeneratedClass '/Game/2DSideScrollerBP/Maps/Levels/Rainforest_Alien.Rainforest_Alien_C' with ClassGeneratedBy '/Game/2DSideScrollerBP/Maps/Levels/Rainforest_Alien.Rainforest_Alien:PersistentLevel.Rainforest_Alien'
[2017.11.01-23.06.59:897][468]LogPlayLevel: PlayLevel: No blueprints needed recompiling
[2017.11.01-23.06.59:898][468]PIE: New page: PIE session: Rainforest_Alien (Nov 1, 2017, 11:06:59 AM)
[2017.11.01-23.06.59:898][468]LogPlayLevel: Creating play world package: /Game/2DSideScrollerBP/Maps/Levels/UEDPIE_0_Rainforest_Alien
[2017.11.01-23.06.59:928][468]LogPlayLevel: PIE: StaticDuplicateObject took: (0.030812s)
[2017.11.01-23.06.59:929][468]LogAIModule: Creating AISystem for world Rainforest_Alien
[2017.11.01-23.06.59:929][468]LogPlayLevel: PIE: World Init took: (0.000804s)
[2017.11.01-23.06.59:930][468]LogPlayLevel: PIE: Created PIE world by copying editor world from /Game/2DSideScrollerBP/Maps/Levels/Rainforest_Alien.Rainforest_Alien to /Game/2DSideScrollerBP/Maps/Levels/UEDPIE_0_Rainforest_Alien.Rainforest_Alien (0.032160s)
[2017.11.01-23.06.59:954][468]LogInit: XAudio2 using 'Speakers (2- Logitech G930 Headset)' : 2 channels at 48 kHz using 16 bits per sample (channel mask 0x3)
[2017.11.01-23.06.59:959][468]LogInit: FAudioDevice initialized.
[2017.11.01-23.06.59:992][468]LogLoad: Game class is '2DSideScrollerGameMode_C'
[2017.11.01-23.07.00:009][468]LogWorld: Bringing World /Game/2DSideScrollerBP/Maps/Levels/UEDPIE_0_Rainforest_Alien.Rainforest_Alien up for play (max tick rate 0) at 2017.11.01-17.07.00
[2017.11.01-23.07.00:015][468]LogWorld: Bringing up level for play took: 0.021646
[2017.11.01-23.07.00:024][468]PIE: Play in editor start time for /Game/2DSideScrollerBP/Maps/Levels/UEDPIE_0_Rainforest_Alien -0.861
[2017.11.01-23.07.00:024][468]LogBlueprintUserMessages: Late PlayInEditor Detection: Level '/Game/2DSideScrollerBP/Maps/Levels/Rainforest_Alien.Rainforest_Alien:PersistentLevel' has LevelScriptBlueprint '/Game/2DSideScrollerBP/Maps/Levels/Rainforest_Alien.Rainforest_Alien:PersistentLevel.Rainforest_Alien' with GeneratedClass '/Game/2DSideScrollerBP/Maps/Levels/Rainforest_Alien.Rainforest_Alien_C' with ClassGeneratedBy '/Game/2DSideScrollerBP/Maps/Levels/Rainforest_Alien.Rainforest_Alien:PersistentLevel.Rainforest_Alien'
[2017.11.01-23.07.04:282][959]LogBlueprintUserMessages: Early EndPlayMap Detection: Level '/Game/2DSideScrollerBP/Maps/Levels/Rainforest_Alien.Rainforest_Alien:PersistentLevel' has LevelScriptBlueprint '/Game/2DSideScrollerBP/Maps/Levels/Rainforest_Alien.Rainforest_Alien:PersistentLevel.Rainforest_Alien' with GeneratedClass '/Game/2DSideScrollerBP/Maps/Levels/Rainforest_Alien.Rainforest_Alien_C' with ClassGeneratedBy '/Game/2DSideScrollerBP/Maps/Levels/Rainforest_Alien.Rainforest_Alien:PersistentLevel.Rainforest_Alien'
[2017.11.01-23.07.04:315][959]LogBlueprintUserMessages: Late EndPlayMap Detection: Level '/Game/2DSideScrollerBP/Maps/Levels/Rainforest_Alien.Rainforest_Alien:PersistentLevel' has LevelScriptBlueprint '/Game/2DSideScrollerBP/Maps/Levels/Rainforest_Alien.Rainforest_Alien:PersistentLevel.Rainforest_Alien' with GeneratedClass '/Game/2DSideScrollerBP/Maps/Levels/Rainforest_Alien.Rainforest_Alien_C' with ClassGeneratedBy '/Game/2DSideScrollerBP/Maps/Levels/Rainforest_Alien.Rainforest_Alien:PersistentLevel.Rainforest_Alien'
[2017.11.01-23.07.06:578][ 50]LogSavePackage: Save=1050.97ms
[2017.11.01-23.07.06:578][ 50]LogSavePackage: Moving '../../../../../../Users/rajjj/OneDrive/Documents/GitHub/DatBoiEntertainmetnGame_/Saved/Rainforest_AlienBC1105444099CFE1CBAB3DAA498B66EE.tmp' to '../../../../../../Users/rajjj/OneDrive/Documents/GitHub/DatBoiEntertainmetnGame_/Content/2DSideScrollerBP/Maps/Levels/Rainforest_Alien.umap'
[2017.11.01-23.07.06:582][ 50]LogSavePackage: Display: Finished SavePackage ../../../../../../Users/rajjj/OneDrive/Documents/GitHub/DatBoiEntertainmetnGame_/Content/2DSideScrollerBP/Maps/Levels/Rainforest_Alien.umap
[2017.11.01-23.07.06:773][ 50]LogSavePackage: Save=17.22ms
[2017.11.01-23.07.06:773][ 50]LogSavePackage: Moving '../../../../../../Users/rajjj/OneDrive/Documents/GitHub/DatBoiEntertainmetnGame_/Saved/Rainforest_Alien_BuiltData6961AE7A4F3D7A343DFF9288E300E2D5.tmp' to '../../../../../../Users/rajjj/OneDrive/Documents/GitHub/DatBoiEntertainmetnGame_/Content/2DSideScrollerBP/Maps/Levels/Rainforest_Alien_BuiltData.uasset'
[2017.11.01-23.07.06:774][ 50]LogSavePackage: Display: Finished SavePackage ../../../../../../Users/rajjj/OneDrive/Documents/GitHub/DatBoiEntertainmetnGame_/Content/2DSideScrollerBP/Maps/Levels/Rainforest_Alien_BuiltData.uasset
[2017.11.01-23.07.06:800][ 51]LogParticles: Warning: Spawning 28000 GPU particles in one frame[30052]: RainFall4_PS/Particle Emitter
[2017.11.01-23.07.08:980][ 84]LogSavePackage: Save=354.92ms
[2017.11.01-23.07.08:980][ 84]LogSavePackage: Moving '../../../../../../Users/rajjj/OneDrive/Documents/GitHub/DatBoiEntertainmetnGame_/Saved/2DSideScrollerCharacter782F8CA940D1BE9A14BF69B6A47A0F9B.tmp' to '../../../../../../Users/rajjj/OneDrive/Documents/GitHub/DatBoiEntertainmetnGame_/Content/2DSideScrollerBP/Blueprints/Characters/2DSideScrollerCharacter.uasset'
[2017.11.01-23.07.08:983][ 84]LogSavePackage: Display: Finished SavePackage ../../../../../../Users/rajjj/OneDrive/Documents/GitHub/DatBoiEntertainmetnGame_/Content/2DSideScrollerBP/Blueprints/Characters/2DSideScrollerCharacter.uasset
[2017.11.01-23.07.09:027][ 84]LogMaterial: Missing cached shader map for material FDebugViewModeMaterialProxy Comp_M_Inst3, compiling. 
[2017.11.01-23.07.09:614][ 84]TextureStreamingBuild: Display: Compiling optional shaders took 0.593 seconds.
[2017.11.01-23.07.09:695][ 84]LogSavePackage: Save=13.69ms
[2017.11.01-23.07.09:695][ 84]LogSavePackage: Moving '../../../../../../Users/rajjj/OneDrive/Documents/GitHub/DatBoiEntertainmetnGame_/Saved/Comp_M_Inst3A0020BEC4568B881CCE96E8430EC6967.tmp' to '../../../../../../Users/rajjj/OneDrive/Documents/GitHub/DatBoiEntertainmetnGame_/Content/2DSideScrollerBP/Maps/Levels/LevelSprites/Sprites/Rain_Forrest_Sprites/Materials/Comp_M_Inst3.uasset'
[2017.11.01-23.07.09:698][ 84]LogSavePackage: Display: Finished SavePackage ../../../../../../Users/rajjj/OneDrive/Documents/GitHub/DatBoiEntertainmetnGame_/Content/2DSideScrollerBP/Maps/Levels/LevelSprites/Sprites/Rain_Forrest_Sprites/Materials/Comp_M_Inst3.uasset
[2017.11.01-23.07.09:796][ 84]LogWindowsTextInputMethodSystem: Display: IME system now deactivated.
[2017.11.01-23.07.09:941][ 85]Cmd: QUIT_EDITOR
[2017.11.01-23.07.10:148][ 85]LogExit: Preparing to exit.
[2017.11.01-23.07.10:545][ 85]LogDirectoryWatcher: A directory notification for 'C:/Users/rajjj/OneDrive/Documents/GitHub/DatBoiEntertainmetnGame_/Content/' was aborted.
[2017.11.01-23.07.10:596][ 85]LogExit: Editor shut down
[2017.11.01-23.07.10:600][ 85]LogExit: Transaction tracking system shut down
[2017.11.01-23.07.10:755][ 85]LogDirectoryWatcher: A directory notification for '../../../Engine/Content/' was aborted.
[2017.11.01-23.07.10:755][ 85]LogDirectoryWatcher: A directory notification for '../../../../../../Users/rajjj/OneDrive/Documents/GitHub/DatBoiEntertainmetnGame_/Content/' was aborted.
[2017.11.01-23.07.10:755][ 85]LogDirectoryWatcher: A directory notification for '../../../Engine/Plugins/2D/Paper2D/Content/' was aborted.
[2017.11.01-23.07.10:755][ 85]LogDirectoryWatcher: A directory notification for '../../../Engine/Plugins/Runtime/Oculus/OculusVR/Content/' was aborted.
[2017.11.01-23.07.10:755][ 85]LogDirectoryWatcher: A directory notification for '../../../Engine/Plugins/Runtime/Steam/SteamVR/Content/' was aborted.
[2017.11.01-23.07.10:861][ 85]LogExit: Object subsystem successfully closed.
[2017.11.01-23.07.10:889][ 85]LogD3D11RHI: Shutdown
[2017.11.01-23.07.10:889][ 85]LogD3D11RHI: CleanupD3DDevice
[2017.11.01-23.07.10:897][ 85]LogD3D11RHI: ~FD3D11DynamicRHI
[2017.11.01-23.07.10:945][ 85]LogModuleManager: Shutting down and abandoning module BlueprintGraph (540)
[2017.11.01-23.07.10:945][ 85]LogModuleManager: Shutting down and abandoning module BlueprintProfiler (538)
[2017.11.01-23.07.10:945][ 85]LogModuleManager: Shutting down and abandoning module MaterialEditor (536)
[2017.11.01-23.07.10:945][ 85]LogModuleManager: Shutting down and abandoning module MovieSceneCapture (534)
[2017.11.01-23.07.10:945][ 85]LogModuleManager: Shutting down and abandoning module TextureEditor (532)
[2017.11.01-23.07.10:946][ 85]LogModuleManager: Shutting down and abandoning module HierarchicalLODOutliner (530)
[2017.11.01-23.07.10:946][ 85]LogModuleManager: Shutting down and abandoning module SceneOutliner (528)
[2017.11.01-23.07.10:946][ 85]LogModuleManager: Shutting down and abandoning module AddContentDialog (526)
[2017.11.01-23.07.10:946][ 85]LogDirectoryWatcher: A directory notification for 'C:/Program Files/Epic Games/UE_4.17/FeaturePacks/' was aborted.
[2017.11.01-23.07.10:949][ 85]LogModuleManager: Shutting down and abandoning module WidgetCarousel (525)
[2017.11.01-23.07.10:949][ 85]LogModuleManager: Shutting down and abandoning module EditorWidgets (522)
[2017.11.01-23.07.10:949][ 85]LogModuleManager: Shutting down and abandoning module CollectionManager (520)
[2017.11.01-23.07.10:953][ 85]LogDirectoryWatcher: A directory notification for 'C:/Users/rajjj/OneDrive/Documents/GitHub/DatBoiEntertainmetnGame_/Content/Collections/' was aborted.
[2017.11.01-23.07.10:953][ 85]LogDirectoryWatcher: A directory notification for 'C:/Users/rajjj/OneDrive/Documents/GitHub/DatBoiEntertainmetnGame_/Content/Developers/rajjj/Collections/' was aborted.
[2017.11.01-23.07.10:953][ 85]LogDirectoryWatcher: A directory notification for 'C:/Users/rajjj/OneDrive/Documents/GitHub/DatBoiEntertainmetnGame_/Saved/Collections/' was aborted.
[2017.11.01-23.07.10:953][ 85]LogModuleManager: Shutting down and abandoning module StatsViewer (518)
[2017.11.01-23.07.10:955][ 85]LogModuleManager: Shutting down and abandoning module FoliageEdit (516)
[2017.11.01-23.07.10:955][ 85]LogModuleManager: Shutting down and abandoning module LandscapeEditor (514)
[2017.11.01-23.07.10:962][ 85]LogModuleManager: Shutting down and abandoning module MeshPaintMode (512)
[2017.11.01-23.07.10:963][ 85]LogModuleManager: Shutting down and abandoning module SceneDepthPickerMode (510)
[2017.11.01-23.07.10:963][ 85]LogModuleManager: Shutting down and abandoning module ActorPickerMode (508)
[2017.11.01-23.07.10:963][ 85]LogModuleManager: Shutting down and abandoning module GeometryMode (506)
[2017.11.01-23.07.10:963][ 85]LogModuleManager: Shutting down and abandoning module TextureAlignMode (504)
[2017.11.01-23.07.10:963][ 85]LogModuleManager: Shutting down and abandoning module BspMode (502)
[2017.11.01-23.07.10:975][ 85]LogModuleManager: Shutting down and abandoning module PIEPreviewDeviceProfileSelector (500)
[2017.11.01-23.07.10:975][ 85]LogModuleManager: Shutting down and abandoning module HardwareSurvey (498)
[2017.11.01-23.07.10:975][ 85]LogModuleManager: Shutting down and abandoning module SequenceRecorderSections (496)
[2017.11.01-23.07.10:978][ 85]LogModuleManager: Shutting down and abandoning module AutomationWorker (494)
[2017.11.01-23.07.10:981][ 85]LogModuleManager: Shutting down and abandoning module MatineeToLevelSequence (492)
[2017.11.01-23.07.10:981][ 85]LogModuleManager: Shutting down and abandoning module LevelSequenceEditor (490)
[2017.11.01-23.07.10:999][ 85]LogModuleManager: Shutting down and abandoning module PlacementMode (489)
[2017.11.01-23.07.10:999][ 85]LogModuleManager: Shutting down and abandoning module WmfMediaFactory (486)
[2017.11.01-23.07.10:999][ 85]LogModuleManager: Shutting down and abandoning module WmfMediaEditor (484)
[2017.11.01-23.07.10:999][ 85]LogModuleManager: Shutting down and abandoning module AvfMediaFactory (482)
[2017.11.01-23.07.10:999][ 85]LogModuleManager: Shutting down and abandoning module AvfMediaEditor (480)
[2017.11.01-23.07.10:999][ 85]LogModuleManager: Shutting down and abandoning module AndroidMediaFactory (478)
[2017.11.01-23.07.10:999][ 85]LogModuleManager: Shutting down and abandoning module Media (477)
[2017.11.01-23.07.10:999][ 85]LogModuleManager: Shutting down and abandoning module AndroidMediaEditor (474)
[2017.11.01-23.07.10:999][ 85]LogModuleManager: Shutting down and abandoning module CharacterAI (472)
[2017.11.01-23.07.10:999][ 85]LogModuleManager: Shutting down and abandoning module AudioCapture (470)
[2017.11.01-23.07.10:999][ 85]LogModuleManager: Shutting down and abandoning module SequenceRecorder (469)
[2017.11.01-23.07.11:003][ 85]LogModuleManager: Shutting down and abandoning module SmartSnapping (466)
[2017.11.01-23.07.11:003][ 85]LogModuleManager: Shutting down and abandoning module SessionServices (464)
[2017.11.01-23.07.11:003][ 85]LogModuleManager: Shutting down and abandoning module ViewportSnapping (462)
[2017.11.01-23.07.11:003][ 85]LogModuleManager: Shutting down and abandoning module ViewportInteraction (460)
[2017.11.01-23.07.11:003][ 85]LogModuleManager: Shutting down and abandoning module ClothPainter (458)
[2017.11.01-23.07.11:016][ 85]LogModuleManager: Shutting down and abandoning module LogVisualizer (456)
[2017.11.01-23.07.11:027][ 85]LogModuleManager: Shutting down and abandoning module IntroTutorials (454)
[2017.11.01-23.07.11:046][ 85]LogModuleManager: Shutting down and abandoning module GameProjectGeneration (453)
[2017.11.01-23.07.11:048][ 85]LogModuleManager: Shutting down and abandoning module IOSPlatformEditor (450)
[2017.11.01-23.07.11:049][ 85]LogModuleManager: Shutting down and abandoning module HTML5PlatformEditor (448)
[2017.11.01-23.07.11:049][ 85]LogModuleManager: Shutting down and abandoning module AndroidPlatformEditor (446)
[2017.11.01-23.07.11:049][ 85]LogModuleManager: Shutting down and abandoning module AndroidDeviceDetection (445)
[2017.11.01-23.07.11:525][ 85]LogModuleManager: Shutting down and abandoning module WindowsPlatformEditor (442)
[2017.11.01-23.07.11:525][ 85]LogModuleManager: Shutting down and abandoning module IOSRuntimeSettings (440)
[2017.11.01-23.07.11:525][ 85]LogModuleManager: Shutting down and abandoning module AndroidRuntimeSettings (438)
[2017.11.01-23.07.11:525][ 85]LogModuleManager: Shutting down and abandoning module InputBindingEditor (436)
[2017.11.01-23.07.11:526][ 85]LogModuleManager: Shutting down and abandoning module MergeActors (434)
[2017.11.01-23.07.11:527][ 85]LogModuleManager: Shutting down and abandoning module SizeMap (432)
[2017.11.01-23.07.11:527][ 85]LogModuleManager: Shutting down and abandoning module TreeMap (430)
[2017.11.01-23.07.11:527][ 85]LogModuleManager: Shutting down and abandoning module ReferenceViewer (428)
[2017.11.01-23.07.11:527][ 85]LogModuleManager: Shutting down and abandoning module LocalizationDashboard (426)
[2017.11.01-23.07.11:528][ 85]LogModuleManager: Shutting down and abandoning module LocalizationService (425)
[2017.11.01-23.07.11:528][ 85]LogModuleManager: Shutting down and abandoning module HardwareTargeting (422)
[2017.11.01-23.07.11:528][ 85]LogModuleManager: Shutting down and abandoning module DeviceProfileEditor (420)
[2017.11.01-23.07.11:529][ 85]LogModuleManager: Shutting down and abandoning module UndoHistory (418)
[2017.11.01-23.07.11:529][ 85]LogModuleManager: Shutting down and abandoning module XmlParser (416)
[2017.11.01-23.07.11:529][ 85]LogModuleManager: Shutting down and abandoning module Blutility (414)
[2017.11.01-23.07.11:529][ 85]LogModuleManager: Shutting down and abandoning module ProjectSettingsViewer (412)
[2017.11.01-23.07.11:529][ 85]LogModuleManager: Shutting down and abandoning module ProjectTargetPlatformEditor (411)
[2017.11.01-23.07.11:529][ 85]LogModuleManager: Shutting down and abandoning module EditorSettingsViewer (408)
[2017.11.01-23.07.11:529][ 85]LogModuleManager: Shutting down and abandoning module SettingsEditor (406)
[2017.11.01-23.07.11:530][ 85]LogModuleManager: Shutting down and abandoning module ProjectLauncher (404)
[2017.11.01-23.07.11:530][ 85]LogModuleManager: Shutting down and abandoning module SessionFrontend (402)
[2017.11.01-23.07.11:530][ 85]LogModuleManager: Shutting down and abandoning module ProfilerClient (400)
[2017.11.01-23.07.11:531][ 85]LogModuleManager: Shutting down and abandoning module DeviceManager (398)
[2017.11.01-23.07.11:531][ 85]LogModuleManager: Shutting down and abandoning module TargetDeviceServices (397)
[2017.11.01-23.07.11:585][ 85]LogModuleManager: Shutting down and abandoning module AutomationController (394)
[2017.11.01-23.07.11:586][ 85]LogModuleManager: Shutting down and abandoning module AutomationWindow (392)
[2017.11.01-23.07.11:587][ 85]LogModuleManager: Shutting down and abandoning module Layers (390)
[2017.11.01-23.07.11:589][ 85]LogModuleManager: Shutting down and abandoning module ComponentVisualizers (388)
[2017.11.01-23.07.11:589][ 85]LogModuleManager: Shutting down and abandoning module DetailCustomizations (386)
[2017.11.01-23.07.11:590][ 85]LogModuleManager: Shutting down and abandoning module PackagesDialog (384)
[2017.11.01-23.07.11:590][ 85]LogModuleManager: Shutting down and abandoning module Persona (382)
[2017.11.01-23.07.11:591][ 85]LogModuleManager: Shutting down and abandoning module AdvancedPreviewScene (381)
[2017.11.01-23.07.11:591][ 85]LogModuleManager: Shutting down and abandoning module AnimGraph (379)
[2017.11.01-23.07.11:591][ 85]LogModuleManager: Shutting down and abandoning module Kismet (376)
[2017.11.01-23.07.11:603][ 85]LogModuleManager: Shutting down and abandoning module ClassViewer (374)
[2017.11.01-23.07.11:603][ 85]LogModuleManager: Shutting down and abandoning module Toolbox (372)
[2017.11.01-23.07.11:603][ 85]LogModuleManager: Shutting down and abandoning module ModuleUI (370)
[2017.11.01-23.07.11:604][ 85]LogModuleManager: Shutting down and abandoning module MovieSceneTools (368)
[2017.11.01-23.07.11:605][ 85]LogModuleManager: Shutting down and abandoning module OutputLog (366)
[2017.11.01-23.07.11:605][ 85]LogModuleManager: Shutting down and abandoning module GammaUI (364)
[2017.11.01-23.07.11:606][ 85]LogModuleManager: Shutting down and abandoning module Documentation (362)
[2017.11.01-23.07.11:606][ 85]LogModuleManager: Shutting down and abandoning module MovieSceneTracks (360)
[2017.11.01-23.07.11:606][ 85]LogModuleManager: Shutting down and abandoning module MovieScene (358)
[2017.11.01-23.07.11:606][ 85]LogModuleManager: Shutting down and abandoning module Niagara (356)
[2017.11.01-23.07.11:606][ 85]LogModuleManager: Shutting down and abandoning module NiagaraEditor (355)
[2017.11.01-23.07.11:607][ 85]LogModuleManager: Shutting down and abandoning module StreamingPauseRendering (352)
[2017.11.01-23.07.11:607][ 85]LogModuleManager: Shutting down and abandoning module LauncherPlatform (350)
[2017.11.01-23.07.11:607][ 85]LogModuleManager: Shutting down and abandoning module AnalyticsET (348)
[2017.11.01-23.07.11:607][ 85]LogModuleManager: Shutting down and abandoning module PortalServices (346)
[2017.11.01-23.07.11:607][ 85]LogModuleManager: Shutting down and abandoning module PortalRpc (344)
[2017.11.01-23.07.11:607][ 85]LogModuleManager: Shutting down and abandoning module MessagingRpc (342)
[2017.11.01-23.07.11:607][ 85]LogModuleManager: Shutting down and abandoning module AIModule (340)
[2017.11.01-23.07.11:607][ 85]LogModuleManager: Shutting down and abandoning module GameplayDebugger (339)
[2017.11.01-23.07.11:607][ 85]LogModuleManager: Shutting down and abandoning module AITestSuite (337)
[2017.11.01-23.07.11:607][ 85]LogModuleManager: Shutting down and abandoning module ProfilerService (334)
[2017.11.01-23.07.11:664][ 85]LogModuleManager: Shutting down and abandoning module TaskGraph (332)
[2017.11.01-23.07.11:665][ 85]LogModuleManager: Shutting down and abandoning module SteamVRController (330)
[2017.11.01-23.07.11:665][ 85]LogModuleManager: Shutting down and abandoning module ProceduralMeshComponentEditor (328)
[2017.11.01-23.07.11:665][ 85]LogModuleManager: Shutting down and abandoning module ProceduralMeshComponent (326)
[2017.11.01-23.07.11:665][ 85]LogModuleManager: Shutting down and abandoning module OculusInput (324)
[2017.11.01-23.07.11:665][ 85]LogModuleManager: Shutting down and abandoning module MobilePatchingUtils (322)
[2017.11.01-23.07.11:665][ 85]LogModuleManager: Shutting down and abandoning module CustomMeshComponent (320)
[2017.11.01-23.07.11:665][ 85]LogModuleManager: Shutting down and abandoning module CableComponent (318)
[2017.11.01-23.07.11:665][ 85]LogModuleManager: Shutting down and abandoning module ArchVisCharacter (316)
[2017.11.01-23.07.11:666][ 85]LogModuleManager: Shutting down and abandoning module AndroidPermission (314)
[2017.11.01-23.07.11:666][ 85]LogModuleManager: Shutting down and abandoning module MediaPlayerEditor (310)
[2017.11.01-23.07.11:670][ 85]LogModuleManager: Shutting down and abandoning module HTML5Networking (308)
[2017.11.01-23.07.11:670][ 85]LogModuleManager: Shutting down and abandoning module AlembicImporter (306)
[2017.11.01-23.07.11:671][ 85]LogModuleManager: Shutting down and abandoning module AlembicLibrary (305)
[2017.11.01-23.07.11:671][ 85]LogModuleManager: Shutting down and abandoning module GeometryCache (304)
[2017.11.01-23.07.11:671][ 85]LogModuleManager: Shutting down and abandoning module GeometryCacheEd (303)
[2017.11.01-23.07.11:671][ 85]LogModuleManager: Shutting down and abandoning module SpeedTreeImporter (298)
[2017.11.01-23.07.11:671][ 85]LogModuleManager: Shutting down and abandoning module PluginBrowser (296)
[2017.11.01-23.07.11:673][ 85]LogModuleManager: Shutting down and abandoning module MobileLauncherProfileWizard (294)
[2017.11.01-23.07.11:674][ 85]LogModuleManager: Shutting down and abandoning module VisualStudioSourceCodeAccess (292)
[2017.11.01-23.07.11:674][ 85]LogModuleManager: Shutting down and abandoning module DesktopPlatform (291)
[2017.11.01-23.07.11:675][ 85]LogModuleManager: Shutting down and abandoning module UObjectPlugin (288)
[2017.11.01-23.07.11:675][ 85]LogModuleManager: Shutting down and abandoning module SubversionSourceControl (286)
[2017.11.01-23.07.11:679][ 85]LogModuleManager: Shutting down and abandoning module PerforceSourceControl (284)
[2017.11.01-23.07.11:680][ 85]LogModuleManager: Shutting down and abandoning module GitSourceControl (282)
[2017.11.01-23.07.11:680][ 85]LogModuleManager: Shutting down and abandoning module SourceControl (281)
[2017.11.01-23.07.11:680][ 85]LogModuleManager: Shutting down and abandoning module LightPropagationVolumeEditor (278)
[2017.11.01-23.07.11:680][ 85]LogModuleManager: Shutting down and abandoning module PaperTiledImporter (276)
[2017.11.01-23.07.11:680][ 85]LogModuleManager: Shutting down and abandoning module PaperSpriteSheetImporter (274)
[2017.11.01-23.07.11:680][ 85]LogModuleManager: Shutting down and abandoning module Paper2DEditor (272)
[2017.11.01-23.07.11:681][ 85]LogModuleManager: Shutting down and abandoning module MeshPaint (271)
[2017.11.01-23.07.11:681][ 85]LogModuleManager: Shutting down and abandoning module LevelEditor (269)
[2017.11.01-23.07.11:684][ 85]LogModuleManager: Shutting down and abandoning module PixelInspectorModule (268)
[2017.11.01-23.07.11:685][ 85]LogModuleManager: Shutting down and abandoning module MainFrame (266)
[2017.11.01-23.07.11:686][ 85]LogModuleManager: Shutting down and abandoning module HotReload (265)
[2017.11.01-23.07.11:688][ 85]LogModuleManager: Shutting down and abandoning module RuntimePhysXCooking (260)
[2017.11.01-23.07.11:688][ 85]LogModuleManager: Shutting down and abandoning module PhysXVehiclesEditor (258)
[2017.11.01-23.07.11:688][ 85]LogModuleManager: Shutting down and abandoning module PhysXVehicles (256)
[2017.11.01-23.07.11:688][ 85]LogModuleManager: Shutting down and abandoning module OculusEditor (254)
[2017.11.01-23.07.11:688][ 85]LogModuleManager: Shutting down and abandoning module LocationServicesBPLibrary (252)
[2017.11.01-23.07.11:688][ 85]LogModuleManager: Shutting down and abandoning module ImmediatePhysicsEditor (250)
[2017.11.01-23.07.11:688][ 85]LogModuleManager: Shutting down and abandoning module ImmediatePhysics (248)
[2017.11.01-23.07.11:688][ 85]LogModuleManager: Shutting down and abandoning module UdpMessaging (246)
[2017.11.01-23.07.11:789][ 85]LogModuleManager: Shutting down and abandoning module TcpMessaging (244)
[2017.11.01-23.07.11:934][ 85]LogModuleManager: Shutting down and abandoning module GameplayTagsEditor (242)
[2017.11.01-23.07.11:935][ 85]LogModuleManager: Shutting down and abandoning module FacialAnimationEditor (240)
[2017.11.01-23.07.11:935][ 85]LogModuleManager: Shutting down and abandoning module FacialAnimation (238)
[2017.11.01-23.07.11:935][ 85]LogModuleManager: Shutting down and abandoning module AssetManagerEditor (236)
[2017.11.01-23.07.11:937][ 85]LogModuleManager: Shutting down and abandoning module GraphEditor (235)
[2017.11.01-23.07.11:937][ 85]LogModuleManager: Shutting down and abandoning module ContentBrowser (233)
[2017.11.01-23.07.11:938][ 85]LogModuleManager: Shutting down and abandoning module LightPropagationVolumeRuntime (230)
[2017.11.01-23.07.11:938][ 85]LogModuleManager: Shutting down and abandoning module Paper2D (228)
[2017.11.01-23.07.11:938][ 85]LogModuleManager: Shutting down and abandoning module WindowsMoviePlayer (226)
[2017.11.01-23.07.11:938][ 85]LogModuleManager: Shutting down and abandoning module WmfMedia (224)
[2017.11.01-23.07.11:938][ 85]LogModuleManager: Shutting down and abandoning module PacketHandler (222)
[2017.11.01-23.07.11:939][ 85]LogModuleManager: Shutting down and abandoning module ClothingSystemEditor (220)
[2017.11.01-23.07.11:939][ 85]LogModuleManager: Shutting down and abandoning module ClothingSystemRuntime (218)
[2017.11.01-23.07.11:940][ 85]LogModuleManager: Shutting down and abandoning module Overlay (216)
[2017.11.01-23.07.11:940][ 85]LogModuleManager: Shutting down and abandoning module OverlayEditor (215)
[2017.11.01-23.07.11:940][ 85]LogModuleManager: Shutting down and abandoning module MediaAssets (212)
[2017.11.01-23.07.11:940][ 85]LogModuleManager: Shutting down and abandoning module VREditor (210)
[2017.11.01-23.07.11:941][ 85]LogModuleManager: Shutting down and abandoning module StringTableEditor (208)
[2017.11.01-23.07.11:941][ 85]LogModuleManager: Shutting down and abandoning module GameplayTasksEditor (206)
[2017.11.01-23.07.11:941][ 85]LogModuleManager: Shutting down and abandoning module BehaviorTreeEditor (204)
[2017.11.01-23.07.11:941][ 85]LogModuleManager: Shutting down and abandoning module FunctionalTesting (202)
[2017.11.01-23.07.11:941][ 85]LogModuleManager: Shutting down and abandoning module CollisionAnalyzer (200)
[2017.11.01-23.07.11:942][ 85]LogModuleManager: Shutting down and abandoning module WorkspaceMenuStructure (199)
[2017.11.01-23.07.11:942][ 85]LogModuleManager: Shutting down and abandoning module UMG (196)
[2017.11.01-23.07.11:942][ 85]LogModuleManager: Shutting down and abandoning module UMGEditor (195)
[2017.11.01-23.07.11:942][ 85]LogModuleManager: Shutting down and abandoning module Sequencer (194)
[2017.11.01-23.07.11:943][ 85]LogModuleManager: Shutting down and abandoning module MessageLog (191)
[2017.11.01-23.07.11:943][ 85]LogModuleManager: Shutting down and abandoning module SlateReflector (186)
[2017.11.01-23.07.11:944][ 85]LogModuleManager: Shutting down and abandoning module Slate (184)
[2017.11.01-23.07.11:944][ 85]LogModuleManager: Shutting down and abandoning module EditorStyle (182)
[2017.11.01-23.07.11:946][ 85]LogModuleManager: Shutting down and abandoning module MRMesh (180)
[2017.11.01-23.07.11:946][ 85]LogModuleManager: Shutting down and abandoning module SourceCodeAccess (178)
[2017.11.01-23.07.11:946][ 85]LogModuleManager: Shutting down and abandoning module HeadMountedDisplay (176)
[2017.11.01-23.07.11:946][ 85]LogModuleManager: Shutting down and abandoning module XAudio2 (174)
[2017.11.01-23.07.11:946][ 85]LogModuleManager: Shutting down and abandoning module Networking (172)
[2017.11.01-23.07.11:946][ 85]LogModuleManager: Shutting down and abandoning module Core (168)
[2017.11.01-23.07.11:946][ 85]LogModuleManager: Shutting down and abandoning module KismetCompiler (164)
[2017.11.01-23.07.11:946][ 85]LogModuleManager: Shutting down and abandoning module LevelSequence (162)
[2017.11.01-23.07.11:946][ 85]LogModuleManager: Shutting down and abandoning module MeshUtilities (160)
[2017.11.01-23.07.11:947][ 85]LogModuleManager: Shutting down and abandoning module MeshMergeUtilities (159)
[2017.11.01-23.07.11:947][ 85]LogModuleManager: Shutting down and abandoning module MeshReductionInterface (158)
[2017.11.01-23.07.11:947][ 85]LogModuleManager: Shutting down and abandoning module SimplygonSwarm (157)
[2017.11.01-23.07.11:948][ 85]LogModuleManager: Shutting down and abandoning module SimplygonMeshReduction (155)
[2017.11.01-23.07.11:948][ 85]LogModuleManager: Shutting down and abandoning module QuadricMeshReduction (153)
[2017.11.01-23.07.11:948][ 85]LogModuleManager: Shutting down and abandoning module MaterialBaking (149)
[2017.11.01-23.07.11:948][ 85]LogModuleManager: Shutting down and abandoning module DirectoryWatcher (146)
[2017.11.01-23.07.11:949][ 85]LogModuleManager: Shutting down and abandoning module DerivedDataCache (144)
[2017.11.01-23.07.12:040][ 85]LogDerivedDataCache: Shutdown
[2017.11.01-23.07.12:040][ 85]LogModuleManager: Shutting down and abandoning module TargetPlatform (142)
[2017.11.01-23.07.12:040][ 85]LogModuleManager: Shutting down and abandoning module VulkanShaderFormat (141)
[2017.11.01-23.07.12:040][ 85]LogModuleManager: Shutting down and abandoning module ShaderFormatVectorVM (139)
[2017.11.01-23.07.12:041][ 85]LogModuleManager: Shutting down and abandoning module ShaderFormatOpenGL (137)
[2017.11.01-23.07.12:041][ 85]LogModuleManager: Shutting down and abandoning module ShaderFormatD3D (135)
[2017.11.01-23.07.12:041][ 85]LogModuleManager: Shutting down and abandoning module MetalShaderFormat (133)
[2017.11.01-23.07.12:042][ 85]LogModuleManager: Shutting down and abandoning module TextureFormatUncompressed (131)
[2017.11.01-23.07.12:042][ 85]LogModuleManager: Shutting down and abandoning module TextureFormatPVR (129)
[2017.11.01-23.07.12:042][ 85]LogModuleManager: Shutting down and abandoning module TextureFormatDXT (127)
[2017.11.01-23.07.12:042][ 85]LogModuleManager: Shutting down and abandoning module TextureFormatIntelISPCTexComp (125)
[2017.11.01-23.07.12:042][ 85]LogModuleManager: Shutting down and abandoning module TextureFormatASTC (123)
[2017.11.01-23.07.12:042][ 85]LogModuleManager: Shutting down and abandoning module ImageWrapper (122)
[2017.11.01-23.07.12:042][ 85]LogModuleManager: Shutting down and abandoning module TextureFormatAndroid (119)
[2017.11.01-23.07.12:042][ 85]LogModuleManager: Shutting down and abandoning module AudioFormatOpus (117)
[2017.11.01-23.07.12:042][ 85]LogModuleManager: Shutting down and abandoning module AudioFormatOgg (115)
[2017.11.01-23.07.12:042][ 85]LogModuleManager: Shutting down and abandoning module AudioFormatADPCM (113)
[2017.11.01-23.07.12:042][ 85]LogModuleManager: Shutting down and abandoning module LinuxTargetPlatform (111)
[2017.11.01-23.07.12:042][ 85]LogModuleManager: Shutting down and abandoning module LinuxServerTargetPlatform (109)
[2017.11.01-23.07.12:042][ 85]LogModuleManager: Shutting down and abandoning module LinuxNoEditorTargetPlatform (107)
[2017.11.01-23.07.12:042][ 85]LogModuleManager: Shutting down and abandoning module LinuxClientTargetPlatform (105)
[2017.11.01-23.07.12:042][ 85]LogModuleManager: Shutting down and abandoning module TVOSTargetPlatform (103)
[2017.11.01-23.07.12:042][ 85]LogModuleManager: Shutting down and abandoning module Messaging (101)
[2017.11.01-23.07.12:042][ 85]LogModuleManager: Shutting down and abandoning module IOSTargetPlatform (99)
[2017.11.01-23.07.12:042][ 85]LogModuleManager: Shutting down and abandoning module HTML5TargetPlatform (97)
[2017.11.01-23.07.12:042][ 85]LogModuleManager: Shutting down and abandoning module Android_PVRTCTargetPlatform (95)
[2017.11.01-23.07.12:042][ 85]LogModuleManager: Shutting down and abandoning module Android_MultiTargetPlatform (93)
[2017.11.01-23.07.12:042][ 85]LogModuleManager: Shutting down and abandoning module Android_ETC2TargetPlatform (91)
[2017.11.01-23.07.12:042][ 85]LogModuleManager: Shutting down and abandoning module Android_ETC1TargetPlatform (89)
[2017.11.01-23.07.12:042][ 85]LogModuleManager: Shutting down and abandoning module Android_DXTTargetPlatform (87)
[2017.11.01-23.07.12:042][ 85]LogModuleManager: Shutting down and abandoning module Android_ATCTargetPlatform (85)
[2017.11.01-23.07.12:042][ 85]LogModuleManager: Shutting down and abandoning module Android_ASTCTargetPlatform (83)
[2017.11.01-23.07.12:042][ 85]LogModuleManager: Shutting down and abandoning module AndroidTargetPlatform (81)
[2017.11.01-23.07.12:042][ 85]LogModuleManager: Shutting down and abandoning module WindowsTargetPlatform (79)
[2017.11.01-23.07.12:042][ 85]LogModuleManager: Shutting down and abandoning module WindowsServerTargetPlatform (77)
[2017.11.01-23.07.12:043][ 85]LogModuleManager: Shutting down and abandoning module WindowsNoEditorTargetPlatform (75)
[2017.11.01-23.07.12:043][ 85]LogModuleManager: Shutting down and abandoning module WindowsClientTargetPlatform (73)
[2017.11.01-23.07.12:043][ 85]LogModuleManager: Shutting down and abandoning module MacTargetPlatform (71)
[2017.11.01-23.07.12:043][ 85]LogModuleManager: Shutting down and abandoning module MacServerTargetPlatform (69)
[2017.11.01-23.07.12:043][ 85]LogModuleManager: Shutting down and abandoning module MacNoEditorTargetPlatform (67)
[2017.11.01-23.07.12:043][ 85]LogModuleManager: Shutting down and abandoning module MacClientTargetPlatform (65)
[2017.11.01-23.07.12:043][ 85]LogModuleManager: Shutting down and abandoning module AllDesktopTargetPlatform (63)
[2017.11.01-23.07.12:043][ 85]LogModuleManager: Shutting down and abandoning module InputCore (60)
[2017.11.01-23.07.12:043][ 85]LogModuleManager: Shutting down and abandoning module Settings (58)
[2017.11.01-23.07.12:043][ 85]LogModuleManager: Shutting down and abandoning module PhysXCooking (56)
[2017.11.01-23.07.12:043][ 85]LogModuleManager: Shutting down and abandoning module SteamVR (54)
[2017.11.01-23.07.12:043][ 85]LogModuleManager: Shutting down and abandoning module OculusHMD (52)
[2017.11.01-23.07.12:043][ 85]LogModuleManager: Shutting down and abandoning module ExampleDeviceProfileSelector (50)
[2017.11.01-23.07.12:043][ 85]LogModuleManager: Shutting down and abandoning module OnlineBlueprintSupport (48)
[2017.11.01-23.07.12:043][ 85]LogModuleManager: Shutting down and abandoning module OnlineSubsystem (44)
[2017.11.01-23.07.12:043][ 85]LogOnline: Display: Unloading online subsystem: NULL
[2017.11.01-23.07.12:044][ 85]LogModuleManager: Shutting down and abandoning module XMPP (43)
[2017.11.01-23.07.12:044][ 85]LogModuleManager: Shutting down and abandoning module HTTP (41)
[2017.11.01-23.07.12:044][ 85]LogHttp: Display: Http module shutting down, but needs to wait on 1 outstanding Http requests:
[2017.11.01-23.07.12:045][ 85]LogHttp: Display: 	verb=[POST] url=[https://datarouter.ol.epicgames.com/datarouter/api/v1/public/data?SessionID=%7B4F2ACB61-43DB-B7CF-461B-7D9B4CB71D35%7D&AppID=UEEditor.Rocket.Release&AppVersion=4.17.1-3586342%2B%2B%2BUE4%2BRelease-4.17&UserID=5160131d4fbbf6d62e4719b8716de666%7C3ef35b30eb8d444d8e26d7fb1794d4bf%7Cb9c6b803-d102-46e7-b321-ae8f3428388b&AppEnvironment=datacollector-binary&UploadType=eteventstream] status=Processing
[2017.11.01-23.07.12:054][ 85]LogModuleManager: Shutting down and abandoning module SSL (40)
[2017.11.01-23.07.12:056][ 85]LogModuleManager: Shutting down and abandoning module AnimationModifiers (36)
[2017.11.01-23.07.12:056][ 85]LogModuleManager: Shutting down and abandoning module PropertyEditor (35)
[2017.11.01-23.07.12:056][ 85]LogModuleManager: Shutting down and abandoning module AudioEditor (32)
[2017.11.01-23.07.12:057][ 85]LogModuleManager: Shutting down and abandoning module TextureCompressor (30)
[2017.11.01-23.07.12:057][ 85]LogModuleManager: Shutting down and abandoning module ShaderCore (28)
[2017.11.01-23.07.12:057][ 85]LogModuleManager: Shutting down and abandoning module Landscape (26)
[2017.11.01-23.07.12:057][ 85]LogModuleManager: Shutting down and abandoning module SlateRHIRenderer (24)
[2017.11.01-23.07.12:059][ 85]LogModuleManager: Shutting down and abandoning module OpenGLDrv (22)
[2017.11.01-23.07.12:059][ 85]LogModuleManager: Shutting down and abandoning module D3D11RHI (20)
[2017.11.01-23.07.12:059][ 85]LogModuleManager: Shutting down and abandoning module AnimGraphRuntime (18)
[2017.11.01-23.07.12:059][ 85]LogModuleManager: Shutting down and abandoning module Renderer (16)
[2017.11.01-23.07.12:059][ 85]LogModuleManager: Shutting down and abandoning module Engine (14)
[2017.11.01-23.07.12:059][ 85]LogModuleManager: Shutting down and abandoning module CoreUObject (12)
[2017.11.01-23.07.12:059][ 85]LogModuleManager: Shutting down and abandoning module NetworkFile (10)
[2017.11.01-23.07.12:059][ 85]LogModuleManager: Shutting down and abandoning module CookedIterativeFile (8)
[2017.11.01-23.07.12:059][ 85]LogModuleManager: Shutting down and abandoning module StreamingFile (6)
[2017.11.01-23.07.12:059][ 85]LogModuleManager: Shutting down and abandoning module SandboxFile (4)
[2017.11.01-23.07.12:060][ 85]LogModuleManager: Shutting down and abandoning module PakFile (2)
[2017.11.01-23.07.12:063][ 85]LogExit: Exiting.
[2017.11.01-23.07.12:090][ 85]Log file closed, 11/01/17 17:07:12
