Log file open, 06/15/17 19:49:34
LogInit:Display: Running engine for game: InsertNameAdventure
LogPlatformFile: Not using cached read wrapper
LogInit:Display: RandInit(-138817360) SRandInit(-138817346).
LogTaskGraph: Started task graph with 5 named threads and 10 total threads with 1 sets of task threads.
LogStats: Stats thread started at 0.133398
LogInit: Using libcurl 7.47.1
LogInit:  - built for x86_64-pc-win32
LogInit:  - supports SSL with OpenSSL/1.0.2g
LogInit:  - supports HTTP deflate (compression) using libz 1.2.8
LogInit:  - other features:
LogInit:      CURL_VERSION_SSL
LogInit:      CURL_VERSION_LIBZ
LogInit:      CURL_VERSION_IPV6
LogInit:      CURL_VERSION_ASYNCHDNS
LogInit:      CURL_VERSION_LARGEFILE
LogInit:      CURL_VERSION_IDN
LogInit:  CurlRequestOptions (configurable via config and command line):
LogInit:  - bVerifyPeer = false  - Libcurl will NOT verify peer certificate
LogInit:  - bUseHttpProxy = false  - Libcurl will NOT use HTTP proxy
LogInit:  - bDontReuseConnections = false  - Libcurl will reuse connections
LogInit:  - CertBundlePath = nullptr  - Libcurl will use whatever was configured at build time.
LogInit: Build: ++UE4+Release-4.16-CL-3466753
LogInit: Engine Version: 4.16.1-3466753+++UE4+Release-4.16
LogInit: Compatible Engine Version: 4.16.0-3452394+++UE4+Release-4.16
LogInit: Net CL: 3452394
LogDevObjectVersion: Number of dev versions registered: 16
LogDevObjectVersion:   Dev-Blueprints (B0D832E4-1F89-4F0D-ACCF-7EB736FD4AA2): 9
LogDevObjectVersion:   Dev-Build (E1C64328-A22C-4D53-A36C-8E866417BD8C): 0
LogDevObjectVersion:   Dev-Core (375EC13C-06E4-48FB-B500-84F0262A717E): 2
LogDevObjectVersion:   Dev-Editor (E4B068ED-F494-42E9-A231-DA0B2E46BB41): 17
LogDevObjectVersion:   Dev-Framework (CFFC743F-43B0-4480-9391-14DF171D2073): 23
LogDevObjectVersion:   Dev-Mobile (B02B49B5-BB20-44E9-A304-32B752E40360): 0
LogDevObjectVersion:   Dev-Networking (A4E4105C-59A1-49B5-A7C5-40C4547EDFEE): 0
LogDevObjectVersion:   Dev-Online (39C831C9-5AE6-47DC-9A44-9C173E1C8E7C): 0
LogDevObjectVersion:   Dev-Physics (78F01B33-EBEA-4F98-B9B4-84EACCB95AA2): 0
LogDevObjectVersion:   Dev-Platform (6631380F-2D4D-43E0-8009-CF276956A95A): 0
LogDevObjectVersion:   Dev-Rendering (12F88B9F-8875-4AFC-A67C-D90C383ABD29): 15
LogDevObjectVersion:   Dev-Sequencer (7B5AE74C-D270-4C10-A958-57980B212A5A): 4
LogDevObjectVersion:   Dev-VR (D7296918-1DD6-4BDD-9DE2-64A83CC13884): 0
LogDevObjectVersion:   Dev-LoadTimes (C2A15278-BFE7-4AFE-6C17-90FF531DF755): 1
LogDevObjectVersion:   Private-Geometry (6EACA3D4-40EC-4CC1-B786-8BED09428FC5): 1
LogDevObjectVersion:   Dev-AnimPhys (29E575DD-E0A3-4627-9D10-D276232CDCEA): 3
LogInit: Compiled (64-bit): May 31 2017 02:03:30
LogInit: Compiled with Visual C++: 19.00.24215.01
LogInit: Build Configuration: Development
LogInit: Branch Name: ++UE4+Release-4.16
LogInit: Command line: -EpicPortal 
LogInit: Base directory: C:/Program Files/Epic Games/UE_4.16/Engine/Binaries/Win64/
LogInit: Installed Engine Build: 1
LogInit: Presizing for max 8388607 objects, including 0 objects not considered by GC, pre-allocating 0 bytes for permanent pool.
LogInit: Object subsystem initialized
[2017.06.16-01.49.35:114][  0]LogInit: Selected Device Profile: [Windows]
[2017.06.16-01.49.35:114][  0]LogInit: Applying CVar settings loaded from the selected device profile: [Windows]
[2017.06.16-01.49.35:129][  0]LogInit: Computer: DESKTOP-JFLI5MG
[2017.06.16-01.49.35:129][  0]LogInit: User: Family
[2017.06.16-01.49.35:129][  0]LogInit: CPU Page size=4096, Cores=6
[2017.06.16-01.49.35:129][  0]LogInit: High frequency timer resolution =14.318180 MHz
[2017.06.16-01.49.35:129][  0]LogMemory: Memory total: Physical=16.0GB (16GB approx)
[2017.06.16-01.49.35:129][  0]LogMemory: Platform Memory Stats for Windows
[2017.06.16-01.49.35:129][  0]LogMemory: Process Physical Memory: 274.38 MB used, 274.38 MB peak
[2017.06.16-01.49.35:129][  0]LogMemory: Process Virtual Memory: 261.12 MB used, 261.12 MB peak
[2017.06.16-01.49.35:129][  0]LogMemory: Physical Memory: 4786.10 MB used,  11597.07 MB free, 16383.17 MB total
[2017.06.16-01.49.35:129][  0]LogMemory: Virtual Memory: 639.17 MB used,  11597.07 MB free, 134217728.00 MB total
[2017.06.16-01.49.35:229][  0]LogInit: Using OS detected language (en-US).
[2017.06.16-01.49.35:229][  0]LogInit: Using OS detected locale (en-US).
[2017.06.16-01.49.35:234][  0]LogTextLocalizationManager: No specific localization for 'en-US' exists, so the 'en' localization will be used.
[2017.06.16-01.49.36:463][  0]LogD3D11RHI: D3D11 adapters:
[2017.06.16-01.49.37:753][  0]LogD3D11RHI:    0. 'NVIDIA GeForce GTX 960' (Feature Level 11_0)
[2017.06.16-01.49.37:753][  0]LogD3D11RHI:       2016/0/8191 MB DedicatedVideo/DedicatedSystem/SharedSystem, Outputs:1, VendorId:0x10de
[2017.06.16-01.49.37:764][  0]LogD3D11RHI:    1. 'AMD Radeon HD 5450' (Feature Level 11_0)
[2017.06.16-01.49.37:764][  0]LogD3D11RHI:       498/0/3840 MB DedicatedVideo/DedicatedSystem/SharedSystem, Outputs:0, VendorId:0x1002
[2017.06.16-01.49.37:765][  0]LogD3D11RHI:    2. 'Microsoft Basic Render Driver' (Feature Level 11_0)
[2017.06.16-01.49.37:765][  0]LogD3D11RHI:       0/0/8191 MB DedicatedVideo/DedicatedSystem/SharedSystem, Outputs:0, VendorId:0x1414
[2017.06.16-01.49.37:765][  0]LogD3D11RHI: Chosen D3D11 Adapter: 0
[2017.06.16-01.49.37:773][  0]LogD3D11RHI: Creating new Direct3DDevice
[2017.06.16-01.49.37:773][  0]LogD3D11RHI:     GPU DeviceId: 0x1401 (for the marketing name, search the web for "GPU Device Id")
[2017.06.16-01.49.37:773][  0]LogWindows: EnumDisplayDevices:
[2017.06.16-01.49.37:773][  0]LogWindows:    0. 'NVIDIA GeForce GTX 960' (P:1 D:1)
[2017.06.16-01.49.37:773][  0]LogWindows:    1. 'NVIDIA GeForce GTX 960' (P:0 D:0)
[2017.06.16-01.49.37:773][  0]LogWindows:    2. 'NVIDIA GeForce GTX 960' (P:0 D:0)
[2017.06.16-01.49.37:773][  0]LogWindows:    3. 'NVIDIA GeForce GTX 960' (P:0 D:0)
[2017.06.16-01.49.37:774][  0]LogWindows:    4. 'AMD Radeon HD 5450' (P:0 D:0)
[2017.06.16-01.49.37:774][  0]LogWindows:    5. 'AMD Radeon HD 5450' (P:0 D:0)
[2017.06.16-01.49.37:774][  0]LogWindows: DebugString: PrimaryIsNotTheChoosenAdapter PrimaryIsNotTheChoosenAdapter FoundDriverCount:4 
[2017.06.16-01.49.37:774][  0]LogD3D11RHI:     Adapter Name: NVIDIA GeForce GTX 960
[2017.06.16-01.49.37:774][  0]LogD3D11RHI:   Driver Version: 382.33 (internal:22.21.13.8233, unified:382.33)
[2017.06.16-01.49.37:774][  0]LogD3D11RHI:      Driver Date: 5-17-2017
[2017.06.16-01.49.37:774][  0]LogRHI: Texture pool is 1361 MB (70% of 1945 MB)
[2017.06.16-01.49.39:195][  0]LogD3D11RHI: Async texture creation enabled
[2017.06.16-01.49.39:232][  0]LogD3D11RHI: GPU Timing Frequency: 1000.000000 (Debug: 2 1)
[2017.06.16-01.49.39:235][  0]LogShaderCompilers: Guid format shader working directory is -25 characters bigger than the processId version (../../../../../../Users/Family/Documents/GitHub/DatBoiEntertainmetnGame_/Intermediate/Shaders/WorkingDirectory/6236/).
[2017.06.16-01.49.39:235][  0]LogShaderCompilers: Cleaned the shader compiler working directory 'C:/Users/Family/AppData/Local/Temp/UnrealShaderWorkingDir/2070BF9A43F2882ACC51FDA6E9C90148/'.
[2017.06.16-01.49.39:235][  0]LogShaderCompilers:Display: Using Local Shader Compiler.
[2017.06.16-01.49.41:239][  0]LogTemp:Display: Loaded TP AllDesktopTargetPlatform
[2017.06.16-01.49.41:318][  0]LogTemp:Display: Loaded TP MacClientTargetPlatform
[2017.06.16-01.49.41:396][  0]LogTemp:Display: Loaded TP MacNoEditorTargetPlatform
[2017.06.16-01.49.41:475][  0]LogTemp:Display: Loaded TP MacServerTargetPlatform
[2017.06.16-01.49.41:552][  0]LogTemp:Display: Loaded TP MacTargetPlatform
[2017.06.16-01.49.41:629][  0]LogTemp:Display: Loaded TP WindowsClientTargetPlatform
[2017.06.16-01.49.41:706][  0]LogTemp:Display: Loaded TP WindowsNoEditorTargetPlatform
[2017.06.16-01.49.41:782][  0]LogTemp:Display: Loaded TP WindowsServerTargetPlatform
[2017.06.16-01.49.41:846][  0]LogTemp:Display: Loaded TP WindowsTargetPlatform
[2017.06.16-01.49.41:919][  0]LogTemp:Display: Loaded TP AndroidTargetPlatform
[2017.06.16-01.49.41:992][  0]LogTemp:Display: Loaded TP Android_ASTCTargetPlatform
[2017.06.16-01.49.42:063][  0]LogTemp:Display: Loaded TP Android_ATCTargetPlatform
[2017.06.16-01.49.42:134][  0]LogTemp:Display: Loaded TP Android_DXTTargetPlatform
[2017.06.16-01.49.42:205][  0]LogTemp:Display: Loaded TP Android_ETC1TargetPlatform
[2017.06.16-01.49.42:276][  0]LogTemp:Display: Loaded TP Android_ETC2TargetPlatform
[2017.06.16-01.49.42:420][  0]LogTemp:Display: Loaded TP Android_MultiTargetPlatform
[2017.06.16-01.49.42:420][  0]LogTemp:Display: Loaded TP Android_PVRTCTargetPlatform
[2017.06.16-01.49.42:477][  0]LogTemp:Display: Loaded TP HTML5TargetPlatform
[2017.06.16-01.49.42:604][  0]LogTemp:Display: Loaded TP IOSTargetPlatform
[2017.06.16-01.49.42:649][  0]LogTemp:Display: Loaded TP TVOSTargetPlatform
[2017.06.16-01.49.42:720][  0]LogTemp:Display: Loaded TP LinuxClientTargetPlatform
[2017.06.16-01.49.42:791][  0]LogTemp:Display: Loaded TP LinuxNoEditorTargetPlatform
[2017.06.16-01.49.42:861][  0]LogTemp:Display: Loaded TP LinuxServerTargetPlatform
[2017.06.16-01.49.42:933][  0]LogTemp:Display: Loaded TP LinuxTargetPlatform
[2017.06.16-01.49.42:933][  0]LogTargetPlatformManager:Display: Building Assets For Windows
[2017.06.16-01.49.43:679][  0]LogDerivedDataCache:Display: Max Cache Size: 512 MB
[2017.06.16-01.49.43:862][  0]LogDerivedDataCache: Loaded boot cache 0.18s 90MB C:/Users/Family/AppData/Local/UnrealEngine/4.16/DerivedDataCache/Boot.ddc.
[2017.06.16-01.49.43:862][  0]LogDerivedDataCache:Display: Loaded Boot cache: C:/Users/Family/AppData/Local/UnrealEngine/4.16/DerivedDataCache/Boot.ddc
[2017.06.16-01.49.43:862][  0]LogDerivedDataCache: FDerivedDataBackendGraph:  Pak pak cache file ../../../../../../Users/Family/Documents/GitHub/DatBoiEntertainmetnGame_/DerivedDataCache/DDC.ddp not found, will not use a pak cache.
[2017.06.16-01.49.43:862][  0]LogDerivedDataCache: Unable to find inner node Pak for hierarchical cache Hierarchy.
[2017.06.16-01.49.43:862][  0]LogDerivedDataCache: FDerivedDataBackendGraph:  CompressedPak pak cache file ../../../../../../Users/Family/Documents/GitHub/DatBoiEntertainmetnGame_/DerivedDataCache/Compressed.ddp not found, will not use a pak cache.
[2017.06.16-01.49.43:862][  0]LogDerivedDataCache: Unable to find inner node CompressedPak for hierarchical cache Hierarchy.
[2017.06.16-01.49.43:886][  0]LogDerivedDataCache:Display: Pak cache opened for reading ../../../Engine/DerivedDataCache/Compressed.ddp.
[2017.06.16-01.49.43:899][  0]LogDerivedDataCache: Using Local data cache path C:/Users/Family/AppData/Local/UnrealEngine/Common/DerivedDataCache: Writable
[2017.06.16-01.49.43:915][  0]LogMaterial: Verifying Global Shaders for PCD3D_SM5
[2017.06.16-01.49.43:915][  0]LogSlate: Using Freetype 2.6.0
[2017.06.16-01.49.43:916][  0]LogSlate: SlateFontCache - WITH_FREETYPE: 1, WITH_HARFBUZZ: 1
[2017.06.16-01.49.43:916][  0]LogSlate: SlateFontCache - WITH_FREETYPE: 1, WITH_HARFBUZZ: 1
[2017.06.16-01.49.44:370][  0]LogInit: Selected Device Profile: [Windows]
[2017.06.16-01.49.44:494][  0]LogContentStreaming: Texture pool size is 0.00 MB
[2017.06.16-01.49.44:722][  0]LogMeshUtilities: Using QuadricMeshReduction for automatic static mesh reduction
[2017.06.16-01.49.44:790][  0]LogSimplygon: Simplygon DLL not present - disabling.
[2017.06.16-01.49.44:864][  0]LogMeshUtilities: Using SimplygonSwarm for distributed automatic mesh merging
[2017.06.16-01.49.44:864][  0]LogMeshUtilities: No automatic skeletal mesh reduction module available
[2017.06.16-01.49.44:864][  0]LogMeshUtilities: No automatic mesh merging module available
[2017.06.16-01.49.45:681][  0]LogNetVersion: InsertNameAdventure , NetCL: 3452394, EngineNetVer: 2, GameNetVer: 0 (Checksum: 1278457987)
[2017.06.16-01.49.45:766][  0]LogAssetRegistry: FAssetRegistry took 0.0277 seconds to start up
[2017.06.16-01.49.45:852][  0]LogPackageLocalizationCache: Processed 4 localized package path(s) for 2 prioritized culture(s) in 0.046988 seconds
[2017.06.16-01.49.45:861][  0]LogUObjectArray: 34194 objects as part of root set at end of initial load.
[2017.06.16-01.49.45:861][  0]LogUObjectAllocator: 7260416 out of 0 bytes used by permanent object pool.
[2017.06.16-01.49.45:861][  0]LogUObjectArray: CloseDisregardForGC: 0/0 objects in disregard for GC pool
[2017.06.16-01.49.45:970][  0]LogInit: WinSock: version 1.1 (2.2), MaxSocks=32767, MaxUdp=65467
[2017.06.16-01.49.49:631][  0]LogTcpMessaging: Initializing TcpMessaging bridge
[2017.06.16-01.49.49:689][  0]LogUdpMessaging: Initializing bridge on interface 0.0.0.0:0 to multicast group 230.0.0.1:6666.
[2017.06.16-01.49.50:425][  0]LogMaterial: Uniform references updated for custom material expression Custom.
[2017.06.16-01.49.50:996][  0]SourceControl: Info Source control is disabled
[2017.06.16-01.49.52:726][  0]LogAndroidPermission: UAndroidPermissionCallbackProxy::GetInstance
[2017.06.16-01.49.53:595][  0]LogEngine: Initializing Engine...
[2017.06.16-01.49.53:595][  0]LogHMD: Failed to initialize OpenVR with code 110
[2017.06.16-01.49.53:893][  0]LogStats: UGameplayTagsManager::ConstructGameplayTagTree: Construct from data asset -  0.000 s
[2017.06.16-01.49.53:893][  0]LogStats: UGameplayTagsManager::ConstructGameplayTagTree: GameplayTagTreeChangedEvent.Broadcast -  0.000 s
[2017.06.16-01.49.54:090][  0]LogAIModule: Creating AISystem for world Untitled
[2017.06.16-01.49.54:106][  0]LogInit: XAudio2 using 'Speakers (Skullcandy GMX Dolby Transmitter)' : 2 channels at 48 kHz using 16 bits per sample (channel mask 0x3)
[2017.06.16-01.49.54:130][  0]LogInit: FAudioDevice initialized.
[2017.06.16-01.49.54:214][  0]LogDerivedDataCache: Saved boot cache 0.08s 90MB C:/Users/Family/AppData/Local/UnrealEngine/4.16/DerivedDataCache/Boot.ddc.
[2017.06.16-01.49.54:253][  0]LogInit: Texture streaming: Enabled
[2017.06.16-01.49.54:402][  0]LogEngineSessionManager: EngineSessionManager initialized
[2017.06.16-01.49.54:715][  0]LogInit: Transaction tracking system initialized
[2017.06.16-01.49.55:170][  0]BlueprintLog: New page: Editor Load
[2017.06.16-01.49.56:551][  0]LocalizationService: Info Localization service is disabled
[2017.06.16-01.49.57:557][  0]LogConsoleResponse:Display: 
[2017.06.16-01.49.57:769][  0]LogCook:Display: Max memory allowance for cook 16384mb min free memory 0mb
[2017.06.16-01.49.57:769][  0]LogCook:Display: Mobile HDR setting 1
[2017.06.16-01.49.58:580][  0]LogFileCache: Scanning file cache for directory 'C:/Users/Family/Documents/GitHub/DatBoiEntertainmetnGame_/Content/' took 0.02s
[2017.06.16-01.49.59:609][  0]LogWindowsTextInputMethodSystem:Display: IME system now deactivated.
[2017.06.16-01.49.59:614][  0]LogSlate: Took 0.000377 seconds to synchronously load lazily loaded font '../../../Engine/Content/Slate/Fonts/Roboto-Regular.ttf' (155K)
[2017.06.16-01.50.41:222][  0]LogWindowsTextInputMethodSystem:Display: IME system now deactivated.
[2017.06.16-01.50.41:224][  0]LogWindowsTextInputMethodSystem:Display: IME system now deactivated.
[2017.06.16-01.50.41:230][  0]Cmd: MAP LOAD FILE="../../../../../../Users/Family/Documents/GitHub/DatBoiEntertainmetnGame_/Content/2DSideScrollerBP/Maps/2DSideScrollerExampleMap.umap" TEMPLATE=0 SHOWPROGRESS=1 FEATURELEVEL=3
[2017.06.16-01.50.41:269][  0]LogStats:Warning: MetaData mismatch. Did you assign a stat to two groups? New //STATGROUP_Threads//SplashScreenThread///Thread_1e3c_0///####STATCAT_Advanced#### old //STATGROUP_Threads//SplashScreenThread///Thread_2224_0///####STATCAT_Advanced####
[2017.06.16-01.50.42:456][  0]LogWindowsTextInputMethodSystem:Display: IME system now deactivated.
[2017.06.16-01.50.42:459][  0]LogWindowsTextInputMethodSystem:Display: IME system now deactivated.
[2017.06.16-01.50.42:460][  0]LightingResults: New page: Lighting Build
[2017.06.16-01.50.42:520][  0]MapCheck: New page: Map Check
[2017.06.16-01.50.42:520][  0]LightingResults: New page: Lighting Build
[2017.06.16-01.50.42:534][  0]LogAIModule: Creating AISystem for world Untitled
[2017.06.16-01.50.42:538][  0]LoadErrors: New page: New Map
[2017.06.16-01.50.42:672][  0]LogCollectionManager: Loaded 0 collections in 0.002643 seconds
[2017.06.16-01.50.42:773][  0]LogFileCache: Scanning file cache for directory 'C:/Users/Family/Documents/GitHub/DatBoiEntertainmetnGame_/Saved/Collections/' took 0.01s
[2017.06.16-01.50.42:773][  0]LogFileCache: Scanning file cache for directory 'C:/Users/Family/Documents/GitHub/DatBoiEntertainmetnGame_/Content/Developers/Family/Collections/' took 0.01s
[2017.06.16-01.50.42:773][  0]LogFileCache: Scanning file cache for directory 'C:/Users/Family/Documents/GitHub/DatBoiEntertainmetnGame_/Content/Collections/' took 0.01s
[2017.06.16-01.50.42:773][  0]LogCollectionManager: Rebuilt the GUID cache for 0 collections in 0.000003 seconds
[2017.06.16-01.50.42:787][  0]LogContentBrowser: Native class hierarchy populated in 0.0137 seconds. Added 2329 classes and 491 folders.
[2017.06.16-01.50.42:889][  0]LogContentBrowser: Native class hierarchy updated for 'WidgetCarousel' in 0.0008 seconds. Added 0 classes and 0 folders.
[2017.06.16-01.50.42:949][  0]LogContentBrowser: Native class hierarchy updated for 'AddContentDialog' in 0.0008 seconds. Added 0 classes and 0 folders.
[2017.06.16-01.50.43:016][  0]LogContentBrowser: Native class hierarchy updated for 'SceneOutliner' in 0.0008 seconds. Added 1 classes and 2 folders.
[2017.06.16-01.50.43:076][  0]LogCrashTracker: Crashtracker disabled due to settings.
[2017.06.16-01.50.43:084][  0]LogSlate: Took 0.000497 seconds to synchronously load lazily loaded font '../../../Engine/Content/Slate/Fonts/Roboto-Bold.ttf' (160K)
[2017.06.16-01.50.43:092][  0]LogSlate: Took 0.000311 seconds to synchronously load lazily loaded font '../../../Engine/Content/Editor/Slate/Fonts/FontAwesome.ttf' (139K)
[2017.06.16-01.50.43:277][  0]LogRenderer: Reallocating scene render targets to support 1616x600 NumSamples 1 (Frame:1).
[2017.06.16-01.50.43:449][  0]LogUObjectGlobals:Warning: Failed to find object 'Class None.'
[2017.06.16-01.50.43:539][  0]LogContentBrowser: Native class hierarchy updated for 'HierarchicalLODOutliner' in 0.0009 seconds. Added 1 classes and 2 folders.
[2017.06.16-01.50.43:539][  0]LogLoad: (Engine Initialization) Total time: 70.78 seconds
[2017.06.16-01.50.43:539][  0]LogLoad: (Engine Initialization) Total Blueprint compile time: 0.06 seconds
[2017.06.16-01.50.43:539][  0]LogExternalProfiler: No external profilers were discovered.  External profiling features will not be available.
[2017.06.16-01.50.43:549][  0]LogOcInput: OculusInput pre-init called
[2017.06.16-01.50.43:549][  0]LogHMD: Starting GearVRController plugin
[2017.06.16-01.50.43:566][  0]SourceControl: Info On branch V1.5.1
[2017.06.16-01.50.43:566][  0]SourceControl: Info Your branch is up-to-date with 'origin/V1.5.1'.
[2017.06.16-01.50.43:566][  0]SourceControl: Info Changes not staged for commit:
[2017.06.16-01.50.43:566][  0]SourceControl: Info   (use "git add/rm <file>..." to update what will be committed)
[2017.06.16-01.50.43:566][  0]SourceControl: Info   (use "git checkout -- <file>..." to discard changes in working directory)
[2017.06.16-01.50.43:566][  0]SourceControl: Info 	modified:   Intermediate/CachedAssetRegistry.bin
[2017.06.16-01.50.43:566][  0]SourceControl: Info 	modified:   Saved/Autosaves/PackageRestoreData.json
[2017.06.16-01.50.43:566][  0]SourceControl: Info 	modified:   Saved/Config/Windows/Editor.ini
[2017.06.16-01.50.43:566][  0]SourceControl: Info 	modified:   Saved/Config/Windows/EditorPerProjectUserSettings.ini
[2017.06.16-01.50.43:566][  0]SourceControl: Info 	deleted:    Saved/Logs/InsertNameAdventure-backup-2017.06.13-09.09.19.log
[2017.06.16-01.50.43:566][  0]SourceControl: Info 	deleted:    Saved/Logs/InsertNameAdventure-backup-2017.06.14-13.36.36.log
[2017.06.16-01.50.43:566][  0]SourceControl: Info 	modified:   Saved/Logs/InsertNameAdventure.log
[2017.06.16-01.50.43:566][  0]SourceControl: Info Untracked files:
[2017.06.16-01.50.43:566][  0]SourceControl: Info   (use "git add <file>..." to include in what will be committed)
[2017.06.16-01.50.43:566][  0]SourceControl: Info 	Saved/Config/CrashReportClient/UE4CC-Windows-CBC154BD48419A36FB1F62B6EA4DEBC1/
[2017.06.16-01.50.43:566][  0]SourceControl: Info 	Saved/Logs/InsertNameAdventure-backup-2017.06.15-19.49.34.log
[2017.06.16-01.50.43:566][  0]SourceControl: Info no changes added to commit (use "git add" and/or "git commit -a")
[2017.06.16-01.50.43:566][  0]LogContentStreaming: Texture pool size now 1000 MB
[2017.06.16-01.50.43:614][  1]LogAssetRegistry: Asset discovery search completed in 57.8691 seconds
[2017.06.16-01.50.43:617][  1]LogCollectionManager: Rebuilt the object cache for 0 collections in 0.000002 seconds (found 0 objects)
[2017.06.16-01.50.43:617][  1]LogCollectionManager: Fixed up redirectors for 0 collections in 0.000041 seconds (updated 0 objects)
[2017.06.16-01.50.44:588][104]LogSlate: Took 0.000356 seconds to synchronously load lazily loaded font '../../../Engine/Content/Slate/Fonts/Roboto-Light.ttf' (159K)
[2017.06.16-01.50.47:307][419]LogSlate: Took 0.000332 seconds to synchronously load lazily loaded font '../../../Engine/Content/Slate/Fonts/Roboto-Light.ttf' (159K)
[2017.06.16-01.50.58:026][662]LogMaterial: Missing cached shader map for material 2D_Test, compiling. 
[2017.06.16-01.50.58:135][662]LogSlate: Took 0.000264 seconds to synchronously load lazily loaded font '../../../Engine/Content/Slate/Fonts/Roboto-Light.ttf' (159K)
[2017.06.16-01.50.58:694][662]LogSlate: Took 0.000255 seconds to synchronously load lazily loaded font '../../../Engine/Content/Slate/Fonts/Roboto-Regular.ttf' (155K)
[2017.06.16-01.50.58:881][662]LogContentBrowser: Native class hierarchy updated for 'BlueprintGraph' in 0.0015 seconds. Added 112 classes and 0 folders.
[2017.06.16-01.50.59:940][662]LogChildActorComponent:Error: Found cycle in child actor component '/Engine/Transient.World_1:PersistentLevel.platform_GEN_VARIABLE_platform_C_CAT_0.platform'.  Not spawning Actor of class 'bp_platform_C' to break.
[2017.06.16-01.50.59:943][662]LogChildActorComponent:Error: Found cycle in child actor component '/Engine/Transient.World_0:PersistentLevel.platform_GEN_VARIABLE_platform_C_CAT_1.platform'.  Not spawning Actor of class 'bp_platform_C' to break.
[2017.06.16-01.50.59:953][662]LogSlate: Took 0.000495 seconds to synchronously load lazily loaded font '../../../Engine/Content/Editor/Slate/Fonts/Roboto-BoldCondensed.ttf' (158K)
[2017.06.16-01.51.00:053][663]LogChildActorComponent:Error: Found cycle in child actor component '/Engine/Transient.World_2:PersistentLevel.bp_platform_C_2.platform'.  Not spawning Actor of class 'bp_platform_C' to break.
[2017.06.16-01.51.00:063][663]LogSlate: Took 0.000466 seconds to synchronously load lazily loaded font '../../../Engine/Content/Editor/Slate/Fonts/Roboto-Italic.ttf' (157K)
[2017.06.16-01.54.08:764][561]SourceControl: Info rm 'Content/AI/NewBlackboardData.uasset'
[2017.06.16-01.54.17:163][962]SourceControl: Info rm 'Content/AI/BP_AIcharactercontoller.uasset'
[2017.06.16-01.54.24:249][240]SourceControl: Info rm 'Content/AI/BP_AIcharacterclass.uasset'
[2017.06.16-01.54.26:690][360]SourceControl: Info rm 'Content/AI/BP_Aicontroller.uasset'
[2017.06.16-01.54.29:152][438]SourceControl: Info rm 'Content/AI/AIBT.uasset'
[2017.06.16-01.56.13:476][962]SourceControl: Info On branch V1.5.1
[2017.06.16-01.56.13:476][962]SourceControl: Info Your branch is behind 'origin/V1.5.1' by 4 commits, and can be fast-forwarded.
[2017.06.16-01.56.13:476][962]SourceControl: Info   (use "git pull" to update your local branch)
[2017.06.16-01.56.13:476][962]SourceControl: Info Changes to be committed:
[2017.06.16-01.56.13:476][962]SourceControl: Info   (use "git reset HEAD <file>..." to unstage)
[2017.06.16-01.56.13:476][962]SourceControl: Info 	deleted:    Content/AI/AIBT.uasset
[2017.06.16-01.56.13:476][962]SourceControl: Info 	deleted:    Content/AI/BP_AIcharacterclass.uasset
[2017.06.16-01.56.13:476][962]SourceControl: Info 	deleted:    Content/AI/BP_AIcharactercontoller.uasset
[2017.06.16-01.56.13:476][962]SourceControl: Info 	deleted:    Content/AI/BP_Aicontroller.uasset
[2017.06.16-01.56.13:476][962]SourceControl: Info 	deleted:    Content/AI/NewBlackboardData.uasset
[2017.06.16-01.56.13:476][962]SourceControl: Info Changes not staged for commit:
[2017.06.16-01.56.13:476][962]SourceControl: Info   (use "git add/rm <file>..." to update what will be committed)
[2017.06.16-01.56.13:476][962]SourceControl: Info   (use "git checkout -- <file>..." to discard changes in working directory)
[2017.06.16-01.56.13:476][962]SourceControl: Info 	modified:   Intermediate/CachedAssetRegistry.bin
[2017.06.16-01.56.13:476][962]SourceControl: Info 	modified:   Saved/Autosaves/PackageRestoreData.json
[2017.06.16-01.56.13:476][962]SourceControl: Info 	modified:   Saved/Config/Windows/Editor.ini
[2017.06.16-01.56.13:476][962]SourceControl: Info 	modified:   Saved/Config/Windows/EditorPerProjectUserSettings.ini
[2017.06.16-01.56.13:476][962]SourceControl: Info 	deleted:    Saved/Logs/InsertNameAdventure-backup-2017.06.13-09.09.19.log
[2017.06.16-01.56.13:477][962]SourceControl: Info 	deleted:    Saved/Logs/InsertNameAdventure-backup-2017.06.14-13.36.36.log
[2017.06.16-01.56.13:477][962]SourceControl: Info 	modified:   Saved/Logs/InsertNameAdventure.log
[2017.06.16-01.56.13:477][962]SourceControl: Info Untracked files:
[2017.06.16-01.56.13:477][962]SourceControl: Info   (use "git add <file>..." to include in what will be committed)
[2017.06.16-01.56.13:477][962]SourceControl: Info 	Saved/Config/CrashReportClient/UE4CC-Windows-CBC154BD48419A36FB1F62B6EA4DEBC1/
[2017.06.16-01.56.13:477][962]SourceControl: Info 	Saved/Logs/InsertNameAdventure-backup-2017.06.15-19.49.34.log
[2017.06.16-01.56.13:813][962]LogMetaData: Removing '/Game/AI/BP_AICharactercontroller.BP_AICharactercontroller:UserConstructionScript.K2Node_FunctionEntry_0' ref from Metadata '/Game/AI/NewBlueprint.PackageMetaData'
[2017.06.16-01.56.13:813][962]LogMetaData: Removing '/Game/AI/BP_AICharactercontroller.SKEL_BP_AICharactercontroller_C' ref from Metadata '/Game/AI/NewBlueprint.PackageMetaData'
[2017.06.16-01.56.13:814][962]LogMetaData: Removing '/Game/AI/BP_AICharactercontroller.BP_AICharactercontroller_C' ref from Metadata '/Game/AI/NewBlueprint.PackageMetaData'
[2017.06.16-01.56.13:814][962]LogMetaData: Removing '/Game/AI/BP_AICharactercontroller.BP_AICharactercontroller:EventGraph.K2Node_Event_0' ref from Metadata '/Game/AI/NewBlueprint.PackageMetaData'
[2017.06.16-01.56.13:814][962]LogMetaData: Removing '/Game/AI/BP_AICharactercontroller.BP_AICharactercontroller:EventGraph.K2Node_Event_1' ref from Metadata '/Game/AI/NewBlueprint.PackageMetaData'
[2017.06.16-01.56.13:839][962]Cmd: OBJ SAVEPACKAGE PACKAGE="/Game/AI/BP_AICharactercontroller" FILE="../../../../../../Users/Family/Documents/GitHub/DatBoiEntertainmetnGame_/Content/AI/BP_AICharactercontroller.uasset" SILENT=true
[2017.06.16-01.56.13:858][962]LogSavePackage: Save=15.11ms
[2017.06.16-01.56.13:858][962]LogSavePackage: Moving '../../../../../../Users/Family/Documents/GitHub/DatBoiEntertainmetnGame_/Saved/BP_AICharactercontrollerED0D8B0E46192FD8D630E29E75DC9DCA.tmp' to '../../../../../../Users/Family/Documents/GitHub/DatBoiEntertainmetnGame_/Content/AI/BP_AICharactercontroller.uasset'
[2017.06.16-01.56.13:861][962]LogSavePackage:Display: Finished SavePackage ../../../../../../Users/Family/Documents/GitHub/DatBoiEntertainmetnGame_/Content/AI/BP_AICharactercontroller.uasset
[2017.06.16-01.57.47:485][724]LogRenderer: Reallocating scene render targets to support 1616x744 NumSamples 1 (Frame:1).
[2017.06.16-01.57.49:486][871]LogSlate:Warning: Prevented a slow task dialog from being summoned while a context menu was open
[2017.06.16-01.59.08:658][730]BlueprintLog: New page: Compile NewBlueprint
[2017.06.16-01.59.10:511][853]Cmd: OBJ SAVEPACKAGE PACKAGE="/Game/AI/NewBlueprint" FILE="../../../../../../Users/Family/Documents/GitHub/DatBoiEntertainmetnGame_/Content/AI/NewBlueprint.uasset" SILENT=true
[2017.06.16-01.59.10:545][853]LogSavePackage: Save=31.63ms
[2017.06.16-01.59.10:545][853]LogSavePackage: Moving '../../../../../../Users/Family/Documents/GitHub/DatBoiEntertainmetnGame_/Saved/NewBlueprint7C54BA04459DD2ECF51AD8AF59492223.tmp' to '../../../../../../Users/Family/Documents/GitHub/DatBoiEntertainmetnGame_/Content/AI/NewBlueprint.uasset'
[2017.06.16-01.59.10:548][853]LogSavePackage:Display: Finished SavePackage ../../../../../../Users/Family/Documents/GitHub/DatBoiEntertainmetnGame_/Content/AI/NewBlueprint.uasset
[2017.06.16-02.00.07:044][320]SourceControl:Error: Error error: pathspec 'C:/Users/Family/Documents/GitHub/DatBoiEntertainmetnGame_/Content/AI/NewBlackboardData.uasset' did not match any file(s) known to git.
[2017.06.16-02.00.20:698][817]SourceControl:Error: Error error: pathspec 'C:/Users/Family/Documents/GitHub/DatBoiEntertainmetnGame_/Content/AI/NewBlackboardData.uasset' did not match any file(s) known to git.
[2017.06.16-02.00.36:207][644]SourceControl:Error: Error error: pathspec 'C:/Users/Family/Documents/GitHub/DatBoiEntertainmetnGame_/Content/AI/NewBlackboardData.uasset' did not match any file(s) known to git.
[2017.06.16-02.00.45:219][ 30]Cmd: OBJ SAVEPACKAGE PACKAGE="/Game/AI/NewBehaviorTree" FILE="../../../../../../Users/Family/Documents/GitHub/DatBoiEntertainmetnGame_/Content/AI/NewBehaviorTree.uasset" SILENT=true
[2017.06.16-02.00.45:229][ 30]LogSavePackage: Save=7.49ms
[2017.06.16-02.00.45:229][ 30]LogSavePackage: Moving '../../../../../../Users/Family/Documents/GitHub/DatBoiEntertainmetnGame_/Saved/NewBehaviorTreeD25C20E6476C51BE609BE287D57D6A8A.tmp' to '../../../../../../Users/Family/Documents/GitHub/DatBoiEntertainmetnGame_/Content/AI/NewBehaviorTree.uasset'
[2017.06.16-02.00.45:232][ 30]LogSavePackage:Display: Finished SavePackage ../../../../../../Users/Family/Documents/GitHub/DatBoiEntertainmetnGame_/Content/AI/NewBehaviorTree.uasset
[2017.06.16-02.00.45:718][ 31]Cmd: QUIT_EDITOR
[2017.06.16-02.00.45:763][ 31]LogWindowsTextInputMethodSystem:Display: IME system now deactivated.
[2017.06.16-02.00.45:788][ 31]LogExit: Preparing to exit.
[2017.06.16-02.00.47:101][ 31]LogDirectoryWatcher: A directory notification failed for 'C:/Users/Family/Documents/GitHub/DatBoiEntertainmetnGame_/Content/', and we were unable to create a new request.
[2017.06.16-02.00.47:157][ 31]LogExit: Editor shut down
[2017.06.16-02.00.47:167][ 31]LogExit: Transaction tracking system shut down
[2017.06.16-02.00.47:315][ 31]LogObj: Freed 0b from 0 cluster array pools.
[2017.06.16-02.00.47:316][ 31]LogExit: Object subsystem successfully closed.
[2017.06.16-02.00.47:335][ 31]LogD3D11RHI: Shutdown
[2017.06.16-02.00.47:335][ 31]LogD3D11RHI: CleanupD3DDevice
[2017.06.16-02.00.47:438][ 31]LogD3D11RHI: ~FD3D11DynamicRHI
[2017.06.16-02.00.47:459][ 31]LogModuleManager: Shutting down and abandoning module BlueprintGraph (528)
[2017.06.16-02.00.47:459][ 31]LogModuleManager: Shutting down and abandoning module BlueprintProfiler (526)
[2017.06.16-02.00.47:459][ 31]LogModuleManager: Shutting down and abandoning module HierarchicalLODOutliner (524)
[2017.06.16-02.00.47:459][ 31]LogModuleManager: Shutting down and abandoning module CrashTracker (522)
[2017.06.16-02.00.47:459][ 31]LogModuleManager: Shutting down and abandoning module SceneOutliner (520)
[2017.06.16-02.00.47:459][ 31]LogModuleManager: Shutting down and abandoning module AddContentDialog (518)
[2017.06.16-02.00.47:459][ 31]LogDirectoryWatcher: A directory notification for 'C:/Program Files/Epic Games/UE_4.16/FeaturePacks/' was aborted.
[2017.06.16-02.00.47:461][ 31]LogModuleManager: Shutting down and abandoning module WidgetCarousel (517)
[2017.06.16-02.00.47:461][ 31]LogModuleManager: Shutting down and abandoning module EditorWidgets (514)
[2017.06.16-02.00.47:461][ 31]LogModuleManager: Shutting down and abandoning module CollectionManager (512)
[2017.06.16-02.00.47:461][ 31]LogDirectoryWatcher: A directory notification for 'C:/Users/Family/Documents/GitHub/DatBoiEntertainmetnGame_/Content/Collections/' was aborted.
[2017.06.16-02.00.47:461][ 31]LogDirectoryWatcher: A directory notification for 'C:/Users/Family/Documents/GitHub/DatBoiEntertainmetnGame_/Content/Developers/Family/Collections/' was aborted.
[2017.06.16-02.00.47:461][ 31]LogDirectoryWatcher: A directory notification for 'C:/Users/Family/Documents/GitHub/DatBoiEntertainmetnGame_/Saved/Collections/' was aborted.
[2017.06.16-02.00.47:461][ 31]LogModuleManager: Shutting down and abandoning module StatsViewer (510)
[2017.06.16-02.00.47:461][ 31]LogModuleManager: Shutting down and abandoning module FoliageEdit (508)
[2017.06.16-02.00.47:461][ 31]LogModuleManager: Shutting down and abandoning module LandscapeEditor (506)
[2017.06.16-02.00.47:461][ 31]LogModuleManager: Shutting down and abandoning module MeshPaintMode (504)
[2017.06.16-02.00.47:461][ 31]LogModuleManager: Shutting down and abandoning module SceneDepthPickerMode (502)
[2017.06.16-02.00.47:461][ 31]LogModuleManager: Shutting down and abandoning module ActorPickerMode (500)
[2017.06.16-02.00.47:461][ 31]LogModuleManager: Shutting down and abandoning module GeometryMode (498)
[2017.06.16-02.00.47:461][ 31]LogModuleManager: Shutting down and abandoning module TextureAlignMode (496)
[2017.06.16-02.00.47:461][ 31]LogModuleManager: Shutting down and abandoning module BspMode (494)
[2017.06.16-02.00.47:461][ 31]LogModuleManager: Shutting down and abandoning module HardwareSurvey (492)
[2017.06.16-02.00.47:461][ 31]LogModuleManager: Shutting down and abandoning module SequenceRecorderSections (490)
[2017.06.16-02.00.47:461][ 31]LogModuleManager: Shutting down and abandoning module AutomationWorker (488)
[2017.06.16-02.00.47:461][ 31]LogModuleManager: Shutting down and abandoning module MatineeToLevelSequence (486)
[2017.06.16-02.00.47:461][ 31]LogModuleManager: Shutting down and abandoning module LevelSequenceEditor (484)
[2017.06.16-02.00.47:461][ 31]LogModuleManager: Shutting down and abandoning module PlacementMode (483)
[2017.06.16-02.00.47:461][ 31]LogModuleManager: Shutting down and abandoning module WmfMediaFactory (480)
[2017.06.16-02.00.47:461][ 31]LogModuleManager: Shutting down and abandoning module WmfMediaEditor (478)
[2017.06.16-02.00.47:461][ 31]LogModuleManager: Shutting down and abandoning module AvfMediaFactory (476)
[2017.06.16-02.00.47:461][ 31]LogModuleManager: Shutting down and abandoning module AvfMediaEditor (474)
[2017.06.16-02.00.47:461][ 31]LogModuleManager: Shutting down and abandoning module AndroidMediaFactory (472)
[2017.06.16-02.00.47:461][ 31]LogModuleManager: Shutting down and abandoning module Media (471)
[2017.06.16-02.00.47:461][ 31]LogModuleManager: Shutting down and abandoning module AndroidMediaEditor (468)
[2017.06.16-02.00.47:461][ 31]LogModuleManager: Shutting down and abandoning module CharacterAI (466)
[2017.06.16-02.00.47:461][ 31]LogModuleManager: Shutting down and abandoning module AudioCapture (464)
[2017.06.16-02.00.47:461][ 31]LogModuleManager: Shutting down and abandoning module SequenceRecorder (463)
[2017.06.16-02.00.47:462][ 31]LogModuleManager: Shutting down and abandoning module SmartSnapping (460)
[2017.06.16-02.00.47:462][ 31]LogModuleManager: Shutting down and abandoning module SessionServices (458)
[2017.06.16-02.00.47:462][ 31]LogModuleManager: Shutting down and abandoning module ViewportSnapping (456)
[2017.06.16-02.00.47:462][ 31]LogModuleManager: Shutting down and abandoning module ViewportInteraction (454)
[2017.06.16-02.00.47:462][ 31]LogModuleManager: Shutting down and abandoning module ClothPainter (452)
[2017.06.16-02.00.47:462][ 31]LogModuleManager: Shutting down and abandoning module LogVisualizer (450)
[2017.06.16-02.00.47:462][ 31]LogModuleManager: Shutting down and abandoning module IntroTutorials (448)
[2017.06.16-02.00.47:462][ 31]LogModuleManager: Shutting down and abandoning module GameProjectGeneration (447)
[2017.06.16-02.00.47:462][ 31]LogModuleManager: Shutting down and abandoning module EditorLiveStreaming (444)
[2017.06.16-02.00.47:462][ 31]LogModuleManager: Shutting down and abandoning module IOSPlatformEditor (442)
[2017.06.16-02.00.47:462][ 31]LogModuleManager: Shutting down and abandoning module HTML5PlatformEditor (440)
[2017.06.16-02.00.47:462][ 31]LogModuleManager: Shutting down and abandoning module AndroidPlatformEditor (438)
[2017.06.16-02.00.47:462][ 31]LogModuleManager: Shutting down and abandoning module AndroidDeviceDetection (437)
[2017.06.16-02.00.48:311][ 31]LogModuleManager: Shutting down and abandoning module IOSRuntimeSettings (434)
[2017.06.16-02.00.48:311][ 31]LogModuleManager: Shutting down and abandoning module AndroidRuntimeSettings (432)
[2017.06.16-02.00.48:311][ 31]LogModuleManager: Shutting down and abandoning module InputBindingEditor (430)
[2017.06.16-02.00.48:311][ 31]LogModuleManager: Shutting down and abandoning module MergeActors (428)
[2017.06.16-02.00.48:311][ 31]LogModuleManager: Shutting down and abandoning module SizeMap (426)
[2017.06.16-02.00.48:311][ 31]LogModuleManager: Shutting down and abandoning module TreeMap (424)
[2017.06.16-02.00.48:311][ 31]LogModuleManager: Shutting down and abandoning module ReferenceViewer (422)
[2017.06.16-02.00.48:311][ 31]LogModuleManager: Shutting down and abandoning module LocalizationDashboard (420)
[2017.06.16-02.00.48:311][ 31]LogModuleManager: Shutting down and abandoning module LocalizationService (419)
[2017.06.16-02.00.48:311][ 31]LogModuleManager: Shutting down and abandoning module HardwareTargeting (416)
[2017.06.16-02.00.48:311][ 31]LogModuleManager: Shutting down and abandoning module DeviceProfileEditor (414)
[2017.06.16-02.00.48:311][ 31]LogModuleManager: Shutting down and abandoning module UndoHistory (412)
[2017.06.16-02.00.48:311][ 31]LogModuleManager: Shutting down and abandoning module UserFeedback (410)
[2017.06.16-02.00.48:311][ 31]LogModuleManager: Shutting down and abandoning module XmlParser (408)
[2017.06.16-02.00.48:311][ 31]LogModuleManager: Shutting down and abandoning module Blutility (406)
[2017.06.16-02.00.48:311][ 31]LogModuleManager: Shutting down and abandoning module ProjectSettingsViewer (404)
[2017.06.16-02.00.48:311][ 31]LogModuleManager: Shutting down and abandoning module ProjectTargetPlatformEditor (403)
[2017.06.16-02.00.48:311][ 31]LogModuleManager: Shutting down and abandoning module EditorSettingsViewer (400)
[2017.06.16-02.00.48:311][ 31]LogModuleManager: Shutting down and abandoning module SettingsEditor (398)
[2017.06.16-02.00.48:312][ 31]LogModuleManager: Shutting down and abandoning module ProjectLauncher (396)
[2017.06.16-02.00.48:312][ 31]LogModuleManager: Shutting down and abandoning module SessionFrontend (394)
[2017.06.16-02.00.48:312][ 31]LogModuleManager: Shutting down and abandoning module ProfilerClient (392)
[2017.06.16-02.00.48:312][ 31]LogModuleManager: Shutting down and abandoning module DeviceManager (390)
[2017.06.16-02.00.48:312][ 31]LogModuleManager: Shutting down and abandoning module TargetDeviceServices (389)
[2017.06.16-02.00.48:367][ 31]LogModuleManager: Shutting down and abandoning module AutomationController (386)
[2017.06.16-02.00.48:367][ 31]LogModuleManager: Shutting down and abandoning module AutomationWindow (384)
[2017.06.16-02.00.48:367][ 31]LogModuleManager: Shutting down and abandoning module Layers (382)
[2017.06.16-02.00.48:367][ 31]LogModuleManager: Shutting down and abandoning module ComponentVisualizers (380)
[2017.06.16-02.00.48:367][ 31]LogModuleManager: Shutting down and abandoning module DetailCustomizations (378)
[2017.06.16-02.00.48:367][ 31]LogModuleManager: Shutting down and abandoning module PackagesDialog (376)
[2017.06.16-02.00.48:368][ 31]LogModuleManager: Shutting down and abandoning module Persona (374)
[2017.06.16-02.00.48:368][ 31]LogModuleManager: Shutting down and abandoning module AdvancedPreviewScene (373)
[2017.06.16-02.00.48:368][ 31]LogModuleManager: Shutting down and abandoning module AnimGraph (371)
[2017.06.16-02.00.48:368][ 31]LogModuleManager: Shutting down and abandoning module Kismet (368)
[2017.06.16-02.00.48:395][ 31]LogModuleManager: Shutting down and abandoning module ClassViewer (366)
[2017.06.16-02.00.48:404][ 31]LogModuleManager: Shutting down and abandoning module Toolbox (364)
[2017.06.16-02.00.48:404][ 31]LogModuleManager: Shutting down and abandoning module ModuleUI (362)
[2017.06.16-02.00.48:404][ 31]LogModuleManager: Shutting down and abandoning module MovieSceneTools (360)
[2017.06.16-02.00.48:404][ 31]LogModuleManager: Shutting down and abandoning module OutputLog (358)
[2017.06.16-02.00.48:404][ 31]LogModuleManager: Shutting down and abandoning module GammaUI (356)
[2017.06.16-02.00.48:404][ 31]LogModuleManager: Shutting down and abandoning module Documentation (354)
[2017.06.16-02.00.48:405][ 31]LogModuleManager: Shutting down and abandoning module MovieSceneTracks (352)
[2017.06.16-02.00.48:405][ 31]LogModuleManager: Shutting down and abandoning module MovieScene (350)
[2017.06.16-02.00.48:405][ 31]LogModuleManager: Shutting down and abandoning module Niagara (348)
[2017.06.16-02.00.48:405][ 31]LogModuleManager: Shutting down and abandoning module NiagaraEditor (347)
[2017.06.16-02.00.48:405][ 31]LogModuleManager: Shutting down and abandoning module StreamingPauseRendering (344)
[2017.06.16-02.00.48:405][ 31]LogModuleManager: Shutting down and abandoning module AnalyticsET (342)
[2017.06.16-02.00.48:405][ 31]LogModuleManager: Shutting down and abandoning module PortalServices (340)
[2017.06.16-02.00.48:405][ 31]LogModuleManager: Shutting down and abandoning module PortalRpc (338)
[2017.06.16-02.00.48:405][ 31]LogModuleManager: Shutting down and abandoning module MessagingRpc (336)
[2017.06.16-02.00.48:405][ 31]LogModuleManager: Shutting down and abandoning module AIModule (334)
[2017.06.16-02.00.48:405][ 31]LogModuleManager: Shutting down and abandoning module GameplayDebugger (333)
[2017.06.16-02.00.48:405][ 31]LogModuleManager: Shutting down and abandoning module AITestSuite (331)
[2017.06.16-02.00.48:405][ 31]LogModuleManager: Shutting down and abandoning module ProfilerService (328)
[2017.06.16-02.00.48:432][ 31]LogModuleManager: Shutting down and abandoning module TaskGraph (326)
[2017.06.16-02.00.48:432][ 31]LogModuleManager: Shutting down and abandoning module SteamVRController (324)
[2017.06.16-02.00.48:432][ 31]LogModuleManager: Shutting down and abandoning module SteamVR (322)
[2017.06.16-02.00.48:432][ 31]LogModuleManager: Shutting down and abandoning module ProceduralMeshComponentEditor (320)
[2017.06.16-02.00.48:432][ 31]LogModuleManager: Shutting down and abandoning module ProceduralMeshComponent (318)
[2017.06.16-02.00.48:432][ 31]LogModuleManager: Shutting down and abandoning module OculusLibrary (316)
[2017.06.16-02.00.48:432][ 31]LogModuleManager: Shutting down and abandoning module OculusInput (314)
[2017.06.16-02.00.48:432][ 31]LogModuleManager: Shutting down and abandoning module MobilePatchingUtils (312)
[2017.06.16-02.00.48:432][ 31]LogModuleManager: Shutting down and abandoning module CustomMeshComponent (310)
[2017.06.16-02.00.48:432][ 31]LogModuleManager: Shutting down and abandoning module CableComponent (308)
[2017.06.16-02.00.48:432][ 31]LogModuleManager: Shutting down and abandoning module ArchVisCharacter (306)
[2017.06.16-02.00.48:432][ 31]LogModuleManager: Shutting down and abandoning module AndroidPermission (304)
[2017.06.16-02.00.48:432][ 31]LogModuleManager: Shutting down and abandoning module MediaPlayerEditor (300)
[2017.06.16-02.00.48:432][ 31]LogModuleManager: Shutting down and abandoning module HTML5Networking (298)
[2017.06.16-02.00.48:432][ 31]LogModuleManager: Shutting down and abandoning module AlembicImporter (296)
[2017.06.16-02.00.48:432][ 31]LogModuleManager: Shutting down and abandoning module AlembicLibrary (295)
[2017.06.16-02.00.48:432][ 31]LogModuleManager: Shutting down and abandoning module GeometryCache (294)
[2017.06.16-02.00.48:432][ 31]LogModuleManager: Shutting down and abandoning module GeometryCacheEd (293)
[2017.06.16-02.00.48:432][ 31]LogModuleManager: Shutting down and abandoning module SuperSearchEditor (288)
[2017.06.16-02.00.48:432][ 31]LogModuleManager: Shutting down and abandoning module SuperSearch (287)
[2017.06.16-02.00.48:432][ 31]LogModuleManager: Shutting down and abandoning module SpeedTreeImporter (284)
[2017.06.16-02.00.48:432][ 31]LogModuleManager: Shutting down and abandoning module PluginBrowser (282)
[2017.06.16-02.00.48:432][ 31]LogModuleManager: Shutting down and abandoning module MobileLauncherProfileWizard (280)
[2017.06.16-02.00.48:432][ 31]LogModuleManager: Shutting down and abandoning module VisualStudioSourceCodeAccess (278)
[2017.06.16-02.00.48:432][ 31]LogModuleManager: Shutting down and abandoning module DesktopPlatform (277)
[2017.06.16-02.00.48:432][ 31]LogModuleManager: Shutting down and abandoning module UObjectPlugin (274)
[2017.06.16-02.00.48:432][ 31]LogModuleManager: Shutting down and abandoning module SubversionSourceControl (272)
[2017.06.16-02.00.48:432][ 31]LogModuleManager: Shutting down and abandoning module PerforceSourceControl (270)
[2017.06.16-02.00.48:433][ 31]LogModuleManager: Shutting down and abandoning module GitSourceControl (268)
[2017.06.16-02.00.48:433][ 31]LogModuleManager: Shutting down and abandoning module SourceControl (267)
[2017.06.16-02.00.48:433][ 31]LogModuleManager: Shutting down and abandoning module LightPropagationVolumeEditor (264)
[2017.06.16-02.00.48:433][ 31]LogModuleManager: Shutting down and abandoning module PaperTiledImporter (262)
[2017.06.16-02.00.48:433][ 31]LogModuleManager: Shutting down and abandoning module PaperSpriteSheetImporter (260)
[2017.06.16-02.00.48:433][ 31]LogModuleManager: Shutting down and abandoning module Paper2DEditor (258)
[2017.06.16-02.00.48:433][ 31]LogModuleManager: Shutting down and abandoning module MeshPaint (257)
[2017.06.16-02.00.48:433][ 31]LogModuleManager: Shutting down and abandoning module LevelEditor (255)
[2017.06.16-02.00.48:434][ 31]LogModuleManager: Shutting down and abandoning module PixelInspectorModule (254)
[2017.06.16-02.00.48:434][ 31]LogModuleManager: Shutting down and abandoning module MainFrame (252)
[2017.06.16-02.00.48:435][ 31]LogModuleManager: Shutting down and abandoning module HotReload (251)
[2017.06.16-02.00.48:435][ 31]LogModuleManager: Shutting down and abandoning module PhysXVehiclesEditor (246)
[2017.06.16-02.00.48:436][ 31]LogModuleManager: Shutting down and abandoning module PhysXVehicles (244)
[2017.06.16-02.00.48:436][ 31]LogModuleManager: Shutting down and abandoning module LocationServicesBPLibrary (242)
[2017.06.16-02.00.48:436][ 31]LogModuleManager: Shutting down and abandoning module ImmediatePhysicsEditor (240)
[2017.06.16-02.00.48:436][ 31]LogModuleManager: Shutting down and abandoning module ImmediatePhysics (238)
[2017.06.16-02.00.48:436][ 31]LogModuleManager: Shutting down and abandoning module UdpMessaging (236)
[2017.06.16-02.00.48:537][ 31]LogModuleManager: Shutting down and abandoning module TcpMessaging (234)
[2017.06.16-02.00.48:638][ 31]LogModuleManager: Shutting down and abandoning module GameplayTagsEditor (232)
[2017.06.16-02.00.48:638][ 31]LogModuleManager: Shutting down and abandoning module FacialAnimationEditor (230)
[2017.06.16-02.00.48:638][ 31]LogModuleManager: Shutting down and abandoning module FacialAnimation (228)
[2017.06.16-02.00.48:638][ 31]LogModuleManager: Shutting down and abandoning module AssetManagerEditor (226)
[2017.06.16-02.00.48:638][ 31]LogModuleManager: Shutting down and abandoning module GraphEditor (225)
[2017.06.16-02.00.48:638][ 31]LogModuleManager: Shutting down and abandoning module ContentBrowser (223)
[2017.06.16-02.00.48:639][ 31]LogModuleManager: Shutting down and abandoning module LightPropagationVolumeRuntime (220)
[2017.06.16-02.00.48:639][ 31]LogModuleManager: Shutting down and abandoning module Paper2D (218)
[2017.06.16-02.00.48:639][ 31]LogModuleManager: Shutting down and abandoning module WindowsMoviePlayer (216)
[2017.06.16-02.00.48:639][ 31]LogModuleManager: Shutting down and abandoning module WmfMedia (214)
[2017.06.16-02.00.48:639][ 31]LogModuleManager: Shutting down and abandoning module ClothingSystemEditor (212)
[2017.06.16-02.00.48:639][ 31]LogModuleManager: Shutting down and abandoning module ClothingSystemRuntime (210)
[2017.06.16-02.00.48:639][ 31]LogModuleManager: Shutting down and abandoning module MediaAssets (208)
[2017.06.16-02.00.48:639][ 31]LogModuleManager: Shutting down and abandoning module GameLiveStreaming (206)
[2017.06.16-02.00.48:639][ 31]LogModuleManager: Shutting down and abandoning module VREditor (204)
[2017.06.16-02.00.48:639][ 31]LogModuleManager: Shutting down and abandoning module StringTableEditor (202)
[2017.06.16-02.00.48:639][ 31]LogModuleManager: Shutting down and abandoning module GameplayTasksEditor (200)
[2017.06.16-02.00.48:639][ 31]LogModuleManager: Shutting down and abandoning module BehaviorTreeEditor (198)
[2017.06.16-02.00.48:639][ 31]LogModuleManager: Shutting down and abandoning module FunctionalTesting (196)
[2017.06.16-02.00.48:639][ 31]LogModuleManager: Shutting down and abandoning module CollisionAnalyzer (194)
[2017.06.16-02.00.48:639][ 31]LogModuleManager: Shutting down and abandoning module UMG (192)
[2017.06.16-02.00.48:640][ 31]LogModuleManager: Shutting down and abandoning module UMGEditor (191)
[2017.06.16-02.00.48:640][ 31]LogModuleManager: Shutting down and abandoning module Sequencer (190)
[2017.06.16-02.00.48:640][ 31]LogModuleManager: Shutting down and abandoning module AssetTools (188)
[2017.06.16-02.00.48:640][ 31]LogModuleManager: Shutting down and abandoning module MessageLog (187)
[2017.06.16-02.00.48:640][ 31]LogModuleManager: Shutting down and abandoning module WorkspaceMenuStructure (186)
[2017.06.16-02.00.48:640][ 31]LogModuleManager: Shutting down and abandoning module SlateReflector (180)
[2017.06.16-02.00.48:640][ 31]LogModuleManager: Shutting down and abandoning module Slate (178)
[2017.06.16-02.00.48:640][ 31]LogModuleManager: Shutting down and abandoning module EditorStyle (176)
[2017.06.16-02.00.48:643][ 31]LogModuleManager: Shutting down and abandoning module SourceCodeAccess (174)
[2017.06.16-02.00.48:643][ 31]LogModuleManager: Shutting down and abandoning module HeadMountedDisplay (172)
[2017.06.16-02.00.48:643][ 31]LogModuleManager: Shutting down and abandoning module XAudio2 (170)
[2017.06.16-02.00.48:643][ 31]LogModuleManager: Shutting down and abandoning module Networking (168)
[2017.06.16-02.00.48:643][ 31]LogModuleManager: Shutting down and abandoning module Core (164)
[2017.06.16-02.00.48:643][ 31]LogModuleManager: Shutting down and abandoning module AssetRegistry (162)
[2017.06.16-02.00.48:685][ 31]LogDirectoryWatcher: A directory notification for '../../../Engine/Content/' was aborted.
[2017.06.16-02.00.48:685][ 31]LogDirectoryWatcher: A directory notification for '../../../../../../Users/Family/Documents/GitHub/DatBoiEntertainmetnGame_/Content/' was aborted.
[2017.06.16-02.00.48:685][ 31]LogDirectoryWatcher: A directory notification for '../../../Engine/Plugins/2D/Paper2D/Content/' was aborted.
[2017.06.16-02.00.48:685][ 31]LogDirectoryWatcher: A directory notification for '../../../Engine/Plugins/Runtime/GearVR/Content/' was aborted.
[2017.06.16-02.00.48:689][ 31]LogModuleManager: Shutting down and abandoning module DirectoryWatcher (161)
[2017.06.16-02.00.48:690][ 31]LogModuleManager: Shutting down and abandoning module KismetCompiler (158)
[2017.06.16-02.00.48:690][ 31]LogModuleManager: Shutting down and abandoning module LevelSequence (156)
[2017.06.16-02.00.48:690][ 31]LogModuleManager: Shutting down and abandoning module PhysXFormats (154)
[2017.06.16-02.00.48:690][ 31]LogModuleManager: Shutting down and abandoning module MeshUtilities (152)
[2017.06.16-02.00.48:690][ 31]LogModuleManager: Shutting down and abandoning module SimplygonSwarm (151)
[2017.06.16-02.00.48:690][ 31]LogModuleManager: Shutting down and abandoning module SimplygonMeshReduction (149)
[2017.06.16-02.00.48:690][ 31]LogModuleManager: Shutting down and abandoning module QuadricMeshReduction (147)
[2017.06.16-02.00.48:690][ 31]LogModuleManager: Shutting down and abandoning module DerivedDataCache (144)
[2017.06.16-02.00.48:732][ 31]LogDerivedDataCache: Shutdown
[2017.06.16-02.00.48:732][ 31]LogModuleManager: Shutting down and abandoning module TargetPlatform (142)
[2017.06.16-02.00.48:732][ 31]LogModuleManager: Shutting down and abandoning module VulkanShaderFormat (141)
[2017.06.16-02.00.48:732][ 31]LogModuleManager: Shutting down and abandoning module ShaderFormatVectorVM (139)
[2017.06.16-02.00.48:732][ 31]LogModuleManager: Shutting down and abandoning module ShaderFormatOpenGL (137)
[2017.06.16-02.00.48:732][ 31]LogModuleManager: Shutting down and abandoning module ShaderFormatD3D (135)
[2017.06.16-02.00.48:732][ 31]LogModuleManager: Shutting down and abandoning module MetalShaderFormat (133)
[2017.06.16-02.00.48:733][ 31]LogModuleManager: Shutting down and abandoning module TextureFormatUncompressed (131)
[2017.06.16-02.00.48:733][ 31]LogModuleManager: Shutting down and abandoning module TextureFormatPVR (129)
[2017.06.16-02.00.48:733][ 31]LogModuleManager: Shutting down and abandoning module TextureFormatDXT (127)
[2017.06.16-02.00.48:733][ 31]LogModuleManager: Shutting down and abandoning module TextureFormatIntelISPCTexComp (125)
[2017.06.16-02.00.48:733][ 31]LogModuleManager: Shutting down and abandoning module TextureFormatASTC (123)
[2017.06.16-02.00.48:734][ 31]LogModuleManager: Shutting down and abandoning module ImageWrapper (122)
[2017.06.16-02.00.48:734][ 31]LogModuleManager: Shutting down and abandoning module TextureFormatAndroid (119)
[2017.06.16-02.00.48:734][ 31]LogModuleManager: Shutting down and abandoning module AudioFormatOpus (117)
[2017.06.16-02.00.48:734][ 31]LogModuleManager: Shutting down and abandoning module AudioFormatOgg (115)
[2017.06.16-02.00.48:734][ 31]LogModuleManager: Shutting down and abandoning module AudioFormatADPCM (113)
[2017.06.16-02.00.48:734][ 31]LogModuleManager: Shutting down and abandoning module LinuxTargetPlatform (111)
[2017.06.16-02.00.48:734][ 31]LogModuleManager: Shutting down and abandoning module LinuxServerTargetPlatform (109)
[2017.06.16-02.00.48:734][ 31]LogModuleManager: Shutting down and abandoning module LinuxNoEditorTargetPlatform (107)
[2017.06.16-02.00.48:734][ 31]LogModuleManager: Shutting down and abandoning module LinuxClientTargetPlatform (105)
[2017.06.16-02.00.48:734][ 31]LogModuleManager: Shutting down and abandoning module TVOSTargetPlatform (103)
[2017.06.16-02.00.48:734][ 31]LogModuleManager: Shutting down and abandoning module Messaging (101)
[2017.06.16-02.00.48:734][ 31]LogModuleManager: Shutting down and abandoning module IOSTargetPlatform (99)
[2017.06.16-02.00.48:734][ 31]LogModuleManager: Shutting down and abandoning module HTML5TargetPlatform (97)
[2017.06.16-02.00.48:734][ 31]LogModuleManager: Shutting down and abandoning module Android_PVRTCTargetPlatform (95)
[2017.06.16-02.00.48:734][ 31]LogModuleManager: Shutting down and abandoning module Android_MultiTargetPlatform (93)
[2017.06.16-02.00.48:734][ 31]LogModuleManager: Shutting down and abandoning module Android_ETC2TargetPlatform (91)
[2017.06.16-02.00.48:734][ 31]LogModuleManager: Shutting down and abandoning module Android_ETC1TargetPlatform (89)
[2017.06.16-02.00.48:734][ 31]LogModuleManager: Shutting down and abandoning module Android_DXTTargetPlatform (87)
[2017.06.16-02.00.48:734][ 31]LogModuleManager: Shutting down and abandoning module Android_ATCTargetPlatform (85)
[2017.06.16-02.00.48:734][ 31]LogModuleManager: Shutting down and abandoning module Android_ASTCTargetPlatform (83)
[2017.06.16-02.00.48:734][ 31]LogModuleManager: Shutting down and abandoning module AndroidTargetPlatform (81)
[2017.06.16-02.00.48:734][ 31]LogModuleManager: Shutting down and abandoning module WindowsTargetPlatform (79)
[2017.06.16-02.00.48:734][ 31]LogModuleManager: Shutting down and abandoning module WindowsServerTargetPlatform (77)
[2017.06.16-02.00.48:734][ 31]LogModuleManager: Shutting down and abandoning module WindowsNoEditorTargetPlatform (75)
[2017.06.16-02.00.48:734][ 31]LogModuleManager: Shutting down and abandoning module WindowsClientTargetPlatform (73)
[2017.06.16-02.00.48:734][ 31]LogModuleManager: Shutting down and abandoning module MacTargetPlatform (71)
[2017.06.16-02.00.48:734][ 31]LogModuleManager: Shutting down and abandoning module MacServerTargetPlatform (69)
[2017.06.16-02.00.48:734][ 31]LogModuleManager: Shutting down and abandoning module MacNoEditorTargetPlatform (67)
[2017.06.16-02.00.48:734][ 31]LogModuleManager: Shutting down and abandoning module MacClientTargetPlatform (65)
[2017.06.16-02.00.48:734][ 31]LogModuleManager: Shutting down and abandoning module AllDesktopTargetPlatform (63)
[2017.06.16-02.00.48:734][ 31]LogModuleManager: Shutting down and abandoning module InputCore (60)
[2017.06.16-02.00.48:734][ 31]LogModuleManager: Shutting down and abandoning module Settings (58)
[2017.06.16-02.00.48:734][ 31]LogModuleManager: Shutting down and abandoning module OculusRift (56)
[2017.06.16-02.00.48:734][ 31]LogModuleManager: Shutting down and abandoning module GearVRController (54)
[2017.06.16-02.00.48:734][ 31]LogModuleManager: Shutting down and abandoning module GearVR (52)
[2017.06.16-02.00.48:734][ 31]LogModuleManager: Shutting down and abandoning module ExampleDeviceProfileSelector (50)
[2017.06.16-02.00.48:734][ 31]LogModuleManager: Shutting down and abandoning module OnlineBlueprintSupport (48)
[2017.06.16-02.00.48:734][ 31]LogModuleManager: Shutting down and abandoning module OnlineSubsystem (44)
[2017.06.16-02.00.48:734][ 31]LogOnline:Display: Unloading online subsystem: NULL
[2017.06.16-02.00.48:734][ 31]LogModuleManager: Shutting down and abandoning module XMPP (43)
[2017.06.16-02.00.48:734][ 31]LogModuleManager: Shutting down and abandoning module HTTP (41)
[2017.06.16-02.00.48:734][ 31]LogHttp:Display: Http module shutting down, but needs to wait on 1 outstanding Http requests:
[2017.06.16-02.00.48:734][ 31]LogHttp:Display: 	verb=[POST] url=[https://datarouter.ol.epicgames.com/datarouter/api/v1/public/data?SessionID=%7B26FD23E7-4D1F-0D0C-0CD6-DC83EC6ED3BD%7D&AppID=UEEditor.Rocket.Release&AppVersion=4.16.1-3466753%2B%2B%2BUE4%2BRelease-4.16&UserID=9c0e1e2944d93839229525865d07801b%7C2ec138b65b7d4e67b40402fb081b672b%7C4b78beae-a5a4-4698-b4dd-e60b89e1b404&AppEnvironment=datacollector-binary&UploadType=eteventstream] status=Processing
[2017.06.16-02.00.48:765][ 31]LogModuleManager: Shutting down and abandoning module SSL (40)
[2017.06.16-02.00.48:767][ 31]LogModuleManager: Shutting down and abandoning module HTTPChunkInstaller (36)
[2017.06.16-02.00.48:767][ 31]LogModuleManager: Shutting down and abandoning module AnimationModifiers (34)
[2017.06.16-02.00.48:767][ 31]LogModuleManager: Shutting down and abandoning module PropertyEditor (33)
[2017.06.16-02.00.48:767][ 31]LogModuleManager: Shutting down and abandoning module AudioEditor (30)
[2017.06.16-02.00.48:767][ 31]LogModuleManager: Shutting down and abandoning module TextureCompressor (28)
[2017.06.16-02.00.48:767][ 31]LogModuleManager: Shutting down and abandoning module ShaderCore (26)
[2017.06.16-02.00.48:767][ 31]LogModuleManager: Shutting down and abandoning module Landscape (24)
[2017.06.16-02.00.48:767][ 31]LogModuleManager: Shutting down and abandoning module SlateRHIRenderer (22)
[2017.06.16-02.00.48:769][ 31]LogModuleManager: Shutting down and abandoning module OpenGLDrv (20)
[2017.06.16-02.00.48:769][ 31]LogModuleManager: Shutting down and abandoning module D3D11RHI (18)
[2017.06.16-02.00.48:769][ 31]LogModuleManager: Shutting down and abandoning module AnimGraphRuntime (16)
[2017.06.16-02.00.48:769][ 31]LogModuleManager: Shutting down and abandoning module Renderer (14)
[2017.06.16-02.00.48:769][ 31]LogModuleManager: Shutting down and abandoning module Engine (12)
[2017.06.16-02.00.48:769][ 31]LogModuleManager: Shutting down and abandoning module CoreUObject (10)
[2017.06.16-02.00.48:769][ 31]LogModuleManager: Shutting down and abandoning module NetworkFile (8)
[2017.06.16-02.00.48:769][ 31]LogModuleManager: Shutting down and abandoning module StreamingFile (6)
[2017.06.16-02.00.48:769][ 31]LogModuleManager: Shutting down and abandoning module SandboxFile (4)
[2017.06.16-02.00.48:769][ 31]LogModuleManager: Shutting down and abandoning module PakFile (2)
[2017.06.16-02.00.48:772][ 31]LogExit: Exiting.
[2017.06.16-02.00.48:802][ 31]Log file closed, 06/15/17 20:00:48
