Log file open, 12/07/17 10:34:29
LogWindows: LoadLibraryWithSearchPaths failed for file aqProf.dll. GetLastError=0
LogWindows: LoadLibraryWithSearchPaths failed for file VSPerf140.dll. GetLastError=0
LogWindows: LoadLibraryWithSearchPaths failed for file VtuneApi.dll. GetLastError=0
LogWindows: LoadLibraryWithSearchPaths failed for file VtuneApi32e.dll. GetLastError=0
LogInit: Display: Running engine for game: InsertNameAdventure
LogPlatformFile: Not using cached read wrapper
LogInit: Display: RandInit(-460113896) SRandInit(-460113896).
LogTaskGraph: Started task graph with 5 named threads and 14 total threads with 3 sets of task threads.
LogStats: Stats thread started at 0.161207
LogD3D11RHI: Aftermath initialized
LogPluginManager: Mounting plugin Paper2D
LogPluginManager: Mounting plugin LightPropagationVolume
LogPluginManager: Mounting plugin CodeLiteSourceCodeAccess
LogPluginManager: Mounting plugin GitSourceControl
LogPluginManager: Mounting plugin KDevelopSourceCodeAccess
LogPluginManager: Mounting plugin NullSourceCodeAccess
LogPluginManager: Mounting plugin PerforceSourceControl
LogPluginManager: Mounting plugin SubversionSourceControl
LogPluginManager: Mounting plugin UObjectPlugin
LogPluginManager: Mounting plugin VisualStudioSourceCodeAccess
LogPluginManager: Mounting plugin XCodeSourceCodeAccess
LogPluginManager: Mounting plugin AssetManagerEditor
LogPluginManager: Mounting plugin AudioCapture
LogPluginManager: Mounting plugin FacialAnimation
LogPluginManager: Mounting plugin GameplayTagsEditor
LogPluginManager: Mounting plugin MobileLauncherProfileWizard
LogPluginManager: Mounting plugin PluginBrowser
LogPluginManager: Mounting plugin SpeedTreeImporter
LogPluginManager: Mounting plugin AlembicImporter
LogPluginManager: Mounting plugin CharacterAI
LogPluginManager: Mounting plugin HTML5Networking
LogPluginManager: Mounting plugin AndroidMedia
LogPluginManager: Mounting plugin AvfMedia
LogPluginManager: Mounting plugin MediaPlayerEditor
LogPluginManager: Mounting plugin WmfMedia
LogPluginManager: Mounting plugin TcpMessaging
LogPluginManager: Mounting plugin UdpMessaging
LogPluginManager: Mounting plugin LevelSequenceEditor
LogPluginManager: Mounting plugin MatineeToLevelSequence
LogPluginManager: Mounting plugin OnlineSubsystemGooglePlay
LogPluginManager: Mounting plugin OnlineSubsystemIOS
LogPluginManager: Mounting plugin OnlineSubsystem
LogPluginManager: Mounting plugin OnlineSubsystemNull
LogPluginManager: Mounting plugin OnlineSubsystemUtils
LogPluginManager: Mounting plugin AndroidDeviceProfileSelector
LogPluginManager: Mounting plugin AndroidMoviePlayer
LogPluginManager: Mounting plugin AndroidPermission
LogPluginManager: Mounting plugin AppleMoviePlayer
LogPluginManager: Mounting plugin ArchVisCharacter
LogPluginManager: Mounting plugin CableComponent
LogPluginManager: Mounting plugin CustomMeshComponent
LogPluginManager: Mounting plugin ExampleDeviceProfileSelector
LogPluginManager: Mounting plugin GoogleCloudMessaging
LogPluginManager: Mounting plugin ImmediatePhysics
LogPluginManager: Mounting plugin IOSDeviceProfileSelector
LogPluginManager: Mounting plugin LinuxDeviceProfileSelector
LogPluginManager: Mounting plugin LocationServicesBPLibrary
LogPluginManager: Mounting plugin MobilePatchingUtils
LogPluginManager: Mounting plugin OculusVR
LogPluginManager: Mounting plugin PhysXVehicles
LogPluginManager: Mounting plugin ProceduralMeshComponent
LogPluginManager: Mounting plugin RuntimePhysXCooking
LogPluginManager: Mounting plugin SteamVR
LogPluginManager: Mounting plugin WindowsMoviePlayer
LogInit: Using libcurl 7.47.1
LogInit:  - built for x86_64-pc-win32
LogInit:  - supports SSL with OpenSSL/1.0.2g
LogInit:  - supports HTTP deflate (compression) using libz 1.2.8
LogInit:  - other features:
LogInit:      CURL_VERSION_SSL
LogInit:      CURL_VERSION_LIBZ
LogInit:      CURL_VERSION_IPV6
LogInit:      CURL_VERSION_ASYNCHDNS
LogInit:      CURL_VERSION_LARGEFILE
LogInit:      CURL_VERSION_IDN
LogInit:  CurlRequestOptions (configurable via config and command line):
LogInit:  - bVerifyPeer = false  - Libcurl will NOT verify peer certificate
LogInit:  - bUseHttpProxy = false  - Libcurl will NOT use HTTP proxy
LogInit:  - bDontReuseConnections = false  - Libcurl will reuse connections
LogInit:  - CertBundlePath = nullptr  - Libcurl will use whatever was configured at build time.
LogInit: Build: ++UE4+Release-4.17-CL-3586342
LogInit: Engine Version: 4.17.1-3586342+++UE4+Release-4.17
LogInit: Compatible Engine Version: 4.17.0-3573198+++UE4+Release-4.17
LogInit: Net CL: 3573198
LogDevObjectVersion: Number of dev versions registered: 16
LogDevObjectVersion:   Dev-Blueprints (B0D832E4-1F89-4F0D-ACCF-7EB736FD4AA2): 10
LogDevObjectVersion:   Dev-Build (E1C64328-A22C-4D53-A36C-8E866417BD8C): 0
LogDevObjectVersion:   Dev-Core (375EC13C-06E4-48FB-B500-84F0262A717E): 2
LogDevObjectVersion:   Dev-Editor (E4B068ED-F494-42E9-A231-DA0B2E46BB41): 20
LogDevObjectVersion:   Dev-Framework (CFFC743F-43B0-4480-9391-14DF171D2073): 28
LogDevObjectVersion:   Dev-Mobile (B02B49B5-BB20-44E9-A304-32B752E40360): 0
LogDevObjectVersion:   Dev-Networking (A4E4105C-59A1-49B5-A7C5-40C4547EDFEE): 0
LogDevObjectVersion:   Dev-Online (39C831C9-5AE6-47DC-9A44-9C173E1C8E7C): 0
LogDevObjectVersion:   Dev-Physics (78F01B33-EBEA-4F98-B9B4-84EACCB95AA2): 0
LogDevObjectVersion:   Dev-Platform (6631380F-2D4D-43E0-8009-CF276956A95A): 0
LogDevObjectVersion:   Dev-Rendering (12F88B9F-8875-4AFC-A67C-D90C383ABD29): 19
LogDevObjectVersion:   Dev-Sequencer (7B5AE74C-D270-4C10-A958-57980B212A5A): 4
LogDevObjectVersion:   Dev-VR (D7296918-1DD6-4BDD-9DE2-64A83CC13884): 0
LogDevObjectVersion:   Dev-LoadTimes (C2A15278-BFE7-4AFE-6C17-90FF531DF755): 1
LogDevObjectVersion:   Private-Geometry (6EACA3D4-40EC-4CC1-B786-8BED09428FC5): 1
LogDevObjectVersion:   Dev-AnimPhys (29E575DD-E0A3-4627-9D10-D276232CDCEA): 7
LogInit: Compiled (64-bit): Aug 15 2017 02:05:26
LogInit: Compiled with Visual C++: 19.00.24215.01
LogInit: Build Configuration: Development
LogInit: Branch Name: ++UE4+Release-4.17
LogInit: Command line:  
LogInit: Base directory: C:/Program Files/Epic Games/UE_4.17/Engine/Binaries/Win64/
LogInit: Installed Engine Build: 1
LogInit: Presizing for max 8388607 objects, including 0 objects not considered by GC, pre-allocating 0 bytes for permanent pool.
LogInit: Object subsystem initialized
[2017.12.07-17.34.30:201][  0]LogInit: Selected Device Profile: [Windows]
[2017.12.07-17.34.30:201][  0]LogInit: Applying CVar settings loaded from the selected device profile: [Windows]
[2017.12.07-17.34.30:212][  0]LogInit: Computer: DESKTOP-OMJHMSB
[2017.12.07-17.34.30:212][  0]LogInit: User: rajjj
[2017.12.07-17.34.30:212][  0]LogInit: CPU Page size=4096, Cores=4
[2017.12.07-17.34.30:212][  0]LogInit: High frequency timer resolution =3.328124 MHz
[2017.12.07-17.34.30:212][  0]LogMemory: Memory total: Physical=15.9GB (16GB approx)
[2017.12.07-17.34.30:212][  0]LogMemory: Platform Memory Stats for Windows
[2017.12.07-17.34.30:212][  0]LogMemory: Process Physical Memory: 280.39 MB used, 280.39 MB peak
[2017.12.07-17.34.30:212][  0]LogMemory: Process Virtual Memory: 278.27 MB used, 278.27 MB peak
[2017.12.07-17.34.30:212][  0]LogMemory: Physical Memory: 4326.55 MB used,  11995.18 MB free, 16321.74 MB total
[2017.12.07-17.34.30:212][  0]LogMemory: Virtual Memory: 710.18 MB used,  11995.18 MB free, 134217728.00 MB total
[2017.12.07-17.34.30:374][  0]LogInit: Using OS detected language (en-US).
[2017.12.07-17.34.30:374][  0]LogInit: Using OS detected locale (en-US).
[2017.12.07-17.34.30:377][  0]LogTextLocalizationManager: No specific localization for 'en-US' exists, so the 'en' localization will be used.
[2017.12.07-17.34.30:998][  0]LogD3D11RHI: D3D11 adapters:
[2017.12.07-17.34.31:033][  0]LogD3D11RHI:    0. 'NVIDIA GeForce GTX 1070' (Feature Level 11_0)
[2017.12.07-17.34.31:033][  0]LogD3D11RHI:       8096/0/8160 MB DedicatedVideo/DedicatedSystem/SharedSystem, Outputs:2, VendorId:0x10de
[2017.12.07-17.34.31:035][  0]LogD3D11RHI:    1. 'Microsoft Basic Render Driver' (Feature Level 11_0)
[2017.12.07-17.34.31:035][  0]LogD3D11RHI:       0/0/8160 MB DedicatedVideo/DedicatedSystem/SharedSystem, Outputs:0, VendorId:0x1414
[2017.12.07-17.34.31:035][  0]LogD3D11RHI: Chosen D3D11 Adapter: 0
[2017.12.07-17.34.31:040][  0]LogD3D11RHI: Creating new Direct3DDevice
[2017.12.07-17.34.31:040][  0]LogD3D11RHI:     GPU DeviceId: 0x1b81 (for the marketing name, search the web for "GPU Device Id")
[2017.12.07-17.34.31:040][  0]LogWindows: EnumDisplayDevices:
[2017.12.07-17.34.31:040][  0]LogWindows:    0. 'NVIDIA GeForce GTX 1070' (P:0 D:1)
[2017.12.07-17.34.31:040][  0]LogWindows:    1. 'NVIDIA GeForce GTX 1070' (P:1 D:1)
[2017.12.07-17.34.31:041][  0]LogWindows:    2. 'NVIDIA GeForce GTX 1070' (P:0 D:0)
[2017.12.07-17.34.31:041][  0]LogWindows:    3. 'NVIDIA GeForce GTX 1070' (P:0 D:0)
[2017.12.07-17.34.31:041][  0]LogWindows: DebugString: GetVideoDriverDetailsInvalid PrimaryIsNotTheChoosenAdapter GetVideoDriverDetailsInvalid PrimaryIsNotTheChoosenAdapter GetVideoDriverDetailsInvalid PrimaryIsNotTheChoosenAdapter GetVideoDriverDetailsInvalid PrimaryIsNotTheChoosenAdapter FoundDriverCount:0 
[2017.12.07-17.34.31:041][  0]LogD3D11RHI:     Adapter Name: NVIDIA GeForce GTX 1070
[2017.12.07-17.34.31:041][  0]LogD3D11RHI:   Driver Version: Unknown (internal:Unknown, unified:Unknown)
[2017.12.07-17.34.31:041][  0]LogD3D11RHI:      Driver Date: Unknown
[2017.12.07-17.34.31:041][  0]LogRHI: Texture pool is 1361 MB (70% of 1945 MB)
[2017.12.07-17.34.31:059][  0]LogD3D11RHI: Async texture creation enabled
[2017.12.07-17.34.31:107][  0]LogD3D11RHI: GPU Timing Frequency: 1000.000000 (Debug: 2 1)
[2017.12.07-17.34.31:155][  0]LogShaderCompilers: Guid format shader working directory is -35 characters bigger than the processId version (../../../../../../Users/rajjj/OneDrive/Documents/GitHub/DatBoiEntertainmetnGame_/Intermediate/Shaders/WorkingDirectory/17724/).
[2017.12.07-17.34.31:156][  0]LogShaderCompilers: Cleaned the shader compiler working directory 'C:/Users/rajjj/AppData/Local/Temp/UnrealShaderWorkingDir/A1A5127141FE49A1032CD484DD455844/'.
[2017.12.07-17.34.31:156][  0]LogShaderCompilers: Display: Using Local Shader Compiler.
[2017.12.07-17.34.31:954][  0]LogTemp: Display: Loaded TP AllDesktopTargetPlatform
[2017.12.07-17.34.32:005][  0]LogTemp: Display: Loaded TP MacClientTargetPlatform
[2017.12.07-17.34.32:051][  0]LogTemp: Display: Loaded TP MacNoEditorTargetPlatform
[2017.12.07-17.34.32:103][  0]LogTemp: Display: Loaded TP MacServerTargetPlatform
[2017.12.07-17.34.32:155][  0]LogTemp: Display: Loaded TP MacTargetPlatform
[2017.12.07-17.34.32:203][  0]LogTemp: Display: Loaded TP WindowsClientTargetPlatform
[2017.12.07-17.34.32:256][  0]LogTemp: Display: Loaded TP WindowsNoEditorTargetPlatform
[2017.12.07-17.34.32:309][  0]LogTemp: Display: Loaded TP WindowsServerTargetPlatform
[2017.12.07-17.34.32:352][  0]LogTemp: Display: Loaded TP WindowsTargetPlatform
[2017.12.07-17.34.32:405][  0]LogTemp: Display: Loaded TP AndroidTargetPlatform
[2017.12.07-17.34.32:453][  0]LogTemp: Display: Loaded TP Android_ASTCTargetPlatform
[2017.12.07-17.34.32:500][  0]LogTemp: Display: Loaded TP Android_ATCTargetPlatform
[2017.12.07-17.34.32:550][  0]LogTemp: Display: Loaded TP Android_DXTTargetPlatform
[2017.12.07-17.34.32:598][  0]LogTemp: Display: Loaded TP Android_ETC1TargetPlatform
[2017.12.07-17.34.32:651][  0]LogTemp: Display: Loaded TP Android_ETC2TargetPlatform
[2017.12.07-17.34.32:743][  0]LogTemp: Display: Loaded TP Android_MultiTargetPlatform
[2017.12.07-17.34.32:743][  0]LogTemp: Display: Loaded TP Android_PVRTCTargetPlatform
[2017.12.07-17.34.32:779][  0]LogTemp: Display: Loaded TP HTML5TargetPlatform
[2017.12.07-17.34.32:866][  0]LogTemp: Display: Loaded TP IOSTargetPlatform
[2017.12.07-17.34.32:893][  0]LogTemp: Display: Loaded TP TVOSTargetPlatform
[2017.12.07-17.34.32:942][  0]LogTemp: Display: Loaded TP LinuxClientTargetPlatform
[2017.12.07-17.34.32:992][  0]LogTemp: Display: Loaded TP LinuxNoEditorTargetPlatform
[2017.12.07-17.34.33:037][  0]LogTemp: Display: Loaded TP LinuxServerTargetPlatform
[2017.12.07-17.34.33:082][  0]LogTemp: Display: Loaded TP LinuxTargetPlatform
[2017.12.07-17.34.33:082][  0]LogTargetPlatformManager: Display: Building Assets For Windows
[2017.12.07-17.34.33:511][  0]LogDerivedDataCache: Display: Max Cache Size: 512 MB
[2017.12.07-17.34.33:583][  0]LogDerivedDataCache: Loaded boot cache 0.07s 93MB C:/Users/rajjj/AppData/Local/UnrealEngine/4.17/DerivedDataCache/Boot.ddc.
[2017.12.07-17.34.33:584][  0]LogDerivedDataCache: Display: Loaded Boot cache: C:/Users/rajjj/AppData/Local/UnrealEngine/4.17/DerivedDataCache/Boot.ddc
[2017.12.07-17.34.33:584][  0]LogDerivedDataCache: FDerivedDataBackendGraph:  Pak pak cache file ../../../../../../Users/rajjj/OneDrive/Documents/GitHub/DatBoiEntertainmetnGame_/DerivedDataCache/DDC.ddp not found, will not use a pak cache.
[2017.12.07-17.34.33:584][  0]LogDerivedDataCache: Unable to find inner node Pak for hierarchical cache Hierarchy.
[2017.12.07-17.34.33:584][  0]LogDerivedDataCache: FDerivedDataBackendGraph:  CompressedPak pak cache file ../../../../../../Users/rajjj/OneDrive/Documents/GitHub/DatBoiEntertainmetnGame_/DerivedDataCache/Compressed.ddp not found, will not use a pak cache.
[2017.12.07-17.34.33:584][  0]LogDerivedDataCache: Unable to find inner node CompressedPak for hierarchical cache Hierarchy.
[2017.12.07-17.34.33:598][  0]LogDerivedDataCache: Display: Pak cache opened for reading ../../../Engine/DerivedDataCache/Compressed.ddp.
[2017.12.07-17.34.33:609][  0]LogDerivedDataCache: Using Local data cache path C:/Users/rajjj/AppData/Local/UnrealEngine/Common/DerivedDataCache: Writable
[2017.12.07-17.34.33:618][  0]LogMaterial: Verifying Global Shaders for PCD3D_SM5
[2017.12.07-17.34.33:618][  0]LogSlate: Using Freetype 2.6.0
[2017.12.07-17.34.33:619][  0]LogSlate: SlateFontCache - WITH_FREETYPE: 1, WITH_HARFBUZZ: 1
[2017.12.07-17.34.33:619][  0]LogSlate: SlateFontCache - WITH_FREETYPE: 1, WITH_HARFBUZZ: 1
[2017.12.07-17.34.33:841][  0]LogAssetRegistry: FAssetRegistry took 0.0250 seconds to start up
[2017.12.07-17.34.33:943][  0]LogInit: Selected Device Profile: [Windows]
[2017.12.07-17.34.34:067][  0]LogContentStreaming: Texture pool size is 0.00 MB
[2017.12.07-17.34.34:330][  0]LogSimplygon: Simplygon DLL not present - disabling.
[2017.12.07-17.34.34:367][  0]LogMeshReduction: Using SimplygonSwarm for distributed automatic mesh merging
[2017.12.07-17.34.34:367][  0]LogMeshReduction: Using QuadricMeshReduction for automatic static mesh reduction
[2017.12.07-17.34.34:367][  0]LogMeshReduction: No automatic skeletal mesh reduction module available
[2017.12.07-17.34.34:367][  0]LogMeshReduction: No automatic mesh merging module available
[2017.12.07-17.34.34:367][  0]LogMeshMerging: No automatic mesh merging module available
[2017.12.07-17.34.34:676][  0]LogNetVersion: InsertNameAdventure , NetCL: 3573198, EngineNetVer: 2, GameNetVer: 0 (Checksum: 3080426378)
[2017.12.07-17.34.34:872][  0]LogPackageLocalizationCache: Processed 5 localized package path(s) for 2 prioritized culture(s) in 0.044302 seconds
[2017.12.07-17.34.34:877][  0]LogUObjectArray: 35825 objects as part of root set at end of initial load.
[2017.12.07-17.34.34:877][  0]LogUObjectAllocator: 7529112 out of 0 bytes used by permanent object pool.
[2017.12.07-17.34.34:877][  0]LogUObjectArray: CloseDisregardForGC: 0/0 objects in disregard for GC pool
[2017.12.07-17.34.34:934][  0]LogInit: WinSock: version 1.1 (2.2), MaxSocks=32767, MaxUdp=65467
[2017.12.07-17.34.37:139][  0]LogTcpMessaging: Initializing TcpMessaging bridge
[2017.12.07-17.34.37:174][  0]LogUdpMessaging: Initializing bridge on interface 0.0.0.0:0 to multicast group 230.0.0.1:6666.
[2017.12.07-17.34.37:781][  0]LogMaterial: Uniform references updated for custom material expression Custom.
[2017.12.07-17.34.38:155][  0]SourceControl: Source control is disabled
[2017.12.07-17.34.39:049][  0]LogAndroidPermission: UAndroidPermissionCallbackProxy::GetInstance
[2017.12.07-17.34.39:284][  0]LogOcInput: OculusInput pre-init called
[2017.12.07-17.34.39:544][  0]LogEngine: Initializing Engine...
[2017.12.07-17.34.39:546][  0]LogHMD: Failed to initialize OpenVR with code 110
[2017.12.07-17.34.39:743][  0]LogStats: UGameplayTagsManager::ConstructGameplayTagTree: Construct from data asset -  0.000 s
[2017.12.07-17.34.39:743][  0]LogStats: UGameplayTagsManager::ConstructGameplayTagTree: GameplayTagTreeChangedEvent.Broadcast -  0.000 s
[2017.12.07-17.34.39:862][  0]LogAIModule: Creating AISystem for world Untitled
[2017.12.07-17.34.39:871][  0]LogInit: XAudio2 using 'Speakers (2- Logitech G930 Headset)' : 2 channels at 48 kHz using 16 bits per sample (channel mask 0x3)
[2017.12.07-17.34.39:880][  0]LogInit: FAudioDevice initialized.
[2017.12.07-17.34.39:956][  0]LogDerivedDataCache: Saved boot cache 0.08s 93MB C:/Users/rajjj/AppData/Local/UnrealEngine/4.17/DerivedDataCache/Boot.ddc.
[2017.12.07-17.34.39:966][  0]LogInit: Texture streaming: Enabled
[2017.12.07-17.34.40:070][  0]LogEngineSessionManager: EngineSessionManager initialized
[2017.12.07-17.34.40:070][  0]LogEngineSessionManager: EngineSessionManager sent abnormal shutdown report. Type=AbnormalShutdown, SessionId={69D0B91F-42E5-C1B1-1BC8-D9A48971091C}
[2017.12.07-17.34.40:269][  0]LogWindowsTextInputMethodSystem: Display: IME system now deactivated.
[2017.12.07-17.34.40:289][  0]LogInit: Transaction tracking system initialized
[2017.12.07-17.34.40:586][  0]BlueprintLog: New page: Editor Load
[2017.12.07-17.34.41:451][  0]LocalizationService: Localization service is disabled
[2017.12.07-17.34.42:103][  0]LogConsoleResponse: Display: 
[2017.12.07-17.34.42:256][  0]LogCook: Display: Max memory allowance for cook 16384mb min free memory 0mb
[2017.12.07-17.34.42:256][  0]LogCook: Display: Mobile HDR setting 1
[2017.12.07-17.34.42:256][  0]LogGameplayTags: Display: UGameplayTagsManager::DoneAddingNativeTags. DelegateIsBound: 0
[2017.12.07-17.34.43:204][  0]LogFileCache: Scanning file cache for directory 'C:/Users/rajjj/OneDrive/Documents/GitHub/DatBoiEntertainmetnGame_/Content/' took 0.02s
[2017.12.07-17.34.43:247][  0]Cmd: MAP LOAD FILE="../../../../../../Users/rajjj/OneDrive/Documents/GitHub/DatBoiEntertainmetnGame_/Content/2DSideScrollerBP/Maps/Levels/Rainforest_Alien.umap" TEMPLATE=0 SHOWPROGRESS=1 FEATURELEVEL=3
[2017.12.07-17.34.43:248][  0]LightingResults: New page: Lighting Build
[2017.12.07-17.34.43:286][  0]MapCheck: New page: Map Check
[2017.12.07-17.34.43:286][  0]LightingResults: New page: Lighting Build
[2017.12.07-17.34.44:430][  0]LogMaterial: Missing cached shader map for material BlueLight_M1, compiling. 
[2017.12.07-17.34.44:431][  0]LogMaterial: Warning: Failed to compile Material /Game/2DSideScrollerBP/Maps/Levels/LevelSprites/Sprites/Rain_Forrest_Sprites/Materials/BlueLight_M1.BlueLight_M1 for platform PCD3D_SM5, Default Material will be used in game.
[2017.12.07-17.34.44:431][  0]LogMaterial: Warning: 	Function Flicker_MF: Missing function input 'Color'
[2017.12.07-17.34.44:637][  0]LogAIModule: Creating AISystem for world Rainforest_Alien
[2017.12.07-17.34.44:671][  0]LogEditorServer: Finished looking for orphan Actors (0.000 secs)
[2017.12.07-17.34.44:687][  0]Cmd: MAP CHECKDEP NOCLEARLOG
[2017.12.07-17.34.44:754][  0]MapCheck: Map check complete: 0 Error(s), 0 Warning(s), took 67.019ms to complete.
[2017.12.07-17.34.44:754][  0]LogFileHelpers: Loading map 'Rainforest_Alien' took 1.507
[2017.12.07-17.34.44:880][  0]LogCollectionManager: Loaded 0 collections in 0.001270 seconds
[2017.12.07-17.34.44:958][  0]LogFileCache: Scanning file cache for directory 'C:/Users/rajjj/OneDrive/Documents/GitHub/DatBoiEntertainmetnGame_/Saved/Collections/' took 0.01s
[2017.12.07-17.34.44:958][  0]LogFileCache: Scanning file cache for directory 'C:/Users/rajjj/OneDrive/Documents/GitHub/DatBoiEntertainmetnGame_/Content/Developers/rajjj/Collections/' took 0.01s
[2017.12.07-17.34.44:958][  0]LogFileCache: Scanning file cache for directory 'C:/Users/rajjj/OneDrive/Documents/GitHub/DatBoiEntertainmetnGame_/Content/Collections/' took 0.01s
[2017.12.07-17.34.44:958][  0]LogCollectionManager: Rebuilt the GUID cache for 0 collections in 0.000001 seconds
[2017.12.07-17.34.44:966][  0]LogContentBrowser: Native class hierarchy populated in 0.0076 seconds. Added 2386 classes and 500 folders.
[2017.12.07-17.34.45:031][  0]LogContentBrowser: Native class hierarchy updated for 'WidgetCarousel' in 0.0005 seconds. Added 0 classes and 0 folders.
[2017.12.07-17.34.45:060][  0]LogContentBrowser: Native class hierarchy updated for 'AddContentDialog' in 0.0005 seconds. Added 0 classes and 0 folders.
[2017.12.07-17.34.45:100][  0]LogContentBrowser: Native class hierarchy updated for 'SceneOutliner' in 0.0006 seconds. Added 1 classes and 2 folders.
[2017.12.07-17.34.45:119][  0]LogSlate: Took 0.000154 seconds to synchronously load lazily loaded font '../../../Engine/Content/Slate/Fonts/Roboto-Regular.ttf' (155K)
[2017.12.07-17.34.45:120][  0]LogSlate: Took 0.000137 seconds to synchronously load lazily loaded font '../../../Engine/Content/Slate/Fonts/Roboto-Bold.ttf' (160K)
[2017.12.07-17.34.45:125][  0]LogSlate: Took 0.000149 seconds to synchronously load lazily loaded font '../../../Engine/Content/Editor/Slate/Fonts/FontAwesome.ttf' (139K)
[2017.12.07-17.34.45:208][  0]LogRenderer: Reallocating scene render targets to support 1616x628 Format 10 NumSamples 1 (Frame:1).
[2017.12.07-17.34.45:429][  0]LogContentBrowser: Native class hierarchy updated for 'HierarchicalLODOutliner' in 0.0005 seconds. Added 1 classes and 2 folders.
[2017.12.07-17.34.45:429][  0]LogLoad: (Engine Initialization) Total time: 16.66 seconds
[2017.12.07-17.34.45:429][  0]LogLoad: (Engine Initialization) Total Blueprint compile time: 0.00 seconds
[2017.12.07-17.34.45:429][  0]LogExternalProfiler: No external profilers were discovered.  External profiling features will not be available.
[2017.12.07-17.34.45:468][  0]SourceControl: On branch V1.5.1
[2017.12.07-17.34.45:468][  0]SourceControl: Your branch is up-to-date with 'origin/V1.5.1'.
[2017.12.07-17.34.45:468][  0]SourceControl: No commands done.
[2017.12.07-17.34.45:468][  0]SourceControl: Next commands to do (2 remaining commands):
[2017.12.07-17.34.45:468][  0]SourceControl:    pick b627089 Redid mt backdrop and started work on a desert zone
[2017.12.07-17.34.45:468][  0]SourceControl:    pick 5400dc0 Revert "Redid mt backdrop and started work on a desert zone"
[2017.12.07-17.34.45:468][  0]SourceControl:   (use "git rebase --edit-todo" to view and edit)
[2017.12.07-17.34.45:468][  0]SourceControl: You are currently editing a commit while rebasing branch 'V1.5.1' on 'ad616f1'.
[2017.12.07-17.34.45:468][  0]SourceControl:   (use "git commit --amend" to amend the current commit)
[2017.12.07-17.34.45:469][  0]SourceControl:   (use "git rebase --continue" once you are satisfied with your changes)
[2017.12.07-17.34.45:469][  0]SourceControl: Changes not staged for commit:
[2017.12.07-17.34.45:469][  0]SourceControl:   (use "git add/rm <file>..." to update what will be committed)
[2017.12.07-17.34.45:469][  0]SourceControl:   (use "git checkout -- <file>..." to discard changes in working directory)
[2017.12.07-17.34.45:469][  0]SourceControl: 	modified:   Content/2DSideScrollerBP/Blueprints/UI/HPBar_Enemy_BP.uasset
[2017.12.07-17.34.45:469][  0]SourceControl: 	modified:   Intermediate/AssetRegistryCache/c90e3f55.bin
[2017.12.07-17.34.45:469][  0]SourceControl: 	modified:   Intermediate/CachedAssetRegistry.bin
[2017.12.07-17.34.45:469][  0]SourceControl: 	modified:   Saved/Autosaves/PackageRestoreData.json
[2017.12.07-17.34.45:469][  0]SourceControl: 	modified:   Saved/Config/Windows/Editor.ini
[2017.12.07-17.34.45:469][  0]SourceControl: 	modified:   Saved/Config/Windows/EditorPerProjectUserSettings.ini
[2017.12.07-17.34.45:469][  0]SourceControl: 	modified:   Saved/Config/Windows/Engine.ini
[2017.12.07-17.34.45:469][  0]SourceControl: 	deleted:    Saved/Logs/InsertNameAdventure-backup-2017.11.27-13.57.19.log
[2017.12.07-17.34.45:469][  0]SourceControl: 	deleted:    Saved/Logs/InsertNameAdventure-backup-2017.11.27-14.40.57.log
[2017.12.07-17.34.45:469][  0]SourceControl: 	deleted:    Saved/Logs/InsertNameAdventure-backup-2017.12.06-11.50.05.log
[2017.12.07-17.34.45:469][  0]SourceControl: 	modified:   Saved/Logs/InsertNameAdventure.log
[2017.12.07-17.34.45:469][  0]SourceControl: Untracked files:
[2017.12.07-17.34.45:469][  0]SourceControl:   (use "git add <file>..." to include in what will be committed)
[2017.12.07-17.34.45:469][  0]SourceControl: 	Saved/Backup/HPBar_Enemy_BP_2017-12-07-10-34-04.uasset
[2017.12.07-17.34.45:469][  0]SourceControl: 	Saved/Config/CrashReportClient/UE4CC-Windows-1C9AEBE34F0AB72E382E66BE4D69DEC8/
[2017.12.07-17.34.45:469][  0]SourceControl: 	Saved/Config/CrashReportClient/UE4CC-Windows-59C3B56B473D939D2C343EA434C9D4F6/
[2017.12.07-17.34.45:469][  0]SourceControl: 	Saved/Config/CrashReportClient/UE4CC-Windows-D360DDB346BDB87939E483B47DF28B68/
[2017.12.07-17.34.45:469][  0]SourceControl: 	Saved/Logs/InsertNameAdventure-backup-2017.12.07-10.29.58.log
[2017.12.07-17.34.45:469][  0]SourceControl: 	Saved/Logs/InsertNameAdventure-backup-2017.12.07-10.31.50.log
[2017.12.07-17.34.45:469][  0]SourceControl: 	Saved/Logs/InsertNameAdventure-backup-2017.12.07-10.34.29.log
[2017.12.07-17.34.45:469][  0]SourceControl: no changes added to commit (use "git add" and/or "git commit -a")
[2017.12.07-17.34.45:469][  0]LogContentStreaming: Texture pool size now 1000 MB
[2017.12.07-17.34.45:520][  0]LogSlate: Took 0.000170 seconds to synchronously load lazily loaded font '../../../Engine/Content/Slate/Fonts/Roboto-Light.ttf' (159K)
[2017.12.07-17.34.45:536][  1]LogAssetRegistry: Asset discovery search completed in 11.7163 seconds
[2017.12.07-17.34.45:539][  1]LogCollectionManager: Rebuilt the object cache for 0 collections in 0.000001 seconds (found 0 objects)
[2017.12.07-17.34.45:539][  1]LogCollectionManager: Fixed up redirectors for 0 collections in 0.000051 seconds (updated 0 objects)
[2017.12.07-17.34.46:482][ 67]LogSlate: Took 0.000376 seconds to synchronously load lazily loaded font '../../../Engine/Content/Slate/Fonts/Roboto-Light.ttf' (159K)
[2017.12.07-17.34.48:294][166]LogSlate: Took 0.000132 seconds to synchronously load lazily loaded font '../../../Engine/Content/Slate/Fonts/Roboto-Light.ttf' (159K)
[2017.12.07-17.34.48:672][166]LogContentBrowser: Native class hierarchy updated for 'BlueprintGraph' in 0.0010 seconds. Added 113 classes and 0 folders.
[2017.12.07-17.34.49:737][166]LogSlate: Took 0.000222 seconds to synchronously load lazily loaded font '../../../Engine/Content/Editor/Slate/Fonts/Roboto-BoldCondensed.ttf' (158K)
[2017.12.07-17.34.49:811][167]LogParticles: Warning: Spawning 28000 GPU particles in one frame[168]: RainFall4_PS/Particle Emitter
[2017.12.07-17.34.49:814][167]LogSlate: Took 0.000159 seconds to synchronously load lazily loaded font '../../../Engine/Content/Editor/Slate/Fonts/Roboto-Italic.ttf' (157K)
[2017.12.07-17.34.50:525][238]LogFileCache: Retrieving MD5 hashes for directory 'C:/Users/rajjj/OneDrive/Documents/GitHub/DatBoiEntertainmetnGame_/Content/' took 5.07s
[2017.12.07-17.34.55:753][741]LogAIModule: Creating AISystem for world Test_Area1
[2017.12.07-17.34.55:789][741]Cmd: MAP LOAD FILE="../../../../../../Users/rajjj/OneDrive/Documents/GitHub/DatBoiEntertainmetnGame_/Content/2DSideScrollerBP/Maps/Levels/Test_Area1.umap" TEMPLATE=0 SHOWPROGRESS=1 FEATURELEVEL=3
[2017.12.07-17.34.55:789][741]LightingResults: New page: Lighting Build
[2017.12.07-17.34.55:790][741]LoadErrors: New page: Loading map: Test_Area1.umap
[2017.12.07-17.34.55:793][741]MapCheck: New page: Map Check
[2017.12.07-17.34.55:793][741]LightingResults: New page: Lighting Build
[2017.12.07-17.34.55:829][741]LogEditorServer: Finished looking for orphan Actors (0.000 secs)
[2017.12.07-17.34.55:907][741]Cmd: MAP CHECKDEP NOCLEARLOG
[2017.12.07-17.34.55:978][741]MapCheck: Map check complete: 0 Error(s), 0 Warning(s), took 71.441ms to complete.
[2017.12.07-17.34.55:979][741]LogFileHelpers: Loading map 'Test_Area1' took 0.191
[2017.12.07-17.34.57:391][854]LogTemp: Repeating last play command: Selected Viewport
[2017.12.07-17.34.57:480][854]LogPlayLevel: PlayLevel: No blueprints needed recompiling
[2017.12.07-17.34.57:480][854]PIE: New page: PIE session: Test_Area1 (Dec 7, 2017, 3:34:57 AM)
[2017.12.07-17.34.57:480][854]LogPlayLevel: Creating play world package: /Game/2DSideScrollerBP/Maps/Levels/UEDPIE_0_Test_Area1
[2017.12.07-17.34.57:482][854]LogPlayLevel: PIE: StaticDuplicateObject took: (0.001928s)
[2017.12.07-17.34.57:483][854]LogAIModule: Creating AISystem for world Test_Area1
[2017.12.07-17.34.57:483][854]LogPlayLevel: PIE: World Init took: (0.000587s)
[2017.12.07-17.34.57:483][854]LogPlayLevel: PIE: Created PIE world by copying editor world from /Game/2DSideScrollerBP/Maps/Levels/Test_Area1.Test_Area1 to /Game/2DSideScrollerBP/Maps/Levels/UEDPIE_0_Test_Area1.Test_Area1 (0.002736s)
[2017.12.07-17.34.57:504][854]LogInit: XAudio2 using 'Speakers (2- Logitech G930 Headset)' : 2 channels at 48 kHz using 16 bits per sample (channel mask 0x3)
[2017.12.07-17.34.57:509][854]LogInit: FAudioDevice initialized.
[2017.12.07-17.34.57:555][854]LogLoad: Game class is '2DSideScrollerGameMode_C'
[2017.12.07-17.34.57:561][854]LogWorld: Bringing World /Game/2DSideScrollerBP/Maps/Levels/UEDPIE_0_Test_Area1.Test_Area1 up for play (max tick rate 0) at 2017.12.07-10.34.57
[2017.12.07-17.34.57:563][854]LogWorld: Bringing up level for play took: 0.006800
[2017.12.07-17.34.57:601][854]LogContentBrowser: Native class hierarchy updated for 'MovieSceneCapture' in 0.0006 seconds. Added 11 classes and 0 folders.
[2017.12.07-17.34.57:610][854]PIE: Play in editor start time for /Game/2DSideScrollerBP/Maps/Levels/UEDPIE_0_Test_Area1 -0.175
[2017.12.07-17.35.47:766][615]LogTemp: Repeating last play command: Selected Viewport
[2017.12.07-17.35.47:803][615]LogPlayLevel: PlayLevel: No blueprints needed recompiling
[2017.12.07-17.35.47:803][615]PIE: New page: PIE session: Test_Area1 (Dec 7, 2017, 3:35:47 AM)
[2017.12.07-17.35.47:803][615]LogPlayLevel: Creating play world package: /Game/2DSideScrollerBP/Maps/Levels/UEDPIE_0_Test_Area1
[2017.12.07-17.35.47:805][615]LogPlayLevel: PIE: StaticDuplicateObject took: (0.001949s)
[2017.12.07-17.35.47:805][615]LogAIModule: Creating AISystem for world Test_Area1
[2017.12.07-17.35.47:805][615]LogPlayLevel: PIE: World Init took: (0.000542s)
[2017.12.07-17.35.47:806][615]LogPlayLevel: PIE: Created PIE world by copying editor world from /Game/2DSideScrollerBP/Maps/Levels/Test_Area1.Test_Area1 to /Game/2DSideScrollerBP/Maps/Levels/UEDPIE_0_Test_Area1.Test_Area1 (0.002765s)
[2017.12.07-17.35.47:829][615]LogInit: XAudio2 using 'Speakers (2- Logitech G930 Headset)' : 2 channels at 48 kHz using 16 bits per sample (channel mask 0x3)
[2017.12.07-17.35.47:834][615]LogInit: FAudioDevice initialized.
[2017.12.07-17.35.47:864][615]LogLoad: Game class is '2DSideScrollerGameMode_C'
[2017.12.07-17.35.47:870][615]LogWorld: Bringing World /Game/2DSideScrollerBP/Maps/Levels/UEDPIE_0_Test_Area1.Test_Area1 up for play (max tick rate 0) at 2017.12.07-10.35.47
[2017.12.07-17.35.47:871][615]LogWorld: Bringing up level for play took: 0.006156
[2017.12.07-17.35.47:880][615]PIE: Play in editor start time for /Game/2DSideScrollerBP/Maps/Levels/UEDPIE_0_Test_Area1 0.094
