Log file open, 07/11/17 10:19:41
LogInit:Display: Running engine for game: InsertNameAdventure
LogPlatformFile: Not using cached read wrapper
LogInit:Display: RandInit(2004771440) SRandInit(2004771440).
LogTaskGraph: Started task graph with 5 named threads and 8 total threads with 1 sets of task threads.
LogStats: Stats thread started at 0.082932
LogInit: Using libcurl 7.47.1
LogInit:  - built for x86_64-pc-win32
LogInit:  - supports SSL with OpenSSL/1.0.2g
LogInit:  - supports HTTP deflate (compression) using libz 1.2.8
LogInit:  - other features:
LogInit:      CURL_VERSION_SSL
LogInit:      CURL_VERSION_LIBZ
LogInit:      CURL_VERSION_IPV6
LogInit:      CURL_VERSION_ASYNCHDNS
LogInit:      CURL_VERSION_LARGEFILE
LogInit:      CURL_VERSION_IDN
LogInit:  CurlRequestOptions (configurable via config and command line):
LogInit:  - bVerifyPeer = false  - Libcurl will NOT verify peer certificate
LogInit:  - bUseHttpProxy = false  - Libcurl will NOT use HTTP proxy
LogInit:  - bDontReuseConnections = false  - Libcurl will reuse connections
LogInit:  - CertBundlePath = nullptr  - Libcurl will use whatever was configured at build time.
LogInit: Build: ++UE4+Release-4.16-CL-3466753
LogInit: Engine Version: 4.16.1-3466753+++UE4+Release-4.16
LogInit: Compatible Engine Version: 4.16.0-3452394+++UE4+Release-4.16
LogInit: Net CL: 3452394
LogDevObjectVersion: Number of dev versions registered: 16
LogDevObjectVersion:   Dev-Blueprints (B0D832E4-1F89-4F0D-ACCF-7EB736FD4AA2): 9
LogDevObjectVersion:   Dev-Build (E1C64328-A22C-4D53-A36C-8E866417BD8C): 0
LogDevObjectVersion:   Dev-Core (375EC13C-06E4-48FB-B500-84F0262A717E): 2
LogDevObjectVersion:   Dev-Editor (E4B068ED-F494-42E9-A231-DA0B2E46BB41): 17
LogDevObjectVersion:   Dev-Framework (CFFC743F-43B0-4480-9391-14DF171D2073): 23
LogDevObjectVersion:   Dev-Mobile (B02B49B5-BB20-44E9-A304-32B752E40360): 0
LogDevObjectVersion:   Dev-Networking (A4E4105C-59A1-49B5-A7C5-40C4547EDFEE): 0
LogDevObjectVersion:   Dev-Online (39C831C9-5AE6-47DC-9A44-9C173E1C8E7C): 0
LogDevObjectVersion:   Dev-Physics (78F01B33-EBEA-4F98-B9B4-84EACCB95AA2): 0
LogDevObjectVersion:   Dev-Platform (6631380F-2D4D-43E0-8009-CF276956A95A): 0
LogDevObjectVersion:   Dev-Rendering (12F88B9F-8875-4AFC-A67C-D90C383ABD29): 15
LogDevObjectVersion:   Dev-Sequencer (7B5AE74C-D270-4C10-A958-57980B212A5A): 4
LogDevObjectVersion:   Dev-VR (D7296918-1DD6-4BDD-9DE2-64A83CC13884): 0
LogDevObjectVersion:   Dev-LoadTimes (C2A15278-BFE7-4AFE-6C17-90FF531DF755): 1
LogDevObjectVersion:   Private-Geometry (6EACA3D4-40EC-4CC1-B786-8BED09428FC5): 1
LogDevObjectVersion:   Dev-AnimPhys (29E575DD-E0A3-4627-9D10-D276232CDCEA): 3
LogInit: Compiled (64-bit): May 31 2017 02:03:30
LogInit: Compiled with Visual C++: 19.00.24215.01
LogInit: Build Configuration: Development
LogInit: Branch Name: ++UE4+Release-4.16
LogInit: Command line:  
LogInit: Base directory: C:/Program Files/Epic Games/UE_4.16/Engine/Binaries/Win64/
LogInit: Installed Engine Build: 1
LogInit: Presizing for max 8388607 objects, including 0 objects not considered by GC, pre-allocating 0 bytes for permanent pool.
LogInit: Object subsystem initialized
[2017.07.11-16.19.41:549][  0]LogInit: Selected Device Profile: [Windows]
[2017.07.11-16.19.41:549][  0]LogInit: Applying CVar settings loaded from the selected device profile: [Windows]
[2017.07.11-16.19.41:570][  0]LogInit: Computer: DESKTOP-SV0KJJ8
[2017.07.11-16.19.41:570][  0]LogInit: User: gentry
[2017.07.11-16.19.41:570][  0]LogInit: CPU Page size=4096, Cores=4
[2017.07.11-16.19.41:570][  0]LogInit: High frequency timer resolution =3.421876 MHz
[2017.07.11-16.19.41:571][  0]LogMemory: Memory total: Physical=8.0GB (8GB approx)
[2017.07.11-16.19.41:571][  0]LogMemory: Platform Memory Stats for Windows
[2017.07.11-16.19.41:571][  0]LogMemory: Process Physical Memory: 273.53 MB used, 273.53 MB peak
[2017.07.11-16.19.41:571][  0]LogMemory: Process Virtual Memory: 270.54 MB used, 270.54 MB peak
[2017.07.11-16.19.41:571][  0]LogMemory: Physical Memory: 3598.09 MB used,  4558.60 MB free, 8156.69 MB total
[2017.07.11-16.19.41:571][  0]LogMemory: Virtual Memory: 633.06 MB used,  4558.60 MB free, 134217728.00 MB total
[2017.07.11-16.19.41:650][  0]LogInit: Using OS detected language (en-US).
[2017.07.11-16.19.41:650][  0]LogInit: Using OS detected locale (en-US).
[2017.07.11-16.19.41:653][  0]LogTextLocalizationManager: No specific localization for 'en-US' exists, so the 'en' localization will be used.
[2017.07.11-16.19.42:428][  0]LogD3D11RHI: D3D11 adapters:
[2017.07.11-16.19.42:901][  0]LogD3D11RHI:    0. 'NVIDIA GeForce GTX 1070' (Feature Level 11_0)
[2017.07.11-16.19.42:901][  0]LogD3D11RHI:       8119/0/4078 MB DedicatedVideo/DedicatedSystem/SharedSystem, Outputs:1, VendorId:0x10de
[2017.07.11-16.19.42:902][  0]LogD3D11RHI:    1. 'Microsoft Basic Render Driver' (Feature Level 11_0)
[2017.07.11-16.19.42:902][  0]LogD3D11RHI:       0/0/4078 MB DedicatedVideo/DedicatedSystem/SharedSystem, Outputs:0, VendorId:0x1414
[2017.07.11-16.19.42:902][  0]LogD3D11RHI: Chosen D3D11 Adapter: 0
[2017.07.11-16.19.42:907][  0]LogD3D11RHI: Creating new Direct3DDevice
[2017.07.11-16.19.42:907][  0]LogD3D11RHI:     GPU DeviceId: 0x1b81 (for the marketing name, search the web for "GPU Device Id")
[2017.07.11-16.19.42:907][  0]LogWindows: EnumDisplayDevices:
[2017.07.11-16.19.42:907][  0]LogWindows:    0. 'NVIDIA GeForce GTX 1070' (P:1 D:1)
[2017.07.11-16.19.42:907][  0]LogWindows:    1. 'NVIDIA GeForce GTX 1070' (P:0 D:0)
[2017.07.11-16.19.42:907][  0]LogWindows:    2. 'NVIDIA GeForce GTX 1070' (P:0 D:0)
[2017.07.11-16.19.42:907][  0]LogWindows:    3. 'NVIDIA GeForce GTX 1070' (P:0 D:0)
[2017.07.11-16.19.42:907][  0]LogWindows: DebugString: FoundDriverCount:4 
[2017.07.11-16.19.42:907][  0]LogD3D11RHI:     Adapter Name: NVIDIA GeForce GTX 1070
[2017.07.11-16.19.42:907][  0]LogD3D11RHI:   Driver Version: 382.53 (internal:22.21.13.8253, unified:382.53)
[2017.07.11-16.19.42:907][  0]LogD3D11RHI:      Driver Date: 6-7-2017
[2017.07.11-16.19.42:907][  0]LogRHI: Texture pool is 1361 MB (70% of 1945 MB)
[2017.07.11-16.19.43:354][  0]LogD3D11RHI: Async texture creation enabled
[2017.07.11-16.19.43:380][  0]LogD3D11RHI: GPU Timing Frequency: 1000.000000 (Debug: 2 1)
[2017.07.11-16.19.43:381][  0]LogShaderCompilers: Guid format shader working directory is -25 characters bigger than the processId version (../../../../../../Users/gentry/Documents/GitHub/DatBoiEntertainmetnGame_/Intermediate/Shaders/WorkingDirectory/2000/).
[2017.07.11-16.19.43:381][  0]LogShaderCompilers: Cleaned the shader compiler working directory 'C:/Users/gentry/AppData/Local/Temp/UnrealShaderWorkingDir/068A278C4EFC38E679EE2F9D52C306AC/'.
[2017.07.11-16.19.43:381][  0]LogShaderCompilers:Display: Using Local Shader Compiler.
[2017.07.11-16.19.44:215][  0]LogTemp:Display: Loaded TP AllDesktopTargetPlatform
[2017.07.11-16.19.44:263][  0]LogTemp:Display: Loaded TP MacClientTargetPlatform
[2017.07.11-16.19.44:312][  0]LogTemp:Display: Loaded TP MacNoEditorTargetPlatform
[2017.07.11-16.19.44:360][  0]LogTemp:Display: Loaded TP MacServerTargetPlatform
[2017.07.11-16.19.44:410][  0]LogTemp:Display: Loaded TP MacTargetPlatform
[2017.07.11-16.19.44:458][  0]LogTemp:Display: Loaded TP WindowsClientTargetPlatform
[2017.07.11-16.19.44:506][  0]LogTemp:Display: Loaded TP WindowsNoEditorTargetPlatform
[2017.07.11-16.19.44:553][  0]LogTemp:Display: Loaded TP WindowsServerTargetPlatform
[2017.07.11-16.19.44:596][  0]LogTemp:Display: Loaded TP WindowsTargetPlatform
[2017.07.11-16.19.44:642][  0]LogTemp:Display: Loaded TP AndroidTargetPlatform
[2017.07.11-16.19.44:689][  0]LogTemp:Display: Loaded TP Android_ASTCTargetPlatform
[2017.07.11-16.19.44:735][  0]LogTemp:Display: Loaded TP Android_ATCTargetPlatform
[2017.07.11-16.19.44:781][  0]LogTemp:Display: Loaded TP Android_DXTTargetPlatform
[2017.07.11-16.19.44:828][  0]LogTemp:Display: Loaded TP Android_ETC1TargetPlatform
[2017.07.11-16.19.44:874][  0]LogTemp:Display: Loaded TP Android_ETC2TargetPlatform
[2017.07.11-16.19.44:968][  0]LogTemp:Display: Loaded TP Android_MultiTargetPlatform
[2017.07.11-16.19.44:968][  0]LogTemp:Display: Loaded TP Android_PVRTCTargetPlatform
[2017.07.11-16.19.45:006][  0]LogTemp:Display: Loaded TP HTML5TargetPlatform
[2017.07.11-16.19.45:091][  0]LogTemp:Display: Loaded TP IOSTargetPlatform
[2017.07.11-16.19.45:116][  0]LogTemp:Display: Loaded TP TVOSTargetPlatform
[2017.07.11-16.19.45:162][  0]LogTemp:Display: Loaded TP LinuxClientTargetPlatform
[2017.07.11-16.19.45:208][  0]LogTemp:Display: Loaded TP LinuxNoEditorTargetPlatform
[2017.07.11-16.19.45:254][  0]LogTemp:Display: Loaded TP LinuxServerTargetPlatform
[2017.07.11-16.19.45:301][  0]LogTemp:Display: Loaded TP LinuxTargetPlatform
[2017.07.11-16.19.45:301][  0]LogTargetPlatformManager:Display: Building Assets For Windows
[2017.07.11-16.19.45:734][  0]LogDerivedDataCache:Display: Max Cache Size: 512 MB
[2017.07.11-16.19.45:807][  0]LogDerivedDataCache: Loaded boot cache 0.07s 90MB C:/Users/gentry/AppData/Local/UnrealEngine/4.16/DerivedDataCache/Boot.ddc.
[2017.07.11-16.19.45:807][  0]LogDerivedDataCache:Display: Loaded Boot cache: C:/Users/gentry/AppData/Local/UnrealEngine/4.16/DerivedDataCache/Boot.ddc
[2017.07.11-16.19.45:807][  0]LogDerivedDataCache: FDerivedDataBackendGraph:  Pak pak cache file ../../../../../../Users/gentry/Documents/GitHub/DatBoiEntertainmetnGame_/DerivedDataCache/DDC.ddp not found, will not use a pak cache.
[2017.07.11-16.19.45:807][  0]LogDerivedDataCache: Unable to find inner node Pak for hierarchical cache Hierarchy.
[2017.07.11-16.19.45:807][  0]LogDerivedDataCache: FDerivedDataBackendGraph:  CompressedPak pak cache file ../../../../../../Users/gentry/Documents/GitHub/DatBoiEntertainmetnGame_/DerivedDataCache/Compressed.ddp not found, will not use a pak cache.
[2017.07.11-16.19.45:807][  0]LogDerivedDataCache: Unable to find inner node CompressedPak for hierarchical cache Hierarchy.
[2017.07.11-16.19.45:820][  0]LogDerivedDataCache:Display: Pak cache opened for reading ../../../Engine/DerivedDataCache/Compressed.ddp.
[2017.07.11-16.19.45:832][  0]LogDerivedDataCache: Using Local data cache path C:/Users/gentry/AppData/Local/UnrealEngine/Common/DerivedDataCache: Writable
[2017.07.11-16.19.45:840][  0]LogMaterial: Verifying Global Shaders for PCD3D_SM5
[2017.07.11-16.19.45:840][  0]LogSlate: Using Freetype 2.6.0
[2017.07.11-16.19.45:841][  0]LogSlate: SlateFontCache - WITH_FREETYPE: 1, WITH_HARFBUZZ: 1
[2017.07.11-16.19.45:841][  0]LogSlate: SlateFontCache - WITH_FREETYPE: 1, WITH_HARFBUZZ: 1
[2017.07.11-16.19.46:126][  0]LogInit: Selected Device Profile: [Windows]
[2017.07.11-16.19.46:188][  0]LogContentStreaming: Texture pool size is 0.00 MB
[2017.07.11-16.19.46:326][  0]LogMeshUtilities: Using QuadricMeshReduction for automatic static mesh reduction
[2017.07.11-16.19.46:371][  0]LogSimplygon: Simplygon DLL not present - disabling.
[2017.07.11-16.19.46:423][  0]LogMeshUtilities: Using SimplygonSwarm for distributed automatic mesh merging
[2017.07.11-16.19.46:423][  0]LogMeshUtilities: No automatic skeletal mesh reduction module available
[2017.07.11-16.19.46:423][  0]LogMeshUtilities: No automatic mesh merging module available
[2017.07.11-16.19.46:972][  0]LogNetVersion: InsertNameAdventure , NetCL: 3452394, EngineNetVer: 2, GameNetVer: 0 (Checksum: 1278457987)
[2017.07.11-16.19.47:032][  0]LogAssetRegistry: FAssetRegistry took 0.0253 seconds to start up
[2017.07.11-16.19.47:092][  0]LogPackageLocalizationCache: Processed 4 localized package path(s) for 2 prioritized culture(s) in 0.041882 seconds
[2017.07.11-16.19.47:096][  0]LogUObjectArray: 34194 objects as part of root set at end of initial load.
[2017.07.11-16.19.47:096][  0]LogUObjectAllocator: 7260416 out of 0 bytes used by permanent object pool.
[2017.07.11-16.19.47:096][  0]LogUObjectArray: CloseDisregardForGC: 0/0 objects in disregard for GC pool
[2017.07.11-16.19.47:152][  0]LogInit: WinSock: version 1.1 (2.2), MaxSocks=32767, MaxUdp=65467
[2017.07.11-16.19.49:700][  0]LogTcpMessaging: Initializing TcpMessaging bridge
[2017.07.11-16.19.49:738][  0]LogUdpMessaging: Initializing bridge on interface 0.0.0.0:0 to multicast group 230.0.0.1:6666.
[2017.07.11-16.19.50:340][  0]LogMaterial: Uniform references updated for custom material expression Custom.
[2017.07.11-16.19.50:739][  0]SourceControl: Info Source control is disabled
[2017.07.11-16.19.52:177][  0]LogAndroidPermission: UAndroidPermissionCallbackProxy::GetInstance
[2017.07.11-16.19.52:761][  0]LogEngine: Initializing Engine...
[2017.07.11-16.19.52:762][  0]LogHMD: Failed to initialize OpenVR with code 110
[2017.07.11-16.19.52:935][  0]LogStats: UGameplayTagsManager::ConstructGameplayTagTree: Construct from data asset -  0.000 s
[2017.07.11-16.19.52:935][  0]LogStats: UGameplayTagsManager::ConstructGameplayTagTree: GameplayTagTreeChangedEvent.Broadcast -  0.000 s
[2017.07.11-16.19.53:071][  0]LogAIModule: Creating AISystem for world Untitled
[2017.07.11-16.19.53:079][  0]LogInit: XAudio2 using 'Speakers (Realtek High Definition Audio)' : 2 channels at 48 kHz using 32 bits per sample (channel mask 0x3)
[2017.07.11-16.19.53:096][  0]LogInit: FAudioDevice initialized.
[2017.07.11-16.19.53:134][  0]LogDerivedDataCache: Saved boot cache 0.04s 90MB C:/Users/gentry/AppData/Local/UnrealEngine/4.16/DerivedDataCache/Boot.ddc.
[2017.07.11-16.19.53:137][  0]LogInit: Texture streaming: Enabled
[2017.07.11-16.19.53:218][  0]LogEngineSessionManager: EngineSessionManager initialized
[2017.07.11-16.19.53:436][  0]LogInit: Transaction tracking system initialized
[2017.07.11-16.19.53:743][  0]BlueprintLog: New page: Editor Load
[2017.07.11-16.19.54:649][  0]LocalizationService: Info Localization service is disabled
[2017.07.11-16.19.55:339][  0]LogConsoleResponse:Display: 
[2017.07.11-16.19.55:480][  0]LogCook:Display: Max memory allowance for cook 16384mb min free memory 0mb
[2017.07.11-16.19.55:480][  0]LogCook:Display: Mobile HDR setting 1
[2017.07.11-16.19.56:442][  0]LogFileCache: Scanning file cache for directory 'C:/Users/gentry/Documents/GitHub/DatBoiEntertainmetnGame_/Content/' took 0.02s
[2017.07.11-16.19.56:696][  0]Cmd: MAP LOAD FILE="../../../../../../Users/gentry/Documents/GitHub/DatBoiEntertainmetnGame_/Content/2DSideScrollerBP/Maps/2DSideScrollerExampleMap.umap" TEMPLATE=0 SHOWPROGRESS=1 FEATURELEVEL=3
[2017.07.11-16.19.56:706][  0]LogSlate: Took 0.000309 seconds to synchronously load lazily loaded font '../../../Engine/Content/Slate/Fonts/Roboto-Regular.ttf' (155K)
[2017.07.11-16.20.04:794][  0]LogWindowsTextInputMethodSystem:Display: IME system now deactivated.
[2017.07.11-16.20.04:797][  0]LightingResults: New page: Lighting Build
[2017.07.11-16.20.04:841][  0]MapCheck: New page: Map Check
[2017.07.11-16.20.04:841][  0]LightingResults: New page: Lighting Build
[2017.07.11-16.20.04:851][  0]LogAIModule: Creating AISystem for world Untitled
[2017.07.11-16.20.04:853][  0]LoadErrors: New page: New Map
[2017.07.11-16.20.04:924][  0]LogWindowsTextInputMethodSystem:Display: IME system now deactivated.
[2017.07.11-16.20.05:013][  0]LogCollectionManager: Loaded 0 collections in 0.001621 seconds
[2017.07.11-16.20.05:095][  0]LogFileCache: Scanning file cache for directory 'C:/Users/gentry/Documents/GitHub/DatBoiEntertainmetnGame_/Saved/Collections/' took 0.01s
[2017.07.11-16.20.05:095][  0]LogFileCache: Scanning file cache for directory 'C:/Users/gentry/Documents/GitHub/DatBoiEntertainmetnGame_/Content/Developers/gentry/Collections/' took 0.01s
[2017.07.11-16.20.05:095][  0]LogFileCache: Scanning file cache for directory 'C:/Users/gentry/Documents/GitHub/DatBoiEntertainmetnGame_/Content/Collections/' took 0.01s
[2017.07.11-16.20.05:095][  0]LogCollectionManager: Rebuilt the GUID cache for 0 collections in 0.000001 seconds
[2017.07.11-16.20.05:102][  0]LogContentBrowser: Native class hierarchy populated in 0.0069 seconds. Added 2329 classes and 491 folders.
[2017.07.11-16.20.05:163][  0]LogContentBrowser: Native class hierarchy updated for 'WidgetCarousel' in 0.0005 seconds. Added 0 classes and 0 folders.
[2017.07.11-16.20.05:207][  0]LogContentBrowser: Native class hierarchy updated for 'AddContentDialog' in 0.0005 seconds. Added 0 classes and 0 folders.
[2017.07.11-16.20.05:250][  0]LogContentBrowser: Native class hierarchy updated for 'SceneOutliner' in 0.0004 seconds. Added 1 classes and 2 folders.
[2017.07.11-16.20.05:283][  0]LogCrashTracker: Crashtracker disabled due to settings.
[2017.07.11-16.20.05:288][  0]LogSlate: Took 0.000192 seconds to synchronously load lazily loaded font '../../../Engine/Content/Slate/Fonts/Roboto-Bold.ttf' (160K)
[2017.07.11-16.20.05:292][  0]LogSlate: Took 0.000287 seconds to synchronously load lazily loaded font '../../../Engine/Content/Editor/Slate/Fonts/FontAwesome.ttf' (139K)
[2017.07.11-16.20.05:380][  0]LogRenderer: Reallocating scene render targets to support 1004x652 NumSamples 1 (Frame:1).
[2017.07.11-16.20.05:464][  0]LogUObjectGlobals:Warning: Failed to find object 'Class None.'
[2017.07.11-16.20.05:529][  0]LogContentBrowser: Native class hierarchy updated for 'HierarchicalLODOutliner' in 0.0005 seconds. Added 1 classes and 2 folders.
[2017.07.11-16.20.05:529][  0]LogLoad: (Engine Initialization) Total time: 25.62 seconds
[2017.07.11-16.20.05:529][  0]LogLoad: (Engine Initialization) Total Blueprint compile time: 0.04 seconds
[2017.07.11-16.20.05:529][  0]LogExternalProfiler: No external profilers were discovered.  External profiling features will not be available.
[2017.07.11-16.20.05:540][  0]LogOcInput: OculusInput pre-init called
[2017.07.11-16.20.05:540][  0]LogHMD: Starting GearVRController plugin
[2017.07.11-16.20.05:560][  0]SourceControl: Info On branch V1.5.1
[2017.07.11-16.20.05:560][  0]SourceControl: Info Your branch is up-to-date with 'origin/V1.5.1'.
[2017.07.11-16.20.05:560][  0]SourceControl: Info Changes not staged for commit:
[2017.07.11-16.20.05:560][  0]SourceControl: Info   (use "git add/rm <file>..." to update what will be committed)
[2017.07.11-16.20.05:560][  0]SourceControl: Info   (use "git checkout -- <file>..." to discard changes in working directory)
[2017.07.11-16.20.05:560][  0]SourceControl: Info 	modified:   Intermediate/CachedAssetRegistry.bin
[2017.07.11-16.20.05:560][  0]SourceControl: Info 	modified:   Saved/Config/Windows/Editor.ini
[2017.07.11-16.20.05:560][  0]SourceControl: Info 	modified:   Saved/Config/Windows/EditorPerProjectUserSettings.ini
[2017.07.11-16.20.05:560][  0]SourceControl: Info 	modified:   Saved/Config/Windows/Engine.ini
[2017.07.11-16.20.05:560][  0]SourceControl: Info 	deleted:    Saved/Logs/InsertNameAdventure-backup-2017.07.06-17.13.48.log
[2017.07.11-16.20.05:560][  0]SourceControl: Info 	deleted:    Saved/Logs/InsertNameAdventure-backup-2017.07.06-21.26.12.log
[2017.07.11-16.20.05:560][  0]SourceControl: Info 	modified:   Saved/Logs/InsertNameAdventure.log
[2017.07.11-16.20.05:560][  0]SourceControl: Info Untracked files:
[2017.07.11-16.20.05:560][  0]SourceControl: Info   (use "git add <file>..." to include in what will be committed)
[2017.07.11-16.20.05:560][  0]SourceControl: Info 	Saved/Config/CrashReportClient/UE4CC-Windows-826CCBC441D649AECDAAC6A4618B3EC8/
[2017.07.11-16.20.05:560][  0]SourceControl: Info 	Saved/Logs/InsertNameAdventure-backup-2017.07.11-10.19.41.log
[2017.07.11-16.20.05:560][  0]SourceControl: Info no changes added to commit (use "git add" and/or "git commit -a")
[2017.07.11-16.20.05:560][  0]LogContentStreaming: Texture pool size now 1000 MB
[2017.07.11-16.20.05:616][  1]LogAssetRegistry: Asset discovery search completed in 18.6064 seconds
[2017.07.11-16.20.05:618][  1]LogCollectionManager: Rebuilt the object cache for 0 collections in 0.000000 seconds (found 0 objects)
[2017.07.11-16.20.05:618][  1]LogCollectionManager: Fixed up redirectors for 0 collections in 0.000018 seconds (updated 0 objects)
[2017.07.11-16.21.40:682][396]LogSlate: Took 0.001521 seconds to synchronously load lazily loaded font '../../../Engine/Content/Slate/Fonts/Roboto-Light.ttf' (159K)
[2017.07.11-16.21.41:327][396]LogAIModule: Creating AISystem for world Rainforest_Alien
[2017.07.11-16.21.41:361][396]Cmd: MAP LOAD FILE="../../../../../../Users/gentry/Documents/GitHub/DatBoiEntertainmetnGame_/Content/2DSideScrollerBP/Maps/Levels/Rainforest_Alien.umap" TEMPLATE=0 SHOWPROGRESS=1 FEATURELEVEL=3
[2017.07.11-16.21.41:361][396]LightingResults: New page: Lighting Build
[2017.07.11-16.21.41:361][396]LoadErrors: New page: Loading map: Rainforest_Alien.umap
[2017.07.11-16.21.41:362][396]MapCheck: New page: Map Check
[2017.07.11-16.21.41:362][396]LightingResults: New page: Lighting Build
[2017.07.11-16.21.41:403][396]LogEditorServer: Finished looking for orphan Actors (0.000 secs)
[2017.07.11-16.21.41:440][396]Cmd: MAP CHECKDEP NOCLEARLOG
[2017.07.11-16.21.41:530][396]MapCheck: Info Map check complete: 0 Error(s), 0 Warning(s), took 90.335ms to complete.
[2017.07.11-16.21.41:530][396]LogFileHelpers: Loading map 'Rainforest_Alien' took 0.170
[2017.07.11-16.21.44:072][694]LogTemp: Repeting last play command: New Editor Window (PIE)
[2017.07.11-16.21.44:118][694]LogPlayLevel: PlayLevel: No blueprints needed recompiling
[2017.07.11-16.21.44:119][694]PIE: New page: PIE session: Rainforest_Alien (Jul 11, 2017, 4:21:44 AM)
[2017.07.11-16.21.44:120][694]LogPlayLevel: Creating play world package: /Game/2DSideScrollerBP/Maps/Levels/UEDPIE_0_Rainforest_Alien
[2017.07.11-16.21.44:137][694]LogPlayLevel: PIE: StaticDuplicateObject took: (0.017210s)
[2017.07.11-16.21.44:137][694]LogAIModule: Creating AISystem for world Rainforest_Alien
[2017.07.11-16.21.44:138][694]LogPlayLevel: PIE: World Init took: (0.000464s)
[2017.07.11-16.21.44:138][694]LogPlayLevel: PIE: Created PIE world by copying editor world from /Game/2DSideScrollerBP/Maps/Levels/Rainforest_Alien.Rainforest_Alien to /Game/2DSideScrollerBP/Maps/Levels/UEDPIE_0_Rainforest_Alien.Rainforest_Alien (0.018487s)
[2017.07.11-16.21.44:152][694]LogInit: XAudio2 using 'Speakers (Realtek High Definition Audio)' : 2 channels at 48 kHz using 32 bits per sample (channel mask 0x3)
[2017.07.11-16.21.44:164][694]LogInit: FAudioDevice initialized.
[2017.07.11-16.21.44:223][694]LogLoad: Game class is '2DSideScrollerGameMode_C'
[2017.07.11-16.21.44:244][694]LogWorld: Bringing World /Game/2DSideScrollerBP/Maps/Levels/UEDPIE_0_Rainforest_Alien.Rainforest_Alien up for play (max tick rate 0) at 2017.07.11-10.21.44
[2017.07.11-16.21.44:254][694]LogWorld: Bringing up level for play took: 0.024766
[2017.07.11-16.21.44:311][694]LogContentBrowser: Native class hierarchy updated for 'MovieSceneCapture' in 0.0005 seconds. Added 11 classes and 0 folders.
[2017.07.11-16.21.44:329][694]PIE: Info Play in editor start time for /Game/2DSideScrollerBP/Maps/Levels/UEDPIE_0_Rainforest_Alien 0.009
[2017.07.11-16.21.44:376][694]LogRenderer: Reallocating scene render targets to support 1292x756 NumSamples 1 (Frame:1).
[2017.07.11-16.22.39:046][236]LogTemp: Repeting last play command: New Editor Window (PIE)
[2017.07.11-16.22.39:061][236]LogPlayLevel: PlayLevel: No blueprints needed recompiling
[2017.07.11-16.22.39:061][236]PIE: New page: PIE session: Rainforest_Alien (Jul 11, 2017, 4:22:39 AM)
[2017.07.11-16.22.39:061][236]LogPlayLevel: Creating play world package: /Game/2DSideScrollerBP/Maps/Levels/UEDPIE_0_Rainforest_Alien
[2017.07.11-16.22.39:078][236]LogPlayLevel: PIE: StaticDuplicateObject took: (0.016756s)
[2017.07.11-16.22.39:078][236]LogAIModule: Creating AISystem for world Rainforest_Alien
[2017.07.11-16.22.39:078][236]LogPlayLevel: PIE: World Init took: (0.000528s)
[2017.07.11-16.22.39:079][236]LogPlayLevel: PIE: Created PIE world by copying editor world from /Game/2DSideScrollerBP/Maps/Levels/Rainforest_Alien.Rainforest_Alien to /Game/2DSideScrollerBP/Maps/Levels/UEDPIE_0_Rainforest_Alien.Rainforest_Alien (0.017594s)
[2017.07.11-16.22.39:091][236]LogInit: XAudio2 using 'Speakers (Realtek High Definition Audio)' : 2 channels at 48 kHz using 32 bits per sample (channel mask 0x3)
[2017.07.11-16.22.39:104][236]LogInit: FAudioDevice initialized.
[2017.07.11-16.22.39:143][236]LogLoad: Game class is '2DSideScrollerGameMode_C'
[2017.07.11-16.22.39:158][236]LogWorld: Bringing World /Game/2DSideScrollerBP/Maps/Levels/UEDPIE_0_Rainforest_Alien.Rainforest_Alien up for play (max tick rate 0) at 2017.07.11-10.22.39
[2017.07.11-16.22.39:167][236]LogWorld: Bringing up level for play took: 0.022788
[2017.07.11-16.22.39:173][236]PIE: Info Play in editor start time for /Game/2DSideScrollerBP/Maps/Levels/UEDPIE_0_Rainforest_Alien 0.853
[2017.07.11-16.24.56:260][655]LogTemp: Repeting last play command: New Editor Window (PIE)
[2017.07.11-16.24.56:274][655]LogPlayLevel: PlayLevel: No blueprints needed recompiling
[2017.07.11-16.24.56:274][655]PIE: New page: PIE session: Rainforest_Alien (Jul 11, 2017, 4:24:56 AM)
[2017.07.11-16.24.56:274][655]LogPlayLevel: Creating play world package: /Game/2DSideScrollerBP/Maps/Levels/UEDPIE_0_Rainforest_Alien
[2017.07.11-16.24.56:291][655]LogPlayLevel: PIE: StaticDuplicateObject took: (0.016567s)
[2017.07.11-16.24.56:291][655]LogAIModule: Creating AISystem for world Rainforest_Alien
[2017.07.11-16.24.56:291][655]LogPlayLevel: PIE: World Init took: (0.000515s)
[2017.07.11-16.24.56:291][655]LogPlayLevel: PIE: Created PIE world by copying editor world from /Game/2DSideScrollerBP/Maps/Levels/Rainforest_Alien.Rainforest_Alien to /Game/2DSideScrollerBP/Maps/Levels/UEDPIE_0_Rainforest_Alien.Rainforest_Alien (0.017394s)
[2017.07.11-16.24.56:303][655]LogInit: XAudio2 using 'Speakers (Realtek High Definition Audio)' : 2 channels at 48 kHz using 32 bits per sample (channel mask 0x3)
[2017.07.11-16.24.56:317][655]LogInit: FAudioDevice initialized.
[2017.07.11-16.24.56:362][655]LogLoad: Game class is '2DSideScrollerGameMode_C'
[2017.07.11-16.24.56:400][655]LogWorld: Bringing World /Game/2DSideScrollerBP/Maps/Levels/UEDPIE_0_Rainforest_Alien.Rainforest_Alien up for play (max tick rate 0) at 2017.07.11-10.24.56
[2017.07.11-16.24.56:421][655]LogWorld: Bringing up level for play took: 0.056854
[2017.07.11-16.24.56:426][655]PIE: Info Play in editor start time for /Game/2DSideScrollerBP/Maps/Levels/UEDPIE_0_Rainforest_Alien 0.106
[2017.07.11-16.25.09:609][210]Cmd: MAP LOAD FILE="../../../../../../Users/gentry/Documents/GitHub/DatBoiEntertainmetnGame_/Content/2DSideScrollerBP/Maps/Levels/Rainforest_Alien.umap" TEMPLATE=0 SHOWPROGRESS=1 FEATURELEVEL=3
[2017.07.11-16.25.09:610][210]LightingResults: New page: Lighting Build
[2017.07.11-16.25.09:610][210]LoadErrors: New page: Loading map: Rainforest_Alien.umap
[2017.07.11-16.25.09:614][210]MapCheck: New page: Map Check
[2017.07.11-16.25.09:614][210]LightingResults: New page: Lighting Build
[2017.07.11-16.25.09:674][210]LogAIModule: Creating AISystem for world Rainforest_Alien
[2017.07.11-16.25.09:693][210]LogEditorServer: Finished looking for orphan Actors (0.000 secs)
[2017.07.11-16.25.09:727][210]Cmd: MAP CHECKDEP NOCLEARLOG
[2017.07.11-16.25.09:814][210]MapCheck: Info Map check complete: 0 Error(s), 0 Warning(s), took 86.498ms to complete.
[2017.07.11-16.25.09:815][210]LogFileHelpers: Loading map 'Rainforest_Alien' took 0.207
[2017.07.11-16.25.11:081][358]LogTemp: Repeting last play command: New Editor Window (PIE)
[2017.07.11-16.25.11:095][358]LogPlayLevel: PlayLevel: No blueprints needed recompiling
[2017.07.11-16.25.11:095][358]PIE: New page: PIE session: Rainforest_Alien (Jul 11, 2017, 4:25:11 AM)
[2017.07.11-16.25.11:095][358]LogPlayLevel: Creating play world package: /Game/2DSideScrollerBP/Maps/Levels/UEDPIE_0_Rainforest_Alien
[2017.07.11-16.25.11:111][358]LogPlayLevel: PIE: StaticDuplicateObject took: (0.015933s)
[2017.07.11-16.25.11:112][358]LogAIModule: Creating AISystem for world Rainforest_Alien
[2017.07.11-16.25.11:112][358]LogPlayLevel: PIE: World Init took: (0.000474s)
[2017.07.11-16.25.11:112][358]LogPlayLevel: PIE: Created PIE world by copying editor world from /Game/2DSideScrollerBP/Maps/Levels/Rainforest_Alien.Rainforest_Alien to /Game/2DSideScrollerBP/Maps/Levels/UEDPIE_0_Rainforest_Alien.Rainforest_Alien (0.016708s)
[2017.07.11-16.25.11:123][358]LogInit: XAudio2 using 'Speakers (Realtek High Definition Audio)' : 2 channels at 48 kHz using 32 bits per sample (channel mask 0x3)
[2017.07.11-16.25.11:135][358]LogInit: FAudioDevice initialized.
[2017.07.11-16.25.11:175][358]LogLoad: Game class is '2DSideScrollerGameMode_C'
[2017.07.11-16.25.11:202][358]LogWorld: Bringing World /Game/2DSideScrollerBP/Maps/Levels/UEDPIE_0_Rainforest_Alien.Rainforest_Alien up for play (max tick rate 0) at 2017.07.11-10.25.11
[2017.07.11-16.25.11:215][358]LogWorld: Bringing up level for play took: 0.038906
[2017.07.11-16.25.11:221][358]PIE: Info Play in editor start time for /Game/2DSideScrollerBP/Maps/Levels/UEDPIE_0_Rainforest_Alien 0.901
[2017.07.11-16.29.13:340][533]LogTemp: Repeting last play command: New Editor Window (PIE)
[2017.07.11-16.29.13:358][533]LogPlayLevel: PlayLevel: No blueprints needed recompiling
[2017.07.11-16.29.13:358][533]PIE: New page: PIE session: Rainforest_Alien (Jul 11, 2017, 4:29:13 AM)
[2017.07.11-16.29.13:358][533]LogPlayLevel: Creating play world package: /Game/2DSideScrollerBP/Maps/Levels/UEDPIE_0_Rainforest_Alien
[2017.07.11-16.29.13:379][533]LogPlayLevel: PIE: StaticDuplicateObject took: (0.020307s)
[2017.07.11-16.29.13:379][533]LogAIModule: Creating AISystem for world Rainforest_Alien
[2017.07.11-16.29.13:379][533]LogPlayLevel: PIE: World Init took: (0.000613s)
[2017.07.11-16.29.13:380][533]LogPlayLevel: PIE: Created PIE world by copying editor world from /Game/2DSideScrollerBP/Maps/Levels/Rainforest_Alien.Rainforest_Alien to /Game/2DSideScrollerBP/Maps/Levels/UEDPIE_0_Rainforest_Alien.Rainforest_Alien (0.021445s)
[2017.07.11-16.29.13:392][533]LogInit: XAudio2 using 'Speakers (Realtek High Definition Audio)' : 2 channels at 48 kHz using 32 bits per sample (channel mask 0x3)
[2017.07.11-16.29.13:404][533]LogInit: FAudioDevice initialized.
[2017.07.11-16.29.13:443][533]LogLoad: Game class is '2DSideScrollerGameMode_C'
[2017.07.11-16.29.13:459][533]LogWorld: Bringing World /Game/2DSideScrollerBP/Maps/Levels/UEDPIE_0_Rainforest_Alien.Rainforest_Alien up for play (max tick rate 0) at 2017.07.11-10.29.13
[2017.07.11-16.29.13:469][533]LogWorld: Bringing up level for play took: 0.024688
[2017.07.11-16.29.13:474][533]PIE: Info Play in editor start time for /Game/2DSideScrollerBP/Maps/Levels/UEDPIE_0_Rainforest_Alien -0.846
[2017.07.11-16.35.55:949][877]LogContentBrowser: Native class hierarchy updated for 'BlueprintGraph' in 0.0008 seconds. Added 112 classes and 0 folders.
[2017.07.11-16.35.56:778][877]LogSlate: Took 0.000177 seconds to synchronously load lazily loaded font '../../../Engine/Content/Slate/Fonts/Roboto-Regular.ttf' (155K)
[2017.07.11-16.35.57:101][877]LogSlate: Took 0.001896 seconds to synchronously load lazily loaded font '../../../Engine/Content/Editor/Slate/Fonts/Roboto-BoldCondensed.ttf' (158K)
[2017.07.11-16.35.57:616][878]LogSlate: Took 0.001311 seconds to synchronously load lazily loaded font '../../../Engine/Content/Editor/Slate/Fonts/Roboto-Italic.ttf' (157K)
[2017.07.11-16.37.29:868][904]LogSlate: Took 0.003693 seconds to synchronously load lazily loaded font '../../../Engine/Content/Slate/Fonts/Roboto-Light.ttf' (159K)
[2017.07.11-16.37.38:944][931]LogFileHelpers: Editor autosave (incl. sublevels) for '/Game/2DSideScrollerBP/Maps/Levels/Rainforest_Alien' took 0.026
[2017.07.11-16.37.38:955][931]OBJ SavePackage: Generating thumbnails for [0] asset(s) in package [/Game/2DSideScrollerBP/Blueprints/Characters/2DSideScrollerCharacter] ([1] browsable assets)...
[2017.07.11-16.37.38:955][931]OBJ SavePackage: Finished generating thumbnails for package [/Game/2DSideScrollerBP/Blueprints/Characters/2DSideScrollerCharacter]
[2017.07.11-16.37.39:396][931]LogSavePackage: Save=229.45ms
[2017.07.11-16.37.39:396][931]LogSavePackage: Moving '../../../../../../Users/gentry/Documents/GitHub/DatBoiEntertainmetnGame_/Saved/2DSideScrollerCharacter_Auto1BFA604BA4DA4252F3F7944AC013C4B7A.tmp' to '../../../../../../Users/gentry/Documents/GitHub/DatBoiEntertainmetnGame_/Saved/Autosaves/Game/2DSideScrollerBP/Blueprints/Characters/2DSideScrollerCharacter_Auto1.uasset'
[2017.07.11-16.37.39:410][931]LogSavePackage:Display: Finished SavePackage ../../../../../../Users/gentry/Documents/GitHub/DatBoiEntertainmetnGame_/Saved/Autosaves/Game/2DSideScrollerBP/Blueprints/Characters/2DSideScrollerCharacter_Auto1.uasset
[2017.07.11-16.37.39:410][931]LogFileHelpers: Auto-saving content packages took 0.464
