Log file open, 12/13/17 13:00:44
LogWindows: Failed to load 'aqProf.dll' (GetLastError=126)
LogWindows: File 'aqProf.dll' does not exist
LogWindows: Failed to load 'VSPerf140.dll' (GetLastError=126)
LogWindows: File 'VSPerf140.dll' does not exist
LogWindows: Failed to load 'VtuneApi.dll' (GetLastError=126)
LogWindows: File 'VtuneApi.dll' does not exist
LogWindows: Failed to load 'VtuneApi32e.dll' (GetLastError=126)
LogWindows: File 'VtuneApi32e.dll' does not exist
LogInit: Display: Running engine for game: InsertNameAdventure
LogPlatformFile: Not using cached read wrapper
LogInit: Display: RandInit(1749873017) SRandInit(1749873017).
LogInit: Read version file with build ID '3709383'
LogInit: Overriding engine version to CL 3754814, compatible CL 3709383
LogInit: Registered custom module enumerator with build ID '3709383'
LogTaskGraph: Started task graph with 5 named threads and 14 total threads with 3 sets of task threads.
LogStats: Stats thread started at 0.160698
LogD3D11RHI: Aftermath initialized
LogModuleManager: Display: Found up-to-date module file ../../../Engine/Plugins/2D/Paper2D/Binaries/Win64/UE4Editor-Paper2D.dll (API version 3709383).
LogModuleManager: Display: Found up-to-date module file ../../../Engine/Plugins/2D/Paper2D/Binaries/Win64/UE4Editor-Paper2DEditor.dll (API version 3709383).
LogModuleManager: Display: Found up-to-date module file ../../../Engine/Plugins/2D/Paper2D/Binaries/Win64/UE4Editor-PaperSpriteSheetImporter.dll (API version 3709383).
LogModuleManager: Display: Found up-to-date module file ../../../Engine/Plugins/2D/Paper2D/Binaries/Win64/UE4Editor-PaperTiledImporter.dll (API version 3709383).
LogModuleManager: Display: Found up-to-date module file ../../../Engine/Plugins/2D/Paper2D/Binaries/Win64/UE4Editor-SmartSnapping.dll (API version 3709383).
LogModuleManager: Display: Found up-to-date module file ../../../Engine/Plugins/Blendables/LightPropagationVolume/Binaries/Win64/UE4Editor-LightPropagationVolumeRuntime.dll (API version 3709383).
LogModuleManager: Display: Found up-to-date module file ../../../Engine/Plugins/Blendables/LightPropagationVolume/Binaries/Win64/UE4Editor-LightPropagationVolumeEditor.dll (API version 3709383).
LogModuleManager: Display: Found up-to-date module file ../../../Engine/Plugins/Developer/GitSourceControl/Binaries/Win64/UE4Editor-GitSourceControl.dll (API version 3709383).
LogModuleManager: Display: Found up-to-date module file ../../../Engine/Plugins/Developer/PerforceSourceControl/Binaries/Win64/UE4Editor-PerforceSourceControl.dll (API version 3709383).
LogModuleManager: Display: Found up-to-date module file ../../../Engine/Plugins/Developer/SubversionSourceControl/Binaries/Win64/UE4Editor-SubversionSourceControl.dll (API version 3709383).
LogModuleManager: Display: Found up-to-date module file ../../../Engine/Plugins/Developer/UObjectPlugin/Binaries/Win64/UE4Editor-UObjectPlugin.dll (API version 3709383).
LogModuleManager: Display: Found up-to-date module file ../../../Engine/Plugins/Developer/VisualStudioCodeSourceCodeAccess/Binaries/Win64/UE4Editor-VisualStudioCodeSourceCodeAccess.dll (API version 3709383).
LogModuleManager: Display: Found up-to-date module file ../../../Engine/Plugins/Developer/VisualStudioSourceCodeAccess/Binaries/Win64/UE4Editor-VisualStudioSourceCodeAccess.dll (API version 3709383).
LogModuleManager: Display: Found up-to-date module file ../../../Engine/Plugins/Editor/AssetManagerEditor/Binaries/Win64/UE4Editor-AssetManagerEditor.dll (API version 3709383).
LogModuleManager: Display: Found up-to-date module file ../../../Engine/Plugins/Editor/AudioCapture/Binaries/Win64/UE4Editor-AudioCapture.dll (API version 3709383).
LogModuleManager: Display: Found up-to-date module file ../../../Engine/Plugins/Editor/FacialAnimation/Binaries/Win64/UE4Editor-FacialAnimation.dll (API version 3709383).
LogModuleManager: Display: Found up-to-date module file ../../../Engine/Plugins/Editor/FacialAnimation/Binaries/Win64/UE4Editor-FacialAnimationEditor.dll (API version 3709383).
LogModuleManager: Display: Found up-to-date module file ../../../Engine/Plugins/Editor/GameplayTagsEditor/Binaries/Win64/UE4Editor-GameplayTagsEditor.dll (API version 3709383).
LogModuleManager: Display: Found up-to-date module file ../../../Engine/Plugins/Editor/MobileLauncherProfileWizard/Binaries/Win64/UE4Editor-MobileLauncherProfileWizard.dll (API version 3709383).
LogModuleManager: Display: Found up-to-date module file ../../../Engine/Plugins/Editor/PluginBrowser/Binaries/Win64/UE4Editor-PluginBrowser.dll (API version 3709383).
LogModuleManager: Display: Found up-to-date module file ../../../Engine/Plugins/Editor/SpeedTreeImporter/Binaries/Win64/UE4Editor-SpeedTreeImporter.dll (API version 3709383).
LogModuleManager: Display: Found up-to-date module file ../../../Engine/Plugins/Experimental/AlembicImporter/Binaries/Win64/UE4Editor-AlembicImporter.dll (API version 3709383).
LogModuleManager: Display: Found up-to-date module file ../../../Engine/Plugins/Experimental/AlembicImporter/Binaries/Win64/UE4Editor-AlembicLibrary.dll (API version 3709383).
LogModuleManager: Display: Found up-to-date module file ../../../Engine/Plugins/Experimental/CharacterAI/Binaries/Win64/UE4Editor-CharacterAI.dll (API version 3709383).
LogModuleManager: Display: Found up-to-date module file ../../../Engine/Plugins/Experimental/HTML5Networking/Binaries/Win64/UE4Editor-HTML5Networking.dll (API version 3709383).
LogModuleManager: Display: Found up-to-date module file ../../../Engine/Plugins/Media/AndroidMedia/Binaries/Win64/UE4Editor-AndroidMediaEditor.dll (API version 3709383).
LogModuleManager: Display: Found up-to-date module file ../../../Engine/Plugins/Media/AndroidMedia/Binaries/Win64/UE4Editor-AndroidMediaFactory.dll (API version 3709383).
LogModuleManager: Display: Found up-to-date module file ../../../Engine/Plugins/Media/AvfMedia/Binaries/Win64/UE4Editor-AvfMediaEditor.dll (API version 3709383).
LogModuleManager: Display: Found up-to-date module file ../../../Engine/Plugins/Media/AvfMedia/Binaries/Win64/UE4Editor-AvfMediaFactory.dll (API version 3709383).
LogModuleManager: Display: Found up-to-date module file ../../../Engine/Plugins/Media/AvfMedia/Binaries/Win64/UE4Editor-AvfMediaFactory.dll (API version 3709383).
LogModuleManager: Display: Found up-to-date module file ../../../Engine/Plugins/Media/ImgMedia/Binaries/Win64/UE4Editor-ImgMedia.dll (API version 3709383).
LogModuleManager: Display: Found up-to-date module file ../../../Engine/Plugins/Media/ImgMedia/Binaries/Win64/UE4Editor-ImgMediaEditor.dll (API version 3709383).
LogModuleManager: Display: Found up-to-date module file ../../../Engine/Plugins/Media/ImgMedia/Binaries/Win64/UE4Editor-ImgMediaFactory.dll (API version 3709383).
LogModuleManager: Display: Found up-to-date module file ../../../Engine/Plugins/Media/ImgMedia/Binaries/Win64/UE4Editor-ImgMediaFactory.dll (API version 3709383).
LogModuleManager: Display: Found up-to-date module file ../../../Engine/Plugins/Media/ImgMedia/Binaries/Win64/UE4Editor-OpenExrWrapper.dll (API version 3709383).
LogModuleManager: Display: Found up-to-date module file ../../../Engine/Plugins/Media/MediaCompositing/Binaries/Win64/UE4Editor-MediaCompositing.dll (API version 3709383).
LogModuleManager: Display: Found up-to-date module file ../../../Engine/Plugins/Media/MediaCompositing/Binaries/Win64/UE4Editor-MediaCompositingEditor.dll (API version 3709383).
LogModuleManager: Display: Found up-to-date module file ../../../Engine/Plugins/Media/MediaPlayerEditor/Binaries/Win64/UE4Editor-MediaPlayerEditor.dll (API version 3709383).
LogModuleManager: Display: Found up-to-date module file ../../../Engine/Plugins/Media/WmfMedia/Binaries/Win64/UE4Editor-WmfMedia.dll (API version 3709383).
LogModuleManager: Display: Found up-to-date module file ../../../Engine/Plugins/Media/WmfMedia/Binaries/Win64/UE4Editor-WmfMediaEditor.dll (API version 3709383).
LogModuleManager: Display: Found up-to-date module file ../../../Engine/Plugins/Media/WmfMedia/Binaries/Win64/UE4Editor-WmfMediaFactory.dll (API version 3709383).
LogModuleManager: Display: Found up-to-date module file ../../../Engine/Plugins/Media/WmfMedia/Binaries/Win64/UE4Editor-WmfMediaFactory.dll (API version 3709383).
LogModuleManager: Display: Found up-to-date module file ../../../Engine/Plugins/Messaging/TcpMessaging/Binaries/Win64/UE4Editor-TcpMessaging.dll (API version 3709383).
LogModuleManager: Display: Found up-to-date module file ../../../Engine/Plugins/Messaging/UdpMessaging/Binaries/Win64/UE4Editor-UdpMessaging.dll (API version 3709383).
LogModuleManager: Display: Found up-to-date module file ../../../Engine/Plugins/MovieScene/ActorSequence/Binaries/Win64/UE4Editor-ActorSequence.dll (API version 3709383).
LogModuleManager: Display: Found up-to-date module file ../../../Engine/Plugins/MovieScene/LevelSequenceEditor/Binaries/Win64/UE4Editor-LevelSequenceEditor.dll (API version 3709383).
LogModuleManager: Display: Found up-to-date module file ../../../Engine/Plugins/MovieScene/MatineeToLevelSequence/Binaries/Win64/UE4Editor-MatineeToLevelSequence.dll (API version 3709383).
LogModuleManager: Display: Found up-to-date module file ../../../Engine/Plugins/Online/OnlineSubsystem/Binaries/Win64/UE4Editor-OnlineSubsystem.dll (API version 3709383).
LogModuleManager: Display: Found up-to-date module file ../../../Engine/Plugins/Runtime/AndroidPermission/Binaries/Win64/UE4Editor-AndroidPermission.dll (API version 3709383).
LogModuleManager: Display: Found up-to-date module file ../../../Engine/Plugins/Online/OnlineSubsystemNull/Binaries/Win64/UE4Editor-OnlineSubsystemNull.dll (API version 3709383).
LogModuleManager: Display: Found up-to-date module file ../../../Engine/Plugins/Online/OnlineSubsystemUtils/Binaries/Win64/UE4Editor-OnlineSubsystemUtils.dll (API version 3709383).
LogModuleManager: Display: Found up-to-date module file ../../../Engine/Plugins/Online/OnlineSubsystemUtils/Binaries/Win64/UE4Editor-OnlineBlueprintSupport.dll (API version 3709383).
LogModuleManager: Display: Found up-to-date module file ../../../Engine/Plugins/Runtime/AndroidDeviceProfileSelector/Binaries/Win64/UE4Editor-AndroidDeviceProfileSelector.dll (API version 3709383).
LogModuleManager: Display: Found up-to-date module file ../../../Engine/Plugins/Runtime/AppleARKit/Binaries/Win64/UE4Editor-AppleARKit.dll (API version 3709383).
LogModuleManager: Display: Found up-to-date module file ../../../Engine/Plugins/Runtime/ArchVisCharacter/Binaries/Win64/UE4Editor-ArchVisCharacter.dll (API version 3709383).
LogModuleManager: Display: Found up-to-date module file ../../../Engine/Plugins/Runtime/CableComponent/Binaries/Win64/UE4Editor-CableComponent.dll (API version 3709383).
LogModuleManager: Display: Found up-to-date module file ../../../Engine/Plugins/Runtime/CustomMeshComponent/Binaries/Win64/UE4Editor-CustomMeshComponent.dll (API version 3709383).
LogModuleManager: Display: Found up-to-date module file ../../../Engine/Plugins/Runtime/ExampleDeviceProfileSelector/Binaries/Win64/UE4Editor-ExampleDeviceProfileSelector.dll (API version 3709383).
LogModuleManager: Display: Found up-to-date module file ../../../Engine/Plugins/Runtime/ImmediatePhysics/Binaries/Win64/UE4Editor-ImmediatePhysics.dll (API version 3709383).
LogModuleManager: Display: Found up-to-date module file ../../../Engine/Plugins/Runtime/ImmediatePhysics/Binaries/Win64/UE4Editor-ImmediatePhysicsEditor.dll (API version 3709383).
LogModuleManager: Display: Found up-to-date module file ../../../Engine/Plugins/Runtime/LocationServicesBPLibrary/Binaries/Win64/UE4Editor-LocationServicesBPLibrary.dll (API version 3709383).
LogModuleManager: Display: Found up-to-date module file ../../../Engine/Plugins/Runtime/MobilePatchingUtils/Binaries/Win64/UE4Editor-MobilePatchingUtils.dll (API version 3709383).
LogModuleManager: Display: Found up-to-date module file ../../../Engine/Plugins/Runtime/Oculus/OculusVR/Binaries/Win64/UE4Editor-OculusHMD.dll (API version 3709383).
LogModuleManager: Display: Found up-to-date module file ../../../Engine/Plugins/Runtime/Oculus/OculusVR/Binaries/Win64/UE4Editor-OculusInput.dll (API version 3709383).
LogModuleManager: Display: Found up-to-date module file ../../../Engine/Plugins/Runtime/Oculus/OculusVR/Binaries/Win64/UE4Editor-OculusEditor.dll (API version 3709383).
LogModuleManager: Display: Found up-to-date module file ../../../Engine/Plugins/Runtime/PhysXVehicles/Binaries/Win64/UE4Editor-PhysXVehicles.dll (API version 3709383).
LogModuleManager: Display: Found up-to-date module file ../../../Engine/Plugins/Runtime/PhysXVehicles/Binaries/Win64/UE4Editor-PhysXVehiclesEditor.dll (API version 3709383).
LogModuleManager: Display: Found up-to-date module file ../../../Engine/Plugins/Runtime/ProceduralMeshComponent/Binaries/Win64/UE4Editor-ProceduralMeshComponent.dll (API version 3709383).
LogModuleManager: Display: Found up-to-date module file ../../../Engine/Plugins/Runtime/ProceduralMeshComponent/Binaries/Win64/UE4Editor-ProceduralMeshComponentEditor.dll (API version 3709383).
LogModuleManager: Display: Found up-to-date module file ../../../Engine/Plugins/Runtime/RuntimePhysXCooking/Binaries/Win64/UE4Editor-RuntimePhysXCooking.dll (API version 3709383).
LogModuleManager: Display: Found up-to-date module file ../../../Engine/Plugins/Runtime/Steam/SteamVR/Binaries/Win64/UE4Editor-SteamVR.dll (API version 3709383).
LogModuleManager: Display: Found up-to-date module file ../../../Engine/Plugins/Runtime/Steam/SteamVR/Binaries/Win64/UE4Editor-SteamVRController.dll (API version 3709383).
LogModuleManager: Display: Found up-to-date module file ../../../Engine/Plugins/Runtime/WindowsMoviePlayer/Binaries/Win64/UE4Editor-WindowsMoviePlayer.dll (API version 3709383).
LogPluginManager: Mounting plugin Paper2D
LogPluginManager: Mounting plugin LightPropagationVolume
LogPluginManager: Mounting plugin CodeLiteSourceCodeAccess
LogPluginManager: Mounting plugin GitSourceControl
LogPluginManager: Mounting plugin KDevelopSourceCodeAccess
LogPluginManager: Mounting plugin NullSourceCodeAccess
LogPluginManager: Mounting plugin PerforceSourceControl
LogPluginManager: Mounting plugin SubversionSourceControl
LogPluginManager: Mounting plugin UObjectPlugin
LogPluginManager: Mounting plugin VisualStudioCodeSourceCodeAccess
LogPluginManager: Mounting plugin VisualStudioSourceCodeAccess
LogPluginManager: Mounting plugin XCodeSourceCodeAccess
LogPluginManager: Mounting plugin AssetManagerEditor
LogPluginManager: Mounting plugin AudioCapture
LogPluginManager: Mounting plugin FacialAnimation
LogPluginManager: Mounting plugin GameplayTagsEditor
LogPluginManager: Mounting plugin MobileLauncherProfileWizard
LogPluginManager: Mounting plugin PluginBrowser
LogPluginManager: Mounting plugin SpeedTreeImporter
LogPluginManager: Mounting plugin AlembicImporter
LogPluginManager: Mounting plugin CharacterAI
LogPluginManager: Mounting plugin HTML5Networking
LogPluginManager: Mounting plugin AndroidMedia
LogPluginManager: Mounting plugin AvfMedia
LogPluginManager: Mounting plugin ImgMedia
LogPluginManager: Mounting plugin MediaCompositing
LogPluginManager: Mounting plugin MediaPlayerEditor
LogPluginManager: Mounting plugin WmfMedia
LogPluginManager: Mounting plugin TcpMessaging
LogPluginManager: Mounting plugin UdpMessaging
LogPluginManager: Mounting plugin ActorSequence
LogPluginManager: Mounting plugin LevelSequenceEditor
LogPluginManager: Mounting plugin MatineeToLevelSequence
LogPluginManager: Mounting plugin OnlineSubsystemGooglePlay
LogPluginManager: Mounting plugin OnlineSubsystemIOS
LogPluginManager: Mounting plugin OnlineSubsystem
LogPluginManager: Mounting plugin OnlineSubsystemNull
LogPluginManager: Mounting plugin OnlineSubsystemUtils
LogPluginManager: Mounting plugin AndroidDeviceProfileSelector
LogPluginManager: Mounting plugin AndroidMoviePlayer
LogPluginManager: Mounting plugin AndroidPermission
LogPluginManager: Mounting plugin AppleARKit
LogPluginManager: Mounting plugin AppleMoviePlayer
LogPluginManager: Mounting plugin ArchVisCharacter
LogPluginManager: Mounting plugin CableComponent
LogPluginManager: Mounting plugin CustomMeshComponent
LogPluginManager: Mounting plugin ExampleDeviceProfileSelector
LogPluginManager: Mounting plugin GoogleCloudMessaging
LogPluginManager: Mounting plugin ImmediatePhysics
LogPluginManager: Mounting plugin IOSDeviceProfileSelector
LogPluginManager: Mounting plugin LinuxDeviceProfileSelector
LogPluginManager: Mounting plugin LocationServicesBPLibrary
LogPluginManager: Mounting plugin MobilePatchingUtils
LogPluginManager: Mounting plugin OculusVR
LogPluginManager: Plugin shader directory ../../../Engine/Plugins/Runtime/Oculus/OculusVR/Shaders found
LogPluginManager: Mapping shader source directory ../../../Engine/Plugins/Runtime/Oculus/OculusVR/Shaders to virtual directory /Plugin/OculusVR
LogPluginManager: Mounting plugin PhysXVehicles
LogPluginManager: Mounting plugin ProceduralMeshComponent
LogPluginManager: Mounting plugin RuntimePhysXCooking
LogPluginManager: Mounting plugin SteamVR
LogPluginManager: Mounting plugin WindowsMoviePlayer
LogInit: Using libcurl 7.47.1
LogInit:  - built for x86_64-pc-win32
LogInit:  - supports SSL with OpenSSL/1.0.2g
LogInit:  - supports HTTP deflate (compression) using libz 1.2.8
LogInit:  - other features:
LogInit:      CURL_VERSION_SSL
LogInit:      CURL_VERSION_LIBZ
LogInit:      CURL_VERSION_IPV6
LogInit:      CURL_VERSION_ASYNCHDNS
LogInit:      CURL_VERSION_LARGEFILE
LogInit:      CURL_VERSION_IDN
LogInit:  CurlRequestOptions (configurable via config and command line):
LogInit:  - bVerifyPeer = false  - Libcurl will NOT verify peer certificate
LogInit:  - bUseHttpProxy = false  - Libcurl will NOT use HTTP proxy
LogInit:  - bDontReuseConnections = false  - Libcurl will reuse connections
LogInit:  - CertBundlePath = nullptr  - Libcurl will use whatever was configured at build time.
LogInit: Build: ++UE4+Release-4.18-CL-3754814
LogInit: Engine Version: 4.18.1-3754814+++UE4+Release-4.18
LogInit: Compatible Engine Version: 4.18.0-3709383+++UE4+Release-4.18
LogInit: Net CL: 3709383
LogDevObjectVersion: Number of dev versions registered: 16
LogDevObjectVersion:   Dev-Blueprints (B0D832E4-1F89-4F0D-ACCF-7EB736FD4AA2): 10
LogDevObjectVersion:   Dev-Build (E1C64328-A22C-4D53-A36C-8E866417BD8C): 0
LogDevObjectVersion:   Dev-Core (375EC13C-06E4-48FB-B500-84F0262A717E): 2
LogDevObjectVersion:   Dev-Editor (E4B068ED-F494-42E9-A231-DA0B2E46BB41): 20
LogDevObjectVersion:   Dev-Framework (CFFC743F-43B0-4480-9391-14DF171D2073): 30
LogDevObjectVersion:   Dev-Mobile (B02B49B5-BB20-44E9-A304-32B752E40360): 0
LogDevObjectVersion:   Dev-Networking (A4E4105C-59A1-49B5-A7C5-40C4547EDFEE): 0
LogDevObjectVersion:   Dev-Online (39C831C9-5AE6-47DC-9A44-9C173E1C8E7C): 0
LogDevObjectVersion:   Dev-Physics (78F01B33-EBEA-4F98-B9B4-84EACCB95AA2): 0
LogDevObjectVersion:   Dev-Platform (6631380F-2D4D-43E0-8009-CF276956A95A): 0
LogDevObjectVersion:   Dev-Rendering (12F88B9F-8875-4AFC-A67C-D90C383ABD29): 20
LogDevObjectVersion:   Dev-Sequencer (7B5AE74C-D270-4C10-A958-57980B212A5A): 4
LogDevObjectVersion:   Dev-VR (D7296918-1DD6-4BDD-9DE2-64A83CC13884): 0
LogDevObjectVersion:   Dev-LoadTimes (C2A15278-BFE7-4AFE-6C17-90FF531DF755): 1
LogDevObjectVersion:   Private-Geometry (6EACA3D4-40EC-4CC1-B786-8BED09428FC5): 1
LogDevObjectVersion:   Dev-AnimPhys (29E575DD-E0A3-4627-9D10-D276232CDCEA): 12
LogInit: Compiled (64-bit): Nov 14 2017 02:05:55
LogInit: Compiled with Visual C++: 19.00.24215.01
LogInit: Build Configuration: Development
LogInit: Branch Name: ++UE4+Release-4.18
LogInit: Command line:  
LogInit: Base directory: C:/Program Files/Epic Games/UE_4.18/Engine/Binaries/Win64/
LogInit: Installed Engine Build: 1
LogInit: Presizing for max 8388607 objects, including 0 objects not considered by GC, pre-allocating 0 bytes for permanent pool.
LogInit: Object subsystem initialized
[2017.12.13-20.00.45:877][  0]LogInit: Selected Device Profile: [Windows]
[2017.12.13-20.00.45:877][  0]LogInit: Applying CVar settings loaded from the selected device profile: [Windows]
[2017.12.13-20.00.45:888][  0]LogInit: Computer: DESKTOP-OMJHMSB
[2017.12.13-20.00.45:888][  0]LogInit: User: rajjj
[2017.12.13-20.00.45:888][  0]LogInit: CPU Page size=4096, Cores=4
[2017.12.13-20.00.45:888][  0]LogInit: High frequency timer resolution =3.328124 MHz
[2017.12.13-20.00.45:888][  0]LogMemory: Memory total: Physical=15.9GB (16GB approx)
[2017.12.13-20.00.45:888][  0]LogMemory: Platform Memory Stats for Windows
[2017.12.13-20.00.45:888][  0]LogMemory: Process Physical Memory: 273.16 MB used, 273.16 MB peak
[2017.12.13-20.00.45:888][  0]LogMemory: Process Virtual Memory: 265.88 MB used, 265.88 MB peak
[2017.12.13-20.00.45:888][  0]LogMemory: Physical Memory: 4175.62 MB used,  12146.12 MB free, 16321.74 MB total
[2017.12.13-20.00.45:888][  0]LogMemory: Virtual Memory: 677.41 MB used,  12146.12 MB free, 134217728.00 MB total
[2017.12.13-20.00.46:023][  0]LogInit: Using OS detected language (en-US).
[2017.12.13-20.00.46:023][  0]LogInit: Using OS detected locale (en-US).
[2017.12.13-20.00.46:026][  0]LogTextLocalizationManager: No specific localization for 'en-US' exists, so the 'en' localization will be used.
[2017.12.13-20.00.46:364][  0]LogInit: Setting process to per monitor DPI aware
[2017.12.13-20.00.46:567][  0]LogD3D11RHI: D3D11 adapters:
[2017.12.13-20.00.46:608][  0]LogD3D11RHI:    0. 'NVIDIA GeForce GTX 1070' (Feature Level 11_0)
[2017.12.13-20.00.46:608][  0]LogD3D11RHI:       8096/0/8160 MB DedicatedVideo/DedicatedSystem/SharedSystem, Outputs:2, VendorId:0x10de
[2017.12.13-20.00.46:610][  0]LogD3D11RHI:    1. 'Microsoft Basic Render Driver' (Feature Level 11_0)
[2017.12.13-20.00.46:610][  0]LogD3D11RHI:       0/0/8160 MB DedicatedVideo/DedicatedSystem/SharedSystem, Outputs:0, VendorId:0x1414
[2017.12.13-20.00.46:610][  0]LogD3D11RHI: Chosen D3D11 Adapter: 0
[2017.12.13-20.00.46:615][  0]LogD3D11RHI: Creating new Direct3DDevice
[2017.12.13-20.00.46:615][  0]LogD3D11RHI:     GPU DeviceId: 0x1b81 (for the marketing name, search the web for "GPU Device Id")
[2017.12.13-20.00.46:615][  0]LogWindows: EnumDisplayDevices:
[2017.12.13-20.00.46:615][  0]LogWindows:    0. 'NVIDIA GeForce GTX 1070' (P:0 D:1)
[2017.12.13-20.00.46:615][  0]LogWindows:    1. 'NVIDIA GeForce GTX 1070' (P:1 D:1)
[2017.12.13-20.00.46:615][  0]LogWindows:    2. 'NVIDIA GeForce GTX 1070' (P:0 D:0)
[2017.12.13-20.00.46:616][  0]LogWindows:    3. 'NVIDIA GeForce GTX 1070' (P:0 D:0)
[2017.12.13-20.00.46:616][  0]LogWindows: DebugString: GetVideoDriverDetailsInvalid PrimaryIsNotTheChoosenAdapter GetVideoDriverDetailsInvalid PrimaryIsNotTheChoosenAdapter GetVideoDriverDetailsInvalid PrimaryIsNotTheChoosenAdapter GetVideoDriverDetailsInvalid PrimaryIsNotTheChoosenAdapter FoundDriverCount:0 
[2017.12.13-20.00.46:616][  0]LogD3D11RHI:     Adapter Name: NVIDIA GeForce GTX 1070
[2017.12.13-20.00.46:616][  0]LogD3D11RHI:   Driver Version: Unknown (internal:Unknown, unified:Unknown)
[2017.12.13-20.00.46:616][  0]LogD3D11RHI:      Driver Date: Unknown
[2017.12.13-20.00.46:616][  0]LogRHI: Texture pool is 5667 MB (70% of 8096 MB)
[2017.12.13-20.00.46:632][  0]LogD3D11RHI: Async texture creation enabled
[2017.12.13-20.00.46:642][  0]LogD3D11RHI: GPU Timing Frequency: 1000.000000 (Debug: 2 1)
[2017.12.13-20.00.46:691][  0]LogShaderCompilers: Guid format shader working directory is -34 characters bigger than the processId version (../../../../../../Users/rajjj/OneDrive/Documents/GitHub/DatBoiEntertainmetnGame_/Intermediate/Shaders/WorkingDirectory/5184/).
[2017.12.13-20.00.46:691][  0]LogShaderCompilers: Cleaned the shader compiler working directory 'C:/Users/rajjj/AppData/Local/Temp/UnrealShaderWorkingDir/93672A194D8A891B7EA943B2C2B05BC6/'.
[2017.12.13-20.00.46:691][  0]LogShaderCompilers: Display: Using Local Shader Compiler.
[2017.12.13-20.00.47:499][  0]LogTemp: Display: Loaded TP AllDesktopTargetPlatform
[2017.12.13-20.00.47:548][  0]LogTemp: Display: Loaded TP MacClientTargetPlatform
[2017.12.13-20.00.47:596][  0]LogTemp: Display: Loaded TP MacNoEditorTargetPlatform
[2017.12.13-20.00.47:644][  0]LogTemp: Display: Loaded TP MacServerTargetPlatform
[2017.12.13-20.00.47:693][  0]LogTemp: Display: Loaded TP MacTargetPlatform
[2017.12.13-20.00.47:743][  0]LogTemp: Display: Loaded TP WindowsClientTargetPlatform
[2017.12.13-20.00.47:796][  0]LogTemp: Display: Loaded TP WindowsNoEditorTargetPlatform
[2017.12.13-20.00.47:847][  0]LogTemp: Display: Loaded TP WindowsServerTargetPlatform
[2017.12.13-20.00.47:886][  0]LogTemp: Display: Loaded TP WindowsTargetPlatform
[2017.12.13-20.00.47:932][  0]LogTemp: Display: Loaded TP Android_ASTCTargetPlatform
[2017.12.13-20.00.47:978][  0]LogTemp: Display: Loaded TP Android_ATCTargetPlatform
[2017.12.13-20.00.48:025][  0]LogTemp: Display: Loaded TP Android_DXTTargetPlatform
[2017.12.13-20.00.48:071][  0]LogTemp: Display: Loaded TP Android_ETC1TargetPlatform
[2017.12.13-20.00.48:119][  0]LogTemp: Display: Loaded TP Android_ETC2TargetPlatform
[2017.12.13-20.00.48:217][  0]LogTemp: Display: Loaded TP Android_MultiTargetPlatform
[2017.12.13-20.00.48:217][  0]LogTemp: Display: Loaded TP Android_PVRTCTargetPlatform
[2017.12.13-20.00.48:266][  0]LogTemp: Display: Loaded TP AndroidTargetPlatform
[2017.12.13-20.00.48:302][  0]LogTemp: Display: Loaded TP HTML5TargetPlatform
[2017.12.13-20.00.48:386][  0]LogTemp: Display: Loaded TP IOSTargetPlatform
[2017.12.13-20.00.48:410][  0]LogTemp: Display: Loaded TP TVOSTargetPlatform
[2017.12.13-20.00.48:456][  0]LogTemp: Display: Loaded TP LinuxClientTargetPlatform
[2017.12.13-20.00.48:503][  0]LogTemp: Display: Loaded TP LinuxNoEditorTargetPlatform
[2017.12.13-20.00.48:553][  0]LogTemp: Display: Loaded TP LinuxServerTargetPlatform
[2017.12.13-20.00.48:603][  0]LogTemp: Display: Loaded TP LinuxTargetPlatform
[2017.12.13-20.00.48:603][  0]LogTargetPlatformManager: Display: Building Assets For Windows
[2017.12.13-20.00.49:029][  0]LogDerivedDataCache: Display: Max Cache Size: 512 MB
[2017.12.13-20.00.49:084][  0]LogDerivedDataCache: Loaded boot cache 0.05s 78MB C:/Users/rajjj/AppData/Local/UnrealEngine/4.18/DerivedDataCache/Boot.ddc.
[2017.12.13-20.00.49:084][  0]LogDerivedDataCache: Display: Loaded Boot cache: C:/Users/rajjj/AppData/Local/UnrealEngine/4.18/DerivedDataCache/Boot.ddc
[2017.12.13-20.00.49:084][  0]LogDerivedDataCache: FDerivedDataBackendGraph:  Pak pak cache file ../../../../../../Users/rajjj/OneDrive/Documents/GitHub/DatBoiEntertainmetnGame_/DerivedDataCache/DDC.ddp not found, will not use a pak cache.
[2017.12.13-20.00.49:084][  0]LogDerivedDataCache: Unable to find inner node Pak for hierarchical cache Hierarchy.
[2017.12.13-20.00.49:084][  0]LogDerivedDataCache: FDerivedDataBackendGraph:  CompressedPak pak cache file ../../../../../../Users/rajjj/OneDrive/Documents/GitHub/DatBoiEntertainmetnGame_/DerivedDataCache/Compressed.ddp not found, will not use a pak cache.
[2017.12.13-20.00.49:084][  0]LogDerivedDataCache: Unable to find inner node CompressedPak for hierarchical cache Hierarchy.
[2017.12.13-20.00.49:098][  0]LogDerivedDataCache: Display: Pak cache opened for reading ../../../Engine/DerivedDataCache/Compressed.ddp.
[2017.12.13-20.00.49:110][  0]LogDerivedDataCache: Using Local data cache path C:/Users/rajjj/AppData/Local/UnrealEngine/Common/DerivedDataCache: Writable
[2017.12.13-20.00.49:118][  0]LogMaterial: Verifying Global Shaders for PCD3D_SM5
[2017.12.13-20.00.49:118][  0]LogSlate: Using Freetype 2.6.0
[2017.12.13-20.00.49:119][  0]LogSlate: SlateFontCache - WITH_FREETYPE: 1, WITH_HARFBUZZ: 1
[2017.12.13-20.00.49:119][  0]LogSlate: SlateFontCache - WITH_FREETYPE: 1, WITH_HARFBUZZ: 1
[2017.12.13-20.00.49:421][  0]LogInit: Selected Device Profile: [Windows]
[2017.12.13-20.00.49:718][  0]LogSimplygon: Simplygon DLL not present - disabling.
[2017.12.13-20.00.49:756][  0]LogMeshReduction: Using SimplygonSwarm for distributed automatic mesh merging
[2017.12.13-20.00.49:756][  0]LogMeshReduction: Using QuadricMeshReduction for automatic static mesh reduction
[2017.12.13-20.00.49:756][  0]LogMeshReduction: No automatic skeletal mesh reduction module available
[2017.12.13-20.00.49:756][  0]LogMeshReduction: No automatic mesh merging module available
[2017.12.13-20.00.49:756][  0]LogMeshMerging: No automatic mesh merging module available
[2017.12.13-20.00.49:781][  0]LogNetVersion: InsertNameAdventure , NetCL: 3709383, EngineNetVer: 2, GameNetVer: 0 (Checksum: 1457064711)
[2017.12.13-20.00.49:933][  0]LogAssetRegistry: FAssetRegistry took 0.0258 seconds to start up
[2017.12.13-20.00.50:388][  0]LogPackageLocalizationCache: Processed 7 localized package path(s) for 2 prioritized culture(s) in 0.066180 seconds
[2017.12.13-20.00.50:393][  0]LogUObjectArray: 35900 objects as part of root set at end of initial load.
[2017.12.13-20.00.50:393][  0]LogUObjectAllocator: 7372016 out of 0 bytes used by permanent object pool.
[2017.12.13-20.00.50:393][  0]LogUObjectArray: CloseDisregardForGC: 0/0 objects in disregard for GC pool
[2017.12.13-20.00.50:442][  0]LogInit: WinSock: version 1.1 (2.2), MaxSocks=32767, MaxUdp=65467
[2017.12.13-20.00.53:014][  0]LogTcpMessaging: Initializing TcpMessaging bridge
[2017.12.13-20.00.53:057][  0]LogUdpMessaging: Initializing bridge on interface 0.0.0.0:0 to multicast group 230.0.0.1:6666.
[2017.12.13-20.00.53:846][  0]LogMaterial: Uniform references updated for custom material expression Custom.
[2017.12.13-20.00.54:250][  0]SourceControl: Source control is disabled
[2017.12.13-20.00.55:958][  0]LogAndroidPermission: UAndroidPermissionCallbackProxy::GetInstance
[2017.12.13-20.00.56:242][  0]LogOcInput: OculusInput pre-init called
[2017.12.13-20.00.56:600][  0]LogEngine: Initializing Engine...
[2017.12.13-20.00.56:602][  0]LogHMD: Failed to initialize OpenVR with code 110
[2017.12.13-20.00.56:801][  0]LogStats: UGameplayTagsManager::ConstructGameplayTagTree: Construct from data asset -  0.000 s
[2017.12.13-20.00.56:801][  0]LogStats: UGameplayTagsManager::ConstructGameplayTagTree: GameplayTagTreeChangedEvent.Broadcast -  0.000 s
[2017.12.13-20.00.56:931][  0]LogAIModule: Creating AISystem for world Untitled
[2017.12.13-20.00.56:940][  0]LogInit: XAudio2 using 'Speakers (2- Logitech G930 Headset)' : 2 channels at 48 kHz using 16 bits per sample (channel mask 0x3)
[2017.12.13-20.00.56:950][  0]LogInit: FAudioDevice initialized.
[2017.12.13-20.00.57:120][  0]LogDerivedDataCache: Saved boot cache 0.17s 78MB C:/Users/rajjj/AppData/Local/UnrealEngine/4.18/DerivedDataCache/Boot.ddc.
[2017.12.13-20.00.57:131][  0]LogInit: Texture streaming: Enabled
[2017.12.13-20.00.57:234][  0]LogEngineSessionManager: EngineSessionManager initialized
[2017.12.13-20.00.57:396][  0]LogInit: Transaction tracking system initialized
[2017.12.13-20.00.57:765][  0]BlueprintLog: New page: Editor Load
[2017.12.13-20.00.58:753][  0]LocalizationService: Localization service is disabled
[2017.12.13-20.00.59:554][  0]LogConsoleResponse: Display: 
[2017.12.13-20.00.59:706][  0]LogCook: Display: Max memory allowance for cook 16384mb min free memory 0mb
[2017.12.13-20.00.59:706][  0]LogCook: Display: Mobile HDR setting 1
[2017.12.13-20.00.59:706][  0]LogGameplayTags: Display: UGameplayTagsManager::DoneAddingNativeTags. DelegateIsBound: 0
[2017.12.13-20.00.59:761][  0]LogFileCache: Scanning file cache for directory 'C:/Users/rajjj/OneDrive/Documents/GitHub/DatBoiEntertainmetnGame_/Content/' took 0.02s
[2017.12.13-20.01.00:870][  0]Cmd: MAP LOAD FILE="../../../../../../Users/rajjj/OneDrive/Documents/GitHub/DatBoiEntertainmetnGame_/Content/2DSideScrollerBP/Maps/Levels/Rainforest_Alien.umap" TEMPLATE=0 SHOWPROGRESS=1 FEATURELEVEL=3
[2017.12.13-20.01.00:870][  0]LightingResults: New page: Lighting Build
[2017.12.13-20.01.00:915][  0]MapCheck: New page: Map Check
[2017.12.13-20.01.00:915][  0]LightingResults: New page: Lighting Build
[2017.12.13-20.01.02:294][  0]LogMaterial: Missing cached shader map for material BlueLight_M1, compiling. 
[2017.12.13-20.01.02:295][  0]LogMaterial: Warning: C:\Users\rajjj\OneDrive\Documents\GitHub\DatBoiEntertainmetnGame_\Content\2DSideScrollerBP\Maps\Levels\LevelSprites\Sprites\Rain_Forrest_Sprites\Materials\BlueLight_M1.uasset: Failed to compile Material for platform PCD3D_SM5, Default Material will be used in game.
[2017.12.13-20.01.02:295][  0]LogMaterial: 	Function Flicker_MF: Missing function input 'Color'
[2017.12.13-20.01.02:345][  0]LogAIModule: Creating AISystem for world Rainforest_Alien
[2017.12.13-20.01.02:379][  0]LogEditorServer: Finished looking for orphan Actors (0.000 secs)
[2017.12.13-20.01.02:397][  0]Cmd: MAP CHECKDEP NOCLEARLOG
[2017.12.13-20.01.02:468][  0]MapCheck: Map check complete: 0 Error(s), 0 Warning(s), took 70.479ms to complete.
[2017.12.13-20.01.02:468][  0]LogFileHelpers: Loading map 'Rainforest_Alien' took 1.598
[2017.12.13-20.01.02:628][  0]LogCollectionManager: Loaded 0 collections in 0.001486 seconds
[2017.12.13-20.01.02:717][  0]LogFileCache: Scanning file cache for directory 'C:/Users/rajjj/OneDrive/Documents/GitHub/DatBoiEntertainmetnGame_/Saved/Collections/' took 0.01s
[2017.12.13-20.01.02:717][  0]LogFileCache: Scanning file cache for directory 'C:/Users/rajjj/OneDrive/Documents/GitHub/DatBoiEntertainmetnGame_/Content/Developers/rajjj/Collections/' took 0.02s
[2017.12.13-20.01.02:717][  0]LogFileCache: Scanning file cache for directory 'C:/Users/rajjj/OneDrive/Documents/GitHub/DatBoiEntertainmetnGame_/Content/Collections/' took 0.01s
[2017.12.13-20.01.02:718][  0]LogCollectionManager: Rebuilt the GUID cache for 0 collections in 0.000000 seconds
[2017.12.13-20.01.02:729][  0]LogContentBrowser: Native class hierarchy populated in 0.0113 seconds. Added 2363 classes and 519 folders.
[2017.12.13-20.01.02:794][  0]LogContentBrowser: Native class hierarchy updated for 'WidgetCarousel' in 0.0002 seconds. Added 0 classes and 0 folders.
[2017.12.13-20.01.02:824][  0]LogContentBrowser: Native class hierarchy updated for 'AddContentDialog' in 0.0002 seconds. Added 0 classes and 0 folders.
[2017.12.13-20.01.02:865][  0]LogContentBrowser: Native class hierarchy updated for 'SceneOutliner' in 0.0002 seconds. Added 1 classes and 2 folders.
[2017.12.13-20.01.02:880][  0]LogSlate: Took 0.000165 seconds to synchronously load lazily loaded font '../../../Engine/Content/Slate/Fonts/Roboto-Regular.ttf' (155K)
[2017.12.13-20.01.02:882][  0]LogSlate: Took 0.000168 seconds to synchronously load lazily loaded font '../../../Engine/Content/Slate/Fonts/Roboto-Bold.ttf' (160K)
[2017.12.13-20.01.02:886][  0]LogSlate: Took 0.000148 seconds to synchronously load lazily loaded font '../../../Engine/Content/Editor/Slate/Fonts/FontAwesome.ttf' (139K)
[2017.12.13-20.01.02:969][  0]LogRenderer: Reallocating scene render targets to support 1616x692 Format 10 NumSamples 1 (Frame:1).
[2017.12.13-20.01.03:145][  0]LogContentBrowser: Native class hierarchy updated for 'HierarchicalLODOutliner' in 0.0002 seconds. Added 1 classes and 2 folders.
[2017.12.13-20.01.03:145][  0]LogLoad: (Engine Initialization) Total time: 19.45 seconds
[2017.12.13-20.01.03:145][  0]LogLoad: (Engine Initialization) Total Blueprint compile time: 0.00 seconds
[2017.12.13-20.01.03:145][  0]LogExternalProfiler: No external profilers were discovered.  External profiling features will not be available.
[2017.12.13-20.01.03:529][  0]SourceControl: On branch V1.5.1
[2017.12.13-20.01.03:529][  0]SourceControl: Your branch is up-to-date with 'origin/V1.5.1'.
[2017.12.13-20.01.03:529][  0]SourceControl: No commands done.
[2017.12.13-20.01.03:529][  0]SourceControl: Next commands to do (2 remaining commands):
[2017.12.13-20.01.03:529][  0]SourceControl:    pick b627089 Redid mt backdrop and started work on a desert zone
[2017.12.13-20.01.03:529][  0]SourceControl:    pick 5400dc0 Revert "Redid mt backdrop and started work on a desert zone"
[2017.12.13-20.01.03:529][  0]SourceControl:   (use "git rebase --edit-todo" to view and edit)
[2017.12.13-20.01.03:529][  0]SourceControl: You are currently editing a commit while rebasing branch 'V1.5.1' on 'ad616f1'.
[2017.12.13-20.01.03:529][  0]SourceControl:   (use "git commit --amend" to amend the current commit)
[2017.12.13-20.01.03:529][  0]SourceControl:   (use "git rebase --continue" once you are satisfied with your changes)
[2017.12.13-20.01.03:529][  0]SourceControl: Changes to be committed:
[2017.12.13-20.01.03:529][  0]SourceControl:   (use "git reset HEAD <file>..." to unstage)
[2017.12.13-20.01.03:529][  0]SourceControl: 	new file:   Content/2DSideScrollerBP/Item/BP_bullet.uasset
[2017.12.13-20.01.03:529][  0]SourceControl: Changes not staged for commit:
[2017.12.13-20.01.03:529][  0]SourceControl:   (use "git add/rm <file>..." to update what will be committed)
[2017.12.13-20.01.03:530][  0]SourceControl:   (use "git checkout -- <file>..." to discard changes in working directory)
[2017.12.13-20.01.03:530][  0]SourceControl: 	modified:   Content/2DSideScrollerBP/Blueprints/Testing_Assets/Test_AI2_BP.uasset
[2017.12.13-20.01.03:530][  0]SourceControl: 	deleted:    Content/2DSideScrollerBP/Item/BP_bullet.uasset
[2017.12.13-20.01.03:530][  0]SourceControl: 	modified:   Intermediate/AssetRegistryCache/c90e3f55.bin
[2017.12.13-20.01.03:530][  0]SourceControl: 	modified:   Intermediate/CachedAssetRegistry.bin
[2017.12.13-20.01.03:530][  0]SourceControl: 	modified:   Saved/Config/Windows/EditorPerProjectUserSettings.ini
[2017.12.13-20.01.03:530][  0]SourceControl: 	deleted:    Saved/Logs/InsertNameAdventure-backup-2017.12.06-15.46.22.log
[2017.12.13-20.01.03:530][  0]SourceControl: 	deleted:    Saved/Logs/InsertNameAdventure-backup-2017.12.06-16.06.20.log
[2017.12.13-20.01.03:530][  0]SourceControl: 	deleted:    Saved/Logs/InsertNameAdventure-backup-2017.12.06-16.07.43.log
[2017.12.13-20.01.03:530][  0]SourceControl: 	deleted:    Saved/Logs/InsertNameAdventure-backup-2017.12.07-11.15.53.log
[2017.12.13-20.01.03:530][  0]SourceControl: 	modified:   Saved/Logs/InsertNameAdventure.log
[2017.12.13-20.01.03:530][  0]SourceControl: Untracked files:
[2017.12.13-20.01.03:530][  0]SourceControl:   (use "git add <file>..." to include in what will be committed)
[2017.12.13-20.01.03:530][  0]SourceControl: 	Saved/Backup/Test_AI2_BP_2017-12-13-12-58-42.uasset
[2017.12.13-20.01.03:530][  0]SourceControl: 	Saved/Config/CrashReportClient/UE4CC-Windows-27C4747D44C88FB2787A48900F79F66B/
[2017.12.13-20.01.03:530][  0]SourceControl: 	Saved/Config/CrashReportClient/UE4CC-Windows-B875A76F43B42F67626A34AB0BEF8179/
[2017.12.13-20.01.03:530][  0]SourceControl: 	Saved/Config/CrashReportClient/UE4CC-Windows-B8E1C6634140A8C40F0A43827D09CBA7/
[2017.12.13-20.01.03:530][  0]SourceControl: 	Saved/Config/CrashReportClient/UE4CC-Windows-BD74E8B64C19FD2800C1FAACF672295C/
[2017.12.13-20.01.03:530][  0]SourceControl: 	Saved/Logs/InsertNameAdventure-backup-2017.12.13-12.48.29.log
[2017.12.13-20.01.03:530][  0]SourceControl: 	Saved/Logs/InsertNameAdventure-backup-2017.12.13-12.49.49.log
[2017.12.13-20.01.03:530][  0]SourceControl: 	Saved/Logs/InsertNameAdventure-backup-2017.12.13-12.59.02.log
[2017.12.13-20.01.03:530][  0]SourceControl: 	Saved/Logs/InsertNameAdventure-backup-2017.12.13-13.00.44.log
[2017.12.13-20.01.03:531][  0]LogContentStreaming: Texture pool size now 1000 MB
[2017.12.13-20.01.03:585][  0]LogSlate: Took 0.000189 seconds to synchronously load lazily loaded font '../../../Engine/Content/Slate/Fonts/Roboto-Light.ttf' (159K)
[2017.12.13-20.01.03:841][  1]LogParticles: Warning: Spawning 23333 GPU particles in one frame[2]: RainFall4_PS/Particle Emitter
[2017.12.13-20.01.04:161][  2]LogAssetRegistry: Asset discovery search completed in 14.2501 seconds
[2017.12.13-20.01.04:164][  2]LogCollectionManager: Rebuilt the object cache for 0 collections in 0.000001 seconds (found 0 objects)
[2017.12.13-20.01.04:164][  2]LogCollectionManager: Fixed up redirectors for 0 collections in 0.000050 seconds (updated 0 objects)
[2017.12.13-20.01.04:170][  2]LogParticles: Warning: Spawning 23333 GPU particles in one frame[3]: RainFall4_PS/Particle Emitter
[2017.12.13-20.01.04:497][  3]LogSlate: Took 0.000257 seconds to synchronously load lazily loaded font '../../../Engine/Content/Slate/Fonts/Roboto-Light.ttf' (159K)
[2017.12.13-20.01.05:842][  7]LogParticles: Warning: Spawning 23334 GPU particles in one frame[8]: RainFall4_PS/Particle Emitter
[2017.12.13-20.01.06:182][  8]LogParticles: Warning: Spawning 23333 GPU particles in one frame[9]: RainFall4_PS/Particle Emitter
[2017.12.13-20.01.06:516][  9]LogParticles: Warning: Spawning 23333 GPU particles in one frame[10]: RainFall4_PS/Particle Emitter
[2017.12.13-20.01.06:905][ 13]LogSlate: Took 0.000144 seconds to synchronously load lazily loaded font '../../../Engine/Content/Slate/Fonts/Roboto-Light.ttf' (159K)
[2017.12.13-20.01.07:202][ 13]LogContentBrowser: Native class hierarchy updated for 'BlueprintGraph' in 0.0005 seconds. Added 116 classes and 0 folders.
[2017.12.13-20.01.07:894][ 13]LogSlate: Took 0.000226 seconds to synchronously load lazily loaded font '../../../Engine/Content/Editor/Slate/Fonts/Roboto-BoldCondensed.ttf' (158K)
[2017.12.13-20.01.07:979][ 14]LogParticles: Warning: Spawning 28000 GPU particles in one frame[15]: RainFall4_PS/Particle Emitter
[2017.12.13-20.01.07:983][ 14]LogSlate: Took 0.000174 seconds to synchronously load lazily loaded font '../../../Engine/Content/Editor/Slate/Fonts/Roboto-Italic.ttf' (157K)
[2017.12.13-20.01.08:820][ 85]LogFileCache: Retrieving MD5 hashes for directory 'C:/Users/rajjj/OneDrive/Documents/GitHub/DatBoiEntertainmetnGame_/Content/' took 5.32s
[2017.12.13-20.01.14:024][607]LogParticles: Warning: Spawning 23334 GPU particles in one frame[608]: RainFall4_PS/Particle Emitter
[2017.12.13-20.01.14:359][608]LogParticles: Warning: Spawning 23333 GPU particles in one frame[609]: RainFall4_PS/Particle Emitter
[2017.12.13-20.01.14:719][609]LogParticles: Warning: Spawning 23334 GPU particles in one frame[610]: RainFall4_PS/Particle Emitter
[2017.12.13-20.01.15:071][610]LogParticles: Warning: Spawning 25847 GPU particles in one frame[611]: RainFall4_PS/Particle Emitter
[2017.12.13-20.01.15:420][611]LogParticles: Warning: Spawning 23334 GPU particles in one frame[612]: RainFall4_PS/Particle Emitter
[2017.12.13-20.01.15:751][612]LogParticles: Warning: Spawning 23333 GPU particles in one frame[613]: RainFall4_PS/Particle Emitter
[2017.12.13-20.01.16:084][613]LogParticles: Warning: Spawning 23333 GPU particles in one frame[614]: RainFall4_PS/Particle Emitter
[2017.12.13-20.01.16:418][614]LogParticles: Warning: Spawning 23334 GPU particles in one frame[615]: RainFall4_PS/Particle Emitter
[2017.12.13-20.01.16:740][615]LogParticles: Warning: Spawning 23333 GPU particles in one frame[616]: RainFall4_PS/Particle Emitter
[2017.12.13-20.01.17:085][616]LogParticles: Warning: Spawning 23333 GPU particles in one frame[617]: RainFall4_PS/Particle Emitter
[2017.12.13-20.01.17:419][617]LogParticles: Warning: Spawning 23334 GPU particles in one frame[618]: RainFall4_PS/Particle Emitter
[2017.12.13-20.01.17:750][618]LogParticles: Warning: Spawning 23333 GPU particles in one frame[619]: RainFall4_PS/Particle Emitter
[2017.12.13-20.01.18:086][619]LogParticles: Warning: Spawning 23333 GPU particles in one frame[620]: RainFall4_PS/Particle Emitter
[2017.12.13-20.01.18:409][620]LogParticles: Warning: Spawning 23334 GPU particles in one frame[621]: RainFall4_PS/Particle Emitter
[2017.12.13-20.01.18:725][621]LogParticles: Warning: Spawning 23333 GPU particles in one frame[622]: RainFall4_PS/Particle Emitter
[2017.12.13-20.01.24:966][316]LogSlate: Took 0.000244 seconds to synchronously load lazily loaded font '../../../Engine/Content/Editor/Slate/Fonts/Roboto-BoldCondensedItalic.ttf' (160K)
[2017.12.13-20.01.35:061][450]BlueprintLog: New page: Compile Test_AI2_BP
[2017.12.13-20.01.38:047][712]LogAIModule: Creating AISystem for world Test_Area1
[2017.12.13-20.01.39:349][712]LogSavePackage: Save=101.67ms
[2017.12.13-20.01.39:349][712]LogSavePackage: Moving '../../../../../../Users/rajjj/OneDrive/Documents/GitHub/DatBoiEntertainmetnGame_/Saved/Test_AI2_BP3A787E1D49B8E42F6B875081B89AF44C.tmp' to '../../../../../../Users/rajjj/OneDrive/Documents/GitHub/DatBoiEntertainmetnGame_/Content/2DSideScrollerBP/Blueprints/Testing_Assets/Test_AI2_BP.uasset'
[2017.12.13-20.01.39:352][712]LogSavePackage: Display: Finished SavePackage ../../../../../../Users/rajjj/OneDrive/Documents/GitHub/DatBoiEntertainmetnGame_/Content/2DSideScrollerBP/Blueprints/Testing_Assets/Test_AI2_BP.uasset
[2017.12.13-20.01.39:353][712]Cmd: MAP LOAD FILE="../../../../../../Users/rajjj/OneDrive/Documents/GitHub/DatBoiEntertainmetnGame_/Content/2DSideScrollerBP/Maps/Levels/Test_Area1.umap" TEMPLATE=0 SHOWPROGRESS=1 FEATURELEVEL=3
[2017.12.13-20.01.39:353][712]LightingResults: New page: Lighting Build
[2017.12.13-20.01.39:354][712]LoadErrors: New page: Loading map: Test_Area1.umap
[2017.12.13-20.01.39:358][712]MapCheck: New page: Map Check
[2017.12.13-20.01.39:358][712]LightingResults: New page: Lighting Build
[2017.12.13-20.01.39:393][712]LogEditorServer: Finished looking for orphan Actors (0.000 secs)
[2017.12.13-20.01.39:468][712]Cmd: MAP CHECKDEP NOCLEARLOG
[2017.12.13-20.01.39:538][712]MapCheck: Map check complete: 0 Error(s), 0 Warning(s), took 70.135ms to complete.
[2017.12.13-20.01.39:539][712]LogFileHelpers: Loading map 'Test_Area1' took 0.186
[2017.12.13-20.01.39:539][712]LogSlate: Took 0.000122 seconds to synchronously load lazily loaded font '../../../Engine/Content/Slate/Fonts/Roboto-Regular.ttf' (155K)
