Log file open, 07/09/17 21:08:13
LogInit:Display: Running engine for game: InsertNameAdventure
LogPlatformFile: Not using cached read wrapper
LogInit:Display: RandInit(-637175915) SRandInit(-637175915).
LogTaskGraph: Started task graph with 5 named threads and 8 total threads with 1 sets of task threads.
LogStats: Stats thread started at 0.715258
LogInit: Using libcurl 7.47.1
LogInit:  - built for x86_64-pc-win32
LogInit:  - supports SSL with OpenSSL/1.0.2g
LogInit:  - supports HTTP deflate (compression) using libz 1.2.8
LogInit:  - other features:
LogInit:      CURL_VERSION_SSL
LogInit:      CURL_VERSION_LIBZ
LogInit:      CURL_VERSION_IPV6
LogInit:      CURL_VERSION_ASYNCHDNS
LogInit:      CURL_VERSION_LARGEFILE
LogInit:      CURL_VERSION_IDN
LogInit:  CurlRequestOptions (configurable via config and command line):
LogInit:  - bVerifyPeer = false  - Libcurl will NOT verify peer certificate
LogInit:  - bUseHttpProxy = false  - Libcurl will NOT use HTTP proxy
LogInit:  - bDontReuseConnections = false  - Libcurl will reuse connections
LogInit:  - CertBundlePath = nullptr  - Libcurl will use whatever was configured at build time.
LogInit: Build: ++UE4+Release-4.16-CL-3452394
LogInit: Engine Version: 4.16.0-3452394+++UE4+Release-4.16
LogInit: Compatible Engine Version: 4.16.0-3452394+++UE4+Release-4.16
LogInit: Net CL: 3452394
LogDevObjectVersion: Number of dev versions registered: 16
LogDevObjectVersion:   Dev-Blueprints (B0D832E4-1F89-4F0D-ACCF-7EB736FD4AA2): 9
LogDevObjectVersion:   Dev-Build (E1C64328-A22C-4D53-A36C-8E866417BD8C): 0
LogDevObjectVersion:   Dev-Core (375EC13C-06E4-48FB-B500-84F0262A717E): 2
LogDevObjectVersion:   Dev-Editor (E4B068ED-F494-42E9-A231-DA0B2E46BB41): 17
LogDevObjectVersion:   Dev-Framework (CFFC743F-43B0-4480-9391-14DF171D2073): 23
LogDevObjectVersion:   Dev-Mobile (B02B49B5-BB20-44E9-A304-32B752E40360): 0
LogDevObjectVersion:   Dev-Networking (A4E4105C-59A1-49B5-A7C5-40C4547EDFEE): 0
LogDevObjectVersion:   Dev-Online (39C831C9-5AE6-47DC-9A44-9C173E1C8E7C): 0
LogDevObjectVersion:   Dev-Physics (78F01B33-EBEA-4F98-B9B4-84EACCB95AA2): 0
LogDevObjectVersion:   Dev-Platform (6631380F-2D4D-43E0-8009-CF276956A95A): 0
LogDevObjectVersion:   Dev-Rendering (12F88B9F-8875-4AFC-A67C-D90C383ABD29): 15
LogDevObjectVersion:   Dev-Sequencer (7B5AE74C-D270-4C10-A958-57980B212A5A): 4
LogDevObjectVersion:   Dev-VR (D7296918-1DD6-4BDD-9DE2-64A83CC13884): 0
LogDevObjectVersion:   Dev-LoadTimes (C2A15278-BFE7-4AFE-6C17-90FF531DF755): 1
LogDevObjectVersion:   Private-Geometry (6EACA3D4-40EC-4CC1-B786-8BED09428FC5): 1
LogDevObjectVersion:   Dev-AnimPhys (29E575DD-E0A3-4627-9D10-D276232CDCEA): 3
LogInit: Compiled (64-bit): May 22 2017 17:47:00
LogInit: Compiled with Visual C++: 19.00.23026.00
LogInit: Build Configuration: Development
LogInit: Branch Name: ++UE4+Release-4.16
LogInit: Command line:  
LogInit: Base directory: C:/Program Files/Epic Games/UE_4.16/Engine/Binaries/Win64/
LogInit: Installed Engine Build: 1
LogInit: Presizing for max 8388607 objects, including 0 objects not considered by GC, pre-allocating 0 bytes for permanent pool.
LogInit: Object subsystem initialized
[2017.07.10-03.08.14:153][  0]LogInit: Selected Device Profile: [Windows]
[2017.07.10-03.08.14:153][  0]LogInit: Applying CVar settings loaded from the selected device profile: [Windows]
[2017.07.10-03.08.14:178][  0]LogInit: Computer: DESKTOP-6MFT485
[2017.07.10-03.08.14:178][  0]LogInit: User: JustinWells20
[2017.07.10-03.08.14:178][  0]LogInit: CPU Page size=4096, Cores=4
[2017.07.10-03.08.14:178][  0]LogInit: High frequency timer resolution =3.328127 MHz
[2017.07.10-03.08.14:178][  0]LogMemory: Memory total: Physical=15.9GB (16GB approx)
[2017.07.10-03.08.14:178][  0]LogMemory: Platform Memory Stats for Windows
[2017.07.10-03.08.14:178][  0]LogMemory: Process Physical Memory: 273.66 MB used, 273.66 MB peak
[2017.07.10-03.08.14:178][  0]LogMemory: Process Virtual Memory: 266.46 MB used, 266.46 MB peak
[2017.07.10-03.08.14:178][  0]LogMemory: Physical Memory: 2783.16 MB used,  13538.58 MB free, 16321.74 MB total
[2017.07.10-03.08.14:178][  0]LogMemory: Virtual Memory: 651.38 MB used,  13538.58 MB free, 134217728.00 MB total
[2017.07.10-03.08.14:481][  0]LogInit: Using OS detected language (en-US).
[2017.07.10-03.08.14:481][  0]LogInit: Using OS detected locale (en-US).
[2017.07.10-03.08.14:537][  0]LogTextLocalizationManager: No specific localization for 'en-US' exists, so the 'en' localization will be used.
[2017.07.10-03.08.17:240][  0]LogD3D11RHI: D3D11 adapters:
[2017.07.10-03.08.17:801][  0]LogD3D11RHI:    0. 'NVIDIA GeForce GTX 1070' (Feature Level 11_0)
[2017.07.10-03.08.17:801][  0]LogD3D11RHI:       8081/0/8160 MB DedicatedVideo/DedicatedSystem/SharedSystem, Outputs:2, VendorId:0x10de
[2017.07.10-03.08.17:802][  0]LogD3D11RHI:    1. 'Microsoft Basic Render Driver' (Feature Level 11_0)
[2017.07.10-03.08.17:802][  0]LogD3D11RHI:       0/0/8160 MB DedicatedVideo/DedicatedSystem/SharedSystem, Outputs:0, VendorId:0x1414
[2017.07.10-03.08.17:802][  0]LogD3D11RHI: Chosen D3D11 Adapter: 0
[2017.07.10-03.08.17:808][  0]LogD3D11RHI: Creating new Direct3DDevice
[2017.07.10-03.08.17:808][  0]LogD3D11RHI:     GPU DeviceId: 0x1b81 (for the marketing name, search the web for "GPU Device Id")
[2017.07.10-03.08.17:808][  0]LogWindows: EnumDisplayDevices:
[2017.07.10-03.08.17:808][  0]LogWindows:    0. 'NVIDIA GeForce GTX 1070' (P:0 D:1)
[2017.07.10-03.08.17:808][  0]LogWindows:    1. 'NVIDIA GeForce GTX 1070' (P:1 D:1)
[2017.07.10-03.08.17:808][  0]LogWindows:    2. 'NVIDIA GeForce GTX 1070' (P:0 D:0)
[2017.07.10-03.08.17:808][  0]LogWindows:    3. 'NVIDIA GeForce GTX 1070' (P:0 D:0)
[2017.07.10-03.08.17:808][  0]LogWindows: DebugString: FoundDriverCount:4 
[2017.07.10-03.08.17:808][  0]LogD3D11RHI:     Adapter Name: NVIDIA GeForce GTX 1070
[2017.07.10-03.08.17:808][  0]LogD3D11RHI:   Driver Version: 384.76 (internal:22.21.13.8476, unified:384.76)
[2017.07.10-03.08.17:808][  0]LogD3D11RHI:      Driver Date: 6-27-2017
[2017.07.10-03.08.17:808][  0]LogRHI: Texture pool is 1361 MB (70% of 1945 MB)
[2017.07.10-03.08.18:369][  0]LogD3D11RHI: Async texture creation enabled
[2017.07.10-03.08.18:414][  0]LogD3D11RHI: GPU Timing Frequency: 1000.000000 (Debug: 2 1)
[2017.07.10-03.08.18:469][  0]LogShaderCompilers: Guid format shader working directory is -54 characters bigger than the processId version (../../../../../../Users/Justin Wells/Documents/Unreal Projects/InsertNameAdventure/DatBoiEntertainmetnGame/Intermediate/Shaders/WorkingDirectory/10784/).
[2017.07.10-03.08.18:469][  0]LogShaderCompilers: Cleaned the shader compiler working directory 'C:/Users/Justin Wells/AppData/Local/Temp/UnrealShaderWorkingDir/77B8B2D74DBBC2F5803C47A5249FD603/'.
[2017.07.10-03.08.18:469][  0]LogShaderCompilers:Display: Using Local Shader Compiler.
[2017.07.10-03.08.20:416][  0]LogTemp:Display: Loaded TP AllDesktopTargetPlatform
[2017.07.10-03.08.20:456][  0]LogTemp:Display: Loaded TP MacClientTargetPlatform
[2017.07.10-03.08.20:497][  0]LogTemp:Display: Loaded TP MacNoEditorTargetPlatform
[2017.07.10-03.08.20:539][  0]LogTemp:Display: Loaded TP MacServerTargetPlatform
[2017.07.10-03.08.20:584][  0]LogTemp:Display: Loaded TP MacTargetPlatform
[2017.07.10-03.08.20:627][  0]LogTemp:Display: Loaded TP WindowsClientTargetPlatform
[2017.07.10-03.08.20:668][  0]LogTemp:Display: Loaded TP WindowsNoEditorTargetPlatform
[2017.07.10-03.08.20:709][  0]LogTemp:Display: Loaded TP WindowsServerTargetPlatform
[2017.07.10-03.08.20:744][  0]LogTemp:Display: Loaded TP WindowsTargetPlatform
[2017.07.10-03.08.20:788][  0]LogTemp:Display: Loaded TP AndroidTargetPlatform
[2017.07.10-03.08.20:830][  0]LogTemp:Display: Loaded TP Android_ASTCTargetPlatform
[2017.07.10-03.08.20:870][  0]LogTemp:Display: Loaded TP Android_ATCTargetPlatform
[2017.07.10-03.08.20:912][  0]LogTemp:Display: Loaded TP Android_DXTTargetPlatform
[2017.07.10-03.08.20:954][  0]LogTemp:Display: Loaded TP Android_ETC1TargetPlatform
[2017.07.10-03.08.20:993][  0]LogTemp:Display: Loaded TP Android_ETC2TargetPlatform
[2017.07.10-03.08.21:071][  0]LogTemp:Display: Loaded TP Android_MultiTargetPlatform
[2017.07.10-03.08.21:071][  0]LogTemp:Display: Loaded TP Android_PVRTCTargetPlatform
[2017.07.10-03.08.21:101][  0]LogTemp:Display: Loaded TP HTML5TargetPlatform
[2017.07.10-03.08.21:185][  0]LogTemp:Display: Loaded TP IOSTargetPlatform
[2017.07.10-03.08.21:208][  0]LogTemp:Display: Loaded TP TVOSTargetPlatform
[2017.07.10-03.08.21:248][  0]LogTemp:Display: Loaded TP LinuxClientTargetPlatform
[2017.07.10-03.08.21:286][  0]LogTemp:Display: Loaded TP LinuxNoEditorTargetPlatform
[2017.07.10-03.08.21:324][  0]LogTemp:Display: Loaded TP LinuxServerTargetPlatform
[2017.07.10-03.08.21:366][  0]LogTemp:Display: Loaded TP LinuxTargetPlatform
[2017.07.10-03.08.21:366][  0]LogTargetPlatformManager:Display: Building Assets For Windows
[2017.07.10-03.08.21:860][  0]LogDerivedDataCache:Display: Max Cache Size: 512 MB
[2017.07.10-03.08.22:190][  0]LogDerivedDataCache: Loaded boot cache 0.33s 90MB C:/Users/Justin Wells/AppData/Local/UnrealEngine/4.16/DerivedDataCache/Boot.ddc.
[2017.07.10-03.08.22:190][  0]LogDerivedDataCache:Display: Loaded Boot cache: C:/Users/Justin Wells/AppData/Local/UnrealEngine/4.16/DerivedDataCache/Boot.ddc
[2017.07.10-03.08.22:190][  0]LogDerivedDataCache: FDerivedDataBackendGraph:  Pak pak cache file ../../../../../../Users/Justin Wells/Documents/Unreal Projects/InsertNameAdventure/DatBoiEntertainmetnGame/DerivedDataCache/DDC.ddp not found, will not use a pak cache.
[2017.07.10-03.08.22:190][  0]LogDerivedDataCache: Unable to find inner node Pak for hierarchical cache Hierarchy.
[2017.07.10-03.08.22:190][  0]LogDerivedDataCache: FDerivedDataBackendGraph:  CompressedPak pak cache file ../../../../../../Users/Justin Wells/Documents/Unreal Projects/InsertNameAdventure/DatBoiEntertainmetnGame/DerivedDataCache/Compressed.ddp not found, will not use a pak cache.
[2017.07.10-03.08.22:190][  0]LogDerivedDataCache: Unable to find inner node CompressedPak for hierarchical cache Hierarchy.
[2017.07.10-03.08.22:212][  0]LogDerivedDataCache:Display: Pak cache opened for reading ../../../Engine/DerivedDataCache/Compressed.ddp.
[2017.07.10-03.08.22:225][  0]LogDerivedDataCache: Using Local data cache path C:/Users/Justin Wells/AppData/Local/UnrealEngine/Common/DerivedDataCache: Writable
[2017.07.10-03.08.22:239][  0]LogMaterial: Verifying Global Shaders for PCD3D_SM5
[2017.07.10-03.08.22:244][  0]LogSlate: Using Freetype 2.6.0
[2017.07.10-03.08.22:260][  0]LogSlate: SlateFontCache - WITH_FREETYPE: 1, WITH_HARFBUZZ: 1
[2017.07.10-03.08.22:260][  0]LogSlate: SlateFontCache - WITH_FREETYPE: 1, WITH_HARFBUZZ: 1
[2017.07.10-03.08.22:985][  0]LogInit: Selected Device Profile: [Windows]
[2017.07.10-03.08.23:145][  0]LogContentStreaming: Texture pool size is 0.00 MB
[2017.07.10-03.08.23:337][  0]LogMeshUtilities: Using QuadricMeshReduction for automatic static mesh reduction
[2017.07.10-03.08.23:381][  0]LogSimplygon: Simplygon DLL not present - disabling.
[2017.07.10-03.08.23:420][  0]LogMeshUtilities: Using SimplygonSwarm for distributed automatic mesh merging
[2017.07.10-03.08.23:420][  0]LogMeshUtilities: No automatic skeletal mesh reduction module available
[2017.07.10-03.08.23:420][  0]LogMeshUtilities: No automatic mesh merging module available
[2017.07.10-03.08.24:677][  0]LogNetVersion: InsertNameAdventure , NetCL: 3452394, EngineNetVer: 2, GameNetVer: 0 (Checksum: 1278457987)
[2017.07.10-03.08.24:761][  0]LogAssetRegistry: FAssetRegistry took 0.0293 seconds to start up
[2017.07.10-03.08.24:821][  0]LogPackageLocalizationCache: Processed 4 localized package path(s) for 2 prioritized culture(s) in 0.040634 seconds
[2017.07.10-03.08.24:826][  0]LogUObjectArray: 34194 objects as part of root set at end of initial load.
[2017.07.10-03.08.24:826][  0]LogUObjectAllocator: 7260424 out of 0 bytes used by permanent object pool.
[2017.07.10-03.08.24:826][  0]LogUObjectArray: CloseDisregardForGC: 0/0 objects in disregard for GC pool
[2017.07.10-03.08.24:877][  0]LogInit: WinSock: version 1.1 (2.2), MaxSocks=32767, MaxUdp=65467
[2017.07.10-03.08.28:361][  0]LogTcpMessaging: Initializing TcpMessaging bridge
[2017.07.10-03.08.28:396][  0]LogUdpMessaging: Initializing bridge on interface 0.0.0.0:0 to multicast group 230.0.0.1:6666.
[2017.07.10-03.08.28:950][  0]LogMaterial: Uniform references updated for custom material expression Custom.
[2017.07.10-03.08.29:487][  0]SourceControl: Info Source control is disabled
[2017.07.10-03.08.30:536][  0]LogAndroidPermission: UAndroidPermissionCallbackProxy::GetInstance
[2017.07.10-03.08.31:042][  0]LogEngine: Initializing Engine...
[2017.07.10-03.08.31:043][  0]LogHMD: Failed to initialize OpenVR with code 101
[2017.07.10-03.08.31:341][  0]LogStats: UGameplayTagsManager::ConstructGameplayTagTree: Construct from data asset -  0.000 s
[2017.07.10-03.08.31:341][  0]LogStats: UGameplayTagsManager::ConstructGameplayTagTree: GameplayTagTreeChangedEvent.Broadcast -  0.000 s
[2017.07.10-03.08.31:458][  0]LogAIModule: Creating AISystem for world Untitled
[2017.07.10-03.08.31:477][  0]LogInit: XAudio2 using 'Speakers (High Definition Audio Device)' : 2 channels at 48 kHz using 16 bits per sample (channel mask 0x3)
[2017.07.10-03.08.31:500][  0]LogInit: FAudioDevice initialized.
[2017.07.10-03.08.31:538][  0]LogDerivedDataCache: Saved boot cache 0.04s 90MB C:/Users/Justin Wells/AppData/Local/UnrealEngine/4.16/DerivedDataCache/Boot.ddc.
[2017.07.10-03.08.31:549][  0]LogInit: Texture streaming: Enabled
[2017.07.10-03.08.31:628][  0]LogEngineSessionManager: EngineSessionManager initialized
[2017.07.10-03.08.31:857][  0]LogInit: Transaction tracking system initialized
[2017.07.10-03.08.32:129][  0]BlueprintLog: New page: Editor Load
[2017.07.10-03.08.32:993][  0]LocalizationService: Info Localization service is disabled
[2017.07.10-03.08.33:592][  0]LogConsoleResponse:Display: 
[2017.07.10-03.08.33:923][  0]LogCook:Display: Max memory allowance for cook 16384mb min free memory 0mb
[2017.07.10-03.08.33:923][  0]LogCook:Display: Mobile HDR setting 1
[2017.07.10-03.08.34:794][  0]LogFileCache: Scanning file cache for directory 'C:/Users/Justin Wells/Documents/Unreal Projects/InsertNameAdventure/DatBoiEntertainmetnGame/Content/' took 0.02s
[2017.07.10-03.08.34:984][  0]LogSlate: Took 0.005353 seconds to synchronously load lazily loaded font '../../../Engine/Content/Slate/Fonts/Roboto-Regular.ttf' (155K)
[2017.07.10-03.09.23:431][  0]LogWindowsTextInputMethodSystem:Display: IME system now deactivated.
[2017.07.10-03.09.23:436][  0]LightingResults: New page: Lighting Build
[2017.07.10-03.09.23:474][  0]MapCheck: New page: Map Check
[2017.07.10-03.09.23:474][  0]LightingResults: New page: Lighting Build
[2017.07.10-03.09.23:491][  0]LogAIModule: Creating AISystem for world Untitled
[2017.07.10-03.09.23:495][  0]LoadErrors: New page: New Map
[2017.07.10-03.09.23:713][  0]LogWindowsTextInputMethodSystem:Display: IME system now deactivated.
[2017.07.10-03.09.23:920][  0]LogCollectionManager: Loaded 0 collections in 0.001605 seconds
[2017.07.10-03.09.24:004][  0]LogFileCache: Scanning file cache for directory 'C:/Users/Justin Wells/Documents/Unreal Projects/InsertNameAdventure/DatBoiEntertainmetnGame/Saved/Collections/' took 0.01s
[2017.07.10-03.09.24:004][  0]LogFileCache: Scanning file cache for directory 'C:/Users/Justin Wells/Documents/Unreal Projects/InsertNameAdventure/DatBoiEntertainmetnGame/Content/Developers/JustinWells20/Collections/' took 0.01s
[2017.07.10-03.09.24:004][  0]LogFileCache: Scanning file cache for directory 'C:/Users/Justin Wells/Documents/Unreal Projects/InsertNameAdventure/DatBoiEntertainmetnGame/Content/Collections/' took 0.01s
[2017.07.10-03.09.24:004][  0]LogCollectionManager: Rebuilt the GUID cache for 0 collections in 0.000001 seconds
[2017.07.10-03.09.24:013][  0]LogContentBrowser: Native class hierarchy populated in 0.0076 seconds. Added 2329 classes and 491 folders.
[2017.07.10-03.09.24:065][  0]LogContentBrowser: Native class hierarchy updated for 'WidgetCarousel' in 0.0006 seconds. Added 0 classes and 0 folders.
[2017.07.10-03.09.24:392][  0]LogContentBrowser: Native class hierarchy updated for 'AddContentDialog' in 0.0014 seconds. Added 0 classes and 0 folders.
[2017.07.10-03.09.24:451][  0]LogContentBrowser: Native class hierarchy updated for 'SceneOutliner' in 0.0006 seconds. Added 1 classes and 2 folders.
[2017.07.10-03.09.24:475][  0]LogCrashTracker: Crashtracker disabled due to settings.
[2017.07.10-03.09.24:491][  0]LogSlate: Took 0.004112 seconds to synchronously load lazily loaded font '../../../Engine/Content/Slate/Fonts/Roboto-Bold.ttf' (160K)
[2017.07.10-03.09.24:500][  0]LogSlate: Took 0.004471 seconds to synchronously load lazily loaded font '../../../Engine/Content/Editor/Slate/Fonts/FontAwesome.ttf' (139K)
[2017.07.10-03.09.24:603][  0]LogRenderer: Reallocating scene render targets to support 1756x608 NumSamples 1 (Frame:1).
[2017.07.10-03.09.24:751][  0]LogUObjectGlobals:Warning: Failed to find object 'Class None.'
[2017.07.10-03.09.24:810][  0]LogContentBrowser: Native class hierarchy updated for 'HierarchicalLODOutliner' in 0.0006 seconds. Added 1 classes and 2 folders.
[2017.07.10-03.09.24:810][  0]LogLoad: (Engine Initialization) Total time: 73.96 seconds
[2017.07.10-03.09.24:810][  0]LogLoad: (Engine Initialization) Total Blueprint compile time: 0.08 seconds
[2017.07.10-03.09.24:810][  0]LogExternalProfiler: No external profilers were discovered.  External profiling features will not be available.
[2017.07.10-03.09.24:822][  0]LogOcInput: OculusInput pre-init called
[2017.07.10-03.09.24:822][  0]LogHMD: Starting GearVRController plugin
[2017.07.10-03.09.24:840][  0]SourceControl: Info On branch V1.5.1
[2017.07.10-03.09.24:840][  0]SourceControl: Info Your branch is up-to-date with 'origin/V1.5.1'.
[2017.07.10-03.09.24:840][  0]SourceControl: Info Changes not staged for commit:
[2017.07.10-03.09.24:840][  0]SourceControl: Info   (use "git add/rm <file>..." to update what will be committed)
[2017.07.10-03.09.24:840][  0]SourceControl: Info   (use "git checkout -- <file>..." to discard changes in working directory)
[2017.07.10-03.09.24:840][  0]SourceControl: Info 	modified:   Intermediate/AssetRegistryCache/c90e3f55.bin
[2017.07.10-03.09.24:840][  0]SourceControl: Info 	modified:   Intermediate/CachedAssetRegistry.bin
[2017.07.10-03.09.24:840][  0]SourceControl: Info 	modified:   Saved/AutoScreenshot.png
[2017.07.10-03.09.24:840][  0]SourceControl: Info 	deleted:    Saved/Config/CrashReportClient/UE4CC-Windows-14AC58204B991C5F6E04B48AD1294595/CrashReportClient.ini
[2017.07.10-03.09.24:840][  0]SourceControl: Info 	deleted:    Saved/Config/CrashReportClient/UE4CC-Windows-83BD60614ED343A8828C0595EC2EFCAD/CrashReportClient.ini
[2017.07.10-03.09.24:840][  0]SourceControl: Info 	deleted:    Saved/Config/CrashReportClient/UE4CC-Windows-9D86D2B54394671630791788A57C6D56/CrashReportClient.ini
[2017.07.10-03.09.24:840][  0]SourceControl: Info 	modified:   Saved/Config/Windows/Editor.ini
[2017.07.10-03.09.24:840][  0]SourceControl: Info 	modified:   Saved/Config/Windows/EditorPerProjectUserSettings.ini
[2017.07.10-03.09.24:840][  0]SourceControl: Info 	modified:   Saved/Config/Windows/Engine.ini
[2017.07.10-03.09.24:840][  0]SourceControl: Info 	deleted:    Saved/Logs/InsertNameAdventure-backup-2017.07.05-13.33.23.log
[2017.07.10-03.09.24:840][  0]SourceControl: Info 	modified:   Saved/Logs/InsertNameAdventure.log
[2017.07.10-03.09.24:840][  0]SourceControl: Info Untracked files:
[2017.07.10-03.09.24:840][  0]SourceControl: Info   (use "git add <file>..." to include in what will be committed)
[2017.07.10-03.09.24:840][  0]SourceControl: Info 	Saved/Config/CrashReportClient/UE4CC-Windows-1B191C274BEC1979FEE18E8981AFCA08/
[2017.07.10-03.09.24:840][  0]SourceControl: Info 	Saved/Config/CrashReportClient/UE4CC-Windows-9E7644A646177ACA4737C0A4BEDEB43D/
[2017.07.10-03.09.24:840][  0]SourceControl: Info 	Saved/Logs/InsertNameAdventure-backup-2017.07.09-07.36.35.log
[2017.07.10-03.09.24:840][  0]SourceControl: Info 	Saved/Logs/InsertNameAdventure-backup-2017.07.09-21.08.13.log
[2017.07.10-03.09.24:840][  0]SourceControl: Info no changes added to commit (use "git add" and/or "git commit -a")
[2017.07.10-03.09.24:840][  0]LogContentStreaming: Texture pool size now 1000 MB
[2017.07.10-03.09.24:867][  0]LogSlate: Took 0.004396 seconds to synchronously load lazily loaded font '../../../Engine/Content/Slate/Fonts/Roboto-Light.ttf' (159K)
[2017.07.10-03.09.24:907][  1]LogAssetRegistry: Asset discovery search completed in 60.1685 seconds
[2017.07.10-03.09.24:909][  1]LogCollectionManager: Rebuilt the object cache for 0 collections in 0.000003 seconds (found 0 objects)
[2017.07.10-03.09.24:909][  1]LogCollectionManager: Fixed up redirectors for 0 collections in 0.000020 seconds (updated 0 objects)
[2017.07.10-03.09.25:852][ 95]LogSlate: Took 0.000189 seconds to synchronously load lazily loaded font '../../../Engine/Content/Slate/Fonts/Roboto-Light.ttf' (159K)
[2017.07.10-03.09.30:502][648]LogSlate: Took 0.000144 seconds to synchronously load lazily loaded font '../../../Engine/Content/Slate/Fonts/Roboto-Light.ttf' (159K)
[2017.07.10-03.09.30:880][648]LogSlate: Took 0.003430 seconds to synchronously load lazily loaded font '../../../Engine/Content/Editor/Slate/Fonts/Roboto-BoldCondensed.ttf' (158K)
[2017.07.10-03.09.32:605][843]LogRenderer: Reallocating scene render targets to support 1756x924 NumSamples 1 (Frame:1).
[2017.07.10-03.09.36:320][267]LogTemp: Repeting last play command: New Editor Window (PIE)
[2017.07.10-03.09.36:373][267]LogPlayLevel: PlayLevel: No blueprints needed recompiling
[2017.07.10-03.09.36:374][267]PIE: New page: PIE session: Untitled_1 (Jul 9, 2017, 3:09:36 PM)
[2017.07.10-03.09.36:374][267]LogPlayLevel: Creating play world package: /Temp/UEDPIE_0_Untitled_1
[2017.07.10-03.09.36:376][267]LogPlayLevel: PIE: StaticDuplicateObject took: (0.001310s)
[2017.07.10-03.09.36:376][267]LogAIModule: Creating AISystem for world Untitled
[2017.07.10-03.09.36:376][267]LogPlayLevel: PIE: World Init took: (0.000518s)
[2017.07.10-03.09.36:377][267]LogPlayLevel: PIE: Created PIE world by copying editor world from /Temp/Untitled_1.Untitled to /Temp/UEDPIE_0_Untitled_1.Untitled (0.002072s)
[2017.07.10-03.09.36:390][267]LogInit: XAudio2 using 'Speakers (High Definition Audio Device)' : 2 channels at 48 kHz using 16 bits per sample (channel mask 0x3)
[2017.07.10-03.09.36:396][267]LogInit: FAudioDevice initialized.
[2017.07.10-03.09.37:027][267]LogLoad: Game class is '2DSideScrollerGameMode_C'
[2017.07.10-03.09.37:032][267]LogWorld: Bringing World /Temp/UEDPIE_0_Untitled_1.Untitled up for play (max tick rate 0) at 2017.07.09-21.09.37
[2017.07.10-03.09.37:032][267]LogWorld: Bringing up level for play took: 0.000963
[2017.07.10-03.09.37:067][267]LogContentBrowser: Native class hierarchy updated for 'MovieSceneCapture' in 0.0006 seconds. Added 11 classes and 0 folders.
[2017.07.10-03.09.37:078][267]PIE: Info Play in editor start time for /Temp/UEDPIE_0_Untitled_1 1.357
[2017.07.10-03.09.59:873][938]LogAIModule: Creating AISystem for world Rainforest_Alien
[2017.07.10-03.09.59:898][938]LightingResults: New page: Lighting Build
[2017.07.10-03.09.59:898][938]LoadErrors: New page: Loading map: Rainforest_Alien.umap
[2017.07.10-03.09.59:899][938]MapCheck: New page: Map Check
[2017.07.10-03.09.59:899][938]LightingResults: New page: Lighting Build
[2017.07.10-03.09.59:930][938]LogEditorServer: Finished looking for orphan Actors (0.000 secs)
[2017.07.10-03.09.59:970][938]Cmd: MAP CHECKDEP NOCLEARLOG
[2017.07.10-03.10.00:015][938]MapCheck: Info Map check complete: 0 Error(s), 0 Warning(s), took 44.706ms to complete.
[2017.07.10-03.10.00:015][938]LogFileHelpers: Loading map 'Rainforest_Alien' took 0.118
[2017.07.10-03.10.02:213][176]LogTemp: Repeting last play command: New Editor Window (PIE)
[2017.07.10-03.10.02:231][176]LogPlayLevel: PlayLevel: No blueprints needed recompiling
[2017.07.10-03.10.02:231][176]PIE: New page: PIE session: Rainforest_Alien (Jul 9, 2017, 3:10:02 PM)
[2017.07.10-03.10.02:231][176]LogPlayLevel: Creating play world package: /Game/2DSideScrollerBP/Maps/Levels/UEDPIE_0_Rainforest_Alien
[2017.07.10-03.10.02:249][176]LogPlayLevel: PIE: StaticDuplicateObject took: (0.017443s)
[2017.07.10-03.10.02:249][176]LogAIModule: Creating AISystem for world Rainforest_Alien
[2017.07.10-03.10.02:249][176]LogPlayLevel: PIE: World Init took: (0.000517s)
[2017.07.10-03.10.02:250][176]LogPlayLevel: PIE: Created PIE world by copying editor world from /Game/2DSideScrollerBP/Maps/Levels/Rainforest_Alien.Rainforest_Alien to /Game/2DSideScrollerBP/Maps/Levels/UEDPIE_0_Rainforest_Alien.Rainforest_Alien (0.018289s)
[2017.07.10-03.10.02:263][176]LogInit: XAudio2 using 'Speakers (High Definition Audio Device)' : 2 channels at 48 kHz using 16 bits per sample (channel mask 0x3)
[2017.07.10-03.10.02:269][176]LogInit: FAudioDevice initialized.
[2017.07.10-03.10.02:316][176]LogLoad: Game class is '2DSideScrollerGameMode_C'
[2017.07.10-03.10.02:332][176]LogWorld: Bringing World /Game/2DSideScrollerBP/Maps/Levels/UEDPIE_0_Rainforest_Alien.Rainforest_Alien up for play (max tick rate 0) at 2017.07.09-21.10.02
[2017.07.10-03.10.02:341][176]LogWorld: Bringing up level for play took: 0.024522
[2017.07.10-03.10.02:349][176]PIE: Info Play in editor start time for /Game/2DSideScrollerBP/Maps/Levels/UEDPIE_0_Rainforest_Alien 0.628
[2017.07.10-03.13.29:175][865]LogContentBrowser: Native class hierarchy updated for 'BlueprintGraph' in 0.0010 seconds. Added 112 classes and 0 folders.
[2017.07.10-03.13.29:700][865]LogSlate: Took 0.000111 seconds to synchronously load lazily loaded font '../../../Engine/Content/Slate/Fonts/Roboto-Regular.ttf' (155K)
[2017.07.10-03.13.29:953][866]LogSlate: Took 0.003232 seconds to synchronously load lazily loaded font '../../../Engine/Content/Editor/Slate/Fonts/Roboto-Italic.ttf' (157K)
[2017.07.10-03.13.42:468][163]BlueprintLog: New page: Compile 2DSideScrollerCharacter
[2017.07.10-03.17.07:153][899]Cmd: TRANSACTION UNDO
[2017.07.10-03.17.07:153][899]LogEditorTransaction: Undo Tile Painting
[2017.07.10-03.17.07:663][939]Cmd: TRANSACTION UNDO
[2017.07.10-03.17.07:663][939]LogEditorTransaction: Undo Tile Painting
[2017.07.10-03.17.08:017][970]Cmd: TRANSACTION UNDO
[2017.07.10-03.17.08:017][970]LogEditorTransaction: Undo Tile Painting
[2017.07.10-03.17.17:353][ 22]Cmd: TRANSACTION UNDO
[2017.07.10-03.17.17:353][ 22]LogEditorTransaction: Undo Tile Painting
[2017.07.10-03.17.17:856][ 60]Cmd: TRANSACTION UNDO
[2017.07.10-03.17.17:856][ 60]LogEditorTransaction: Undo Tile Painting
[2017.07.10-03.17.34:649][ 19]LogTemp: Repeting last play command: New Editor Window (PIE)
[2017.07.10-03.17.34:678][ 19]LogPlayLevel: PlayLevel: No blueprints needed recompiling
[2017.07.10-03.17.34:678][ 19]PIE: New page: PIE session: Rainforest_Alien (Jul 9, 2017, 3:17:34 PM)
[2017.07.10-03.17.34:678][ 19]LogPlayLevel: Creating play world package: /Game/2DSideScrollerBP/Maps/Levels/UEDPIE_0_Rainforest_Alien
[2017.07.10-03.17.34:695][ 19]LogPlayLevel: PIE: StaticDuplicateObject took: (0.017415s)
[2017.07.10-03.17.34:696][ 19]LogAIModule: Creating AISystem for world Rainforest_Alien
[2017.07.10-03.17.34:696][ 19]LogPlayLevel: PIE: World Init took: (0.000615s)
[2017.07.10-03.17.34:696][ 19]LogPlayLevel: PIE: Created PIE world by copying editor world from /Game/2DSideScrollerBP/Maps/Levels/Rainforest_Alien.Rainforest_Alien to /Game/2DSideScrollerBP/Maps/Levels/UEDPIE_0_Rainforest_Alien.Rainforest_Alien (0.018369s)
[2017.07.10-03.17.34:727][ 19]LogInit: XAudio2 using 'Speakers (High Definition Audio Device)' : 2 channels at 48 kHz using 16 bits per sample (channel mask 0x3)
[2017.07.10-03.17.34:734][ 19]LogInit: FAudioDevice initialized.
[2017.07.10-03.17.34:781][ 19]LogLoad: Game class is '2DSideScrollerGameMode_C'
[2017.07.10-03.17.34:814][ 19]LogWorld: Bringing World /Game/2DSideScrollerBP/Maps/Levels/UEDPIE_0_Rainforest_Alien.Rainforest_Alien up for play (max tick rate 0) at 2017.07.09-21.17.34
[2017.07.10-03.17.34:824][ 19]LogWorld: Bringing up level for play took: 0.024634
[2017.07.10-03.17.34:832][ 19]PIE: Info Play in editor start time for /Game/2DSideScrollerBP/Maps/Levels/UEDPIE_0_Rainforest_Alien 1.111
[2017.07.10-03.18.43:171][957]LogEditorViewport: Clicking on Actor (LMB): PaperSpriteActor (Really_Small_dirt_mound_Sprite)
[2017.07.10-03.18.44:081][ 54]LogEditorViewport: Clicking Background
[2017.07.10-03.18.44:624][114]LogEditorViewport: Clicking on Actor (LMB): PaperSpriteActor (Really_Small_dirt_mound_Sprite)
[2017.07.10-03.18.45:583][224]LogEditorViewport: Clicking Background
[2017.07.10-03.18.46:223][296]LogEditorViewport: Clicking on Actor (LMB): PaperSpriteActor (Really_Small_dirt_mound_Sprite)
[2017.07.10-03.18.49:672][689]LogEditorViewport: Clicking Background
[2017.07.10-03.18.52:634][ 19]LogEditorViewport: Clicking on Actor (LMB): PaperSpriteActor (Really_Small_dirt_mound_Sprite)
[2017.07.10-03.19.05:754][474]LogEditorViewport: Clicking Background
[2017.07.10-03.19.07:781][705]LogEditorViewport: Clicking on Actor (LMB): PaperSpriteActor (Really_Small_dirt_mound_Sprite2)
[2017.07.10-03.19.10:181][974]LogEditorViewport: Clicking on Actor (LMB): PaperSpriteActor (Really_Small_dirt_mound_Sprite)
[2017.07.10-03.19.10:669][ 27]LogEditorViewport: Clicking Background
[2017.07.10-03.19.13:032][305]LogEditorViewport: Clicking on Actor (LMB): PaperSpriteActor (Really_Small_dirt_mound_Sprite2)
[2017.07.10-03.19.20:262][122]LogEditorViewport: Clicking on Actor (LMB): PaperSpriteActor (Really_Small_dirt_mound_Sprite4)
[2017.07.10-03.19.22:165][336]LogEditorViewport: Clicking Background
[2017.07.10-03.19.24:505][594]LogEditorViewport: Clicking on Actor (LMB): PaperSpriteActor (Really_Small_dirt_mound_Sprite)
[2017.07.10-03.19.26:037][766]LogEditorViewport: Clicking on Actor (LMB): PaperSpriteActor (Really_Small_dirt_mound_Sprite)
[2017.07.10-03.19.26:378][805]LogEditorViewport: Clicking Background
[2017.07.10-03.19.27:188][899]LogEditorViewport: Clicking on Actor (LMB): PaperSpriteActor (Really_Small_dirt_mound_Sprite)
[2017.07.10-03.19.27:786][961]LogEditorViewport: Clicking on Actor (LMB): PaperSpriteActor (Really_Small_dirt_mound_Sprite4)
[2017.07.10-03.19.28:191][  4]LogEditorViewport: Clicking Background
[2017.07.10-03.19.29:858][201]LogTemp: Repeting last play command: New Editor Window (PIE)
[2017.07.10-03.19.29:878][201]LogPlayLevel: PlayLevel: No blueprints needed recompiling
[2017.07.10-03.19.29:878][201]PIE: New page: PIE session: Rainforest_Alien (Jul 9, 2017, 3:19:29 PM)
[2017.07.10-03.19.29:878][201]LogPlayLevel: Creating play world package: /Game/2DSideScrollerBP/Maps/Levels/UEDPIE_0_Rainforest_Alien
[2017.07.10-03.19.29:895][201]LogPlayLevel: PIE: StaticDuplicateObject took: (0.016901s)
[2017.07.10-03.19.29:895][201]LogAIModule: Creating AISystem for world Rainforest_Alien
[2017.07.10-03.19.29:895][201]LogPlayLevel: PIE: World Init took: (0.000485s)
[2017.07.10-03.19.29:896][201]LogPlayLevel: PIE: Created PIE world by copying editor world from /Game/2DSideScrollerBP/Maps/Levels/Rainforest_Alien.Rainforest_Alien to /Game/2DSideScrollerBP/Maps/Levels/UEDPIE_0_Rainforest_Alien.Rainforest_Alien (0.017739s)
[2017.07.10-03.19.29:914][201]LogInit: XAudio2 using 'Speakers (High Definition Audio Device)' : 2 channels at 48 kHz using 16 bits per sample (channel mask 0x3)
[2017.07.10-03.19.29:921][201]LogInit: FAudioDevice initialized.
[2017.07.10-03.19.29:983][201]LogLoad: Game class is '2DSideScrollerGameMode_C'
[2017.07.10-03.19.30:017][201]LogWorld: Bringing World /Game/2DSideScrollerBP/Maps/Levels/UEDPIE_0_Rainforest_Alien.Rainforest_Alien up for play (max tick rate 0) at 2017.07.09-21.19.30
[2017.07.10-03.19.30:029][201]LogWorld: Bringing up level for play took: 0.044029
[2017.07.10-03.19.30:037][201]PIE: Info Play in editor start time for /Game/2DSideScrollerBP/Maps/Levels/UEDPIE_0_Rainforest_Alien 0.316
[2017.07.10-03.20.05:593][315]EditorErrors:Warning: Warning
[2017.07.10-03.20.06:759][378]LogEditorViewport: Clicking on Actor (LMB): PostProcessVolume (PostProcessVolume)
[2017.07.10-03.20.08:456][566]LogEditorViewport: Clicking Background
[2017.07.10-03.20.10:654][825]LogEditorViewport: Clicking on Actor (LMB): PostProcessVolume (PostProcessVolume)
[2017.07.10-03.21.05:864][964]LogSavePackage: Save=220.80ms
[2017.07.10-03.21.05:864][964]LogSavePackage: Moving '../../../../../../Users/Justin Wells/Documents/Unreal Projects/InsertNameAdventure/DatBoiEntertainmetnGame/Saved/2DSideScrollerCharacterA9E1489E467F06A778F4178130B2B04B.tmp' to '../../../../../../Users/Justin Wells/Documents/Unreal Projects/InsertNameAdventure/DatBoiEntertainmetnGame/Content/2DSideScrollerBP/Blueprints/Characters/2DSideScrollerCharacter.uasset'
[2017.07.10-03.21.05:867][964]LogSavePackage:Display: Finished SavePackage ../../../../../../Users/Justin Wells/Documents/Unreal Projects/InsertNameAdventure/DatBoiEntertainmetnGame/Content/2DSideScrollerBP/Blueprints/Characters/2DSideScrollerCharacter.uasset
[2017.07.10-03.21.08:129][964]LogSavePackage: Save=2239.02ms
[2017.07.10-03.21.08:129][964]LogSavePackage: Moving '../../../../../../Users/Justin Wells/Documents/Unreal Projects/InsertNameAdventure/DatBoiEntertainmetnGame/Saved/Rain_Forrest_TM92F0A9F4400AD8E560BDB79AB5607F22.tmp' to '../../../../../../Users/Justin Wells/Documents/Unreal Projects/InsertNameAdventure/DatBoiEntertainmetnGame/Content/2DSideScrollerBP/Maps/Levels/LevelSprites/Sprites/Rain_Forrest_Sprites/Tile_Maps/Rain_Forrest_TM.uasset'
[2017.07.10-03.21.08:134][964]LogSavePackage:Display: Finished SavePackage ../../../../../../Users/Justin Wells/Documents/Unreal Projects/InsertNameAdventure/DatBoiEntertainmetnGame/Content/2DSideScrollerBP/Maps/Levels/LevelSprites/Sprites/Rain_Forrest_Sprites/Tile_Maps/Rain_Forrest_TM.uasset
[2017.07.10-03.21.08:685][964]LogSavePackage: Save=477.91ms
[2017.07.10-03.21.08:685][964]LogSavePackage: Moving '../../../../../../Users/Justin Wells/Documents/Unreal Projects/InsertNameAdventure/DatBoiEntertainmetnGame/Saved/Rainforest_AlienB439856948A0A6200394D9A97FF09894.tmp' to '../../../../../../Users/Justin Wells/Documents/Unreal Projects/InsertNameAdventure/DatBoiEntertainmetnGame/Content/2DSideScrollerBP/Maps/Levels/Rainforest_Alien.umap'
[2017.07.10-03.21.08:688][964]LogSavePackage:Display: Finished SavePackage ../../../../../../Users/Justin Wells/Documents/Unreal Projects/InsertNameAdventure/DatBoiEntertainmetnGame/Content/2DSideScrollerBP/Maps/Levels/Rainforest_Alien.umap
[2017.07.10-03.21.08:723][964]LogFileHelpers: Saving map 'Rainforest_Alien' took 0.584
[2017.07.10-03.21.09:060][964]LogWindowsTextInputMethodSystem:Display: IME system now deactivated.
[2017.07.10-03.21.09:336][965]Cmd: QUIT_EDITOR
[2017.07.10-03.21.09:614][965]LogExit: Preparing to exit.
[2017.07.10-03.21.10:754][965]LogDirectoryWatcher: A directory notification for 'C:/Users/Justin Wells/Documents/Unreal Projects/InsertNameAdventure/DatBoiEntertainmetnGame/Content/' was aborted.
[2017.07.10-03.21.10:793][965]LogExit: Editor shut down
[2017.07.10-03.21.10:801][965]LogExit: Transaction tracking system shut down
[2017.07.10-03.21.10:901][965]LogObj: Freed 0b from 0 cluster array pools.
[2017.07.10-03.21.10:901][965]LogExit: Object subsystem successfully closed.
[2017.07.10-03.21.10:929][965]LogD3D11RHI: Shutdown
[2017.07.10-03.21.10:929][965]LogD3D11RHI: CleanupD3DDevice
[2017.07.10-03.21.10:987][965]LogD3D11RHI: ~FD3D11DynamicRHI
[2017.07.10-03.21.11:003][965]LogModuleManager: Shutting down and abandoning module BlueprintGraph (530)
[2017.07.10-03.21.11:003][965]LogModuleManager: Shutting down and abandoning module BlueprintProfiler (528)
[2017.07.10-03.21.11:003][965]LogModuleManager: Shutting down and abandoning module MovieSceneCapture (526)
[2017.07.10-03.21.11:003][965]LogModuleManager: Shutting down and abandoning module HierarchicalLODOutliner (524)
[2017.07.10-03.21.11:004][965]LogModuleManager: Shutting down and abandoning module CrashTracker (522)
[2017.07.10-03.21.11:004][965]LogModuleManager: Shutting down and abandoning module SceneOutliner (520)
[2017.07.10-03.21.11:004][965]LogModuleManager: Shutting down and abandoning module AddContentDialog (518)
[2017.07.10-03.21.11:004][965]LogDirectoryWatcher: A directory notification for 'C:/Program Files/Epic Games/UE_4.16/FeaturePacks/' was aborted.
[2017.07.10-03.21.11:004][965]LogModuleManager: Shutting down and abandoning module WidgetCarousel (517)
[2017.07.10-03.21.11:004][965]LogModuleManager: Shutting down and abandoning module EditorWidgets (514)
[2017.07.10-03.21.11:004][965]LogModuleManager: Shutting down and abandoning module CollectionManager (512)
[2017.07.10-03.21.11:004][965]LogDirectoryWatcher: A directory notification for 'C:/Users/Justin Wells/Documents/Unreal Projects/InsertNameAdventure/DatBoiEntertainmetnGame/Content/Collections/' was aborted.
[2017.07.10-03.21.11:004][965]LogDirectoryWatcher: A directory notification for 'C:/Users/Justin Wells/Documents/Unreal Projects/InsertNameAdventure/DatBoiEntertainmetnGame/Content/Developers/JustinWells20/Collections/' was aborted.
[2017.07.10-03.21.11:005][965]LogDirectoryWatcher: A directory notification for 'C:/Users/Justin Wells/Documents/Unreal Projects/InsertNameAdventure/DatBoiEntertainmetnGame/Saved/Collections/' was aborted.
[2017.07.10-03.21.11:005][965]LogModuleManager: Shutting down and abandoning module StatsViewer (510)
[2017.07.10-03.21.11:005][965]LogModuleManager: Shutting down and abandoning module FoliageEdit (508)
[2017.07.10-03.21.11:005][965]LogModuleManager: Shutting down and abandoning module LandscapeEditor (506)
[2017.07.10-03.21.11:005][965]LogModuleManager: Shutting down and abandoning module MeshPaintMode (504)
[2017.07.10-03.21.11:005][965]LogModuleManager: Shutting down and abandoning module SceneDepthPickerMode (502)
[2017.07.10-03.21.11:005][965]LogModuleManager: Shutting down and abandoning module ActorPickerMode (500)
[2017.07.10-03.21.11:005][965]LogModuleManager: Shutting down and abandoning module GeometryMode (498)
[2017.07.10-03.21.11:005][965]LogModuleManager: Shutting down and abandoning module TextureAlignMode (496)
[2017.07.10-03.21.11:005][965]LogModuleManager: Shutting down and abandoning module BspMode (494)
[2017.07.10-03.21.11:005][965]LogModuleManager: Shutting down and abandoning module HardwareSurvey (492)
[2017.07.10-03.21.11:005][965]LogModuleManager: Shutting down and abandoning module SequenceRecorderSections (490)
[2017.07.10-03.21.11:005][965]LogModuleManager: Shutting down and abandoning module AutomationWorker (488)
[2017.07.10-03.21.11:005][965]LogModuleManager: Shutting down and abandoning module MatineeToLevelSequence (486)
[2017.07.10-03.21.11:005][965]LogModuleManager: Shutting down and abandoning module LevelSequenceEditor (484)
[2017.07.10-03.21.11:007][965]LogModuleManager: Shutting down and abandoning module PlacementMode (483)
[2017.07.10-03.21.11:007][965]LogModuleManager: Shutting down and abandoning module WmfMediaFactory (480)
[2017.07.10-03.21.11:007][965]LogModuleManager: Shutting down and abandoning module WmfMediaEditor (478)
[2017.07.10-03.21.11:007][965]LogModuleManager: Shutting down and abandoning module AvfMediaFactory (476)
[2017.07.10-03.21.11:007][965]LogModuleManager: Shutting down and abandoning module AvfMediaEditor (474)
[2017.07.10-03.21.11:007][965]LogModuleManager: Shutting down and abandoning module AndroidMediaFactory (472)
[2017.07.10-03.21.11:007][965]LogModuleManager: Shutting down and abandoning module Media (471)
[2017.07.10-03.21.11:007][965]LogModuleManager: Shutting down and abandoning module AndroidMediaEditor (468)
[2017.07.10-03.21.11:007][965]LogModuleManager: Shutting down and abandoning module CharacterAI (466)
[2017.07.10-03.21.11:007][965]LogModuleManager: Shutting down and abandoning module AudioCapture (464)
[2017.07.10-03.21.11:007][965]LogModuleManager: Shutting down and abandoning module SequenceRecorder (463)
[2017.07.10-03.21.11:007][965]LogModuleManager: Shutting down and abandoning module SmartSnapping (460)
[2017.07.10-03.21.11:007][965]LogModuleManager: Shutting down and abandoning module SessionServices (458)
[2017.07.10-03.21.11:007][965]LogModuleManager: Shutting down and abandoning module ViewportSnapping (456)
[2017.07.10-03.21.11:007][965]LogModuleManager: Shutting down and abandoning module ViewportInteraction (454)
[2017.07.10-03.21.11:007][965]LogModuleManager: Shutting down and abandoning module ClothPainter (452)
[2017.07.10-03.21.11:007][965]LogModuleManager: Shutting down and abandoning module LogVisualizer (450)
[2017.07.10-03.21.11:008][965]LogModuleManager: Shutting down and abandoning module IntroTutorials (448)
[2017.07.10-03.21.11:008][965]LogModuleManager: Shutting down and abandoning module GameProjectGeneration (447)
[2017.07.10-03.21.11:008][965]LogModuleManager: Shutting down and abandoning module EditorLiveStreaming (444)
[2017.07.10-03.21.11:008][965]LogModuleManager: Shutting down and abandoning module IOSPlatformEditor (442)
[2017.07.10-03.21.11:008][965]LogModuleManager: Shutting down and abandoning module HTML5PlatformEditor (440)
[2017.07.10-03.21.11:008][965]LogModuleManager: Shutting down and abandoning module AndroidPlatformEditor (438)
[2017.07.10-03.21.11:008][965]LogModuleManager: Shutting down and abandoning module AndroidDeviceDetection (437)
[2017.07.10-03.21.11:555][965]LogModuleManager: Shutting down and abandoning module IOSRuntimeSettings (434)
[2017.07.10-03.21.11:555][965]LogModuleManager: Shutting down and abandoning module AndroidRuntimeSettings (432)
[2017.07.10-03.21.11:555][965]LogModuleManager: Shutting down and abandoning module InputBindingEditor (430)
[2017.07.10-03.21.11:555][965]LogModuleManager: Shutting down and abandoning module MergeActors (428)
[2017.07.10-03.21.11:555][965]LogModuleManager: Shutting down and abandoning module SizeMap (426)
[2017.07.10-03.21.11:555][965]LogModuleManager: Shutting down and abandoning module TreeMap (424)
[2017.07.10-03.21.11:556][965]LogModuleManager: Shutting down and abandoning module ReferenceViewer (422)
[2017.07.10-03.21.11:556][965]LogModuleManager: Shutting down and abandoning module LocalizationDashboard (420)
[2017.07.10-03.21.11:557][965]LogModuleManager: Shutting down and abandoning module LocalizationService (419)
[2017.07.10-03.21.11:557][965]LogModuleManager: Shutting down and abandoning module HardwareTargeting (416)
[2017.07.10-03.21.11:557][965]LogModuleManager: Shutting down and abandoning module DeviceProfileEditor (414)
[2017.07.10-03.21.11:557][965]LogModuleManager: Shutting down and abandoning module UndoHistory (412)
[2017.07.10-03.21.11:557][965]LogModuleManager: Shutting down and abandoning module UserFeedback (410)
[2017.07.10-03.21.11:557][965]LogModuleManager: Shutting down and abandoning module XmlParser (408)
[2017.07.10-03.21.11:557][965]LogModuleManager: Shutting down and abandoning module Blutility (406)
[2017.07.10-03.21.11:557][965]LogModuleManager: Shutting down and abandoning module ProjectSettingsViewer (404)
[2017.07.10-03.21.11:557][965]LogModuleManager: Shutting down and abandoning module ProjectTargetPlatformEditor (403)
[2017.07.10-03.21.11:557][965]LogModuleManager: Shutting down and abandoning module EditorSettingsViewer (400)
[2017.07.10-03.21.11:558][965]LogModuleManager: Shutting down and abandoning module SettingsEditor (398)
[2017.07.10-03.21.11:559][965]LogModuleManager: Shutting down and abandoning module ProjectLauncher (396)
[2017.07.10-03.21.11:562][965]LogModuleManager: Shutting down and abandoning module SessionFrontend (394)
[2017.07.10-03.21.11:563][965]LogModuleManager: Shutting down and abandoning module ProfilerClient (392)
[2017.07.10-03.21.11:563][965]LogModuleManager: Shutting down and abandoning module DeviceManager (390)
[2017.07.10-03.21.11:564][965]LogModuleManager: Shutting down and abandoning module TargetDeviceServices (389)
[2017.07.10-03.21.11:618][965]LogModuleManager: Shutting down and abandoning module AutomationController (386)
[2017.07.10-03.21.11:618][965]LogModuleManager: Shutting down and abandoning module AutomationWindow (384)
[2017.07.10-03.21.11:618][965]LogModuleManager: Shutting down and abandoning module Layers (382)
[2017.07.10-03.21.11:619][965]LogModuleManager: Shutting down and abandoning module ComponentVisualizers (380)
[2017.07.10-03.21.11:619][965]LogModuleManager: Shutting down and abandoning module DetailCustomizations (378)
[2017.07.10-03.21.11:619][965]LogModuleManager: Shutting down and abandoning module PackagesDialog (376)
[2017.07.10-03.21.11:619][965]LogModuleManager: Shutting down and abandoning module Persona (374)
[2017.07.10-03.21.11:619][965]LogModuleManager: Shutting down and abandoning module AdvancedPreviewScene (373)
[2017.07.10-03.21.11:619][965]LogModuleManager: Shutting down and abandoning module AnimGraph (371)
[2017.07.10-03.21.11:619][965]LogModuleManager: Shutting down and abandoning module Kismet (368)
[2017.07.10-03.21.11:624][965]LogModuleManager: Shutting down and abandoning module ClassViewer (366)
[2017.07.10-03.21.11:624][965]LogModuleManager: Shutting down and abandoning module Toolbox (364)
[2017.07.10-03.21.11:624][965]LogModuleManager: Shutting down and abandoning module ModuleUI (362)
[2017.07.10-03.21.11:625][965]LogModuleManager: Shutting down and abandoning module MovieSceneTools (360)
[2017.07.10-03.21.11:625][965]LogModuleManager: Shutting down and abandoning module OutputLog (358)
[2017.07.10-03.21.11:625][965]LogModuleManager: Shutting down and abandoning module GammaUI (356)
[2017.07.10-03.21.11:625][965]LogModuleManager: Shutting down and abandoning module Documentation (354)
[2017.07.10-03.21.11:625][965]LogModuleManager: Shutting down and abandoning module MovieSceneTracks (352)
[2017.07.10-03.21.11:625][965]LogModuleManager: Shutting down and abandoning module MovieScene (350)
[2017.07.10-03.21.11:625][965]LogModuleManager: Shutting down and abandoning module Niagara (348)
[2017.07.10-03.21.11:625][965]LogModuleManager: Shutting down and abandoning module NiagaraEditor (347)
[2017.07.10-03.21.11:626][965]LogModuleManager: Shutting down and abandoning module StreamingPauseRendering (344)
[2017.07.10-03.21.11:626][965]LogModuleManager: Shutting down and abandoning module AnalyticsET (342)
[2017.07.10-03.21.11:626][965]LogModuleManager: Shutting down and abandoning module PortalServices (340)
[2017.07.10-03.21.11:626][965]LogModuleManager: Shutting down and abandoning module PortalRpc (338)
[2017.07.10-03.21.11:626][965]LogModuleManager: Shutting down and abandoning module MessagingRpc (336)
[2017.07.10-03.21.11:626][965]LogModuleManager: Shutting down and abandoning module AIModule (334)
[2017.07.10-03.21.11:626][965]LogModuleManager: Shutting down and abandoning module GameplayDebugger (333)
[2017.07.10-03.21.11:626][965]LogModuleManager: Shutting down and abandoning module AITestSuite (331)
[2017.07.10-03.21.11:626][965]LogModuleManager: Shutting down and abandoning module ProfilerService (328)
[2017.07.10-03.21.11:769][965]LogModuleManager: Shutting down and abandoning module TaskGraph (326)
[2017.07.10-03.21.11:770][965]LogModuleManager: Shutting down and abandoning module SteamVRController (324)
[2017.07.10-03.21.11:770][965]LogModuleManager: Shutting down and abandoning module SteamVR (322)
[2017.07.10-03.21.11:770][965]LogModuleManager: Shutting down and abandoning module ProceduralMeshComponentEditor (320)
[2017.07.10-03.21.11:770][965]LogModuleManager: Shutting down and abandoning module ProceduralMeshComponent (318)
[2017.07.10-03.21.11:770][965]LogModuleManager: Shutting down and abandoning module OculusLibrary (316)
[2017.07.10-03.21.11:770][965]LogModuleManager: Shutting down and abandoning module OculusInput (314)
[2017.07.10-03.21.11:770][965]LogModuleManager: Shutting down and abandoning module MobilePatchingUtils (312)
[2017.07.10-03.21.11:770][965]LogModuleManager: Shutting down and abandoning module CustomMeshComponent (310)
[2017.07.10-03.21.11:770][965]LogModuleManager: Shutting down and abandoning module CableComponent (308)
[2017.07.10-03.21.11:770][965]LogModuleManager: Shutting down and abandoning module ArchVisCharacter (306)
[2017.07.10-03.21.11:770][965]LogModuleManager: Shutting down and abandoning module AndroidPermission (304)
[2017.07.10-03.21.11:770][965]LogModuleManager: Shutting down and abandoning module MediaPlayerEditor (300)
[2017.07.10-03.21.11:770][965]LogModuleManager: Shutting down and abandoning module HTML5Networking (298)
[2017.07.10-03.21.11:770][965]LogModuleManager: Shutting down and abandoning module AlembicImporter (296)
[2017.07.10-03.21.11:770][965]LogModuleManager: Shutting down and abandoning module AlembicLibrary (295)
[2017.07.10-03.21.11:770][965]LogModuleManager: Shutting down and abandoning module GeometryCache (294)
[2017.07.10-03.21.11:770][965]LogModuleManager: Shutting down and abandoning module GeometryCacheEd (293)
[2017.07.10-03.21.11:770][965]LogModuleManager: Shutting down and abandoning module SuperSearchEditor (288)
[2017.07.10-03.21.11:771][965]LogModuleManager: Shutting down and abandoning module SuperSearch (287)
[2017.07.10-03.21.11:771][965]LogModuleManager: Shutting down and abandoning module SpeedTreeImporter (284)
[2017.07.10-03.21.11:771][965]LogModuleManager: Shutting down and abandoning module PluginBrowser (282)
[2017.07.10-03.21.11:771][965]LogModuleManager: Shutting down and abandoning module MobileLauncherProfileWizard (280)
[2017.07.10-03.21.11:771][965]LogModuleManager: Shutting down and abandoning module VisualStudioSourceCodeAccess (278)
[2017.07.10-03.21.11:771][965]LogModuleManager: Shutting down and abandoning module DesktopPlatform (277)
[2017.07.10-03.21.11:771][965]LogModuleManager: Shutting down and abandoning module UObjectPlugin (274)
[2017.07.10-03.21.11:771][965]LogModuleManager: Shutting down and abandoning module SubversionSourceControl (272)
[2017.07.10-03.21.11:771][965]LogModuleManager: Shutting down and abandoning module PerforceSourceControl (270)
[2017.07.10-03.21.11:771][965]LogModuleManager: Shutting down and abandoning module GitSourceControl (268)
[2017.07.10-03.21.11:771][965]LogModuleManager: Shutting down and abandoning module SourceControl (267)
[2017.07.10-03.21.11:771][965]LogModuleManager: Shutting down and abandoning module LightPropagationVolumeEditor (264)
[2017.07.10-03.21.11:771][965]LogModuleManager: Shutting down and abandoning module PaperTiledImporter (262)
[2017.07.10-03.21.11:771][965]LogModuleManager: Shutting down and abandoning module PaperSpriteSheetImporter (260)
[2017.07.10-03.21.11:771][965]LogModuleManager: Shutting down and abandoning module Paper2DEditor (258)
[2017.07.10-03.21.11:771][965]LogModuleManager: Shutting down and abandoning module MeshPaint (257)
[2017.07.10-03.21.11:771][965]LogModuleManager: Shutting down and abandoning module LevelEditor (255)
[2017.07.10-03.21.11:772][965]LogModuleManager: Shutting down and abandoning module PixelInspectorModule (254)
[2017.07.10-03.21.11:772][965]LogModuleManager: Shutting down and abandoning module MainFrame (252)
[2017.07.10-03.21.11:772][965]LogModuleManager: Shutting down and abandoning module HotReload (251)
[2017.07.10-03.21.11:772][965]LogDirectoryWatcher: A directory notification for 'C:/Users/Justin Wells/Documents/Unreal Projects/InsertNameAdventure/DatBoiEntertainmetnGame/Binaries/Win64' was aborted.
[2017.07.10-03.21.11:773][965]LogModuleManager: Shutting down and abandoning module PhysXVehiclesEditor (246)
[2017.07.10-03.21.11:773][965]LogModuleManager: Shutting down and abandoning module PhysXVehicles (244)
[2017.07.10-03.21.11:773][965]LogModuleManager: Shutting down and abandoning module LocationServicesBPLibrary (242)
[2017.07.10-03.21.11:773][965]LogModuleManager: Shutting down and abandoning module ImmediatePhysicsEditor (240)
[2017.07.10-03.21.11:773][965]LogModuleManager: Shutting down and abandoning module ImmediatePhysics (238)
[2017.07.10-03.21.11:773][965]LogModuleManager: Shutting down and abandoning module UdpMessaging (236)
[2017.07.10-03.21.11:961][965]LogModuleManager: Shutting down and abandoning module TcpMessaging (234)
[2017.07.10-03.21.12:062][965]LogModuleManager: Shutting down and abandoning module GameplayTagsEditor (232)
[2017.07.10-03.21.12:062][965]LogModuleManager: Shutting down and abandoning module FacialAnimationEditor (230)
[2017.07.10-03.21.12:062][965]LogModuleManager: Shutting down and abandoning module FacialAnimation (228)
[2017.07.10-03.21.12:062][965]LogModuleManager: Shutting down and abandoning module AssetManagerEditor (226)
[2017.07.10-03.21.12:062][965]LogModuleManager: Shutting down and abandoning module GraphEditor (225)
[2017.07.10-03.21.12:062][965]LogModuleManager: Shutting down and abandoning module ContentBrowser (223)
[2017.07.10-03.21.12:063][965]LogModuleManager: Shutting down and abandoning module LightPropagationVolumeRuntime (220)
[2017.07.10-03.21.12:063][965]LogModuleManager: Shutting down and abandoning module Paper2D (218)
[2017.07.10-03.21.12:063][965]LogModuleManager: Shutting down and abandoning module WindowsMoviePlayer (216)
[2017.07.10-03.21.12:063][965]LogModuleManager: Shutting down and abandoning module WmfMedia (214)
[2017.07.10-03.21.12:063][965]LogModuleManager: Shutting down and abandoning module ClothingSystemEditor (212)
[2017.07.10-03.21.12:063][965]LogModuleManager: Shutting down and abandoning module ClothingSystemRuntime (210)
[2017.07.10-03.21.12:063][965]LogModuleManager: Shutting down and abandoning module MediaAssets (208)
[2017.07.10-03.21.12:064][965]LogModuleManager: Shutting down and abandoning module GameLiveStreaming (206)
[2017.07.10-03.21.12:064][965]LogModuleManager: Shutting down and abandoning module VREditor (204)
[2017.07.10-03.21.12:064][965]LogModuleManager: Shutting down and abandoning module StringTableEditor (202)
[2017.07.10-03.21.12:064][965]LogModuleManager: Shutting down and abandoning module GameplayTasksEditor (200)
[2017.07.10-03.21.12:064][965]LogModuleManager: Shutting down and abandoning module BehaviorTreeEditor (198)
[2017.07.10-03.21.12:065][965]LogModuleManager: Shutting down and abandoning module FunctionalTesting (196)
[2017.07.10-03.21.12:065][965]LogModuleManager: Shutting down and abandoning module CollisionAnalyzer (194)
[2017.07.10-03.21.12:065][965]LogModuleManager: Shutting down and abandoning module UMG (192)
[2017.07.10-03.21.12:065][965]LogModuleManager: Shutting down and abandoning module UMGEditor (191)
[2017.07.10-03.21.12:065][965]LogModuleManager: Shutting down and abandoning module Sequencer (190)
[2017.07.10-03.21.12:065][965]LogModuleManager: Shutting down and abandoning module AssetTools (188)
[2017.07.10-03.21.12:066][965]LogModuleManager: Shutting down and abandoning module MessageLog (187)
[2017.07.10-03.21.12:066][965]LogModuleManager: Shutting down and abandoning module WorkspaceMenuStructure (186)
[2017.07.10-03.21.12:066][965]LogModuleManager: Shutting down and abandoning module SlateReflector (180)
[2017.07.10-03.21.12:067][965]LogModuleManager: Shutting down and abandoning module Slate (178)
[2017.07.10-03.21.12:067][965]LogModuleManager: Shutting down and abandoning module EditorStyle (176)
[2017.07.10-03.21.12:069][965]LogModuleManager: Shutting down and abandoning module SourceCodeAccess (174)
[2017.07.10-03.21.12:069][965]LogModuleManager: Shutting down and abandoning module HeadMountedDisplay (172)
[2017.07.10-03.21.12:069][965]LogModuleManager: Shutting down and abandoning module XAudio2 (170)
[2017.07.10-03.21.12:069][965]LogModuleManager: Shutting down and abandoning module Networking (168)
[2017.07.10-03.21.12:069][965]LogModuleManager: Shutting down and abandoning module Core (164)
[2017.07.10-03.21.12:069][965]LogModuleManager: Shutting down and abandoning module AssetRegistry (162)
[2017.07.10-03.21.12:324][965]LogDirectoryWatcher: A directory notification for '../../../Engine/Content/' was aborted.
[2017.07.10-03.21.12:324][965]LogDirectoryWatcher: A directory notification for '../../../../../../Users/Justin Wells/Documents/Unreal Projects/InsertNameAdventure/DatBoiEntertainmetnGame/Content/' was aborted.
[2017.07.10-03.21.12:324][965]LogDirectoryWatcher: A directory notification for '../../../Engine/Plugins/2D/Paper2D/Content/' was aborted.
[2017.07.10-03.21.12:324][965]LogDirectoryWatcher: A directory notification for '../../../Engine/Plugins/Runtime/GearVR/Content/' was aborted.
[2017.07.10-03.21.12:330][965]LogModuleManager: Shutting down and abandoning module DirectoryWatcher (161)
[2017.07.10-03.21.12:333][965]LogModuleManager: Shutting down and abandoning module KismetCompiler (158)
[2017.07.10-03.21.12:333][965]LogModuleManager: Shutting down and abandoning module LevelSequence (156)
[2017.07.10-03.21.12:333][965]LogModuleManager: Shutting down and abandoning module PhysXFormats (154)
[2017.07.10-03.21.12:333][965]LogModuleManager: Shutting down and abandoning module MeshUtilities (152)
[2017.07.10-03.21.12:333][965]LogModuleManager: Shutting down and abandoning module SimplygonSwarm (151)
[2017.07.10-03.21.12:333][965]LogModuleManager: Shutting down and abandoning module SimplygonMeshReduction (149)
[2017.07.10-03.21.12:333][965]LogModuleManager: Shutting down and abandoning module QuadricMeshReduction (147)
[2017.07.10-03.21.12:333][965]LogModuleManager: Shutting down and abandoning module DerivedDataCache (144)
[2017.07.10-03.21.12:363][965]LogDerivedDataCache: Shutdown
[2017.07.10-03.21.12:363][965]LogModuleManager: Shutting down and abandoning module TargetPlatform (142)
[2017.07.10-03.21.12:363][965]LogModuleManager: Shutting down and abandoning module VulkanShaderFormat (141)
[2017.07.10-03.21.12:363][965]LogModuleManager: Shutting down and abandoning module ShaderFormatVectorVM (139)
[2017.07.10-03.21.12:363][965]LogModuleManager: Shutting down and abandoning module ShaderFormatOpenGL (137)
[2017.07.10-03.21.12:364][965]LogModuleManager: Shutting down and abandoning module ShaderFormatD3D (135)
[2017.07.10-03.21.12:364][965]LogModuleManager: Shutting down and abandoning module MetalShaderFormat (133)
[2017.07.10-03.21.12:365][965]LogModuleManager: Shutting down and abandoning module TextureFormatUncompressed (131)
[2017.07.10-03.21.12:365][965]LogModuleManager: Shutting down and abandoning module TextureFormatPVR (129)
[2017.07.10-03.21.12:365][965]LogModuleManager: Shutting down and abandoning module TextureFormatDXT (127)
[2017.07.10-03.21.12:365][965]LogModuleManager: Shutting down and abandoning module TextureFormatIntelISPCTexComp (125)
[2017.07.10-03.21.12:365][965]LogModuleManager: Shutting down and abandoning module TextureFormatASTC (123)
[2017.07.10-03.21.12:365][965]LogModuleManager: Shutting down and abandoning module ImageWrapper (122)
[2017.07.10-03.21.12:365][965]LogModuleManager: Shutting down and abandoning module TextureFormatAndroid (119)
[2017.07.10-03.21.12:365][965]LogModuleManager: Shutting down and abandoning module AudioFormatOpus (117)
[2017.07.10-03.21.12:365][965]LogModuleManager: Shutting down and abandoning module AudioFormatOgg (115)
[2017.07.10-03.21.12:365][965]LogModuleManager: Shutting down and abandoning module AudioFormatADPCM (113)
[2017.07.10-03.21.12:365][965]LogModuleManager: Shutting down and abandoning module LinuxTargetPlatform (111)
[2017.07.10-03.21.12:365][965]LogModuleManager: Shutting down and abandoning module LinuxServerTargetPlatform (109)
[2017.07.10-03.21.12:365][965]LogModuleManager: Shutting down and abandoning module LinuxNoEditorTargetPlatform (107)
[2017.07.10-03.21.12:365][965]LogModuleManager: Shutting down and abandoning module LinuxClientTargetPlatform (105)
[2017.07.10-03.21.12:365][965]LogModuleManager: Shutting down and abandoning module TVOSTargetPlatform (103)
[2017.07.10-03.21.12:365][965]LogModuleManager: Shutting down and abandoning module Messaging (101)
[2017.07.10-03.21.12:365][965]LogModuleManager: Shutting down and abandoning module IOSTargetPlatform (99)
[2017.07.10-03.21.12:365][965]LogModuleManager: Shutting down and abandoning module HTML5TargetPlatform (97)
[2017.07.10-03.21.12:365][965]LogModuleManager: Shutting down and abandoning module Android_PVRTCTargetPlatform (95)
[2017.07.10-03.21.12:365][965]LogModuleManager: Shutting down and abandoning module Android_MultiTargetPlatform (93)
[2017.07.10-03.21.12:365][965]LogModuleManager: Shutting down and abandoning module Android_ETC2TargetPlatform (91)
[2017.07.10-03.21.12:365][965]LogModuleManager: Shutting down and abandoning module Android_ETC1TargetPlatform (89)
[2017.07.10-03.21.12:365][965]LogModuleManager: Shutting down and abandoning module Android_DXTTargetPlatform (87)
[2017.07.10-03.21.12:365][965]LogModuleManager: Shutting down and abandoning module Android_ATCTargetPlatform (85)
[2017.07.10-03.21.12:365][965]LogModuleManager: Shutting down and abandoning module Android_ASTCTargetPlatform (83)
[2017.07.10-03.21.12:365][965]LogModuleManager: Shutting down and abandoning module AndroidTargetPlatform (81)
[2017.07.10-03.21.12:365][965]LogModuleManager: Shutting down and abandoning module WindowsTargetPlatform (79)
[2017.07.10-03.21.12:365][965]LogModuleManager: Shutting down and abandoning module WindowsServerTargetPlatform (77)
[2017.07.10-03.21.12:365][965]LogModuleManager: Shutting down and abandoning module WindowsNoEditorTargetPlatform (75)
[2017.07.10-03.21.12:365][965]LogModuleManager: Shutting down and abandoning module WindowsClientTargetPlatform (73)
[2017.07.10-03.21.12:365][965]LogModuleManager: Shutting down and abandoning module MacTargetPlatform (71)
[2017.07.10-03.21.12:365][965]LogModuleManager: Shutting down and abandoning module MacServerTargetPlatform (69)
[2017.07.10-03.21.12:365][965]LogModuleManager: Shutting down and abandoning module MacNoEditorTargetPlatform (67)
[2017.07.10-03.21.12:365][965]LogModuleManager: Shutting down and abandoning module MacClientTargetPlatform (65)
[2017.07.10-03.21.12:365][965]LogModuleManager: Shutting down and abandoning module AllDesktopTargetPlatform (63)
[2017.07.10-03.21.12:365][965]LogModuleManager: Shutting down and abandoning module InputCore (60)
[2017.07.10-03.21.12:365][965]LogModuleManager: Shutting down and abandoning module Settings (58)
[2017.07.10-03.21.12:365][965]LogModuleManager: Shutting down and abandoning module OculusRift (56)
[2017.07.10-03.21.12:365][965]LogModuleManager: Shutting down and abandoning module GearVRController (54)
[2017.07.10-03.21.12:365][965]LogModuleManager: Shutting down and abandoning module GearVR (52)
[2017.07.10-03.21.12:365][965]LogModuleManager: Shutting down and abandoning module ExampleDeviceProfileSelector (50)
[2017.07.10-03.21.12:365][965]LogModuleManager: Shutting down and abandoning module OnlineBlueprintSupport (48)
[2017.07.10-03.21.12:365][965]LogModuleManager: Shutting down and abandoning module OnlineSubsystem (44)
[2017.07.10-03.21.12:365][965]LogOnline:Display: Unloading online subsystem: NULL
[2017.07.10-03.21.12:366][965]LogModuleManager: Shutting down and abandoning module XMPP (43)
[2017.07.10-03.21.12:366][965]LogModuleManager: Shutting down and abandoning module HTTP (41)
[2017.07.10-03.21.12:366][965]LogHttp:Display: Http module shutting down, but needs to wait on 1 outstanding Http requests:
[2017.07.10-03.21.12:366][965]LogHttp:Display: 	verb=[POST] url=[https://datarouter.ol.epicgames.com/datarouter/api/v1/public/data?SessionID=%7B4092DDFB-4490-907C-CD44-E691B8EF0E64%7D&AppID=UEEditor.Rocket.Release&AppVersion=4.16.0-3452394%2B%2B%2BUE4%2BRelease-4.16&UserID=520fd5774504bba7d7d4dfbb2efd774d%7C3ef35b30eb8d444d8e26d7fb1794d4bf%7C7a44e29e-0876-4249-91a8-eb020dafba7b&AppEnvironment=datacollector-binary&UploadType=eteventstream] status=Processing
[2017.07.10-03.21.12:396][965]LogModuleManager: Shutting down and abandoning module SSL (40)
[2017.07.10-03.21.12:396][965]LogModuleManager: Shutting down and abandoning module HTTPChunkInstaller (36)
[2017.07.10-03.21.12:397][965]LogModuleManager: Shutting down and abandoning module AnimationModifiers (34)
[2017.07.10-03.21.12:397][965]LogModuleManager: Shutting down and abandoning module PropertyEditor (33)
[2017.07.10-03.21.12:397][965]LogModuleManager: Shutting down and abandoning module AudioEditor (30)
[2017.07.10-03.21.12:397][965]LogModuleManager: Shutting down and abandoning module TextureCompressor (28)
[2017.07.10-03.21.12:397][965]LogModuleManager: Shutting down and abandoning module ShaderCore (26)
[2017.07.10-03.21.12:398][965]LogModuleManager: Shutting down and abandoning module Landscape (24)
[2017.07.10-03.21.12:398][965]LogModuleManager: Shutting down and abandoning module SlateRHIRenderer (22)
[2017.07.10-03.21.12:399][965]LogModuleManager: Shutting down and abandoning module OpenGLDrv (20)
[2017.07.10-03.21.12:399][965]LogModuleManager: Shutting down and abandoning module D3D11RHI (18)
[2017.07.10-03.21.12:399][965]LogModuleManager: Shutting down and abandoning module AnimGraphRuntime (16)
[2017.07.10-03.21.12:399][965]LogModuleManager: Shutting down and abandoning module Renderer (14)
[2017.07.10-03.21.12:399][965]LogModuleManager: Shutting down and abandoning module Engine (12)
[2017.07.10-03.21.12:399][965]LogModuleManager: Shutting down and abandoning module CoreUObject (10)
[2017.07.10-03.21.12:399][965]LogModuleManager: Shutting down and abandoning module NetworkFile (8)
[2017.07.10-03.21.12:399][965]LogModuleManager: Shutting down and abandoning module StreamingFile (6)
[2017.07.10-03.21.12:399][965]LogModuleManager: Shutting down and abandoning module SandboxFile (4)
[2017.07.10-03.21.12:399][965]LogModuleManager: Shutting down and abandoning module PakFile (2)
[2017.07.10-03.21.12:401][965]LogExit: Exiting.
[2017.07.10-03.21.12:417][965]Log file closed, 07/09/17 21:21:12
