Log file open, 10/06/17 09:18:43
LogWindows: LoadLibraryWithSearchPaths failed for file aqProf.dll. GetLastError=0
LogWindows: LoadLibraryWithSearchPaths failed for file VSPerf140.dll. GetLastError=0
LogWindows: LoadLibraryWithSearchPaths failed for file VtuneApi.dll. GetLastError=0
LogWindows: LoadLibraryWithSearchPaths failed for file VtuneApi32e.dll. GetLastError=0
LogInit: Display: Running engine for game: InsertNameAdventure
LogPlatformFile: Not using cached read wrapper
LogInit: Display: RandInit(1043928658) SRandInit(1043928658).
LogTaskGraph: Started task graph with 5 named threads and 14 total threads with 3 sets of task threads.
LogStats: Stats thread started at 0.165754
LogD3D11RHI: Aftermath initialized
LogPluginManager: Mounting plugin Paper2D
LogPluginManager: Mounting plugin LightPropagationVolume
LogPluginManager: Mounting plugin CodeLiteSourceCodeAccess
LogPluginManager: Mounting plugin GitSourceControl
LogPluginManager: Mounting plugin KDevelopSourceCodeAccess
LogPluginManager: Mounting plugin NullSourceCodeAccess
LogPluginManager: Mounting plugin PerforceSourceControl
LogPluginManager: Mounting plugin SubversionSourceControl
LogPluginManager: Mounting plugin UObjectPlugin
LogPluginManager: Mounting plugin VisualStudioSourceCodeAccess
LogPluginManager: Mounting plugin XCodeSourceCodeAccess
LogPluginManager: Mounting plugin AssetManagerEditor
LogPluginManager: Mounting plugin AudioCapture
LogPluginManager: Mounting plugin FacialAnimation
LogPluginManager: Mounting plugin GameplayTagsEditor
LogPluginManager: Mounting plugin MobileLauncherProfileWizard
LogPluginManager: Mounting plugin PluginBrowser
LogPluginManager: Mounting plugin SpeedTreeImporter
LogPluginManager: Mounting plugin AlembicImporter
LogPluginManager: Mounting plugin CharacterAI
LogPluginManager: Mounting plugin HTML5Networking
LogPluginManager: Mounting plugin AndroidMedia
LogPluginManager: Mounting plugin AvfMedia
LogPluginManager: Mounting plugin MediaPlayerEditor
LogPluginManager: Mounting plugin WmfMedia
LogPluginManager: Mounting plugin TcpMessaging
LogPluginManager: Mounting plugin UdpMessaging
LogPluginManager: Mounting plugin LevelSequenceEditor
LogPluginManager: Mounting plugin MatineeToLevelSequence
LogPluginManager: Mounting plugin OnlineSubsystemGooglePlay
LogPluginManager: Mounting plugin OnlineSubsystemIOS
LogPluginManager: Mounting plugin OnlineSubsystem
LogPluginManager: Mounting plugin OnlineSubsystemNull
LogPluginManager: Mounting plugin OnlineSubsystemUtils
LogPluginManager: Mounting plugin AndroidDeviceProfileSelector
LogPluginManager: Mounting plugin AndroidMoviePlayer
LogPluginManager: Mounting plugin AndroidPermission
LogPluginManager: Mounting plugin AppleMoviePlayer
LogPluginManager: Mounting plugin ArchVisCharacter
LogPluginManager: Mounting plugin CableComponent
LogPluginManager: Mounting plugin CustomMeshComponent
LogPluginManager: Mounting plugin ExampleDeviceProfileSelector
LogPluginManager: Mounting plugin GoogleCloudMessaging
LogPluginManager: Mounting plugin ImmediatePhysics
LogPluginManager: Mounting plugin IOSDeviceProfileSelector
LogPluginManager: Mounting plugin LinuxDeviceProfileSelector
LogPluginManager: Mounting plugin LocationServicesBPLibrary
LogPluginManager: Mounting plugin MobilePatchingUtils
LogPluginManager: Mounting plugin OculusVR
LogPluginManager: Mounting plugin PhysXVehicles
LogPluginManager: Mounting plugin ProceduralMeshComponent
LogPluginManager: Mounting plugin RuntimePhysXCooking
LogPluginManager: Mounting plugin SteamVR
LogPluginManager: Mounting plugin WindowsMoviePlayer
LogInit: Using libcurl 7.47.1
LogInit:  - built for x86_64-pc-win32
LogInit:  - supports SSL with OpenSSL/1.0.2g
LogInit:  - supports HTTP deflate (compression) using libz 1.2.8
LogInit:  - other features:
LogInit:      CURL_VERSION_SSL
LogInit:      CURL_VERSION_LIBZ
LogInit:      CURL_VERSION_IPV6
LogInit:      CURL_VERSION_ASYNCHDNS
LogInit:      CURL_VERSION_LARGEFILE
LogInit:      CURL_VERSION_IDN
LogInit:  CurlRequestOptions (configurable via config and command line):
LogInit:  - bVerifyPeer = false  - Libcurl will NOT verify peer certificate
LogInit:  - bUseHttpProxy = false  - Libcurl will NOT use HTTP proxy
LogInit:  - bDontReuseConnections = false  - Libcurl will reuse connections
LogInit:  - CertBundlePath = nullptr  - Libcurl will use whatever was configured at build time.
LogInit: Build: ++UE4+Release-4.17-CL-3586342
LogInit: Engine Version: 4.17.1-3586342+++UE4+Release-4.17
LogInit: Compatible Engine Version: 4.17.0-3573198+++UE4+Release-4.17
LogInit: Net CL: 3573198
LogDevObjectVersion: Number of dev versions registered: 16
LogDevObjectVersion:   Dev-Blueprints (B0D832E4-1F89-4F0D-ACCF-7EB736FD4AA2): 10
LogDevObjectVersion:   Dev-Build (E1C64328-A22C-4D53-A36C-8E866417BD8C): 0
LogDevObjectVersion:   Dev-Core (375EC13C-06E4-48FB-B500-84F0262A717E): 2
LogDevObjectVersion:   Dev-Editor (E4B068ED-F494-42E9-A231-DA0B2E46BB41): 20
LogDevObjectVersion:   Dev-Framework (CFFC743F-43B0-4480-9391-14DF171D2073): 28
LogDevObjectVersion:   Dev-Mobile (B02B49B5-BB20-44E9-A304-32B752E40360): 0
LogDevObjectVersion:   Dev-Networking (A4E4105C-59A1-49B5-A7C5-40C4547EDFEE): 0
LogDevObjectVersion:   Dev-Online (39C831C9-5AE6-47DC-9A44-9C173E1C8E7C): 0
LogDevObjectVersion:   Dev-Physics (78F01B33-EBEA-4F98-B9B4-84EACCB95AA2): 0
LogDevObjectVersion:   Dev-Platform (6631380F-2D4D-43E0-8009-CF276956A95A): 0
LogDevObjectVersion:   Dev-Rendering (12F88B9F-8875-4AFC-A67C-D90C383ABD29): 19
LogDevObjectVersion:   Dev-Sequencer (7B5AE74C-D270-4C10-A958-57980B212A5A): 4
LogDevObjectVersion:   Dev-VR (D7296918-1DD6-4BDD-9DE2-64A83CC13884): 0
LogDevObjectVersion:   Dev-LoadTimes (C2A15278-BFE7-4AFE-6C17-90FF531DF755): 1
LogDevObjectVersion:   Private-Geometry (6EACA3D4-40EC-4CC1-B786-8BED09428FC5): 1
LogDevObjectVersion:   Dev-AnimPhys (29E575DD-E0A3-4627-9D10-D276232CDCEA): 7
LogInit: Compiled (64-bit): Aug 15 2017 02:05:26
LogInit: Compiled with Visual C++: 19.00.24215.01
LogInit: Build Configuration: Development
LogInit: Branch Name: ++UE4+Release-4.17
LogInit: Command line:  
LogInit: Base directory: C:/Program Files/Epic Games/UE_4.17/Engine/Binaries/Win64/
LogInit: Installed Engine Build: 1
LogInit: Presizing for max 8388607 objects, including 0 objects not considered by GC, pre-allocating 0 bytes for permanent pool.
LogInit: Object subsystem initialized
[2017.10.06-15.18.43:737][  0]LogInit: Selected Device Profile: [Windows]
[2017.10.06-15.18.43:737][  0]LogInit: Applying CVar settings loaded from the selected device profile: [Windows]
[2017.10.06-15.18.43:748][  0]LogInit: Computer: DESKTOP-OMJHMSB
[2017.10.06-15.18.43:748][  0]LogInit: User: rajjj
[2017.10.06-15.18.43:748][  0]LogInit: CPU Page size=4096, Cores=4
[2017.10.06-15.18.43:748][  0]LogInit: High frequency timer resolution =3.328126 MHz
[2017.10.06-15.18.43:748][  0]LogMemory: Memory total: Physical=15.9GB (16GB approx)
[2017.10.06-15.18.43:748][  0]LogMemory: Platform Memory Stats for Windows
[2017.10.06-15.18.43:748][  0]LogMemory: Process Physical Memory: 279.05 MB used, 279.05 MB peak
[2017.10.06-15.18.43:748][  0]LogMemory: Process Virtual Memory: 275.86 MB used, 275.86 MB peak
[2017.10.06-15.18.43:748][  0]LogMemory: Physical Memory: 4290.72 MB used,  12031.02 MB free, 16321.74 MB total
[2017.10.06-15.18.43:748][  0]LogMemory: Virtual Memory: 669.97 MB used,  12031.02 MB free, 134217728.00 MB total
[2017.10.06-15.18.43:895][  0]LogInit: Using OS detected language (en-US).
[2017.10.06-15.18.43:895][  0]LogInit: Using OS detected locale (en-US).
[2017.10.06-15.18.43:898][  0]LogTextLocalizationManager: No specific localization for 'en-US' exists, so the 'en' localization will be used.
[2017.10.06-15.18.44:507][  0]LogD3D11RHI: D3D11 adapters:
[2017.10.06-15.18.45:067][  0]LogD3D11RHI:    0. 'NVIDIA GeForce GTX 1070' (Feature Level 11_0)
[2017.10.06-15.18.45:067][  0]LogD3D11RHI:       8085/0/8160 MB DedicatedVideo/DedicatedSystem/SharedSystem, Outputs:2, VendorId:0x10de
[2017.10.06-15.18.45:068][  0]LogD3D11RHI:    1. 'Microsoft Basic Render Driver' (Feature Level 11_0)
[2017.10.06-15.18.45:068][  0]LogD3D11RHI:       0/0/8160 MB DedicatedVideo/DedicatedSystem/SharedSystem, Outputs:0, VendorId:0x1414
[2017.10.06-15.18.45:068][  0]LogD3D11RHI: Chosen D3D11 Adapter: 0
[2017.10.06-15.18.45:074][  0]LogD3D11RHI: Creating new Direct3DDevice
[2017.10.06-15.18.45:074][  0]LogD3D11RHI:     GPU DeviceId: 0x1b81 (for the marketing name, search the web for "GPU Device Id")
[2017.10.06-15.18.45:074][  0]LogWindows: EnumDisplayDevices:
[2017.10.06-15.18.45:074][  0]LogWindows:    0. 'NVIDIA GeForce GTX 1070' (P:0 D:1)
[2017.10.06-15.18.45:074][  0]LogWindows:    1. 'NVIDIA GeForce GTX 1070' (P:1 D:1)
[2017.10.06-15.18.45:075][  0]LogWindows:    2. 'NVIDIA GeForce GTX 1070' (P:0 D:0)
[2017.10.06-15.18.45:075][  0]LogWindows:    3. 'NVIDIA GeForce GTX 1070' (P:0 D:0)
[2017.10.06-15.18.45:075][  0]LogWindows: DebugString: FoundDriverCount:4 
[2017.10.06-15.18.45:075][  0]LogD3D11RHI:     Adapter Name: NVIDIA GeForce GTX 1070
[2017.10.06-15.18.45:075][  0]LogD3D11RHI:   Driver Version: 385.28 (internal:22.21.13.8528, unified:385.28)
[2017.10.06-15.18.45:075][  0]LogD3D11RHI:      Driver Date: 8-9-2017
[2017.10.06-15.18.45:075][  0]LogRHI: Texture pool is 1361 MB (70% of 1945 MB)
[2017.10.06-15.18.45:607][  0]LogD3D11RHI: Async texture creation enabled
[2017.10.06-15.18.45:640][  0]LogD3D11RHI: GPU Timing Frequency: 1000.000000 (Debug: 2 1)
[2017.10.06-15.18.45:690][  0]LogShaderCompilers: Guid format shader working directory is -35 characters bigger than the processId version (../../../../../../Users/rajjj/OneDrive/Documents/GitHub/DatBoiEntertainmetnGame_/Intermediate/Shaders/WorkingDirectory/10940/).
[2017.10.06-15.18.45:690][  0]LogShaderCompilers: Cleaned the shader compiler working directory 'C:/Users/rajjj/AppData/Local/Temp/UnrealShaderWorkingDir/FE5A6F6C463011761D171A91127B3013/'.
[2017.10.06-15.18.45:690][  0]LogShaderCompilers: Display: Using Local Shader Compiler.
[2017.10.06-15.18.46:487][  0]LogTemp: Display: Loaded TP AllDesktopTargetPlatform
[2017.10.06-15.18.46:533][  0]LogTemp: Display: Loaded TP MacClientTargetPlatform
[2017.10.06-15.18.46:581][  0]LogTemp: Display: Loaded TP MacNoEditorTargetPlatform
[2017.10.06-15.18.46:627][  0]LogTemp: Display: Loaded TP MacServerTargetPlatform
[2017.10.06-15.18.46:672][  0]LogTemp: Display: Loaded TP MacTargetPlatform
[2017.10.06-15.18.46:720][  0]LogTemp: Display: Loaded TP WindowsClientTargetPlatform
[2017.10.06-15.18.46:768][  0]LogTemp: Display: Loaded TP WindowsNoEditorTargetPlatform
[2017.10.06-15.18.46:815][  0]LogTemp: Display: Loaded TP WindowsServerTargetPlatform
[2017.10.06-15.18.46:854][  0]LogTemp: Display: Loaded TP WindowsTargetPlatform
[2017.10.06-15.18.46:900][  0]LogTemp: Display: Loaded TP AndroidTargetPlatform
[2017.10.06-15.18.46:947][  0]LogTemp: Display: Loaded TP Android_ASTCTargetPlatform
[2017.10.06-15.18.46:994][  0]LogTemp: Display: Loaded TP Android_ATCTargetPlatform
[2017.10.06-15.18.47:040][  0]LogTemp: Display: Loaded TP Android_DXTTargetPlatform
[2017.10.06-15.18.47:085][  0]LogTemp: Display: Loaded TP Android_ETC1TargetPlatform
[2017.10.06-15.18.47:131][  0]LogTemp: Display: Loaded TP Android_ETC2TargetPlatform
[2017.10.06-15.18.47:227][  0]LogTemp: Display: Loaded TP Android_MultiTargetPlatform
[2017.10.06-15.18.47:227][  0]LogTemp: Display: Loaded TP Android_PVRTCTargetPlatform
[2017.10.06-15.18.47:263][  0]LogTemp: Display: Loaded TP HTML5TargetPlatform
[2017.10.06-15.18.47:350][  0]LogTemp: Display: Loaded TP IOSTargetPlatform
[2017.10.06-15.18.47:377][  0]LogTemp: Display: Loaded TP TVOSTargetPlatform
[2017.10.06-15.18.47:426][  0]LogTemp: Display: Loaded TP LinuxClientTargetPlatform
[2017.10.06-15.18.47:471][  0]LogTemp: Display: Loaded TP LinuxNoEditorTargetPlatform
[2017.10.06-15.18.47:516][  0]LogTemp: Display: Loaded TP LinuxServerTargetPlatform
[2017.10.06-15.18.47:560][  0]LogTemp: Display: Loaded TP LinuxTargetPlatform
[2017.10.06-15.18.47:561][  0]LogTargetPlatformManager: Display: Building Assets For Windows
[2017.10.06-15.18.47:992][  0]LogDerivedDataCache: Display: Max Cache Size: 512 MB
[2017.10.06-15.18.48:078][  0]LogDerivedDataCache: Loaded boot cache 0.09s 93MB C:/Users/rajjj/AppData/Local/UnrealEngine/4.17/DerivedDataCache/Boot.ddc.
[2017.10.06-15.18.48:078][  0]LogDerivedDataCache: Display: Loaded Boot cache: C:/Users/rajjj/AppData/Local/UnrealEngine/4.17/DerivedDataCache/Boot.ddc
[2017.10.06-15.18.48:079][  0]LogDerivedDataCache: FDerivedDataBackendGraph:  Pak pak cache file ../../../../../../Users/rajjj/OneDrive/Documents/GitHub/DatBoiEntertainmetnGame_/DerivedDataCache/DDC.ddp not found, will not use a pak cache.
[2017.10.06-15.18.48:079][  0]LogDerivedDataCache: Unable to find inner node Pak for hierarchical cache Hierarchy.
[2017.10.06-15.18.48:079][  0]LogDerivedDataCache: FDerivedDataBackendGraph:  CompressedPak pak cache file ../../../../../../Users/rajjj/OneDrive/Documents/GitHub/DatBoiEntertainmetnGame_/DerivedDataCache/Compressed.ddp not found, will not use a pak cache.
[2017.10.06-15.18.48:079][  0]LogDerivedDataCache: Unable to find inner node CompressedPak for hierarchical cache Hierarchy.
[2017.10.06-15.18.48:093][  0]LogDerivedDataCache: Display: Pak cache opened for reading ../../../Engine/DerivedDataCache/Compressed.ddp.
[2017.10.06-15.18.48:105][  0]LogDerivedDataCache: Using Local data cache path C:/Users/rajjj/AppData/Local/UnrealEngine/Common/DerivedDataCache: Writable
[2017.10.06-15.18.48:113][  0]LogMaterial: Verifying Global Shaders for PCD3D_SM5
[2017.10.06-15.18.48:114][  0]LogSlate: Using Freetype 2.6.0
[2017.10.06-15.18.48:114][  0]LogSlate: SlateFontCache - WITH_FREETYPE: 1, WITH_HARFBUZZ: 1
[2017.10.06-15.18.48:114][  0]LogSlate: SlateFontCache - WITH_FREETYPE: 1, WITH_HARFBUZZ: 1
[2017.10.06-15.18.48:349][  0]LogAssetRegistry: FAssetRegistry took 0.0260 seconds to start up
[2017.10.06-15.18.48:454][  0]LogInit: Selected Device Profile: [Windows]
[2017.10.06-15.18.48:592][  0]LogContentStreaming: Texture pool size is 0.00 MB
[2017.10.06-15.18.48:860][  0]LogSimplygon: Simplygon DLL not present - disabling.
[2017.10.06-15.18.48:898][  0]LogMeshReduction: Using SimplygonSwarm for distributed automatic mesh merging
[2017.10.06-15.18.48:898][  0]LogMeshReduction: Using QuadricMeshReduction for automatic static mesh reduction
[2017.10.06-15.18.48:898][  0]LogMeshReduction: No automatic skeletal mesh reduction module available
[2017.10.06-15.18.48:898][  0]LogMeshReduction: No automatic mesh merging module available
[2017.10.06-15.18.48:898][  0]LogMeshMerging: No automatic mesh merging module available
[2017.10.06-15.18.49:216][  0]LogNetVersion: InsertNameAdventure , NetCL: 3573198, EngineNetVer: 2, GameNetVer: 0 (Checksum: 3080426378)
[2017.10.06-15.18.49:401][  0]LogPackageLocalizationCache: Processed 5 localized package path(s) for 2 prioritized culture(s) in 0.042800 seconds
[2017.10.06-15.18.49:407][  0]LogUObjectArray: 35825 objects as part of root set at end of initial load.
[2017.10.06-15.18.49:407][  0]LogUObjectAllocator: 7529104 out of 0 bytes used by permanent object pool.
[2017.10.06-15.18.49:407][  0]LogUObjectArray: CloseDisregardForGC: 0/0 objects in disregard for GC pool
[2017.10.06-15.18.49:465][  0]LogInit: WinSock: version 1.1 (2.2), MaxSocks=32767, MaxUdp=65467
[2017.10.06-15.18.51:736][  0]LogTcpMessaging: Initializing TcpMessaging bridge
[2017.10.06-15.18.51:772][  0]LogUdpMessaging: Initializing bridge on interface 0.0.0.0:0 to multicast group 230.0.0.1:6666.
[2017.10.06-15.18.52:346][  0]LogMaterial: Uniform references updated for custom material expression Custom.
[2017.10.06-15.18.52:716][  0]SourceControl: Source control is disabled
[2017.10.06-15.18.53:542][  0]LogAndroidPermission: UAndroidPermissionCallbackProxy::GetInstance
[2017.10.06-15.18.53:765][  0]LogOcInput: OculusInput pre-init called
[2017.10.06-15.18.53:998][  0]LogEngine: Initializing Engine...
[2017.10.06-15.18.54:000][  0]LogHMD: Failed to initialize OpenVR with code 110
[2017.10.06-15.18.54:206][  0]LogStats: UGameplayTagsManager::ConstructGameplayTagTree: Construct from data asset -  0.000 s
[2017.10.06-15.18.54:206][  0]LogStats: UGameplayTagsManager::ConstructGameplayTagTree: GameplayTagTreeChangedEvent.Broadcast -  0.000 s
[2017.10.06-15.18.54:342][  0]LogAIModule: Creating AISystem for world Untitled
[2017.10.06-15.18.54:352][  0]LogInit: XAudio2 using 'Speakers (2- Logitech G930 Headset)' : 2 channels at 48 kHz using 16 bits per sample (channel mask 0x3)
[2017.10.06-15.18.54:367][  0]LogInit: FAudioDevice initialized.
[2017.10.06-15.18.54:443][  0]LogDerivedDataCache: Saved boot cache 0.08s 93MB C:/Users/rajjj/AppData/Local/UnrealEngine/4.17/DerivedDataCache/Boot.ddc.
[2017.10.06-15.18.54:457][  0]LogInit: Texture streaming: Enabled
[2017.10.06-15.18.54:585][  0]LogEngineSessionManager: EngineSessionManager initialized
[2017.10.06-15.18.54:812][  0]LogInit: Transaction tracking system initialized
[2017.10.06-15.18.55:116][  0]BlueprintLog: New page: Editor Load
[2017.10.06-15.18.55:953][  0]LocalizationService: Localization service is disabled
[2017.10.06-15.18.56:597][  0]LogConsoleResponse: Display: 
[2017.10.06-15.18.56:759][  0]LogCook: Display: Max memory allowance for cook 16384mb min free memory 0mb
[2017.10.06-15.18.56:759][  0]LogCook: Display: Mobile HDR setting 1
[2017.10.06-15.18.56:759][  0]LogGameplayTags: Display: UGameplayTagsManager::DoneAddingNativeTags. DelegateIsBound: 0
[2017.10.06-15.18.57:118][  0]LogFileCache: Scanning file cache for directory 'C:/Users/rajjj/OneDrive/Documents/GitHub/DatBoiEntertainmetnGame_/Content/' took 0.02s
[2017.10.06-15.18.57:722][  0]Cmd: MAP LOAD FILE="../../../../../../Users/rajjj/OneDrive/Documents/GitHub/DatBoiEntertainmetnGame_/Content/2DSideScrollerBP/Maps/Levels/Rainforest_Alien.umap" TEMPLATE=0 SHOWPROGRESS=1 FEATURELEVEL=3
[2017.10.06-15.18.57:723][  0]LightingResults: New page: Lighting Build
[2017.10.06-15.18.57:762][  0]MapCheck: New page: Map Check
[2017.10.06-15.18.57:762][  0]LightingResults: New page: Lighting Build
[2017.10.06-15.18.58:034][  0]LogBlueprint: Warning: ExposeOnSpawn ambiguity. Property 'BoolProperty /Game/2DSideScrollerBP/Blueprints/UI/ItemDrag.ItemDrag_C:fromInv', MetaData 'True', Flag 'False'
[2017.10.06-15.18.58:034][  0]LogBlueprint: Warning: ExposeOnSpawn ambiguity. Property 'ObjectProperty /Game/2DSideScrollerBP/Blueprints/UI/ItemDrag.ItemDrag_C:dragItem', MetaData 'True', Flag 'False'
[2017.10.06-15.18.58:038][  0]LogBlueprint: Warning: ExposeOnSpawn ambiguity. Property 'BoolProperty /Game/2DSideScrollerBP/Blueprints/UI/ItemDrag.ItemDrag_C:fromInv', MetaData 'True', Flag 'False'
[2017.10.06-15.18.58:038][  0]LogBlueprint: Warning: ExposeOnSpawn ambiguity. Property 'ObjectProperty /Game/2DSideScrollerBP/Blueprints/UI/ItemDrag.ItemDrag_C:dragItem', MetaData 'True', Flag 'False'
[2017.10.06-15.18.58:061][  0]LogBlueprint: Warning: [Compiler ActionSlot] Input pin  Drag Item  specifying non-default value no longer exists on this node. Please refresh node or reset pin to default value to remove pin.
[2017.10.06-15.18.58:074][  0]LogBlueprint: Warning: [Compiler InventorySlot] Input pin  From Inv  specifying non-default value no longer exists on this node. Please refresh node or reset pin to default value to remove pin.
[2017.10.06-15.18.58:074][  0]LogBlueprint: Error: [Compiler InventorySlot] In use pin  Drag Item  no longer exists on this node. Please refresh node or break links to remove pin.
[2017.10.06-15.18.58:185][  0]LogBlueprint: Warning: [Compiler ActionSlot] [0015.91] Compile of ActionSlot successful, but with 1 Warning(s) [in 161 ms] (/Game/2DSideScrollerBP/Blueprints/UI/ActionSlot.ActionSlot)
[2017.10.06-15.18.58:185][  0]LogBlueprint: Warning: [Compiler InventorySlot] [0015.92] Compile of InventorySlot failed. 1 Fatal Issue(s) 1 Warning(s) [in 161 ms] (/Game/2DSideScrollerBP/Blueprints/UI/InventorySlot.InventorySlot)
[2017.10.06-15.18.58:801][  0]LogMaterial: Missing cached shader map for material BlueLight_M1, compiling. 
[2017.10.06-15.18.58:802][  0]LogMaterial: Warning: Failed to compile Material /Game/2DSideScrollerBP/Maps/Levels/LevelSprites/Sprites/Rain_Forrest_Sprites/Materials/BlueLight_M1.BlueLight_M1 for platform PCD3D_SM5, Default Material will be used in game.
[2017.10.06-15.18.58:802][  0]LogMaterial: Warning: 	Function Flicker_MF: Missing function input 'Color'
[2017.10.06-15.18.59:045][  0]LogAIModule: Creating AISystem for world Rainforest_Alien
[2017.10.06-15.18.59:079][  0]LogEditorServer: Finished looking for orphan Actors (0.000 secs)
[2017.10.06-15.18.59:095][  0]Cmd: MAP CHECKDEP NOCLEARLOG
[2017.10.06-15.18.59:160][  0]MapCheck: Map check complete: 0 Error(s), 0 Warning(s), took 65.695ms to complete.
[2017.10.06-15.18.59:160][  0]LogFileHelpers: Loading map 'Rainforest_Alien' took 1.438
[2017.10.06-15.18.59:430][  0]LogCollectionManager: Loaded 0 collections in 0.001389 seconds
[2017.10.06-15.18.59:508][  0]LogFileCache: Scanning file cache for directory 'C:/Users/rajjj/OneDrive/Documents/GitHub/DatBoiEntertainmetnGame_/Saved/Collections/' took 0.01s
[2017.10.06-15.18.59:508][  0]LogFileCache: Scanning file cache for directory 'C:/Users/rajjj/OneDrive/Documents/GitHub/DatBoiEntertainmetnGame_/Content/Developers/rajjj/Collections/' took 0.01s
[2017.10.06-15.18.59:508][  0]LogFileCache: Scanning file cache for directory 'C:/Users/rajjj/OneDrive/Documents/GitHub/DatBoiEntertainmetnGame_/Content/Collections/' took 0.01s
[2017.10.06-15.18.59:508][  0]LogCollectionManager: Rebuilt the GUID cache for 0 collections in 0.000001 seconds
[2017.10.06-15.18.59:516][  0]LogContentBrowser: Native class hierarchy populated in 0.0076 seconds. Added 2386 classes and 500 folders.
[2017.10.06-15.18.59:574][  0]LogContentBrowser: Native class hierarchy updated for 'WidgetCarousel' in 0.0005 seconds. Added 0 classes and 0 folders.
[2017.10.06-15.18.59:603][  0]LogContentBrowser: Native class hierarchy updated for 'AddContentDialog' in 0.0005 seconds. Added 0 classes and 0 folders.
[2017.10.06-15.18.59:641][  0]LogContentBrowser: Native class hierarchy updated for 'SceneOutliner' in 0.0006 seconds. Added 1 classes and 2 folders.
[2017.10.06-15.18.59:652][  0]LogSlate: Took 0.000139 seconds to synchronously load lazily loaded font '../../../Engine/Content/Slate/Fonts/Roboto-Regular.ttf' (155K)
[2017.10.06-15.18.59:654][  0]LogSlate: Took 0.000157 seconds to synchronously load lazily loaded font '../../../Engine/Content/Slate/Fonts/Roboto-Bold.ttf' (160K)
[2017.10.06-15.18.59:656][  0]LogSlate: Took 0.000158 seconds to synchronously load lazily loaded font '../../../Engine/Content/Editor/Slate/Fonts/FontAwesome.ttf' (139K)
[2017.10.06-15.18.59:657][  0]LogSlate: Took 0.000109 seconds to synchronously load lazily loaded font '../../../Engine/Content/Editor/Slate/Fonts/DroidSansMono.ttf' (77K)
[2017.10.06-15.18.59:743][  0]LogRenderer: Reallocating scene render targets to support 2556x828 Format 10 NumSamples 1 (Frame:1).
[2017.10.06-15.18.59:968][  0]LogContentBrowser: Native class hierarchy updated for 'HierarchicalLODOutliner' in 0.0006 seconds. Added 1 classes and 2 folders.
[2017.10.06-15.18.59:969][  0]LogLoad: (Engine Initialization) Total time: 17.70 seconds
[2017.10.06-15.18.59:969][  0]LogLoad: (Engine Initialization) Total Blueprint compile time: 0.00 seconds
[2017.10.06-15.18.59:969][  0]LogExternalProfiler: No external profilers were discovered.  External profiling features will not be available.
[2017.10.06-15.18.59:980][  0]LogWindowsTextInputMethodSystem: Display: IME system now deactivated.
[2017.10.06-15.19.00:013][  0]SourceControl: On branch V1.5.1
[2017.10.06-15.19.00:014][  0]SourceControl: Your branch is up-to-date with 'origin/V1.5.1'.
[2017.10.06-15.19.00:014][  0]SourceControl: No commands done.
[2017.10.06-15.19.00:014][  0]SourceControl: Next commands to do (2 remaining commands):
[2017.10.06-15.19.00:014][  0]SourceControl:    pick b627089 Redid mt backdrop and started work on a desert zone
[2017.10.06-15.19.00:014][  0]SourceControl:    pick 5400dc0 Revert "Redid mt backdrop and started work on a desert zone"
[2017.10.06-15.19.00:014][  0]SourceControl:   (use "git rebase --edit-todo" to view and edit)
[2017.10.06-15.19.00:014][  0]SourceControl: You are currently editing a commit while rebasing branch 'V1.5.1' on 'ad616f1'.
[2017.10.06-15.19.00:014][  0]SourceControl:   (use "git commit --amend" to amend the current commit)
[2017.10.06-15.19.00:014][  0]SourceControl:   (use "git rebase --continue" once you are satisfied with your changes)
[2017.10.06-15.19.00:014][  0]SourceControl: Changes not staged for commit:
[2017.10.06-15.19.00:014][  0]SourceControl:   (use "git add/rm <file>..." to update what will be committed)
[2017.10.06-15.19.00:015][  0]SourceControl:   (use "git checkout -- <file>..." to discard changes in working directory)
[2017.10.06-15.19.00:015][  0]SourceControl: 	modified:   Content/2DSideScrollerBP/Blueprints/Characters/2DSideScrollerCharacter.uasset
[2017.10.06-15.19.00:015][  0]SourceControl: 	modified:   Content/2DSideScrollerBP/Maps/Levels/Desert.umap
[2017.10.06-15.19.00:015][  0]SourceControl: 	modified:   Content/2DSideScrollerBP/Maps/Levels/Desert_BuiltData.uasset
[2017.10.06-15.19.00:015][  0]SourceControl: 	modified:   Content/2DSideScrollerBP/Maps/Levels/LevelSprites/Shaders/8bit_M_InstDes.uasset
[2017.10.06-15.19.00:015][  0]SourceControl: 	modified:   Content/2DSideScrollerBP/Maps/Levels/Rainforest_Alien.umap
[2017.10.06-15.19.00:015][  0]SourceControl: 	modified:   Intermediate/AssetRegistryCache/c90e3f55.bin
[2017.10.06-15.19.00:015][  0]SourceControl: 	modified:   Intermediate/CachedAssetRegistry.bin
[2017.10.06-15.19.00:015][  0]SourceControl: 	modified:   Saved/AutoScreenshot.png
[2017.10.06-15.19.00:016][  0]SourceControl: 	deleted:    Saved/Backup/GrappleHook_BP_2017-08-28-15-10-31.uasset
[2017.10.06-15.19.00:016][  0]SourceControl: 	deleted:    Saved/Backup/GrappleHook_BP_2017-08-29-10-04-10.uasset
[2017.10.06-15.19.00:016][  0]SourceControl: 	deleted:    Saved/Backup/GrappleHook_BP_2017-08-29-19-19-48.uasset
[2017.10.06-15.19.00:016][  0]SourceControl: 	deleted:    Saved/Backup/GrappleHook_BP_2017-08-29-22-27-25.uasset
[2017.10.06-15.19.00:016][  0]SourceControl: 	deleted:    Saved/Backup/GrappleHook_BP_2017-08-31-10-32-28.uasset
[2017.10.06-15.19.00:016][  0]SourceControl: 	deleted:    Saved/Backup/GrappleHook_BP_2017-09-12-16-12-14.uasset
[2017.10.06-15.19.00:016][  0]SourceControl: 	deleted:    Saved/Backup/GrappleHook_BP_2017-09-12-19-02-59.uasset
[2017.10.06-15.19.00:016][  0]SourceControl: 	deleted:    Saved/Backup/Hills_Sheet_2_TileSet_2017-08-25-19-43-51.uasset
[2017.10.06-15.19.00:016][  0]SourceControl: 	deleted:    Saved/Backup/Hills_Sheet_2_TileSet_2017-08-26-09-11-03.uasset
[2017.10.06-15.19.00:016][  0]SourceControl: 	deleted:    Saved/Backup/Hologram_M_2017-09-26-10-56-56.uasset
[2017.10.06-15.19.00:016][  0]SourceControl: 	deleted:    Saved/Backup/Hologram_M_2017-09-26-11-12-36.uasset
[2017.10.06-15.19.00:017][  0]SourceControl: 	deleted:    Saved/Backup/Hologram_M_InstBlue_2017-09-11-16-22-49.uasset
[2017.10.06-15.19.00:017][  0]SourceControl: 	deleted:    Saved/Backup/Hologram_M_Inst_InstGreen_2017-09-11-16-22-49.uasset
[2017.10.06-15.19.00:017][  0]SourceControl: 	deleted:    Saved/Backup/Hologram_M_Inst_InstRed_2017-08-26-14-03-38.uasset
[2017.10.06-15.19.00:017][  0]SourceControl: 	deleted:    Saved/Backup/Hologram_M_Inst_InstRed_2017-08-27-10-32-01.uasset
[2017.10.06-15.19.00:017][  0]SourceControl: 	deleted:    Saved/Config/CrashReportClient/UE4CC-Windows-D892BC8940DAE42F1B446984BE2A5177/CrashReportClient.ini
[2017.10.06-15.19.00:017][  0]SourceControl: 	modified:   Saved/Config/Windows/Editor.ini
[2017.10.06-15.19.00:017][  0]SourceControl: 	modified:   Saved/Config/Windows/EditorPerProjectUserSettings.ini
[2017.10.06-15.19.00:017][  0]SourceControl: 	modified:   Saved/Config/Windows/Engine.ini
[2017.10.06-15.19.00:017][  0]SourceControl: 	deleted:    Saved/Logs/InsertNameAdventure-backup-2017.10.02-09.56.06.log
[2017.10.06-15.19.00:017][  0]SourceControl: 	deleted:    Saved/Logs/InsertNameAdventure-backup-2017.10.05-09.42.47.log
[2017.10.06-15.19.00:018][  0]SourceControl: 	modified:   Saved/Logs/InsertNameAdventure.log
[2017.10.06-15.19.00:018][  0]SourceControl: Untracked files:
[2017.10.06-15.19.00:018][  0]SourceControl:   (use "git add <file>..." to include in what will be committed)
[2017.10.06-15.19.00:018][  0]SourceControl: 	Saved/Backup/2DSideScrollerCharacter_2017-10-06-09-11-10.uasset
[2017.10.06-15.19.00:018][  0]SourceControl: 	Saved/Backup/8bit_M_InstDes_2017-10-06-09-14-07.uasset
[2017.10.06-15.19.00:018][  0]SourceControl: 	Saved/Backup/Desert_2017-10-06-09-14-04.umap
[2017.10.06-15.19.00:018][  0]SourceControl: 	Saved/Backup/Desert_BuiltData_2017-10-06-09-14-04.uasset
[2017.10.06-15.19.00:018][  0]SourceControl: 	Saved/Backup/Rainforest_Alien_2017-10-06-09-11-11.umap
[2017.10.06-15.19.00:018][  0]SourceControl: 	Saved/Config/CrashReportClient/UE4CC-Windows-83AE2DC34BF1F10E31B8DCA04C10ACF8/
[2017.10.06-15.19.00:018][  0]SourceControl: 	Saved/Config/CrashReportClient/UE4CC-Windows-E85B488A421DFCAD45CADA83B0E816E7/
[2017.10.06-15.19.00:018][  0]SourceControl: 	Saved/Logs/InsertNameAdventure-backup-2017.10.06-09.09.00.log
[2017.10.06-15.19.00:019][  0]SourceControl: 	Saved/Logs/InsertNameAdventure-backup-2017.10.06-09.18.43.log
[2017.10.06-15.19.00:019][  0]SourceControl: no changes added to commit (use "git add" and/or "git commit -a")
[2017.10.06-15.19.00:019][  0]LogContentStreaming: Texture pool size now 1000 MB
[2017.10.06-15.19.00:079][  0]LogSlate: Took 0.000206 seconds to synchronously load lazily loaded font '../../../Engine/Content/Slate/Fonts/Roboto-Light.ttf' (159K)
[2017.10.06-15.19.00:104][  1]LogAssetRegistry: Asset discovery search completed in 11.7779 seconds
[2017.10.06-15.19.00:108][  1]LogCollectionManager: Rebuilt the object cache for 0 collections in 0.000000 seconds (found 0 objects)
[2017.10.06-15.19.00:108][  1]LogCollectionManager: Fixed up redirectors for 0 collections in 0.000190 seconds (updated 0 objects)
[2017.10.06-15.19.01:016][ 80]LogSlate: Took 0.000137 seconds to synchronously load lazily loaded font '../../../Engine/Content/Slate/Fonts/Roboto-Light.ttf' (159K)
[2017.10.06-15.19.01:134][ 80]LogContentBrowser: Native class hierarchy updated for 'MaterialEditor' in 0.0005 seconds. Added 1 classes and 0 folders.
[2017.10.06-15.19.01:266][ 80]LogRenderer: Reallocating scene render targets to support 2556x932 Format 10 NumSamples 1 (Frame:1).
[2017.10.06-15.19.05:100][482]LogFileCache: Retrieving MD5 hashes for directory 'C:/Users/rajjj/OneDrive/Documents/GitHub/DatBoiEntertainmetnGame_/Content/' took 5.11s
[2017.10.06-15.19.21:084][765]LogEditorViewport: Clicking on Actor (LMB): Skybox_BP_Rain_C (Skybox_BP_Rain)
[2017.10.06-15.19.23:018][965]LogTemp: Repeating last play command: Selected Viewport
[2017.10.06-15.19.23:095][965]LogBlueprintUserMessages: Early PlayInEditor Detection: Level '/Game/2DSideScrollerBP/Maps/Levels/Rainforest_Alien.Rainforest_Alien:PersistentLevel' has LevelScriptBlueprint '/Game/2DSideScrollerBP/Maps/Levels/Rainforest_Alien.Rainforest_Alien:PersistentLevel.Rainforest_Alien' with GeneratedClass '/Game/2DSideScrollerBP/Maps/Levels/Rainforest_Alien.Rainforest_Alien_C' with ClassGeneratedBy '/Game/2DSideScrollerBP/Maps/Levels/Rainforest_Alien.Rainforest_Alien:PersistentLevel.Rainforest_Alien'
[2017.10.06-15.19.23:095][965]LogPlayLevel: PlayLevel: No blueprints needed recompiling
[2017.10.06-15.19.25:075][965]PIE: New page: PIE session: Rainforest_Alien (Oct 6, 2017, 3:19:25 AM)
[2017.10.06-15.19.25:076][965]LogPlayLevel: Creating play world package: /Game/2DSideScrollerBP/Maps/Levels/UEDPIE_0_Rainforest_Alien
[2017.10.06-15.19.25:111][965]LogPlayLevel: PIE: StaticDuplicateObject took: (0.035489s)
[2017.10.06-15.19.25:112][965]LogAIModule: Creating AISystem for world Rainforest_Alien
[2017.10.06-15.19.25:113][965]LogPlayLevel: PIE: World Init took: (0.001301s)
[2017.10.06-15.19.25:114][965]LogPlayLevel: PIE: Created PIE world by copying editor world from /Game/2DSideScrollerBP/Maps/Levels/Rainforest_Alien.Rainforest_Alien to /Game/2DSideScrollerBP/Maps/Levels/UEDPIE_0_Rainforest_Alien.Rainforest_Alien (0.037944s)
[2017.10.06-15.19.25:131][965]LogInit: XAudio2 using 'Speakers (2- Logitech G930 Headset)' : 2 channels at 48 kHz using 16 bits per sample (channel mask 0x3)
[2017.10.06-15.19.25:137][965]LogInit: FAudioDevice initialized.
[2017.10.06-15.19.25:175][965]LogLoad: Game class is '2DSideScrollerGameMode_C'
[2017.10.06-15.19.25:193][965]LogWorld: Bringing World /Game/2DSideScrollerBP/Maps/Levels/UEDPIE_0_Rainforest_Alien.Rainforest_Alien up for play (max tick rate 0) at 2017.10.06-09.19.25
[2017.10.06-15.19.25:206][965]LogWorld: Bringing up level for play took: 0.029770
[2017.10.06-15.19.25:245][965]LogContentBrowser: Native class hierarchy updated for 'MovieSceneCapture' in 0.0006 seconds. Added 11 classes and 0 folders.
[2017.10.06-15.19.25:256][965]PIE: Play in editor start time for /Game/2DSideScrollerBP/Maps/Levels/UEDPIE_0_Rainforest_Alien 2.291
[2017.10.06-15.19.25:257][965]LogBlueprintUserMessages: Late PlayInEditor Detection: Level '/Game/2DSideScrollerBP/Maps/Levels/Rainforest_Alien.Rainforest_Alien:PersistentLevel' has LevelScriptBlueprint '/Game/2DSideScrollerBP/Maps/Levels/Rainforest_Alien.Rainforest_Alien:PersistentLevel.Rainforest_Alien' with GeneratedClass '/Game/2DSideScrollerBP/Maps/Levels/Rainforest_Alien.Rainforest_Alien_C' with ClassGeneratedBy '/Game/2DSideScrollerBP/Maps/Levels/Rainforest_Alien.Rainforest_Alien:PersistentLevel.Rainforest_Alien'
[2017.10.06-15.19.25:321][966]LogParticles: Warning: Spawning 28000 GPU particles in one frame[1967]: RainFall4_PS/Particle Emitter
[2017.10.06-15.19.39:214][585]LogBlueprintUserMessages: Early EndPlayMap Detection: Level '/Game/2DSideScrollerBP/Maps/Levels/Rainforest_Alien.Rainforest_Alien:PersistentLevel' has LevelScriptBlueprint '/Game/2DSideScrollerBP/Maps/Levels/Rainforest_Alien.Rainforest_Alien:PersistentLevel.Rainforest_Alien' with GeneratedClass '/Game/2DSideScrollerBP/Maps/Levels/Rainforest_Alien.Rainforest_Alien_C' with ClassGeneratedBy '/Game/2DSideScrollerBP/Maps/Levels/Rainforest_Alien.Rainforest_Alien:PersistentLevel.Rainforest_Alien'
[2017.10.06-15.19.39:251][585]LogBlueprintUserMessages: Late EndPlayMap Detection: Level '/Game/2DSideScrollerBP/Maps/Levels/Rainforest_Alien.Rainforest_Alien:PersistentLevel' has LevelScriptBlueprint '/Game/2DSideScrollerBP/Maps/Levels/Rainforest_Alien.Rainforest_Alien:PersistentLevel.Rainforest_Alien' with GeneratedClass '/Game/2DSideScrollerBP/Maps/Levels/Rainforest_Alien.Rainforest_Alien_C' with ClassGeneratedBy '/Game/2DSideScrollerBP/Maps/Levels/Rainforest_Alien.Rainforest_Alien:PersistentLevel.Rainforest_Alien'
[2017.10.06-15.19.41:028][759]TextureStreamingBuild: Display: Compiling optional shaders took 0.000 seconds.
[2017.10.06-15.19.44:165][ 85]LogAIModule: Creating AISystem for world Desert
[2017.10.06-15.19.45:611][ 85]LogSavePackage: Save=12.74ms
[2017.10.06-15.19.45:611][ 85]LogSavePackage: Moving '../../../../../../Users/rajjj/OneDrive/Documents/GitHub/DatBoiEntertainmetnGame_/Saved/8bit_M_Inst1Rain04616DED44616B6DD76146BE7AF9832E.tmp' to '../../../../../../Users/rajjj/OneDrive/Documents/GitHub/DatBoiEntertainmetnGame_/Content/2DSideScrollerBP/Maps/Levels/LevelSprites/Shaders/8bit_M_Inst1Rain.uasset'
[2017.10.06-15.19.45:614][ 85]LogSavePackage: Display: Finished SavePackage ../../../../../../Users/rajjj/OneDrive/Documents/GitHub/DatBoiEntertainmetnGame_/Content/2DSideScrollerBP/Maps/Levels/LevelSprites/Shaders/8bit_M_Inst1Rain.uasset
[2017.10.06-15.19.45:615][ 85]Cmd: MAP LOAD FILE="../../../../../../Users/rajjj/OneDrive/Documents/GitHub/DatBoiEntertainmetnGame_/Content/2DSideScrollerBP/Maps/Levels/Desert.umap" TEMPLATE=0 SHOWPROGRESS=1 FEATURELEVEL=3
[2017.10.06-15.19.45:615][ 85]LightingResults: New page: Lighting Build
[2017.10.06-15.19.45:616][ 85]LoadErrors: New page: Loading map: Desert.umap
[2017.10.06-15.19.45:620][ 85]MapCheck: New page: Map Check
[2017.10.06-15.19.45:620][ 85]LightingResults: New page: Lighting Build
[2017.10.06-15.19.45:641][ 85]LogEditorServer: Finished looking for orphan Actors (0.000 secs)
[2017.10.06-15.19.45:713][ 85]Cmd: MAP CHECKDEP NOCLEARLOG
[2017.10.06-15.19.45:782][ 85]MapCheck: Map check complete: 0 Error(s), 0 Warning(s), took 68.306ms to complete.
[2017.10.06-15.19.45:783][ 85]LogFileHelpers: Loading map 'Desert' took 0.169
[2017.10.06-15.19.45:784][ 85]LogSlate: Took 0.000121 seconds to synchronously load lazily loaded font '../../../Engine/Content/Slate/Fonts/Roboto-Regular.ttf' (155K)
[2017.10.06-15.20.55:860][760]LogEditorViewport: Clicking on Actor (LMB): Desert_Sky_BP_C (Desert_Sky_BP)
[2017.10.06-15.21.01:962][461]LogEditorViewport: Clicking on Actor (LMB): Desert_Sky_BP_C (Desert_Sky_BP)
[2017.10.06-15.21.02:754][550]LogEditorViewport: Clicking on Actor (LMB): Desert_Sky_BP_C (Desert_Sky_BP)
[2017.10.06-15.21.29:183][643]LogEditorViewport: Clicking on Actor (LMB): PaperSpriteActor (Sky_Scrapper_2_Sprite2)
[2017.10.06-15.21.52:846][351]LogEditorViewport: Clicking on Actor (LMB): Desert_Sky_BP_C (Desert_Sky_BP)
[2017.10.06-15.22.03:022][485]LogEditorViewport: Clicking on Actor (LMB): PaperSpriteActor (SkyScraper_1_Sheet_Sprite_32)
[2017.10.06-15.22.10:528][343]LogEditorViewport: Clicking on Actor (LMB): Desert_Sky_BP_C (Desert_Sky_BP)
[2017.10.06-15.22.11:466][448]LogEditorViewport: Clicking on Actor (LMB): PaperSpriteActor (Skyscrapper_1_glass_Sprite8)
[2017.10.06-15.22.16:570][ 36]LogEditorViewport: Clicking on Actor (LMB): PaperSpriteActor (Dunes2_Sprite14)
[2017.10.06-15.22.16:638][ 37]LogEditorViewport: Clicking on Component (LMB): PaperSpriteComponent (RenderComponent)
[2017.10.06-15.22.17:358][119]LogEditorViewport: Clicking on Actor (LMB): PaperSpriteActor (SkyScraper_1_Sheet_Sprite_94)
[2017.10.06-15.22.19:761][396]LogEditorViewport: Clicking on Actor (LMB): Desert_Sky_BP_C (Desert_Sky_BP)
[2017.10.06-15.22.20:791][513]LogEditorViewport: Clicking on Actor (LMB): PaperSpriteActor (Skyscrapper_1_glass_Sprite10)
[2017.10.06-15.22.23:385][812]Cmd: DELETE
[2017.10.06-15.22.23:385][812]Cmd: ACTOR DELETE
[2017.10.06-15.22.23:389][812]LogEditorActor: Deleted Actor: PaperSpriteActor
[2017.10.06-15.22.23:389][812]LogEditorActor: Deleted Actor: PaperSpriteActor
[2017.10.06-15.22.23:389][812]LogEditorActor: Deleted Actor: PaperSpriteActor
[2017.10.06-15.22.23:389][812]LogEditorActor: Deleted Actor: PaperSpriteActor
[2017.10.06-15.22.23:399][812]LogEditorActor: Deleted 4 Actors (0.011 secs)
[2017.10.06-15.22.29:702][558]LogTemp: Repeating last play command: Selected Viewport
[2017.10.06-15.22.29:733][558]LogPlayLevel: PlayLevel: No blueprints needed recompiling
[2017.10.06-15.22.29:733][558]PIE: New page: PIE session: Desert (Oct 6, 2017, 3:22:29 AM)
[2017.10.06-15.22.29:733][558]LogPlayLevel: Creating play world package: /Game/2DSideScrollerBP/Maps/Levels/UEDPIE_0_Desert
[2017.10.06-15.22.29:739][558]LogPlayLevel: PIE: StaticDuplicateObject took: (0.005929s)
[2017.10.06-15.22.29:740][558]LogAIModule: Creating AISystem for world Desert
[2017.10.06-15.22.29:741][558]LogPlayLevel: PIE: World Init took: (0.000957s)
[2017.10.06-15.22.29:741][558]LogPlayLevel: PIE: Created PIE world by copying editor world from /Game/2DSideScrollerBP/Maps/Levels/Desert.Desert to /Game/2DSideScrollerBP/Maps/Levels/UEDPIE_0_Desert.Desert (0.007427s)
[2017.10.06-15.22.29:757][558]LogInit: XAudio2 using 'Speakers (2- Logitech G930 Headset)' : 2 channels at 48 kHz using 16 bits per sample (channel mask 0x3)
[2017.10.06-15.22.29:763][558]LogInit: FAudioDevice initialized.
[2017.10.06-15.22.29:799][558]LogLoad: Game class is '2DSideScrollerGameMode_C'
[2017.10.06-15.22.29:803][558]LogWorld: Bringing World /Game/2DSideScrollerBP/Maps/Levels/UEDPIE_0_Desert.Desert up for play (max tick rate 0) at 2017.10.06-09.22.29
[2017.10.06-15.22.29:806][558]LogWorld: Bringing up level for play took: 0.006308
[2017.10.06-15.22.29:815][558]PIE: Play in editor start time for /Game/2DSideScrollerBP/Maps/Levels/UEDPIE_0_Desert 0.849
[2017.10.06-15.28.59:208][271]LogEditorViewport: Clicking on Actor (LMB): PaperSpriteActor (SkyScraper_1_Sheet_Sprite_38)
[2017.10.06-15.29.00:186][379]LogEditorViewport: Clicking on Actor (LMB): Desert_Sky_BP_C (Desert_Sky_BP)
[2017.10.06-15.29.00:263][381]LogEditorViewport: Clicking on Component (LMB): StaticMeshComponent (Sky)
[2017.10.06-15.29.00:904][451]LogEditorViewport: Clicking on Actor (LMB): PaperSpriteActor (Dunes2_Sprite10)
[2017.10.06-15.29.01:593][527]LogEditorViewport: Clicking on Actor (LMB): PaperSpriteActor (Skyscrapper_1_glass_Sprite4)
[2017.10.06-15.29.04:090][815]LogEditorViewport: Clicking on Actor (LMB): Desert_Sky_BP_C (Desert_Sky_BP)
[2017.10.06-15.29.37:920][841]LogEditorViewport: Clicking on Actor (LMB): PaperSpriteActor (Sky_Scrapper_2_Sprite2)
[2017.10.06-15.29.44:348][560]LogEditorViewport: Clicking on Actor (LMB): PaperSpriteActor (SkyScraper_1_Sheet_Sprite_68)
[2017.10.06-15.29.52:675][519]LogEditorViewport: Clicking on Actor (LMB): Desert_Sky_BP_C (Desert_Sky_BP)
[2017.10.06-15.30.02:254][651]LogTemp: Repeating last play command: Selected Viewport
[2017.10.06-15.30.02:284][651]LogPlayLevel: PlayLevel: No blueprints needed recompiling
[2017.10.06-15.30.02:284][651]PIE: New page: PIE session: Desert (Oct 6, 2017, 3:30:02 AM)
[2017.10.06-15.30.02:284][651]LogPlayLevel: Creating play world package: /Game/2DSideScrollerBP/Maps/Levels/UEDPIE_0_Desert
[2017.10.06-15.30.02:291][651]LogPlayLevel: PIE: StaticDuplicateObject took: (0.006488s)
[2017.10.06-15.30.02:291][651]LogAIModule: Creating AISystem for world Desert
[2017.10.06-15.30.02:292][651]LogPlayLevel: PIE: World Init took: (0.000835s)
[2017.10.06-15.30.02:292][651]LogPlayLevel: PIE: Created PIE world by copying editor world from /Game/2DSideScrollerBP/Maps/Levels/Desert.Desert to /Game/2DSideScrollerBP/Maps/Levels/UEDPIE_0_Desert.Desert (0.007852s)
[2017.10.06-15.30.02:310][651]LogInit: XAudio2 using 'Speakers (2- Logitech G930 Headset)' : 2 channels at 48 kHz using 16 bits per sample (channel mask 0x3)
[2017.10.06-15.30.02:316][651]LogInit: FAudioDevice initialized.
[2017.10.06-15.30.02:341][651]LogLoad: Game class is '2DSideScrollerGameMode_C'
[2017.10.06-15.30.02:346][651]LogWorld: Bringing World /Game/2DSideScrollerBP/Maps/Levels/UEDPIE_0_Desert.Desert up for play (max tick rate 0) at 2017.10.06-09.30.02
[2017.10.06-15.30.02:348][651]LogWorld: Bringing up level for play took: 0.006529
[2017.10.06-15.30.02:358][651]PIE: Play in editor start time for /Game/2DSideScrollerBP/Maps/Levels/UEDPIE_0_Desert -0.608
[2017.10.06-15.30.29:302][860]LogEditorViewport: Clicking on Actor (LMB): PaperTileMapActor (SkyScraper_1_TM)
[2017.10.06-15.30.29:473][871]LogEditorViewport: Clicking on Actor (context menu): PaperTileMapActor (SkyScraper_1_TM)
[2017.10.06-15.30.31:634][ 81]LogSlate: Took 0.004144 seconds to synchronously load lazily loaded font '../../../Engine/Content/Editor/Slate/Fonts/Roboto-BoldCondensed.ttf' (158K)
[2017.10.06-15.32.01:913][199]LogEditorViewport: Clicking on Actor (LMB): PaperTileMapActor (SkyScraper_1_TM)
[2017.10.06-15.32.04:719][519]LogEditorViewport: Clicking on Actor (LMB): PaperSpriteActor (Skyscrapper_1_glass_Sprite9)
[2017.10.06-15.32.11:917][307]LogEditorViewport: Clicking on Actor (LMB): PaperTileMapActor (SkyScraper_1_TM)
[2017.10.06-15.32.14:138][552]LogEditorViewport: Clicking on Actor (LMB): PaperSpriteActor (Skyscrapper_1_glass_Sprite9)
[2017.10.06-15.32.20:644][293]Cmd: TRANSACTION UNDO
[2017.10.06-15.32.20:644][293]LogEditorTransaction: Undo Move Actors
[2017.10.06-15.32.20:683][293]LogSlate: Took 0.003994 seconds to synchronously load lazily loaded font '../../../Engine/Content/Slate/Fonts/Roboto-Light.ttf' (159K)
[2017.10.06-15.32.25:891][896]LogEditorViewport: Clicking on Actor (LMB): Desert_Sky_BP_C (Desert_Sky_BP)
[2017.10.06-15.32.30:444][407]LogEditorViewport: Clicking on Actor (LMB): PaperTileMapActor (SkyScraper_1_TM)
[2017.10.06-15.32.32:462][611]LogEditorViewport: Clicking on Actor (LMB): PaperSpriteActor (Skyscrapper_1_glass_Sprite9)
[2017.10.06-15.33.02:091][914]LogEditorViewport: Clicking on Actor (LMB): Desert_Sky_BP_C (Desert_Sky_BP)
[2017.10.06-15.33.09:332][711]LogEditorViewport: Clicking on Actor (LMB): PaperSpriteActor (Skyscrapper_1_glass_Sprite10)
[2017.10.06-15.33.22:582][202]LogEditorViewport: Clicking on Actor (LMB): Desert_Sky_BP_C (Desert_Sky_BP)
[2017.10.06-15.33.28:990][930]LogEditorViewport: Clicking on Actor (LMB): PaperSpriteActor (Skyscrapper_1_glass_Sprite16)
[2017.10.06-15.33.33:198][412]LogEditorViewport: Clicking on Actor (LMB): Desert_Sky_BP_C (Desert_Sky_BP)
[2017.10.06-15.33.42:342][489]LogTemp: Repeating last play command: Selected Viewport
[2017.10.06-15.33.42:373][489]LogPlayLevel: PlayLevel: No blueprints needed recompiling
[2017.10.06-15.33.42:373][489]PIE: New page: PIE session: Desert (Oct 6, 2017, 3:33:42 AM)
[2017.10.06-15.33.42:374][489]LogPlayLevel: Creating play world package: /Game/2DSideScrollerBP/Maps/Levels/UEDPIE_0_Desert
[2017.10.06-15.33.42:381][489]LogPlayLevel: PIE: StaticDuplicateObject took: (0.007090s)
[2017.10.06-15.33.42:381][489]LogAIModule: Creating AISystem for world Desert
[2017.10.06-15.33.42:382][489]LogPlayLevel: PIE: World Init took: (0.000873s)
[2017.10.06-15.33.42:382][489]LogPlayLevel: PIE: Created PIE world by copying editor world from /Game/2DSideScrollerBP/Maps/Levels/Desert.Desert to /Game/2DSideScrollerBP/Maps/Levels/UEDPIE_0_Desert.Desert (0.008538s)
[2017.10.06-15.33.42:398][489]LogInit: XAudio2 using 'Speakers (2- Logitech G930 Headset)' : 2 channels at 48 kHz using 16 bits per sample (channel mask 0x3)
[2017.10.06-15.33.42:404][489]LogInit: FAudioDevice initialized.
[2017.10.06-15.33.42:434][489]LogLoad: Game class is '2DSideScrollerGameMode_C'
[2017.10.06-15.33.42:440][489]LogWorld: Bringing World /Game/2DSideScrollerBP/Maps/Levels/UEDPIE_0_Desert.Desert up for play (max tick rate 0) at 2017.10.06-09.33.42
[2017.10.06-15.33.42:442][489]LogWorld: Bringing up level for play took: 0.006640
[2017.10.06-15.33.42:451][489]PIE: Play in editor start time for /Game/2DSideScrollerBP/Maps/Levels/UEDPIE_0_Desert -0.514
[2017.10.06-15.34.13:993][937]LogEditorViewport: Clicking on Actor (LMB): Desert_Sky_BP_C (Desert_Sky_BP)
[2017.10.06-15.34.14:804][ 29]LogTemp: Repeating last play command: Selected Viewport
[2017.10.06-15.34.14:834][ 29]LogPlayLevel: PlayLevel: No blueprints needed recompiling
[2017.10.06-15.34.14:834][ 29]PIE: New page: PIE session: Desert (Oct 6, 2017, 3:34:14 AM)
[2017.10.06-15.34.14:834][ 29]LogPlayLevel: Creating play world package: /Game/2DSideScrollerBP/Maps/Levels/UEDPIE_0_Desert
[2017.10.06-15.34.14:841][ 29]LogPlayLevel: PIE: StaticDuplicateObject took: (0.007094s)
[2017.10.06-15.34.14:842][ 29]LogAIModule: Creating AISystem for world Desert
[2017.10.06-15.34.14:842][ 29]LogPlayLevel: PIE: World Init took: (0.000749s)
[2017.10.06-15.34.14:842][ 29]LogPlayLevel: PIE: Created PIE world by copying editor world from /Game/2DSideScrollerBP/Maps/Levels/Desert.Desert to /Game/2DSideScrollerBP/Maps/Levels/UEDPIE_0_Desert.Desert (0.008342s)
[2017.10.06-15.34.14:859][ 29]LogInit: XAudio2 using 'Speakers (2- Logitech G930 Headset)' : 2 channels at 48 kHz using 16 bits per sample (channel mask 0x3)
[2017.10.06-15.34.14:865][ 29]LogInit: FAudioDevice initialized.
[2017.10.06-15.34.14:895][ 29]LogLoad: Game class is '2DSideScrollerGameMode_C'
[2017.10.06-15.34.14:900][ 29]LogWorld: Bringing World /Game/2DSideScrollerBP/Maps/Levels/UEDPIE_0_Desert.Desert up for play (max tick rate 0) at 2017.10.06-09.34.14
[2017.10.06-15.34.14:902][ 29]LogWorld: Bringing up level for play took: 0.006662
[2017.10.06-15.34.14:911][ 29]PIE: Play in editor start time for /Game/2DSideScrollerBP/Maps/Levels/UEDPIE_0_Desert -0.054
[2017.10.06-15.36.33:298][218]LogEditorViewport: Clicking on Actor (LMB): Desert_Sky_BP_C (Desert_Sky_BP)
[2017.10.06-15.36.34:174][276]LogSavePackage: Save=213.62ms
[2017.10.06-15.36.34:175][276]LogSavePackage: Moving '../../../../../../Users/rajjj/OneDrive/Documents/GitHub/DatBoiEntertainmetnGame_/Saved/Desert53800BD14A650328BE2993888D3FA7A0.tmp' to '../../../../../../Users/rajjj/OneDrive/Documents/GitHub/DatBoiEntertainmetnGame_/Content/2DSideScrollerBP/Maps/Levels/Desert.umap'
[2017.10.06-15.36.34:181][276]LogSavePackage: Display: Finished SavePackage ../../../../../../Users/rajjj/OneDrive/Documents/GitHub/DatBoiEntertainmetnGame_/Content/2DSideScrollerBP/Maps/Levels/Desert.umap
[2017.10.06-15.36.34:344][276]LogSavePackage: Save=8.14ms
[2017.10.06-15.36.34:344][276]LogSavePackage: Moving '../../../../../../Users/rajjj/OneDrive/Documents/GitHub/DatBoiEntertainmetnGame_/Saved/Desert_BuiltDataF7E00E174EB902003DC47DABC07699E6.tmp' to '../../../../../../Users/rajjj/OneDrive/Documents/GitHub/DatBoiEntertainmetnGame_/Content/2DSideScrollerBP/Maps/Levels/Desert_BuiltData.uasset'
[2017.10.06-15.36.34:346][276]LogSavePackage: Display: Finished SavePackage ../../../../../../Users/rajjj/OneDrive/Documents/GitHub/DatBoiEntertainmetnGame_/Content/2DSideScrollerBP/Maps/Levels/Desert_BuiltData.uasset
[2017.10.06-15.36.38:404][581]TextureStreamingBuild: Display: Compiling optional shaders took 0.000 seconds.
[2017.10.06-15.36.38:471][581]LogSavePackage: Save=11.84ms
[2017.10.06-15.36.38:471][581]LogSavePackage: Moving '../../../../../../Users/rajjj/OneDrive/Documents/GitHub/DatBoiEntertainmetnGame_/Saved/8bit_M_InstDes9B8D7E5B4610D54D5DC0449E1947016D.tmp' to '../../../../../../Users/rajjj/OneDrive/Documents/GitHub/DatBoiEntertainmetnGame_/Content/2DSideScrollerBP/Maps/Levels/LevelSprites/Shaders/8bit_M_InstDes.uasset'
[2017.10.06-15.36.38:474][581]LogSavePackage: Display: Finished SavePackage ../../../../../../Users/rajjj/OneDrive/Documents/GitHub/DatBoiEntertainmetnGame_/Content/2DSideScrollerBP/Maps/Levels/LevelSprites/Shaders/8bit_M_InstDes.uasset
[2017.10.06-15.36.38:551][581]LogSavePackage: Save=25.76ms
[2017.10.06-15.36.38:551][581]LogSavePackage: Moving '../../../../../../Users/rajjj/OneDrive/Documents/GitHub/DatBoiEntertainmetnGame_/Saved/SkyScraper_1_TMD98129BF424BE982952119B4B5148291.tmp' to '../../../../../../Users/rajjj/OneDrive/Documents/GitHub/DatBoiEntertainmetnGame_/Content/2DSideScrollerBP/Maps/Levels/LevelSprites/Sprites/Desert_Sprites/Tile_Maps/SkyScraper_1_TM.uasset'
[2017.10.06-15.36.38:554][581]LogSavePackage: Display: Finished SavePackage ../../../../../../Users/rajjj/OneDrive/Documents/GitHub/DatBoiEntertainmetnGame_/Content/2DSideScrollerBP/Maps/Levels/LevelSprites/Sprites/Desert_Sprites/Tile_Maps/SkyScraper_1_TM.uasset
[2017.10.06-15.36.38:736][581]LogWindowsTextInputMethodSystem: Display: IME system now deactivated.
[2017.10.06-15.36.38:880][582]Cmd: QUIT_EDITOR
[2017.10.06-15.36.39:747][582]LogExit: Preparing to exit.
[2017.10.06-15.36.40:197][582]LogDirectoryWatcher: A directory notification failed for 'C:/Users/rajjj/OneDrive/Documents/GitHub/DatBoiEntertainmetnGame_/Content/', and we were unable to create a new request.
[2017.10.06-15.36.40:256][582]LogExit: Editor shut down
[2017.10.06-15.36.40:264][582]LogExit: Transaction tracking system shut down
[2017.10.06-15.36.40:371][582]LogDirectoryWatcher: A directory notification for '../../../Engine/Content/' was aborted.
[2017.10.06-15.36.40:371][582]LogDirectoryWatcher: A directory notification for '../../../../../../Users/rajjj/OneDrive/Documents/GitHub/DatBoiEntertainmetnGame_/Content/' was aborted.
[2017.10.06-15.36.40:371][582]LogDirectoryWatcher: A directory notification for '../../../Engine/Plugins/2D/Paper2D/Content/' was aborted.
[2017.10.06-15.36.40:371][582]LogDirectoryWatcher: A directory notification for '../../../Engine/Plugins/Runtime/Oculus/OculusVR/Content/' was aborted.
[2017.10.06-15.36.40:371][582]LogDirectoryWatcher: A directory notification for '../../../Engine/Plugins/Runtime/Steam/SteamVR/Content/' was aborted.
[2017.10.06-15.36.40:495][582]LogExit: Object subsystem successfully closed.
[2017.10.06-15.36.40:542][582]LogD3D11RHI: Shutdown
[2017.10.06-15.36.40:543][582]LogD3D11RHI: CleanupD3DDevice
[2017.10.06-15.36.40:652][582]LogD3D11RHI: ~FD3D11DynamicRHI
[2017.10.06-15.36.40:686][582]LogModuleManager: Shutting down and abandoning module MovieSceneCapture (534)
[2017.10.06-15.36.40:686][582]LogModuleManager: Shutting down and abandoning module MaterialEditor (532)
[2017.10.06-15.36.40:686][582]LogModuleManager: Shutting down and abandoning module HierarchicalLODOutliner (530)
[2017.10.06-15.36.40:686][582]LogModuleManager: Shutting down and abandoning module SceneOutliner (528)
[2017.10.06-15.36.40:686][582]LogModuleManager: Shutting down and abandoning module AddContentDialog (526)
[2017.10.06-15.36.40:687][582]LogDirectoryWatcher: A directory notification for 'C:/Program Files/Epic Games/UE_4.17/FeaturePacks/' was aborted.
[2017.10.06-15.36.40:688][582]LogModuleManager: Shutting down and abandoning module WidgetCarousel (525)
[2017.10.06-15.36.40:688][582]LogModuleManager: Shutting down and abandoning module EditorWidgets (522)
[2017.10.06-15.36.40:688][582]LogModuleManager: Shutting down and abandoning module CollectionManager (520)
[2017.10.06-15.36.40:688][582]LogDirectoryWatcher: A directory notification for 'C:/Users/rajjj/OneDrive/Documents/GitHub/DatBoiEntertainmetnGame_/Content/Collections/' was aborted.
[2017.10.06-15.36.40:688][582]LogDirectoryWatcher: A directory notification for 'C:/Users/rajjj/OneDrive/Documents/GitHub/DatBoiEntertainmetnGame_/Content/Developers/rajjj/Collections/' was aborted.
[2017.10.06-15.36.40:688][582]LogDirectoryWatcher: A directory notification for 'C:/Users/rajjj/OneDrive/Documents/GitHub/DatBoiEntertainmetnGame_/Saved/Collections/' was aborted.
[2017.10.06-15.36.40:688][582]LogModuleManager: Shutting down and abandoning module StatsViewer (518)
[2017.10.06-15.36.40:689][582]LogModuleManager: Shutting down and abandoning module FoliageEdit (516)
[2017.10.06-15.36.40:689][582]LogModuleManager: Shutting down and abandoning module LandscapeEditor (514)
[2017.10.06-15.36.40:689][582]LogModuleManager: Shutting down and abandoning module MeshPaintMode (512)
[2017.10.06-15.36.40:690][582]LogModuleManager: Shutting down and abandoning module SceneDepthPickerMode (510)
[2017.10.06-15.36.40:690][582]LogModuleManager: Shutting down and abandoning module ActorPickerMode (508)
[2017.10.06-15.36.40:690][582]LogModuleManager: Shutting down and abandoning module GeometryMode (506)
[2017.10.06-15.36.40:690][582]LogModuleManager: Shutting down and abandoning module TextureAlignMode (504)
[2017.10.06-15.36.40:690][582]LogModuleManager: Shutting down and abandoning module BspMode (502)
[2017.10.06-15.36.40:690][582]LogModuleManager: Shutting down and abandoning module PIEPreviewDeviceProfileSelector (500)
[2017.10.06-15.36.40:690][582]LogModuleManager: Shutting down and abandoning module HardwareSurvey (498)
[2017.10.06-15.36.40:690][582]LogModuleManager: Shutting down and abandoning module SequenceRecorderSections (496)
[2017.10.06-15.36.40:690][582]LogModuleManager: Shutting down and abandoning module AutomationWorker (494)
[2017.10.06-15.36.40:690][582]LogModuleManager: Shutting down and abandoning module MatineeToLevelSequence (492)
[2017.10.06-15.36.40:690][582]LogModuleManager: Shutting down and abandoning module LevelSequenceEditor (490)
[2017.10.06-15.36.40:692][582]LogModuleManager: Shutting down and abandoning module PlacementMode (489)
[2017.10.06-15.36.40:692][582]LogModuleManager: Shutting down and abandoning module WmfMediaFactory (486)
[2017.10.06-15.36.40:692][582]LogModuleManager: Shutting down and abandoning module WmfMediaEditor (484)
[2017.10.06-15.36.40:692][582]LogModuleManager: Shutting down and abandoning module AvfMediaFactory (482)
[2017.10.06-15.36.40:692][582]LogModuleManager: Shutting down and abandoning module AvfMediaEditor (480)
[2017.10.06-15.36.40:692][582]LogModuleManager: Shutting down and abandoning module AndroidMediaFactory (478)
[2017.10.06-15.36.40:692][582]LogModuleManager: Shutting down and abandoning module Media (477)
[2017.10.06-15.36.40:692][582]LogModuleManager: Shutting down and abandoning module AndroidMediaEditor (474)
[2017.10.06-15.36.40:692][582]LogModuleManager: Shutting down and abandoning module CharacterAI (472)
[2017.10.06-15.36.40:692][582]LogModuleManager: Shutting down and abandoning module AudioCapture (470)
[2017.10.06-15.36.40:692][582]LogModuleManager: Shutting down and abandoning module SequenceRecorder (469)
[2017.10.06-15.36.40:692][582]LogModuleManager: Shutting down and abandoning module SmartSnapping (466)
[2017.10.06-15.36.40:692][582]LogModuleManager: Shutting down and abandoning module SessionServices (464)
[2017.10.06-15.36.40:692][582]LogModuleManager: Shutting down and abandoning module ViewportSnapping (462)
[2017.10.06-15.36.40:692][582]LogModuleManager: Shutting down and abandoning module ViewportInteraction (460)
[2017.10.06-15.36.40:692][582]LogModuleManager: Shutting down and abandoning module ClothPainter (458)
[2017.10.06-15.36.40:693][582]LogModuleManager: Shutting down and abandoning module LogVisualizer (456)
[2017.10.06-15.36.40:694][582]LogModuleManager: Shutting down and abandoning module IntroTutorials (454)
[2017.10.06-15.36.40:695][582]LogModuleManager: Shutting down and abandoning module GameProjectGeneration (453)
[2017.10.06-15.36.40:695][582]LogModuleManager: Shutting down and abandoning module IOSPlatformEditor (450)
[2017.10.06-15.36.40:695][582]LogModuleManager: Shutting down and abandoning module HTML5PlatformEditor (448)
[2017.10.06-15.36.40:695][582]LogModuleManager: Shutting down and abandoning module AndroidPlatformEditor (446)
[2017.10.06-15.36.40:695][582]LogModuleManager: Shutting down and abandoning module AndroidDeviceDetection (445)
[2017.10.06-15.36.41:584][582]LogModuleManager: Shutting down and abandoning module WindowsPlatformEditor (442)
[2017.10.06-15.36.41:584][582]LogModuleManager: Shutting down and abandoning module IOSRuntimeSettings (440)
[2017.10.06-15.36.41:584][582]LogModuleManager: Shutting down and abandoning module AndroidRuntimeSettings (438)
[2017.10.06-15.36.41:585][582]LogModuleManager: Shutting down and abandoning module InputBindingEditor (436)
[2017.10.06-15.36.41:585][582]LogModuleManager: Shutting down and abandoning module MergeActors (434)
[2017.10.06-15.36.41:586][582]LogModuleManager: Shutting down and abandoning module SizeMap (432)
[2017.10.06-15.36.41:586][582]LogModuleManager: Shutting down and abandoning module TreeMap (430)
[2017.10.06-15.36.41:587][582]LogModuleManager: Shutting down and abandoning module ReferenceViewer (428)
[2017.10.06-15.36.41:587][582]LogModuleManager: Shutting down and abandoning module LocalizationDashboard (426)
[2017.10.06-15.36.41:588][582]LogModuleManager: Shutting down and abandoning module LocalizationService (425)
[2017.10.06-15.36.41:588][582]LogModuleManager: Shutting down and abandoning module HardwareTargeting (422)
[2017.10.06-15.36.41:588][582]LogModuleManager: Shutting down and abandoning module DeviceProfileEditor (420)
[2017.10.06-15.36.41:589][582]LogModuleManager: Shutting down and abandoning module UndoHistory (418)
[2017.10.06-15.36.41:589][582]LogModuleManager: Shutting down and abandoning module XmlParser (416)
[2017.10.06-15.36.41:590][582]LogModuleManager: Shutting down and abandoning module Blutility (414)
[2017.10.06-15.36.41:590][582]LogModuleManager: Shutting down and abandoning module ProjectSettingsViewer (412)
[2017.10.06-15.36.41:590][582]LogModuleManager: Shutting down and abandoning module ProjectTargetPlatformEditor (411)
[2017.10.06-15.36.41:590][582]LogModuleManager: Shutting down and abandoning module EditorSettingsViewer (408)
[2017.10.06-15.36.41:590][582]LogModuleManager: Shutting down and abandoning module SettingsEditor (406)
[2017.10.06-15.36.41:591][582]LogModuleManager: Shutting down and abandoning module ProjectLauncher (404)
[2017.10.06-15.36.41:592][582]LogModuleManager: Shutting down and abandoning module SessionFrontend (402)
[2017.10.06-15.36.41:592][582]LogModuleManager: Shutting down and abandoning module ProfilerClient (400)
[2017.10.06-15.36.41:593][582]LogModuleManager: Shutting down and abandoning module DeviceManager (398)
[2017.10.06-15.36.41:593][582]LogModuleManager: Shutting down and abandoning module TargetDeviceServices (397)
[2017.10.06-15.36.41:647][582]LogModuleManager: Shutting down and abandoning module AutomationController (394)
[2017.10.06-15.36.41:648][582]LogModuleManager: Shutting down and abandoning module AutomationWindow (392)
[2017.10.06-15.36.41:649][582]LogModuleManager: Shutting down and abandoning module Layers (390)
[2017.10.06-15.36.41:651][582]LogModuleManager: Shutting down and abandoning module ComponentVisualizers (388)
[2017.10.06-15.36.41:651][582]LogModuleManager: Shutting down and abandoning module DetailCustomizations (386)
[2017.10.06-15.36.41:652][582]LogModuleManager: Shutting down and abandoning module PackagesDialog (384)
[2017.10.06-15.36.41:652][582]LogModuleManager: Shutting down and abandoning module Persona (382)
[2017.10.06-15.36.41:653][582]LogModuleManager: Shutting down and abandoning module AdvancedPreviewScene (381)
[2017.10.06-15.36.41:653][582]LogModuleManager: Shutting down and abandoning module AnimGraph (379)
[2017.10.06-15.36.41:654][582]LogModuleManager: Shutting down and abandoning module Kismet (376)
[2017.10.06-15.36.41:657][582]LogModuleManager: Shutting down and abandoning module ClassViewer (374)
[2017.10.06-15.36.41:657][582]LogModuleManager: Shutting down and abandoning module Toolbox (372)
[2017.10.06-15.36.41:657][582]LogModuleManager: Shutting down and abandoning module ModuleUI (370)
[2017.10.06-15.36.41:657][582]LogModuleManager: Shutting down and abandoning module MovieSceneTools (368)
[2017.10.06-15.36.41:658][582]LogModuleManager: Shutting down and abandoning module OutputLog (366)
[2017.10.06-15.36.41:659][582]LogModuleManager: Shutting down and abandoning module GammaUI (364)
[2017.10.06-15.36.41:659][582]LogModuleManager: Shutting down and abandoning module Documentation (362)
[2017.10.06-15.36.41:659][582]LogModuleManager: Shutting down and abandoning module MovieSceneTracks (360)
[2017.10.06-15.36.41:659][582]LogModuleManager: Shutting down and abandoning module MovieScene (358)
[2017.10.06-15.36.41:659][582]LogModuleManager: Shutting down and abandoning module Niagara (356)
[2017.10.06-15.36.41:659][582]LogModuleManager: Shutting down and abandoning module NiagaraEditor (355)
[2017.10.06-15.36.41:660][582]LogModuleManager: Shutting down and abandoning module StreamingPauseRendering (352)
[2017.10.06-15.36.41:661][582]LogModuleManager: Shutting down and abandoning module LauncherPlatform (350)
[2017.10.06-15.36.41:661][582]LogModuleManager: Shutting down and abandoning module AnalyticsET (348)
[2017.10.06-15.36.41:661][582]LogModuleManager: Shutting down and abandoning module PortalServices (346)
[2017.10.06-15.36.41:661][582]LogModuleManager: Shutting down and abandoning module PortalRpc (344)
[2017.10.06-15.36.41:661][582]LogModuleManager: Shutting down and abandoning module MessagingRpc (342)
[2017.10.06-15.36.41:661][582]LogModuleManager: Shutting down and abandoning module AIModule (340)
[2017.10.06-15.36.41:661][582]LogModuleManager: Shutting down and abandoning module GameplayDebugger (339)
[2017.10.06-15.36.41:661][582]LogModuleManager: Shutting down and abandoning module AITestSuite (337)
[2017.10.06-15.36.41:661][582]LogModuleManager: Shutting down and abandoning module ProfilerService (334)
[2017.10.06-15.36.41:810][582]LogModuleManager: Shutting down and abandoning module TaskGraph (332)
[2017.10.06-15.36.41:812][582]LogModuleManager: Shutting down and abandoning module SteamVRController (330)
[2017.10.06-15.36.41:812][582]LogModuleManager: Shutting down and abandoning module ProceduralMeshComponentEditor (328)
[2017.10.06-15.36.41:812][582]LogModuleManager: Shutting down and abandoning module ProceduralMeshComponent (326)
[2017.10.06-15.36.41:812][582]LogModuleManager: Shutting down and abandoning module OculusInput (324)
[2017.10.06-15.36.41:812][582]LogModuleManager: Shutting down and abandoning module MobilePatchingUtils (322)
[2017.10.06-15.36.41:812][582]LogModuleManager: Shutting down and abandoning module CustomMeshComponent (320)
[2017.10.06-15.36.41:812][582]LogModuleManager: Shutting down and abandoning module CableComponent (318)
[2017.10.06-15.36.41:812][582]LogModuleManager: Shutting down and abandoning module ArchVisCharacter (316)
[2017.10.06-15.36.41:812][582]LogModuleManager: Shutting down and abandoning module AndroidPermission (314)
[2017.10.06-15.36.41:812][582]LogModuleManager: Shutting down and abandoning module MediaPlayerEditor (310)
[2017.10.06-15.36.41:815][582]LogModuleManager: Shutting down and abandoning module HTML5Networking (308)
[2017.10.06-15.36.41:815][582]LogModuleManager: Shutting down and abandoning module AlembicImporter (306)
[2017.10.06-15.36.41:816][582]LogModuleManager: Shutting down and abandoning module AlembicLibrary (305)
[2017.10.06-15.36.41:816][582]LogModuleManager: Shutting down and abandoning module GeometryCache (304)
[2017.10.06-15.36.41:816][582]LogModuleManager: Shutting down and abandoning module GeometryCacheEd (303)
[2017.10.06-15.36.41:816][582]LogModuleManager: Shutting down and abandoning module SpeedTreeImporter (298)
[2017.10.06-15.36.41:816][582]LogModuleManager: Shutting down and abandoning module PluginBrowser (296)
[2017.10.06-15.36.41:818][582]LogModuleManager: Shutting down and abandoning module MobileLauncherProfileWizard (294)
[2017.10.06-15.36.41:819][582]LogModuleManager: Shutting down and abandoning module VisualStudioSourceCodeAccess (292)
[2017.10.06-15.36.41:819][582]LogModuleManager: Shutting down and abandoning module DesktopPlatform (291)
[2017.10.06-15.36.41:819][582]LogModuleManager: Shutting down and abandoning module UObjectPlugin (288)
[2017.10.06-15.36.41:819][582]LogModuleManager: Shutting down and abandoning module SubversionSourceControl (286)
[2017.10.06-15.36.41:820][582]LogModuleManager: Shutting down and abandoning module PerforceSourceControl (284)
[2017.10.06-15.36.41:822][582]LogModuleManager: Shutting down and abandoning module GitSourceControl (282)
[2017.10.06-15.36.41:823][582]LogModuleManager: Shutting down and abandoning module SourceControl (281)
[2017.10.06-15.36.41:823][582]LogModuleManager: Shutting down and abandoning module LightPropagationVolumeEditor (278)
[2017.10.06-15.36.41:823][582]LogModuleManager: Shutting down and abandoning module PaperTiledImporter (276)
[2017.10.06-15.36.41:823][582]LogModuleManager: Shutting down and abandoning module PaperSpriteSheetImporter (274)
[2017.10.06-15.36.41:823][582]LogModuleManager: Shutting down and abandoning module Paper2DEditor (272)
[2017.10.06-15.36.41:823][582]LogModuleManager: Shutting down and abandoning module MeshPaint (271)
[2017.10.06-15.36.41:824][582]LogModuleManager: Shutting down and abandoning module LevelEditor (269)
[2017.10.06-15.36.41:826][582]LogModuleManager: Shutting down and abandoning module PixelInspectorModule (268)
[2017.10.06-15.36.41:827][582]LogModuleManager: Shutting down and abandoning module MainFrame (266)
[2017.10.06-15.36.41:827][582]LogModuleManager: Shutting down and abandoning module HotReload (265)
[2017.10.06-15.36.41:829][582]LogModuleManager: Shutting down and abandoning module RuntimePhysXCooking (260)
[2017.10.06-15.36.41:829][582]LogModuleManager: Shutting down and abandoning module PhysXVehiclesEditor (258)
[2017.10.06-15.36.41:829][582]LogModuleManager: Shutting down and abandoning module PhysXVehicles (256)
[2017.10.06-15.36.41:829][582]LogModuleManager: Shutting down and abandoning module OculusEditor (254)
[2017.10.06-15.36.41:829][582]LogModuleManager: Shutting down and abandoning module LocationServicesBPLibrary (252)
[2017.10.06-15.36.41:829][582]LogModuleManager: Shutting down and abandoning module ImmediatePhysicsEditor (250)
[2017.10.06-15.36.41:829][582]LogModuleManager: Shutting down and abandoning module ImmediatePhysics (248)
[2017.10.06-15.36.41:830][582]LogModuleManager: Shutting down and abandoning module UdpMessaging (246)
[2017.10.06-15.36.41:930][582]LogModuleManager: Shutting down and abandoning module TcpMessaging (244)
[2017.10.06-15.36.42:031][582]LogModuleManager: Shutting down and abandoning module GameplayTagsEditor (242)
[2017.10.06-15.36.42:032][582]LogModuleManager: Shutting down and abandoning module FacialAnimationEditor (240)
[2017.10.06-15.36.42:033][582]LogModuleManager: Shutting down and abandoning module FacialAnimation (238)
[2017.10.06-15.36.42:033][582]LogModuleManager: Shutting down and abandoning module AssetManagerEditor (236)
[2017.10.06-15.36.42:034][582]LogModuleManager: Shutting down and abandoning module GraphEditor (235)
[2017.10.06-15.36.42:036][582]LogModuleManager: Shutting down and abandoning module ContentBrowser (233)
[2017.10.06-15.36.42:039][582]LogModuleManager: Shutting down and abandoning module LightPropagationVolumeRuntime (230)
[2017.10.06-15.36.42:039][582]LogModuleManager: Shutting down and abandoning module Paper2D (228)
[2017.10.06-15.36.42:039][582]LogModuleManager: Shutting down and abandoning module WindowsMoviePlayer (226)
[2017.10.06-15.36.42:039][582]LogModuleManager: Shutting down and abandoning module WmfMedia (224)
[2017.10.06-15.36.42:040][582]LogModuleManager: Shutting down and abandoning module PacketHandler (222)
[2017.10.06-15.36.42:040][582]LogModuleManager: Shutting down and abandoning module ClothingSystemEditor (220)
[2017.10.06-15.36.42:040][582]LogModuleManager: Shutting down and abandoning module ClothingSystemRuntime (218)
[2017.10.06-15.36.42:042][582]LogModuleManager: Shutting down and abandoning module Overlay (216)
[2017.10.06-15.36.42:042][582]LogModuleManager: Shutting down and abandoning module OverlayEditor (215)
[2017.10.06-15.36.42:042][582]LogModuleManager: Shutting down and abandoning module MediaAssets (212)
[2017.10.06-15.36.42:042][582]LogModuleManager: Shutting down and abandoning module VREditor (210)
[2017.10.06-15.36.42:043][582]LogModuleManager: Shutting down and abandoning module StringTableEditor (208)
[2017.10.06-15.36.42:044][582]LogModuleManager: Shutting down and abandoning module GameplayTasksEditor (206)
[2017.10.06-15.36.42:044][582]LogModuleManager: Shutting down and abandoning module BehaviorTreeEditor (204)
[2017.10.06-15.36.42:045][582]LogModuleManager: Shutting down and abandoning module FunctionalTesting (202)
[2017.10.06-15.36.42:045][582]LogModuleManager: Shutting down and abandoning module CollisionAnalyzer (200)
[2017.10.06-15.36.42:046][582]LogModuleManager: Shutting down and abandoning module WorkspaceMenuStructure (199)
[2017.10.06-15.36.42:046][582]LogModuleManager: Shutting down and abandoning module UMG (196)
[2017.10.06-15.36.42:047][582]LogModuleManager: Shutting down and abandoning module UMGEditor (195)
[2017.10.06-15.36.42:048][582]LogModuleManager: Shutting down and abandoning module Sequencer (194)
[2017.10.06-15.36.42:049][582]LogModuleManager: Shutting down and abandoning module MessageLog (191)
[2017.10.06-15.36.42:049][582]LogModuleManager: Shutting down and abandoning module SlateReflector (186)
[2017.10.06-15.36.42:051][582]LogModuleManager: Shutting down and abandoning module Slate (184)
[2017.10.06-15.36.42:051][582]LogModuleManager: Shutting down and abandoning module EditorStyle (182)
[2017.10.06-15.36.42:061][582]LogModuleManager: Shutting down and abandoning module MRMesh (180)
[2017.10.06-15.36.42:061][582]LogModuleManager: Shutting down and abandoning module SourceCodeAccess (178)
[2017.10.06-15.36.42:061][582]LogModuleManager: Shutting down and abandoning module HeadMountedDisplay (176)
[2017.10.06-15.36.42:061][582]LogModuleManager: Shutting down and abandoning module XAudio2 (174)
[2017.10.06-15.36.42:061][582]LogModuleManager: Shutting down and abandoning module Networking (172)
[2017.10.06-15.36.42:061][582]LogModuleManager: Shutting down and abandoning module Core (168)
[2017.10.06-15.36.42:061][582]LogModuleManager: Shutting down and abandoning module KismetCompiler (164)
[2017.10.06-15.36.42:061][582]LogModuleManager: Shutting down and abandoning module LevelSequence (162)
[2017.10.06-15.36.42:061][582]LogModuleManager: Shutting down and abandoning module MeshUtilities (160)
[2017.10.06-15.36.42:062][582]LogModuleManager: Shutting down and abandoning module MeshMergeUtilities (159)
[2017.10.06-15.36.42:063][582]LogModuleManager: Shutting down and abandoning module MeshReductionInterface (158)
[2017.10.06-15.36.42:063][582]LogModuleManager: Shutting down and abandoning module SimplygonSwarm (157)
[2017.10.06-15.36.42:064][582]LogModuleManager: Shutting down and abandoning module SimplygonMeshReduction (155)
[2017.10.06-15.36.42:064][582]LogModuleManager: Shutting down and abandoning module QuadricMeshReduction (153)
[2017.10.06-15.36.42:065][582]LogModuleManager: Shutting down and abandoning module MaterialBaking (149)
[2017.10.06-15.36.42:065][582]LogModuleManager: Shutting down and abandoning module DirectoryWatcher (146)
[2017.10.06-15.36.42:067][582]LogModuleManager: Shutting down and abandoning module DerivedDataCache (144)
[2017.10.06-15.36.42:110][582]LogDerivedDataCache: Shutdown
[2017.10.06-15.36.42:111][582]LogModuleManager: Shutting down and abandoning module TargetPlatform (142)
[2017.10.06-15.36.42:111][582]LogModuleManager: Shutting down and abandoning module VulkanShaderFormat (141)
[2017.10.06-15.36.42:112][582]LogModuleManager: Shutting down and abandoning module ShaderFormatVectorVM (139)
[2017.10.06-15.36.42:112][582]LogModuleManager: Shutting down and abandoning module ShaderFormatOpenGL (137)
[2017.10.06-15.36.42:113][582]LogModuleManager: Shutting down and abandoning module ShaderFormatD3D (135)
[2017.10.06-15.36.42:113][582]LogModuleManager: Shutting down and abandoning module MetalShaderFormat (133)
[2017.10.06-15.36.42:114][582]LogModuleManager: Shutting down and abandoning module TextureFormatUncompressed (131)
[2017.10.06-15.36.42:114][582]LogModuleManager: Shutting down and abandoning module TextureFormatPVR (129)
[2017.10.06-15.36.42:114][582]LogModuleManager: Shutting down and abandoning module TextureFormatDXT (127)
[2017.10.06-15.36.42:114][582]LogModuleManager: Shutting down and abandoning module TextureFormatIntelISPCTexComp (125)
[2017.10.06-15.36.42:115][582]LogModuleManager: Shutting down and abandoning module TextureFormatASTC (123)
[2017.10.06-15.36.42:115][582]LogModuleManager: Shutting down and abandoning module ImageWrapper (122)
[2017.10.06-15.36.42:115][582]LogModuleManager: Shutting down and abandoning module TextureFormatAndroid (119)
[2017.10.06-15.36.42:115][582]LogModuleManager: Shutting down and abandoning module AudioFormatOpus (117)
[2017.10.06-15.36.42:115][582]LogModuleManager: Shutting down and abandoning module AudioFormatOgg (115)
[2017.10.06-15.36.42:115][582]LogModuleManager: Shutting down and abandoning module AudioFormatADPCM (113)
[2017.10.06-15.36.42:115][582]LogModuleManager: Shutting down and abandoning module LinuxTargetPlatform (111)
[2017.10.06-15.36.42:115][582]LogModuleManager: Shutting down and abandoning module LinuxServerTargetPlatform (109)
[2017.10.06-15.36.42:115][582]LogModuleManager: Shutting down and abandoning module LinuxNoEditorTargetPlatform (107)
[2017.10.06-15.36.42:115][582]LogModuleManager: Shutting down and abandoning module LinuxClientTargetPlatform (105)
[2017.10.06-15.36.42:116][582]LogModuleManager: Shutting down and abandoning module TVOSTargetPlatform (103)
[2017.10.06-15.36.42:116][582]LogModuleManager: Shutting down and abandoning module Messaging (101)
[2017.10.06-15.36.42:116][582]LogModuleManager: Shutting down and abandoning module IOSTargetPlatform (99)
[2017.10.06-15.36.42:116][582]LogModuleManager: Shutting down and abandoning module HTML5TargetPlatform (97)
[2017.10.06-15.36.42:116][582]LogModuleManager: Shutting down and abandoning module Android_PVRTCTargetPlatform (95)
[2017.10.06-15.36.42:116][582]LogModuleManager: Shutting down and abandoning module Android_MultiTargetPlatform (93)
[2017.10.06-15.36.42:116][582]LogModuleManager: Shutting down and abandoning module Android_ETC2TargetPlatform (91)
[2017.10.06-15.36.42:116][582]LogModuleManager: Shutting down and abandoning module Android_ETC1TargetPlatform (89)
[2017.10.06-15.36.42:116][582]LogModuleManager: Shutting down and abandoning module Android_DXTTargetPlatform (87)
[2017.10.06-15.36.42:116][582]LogModuleManager: Shutting down and abandoning module Android_ATCTargetPlatform (85)
[2017.10.06-15.36.42:116][582]LogModuleManager: Shutting down and abandoning module Android_ASTCTargetPlatform (83)
[2017.10.06-15.36.42:116][582]LogModuleManager: Shutting down and abandoning module AndroidTargetPlatform (81)
[2017.10.06-15.36.42:116][582]LogModuleManager: Shutting down and abandoning module WindowsTargetPlatform (79)
[2017.10.06-15.36.42:116][582]LogModuleManager: Shutting down and abandoning module WindowsServerTargetPlatform (77)
[2017.10.06-15.36.42:116][582]LogModuleManager: Shutting down and abandoning module WindowsNoEditorTargetPlatform (75)
[2017.10.06-15.36.42:117][582]LogModuleManager: Shutting down and abandoning module WindowsClientTargetPlatform (73)
[2017.10.06-15.36.42:117][582]LogModuleManager: Shutting down and abandoning module MacTargetPlatform (71)
[2017.10.06-15.36.42:117][582]LogModuleManager: Shutting down and abandoning module MacServerTargetPlatform (69)
[2017.10.06-15.36.42:117][582]LogModuleManager: Shutting down and abandoning module MacNoEditorTargetPlatform (67)
[2017.10.06-15.36.42:117][582]LogModuleManager: Shutting down and abandoning module MacClientTargetPlatform (65)
[2017.10.06-15.36.42:117][582]LogModuleManager: Shutting down and abandoning module AllDesktopTargetPlatform (63)
[2017.10.06-15.36.42:117][582]LogModuleManager: Shutting down and abandoning module InputCore (60)
[2017.10.06-15.36.42:117][582]LogModuleManager: Shutting down and abandoning module Settings (58)
[2017.10.06-15.36.42:117][582]LogModuleManager: Shutting down and abandoning module PhysXCooking (56)
[2017.10.06-15.36.42:117][582]LogModuleManager: Shutting down and abandoning module SteamVR (54)
[2017.10.06-15.36.42:118][582]LogModuleManager: Shutting down and abandoning module OculusHMD (52)
[2017.10.06-15.36.42:118][582]LogModuleManager: Shutting down and abandoning module ExampleDeviceProfileSelector (50)
[2017.10.06-15.36.42:118][582]LogModuleManager: Shutting down and abandoning module OnlineBlueprintSupport (48)
[2017.10.06-15.36.42:118][582]LogModuleManager: Shutting down and abandoning module OnlineSubsystem (44)
[2017.10.06-15.36.42:118][582]LogOnline: Display: Unloading online subsystem: NULL
[2017.10.06-15.36.42:120][582]LogModuleManager: Shutting down and abandoning module XMPP (43)
[2017.10.06-15.36.42:121][582]LogModuleManager: Shutting down and abandoning module HTTP (41)
[2017.10.06-15.36.42:121][582]LogHttp: Display: Http module shutting down, but needs to wait on 1 outstanding Http requests:
[2017.10.06-15.36.42:121][582]LogHttp: Display: 	verb=[POST] url=[https://datarouter.ol.epicgames.com/datarouter/api/v1/public/data?SessionID=%7BB997358E-4F82-3AC7-259D-77BF5BF31180%7D&AppID=UEEditor.Rocket.Release&AppVersion=4.17.1-3586342%2B%2B%2BUE4%2BRelease-4.17&UserID=5160131d4fbbf6d62e4719b8716de666%7C3ef35b30eb8d444d8e26d7fb1794d4bf%7Cb9c6b803-d102-46e7-b321-ae8f3428388b&AppEnvironment=datacollector-binary&UploadType=eteventstream] status=Processing
[2017.10.06-15.36.42:141][582]LogModuleManager: Shutting down and abandoning module SSL (40)
[2017.10.06-15.36.42:146][582]LogModuleManager: Shutting down and abandoning module AnimationModifiers (36)
[2017.10.06-15.36.42:147][582]LogModuleManager: Shutting down and abandoning module PropertyEditor (35)
[2017.10.06-15.36.42:147][582]LogModuleManager: Shutting down and abandoning module AudioEditor (32)
[2017.10.06-15.36.42:149][582]LogModuleManager: Shutting down and abandoning module TextureCompressor (30)
[2017.10.06-15.36.42:149][582]LogModuleManager: Shutting down and abandoning module ShaderCore (28)
[2017.10.06-15.36.42:149][582]LogModuleManager: Shutting down and abandoning module Landscape (26)
[2017.10.06-15.36.42:149][582]LogModuleManager: Shutting down and abandoning module SlateRHIRenderer (24)
[2017.10.06-15.36.42:153][582]LogModuleManager: Shutting down and abandoning module OpenGLDrv (22)
[2017.10.06-15.36.42:153][582]LogModuleManager: Shutting down and abandoning module D3D11RHI (20)
[2017.10.06-15.36.42:154][582]LogModuleManager: Shutting down and abandoning module AnimGraphRuntime (18)
[2017.10.06-15.36.42:154][582]LogModuleManager: Shutting down and abandoning module Renderer (16)
[2017.10.06-15.36.42:154][582]LogModuleManager: Shutting down and abandoning module Engine (14)
[2017.10.06-15.36.42:154][582]LogModuleManager: Shutting down and abandoning module CoreUObject (12)
[2017.10.06-15.36.42:154][582]LogModuleManager: Shutting down and abandoning module NetworkFile (10)
[2017.10.06-15.36.42:155][582]LogModuleManager: Shutting down and abandoning module CookedIterativeFile (8)
[2017.10.06-15.36.42:155][582]LogModuleManager: Shutting down and abandoning module StreamingFile (6)
[2017.10.06-15.36.42:155][582]LogModuleManager: Shutting down and abandoning module SandboxFile (4)
[2017.10.06-15.36.42:156][582]LogModuleManager: Shutting down and abandoning module PakFile (2)
[2017.10.06-15.36.42:164][582]LogExit: Exiting.
[2017.10.06-15.36.42:234][582]Log file closed, 10/06/17 09:36:42
