Log file open, 09/01/17 20:42:03
LogWindows: LoadLibraryWithSearchPaths failed for file aqProf.dll. GetLastError=0
LogWindows: LoadLibraryWithSearchPaths failed for file VSPerf140.dll. GetLastError=0
LogWindows: LoadLibraryWithSearchPaths failed for file VtuneApi.dll. GetLastError=0
LogWindows: LoadLibraryWithSearchPaths failed for file VtuneApi32e.dll. GetLastError=0
LogInit: Display: Running engine for game: InsertNameAdventure
LogPlatformFile: Not using cached read wrapper
LogInit: Display: RandInit(484311988) SRandInit(484311988).
LogTaskGraph: Started task graph with 5 named threads and 14 total threads with 3 sets of task threads.
LogStats: Stats thread started at 0.155425
LogD3D11RHI: Aftermath initialized
LogPluginManager: Mounting plugin Paper2D
LogPluginManager: Mounting plugin LightPropagationVolume
LogPluginManager: Mounting plugin CodeLiteSourceCodeAccess
LogPluginManager: Mounting plugin GitSourceControl
LogPluginManager: Mounting plugin KDevelopSourceCodeAccess
LogPluginManager: Mounting plugin NullSourceCodeAccess
LogPluginManager: Mounting plugin PerforceSourceControl
LogPluginManager: Mounting plugin SubversionSourceControl
LogPluginManager: Mounting plugin UObjectPlugin
LogPluginManager: Mounting plugin VisualStudioSourceCodeAccess
LogPluginManager: Mounting plugin XCodeSourceCodeAccess
LogPluginManager: Mounting plugin AssetManagerEditor
LogPluginManager: Mounting plugin AudioCapture
LogPluginManager: Mounting plugin FacialAnimation
LogPluginManager: Mounting plugin GameplayTagsEditor
LogPluginManager: Mounting plugin MobileLauncherProfileWizard
LogPluginManager: Mounting plugin PluginBrowser
LogPluginManager: Mounting plugin SpeedTreeImporter
LogPluginManager: Mounting plugin AlembicImporter
LogPluginManager: Mounting plugin CharacterAI
LogPluginManager: Mounting plugin HTML5Networking
LogPluginManager: Mounting plugin AndroidMedia
LogPluginManager: Mounting plugin AvfMedia
LogPluginManager: Mounting plugin MediaPlayerEditor
LogPluginManager: Mounting plugin WmfMedia
LogPluginManager: Mounting plugin TcpMessaging
LogPluginManager: Mounting plugin UdpMessaging
LogPluginManager: Mounting plugin LevelSequenceEditor
LogPluginManager: Mounting plugin MatineeToLevelSequence
LogPluginManager: Mounting plugin OnlineSubsystemGooglePlay
LogPluginManager: Mounting plugin OnlineSubsystemIOS
LogPluginManager: Mounting plugin OnlineSubsystem
LogPluginManager: Mounting plugin OnlineSubsystemNull
LogPluginManager: Mounting plugin OnlineSubsystemUtils
LogPluginManager: Mounting plugin AndroidDeviceProfileSelector
LogPluginManager: Mounting plugin AndroidMoviePlayer
LogPluginManager: Mounting plugin AndroidPermission
LogPluginManager: Mounting plugin AppleMoviePlayer
LogPluginManager: Mounting plugin ArchVisCharacter
LogPluginManager: Mounting plugin CableComponent
LogPluginManager: Mounting plugin CustomMeshComponent
LogPluginManager: Mounting plugin ExampleDeviceProfileSelector
LogPluginManager: Mounting plugin GoogleCloudMessaging
LogPluginManager: Mounting plugin ImmediatePhysics
LogPluginManager: Mounting plugin IOSDeviceProfileSelector
LogPluginManager: Mounting plugin LinuxDeviceProfileSelector
LogPluginManager: Mounting plugin LocationServicesBPLibrary
LogPluginManager: Mounting plugin MobilePatchingUtils
LogPluginManager: Mounting plugin OculusVR
LogPluginManager: Mounting plugin PhysXVehicles
LogPluginManager: Mounting plugin ProceduralMeshComponent
LogPluginManager: Mounting plugin RuntimePhysXCooking
LogPluginManager: Mounting plugin SteamVR
LogPluginManager: Mounting plugin WindowsMoviePlayer
LogInit: Using libcurl 7.47.1
LogInit:  - built for x86_64-pc-win32
LogInit:  - supports SSL with OpenSSL/1.0.2g
LogInit:  - supports HTTP deflate (compression) using libz 1.2.8
LogInit:  - other features:
LogInit:      CURL_VERSION_SSL
LogInit:      CURL_VERSION_LIBZ
LogInit:      CURL_VERSION_IPV6
LogInit:      CURL_VERSION_ASYNCHDNS
LogInit:      CURL_VERSION_LARGEFILE
LogInit:      CURL_VERSION_IDN
LogInit:  CurlRequestOptions (configurable via config and command line):
LogInit:  - bVerifyPeer = false  - Libcurl will NOT verify peer certificate
LogInit:  - bUseHttpProxy = false  - Libcurl will NOT use HTTP proxy
LogInit:  - bDontReuseConnections = false  - Libcurl will reuse connections
LogInit:  - CertBundlePath = nullptr  - Libcurl will use whatever was configured at build time.
LogInit: Build: ++UE4+Release-4.17-CL-3586342
LogInit: Engine Version: 4.17.1-3586342+++UE4+Release-4.17
LogInit: Compatible Engine Version: 4.17.0-3573198+++UE4+Release-4.17
LogInit: Net CL: 3573198
LogDevObjectVersion: Number of dev versions registered: 16
LogDevObjectVersion:   Dev-Blueprints (B0D832E4-1F89-4F0D-ACCF-7EB736FD4AA2): 10
LogDevObjectVersion:   Dev-Build (E1C64328-A22C-4D53-A36C-8E866417BD8C): 0
LogDevObjectVersion:   Dev-Core (375EC13C-06E4-48FB-B500-84F0262A717E): 2
LogDevObjectVersion:   Dev-Editor (E4B068ED-F494-42E9-A231-DA0B2E46BB41): 20
LogDevObjectVersion:   Dev-Framework (CFFC743F-43B0-4480-9391-14DF171D2073): 28
LogDevObjectVersion:   Dev-Mobile (B02B49B5-BB20-44E9-A304-32B752E40360): 0
LogDevObjectVersion:   Dev-Networking (A4E4105C-59A1-49B5-A7C5-40C4547EDFEE): 0
LogDevObjectVersion:   Dev-Online (39C831C9-5AE6-47DC-9A44-9C173E1C8E7C): 0
LogDevObjectVersion:   Dev-Physics (78F01B33-EBEA-4F98-B9B4-84EACCB95AA2): 0
LogDevObjectVersion:   Dev-Platform (6631380F-2D4D-43E0-8009-CF276956A95A): 0
LogDevObjectVersion:   Dev-Rendering (12F88B9F-8875-4AFC-A67C-D90C383ABD29): 19
LogDevObjectVersion:   Dev-Sequencer (7B5AE74C-D270-4C10-A958-57980B212A5A): 4
LogDevObjectVersion:   Dev-VR (D7296918-1DD6-4BDD-9DE2-64A83CC13884): 0
LogDevObjectVersion:   Dev-LoadTimes (C2A15278-BFE7-4AFE-6C17-90FF531DF755): 1
LogDevObjectVersion:   Private-Geometry (6EACA3D4-40EC-4CC1-B786-8BED09428FC5): 1
LogDevObjectVersion:   Dev-AnimPhys (29E575DD-E0A3-4627-9D10-D276232CDCEA): 7
LogInit: Compiled (64-bit): Aug 15 2017 02:05:26
LogInit: Compiled with Visual C++: 19.00.24215.01
LogInit: Build Configuration: Development
LogInit: Branch Name: ++UE4+Release-4.17
LogInit: Command line:  
LogInit: Base directory: C:/Program Files/Epic Games/UE_4.17/Engine/Binaries/Win64/
LogInit: Installed Engine Build: 1
LogInit: Presizing for max 8388607 objects, including 0 objects not considered by GC, pre-allocating 0 bytes for permanent pool.
LogInit: Object subsystem initialized
[2017.09.02-02.42.04:140][  0]LogInit: Selected Device Profile: [Windows]
[2017.09.02-02.42.04:140][  0]LogInit: Applying CVar settings loaded from the selected device profile: [Windows]
[2017.09.02-02.42.04:198][  0]LogInit: Computer: DESKTOP-OMJHMSB
[2017.09.02-02.42.04:198][  0]LogInit: User: rajjj
[2017.09.02-02.42.04:198][  0]LogInit: CPU Page size=4096, Cores=4
[2017.09.02-02.42.04:198][  0]LogInit: High frequency timer resolution =3.328129 MHz
[2017.09.02-02.42.04:198][  0]LogMemory: Memory total: Physical=15.9GB (16GB approx)
[2017.09.02-02.42.04:198][  0]LogMemory: Platform Memory Stats for Windows
[2017.09.02-02.42.04:198][  0]LogMemory: Process Physical Memory: 278.61 MB used, 278.61 MB peak
[2017.09.02-02.42.04:199][  0]LogMemory: Process Virtual Memory: 273.91 MB used, 273.91 MB peak
[2017.09.02-02.42.04:199][  0]LogMemory: Physical Memory: 5433.70 MB used,  10888.04 MB free, 16321.74 MB total
[2017.09.02-02.42.04:199][  0]LogMemory: Virtual Memory: 667.91 MB used,  10888.04 MB free, 134217728.00 MB total
[2017.09.02-02.42.04:522][  0]LogInit: Using OS detected language (en-US).
[2017.09.02-02.42.04:522][  0]LogInit: Using OS detected locale (en-US).
[2017.09.02-02.42.04:563][  0]LogTextLocalizationManager: No specific localization for 'en-US' exists, so the 'en' localization will be used.
[2017.09.02-02.42.06:781][  0]LogD3D11RHI: D3D11 adapters:
[2017.09.02-02.42.07:764][  0]LogD3D11RHI:    0. 'NVIDIA GeForce GTX 1070' (Feature Level 11_0)
[2017.09.02-02.42.07:764][  0]LogD3D11RHI:       8085/0/8160 MB DedicatedVideo/DedicatedSystem/SharedSystem, Outputs:2, VendorId:0x10de
[2017.09.02-02.42.07:765][  0]LogD3D11RHI:    1. 'Microsoft Basic Render Driver' (Feature Level 11_0)
[2017.09.02-02.42.07:765][  0]LogD3D11RHI:       0/0/8160 MB DedicatedVideo/DedicatedSystem/SharedSystem, Outputs:0, VendorId:0x1414
[2017.09.02-02.42.07:765][  0]LogD3D11RHI: Chosen D3D11 Adapter: 0
[2017.09.02-02.42.07:772][  0]LogD3D11RHI: Creating new Direct3DDevice
[2017.09.02-02.42.07:772][  0]LogD3D11RHI:     GPU DeviceId: 0x1b81 (for the marketing name, search the web for "GPU Device Id")
[2017.09.02-02.42.07:772][  0]LogWindows: EnumDisplayDevices:
[2017.09.02-02.42.07:772][  0]LogWindows:    0. 'NVIDIA GeForce GTX 1070' (P:0 D:1)
[2017.09.02-02.42.07:772][  0]LogWindows:    1. 'NVIDIA GeForce GTX 1070' (P:1 D:1)
[2017.09.02-02.42.07:772][  0]LogWindows:    2. 'NVIDIA GeForce GTX 1070' (P:0 D:0)
[2017.09.02-02.42.07:772][  0]LogWindows:    3. 'NVIDIA GeForce GTX 1070' (P:0 D:0)
[2017.09.02-02.42.07:772][  0]LogWindows: DebugString: FoundDriverCount:4 
[2017.09.02-02.42.07:772][  0]LogD3D11RHI:     Adapter Name: NVIDIA GeForce GTX 1070
[2017.09.02-02.42.07:772][  0]LogD3D11RHI:   Driver Version: 385.28 (internal:22.21.13.8528, unified:385.28)
[2017.09.02-02.42.07:772][  0]LogD3D11RHI:      Driver Date: 8-9-2017
[2017.09.02-02.42.07:772][  0]LogRHI: Texture pool is 1361 MB (70% of 1945 MB)
[2017.09.02-02.42.08:263][  0]LogD3D11RHI: Async texture creation enabled
[2017.09.02-02.42.08:305][  0]LogD3D11RHI: GPU Timing Frequency: 1000.000000 (Debug: 2 1)
[2017.09.02-02.42.08:357][  0]LogShaderCompilers: Guid format shader working directory is -35 characters bigger than the processId version (../../../../../../Users/rajjj/OneDrive/Documents/GitHub/DatBoiEntertainmetnGame_/Intermediate/Shaders/WorkingDirectory/24648/).
[2017.09.02-02.42.08:358][  0]LogShaderCompilers: Cleaned the shader compiler working directory 'C:/Users/rajjj/AppData/Local/Temp/UnrealShaderWorkingDir/92CC37BF438C19D5B49B279231E2DAE7/'.
[2017.09.02-02.42.08:358][  0]LogShaderCompilers: Display: Using Local Shader Compiler.
[2017.09.02-02.42.09:891][  0]LogTemp: Display: Loaded TP AllDesktopTargetPlatform
[2017.09.02-02.42.09:931][  0]LogTemp: Display: Loaded TP MacClientTargetPlatform
[2017.09.02-02.42.09:972][  0]LogTemp: Display: Loaded TP MacNoEditorTargetPlatform
[2017.09.02-02.42.10:012][  0]LogTemp: Display: Loaded TP MacServerTargetPlatform
[2017.09.02-02.42.10:055][  0]LogTemp: Display: Loaded TP MacTargetPlatform
[2017.09.02-02.42.10:096][  0]LogTemp: Display: Loaded TP WindowsClientTargetPlatform
[2017.09.02-02.42.10:136][  0]LogTemp: Display: Loaded TP WindowsNoEditorTargetPlatform
[2017.09.02-02.42.10:176][  0]LogTemp: Display: Loaded TP WindowsServerTargetPlatform
[2017.09.02-02.42.10:211][  0]LogTemp: Display: Loaded TP WindowsTargetPlatform
[2017.09.02-02.42.10:253][  0]LogTemp: Display: Loaded TP AndroidTargetPlatform
[2017.09.02-02.42.10:292][  0]LogTemp: Display: Loaded TP Android_ASTCTargetPlatform
[2017.09.02-02.42.10:331][  0]LogTemp: Display: Loaded TP Android_ATCTargetPlatform
[2017.09.02-02.42.10:371][  0]LogTemp: Display: Loaded TP Android_DXTTargetPlatform
[2017.09.02-02.42.10:411][  0]LogTemp: Display: Loaded TP Android_ETC1TargetPlatform
[2017.09.02-02.42.10:451][  0]LogTemp: Display: Loaded TP Android_ETC2TargetPlatform
[2017.09.02-02.42.10:528][  0]LogTemp: Display: Loaded TP Android_MultiTargetPlatform
[2017.09.02-02.42.10:529][  0]LogTemp: Display: Loaded TP Android_PVRTCTargetPlatform
[2017.09.02-02.42.10:558][  0]LogTemp: Display: Loaded TP HTML5TargetPlatform
[2017.09.02-02.42.10:639][  0]LogTemp: Display: Loaded TP IOSTargetPlatform
[2017.09.02-02.42.10:663][  0]LogTemp: Display: Loaded TP TVOSTargetPlatform
[2017.09.02-02.42.10:702][  0]LogTemp: Display: Loaded TP LinuxClientTargetPlatform
[2017.09.02-02.42.10:741][  0]LogTemp: Display: Loaded TP LinuxNoEditorTargetPlatform
[2017.09.02-02.42.10:781][  0]LogTemp: Display: Loaded TP LinuxServerTargetPlatform
[2017.09.02-02.42.10:823][  0]LogTemp: Display: Loaded TP LinuxTargetPlatform
[2017.09.02-02.42.10:823][  0]LogTargetPlatformManager: Display: Building Assets For Windows
[2017.09.02-02.42.11:236][  0]LogDerivedDataCache: Display: Max Cache Size: 512 MB
[2017.09.02-02.42.11:329][  0]LogDerivedDataCache: Loaded boot cache 0.09s 93MB C:/Users/rajjj/AppData/Local/UnrealEngine/4.17/DerivedDataCache/Boot.ddc.
[2017.09.02-02.42.11:329][  0]LogDerivedDataCache: Display: Loaded Boot cache: C:/Users/rajjj/AppData/Local/UnrealEngine/4.17/DerivedDataCache/Boot.ddc
[2017.09.02-02.42.11:329][  0]LogDerivedDataCache: FDerivedDataBackendGraph:  Pak pak cache file ../../../../../../Users/rajjj/OneDrive/Documents/GitHub/DatBoiEntertainmetnGame_/DerivedDataCache/DDC.ddp not found, will not use a pak cache.
[2017.09.02-02.42.11:329][  0]LogDerivedDataCache: Unable to find inner node Pak for hierarchical cache Hierarchy.
[2017.09.02-02.42.11:329][  0]LogDerivedDataCache: FDerivedDataBackendGraph:  CompressedPak pak cache file ../../../../../../Users/rajjj/OneDrive/Documents/GitHub/DatBoiEntertainmetnGame_/DerivedDataCache/Compressed.ddp not found, will not use a pak cache.
[2017.09.02-02.42.11:329][  0]LogDerivedDataCache: Unable to find inner node CompressedPak for hierarchical cache Hierarchy.
[2017.09.02-02.42.11:345][  0]LogDerivedDataCache: Display: Pak cache opened for reading ../../../Engine/DerivedDataCache/Compressed.ddp.
[2017.09.02-02.42.11:357][  0]LogDerivedDataCache: Using Local data cache path C:/Users/rajjj/AppData/Local/UnrealEngine/Common/DerivedDataCache: Writable
[2017.09.02-02.42.11:365][  0]LogMaterial: Verifying Global Shaders for PCD3D_SM5
[2017.09.02-02.42.11:365][  0]LogSlate: Using Freetype 2.6.0
[2017.09.02-02.42.11:376][  0]LogSlate: SlateFontCache - WITH_FREETYPE: 1, WITH_HARFBUZZ: 1
[2017.09.02-02.42.11:376][  0]LogSlate: SlateFontCache - WITH_FREETYPE: 1, WITH_HARFBUZZ: 1
[2017.09.02-02.42.11:696][  0]LogAssetRegistry: FAssetRegistry took 0.0248 seconds to start up
[2017.09.02-02.42.11:803][  0]LogInit: Selected Device Profile: [Windows]
[2017.09.02-02.42.12:064][  0]LogContentStreaming: Texture pool size is 0.00 MB
[2017.09.02-02.42.12:334][  0]LogSimplygon: Simplygon DLL not present - disabling.
[2017.09.02-02.42.12:367][  0]LogMeshReduction: Using SimplygonSwarm for distributed automatic mesh merging
[2017.09.02-02.42.12:367][  0]LogMeshReduction: Using QuadricMeshReduction for automatic static mesh reduction
[2017.09.02-02.42.12:367][  0]LogMeshReduction: No automatic skeletal mesh reduction module available
[2017.09.02-02.42.12:367][  0]LogMeshReduction: No automatic mesh merging module available
[2017.09.02-02.42.12:367][  0]LogMeshMerging: No automatic mesh merging module available
[2017.09.02-02.42.12:863][  0]LogNetVersion: InsertNameAdventure , NetCL: 3573198, EngineNetVer: 2, GameNetVer: 0 (Checksum: 3080426378)
[2017.09.02-02.42.13:214][  0]LogPackageLocalizationCache: Processed 5 localized package path(s) for 2 prioritized culture(s) in 0.049197 seconds
[2017.09.02-02.42.13:219][  0]LogUObjectArray: 35825 objects as part of root set at end of initial load.
[2017.09.02-02.42.13:219][  0]LogUObjectAllocator: 7529112 out of 0 bytes used by permanent object pool.
[2017.09.02-02.42.13:219][  0]LogUObjectArray: CloseDisregardForGC: 0/0 objects in disregard for GC pool
[2017.09.02-02.42.13:270][  0]LogInit: WinSock: version 1.1 (2.2), MaxSocks=32767, MaxUdp=65467
[2017.09.02-02.42.16:651][  0]LogTcpMessaging: Initializing TcpMessaging bridge
[2017.09.02-02.42.16:682][  0]LogUdpMessaging: Initializing bridge on interface 0.0.0.0:0 to multicast group 230.0.0.1:6666.
[2017.09.02-02.42.17:274][  0]LogMaterial: Uniform references updated for custom material expression Custom.
[2017.09.02-02.42.17:655][  0]SourceControl: Source control is disabled
[2017.09.02-02.42.18:493][  0]LogAndroidPermission: UAndroidPermissionCallbackProxy::GetInstance
[2017.09.02-02.42.18:674][  0]LogOcInput: OculusInput pre-init called
[2017.09.02-02.42.18:889][  0]LogEngine: Initializing Engine...
[2017.09.02-02.42.18:890][  0]LogHMD: Failed to initialize OpenVR with code 110
[2017.09.02-02.42.19:202][  0]LogStats: UGameplayTagsManager::ConstructGameplayTagTree: Construct from data asset -  0.000 s
[2017.09.02-02.42.19:202][  0]LogStats: UGameplayTagsManager::ConstructGameplayTagTree: GameplayTagTreeChangedEvent.Broadcast -  0.000 s
[2017.09.02-02.42.19:296][  0]LogAIModule: Creating AISystem for world Untitled
[2017.09.02-02.42.19:303][  0]LogInit: XAudio2 using 'Speakers (High Definition Audio Device)' : 2 channels at 48 kHz using 16 bits per sample (channel mask 0x3)
[2017.09.02-02.42.19:312][  0]LogInit: FAudioDevice initialized.
[2017.09.02-02.42.19:388][  0]LogDerivedDataCache: Saved boot cache 0.08s 93MB C:/Users/rajjj/AppData/Local/UnrealEngine/4.17/DerivedDataCache/Boot.ddc.
[2017.09.02-02.42.19:408][  0]LogInit: Texture streaming: Enabled
[2017.09.02-02.42.19:502][  0]LogEngineSessionManager: EngineSessionManager initialized
[2017.09.02-02.42.19:676][  0]LogInit: Transaction tracking system initialized
[2017.09.02-02.42.19:910][  0]BlueprintLog: New page: Editor Load
[2017.09.02-02.42.20:586][  0]LocalizationService: Localization service is disabled
[2017.09.02-02.42.21:125][  0]LogConsoleResponse: Display: 
[2017.09.02-02.42.21:424][  0]LogCook: Display: Max memory allowance for cook 16384mb min free memory 0mb
[2017.09.02-02.42.21:424][  0]LogCook: Display: Mobile HDR setting 1
[2017.09.02-02.42.21:424][  0]LogGameplayTags: Display: UGameplayTagsManager::DoneAddingNativeTags. DelegateIsBound: 0
[2017.09.02-02.42.22:219][  0]LogFileCache: Scanning file cache for directory 'C:/Users/rajjj/OneDrive/Documents/GitHub/DatBoiEntertainmetnGame_/Content/' took 0.02s
[2017.09.02-02.42.22:256][  0]Cmd: MAP LOAD FILE="../../../../../../Users/rajjj/OneDrive/Documents/GitHub/DatBoiEntertainmetnGame_/Content/2DSideScrollerBP/Maps/Levels/Rainforest_Alien.umap" TEMPLATE=0 SHOWPROGRESS=1 FEATURELEVEL=3
[2017.09.02-02.42.22:257][  0]LightingResults: New page: Lighting Build
[2017.09.02-02.42.22:288][  0]MapCheck: New page: Map Check
[2017.09.02-02.42.22:288][  0]LightingResults: New page: Lighting Build
[2017.09.02-02.42.22:661][  0]LogBlueprint: Warning: ExposeOnSpawn ambiguity. Property 'BoolProperty /Game/2DSideScrollerBP/Blueprints/UI/ItemDrag.ItemDrag_C:fromInv', MetaData 'True', Flag 'False'
[2017.09.02-02.42.22:661][  0]LogBlueprint: Warning: ExposeOnSpawn ambiguity. Property 'ObjectProperty /Game/2DSideScrollerBP/Blueprints/UI/ItemDrag.ItemDrag_C:dragItem', MetaData 'True', Flag 'False'
[2017.09.02-02.42.22:665][  0]LogBlueprint: Warning: ExposeOnSpawn ambiguity. Property 'BoolProperty /Game/2DSideScrollerBP/Blueprints/UI/ItemDrag.ItemDrag_C:fromInv', MetaData 'True', Flag 'False'
[2017.09.02-02.42.22:665][  0]LogBlueprint: Warning: ExposeOnSpawn ambiguity. Property 'ObjectProperty /Game/2DSideScrollerBP/Blueprints/UI/ItemDrag.ItemDrag_C:dragItem', MetaData 'True', Flag 'False'
[2017.09.02-02.42.22:684][  0]LogBlueprint: Warning: [Compiler ActionSlot] Input pin  Drag Item  specifying non-default value no longer exists on this node. Please refresh node or reset pin to default value to remove pin.
[2017.09.02-02.42.22:695][  0]LogBlueprint: Warning: [Compiler InventorySlot] Input pin  From Inv  specifying non-default value no longer exists on this node. Please refresh node or reset pin to default value to remove pin.
[2017.09.02-02.42.22:695][  0]LogBlueprint: Error: [Compiler InventorySlot] In use pin  Drag Item  no longer exists on this node. Please refresh node or break links to remove pin.
[2017.09.02-02.42.22:780][  0]LogBlueprint: Warning: [Compiler ActionSlot] [0020.49] Compile of ActionSlot successful, but with 1 Warning(s) [in 129 ms] (/Game/2DSideScrollerBP/Blueprints/UI/ActionSlot.ActionSlot)
[2017.09.02-02.42.22:780][  0]LogBlueprint: Warning: [Compiler InventorySlot] [0020.49] Compile of InventorySlot failed. 1 Fatal Issue(s) 1 Warning(s) [in 129 ms] (/Game/2DSideScrollerBP/Blueprints/UI/InventorySlot.InventorySlot)
[2017.09.02-02.42.23:960][  0]LogMaterial: Missing cached shader map for material BlueLight_M1, compiling. 
[2017.09.02-02.42.23:961][  0]LogMaterial: Warning: Failed to compile Material /Game/2DSideScrollerBP/Maps/Levels/LevelSprites/Sprites/Materials/BlueLight_M1.BlueLight_M1 for platform PCD3D_SM5, Default Material will be used in game.
[2017.09.02-02.42.23:961][  0]LogMaterial: Warning: 	Function Flicker_MF: Missing function input 'Color'
[2017.09.02-02.42.24:067][  0]LogAIModule: Creating AISystem for world Rainforest_Alien
[2017.09.02-02.42.24:103][  0]LogEditorServer: Finished looking for orphan Actors (0.000 secs)
[2017.09.02-02.42.24:118][  0]Cmd: MAP CHECKDEP NOCLEARLOG
[2017.09.02-02.42.24:173][  0]MapCheck: Map check complete: 0 Error(s), 0 Warning(s), took 55.214ms to complete.
[2017.09.02-02.42.24:173][  0]LogFileHelpers: Loading map 'Rainforest_Alien' took 1.917
[2017.09.02-02.42.24:527][  0]LogCollectionManager: Loaded 0 collections in 0.001230 seconds
[2017.09.02-02.42.24:649][  0]LogFileCache: Scanning file cache for directory 'C:/Users/rajjj/OneDrive/Documents/GitHub/DatBoiEntertainmetnGame_/Saved/Collections/' took 0.01s
[2017.09.02-02.42.24:649][  0]LogFileCache: Scanning file cache for directory 'C:/Users/rajjj/OneDrive/Documents/GitHub/DatBoiEntertainmetnGame_/Content/Developers/rajjj/Collections/' took 0.01s
[2017.09.02-02.42.24:649][  0]LogFileCache: Scanning file cache for directory 'C:/Users/rajjj/OneDrive/Documents/GitHub/DatBoiEntertainmetnGame_/Content/Collections/' took 0.01s
[2017.09.02-02.42.24:649][  0]LogCollectionManager: Rebuilt the GUID cache for 0 collections in 0.000001 seconds
[2017.09.02-02.42.24:669][  0]LogContentBrowser: Native class hierarchy populated in 0.0197 seconds. Added 2386 classes and 500 folders.
[2017.09.02-02.42.24:760][  0]LogContentBrowser: Native class hierarchy updated for 'WidgetCarousel' in 0.0005 seconds. Added 0 classes and 0 folders.
[2017.09.02-02.42.24:996][  0]LogContentBrowser: Native class hierarchy updated for 'AddContentDialog' in 0.0005 seconds. Added 0 classes and 0 folders.
[2017.09.02-02.42.25:029][  0]LogContentBrowser: Native class hierarchy updated for 'SceneOutliner' in 0.0010 seconds. Added 1 classes and 2 folders.
[2017.09.02-02.42.25:058][  0]LogSlate: Took 0.003831 seconds to synchronously load lazily loaded font '../../../Engine/Content/Slate/Fonts/Roboto-Regular.ttf' (155K)
[2017.09.02-02.42.25:064][  0]LogSlate: Took 0.003660 seconds to synchronously load lazily loaded font '../../../Engine/Content/Slate/Fonts/Roboto-Bold.ttf' (160K)
[2017.09.02-02.42.25:070][  0]LogSlate: Took 0.003601 seconds to synchronously load lazily loaded font '../../../Engine/Content/Editor/Slate/Fonts/FontAwesome.ttf' (139K)
[2017.09.02-02.42.25:079][  0]LogSlate: Took 0.006278 seconds to synchronously load lazily loaded font '../../../Engine/Content/Editor/Slate/Fonts/DroidSansMono.ttf' (77K)
[2017.09.02-02.42.25:180][  0]LogRenderer: Reallocating scene render targets to support 2556x1004 Format 10 NumSamples 1 (Frame:1).
[2017.09.02-02.42.25:368][  0]LogContentBrowser: Native class hierarchy updated for 'HierarchicalLODOutliner' in 0.0006 seconds. Added 1 classes and 2 folders.
[2017.09.02-02.42.25:368][  0]LogLoad: (Engine Initialization) Total time: 23.08 seconds
[2017.09.02-02.42.25:368][  0]LogLoad: (Engine Initialization) Total Blueprint compile time: 0.00 seconds
[2017.09.02-02.42.25:368][  0]LogExternalProfiler: No external profilers were discovered.  External profiling features will not be available.
[2017.09.02-02.42.25:768][  0]SourceControl: On branch V1.5.1
[2017.09.02-02.42.25:768][  0]SourceControl: Your branch is up-to-date with 'origin/V1.5.1'.
[2017.09.02-02.42.25:769][  0]SourceControl: Changes to be committed:
[2017.09.02-02.42.25:769][  0]SourceControl:   (use "git reset HEAD <file>..." to unstage)
[2017.09.02-02.42.25:769][  0]SourceControl: 	new file:   Content/2DSideScrollerBP/Maps/Levels/LevelSprites/Sprites/Rain_Forrest_Sprites/PNG/Rain_Forrest_Tree_Backdrop.uasset
[2017.09.02-02.42.25:769][  0]SourceControl: 	new file:   Content/2DSideScrollerBP/Maps/Levels/LevelSprites/Sprites/Rain_Forrest_Sprites/PNG/Shroom_Backdrop.uasset
[2017.09.02-02.42.25:770][  0]SourceControl: 	new file:   Content/2DSideScrollerBP/Maps/Levels/LevelSprites/Sprites/Rain_Forrest_Sprites/PNG/Shrrom_1.uasset
[2017.09.02-02.42.25:770][  0]SourceControl: 	new file:   Content/2DSideScrollerBP/Maps/Levels/LevelSprites/Sprites/Rain_Forrest_Sprites/PNG/Shrrom_2.uasset
[2017.09.02-02.42.25:770][  0]SourceControl: 	new file:   Content/2DSideScrollerBP/Maps/Levels/LevelSprites/Sprites/Rain_Forrest_Sprites/PNG/Shrrom_3.uasset
[2017.09.02-02.42.25:770][  0]SourceControl: 	new file:   Content/2DSideScrollerBP/Maps/Levels/LevelSprites/Sprites/Rain_Forrest_Sprites/PNG/Shrrom_4.uasset
[2017.09.02-02.42.25:771][  0]SourceControl: 	new file:   Content/2DSideScrollerBP/Maps/Levels/LevelSprites/Sprites/Rain_Forrest_Sprites/PNG/Shrrom_5.uasset
[2017.09.02-02.42.25:771][  0]SourceControl: 	new file:   Content/2DSideScrollerBP/Maps/Levels/LevelSprites/Sprites/Rain_Forrest_Sprites/PNG/Shrrom_6.uasset
[2017.09.02-02.42.25:771][  0]SourceControl: 	new file:   Content/2DSideScrollerBP/Maps/Levels/LevelSprites/Sprites/Rain_Forrest_Sprites/Rain_Forrest_Tree_Backdrop_Sprite.uasset
[2017.09.02-02.42.25:771][  0]SourceControl: 	new file:   Content/2DSideScrollerBP/Maps/Levels/LevelSprites/Sprites/Rain_Forrest_Sprites/Shroom_Backdrop_Sprite.uasset
[2017.09.02-02.42.25:772][  0]SourceControl: 	new file:   Content/2DSideScrollerBP/Maps/Levels/LevelSprites/Sprites/Rain_Forrest_Sprites/Shrrom_1_Sprite.uasset
[2017.09.02-02.42.25:772][  0]SourceControl: 	new file:   Content/2DSideScrollerBP/Maps/Levels/LevelSprites/Sprites/Rain_Forrest_Sprites/Shrrom_2_Sprite.uasset
[2017.09.02-02.42.25:772][  0]SourceControl: 	new file:   Content/2DSideScrollerBP/Maps/Levels/LevelSprites/Sprites/Rain_Forrest_Sprites/Shrrom_3_Sprite.uasset
[2017.09.02-02.42.25:772][  0]SourceControl: 	new file:   Content/2DSideScrollerBP/Maps/Levels/LevelSprites/Sprites/Rain_Forrest_Sprites/Shrrom_4_Sprite.uasset
[2017.09.02-02.42.25:773][  0]SourceControl: 	new file:   Content/2DSideScrollerBP/Maps/Levels/LevelSprites/Sprites/Rain_Forrest_Sprites/Shrrom_5_Sprite.uasset
[2017.09.02-02.42.25:773][  0]SourceControl: 	new file:   Content/2DSideScrollerBP/Maps/Levels/LevelSprites/Sprites/Rain_Forrest_Sprites/Shrrom_6_Sprite.uasset
[2017.09.02-02.42.25:773][  0]SourceControl: Changes not staged for commit:
[2017.09.02-02.42.25:773][  0]SourceControl:   (use "git add/rm <file>..." to update what will be committed)
[2017.09.02-02.42.25:774][  0]SourceControl:   (use "git checkout -- <file>..." to discard changes in working directory)
[2017.09.02-02.42.25:774][  0]SourceControl: 	modified:   Content/2DSideScrollerBP/Blueprints/UI/ActionSlot.uasset
[2017.09.02-02.42.25:774][  0]SourceControl: 	modified:   Content/2DSideScrollerBP/Blueprints/UI/InventorySlot.uasset
[2017.09.02-02.42.25:774][  0]SourceControl: 	modified:   Content/2DSideScrollerBP/Item/GrappleHook_BP.uasset
[2017.09.02-02.42.25:775][  0]SourceControl: 	modified:   Content/2DSideScrollerBP/Maps/Levels/LevelSprites/Sprites/Materials/Comp_M_Inst_Inst_Inst.uasset
[2017.09.02-02.42.25:775][  0]SourceControl: 	modified:   Content/2DSideScrollerBP/Maps/Levels/Rainforest_Alien.umap
[2017.09.02-02.42.25:775][  0]SourceControl: 	modified:   Content/2DSideScrollerBP/Maps/Levels/Rainforest_Alien_BuiltData.uasset
[2017.09.02-02.42.25:775][  0]SourceControl: 	modified:   Intermediate/AssetRegistryCache/c90e3f55.bin
[2017.09.02-02.42.25:775][  0]SourceControl: 	modified:   Intermediate/CachedAssetRegistry.bin
[2017.09.02-02.42.25:776][  0]SourceControl: 	modified:   Saved/AutoScreenshot.png
[2017.09.02-02.42.25:776][  0]SourceControl: 	modified:   Saved/Autosaves/Game/2DSideScrollerBP/Blueprints/UI/ActionSlot_Auto1.uasset
[2017.09.02-02.42.25:776][  0]SourceControl: 	modified:   Saved/Autosaves/Game/2DSideScrollerBP/Blueprints/UI/InventorySlot_Auto1.uasset
[2017.09.02-02.42.25:776][  0]SourceControl: 	modified:   Saved/Autosaves/Game/2DSideScrollerBP/Maps/Levels/Rainforest_Alien_Auto1.umap
[2017.09.02-02.42.25:776][  0]SourceControl: 	deleted:    Saved/Backup/Rainforest_Alien_2017-07-26-12-43-05.umap
[2017.09.02-02.42.25:777][  0]SourceControl: 	deleted:    Saved/Backup/Rainforest_Alien_2017-07-28-22-39-15.umap
[2017.09.02-02.42.25:777][  0]SourceControl: 	deleted:    Saved/Backup/Rainforest_Alien_2017-07-31-15-45-08.umap
[2017.09.02-02.42.25:777][  0]SourceControl: 	deleted:    Saved/Backup/Rainforest_Alien_2017-07-31-16-19-46.umap
[2017.09.02-02.42.25:777][  0]SourceControl: 	deleted:    Saved/Backup/Rainforest_Alien_2017-07-31-16-34-45.umap
[2017.09.02-02.42.25:777][  0]SourceControl: 	deleted:    Saved/Backup/Rainforest_Alien_2017-07-31-16-58-27.umap
[2017.09.02-02.42.25:778][  0]SourceControl: 	deleted:    Saved/Backup/Rainforest_Alien_2017-07-31-17-16-05.umap
[2017.09.02-02.42.25:778][  0]SourceControl: 	deleted:    Saved/Backup/Rainforest_Alien_2017-07-31-18-33-59.umap
[2017.09.02-02.42.25:778][  0]SourceControl: 	deleted:    Saved/Backup/Rainforest_Alien_2017-07-31-19-02-38.umap
[2017.09.02-02.42.25:778][  0]SourceControl: 	deleted:    Saved/Backup/Rainforest_Alien_2017-08-03-12-57-53.umap
[2017.09.02-02.42.25:778][  0]SourceControl: 	deleted:    Saved/Backup/Rainforest_Alien_2017-08-07-16-25-50.umap
[2017.09.02-02.42.25:778][  0]SourceControl: 	deleted:    Saved/Backup/Rainforest_Alien_BuiltData_2017-08-04-18-21-22.uasset
[2017.09.02-02.42.25:779][  0]SourceControl: 	deleted:    Saved/Backup/Rainforest_Alien_BuiltData_2017-08-04-19-23-23.uasset
[2017.09.02-02.42.25:779][  0]SourceControl: 	deleted:    Saved/Backup/Rainforest_Alien_BuiltData_2017-08-05-11-04-42.uasset
[2017.09.02-02.42.25:779][  0]SourceControl: 	deleted:    Saved/Backup/Rainforest_Alien_BuiltData_2017-08-08-19-55-22.uasset
[2017.09.02-02.42.25:779][  0]SourceControl: 	deleted:    Saved/Backup/Ramp_sprite_sheet_2_hil_TileSet_2017-08-07-21-53-51.uasset
[2017.09.02-02.42.25:780][  0]SourceControl: 	deleted:    Saved/Config/CrashReportClient/UE4CC-Windows-1D7ABDF54D944C545E3B4DA65FB5EE7E/CrashReportClient.ini
[2017.09.02-02.42.25:780][  0]SourceControl: 	deleted:    Saved/Config/CrashReportClient/UE4CC-Windows-4E997E5F4C30507F1F23D28283460BF6/CrashReportClient.ini
[2017.09.02-02.42.25:780][  0]SourceControl: 	deleted:    Saved/Config/CrashReportClient/UE4CC-Windows-AF0DCDA6479000832D72AEBEE2E5FB69/CrashReportClient.ini
[2017.09.02-02.42.25:780][  0]SourceControl: 	deleted:    Saved/Config/CrashReportClient/UE4CC-Windows-D058F36948810902655995A8C296FC8B/CrashReportClient.ini
[2017.09.02-02.42.25:781][  0]SourceControl: 	modified:   Saved/Config/Windows/Editor.ini
[2017.09.02-02.42.25:781][  0]SourceControl: 	modified:   Saved/Config/Windows/EditorPerProjectUserSettings.ini
[2017.09.02-02.42.25:781][  0]SourceControl: 	modified:   Saved/Config/Windows/Engine.ini
[2017.09.02-02.42.25:781][  0]SourceControl: 	deleted:    Saved/Logs/InsertNameAdventure-backup-2017.08.28-15.05.30.log
[2017.09.02-02.42.25:782][  0]SourceControl: 	deleted:    Saved/Logs/InsertNameAdventure-backup-2017.08.28-19.29.59.log
[2017.09.02-02.42.25:782][  0]SourceControl: 	deleted:    Saved/Logs/InsertNameAdventure-backup-2017.08.29-09.37.38.log
[2017.09.02-02.42.25:782][  0]SourceControl: 	deleted:    Saved/Logs/InsertNameAdventure-backup-2017.08.29-18.08.28.log
[2017.09.02-02.42.25:782][  0]SourceControl: 	deleted:    Saved/Logs/InsertNameAdventure-backup-2017.08.29-21.21.56.log
[2017.09.02-02.42.25:783][  0]SourceControl: 	modified:   Saved/Logs/InsertNameAdventure.log
[2017.09.02-02.42.25:783][  0]SourceControl: Untracked files:
[2017.09.02-02.42.25:783][  0]SourceControl:   (use "git add <file>..." to include in what will be committed)
[2017.09.02-02.42.25:783][  0]SourceControl: 	Saved/Autosaves/Game/2DSideScrollerBP/Maps/Levels/LevelSprites/Sprites/Materials/Comp_M_Inst_Inst_Inst_Auto1.uasset
[2017.09.02-02.42.25:783][  0]SourceControl: 	Saved/Backup/ActionSlot_2017-08-31-10-35-13.uasset
[2017.09.02-02.42.25:784][  0]SourceControl: 	Saved/Backup/ActionSlot_2017-08-31-11-30-17.uasset
[2017.09.02-02.42.25:784][  0]SourceControl: 	Saved/Backup/Comp_M_Inst_Inst_Inst_2017-08-31-10-35-14.uasset
[2017.09.02-02.42.25:784][  0]SourceControl: 	Saved/Backup/Comp_M_Inst_Inst_Inst_2017-08-31-11-30-18.uasset
[2017.09.02-02.42.25:784][  0]SourceControl: 	Saved/Backup/GrappleHook_BP_2017-08-31-10-32-28.uasset
[2017.09.02-02.42.25:785][  0]SourceControl: 	Saved/Backup/InventorySlot_2017-08-31-10-35-14.uasset
[2017.09.02-02.42.25:785][  0]SourceControl: 	Saved/Backup/InventorySlot_2017-08-31-11-30-17.uasset
[2017.09.02-02.42.25:785][  0]SourceControl: 	Saved/Backup/Rainforest_Alien_2017-08-31-10-35-13.umap
[2017.09.02-02.42.25:785][  0]SourceControl: 	Saved/Backup/Rainforest_Alien_2017-08-31-11-28-30.umap
[2017.09.02-02.42.25:785][  0]SourceControl: 	Saved/Backup/Rainforest_Alien_2017-08-31-12-17-44.umap
[2017.09.02-02.42.25:785][  0]SourceControl: 	Saved/Backup/Rainforest_Alien_2017-08-31-15-04-44.umap
[2017.09.02-02.42.25:786][  0]SourceControl: 	Saved/Backup/Rainforest_Alien_2017-08-31-15-17-31.umap
[2017.09.02-02.42.25:786][  0]SourceControl: 	Saved/Backup/Rainforest_Alien_2017-09-01-17-56-34.umap
[2017.09.02-02.42.25:786][  0]SourceControl: 	Saved/Backup/Rainforest_Alien_BuiltData_2017-08-31-11-28-31.uasset
[2017.09.02-02.42.25:786][  0]SourceControl: 	Saved/Backup/Rainforest_Alien_BuiltData_2017-08-31-12-17-45.uasset
[2017.09.02-02.42.25:786][  0]SourceControl: 	Saved/Backup/Rainforest_Alien_BuiltData_2017-08-31-15-17-32.uasset
[2017.09.02-02.42.25:786][  0]SourceControl: 	Saved/Backup/Rainforest_Alien_BuiltData_2017-09-01-17-56-35.uasset
[2017.09.02-02.42.25:787][  0]SourceControl: 	Saved/Config/CrashReportClient/UE4CC-Windows-4044D15C4DB4C4A860888D96A25CBB60/
[2017.09.02-02.42.25:787][  0]SourceControl: 	Saved/Config/CrashReportClient/UE4CC-Windows-44EB792446F96296B27160A1989FE4F9/
[2017.09.02-02.42.25:787][  0]SourceControl: 	Saved/Config/CrashReportClient/UE4CC-Windows-67985AEC4BEBF1439EE34FAEC3293C90/
[2017.09.02-02.42.25:787][  0]SourceControl: 	Saved/Config/CrashReportClient/UE4CC-Windows-9F23E0D243D35BCA5DCB44847E92F85C/
[2017.09.02-02.42.25:787][  0]SourceControl: 	Saved/Config/CrashReportClient/UE4CC-Windows-ABAA38594E578901FDDCB19D4A175DB4/
[2017.09.02-02.42.25:788][  0]SourceControl: 	Saved/Logs/InsertNameAdventure-backup-2017.08.31-10.18.03.log
[2017.09.02-02.42.25:788][  0]SourceControl: 	Saved/Logs/InsertNameAdventure-backup-2017.08.31-12.14.28.log
[2017.09.02-02.42.25:788][  0]SourceControl: 	Saved/Logs/InsertNameAdventure-backup-2017.08.31-14.50.29.log
[2017.09.02-02.42.25:788][  0]SourceControl: 	Saved/Logs/InsertNameAdventure-backup-2017.09.01-17.53.27.log
[2017.09.02-02.42.25:788][  0]SourceControl: 	Saved/Logs/InsertNameAdventure-backup-2017.09.01-20.42.03.log
[2017.09.02-02.42.25:789][  0]LogContentStreaming: Texture pool size now 1000 MB
[2017.09.02-02.42.25:862][  0]LogSlate: Took 0.003162 seconds to synchronously load lazily loaded font '../../../Engine/Content/Slate/Fonts/Roboto-Light.ttf' (159K)
[2017.09.02-02.42.26:068][  1]LogParticles: Warning: Spawning 26666 GPU particles in one frame[2]: RainFall4_PS/Particle Emitter
[2017.09.02-02.42.26:418][  2]LogAssetRegistry: Asset discovery search completed in 14.7441 seconds
[2017.09.02-02.42.26:429][  2]LogCollectionManager: Rebuilt the object cache for 0 collections in 0.000002 seconds (found 0 objects)
[2017.09.02-02.42.26:430][  2]LogCollectionManager: Fixed up redirectors for 0 collections in 0.000625 seconds (updated 0 objects)
[2017.09.02-02.42.26:464][  2]LogParticles: Warning: Spawning 26667 GPU particles in one frame[3]: RainFall4_PS/Particle Emitter
[2017.09.02-02.42.26:763][  3]LogParticles: Warning: Spawning 26667 GPU particles in one frame[4]: RainFall4_PS/Particle Emitter
[2017.09.02-02.42.31:043][494]LogFileCache: Retrieving MD5 hashes for directory 'C:/Users/rajjj/OneDrive/Documents/GitHub/DatBoiEntertainmetnGame_/Content/' took 5.31s
[2017.09.02-02.42.33:814][822]LogEditorViewport: Clicking on Actor (LMB): PaperSpriteActor (Shroom_Backdrop_Sprite)
[2017.09.02-02.42.38:014][282]LogEditorViewport: Clicking on Actor (LMB): PaperSpriteActor (Shroom_Backdrop_Sprite)
[2017.09.02-02.42.38:751][365]LogEditorViewport: Clicking on Actor (LMB): Skybox_BP_Rain_C (Skybox_BP_Rain)
[2017.09.02-02.42.39:572][455]Cmd: TRANSACTION UNDO
[2017.09.02-02.42.39:572][455]LogEditorTransaction: Undo Clicking on Actors
[2017.09.02-02.42.39:620][455]LogSlate: Took 0.000148 seconds to synchronously load lazily loaded font '../../../Engine/Content/Slate/Fonts/Roboto-Light.ttf' (159K)
[2017.09.02-02.42.40:066][493]Cmd: TRANSACTION UNDO
[2017.09.02-02.42.40:066][493]LogEditorTransaction: Undo Clicking on Actors
[2017.09.02-02.42.42:128][730]Cmd: TRANSACTION UNDO
[2017.09.02-02.42.42:128][730]LogEditorTransaction: Undo Move Actors
[2017.09.02-02.42.42:959][822]LogEditorViewport: Clicking on Actor (LMB): Skybox_BP_Rain_C (Skybox_BP_Rain)
[2017.09.02-02.42.54:700][124]LogEditorViewport: Clicking on Actor (LMB): PaperSpriteActor (Big_Tree_Line_Sprite3)
[2017.09.02-02.42.58:128][475]LogEditorViewport: Clicking on Actor (LMB): PaperSpriteActor (Mt_Backdrop_2_darker_Sprite18)
[2017.09.02-02.43.08:676][689]LogTemp: Repeating last play command: Selected Viewport
[2017.09.02-02.43.08:775][689]LogBlueprintUserMessages: Early PlayInEditor Detection: Level '/Game/2DSideScrollerBP/Maps/Levels/Rainforest_Alien.Rainforest_Alien:PersistentLevel' has LevelScriptBlueprint '/Game/2DSideScrollerBP/Maps/Levels/Rainforest_Alien.Rainforest_Alien:PersistentLevel.Rainforest_Alien' with GeneratedClass '/Game/2DSideScrollerBP/Maps/Levels/Rainforest_Alien.Rainforest_Alien_C' with ClassGeneratedBy '/Game/2DSideScrollerBP/Maps/Levels/Rainforest_Alien.Rainforest_Alien:PersistentLevel.Rainforest_Alien'
[2017.09.02-02.43.08:775][689]LogPlayLevel: PlayLevel: No blueprints needed recompiling
[2017.09.02-02.43.11:188][689]PIE: New page: PIE session: Rainforest_Alien (Sep 1, 2017, 2:43:11 PM)
[2017.09.02-02.43.11:189][689]LogPlayLevel: Creating play world package: /Game/2DSideScrollerBP/Maps/Levels/UEDPIE_0_Rainforest_Alien
[2017.09.02-02.43.11:217][689]LogPlayLevel: PIE: StaticDuplicateObject took: (0.027637s)
[2017.09.02-02.43.11:217][689]LogAIModule: Creating AISystem for world Rainforest_Alien
[2017.09.02-02.43.11:218][689]LogPlayLevel: PIE: World Init took: (0.000696s)
[2017.09.02-02.43.11:219][689]LogPlayLevel: PIE: Created PIE world by copying editor world from /Game/2DSideScrollerBP/Maps/Levels/Rainforest_Alien.Rainforest_Alien to /Game/2DSideScrollerBP/Maps/Levels/UEDPIE_0_Rainforest_Alien.Rainforest_Alien (0.029897s)
[2017.09.02-02.43.11:234][689]LogInit: XAudio2 using 'Speakers (High Definition Audio Device)' : 2 channels at 48 kHz using 16 bits per sample (channel mask 0x3)
[2017.09.02-02.43.11:240][689]LogInit: FAudioDevice initialized.
[2017.09.02-02.43.11:282][689]LogLoad: Game class is '2DSideScrollerGameMode_C'
[2017.09.02-02.43.11:344][689]LogWorld: Bringing World /Game/2DSideScrollerBP/Maps/Levels/UEDPIE_0_Rainforest_Alien.Rainforest_Alien up for play (max tick rate 0) at 2017.09.01-20.43.11
[2017.09.02-02.43.11:376][689]LogWorld: Bringing up level for play took: 0.079370
[2017.09.02-02.43.11:449][689]LogContentBrowser: Native class hierarchy updated for 'MovieSceneCapture' in 0.0011 seconds. Added 11 classes and 0 folders.
[2017.09.02-02.43.11:479][689]PIE: Play in editor start time for /Game/2DSideScrollerBP/Maps/Levels/UEDPIE_0_Rainforest_Alien 3.191
[2017.09.02-02.43.11:479][689]LogBlueprintUserMessages: Late PlayInEditor Detection: Level '/Game/2DSideScrollerBP/Maps/Levels/Rainforest_Alien.Rainforest_Alien:PersistentLevel' has LevelScriptBlueprint '/Game/2DSideScrollerBP/Maps/Levels/Rainforest_Alien.Rainforest_Alien:PersistentLevel.Rainforest_Alien' with GeneratedClass '/Game/2DSideScrollerBP/Maps/Levels/Rainforest_Alien.Rainforest_Alien_C' with ClassGeneratedBy '/Game/2DSideScrollerBP/Maps/Levels/Rainforest_Alien.Rainforest_Alien:PersistentLevel.Rainforest_Alien'
[2017.09.02-02.43.11:556][690]LogCharacterMovement: Warning: GetSimulationTimeStep() - Max iterations 8 hit while remaining time 0.085113 > MaxSimulationTimeStep (0.050) for '2DSideScrollerCharacter_C_0', movement 'Walking'
[2017.09.02-02.43.11:566][690]LogParticles: Warning: Spawning 32000 GPU particles in one frame[4691]: RainFall4_PS/Particle Emitter
[2017.09.02-02.43.40:442][117]LogBlueprintUserMessages: Early EndPlayMap Detection: Level '/Game/2DSideScrollerBP/Maps/Levels/Rainforest_Alien.Rainforest_Alien:PersistentLevel' has LevelScriptBlueprint '/Game/2DSideScrollerBP/Maps/Levels/Rainforest_Alien.Rainforest_Alien:PersistentLevel.Rainforest_Alien' with GeneratedClass '/Game/2DSideScrollerBP/Maps/Levels/Rainforest_Alien.Rainforest_Alien_C' with ClassGeneratedBy '/Game/2DSideScrollerBP/Maps/Levels/Rainforest_Alien.Rainforest_Alien:PersistentLevel.Rainforest_Alien'
[2017.09.02-02.43.40:480][117]LogBlueprintUserMessages: Late EndPlayMap Detection: Level '/Game/2DSideScrollerBP/Maps/Levels/Rainforest_Alien.Rainforest_Alien:PersistentLevel' has LevelScriptBlueprint '/Game/2DSideScrollerBP/Maps/Levels/Rainforest_Alien.Rainforest_Alien:PersistentLevel.Rainforest_Alien' with GeneratedClass '/Game/2DSideScrollerBP/Maps/Levels/Rainforest_Alien.Rainforest_Alien_C' with ClassGeneratedBy '/Game/2DSideScrollerBP/Maps/Levels/Rainforest_Alien.Rainforest_Alien:PersistentLevel.Rainforest_Alien'
[2017.09.02-02.43.41:526][226]LogSlate: Took 0.000102 seconds to synchronously load lazily loaded font '../../../Engine/Content/Slate/Fonts/Roboto-Light.ttf' (159K)
[2017.09.02-02.43.42:425][226]LogSavePackage: Save=831.78ms
[2017.09.02-02.43.42:425][226]LogSavePackage: Moving '../../../../../../Users/rajjj/OneDrive/Documents/GitHub/DatBoiEntertainmetnGame_/Saved/Rainforest_Alien611DDCCA40A5133A74E8F4AA4E7CCE7B.tmp' to '../../../../../../Users/rajjj/OneDrive/Documents/GitHub/DatBoiEntertainmetnGame_/Content/2DSideScrollerBP/Maps/Levels/Rainforest_Alien.umap'
[2017.09.02-02.43.42:431][226]LogSavePackage: Display: Finished SavePackage ../../../../../../Users/rajjj/OneDrive/Documents/GitHub/DatBoiEntertainmetnGame_/Content/2DSideScrollerBP/Maps/Levels/Rainforest_Alien.umap
[2017.09.02-02.43.42:596][226]LogSavePackage: Save=10.75ms
[2017.09.02-02.43.42:596][226]LogSavePackage: Moving '../../../../../../Users/rajjj/OneDrive/Documents/GitHub/DatBoiEntertainmetnGame_/Saved/Rainforest_Alien_BuiltData9B03B660467C265951C616B5950845A7.tmp' to '../../../../../../Users/rajjj/OneDrive/Documents/GitHub/DatBoiEntertainmetnGame_/Content/2DSideScrollerBP/Maps/Levels/Rainforest_Alien_BuiltData.uasset'
[2017.09.02-02.43.42:598][226]LogSavePackage: Display: Finished SavePackage ../../../../../../Users/rajjj/OneDrive/Documents/GitHub/DatBoiEntertainmetnGame_/Content/2DSideScrollerBP/Maps/Levels/Rainforest_Alien_BuiltData.uasset
[2017.09.02-02.43.42:620][227]LogParticles: Warning: Spawning 32000 GPU particles in one frame[8228]: RainFall4_PS/Particle Emitter
[2017.09.02-02.43.43:951][368]LogWindowsTextInputMethodSystem: Display: IME system now deactivated.
[2017.09.02-02.43.44:075][369]Cmd: QUIT_EDITOR
[2017.09.02-02.43.44:982][369]LogExit: Preparing to exit.
[2017.09.02-02.43.45:874][369]LogDirectoryWatcher: A directory notification for 'C:/Users/rajjj/OneDrive/Documents/GitHub/DatBoiEntertainmetnGame_/Content/' was aborted.
[2017.09.02-02.43.45:918][369]LogExit: Editor shut down
[2017.09.02-02.43.45:921][369]LogExit: Transaction tracking system shut down
[2017.09.02-02.43.46:143][369]LogDirectoryWatcher: A directory notification for '../../../Engine/Content/' was aborted.
[2017.09.02-02.43.46:143][369]LogDirectoryWatcher: A directory notification for '../../../../../../Users/rajjj/OneDrive/Documents/GitHub/DatBoiEntertainmetnGame_/Content/' was aborted.
[2017.09.02-02.43.46:143][369]LogDirectoryWatcher: A directory notification for '../../../Engine/Plugins/2D/Paper2D/Content/' was aborted.
[2017.09.02-02.43.46:143][369]LogDirectoryWatcher: A directory notification for '../../../Engine/Plugins/Runtime/Oculus/OculusVR/Content/' was aborted.
[2017.09.02-02.43.46:143][369]LogDirectoryWatcher: A directory notification for '../../../Engine/Plugins/Runtime/Steam/SteamVR/Content/' was aborted.
[2017.09.02-02.43.46:180][369]LogExit: Object subsystem successfully closed.
[2017.09.02-02.43.46:193][369]LogD3D11RHI: Shutdown
[2017.09.02-02.43.46:193][369]LogD3D11RHI: CleanupD3DDevice
[2017.09.02-02.43.46:261][369]LogD3D11RHI: ~FD3D11DynamicRHI
[2017.09.02-02.43.46:273][369]LogModuleManager: Shutting down and abandoning module MovieSceneCapture (532)
[2017.09.02-02.43.46:273][369]LogModuleManager: Shutting down and abandoning module HierarchicalLODOutliner (530)
[2017.09.02-02.43.46:273][369]LogModuleManager: Shutting down and abandoning module SceneOutliner (528)
[2017.09.02-02.43.46:273][369]LogModuleManager: Shutting down and abandoning module AddContentDialog (526)
[2017.09.02-02.43.46:273][369]LogDirectoryWatcher: A directory notification for 'C:/Program Files/Epic Games/UE_4.17/FeaturePacks/' was aborted.
[2017.09.02-02.43.46:274][369]LogModuleManager: Shutting down and abandoning module WidgetCarousel (525)
[2017.09.02-02.43.46:274][369]LogModuleManager: Shutting down and abandoning module EditorWidgets (522)
[2017.09.02-02.43.46:274][369]LogModuleManager: Shutting down and abandoning module CollectionManager (520)
[2017.09.02-02.43.46:274][369]LogDirectoryWatcher: A directory notification for 'C:/Users/rajjj/OneDrive/Documents/GitHub/DatBoiEntertainmetnGame_/Content/Collections/' was aborted.
[2017.09.02-02.43.46:274][369]LogDirectoryWatcher: A directory notification for 'C:/Users/rajjj/OneDrive/Documents/GitHub/DatBoiEntertainmetnGame_/Content/Developers/rajjj/Collections/' was aborted.
[2017.09.02-02.43.46:274][369]LogDirectoryWatcher: A directory notification for 'C:/Users/rajjj/OneDrive/Documents/GitHub/DatBoiEntertainmetnGame_/Saved/Collections/' was aborted.
[2017.09.02-02.43.46:274][369]LogModuleManager: Shutting down and abandoning module StatsViewer (518)
[2017.09.02-02.43.46:274][369]LogModuleManager: Shutting down and abandoning module FoliageEdit (516)
[2017.09.02-02.43.46:274][369]LogModuleManager: Shutting down and abandoning module LandscapeEditor (514)
[2017.09.02-02.43.46:274][369]LogModuleManager: Shutting down and abandoning module MeshPaintMode (512)
[2017.09.02-02.43.46:274][369]LogModuleManager: Shutting down and abandoning module SceneDepthPickerMode (510)
[2017.09.02-02.43.46:274][369]LogModuleManager: Shutting down and abandoning module ActorPickerMode (508)
[2017.09.02-02.43.46:274][369]LogModuleManager: Shutting down and abandoning module GeometryMode (506)
[2017.09.02-02.43.46:274][369]LogModuleManager: Shutting down and abandoning module TextureAlignMode (504)
[2017.09.02-02.43.46:274][369]LogModuleManager: Shutting down and abandoning module BspMode (502)
[2017.09.02-02.43.46:274][369]LogModuleManager: Shutting down and abandoning module PIEPreviewDeviceProfileSelector (500)
[2017.09.02-02.43.46:274][369]LogModuleManager: Shutting down and abandoning module HardwareSurvey (498)
[2017.09.02-02.43.46:274][369]LogModuleManager: Shutting down and abandoning module SequenceRecorderSections (496)
[2017.09.02-02.43.46:274][369]LogModuleManager: Shutting down and abandoning module AutomationWorker (494)
[2017.09.02-02.43.46:275][369]LogModuleManager: Shutting down and abandoning module MatineeToLevelSequence (492)
[2017.09.02-02.43.46:275][369]LogModuleManager: Shutting down and abandoning module LevelSequenceEditor (490)
[2017.09.02-02.43.46:275][369]LogModuleManager: Shutting down and abandoning module PlacementMode (489)
[2017.09.02-02.43.46:275][369]LogModuleManager: Shutting down and abandoning module WmfMediaFactory (486)
[2017.09.02-02.43.46:275][369]LogModuleManager: Shutting down and abandoning module WmfMediaEditor (484)
[2017.09.02-02.43.46:275][369]LogModuleManager: Shutting down and abandoning module AvfMediaFactory (482)
[2017.09.02-02.43.46:275][369]LogModuleManager: Shutting down and abandoning module AvfMediaEditor (480)
[2017.09.02-02.43.46:275][369]LogModuleManager: Shutting down and abandoning module AndroidMediaFactory (478)
[2017.09.02-02.43.46:275][369]LogModuleManager: Shutting down and abandoning module Media (477)
[2017.09.02-02.43.46:275][369]LogModuleManager: Shutting down and abandoning module AndroidMediaEditor (474)
[2017.09.02-02.43.46:275][369]LogModuleManager: Shutting down and abandoning module CharacterAI (472)
[2017.09.02-02.43.46:275][369]LogModuleManager: Shutting down and abandoning module AudioCapture (470)
[2017.09.02-02.43.46:275][369]LogModuleManager: Shutting down and abandoning module SequenceRecorder (469)
[2017.09.02-02.43.46:275][369]LogModuleManager: Shutting down and abandoning module SmartSnapping (466)
[2017.09.02-02.43.46:275][369]LogModuleManager: Shutting down and abandoning module SessionServices (464)
[2017.09.02-02.43.46:275][369]LogModuleManager: Shutting down and abandoning module ViewportSnapping (462)
[2017.09.02-02.43.46:275][369]LogModuleManager: Shutting down and abandoning module ViewportInteraction (460)
[2017.09.02-02.43.46:275][369]LogModuleManager: Shutting down and abandoning module ClothPainter (458)
[2017.09.02-02.43.46:275][369]LogModuleManager: Shutting down and abandoning module LogVisualizer (456)
[2017.09.02-02.43.46:275][369]LogModuleManager: Shutting down and abandoning module IntroTutorials (454)
[2017.09.02-02.43.46:275][369]LogModuleManager: Shutting down and abandoning module GameProjectGeneration (453)
[2017.09.02-02.43.46:275][369]LogModuleManager: Shutting down and abandoning module IOSPlatformEditor (450)
[2017.09.02-02.43.46:275][369]LogModuleManager: Shutting down and abandoning module HTML5PlatformEditor (448)
[2017.09.02-02.43.46:275][369]LogModuleManager: Shutting down and abandoning module AndroidPlatformEditor (446)
[2017.09.02-02.43.46:275][369]LogModuleManager: Shutting down and abandoning module AndroidDeviceDetection (445)
[2017.09.02-02.43.46:893][369]LogModuleManager: Shutting down and abandoning module WindowsPlatformEditor (442)
[2017.09.02-02.43.46:893][369]LogModuleManager: Shutting down and abandoning module IOSRuntimeSettings (440)
[2017.09.02-02.43.46:894][369]LogModuleManager: Shutting down and abandoning module AndroidRuntimeSettings (438)
[2017.09.02-02.43.46:894][369]LogModuleManager: Shutting down and abandoning module InputBindingEditor (436)
[2017.09.02-02.43.46:894][369]LogModuleManager: Shutting down and abandoning module MergeActors (434)
[2017.09.02-02.43.46:894][369]LogModuleManager: Shutting down and abandoning module SizeMap (432)
[2017.09.02-02.43.46:894][369]LogModuleManager: Shutting down and abandoning module TreeMap (430)
[2017.09.02-02.43.46:894][369]LogModuleManager: Shutting down and abandoning module ReferenceViewer (428)
[2017.09.02-02.43.46:895][369]LogModuleManager: Shutting down and abandoning module LocalizationDashboard (426)
[2017.09.02-02.43.46:895][369]LogModuleManager: Shutting down and abandoning module LocalizationService (425)
[2017.09.02-02.43.46:895][369]LogModuleManager: Shutting down and abandoning module HardwareTargeting (422)
[2017.09.02-02.43.46:895][369]LogModuleManager: Shutting down and abandoning module DeviceProfileEditor (420)
[2017.09.02-02.43.46:895][369]LogModuleManager: Shutting down and abandoning module UndoHistory (418)
[2017.09.02-02.43.46:895][369]LogModuleManager: Shutting down and abandoning module XmlParser (416)
[2017.09.02-02.43.46:895][369]LogModuleManager: Shutting down and abandoning module Blutility (414)
[2017.09.02-02.43.46:895][369]LogModuleManager: Shutting down and abandoning module ProjectSettingsViewer (412)
[2017.09.02-02.43.46:895][369]LogModuleManager: Shutting down and abandoning module ProjectTargetPlatformEditor (411)
[2017.09.02-02.43.46:896][369]LogModuleManager: Shutting down and abandoning module EditorSettingsViewer (408)
[2017.09.02-02.43.46:896][369]LogModuleManager: Shutting down and abandoning module SettingsEditor (406)
[2017.09.02-02.43.46:896][369]LogModuleManager: Shutting down and abandoning module ProjectLauncher (404)
[2017.09.02-02.43.46:896][369]LogModuleManager: Shutting down and abandoning module SessionFrontend (402)
[2017.09.02-02.43.46:896][369]LogModuleManager: Shutting down and abandoning module ProfilerClient (400)
[2017.09.02-02.43.46:896][369]LogModuleManager: Shutting down and abandoning module DeviceManager (398)
[2017.09.02-02.43.46:896][369]LogModuleManager: Shutting down and abandoning module TargetDeviceServices (397)
[2017.09.02-02.43.46:950][369]LogModuleManager: Shutting down and abandoning module AutomationController (394)
[2017.09.02-02.43.46:950][369]LogModuleManager: Shutting down and abandoning module AutomationWindow (392)
[2017.09.02-02.43.46:950][369]LogModuleManager: Shutting down and abandoning module Layers (390)
[2017.09.02-02.43.46:951][369]LogModuleManager: Shutting down and abandoning module ComponentVisualizers (388)
[2017.09.02-02.43.46:951][369]LogModuleManager: Shutting down and abandoning module DetailCustomizations (386)
[2017.09.02-02.43.46:951][369]LogModuleManager: Shutting down and abandoning module PackagesDialog (384)
[2017.09.02-02.43.46:951][369]LogModuleManager: Shutting down and abandoning module Persona (382)
[2017.09.02-02.43.46:951][369]LogModuleManager: Shutting down and abandoning module AdvancedPreviewScene (381)
[2017.09.02-02.43.46:952][369]LogModuleManager: Shutting down and abandoning module AnimGraph (379)
[2017.09.02-02.43.46:952][369]LogModuleManager: Shutting down and abandoning module Kismet (376)
[2017.09.02-02.43.46:955][369]LogModuleManager: Shutting down and abandoning module ClassViewer (374)
[2017.09.02-02.43.46:955][369]LogModuleManager: Shutting down and abandoning module Toolbox (372)
[2017.09.02-02.43.46:955][369]LogModuleManager: Shutting down and abandoning module ModuleUI (370)
[2017.09.02-02.43.46:955][369]LogModuleManager: Shutting down and abandoning module MovieSceneTools (368)
[2017.09.02-02.43.46:955][369]LogModuleManager: Shutting down and abandoning module OutputLog (366)
[2017.09.02-02.43.46:955][369]LogModuleManager: Shutting down and abandoning module GammaUI (364)
[2017.09.02-02.43.46:955][369]LogModuleManager: Shutting down and abandoning module Documentation (362)
[2017.09.02-02.43.46:955][369]LogModuleManager: Shutting down and abandoning module MovieSceneTracks (360)
[2017.09.02-02.43.46:955][369]LogModuleManager: Shutting down and abandoning module MovieScene (358)
[2017.09.02-02.43.46:955][369]LogModuleManager: Shutting down and abandoning module Niagara (356)
[2017.09.02-02.43.46:955][369]LogModuleManager: Shutting down and abandoning module NiagaraEditor (355)
[2017.09.02-02.43.46:956][369]LogModuleManager: Shutting down and abandoning module StreamingPauseRendering (352)
[2017.09.02-02.43.46:956][369]LogModuleManager: Shutting down and abandoning module LauncherPlatform (350)
[2017.09.02-02.43.46:956][369]LogModuleManager: Shutting down and abandoning module AnalyticsET (348)
[2017.09.02-02.43.46:956][369]LogModuleManager: Shutting down and abandoning module PortalServices (346)
[2017.09.02-02.43.46:956][369]LogModuleManager: Shutting down and abandoning module PortalRpc (344)
[2017.09.02-02.43.46:956][369]LogModuleManager: Shutting down and abandoning module MessagingRpc (342)
[2017.09.02-02.43.46:956][369]LogModuleManager: Shutting down and abandoning module AIModule (340)
[2017.09.02-02.43.46:956][369]LogModuleManager: Shutting down and abandoning module GameplayDebugger (339)
[2017.09.02-02.43.46:956][369]LogModuleManager: Shutting down and abandoning module AITestSuite (337)
[2017.09.02-02.43.46:956][369]LogModuleManager: Shutting down and abandoning module ProfilerService (334)
[2017.09.02-02.43.47:168][369]LogModuleManager: Shutting down and abandoning module TaskGraph (332)
[2017.09.02-02.43.47:168][369]LogModuleManager: Shutting down and abandoning module SteamVRController (330)
[2017.09.02-02.43.47:168][369]LogModuleManager: Shutting down and abandoning module ProceduralMeshComponentEditor (328)
[2017.09.02-02.43.47:168][369]LogModuleManager: Shutting down and abandoning module ProceduralMeshComponent (326)
[2017.09.02-02.43.47:168][369]LogModuleManager: Shutting down and abandoning module OculusInput (324)
[2017.09.02-02.43.47:168][369]LogModuleManager: Shutting down and abandoning module MobilePatchingUtils (322)
[2017.09.02-02.43.47:168][369]LogModuleManager: Shutting down and abandoning module CustomMeshComponent (320)
[2017.09.02-02.43.47:168][369]LogModuleManager: Shutting down and abandoning module CableComponent (318)
[2017.09.02-02.43.47:169][369]LogModuleManager: Shutting down and abandoning module ArchVisCharacter (316)
[2017.09.02-02.43.47:169][369]LogModuleManager: Shutting down and abandoning module AndroidPermission (314)
[2017.09.02-02.43.47:169][369]LogModuleManager: Shutting down and abandoning module MediaPlayerEditor (310)
[2017.09.02-02.43.47:169][369]LogModuleManager: Shutting down and abandoning module HTML5Networking (308)
[2017.09.02-02.43.47:169][369]LogModuleManager: Shutting down and abandoning module AlembicImporter (306)
[2017.09.02-02.43.47:169][369]LogModuleManager: Shutting down and abandoning module AlembicLibrary (305)
[2017.09.02-02.43.47:169][369]LogModuleManager: Shutting down and abandoning module GeometryCache (304)
[2017.09.02-02.43.47:169][369]LogModuleManager: Shutting down and abandoning module GeometryCacheEd (303)
[2017.09.02-02.43.47:169][369]LogModuleManager: Shutting down and abandoning module SpeedTreeImporter (298)
[2017.09.02-02.43.47:169][369]LogModuleManager: Shutting down and abandoning module PluginBrowser (296)
[2017.09.02-02.43.47:170][369]LogModuleManager: Shutting down and abandoning module MobileLauncherProfileWizard (294)
[2017.09.02-02.43.47:170][369]LogModuleManager: Shutting down and abandoning module VisualStudioSourceCodeAccess (292)
[2017.09.02-02.43.47:170][369]LogModuleManager: Shutting down and abandoning module DesktopPlatform (291)
[2017.09.02-02.43.47:170][369]LogModuleManager: Shutting down and abandoning module UObjectPlugin (288)
[2017.09.02-02.43.47:170][369]LogModuleManager: Shutting down and abandoning module SubversionSourceControl (286)
[2017.09.02-02.43.47:170][369]LogModuleManager: Shutting down and abandoning module PerforceSourceControl (284)
[2017.09.02-02.43.47:170][369]LogModuleManager: Shutting down and abandoning module GitSourceControl (282)
[2017.09.02-02.43.47:170][369]LogModuleManager: Shutting down and abandoning module SourceControl (281)
[2017.09.02-02.43.47:170][369]LogModuleManager: Shutting down and abandoning module LightPropagationVolumeEditor (278)
[2017.09.02-02.43.47:170][369]LogModuleManager: Shutting down and abandoning module PaperTiledImporter (276)
[2017.09.02-02.43.47:171][369]LogModuleManager: Shutting down and abandoning module PaperSpriteSheetImporter (274)
[2017.09.02-02.43.47:171][369]LogModuleManager: Shutting down and abandoning module Paper2DEditor (272)
[2017.09.02-02.43.47:171][369]LogModuleManager: Shutting down and abandoning module MeshPaint (271)
[2017.09.02-02.43.47:171][369]LogModuleManager: Shutting down and abandoning module LevelEditor (269)
[2017.09.02-02.43.47:173][369]LogModuleManager: Shutting down and abandoning module PixelInspectorModule (268)
[2017.09.02-02.43.47:173][369]LogModuleManager: Shutting down and abandoning module MainFrame (266)
[2017.09.02-02.43.47:173][369]LogModuleManager: Shutting down and abandoning module HotReload (265)
[2017.09.02-02.43.47:175][369]LogModuleManager: Shutting down and abandoning module RuntimePhysXCooking (260)
[2017.09.02-02.43.47:175][369]LogModuleManager: Shutting down and abandoning module PhysXVehiclesEditor (258)
[2017.09.02-02.43.47:175][369]LogModuleManager: Shutting down and abandoning module PhysXVehicles (256)
[2017.09.02-02.43.47:175][369]LogModuleManager: Shutting down and abandoning module OculusEditor (254)
[2017.09.02-02.43.47:175][369]LogModuleManager: Shutting down and abandoning module LocationServicesBPLibrary (252)
[2017.09.02-02.43.47:175][369]LogModuleManager: Shutting down and abandoning module ImmediatePhysicsEditor (250)
[2017.09.02-02.43.47:175][369]LogModuleManager: Shutting down and abandoning module ImmediatePhysics (248)
[2017.09.02-02.43.47:175][369]LogModuleManager: Shutting down and abandoning module UdpMessaging (246)
[2017.09.02-02.43.47:276][369]LogModuleManager: Shutting down and abandoning module TcpMessaging (244)
[2017.09.02-02.43.47:376][369]LogModuleManager: Shutting down and abandoning module GameplayTagsEditor (242)
[2017.09.02-02.43.47:376][369]LogModuleManager: Shutting down and abandoning module FacialAnimationEditor (240)
[2017.09.02-02.43.47:376][369]LogModuleManager: Shutting down and abandoning module FacialAnimation (238)
[2017.09.02-02.43.47:376][369]LogModuleManager: Shutting down and abandoning module AssetManagerEditor (236)
[2017.09.02-02.43.47:376][369]LogModuleManager: Shutting down and abandoning module GraphEditor (235)
[2017.09.02-02.43.47:376][369]LogModuleManager: Shutting down and abandoning module ContentBrowser (233)
[2017.09.02-02.43.47:377][369]LogModuleManager: Shutting down and abandoning module LightPropagationVolumeRuntime (230)
[2017.09.02-02.43.47:377][369]LogModuleManager: Shutting down and abandoning module Paper2D (228)
[2017.09.02-02.43.47:377][369]LogModuleManager: Shutting down and abandoning module WindowsMoviePlayer (226)
[2017.09.02-02.43.47:377][369]LogModuleManager: Shutting down and abandoning module WmfMedia (224)
[2017.09.02-02.43.47:377][369]LogModuleManager: Shutting down and abandoning module PacketHandler (222)
[2017.09.02-02.43.47:377][369]LogModuleManager: Shutting down and abandoning module ClothingSystemEditor (220)
[2017.09.02-02.43.47:377][369]LogModuleManager: Shutting down and abandoning module ClothingSystemRuntime (218)
[2017.09.02-02.43.47:377][369]LogModuleManager: Shutting down and abandoning module Overlay (216)
[2017.09.02-02.43.47:377][369]LogModuleManager: Shutting down and abandoning module OverlayEditor (215)
[2017.09.02-02.43.47:377][369]LogModuleManager: Shutting down and abandoning module MediaAssets (212)
[2017.09.02-02.43.47:377][369]LogModuleManager: Shutting down and abandoning module VREditor (210)
[2017.09.02-02.43.47:377][369]LogModuleManager: Shutting down and abandoning module StringTableEditor (208)
[2017.09.02-02.43.47:377][369]LogModuleManager: Shutting down and abandoning module GameplayTasksEditor (206)
[2017.09.02-02.43.47:378][369]LogModuleManager: Shutting down and abandoning module BehaviorTreeEditor (204)
[2017.09.02-02.43.47:378][369]LogModuleManager: Shutting down and abandoning module FunctionalTesting (202)
[2017.09.02-02.43.47:378][369]LogModuleManager: Shutting down and abandoning module CollisionAnalyzer (200)
[2017.09.02-02.43.47:378][369]LogModuleManager: Shutting down and abandoning module WorkspaceMenuStructure (199)
[2017.09.02-02.43.47:378][369]LogModuleManager: Shutting down and abandoning module UMG (196)
[2017.09.02-02.43.47:378][369]LogModuleManager: Shutting down and abandoning module UMGEditor (195)
[2017.09.02-02.43.47:378][369]LogModuleManager: Shutting down and abandoning module Sequencer (194)
[2017.09.02-02.43.47:378][369]LogModuleManager: Shutting down and abandoning module MessageLog (191)
[2017.09.02-02.43.47:378][369]LogModuleManager: Shutting down and abandoning module SlateReflector (186)
[2017.09.02-02.43.47:378][369]LogModuleManager: Shutting down and abandoning module Slate (184)
[2017.09.02-02.43.47:378][369]LogModuleManager: Shutting down and abandoning module EditorStyle (182)
[2017.09.02-02.43.47:379][369]LogModuleManager: Shutting down and abandoning module MRMesh (180)
[2017.09.02-02.43.47:380][369]LogModuleManager: Shutting down and abandoning module SourceCodeAccess (178)
[2017.09.02-02.43.47:380][369]LogModuleManager: Shutting down and abandoning module HeadMountedDisplay (176)
[2017.09.02-02.43.47:380][369]LogModuleManager: Shutting down and abandoning module XAudio2 (174)
[2017.09.02-02.43.47:380][369]LogModuleManager: Shutting down and abandoning module Networking (172)
[2017.09.02-02.43.47:380][369]LogModuleManager: Shutting down and abandoning module Core (168)
[2017.09.02-02.43.47:380][369]LogModuleManager: Shutting down and abandoning module KismetCompiler (164)
[2017.09.02-02.43.47:380][369]LogModuleManager: Shutting down and abandoning module LevelSequence (162)
[2017.09.02-02.43.47:380][369]LogModuleManager: Shutting down and abandoning module MeshUtilities (160)
[2017.09.02-02.43.47:380][369]LogModuleManager: Shutting down and abandoning module MeshMergeUtilities (159)
[2017.09.02-02.43.47:380][369]LogModuleManager: Shutting down and abandoning module MeshReductionInterface (158)
[2017.09.02-02.43.47:380][369]LogModuleManager: Shutting down and abandoning module SimplygonSwarm (157)
[2017.09.02-02.43.47:380][369]LogModuleManager: Shutting down and abandoning module SimplygonMeshReduction (155)
[2017.09.02-02.43.47:380][369]LogModuleManager: Shutting down and abandoning module QuadricMeshReduction (153)
[2017.09.02-02.43.47:380][369]LogModuleManager: Shutting down and abandoning module MaterialBaking (149)
[2017.09.02-02.43.47:380][369]LogModuleManager: Shutting down and abandoning module DirectoryWatcher (146)
[2017.09.02-02.43.47:380][369]LogModuleManager: Shutting down and abandoning module DerivedDataCache (144)
[2017.09.02-02.43.47:416][369]LogDerivedDataCache: Shutdown
[2017.09.02-02.43.47:416][369]LogModuleManager: Shutting down and abandoning module TargetPlatform (142)
[2017.09.02-02.43.47:416][369]LogModuleManager: Shutting down and abandoning module VulkanShaderFormat (141)
[2017.09.02-02.43.47:416][369]LogModuleManager: Shutting down and abandoning module ShaderFormatVectorVM (139)
[2017.09.02-02.43.47:416][369]LogModuleManager: Shutting down and abandoning module ShaderFormatOpenGL (137)
[2017.09.02-02.43.47:416][369]LogModuleManager: Shutting down and abandoning module ShaderFormatD3D (135)
[2017.09.02-02.43.47:416][369]LogModuleManager: Shutting down and abandoning module MetalShaderFormat (133)
[2017.09.02-02.43.47:416][369]LogModuleManager: Shutting down and abandoning module TextureFormatUncompressed (131)
[2017.09.02-02.43.47:416][369]LogModuleManager: Shutting down and abandoning module TextureFormatPVR (129)
[2017.09.02-02.43.47:416][369]LogModuleManager: Shutting down and abandoning module TextureFormatDXT (127)
[2017.09.02-02.43.47:416][369]LogModuleManager: Shutting down and abandoning module TextureFormatIntelISPCTexComp (125)
[2017.09.02-02.43.47:416][369]LogModuleManager: Shutting down and abandoning module TextureFormatASTC (123)
[2017.09.02-02.43.47:416][369]LogModuleManager: Shutting down and abandoning module ImageWrapper (122)
[2017.09.02-02.43.47:416][369]LogModuleManager: Shutting down and abandoning module TextureFormatAndroid (119)
[2017.09.02-02.43.47:416][369]LogModuleManager: Shutting down and abandoning module AudioFormatOpus (117)
[2017.09.02-02.43.47:416][369]LogModuleManager: Shutting down and abandoning module AudioFormatOgg (115)
[2017.09.02-02.43.47:416][369]LogModuleManager: Shutting down and abandoning module AudioFormatADPCM (113)
[2017.09.02-02.43.47:416][369]LogModuleManager: Shutting down and abandoning module LinuxTargetPlatform (111)
[2017.09.02-02.43.47:416][369]LogModuleManager: Shutting down and abandoning module LinuxServerTargetPlatform (109)
[2017.09.02-02.43.47:416][369]LogModuleManager: Shutting down and abandoning module LinuxNoEditorTargetPlatform (107)
[2017.09.02-02.43.47:416][369]LogModuleManager: Shutting down and abandoning module LinuxClientTargetPlatform (105)
[2017.09.02-02.43.47:416][369]LogModuleManager: Shutting down and abandoning module TVOSTargetPlatform (103)
[2017.09.02-02.43.47:416][369]LogModuleManager: Shutting down and abandoning module Messaging (101)
[2017.09.02-02.43.47:416][369]LogModuleManager: Shutting down and abandoning module IOSTargetPlatform (99)
[2017.09.02-02.43.47:416][369]LogModuleManager: Shutting down and abandoning module HTML5TargetPlatform (97)
[2017.09.02-02.43.47:416][369]LogModuleManager: Shutting down and abandoning module Android_PVRTCTargetPlatform (95)
[2017.09.02-02.43.47:416][369]LogModuleManager: Shutting down and abandoning module Android_MultiTargetPlatform (93)
[2017.09.02-02.43.47:416][369]LogModuleManager: Shutting down and abandoning module Android_ETC2TargetPlatform (91)
[2017.09.02-02.43.47:416][369]LogModuleManager: Shutting down and abandoning module Android_ETC1TargetPlatform (89)
[2017.09.02-02.43.47:416][369]LogModuleManager: Shutting down and abandoning module Android_DXTTargetPlatform (87)
[2017.09.02-02.43.47:416][369]LogModuleManager: Shutting down and abandoning module Android_ATCTargetPlatform (85)
[2017.09.02-02.43.47:416][369]LogModuleManager: Shutting down and abandoning module Android_ASTCTargetPlatform (83)
[2017.09.02-02.43.47:416][369]LogModuleManager: Shutting down and abandoning module AndroidTargetPlatform (81)
[2017.09.02-02.43.47:416][369]LogModuleManager: Shutting down and abandoning module WindowsTargetPlatform (79)
[2017.09.02-02.43.47:416][369]LogModuleManager: Shutting down and abandoning module WindowsServerTargetPlatform (77)
[2017.09.02-02.43.47:416][369]LogModuleManager: Shutting down and abandoning module WindowsNoEditorTargetPlatform (75)
[2017.09.02-02.43.47:416][369]LogModuleManager: Shutting down and abandoning module WindowsClientTargetPlatform (73)
[2017.09.02-02.43.47:416][369]LogModuleManager: Shutting down and abandoning module MacTargetPlatform (71)
[2017.09.02-02.43.47:416][369]LogModuleManager: Shutting down and abandoning module MacServerTargetPlatform (69)
[2017.09.02-02.43.47:416][369]LogModuleManager: Shutting down and abandoning module MacNoEditorTargetPlatform (67)
[2017.09.02-02.43.47:416][369]LogModuleManager: Shutting down and abandoning module MacClientTargetPlatform (65)
[2017.09.02-02.43.47:416][369]LogModuleManager: Shutting down and abandoning module AllDesktopTargetPlatform (63)
[2017.09.02-02.43.47:417][369]LogModuleManager: Shutting down and abandoning module InputCore (60)
[2017.09.02-02.43.47:417][369]LogModuleManager: Shutting down and abandoning module Settings (58)
[2017.09.02-02.43.47:417][369]LogModuleManager: Shutting down and abandoning module PhysXCooking (56)
[2017.09.02-02.43.47:417][369]LogModuleManager: Shutting down and abandoning module SteamVR (54)
[2017.09.02-02.43.47:417][369]LogModuleManager: Shutting down and abandoning module OculusHMD (52)
[2017.09.02-02.43.47:417][369]LogModuleManager: Shutting down and abandoning module ExampleDeviceProfileSelector (50)
[2017.09.02-02.43.47:417][369]LogModuleManager: Shutting down and abandoning module OnlineBlueprintSupport (48)
[2017.09.02-02.43.47:417][369]LogModuleManager: Shutting down and abandoning module OnlineSubsystem (44)
[2017.09.02-02.43.47:417][369]LogOnline: Display: Unloading online subsystem: NULL
[2017.09.02-02.43.47:417][369]LogModuleManager: Shutting down and abandoning module XMPP (43)
[2017.09.02-02.43.47:417][369]LogModuleManager: Shutting down and abandoning module HTTP (41)
[2017.09.02-02.43.47:417][369]LogHttp: Display: Http module shutting down, but needs to wait on 1 outstanding Http requests:
[2017.09.02-02.43.47:417][369]LogHttp: Display: 	verb=[POST] url=[https://datarouter.ol.epicgames.com/datarouter/api/v1/public/data?SessionID=%7B9937A38E-49E8-A3D0-4975-E3BCD8B4B54F%7D&AppID=UEEditor.Rocket.Release&AppVersion=4.17.1-3586342%2B%2B%2BUE4%2BRelease-4.17&UserID=5160131d4fbbf6d62e4719b8716de666%7C3ef35b30eb8d444d8e26d7fb1794d4bf%7Cb9c6b803-d102-46e7-b321-ae8f3428388b&AppEnvironment=datacollector-binary&UploadType=eteventstream] status=Processing
[2017.09.02-02.43.47:431][369]LogModuleManager: Shutting down and abandoning module SSL (40)
[2017.09.02-02.43.47:433][369]LogModuleManager: Shutting down and abandoning module AnimationModifiers (36)
[2017.09.02-02.43.47:433][369]LogModuleManager: Shutting down and abandoning module PropertyEditor (35)
[2017.09.02-02.43.47:433][369]LogModuleManager: Shutting down and abandoning module AudioEditor (32)
[2017.09.02-02.43.47:433][369]LogModuleManager: Shutting down and abandoning module TextureCompressor (30)
[2017.09.02-02.43.47:433][369]LogModuleManager: Shutting down and abandoning module ShaderCore (28)
[2017.09.02-02.43.47:433][369]LogModuleManager: Shutting down and abandoning module Landscape (26)
[2017.09.02-02.43.47:433][369]LogModuleManager: Shutting down and abandoning module SlateRHIRenderer (24)
[2017.09.02-02.43.47:434][369]LogModuleManager: Shutting down and abandoning module OpenGLDrv (22)
[2017.09.02-02.43.47:434][369]LogModuleManager: Shutting down and abandoning module D3D11RHI (20)
[2017.09.02-02.43.47:434][369]LogModuleManager: Shutting down and abandoning module AnimGraphRuntime (18)
[2017.09.02-02.43.47:434][369]LogModuleManager: Shutting down and abandoning module Renderer (16)
[2017.09.02-02.43.47:434][369]LogModuleManager: Shutting down and abandoning module Engine (14)
[2017.09.02-02.43.47:434][369]LogModuleManager: Shutting down and abandoning module CoreUObject (12)
[2017.09.02-02.43.47:434][369]LogModuleManager: Shutting down and abandoning module NetworkFile (10)
[2017.09.02-02.43.47:434][369]LogModuleManager: Shutting down and abandoning module CookedIterativeFile (8)
[2017.09.02-02.43.47:434][369]LogModuleManager: Shutting down and abandoning module StreamingFile (6)
[2017.09.02-02.43.47:434][369]LogModuleManager: Shutting down and abandoning module SandboxFile (4)
[2017.09.02-02.43.47:434][369]LogModuleManager: Shutting down and abandoning module PakFile (2)
[2017.09.02-02.43.47:437][369]LogExit: Exiting.
[2017.09.02-02.43.47:469][369]Log file closed, 09/01/17 20:43:47
