Log file open, 11/25/17 16:11:59
LogWindows: LoadLibraryWithSearchPaths failed for file aqProf.dll. GetLastError=0
LogWindows: LoadLibraryWithSearchPaths failed for file VSPerf140.dll. GetLastError=0
LogWindows: LoadLibraryWithSearchPaths failed for file VtuneApi.dll. GetLastError=0
LogWindows: LoadLibraryWithSearchPaths failed for file VtuneApi32e.dll. GetLastError=0
LogInit: Display: Running engine for game: InsertNameAdventure
LogPlatformFile: Not using cached read wrapper
LogInit: Display: RandInit(873303460) SRandInit(873303460).
LogTaskGraph: Started task graph with 5 named threads and 14 total threads with 3 sets of task threads.
LogStats: Stats thread started at 0.654886
LogD3D11RHI: Aftermath initialized
LogPluginManager: Mounting plugin Paper2D
LogPluginManager: Mounting plugin LightPropagationVolume
LogPluginManager: Mounting plugin CodeLiteSourceCodeAccess
LogPluginManager: Mounting plugin GitSourceControl
LogPluginManager: Mounting plugin KDevelopSourceCodeAccess
LogPluginManager: Mounting plugin NullSourceCodeAccess
LogPluginManager: Mounting plugin PerforceSourceControl
LogPluginManager: Mounting plugin SubversionSourceControl
LogPluginManager: Mounting plugin UObjectPlugin
LogPluginManager: Mounting plugin VisualStudioSourceCodeAccess
LogPluginManager: Mounting plugin XCodeSourceCodeAccess
LogPluginManager: Mounting plugin AssetManagerEditor
LogPluginManager: Mounting plugin AudioCapture
LogPluginManager: Mounting plugin FacialAnimation
LogPluginManager: Mounting plugin GameplayTagsEditor
LogPluginManager: Mounting plugin MobileLauncherProfileWizard
LogPluginManager: Mounting plugin PluginBrowser
LogPluginManager: Mounting plugin SpeedTreeImporter
LogPluginManager: Mounting plugin AlembicImporter
LogPluginManager: Mounting plugin CharacterAI
LogPluginManager: Mounting plugin HTML5Networking
LogPluginManager: Mounting plugin AndroidMedia
LogPluginManager: Mounting plugin AvfMedia
LogPluginManager: Mounting plugin MediaPlayerEditor
LogPluginManager: Mounting plugin WmfMedia
LogPluginManager: Mounting plugin TcpMessaging
LogPluginManager: Mounting plugin UdpMessaging
LogPluginManager: Mounting plugin LevelSequenceEditor
LogPluginManager: Mounting plugin MatineeToLevelSequence
LogPluginManager: Mounting plugin OnlineSubsystemGooglePlay
LogPluginManager: Mounting plugin OnlineSubsystemIOS
LogPluginManager: Mounting plugin OnlineSubsystem
LogPluginManager: Mounting plugin OnlineSubsystemNull
LogPluginManager: Mounting plugin OnlineSubsystemUtils
LogPluginManager: Mounting plugin AndroidDeviceProfileSelector
LogPluginManager: Mounting plugin AndroidMoviePlayer
LogPluginManager: Mounting plugin AndroidPermission
LogPluginManager: Mounting plugin AppleMoviePlayer
LogPluginManager: Mounting plugin ArchVisCharacter
LogPluginManager: Mounting plugin CableComponent
LogPluginManager: Mounting plugin CustomMeshComponent
LogPluginManager: Mounting plugin ExampleDeviceProfileSelector
LogPluginManager: Mounting plugin GoogleCloudMessaging
LogPluginManager: Mounting plugin ImmediatePhysics
LogPluginManager: Mounting plugin IOSDeviceProfileSelector
LogPluginManager: Mounting plugin LinuxDeviceProfileSelector
LogPluginManager: Mounting plugin LocationServicesBPLibrary
LogPluginManager: Mounting plugin MobilePatchingUtils
LogPluginManager: Mounting plugin OculusVR
LogPluginManager: Mounting plugin PhysXVehicles
LogPluginManager: Mounting plugin ProceduralMeshComponent
LogPluginManager: Mounting plugin RuntimePhysXCooking
LogPluginManager: Mounting plugin SteamVR
LogPluginManager: Mounting plugin WindowsMoviePlayer
LogInit: Using libcurl 7.47.1
LogInit:  - built for x86_64-pc-win32
LogInit:  - supports SSL with OpenSSL/1.0.2g
LogInit:  - supports HTTP deflate (compression) using libz 1.2.8
LogInit:  - other features:
LogInit:      CURL_VERSION_SSL
LogInit:      CURL_VERSION_LIBZ
LogInit:      CURL_VERSION_IPV6
LogInit:      CURL_VERSION_ASYNCHDNS
LogInit:      CURL_VERSION_LARGEFILE
LogInit:      CURL_VERSION_IDN
LogInit:  CurlRequestOptions (configurable via config and command line):
LogInit:  - bVerifyPeer = false  - Libcurl will NOT verify peer certificate
LogInit:  - bUseHttpProxy = false  - Libcurl will NOT use HTTP proxy
LogInit:  - bDontReuseConnections = false  - Libcurl will reuse connections
LogInit:  - CertBundlePath = nullptr  - Libcurl will use whatever was configured at build time.
LogInit: Build: ++UE4+Release-4.17-CL-3586342
LogInit: Engine Version: 4.17.1-3586342+++UE4+Release-4.17
LogInit: Compatible Engine Version: 4.17.0-3573198+++UE4+Release-4.17
LogInit: Net CL: 3573198
LogDevObjectVersion: Number of dev versions registered: 16
LogDevObjectVersion:   Dev-Blueprints (B0D832E4-1F89-4F0D-ACCF-7EB736FD4AA2): 10
LogDevObjectVersion:   Dev-Build (E1C64328-A22C-4D53-A36C-8E866417BD8C): 0
LogDevObjectVersion:   Dev-Core (375EC13C-06E4-48FB-B500-84F0262A717E): 2
LogDevObjectVersion:   Dev-Editor (E4B068ED-F494-42E9-A231-DA0B2E46BB41): 20
LogDevObjectVersion:   Dev-Framework (CFFC743F-43B0-4480-9391-14DF171D2073): 28
LogDevObjectVersion:   Dev-Mobile (B02B49B5-BB20-44E9-A304-32B752E40360): 0
LogDevObjectVersion:   Dev-Networking (A4E4105C-59A1-49B5-A7C5-40C4547EDFEE): 0
LogDevObjectVersion:   Dev-Online (39C831C9-5AE6-47DC-9A44-9C173E1C8E7C): 0
LogDevObjectVersion:   Dev-Physics (78F01B33-EBEA-4F98-B9B4-84EACCB95AA2): 0
LogDevObjectVersion:   Dev-Platform (6631380F-2D4D-43E0-8009-CF276956A95A): 0
LogDevObjectVersion:   Dev-Rendering (12F88B9F-8875-4AFC-A67C-D90C383ABD29): 19
LogDevObjectVersion:   Dev-Sequencer (7B5AE74C-D270-4C10-A958-57980B212A5A): 4
LogDevObjectVersion:   Dev-VR (D7296918-1DD6-4BDD-9DE2-64A83CC13884): 0
LogDevObjectVersion:   Dev-LoadTimes (C2A15278-BFE7-4AFE-6C17-90FF531DF755): 1
LogDevObjectVersion:   Private-Geometry (6EACA3D4-40EC-4CC1-B786-8BED09428FC5): 1
LogDevObjectVersion:   Dev-AnimPhys (29E575DD-E0A3-4627-9D10-D276232CDCEA): 7
LogInit: Compiled (64-bit): Aug 15 2017 02:05:26
LogInit: Compiled with Visual C++: 19.00.24215.01
LogInit: Build Configuration: Development
LogInit: Branch Name: ++UE4+Release-4.17
LogInit: Command line:  
LogInit: Base directory: C:/Program Files/Epic Games/UE_4.17/Engine/Binaries/Win64/
LogInit: Installed Engine Build: 1
LogInit: Presizing for max 8388607 objects, including 0 objects not considered by GC, pre-allocating 0 bytes for permanent pool.
LogInit: Object subsystem initialized
[2017.11.25-23.12.00:407][  0]LogInit: Selected Device Profile: [Windows]
[2017.11.25-23.12.00:407][  0]LogInit: Applying CVar settings loaded from the selected device profile: [Windows]
[2017.11.25-23.12.00:477][  0]LogInit: Computer: DESKTOP-OMJHMSB
[2017.11.25-23.12.00:477][  0]LogInit: User: rajjj
[2017.11.25-23.12.00:477][  0]LogInit: CPU Page size=4096, Cores=4
[2017.11.25-23.12.00:477][  0]LogInit: High frequency timer resolution =3.328121 MHz
[2017.11.25-23.12.00:477][  0]LogMemory: Memory total: Physical=15.9GB (16GB approx)
[2017.11.25-23.12.00:477][  0]LogMemory: Platform Memory Stats for Windows
[2017.11.25-23.12.00:477][  0]LogMemory: Process Physical Memory: 281.02 MB used, 281.02 MB peak
[2017.11.25-23.12.00:477][  0]LogMemory: Process Virtual Memory: 290.11 MB used, 290.11 MB peak
[2017.11.25-23.12.00:477][  0]LogMemory: Physical Memory: 4219.60 MB used,  12102.14 MB free, 16321.74 MB total
[2017.11.25-23.12.00:477][  0]LogMemory: Virtual Memory: 722.12 MB used,  12102.14 MB free, 134217728.00 MB total
[2017.11.25-23.12.00:896][  0]LogInit: Using OS detected language (en-US).
[2017.11.25-23.12.00:896][  0]LogInit: Using OS detected locale (en-US).
[2017.11.25-23.12.00:952][  0]LogTextLocalizationManager: No specific localization for 'en-US' exists, so the 'en' localization will be used.
[2017.11.25-23.12.03:496][  0]LogD3D11RHI: D3D11 adapters:
[2017.11.25-23.12.03:535][  0]LogD3D11RHI:    0. 'NVIDIA GeForce GTX 1070' (Feature Level 11_0)
[2017.11.25-23.12.03:535][  0]LogD3D11RHI:       8096/0/8160 MB DedicatedVideo/DedicatedSystem/SharedSystem, Outputs:2, VendorId:0x10de
[2017.11.25-23.12.03:537][  0]LogD3D11RHI:    1. 'Microsoft Basic Render Driver' (Feature Level 11_0)
[2017.11.25-23.12.03:537][  0]LogD3D11RHI:       0/0/8160 MB DedicatedVideo/DedicatedSystem/SharedSystem, Outputs:0, VendorId:0x1414
[2017.11.25-23.12.03:537][  0]LogD3D11RHI: Chosen D3D11 Adapter: 0
[2017.11.25-23.12.03:543][  0]LogD3D11RHI: Creating new Direct3DDevice
[2017.11.25-23.12.03:543][  0]LogD3D11RHI:     GPU DeviceId: 0x1b81 (for the marketing name, search the web for "GPU Device Id")
[2017.11.25-23.12.03:543][  0]LogWindows: EnumDisplayDevices:
[2017.11.25-23.12.03:543][  0]LogWindows:    0. 'NVIDIA GeForce GTX 1070' (P:0 D:1)
[2017.11.25-23.12.03:543][  0]LogWindows:    1. 'NVIDIA GeForce GTX 1070' (P:1 D:1)
[2017.11.25-23.12.03:543][  0]LogWindows:    2. 'NVIDIA GeForce GTX 1070' (P:0 D:0)
[2017.11.25-23.12.03:543][  0]LogWindows:    3. 'NVIDIA GeForce GTX 1070' (P:0 D:0)
[2017.11.25-23.12.03:543][  0]LogWindows: DebugString: GetVideoDriverDetailsInvalid PrimaryIsNotTheChoosenAdapter GetVideoDriverDetailsInvalid PrimaryIsNotTheChoosenAdapter GetVideoDriverDetailsInvalid PrimaryIsNotTheChoosenAdapter GetVideoDriverDetailsInvalid PrimaryIsNotTheChoosenAdapter FoundDriverCount:0 
[2017.11.25-23.12.03:543][  0]LogD3D11RHI:     Adapter Name: NVIDIA GeForce GTX 1070
[2017.11.25-23.12.03:543][  0]LogD3D11RHI:   Driver Version: Unknown (internal:Unknown, unified:Unknown)
[2017.11.25-23.12.03:543][  0]LogD3D11RHI:      Driver Date: Unknown
[2017.11.25-23.12.03:543][  0]LogRHI: Texture pool is 1361 MB (70% of 1945 MB)
[2017.11.25-23.12.03:562][  0]LogD3D11RHI: Async texture creation enabled
[2017.11.25-23.12.04:185][  0]LogD3D11RHI: GPU Timing Frequency: 1000.000000 (Debug: 2 1)
[2017.11.25-23.12.04:242][  0]LogShaderCompilers: Guid format shader working directory is -35 characters bigger than the processId version (../../../../../../Users/rajjj/OneDrive/Documents/GitHub/DatBoiEntertainmetnGame_/Intermediate/Shaders/WorkingDirectory/19564/).
[2017.11.25-23.12.04:242][  0]LogShaderCompilers: Cleaned the shader compiler working directory 'C:/Users/rajjj/AppData/Local/Temp/UnrealShaderWorkingDir/E11B990848AD1E8092C643A522F0CC6B/'.
[2017.11.25-23.12.04:243][  0]LogShaderCompilers: Display: Using Local Shader Compiler.
[2017.11.25-23.12.06:380][  0]LogTemp: Display: Loaded TP AllDesktopTargetPlatform
[2017.11.25-23.12.06:439][  0]LogTemp: Display: Loaded TP MacClientTargetPlatform
[2017.11.25-23.12.06:489][  0]LogTemp: Display: Loaded TP MacNoEditorTargetPlatform
[2017.11.25-23.12.06:534][  0]LogTemp: Display: Loaded TP MacServerTargetPlatform
[2017.11.25-23.12.06:584][  0]LogTemp: Display: Loaded TP MacTargetPlatform
[2017.11.25-23.12.06:630][  0]LogTemp: Display: Loaded TP WindowsClientTargetPlatform
[2017.11.25-23.12.06:676][  0]LogTemp: Display: Loaded TP WindowsNoEditorTargetPlatform
[2017.11.25-23.12.06:722][  0]LogTemp: Display: Loaded TP WindowsServerTargetPlatform
[2017.11.25-23.12.06:763][  0]LogTemp: Display: Loaded TP WindowsTargetPlatform
[2017.11.25-23.12.06:811][  0]LogTemp: Display: Loaded TP AndroidTargetPlatform
[2017.11.25-23.12.06:856][  0]LogTemp: Display: Loaded TP Android_ASTCTargetPlatform
[2017.11.25-23.12.06:901][  0]LogTemp: Display: Loaded TP Android_ATCTargetPlatform
[2017.11.25-23.12.06:945][  0]LogTemp: Display: Loaded TP Android_DXTTargetPlatform
[2017.11.25-23.12.06:990][  0]LogTemp: Display: Loaded TP Android_ETC1TargetPlatform
[2017.11.25-23.12.07:035][  0]LogTemp: Display: Loaded TP Android_ETC2TargetPlatform
[2017.11.25-23.12.07:124][  0]LogTemp: Display: Loaded TP Android_MultiTargetPlatform
[2017.11.25-23.12.07:124][  0]LogTemp: Display: Loaded TP Android_PVRTCTargetPlatform
[2017.11.25-23.12.07:159][  0]LogTemp: Display: Loaded TP HTML5TargetPlatform
[2017.11.25-23.12.07:252][  0]LogTemp: Display: Loaded TP IOSTargetPlatform
[2017.11.25-23.12.07:279][  0]LogTemp: Display: Loaded TP TVOSTargetPlatform
[2017.11.25-23.12.07:323][  0]LogTemp: Display: Loaded TP LinuxClientTargetPlatform
[2017.11.25-23.12.07:367][  0]LogTemp: Display: Loaded TP LinuxNoEditorTargetPlatform
[2017.11.25-23.12.07:412][  0]LogTemp: Display: Loaded TP LinuxServerTargetPlatform
[2017.11.25-23.12.07:460][  0]LogTemp: Display: Loaded TP LinuxTargetPlatform
[2017.11.25-23.12.07:461][  0]LogTargetPlatformManager: Display: Building Assets For Windows
[2017.11.25-23.12.07:966][  0]LogDerivedDataCache: Display: Max Cache Size: 512 MB
[2017.11.25-23.12.08:426][  0]LogDerivedDataCache: Loaded boot cache 0.46s 93MB C:/Users/rajjj/AppData/Local/UnrealEngine/4.17/DerivedDataCache/Boot.ddc.
[2017.11.25-23.12.08:426][  0]LogDerivedDataCache: Display: Loaded Boot cache: C:/Users/rajjj/AppData/Local/UnrealEngine/4.17/DerivedDataCache/Boot.ddc
[2017.11.25-23.12.08:427][  0]LogDerivedDataCache: FDerivedDataBackendGraph:  Pak pak cache file ../../../../../../Users/rajjj/OneDrive/Documents/GitHub/DatBoiEntertainmetnGame_/DerivedDataCache/DDC.ddp not found, will not use a pak cache.
[2017.11.25-23.12.08:427][  0]LogDerivedDataCache: Unable to find inner node Pak for hierarchical cache Hierarchy.
[2017.11.25-23.12.08:427][  0]LogDerivedDataCache: FDerivedDataBackendGraph:  CompressedPak pak cache file ../../../../../../Users/rajjj/OneDrive/Documents/GitHub/DatBoiEntertainmetnGame_/DerivedDataCache/Compressed.ddp not found, will not use a pak cache.
[2017.11.25-23.12.08:427][  0]LogDerivedDataCache: Unable to find inner node CompressedPak for hierarchical cache Hierarchy.
[2017.11.25-23.12.08:484][  0]LogDerivedDataCache: Display: Pak cache opened for reading ../../../Engine/DerivedDataCache/Compressed.ddp.
[2017.11.25-23.12.08:497][  0]LogDerivedDataCache: Using Local data cache path C:/Users/rajjj/AppData/Local/UnrealEngine/Common/DerivedDataCache: Writable
[2017.11.25-23.12.08:509][  0]LogMaterial: Verifying Global Shaders for PCD3D_SM5
[2017.11.25-23.12.08:515][  0]LogSlate: Using Freetype 2.6.0
[2017.11.25-23.12.08:534][  0]LogSlate: SlateFontCache - WITH_FREETYPE: 1, WITH_HARFBUZZ: 1
[2017.11.25-23.12.08:536][  0]LogSlate: SlateFontCache - WITH_FREETYPE: 1, WITH_HARFBUZZ: 1
[2017.11.25-23.12.09:419][  0]LogAssetRegistry: FAssetRegistry took 0.0276 seconds to start up
[2017.11.25-23.12.09:553][  0]LogInit: Selected Device Profile: [Windows]
[2017.11.25-23.12.09:906][  0]LogContentStreaming: Texture pool size is 0.00 MB
[2017.11.25-23.12.10:237][  0]LogSimplygon: Simplygon DLL not present - disabling.
[2017.11.25-23.12.10:279][  0]LogMeshReduction: Using SimplygonSwarm for distributed automatic mesh merging
[2017.11.25-23.12.10:279][  0]LogMeshReduction: Using QuadricMeshReduction for automatic static mesh reduction
[2017.11.25-23.12.10:279][  0]LogMeshReduction: No automatic skeletal mesh reduction module available
[2017.11.25-23.12.10:279][  0]LogMeshReduction: No automatic mesh merging module available
[2017.11.25-23.12.10:280][  0]LogMeshMerging: No automatic mesh merging module available
[2017.11.25-23.12.10:975][  0]LogNetVersion: InsertNameAdventure , NetCL: 3573198, EngineNetVer: 2, GameNetVer: 0 (Checksum: 3080426378)
[2017.11.25-23.12.11:427][  0]LogPackageLocalizationCache: Processed 5 localized package path(s) for 2 prioritized culture(s) in 0.055582 seconds
[2017.11.25-23.12.11:432][  0]LogUObjectArray: 35825 objects as part of root set at end of initial load.
[2017.11.25-23.12.11:432][  0]LogUObjectAllocator: 7529112 out of 0 bytes used by permanent object pool.
[2017.11.25-23.12.11:432][  0]LogUObjectArray: CloseDisregardForGC: 0/0 objects in disregard for GC pool
[2017.11.25-23.12.11:490][  0]LogInit: WinSock: version 1.1 (2.2), MaxSocks=32767, MaxUdp=65467
[2017.11.25-23.12.16:153][  0]LogTcpMessaging: Initializing TcpMessaging bridge
[2017.11.25-23.12.16:191][  0]LogUdpMessaging: Initializing bridge on interface 0.0.0.0:0 to multicast group 230.0.0.1:6666.
[2017.11.25-23.12.16:929][  0]LogMaterial: Uniform references updated for custom material expression Custom.
[2017.11.25-23.12.17:390][  0]SourceControl: Source control is disabled
[2017.11.25-23.12.18:375][  0]LogAndroidPermission: UAndroidPermissionCallbackProxy::GetInstance
[2017.11.25-23.12.18:590][  0]LogOcInput: OculusInput pre-init called
[2017.11.25-23.12.18:854][  0]LogEngine: Initializing Engine...
[2017.11.25-23.12.18:856][  0]LogHMD: Failed to initialize OpenVR with code 110
[2017.11.25-23.12.19:194][  0]LogStats: UGameplayTagsManager::ConstructGameplayTagTree: Construct from data asset -  0.000 s
[2017.11.25-23.12.19:194][  0]LogStats: UGameplayTagsManager::ConstructGameplayTagTree: GameplayTagTreeChangedEvent.Broadcast -  0.000 s
[2017.11.25-23.12.19:328][  0]LogAIModule: Creating AISystem for world Untitled
[2017.11.25-23.12.19:340][  0]LogInit: XAudio2 using 'Speakers (2- Logitech G930 Headset)' : 2 channels at 48 kHz using 16 bits per sample (channel mask 0x3)
[2017.11.25-23.12.19:356][  0]LogInit: FAudioDevice initialized.
[2017.11.25-23.12.19:429][  0]LogDerivedDataCache: Saved boot cache 0.07s 93MB C:/Users/rajjj/AppData/Local/UnrealEngine/4.17/DerivedDataCache/Boot.ddc.
[2017.11.25-23.12.19:441][  0]LogInit: Texture streaming: Enabled
[2017.11.25-23.12.19:549][  0]LogEngineSessionManager: EngineSessionManager initialized
[2017.11.25-23.12.19:810][  0]LogInit: Transaction tracking system initialized
[2017.11.25-23.12.20:138][  0]BlueprintLog: New page: Editor Load
[2017.11.25-23.12.21:050][  0]LocalizationService: Localization service is disabled
[2017.11.25-23.12.21:752][  0]LogConsoleResponse: Display: 
[2017.11.25-23.12.22:144][  0]LogCook: Display: Max memory allowance for cook 16384mb min free memory 0mb
[2017.11.25-23.12.22:144][  0]LogCook: Display: Mobile HDR setting 1
[2017.11.25-23.12.22:145][  0]LogGameplayTags: Display: UGameplayTagsManager::DoneAddingNativeTags. DelegateIsBound: 0
[2017.11.25-23.12.22:674][  0]LogFileCache: Scanning file cache for directory 'C:/Users/rajjj/OneDrive/Documents/GitHub/DatBoiEntertainmetnGame_/Content/' took 0.02s
[2017.11.25-23.12.23:255][  0]Cmd: MAP LOAD FILE="../../../../../../Users/rajjj/OneDrive/Documents/GitHub/DatBoiEntertainmetnGame_/Content/2DSideScrollerBP/Maps/Levels/Rainforest_Alien.umap" TEMPLATE=0 SHOWPROGRESS=1 FEATURELEVEL=3
[2017.11.25-23.12.23:257][  0]LightingResults: New page: Lighting Build
[2017.11.25-23.12.23:299][  0]MapCheck: New page: Map Check
[2017.11.25-23.12.23:299][  0]LightingResults: New page: Lighting Build
[2017.11.25-23.12.25:323][  0]LogMaterial: Missing cached shader map for material BlueLight_M1, compiling. 
[2017.11.25-23.12.25:324][  0]LogMaterial: Warning: Failed to compile Material /Game/2DSideScrollerBP/Maps/Levels/LevelSprites/Sprites/Rain_Forrest_Sprites/Materials/BlueLight_M1.BlueLight_M1 for platform PCD3D_SM5, Default Material will be used in game.
[2017.11.25-23.12.25:324][  0]LogMaterial: Warning: 	Function Flicker_MF: Missing function input 'Color'
[2017.11.25-23.12.25:607][  0]LogAIModule: Creating AISystem for world Rainforest_Alien
[2017.11.25-23.12.25:654][  0]LogEditorServer: Finished looking for orphan Actors (0.000 secs)
[2017.11.25-23.12.25:671][  0]Cmd: MAP CHECKDEP NOCLEARLOG
[2017.11.25-23.12.25:734][  0]MapCheck: Map check complete: 0 Error(s), 0 Warning(s), took 63.537ms to complete.
[2017.11.25-23.12.25:734][  0]LogFileHelpers: Loading map 'Rainforest_Alien' took 2.480
[2017.11.25-23.12.25:936][  0]LogCollectionManager: Loaded 0 collections in 0.001344 seconds
[2017.11.25-23.12.26:023][  0]LogFileCache: Scanning file cache for directory 'C:/Users/rajjj/OneDrive/Documents/GitHub/DatBoiEntertainmetnGame_/Saved/Collections/' took 0.01s
[2017.11.25-23.12.26:023][  0]LogFileCache: Scanning file cache for directory 'C:/Users/rajjj/OneDrive/Documents/GitHub/DatBoiEntertainmetnGame_/Content/Developers/rajjj/Collections/' took 0.01s
[2017.11.25-23.12.26:023][  0]LogFileCache: Scanning file cache for directory 'C:/Users/rajjj/OneDrive/Documents/GitHub/DatBoiEntertainmetnGame_/Content/Collections/' took 0.01s
[2017.11.25-23.12.26:023][  0]LogCollectionManager: Rebuilt the GUID cache for 0 collections in 0.000000 seconds
[2017.11.25-23.12.26:031][  0]LogContentBrowser: Native class hierarchy populated in 0.0074 seconds. Added 2386 classes and 500 folders.
[2017.11.25-23.12.26:096][  0]LogContentBrowser: Native class hierarchy updated for 'WidgetCarousel' in 0.0007 seconds. Added 0 classes and 0 folders.
[2017.11.25-23.12.26:436][  0]LogContentBrowser: Native class hierarchy updated for 'AddContentDialog' in 0.0005 seconds. Added 0 classes and 0 folders.
[2017.11.25-23.12.26:483][  0]LogContentBrowser: Native class hierarchy updated for 'SceneOutliner' in 0.0005 seconds. Added 1 classes and 2 folders.
[2017.11.25-23.12.26:564][  0]LogSlate: Took 0.005722 seconds to synchronously load lazily loaded font '../../../Engine/Content/Slate/Fonts/Roboto-Regular.ttf' (155K)
[2017.11.25-23.12.26:572][  0]LogSlate: Took 0.005728 seconds to synchronously load lazily loaded font '../../../Engine/Content/Slate/Fonts/Roboto-Bold.ttf' (160K)
[2017.11.25-23.12.26:582][  0]LogSlate: Took 0.004605 seconds to synchronously load lazily loaded font '../../../Engine/Content/Editor/Slate/Fonts/FontAwesome.ttf' (139K)
[2017.11.25-23.12.26:736][  0]LogRenderer: Reallocating scene render targets to support 1616x628 Format 10 NumSamples 1 (Frame:1).
[2017.11.25-23.12.27:271][  0]LogContentBrowser: Native class hierarchy updated for 'HierarchicalLODOutliner' in 0.0007 seconds. Added 1 classes and 2 folders.
[2017.11.25-23.12.27:272][  0]LogLoad: (Engine Initialization) Total time: 30.00 seconds
[2017.11.25-23.12.27:272][  0]LogLoad: (Engine Initialization) Total Blueprint compile time: 0.00 seconds
[2017.11.25-23.12.27:272][  0]LogExternalProfiler: No external profilers were discovered.  External profiling features will not be available.
[2017.11.25-23.12.27:312][  0]SourceControl: On branch V1.5.1
[2017.11.25-23.12.27:312][  0]SourceControl: Your branch is up-to-date with 'origin/V1.5.1'.
[2017.11.25-23.12.27:312][  0]SourceControl: No commands done.
[2017.11.25-23.12.27:312][  0]SourceControl: Next commands to do (2 remaining commands):
[2017.11.25-23.12.27:312][  0]SourceControl:    pick b627089 Redid mt backdrop and started work on a desert zone
[2017.11.25-23.12.27:312][  0]SourceControl:    pick 5400dc0 Revert "Redid mt backdrop and started work on a desert zone"
[2017.11.25-23.12.27:312][  0]SourceControl:   (use "git rebase --edit-todo" to view and edit)
[2017.11.25-23.12.27:312][  0]SourceControl: You are currently editing a commit while rebasing branch 'V1.5.1' on 'ad616f1'.
[2017.11.25-23.12.27:312][  0]SourceControl:   (use "git commit --amend" to amend the current commit)
[2017.11.25-23.12.27:312][  0]SourceControl:   (use "git rebase --continue" once you are satisfied with your changes)
[2017.11.25-23.12.27:312][  0]SourceControl: Changes not staged for commit:
[2017.11.25-23.12.27:312][  0]SourceControl:   (use "git add/rm <file>..." to update what will be committed)
[2017.11.25-23.12.27:312][  0]SourceControl:   (use "git checkout -- <file>..." to discard changes in working directory)
[2017.11.25-23.12.27:312][  0]SourceControl: 	modified:   Intermediate/CachedAssetRegistry.bin
[2017.11.25-23.12.27:312][  0]SourceControl: 	deleted:    Saved/Config/CrashReportClient/UE4CC-Windows-4B129A0E4397438B58F0808A9ED7C4CF/CrashReportClient.ini
[2017.11.25-23.12.27:312][  0]SourceControl: 	modified:   Saved/Config/Windows/Editor.ini
[2017.11.25-23.12.27:312][  0]SourceControl: 	modified:   Saved/Config/Windows/EditorPerProjectUserSettings.ini
[2017.11.25-23.12.27:312][  0]SourceControl: 	modified:   Saved/Config/Windows/Engine.ini
[2017.11.25-23.12.27:312][  0]SourceControl: 	modified:   Saved/Logs/InsertNameAdventure.log
[2017.11.25-23.12.27:312][  0]SourceControl: Untracked files:
[2017.11.25-23.12.27:312][  0]SourceControl:   (use "git add <file>..." to include in what will be committed)
[2017.11.25-23.12.27:312][  0]SourceControl: 	Saved/Config/CrashReportClient/UE4CC-Windows-CA05A1334BC6EE7B6901CCB047E274CB/
[2017.11.25-23.12.27:313][  0]SourceControl: 	Saved/Logs/InsertNameAdventure-backup-2017.11.25-16.11.59.log
[2017.11.25-23.12.27:313][  0]SourceControl: no changes added to commit (use "git add" and/or "git commit -a")
[2017.11.25-23.12.27:313][  0]LogContentStreaming: Texture pool size now 1000 MB
[2017.11.25-23.12.27:383][  0]LogSlate: Took 0.005308 seconds to synchronously load lazily loaded font '../../../Engine/Content/Slate/Fonts/Roboto-Light.ttf' (159K)
[2017.11.25-23.12.27:405][  1]LogAssetRegistry: Asset discovery search completed in 18.0083 seconds
[2017.11.25-23.12.27:408][  1]LogCollectionManager: Rebuilt the object cache for 0 collections in 0.000001 seconds (found 0 objects)
[2017.11.25-23.12.27:408][  1]LogCollectionManager: Fixed up redirectors for 0 collections in 0.000067 seconds (updated 0 objects)
[2017.11.25-23.12.32:402][540]LogFileCache: Retrieving MD5 hashes for directory 'C:/Users/rajjj/OneDrive/Documents/GitHub/DatBoiEntertainmetnGame_/Content/' took 5.11s
[2017.11.25-23.12.38:701][870]LogSlate: Took 0.000130 seconds to synchronously load lazily loaded font '../../../Engine/Content/Slate/Fonts/Roboto-Light.ttf' (159K)
[2017.11.25-23.12.38:827][870]LogAIModule: Creating AISystem for world Test_Area1
[2017.11.25-23.12.38:846][870]Cmd: MAP LOAD FILE="../../../../../../Users/rajjj/OneDrive/Documents/GitHub/DatBoiEntertainmetnGame_/Content/2DSideScrollerBP/Maps/Levels/Test_Area1.umap" TEMPLATE=0 SHOWPROGRESS=1 FEATURELEVEL=3
[2017.11.25-23.12.38:846][870]LightingResults: New page: Lighting Build
[2017.11.25-23.12.38:847][870]LoadErrors: New page: Loading map: Test_Area1.umap
[2017.11.25-23.12.38:851][870]MapCheck: New page: Map Check
[2017.11.25-23.12.38:851][870]LightingResults: New page: Lighting Build
[2017.11.25-23.12.38:867][870]LogEditorServer: Finished looking for orphan Actors (0.000 secs)
[2017.11.25-23.12.38:931][870]Cmd: MAP CHECKDEP NOCLEARLOG
[2017.11.25-23.12.38:995][870]MapCheck: Map check complete: 0 Error(s), 0 Warning(s), took 63.497ms to complete.
[2017.11.25-23.12.38:995][870]LogFileHelpers: Loading map 'Test_Area1' took 0.150
[2017.11.25-23.12.42:322][194]LogEditorViewport: Clicking on Actor (LMB): Enemy_Test_BP_C (Enemy_Test_BP)
[2017.11.25-23.12.55:663][625]LogTemp: Repeating last play command: Selected Viewport
[2017.11.25-23.12.55:738][625]LogPlayLevel: PlayLevel: No blueprints needed recompiling
[2017.11.25-23.12.55:738][625]PIE: New page: PIE session: Test_Area1 (Nov 25, 2017, 9:12:55 AM)
[2017.11.25-23.12.55:739][625]LogPlayLevel: Creating play world package: /Game/2DSideScrollerBP/Maps/Levels/UEDPIE_0_Test_Area1
[2017.11.25-23.12.55:740][625]LogPlayLevel: PIE: StaticDuplicateObject took: (0.001507s)
[2017.11.25-23.12.55:741][625]LogAIModule: Creating AISystem for world Test_Area1
[2017.11.25-23.12.55:741][625]LogPlayLevel: PIE: World Init took: (0.000624s)
[2017.11.25-23.12.55:741][625]LogPlayLevel: PIE: Created PIE world by copying editor world from /Game/2DSideScrollerBP/Maps/Levels/Test_Area1.Test_Area1 to /Game/2DSideScrollerBP/Maps/Levels/UEDPIE_0_Test_Area1.Test_Area1 (0.002370s)
[2017.11.25-23.12.55:847][625]LogInit: XAudio2 using 'Speakers (2- Logitech G930 Headset)' : 2 channels at 48 kHz using 16 bits per sample (channel mask 0x3)
[2017.11.25-23.12.55:853][625]LogInit: FAudioDevice initialized.
[2017.11.25-23.12.55:903][625]LogLoad: Game class is '2DSideScrollerGameMode_C'
[2017.11.25-23.12.55:906][625]LogWorld: Bringing World /Game/2DSideScrollerBP/Maps/Levels/UEDPIE_0_Test_Area1.Test_Area1 up for play (max tick rate 0) at 2017.11.25-16.12.55
[2017.11.25-23.12.55:908][625]LogWorld: Bringing up level for play took: 0.003310
[2017.11.25-23.12.55:951][625]LogContentBrowser: Native class hierarchy updated for 'MovieSceneCapture' in 0.0006 seconds. Added 11 classes and 0 folders.
[2017.11.25-23.12.55:963][625]PIE: Play in editor start time for /Game/2DSideScrollerBP/Maps/Levels/UEDPIE_0_Test_Area1 1.141
[2017.11.25-23.13.38:314][512]LogAIModule: Creating AISystem for world Rainforest_Alien
[2017.11.25-23.13.39:965][512]LogSavePackage: Save=50.95ms
[2017.11.25-23.13.39:965][512]LogSavePackage: Moving '../../../../../../Users/rajjj/OneDrive/Documents/GitHub/DatBoiEntertainmetnGame_/Saved/Test_Area1DD6B66B14725460BE0A4F9920D5DA659.tmp' to '../../../../../../Users/rajjj/OneDrive/Documents/GitHub/DatBoiEntertainmetnGame_/Content/2DSideScrollerBP/Maps/Levels/Test_Area1.umap'
[2017.11.25-23.13.39:972][512]LogSavePackage: Display: Finished SavePackage ../../../../../../Users/rajjj/OneDrive/Documents/GitHub/DatBoiEntertainmetnGame_/Content/2DSideScrollerBP/Maps/Levels/Test_Area1.umap
[2017.11.25-23.13.40:237][512]LogSlate: Took 0.000121 seconds to synchronously load lazily loaded font '../../../Engine/Content/Slate/Fonts/Roboto-Regular.ttf' (155K)
[2017.11.25-23.13.40:242][512]LogFileHelpers: Saving map 'Test_Area1' took 0.488
[2017.11.25-23.13.40:243][512]Cmd: MAP LOAD FILE="../../../../../../Users/rajjj/OneDrive/Documents/GitHub/DatBoiEntertainmetnGame_/Content/2DSideScrollerBP/Maps/Levels/Rainforest_Alien.umap" TEMPLATE=0 SHOWPROGRESS=1 FEATURELEVEL=3
[2017.11.25-23.13.40:244][512]LightingResults: New page: Lighting Build
[2017.11.25-23.13.40:244][512]LoadErrors: New page: Loading map: Rainforest_Alien.umap
[2017.11.25-23.13.40:325][512]MapCheck: New page: Map Check
[2017.11.25-23.13.40:325][512]LightingResults: New page: Lighting Build
[2017.11.25-23.13.40:365][512]LogEditorServer: Finished looking for orphan Actors (0.000 secs)
[2017.11.25-23.13.40:434][512]Cmd: MAP CHECKDEP NOCLEARLOG
[2017.11.25-23.13.40:503][512]MapCheck: Map check complete: 0 Error(s), 0 Warning(s), took 69.244ms to complete.
[2017.11.25-23.13.40:505][512]LogFileHelpers: Loading map 'Rainforest_Alien' took 0.262
[2017.11.25-23.13.40:548][513]LogParticles: Warning: Spawning 28000 GPU particles in one frame[7514]: RainFall4_PS/Particle Emitter
[2017.11.25-23.14.03:977][ 30]LogSavePackage: Save=1132.40ms
[2017.11.25-23.14.03:977][ 30]LogSavePackage: Moving '../../../../../../Users/rajjj/OneDrive/Documents/GitHub/DatBoiEntertainmetnGame_/Saved/Rainforest_Alien36AF93ED4BD98852A871DC97B818F5C8.tmp' to '../../../../../../Users/rajjj/OneDrive/Documents/GitHub/DatBoiEntertainmetnGame_/Content/2DSideScrollerBP/Maps/Levels/Rainforest_Alien.umap'
[2017.11.25-23.14.03:979][ 30]LogSavePackage: Display: Finished SavePackage ../../../../../../Users/rajjj/OneDrive/Documents/GitHub/DatBoiEntertainmetnGame_/Content/2DSideScrollerBP/Maps/Levels/Rainforest_Alien.umap
[2017.11.25-23.14.04:213][ 30]LogSavePackage: Save=19.08ms
[2017.11.25-23.14.04:213][ 30]LogSavePackage: Moving '../../../../../../Users/rajjj/OneDrive/Documents/GitHub/DatBoiEntertainmetnGame_/Saved/Rainforest_Alien_BuiltDataA5589EC94CD0F32C80BEDE8D1C117591.tmp' to '../../../../../../Users/rajjj/OneDrive/Documents/GitHub/DatBoiEntertainmetnGame_/Content/2DSideScrollerBP/Maps/Levels/Rainforest_Alien_BuiltData.uasset'
[2017.11.25-23.14.04:214][ 30]LogSavePackage: Display: Finished SavePackage ../../../../../../Users/rajjj/OneDrive/Documents/GitHub/DatBoiEntertainmetnGame_/Content/2DSideScrollerBP/Maps/Levels/Rainforest_Alien_BuiltData.uasset
[2017.11.25-23.14.04:310][ 31]LogParticles: Warning: Spawning 28000 GPU particles in one frame[10032]: RainFall4_PS/Particle Emitter
[2017.11.25-23.14.04:958][ 66]LogWindowsTextInputMethodSystem: Display: IME system now deactivated.
[2017.11.25-23.14.05:100][ 67]Cmd: QUIT_EDITOR
[2017.11.25-23.14.05:601][ 67]LogExit: Preparing to exit.
[2017.11.25-23.14.06:407][ 67]LogDirectoryWatcher: A directory notification for 'C:/Users/rajjj/OneDrive/Documents/GitHub/DatBoiEntertainmetnGame_/Content/' was aborted.
[2017.11.25-23.14.06:456][ 67]LogExit: Editor shut down
[2017.11.25-23.14.06:459][ 67]LogExit: Transaction tracking system shut down
[2017.11.25-23.14.06:704][ 67]LogDirectoryWatcher: A directory notification for '../../../Engine/Content/' was aborted.
[2017.11.25-23.14.06:704][ 67]LogDirectoryWatcher: A directory notification for '../../../../../../Users/rajjj/OneDrive/Documents/GitHub/DatBoiEntertainmetnGame_/Content/' was aborted.
[2017.11.25-23.14.06:704][ 67]LogDirectoryWatcher: A directory notification for '../../../Engine/Plugins/2D/Paper2D/Content/' was aborted.
[2017.11.25-23.14.06:704][ 67]LogDirectoryWatcher: A directory notification for '../../../Engine/Plugins/Runtime/Oculus/OculusVR/Content/' was aborted.
[2017.11.25-23.14.06:705][ 67]LogDirectoryWatcher: A directory notification for '../../../Engine/Plugins/Runtime/Steam/SteamVR/Content/' was aborted.
[2017.11.25-23.14.06:811][ 67]LogExit: Object subsystem successfully closed.
[2017.11.25-23.14.06:841][ 67]LogD3D11RHI: Shutdown
[2017.11.25-23.14.06:841][ 67]LogD3D11RHI: CleanupD3DDevice
[2017.11.25-23.14.07:823][ 67]LogD3D11RHI: ~FD3D11DynamicRHI
[2017.11.25-23.14.08:032][ 67]LogModuleManager: Shutting down and abandoning module MovieSceneCapture (532)
[2017.11.25-23.14.08:033][ 67]LogModuleManager: Shutting down and abandoning module HierarchicalLODOutliner (530)
[2017.11.25-23.14.08:033][ 67]LogModuleManager: Shutting down and abandoning module SceneOutliner (528)
[2017.11.25-23.14.08:033][ 67]LogModuleManager: Shutting down and abandoning module AddContentDialog (526)
[2017.11.25-23.14.08:034][ 67]LogDirectoryWatcher: A directory notification for 'C:/Program Files/Epic Games/UE_4.17/FeaturePacks/' was aborted.
[2017.11.25-23.14.08:035][ 67]LogModuleManager: Shutting down and abandoning module WidgetCarousel (525)
[2017.11.25-23.14.08:035][ 67]LogModuleManager: Shutting down and abandoning module EditorWidgets (522)
[2017.11.25-23.14.08:035][ 67]LogModuleManager: Shutting down and abandoning module CollectionManager (520)
[2017.11.25-23.14.08:036][ 67]LogDirectoryWatcher: A directory notification for 'C:/Users/rajjj/OneDrive/Documents/GitHub/DatBoiEntertainmetnGame_/Content/Collections/' was aborted.
[2017.11.25-23.14.08:036][ 67]LogDirectoryWatcher: A directory notification for 'C:/Users/rajjj/OneDrive/Documents/GitHub/DatBoiEntertainmetnGame_/Content/Developers/rajjj/Collections/' was aborted.
[2017.11.25-23.14.08:036][ 67]LogDirectoryWatcher: A directory notification for 'C:/Users/rajjj/OneDrive/Documents/GitHub/DatBoiEntertainmetnGame_/Saved/Collections/' was aborted.
[2017.11.25-23.14.08:036][ 67]LogModuleManager: Shutting down and abandoning module StatsViewer (518)
[2017.11.25-23.14.08:036][ 67]LogModuleManager: Shutting down and abandoning module FoliageEdit (516)
[2017.11.25-23.14.08:036][ 67]LogModuleManager: Shutting down and abandoning module LandscapeEditor (514)
[2017.11.25-23.14.08:037][ 67]LogModuleManager: Shutting down and abandoning module MeshPaintMode (512)
[2017.11.25-23.14.08:037][ 67]LogModuleManager: Shutting down and abandoning module SceneDepthPickerMode (510)
[2017.11.25-23.14.08:038][ 67]LogModuleManager: Shutting down and abandoning module ActorPickerMode (508)
[2017.11.25-23.14.08:038][ 67]LogModuleManager: Shutting down and abandoning module GeometryMode (506)
[2017.11.25-23.14.08:038][ 67]LogModuleManager: Shutting down and abandoning module TextureAlignMode (504)
[2017.11.25-23.14.08:038][ 67]LogModuleManager: Shutting down and abandoning module BspMode (502)
[2017.11.25-23.14.08:038][ 67]LogModuleManager: Shutting down and abandoning module PIEPreviewDeviceProfileSelector (500)
[2017.11.25-23.14.08:038][ 67]LogModuleManager: Shutting down and abandoning module HardwareSurvey (498)
[2017.11.25-23.14.08:038][ 67]LogModuleManager: Shutting down and abandoning module SequenceRecorderSections (496)
[2017.11.25-23.14.08:038][ 67]LogModuleManager: Shutting down and abandoning module AutomationWorker (494)
[2017.11.25-23.14.08:039][ 67]LogModuleManager: Shutting down and abandoning module MatineeToLevelSequence (492)
[2017.11.25-23.14.08:040][ 67]LogModuleManager: Shutting down and abandoning module LevelSequenceEditor (490)
[2017.11.25-23.14.08:043][ 67]LogModuleManager: Shutting down and abandoning module PlacementMode (489)
[2017.11.25-23.14.08:043][ 67]LogModuleManager: Shutting down and abandoning module WmfMediaFactory (486)
[2017.11.25-23.14.08:043][ 67]LogModuleManager: Shutting down and abandoning module WmfMediaEditor (484)
[2017.11.25-23.14.08:043][ 67]LogModuleManager: Shutting down and abandoning module AvfMediaFactory (482)
[2017.11.25-23.14.08:043][ 67]LogModuleManager: Shutting down and abandoning module AvfMediaEditor (480)
[2017.11.25-23.14.08:043][ 67]LogModuleManager: Shutting down and abandoning module AndroidMediaFactory (478)
[2017.11.25-23.14.08:043][ 67]LogModuleManager: Shutting down and abandoning module Media (477)
[2017.11.25-23.14.08:043][ 67]LogModuleManager: Shutting down and abandoning module AndroidMediaEditor (474)
[2017.11.25-23.14.08:043][ 67]LogModuleManager: Shutting down and abandoning module CharacterAI (472)
[2017.11.25-23.14.08:043][ 67]LogModuleManager: Shutting down and abandoning module AudioCapture (470)
[2017.11.25-23.14.08:043][ 67]LogModuleManager: Shutting down and abandoning module SequenceRecorder (469)
[2017.11.25-23.14.08:043][ 67]LogModuleManager: Shutting down and abandoning module SmartSnapping (466)
[2017.11.25-23.14.08:043][ 67]LogModuleManager: Shutting down and abandoning module SessionServices (464)
[2017.11.25-23.14.08:043][ 67]LogModuleManager: Shutting down and abandoning module ViewportSnapping (462)
[2017.11.25-23.14.08:043][ 67]LogModuleManager: Shutting down and abandoning module ViewportInteraction (460)
[2017.11.25-23.14.08:043][ 67]LogModuleManager: Shutting down and abandoning module ClothPainter (458)
[2017.11.25-23.14.08:044][ 67]LogModuleManager: Shutting down and abandoning module LogVisualizer (456)
[2017.11.25-23.14.08:045][ 67]LogModuleManager: Shutting down and abandoning module IntroTutorials (454)
[2017.11.25-23.14.08:046][ 67]LogModuleManager: Shutting down and abandoning module GameProjectGeneration (453)
[2017.11.25-23.14.08:046][ 67]LogModuleManager: Shutting down and abandoning module IOSPlatformEditor (450)
[2017.11.25-23.14.08:046][ 67]LogModuleManager: Shutting down and abandoning module HTML5PlatformEditor (448)
[2017.11.25-23.14.08:046][ 67]LogModuleManager: Shutting down and abandoning module AndroidPlatformEditor (446)
[2017.11.25-23.14.08:046][ 67]LogModuleManager: Shutting down and abandoning module AndroidDeviceDetection (445)
[2017.11.25-23.14.08:432][ 67]LogModuleManager: Shutting down and abandoning module WindowsPlatformEditor (442)
[2017.11.25-23.14.08:432][ 67]LogModuleManager: Shutting down and abandoning module IOSRuntimeSettings (440)
[2017.11.25-23.14.08:432][ 67]LogModuleManager: Shutting down and abandoning module AndroidRuntimeSettings (438)
[2017.11.25-23.14.08:432][ 67]LogModuleManager: Shutting down and abandoning module InputBindingEditor (436)
[2017.11.25-23.14.08:437][ 67]LogModuleManager: Shutting down and abandoning module MergeActors (434)
[2017.11.25-23.14.08:453][ 67]LogModuleManager: Shutting down and abandoning module SizeMap (432)
[2017.11.25-23.14.08:453][ 67]LogModuleManager: Shutting down and abandoning module TreeMap (430)
[2017.11.25-23.14.08:475][ 67]LogModuleManager: Shutting down and abandoning module ReferenceViewer (428)
[2017.11.25-23.14.08:475][ 67]LogModuleManager: Shutting down and abandoning module LocalizationDashboard (426)
[2017.11.25-23.14.08:494][ 67]LogModuleManager: Shutting down and abandoning module LocalizationService (425)
[2017.11.25-23.14.08:513][ 67]LogModuleManager: Shutting down and abandoning module HardwareTargeting (422)
[2017.11.25-23.14.08:513][ 67]LogModuleManager: Shutting down and abandoning module DeviceProfileEditor (420)
[2017.11.25-23.14.08:517][ 67]LogModuleManager: Shutting down and abandoning module UndoHistory (418)
[2017.11.25-23.14.08:517][ 67]LogModuleManager: Shutting down and abandoning module XmlParser (416)
[2017.11.25-23.14.08:533][ 67]LogModuleManager: Shutting down and abandoning module Blutility (414)
[2017.11.25-23.14.08:533][ 67]LogModuleManager: Shutting down and abandoning module ProjectSettingsViewer (412)
[2017.11.25-23.14.08:533][ 67]LogModuleManager: Shutting down and abandoning module ProjectTargetPlatformEditor (411)
[2017.11.25-23.14.08:533][ 67]LogModuleManager: Shutting down and abandoning module EditorSettingsViewer (408)
[2017.11.25-23.14.08:533][ 67]LogModuleManager: Shutting down and abandoning module SettingsEditor (406)
[2017.11.25-23.14.08:619][ 67]LogModuleManager: Shutting down and abandoning module ProjectLauncher (404)
[2017.11.25-23.14.08:635][ 67]LogModuleManager: Shutting down and abandoning module SessionFrontend (402)
[2017.11.25-23.14.08:639][ 67]LogModuleManager: Shutting down and abandoning module ProfilerClient (400)
[2017.11.25-23.14.08:642][ 67]LogModuleManager: Shutting down and abandoning module DeviceManager (398)
[2017.11.25-23.14.08:649][ 67]LogModuleManager: Shutting down and abandoning module TargetDeviceServices (397)
[2017.11.25-23.14.08:708][ 67]LogModuleManager: Shutting down and abandoning module AutomationController (394)
[2017.11.25-23.14.08:733][ 67]LogModuleManager: Shutting down and abandoning module AutomationWindow (392)
[2017.11.25-23.14.08:768][ 67]LogModuleManager: Shutting down and abandoning module Layers (390)
[2017.11.25-23.14.08:843][ 67]LogModuleManager: Shutting down and abandoning module ComponentVisualizers (388)
[2017.11.25-23.14.08:843][ 67]LogModuleManager: Shutting down and abandoning module DetailCustomizations (386)
[2017.11.25-23.14.08:866][ 67]LogModuleManager: Shutting down and abandoning module PackagesDialog (384)
[2017.11.25-23.14.08:867][ 67]LogModuleManager: Shutting down and abandoning module Persona (382)
[2017.11.25-23.14.08:914][ 67]LogModuleManager: Shutting down and abandoning module AdvancedPreviewScene (381)
[2017.11.25-23.14.08:914][ 67]LogModuleManager: Shutting down and abandoning module AnimGraph (379)
[2017.11.25-23.14.08:918][ 67]LogModuleManager: Shutting down and abandoning module Kismet (376)
[2017.11.25-23.14.08:938][ 67]LogModuleManager: Shutting down and abandoning module ClassViewer (374)
[2017.11.25-23.14.08:938][ 67]LogModuleManager: Shutting down and abandoning module Toolbox (372)
[2017.11.25-23.14.08:938][ 67]LogModuleManager: Shutting down and abandoning module ModuleUI (370)
[2017.11.25-23.14.08:946][ 67]LogModuleManager: Shutting down and abandoning module MovieSceneTools (368)
[2017.11.25-23.14.08:974][ 67]LogModuleManager: Shutting down and abandoning module OutputLog (366)
[2017.11.25-23.14.08:981][ 67]LogModuleManager: Shutting down and abandoning module GammaUI (364)
[2017.11.25-23.14.08:988][ 67]LogModuleManager: Shutting down and abandoning module Documentation (362)
[2017.11.25-23.14.08:988][ 67]LogModuleManager: Shutting down and abandoning module MovieSceneTracks (360)
[2017.11.25-23.14.08:988][ 67]LogModuleManager: Shutting down and abandoning module MovieScene (358)
[2017.11.25-23.14.08:996][ 67]LogModuleManager: Shutting down and abandoning module Niagara (356)
[2017.11.25-23.14.08:996][ 67]LogModuleManager: Shutting down and abandoning module NiagaraEditor (355)
[2017.11.25-23.14.09:040][ 67]LogModuleManager: Shutting down and abandoning module StreamingPauseRendering (352)
[2017.11.25-23.14.09:040][ 67]LogModuleManager: Shutting down and abandoning module LauncherPlatform (350)
[2017.11.25-23.14.09:040][ 67]LogModuleManager: Shutting down and abandoning module AnalyticsET (348)
[2017.11.25-23.14.09:040][ 67]LogModuleManager: Shutting down and abandoning module PortalServices (346)
[2017.11.25-23.14.09:040][ 67]LogModuleManager: Shutting down and abandoning module PortalRpc (344)
[2017.11.25-23.14.09:040][ 67]LogModuleManager: Shutting down and abandoning module MessagingRpc (342)
[2017.11.25-23.14.09:040][ 67]LogModuleManager: Shutting down and abandoning module AIModule (340)
[2017.11.25-23.14.09:040][ 67]LogModuleManager: Shutting down and abandoning module GameplayDebugger (339)
[2017.11.25-23.14.09:040][ 67]LogModuleManager: Shutting down and abandoning module AITestSuite (337)
[2017.11.25-23.14.09:052][ 67]LogModuleManager: Shutting down and abandoning module ProfilerService (334)
[2017.11.25-23.14.09:150][ 67]LogModuleManager: Shutting down and abandoning module TaskGraph (332)
[2017.11.25-23.14.09:151][ 67]LogModuleManager: Shutting down and abandoning module SteamVRController (330)
[2017.11.25-23.14.09:151][ 67]LogModuleManager: Shutting down and abandoning module ProceduralMeshComponentEditor (328)
[2017.11.25-23.14.09:152][ 67]LogModuleManager: Shutting down and abandoning module ProceduralMeshComponent (326)
[2017.11.25-23.14.09:152][ 67]LogModuleManager: Shutting down and abandoning module OculusInput (324)
[2017.11.25-23.14.09:152][ 67]LogModuleManager: Shutting down and abandoning module MobilePatchingUtils (322)
[2017.11.25-23.14.09:152][ 67]LogModuleManager: Shutting down and abandoning module CustomMeshComponent (320)
[2017.11.25-23.14.09:152][ 67]LogModuleManager: Shutting down and abandoning module CableComponent (318)
[2017.11.25-23.14.09:152][ 67]LogModuleManager: Shutting down and abandoning module ArchVisCharacter (316)
[2017.11.25-23.14.09:152][ 67]LogModuleManager: Shutting down and abandoning module AndroidPermission (314)
[2017.11.25-23.14.09:152][ 67]LogModuleManager: Shutting down and abandoning module MediaPlayerEditor (310)
[2017.11.25-23.14.09:155][ 67]LogModuleManager: Shutting down and abandoning module HTML5Networking (308)
[2017.11.25-23.14.09:156][ 67]LogModuleManager: Shutting down and abandoning module AlembicImporter (306)
[2017.11.25-23.14.09:156][ 67]LogModuleManager: Shutting down and abandoning module AlembicLibrary (305)
[2017.11.25-23.14.09:156][ 67]LogModuleManager: Shutting down and abandoning module GeometryCache (304)
[2017.11.25-23.14.09:156][ 67]LogModuleManager: Shutting down and abandoning module GeometryCacheEd (303)
[2017.11.25-23.14.09:156][ 67]LogModuleManager: Shutting down and abandoning module SpeedTreeImporter (298)
[2017.11.25-23.14.09:156][ 67]LogModuleManager: Shutting down and abandoning module PluginBrowser (296)
[2017.11.25-23.14.09:159][ 67]LogModuleManager: Shutting down and abandoning module MobileLauncherProfileWizard (294)
[2017.11.25-23.14.09:160][ 67]LogModuleManager: Shutting down and abandoning module VisualStudioSourceCodeAccess (292)
[2017.11.25-23.14.09:160][ 67]LogModuleManager: Shutting down and abandoning module DesktopPlatform (291)
[2017.11.25-23.14.09:161][ 67]LogModuleManager: Shutting down and abandoning module UObjectPlugin (288)
[2017.11.25-23.14.09:161][ 67]LogModuleManager: Shutting down and abandoning module SubversionSourceControl (286)
[2017.11.25-23.14.09:162][ 67]LogModuleManager: Shutting down and abandoning module PerforceSourceControl (284)
[2017.11.25-23.14.09:163][ 67]LogModuleManager: Shutting down and abandoning module GitSourceControl (282)
[2017.11.25-23.14.09:164][ 67]LogModuleManager: Shutting down and abandoning module SourceControl (281)
[2017.11.25-23.14.09:164][ 67]LogModuleManager: Shutting down and abandoning module LightPropagationVolumeEditor (278)
[2017.11.25-23.14.09:164][ 67]LogModuleManager: Shutting down and abandoning module PaperTiledImporter (276)
[2017.11.25-23.14.09:164][ 67]LogModuleManager: Shutting down and abandoning module PaperSpriteSheetImporter (274)
[2017.11.25-23.14.09:164][ 67]LogModuleManager: Shutting down and abandoning module Paper2DEditor (272)
[2017.11.25-23.14.09:165][ 67]LogModuleManager: Shutting down and abandoning module MeshPaint (271)
[2017.11.25-23.14.09:166][ 67]LogModuleManager: Shutting down and abandoning module LevelEditor (269)
[2017.11.25-23.14.09:168][ 67]LogModuleManager: Shutting down and abandoning module PixelInspectorModule (268)
[2017.11.25-23.14.09:169][ 67]LogModuleManager: Shutting down and abandoning module MainFrame (266)
[2017.11.25-23.14.09:169][ 67]LogModuleManager: Shutting down and abandoning module HotReload (265)
[2017.11.25-23.14.09:171][ 67]LogModuleManager: Shutting down and abandoning module RuntimePhysXCooking (260)
[2017.11.25-23.14.09:171][ 67]LogModuleManager: Shutting down and abandoning module PhysXVehiclesEditor (258)
[2017.11.25-23.14.09:171][ 67]LogModuleManager: Shutting down and abandoning module PhysXVehicles (256)
[2017.11.25-23.14.09:171][ 67]LogModuleManager: Shutting down and abandoning module OculusEditor (254)
[2017.11.25-23.14.09:171][ 67]LogModuleManager: Shutting down and abandoning module LocationServicesBPLibrary (252)
[2017.11.25-23.14.09:171][ 67]LogModuleManager: Shutting down and abandoning module ImmediatePhysicsEditor (250)
[2017.11.25-23.14.09:171][ 67]LogModuleManager: Shutting down and abandoning module ImmediatePhysics (248)
[2017.11.25-23.14.09:172][ 67]LogModuleManager: Shutting down and abandoning module UdpMessaging (246)
[2017.11.25-23.14.09:272][ 67]LogModuleManager: Shutting down and abandoning module TcpMessaging (244)
[2017.11.25-23.14.09:373][ 67]LogModuleManager: Shutting down and abandoning module GameplayTagsEditor (242)
[2017.11.25-23.14.09:375][ 67]LogModuleManager: Shutting down and abandoning module FacialAnimationEditor (240)
[2017.11.25-23.14.09:375][ 67]LogModuleManager: Shutting down and abandoning module FacialAnimation (238)
[2017.11.25-23.14.09:375][ 67]LogModuleManager: Shutting down and abandoning module AssetManagerEditor (236)
[2017.11.25-23.14.09:376][ 67]LogModuleManager: Shutting down and abandoning module GraphEditor (235)
[2017.11.25-23.14.09:378][ 67]LogModuleManager: Shutting down and abandoning module ContentBrowser (233)
[2017.11.25-23.14.09:378][ 67]LogModuleManager: Shutting down and abandoning module LightPropagationVolumeRuntime (230)
[2017.11.25-23.14.09:378][ 67]LogModuleManager: Shutting down and abandoning module Paper2D (228)
[2017.11.25-23.14.09:378][ 67]LogModuleManager: Shutting down and abandoning module WindowsMoviePlayer (226)
[2017.11.25-23.14.09:379][ 67]LogModuleManager: Shutting down and abandoning module WmfMedia (224)
[2017.11.25-23.14.09:381][ 67]LogModuleManager: Shutting down and abandoning module PacketHandler (222)
[2017.11.25-23.14.09:381][ 67]LogModuleManager: Shutting down and abandoning module ClothingSystemEditor (220)
[2017.11.25-23.14.09:381][ 67]LogModuleManager: Shutting down and abandoning module ClothingSystemRuntime (218)
[2017.11.25-23.14.09:382][ 67]LogModuleManager: Shutting down and abandoning module Overlay (216)
[2017.11.25-23.14.09:382][ 67]LogModuleManager: Shutting down and abandoning module OverlayEditor (215)
[2017.11.25-23.14.09:382][ 67]LogModuleManager: Shutting down and abandoning module MediaAssets (212)
[2017.11.25-23.14.09:382][ 67]LogModuleManager: Shutting down and abandoning module VREditor (210)
[2017.11.25-23.14.09:382][ 67]LogModuleManager: Shutting down and abandoning module StringTableEditor (208)
[2017.11.25-23.14.09:383][ 67]LogModuleManager: Shutting down and abandoning module GameplayTasksEditor (206)
[2017.11.25-23.14.09:383][ 67]LogModuleManager: Shutting down and abandoning module BehaviorTreeEditor (204)
[2017.11.25-23.14.09:384][ 67]LogModuleManager: Shutting down and abandoning module FunctionalTesting (202)
[2017.11.25-23.14.09:384][ 67]LogModuleManager: Shutting down and abandoning module CollisionAnalyzer (200)
[2017.11.25-23.14.09:384][ 67]LogModuleManager: Shutting down and abandoning module WorkspaceMenuStructure (199)
[2017.11.25-23.14.09:385][ 67]LogModuleManager: Shutting down and abandoning module UMG (196)
[2017.11.25-23.14.09:385][ 67]LogModuleManager: Shutting down and abandoning module UMGEditor (195)
[2017.11.25-23.14.09:385][ 67]LogModuleManager: Shutting down and abandoning module Sequencer (194)
[2017.11.25-23.14.09:386][ 67]LogModuleManager: Shutting down and abandoning module MessageLog (191)
[2017.11.25-23.14.09:386][ 67]LogModuleManager: Shutting down and abandoning module SlateReflector (186)
[2017.11.25-23.14.09:388][ 67]LogModuleManager: Shutting down and abandoning module Slate (184)
[2017.11.25-23.14.09:388][ 67]LogModuleManager: Shutting down and abandoning module EditorStyle (182)
[2017.11.25-23.14.09:390][ 67]LogModuleManager: Shutting down and abandoning module MRMesh (180)
[2017.11.25-23.14.09:390][ 67]LogModuleManager: Shutting down and abandoning module SourceCodeAccess (178)
[2017.11.25-23.14.09:390][ 67]LogModuleManager: Shutting down and abandoning module HeadMountedDisplay (176)
[2017.11.25-23.14.09:390][ 67]LogModuleManager: Shutting down and abandoning module XAudio2 (174)
[2017.11.25-23.14.09:390][ 67]LogModuleManager: Shutting down and abandoning module Networking (172)
[2017.11.25-23.14.09:390][ 67]LogModuleManager: Shutting down and abandoning module Core (168)
[2017.11.25-23.14.09:390][ 67]LogModuleManager: Shutting down and abandoning module KismetCompiler (164)
[2017.11.25-23.14.09:390][ 67]LogModuleManager: Shutting down and abandoning module LevelSequence (162)
[2017.11.25-23.14.09:390][ 67]LogModuleManager: Shutting down and abandoning module MeshUtilities (160)
[2017.11.25-23.14.09:391][ 67]LogModuleManager: Shutting down and abandoning module MeshMergeUtilities (159)
[2017.11.25-23.14.09:391][ 67]LogModuleManager: Shutting down and abandoning module MeshReductionInterface (158)
[2017.11.25-23.14.09:391][ 67]LogModuleManager: Shutting down and abandoning module SimplygonSwarm (157)
[2017.11.25-23.14.09:391][ 67]LogModuleManager: Shutting down and abandoning module SimplygonMeshReduction (155)
[2017.11.25-23.14.09:391][ 67]LogModuleManager: Shutting down and abandoning module QuadricMeshReduction (153)
[2017.11.25-23.14.09:392][ 67]LogModuleManager: Shutting down and abandoning module MaterialBaking (149)
[2017.11.25-23.14.09:392][ 67]LogModuleManager: Shutting down and abandoning module DirectoryWatcher (146)
[2017.11.25-23.14.09:393][ 67]LogModuleManager: Shutting down and abandoning module DerivedDataCache (144)
[2017.11.25-23.14.09:443][ 67]LogDerivedDataCache: Shutdown
[2017.11.25-23.14.09:443][ 67]LogModuleManager: Shutting down and abandoning module TargetPlatform (142)
[2017.11.25-23.14.09:443][ 67]LogModuleManager: Shutting down and abandoning module VulkanShaderFormat (141)
[2017.11.25-23.14.09:444][ 67]LogModuleManager: Shutting down and abandoning module ShaderFormatVectorVM (139)
[2017.11.25-23.14.09:444][ 67]LogModuleManager: Shutting down and abandoning module ShaderFormatOpenGL (137)
[2017.11.25-23.14.09:444][ 67]LogModuleManager: Shutting down and abandoning module ShaderFormatD3D (135)
[2017.11.25-23.14.09:445][ 67]LogModuleManager: Shutting down and abandoning module MetalShaderFormat (133)
[2017.11.25-23.14.09:445][ 67]LogModuleManager: Shutting down and abandoning module TextureFormatUncompressed (131)
[2017.11.25-23.14.09:445][ 67]LogModuleManager: Shutting down and abandoning module TextureFormatPVR (129)
[2017.11.25-23.14.09:445][ 67]LogModuleManager: Shutting down and abandoning module TextureFormatDXT (127)
[2017.11.25-23.14.09:446][ 67]LogModuleManager: Shutting down and abandoning module TextureFormatIntelISPCTexComp (125)
[2017.11.25-23.14.09:447][ 67]LogModuleManager: Shutting down and abandoning module TextureFormatASTC (123)
[2017.11.25-23.14.09:447][ 67]LogModuleManager: Shutting down and abandoning module ImageWrapper (122)
[2017.11.25-23.14.09:447][ 67]LogModuleManager: Shutting down and abandoning module TextureFormatAndroid (119)
[2017.11.25-23.14.09:447][ 67]LogModuleManager: Shutting down and abandoning module AudioFormatOpus (117)
[2017.11.25-23.14.09:447][ 67]LogModuleManager: Shutting down and abandoning module AudioFormatOgg (115)
[2017.11.25-23.14.09:447][ 67]LogModuleManager: Shutting down and abandoning module AudioFormatADPCM (113)
[2017.11.25-23.14.09:447][ 67]LogModuleManager: Shutting down and abandoning module LinuxTargetPlatform (111)
[2017.11.25-23.14.09:447][ 67]LogModuleManager: Shutting down and abandoning module LinuxServerTargetPlatform (109)
[2017.11.25-23.14.09:447][ 67]LogModuleManager: Shutting down and abandoning module LinuxNoEditorTargetPlatform (107)
[2017.11.25-23.14.09:447][ 67]LogModuleManager: Shutting down and abandoning module LinuxClientTargetPlatform (105)
[2017.11.25-23.14.09:447][ 67]LogModuleManager: Shutting down and abandoning module TVOSTargetPlatform (103)
[2017.11.25-23.14.09:447][ 67]LogModuleManager: Shutting down and abandoning module Messaging (101)
[2017.11.25-23.14.09:447][ 67]LogModuleManager: Shutting down and abandoning module IOSTargetPlatform (99)
[2017.11.25-23.14.09:447][ 67]LogModuleManager: Shutting down and abandoning module HTML5TargetPlatform (97)
[2017.11.25-23.14.09:447][ 67]LogModuleManager: Shutting down and abandoning module Android_PVRTCTargetPlatform (95)
[2017.11.25-23.14.09:447][ 67]LogModuleManager: Shutting down and abandoning module Android_MultiTargetPlatform (93)
[2017.11.25-23.14.09:447][ 67]LogModuleManager: Shutting down and abandoning module Android_ETC2TargetPlatform (91)
[2017.11.25-23.14.09:447][ 67]LogModuleManager: Shutting down and abandoning module Android_ETC1TargetPlatform (89)
[2017.11.25-23.14.09:447][ 67]LogModuleManager: Shutting down and abandoning module Android_DXTTargetPlatform (87)
[2017.11.25-23.14.09:447][ 67]LogModuleManager: Shutting down and abandoning module Android_ATCTargetPlatform (85)
[2017.11.25-23.14.09:447][ 67]LogModuleManager: Shutting down and abandoning module Android_ASTCTargetPlatform (83)
[2017.11.25-23.14.09:447][ 67]LogModuleManager: Shutting down and abandoning module AndroidTargetPlatform (81)
[2017.11.25-23.14.09:447][ 67]LogModuleManager: Shutting down and abandoning module WindowsTargetPlatform (79)
[2017.11.25-23.14.09:447][ 67]LogModuleManager: Shutting down and abandoning module WindowsServerTargetPlatform (77)
[2017.11.25-23.14.09:447][ 67]LogModuleManager: Shutting down and abandoning module WindowsNoEditorTargetPlatform (75)
[2017.11.25-23.14.09:447][ 67]LogModuleManager: Shutting down and abandoning module WindowsClientTargetPlatform (73)
[2017.11.25-23.14.09:447][ 67]LogModuleManager: Shutting down and abandoning module MacTargetPlatform (71)
[2017.11.25-23.14.09:447][ 67]LogModuleManager: Shutting down and abandoning module MacServerTargetPlatform (69)
[2017.11.25-23.14.09:447][ 67]LogModuleManager: Shutting down and abandoning module MacNoEditorTargetPlatform (67)
[2017.11.25-23.14.09:447][ 67]LogModuleManager: Shutting down and abandoning module MacClientTargetPlatform (65)
[2017.11.25-23.14.09:447][ 67]LogModuleManager: Shutting down and abandoning module AllDesktopTargetPlatform (63)
[2017.11.25-23.14.09:447][ 67]LogModuleManager: Shutting down and abandoning module InputCore (60)
[2017.11.25-23.14.09:447][ 67]LogModuleManager: Shutting down and abandoning module Settings (58)
[2017.11.25-23.14.09:447][ 67]LogModuleManager: Shutting down and abandoning module PhysXCooking (56)
[2017.11.25-23.14.09:447][ 67]LogModuleManager: Shutting down and abandoning module SteamVR (54)
[2017.11.25-23.14.09:447][ 67]LogModuleManager: Shutting down and abandoning module OculusHMD (52)
[2017.11.25-23.14.09:448][ 67]LogModuleManager: Shutting down and abandoning module ExampleDeviceProfileSelector (50)
[2017.11.25-23.14.09:448][ 67]LogModuleManager: Shutting down and abandoning module OnlineBlueprintSupport (48)
[2017.11.25-23.14.09:448][ 67]LogModuleManager: Shutting down and abandoning module OnlineSubsystem (44)
[2017.11.25-23.14.09:448][ 67]LogOnline: Display: Unloading online subsystem: NULL
[2017.11.25-23.14.09:450][ 67]LogModuleManager: Shutting down and abandoning module XMPP (43)
[2017.11.25-23.14.09:450][ 67]LogModuleManager: Shutting down and abandoning module HTTP (41)
[2017.11.25-23.14.09:450][ 67]LogHttp: Display: Http module shutting down, but needs to wait on 1 outstanding Http requests:
[2017.11.25-23.14.09:451][ 67]LogHttp: Display: 	verb=[POST] url=[https://datarouter.ol.epicgames.com/datarouter/api/v1/public/data?SessionID=%7BC0E7BEBC-46F3-399A-72D3-118499D35AB2%7D&AppID=UEEditor.Rocket.Release&AppVersion=4.17.1-3586342%2B%2B%2BUE4%2BRelease-4.17&UserID=5160131d4fbbf6d62e4719b8716de666%7C3ef35b30eb8d444d8e26d7fb1794d4bf%7Cb9c6b803-d102-46e7-b321-ae8f3428388b&AppEnvironment=datacollector-binary&UploadType=eteventstream] status=Processing
[2017.11.25-23.14.09:461][ 67]LogModuleManager: Shutting down and abandoning module SSL (40)
[2017.11.25-23.14.09:463][ 67]LogModuleManager: Shutting down and abandoning module AnimationModifiers (36)
[2017.11.25-23.14.09:464][ 67]LogModuleManager: Shutting down and abandoning module PropertyEditor (35)
[2017.11.25-23.14.09:464][ 67]LogModuleManager: Shutting down and abandoning module AudioEditor (32)
[2017.11.25-23.14.09:466][ 67]LogModuleManager: Shutting down and abandoning module TextureCompressor (30)
[2017.11.25-23.14.09:467][ 67]LogModuleManager: Shutting down and abandoning module ShaderCore (28)
[2017.11.25-23.14.09:467][ 67]LogModuleManager: Shutting down and abandoning module Landscape (26)
[2017.11.25-23.14.09:467][ 67]LogModuleManager: Shutting down and abandoning module SlateRHIRenderer (24)
[2017.11.25-23.14.09:468][ 67]LogModuleManager: Shutting down and abandoning module OpenGLDrv (22)
[2017.11.25-23.14.09:468][ 67]LogModuleManager: Shutting down and abandoning module D3D11RHI (20)
[2017.11.25-23.14.09:468][ 67]LogModuleManager: Shutting down and abandoning module AnimGraphRuntime (18)
[2017.11.25-23.14.09:468][ 67]LogModuleManager: Shutting down and abandoning module Renderer (16)
[2017.11.25-23.14.09:468][ 67]LogModuleManager: Shutting down and abandoning module Engine (14)
[2017.11.25-23.14.09:468][ 67]LogModuleManager: Shutting down and abandoning module CoreUObject (12)
[2017.11.25-23.14.09:468][ 67]LogModuleManager: Shutting down and abandoning module NetworkFile (10)
[2017.11.25-23.14.09:469][ 67]LogModuleManager: Shutting down and abandoning module CookedIterativeFile (8)
[2017.11.25-23.14.09:469][ 67]LogModuleManager: Shutting down and abandoning module StreamingFile (6)
[2017.11.25-23.14.09:469][ 67]LogModuleManager: Shutting down and abandoning module SandboxFile (4)
[2017.11.25-23.14.09:469][ 67]LogModuleManager: Shutting down and abandoning module PakFile (2)
[2017.11.25-23.14.09:473][ 67]LogExit: Exiting.
[2017.11.25-23.14.09:502][ 67]Log file closed, 11/25/17 16:14:09
