Log file open, 07/23/17 21:14:41
LogInit:Display: Running engine for game: InsertNameAdventure
LogPlatformFile: Not using cached read wrapper
LogInit:Display: RandInit(1336704636) SRandInit(1336704636).
LogTaskGraph: Started task graph with 5 named threads and 8 total threads with 1 sets of task threads.
LogStats: Stats thread started at 0.081331
LogInit: Using libcurl 7.47.1
LogInit:  - built for x86_64-pc-win32
LogInit:  - supports SSL with OpenSSL/1.0.2g
LogInit:  - supports HTTP deflate (compression) using libz 1.2.8
LogInit:  - other features:
LogInit:      CURL_VERSION_SSL
LogInit:      CURL_VERSION_LIBZ
LogInit:      CURL_VERSION_IPV6
LogInit:      CURL_VERSION_ASYNCHDNS
LogInit:      CURL_VERSION_LARGEFILE
LogInit:      CURL_VERSION_IDN
LogInit:  CurlRequestOptions (configurable via config and command line):
LogInit:  - bVerifyPeer = false  - Libcurl will NOT verify peer certificate
LogInit:  - bUseHttpProxy = false  - Libcurl will NOT use HTTP proxy
LogInit:  - bDontReuseConnections = false  - Libcurl will reuse connections
LogInit:  - CertBundlePath = nullptr  - Libcurl will use whatever was configured at build time.
LogInit: Build: ++UE4+Release-4.16-CL-3452394
LogInit: Engine Version: 4.16.0-3452394+++UE4+Release-4.16
LogInit: Compatible Engine Version: 4.16.0-3452394+++UE4+Release-4.16
LogInit: Net CL: 3452394
LogDevObjectVersion: Number of dev versions registered: 16
LogDevObjectVersion:   Dev-Blueprints (B0D832E4-1F89-4F0D-ACCF-7EB736FD4AA2): 9
LogDevObjectVersion:   Dev-Build (E1C64328-A22C-4D53-A36C-8E866417BD8C): 0
LogDevObjectVersion:   Dev-Core (375EC13C-06E4-48FB-B500-84F0262A717E): 2
LogDevObjectVersion:   Dev-Editor (E4B068ED-F494-42E9-A231-DA0B2E46BB41): 17
LogDevObjectVersion:   Dev-Framework (CFFC743F-43B0-4480-9391-14DF171D2073): 23
LogDevObjectVersion:   Dev-Mobile (B02B49B5-BB20-44E9-A304-32B752E40360): 0
LogDevObjectVersion:   Dev-Networking (A4E4105C-59A1-49B5-A7C5-40C4547EDFEE): 0
LogDevObjectVersion:   Dev-Online (39C831C9-5AE6-47DC-9A44-9C173E1C8E7C): 0
LogDevObjectVersion:   Dev-Physics (78F01B33-EBEA-4F98-B9B4-84EACCB95AA2): 0
LogDevObjectVersion:   Dev-Platform (6631380F-2D4D-43E0-8009-CF276956A95A): 0
LogDevObjectVersion:   Dev-Rendering (12F88B9F-8875-4AFC-A67C-D90C383ABD29): 15
LogDevObjectVersion:   Dev-Sequencer (7B5AE74C-D270-4C10-A958-57980B212A5A): 4
LogDevObjectVersion:   Dev-VR (D7296918-1DD6-4BDD-9DE2-64A83CC13884): 0
LogDevObjectVersion:   Dev-LoadTimes (C2A15278-BFE7-4AFE-6C17-90FF531DF755): 1
LogDevObjectVersion:   Private-Geometry (6EACA3D4-40EC-4CC1-B786-8BED09428FC5): 1
LogDevObjectVersion:   Dev-AnimPhys (29E575DD-E0A3-4627-9D10-D276232CDCEA): 3
LogInit: Compiled (64-bit): May 22 2017 17:47:00
LogInit: Compiled with Visual C++: 19.00.23026.00
LogInit: Build Configuration: Development
LogInit: Branch Name: ++UE4+Release-4.16
LogInit: Command line:  
LogInit: Base directory: C:/Program Files/Epic Games/UE_4.16/Engine/Binaries/Win64/
LogInit: Installed Engine Build: 1
LogInit: Presizing for max 8388607 objects, including 0 objects not considered by GC, pre-allocating 0 bytes for permanent pool.
LogInit: Object subsystem initialized
[2017.07.24-03.14.41:870][  0]LogInit: Selected Device Profile: [Windows]
[2017.07.24-03.14.41:870][  0]LogInit: Applying CVar settings loaded from the selected device profile: [Windows]
[2017.07.24-03.14.41:880][  0]LogInit: Computer: DESKTOP-6MFT485
[2017.07.24-03.14.41:880][  0]LogInit: User: JustinWells20
[2017.07.24-03.14.41:880][  0]LogInit: CPU Page size=4096, Cores=4
[2017.07.24-03.14.41:880][  0]LogInit: High frequency timer resolution =3.328128 MHz
[2017.07.24-03.14.41:880][  0]LogMemory: Memory total: Physical=15.9GB (16GB approx)
[2017.07.24-03.14.41:880][  0]LogMemory: Platform Memory Stats for Windows
[2017.07.24-03.14.41:880][  0]LogMemory: Process Physical Memory: 275.05 MB used, 275.05 MB peak
[2017.07.24-03.14.41:880][  0]LogMemory: Process Virtual Memory: 262.54 MB used, 262.54 MB peak
[2017.07.24-03.14.41:880][  0]LogMemory: Physical Memory: 4545.48 MB used,  11776.25 MB free, 16321.74 MB total
[2017.07.24-03.14.41:880][  0]LogMemory: Virtual Memory: 647.44 MB used,  11776.25 MB free, 134217728.00 MB total
[2017.07.24-03.14.41:941][  0]LogInit: Using OS detected language (en-US).
[2017.07.24-03.14.41:941][  0]LogInit: Using OS detected locale (en-US).
[2017.07.24-03.14.41:943][  0]LogTextLocalizationManager: No specific localization for 'en-US' exists, so the 'en' localization will be used.
[2017.07.24-03.14.42:757][  0]LogD3D11RHI: D3D11 adapters:
[2017.07.24-03.14.43:271][  0]LogD3D11RHI:    0. 'NVIDIA GeForce GTX 1070' (Feature Level 11_0)
[2017.07.24-03.14.43:271][  0]LogD3D11RHI:       8081/0/8160 MB DedicatedVideo/DedicatedSystem/SharedSystem, Outputs:2, VendorId:0x10de
[2017.07.24-03.14.43:272][  0]LogD3D11RHI:    1. 'Microsoft Basic Render Driver' (Feature Level 11_0)
[2017.07.24-03.14.43:272][  0]LogD3D11RHI:       0/0/8160 MB DedicatedVideo/DedicatedSystem/SharedSystem, Outputs:0, VendorId:0x1414
[2017.07.24-03.14.43:272][  0]LogD3D11RHI: Chosen D3D11 Adapter: 0
[2017.07.24-03.14.43:278][  0]LogD3D11RHI: Creating new Direct3DDevice
[2017.07.24-03.14.43:278][  0]LogD3D11RHI:     GPU DeviceId: 0x1b81 (for the marketing name, search the web for "GPU Device Id")
[2017.07.24-03.14.43:278][  0]LogWindows: EnumDisplayDevices:
[2017.07.24-03.14.43:278][  0]LogWindows:    0. 'NVIDIA GeForce GTX 1070' (P:0 D:1)
[2017.07.24-03.14.43:279][  0]LogWindows:    1. 'NVIDIA GeForce GTX 1070' (P:1 D:1)
[2017.07.24-03.14.43:279][  0]LogWindows:    2. 'NVIDIA GeForce GTX 1070' (P:0 D:0)
[2017.07.24-03.14.43:279][  0]LogWindows:    3. 'NVIDIA GeForce GTX 1070' (P:0 D:0)
[2017.07.24-03.14.43:279][  0]LogWindows: DebugString: FoundDriverCount:4 
[2017.07.24-03.14.43:279][  0]LogD3D11RHI:     Adapter Name: NVIDIA GeForce GTX 1070
[2017.07.24-03.14.43:279][  0]LogD3D11RHI:   Driver Version: 384.76 (internal:22.21.13.8476, unified:384.76)
[2017.07.24-03.14.43:279][  0]LogD3D11RHI:      Driver Date: 6-27-2017
[2017.07.24-03.14.43:279][  0]LogRHI: Texture pool is 1361 MB (70% of 1945 MB)
[2017.07.24-03.14.43:759][  0]LogD3D11RHI: Async texture creation enabled
[2017.07.24-03.14.43:790][  0]LogD3D11RHI: GPU Timing Frequency: 1000.000000 (Debug: 2 1)
[2017.07.24-03.14.43:840][  0]LogShaderCompilers: Guid format shader working directory is -54 characters bigger than the processId version (../../../../../../Users/Justin Wells/Documents/Unreal Projects/InsertNameAdventure/DatBoiEntertainmetnGame/Intermediate/Shaders/WorkingDirectory/22404/).
[2017.07.24-03.14.43:840][  0]LogShaderCompilers: Cleaned the shader compiler working directory 'C:/Users/Justin Wells/AppData/Local/Temp/UnrealShaderWorkingDir/E8D43CFE4DF306F4CDD85CAC23DC5A16/'.
[2017.07.24-03.14.43:840][  0]LogShaderCompilers:Display: Using Local Shader Compiler.
[2017.07.24-03.14.44:736][  0]LogTemp:Display: Loaded TP AllDesktopTargetPlatform
[2017.07.24-03.14.44:777][  0]LogTemp:Display: Loaded TP MacClientTargetPlatform
[2017.07.24-03.14.44:819][  0]LogTemp:Display: Loaded TP MacNoEditorTargetPlatform
[2017.07.24-03.14.44:860][  0]LogTemp:Display: Loaded TP MacServerTargetPlatform
[2017.07.24-03.14.44:901][  0]LogTemp:Display: Loaded TP MacTargetPlatform
[2017.07.24-03.14.44:943][  0]LogTemp:Display: Loaded TP WindowsClientTargetPlatform
[2017.07.24-03.14.44:984][  0]LogTemp:Display: Loaded TP WindowsNoEditorTargetPlatform
[2017.07.24-03.14.45:025][  0]LogTemp:Display: Loaded TP WindowsServerTargetPlatform
[2017.07.24-03.14.45:060][  0]LogTemp:Display: Loaded TP WindowsTargetPlatform
[2017.07.24-03.14.45:100][  0]LogTemp:Display: Loaded TP AndroidTargetPlatform
[2017.07.24-03.14.45:141][  0]LogTemp:Display: Loaded TP Android_ASTCTargetPlatform
[2017.07.24-03.14.45:182][  0]LogTemp:Display: Loaded TP Android_ATCTargetPlatform
[2017.07.24-03.14.45:223][  0]LogTemp:Display: Loaded TP Android_DXTTargetPlatform
[2017.07.24-03.14.45:262][  0]LogTemp:Display: Loaded TP Android_ETC1TargetPlatform
[2017.07.24-03.14.45:303][  0]LogTemp:Display: Loaded TP Android_ETC2TargetPlatform
[2017.07.24-03.14.45:383][  0]LogTemp:Display: Loaded TP Android_MultiTargetPlatform
[2017.07.24-03.14.45:383][  0]LogTemp:Display: Loaded TP Android_PVRTCTargetPlatform
[2017.07.24-03.14.45:414][  0]LogTemp:Display: Loaded TP HTML5TargetPlatform
[2017.07.24-03.14.45:492][  0]LogTemp:Display: Loaded TP IOSTargetPlatform
[2017.07.24-03.14.45:517][  0]LogTemp:Display: Loaded TP TVOSTargetPlatform
[2017.07.24-03.14.45:557][  0]LogTemp:Display: Loaded TP LinuxClientTargetPlatform
[2017.07.24-03.14.45:596][  0]LogTemp:Display: Loaded TP LinuxNoEditorTargetPlatform
[2017.07.24-03.14.45:635][  0]LogTemp:Display: Loaded TP LinuxServerTargetPlatform
[2017.07.24-03.14.45:675][  0]LogTemp:Display: Loaded TP LinuxTargetPlatform
[2017.07.24-03.14.45:675][  0]LogTargetPlatformManager:Display: Building Assets For Windows
[2017.07.24-03.14.46:062][  0]LogDerivedDataCache:Display: Max Cache Size: 512 MB
[2017.07.24-03.14.46:144][  0]LogDerivedDataCache: Loaded boot cache 0.08s 90MB C:/Users/Justin Wells/AppData/Local/UnrealEngine/4.16/DerivedDataCache/Boot.ddc.
[2017.07.24-03.14.46:144][  0]LogDerivedDataCache:Display: Loaded Boot cache: C:/Users/Justin Wells/AppData/Local/UnrealEngine/4.16/DerivedDataCache/Boot.ddc
[2017.07.24-03.14.46:144][  0]LogDerivedDataCache: FDerivedDataBackendGraph:  Pak pak cache file ../../../../../../Users/Justin Wells/Documents/Unreal Projects/InsertNameAdventure/DatBoiEntertainmetnGame/DerivedDataCache/DDC.ddp not found, will not use a pak cache.
[2017.07.24-03.14.46:144][  0]LogDerivedDataCache: Unable to find inner node Pak for hierarchical cache Hierarchy.
[2017.07.24-03.14.46:144][  0]LogDerivedDataCache: FDerivedDataBackendGraph:  CompressedPak pak cache file ../../../../../../Users/Justin Wells/Documents/Unreal Projects/InsertNameAdventure/DatBoiEntertainmetnGame/DerivedDataCache/Compressed.ddp not found, will not use a pak cache.
[2017.07.24-03.14.46:144][  0]LogDerivedDataCache: Unable to find inner node CompressedPak for hierarchical cache Hierarchy.
[2017.07.24-03.14.46:158][  0]LogDerivedDataCache:Display: Pak cache opened for reading ../../../Engine/DerivedDataCache/Compressed.ddp.
[2017.07.24-03.14.46:169][  0]LogDerivedDataCache: Using Local data cache path C:/Users/Justin Wells/AppData/Local/UnrealEngine/Common/DerivedDataCache: Writable
[2017.07.24-03.14.46:177][  0]LogMaterial: Verifying Global Shaders for PCD3D_SM5
[2017.07.24-03.14.46:178][  0]LogSlate: Using Freetype 2.6.0
[2017.07.24-03.14.46:178][  0]LogSlate: SlateFontCache - WITH_FREETYPE: 1, WITH_HARFBUZZ: 1
[2017.07.24-03.14.46:178][  0]LogSlate: SlateFontCache - WITH_FREETYPE: 1, WITH_HARFBUZZ: 1
[2017.07.24-03.14.46:441][  0]LogInit: Selected Device Profile: [Windows]
[2017.07.24-03.14.46:503][  0]LogContentStreaming: Texture pool size is 0.00 MB
[2017.07.24-03.14.46:632][  0]LogMeshUtilities: Using QuadricMeshReduction for automatic static mesh reduction
[2017.07.24-03.14.46:667][  0]LogSimplygon: Simplygon DLL not present - disabling.
[2017.07.24-03.14.46:705][  0]LogMeshUtilities: Using SimplygonSwarm for distributed automatic mesh merging
[2017.07.24-03.14.46:705][  0]LogMeshUtilities: No automatic skeletal mesh reduction module available
[2017.07.24-03.14.46:705][  0]LogMeshUtilities: No automatic mesh merging module available
[2017.07.24-03.14.47:181][  0]LogNetVersion: InsertNameAdventure , NetCL: 3452394, EngineNetVer: 2, GameNetVer: 0 (Checksum: 1278457987)
[2017.07.24-03.14.47:236][  0]LogAssetRegistry: FAssetRegistry took 0.0246 seconds to start up
[2017.07.24-03.14.47:292][  0]LogPackageLocalizationCache: Processed 4 localized package path(s) for 2 prioritized culture(s) in 0.037523 seconds
[2017.07.24-03.14.47:296][  0]LogUObjectArray: 34194 objects as part of root set at end of initial load.
[2017.07.24-03.14.47:296][  0]LogUObjectAllocator: 7260416 out of 0 bytes used by permanent object pool.
[2017.07.24-03.14.47:296][  0]LogUObjectArray: CloseDisregardForGC: 0/0 objects in disregard for GC pool
[2017.07.24-03.14.47:347][  0]LogInit: WinSock: version 1.1 (2.2), MaxSocks=32767, MaxUdp=65467
[2017.07.24-03.14.49:480][  0]LogTcpMessaging: Initializing TcpMessaging bridge
[2017.07.24-03.14.49:513][  0]LogUdpMessaging: Initializing bridge on interface 0.0.0.0:0 to multicast group 230.0.0.1:6666.
[2017.07.24-03.14.49:954][  0]LogMaterial: Uniform references updated for custom material expression Custom.
[2017.07.24-03.14.50:277][  0]SourceControl: Info Source control is disabled
[2017.07.24-03.14.51:217][  0]LogAndroidPermission: UAndroidPermissionCallbackProxy::GetInstance
[2017.07.24-03.14.51:685][  0]LogEngine: Initializing Engine...
[2017.07.24-03.14.51:700][  0]LogHMD: Failed to initialize OpenVR with code 103
[2017.07.24-03.14.51:886][  0]LogStats: UGameplayTagsManager::ConstructGameplayTagTree: Construct from data asset -  0.000 s
[2017.07.24-03.14.51:886][  0]LogStats: UGameplayTagsManager::ConstructGameplayTagTree: GameplayTagTreeChangedEvent.Broadcast -  0.000 s
[2017.07.24-03.14.51:990][  0]LogAIModule: Creating AISystem for world Untitled
[2017.07.24-03.14.52:003][  0]LogInit: XAudio2 using 'Headphones (High Definition Audio Device)' : 2 channels at 48 kHz using 16 bits per sample (channel mask 0x3)
[2017.07.24-03.14.52:011][  0]LogInit: FAudioDevice initialized.
[2017.07.24-03.14.52:048][  0]LogDerivedDataCache: Saved boot cache 0.04s 90MB C:/Users/Justin Wells/AppData/Local/UnrealEngine/4.16/DerivedDataCache/Boot.ddc.
[2017.07.24-03.14.52:061][  0]LogInit: Texture streaming: Enabled
[2017.07.24-03.14.52:137][  0]LogEngineSessionManager: EngineSessionManager initialized
[2017.07.24-03.14.52:312][  0]LogInit: Transaction tracking system initialized
[2017.07.24-03.14.52:561][  0]BlueprintLog: New page: Editor Load
[2017.07.24-03.14.53:348][  0]LocalizationService: Info Localization service is disabled
[2017.07.24-03.14.53:914][  0]LogConsoleResponse:Display: 
[2017.07.24-03.14.54:053][  0]LogCook:Display: Max memory allowance for cook 16384mb min free memory 0mb
[2017.07.24-03.14.54:053][  0]LogCook:Display: Mobile HDR setting 1
[2017.07.24-03.14.54:847][  0]LogFileCache: Scanning file cache for directory 'C:/Users/Justin Wells/Documents/Unreal Projects/InsertNameAdventure/DatBoiEntertainmetnGame/Content/' took 0.01s
[2017.07.24-03.14.55:025][  0]LogSlate: Took 0.000227 seconds to synchronously load lazily loaded font '../../../Engine/Content/Slate/Fonts/Roboto-Regular.ttf' (155K)
[2017.07.24-03.14.55:054][  0]LogWindowsTextInputMethodSystem:Display: IME system now deactivated.
[2017.07.24-03.14.56:255][  0]LogWindowsTextInputMethodSystem:Display: IME system now deactivated.
[2017.07.24-03.14.56:258][  0]LogWindowsTextInputMethodSystem:Display: IME system now deactivated.
[2017.07.24-03.14.56:258][  0]LightingResults: New page: Lighting Build
[2017.07.24-03.14.56:292][  0]MapCheck: New page: Map Check
[2017.07.24-03.14.56:292][  0]LightingResults: New page: Lighting Build
[2017.07.24-03.14.56:303][  0]LogAIModule: Creating AISystem for world Untitled
[2017.07.24-03.14.56:305][  0]LoadErrors: New page: New Map
[2017.07.24-03.14.56:514][  0]LogCollectionManager: Loaded 0 collections in 0.001210 seconds
[2017.07.24-03.14.56:585][  0]LogFileCache: Scanning file cache for directory 'C:/Users/Justin Wells/Documents/Unreal Projects/InsertNameAdventure/DatBoiEntertainmetnGame/Saved/Collections/' took 0.01s
[2017.07.24-03.14.56:585][  0]LogFileCache: Scanning file cache for directory 'C:/Users/Justin Wells/Documents/Unreal Projects/InsertNameAdventure/DatBoiEntertainmetnGame/Content/Developers/JustinWells20/Collections/' took 0.01s
[2017.07.24-03.14.56:585][  0]LogFileCache: Scanning file cache for directory 'C:/Users/Justin Wells/Documents/Unreal Projects/InsertNameAdventure/DatBoiEntertainmetnGame/Content/Collections/' took 0.01s
[2017.07.24-03.14.56:585][  0]LogCollectionManager: Rebuilt the GUID cache for 0 collections in 0.000001 seconds
[2017.07.24-03.14.56:593][  0]LogContentBrowser: Native class hierarchy populated in 0.0076 seconds. Added 2329 classes and 491 folders.
[2017.07.24-03.14.56:645][  0]LogContentBrowser: Native class hierarchy updated for 'WidgetCarousel' in 0.0006 seconds. Added 0 classes and 0 folders.
[2017.07.24-03.14.56:674][  0]LogContentBrowser: Native class hierarchy updated for 'AddContentDialog' in 0.0007 seconds. Added 0 classes and 0 folders.
[2017.07.24-03.14.56:707][  0]LogContentBrowser: Native class hierarchy updated for 'SceneOutliner' in 0.0006 seconds. Added 1 classes and 2 folders.
[2017.07.24-03.14.56:729][  0]LogCrashTracker: Crashtracker disabled due to settings.
[2017.07.24-03.14.56:736][  0]LogSlate: Took 0.000249 seconds to synchronously load lazily loaded font '../../../Engine/Content/Slate/Fonts/Roboto-Bold.ttf' (160K)
[2017.07.24-03.14.56:738][  0]LogSlate: Took 0.000212 seconds to synchronously load lazily loaded font '../../../Engine/Content/Editor/Slate/Fonts/FontAwesome.ttf' (139K)
[2017.07.24-03.14.56:818][  0]LogRenderer: Reallocating scene render targets to support 1756x636 NumSamples 1 (Frame:1).
[2017.07.24-03.14.56:904][  0]LogUObjectGlobals:Warning: Failed to find object 'Class None.'
[2017.07.24-03.14.56:961][  0]LogContentBrowser: Native class hierarchy updated for 'HierarchicalLODOutliner' in 0.0007 seconds. Added 1 classes and 2 folders.
[2017.07.24-03.14.56:962][  0]LogLoad: (Engine Initialization) Total time: 16.44 seconds
[2017.07.24-03.14.56:962][  0]LogLoad: (Engine Initialization) Total Blueprint compile time: 0.03 seconds
[2017.07.24-03.14.56:962][  0]LogExternalProfiler: No external profilers were discovered.  External profiling features will not be available.
[2017.07.24-03.14.56:971][  0]LogOcInput: OculusInput pre-init called
[2017.07.24-03.14.56:971][  0]LogHMD: Starting GearVRController plugin
[2017.07.24-03.14.56:991][  0]SourceControl: Info On branch V1.5.1
[2017.07.24-03.14.56:991][  0]SourceControl: Info Your branch is up-to-date with 'origin/V1.5.1'.
[2017.07.24-03.14.56:991][  0]SourceControl: Info Changes not staged for commit:
[2017.07.24-03.14.56:991][  0]SourceControl: Info   (use "git add/rm <file>..." to update what will be committed)
[2017.07.24-03.14.56:991][  0]SourceControl: Info   (use "git checkout -- <file>..." to discard changes in working directory)
[2017.07.24-03.14.56:991][  0]SourceControl: Info 	modified:   Content/2DSideScrollerBP/Maps/Levels/LevelSprites/Platforms/BP_Platform_2.uasset
[2017.07.24-03.14.56:991][  0]SourceControl: Info 	modified:   Content/2DSideScrollerBP/Maps/Levels/LevelSprites/Sprites/OutpostDoor_BP.uasset
[2017.07.24-03.14.56:991][  0]SourceControl: Info 	modified:   Content/2DSideScrollerBP/Maps/Levels/Rainforest_Alien.umap
[2017.07.24-03.14.56:991][  0]SourceControl: Info 	modified:   Content/2DSideScrollerBP/Maps/Levels/Rainforest_Alien_BuiltData.uasset
[2017.07.24-03.14.56:991][  0]SourceControl: Info 	modified:   Intermediate/AssetRegistryCache/c90e3f55.bin
[2017.07.24-03.14.56:991][  0]SourceControl: Info 	modified:   Intermediate/CachedAssetRegistry.bin
[2017.07.24-03.14.56:991][  0]SourceControl: Info 	modified:   Saved/AutoScreenshot.png
[2017.07.24-03.14.56:991][  0]SourceControl: Info 	modified:   Saved/Autosaves/Game/2DSideScrollerBP/Maps/Levels/LevelSprites/Sprites/OutpostDoor_BP_Auto2.uasset
[2017.07.24-03.14.56:991][  0]SourceControl: Info 	modified:   Saved/Autosaves/Game/2DSideScrollerBP/Maps/Levels/LevelSprites/Sprites/OutpostDoor_BP_Auto3.uasset
[2017.07.24-03.14.56:991][  0]SourceControl: Info 	modified:   Saved/Autosaves/Game/2DSideScrollerBP/Maps/Levels/LevelSprites/Sprites/OutpostDoor_BP_Auto4.uasset
[2017.07.24-03.14.56:991][  0]SourceControl: Info 	modified:   Saved/Autosaves/Game/2DSideScrollerBP/Maps/Levels/LevelSprites/Sprites/OutpostDoor_BP_Auto5.uasset
[2017.07.24-03.14.56:991][  0]SourceControl: Info 	modified:   Saved/Autosaves/Game/2DSideScrollerBP/Maps/Levels/Rainforest_Alien_Auto1.umap
[2017.07.24-03.14.56:991][  0]SourceControl: Info 	modified:   Saved/Autosaves/Game/2DSideScrollerBP/Maps/Levels/Rainforest_Alien_Auto3.umap
[2017.07.24-03.14.56:991][  0]SourceControl: Info 	modified:   Saved/Autosaves/Game/2DSideScrollerBP/Maps/Levels/Rainforest_Alien_Auto4.umap
[2017.07.24-03.14.56:991][  0]SourceControl: Info 	modified:   Saved/Autosaves/Game/2DSideScrollerBP/Maps/Levels/Rainforest_Alien_Auto5.umap
[2017.07.24-03.14.56:991][  0]SourceControl: Info 	modified:   Saved/Autosaves/Game/2DSideScrollerBP/Maps/Levels/Rainforest_Alien_Auto6.umap
[2017.07.24-03.14.56:991][  0]SourceControl: Info 	modified:   Saved/Autosaves/Game/2DSideScrollerBP/Maps/Levels/Rainforest_Alien_Auto7.umap
[2017.07.24-03.14.56:991][  0]SourceControl: Info 	deleted:    Saved/Backup/2DSideScrollerCharacter_2017-07-11-15-41-12.uasset
[2017.07.24-03.14.56:991][  0]SourceControl: Info 	deleted:    Saved/Backup/2DSideScrollerCharacter_2017-07-12-13-55-14.uasset
[2017.07.24-03.14.56:991][  0]SourceControl: Info 	deleted:    Saved/Backup/2DSideScrollerCharacter_2017-07-12-14-01-15.uasset
[2017.07.24-03.14.56:991][  0]SourceControl: Info 	deleted:    Saved/Backup/Dirt_3_Sprite_Sheet_TileSet_2017-07-12-15-26-19.uasset
[2017.07.24-03.14.56:991][  0]SourceControl: Info 	deleted:    Saved/Backup/Rain_Forrest_TM_2017-07-12-16-08-11.uasset
[2017.07.24-03.14.56:991][  0]SourceControl: Info 	deleted:    Saved/Backup/Rainforest_Alien_2017-07-12-13-55-14.umap
[2017.07.24-03.14.56:991][  0]SourceControl: Info 	deleted:    Saved/Backup/Rainforest_Alien_2017-07-12-14-01-15.umap
[2017.07.24-03.14.56:991][  0]SourceControl: Info 	deleted:    Saved/Backup/Rainforest_Alien_2017-07-12-16-08-10.umap
[2017.07.24-03.14.56:991][  0]SourceControl: Info 	deleted:    Saved/Config/CrashReportClient/UE4CC-Windows-B7664F6F497F4EE2755FCDAC0E904238/CrashReportClient.ini
[2017.07.24-03.14.56:991][  0]SourceControl: Info 	modified:   Saved/Config/Windows/EditorPerProjectUserSettings.ini
[2017.07.24-03.14.56:991][  0]SourceControl: Info 	deleted:    Saved/Logs/InsertNameAdventure-backup-2017.07.22-15.37.01.log
[2017.07.24-03.14.56:991][  0]SourceControl: Info 	modified:   Saved/Logs/InsertNameAdventure.log
[2017.07.24-03.14.56:991][  0]SourceControl: Info Untracked files:
[2017.07.24-03.14.56:991][  0]SourceControl: Info   (use "git add <file>..." to include in what will be committed)
[2017.07.24-03.14.56:991][  0]SourceControl: Info 	Saved/Autosaves/Game/2DSideScrollerBP/Maps/Levels/LevelSprites/Platforms/BP_Platform_2_Auto2.uasset
[2017.07.24-03.14.56:991][  0]SourceControl: Info 	Saved/Autosaves/Game/2DSideScrollerBP/Maps/Levels/LevelSprites/Platforms/BP_Platform_2_Auto3.uasset
[2017.07.24-03.14.56:991][  0]SourceControl: Info 	Saved/Autosaves/Game/2DSideScrollerBP/Maps/Levels/LevelSprites/Sprites/OutpostDoor_BP_Auto6.uasset
[2017.07.24-03.14.56:991][  0]SourceControl: Info 	Saved/Backup/BP_Platform_2_2017-07-23-12-52-44.uasset
[2017.07.24-03.14.56:991][  0]SourceControl: Info 	Saved/Backup/BP_Platform_2_2017-07-23-13-04-45.uasset
[2017.07.24-03.14.56:991][  0]SourceControl: Info 	Saved/Backup/BP_Platform_2_2017-07-23-17-53-35.uasset
[2017.07.24-03.14.56:991][  0]SourceControl: Info 	Saved/Backup/OutpostDoor_BP_2017-07-23-12-52-44.uasset
[2017.07.24-03.14.56:991][  0]SourceControl: Info 	Saved/Backup/OutpostDoor_BP_2017-07-23-13-04-45.uasset
[2017.07.24-03.14.56:991][  0]SourceControl: Info 	Saved/Backup/OutpostDoor_BP_2017-07-23-16-48-59.uasset
[2017.07.24-03.14.56:991][  0]SourceControl: Info 	Saved/Backup/OutpostDoor_BP_2017-07-23-16-59-54.uasset
[2017.07.24-03.14.56:991][  0]SourceControl: Info 	Saved/Backup/OutpostDoor_BP_2017-07-23-17-17-48.uasset
[2017.07.24-03.14.56:991][  0]SourceControl: Info 	Saved/Backup/OutpostDoor_BP_2017-07-23-17-53-35.uasset
[2017.07.24-03.14.56:991][  0]SourceControl: Info 	Saved/Backup/Rainforest_Alien_2017-07-23-12-14-55.umap
[2017.07.24-03.14.56:991][  0]SourceControl: Info 	Saved/Backup/Rainforest_Alien_2017-07-23-13-04-45.umap
[2017.07.24-03.14.56:991][  0]SourceControl: Info 	Saved/Backup/Rainforest_Alien_2017-07-23-16-48-58.umap
[2017.07.24-03.14.56:991][  0]SourceControl: Info 	Saved/Backup/Rainforest_Alien_2017-07-23-16-59-54.umap
[2017.07.24-03.14.56:991][  0]SourceControl: Info 	Saved/Backup/Rainforest_Alien_2017-07-23-17-17-47.umap
[2017.07.24-03.14.56:992][  0]SourceControl: Info 	Saved/Backup/Rainforest_Alien_2017-07-23-17-29-33.umap
[2017.07.24-03.14.56:992][  0]SourceControl: Info 	Saved/Backup/Rainforest_Alien_2017-07-23-17-53-32.umap
[2017.07.24-03.14.56:992][  0]SourceControl: Info 	Saved/Backup/Rainforest_Alien_BuiltData_2017-07-23-17-53-33.uasset
[2017.07.24-03.14.56:992][  0]SourceControl: Info 	Saved/Config/CrashReportClient/UE4CC-Windows-E0377CA0412E6EC67E8B2E85DED54084/
[2017.07.24-03.14.56:992][  0]SourceControl: Info 	Saved/Logs/InsertNameAdventure-backup-2017.07.23-21.14.41.log
[2017.07.24-03.14.56:992][  0]SourceControl: Info no changes added to commit (use "git add" and/or "git commit -a")
[2017.07.24-03.14.56:992][  0]LogContentStreaming: Texture pool size now 1000 MB
[2017.07.24-03.14.57:020][  0]LogSlate: Took 0.000474 seconds to synchronously load lazily loaded font '../../../Engine/Content/Slate/Fonts/Roboto-Light.ttf' (159K)
[2017.07.24-03.14.57:028][  1]LogAssetRegistry: Asset discovery search completed in 9.8137 seconds
[2017.07.24-03.14.57:031][  1]LogCollectionManager: Rebuilt the object cache for 0 collections in 0.000003 seconds (found 0 objects)
[2017.07.24-03.14.57:031][  1]LogCollectionManager: Fixed up redirectors for 0 collections in 0.000022 seconds (updated 0 objects)
[2017.07.24-03.15.07:060][187]LogSlate: Took 0.000113 seconds to synchronously load lazily loaded font '../../../Engine/Content/Slate/Fonts/Roboto-Light.ttf' (159K)
[2017.07.24-03.15.07:955][187]LogAIModule: Creating AISystem for world Rainforest_Alien
[2017.07.24-03.15.07:990][187]LightingResults: New page: Lighting Build
[2017.07.24-03.15.07:991][187]LoadErrors: New page: Loading map: Rainforest_Alien.umap
[2017.07.24-03.15.07:991][187]MapCheck: New page: Map Check
[2017.07.24-03.15.07:991][187]LightingResults: New page: Lighting Build
[2017.07.24-03.15.08:024][187]LogEditorServer: Finished looking for orphan Actors (0.000 secs)
[2017.07.24-03.15.08:079][187]Cmd: MAP CHECKDEP NOCLEARLOG
[2017.07.24-03.15.08:129][187]MapCheck: Info Map check complete: 0 Error(s), 0 Warning(s), took 49.78ms to complete.
[2017.07.24-03.15.08:129][187]LogFileHelpers: Loading map 'Rainforest_Alien' took 0.139
[2017.07.24-03.15.36:416][468]LogSlate: Took 0.000166 seconds to synchronously load lazily loaded font '../../../Engine/Content/Editor/Slate/Fonts/Roboto-BoldCondensed.ttf' (158K)
[2017.07.24-03.15.36:483][468]LogRenderer: Reallocating scene render targets to support 1756x924 NumSamples 1 (Frame:1).
[2017.07.24-03.16.27:561][235]LogFactory: FactoryCreateFile: Texture with ReimportTextureFactory (0 0 ../../../../../../Users/Justin Wells/Desktop/UE4 Art/PNG's/Rain Forrest Assets/Sprite Sheets/Better Ramps with cave entrance.png)
[2017.07.24-03.16.27:572][235]LogTexture:Display: Building textures: Better_Ramps_with_cave_entrance (AutoDXT, 256X256)
[2017.07.24-03.16.30:815][593]LogTexture:Display: Building textures: Better_Ramps_with_cave_entrance (BGRA8, 256X256)
[2017.07.24-03.16.31:603][678]LogContentBrowser: Native class hierarchy updated for 'TextureEditor' in 0.0007 seconds. Added 1 classes and 2 folders.
[2017.07.24-03.16.52:703][ 66]SourceControl: Info On branch V1.5.1
[2017.07.24-03.16.52:703][ 66]SourceControl: Info Your branch is up-to-date with 'origin/V1.5.1'.
[2017.07.24-03.16.52:703][ 66]SourceControl: Info Changes not staged for commit:
[2017.07.24-03.16.52:703][ 66]SourceControl: Info   (use "git add/rm <file>..." to update what will be committed)
[2017.07.24-03.16.52:703][ 66]SourceControl: Info   (use "git checkout -- <file>..." to discard changes in working directory)
[2017.07.24-03.16.52:703][ 66]SourceControl: Info 	modified:   Content/2DSideScrollerBP/Maps/Levels/LevelSprites/Platforms/BP_Platform_2.uasset
[2017.07.24-03.16.52:703][ 66]SourceControl: Info 	modified:   Content/2DSideScrollerBP/Maps/Levels/LevelSprites/Sprites/OutpostDoor_BP.uasset
[2017.07.24-03.16.52:703][ 66]SourceControl: Info 	modified:   Content/2DSideScrollerBP/Maps/Levels/Rainforest_Alien.umap
[2017.07.24-03.16.52:703][ 66]SourceControl: Info 	modified:   Content/2DSideScrollerBP/Maps/Levels/Rainforest_Alien_BuiltData.uasset
[2017.07.24-03.16.52:703][ 66]SourceControl: Info 	modified:   Intermediate/AssetRegistryCache/c90e3f55.bin
[2017.07.24-03.16.52:703][ 66]SourceControl: Info 	modified:   Intermediate/CachedAssetRegistry.bin
[2017.07.24-03.16.52:703][ 66]SourceControl: Info 	modified:   Saved/AutoScreenshot.png
[2017.07.24-03.16.52:703][ 66]SourceControl: Info 	modified:   Saved/Autosaves/Game/2DSideScrollerBP/Maps/Levels/LevelSprites/Sprites/OutpostDoor_BP_Auto2.uasset
[2017.07.24-03.16.52:703][ 66]SourceControl: Info 	modified:   Saved/Autosaves/Game/2DSideScrollerBP/Maps/Levels/LevelSprites/Sprites/OutpostDoor_BP_Auto3.uasset
[2017.07.24-03.16.52:703][ 66]SourceControl: Info 	modified:   Saved/Autosaves/Game/2DSideScrollerBP/Maps/Levels/LevelSprites/Sprites/OutpostDoor_BP_Auto4.uasset
[2017.07.24-03.16.52:703][ 66]SourceControl: Info 	modified:   Saved/Autosaves/Game/2DSideScrollerBP/Maps/Levels/LevelSprites/Sprites/OutpostDoor_BP_Auto5.uasset
[2017.07.24-03.16.52:703][ 66]SourceControl: Info 	modified:   Saved/Autosaves/Game/2DSideScrollerBP/Maps/Levels/Rainforest_Alien_Auto1.umap
[2017.07.24-03.16.52:703][ 66]SourceControl: Info 	modified:   Saved/Autosaves/Game/2DSideScrollerBP/Maps/Levels/Rainforest_Alien_Auto3.umap
[2017.07.24-03.16.52:703][ 66]SourceControl: Info 	modified:   Saved/Autosaves/Game/2DSideScrollerBP/Maps/Levels/Rainforest_Alien_Auto4.umap
[2017.07.24-03.16.52:703][ 66]SourceControl: Info 	modified:   Saved/Autosaves/Game/2DSideScrollerBP/Maps/Levels/Rainforest_Alien_Auto5.umap
[2017.07.24-03.16.52:703][ 66]SourceControl: Info 	modified:   Saved/Autosaves/Game/2DSideScrollerBP/Maps/Levels/Rainforest_Alien_Auto6.umap
[2017.07.24-03.16.52:703][ 66]SourceControl: Info 	modified:   Saved/Autosaves/Game/2DSideScrollerBP/Maps/Levels/Rainforest_Alien_Auto7.umap
[2017.07.24-03.16.52:703][ 66]SourceControl: Info 	deleted:    Saved/Backup/2DSideScrollerCharacter_2017-07-11-15-41-12.uasset
[2017.07.24-03.16.52:703][ 66]SourceControl: Info 	deleted:    Saved/Backup/2DSideScrollerCharacter_2017-07-12-13-55-14.uasset
[2017.07.24-03.16.52:703][ 66]SourceControl: Info 	deleted:    Saved/Backup/2DSideScrollerCharacter_2017-07-12-14-01-15.uasset
[2017.07.24-03.16.52:703][ 66]SourceControl: Info 	deleted:    Saved/Backup/Dirt_3_Sprite_Sheet_TileSet_2017-07-12-15-26-19.uasset
[2017.07.24-03.16.52:703][ 66]SourceControl: Info 	deleted:    Saved/Backup/Rain_Forrest_TM_2017-07-12-16-08-11.uasset
[2017.07.24-03.16.52:703][ 66]SourceControl: Info 	deleted:    Saved/Backup/Rainforest_Alien_2017-07-12-13-55-14.umap
[2017.07.24-03.16.52:703][ 66]SourceControl: Info 	deleted:    Saved/Backup/Rainforest_Alien_2017-07-12-14-01-15.umap
[2017.07.24-03.16.52:703][ 66]SourceControl: Info 	deleted:    Saved/Backup/Rainforest_Alien_2017-07-12-16-08-10.umap
[2017.07.24-03.16.52:703][ 66]SourceControl: Info 	deleted:    Saved/Config/CrashReportClient/UE4CC-Windows-B7664F6F497F4EE2755FCDAC0E904238/CrashReportClient.ini
[2017.07.24-03.16.52:703][ 66]SourceControl: Info 	modified:   Saved/Config/Windows/EditorPerProjectUserSettings.ini
[2017.07.24-03.16.52:703][ 66]SourceControl: Info 	deleted:    Saved/Logs/InsertNameAdventure-backup-2017.07.22-15.37.01.log
[2017.07.24-03.16.52:703][ 66]SourceControl: Info 	modified:   Saved/Logs/InsertNameAdventure.log
[2017.07.24-03.16.52:703][ 66]SourceControl: Info Untracked files:
[2017.07.24-03.16.52:703][ 66]SourceControl: Info   (use "git add <file>..." to include in what will be committed)
[2017.07.24-03.16.52:703][ 66]SourceControl: Info 	Saved/Autosaves/Game/2DSideScrollerBP/Maps/Levels/LevelSprites/Platforms/BP_Platform_2_Auto2.uasset
[2017.07.24-03.16.52:703][ 66]SourceControl: Info 	Saved/Autosaves/Game/2DSideScrollerBP/Maps/Levels/LevelSprites/Platforms/BP_Platform_2_Auto3.uasset
[2017.07.24-03.16.52:703][ 66]SourceControl: Info 	Saved/Autosaves/Game/2DSideScrollerBP/Maps/Levels/LevelSprites/Sprites/OutpostDoor_BP_Auto6.uasset
[2017.07.24-03.16.52:703][ 66]SourceControl: Info 	Saved/Backup/BP_Platform_2_2017-07-23-12-52-44.uasset
[2017.07.24-03.16.52:704][ 66]SourceControl: Info 	Saved/Backup/BP_Platform_2_2017-07-23-13-04-45.uasset
[2017.07.24-03.16.52:704][ 66]SourceControl: Info 	Saved/Backup/BP_Platform_2_2017-07-23-17-53-35.uasset
[2017.07.24-03.16.52:704][ 66]SourceControl: Info 	Saved/Backup/OutpostDoor_BP_2017-07-23-12-52-44.uasset
[2017.07.24-03.16.52:704][ 66]SourceControl: Info 	Saved/Backup/OutpostDoor_BP_2017-07-23-13-04-45.uasset
[2017.07.24-03.16.52:704][ 66]SourceControl: Info 	Saved/Backup/OutpostDoor_BP_2017-07-23-16-48-59.uasset
[2017.07.24-03.16.52:704][ 66]SourceControl: Info 	Saved/Backup/OutpostDoor_BP_2017-07-23-16-59-54.uasset
[2017.07.24-03.16.52:704][ 66]SourceControl: Info 	Saved/Backup/OutpostDoor_BP_2017-07-23-17-17-48.uasset
[2017.07.24-03.16.52:704][ 66]SourceControl: Info 	Saved/Backup/OutpostDoor_BP_2017-07-23-17-53-35.uasset
[2017.07.24-03.16.52:704][ 66]SourceControl: Info 	Saved/Backup/Rainforest_Alien_2017-07-23-12-14-55.umap
[2017.07.24-03.16.52:704][ 66]SourceControl: Info 	Saved/Backup/Rainforest_Alien_2017-07-23-13-04-45.umap
[2017.07.24-03.16.52:704][ 66]SourceControl: Info 	Saved/Backup/Rainforest_Alien_2017-07-23-16-48-58.umap
[2017.07.24-03.16.52:704][ 66]SourceControl: Info 	Saved/Backup/Rainforest_Alien_2017-07-23-16-59-54.umap
[2017.07.24-03.16.52:704][ 66]SourceControl: Info 	Saved/Backup/Rainforest_Alien_2017-07-23-17-17-47.umap
[2017.07.24-03.16.52:704][ 66]SourceControl: Info 	Saved/Backup/Rainforest_Alien_2017-07-23-17-29-33.umap
[2017.07.24-03.16.52:704][ 66]SourceControl: Info 	Saved/Backup/Rainforest_Alien_2017-07-23-17-53-32.umap
[2017.07.24-03.16.52:704][ 66]SourceControl: Info 	Saved/Backup/Rainforest_Alien_BuiltData_2017-07-23-17-53-33.uasset
[2017.07.24-03.16.52:704][ 66]SourceControl: Info 	Saved/Config/CrashReportClient/UE4CC-Windows-E0377CA0412E6EC67E8B2E85DED54084/
[2017.07.24-03.16.52:704][ 66]SourceControl: Info 	Saved/Logs/InsertNameAdventure-backup-2017.07.23-21.14.41.log
[2017.07.24-03.16.52:704][ 66]SourceControl: Info no changes added to commit (use "git add" and/or "git commit -a")
[2017.07.24-03.16.53:182][ 66]LogSavePackage: Save=10.59ms
[2017.07.24-03.16.53:182][ 66]LogSavePackage: Moving '../../../../../../Users/Justin Wells/Documents/Unreal Projects/InsertNameAdventure/DatBoiEntertainmetnGame/Saved/Better_Ramps_with_cave_entrance_TileSetBF43EAC147AD9CC977CA15824AC7BCC8.tmp' to '../../../../../../Users/Justin Wells/Documents/Unreal Projects/InsertNameAdventure/DatBoiEntertainmetnGame/Content/2DSideScrollerBP/Maps/Levels/LevelSprites/Sprites/Rain_Forrest_Sprites/Title_Sets/Better_Ramps_with_cave_entrance_TileSet.uasset'
[2017.07.24-03.16.53:187][ 66]LogSavePackage:Display: Finished SavePackage ../../../../../../Users/Justin Wells/Documents/Unreal Projects/InsertNameAdventure/DatBoiEntertainmetnGame/Content/2DSideScrollerBP/Maps/Levels/LevelSprites/Sprites/Rain_Forrest_Sprites/Title_Sets/Better_Ramps_with_cave_entrance_TileSet.uasset
[2017.07.24-03.17.33:023][554]Cmd: TRANSACTION UNDO
[2017.07.24-03.17.33:023][554]LogEditorTransaction: Undo Tile Erasing
[2017.07.24-03.17.33:138][554]LogSlate: Took 0.000159 seconds to synchronously load lazily loaded font '../../../Engine/Content/Slate/Fonts/Roboto-Light.ttf' (159K)
[2017.07.24-03.17.33:195][559]Cmd: TRANSACTION UNDO
[2017.07.24-03.17.33:195][559]LogEditorTransaction: Undo Tile Erasing
[2017.07.24-03.17.33:368][564]Cmd: TRANSACTION UNDO
[2017.07.24-03.17.33:368][564]LogEditorTransaction: Undo Tile Erasing
[2017.07.24-03.17.33:545][570]Cmd: TRANSACTION UNDO
[2017.07.24-03.17.33:545][570]LogEditorTransaction: Undo Tile Erasing
[2017.07.24-03.17.33:715][578]Cmd: TRANSACTION UNDO
[2017.07.24-03.17.33:715][578]LogEditorTransaction: Undo Tile Erasing
[2017.07.24-03.17.33:912][589]Cmd: TRANSACTION UNDO
[2017.07.24-03.17.33:912][589]LogEditorTransaction: Undo Tile Erasing
[2017.07.24-03.17.34:208][612]Cmd: TRANSACTION UNDO
[2017.07.24-03.17.34:208][612]LogEditorTransaction: Undo Tile Erasing
[2017.07.24-03.18.00:162][528]Cmd: TRANSACTION UNDO
[2017.07.24-03.18.00:162][528]LogEditorTransaction: Undo Tile Painting
[2017.07.24-03.18.39:323][119]LogTemp: Repeting last play command: New Editor Window (PIE)
[2017.07.24-03.18.39:384][119]LogBlueprintUserMessages: Early PlayInEditor Detection: Level '/Game/2DSideScrollerBP/Maps/Levels/Rainforest_Alien.Rainforest_Alien:PersistentLevel' has LevelScriptBlueprint '/Game/2DSideScrollerBP/Maps/Levels/Rainforest_Alien.Rainforest_Alien:PersistentLevel.Rainforest_Alien' with GeneratedClass '/Game/2DSideScrollerBP/Maps/Levels/Rainforest_Alien.Rainforest_Alien_C' with ClassGeneratedBy '/Game/2DSideScrollerBP/Maps/Levels/Rainforest_Alien.Rainforest_Alien:PersistentLevel.Rainforest_Alien'
[2017.07.24-03.18.39:384][119]LogPlayLevel: PlayLevel: No blueprints needed recompiling
[2017.07.24-03.18.39:384][119]PIE: New page: PIE session: Rainforest_Alien (Jul 23, 2017, 3:18:39 PM)
[2017.07.24-03.18.39:384][119]LogPlayLevel: Creating play world package: /Game/2DSideScrollerBP/Maps/Levels/UEDPIE_0_Rainforest_Alien
[2017.07.24-03.18.39:401][119]LogPlayLevel: PIE: StaticDuplicateObject took: (0.016667s)
[2017.07.24-03.18.39:402][119]LogAIModule: Creating AISystem for world Rainforest_Alien
[2017.07.24-03.18.39:402][119]LogPlayLevel: PIE: World Init took: (0.000568s)
[2017.07.24-03.18.39:402][119]LogPlayLevel: PIE: Created PIE world by copying editor world from /Game/2DSideScrollerBP/Maps/Levels/Rainforest_Alien.Rainforest_Alien to /Game/2DSideScrollerBP/Maps/Levels/UEDPIE_0_Rainforest_Alien.Rainforest_Alien (0.017608s)
[2017.07.24-03.18.39:450][119]LogInit: XAudio2 using 'Headphones (High Definition Audio Device)' : 2 channels at 48 kHz using 16 bits per sample (channel mask 0x3)
[2017.07.24-03.18.39:456][119]LogInit: FAudioDevice initialized.
[2017.07.24-03.18.39:519][119]LogLoad: Game class is '2DSideScrollerGameMode_C'
[2017.07.24-03.18.39:585][119]LogWorld: Bringing World /Game/2DSideScrollerBP/Maps/Levels/UEDPIE_0_Rainforest_Alien.Rainforest_Alien up for play (max tick rate 0) at 2017.07.23-21.18.39
[2017.07.24-03.18.39:597][119]LogWorld: Bringing up level for play took: 0.027806
[2017.07.24-03.18.39:633][119]LogContentBrowser: Native class hierarchy updated for 'MovieSceneCapture' in 0.0008 seconds. Added 11 classes and 0 folders.
[2017.07.24-03.18.39:645][119]PIE: Info Play in editor start time for /Game/2DSideScrollerBP/Maps/Levels/UEDPIE_0_Rainforest_Alien 0.86
[2017.07.24-03.18.39:646][119]LogBlueprintUserMessages: Late PlayInEditor Detection: Level '/Game/2DSideScrollerBP/Maps/Levels/Rainforest_Alien.Rainforest_Alien:PersistentLevel' has LevelScriptBlueprint '/Game/2DSideScrollerBP/Maps/Levels/Rainforest_Alien.Rainforest_Alien:PersistentLevel.Rainforest_Alien' with GeneratedClass '/Game/2DSideScrollerBP/Maps/Levels/Rainforest_Alien.Rainforest_Alien_C' with ClassGeneratedBy '/Game/2DSideScrollerBP/Maps/Levels/Rainforest_Alien.Rainforest_Alien:PersistentLevel.Rainforest_Alien'
[2017.07.24-03.18.39:707][120]LogCharacterMovement:Warning: GetSimulationTimeStep() - Max iterations 8 hit while remaining time 0.082337 > MaxSimulationTimeStep (0.050) for '2DSideScrollerCharacter_C_0', movement 'Walking'
[2017.07.24-03.18.44:813][729]LogBlueprintUserMessages: Early EndPlayMap Detection: Level '/Game/2DSideScrollerBP/Maps/Levels/Rainforest_Alien.Rainforest_Alien:PersistentLevel' has LevelScriptBlueprint '/Game/2DSideScrollerBP/Maps/Levels/Rainforest_Alien.Rainforest_Alien:PersistentLevel.Rainforest_Alien' with GeneratedClass '/Game/2DSideScrollerBP/Maps/Levels/Rainforest_Alien.Rainforest_Alien_C' with ClassGeneratedBy '/Game/2DSideScrollerBP/Maps/Levels/Rainforest_Alien.Rainforest_Alien:PersistentLevel.Rainforest_Alien'
[2017.07.24-03.18.44:901][729]LogBlueprintUserMessages: Late EndPlayMap Detection: Level '/Game/2DSideScrollerBP/Maps/Levels/Rainforest_Alien.Rainforest_Alien:PersistentLevel' has LevelScriptBlueprint '/Game/2DSideScrollerBP/Maps/Levels/Rainforest_Alien.Rainforest_Alien:PersistentLevel.Rainforest_Alien' with GeneratedClass '/Game/2DSideScrollerBP/Maps/Levels/Rainforest_Alien.Rainforest_Alien_C' with ClassGeneratedBy '/Game/2DSideScrollerBP/Maps/Levels/Rainforest_Alien.Rainforest_Alien:PersistentLevel.Rainforest_Alien'
[2017.07.24-03.18.47:332][938]LogEditorViewport: Clicking on Actor (LMB): PaperSpriteActor (Outpost_inner_Walls_2_Sprite_104)
[2017.07.24-03.18.48:006][  6]LogEditorViewport: Clicking on Actor (CTRL LMB): PaperSpriteActor (Outpost_inner_Walls_2_Sprite_106)
[2017.07.24-03.18.49:304][150]Cmd: DELETE
[2017.07.24-03.18.49:305][150]Cmd: ACTOR DELETE
[2017.07.24-03.18.49:308][150]LogEditorActor: Deleted Actor: PaperSpriteActor
[2017.07.24-03.18.49:308][150]LogEditorActor: Deleted Actor: PaperSpriteActor
[2017.07.24-03.18.49:316][150]LogEditorActor: Deleted 2 Actors (0.011 secs)
[2017.07.24-03.18.50:501][288]LogEditorViewport: Clicking on Actor (LMB): PaperSpriteActor (Outpost_inner_Walls_2_Sprite_105)
[2017.07.24-03.18.51:647][415]Cmd: DELETE
[2017.07.24-03.18.51:647][415]Cmd: ACTOR DELETE
[2017.07.24-03.18.51:650][415]LogEditorActor: Deleted Actor: PaperSpriteActor
[2017.07.24-03.18.51:669][415]LogEditorActor: Deleted 1 Actors (0.022 secs)
[2017.07.24-03.18.52:873][552]LogTemp: Repeting last play command: New Editor Window (PIE)
[2017.07.24-03.18.52:898][552]LogBlueprintUserMessages: Early PlayInEditor Detection: Level '/Game/2DSideScrollerBP/Maps/Levels/Rainforest_Alien.Rainforest_Alien:PersistentLevel' has LevelScriptBlueprint '/Game/2DSideScrollerBP/Maps/Levels/Rainforest_Alien.Rainforest_Alien:PersistentLevel.Rainforest_Alien' with GeneratedClass '/Game/2DSideScrollerBP/Maps/Levels/Rainforest_Alien.Rainforest_Alien_C' with ClassGeneratedBy '/Game/2DSideScrollerBP/Maps/Levels/Rainforest_Alien.Rainforest_Alien:PersistentLevel.Rainforest_Alien'
[2017.07.24-03.18.52:898][552]LogPlayLevel: PlayLevel: No blueprints needed recompiling
[2017.07.24-03.18.52:898][552]PIE: New page: PIE session: Rainforest_Alien (Jul 23, 2017, 3:18:52 PM)
[2017.07.24-03.18.52:898][552]LogPlayLevel: Creating play world package: /Game/2DSideScrollerBP/Maps/Levels/UEDPIE_0_Rainforest_Alien
[2017.07.24-03.18.52:916][552]LogPlayLevel: PIE: StaticDuplicateObject took: (0.017343s)
[2017.07.24-03.18.52:916][552]LogAIModule: Creating AISystem for world Rainforest_Alien
[2017.07.24-03.18.52:916][552]LogPlayLevel: PIE: World Init took: (0.000517s)
[2017.07.24-03.18.52:916][552]LogPlayLevel: PIE: Created PIE world by copying editor world from /Game/2DSideScrollerBP/Maps/Levels/Rainforest_Alien.Rainforest_Alien to /Game/2DSideScrollerBP/Maps/Levels/UEDPIE_0_Rainforest_Alien.Rainforest_Alien (0.018157s)
[2017.07.24-03.18.52:931][552]LogInit: XAudio2 using 'Headphones (High Definition Audio Device)' : 2 channels at 48 kHz using 16 bits per sample (channel mask 0x3)
[2017.07.24-03.18.52:937][552]LogInit: FAudioDevice initialized.
[2017.07.24-03.18.52:985][552]LogLoad: Game class is '2DSideScrollerGameMode_C'
[2017.07.24-03.18.53:002][552]LogWorld: Bringing World /Game/2DSideScrollerBP/Maps/Levels/UEDPIE_0_Rainforest_Alien.Rainforest_Alien up for play (max tick rate 0) at 2017.07.23-21.18.53
[2017.07.24-03.18.53:014][552]LogWorld: Bringing up level for play took: 0.027960
[2017.07.24-03.18.53:026][552]PIE: Info Play in editor start time for /Game/2DSideScrollerBP/Maps/Levels/UEDPIE_0_Rainforest_Alien 0.241
[2017.07.24-03.18.53:027][552]LogBlueprintUserMessages: Late PlayInEditor Detection: Level '/Game/2DSideScrollerBP/Maps/Levels/Rainforest_Alien.Rainforest_Alien:PersistentLevel' has LevelScriptBlueprint '/Game/2DSideScrollerBP/Maps/Levels/Rainforest_Alien.Rainforest_Alien:PersistentLevel.Rainforest_Alien' with GeneratedClass '/Game/2DSideScrollerBP/Maps/Levels/Rainforest_Alien.Rainforest_Alien_C' with ClassGeneratedBy '/Game/2DSideScrollerBP/Maps/Levels/Rainforest_Alien.Rainforest_Alien:PersistentLevel.Rainforest_Alien'
[2017.07.24-03.18.58:765][233]LogBlueprintUserMessages: Early EndPlayMap Detection: Level '/Game/2DSideScrollerBP/Maps/Levels/Rainforest_Alien.Rainforest_Alien:PersistentLevel' has LevelScriptBlueprint '/Game/2DSideScrollerBP/Maps/Levels/Rainforest_Alien.Rainforest_Alien:PersistentLevel.Rainforest_Alien' with GeneratedClass '/Game/2DSideScrollerBP/Maps/Levels/Rainforest_Alien.Rainforest_Alien_C' with ClassGeneratedBy '/Game/2DSideScrollerBP/Maps/Levels/Rainforest_Alien.Rainforest_Alien:PersistentLevel.Rainforest_Alien'
[2017.07.24-03.18.58:853][233]LogBlueprintUserMessages: Late EndPlayMap Detection: Level '/Game/2DSideScrollerBP/Maps/Levels/Rainforest_Alien.Rainforest_Alien:PersistentLevel' has LevelScriptBlueprint '/Game/2DSideScrollerBP/Maps/Levels/Rainforest_Alien.Rainforest_Alien:PersistentLevel.Rainforest_Alien' with GeneratedClass '/Game/2DSideScrollerBP/Maps/Levels/Rainforest_Alien.Rainforest_Alien_C' with ClassGeneratedBy '/Game/2DSideScrollerBP/Maps/Levels/Rainforest_Alien.Rainforest_Alien:PersistentLevel.Rainforest_Alien'
[2017.07.24-03.19.00:456][416]LogTemp: Repeting last play command: New Editor Window (PIE)
[2017.07.24-03.19.00:481][416]LogBlueprintUserMessages: Early PlayInEditor Detection: Level '/Game/2DSideScrollerBP/Maps/Levels/Rainforest_Alien.Rainforest_Alien:PersistentLevel' has LevelScriptBlueprint '/Game/2DSideScrollerBP/Maps/Levels/Rainforest_Alien.Rainforest_Alien:PersistentLevel.Rainforest_Alien' with GeneratedClass '/Game/2DSideScrollerBP/Maps/Levels/Rainforest_Alien.Rainforest_Alien_C' with ClassGeneratedBy '/Game/2DSideScrollerBP/Maps/Levels/Rainforest_Alien.Rainforest_Alien:PersistentLevel.Rainforest_Alien'
[2017.07.24-03.19.00:481][416]LogPlayLevel: PlayLevel: No blueprints needed recompiling
[2017.07.24-03.19.00:481][416]PIE: New page: PIE session: Rainforest_Alien (Jul 23, 2017, 3:19:00 PM)
[2017.07.24-03.19.00:481][416]LogPlayLevel: Creating play world package: /Game/2DSideScrollerBP/Maps/Levels/UEDPIE_0_Rainforest_Alien
[2017.07.24-03.19.00:499][416]LogPlayLevel: PIE: StaticDuplicateObject took: (0.017559s)
[2017.07.24-03.19.00:499][416]LogAIModule: Creating AISystem for world Rainforest_Alien
[2017.07.24-03.19.00:499][416]LogPlayLevel: PIE: World Init took: (0.000541s)
[2017.07.24-03.19.00:500][416]LogPlayLevel: PIE: Created PIE world by copying editor world from /Game/2DSideScrollerBP/Maps/Levels/Rainforest_Alien.Rainforest_Alien to /Game/2DSideScrollerBP/Maps/Levels/UEDPIE_0_Rainforest_Alien.Rainforest_Alien (0.018455s)
[2017.07.24-03.19.00:515][416]LogInit: XAudio2 using 'Headphones (High Definition Audio Device)' : 2 channels at 48 kHz using 16 bits per sample (channel mask 0x3)
[2017.07.24-03.19.00:521][416]LogInit: FAudioDevice initialized.
[2017.07.24-03.19.00:571][416]LogLoad: Game class is '2DSideScrollerGameMode_C'
[2017.07.24-03.19.00:588][416]LogWorld: Bringing World /Game/2DSideScrollerBP/Maps/Levels/UEDPIE_0_Rainforest_Alien.Rainforest_Alien up for play (max tick rate 0) at 2017.07.23-21.19.00
[2017.07.24-03.19.00:600][416]LogWorld: Bringing up level for play took: 0.027597
[2017.07.24-03.19.00:613][416]PIE: Info Play in editor start time for /Game/2DSideScrollerBP/Maps/Levels/UEDPIE_0_Rainforest_Alien -0.173
[2017.07.24-03.19.00:613][416]LogBlueprintUserMessages: Late PlayInEditor Detection: Level '/Game/2DSideScrollerBP/Maps/Levels/Rainforest_Alien.Rainforest_Alien:PersistentLevel' has LevelScriptBlueprint '/Game/2DSideScrollerBP/Maps/Levels/Rainforest_Alien.Rainforest_Alien:PersistentLevel.Rainforest_Alien' with GeneratedClass '/Game/2DSideScrollerBP/Maps/Levels/Rainforest_Alien.Rainforest_Alien_C' with ClassGeneratedBy '/Game/2DSideScrollerBP/Maps/Levels/Rainforest_Alien.Rainforest_Alien:PersistentLevel.Rainforest_Alien'
[2017.07.24-03.19.22:572][ 42]LogBlueprintUserMessages: Early EndPlayMap Detection: Level '/Game/2DSideScrollerBP/Maps/Levels/Rainforest_Alien.Rainforest_Alien:PersistentLevel' has LevelScriptBlueprint '/Game/2DSideScrollerBP/Maps/Levels/Rainforest_Alien.Rainforest_Alien:PersistentLevel.Rainforest_Alien' with GeneratedClass '/Game/2DSideScrollerBP/Maps/Levels/Rainforest_Alien.Rainforest_Alien_C' with ClassGeneratedBy '/Game/2DSideScrollerBP/Maps/Levels/Rainforest_Alien.Rainforest_Alien:PersistentLevel.Rainforest_Alien'
[2017.07.24-03.19.22:661][ 42]LogBlueprintUserMessages: Late EndPlayMap Detection: Level '/Game/2DSideScrollerBP/Maps/Levels/Rainforest_Alien.Rainforest_Alien:PersistentLevel' has LevelScriptBlueprint '/Game/2DSideScrollerBP/Maps/Levels/Rainforest_Alien.Rainforest_Alien:PersistentLevel.Rainforest_Alien' with GeneratedClass '/Game/2DSideScrollerBP/Maps/Levels/Rainforest_Alien.Rainforest_Alien_C' with ClassGeneratedBy '/Game/2DSideScrollerBP/Maps/Levels/Rainforest_Alien.Rainforest_Alien:PersistentLevel.Rainforest_Alien'
[2017.07.24-03.25.45:364][616]LogSavePackage: Save=550.98ms
[2017.07.24-03.25.45:364][616]LogSavePackage: Moving '../../../../../../Users/Justin Wells/Documents/Unreal Projects/InsertNameAdventure/DatBoiEntertainmetnGame/Saved/Rainforest_Alien_Auto1D1768A2845C01CA819341EAC66733C6A.tmp' to '../../../../../../Users/Justin Wells/Documents/Unreal Projects/InsertNameAdventure/DatBoiEntertainmetnGame/Saved/Autosaves/Game/2DSideScrollerBP/Maps/Levels/Rainforest_Alien_Auto1.umap'
[2017.07.24-03.25.45:367][616]LogSavePackage:Display: Finished SavePackage ../../../../../../Users/Justin Wells/Documents/Unreal Projects/InsertNameAdventure/DatBoiEntertainmetnGame/Saved/Autosaves/Game/2DSideScrollerBP/Maps/Levels/Rainforest_Alien_Auto1.umap
[2017.07.24-03.25.45:371][616]LogFileHelpers: Editor autosave (incl. sublevels) for '/Game/2DSideScrollerBP/Maps/Levels/Rainforest_Alien' took 0.705
[2017.07.24-03.25.45:371][616]LogFileHelpers: Editor autosave (incl. sublevels) for all levels took 0.705
[2017.07.24-03.25.45:373][616]OBJ SavePackage: Generating thumbnails for [0] asset(s) in package [/Game/2DSideScrollerBP/Maps/Levels/LevelSprites/Sprites/Rain_Forrest_Sprites/Tile_Maps/Rain_Forrest_TM] ([1] browsable assets)...
[2017.07.24-03.25.45:373][616]OBJ SavePackage: Finished generating thumbnails for package [/Game/2DSideScrollerBP/Maps/Levels/LevelSprites/Sprites/Rain_Forrest_Sprites/Tile_Maps/Rain_Forrest_TM]
[2017.07.24-03.25.48:200][616]LogSlate: Took 0.000121 seconds to synchronously load lazily loaded font '../../../Engine/Content/Slate/Fonts/Roboto-Regular.ttf' (155K)
[2017.07.24-03.25.49:070][616]LogSavePackage: Save=3668.30ms
[2017.07.24-03.25.49:070][616]LogSavePackage: Moving '../../../../../../Users/Justin Wells/Documents/Unreal Projects/InsertNameAdventure/DatBoiEntertainmetnGame/Saved/Rain_Forrest_TM_Auto1DE22CD514FFCC22E0BC6B397B4270C4F.tmp' to '../../../../../../Users/Justin Wells/Documents/Unreal Projects/InsertNameAdventure/DatBoiEntertainmetnGame/Saved/Autosaves/Game/2DSideScrollerBP/Maps/Levels/LevelSprites/Sprites/Rain_Forrest_Sprites/Tile_Maps/Rain_Forrest_TM_Auto1.uasset'
[2017.07.24-03.25.49:073][616]LogSavePackage:Display: Finished SavePackage ../../../../../../Users/Justin Wells/Documents/Unreal Projects/InsertNameAdventure/DatBoiEntertainmetnGame/Saved/Autosaves/Game/2DSideScrollerBP/Maps/Levels/LevelSprites/Sprites/Rain_Forrest_Sprites/Tile_Maps/Rain_Forrest_TM_Auto1.uasset
[2017.07.24-03.25.49:073][616]OBJ SavePackage: Generating thumbnails for [1] asset(s) in package [/Game/2DSideScrollerBP/Maps/Levels/LevelSprites/Sprites/Rain_Forrest_Sprites/PNG/Better_Ramps_with_cave_entrance] ([1] browsable assets)...
[2017.07.24-03.25.49:081][616]OBJ SavePackage:     Rendered thumbnail for [Texture2D /Game/2DSideScrollerBP/Maps/Levels/LevelSprites/Sprites/Rain_Forrest_Sprites/PNG/Better_Ramps_with_cave_entrance.Better_Ramps_with_cave_entrance]
[2017.07.24-03.25.49:081][616]OBJ SavePackage: Finished generating thumbnails for package [/Game/2DSideScrollerBP/Maps/Levels/LevelSprites/Sprites/Rain_Forrest_Sprites/PNG/Better_Ramps_with_cave_entrance]
[2017.07.24-03.25.49:089][616]LogSavePackage: Save=6.73ms
[2017.07.24-03.25.49:089][616]LogSavePackage: Moving '../../../../../../Users/Justin Wells/Documents/Unreal Projects/InsertNameAdventure/DatBoiEntertainmetnGame/Saved/Better_Ramps_with_cave_entrance_Auto1D71AFC444C420C0DFDACC5AF592571E8.tmp' to '../../../../../../Users/Justin Wells/Documents/Unreal Projects/InsertNameAdventure/DatBoiEntertainmetnGame/Saved/Autosaves/Game/2DSideScrollerBP/Maps/Levels/LevelSprites/Sprites/Rain_Forrest_Sprites/PNG/Better_Ramps_with_cave_entrance_Auto1.uasset'
[2017.07.24-03.25.49:091][616]LogSavePackage:Display: Finished SavePackage ../../../../../../Users/Justin Wells/Documents/Unreal Projects/InsertNameAdventure/DatBoiEntertainmetnGame/Saved/Autosaves/Game/2DSideScrollerBP/Maps/Levels/LevelSprites/Sprites/Rain_Forrest_Sprites/PNG/Better_Ramps_with_cave_entrance_Auto1.uasset
[2017.07.24-03.25.49:091][616]LogFileHelpers: Auto-saving content packages took 3.720
[2017.07.24-03.39.26:622][907]LogFactory: FactoryCreateFile: Texture with ReimportTextureFactory (0 0 ../../../../../../Users/Justin Wells/Desktop/UE4 Art/PNG's/Rain Forrest Assets/Sprite Sheets/Better Ramps with Cave 2.png)
[2017.07.24-03.39.26:633][907]LogTexture:Display: Building textures: Better_Ramps_with_Cave_2 (AutoDXT, 256X256)
[2017.07.24-03.39.30:169][287]LogTexture:Display: Building textures: Better_Ramps_with_Cave_2 (BGRA8, 256X256)
[2017.07.24-03.39.38:758][225]SourceControl: Info On branch V1.5.1
[2017.07.24-03.39.38:758][225]SourceControl: Info Your branch is up-to-date with 'origin/V1.5.1'.
[2017.07.24-03.39.38:758][225]SourceControl: Info Changes to be committed:
[2017.07.24-03.39.38:758][225]SourceControl: Info   (use "git reset HEAD <file>..." to unstage)
[2017.07.24-03.39.38:758][225]SourceControl: Info 	new file:   Content/2DSideScrollerBP/Maps/Levels/LevelSprites/Sprites/Rain_Forrest_Sprites/Title_Sets/Better_Ramps_with_cave_entrance_TileSet.uasset
[2017.07.24-03.39.38:758][225]SourceControl: Info Changes not staged for commit:
[2017.07.24-03.39.38:758][225]SourceControl: Info   (use "git add/rm <file>..." to update what will be committed)
[2017.07.24-03.39.38:758][225]SourceControl: Info   (use "git checkout -- <file>..." to discard changes in working directory)
[2017.07.24-03.39.38:758][225]SourceControl: Info 	modified:   Content/2DSideScrollerBP/Maps/Levels/LevelSprites/Platforms/BP_Platform_2.uasset
[2017.07.24-03.39.38:758][225]SourceControl: Info 	modified:   Content/2DSideScrollerBP/Maps/Levels/LevelSprites/Sprites/OutpostDoor_BP.uasset
[2017.07.24-03.39.38:758][225]SourceControl: Info 	modified:   Content/2DSideScrollerBP/Maps/Levels/Rainforest_Alien.umap
[2017.07.24-03.39.38:758][225]SourceControl: Info 	modified:   Content/2DSideScrollerBP/Maps/Levels/Rainforest_Alien_BuiltData.uasset
[2017.07.24-03.39.38:758][225]SourceControl: Info 	modified:   Intermediate/AssetRegistryCache/c90e3f55.bin
[2017.07.24-03.39.38:758][225]SourceControl: Info 	modified:   Intermediate/CachedAssetRegistry.bin
[2017.07.24-03.39.38:758][225]SourceControl: Info 	modified:   Saved/AutoScreenshot.png
[2017.07.24-03.39.38:758][225]SourceControl: Info 	modified:   Saved/Autosaves/Game/2DSideScrollerBP/Maps/Levels/LevelSprites/Sprites/OutpostDoor_BP_Auto2.uasset
[2017.07.24-03.39.38:758][225]SourceControl: Info 	modified:   Saved/Autosaves/Game/2DSideScrollerBP/Maps/Levels/LevelSprites/Sprites/OutpostDoor_BP_Auto3.uasset
[2017.07.24-03.39.38:758][225]SourceControl: Info 	modified:   Saved/Autosaves/Game/2DSideScrollerBP/Maps/Levels/LevelSprites/Sprites/OutpostDoor_BP_Auto4.uasset
[2017.07.24-03.39.38:758][225]SourceControl: Info 	modified:   Saved/Autosaves/Game/2DSideScrollerBP/Maps/Levels/LevelSprites/Sprites/OutpostDoor_BP_Auto5.uasset
[2017.07.24-03.39.38:758][225]SourceControl: Info 	modified:   Saved/Autosaves/Game/2DSideScrollerBP/Maps/Levels/LevelSprites/Sprites/Rain_Forrest_Sprites/Tile_Maps/Rain_Forrest_TM_Auto1.uasset
[2017.07.24-03.39.38:758][225]SourceControl: Info 	modified:   Saved/Autosaves/Game/2DSideScrollerBP/Maps/Levels/Rainforest_Alien_Auto1.umap
[2017.07.24-03.39.38:758][225]SourceControl: Info 	modified:   Saved/Autosaves/Game/2DSideScrollerBP/Maps/Levels/Rainforest_Alien_Auto3.umap
[2017.07.24-03.39.38:758][225]SourceControl: Info 	modified:   Saved/Autosaves/Game/2DSideScrollerBP/Maps/Levels/Rainforest_Alien_Auto4.umap
[2017.07.24-03.39.38:758][225]SourceControl: Info 	modified:   Saved/Autosaves/Game/2DSideScrollerBP/Maps/Levels/Rainforest_Alien_Auto5.umap
[2017.07.24-03.39.38:758][225]SourceControl: Info 	modified:   Saved/Autosaves/Game/2DSideScrollerBP/Maps/Levels/Rainforest_Alien_Auto6.umap
[2017.07.24-03.39.38:758][225]SourceControl: Info 	modified:   Saved/Autosaves/Game/2DSideScrollerBP/Maps/Levels/Rainforest_Alien_Auto7.umap
[2017.07.24-03.39.38:758][225]SourceControl: Info 	modified:   Saved/Autosaves/PackageRestoreData.json
[2017.07.24-03.39.38:758][225]SourceControl: Info 	deleted:    Saved/Backup/2DSideScrollerCharacter_2017-07-11-15-41-12.uasset
[2017.07.24-03.39.38:758][225]SourceControl: Info 	deleted:    Saved/Backup/2DSideScrollerCharacter_2017-07-12-13-55-14.uasset
[2017.07.24-03.39.38:758][225]SourceControl: Info 	deleted:    Saved/Backup/2DSideScrollerCharacter_2017-07-12-14-01-15.uasset
[2017.07.24-03.39.38:758][225]SourceControl: Info 	deleted:    Saved/Backup/Dirt_3_Sprite_Sheet_TileSet_2017-07-12-15-26-19.uasset
[2017.07.24-03.39.38:758][225]SourceControl: Info 	deleted:    Saved/Backup/Holo_Planet_2017-07-12-16-28-42.uasset
[2017.07.24-03.39.38:758][225]SourceControl: Info 	deleted:    Saved/Backup/Holo_Planet_2017-07-12-17-14-10.uasset
[2017.07.24-03.39.38:758][225]SourceControl: Info 	deleted:    Saved/Backup/NormalMap_HoloPlanet_2017-07-12-16-39-30.uasset
[2017.07.24-03.39.38:758][225]SourceControl: Info 	deleted:    Saved/Backup/NormalMap_HoloPlanet_2017-07-12-17-14-10.uasset
[2017.07.24-03.39.38:758][225]SourceControl: Info 	deleted:    Saved/Backup/Outpost_floor_and_holo_stand_Sprite_0_2017-07-12-17-14-10.uasset
[2017.07.24-03.39.38:758][225]SourceControl: Info 	deleted:    Saved/Backup/Outpost_floor_and_holo_stand_Sprite_1_2017-07-12-17-14-11.uasset
[2017.07.24-03.39.38:758][225]SourceControl: Info 	deleted:    Saved/Backup/Rain_Forrest_TM_2017-07-12-16-08-11.uasset
[2017.07.24-03.39.38:758][225]SourceControl: Info 	deleted:    Saved/Backup/Rain_Forrest_TM_2017-07-12-17-14-11.uasset
[2017.07.24-03.39.38:758][225]SourceControl: Info 	deleted:    Saved/Backup/Rainforest_Alien_2017-07-12-13-55-14.umap
[2017.07.24-03.39.38:758][225]SourceControl: Info 	deleted:    Saved/Backup/Rainforest_Alien_2017-07-12-14-01-15.umap
[2017.07.24-03.39.38:758][225]SourceControl: Info 	deleted:    Saved/Backup/Rainforest_Alien_2017-07-12-16-08-10.umap
[2017.07.24-03.39.38:758][225]SourceControl: Info 	deleted:    Saved/Backup/Rainforest_Alien_2017-07-12-17-05-32.umap
[2017.07.24-03.39.38:758][225]SourceControl: Info 	deleted:    Saved/Config/CrashReportClient/UE4CC-Windows-B7664F6F497F4EE2755FCDAC0E904238/CrashReportClient.ini
[2017.07.24-03.39.38:758][225]SourceControl: Info 	modified:   Saved/Config/Windows/EditorPerProjectUserSettings.ini
[2017.07.24-03.39.38:758][225]SourceControl: Info 	deleted:    Saved/Logs/InsertNameAdventure-backup-2017.07.22-15.37.01.log
[2017.07.24-03.39.38:758][225]SourceControl: Info 	modified:   Saved/Logs/InsertNameAdventure.log
[2017.07.24-03.39.38:758][225]SourceControl: Info Untracked files:
[2017.07.24-03.39.38:758][225]SourceControl: Info   (use "git add <file>..." to include in what will be committed)
[2017.07.24-03.39.38:758][225]SourceControl: Info 	Saved/Autosaves/Game/2DSideScrollerBP/Maps/Levels/LevelSprites/Platforms/BP_Platform_2_Auto2.uasset
[2017.07.24-03.39.38:758][225]SourceControl: Info 	Saved/Autosaves/Game/2DSideScrollerBP/Maps/Levels/LevelSprites/Platforms/BP_Platform_2_Auto3.uasset
[2017.07.24-03.39.38:758][225]SourceControl: Info 	Saved/Autosaves/Game/2DSideScrollerBP/Maps/Levels/LevelSprites/Sprites/OutpostDoor_BP_Auto6.uasset
[2017.07.24-03.39.38:758][225]SourceControl: Info 	Saved/Autosaves/Game/2DSideScrollerBP/Maps/Levels/LevelSprites/Sprites/Rain_Forrest_Sprites/PNG/Better_Ramps_with_cave_entrance_Auto1.uasset
[2017.07.24-03.39.38:758][225]SourceControl: Info 	Saved/Backup/BP_Platform_2_2017-07-23-12-52-44.uasset
[2017.07.24-03.39.38:758][225]SourceControl: Info 	Saved/Backup/BP_Platform_2_2017-07-23-13-04-45.uasset
[2017.07.24-03.39.38:758][225]SourceControl: Info 	Saved/Backup/BP_Platform_2_2017-07-23-17-53-35.uasset
[2017.07.24-03.39.38:758][225]SourceControl: Info 	Saved/Backup/OutpostDoor_BP_2017-07-23-12-52-44.uasset
[2017.07.24-03.39.38:758][225]SourceControl: Info 	Saved/Backup/OutpostDoor_BP_2017-07-23-13-04-45.uasset
[2017.07.24-03.39.38:758][225]SourceControl: Info 	Saved/Backup/OutpostDoor_BP_2017-07-23-16-48-59.uasset
[2017.07.24-03.39.38:758][225]SourceControl: Info 	Saved/Backup/OutpostDoor_BP_2017-07-23-16-59-54.uasset
[2017.07.24-03.39.38:758][225]SourceControl: Info 	Saved/Backup/OutpostDoor_BP_2017-07-23-17-17-48.uasset
[2017.07.24-03.39.38:758][225]SourceControl: Info 	Saved/Backup/OutpostDoor_BP_2017-07-23-17-53-35.uasset
[2017.07.24-03.39.38:758][225]SourceControl: Info 	Saved/Backup/Rain_Forrest_TM_2017-07-23-21-25-45.uasset
[2017.07.24-03.39.38:758][225]SourceControl: Info 	Saved/Backup/Rainforest_Alien_2017-07-23-12-14-55.umap
[2017.07.24-03.39.38:758][225]SourceControl: Info 	Saved/Backup/Rainforest_Alien_2017-07-23-13-04-45.umap
[2017.07.24-03.39.38:758][225]SourceControl: Info 	Saved/Backup/Rainforest_Alien_2017-07-23-16-48-58.umap
[2017.07.24-03.39.38:758][225]SourceControl: Info 	Saved/Backup/Rainforest_Alien_2017-07-23-16-59-54.umap
[2017.07.24-03.39.38:758][225]SourceControl: Info 	Saved/Backup/Rainforest_Alien_2017-07-23-17-17-47.umap
[2017.07.24-03.39.38:758][225]SourceControl: Info 	Saved/Backup/Rainforest_Alien_2017-07-23-17-29-33.umap
[2017.07.24-03.39.38:758][225]SourceControl: Info 	Saved/Backup/Rainforest_Alien_2017-07-23-17-53-32.umap
[2017.07.24-03.39.38:758][225]SourceControl: Info 	Saved/Backup/Rainforest_Alien_2017-07-23-21-25-44.umap
[2017.07.24-03.39.38:758][225]SourceControl: Info 	Saved/Backup/Rainforest_Alien_BuiltData_2017-07-23-17-53-33.uasset
[2017.07.24-03.39.38:758][225]SourceControl: Info 	Saved/Config/CrashReportClient/UE4CC-Windows-E0377CA0412E6EC67E8B2E85DED54084/
[2017.07.24-03.39.38:758][225]SourceControl: Info 	Saved/Logs/InsertNameAdventure-backup-2017.07.23-21.14.41.log
[2017.07.24-03.39.39:057][225]LogSavePackage: Save=10.19ms
[2017.07.24-03.39.39:057][225]LogSavePackage: Moving '../../../../../../Users/Justin Wells/Documents/Unreal Projects/InsertNameAdventure/DatBoiEntertainmetnGame/Saved/Better_Ramps_with_Cave_2_TileSet05D5EF9E47B1E47AA574D49E376703EB.tmp' to '../../../../../../Users/Justin Wells/Documents/Unreal Projects/InsertNameAdventure/DatBoiEntertainmetnGame/Content/2DSideScrollerBP/Maps/Levels/LevelSprites/Sprites/Rain_Forrest_Sprites/Title_Sets/Better_Ramps_with_Cave_2_TileSet.uasset'
[2017.07.24-03.39.39:060][225]LogSavePackage:Display: Finished SavePackage ../../../../../../Users/Justin Wells/Documents/Unreal Projects/InsertNameAdventure/DatBoiEntertainmetnGame/Content/2DSideScrollerBP/Maps/Levels/LevelSprites/Sprites/Rain_Forrest_Sprites/Title_Sets/Better_Ramps_with_Cave_2_TileSet.uasset
[2017.07.24-03.40.27:953][885]Cmd: TRANSACTION UNDO
[2017.07.24-03.40.27:953][885]LogEditorTransaction: Undo Tile Painting
[2017.07.24-03.42.10:913][754]Cmd: TRANSACTION UNDO
[2017.07.24-03.42.10:913][754]LogEditorTransaction: Undo Tile Erasing
[2017.07.24-03.42.11:363][784]Cmd: TRANSACTION UNDO
[2017.07.24-03.42.11:363][784]LogEditorTransaction: Undo Tile Erasing
[2017.07.24-03.42.14:532][125]Cmd: TRANSACTION UNDO
[2017.07.24-03.42.14:532][125]LogEditorTransaction: Undo Tile Erasing
[2017.07.24-03.42.15:564][223]Cmd: TRANSACTION UNDO
[2017.07.24-03.42.15:564][223]LogEditorTransaction: Undo Tile Erasing
[2017.07.24-03.43.06:410][549]LogSavePackage: Save=608.59ms
[2017.07.24-03.43.06:410][549]LogSavePackage: Moving '../../../../../../Users/Justin Wells/Documents/Unreal Projects/InsertNameAdventure/DatBoiEntertainmetnGame/Saved/Rainforest_Alien_Auto23F936F244B6166296C3692AA944E9E37.tmp' to '../../../../../../Users/Justin Wells/Documents/Unreal Projects/InsertNameAdventure/DatBoiEntertainmetnGame/Saved/Autosaves/Game/2DSideScrollerBP/Maps/Levels/Rainforest_Alien_Auto2.umap'
[2017.07.24-03.43.06:413][549]LogSavePackage:Display: Finished SavePackage ../../../../../../Users/Justin Wells/Documents/Unreal Projects/InsertNameAdventure/DatBoiEntertainmetnGame/Saved/Autosaves/Game/2DSideScrollerBP/Maps/Levels/Rainforest_Alien_Auto2.umap
[2017.07.24-03.43.06:415][549]LogFileHelpers: Editor autosave (incl. sublevels) for '/Game/2DSideScrollerBP/Maps/Levels/Rainforest_Alien' took 0.730
[2017.07.24-03.43.06:415][549]LogFileHelpers: Editor autosave (incl. sublevels) for all levels took 0.730
[2017.07.24-03.43.06:416][549]OBJ SavePackage: Generating thumbnails for [1] asset(s) in package [/Game/2DSideScrollerBP/Maps/Levels/LevelSprites/Sprites/Rain_Forrest_Sprites/PNG/Better_Ramps_with_Cave_2] ([1] browsable assets)...
[2017.07.24-03.43.06:423][549]OBJ SavePackage:     Rendered thumbnail for [Texture2D /Game/2DSideScrollerBP/Maps/Levels/LevelSprites/Sprites/Rain_Forrest_Sprites/PNG/Better_Ramps_with_Cave_2.Better_Ramps_with_Cave_2]
[2017.07.24-03.43.06:423][549]OBJ SavePackage: Finished generating thumbnails for package [/Game/2DSideScrollerBP/Maps/Levels/LevelSprites/Sprites/Rain_Forrest_Sprites/PNG/Better_Ramps_with_Cave_2]
[2017.07.24-03.43.06:432][549]LogSavePackage: Save=7.11ms
[2017.07.24-03.43.06:432][549]LogSavePackage: Moving '../../../../../../Users/Justin Wells/Documents/Unreal Projects/InsertNameAdventure/DatBoiEntertainmetnGame/Saved/Better_Ramps_with_Cave_2_Auto29F9247B349D30BA46E848AA9A9ACD860.tmp' to '../../../../../../Users/Justin Wells/Documents/Unreal Projects/InsertNameAdventure/DatBoiEntertainmetnGame/Saved/Autosaves/Game/2DSideScrollerBP/Maps/Levels/LevelSprites/Sprites/Rain_Forrest_Sprites/PNG/Better_Ramps_with_Cave_2_Auto2.uasset'
[2017.07.24-03.43.06:434][549]LogSavePackage:Display: Finished SavePackage ../../../../../../Users/Justin Wells/Documents/Unreal Projects/InsertNameAdventure/DatBoiEntertainmetnGame/Saved/Autosaves/Game/2DSideScrollerBP/Maps/Levels/LevelSprites/Sprites/Rain_Forrest_Sprites/PNG/Better_Ramps_with_Cave_2_Auto2.uasset
[2017.07.24-03.43.06:434][549]OBJ SavePackage: Generating thumbnails for [0] asset(s) in package [/Game/2DSideScrollerBP/Maps/Levels/LevelSprites/Sprites/Rain_Forrest_Sprites/Tile_Maps/Rain_Forrest_TM] ([1] browsable assets)...
[2017.07.24-03.43.06:434][549]OBJ SavePackage: Finished generating thumbnails for package [/Game/2DSideScrollerBP/Maps/Levels/LevelSprites/Sprites/Rain_Forrest_Sprites/Tile_Maps/Rain_Forrest_TM]
[2017.07.24-03.43.10:013][549]LogSavePackage: Save=3546.16ms
[2017.07.24-03.43.10:013][549]LogSavePackage: Moving '../../../../../../Users/Justin Wells/Documents/Unreal Projects/InsertNameAdventure/DatBoiEntertainmetnGame/Saved/Rain_Forrest_TM_Auto277A4B29145A28B3481A6F1868981CFBC.tmp' to '../../../../../../Users/Justin Wells/Documents/Unreal Projects/InsertNameAdventure/DatBoiEntertainmetnGame/Saved/Autosaves/Game/2DSideScrollerBP/Maps/Levels/LevelSprites/Sprites/Rain_Forrest_Sprites/Tile_Maps/Rain_Forrest_TM_Auto2.uasset'
[2017.07.24-03.43.10:021][549]LogSavePackage:Display: Finished SavePackage ../../../../../../Users/Justin Wells/Documents/Unreal Projects/InsertNameAdventure/DatBoiEntertainmetnGame/Saved/Autosaves/Game/2DSideScrollerBP/Maps/Levels/LevelSprites/Sprites/Rain_Forrest_Sprites/Tile_Maps/Rain_Forrest_TM_Auto2.uasset
[2017.07.24-03.43.10:021][549]LogFileHelpers: Auto-saving content packages took 3.605
[2017.07.24-03.44.38:594][126]LogLinker:Warning: Can't find file '/Game/2DSideScrollerBP/Maps/Levels/LevelSprites/Sprites/Rain_Forrest_Sprites/PNG/Better_Ramps_with_Cave_2'
[2017.07.24-03.44.38:594][126]LogLinker:Warning: Can't find file for asset '/Game/2DSideScrollerBP/Maps/Levels/LevelSprites/Sprites/Rain_Forrest_Sprites/PNG/Better_Ramps_with_Cave_2' while loading ../../../../../../Users/Justin Wells/Documents/Unreal Projects/InsertNameAdventure/DatBoiEntertainmetnGame/Content/2DSideScrollerBP/Maps/Levels/LevelSprites/Sprites/Rain_Forrest_Sprites/Title_Sets/Better_Ramps_with_Cave_2_TileSet.uasset.
[2017.07.24-03.44.38:594][126]LoadErrors:Error: Error /Game/2DSideScrollerBP/Maps/Levels/LevelSprites/Sprites/Rain_Forrest_Sprites/Title_Sets/Better_Ramps_with_Cave_2_TileSet : Can't find file for asset. /Game/2DSideScrollerBP/Maps/Levels/LevelSprites/Sprites/Rain_Forrest_Sprites/PNG/Better_Ramps_with_Cave_2
[2017.07.24-03.44.38:594][126]LogLinker:Warning: Can't find file '/Game/2DSideScrollerBP/Maps/Levels/LevelSprites/Sprites/Rain_Forrest_Sprites/PNG/Better_Ramps_with_Cave_2'
[2017.07.24-03.44.38:594][126]LogLinker:Warning: Can't find file for asset '/Game/2DSideScrollerBP/Maps/Levels/LevelSprites/Sprites/Rain_Forrest_Sprites/PNG/Better_Ramps_with_Cave_2' while loading ../../../../../../Users/Justin Wells/Documents/Unreal Projects/InsertNameAdventure/DatBoiEntertainmetnGame/Content/2DSideScrollerBP/Maps/Levels/LevelSprites/Sprites/Rain_Forrest_Sprites/Title_Sets/Better_Ramps_with_Cave_2_TileSet.uasset.
[2017.07.24-03.44.38:594][126]LogLinker:Warning: Can't find file '/Game/2DSideScrollerBP/Maps/Levels/LevelSprites/Sprites/Rain_Forrest_Sprites/PNG/Better_Ramps_with_Cave_2'
[2017.07.24-03.44.38:594][126]LoadErrors: Info Failed to load /Game/2DSideScrollerBP/Maps/Levels/LevelSprites/Sprites/Rain_Forrest_Sprites/PNG/Better_Ramps_with_Cave_2.Better_Ramps_with_Cave_2 Referenced by Better_Ramps_with_Cave_2_TileSet
[2017.07.24-03.44.38:594][126]LogLinker:Warning: Can't find file for asset '/Game/2DSideScrollerBP/Maps/Levels/LevelSprites/Sprites/Rain_Forrest_Sprites/PNG/Better_Ramps_with_Cave_2' while loading NULL.
[2017.07.24-03.45.01:346][241]LogObjectTools:Warning: ForceReplaceReferences replaced references for a transient object 'PaperTileLayer_1' or package '/Engine/Transient'.
[2017.07.24-03.45.10:792][125]LogLinker:Warning: Can't find file '/Game/2DSideScrollerBP/Maps/Levels/LevelSprites/Sprites/Rain_Forrest_Sprites/PNG/Better_Ramps_with_Cave_2'
[2017.07.24-03.45.10:795][125]LogUObjectGlobals:Warning: ReloadPackage cannot reload '/Game/2DSideScrollerBP/Maps/Levels/LevelSprites/Sprites/Rain_Forrest_Sprites/PNG/Better_Ramps_with_Cave_2' as the new package failed to load. The old package will be restored.
[2017.07.24-03.45.10:870][125]LogWindows: Windows GetLastError: The operation completed successfully. (0)
[2017.07.24-03.45.11:409][125]LogCrashTracker: 


[2017.07.24-03.45.11:409][125]LogCrashTracker: 


[2017.07.24-03.45.11:409][125]LogWindows:Error: === Critical error: ===
[2017.07.24-03.45.11:409][125]LogWindows:Error: 
[2017.07.24-03.45.11:409][125]LogWindows:Error: Assertion failed: IsValidIndex(Index) && ChunkIndex < NumChunks && Index < MaxTotalElements [File:D:\Build\++UE4+Release-4.16+Compile\Sync\Engine\Source\Runtime\Core\Public\UObject/NameTypes.h] [Line: 354] 
[2017.07.24-03.45.11:409][125]LogWindows:Error: 
[2017.07.24-03.45.11:409][125]LogWindows:Error: 
[2017.07.24-03.45.11:409][125]LogWindows:Error: 
[2017.07.24-03.45.11:409][125]LogWindows:Error: KERNELBASE.dll!0x00000000D86B9E08
[2017.07.24-03.45.11:409][125]LogWindows:Error: UE4Editor-Core.dll!0x00000000938C00AE
[2017.07.24-03.45.11:409][125]LogWindows:Error: UE4Editor-Core.dll!0x00000000936D30DF
[2017.07.24-03.45.11:409][125]LogWindows:Error: UE4Editor-Core.dll!0x0000000093662CC9
[2017.07.24-03.45.11:409][125]LogWindows:Error: UE4Editor-Core.dll!0x00000000937B7AAD
[2017.07.24-03.45.11:409][125]LogWindows:Error: UE4Editor-Core.dll!0x000000009389086D
[2017.07.24-03.45.11:409][125]LogWindows:Error: UE4Editor-Core.dll!0x00000000934D20EB
[2017.07.24-03.45.11:409][125]LogWindows:Error: UE4Editor-UnrealEd.dll!0x000000009220062B
[2017.07.24-03.45.11:409][125]LogWindows:Error: UE4Editor-UnrealEd.dll!0x00000000921FFA2E
[2017.07.24-03.45.11:409][125]LogWindows:Error: UE4Editor-ContentBrowser.dll!0x000000009ED5F31C
[2017.07.24-03.45.11:410][125]LogWindows:Error: UE4Editor-ContentBrowser.dll!0x000000009ED554DC
[2017.07.24-03.45.11:410][125]LogWindows:Error: UE4Editor-ContentBrowser.dll!0x000000009ED5C976
[2017.07.24-03.45.11:410][125]LogWindows:Error: UE4Editor-Slate.dll!0x00000000942C5748
[2017.07.24-03.45.11:410][125]LogWindows:Error: UE4Editor-Slate.dll!0x00000000942CB3F8
[2017.07.24-03.45.11:410][125]LogWindows:Error: UE4Editor-Slate.dll!0x0000000094233092
[2017.07.24-03.45.11:410][125]LogWindows:Error: UE4Editor-Slate.dll!0x0000000094234429
[2017.07.24-03.45.11:410][125]LogWindows:Error: UE4Editor-Slate.dll!0x00000000942A5939
[2017.07.24-03.45.11:410][125]LogWindows:Error: UE4Editor-Slate.dll!0x0000000094356A95
[2017.07.24-03.45.11:410][125]LogWindows:Error: UE4Editor-Slate.dll!0x0000000094383D9B
[2017.07.24-03.45.11:410][125]LogWindows:Error: UE4Editor-Slate.dll!0x00000000942CD4ED
[2017.07.24-03.45.11:410][125]LogWindows:Error: UE4Editor-Slate.dll!0x00000000941A991C
[2017.07.24-03.45.11:410][125]LogWindows:Error: UE4Editor-Slate.dll!0x0000000094178BA5
[2017.07.24-03.45.11:410][125]LogWindows:Error: UE4Editor-Slate.dll!0x000000009421DA62
[2017.07.24-03.45.11:410][125]LogWindows:Error: UE4Editor-Slate.dll!0x00000000942065ED
[2017.07.24-03.45.11:410][125]LogWindows:Error: UE4Editor-Slate.dll!0x00000000941F7881
[2017.07.24-03.45.11:410][125]LogWindows:Error: UE4Editor-Core.dll!0x00000000938B6859
[2017.07.24-03.45.11:410][125]LogWindows:Error: UE4Editor-Core.dll!0x00000000938A08A1
[2017.07.24-03.45.11:410][125]LogWindows:Error: UE4Editor-Core.dll!0x00000000938B849C
[2017.07.24-03.45.11:410][125]LogWindows:Error: UE4Editor-Core.dll!0x000000009389CBD2
[2017.07.24-03.45.11:410][125]LogWindows:Error: USER32.dll!0x00000000DBA9BC50
[2017.07.24-03.45.11:410][125]LogWindows:Error: USER32.dll!0x00000000DBA9B5CF
[2017.07.24-03.45.11:410][125]LogWindows:Error: UE4Editor-Core.dll!0x00000000938B8DA6
[2017.07.24-03.45.11:410][125]LogWindows:Error: UE4Editor.exe!0x00000000D48ADB58
[2017.07.24-03.45.11:410][125]LogWindows:Error: UE4Editor.exe!0x00000000D489F0E0
[2017.07.24-03.45.11:410][125]LogWindows:Error: UE4Editor.exe!0x00000000D489F15A
[2017.07.24-03.45.11:410][125]LogWindows:Error: UE4Editor.exe!0x00000000D48B0DB9
[2017.07.24-03.45.11:410][125]LogWindows:Error: UE4Editor.exe!0x00000000D48B2696
[2017.07.24-03.45.11:410][125]LogWindows:Error: KERNEL32.DLL!0x00000000DA212774
[2017.07.24-03.45.11:410][125]LogWindows:Error: ntdll.dll!0x00000000DBDA0D61
[2017.07.24-03.45.11:410][125]LogWindows:Error: ntdll.dll!0x00000000DBDA0D61
[2017.07.24-03.45.11:410][125]LogWindows:Error: 
[2017.07.24-03.45.11:424][125]LogExit: Executing StaticShutdownAfterError
[2017.07.24-03.45.11:442][125]LogWindows: FPlatformMisc::RequestExit(1)
[2017.07.24-03.45.11:442][125]Log file closed, 07/23/17 21:45:11
