Log file open, 07/11/17 13:00:37
LogInit:Display: Running engine for game: InsertNameAdventure
LogPlatformFile: Not using cached read wrapper
LogInit:Display: RandInit(380324553) SRandInit(380324553).
LogTaskGraph: Started task graph with 5 named threads and 8 total threads with 1 sets of task threads.
LogStats: Stats thread started at 0.082252
LogInit: Using libcurl 7.47.1
LogInit:  - built for x86_64-pc-win32
LogInit:  - supports SSL with OpenSSL/1.0.2g
LogInit:  - supports HTTP deflate (compression) using libz 1.2.8
LogInit:  - other features:
LogInit:      CURL_VERSION_SSL
LogInit:      CURL_VERSION_LIBZ
LogInit:      CURL_VERSION_IPV6
LogInit:      CURL_VERSION_ASYNCHDNS
LogInit:      CURL_VERSION_LARGEFILE
LogInit:      CURL_VERSION_IDN
LogInit:  CurlRequestOptions (configurable via config and command line):
LogInit:  - bVerifyPeer = false  - Libcurl will NOT verify peer certificate
LogInit:  - bUseHttpProxy = false  - Libcurl will NOT use HTTP proxy
LogInit:  - bDontReuseConnections = false  - Libcurl will reuse connections
LogInit:  - CertBundlePath = nullptr  - Libcurl will use whatever was configured at build time.
LogInit: Build: ++UE4+Release-4.16-CL-3452394
LogInit: Engine Version: 4.16.0-3452394+++UE4+Release-4.16
LogInit: Compatible Engine Version: 4.16.0-3452394+++UE4+Release-4.16
LogInit: Net CL: 3452394
LogDevObjectVersion: Number of dev versions registered: 16
LogDevObjectVersion:   Dev-Blueprints (B0D832E4-1F89-4F0D-ACCF-7EB736FD4AA2): 9
LogDevObjectVersion:   Dev-Build (E1C64328-A22C-4D53-A36C-8E866417BD8C): 0
LogDevObjectVersion:   Dev-Core (375EC13C-06E4-48FB-B500-84F0262A717E): 2
LogDevObjectVersion:   Dev-Editor (E4B068ED-F494-42E9-A231-DA0B2E46BB41): 17
LogDevObjectVersion:   Dev-Framework (CFFC743F-43B0-4480-9391-14DF171D2073): 23
LogDevObjectVersion:   Dev-Mobile (B02B49B5-BB20-44E9-A304-32B752E40360): 0
LogDevObjectVersion:   Dev-Networking (A4E4105C-59A1-49B5-A7C5-40C4547EDFEE): 0
LogDevObjectVersion:   Dev-Online (39C831C9-5AE6-47DC-9A44-9C173E1C8E7C): 0
LogDevObjectVersion:   Dev-Physics (78F01B33-EBEA-4F98-B9B4-84EACCB95AA2): 0
LogDevObjectVersion:   Dev-Platform (6631380F-2D4D-43E0-8009-CF276956A95A): 0
LogDevObjectVersion:   Dev-Rendering (12F88B9F-8875-4AFC-A67C-D90C383ABD29): 15
LogDevObjectVersion:   Dev-Sequencer (7B5AE74C-D270-4C10-A958-57980B212A5A): 4
LogDevObjectVersion:   Dev-VR (D7296918-1DD6-4BDD-9DE2-64A83CC13884): 0
LogDevObjectVersion:   Dev-LoadTimes (C2A15278-BFE7-4AFE-6C17-90FF531DF755): 1
LogDevObjectVersion:   Private-Geometry (6EACA3D4-40EC-4CC1-B786-8BED09428FC5): 1
LogDevObjectVersion:   Dev-AnimPhys (29E575DD-E0A3-4627-9D10-D276232CDCEA): 3
LogInit: Compiled (64-bit): May 22 2017 17:47:00
LogInit: Compiled with Visual C++: 19.00.23026.00
LogInit: Build Configuration: Development
LogInit: Branch Name: ++UE4+Release-4.16
LogInit: Command line:  
LogInit: Base directory: C:/Program Files/Epic Games/UE_4.16/Engine/Binaries/Win64/
LogInit: Installed Engine Build: 1
LogInit: Presizing for max 8388607 objects, including 0 objects not considered by GC, pre-allocating 0 bytes for permanent pool.
LogInit: Object subsystem initialized
[2017.07.11-19.00.37:442][  0]LogInit: Selected Device Profile: [Windows]
[2017.07.11-19.00.37:442][  0]LogInit: Applying CVar settings loaded from the selected device profile: [Windows]
[2017.07.11-19.00.37:476][  0]LogInit: Computer: DESKTOP-6MFT485
[2017.07.11-19.00.37:476][  0]LogInit: User: JustinWells20
[2017.07.11-19.00.37:476][  0]LogInit: CPU Page size=4096, Cores=4
[2017.07.11-19.00.37:476][  0]LogInit: High frequency timer resolution =3.328127 MHz
[2017.07.11-19.00.37:476][  0]LogMemory: Memory total: Physical=15.9GB (16GB approx)
[2017.07.11-19.00.37:477][  0]LogMemory: Platform Memory Stats for Windows
[2017.07.11-19.00.37:477][  0]LogMemory: Process Physical Memory: 274.27 MB used, 274.27 MB peak
[2017.07.11-19.00.37:477][  0]LogMemory: Process Virtual Memory: 270.60 MB used, 270.60 MB peak
[2017.07.11-19.00.37:477][  0]LogMemory: Physical Memory: 6288.92 MB used,  10032.82 MB free, 16321.74 MB total
[2017.07.11-19.00.37:477][  0]LogMemory: Virtual Memory: 655.38 MB used,  10032.82 MB free, 134217728.00 MB total
[2017.07.11-19.00.37:562][  0]LogInit: Using OS detected language (en-US).
[2017.07.11-19.00.37:562][  0]LogInit: Using OS detected locale (en-US).
[2017.07.11-19.00.37:564][  0]LogTextLocalizationManager: No specific localization for 'en-US' exists, so the 'en' localization will be used.
[2017.07.11-19.00.38:332][  0]LogD3D11RHI: D3D11 adapters:
[2017.07.11-19.00.38:864][  0]LogD3D11RHI:    0. 'NVIDIA GeForce GTX 1070' (Feature Level 11_0)
[2017.07.11-19.00.38:864][  0]LogD3D11RHI:       8081/0/8160 MB DedicatedVideo/DedicatedSystem/SharedSystem, Outputs:2, VendorId:0x10de
[2017.07.11-19.00.38:865][  0]LogD3D11RHI:    1. 'Microsoft Basic Render Driver' (Feature Level 11_0)
[2017.07.11-19.00.38:865][  0]LogD3D11RHI:       0/0/8160 MB DedicatedVideo/DedicatedSystem/SharedSystem, Outputs:0, VendorId:0x1414
[2017.07.11-19.00.38:865][  0]LogD3D11RHI: Chosen D3D11 Adapter: 0
[2017.07.11-19.00.38:870][  0]LogD3D11RHI: Creating new Direct3DDevice
[2017.07.11-19.00.38:870][  0]LogD3D11RHI:     GPU DeviceId: 0x1b81 (for the marketing name, search the web for "GPU Device Id")
[2017.07.11-19.00.38:870][  0]LogWindows: EnumDisplayDevices:
[2017.07.11-19.00.38:871][  0]LogWindows:    0. 'NVIDIA GeForce GTX 1070' (P:0 D:1)
[2017.07.11-19.00.38:871][  0]LogWindows:    1. 'NVIDIA GeForce GTX 1070' (P:1 D:1)
[2017.07.11-19.00.38:871][  0]LogWindows:    2. 'NVIDIA GeForce GTX 1070' (P:0 D:0)
[2017.07.11-19.00.38:871][  0]LogWindows:    3. 'NVIDIA GeForce GTX 1070' (P:0 D:0)
[2017.07.11-19.00.38:871][  0]LogWindows: DebugString: FoundDriverCount:4 
[2017.07.11-19.00.38:871][  0]LogD3D11RHI:     Adapter Name: NVIDIA GeForce GTX 1070
[2017.07.11-19.00.38:871][  0]LogD3D11RHI:   Driver Version: 384.76 (internal:22.21.13.8476, unified:384.76)
[2017.07.11-19.00.38:871][  0]LogD3D11RHI:      Driver Date: 6-27-2017
[2017.07.11-19.00.38:871][  0]LogRHI: Texture pool is 1361 MB (70% of 1945 MB)
[2017.07.11-19.00.39:370][  0]LogD3D11RHI: Async texture creation enabled
[2017.07.11-19.00.39:399][  0]LogD3D11RHI: GPU Timing Frequency: 1000.000000 (Debug: 2 1)
[2017.07.11-19.00.39:448][  0]LogShaderCompilers: Guid format shader working directory is -54 characters bigger than the processId version (../../../../../../Users/Justin Wells/Documents/Unreal Projects/InsertNameAdventure/DatBoiEntertainmetnGame/Intermediate/Shaders/WorkingDirectory/14132/).
[2017.07.11-19.00.39:449][  0]LogShaderCompilers: Cleaned the shader compiler working directory 'C:/Users/Justin Wells/AppData/Local/Temp/UnrealShaderWorkingDir/06B81A7A41B2189C8CC2A28C2456679A/'.
[2017.07.11-19.00.39:449][  0]LogShaderCompilers:Display: Using Local Shader Compiler.
[2017.07.11-19.00.40:379][  0]LogTemp:Display: Loaded TP AllDesktopTargetPlatform
[2017.07.11-19.00.40:421][  0]LogTemp:Display: Loaded TP MacClientTargetPlatform
[2017.07.11-19.00.40:464][  0]LogTemp:Display: Loaded TP MacNoEditorTargetPlatform
[2017.07.11-19.00.40:505][  0]LogTemp:Display: Loaded TP MacServerTargetPlatform
[2017.07.11-19.00.40:546][  0]LogTemp:Display: Loaded TP MacTargetPlatform
[2017.07.11-19.00.40:587][  0]LogTemp:Display: Loaded TP WindowsClientTargetPlatform
[2017.07.11-19.00.40:629][  0]LogTemp:Display: Loaded TP WindowsNoEditorTargetPlatform
[2017.07.11-19.00.40:669][  0]LogTemp:Display: Loaded TP WindowsServerTargetPlatform
[2017.07.11-19.00.40:706][  0]LogTemp:Display: Loaded TP WindowsTargetPlatform
[2017.07.11-19.00.40:747][  0]LogTemp:Display: Loaded TP AndroidTargetPlatform
[2017.07.11-19.00.40:792][  0]LogTemp:Display: Loaded TP Android_ASTCTargetPlatform
[2017.07.11-19.00.40:834][  0]LogTemp:Display: Loaded TP Android_ATCTargetPlatform
[2017.07.11-19.00.40:875][  0]LogTemp:Display: Loaded TP Android_DXTTargetPlatform
[2017.07.11-19.00.40:915][  0]LogTemp:Display: Loaded TP Android_ETC1TargetPlatform
[2017.07.11-19.00.40:958][  0]LogTemp:Display: Loaded TP Android_ETC2TargetPlatform
[2017.07.11-19.00.41:038][  0]LogTemp:Display: Loaded TP Android_MultiTargetPlatform
[2017.07.11-19.00.41:038][  0]LogTemp:Display: Loaded TP Android_PVRTCTargetPlatform
[2017.07.11-19.00.41:068][  0]LogTemp:Display: Loaded TP HTML5TargetPlatform
[2017.07.11-19.00.41:147][  0]LogTemp:Display: Loaded TP IOSTargetPlatform
[2017.07.11-19.00.41:171][  0]LogTemp:Display: Loaded TP TVOSTargetPlatform
[2017.07.11-19.00.41:212][  0]LogTemp:Display: Loaded TP LinuxClientTargetPlatform
[2017.07.11-19.00.41:252][  0]LogTemp:Display: Loaded TP LinuxNoEditorTargetPlatform
[2017.07.11-19.00.41:292][  0]LogTemp:Display: Loaded TP LinuxServerTargetPlatform
[2017.07.11-19.00.41:332][  0]LogTemp:Display: Loaded TP LinuxTargetPlatform
[2017.07.11-19.00.41:332][  0]LogTargetPlatformManager:Display: Building Assets For Windows
[2017.07.11-19.00.41:717][  0]LogDerivedDataCache:Display: Max Cache Size: 512 MB
[2017.07.11-19.00.41:798][  0]LogDerivedDataCache: Loaded boot cache 0.08s 90MB C:/Users/Justin Wells/AppData/Local/UnrealEngine/4.16/DerivedDataCache/Boot.ddc.
[2017.07.11-19.00.41:798][  0]LogDerivedDataCache:Display: Loaded Boot cache: C:/Users/Justin Wells/AppData/Local/UnrealEngine/4.16/DerivedDataCache/Boot.ddc
[2017.07.11-19.00.41:798][  0]LogDerivedDataCache: FDerivedDataBackendGraph:  Pak pak cache file ../../../../../../Users/Justin Wells/Documents/Unreal Projects/InsertNameAdventure/DatBoiEntertainmetnGame/DerivedDataCache/DDC.ddp not found, will not use a pak cache.
[2017.07.11-19.00.41:798][  0]LogDerivedDataCache: Unable to find inner node Pak for hierarchical cache Hierarchy.
[2017.07.11-19.00.41:798][  0]LogDerivedDataCache: FDerivedDataBackendGraph:  CompressedPak pak cache file ../../../../../../Users/Justin Wells/Documents/Unreal Projects/InsertNameAdventure/DatBoiEntertainmetnGame/DerivedDataCache/Compressed.ddp not found, will not use a pak cache.
[2017.07.11-19.00.41:798][  0]LogDerivedDataCache: Unable to find inner node CompressedPak for hierarchical cache Hierarchy.
[2017.07.11-19.00.41:812][  0]LogDerivedDataCache:Display: Pak cache opened for reading ../../../Engine/DerivedDataCache/Compressed.ddp.
[2017.07.11-19.00.41:823][  0]LogDerivedDataCache: Using Local data cache path C:/Users/Justin Wells/AppData/Local/UnrealEngine/Common/DerivedDataCache: Writable
[2017.07.11-19.00.41:831][  0]LogMaterial: Verifying Global Shaders for PCD3D_SM5
[2017.07.11-19.00.41:832][  0]LogSlate: Using Freetype 2.6.0
[2017.07.11-19.00.41:832][  0]LogSlate: SlateFontCache - WITH_FREETYPE: 1, WITH_HARFBUZZ: 1
[2017.07.11-19.00.41:832][  0]LogSlate: SlateFontCache - WITH_FREETYPE: 1, WITH_HARFBUZZ: 1
[2017.07.11-19.00.42:097][  0]LogInit: Selected Device Profile: [Windows]
[2017.07.11-19.00.42:158][  0]LogContentStreaming: Texture pool size is 0.00 MB
[2017.07.11-19.00.42:287][  0]LogMeshUtilities: Using QuadricMeshReduction for automatic static mesh reduction
[2017.07.11-19.00.42:322][  0]LogSimplygon: Simplygon DLL not present - disabling.
[2017.07.11-19.00.42:359][  0]LogMeshUtilities: Using SimplygonSwarm for distributed automatic mesh merging
[2017.07.11-19.00.42:359][  0]LogMeshUtilities: No automatic skeletal mesh reduction module available
[2017.07.11-19.00.42:359][  0]LogMeshUtilities: No automatic mesh merging module available
[2017.07.11-19.00.42:825][  0]LogNetVersion: InsertNameAdventure , NetCL: 3452394, EngineNetVer: 2, GameNetVer: 0 (Checksum: 1278457987)
[2017.07.11-19.00.42:879][  0]LogAssetRegistry: FAssetRegistry took 0.0250 seconds to start up
[2017.07.11-19.00.42:929][  0]LogPackageLocalizationCache: Processed 4 localized package path(s) for 2 prioritized culture(s) in 0.031805 seconds
[2017.07.11-19.00.42:934][  0]LogUObjectArray: 34194 objects as part of root set at end of initial load.
[2017.07.11-19.00.42:934][  0]LogUObjectAllocator: 7260416 out of 0 bytes used by permanent object pool.
[2017.07.11-19.00.42:934][  0]LogUObjectArray: CloseDisregardForGC: 0/0 objects in disregard for GC pool
[2017.07.11-19.00.42:986][  0]LogInit: WinSock: version 1.1 (2.2), MaxSocks=32767, MaxUdp=65467
[2017.07.11-19.00.44:949][  0]LogTcpMessaging: Initializing TcpMessaging bridge
[2017.07.11-19.00.44:982][  0]LogUdpMessaging: Initializing bridge on interface 0.0.0.0:0 to multicast group 230.0.0.1:6666.
[2017.07.11-19.00.45:460][  0]LogMaterial: Uniform references updated for custom material expression Custom.
[2017.07.11-19.00.45:780][  0]SourceControl: Info Source control is disabled
[2017.07.11-19.00.46:721][  0]LogAndroidPermission: UAndroidPermissionCallbackProxy::GetInstance
[2017.07.11-19.00.47:195][  0]LogEngine: Initializing Engine...
[2017.07.11-19.00.47:195][  0]LogHMD: Failed to initialize OpenVR with code 101
[2017.07.11-19.00.47:373][  0]LogStats: UGameplayTagsManager::ConstructGameplayTagTree: Construct from data asset -  0.000 s
[2017.07.11-19.00.47:373][  0]LogStats: UGameplayTagsManager::ConstructGameplayTagTree: GameplayTagTreeChangedEvent.Broadcast -  0.000 s
[2017.07.11-19.00.47:475][  0]LogAIModule: Creating AISystem for world Untitled
[2017.07.11-19.00.47:487][  0]LogInit: XAudio2 using 'Speakers (High Definition Audio Device)' : 2 channels at 48 kHz using 16 bits per sample (channel mask 0x3)
[2017.07.11-19.00.47:497][  0]LogInit: FAudioDevice initialized.
[2017.07.11-19.00.47:532][  0]LogDerivedDataCache: Saved boot cache 0.04s 90MB C:/Users/Justin Wells/AppData/Local/UnrealEngine/4.16/DerivedDataCache/Boot.ddc.
[2017.07.11-19.00.47:538][  0]LogInit: Texture streaming: Enabled
[2017.07.11-19.00.47:614][  0]LogEngineSessionManager: EngineSessionManager initialized
[2017.07.11-19.00.47:614][  0]LogEngineSessionManager: EngineSessionManager sent abnormal shutdown report. Type=Crashed, SessionId={55B4857A-4673-6E73-0C27-9BA5E5F90D17}
[2017.07.11-19.00.47:791][  0]LogInit: Transaction tracking system initialized
[2017.07.11-19.00.48:033][  0]BlueprintLog: New page: Editor Load
[2017.07.11-19.00.48:761][  0]LocalizationService: Info Localization service is disabled
[2017.07.11-19.00.49:304][  0]LogConsoleResponse:Display: 
[2017.07.11-19.00.49:434][  0]LogCook:Display: Max memory allowance for cook 16384mb min free memory 0mb
[2017.07.11-19.00.49:434][  0]LogCook:Display: Mobile HDR setting 1
[2017.07.11-19.00.49:832][  0]LogFileCache: Scanning file cache for directory 'C:/Users/Justin Wells/Documents/Unreal Projects/InsertNameAdventure/DatBoiEntertainmetnGame/Content/' took 0.01s
[2017.07.11-19.00.50:506][  0]LogWindowsTextInputMethodSystem:Display: IME system now deactivated.
[2017.07.11-19.00.50:510][  0]LogSlate: Took 0.000161 seconds to synchronously load lazily loaded font '../../../Engine/Content/Slate/Fonts/Roboto-Regular.ttf' (155K)
[2017.07.11-19.00.56:633][  0]LogWindowsTextInputMethodSystem:Display: IME system now deactivated.
[2017.07.11-19.00.56:636][  0]LogWindowsTextInputMethodSystem:Display: IME system now deactivated.
[2017.07.11-19.00.56:803][  0]LogWindowsTextInputMethodSystem:Display: IME system now deactivated.
[2017.07.11-19.00.56:805][  0]LogWindowsTextInputMethodSystem:Display: IME system now deactivated.
[2017.07.11-19.00.56:887][  0]LogStats:Warning: MetaData mismatch. Did you assign a stat to two groups? New //STATGROUP_Threads//SplashScreenThread///Thread_4194_0///####STATCAT_Advanced#### old //STATGROUP_Threads//SplashScreenThread///Thread_2cd8_0///####STATCAT_Advanced####
[2017.07.11-19.00.58:490][  0]LogWindowsTextInputMethodSystem:Display: IME system now deactivated.
[2017.07.11-19.00.58:492][  0]LogWindowsTextInputMethodSystem:Display: IME system now deactivated.
[2017.07.11-19.00.58:494][  0]LightingResults: New page: Lighting Build
[2017.07.11-19.00.58:528][  0]MapCheck: New page: Map Check
[2017.07.11-19.00.58:528][  0]LightingResults: New page: Lighting Build
[2017.07.11-19.00.58:539][  0]LogAIModule: Creating AISystem for world Untitled
[2017.07.11-19.00.58:541][  0]LoadErrors: New page: New Map
[2017.07.11-19.00.58:649][  0]LogCollectionManager: Loaded 0 collections in 0.001183 seconds
[2017.07.11-19.00.58:720][  0]LogFileCache: Scanning file cache for directory 'C:/Users/Justin Wells/Documents/Unreal Projects/InsertNameAdventure/DatBoiEntertainmetnGame/Saved/Collections/' took 0.01s
[2017.07.11-19.00.58:721][  0]LogFileCache: Scanning file cache for directory 'C:/Users/Justin Wells/Documents/Unreal Projects/InsertNameAdventure/DatBoiEntertainmetnGame/Content/Developers/JustinWells20/Collections/' took 0.01s
[2017.07.11-19.00.58:721][  0]LogFileCache: Scanning file cache for directory 'C:/Users/Justin Wells/Documents/Unreal Projects/InsertNameAdventure/DatBoiEntertainmetnGame/Content/Collections/' took 0.01s
[2017.07.11-19.00.58:721][  0]LogCollectionManager: Rebuilt the GUID cache for 0 collections in 0.000002 seconds
[2017.07.11-19.00.58:731][  0]LogContentBrowser: Native class hierarchy populated in 0.0107 seconds. Added 2329 classes and 491 folders.
[2017.07.11-19.00.58:791][  0]LogContentBrowser: Native class hierarchy updated for 'WidgetCarousel' in 0.0007 seconds. Added 0 classes and 0 folders.
[2017.07.11-19.00.58:820][  0]LogContentBrowser: Native class hierarchy updated for 'AddContentDialog' in 0.0007 seconds. Added 0 classes and 0 folders.
[2017.07.11-19.00.58:857][  0]LogContentBrowser: Native class hierarchy updated for 'SceneOutliner' in 0.0007 seconds. Added 1 classes and 2 folders.
[2017.07.11-19.00.58:878][  0]LogCrashTracker: Crashtracker disabled due to settings.
[2017.07.11-19.00.58:886][  0]LogSlate: Took 0.000143 seconds to synchronously load lazily loaded font '../../../Engine/Content/Slate/Fonts/Roboto-Bold.ttf' (160K)
[2017.07.11-19.00.58:889][  0]LogSlate: Took 0.000287 seconds to synchronously load lazily loaded font '../../../Engine/Content/Editor/Slate/Fonts/FontAwesome.ttf' (139K)
[2017.07.11-19.00.58:970][  0]LogRenderer: Reallocating scene render targets to support 1756x608 NumSamples 1 (Frame:1).
[2017.07.11-19.00.59:071][  0]LogUObjectGlobals:Warning: Failed to find object 'Class None.'
[2017.07.11-19.00.59:128][  0]LogContentBrowser: Native class hierarchy updated for 'HierarchicalLODOutliner' in 0.0006 seconds. Added 1 classes and 2 folders.
[2017.07.11-19.00.59:128][  0]LogLoad: (Engine Initialization) Total time: 22.95 seconds
[2017.07.11-19.00.59:128][  0]LogLoad: (Engine Initialization) Total Blueprint compile time: 0.03 seconds
[2017.07.11-19.00.59:128][  0]LogExternalProfiler: No external profilers were discovered.  External profiling features will not be available.
[2017.07.11-19.00.59:137][  0]LogOcInput: OculusInput pre-init called
[2017.07.11-19.00.59:137][  0]LogHMD: Starting GearVRController plugin
[2017.07.11-19.00.59:156][  0]SourceControl: Info On branch V1.5.1
[2017.07.11-19.00.59:156][  0]SourceControl: Info Your branch is behind 'origin/V1.5.1' by 2 commits, and can be fast-forwarded.
[2017.07.11-19.00.59:156][  0]SourceControl: Info   (use "git pull" to update your local branch)
[2017.07.11-19.00.59:156][  0]SourceControl: Info Changes to be committed:
[2017.07.11-19.00.59:156][  0]SourceControl: Info   (use "git reset HEAD <file>..." to unstage)
[2017.07.11-19.00.59:156][  0]SourceControl: Info 	deleted:    Content/2DSideScrollerBP/Maps/Levels/LevelSprites/Sprites/Rain_Forrest_Sprites/Dirt_3_Ramp_Sprite_Sheet_Sprite_1.uasset
[2017.07.11-19.00.59:156][  0]SourceControl: Info 	new file:   Content/2DSideScrollerBP/Maps/Levels/LevelSprites/Sprites/Rain_Forrest_Sprites/Title_Sets/Dirt_3_Ramp_TileSet.uasset
[2017.07.11-19.00.59:156][  0]SourceControl: Info 	new file:   Content/2DSideScrollerBP/Maps/Levels/LevelSprites/Sprites/Rain_Forrest_Sprites/Title_Sets/Ramp_Full_6_TileSet.uasset
[2017.07.11-19.00.59:156][  0]SourceControl: Info Changes not staged for commit:
[2017.07.11-19.00.59:156][  0]SourceControl: Info   (use "git add/rm <file>..." to update what will be committed)
[2017.07.11-19.00.59:156][  0]SourceControl: Info   (use "git checkout -- <file>..." to discard changes in working directory)
[2017.07.11-19.00.59:156][  0]SourceControl: Info 	modified:   Content/2DSideScrollerBP/Blueprints/Characters/Mouse_Controls.uasset
[2017.07.11-19.00.59:156][  0]SourceControl: Info 	modified:   Content/2DSideScrollerBP/Maps/Levels/LevelSprites/Sprites/Rain_Forrest_Sprites/Tile_Maps/Rain_Forrest_TM.uasset
[2017.07.11-19.00.59:156][  0]SourceControl: Info 	modified:   Content/2DSideScrollerBP/Maps/Levels/LevelSprites/Sprites/Rain_Forrest_Sprites/Title_Sets/Dirt_3_Ramp_TileSet.uasset
[2017.07.11-19.00.59:156][  0]SourceControl: Info 	modified:   Content/2DSideScrollerBP/Maps/Levels/LevelSprites/Sprites/Rain_Forrest_Sprites/Title_Sets/Ramp_Full_6_TileSet.uasset
[2017.07.11-19.00.59:156][  0]SourceControl: Info 	modified:   Content/2DSideScrollerBP/Maps/Levels/Rainforest_Alien.umap
[2017.07.11-19.00.59:156][  0]SourceControl: Info 	modified:   Intermediate/AssetRegistryCache/c90e3f55.bin
[2017.07.11-19.00.59:156][  0]SourceControl: Info 	modified:   Intermediate/CachedAssetRegistry.bin
[2017.07.11-19.00.59:156][  0]SourceControl: Info 	modified:   Saved/Autosaves/Game/2DSideScrollerBP/Blueprints/Characters/Mouse_Controls_Auto1.uasset
[2017.07.11-19.00.59:156][  0]SourceControl: Info 	modified:   Saved/Autosaves/Game/2DSideScrollerBP/Blueprints/Characters/Mouse_Controls_Auto2.uasset
[2017.07.11-19.00.59:156][  0]SourceControl: Info 	modified:   Saved/Autosaves/Game/2DSideScrollerBP/Blueprints/Characters/Mouse_Controls_Auto3.uasset
[2017.07.11-19.00.59:156][  0]SourceControl: Info 	modified:   Saved/Autosaves/Game/2DSideScrollerBP/Blueprints/Characters/Mouse_Controls_Auto4.uasset
[2017.07.11-19.00.59:156][  0]SourceControl: Info 	modified:   Saved/Autosaves/Game/2DSideScrollerBP/Maps/Levels/LevelSprites/Sprites/Rain_Forrest_Sprites/Tile_Maps/Rain_Forrest_TM_Auto1.uasset
[2017.07.11-19.00.59:156][  0]SourceControl: Info 	modified:   Saved/Autosaves/Game/2DSideScrollerBP/Maps/Levels/LevelSprites/Sprites/Rain_Forrest_Sprites/Tile_Maps/Rain_Forrest_TM_Auto3.uasset
[2017.07.11-19.00.59:156][  0]SourceControl: Info 	modified:   Saved/Autosaves/Game/2DSideScrollerBP/Maps/Levels/LevelSprites/Sprites/Rain_Forrest_Sprites/Tile_Maps/Rain_Forrest_TM_Auto4.uasset
[2017.07.11-19.00.59:156][  0]SourceControl: Info 	modified:   Saved/Autosaves/Game/2DSideScrollerBP/Maps/Levels/LevelSprites/Sprites/Rain_Forrest_Sprites/Tile_Maps/Rain_Forrest_TM_Auto5.uasset
[2017.07.11-19.00.59:156][  0]SourceControl: Info 	modified:   Saved/Autosaves/Game/2DSideScrollerBP/Maps/Levels/Rainforest_Alien_Auto1.umap
[2017.07.11-19.00.59:156][  0]SourceControl: Info 	modified:   Saved/Autosaves/Game/2DSideScrollerBP/Maps/Levels/Rainforest_Alien_Auto2.umap
[2017.07.11-19.00.59:156][  0]SourceControl: Info 	deleted:    Saved/Backup/2DSideScrollerCharacter_2017-07-08-15-00-33.uasset
[2017.07.11-19.00.59:156][  0]SourceControl: Info 	deleted:    Saved/Backup/CLT_5_2017-07-08-15-00-33.uasset
[2017.07.11-19.00.59:156][  0]SourceControl: Info 	deleted:    Saved/Backup/Rain_Forrest_TM_2017-07-08-14-18-48.uasset
[2017.07.11-19.00.59:156][  0]SourceControl: Info 	deleted:    Saved/Backup/Rain_Forrest_TM_2017-07-08-14-31-19.uasset
[2017.07.11-19.00.59:156][  0]SourceControl: Info 	deleted:    Saved/Backup/Rain_Forrest_TM_2017-07-08-14-41-35.uasset
[2017.07.11-19.00.59:156][  0]SourceControl: Info 	deleted:    Saved/Backup/Rain_Forrest_TM_2017-07-08-15-33-23.uasset
[2017.07.11-19.00.59:156][  0]SourceControl: Info 	deleted:    Saved/Backup/Rain_Forrest_TM_2017-07-08-18-35-36.uasset
[2017.07.11-19.00.59:156][  0]SourceControl: Info 	deleted:    Saved/Backup/Rain_Forrest_Tree_1_Sprite_2017-07-08-18-24-09.uasset
[2017.07.11-19.00.59:156][  0]SourceControl: Info 	deleted:    Saved/Backup/Rainforest_Alien_2017-07-08-14-18-48.umap
[2017.07.11-19.00.59:156][  0]SourceControl: Info 	deleted:    Saved/Backup/Rainforest_Alien_2017-07-08-15-00-32.umap
[2017.07.11-19.00.59:156][  0]SourceControl: Info 	deleted:    Saved/Backup/Rainforest_Alien_2017-07-08-15-33-23.umap
[2017.07.11-19.00.59:156][  0]SourceControl: Info 	deleted:    Saved/Backup/Rainforest_Alien_2017-07-08-18-35-36.umap
[2017.07.11-19.00.59:156][  0]SourceControl: Info 	modified:   Saved/Config/Windows/Editor.ini
[2017.07.11-19.00.59:156][  0]SourceControl: Info 	modified:   Saved/Config/Windows/EditorPerProjectUserSettings.ini
[2017.07.11-19.00.59:156][  0]SourceControl: Info 	modified:   Saved/Config/Windows/Engine.ini
[2017.07.11-19.00.59:156][  0]SourceControl: Info 	deleted:    Saved/Logs/InsertNameAdventure-backup-2017.07.10-11.30.54.log
[2017.07.11-19.00.59:156][  0]SourceControl: Info 	deleted:    Saved/Logs/InsertNameAdventure-backup-2017.07.11-10.17.31.log
[2017.07.11-19.00.59:156][  0]SourceControl: Info 	deleted:    Saved/Logs/InsertNameAdventure-backup-2017.07.11-10.17.47.log
[2017.07.11-19.00.59:156][  0]SourceControl: Info 	modified:   Saved/Logs/InsertNameAdventure.log
[2017.07.11-19.00.59:156][  0]SourceControl: Info Untracked files:
[2017.07.11-19.00.59:156][  0]SourceControl: Info   (use "git add <file>..." to include in what will be committed)
[2017.07.11-19.00.59:156][  0]SourceControl: Info 	Content/2DSideScrollerBP/Maps/Levels/LevelSprites/Sprites/Rain_Forrest_Sprites/PNG/Dirt_3_Ramp.uasset
[2017.07.11-19.00.59:156][  0]SourceControl: Info 	Content/2DSideScrollerBP/Maps/Levels/LevelSprites/Sprites/Rain_Forrest_Sprites/PNG/Ramp_Full_6.uasset
[2017.07.11-19.00.59:156][  0]SourceControl: Info 	Saved/Autosaves/Game/2DSideScrollerBP/Maps/Levels/LevelSprites/Sprites/Rain_Forrest_Sprites/PNG/Dirt_3_Ramp_Auto2.uasset
[2017.07.11-19.00.59:156][  0]SourceControl: Info 	Saved/Autosaves/Game/2DSideScrollerBP/Maps/Levels/LevelSprites/Sprites/Rain_Forrest_Sprites/PNG/Dirt_3_Ramp_Auto3.uasset
[2017.07.11-19.00.59:156][  0]SourceControl: Info 	Saved/Autosaves/Game/2DSideScrollerBP/Maps/Levels/LevelSprites/Sprites/Rain_Forrest_Sprites/PNG/Ramp_Full_6_Auto4.uasset
[2017.07.11-19.00.59:156][  0]SourceControl: Info 	Saved/Autosaves/Game/2DSideScrollerBP/Maps/Levels/LevelSprites/Sprites/Rain_Forrest_Sprites/Title_Sets/
[2017.07.11-19.00.59:156][  0]SourceControl: Info 	Saved/Backup/Dirt_3_Ramp_TileSet_2017-07-11-12-17-47.uasset
[2017.07.11-19.00.59:157][  0]SourceControl: Info 	Saved/Backup/Dirt_3_Ramp_TileSet_2017-07-11-12-34-20.uasset
[2017.07.11-19.00.59:157][  0]SourceControl: Info 	Saved/Backup/Mouse_Controls_2017-07-11-12-03-21.uasset
[2017.07.11-19.00.59:157][  0]SourceControl: Info 	Saved/Backup/Mouse_Controls_2017-07-11-12-17-47.uasset
[2017.07.11-19.00.59:157][  0]SourceControl: Info 	Saved/Backup/Mouse_Controls_2017-07-11-12-34-18.uasset
[2017.07.11-19.00.59:157][  0]SourceControl: Info 	Saved/Backup/Mouse_Controls_2017-07-11-12-45-38.uasset
[2017.07.11-19.00.59:157][  0]SourceControl: Info 	Saved/Backup/Rain_Forrest_TM_2017-07-11-11-53-39.uasset
[2017.07.11-19.00.59:157][  0]SourceControl: Info 	Saved/Backup/Rain_Forrest_TM_2017-07-11-12-03-21.uasset
[2017.07.11-19.00.59:157][  0]SourceControl: Info 	Saved/Backup/Rain_Forrest_TM_2017-07-11-12-34-18.uasset
[2017.07.11-19.00.59:157][  0]SourceControl: Info 	Saved/Backup/Rain_Forrest_TM_2017-07-11-12-45-38.uasset
[2017.07.11-19.00.59:157][  0]SourceControl: Info 	Saved/Backup/Rain_Forrest_TM_2017-07-11-12-55-41.uasset
[2017.07.11-19.00.59:157][  0]SourceControl: Info 	Saved/Backup/Rainforest_Alien_2017-07-11-12-03-20.umap
[2017.07.11-19.00.59:157][  0]SourceControl: Info 	Saved/Backup/Rainforest_Alien_2017-07-11-12-17-47.umap
[2017.07.11-19.00.59:157][  0]SourceControl: Info 	Saved/Backup/Ramp_Full_6_TileSet_2017-07-11-12-45-40.uasset
[2017.07.11-19.00.59:157][  0]SourceControl: Info 	Saved/Backup/Ramp_Full_6_TileSet_2017-07-11-12-55-43.uasset
[2017.07.11-19.00.59:157][  0]SourceControl: Info 	Saved/Config/CrashReportClient/UE4CC-Windows-E9C52F274BEAC951DAE93FB6CAB27A67/
[2017.07.11-19.00.59:157][  0]SourceControl: Info 	Saved/Config/CrashReportClient/UE4CC-Windows-F62055B84C5F3E02F38F08BF9A306F4A/
[2017.07.11-19.00.59:157][  0]SourceControl: Info 	Saved/Crashes/UE4CC-Windows-E9C52F274BEAC951DAE93FB6CAB27A67_0000/
[2017.07.11-19.00.59:157][  0]SourceControl: Info 	Saved/Logs/InsertNameAdventure-backup-2017.07.11-11.48.20.log
[2017.07.11-19.00.59:157][  0]SourceControl: Info 	Saved/Logs/InsertNameAdventure-backup-2017.07.11-13.00.37.log
[2017.07.11-19.00.59:157][  0]LogContentStreaming: Texture pool size now 1000 MB
[2017.07.11-19.00.59:180][  0]LogSlate: Took 0.000137 seconds to synchronously load lazily loaded font '../../../Engine/Content/Slate/Fonts/Roboto-Light.ttf' (159K)
[2017.07.11-19.00.59:238][  4]LogAssetRegistry: Asset discovery search completed in 16.3807 seconds
[2017.07.11-19.00.59:240][  4]LogCollectionManager: Rebuilt the object cache for 0 collections in 0.000004 seconds (found 0 objects)
[2017.07.11-19.00.59:240][  4]LogCollectionManager: Fixed up redirectors for 0 collections in 0.000031 seconds (updated 0 objects)
[2017.07.11-19.01.00:175][109]LogSlate: Took 0.000161 seconds to synchronously load lazily loaded font '../../../Engine/Content/Slate/Fonts/Roboto-Light.ttf' (159K)
[2017.07.11-19.01.31:820][837]LogSlate: Took 0.000283 seconds to synchronously load lazily loaded font '../../../Engine/Content/Slate/Fonts/Roboto-Light.ttf' (159K)
[2017.07.11-19.01.32:396][837]LogAIModule: Creating AISystem for world Rainforest_Alien
[2017.07.11-19.01.32:421][837]LightingResults: New page: Lighting Build
[2017.07.11-19.01.32:422][837]LoadErrors: New page: Loading map: Rainforest_Alien.umap
[2017.07.11-19.01.32:422][837]MapCheck: New page: Map Check
[2017.07.11-19.01.32:422][837]LightingResults: New page: Lighting Build
[2017.07.11-19.01.32:444][837]LogEditorServer: Finished looking for orphan Actors (0.000 secs)
[2017.07.11-19.01.32:495][837]Cmd: MAP CHECKDEP NOCLEARLOG
[2017.07.11-19.01.32:539][837]MapCheck: Info Map check complete: 0 Error(s), 0 Warning(s), took 44.136ms to complete.
[2017.07.11-19.01.32:539][837]LogFileHelpers: Loading map 'Rainforest_Alien' took 0.118
[2017.07.11-19.02.21:915][602]LogFactory: FactoryCreateFile: Texture with ReimportTextureFactory (0 0 ../../../../../../Users/Justin Wells/Desktop/UE4 Art/PNG's/Rain Forrest Assets/Sprite Sheets/Ramp full 7.png)
[2017.07.11-19.02.21:920][602]LogTexture:Display: Building textures: Ramp_full_7 (AutoDXT, 256X256)
[2017.07.11-19.02.25:479][977]LogTexture:Display: Building textures: Ramp_full_7 (BGRA8, 256X256)
[2017.07.11-19.02.36:820][192]SourceControl: Info On branch V1.5.1
[2017.07.11-19.02.36:820][192]SourceControl: Info Your branch is behind 'origin/V1.5.1' by 2 commits, and can be fast-forwarded.
[2017.07.11-19.02.36:820][192]SourceControl: Info   (use "git pull" to update your local branch)
[2017.07.11-19.02.36:820][192]SourceControl: Info Changes to be committed:
[2017.07.11-19.02.36:820][192]SourceControl: Info   (use "git reset HEAD <file>..." to unstage)
[2017.07.11-19.02.36:820][192]SourceControl: Info 	deleted:    Content/2DSideScrollerBP/Maps/Levels/LevelSprites/Sprites/Rain_Forrest_Sprites/Dirt_3_Ramp_Sprite_Sheet_Sprite_1.uasset
[2017.07.11-19.02.36:820][192]SourceControl: Info 	new file:   Content/2DSideScrollerBP/Maps/Levels/LevelSprites/Sprites/Rain_Forrest_Sprites/Title_Sets/Dirt_3_Ramp_TileSet.uasset
[2017.07.11-19.02.36:820][192]SourceControl: Info 	new file:   Content/2DSideScrollerBP/Maps/Levels/LevelSprites/Sprites/Rain_Forrest_Sprites/Title_Sets/Ramp_Full_6_TileSet.uasset
[2017.07.11-19.02.36:820][192]SourceControl: Info Changes not staged for commit:
[2017.07.11-19.02.36:820][192]SourceControl: Info   (use "git add/rm <file>..." to update what will be committed)
[2017.07.11-19.02.36:820][192]SourceControl: Info   (use "git checkout -- <file>..." to discard changes in working directory)
[2017.07.11-19.02.36:820][192]SourceControl: Info 	modified:   Content/2DSideScrollerBP/Blueprints/Characters/Mouse_Controls.uasset
[2017.07.11-19.02.36:820][192]SourceControl: Info 	modified:   Content/2DSideScrollerBP/Maps/Levels/LevelSprites/Sprites/Rain_Forrest_Sprites/Tile_Maps/Rain_Forrest_TM.uasset
[2017.07.11-19.02.36:820][192]SourceControl: Info 	modified:   Content/2DSideScrollerBP/Maps/Levels/LevelSprites/Sprites/Rain_Forrest_Sprites/Title_Sets/Dirt_3_Ramp_TileSet.uasset
[2017.07.11-19.02.36:820][192]SourceControl: Info 	modified:   Content/2DSideScrollerBP/Maps/Levels/LevelSprites/Sprites/Rain_Forrest_Sprites/Title_Sets/Ramp_Full_6_TileSet.uasset
[2017.07.11-19.02.36:820][192]SourceControl: Info 	modified:   Content/2DSideScrollerBP/Maps/Levels/Rainforest_Alien.umap
[2017.07.11-19.02.36:820][192]SourceControl: Info 	modified:   Intermediate/AssetRegistryCache/c90e3f55.bin
[2017.07.11-19.02.36:820][192]SourceControl: Info 	modified:   Intermediate/CachedAssetRegistry.bin
[2017.07.11-19.02.36:820][192]SourceControl: Info 	modified:   Saved/Autosaves/Game/2DSideScrollerBP/Blueprints/Characters/Mouse_Controls_Auto1.uasset
[2017.07.11-19.02.36:820][192]SourceControl: Info 	modified:   Saved/Autosaves/Game/2DSideScrollerBP/Blueprints/Characters/Mouse_Controls_Auto2.uasset
[2017.07.11-19.02.36:821][192]SourceControl: Info 	modified:   Saved/Autosaves/Game/2DSideScrollerBP/Blueprints/Characters/Mouse_Controls_Auto3.uasset
[2017.07.11-19.02.36:821][192]SourceControl: Info 	modified:   Saved/Autosaves/Game/2DSideScrollerBP/Blueprints/Characters/Mouse_Controls_Auto4.uasset
[2017.07.11-19.02.36:821][192]SourceControl: Info 	modified:   Saved/Autosaves/Game/2DSideScrollerBP/Maps/Levels/LevelSprites/Sprites/Rain_Forrest_Sprites/Tile_Maps/Rain_Forrest_TM_Auto1.uasset
[2017.07.11-19.02.36:821][192]SourceControl: Info 	modified:   Saved/Autosaves/Game/2DSideScrollerBP/Maps/Levels/LevelSprites/Sprites/Rain_Forrest_Sprites/Tile_Maps/Rain_Forrest_TM_Auto3.uasset
[2017.07.11-19.02.36:821][192]SourceControl: Info 	modified:   Saved/Autosaves/Game/2DSideScrollerBP/Maps/Levels/LevelSprites/Sprites/Rain_Forrest_Sprites/Tile_Maps/Rain_Forrest_TM_Auto4.uasset
[2017.07.11-19.02.36:821][192]SourceControl: Info 	modified:   Saved/Autosaves/Game/2DSideScrollerBP/Maps/Levels/LevelSprites/Sprites/Rain_Forrest_Sprites/Tile_Maps/Rain_Forrest_TM_Auto5.uasset
[2017.07.11-19.02.36:821][192]SourceControl: Info 	modified:   Saved/Autosaves/Game/2DSideScrollerBP/Maps/Levels/Rainforest_Alien_Auto1.umap
[2017.07.11-19.02.36:821][192]SourceControl: Info 	modified:   Saved/Autosaves/Game/2DSideScrollerBP/Maps/Levels/Rainforest_Alien_Auto2.umap
[2017.07.11-19.02.36:821][192]SourceControl: Info 	deleted:    Saved/Backup/2DSideScrollerCharacter_2017-07-08-15-00-33.uasset
[2017.07.11-19.02.36:821][192]SourceControl: Info 	deleted:    Saved/Backup/CLT_5_2017-07-08-15-00-33.uasset
[2017.07.11-19.02.36:821][192]SourceControl: Info 	deleted:    Saved/Backup/Rain_Forrest_TM_2017-07-08-14-18-48.uasset
[2017.07.11-19.02.36:821][192]SourceControl: Info 	deleted:    Saved/Backup/Rain_Forrest_TM_2017-07-08-14-31-19.uasset
[2017.07.11-19.02.36:821][192]SourceControl: Info 	deleted:    Saved/Backup/Rain_Forrest_TM_2017-07-08-14-41-35.uasset
[2017.07.11-19.02.36:821][192]SourceControl: Info 	deleted:    Saved/Backup/Rain_Forrest_TM_2017-07-08-15-33-23.uasset
[2017.07.11-19.02.36:821][192]SourceControl: Info 	deleted:    Saved/Backup/Rain_Forrest_TM_2017-07-08-18-35-36.uasset
[2017.07.11-19.02.36:821][192]SourceControl: Info 	deleted:    Saved/Backup/Rain_Forrest_Tree_1_Sprite_2017-07-08-18-24-09.uasset
[2017.07.11-19.02.36:821][192]SourceControl: Info 	deleted:    Saved/Backup/Rainforest_Alien_2017-07-08-14-18-48.umap
[2017.07.11-19.02.36:821][192]SourceControl: Info 	deleted:    Saved/Backup/Rainforest_Alien_2017-07-08-15-00-32.umap
[2017.07.11-19.02.36:821][192]SourceControl: Info 	deleted:    Saved/Backup/Rainforest_Alien_2017-07-08-15-33-23.umap
[2017.07.11-19.02.36:821][192]SourceControl: Info 	deleted:    Saved/Backup/Rainforest_Alien_2017-07-08-18-35-36.umap
[2017.07.11-19.02.36:821][192]SourceControl: Info 	modified:   Saved/Config/Windows/Editor.ini
[2017.07.11-19.02.36:821][192]SourceControl: Info 	modified:   Saved/Config/Windows/EditorPerProjectUserSettings.ini
[2017.07.11-19.02.36:821][192]SourceControl: Info 	modified:   Saved/Config/Windows/Engine.ini
[2017.07.11-19.02.36:821][192]SourceControl: Info 	deleted:    Saved/Logs/InsertNameAdventure-backup-2017.07.10-11.30.54.log
[2017.07.11-19.02.36:821][192]SourceControl: Info 	deleted:    Saved/Logs/InsertNameAdventure-backup-2017.07.11-10.17.31.log
[2017.07.11-19.02.36:821][192]SourceControl: Info 	deleted:    Saved/Logs/InsertNameAdventure-backup-2017.07.11-10.17.47.log
[2017.07.11-19.02.36:821][192]SourceControl: Info 	modified:   Saved/Logs/InsertNameAdventure.log
[2017.07.11-19.02.36:821][192]SourceControl: Info Untracked files:
[2017.07.11-19.02.36:821][192]SourceControl: Info   (use "git add <file>..." to include in what will be committed)
[2017.07.11-19.02.36:821][192]SourceControl: Info 	Content/2DSideScrollerBP/Maps/Levels/LevelSprites/Sprites/Rain_Forrest_Sprites/PNG/Dirt_3_Ramp.uasset
[2017.07.11-19.02.36:821][192]SourceControl: Info 	Content/2DSideScrollerBP/Maps/Levels/LevelSprites/Sprites/Rain_Forrest_Sprites/PNG/Ramp_Full_6.uasset
[2017.07.11-19.02.36:821][192]SourceControl: Info 	Saved/Autosaves/Game/2DSideScrollerBP/Maps/Levels/LevelSprites/Sprites/Rain_Forrest_Sprites/PNG/Dirt_3_Ramp_Auto2.uasset
[2017.07.11-19.02.36:821][192]SourceControl: Info 	Saved/Autosaves/Game/2DSideScrollerBP/Maps/Levels/LevelSprites/Sprites/Rain_Forrest_Sprites/PNG/Dirt_3_Ramp_Auto3.uasset
[2017.07.11-19.02.36:821][192]SourceControl: Info 	Saved/Autosaves/Game/2DSideScrollerBP/Maps/Levels/LevelSprites/Sprites/Rain_Forrest_Sprites/PNG/Ramp_Full_6_Auto4.uasset
[2017.07.11-19.02.36:821][192]SourceControl: Info 	Saved/Autosaves/Game/2DSideScrollerBP/Maps/Levels/LevelSprites/Sprites/Rain_Forrest_Sprites/Title_Sets/
[2017.07.11-19.02.36:821][192]SourceControl: Info 	Saved/Backup/Dirt_3_Ramp_TileSet_2017-07-11-12-17-47.uasset
[2017.07.11-19.02.36:821][192]SourceControl: Info 	Saved/Backup/Dirt_3_Ramp_TileSet_2017-07-11-12-34-20.uasset
[2017.07.11-19.02.36:821][192]SourceControl: Info 	Saved/Backup/Mouse_Controls_2017-07-11-12-03-21.uasset
[2017.07.11-19.02.36:821][192]SourceControl: Info 	Saved/Backup/Mouse_Controls_2017-07-11-12-17-47.uasset
[2017.07.11-19.02.36:821][192]SourceControl: Info 	Saved/Backup/Mouse_Controls_2017-07-11-12-34-18.uasset
[2017.07.11-19.02.36:821][192]SourceControl: Info 	Saved/Backup/Mouse_Controls_2017-07-11-12-45-38.uasset
[2017.07.11-19.02.36:821][192]SourceControl: Info 	Saved/Backup/Rain_Forrest_TM_2017-07-11-11-53-39.uasset
[2017.07.11-19.02.36:821][192]SourceControl: Info 	Saved/Backup/Rain_Forrest_TM_2017-07-11-12-03-21.uasset
[2017.07.11-19.02.36:821][192]SourceControl: Info 	Saved/Backup/Rain_Forrest_TM_2017-07-11-12-34-18.uasset
[2017.07.11-19.02.36:821][192]SourceControl: Info 	Saved/Backup/Rain_Forrest_TM_2017-07-11-12-45-38.uasset
[2017.07.11-19.02.36:821][192]SourceControl: Info 	Saved/Backup/Rain_Forrest_TM_2017-07-11-12-55-41.uasset
[2017.07.11-19.02.36:821][192]SourceControl: Info 	Saved/Backup/Rainforest_Alien_2017-07-11-12-03-20.umap
[2017.07.11-19.02.36:821][192]SourceControl: Info 	Saved/Backup/Rainforest_Alien_2017-07-11-12-17-47.umap
[2017.07.11-19.02.36:821][192]SourceControl: Info 	Saved/Backup/Ramp_Full_6_TileSet_2017-07-11-12-45-40.uasset
[2017.07.11-19.02.36:821][192]SourceControl: Info 	Saved/Backup/Ramp_Full_6_TileSet_2017-07-11-12-55-43.uasset
[2017.07.11-19.02.36:821][192]SourceControl: Info 	Saved/Config/CrashReportClient/UE4CC-Windows-E9C52F274BEAC951DAE93FB6CAB27A67/
[2017.07.11-19.02.36:821][192]SourceControl: Info 	Saved/Config/CrashReportClient/UE4CC-Windows-F62055B84C5F3E02F38F08BF9A306F4A/
[2017.07.11-19.02.36:821][192]SourceControl: Info 	Saved/Crashes/UE4CC-Windows-E9C52F274BEAC951DAE93FB6CAB27A67_0000/
[2017.07.11-19.02.36:821][192]SourceControl: Info 	Saved/Logs/InsertNameAdventure-backup-2017.07.11-11.48.20.log
[2017.07.11-19.02.36:821][192]SourceControl: Info 	Saved/Logs/InsertNameAdventure-backup-2017.07.11-13.00.37.log
[2017.07.11-19.02.37:017][192]LogSavePackage: Save=9.70ms
[2017.07.11-19.02.37:017][192]LogSavePackage: Moving '../../../../../../Users/Justin Wells/Documents/Unreal Projects/InsertNameAdventure/DatBoiEntertainmetnGame/Saved/Ramp_full_7_TileSet8EB1A42544A44EEEC5A8B3BC7DEAD5BB.tmp' to '../../../../../../Users/Justin Wells/Documents/Unreal Projects/InsertNameAdventure/DatBoiEntertainmetnGame/Content/2DSideScrollerBP/Maps/Levels/LevelSprites/Sprites/Rain_Forrest_Sprites/Title_Sets/Ramp_full_7_TileSet.uasset'
[2017.07.11-19.02.37:022][192]LogSavePackage:Display: Finished SavePackage ../../../../../../Users/Justin Wells/Documents/Unreal Projects/InsertNameAdventure/DatBoiEntertainmetnGame/Content/2DSideScrollerBP/Maps/Levels/LevelSprites/Sprites/Rain_Forrest_Sprites/Title_Sets/Ramp_full_7_TileSet.uasset
[2017.07.11-19.02.47:804][381]LogSlate: Took 0.000135 seconds to synchronously load lazily loaded font '../../../Engine/Content/Editor/Slate/Fonts/Roboto-BoldCondensed.ttf' (158K)
[2017.07.11-19.02.52:978][958]LogRenderer: Reallocating scene render targets to support 1756x924 NumSamples 1 (Frame:1).
[2017.07.11-19.03.27:215][827]Cmd: TRANSACTION UNDO
[2017.07.11-19.03.27:215][827]LogEditorTransaction: Undo Tile Painting
[2017.07.11-19.03.43:707][672]Cmd: TRANSACTION UNDO
[2017.07.11-19.03.43:707][672]LogEditorTransaction: Undo Tile Painting
[2017.07.11-19.03.45:492][856]Cmd: TRANSACTION UNDO
[2017.07.11-19.03.45:492][856]LogEditorTransaction: Undo Tile Painting
[2017.07.11-19.03.46:507][966]Cmd: TRANSACTION UNDO
[2017.07.11-19.03.46:507][966]LogEditorTransaction: Undo Tile Painting
[2017.07.11-19.04.36:615][627]LogTemp: Repeting last play command: New Editor Window (PIE)
[2017.07.11-19.04.36:664][627]LogPlayLevel: PlayLevel: No blueprints needed recompiling
[2017.07.11-19.04.36:665][627]PIE: New page: PIE session: Rainforest_Alien (Jul 11, 2017, 7:04:36 AM)
[2017.07.11-19.04.36:665][627]LogPlayLevel: Creating play world package: /Game/2DSideScrollerBP/Maps/Levels/UEDPIE_0_Rainforest_Alien
[2017.07.11-19.04.36:673][627]LogPlayLevel: PIE: StaticDuplicateObject took: (0.007793s)
[2017.07.11-19.04.36:673][627]LogAIModule: Creating AISystem for world Rainforest_Alien
[2017.07.11-19.04.36:673][627]LogPlayLevel: PIE: World Init took: (0.000535s)
[2017.07.11-19.04.36:673][627]LogPlayLevel: PIE: Created PIE world by copying editor world from /Game/2DSideScrollerBP/Maps/Levels/Rainforest_Alien.Rainforest_Alien to /Game/2DSideScrollerBP/Maps/Levels/UEDPIE_0_Rainforest_Alien.Rainforest_Alien (0.008623s)
[2017.07.11-19.04.36:716][627]LogInit: XAudio2 using 'Speakers (High Definition Audio Device)' : 2 channels at 48 kHz using 16 bits per sample (channel mask 0x3)
[2017.07.11-19.04.36:723][627]LogInit: FAudioDevice initialized.
[2017.07.11-19.04.36:784][627]LogLoad: Game class is '2DSideScrollerGameMode_C'
[2017.07.11-19.04.36:837][627]LogWorld: Bringing World /Game/2DSideScrollerBP/Maps/Levels/UEDPIE_0_Rainforest_Alien.Rainforest_Alien up for play (max tick rate 0) at 2017.07.11-13.04.36
[2017.07.11-19.04.36:845][627]LogWorld: Bringing up level for play took: 0.018153
[2017.07.11-19.04.36:881][627]LogContentBrowser: Native class hierarchy updated for 'MovieSceneCapture' in 0.0009 seconds. Added 11 classes and 0 folders.
[2017.07.11-19.04.36:889][627]PIE: Info Play in editor start time for /Game/2DSideScrollerBP/Maps/Levels/UEDPIE_0_Rainforest_Alien 0.318
[2017.07.11-19.11.44:429][905]LogFileHelpers: Editor autosave (incl. sublevels) for '/Game/2DSideScrollerBP/Maps/Levels/Rainforest_Alien' took 0.012
[2017.07.11-19.11.44:431][905]OBJ SavePackage: Generating thumbnails for [1] asset(s) in package [/Game/2DSideScrollerBP/Maps/Levels/LevelSprites/Sprites/Rain_Forrest_Sprites/Title_Sets/Ramp_full_7_TileSet] ([1] browsable assets)...
[2017.07.11-19.11.44:439][905]OBJ SavePackage:     Rendered thumbnail for [PaperTileSet /Game/2DSideScrollerBP/Maps/Levels/LevelSprites/Sprites/Rain_Forrest_Sprites/Title_Sets/Ramp_full_7_TileSet.Ramp_full_7_TileSet]
[2017.07.11-19.11.44:439][905]OBJ SavePackage: Finished generating thumbnails for package [/Game/2DSideScrollerBP/Maps/Levels/LevelSprites/Sprites/Rain_Forrest_Sprites/Title_Sets/Ramp_full_7_TileSet]
[2017.07.11-19.11.44:462][905]LogSavePackage: Save=10.27ms
[2017.07.11-19.11.44:462][905]LogSavePackage: Moving '../../../../../../Users/Justin Wells/Documents/Unreal Projects/InsertNameAdventure/DatBoiEntertainmetnGame/Saved/Ramp_full_7_TileSet_Auto1687F584C460CE26A1CA42495FE45F395.tmp' to '../../../../../../Users/Justin Wells/Documents/Unreal Projects/InsertNameAdventure/DatBoiEntertainmetnGame/Saved/Autosaves/Game/2DSideScrollerBP/Maps/Levels/LevelSprites/Sprites/Rain_Forrest_Sprites/Title_Sets/Ramp_full_7_TileSet_Auto1.uasset'
[2017.07.11-19.11.44:463][905]LogSavePackage:Display: Finished SavePackage ../../../../../../Users/Justin Wells/Documents/Unreal Projects/InsertNameAdventure/DatBoiEntertainmetnGame/Saved/Autosaves/Game/2DSideScrollerBP/Maps/Levels/LevelSprites/Sprites/Rain_Forrest_Sprites/Title_Sets/Ramp_full_7_TileSet_Auto1.uasset
[2017.07.11-19.11.44:464][905]OBJ SavePackage: Generating thumbnails for [0] asset(s) in package [/Game/2DSideScrollerBP/Maps/Levels/LevelSprites/Sprites/Rain_Forrest_Sprites/Tile_Maps/Rain_Forrest_TM] ([1] browsable assets)...
[2017.07.11-19.11.44:464][905]OBJ SavePackage: Finished generating thumbnails for package [/Game/2DSideScrollerBP/Maps/Levels/LevelSprites/Sprites/Rain_Forrest_Sprites/Tile_Maps/Rain_Forrest_TM]
[2017.07.11-19.11.46:942][905]LogSlate: Took 0.000128 seconds to synchronously load lazily loaded font '../../../Engine/Content/Slate/Fonts/Roboto-Regular.ttf' (155K)
[2017.07.11-19.11.46:950][905]LogSavePackage: Save=2452.60ms
[2017.07.11-19.11.46:950][905]LogSavePackage: Moving '../../../../../../Users/Justin Wells/Documents/Unreal Projects/InsertNameAdventure/DatBoiEntertainmetnGame/Saved/Rain_Forrest_TM_Auto165A23D7C425BA2BBB676939FC7037622.tmp' to '../../../../../../Users/Justin Wells/Documents/Unreal Projects/InsertNameAdventure/DatBoiEntertainmetnGame/Saved/Autosaves/Game/2DSideScrollerBP/Maps/Levels/LevelSprites/Sprites/Rain_Forrest_Sprites/Tile_Maps/Rain_Forrest_TM_Auto1.uasset'
[2017.07.11-19.11.46:953][905]LogSavePackage:Display: Finished SavePackage ../../../../../../Users/Justin Wells/Documents/Unreal Projects/InsertNameAdventure/DatBoiEntertainmetnGame/Saved/Autosaves/Game/2DSideScrollerBP/Maps/Levels/LevelSprites/Sprites/Rain_Forrest_Sprites/Tile_Maps/Rain_Forrest_TM_Auto1.uasset
[2017.07.11-19.11.46:953][905]OBJ SavePackage: Generating thumbnails for [1] asset(s) in package [/Game/2DSideScrollerBP/Maps/Levels/LevelSprites/Sprites/Rain_Forrest_Sprites/PNG/Ramp_full_7] ([1] browsable assets)...
[2017.07.11-19.11.46:962][905]OBJ SavePackage:     Rendered thumbnail for [Texture2D /Game/2DSideScrollerBP/Maps/Levels/LevelSprites/Sprites/Rain_Forrest_Sprites/PNG/Ramp_full_7.Ramp_full_7]
[2017.07.11-19.11.46:962][905]OBJ SavePackage: Finished generating thumbnails for package [/Game/2DSideScrollerBP/Maps/Levels/LevelSprites/Sprites/Rain_Forrest_Sprites/PNG/Ramp_full_7]
[2017.07.11-19.11.46:969][905]LogSavePackage: Save=6.32ms
[2017.07.11-19.11.46:969][905]LogSavePackage: Moving '../../../../../../Users/Justin Wells/Documents/Unreal Projects/InsertNameAdventure/DatBoiEntertainmetnGame/Saved/Ramp_full_7_Auto1021EC9B94D62E16F2B15A0BE69692AF7.tmp' to '../../../../../../Users/Justin Wells/Documents/Unreal Projects/InsertNameAdventure/DatBoiEntertainmetnGame/Saved/Autosaves/Game/2DSideScrollerBP/Maps/Levels/LevelSprites/Sprites/Rain_Forrest_Sprites/PNG/Ramp_full_7_Auto1.uasset'
[2017.07.11-19.11.46:971][905]LogSavePackage:Display: Finished SavePackage ../../../../../../Users/Justin Wells/Documents/Unreal Projects/InsertNameAdventure/DatBoiEntertainmetnGame/Saved/Autosaves/Game/2DSideScrollerBP/Maps/Levels/LevelSprites/Sprites/Rain_Forrest_Sprites/PNG/Ramp_full_7_Auto1.uasset
[2017.07.11-19.11.46:971][905]LogFileHelpers: Auto-saving content packages took 2.541
[2017.07.11-19.21.46:888][370]LogFileHelpers: Editor autosave (incl. sublevels) for '/Game/2DSideScrollerBP/Maps/Levels/Rainforest_Alien' took 0.009
[2017.07.11-19.21.46:890][370]OBJ SavePackage: Generating thumbnails for [1] asset(s) in package [/Game/2DSideScrollerBP/Maps/Levels/LevelSprites/Sprites/Rain_Forrest_Sprites/Title_Sets/Ramp_full_7_TileSet] ([1] browsable assets)...
[2017.07.11-19.21.46:898][370]OBJ SavePackage:     Rendered thumbnail for [PaperTileSet /Game/2DSideScrollerBP/Maps/Levels/LevelSprites/Sprites/Rain_Forrest_Sprites/Title_Sets/Ramp_full_7_TileSet.Ramp_full_7_TileSet]
[2017.07.11-19.21.46:898][370]OBJ SavePackage: Finished generating thumbnails for package [/Game/2DSideScrollerBP/Maps/Levels/LevelSprites/Sprites/Rain_Forrest_Sprites/Title_Sets/Ramp_full_7_TileSet]
[2017.07.11-19.21.46:917][370]LogSavePackage: Save=10.06ms
[2017.07.11-19.21.46:917][370]LogSavePackage: Moving '../../../../../../Users/Justin Wells/Documents/Unreal Projects/InsertNameAdventure/DatBoiEntertainmetnGame/Saved/Ramp_full_7_TileSet_Auto2F84CEBF04C4B05E41E7B0DBD49C42156.tmp' to '../../../../../../Users/Justin Wells/Documents/Unreal Projects/InsertNameAdventure/DatBoiEntertainmetnGame/Saved/Autosaves/Game/2DSideScrollerBP/Maps/Levels/LevelSprites/Sprites/Rain_Forrest_Sprites/Title_Sets/Ramp_full_7_TileSet_Auto2.uasset'
[2017.07.11-19.21.46:918][370]LogSavePackage:Display: Finished SavePackage ../../../../../../Users/Justin Wells/Documents/Unreal Projects/InsertNameAdventure/DatBoiEntertainmetnGame/Saved/Autosaves/Game/2DSideScrollerBP/Maps/Levels/LevelSprites/Sprites/Rain_Forrest_Sprites/Title_Sets/Ramp_full_7_TileSet_Auto2.uasset
[2017.07.11-19.21.46:918][370]LogFileHelpers: Auto-saving content packages took 0.029
[2017.07.11-19.35.28:576][849]LogFileHelpers: Editor autosave (incl. sublevels) for '/Game/2DSideScrollerBP/Maps/Levels/Rainforest_Alien' took 0.039
[2017.07.11-19.35.28:578][849]OBJ SavePackage: Generating thumbnails for [1] asset(s) in package [/Game/2DSideScrollerBP/Maps/Levels/LevelSprites/Sprites/Rain_Forrest_Sprites/Title_Sets/Ramp_full_7_TileSet] ([1] browsable assets)...
[2017.07.11-19.35.28:587][849]OBJ SavePackage:     Rendered thumbnail for [PaperTileSet /Game/2DSideScrollerBP/Maps/Levels/LevelSprites/Sprites/Rain_Forrest_Sprites/Title_Sets/Ramp_full_7_TileSet.Ramp_full_7_TileSet]
[2017.07.11-19.35.28:587][849]OBJ SavePackage: Finished generating thumbnails for package [/Game/2DSideScrollerBP/Maps/Levels/LevelSprites/Sprites/Rain_Forrest_Sprites/Title_Sets/Ramp_full_7_TileSet]
[2017.07.11-19.35.28:606][849]LogSavePackage: Save=9.92ms
[2017.07.11-19.35.28:606][849]LogSavePackage: Moving '../../../../../../Users/Justin Wells/Documents/Unreal Projects/InsertNameAdventure/DatBoiEntertainmetnGame/Saved/Ramp_full_7_TileSet_Auto32F79245B4E094FB64C5E1DBC581D7707.tmp' to '../../../../../../Users/Justin Wells/Documents/Unreal Projects/InsertNameAdventure/DatBoiEntertainmetnGame/Saved/Autosaves/Game/2DSideScrollerBP/Maps/Levels/LevelSprites/Sprites/Rain_Forrest_Sprites/Title_Sets/Ramp_full_7_TileSet_Auto3.uasset'
[2017.07.11-19.35.28:606][849]LogSavePackage:Display: Finished SavePackage ../../../../../../Users/Justin Wells/Documents/Unreal Projects/InsertNameAdventure/DatBoiEntertainmetnGame/Saved/Autosaves/Game/2DSideScrollerBP/Maps/Levels/LevelSprites/Sprites/Rain_Forrest_Sprites/Title_Sets/Ramp_full_7_TileSet_Auto3.uasset
[2017.07.11-19.35.28:607][849]OBJ SavePackage: Generating thumbnails for [0] asset(s) in package [/Game/2DSideScrollerBP/Maps/Levels/LevelSprites/Sprites/Rain_Forrest_Sprites/Tile_Maps/Rain_Forrest_TM] ([1] browsable assets)...
[2017.07.11-19.35.28:607][849]OBJ SavePackage: Finished generating thumbnails for package [/Game/2DSideScrollerBP/Maps/Levels/LevelSprites/Sprites/Rain_Forrest_Sprites/Tile_Maps/Rain_Forrest_TM]
[2017.07.11-19.35.30:975][849]LogSavePackage: Save=2351.36ms
[2017.07.11-19.35.30:975][849]LogSavePackage: Moving '../../../../../../Users/Justin Wells/Documents/Unreal Projects/InsertNameAdventure/DatBoiEntertainmetnGame/Saved/Rain_Forrest_TM_Auto3A191B6334FCD3091497F20BF884B41D5.tmp' to '../../../../../../Users/Justin Wells/Documents/Unreal Projects/InsertNameAdventure/DatBoiEntertainmetnGame/Saved/Autosaves/Game/2DSideScrollerBP/Maps/Levels/LevelSprites/Sprites/Rain_Forrest_Sprites/Tile_Maps/Rain_Forrest_TM_Auto3.uasset'
[2017.07.11-19.35.30:979][849]LogSavePackage:Display: Finished SavePackage ../../../../../../Users/Justin Wells/Documents/Unreal Projects/InsertNameAdventure/DatBoiEntertainmetnGame/Saved/Autosaves/Game/2DSideScrollerBP/Maps/Levels/LevelSprites/Sprites/Rain_Forrest_Sprites/Tile_Maps/Rain_Forrest_TM_Auto3.uasset
[2017.07.11-19.35.30:979][849]LogFileHelpers: Auto-saving content packages took 2.402
[2017.07.11-19.37.09:107][ 33]LogTemp: Repeting last play command: New Editor Window (PIE)
[2017.07.11-19.37.09:130][ 33]LogPlayLevel: PlayLevel: No blueprints needed recompiling
[2017.07.11-19.37.09:130][ 33]PIE: New page: PIE session: Rainforest_Alien (Jul 11, 2017, 7:37:09 AM)
[2017.07.11-19.37.09:130][ 33]LogPlayLevel: Creating play world package: /Game/2DSideScrollerBP/Maps/Levels/UEDPIE_0_Rainforest_Alien
[2017.07.11-19.37.09:139][ 33]LogPlayLevel: PIE: StaticDuplicateObject took: (0.008857s)
[2017.07.11-19.37.09:140][ 33]LogAIModule: Creating AISystem for world Rainforest_Alien
[2017.07.11-19.37.09:140][ 33]LogPlayLevel: PIE: World Init took: (0.000619s)
[2017.07.11-19.37.09:140][ 33]LogPlayLevel: PIE: Created PIE world by copying editor world from /Game/2DSideScrollerBP/Maps/Levels/Rainforest_Alien.Rainforest_Alien to /Game/2DSideScrollerBP/Maps/Levels/UEDPIE_0_Rainforest_Alien.Rainforest_Alien (0.009767s)
[2017.07.11-19.37.09:154][ 33]LogInit: XAudio2 using 'Speakers (High Definition Audio Device)' : 2 channels at 48 kHz using 16 bits per sample (channel mask 0x3)
[2017.07.11-19.37.09:160][ 33]LogInit: FAudioDevice initialized.
[2017.07.11-19.37.09:214][ 33]LogLoad: Game class is '2DSideScrollerGameMode_C'
[2017.07.11-19.37.09:225][ 33]LogWorld: Bringing World /Game/2DSideScrollerBP/Maps/Levels/UEDPIE_0_Rainforest_Alien.Rainforest_Alien up for play (max tick rate 0) at 2017.07.11-13.37.09
[2017.07.11-19.37.09:234][ 33]LogWorld: Bringing up level for play took: 0.018468
[2017.07.11-19.37.09:240][ 33]PIE: Info Play in editor start time for /Game/2DSideScrollerBP/Maps/Levels/UEDPIE_0_Rainforest_Alien 0.67
[2017.07.11-19.37.37:651][359]LogContentBrowser: Native class hierarchy updated for 'BlueprintGraph' in 0.0010 seconds. Added 112 classes and 0 folders.
[2017.07.11-19.37.38:399][360]LogSlate: Took 0.000157 seconds to synchronously load lazily loaded font '../../../Engine/Content/Editor/Slate/Fonts/Roboto-Italic.ttf' (157K)
[2017.07.11-19.37.44:545][891]BlueprintLog: New page: Compile 2DSideScrollerCharacter
[2017.07.11-19.37.45:457][940]LogTemp: Repeting last play command: New Editor Window (PIE)
[2017.07.11-19.37.45:487][940]LogPlayLevel: PlayLevel: No blueprints needed recompiling
[2017.07.11-19.37.45:488][940]PIE: New page: PIE session: Rainforest_Alien (Jul 11, 2017, 7:37:45 AM)
[2017.07.11-19.37.45:488][940]LogPlayLevel: Creating play world package: /Game/2DSideScrollerBP/Maps/Levels/UEDPIE_0_Rainforest_Alien
[2017.07.11-19.37.45:495][940]LogPlayLevel: PIE: StaticDuplicateObject took: (0.007723s)
[2017.07.11-19.37.45:496][940]LogAIModule: Creating AISystem for world Rainforest_Alien
[2017.07.11-19.37.45:496][940]LogPlayLevel: PIE: World Init took: (0.000484s)
[2017.07.11-19.37.45:496][940]LogPlayLevel: PIE: Created PIE world by copying editor world from /Game/2DSideScrollerBP/Maps/Levels/Rainforest_Alien.Rainforest_Alien to /Game/2DSideScrollerBP/Maps/Levels/UEDPIE_0_Rainforest_Alien.Rainforest_Alien (0.008436s)
[2017.07.11-19.37.45:516][940]LogInit: XAudio2 using 'Speakers (High Definition Audio Device)' : 2 channels at 48 kHz using 16 bits per sample (channel mask 0x3)
[2017.07.11-19.37.45:522][940]LogInit: FAudioDevice initialized.
[2017.07.11-19.37.45:570][940]LogLoad: Game class is '2DSideScrollerGameMode_C'
[2017.07.11-19.37.45:581][940]LogWorld: Bringing World /Game/2DSideScrollerBP/Maps/Levels/UEDPIE_0_Rainforest_Alien.Rainforest_Alien up for play (max tick rate 0) at 2017.07.11-13.37.45
[2017.07.11-19.37.45:590][940]LogWorld: Bringing up level for play took: 0.018753
[2017.07.11-19.37.45:598][940]PIE: Info Play in editor start time for /Game/2DSideScrollerBP/Maps/Levels/UEDPIE_0_Rainforest_Alien 1.027
[2017.07.11-19.57.08:652][119]LogTemp: Repeting last play command: New Editor Window (PIE)
[2017.07.11-19.57.08:677][119]LogPlayLevel: PlayLevel: No blueprints needed recompiling
[2017.07.11-19.57.08:677][119]PIE: New page: PIE session: Rainforest_Alien (Jul 11, 2017, 7:57:08 AM)
[2017.07.11-19.57.08:677][119]LogPlayLevel: Creating play world package: /Game/2DSideScrollerBP/Maps/Levels/UEDPIE_0_Rainforest_Alien
[2017.07.11-19.57.08:685][119]LogPlayLevel: PIE: StaticDuplicateObject took: (0.008088s)
[2017.07.11-19.57.08:686][119]LogAIModule: Creating AISystem for world Rainforest_Alien
[2017.07.11-19.57.08:686][119]LogPlayLevel: PIE: World Init took: (0.000573s)
[2017.07.11-19.57.08:686][119]LogPlayLevel: PIE: Created PIE world by copying editor world from /Game/2DSideScrollerBP/Maps/Levels/Rainforest_Alien.Rainforest_Alien to /Game/2DSideScrollerBP/Maps/Levels/UEDPIE_0_Rainforest_Alien.Rainforest_Alien (0.008876s)
[2017.07.11-19.57.08:709][119]LogInit: XAudio2 using 'Speakers (High Definition Audio Device)' : 2 channels at 48 kHz using 16 bits per sample (channel mask 0x3)
[2017.07.11-19.57.08:715][119]LogInit: FAudioDevice initialized.
[2017.07.11-19.57.08:780][119]LogLoad: Game class is '2DSideScrollerGameMode_C'
[2017.07.11-19.57.08:801][119]LogWorld: Bringing World /Game/2DSideScrollerBP/Maps/Levels/UEDPIE_0_Rainforest_Alien.Rainforest_Alien up for play (max tick rate 0) at 2017.07.11-13.57.08
[2017.07.11-19.57.08:820][119]LogWorld: Bringing up level for play took: 0.038740
[2017.07.11-19.57.08:834][119]PIE: Info Play in editor start time for /Game/2DSideScrollerBP/Maps/Levels/UEDPIE_0_Rainforest_Alien 0.263
[2017.07.11-19.57.33:261][946]LogWindows: Windows GetLastError: The operation completed successfully. (0)
[2017.07.11-19.57.33:661][946]LogCrashTracker: 


[2017.07.11-19.57.33:661][946]LogCrashTracker: 


[2017.07.11-19.57.33:661][946]LogWindows:Error: === Critical error: ===
[2017.07.11-19.57.33:661][946]LogWindows:Error: 
[2017.07.11-19.57.33:661][946]LogWindows:Error: Assertion failed: (Index >= 0) & (Index < ArrayNum) [File:D:\Build\++UE4+Release-4.16+Compile\Sync\Engine\Source\Runtime\Core\Public\Containers/Array.h] [Line: 633] 
[2017.07.11-19.57.33:661][946]LogWindows:Error: Array index out of bounds: -1 from an array of size 4
[2017.07.11-19.57.33:661][946]LogWindows:Error: 
[2017.07.11-19.57.33:661][946]LogWindows:Error: 
[2017.07.11-19.57.33:661][946]LogWindows:Error: KERNELBASE.dll!0x0000000013199E08
[2017.07.11-19.57.33:661][946]LogWindows:Error: UE4Editor-Core.dll!0x00000000E95600AE
[2017.07.11-19.57.33:661][946]LogWindows:Error: UE4Editor-Core.dll!0x00000000E93730DF
[2017.07.11-19.57.33:661][946]LogWindows:Error: UE4Editor-Core.dll!0x00000000E9302CC9
[2017.07.11-19.57.33:661][946]LogWindows:Error: UE4Editor-ContentBrowser.dll!0x00000000CC84B7D1
[2017.07.11-19.57.33:661][946]LogWindows:Error: UE4Editor-ContentBrowser.dll!0x00000000CC84C468
[2017.07.11-19.57.33:661][946]LogWindows:Error: UE4Editor-Slate.dll!0x00000000EF1A8A91
[2017.07.11-19.57.33:661][946]LogWindows:Error: UE4Editor-Slate.dll!0x00000000EF17777E
[2017.07.11-19.57.33:661][946]LogWindows:Error: UE4Editor-Slate.dll!0x00000000EF179376
[2017.07.11-19.57.33:661][946]LogWindows:Error: UE4Editor-Slate.dll!0x00000000EF204969
[2017.07.11-19.57.33:661][946]LogWindows:Error: UE4Editor-Slate.dll!0x00000000EF1F5A38
[2017.07.11-19.57.33:661][946]LogWindows:Error: UE4Editor-Core.dll!0x00000000E955659C
[2017.07.11-19.57.33:661][946]LogWindows:Error: UE4Editor-Core.dll!0x00000000E95408A1
[2017.07.11-19.57.33:661][946]LogWindows:Error: UE4Editor-Core.dll!0x00000000E955849C
[2017.07.11-19.57.33:661][946]LogWindows:Error: UE4Editor-Core.dll!0x00000000E953CBD2
[2017.07.11-19.57.33:661][946]LogWindows:Error: USER32.dll!0x00000000134BBC50
[2017.07.11-19.57.33:661][946]LogWindows:Error: USER32.dll!0x00000000134BB5CF
[2017.07.11-19.57.33:661][946]LogWindows:Error: UE4Editor-Core.dll!0x00000000E9558DA6
[2017.07.11-19.57.33:661][946]LogWindows:Error: UE4Editor.exe!0x00000000E7A2DB58
[2017.07.11-19.57.33:661][946]LogWindows:Error: UE4Editor.exe!0x00000000E7A1F0E0
[2017.07.11-19.57.33:661][946]LogWindows:Error: UE4Editor.exe!0x00000000E7A1F15A
[2017.07.11-19.57.33:661][946]LogWindows:Error: UE4Editor.exe!0x00000000E7A30DB9
[2017.07.11-19.57.33:661][946]LogWindows:Error: UE4Editor.exe!0x00000000E7A32696
[2017.07.11-19.57.33:661][946]LogWindows:Error: KERNEL32.DLL!0x0000000015B82774
[2017.07.11-19.57.33:661][946]LogWindows:Error: ntdll.dll!0x0000000015E90D61
[2017.07.11-19.57.33:661][946]LogWindows:Error: ntdll.dll!0x0000000015E90D61
[2017.07.11-19.57.33:661][946]LogWindows:Error: 
[2017.07.11-19.57.33:673][946]LogExit: Executing StaticShutdownAfterError
[2017.07.11-19.57.33:712][946]LogWindows: FPlatformMisc::RequestExit(1)
[2017.07.11-19.57.33:712][946]Log file closed, 07/11/17 13:57:33
