Log file open, 07/29/17 15:35:57
LogInit:Display: Running engine for game: InsertNameAdventure
LogPlatformFile: Not using cached read wrapper
LogInit:Display: RandInit(1179644096) SRandInit(1179644097).
LogTaskGraph: Started task graph with 5 named threads and 8 total threads with 1 sets of task threads.
LogStats: Stats thread started at 0.606241
LogInit: Using libcurl 7.47.1
LogInit:  - built for x86_64-pc-win32
LogInit:  - supports SSL with OpenSSL/1.0.2g
LogInit:  - supports HTTP deflate (compression) using libz 1.2.8
LogInit:  - other features:
LogInit:      CURL_VERSION_SSL
LogInit:      CURL_VERSION_LIBZ
LogInit:      CURL_VERSION_IPV6
LogInit:      CURL_VERSION_ASYNCHDNS
LogInit:      CURL_VERSION_LARGEFILE
LogInit:      CURL_VERSION_IDN
LogInit:  CurlRequestOptions (configurable via config and command line):
LogInit:  - bVerifyPeer = false  - Libcurl will NOT verify peer certificate
LogInit:  - bUseHttpProxy = false  - Libcurl will NOT use HTTP proxy
LogInit:  - bDontReuseConnections = false  - Libcurl will reuse connections
LogInit:  - CertBundlePath = nullptr  - Libcurl will use whatever was configured at build time.
LogInit: Build: ++UE4+Release-4.16-CL-3452394
LogInit: Engine Version: 4.16.0-3452394+++UE4+Release-4.16
LogInit: Compatible Engine Version: 4.16.0-3452394+++UE4+Release-4.16
LogInit: Net CL: 3452394
LogDevObjectVersion: Number of dev versions registered: 16
LogDevObjectVersion:   Dev-Blueprints (B0D832E4-1F89-4F0D-ACCF-7EB736FD4AA2): 9
LogDevObjectVersion:   Dev-Build (E1C64328-A22C-4D53-A36C-8E866417BD8C): 0
LogDevObjectVersion:   Dev-Core (375EC13C-06E4-48FB-B500-84F0262A717E): 2
LogDevObjectVersion:   Dev-Editor (E4B068ED-F494-42E9-A231-DA0B2E46BB41): 17
LogDevObjectVersion:   Dev-Framework (CFFC743F-43B0-4480-9391-14DF171D2073): 23
LogDevObjectVersion:   Dev-Mobile (B02B49B5-BB20-44E9-A304-32B752E40360): 0
LogDevObjectVersion:   Dev-Networking (A4E4105C-59A1-49B5-A7C5-40C4547EDFEE): 0
LogDevObjectVersion:   Dev-Online (39C831C9-5AE6-47DC-9A44-9C173E1C8E7C): 0
LogDevObjectVersion:   Dev-Physics (78F01B33-EBEA-4F98-B9B4-84EACCB95AA2): 0
LogDevObjectVersion:   Dev-Platform (6631380F-2D4D-43E0-8009-CF276956A95A): 0
LogDevObjectVersion:   Dev-Rendering (12F88B9F-8875-4AFC-A67C-D90C383ABD29): 15
LogDevObjectVersion:   Dev-Sequencer (7B5AE74C-D270-4C10-A958-57980B212A5A): 4
LogDevObjectVersion:   Dev-VR (D7296918-1DD6-4BDD-9DE2-64A83CC13884): 0
LogDevObjectVersion:   Dev-LoadTimes (C2A15278-BFE7-4AFE-6C17-90FF531DF755): 1
LogDevObjectVersion:   Private-Geometry (6EACA3D4-40EC-4CC1-B786-8BED09428FC5): 1
LogDevObjectVersion:   Dev-AnimPhys (29E575DD-E0A3-4627-9D10-D276232CDCEA): 3
LogInit: Compiled (64-bit): May 22 2017 17:47:00
LogInit: Compiled with Visual C++: 19.00.23026.00
LogInit: Build Configuration: Development
LogInit: Branch Name: ++UE4+Release-4.16
LogInit: Command line:  
LogInit: Base directory: C:/Program Files/Epic Games/UE_4.16/Engine/Binaries/Win64/
LogInit: Installed Engine Build: 1
LogInit: Presizing for max 8388607 objects, including 0 objects not considered by GC, pre-allocating 0 bytes for permanent pool.
LogInit: Object subsystem initialized
[2017.07.29-21.35.57:944][  0]LogInit: Selected Device Profile: [Windows]
[2017.07.29-21.35.57:944][  0]LogInit: Applying CVar settings loaded from the selected device profile: [Windows]
[2017.07.29-21.35.57:971][  0]LogInit: Computer: DESKTOP-6MFT485
[2017.07.29-21.35.57:971][  0]LogInit: User: JustinWells20
[2017.07.29-21.35.57:971][  0]LogInit: CPU Page size=4096, Cores=4
[2017.07.29-21.35.57:971][  0]LogInit: High frequency timer resolution =3.328128 MHz
[2017.07.29-21.35.57:971][  0]LogMemory: Memory total: Physical=15.9GB (16GB approx)
[2017.07.29-21.35.57:971][  0]LogMemory: Platform Memory Stats for Windows
[2017.07.29-21.35.57:971][  0]LogMemory: Process Physical Memory: 274.96 MB used, 274.96 MB peak
[2017.07.29-21.35.57:971][  0]LogMemory: Process Virtual Memory: 262.71 MB used, 262.71 MB peak
[2017.07.29-21.35.57:971][  0]LogMemory: Physical Memory: 2929.83 MB used,  13391.91 MB free, 16321.74 MB total
[2017.07.29-21.35.57:971][  0]LogMemory: Virtual Memory: 647.44 MB used,  13391.91 MB free, 134217728.00 MB total
[2017.07.29-21.35.58:231][  0]LogInit: Using OS detected language (en-US).
[2017.07.29-21.35.58:231][  0]LogInit: Using OS detected locale (en-US).
[2017.07.29-21.35.58:277][  0]LogTextLocalizationManager: No specific localization for 'en-US' exists, so the 'en' localization will be used.
[2017.07.29-21.36.00:826][  0]LogD3D11RHI: D3D11 adapters:
[2017.07.29-21.36.01:328][  0]LogD3D11RHI:    0. 'NVIDIA GeForce GTX 1070' (Feature Level 11_0)
[2017.07.29-21.36.01:328][  0]LogD3D11RHI:       8085/0/8160 MB DedicatedVideo/DedicatedSystem/SharedSystem, Outputs:2, VendorId:0x10de
[2017.07.29-21.36.01:330][  0]LogD3D11RHI:    1. 'Microsoft Basic Render Driver' (Feature Level 11_0)
[2017.07.29-21.36.01:330][  0]LogD3D11RHI:       0/0/8160 MB DedicatedVideo/DedicatedSystem/SharedSystem, Outputs:0, VendorId:0x1414
[2017.07.29-21.36.01:330][  0]LogD3D11RHI: Chosen D3D11 Adapter: 0
[2017.07.29-21.36.01:340][  0]LogD3D11RHI: Creating new Direct3DDevice
[2017.07.29-21.36.01:340][  0]LogD3D11RHI:     GPU DeviceId: 0x1b81 (for the marketing name, search the web for "GPU Device Id")
[2017.07.29-21.36.01:340][  0]LogWindows: EnumDisplayDevices:
[2017.07.29-21.36.01:340][  0]LogWindows:    0. 'NVIDIA GeForce GTX 1070' (P:0 D:1)
[2017.07.29-21.36.01:340][  0]LogWindows:    1. 'NVIDIA GeForce GTX 1070' (P:1 D:1)
[2017.07.29-21.36.01:341][  0]LogWindows:    2. 'NVIDIA GeForce GTX 1070' (P:0 D:0)
[2017.07.29-21.36.01:341][  0]LogWindows:    3. 'NVIDIA GeForce GTX 1070' (P:0 D:0)
[2017.07.29-21.36.01:341][  0]LogWindows: DebugString: FoundDriverCount:4 
[2017.07.29-21.36.01:341][  0]LogD3D11RHI:     Adapter Name: NVIDIA GeForce GTX 1070
[2017.07.29-21.36.01:341][  0]LogD3D11RHI:   Driver Version: 384.94 (internal:22.21.13.8494, unified:384.94)
[2017.07.29-21.36.01:341][  0]LogD3D11RHI:      Driver Date: 7-18-2017
[2017.07.29-21.36.01:341][  0]LogRHI: Texture pool is 1361 MB (70% of 1945 MB)
[2017.07.29-21.36.01:826][  0]LogD3D11RHI: Async texture creation enabled
[2017.07.29-21.36.01:884][  0]LogD3D11RHI: GPU Timing Frequency: 1000.000000 (Debug: 2 1)
[2017.07.29-21.36.01:941][  0]LogShaderCompilers: Guid format shader working directory is -54 characters bigger than the processId version (../../../../../../Users/Justin Wells/Documents/Unreal Projects/InsertNameAdventure/DatBoiEntertainmetnGame/Intermediate/Shaders/WorkingDirectory/36728/).
[2017.07.29-21.36.01:941][  0]LogShaderCompilers: Cleaned the shader compiler working directory 'C:/Users/Justin Wells/AppData/Local/Temp/UnrealShaderWorkingDir/D43A3935465C2C50F1497ABDCCDA2BE4/'.
[2017.07.29-21.36.01:941][  0]LogShaderCompilers:Display: Using Local Shader Compiler.
[2017.07.29-21.36.03:680][  0]LogTemp:Display: Loaded TP AllDesktopTargetPlatform
[2017.07.29-21.36.03:721][  0]LogTemp:Display: Loaded TP MacClientTargetPlatform
[2017.07.29-21.36.03:763][  0]LogTemp:Display: Loaded TP MacNoEditorTargetPlatform
[2017.07.29-21.36.03:805][  0]LogTemp:Display: Loaded TP MacServerTargetPlatform
[2017.07.29-21.36.03:851][  0]LogTemp:Display: Loaded TP MacTargetPlatform
[2017.07.29-21.36.03:893][  0]LogTemp:Display: Loaded TP WindowsClientTargetPlatform
[2017.07.29-21.36.03:934][  0]LogTemp:Display: Loaded TP WindowsNoEditorTargetPlatform
[2017.07.29-21.36.03:976][  0]LogTemp:Display: Loaded TP WindowsServerTargetPlatform
[2017.07.29-21.36.04:012][  0]LogTemp:Display: Loaded TP WindowsTargetPlatform
[2017.07.29-21.36.04:057][  0]LogTemp:Display: Loaded TP AndroidTargetPlatform
[2017.07.29-21.36.04:098][  0]LogTemp:Display: Loaded TP Android_ASTCTargetPlatform
[2017.07.29-21.36.04:139][  0]LogTemp:Display: Loaded TP Android_ATCTargetPlatform
[2017.07.29-21.36.04:183][  0]LogTemp:Display: Loaded TP Android_DXTTargetPlatform
[2017.07.29-21.36.04:223][  0]LogTemp:Display: Loaded TP Android_ETC1TargetPlatform
[2017.07.29-21.36.04:264][  0]LogTemp:Display: Loaded TP Android_ETC2TargetPlatform
[2017.07.29-21.36.04:346][  0]LogTemp:Display: Loaded TP Android_MultiTargetPlatform
[2017.07.29-21.36.04:346][  0]LogTemp:Display: Loaded TP Android_PVRTCTargetPlatform
[2017.07.29-21.36.04:378][  0]LogTemp:Display: Loaded TP HTML5TargetPlatform
[2017.07.29-21.36.04:467][  0]LogTemp:Display: Loaded TP IOSTargetPlatform
[2017.07.29-21.36.04:493][  0]LogTemp:Display: Loaded TP TVOSTargetPlatform
[2017.07.29-21.36.04:535][  0]LogTemp:Display: Loaded TP LinuxClientTargetPlatform
[2017.07.29-21.36.04:575][  0]LogTemp:Display: Loaded TP LinuxNoEditorTargetPlatform
[2017.07.29-21.36.04:616][  0]LogTemp:Display: Loaded TP LinuxServerTargetPlatform
[2017.07.29-21.36.04:661][  0]LogTemp:Display: Loaded TP LinuxTargetPlatform
[2017.07.29-21.36.04:661][  0]LogTargetPlatformManager:Display: Building Assets For Windows
[2017.07.29-21.36.05:163][  0]LogDerivedDataCache:Display: Max Cache Size: 512 MB
[2017.07.29-21.36.05:470][  0]LogDerivedDataCache: Loaded boot cache 0.31s 90MB C:/Users/Justin Wells/AppData/Local/UnrealEngine/4.16/DerivedDataCache/Boot.ddc.
[2017.07.29-21.36.05:470][  0]LogDerivedDataCache:Display: Loaded Boot cache: C:/Users/Justin Wells/AppData/Local/UnrealEngine/4.16/DerivedDataCache/Boot.ddc
[2017.07.29-21.36.05:471][  0]LogDerivedDataCache: FDerivedDataBackendGraph:  Pak pak cache file ../../../../../../Users/Justin Wells/Documents/Unreal Projects/InsertNameAdventure/DatBoiEntertainmetnGame/DerivedDataCache/DDC.ddp not found, will not use a pak cache.
[2017.07.29-21.36.05:471][  0]LogDerivedDataCache: Unable to find inner node Pak for hierarchical cache Hierarchy.
[2017.07.29-21.36.05:471][  0]LogDerivedDataCache: FDerivedDataBackendGraph:  CompressedPak pak cache file ../../../../../../Users/Justin Wells/Documents/Unreal Projects/InsertNameAdventure/DatBoiEntertainmetnGame/DerivedDataCache/Compressed.ddp not found, will not use a pak cache.
[2017.07.29-21.36.05:471][  0]LogDerivedDataCache: Unable to find inner node CompressedPak for hierarchical cache Hierarchy.
[2017.07.29-21.36.05:497][  0]LogDerivedDataCache:Display: Pak cache opened for reading ../../../Engine/DerivedDataCache/Compressed.ddp.
[2017.07.29-21.36.05:509][  0]LogDerivedDataCache: Using Local data cache path C:/Users/Justin Wells/AppData/Local/UnrealEngine/Common/DerivedDataCache: Writable
[2017.07.29-21.36.05:523][  0]LogMaterial: Verifying Global Shaders for PCD3D_SM5
[2017.07.29-21.36.05:527][  0]LogSlate: Using Freetype 2.6.0
[2017.07.29-21.36.05:543][  0]LogSlate: SlateFontCache - WITH_FREETYPE: 1, WITH_HARFBUZZ: 1
[2017.07.29-21.36.05:543][  0]LogSlate: SlateFontCache - WITH_FREETYPE: 1, WITH_HARFBUZZ: 1
[2017.07.29-21.36.06:364][  0]LogInit: Selected Device Profile: [Windows]
[2017.07.29-21.36.06:521][  0]LogContentStreaming: Texture pool size is 0.00 MB
[2017.07.29-21.36.06:716][  0]LogMeshUtilities: Using QuadricMeshReduction for automatic static mesh reduction
[2017.07.29-21.36.06:763][  0]LogSimplygon: Simplygon DLL not present - disabling.
[2017.07.29-21.36.06:802][  0]LogMeshUtilities: Using SimplygonSwarm for distributed automatic mesh merging
[2017.07.29-21.36.06:802][  0]LogMeshUtilities: No automatic skeletal mesh reduction module available
[2017.07.29-21.36.06:802][  0]LogMeshUtilities: No automatic mesh merging module available
[2017.07.29-21.36.07:951][  0]LogNetVersion: InsertNameAdventure , NetCL: 3452394, EngineNetVer: 2, GameNetVer: 0 (Checksum: 1278457987)
[2017.07.29-21.36.08:041][  0]LogAssetRegistry: FAssetRegistry took 0.0287 seconds to start up
[2017.07.29-21.36.08:109][  0]LogPackageLocalizationCache: Processed 4 localized package path(s) for 2 prioritized culture(s) in 0.045665 seconds
[2017.07.29-21.36.08:114][  0]LogUObjectArray: 34194 objects as part of root set at end of initial load.
[2017.07.29-21.36.08:114][  0]LogUObjectAllocator: 7260424 out of 0 bytes used by permanent object pool.
[2017.07.29-21.36.08:114][  0]LogUObjectArray: CloseDisregardForGC: 0/0 objects in disregard for GC pool
[2017.07.29-21.36.08:165][  0]LogInit: WinSock: version 1.1 (2.2), MaxSocks=32767, MaxUdp=65467
[2017.07.29-21.36.12:544][  0]LogTcpMessaging: Initializing TcpMessaging bridge
[2017.07.29-21.36.12:580][  0]LogUdpMessaging: Initializing bridge on interface 0.0.0.0:0 to multicast group 230.0.0.1:6666.
[2017.07.29-21.36.13:181][  0]LogMaterial: Uniform references updated for custom material expression Custom.
[2017.07.29-21.36.13:615][  0]SourceControl: Info Source control is disabled
[2017.07.29-21.36.14:749][  0]LogAndroidPermission: UAndroidPermissionCallbackProxy::GetInstance
[2017.07.29-21.36.15:279][  0]LogEngine: Initializing Engine...
[2017.07.29-21.36.15:303][  0]LogHMD: Failed to initialize OpenVR with code 103
[2017.07.29-21.36.15:617][  0]LogStats: UGameplayTagsManager::ConstructGameplayTagTree: Construct from data asset -  0.000 s
[2017.07.29-21.36.15:617][  0]LogStats: UGameplayTagsManager::ConstructGameplayTagTree: GameplayTagTreeChangedEvent.Broadcast -  0.000 s
[2017.07.29-21.36.15:740][  0]LogAIModule: Creating AISystem for world Untitled
[2017.07.29-21.36.15:758][  0]LogInit: XAudio2 using 'Headphones (High Definition Audio Device)' : 2 channels at 48 kHz using 16 bits per sample (channel mask 0x3)
[2017.07.29-21.36.15:769][  0]LogInit: FAudioDevice initialized.
[2017.07.29-21.36.15:809][  0]LogDerivedDataCache: Saved boot cache 0.04s 90MB C:/Users/Justin Wells/AppData/Local/UnrealEngine/4.16/DerivedDataCache/Boot.ddc.
[2017.07.29-21.36.15:821][  0]LogInit: Texture streaming: Enabled
[2017.07.29-21.36.15:905][  0]LogEngineSessionManager: EngineSessionManager initialized
[2017.07.29-21.36.16:138][  0]LogInit: Transaction tracking system initialized
[2017.07.29-21.36.16:441][  0]BlueprintLog: New page: Editor Load
[2017.07.29-21.36.17:382][  0]LocalizationService: Info Localization service is disabled
[2017.07.29-21.36.18:006][  0]LogConsoleResponse:Display: 
[2017.07.29-21.36.18:367][  0]LogCook:Display: Max memory allowance for cook 16384mb min free memory 0mb
[2017.07.29-21.36.18:367][  0]LogCook:Display: Mobile HDR setting 1
[2017.07.29-21.36.19:433][  0]LogFileCache: Scanning file cache for directory 'C:/Users/Justin Wells/Documents/Unreal Projects/InsertNameAdventure/DatBoiEntertainmetnGame/Content/' took 0.02s
[2017.07.29-21.36.19:453][  0]LogSlate: Took 0.008373 seconds to synchronously load lazily loaded font '../../../Engine/Content/Slate/Fonts/Roboto-Regular.ttf' (155K)
[2017.07.29-21.36.27:654][  0]LogWindowsTextInputMethodSystem:Display: IME system now deactivated.
[2017.07.29-21.36.27:660][  0]LightingResults: New page: Lighting Build
[2017.07.29-21.36.27:700][  0]MapCheck: New page: Map Check
[2017.07.29-21.36.27:700][  0]LightingResults: New page: Lighting Build
[2017.07.29-21.36.27:716][  0]LogAIModule: Creating AISystem for world Untitled
[2017.07.29-21.36.27:721][  0]LoadErrors: New page: New Map
[2017.07.29-21.36.27:853][  0]LogWindowsTextInputMethodSystem:Display: IME system now deactivated.
[2017.07.29-21.36.28:012][  0]LogCollectionManager: Loaded 0 collections in 0.001352 seconds
[2017.07.29-21.36.28:098][  0]LogFileCache: Scanning file cache for directory 'C:/Users/Justin Wells/Documents/Unreal Projects/InsertNameAdventure/DatBoiEntertainmetnGame/Saved/Collections/' took 0.01s
[2017.07.29-21.36.28:098][  0]LogFileCache: Scanning file cache for directory 'C:/Users/Justin Wells/Documents/Unreal Projects/InsertNameAdventure/DatBoiEntertainmetnGame/Content/Developers/JustinWells20/Collections/' took 0.01s
[2017.07.29-21.36.28:098][  0]LogFileCache: Scanning file cache for directory 'C:/Users/Justin Wells/Documents/Unreal Projects/InsertNameAdventure/DatBoiEntertainmetnGame/Content/Collections/' took 0.01s
[2017.07.29-21.36.28:098][  0]LogCollectionManager: Rebuilt the GUID cache for 0 collections in 0.000014 seconds
[2017.07.29-21.36.28:107][  0]LogContentBrowser: Native class hierarchy populated in 0.0078 seconds. Added 2329 classes and 491 folders.
[2017.07.29-21.36.28:163][  0]LogContentBrowser: Native class hierarchy updated for 'WidgetCarousel' in 0.0006 seconds. Added 0 classes and 0 folders.
[2017.07.29-21.36.28:464][  0]LogContentBrowser: Native class hierarchy updated for 'AddContentDialog' in 0.0007 seconds. Added 0 classes and 0 folders.
[2017.07.29-21.36.28:505][  0]LogContentBrowser: Native class hierarchy updated for 'SceneOutliner' in 0.0007 seconds. Added 1 classes and 2 folders.
[2017.07.29-21.36.28:531][  0]LogCrashTracker: Crashtracker disabled due to settings.
[2017.07.29-21.36.28:548][  0]LogSlate: Took 0.005184 seconds to synchronously load lazily loaded font '../../../Engine/Content/Slate/Fonts/Roboto-Bold.ttf' (160K)
[2017.07.29-21.36.28:559][  0]LogSlate: Took 0.004884 seconds to synchronously load lazily loaded font '../../../Engine/Content/Editor/Slate/Fonts/FontAwesome.ttf' (139K)
[2017.07.29-21.36.28:697][  0]LogRenderer: Reallocating scene render targets to support 1792x636 NumSamples 1 (Frame:1).
[2017.07.29-21.36.28:798][  0]LogUObjectGlobals:Warning: Failed to find object 'Class None.'
[2017.07.29-21.36.28:858][  0]LogContentBrowser: Native class hierarchy updated for 'HierarchicalLODOutliner' in 0.0008 seconds. Added 1 classes and 2 folders.
[2017.07.29-21.36.28:858][  0]LogLoad: (Engine Initialization) Total time: 33.73 seconds
[2017.07.29-21.36.28:858][  0]LogLoad: (Engine Initialization) Total Blueprint compile time: 0.07 seconds
[2017.07.29-21.36.28:858][  0]LogExternalProfiler: No external profilers were discovered.  External profiling features will not be available.
[2017.07.29-21.36.28:869][  0]LogOcInput: OculusInput pre-init called
[2017.07.29-21.36.28:869][  0]LogHMD: Starting GearVRController plugin
[2017.07.29-21.36.28:888][  0]SourceControl: Info On branch V1.5.1
[2017.07.29-21.36.28:888][  0]SourceControl: Info Your branch is up-to-date with 'origin/V1.5.1'.
[2017.07.29-21.36.28:888][  0]SourceControl: Info Changes not staged for commit:
[2017.07.29-21.36.28:888][  0]SourceControl: Info   (use "git add/rm <file>..." to update what will be committed)
[2017.07.29-21.36.28:888][  0]SourceControl: Info   (use "git checkout -- <file>..." to discard changes in working directory)
[2017.07.29-21.36.28:888][  0]SourceControl: Info 	modified:   Intermediate/AssetRegistryCache/c90e3f55.bin
[2017.07.29-21.36.28:888][  0]SourceControl: Info 	modified:   Intermediate/CachedAssetRegistry.bin
[2017.07.29-21.36.28:888][  0]SourceControl: Info 	modified:   Saved/AutoScreenshot.png
[2017.07.29-21.36.28:888][  0]SourceControl: Info 	modified:   Saved/Config/Windows/Editor.ini
[2017.07.29-21.36.28:888][  0]SourceControl: Info 	modified:   Saved/Config/Windows/EditorPerProjectUserSettings.ini
[2017.07.29-21.36.28:888][  0]SourceControl: Info 	modified:   Saved/Config/Windows/Engine.ini
[2017.07.29-21.36.28:888][  0]SourceControl: Info 	deleted:    Saved/Logs/InsertNameAdventure-backup-2017.07.27-21.23.06.log
[2017.07.29-21.36.28:888][  0]SourceControl: Info 	modified:   Saved/Logs/InsertNameAdventure.log
[2017.07.29-21.36.28:888][  0]SourceControl: Info 	deleted:    Saved/Logs/InsertNameAdventure_2-backup-2017.07.27-18.32.47.log
[2017.07.29-21.36.28:888][  0]SourceControl: Info Untracked files:
[2017.07.29-21.36.28:888][  0]SourceControl: Info   (use "git add <file>..." to include in what will be committed)
[2017.07.29-21.36.28:888][  0]SourceControl: Info 	Saved/Config/CrashReportClient/UE4CC-Windows-31B8773F49577BF6D679618184013A57/
[2017.07.29-21.36.28:888][  0]SourceControl: Info 	Saved/Config/CrashReportClient/UE4CC-Windows-F934DB5A42F701FC0BC50590949238B4/
[2017.07.29-21.36.28:888][  0]SourceControl: Info 	Saved/Logs/InsertNameAdventure-backup-2017.07.29-09.51.06.log
[2017.07.29-21.36.28:888][  0]SourceControl: Info 	Saved/Logs/InsertNameAdventure-backup-2017.07.29-15.35.57.log
[2017.07.29-21.36.28:888][  0]SourceControl: Info no changes added to commit (use "git add" and/or "git commit -a")
[2017.07.29-21.36.28:889][  0]LogContentStreaming: Texture pool size now 1000 MB
[2017.07.29-21.36.28:919][  0]LogSlate: Took 0.004454 seconds to synchronously load lazily loaded font '../../../Engine/Content/Slate/Fonts/Roboto-Light.ttf' (159K)
[2017.07.29-21.36.28:931][  1]LogAssetRegistry: Asset discovery search completed in 20.9122 seconds
[2017.07.29-21.36.28:933][  1]LogCollectionManager: Rebuilt the object cache for 0 collections in 0.000003 seconds (found 0 objects)
[2017.07.29-21.36.28:933][  1]LogCollectionManager: Fixed up redirectors for 0 collections in 0.000029 seconds (updated 0 objects)
[2017.07.29-21.36.34:811][691]LogSlate: Took 0.000105 seconds to synchronously load lazily loaded font '../../../Engine/Content/Slate/Fonts/Roboto-Light.ttf' (159K)
[2017.07.29-21.36.35:824][691]LogSlate: Took 0.000108 seconds to synchronously load lazily loaded font '../../../Engine/Content/Slate/Fonts/Roboto-Regular.ttf' (155K)
[2017.07.29-21.36.36:579][691]LogAIModule: Creating AISystem for world Rainforest_Alien
[2017.07.29-21.36.36:638][691]LightingResults: New page: Lighting Build
[2017.07.29-21.36.36:638][691]LoadErrors: New page: Loading map: Rainforest_Alien.umap
[2017.07.29-21.36.36:639][691]MapCheck: New page: Map Check
[2017.07.29-21.36.36:639][691]LightingResults: New page: Lighting Build
[2017.07.29-21.36.36:683][691]LogEditorServer: Finished looking for orphan Actors (0.000 secs)
[2017.07.29-21.36.36:741][691]Cmd: MAP CHECKDEP NOCLEARLOG
[2017.07.29-21.36.36:791][691]MapCheck: Info Map check complete: 0 Error(s), 0 Warning(s), took 50.455ms to complete.
[2017.07.29-21.36.36:791][691]LogFileHelpers: Loading map 'Rainforest_Alien' took 0.154
[2017.07.29-21.36.40:677][142]LogTemp: Repeting last play command: New Editor Window (PIE)
[2017.07.29-21.36.40:743][142]LogBlueprintUserMessages: Early PlayInEditor Detection: Level '/Game/2DSideScrollerBP/Maps/Levels/Rainforest_Alien.Rainforest_Alien:PersistentLevel' has LevelScriptBlueprint '/Game/2DSideScrollerBP/Maps/Levels/Rainforest_Alien.Rainforest_Alien:PersistentLevel.Rainforest_Alien' with GeneratedClass '/Game/2DSideScrollerBP/Maps/Levels/Rainforest_Alien.Rainforest_Alien_C' with ClassGeneratedBy '/Game/2DSideScrollerBP/Maps/Levels/Rainforest_Alien.Rainforest_Alien:PersistentLevel.Rainforest_Alien'
[2017.07.29-21.36.40:743][142]LogPlayLevel: PlayLevel: No blueprints needed recompiling
[2017.07.29-21.36.40:744][142]PIE: New page: PIE session: Rainforest_Alien (Jul 29, 2017, 9:36:40 AM)
[2017.07.29-21.36.40:744][142]LogPlayLevel: Creating play world package: /Game/2DSideScrollerBP/Maps/Levels/UEDPIE_0_Rainforest_Alien
[2017.07.29-21.36.40:761][142]LogPlayLevel: PIE: StaticDuplicateObject took: (0.017486s)
[2017.07.29-21.36.40:762][142]LogAIModule: Creating AISystem for world Rainforest_Alien
[2017.07.29-21.36.40:762][142]LogPlayLevel: PIE: World Init took: (0.000525s)
[2017.07.29-21.36.40:762][142]LogPlayLevel: PIE: Created PIE world by copying editor world from /Game/2DSideScrollerBP/Maps/Levels/Rainforest_Alien.Rainforest_Alien to /Game/2DSideScrollerBP/Maps/Levels/UEDPIE_0_Rainforest_Alien.Rainforest_Alien (0.018305s)
[2017.07.29-21.36.40:776][142]LogInit: XAudio2 using 'Headphones (High Definition Audio Device)' : 2 channels at 48 kHz using 16 bits per sample (channel mask 0x3)
[2017.07.29-21.36.40:781][142]LogInit: FAudioDevice initialized.
[2017.07.29-21.36.40:846][142]LogLoad: Game class is '2DSideScrollerGameMode_C'
[2017.07.29-21.36.40:868][142]LogWorld: Bringing World /Game/2DSideScrollerBP/Maps/Levels/UEDPIE_0_Rainforest_Alien.Rainforest_Alien up for play (max tick rate 0) at 2017.07.29-15.36.40
[2017.07.29-21.36.40:883][142]LogWorld: Bringing up level for play took: 0.034099
[2017.07.29-21.36.40:922][142]LogContentBrowser: Native class hierarchy updated for 'MovieSceneCapture' in 0.0008 seconds. Added 11 classes and 0 folders.
[2017.07.29-21.36.40:937][142]PIE: Info Play in editor start time for /Game/2DSideScrollerBP/Maps/Levels/UEDPIE_0_Rainforest_Alien 0.942
[2017.07.29-21.36.40:938][142]LogBlueprintUserMessages: Late PlayInEditor Detection: Level '/Game/2DSideScrollerBP/Maps/Levels/Rainforest_Alien.Rainforest_Alien:PersistentLevel' has LevelScriptBlueprint '/Game/2DSideScrollerBP/Maps/Levels/Rainforest_Alien.Rainforest_Alien:PersistentLevel.Rainforest_Alien' with GeneratedClass '/Game/2DSideScrollerBP/Maps/Levels/Rainforest_Alien.Rainforest_Alien_C' with ClassGeneratedBy '/Game/2DSideScrollerBP/Maps/Levels/Rainforest_Alien.Rainforest_Alien:PersistentLevel.Rainforest_Alien'
[2017.07.29-21.36.40:975][142]LogRenderer: Reallocating scene render targets to support 1792x756 NumSamples 1 (Frame:1).
[2017.07.29-21.36.41:930][246]LogSynthBenchmark:Display: FSynthBenchmark (V0.95):  requested WorkScale=5.00
[2017.07.29-21.36.41:930][246]LogSynthBenchmark:Display: ===============
[2017.07.29-21.36.41:930][246]LogSynthBenchmark:Display: Main Processor:
[2017.07.29-21.36.42:125][246]LogSynthBenchmark:Display:          ... 0.019391 s/Run 'RayIntersect'
[2017.07.29-21.36.42:125][246]LogSynthBenchmark:Display:          ... 0.019642 s/Run 'Fractal'
[2017.07.29-21.36.42:125][246]LogSynthBenchmark:Display: 
[2017.07.29-21.36.42:125][246]LogSynthBenchmark:Display:   CompiledTarget_x_Bits: 64
[2017.07.29-21.36.42:125][246]LogSynthBenchmark:Display:   UE_BUILD_SHIPPING: 0
[2017.07.29-21.36.42:125][246]LogSynthBenchmark:Display:   UE_BUILD_TEST: 0
[2017.07.29-21.36.42:125][246]LogSynthBenchmark:Display:   UE_BUILD_DEBUG: 0
[2017.07.29-21.36.42:125][246]LogSynthBenchmark:Display:   TotalPhysicalGBRam: 16
[2017.07.29-21.36.42:125][246]LogSynthBenchmark:Display:   NumberOfCores (physical): 4
[2017.07.29-21.36.42:125][246]LogSynthBenchmark:Display:   NumberOfCores (logical): 4
[2017.07.29-21.36.42:125][246]LogSynthBenchmark:Display:   CPU Perf Index 0: 132.1 (weight 1.00)
[2017.07.29-21.36.42:125][246]LogSynthBenchmark:Display:   CPU Perf Index 1: 145.6 (weight 1.50)
[2017.07.29-21.36.42:125][246]LogSynthBenchmark:Display:  
[2017.07.29-21.36.42:125][246]LogSynthBenchmark:Display: Graphics:
[2017.07.29-21.36.42:125][246]LogSynthBenchmark:Display:   Adapter Name: 'NVIDIA GeForce GTX 1070'
[2017.07.29-21.36.42:125][246]LogSynthBenchmark:Display:   (On Optimus the name might be wrong, memory should be ok)
[2017.07.29-21.36.42:125][246]LogSynthBenchmark:Display:   Vendor Id: 0x10DE
[2017.07.29-21.36.42:125][246]LogSynthBenchmark:Display:   Device Id: 0x1B81
[2017.07.29-21.36.42:125][246]LogSynthBenchmark:Display:   Device Revision: 0xA1
[2017.07.29-21.36.42:125][246]LogSynthBenchmark:Display:   GPU Memory: 8086/0/8161 MB
[2017.07.29-21.36.42:170][246]LogSynthBenchmark:Display:   GPU first test: 0.01s
[2017.07.29-21.36.42:170][246]LogSynthBenchmark:Display:          ... 9.641 s/GigaPix, Confidence=100% 'ALUHeavyNoise' (likely to be very inaccurate)
[2017.07.29-21.36.42:170][246]LogSynthBenchmark:Display:          ... 8.659 s/GigaPix, Confidence=100% 'TexHeavy' (likely to be very inaccurate)
[2017.07.29-21.36.42:170][246]LogSynthBenchmark:Display:          ... 7.039 s/GigaPix, Confidence=100% 'DepTexHeavy' (likely to be very inaccurate)
[2017.07.29-21.36.42:170][246]LogSynthBenchmark:Display:          ... 31.146 s/GigaPix, Confidence=89% 'FillOnly' (likely to be very inaccurate)
[2017.07.29-21.36.42:170][246]LogSynthBenchmark:Display:          ... 1.363 s/GigaPix, Confidence=100% 'Bandwidth' (likely to be very inaccurate)
[2017.07.29-21.36.42:171][246]LogSynthBenchmark:Display:          ... 13.243 s/GigaVert, Confidence=81% 'VertThroughPut1' (likely to be very inaccurate)
[2017.07.29-21.36.42:171][246]LogSynthBenchmark:Display:          ... 7.066 s/GigaVert, Confidence=100% 'VertThroughPut2' (likely to be very inaccurate)
[2017.07.29-21.36.42:277][246]LogSynthBenchmark:Display:   GPU second test: 0.07s
[2017.07.29-21.36.42:277][246]LogSynthBenchmark:Display:          ... 13.452 s/GigaPix, Confidence=100% 'ALUHeavyNoise' (likely to be inaccurate)
[2017.07.29-21.36.42:277][246]LogSynthBenchmark:Display:          ... 11.050 s/GigaPix, Confidence=100% 'TexHeavy' (likely to be inaccurate)
[2017.07.29-21.36.42:277][246]LogSynthBenchmark:Display:          ... 10.162 s/GigaPix, Confidence=100% 'DepTexHeavy' (likely to be inaccurate)
[2017.07.29-21.36.42:277][246]LogSynthBenchmark:Display:          ... 60.693 s/GigaPix, Confidence=100% 'FillOnly' (likely to be inaccurate)
[2017.07.29-21.36.42:277][246]LogSynthBenchmark:Display:          ... 1.449 s/GigaPix, Confidence=100% 'Bandwidth' (likely to be inaccurate)
[2017.07.29-21.36.42:277][246]LogSynthBenchmark:Display:          ... 6.053 s/GigaVert, Confidence=100% 'VertThroughPut1' (likely to be inaccurate)
[2017.07.29-21.36.42:277][246]LogSynthBenchmark:Display:          ... 5.754 s/GigaVert, Confidence=100% 'VertThroughPut2' (likely to be inaccurate)
[2017.07.29-21.36.42:966][246]LogSynthBenchmark:Display:   GPU third test: 0.66s
[2017.07.29-21.36.42:966][246]LogSynthBenchmark:Display:          ... 16.528 s/GigaPix, Confidence=100% 'ALUHeavyNoise'
[2017.07.29-21.36.42:966][246]LogSynthBenchmark:Display:          ... 13.154 s/GigaPix, Confidence=100% 'TexHeavy'
[2017.07.29-21.36.42:966][246]LogSynthBenchmark:Display:          ... 12.398 s/GigaPix, Confidence=100% 'DepTexHeavy'
[2017.07.29-21.36.42:966][246]LogSynthBenchmark:Display:          ... 76.882 s/GigaPix, Confidence=100% 'FillOnly'
[2017.07.29-21.36.42:966][246]LogSynthBenchmark:Display:          ... 1.693 s/GigaPix, Confidence=100% 'Bandwidth'
[2017.07.29-21.36.42:966][246]LogSynthBenchmark:Display:          ... 5.321 s/GigaVert, Confidence=100% 'VertThroughPut1'
[2017.07.29-21.36.42:966][246]LogSynthBenchmark:Display:          ... 6.624 s/GigaVert, Confidence=100% 'VertThroughPut2'
[2017.07.29-21.36.42:966][246]LogSynthBenchmark:Display:   GPU Final Results:
[2017.07.29-21.36.42:966][246]LogSynthBenchmark:Display:          ... 16.528 s/GigaPix, Confidence=100% 'ALUHeavyNoise'
[2017.07.29-21.36.42:966][246]LogSynthBenchmark:Display:          ... 13.154 s/GigaPix, Confidence=100% 'TexHeavy'
[2017.07.29-21.36.42:966][246]LogSynthBenchmark:Display:          ... 12.398 s/GigaPix, Confidence=100% 'DepTexHeavy'
[2017.07.29-21.36.42:966][246]LogSynthBenchmark:Display:          ... 76.882 s/GigaPix, Confidence=100% 'FillOnly'
[2017.07.29-21.36.42:966][246]LogSynthBenchmark:Display:          ... 1.693 s/GigaPix, Confidence=100% 'Bandwidth'
[2017.07.29-21.36.42:966][246]LogSynthBenchmark:Display:          ... 5.321 s/GigaVert, Confidence=100% 'VertThroughPut1'
[2017.07.29-21.36.42:966][246]LogSynthBenchmark:Display:          ... 6.624 s/GigaVert, Confidence=100% 'VertThroughPut2'
[2017.07.29-21.36.42:966][246]LogSynthBenchmark:Display: 
[2017.07.29-21.36.42:966][246]LogSynthBenchmark:Display:   GPU Perf Index 0: 359.2 (weight 1.00)
[2017.07.29-21.36.42:966][246]LogSynthBenchmark:Display:   GPU Perf Index 1: 176.6 (weight 0.10)
[2017.07.29-21.36.42:966][246]LogSynthBenchmark:Display:   GPU Perf Index 2: 322.3 (weight 0.10)
[2017.07.29-21.36.42:966][246]LogSynthBenchmark:Display:   GPU Perf Index 3: 301.9 (weight 3.00)
[2017.07.29-21.36.42:966][246]LogSynthBenchmark:Display:   GPU Perf Index 4: 157.9 (weight 1.00)
[2017.07.29-21.36.42:966][246]LogSynthBenchmark:Display:   GPU Perf Index 5: 346.2 (weight 0.00)
[2017.07.29-21.36.42:966][246]LogSynthBenchmark:Display:   GPU Perf Index 6: 374.9 (weight 0.00)
[2017.07.29-21.36.42:966][246]LogSynthBenchmark:Display:   CPUIndex: 140.2
[2017.07.29-21.36.42:966][246]LogSynthBenchmark:Display:   GPUIndex: 283.2
[2017.07.29-21.36.42:966][246]LogSynthBenchmark:Display: 
[2017.07.29-21.36.42:966][246]LogSynthBenchmark:Display:          ... Total Time: 1.036597 sec
[2017.07.29-21.39.28:794][ 65]LogBlueprintUserMessages: Early EndPlayMap Detection: Level '/Game/2DSideScrollerBP/Maps/Levels/Rainforest_Alien.Rainforest_Alien:PersistentLevel' has LevelScriptBlueprint '/Game/2DSideScrollerBP/Maps/Levels/Rainforest_Alien.Rainforest_Alien:PersistentLevel.Rainforest_Alien' with GeneratedClass '/Game/2DSideScrollerBP/Maps/Levels/Rainforest_Alien.Rainforest_Alien_C' with ClassGeneratedBy '/Game/2DSideScrollerBP/Maps/Levels/Rainforest_Alien.Rainforest_Alien:PersistentLevel.Rainforest_Alien'
[2017.07.29-21.39.28:860][ 65]LogBlueprintUserMessages: Late EndPlayMap Detection: Level '/Game/2DSideScrollerBP/Maps/Levels/Rainforest_Alien.Rainforest_Alien:PersistentLevel' has LevelScriptBlueprint '/Game/2DSideScrollerBP/Maps/Levels/Rainforest_Alien.Rainforest_Alien:PersistentLevel.Rainforest_Alien' with GeneratedClass '/Game/2DSideScrollerBP/Maps/Levels/Rainforest_Alien.Rainforest_Alien_C' with ClassGeneratedBy '/Game/2DSideScrollerBP/Maps/Levels/Rainforest_Alien.Rainforest_Alien:PersistentLevel.Rainforest_Alien'
[2017.07.29-21.39.37:967][121]LogEditorViewport: Clicking on Actor (LMB): BP_Sky_Sphere_C (BP_Sky_Sphere)
[2017.07.29-22.09.05:489][675]LogEditorViewport: Clicking on Actor (LMB): BP_Sky_Sphere_C (BP_Sky_Sphere)
[2017.07.29-22.09.08:061][935]Cmd: QUIT_EDITOR
[2017.07.29-22.09.08:169][935]LogWindowsTextInputMethodSystem:Display: IME system now deactivated.
[2017.07.29-22.09.08:182][935]LogExit: Preparing to exit.
[2017.07.29-22.09.09:392][935]LogDirectoryWatcher: A directory notification for 'C:/Users/Justin Wells/Documents/Unreal Projects/InsertNameAdventure/DatBoiEntertainmetnGame/Content/' was aborted.
[2017.07.29-22.09.09:415][935]LogExit: Editor shut down
[2017.07.29-22.09.09:423][935]LogExit: Transaction tracking system shut down
[2017.07.29-22.09.09:490][935]LogObj: Freed 0b from 0 cluster array pools.
[2017.07.29-22.09.09:491][935]LogExit: Object subsystem successfully closed.
[2017.07.29-22.09.09:515][935]LogD3D11RHI: Shutdown
[2017.07.29-22.09.09:515][935]LogD3D11RHI: CleanupD3DDevice
[2017.07.29-22.09.09:566][935]LogD3D11RHI: ~FD3D11DynamicRHI
[2017.07.29-22.09.09:586][935]LogModuleManager: Shutting down and abandoning module SynthBenchmark (528)
[2017.07.29-22.09.09:586][935]LogModuleManager: Shutting down and abandoning module MovieSceneCapture (526)
[2017.07.29-22.09.09:586][935]LogModuleManager: Shutting down and abandoning module HierarchicalLODOutliner (524)
[2017.07.29-22.09.09:586][935]LogModuleManager: Shutting down and abandoning module CrashTracker (522)
[2017.07.29-22.09.09:586][935]LogModuleManager: Shutting down and abandoning module SceneOutliner (520)
[2017.07.29-22.09.09:586][935]LogModuleManager: Shutting down and abandoning module AddContentDialog (518)
[2017.07.29-22.09.09:586][935]LogDirectoryWatcher: A directory notification for 'C:/Program Files/Epic Games/UE_4.16/FeaturePacks/' was aborted.
[2017.07.29-22.09.09:587][935]LogModuleManager: Shutting down and abandoning module WidgetCarousel (517)
[2017.07.29-22.09.09:587][935]LogModuleManager: Shutting down and abandoning module EditorWidgets (514)
[2017.07.29-22.09.09:587][935]LogModuleManager: Shutting down and abandoning module CollectionManager (512)
[2017.07.29-22.09.09:587][935]LogDirectoryWatcher: A directory notification for 'C:/Users/Justin Wells/Documents/Unreal Projects/InsertNameAdventure/DatBoiEntertainmetnGame/Content/Collections/' was aborted.
[2017.07.29-22.09.09:587][935]LogDirectoryWatcher: A directory notification for 'C:/Users/Justin Wells/Documents/Unreal Projects/InsertNameAdventure/DatBoiEntertainmetnGame/Content/Developers/JustinWells20/Collections/' was aborted.
[2017.07.29-22.09.09:587][935]LogDirectoryWatcher: A directory notification for 'C:/Users/Justin Wells/Documents/Unreal Projects/InsertNameAdventure/DatBoiEntertainmetnGame/Saved/Collections/' was aborted.
[2017.07.29-22.09.09:587][935]LogModuleManager: Shutting down and abandoning module StatsViewer (510)
[2017.07.29-22.09.09:587][935]LogModuleManager: Shutting down and abandoning module FoliageEdit (508)
[2017.07.29-22.09.09:587][935]LogModuleManager: Shutting down and abandoning module LandscapeEditor (506)
[2017.07.29-22.09.09:587][935]LogModuleManager: Shutting down and abandoning module MeshPaintMode (504)
[2017.07.29-22.09.09:587][935]LogModuleManager: Shutting down and abandoning module SceneDepthPickerMode (502)
[2017.07.29-22.09.09:587][935]LogModuleManager: Shutting down and abandoning module ActorPickerMode (500)
[2017.07.29-22.09.09:587][935]LogModuleManager: Shutting down and abandoning module GeometryMode (498)
[2017.07.29-22.09.09:587][935]LogModuleManager: Shutting down and abandoning module TextureAlignMode (496)
[2017.07.29-22.09.09:587][935]LogModuleManager: Shutting down and abandoning module BspMode (494)
[2017.07.29-22.09.09:587][935]LogModuleManager: Shutting down and abandoning module HardwareSurvey (492)
[2017.07.29-22.09.09:587][935]LogModuleManager: Shutting down and abandoning module SequenceRecorderSections (490)
[2017.07.29-22.09.09:587][935]LogModuleManager: Shutting down and abandoning module AutomationWorker (488)
[2017.07.29-22.09.09:587][935]LogModuleManager: Shutting down and abandoning module MatineeToLevelSequence (486)
[2017.07.29-22.09.09:587][935]LogModuleManager: Shutting down and abandoning module LevelSequenceEditor (484)
[2017.07.29-22.09.09:588][935]LogModuleManager: Shutting down and abandoning module PlacementMode (483)
[2017.07.29-22.09.09:588][935]LogModuleManager: Shutting down and abandoning module WmfMediaFactory (480)
[2017.07.29-22.09.09:588][935]LogModuleManager: Shutting down and abandoning module WmfMediaEditor (478)
[2017.07.29-22.09.09:588][935]LogModuleManager: Shutting down and abandoning module AvfMediaFactory (476)
[2017.07.29-22.09.09:588][935]LogModuleManager: Shutting down and abandoning module AvfMediaEditor (474)
[2017.07.29-22.09.09:588][935]LogModuleManager: Shutting down and abandoning module AndroidMediaFactory (472)
[2017.07.29-22.09.09:588][935]LogModuleManager: Shutting down and abandoning module Media (471)
[2017.07.29-22.09.09:588][935]LogModuleManager: Shutting down and abandoning module AndroidMediaEditor (468)
[2017.07.29-22.09.09:588][935]LogModuleManager: Shutting down and abandoning module CharacterAI (466)
[2017.07.29-22.09.09:588][935]LogModuleManager: Shutting down and abandoning module AudioCapture (464)
[2017.07.29-22.09.09:588][935]LogModuleManager: Shutting down and abandoning module SequenceRecorder (463)
[2017.07.29-22.09.09:588][935]LogModuleManager: Shutting down and abandoning module SmartSnapping (460)
[2017.07.29-22.09.09:588][935]LogModuleManager: Shutting down and abandoning module SessionServices (458)
[2017.07.29-22.09.09:588][935]LogModuleManager: Shutting down and abandoning module ViewportSnapping (456)
[2017.07.29-22.09.09:588][935]LogModuleManager: Shutting down and abandoning module ViewportInteraction (454)
[2017.07.29-22.09.09:588][935]LogModuleManager: Shutting down and abandoning module ClothPainter (452)
[2017.07.29-22.09.09:588][935]LogModuleManager: Shutting down and abandoning module LogVisualizer (450)
[2017.07.29-22.09.09:589][935]LogModuleManager: Shutting down and abandoning module IntroTutorials (448)
[2017.07.29-22.09.09:589][935]LogModuleManager: Shutting down and abandoning module GameProjectGeneration (447)
[2017.07.29-22.09.09:589][935]LogModuleManager: Shutting down and abandoning module EditorLiveStreaming (444)
[2017.07.29-22.09.09:589][935]LogModuleManager: Shutting down and abandoning module IOSPlatformEditor (442)
[2017.07.29-22.09.09:589][935]LogModuleManager: Shutting down and abandoning module HTML5PlatformEditor (440)
[2017.07.29-22.09.09:589][935]LogModuleManager: Shutting down and abandoning module AndroidPlatformEditor (438)
[2017.07.29-22.09.09:589][935]LogModuleManager: Shutting down and abandoning module AndroidDeviceDetection (437)
[2017.07.29-22.09.10:414][935]LogModuleManager: Shutting down and abandoning module IOSRuntimeSettings (434)
[2017.07.29-22.09.10:414][935]LogModuleManager: Shutting down and abandoning module AndroidRuntimeSettings (432)
[2017.07.29-22.09.10:414][935]LogModuleManager: Shutting down and abandoning module InputBindingEditor (430)
[2017.07.29-22.09.10:416][935]LogModuleManager: Shutting down and abandoning module MergeActors (428)
[2017.07.29-22.09.10:417][935]LogModuleManager: Shutting down and abandoning module SizeMap (426)
[2017.07.29-22.09.10:417][935]LogModuleManager: Shutting down and abandoning module TreeMap (424)
[2017.07.29-22.09.10:417][935]LogModuleManager: Shutting down and abandoning module ReferenceViewer (422)
[2017.07.29-22.09.10:417][935]LogModuleManager: Shutting down and abandoning module LocalizationDashboard (420)
[2017.07.29-22.09.10:418][935]LogModuleManager: Shutting down and abandoning module LocalizationService (419)
[2017.07.29-22.09.10:418][935]LogModuleManager: Shutting down and abandoning module HardwareTargeting (416)
[2017.07.29-22.09.10:419][935]LogModuleManager: Shutting down and abandoning module DeviceProfileEditor (414)
[2017.07.29-22.09.10:419][935]LogModuleManager: Shutting down and abandoning module UndoHistory (412)
[2017.07.29-22.09.10:419][935]LogModuleManager: Shutting down and abandoning module UserFeedback (410)
[2017.07.29-22.09.10:419][935]LogModuleManager: Shutting down and abandoning module XmlParser (408)
[2017.07.29-22.09.10:419][935]LogModuleManager: Shutting down and abandoning module Blutility (406)
[2017.07.29-22.09.10:419][935]LogModuleManager: Shutting down and abandoning module ProjectSettingsViewer (404)
[2017.07.29-22.09.10:419][935]LogModuleManager: Shutting down and abandoning module ProjectTargetPlatformEditor (403)
[2017.07.29-22.09.10:420][935]LogModuleManager: Shutting down and abandoning module EditorSettingsViewer (400)
[2017.07.29-22.09.10:420][935]LogModuleManager: Shutting down and abandoning module SettingsEditor (398)
[2017.07.29-22.09.10:420][935]LogModuleManager: Shutting down and abandoning module ProjectLauncher (396)
[2017.07.29-22.09.10:421][935]LogModuleManager: Shutting down and abandoning module SessionFrontend (394)
[2017.07.29-22.09.10:421][935]LogModuleManager: Shutting down and abandoning module ProfilerClient (392)
[2017.07.29-22.09.10:422][935]LogModuleManager: Shutting down and abandoning module DeviceManager (390)
[2017.07.29-22.09.10:423][935]LogModuleManager: Shutting down and abandoning module TargetDeviceServices (389)
[2017.07.29-22.09.10:477][935]LogModuleManager: Shutting down and abandoning module AutomationController (386)
[2017.07.29-22.09.10:477][935]LogModuleManager: Shutting down and abandoning module AutomationWindow (384)
[2017.07.29-22.09.10:478][935]LogModuleManager: Shutting down and abandoning module Layers (382)
[2017.07.29-22.09.10:479][935]LogModuleManager: Shutting down and abandoning module ComponentVisualizers (380)
[2017.07.29-22.09.10:479][935]LogModuleManager: Shutting down and abandoning module DetailCustomizations (378)
[2017.07.29-22.09.10:479][935]LogModuleManager: Shutting down and abandoning module PackagesDialog (376)
[2017.07.29-22.09.10:480][935]LogModuleManager: Shutting down and abandoning module Persona (374)
[2017.07.29-22.09.10:480][935]LogModuleManager: Shutting down and abandoning module AdvancedPreviewScene (373)
[2017.07.29-22.09.10:480][935]LogModuleManager: Shutting down and abandoning module AnimGraph (371)
[2017.07.29-22.09.10:481][935]LogModuleManager: Shutting down and abandoning module Kismet (368)
[2017.07.29-22.09.10:483][935]LogModuleManager: Shutting down and abandoning module ClassViewer (366)
[2017.07.29-22.09.10:483][935]LogModuleManager: Shutting down and abandoning module Toolbox (364)
[2017.07.29-22.09.10:483][935]LogModuleManager: Shutting down and abandoning module ModuleUI (362)
[2017.07.29-22.09.10:484][935]LogModuleManager: Shutting down and abandoning module MovieSceneTools (360)
[2017.07.29-22.09.10:484][935]LogModuleManager: Shutting down and abandoning module OutputLog (358)
[2017.07.29-22.09.10:484][935]LogModuleManager: Shutting down and abandoning module GammaUI (356)
[2017.07.29-22.09.10:485][935]LogModuleManager: Shutting down and abandoning module Documentation (354)
[2017.07.29-22.09.10:485][935]LogModuleManager: Shutting down and abandoning module MovieSceneTracks (352)
[2017.07.29-22.09.10:485][935]LogModuleManager: Shutting down and abandoning module MovieScene (350)
[2017.07.29-22.09.10:485][935]LogModuleManager: Shutting down and abandoning module Niagara (348)
[2017.07.29-22.09.10:485][935]LogModuleManager: Shutting down and abandoning module NiagaraEditor (347)
[2017.07.29-22.09.10:486][935]LogModuleManager: Shutting down and abandoning module StreamingPauseRendering (344)
[2017.07.29-22.09.10:486][935]LogModuleManager: Shutting down and abandoning module AnalyticsET (342)
[2017.07.29-22.09.10:486][935]LogModuleManager: Shutting down and abandoning module PortalServices (340)
[2017.07.29-22.09.10:486][935]LogModuleManager: Shutting down and abandoning module PortalRpc (338)
[2017.07.29-22.09.10:486][935]LogModuleManager: Shutting down and abandoning module MessagingRpc (336)
[2017.07.29-22.09.10:486][935]LogModuleManager: Shutting down and abandoning module AIModule (334)
[2017.07.29-22.09.10:486][935]LogModuleManager: Shutting down and abandoning module GameplayDebugger (333)
[2017.07.29-22.09.10:486][935]LogModuleManager: Shutting down and abandoning module AITestSuite (331)
[2017.07.29-22.09.10:486][935]LogModuleManager: Shutting down and abandoning module ProfilerService (328)
[2017.07.29-22.09.10:679][935]LogModuleManager: Shutting down and abandoning module TaskGraph (326)
[2017.07.29-22.09.10:680][935]LogModuleManager: Shutting down and abandoning module SteamVRController (324)
[2017.07.29-22.09.10:680][935]LogModuleManager: Shutting down and abandoning module SteamVR (322)
[2017.07.29-22.09.10:680][935]LogModuleManager: Shutting down and abandoning module ProceduralMeshComponentEditor (320)
[2017.07.29-22.09.10:680][935]LogModuleManager: Shutting down and abandoning module ProceduralMeshComponent (318)
[2017.07.29-22.09.10:680][935]LogModuleManager: Shutting down and abandoning module OculusLibrary (316)
[2017.07.29-22.09.10:680][935]LogModuleManager: Shutting down and abandoning module OculusInput (314)
[2017.07.29-22.09.10:680][935]LogModuleManager: Shutting down and abandoning module MobilePatchingUtils (312)
[2017.07.29-22.09.10:680][935]LogModuleManager: Shutting down and abandoning module CustomMeshComponent (310)
[2017.07.29-22.09.10:680][935]LogModuleManager: Shutting down and abandoning module CableComponent (308)
[2017.07.29-22.09.10:680][935]LogModuleManager: Shutting down and abandoning module ArchVisCharacter (306)
[2017.07.29-22.09.10:680][935]LogModuleManager: Shutting down and abandoning module AndroidPermission (304)
[2017.07.29-22.09.10:680][935]LogModuleManager: Shutting down and abandoning module MediaPlayerEditor (300)
[2017.07.29-22.09.10:681][935]LogModuleManager: Shutting down and abandoning module HTML5Networking (298)
[2017.07.29-22.09.10:681][935]LogModuleManager: Shutting down and abandoning module AlembicImporter (296)
[2017.07.29-22.09.10:681][935]LogModuleManager: Shutting down and abandoning module AlembicLibrary (295)
[2017.07.29-22.09.10:681][935]LogModuleManager: Shutting down and abandoning module GeometryCache (294)
[2017.07.29-22.09.10:681][935]LogModuleManager: Shutting down and abandoning module GeometryCacheEd (293)
[2017.07.29-22.09.10:681][935]LogModuleManager: Shutting down and abandoning module SuperSearchEditor (288)
[2017.07.29-22.09.10:681][935]LogModuleManager: Shutting down and abandoning module SuperSearch (287)
[2017.07.29-22.09.10:681][935]LogModuleManager: Shutting down and abandoning module SpeedTreeImporter (284)
[2017.07.29-22.09.10:681][935]LogModuleManager: Shutting down and abandoning module PluginBrowser (282)
[2017.07.29-22.09.10:681][935]LogModuleManager: Shutting down and abandoning module MobileLauncherProfileWizard (280)
[2017.07.29-22.09.10:682][935]LogModuleManager: Shutting down and abandoning module VisualStudioSourceCodeAccess (278)
[2017.07.29-22.09.10:682][935]LogModuleManager: Shutting down and abandoning module DesktopPlatform (277)
[2017.07.29-22.09.10:682][935]LogModuleManager: Shutting down and abandoning module UObjectPlugin (274)
[2017.07.29-22.09.10:682][935]LogModuleManager: Shutting down and abandoning module SubversionSourceControl (272)
[2017.07.29-22.09.10:682][935]LogModuleManager: Shutting down and abandoning module PerforceSourceControl (270)
[2017.07.29-22.09.10:682][935]LogModuleManager: Shutting down and abandoning module GitSourceControl (268)
[2017.07.29-22.09.10:682][935]LogModuleManager: Shutting down and abandoning module SourceControl (267)
[2017.07.29-22.09.10:682][935]LogModuleManager: Shutting down and abandoning module LightPropagationVolumeEditor (264)
[2017.07.29-22.09.10:683][935]LogModuleManager: Shutting down and abandoning module PaperTiledImporter (262)
[2017.07.29-22.09.10:683][935]LogModuleManager: Shutting down and abandoning module PaperSpriteSheetImporter (260)
[2017.07.29-22.09.10:683][935]LogModuleManager: Shutting down and abandoning module Paper2DEditor (258)
[2017.07.29-22.09.10:683][935]LogModuleManager: Shutting down and abandoning module MeshPaint (257)
[2017.07.29-22.09.10:683][935]LogModuleManager: Shutting down and abandoning module LevelEditor (255)
[2017.07.29-22.09.10:685][935]LogModuleManager: Shutting down and abandoning module PixelInspectorModule (254)
[2017.07.29-22.09.10:685][935]LogModuleManager: Shutting down and abandoning module MainFrame (252)
[2017.07.29-22.09.10:685][935]LogModuleManager: Shutting down and abandoning module HotReload (251)
[2017.07.29-22.09.10:685][935]LogDirectoryWatcher: A directory notification for 'C:/Users/Justin Wells/Documents/Unreal Projects/InsertNameAdventure/DatBoiEntertainmetnGame/Binaries/Win64' was aborted.
[2017.07.29-22.09.10:686][935]LogModuleManager: Shutting down and abandoning module PhysXVehiclesEditor (246)
[2017.07.29-22.09.10:687][935]LogModuleManager: Shutting down and abandoning module PhysXVehicles (244)
[2017.07.29-22.09.10:687][935]LogModuleManager: Shutting down and abandoning module LocationServicesBPLibrary (242)
[2017.07.29-22.09.10:687][935]LogModuleManager: Shutting down and abandoning module ImmediatePhysicsEditor (240)
[2017.07.29-22.09.10:687][935]LogModuleManager: Shutting down and abandoning module ImmediatePhysics (238)
[2017.07.29-22.09.10:687][935]LogModuleManager: Shutting down and abandoning module UdpMessaging (236)
[2017.07.29-22.09.10:788][935]LogModuleManager: Shutting down and abandoning module TcpMessaging (234)
[2017.07.29-22.09.10:889][935]LogModuleManager: Shutting down and abandoning module GameplayTagsEditor (232)
[2017.07.29-22.09.10:891][935]LogModuleManager: Shutting down and abandoning module FacialAnimationEditor (230)
[2017.07.29-22.09.10:891][935]LogModuleManager: Shutting down and abandoning module FacialAnimation (228)
[2017.07.29-22.09.10:891][935]LogModuleManager: Shutting down and abandoning module AssetManagerEditor (226)
[2017.07.29-22.09.10:892][935]LogModuleManager: Shutting down and abandoning module GraphEditor (225)
[2017.07.29-22.09.10:894][935]LogModuleManager: Shutting down and abandoning module ContentBrowser (223)
[2017.07.29-22.09.10:897][935]LogModuleManager: Shutting down and abandoning module LightPropagationVolumeRuntime (220)
[2017.07.29-22.09.10:897][935]LogModuleManager: Shutting down and abandoning module Paper2D (218)
[2017.07.29-22.09.10:897][935]LogModuleManager: Shutting down and abandoning module WindowsMoviePlayer (216)
[2017.07.29-22.09.10:897][935]LogModuleManager: Shutting down and abandoning module WmfMedia (214)
[2017.07.29-22.09.10:897][935]LogModuleManager: Shutting down and abandoning module ClothingSystemEditor (212)
[2017.07.29-22.09.10:897][935]LogModuleManager: Shutting down and abandoning module ClothingSystemRuntime (210)
[2017.07.29-22.09.10:898][935]LogModuleManager: Shutting down and abandoning module MediaAssets (208)
[2017.07.29-22.09.10:898][935]LogModuleManager: Shutting down and abandoning module GameLiveStreaming (206)
[2017.07.29-22.09.10:898][935]LogModuleManager: Shutting down and abandoning module VREditor (204)
[2017.07.29-22.09.10:898][935]LogModuleManager: Shutting down and abandoning module StringTableEditor (202)
[2017.07.29-22.09.10:899][935]LogModuleManager: Shutting down and abandoning module GameplayTasksEditor (200)
[2017.07.29-22.09.10:899][935]LogModuleManager: Shutting down and abandoning module BehaviorTreeEditor (198)
[2017.07.29-22.09.10:900][935]LogModuleManager: Shutting down and abandoning module FunctionalTesting (196)
[2017.07.29-22.09.10:900][935]LogModuleManager: Shutting down and abandoning module CollisionAnalyzer (194)
[2017.07.29-22.09.10:900][935]LogModuleManager: Shutting down and abandoning module UMG (192)
[2017.07.29-22.09.10:901][935]LogModuleManager: Shutting down and abandoning module UMGEditor (191)
[2017.07.29-22.09.10:901][935]LogModuleManager: Shutting down and abandoning module Sequencer (190)
[2017.07.29-22.09.10:901][935]LogModuleManager: Shutting down and abandoning module AssetTools (188)
[2017.07.29-22.09.10:903][935]LogModuleManager: Shutting down and abandoning module MessageLog (187)
[2017.07.29-22.09.10:903][935]LogModuleManager: Shutting down and abandoning module WorkspaceMenuStructure (186)
[2017.07.29-22.09.10:903][935]LogModuleManager: Shutting down and abandoning module SlateReflector (180)
[2017.07.29-22.09.10:905][935]LogModuleManager: Shutting down and abandoning module Slate (178)
[2017.07.29-22.09.10:905][935]LogModuleManager: Shutting down and abandoning module EditorStyle (176)
[2017.07.29-22.09.10:912][935]LogModuleManager: Shutting down and abandoning module SourceCodeAccess (174)
[2017.07.29-22.09.10:913][935]LogModuleManager: Shutting down and abandoning module HeadMountedDisplay (172)
[2017.07.29-22.09.10:913][935]LogModuleManager: Shutting down and abandoning module XAudio2 (170)
[2017.07.29-22.09.10:913][935]LogModuleManager: Shutting down and abandoning module Networking (168)
[2017.07.29-22.09.10:913][935]LogModuleManager: Shutting down and abandoning module Core (164)
[2017.07.29-22.09.10:913][935]LogModuleManager: Shutting down and abandoning module AssetRegistry (162)
[2017.07.29-22.09.11:079][935]LogDirectoryWatcher: A directory notification for '../../../Engine/Content/' was aborted.
[2017.07.29-22.09.11:079][935]LogDirectoryWatcher: A directory notification for '../../../../../../Users/Justin Wells/Documents/Unreal Projects/InsertNameAdventure/DatBoiEntertainmetnGame/Content/' was aborted.
[2017.07.29-22.09.11:079][935]LogDirectoryWatcher: A directory notification for '../../../Engine/Plugins/2D/Paper2D/Content/' was aborted.
[2017.07.29-22.09.11:079][935]LogDirectoryWatcher: A directory notification for '../../../Engine/Plugins/Runtime/GearVR/Content/' was aborted.
[2017.07.29-22.09.11:082][935]LogModuleManager: Shutting down and abandoning module DirectoryWatcher (161)
[2017.07.29-22.09.11:083][935]LogModuleManager: Shutting down and abandoning module KismetCompiler (158)
[2017.07.29-22.09.11:083][935]LogModuleManager: Shutting down and abandoning module LevelSequence (156)
[2017.07.29-22.09.11:083][935]LogModuleManager: Shutting down and abandoning module PhysXFormats (154)
[2017.07.29-22.09.11:083][935]LogModuleManager: Shutting down and abandoning module MeshUtilities (152)
[2017.07.29-22.09.11:083][935]LogModuleManager: Shutting down and abandoning module SimplygonSwarm (151)
[2017.07.29-22.09.11:083][935]LogModuleManager: Shutting down and abandoning module SimplygonMeshReduction (149)
[2017.07.29-22.09.11:083][935]LogModuleManager: Shutting down and abandoning module QuadricMeshReduction (147)
[2017.07.29-22.09.11:083][935]LogModuleManager: Shutting down and abandoning module DerivedDataCache (144)
[2017.07.29-22.09.11:112][935]LogDerivedDataCache: Shutdown
[2017.07.29-22.09.11:112][935]LogModuleManager: Shutting down and abandoning module TargetPlatform (142)
[2017.07.29-22.09.11:112][935]LogModuleManager: Shutting down and abandoning module VulkanShaderFormat (141)
[2017.07.29-22.09.11:112][935]LogModuleManager: Shutting down and abandoning module ShaderFormatVectorVM (139)
[2017.07.29-22.09.11:112][935]LogModuleManager: Shutting down and abandoning module ShaderFormatOpenGL (137)
[2017.07.29-22.09.11:112][935]LogModuleManager: Shutting down and abandoning module ShaderFormatD3D (135)
[2017.07.29-22.09.11:112][935]LogModuleManager: Shutting down and abandoning module MetalShaderFormat (133)
[2017.07.29-22.09.11:113][935]LogModuleManager: Shutting down and abandoning module TextureFormatUncompressed (131)
[2017.07.29-22.09.11:113][935]LogModuleManager: Shutting down and abandoning module TextureFormatPVR (129)
[2017.07.29-22.09.11:113][935]LogModuleManager: Shutting down and abandoning module TextureFormatDXT (127)
[2017.07.29-22.09.11:113][935]LogModuleManager: Shutting down and abandoning module TextureFormatIntelISPCTexComp (125)
[2017.07.29-22.09.11:113][935]LogModuleManager: Shutting down and abandoning module TextureFormatASTC (123)
[2017.07.29-22.09.11:113][935]LogModuleManager: Shutting down and abandoning module ImageWrapper (122)
[2017.07.29-22.09.11:113][935]LogModuleManager: Shutting down and abandoning module TextureFormatAndroid (119)
[2017.07.29-22.09.11:113][935]LogModuleManager: Shutting down and abandoning module AudioFormatOpus (117)
[2017.07.29-22.09.11:113][935]LogModuleManager: Shutting down and abandoning module AudioFormatOgg (115)
[2017.07.29-22.09.11:113][935]LogModuleManager: Shutting down and abandoning module AudioFormatADPCM (113)
[2017.07.29-22.09.11:113][935]LogModuleManager: Shutting down and abandoning module LinuxTargetPlatform (111)
[2017.07.29-22.09.11:113][935]LogModuleManager: Shutting down and abandoning module LinuxServerTargetPlatform (109)
[2017.07.29-22.09.11:113][935]LogModuleManager: Shutting down and abandoning module LinuxNoEditorTargetPlatform (107)
[2017.07.29-22.09.11:113][935]LogModuleManager: Shutting down and abandoning module LinuxClientTargetPlatform (105)
[2017.07.29-22.09.11:113][935]LogModuleManager: Shutting down and abandoning module TVOSTargetPlatform (103)
[2017.07.29-22.09.11:113][935]LogModuleManager: Shutting down and abandoning module Messaging (101)
[2017.07.29-22.09.11:113][935]LogModuleManager: Shutting down and abandoning module IOSTargetPlatform (99)
[2017.07.29-22.09.11:113][935]LogModuleManager: Shutting down and abandoning module HTML5TargetPlatform (97)
[2017.07.29-22.09.11:113][935]LogModuleManager: Shutting down and abandoning module Android_PVRTCTargetPlatform (95)
[2017.07.29-22.09.11:113][935]LogModuleManager: Shutting down and abandoning module Android_MultiTargetPlatform (93)
[2017.07.29-22.09.11:113][935]LogModuleManager: Shutting down and abandoning module Android_ETC2TargetPlatform (91)
[2017.07.29-22.09.11:113][935]LogModuleManager: Shutting down and abandoning module Android_ETC1TargetPlatform (89)
[2017.07.29-22.09.11:113][935]LogModuleManager: Shutting down and abandoning module Android_DXTTargetPlatform (87)
[2017.07.29-22.09.11:113][935]LogModuleManager: Shutting down and abandoning module Android_ATCTargetPlatform (85)
[2017.07.29-22.09.11:113][935]LogModuleManager: Shutting down and abandoning module Android_ASTCTargetPlatform (83)
[2017.07.29-22.09.11:113][935]LogModuleManager: Shutting down and abandoning module AndroidTargetPlatform (81)
[2017.07.29-22.09.11:113][935]LogModuleManager: Shutting down and abandoning module WindowsTargetPlatform (79)
[2017.07.29-22.09.11:113][935]LogModuleManager: Shutting down and abandoning module WindowsServerTargetPlatform (77)
[2017.07.29-22.09.11:113][935]LogModuleManager: Shutting down and abandoning module WindowsNoEditorTargetPlatform (75)
[2017.07.29-22.09.11:113][935]LogModuleManager: Shutting down and abandoning module WindowsClientTargetPlatform (73)
[2017.07.29-22.09.11:113][935]LogModuleManager: Shutting down and abandoning module MacTargetPlatform (71)
[2017.07.29-22.09.11:113][935]LogModuleManager: Shutting down and abandoning module MacServerTargetPlatform (69)
[2017.07.29-22.09.11:113][935]LogModuleManager: Shutting down and abandoning module MacNoEditorTargetPlatform (67)
[2017.07.29-22.09.11:113][935]LogModuleManager: Shutting down and abandoning module MacClientTargetPlatform (65)
[2017.07.29-22.09.11:113][935]LogModuleManager: Shutting down and abandoning module AllDesktopTargetPlatform (63)
[2017.07.29-22.09.11:113][935]LogModuleManager: Shutting down and abandoning module InputCore (60)
[2017.07.29-22.09.11:113][935]LogModuleManager: Shutting down and abandoning module Settings (58)
[2017.07.29-22.09.11:113][935]LogModuleManager: Shutting down and abandoning module OculusRift (56)
[2017.07.29-22.09.11:113][935]LogModuleManager: Shutting down and abandoning module GearVRController (54)
[2017.07.29-22.09.11:113][935]LogModuleManager: Shutting down and abandoning module GearVR (52)
[2017.07.29-22.09.11:114][935]LogModuleManager: Shutting down and abandoning module ExampleDeviceProfileSelector (50)
[2017.07.29-22.09.11:114][935]LogModuleManager: Shutting down and abandoning module OnlineBlueprintSupport (48)
[2017.07.29-22.09.11:114][935]LogModuleManager: Shutting down and abandoning module OnlineSubsystem (44)
[2017.07.29-22.09.11:114][935]LogOnline:Display: Unloading online subsystem: NULL
[2017.07.29-22.09.11:114][935]LogModuleManager: Shutting down and abandoning module XMPP (43)
[2017.07.29-22.09.11:115][935]LogModuleManager: Shutting down and abandoning module HTTP (41)
[2017.07.29-22.09.11:115][935]LogHttp:Display: Http module shutting down, but needs to wait on 1 outstanding Http requests:
[2017.07.29-22.09.11:115][935]LogHttp:Display: 	verb=[POST] url=[https://datarouter.ol.epicgames.com/datarouter/api/v1/public/data?SessionID=%7B2184C640-4092-D11F-E1A6-C58F217F7BE1%7D&AppID=UEEditor.Rocket.Release&AppVersion=4.16.0-3452394%2B%2B%2BUE4%2BRelease-4.16&UserID=520fd5774504bba7d7d4dfbb2efd774d%7C3ef35b30eb8d444d8e26d7fb1794d4bf%7C7a44e29e-0876-4249-91a8-eb020dafba7b&AppEnvironment=datacollector-binary&UploadType=eteventstream] status=Processing
[2017.07.29-22.09.11:134][935]LogModuleManager: Shutting down and abandoning module SSL (40)
[2017.07.29-22.09.11:135][935]LogModuleManager: Shutting down and abandoning module HTTPChunkInstaller (36)
[2017.07.29-22.09.11:135][935]LogModuleManager: Shutting down and abandoning module AnimationModifiers (34)
[2017.07.29-22.09.11:135][935]LogModuleManager: Shutting down and abandoning module PropertyEditor (33)
[2017.07.29-22.09.11:135][935]LogModuleManager: Shutting down and abandoning module AudioEditor (30)
[2017.07.29-22.09.11:135][935]LogModuleManager: Shutting down and abandoning module TextureCompressor (28)
[2017.07.29-22.09.11:135][935]LogModuleManager: Shutting down and abandoning module ShaderCore (26)
[2017.07.29-22.09.11:135][935]LogModuleManager: Shutting down and abandoning module Landscape (24)
[2017.07.29-22.09.11:135][935]LogModuleManager: Shutting down and abandoning module SlateRHIRenderer (22)
[2017.07.29-22.09.11:136][935]LogModuleManager: Shutting down and abandoning module OpenGLDrv (20)
[2017.07.29-22.09.11:137][935]LogModuleManager: Shutting down and abandoning module D3D11RHI (18)
[2017.07.29-22.09.11:137][935]LogModuleManager: Shutting down and abandoning module AnimGraphRuntime (16)
[2017.07.29-22.09.11:137][935]LogModuleManager: Shutting down and abandoning module Renderer (14)
[2017.07.29-22.09.11:137][935]LogModuleManager: Shutting down and abandoning module Engine (12)
[2017.07.29-22.09.11:137][935]LogModuleManager: Shutting down and abandoning module CoreUObject (10)
[2017.07.29-22.09.11:137][935]LogModuleManager: Shutting down and abandoning module NetworkFile (8)
[2017.07.29-22.09.11:137][935]LogModuleManager: Shutting down and abandoning module StreamingFile (6)
[2017.07.29-22.09.11:137][935]LogModuleManager: Shutting down and abandoning module SandboxFile (4)
[2017.07.29-22.09.11:137][935]LogModuleManager: Shutting down and abandoning module PakFile (2)
[2017.07.29-22.09.11:138][935]LogExit: Exiting.
[2017.07.29-22.09.11:166][935]Log file closed, 07/29/17 16:09:11
