<<<<<<< HEAD
﻿Log file open, 07/20/17 15:12:35
LogInit:Display: Running engine for game: InsertNameAdventure
LogPlatformFile: Not using cached read wrapper
LogInit:Display: RandInit(-2142152562) SRandInit(-2142152562).
LogTaskGraph: Started task graph with 5 named threads and 8 total threads with 1 sets of task threads.
LogStats: Stats thread started at 0.082047
=======
﻿Log file open, 07/20/17 15:25:09
LogInit:Display: Running engine for game: InsertNameAdventure
LogPlatformFile: Not using cached read wrapper
LogInit:Display: RandInit(877592522) SRandInit(877592522).
LogTaskGraph: Started task graph with 5 named threads and 8 total threads with 1 sets of task threads.
LogStats: Stats thread started at 0.083352
>>>>>>> 6a29115463a968e2229b913b9dd6aa923aaef9d2
LogInit: Using libcurl 7.47.1
LogInit:  - built for x86_64-pc-win32
LogInit:  - supports SSL with OpenSSL/1.0.2g
LogInit:  - supports HTTP deflate (compression) using libz 1.2.8
LogInit:  - other features:
LogInit:      CURL_VERSION_SSL
LogInit:      CURL_VERSION_LIBZ
LogInit:      CURL_VERSION_IPV6
LogInit:      CURL_VERSION_ASYNCHDNS
LogInit:      CURL_VERSION_LARGEFILE
LogInit:      CURL_VERSION_IDN
LogInit:  CurlRequestOptions (configurable via config and command line):
LogInit:  - bVerifyPeer = false  - Libcurl will NOT verify peer certificate
LogInit:  - bUseHttpProxy = false  - Libcurl will NOT use HTTP proxy
LogInit:  - bDontReuseConnections = false  - Libcurl will reuse connections
LogInit:  - CertBundlePath = nullptr  - Libcurl will use whatever was configured at build time.
LogInit: Build: ++UE4+Release-4.16-CL-3466753
LogInit: Engine Version: 4.16.1-3466753+++UE4+Release-4.16
LogInit: Compatible Engine Version: 4.16.0-3452394+++UE4+Release-4.16
LogInit: Net CL: 3452394
LogDevObjectVersion: Number of dev versions registered: 16
LogDevObjectVersion:   Dev-Blueprints (B0D832E4-1F89-4F0D-ACCF-7EB736FD4AA2): 9
LogDevObjectVersion:   Dev-Build (E1C64328-A22C-4D53-A36C-8E866417BD8C): 0
LogDevObjectVersion:   Dev-Core (375EC13C-06E4-48FB-B500-84F0262A717E): 2
LogDevObjectVersion:   Dev-Editor (E4B068ED-F494-42E9-A231-DA0B2E46BB41): 17
LogDevObjectVersion:   Dev-Framework (CFFC743F-43B0-4480-9391-14DF171D2073): 23
LogDevObjectVersion:   Dev-Mobile (B02B49B5-BB20-44E9-A304-32B752E40360): 0
LogDevObjectVersion:   Dev-Networking (A4E4105C-59A1-49B5-A7C5-40C4547EDFEE): 0
LogDevObjectVersion:   Dev-Online (39C831C9-5AE6-47DC-9A44-9C173E1C8E7C): 0
LogDevObjectVersion:   Dev-Physics (78F01B33-EBEA-4F98-B9B4-84EACCB95AA2): 0
LogDevObjectVersion:   Dev-Platform (6631380F-2D4D-43E0-8009-CF276956A95A): 0
LogDevObjectVersion:   Dev-Rendering (12F88B9F-8875-4AFC-A67C-D90C383ABD29): 15
LogDevObjectVersion:   Dev-Sequencer (7B5AE74C-D270-4C10-A958-57980B212A5A): 4
LogDevObjectVersion:   Dev-VR (D7296918-1DD6-4BDD-9DE2-64A83CC13884): 0
LogDevObjectVersion:   Dev-LoadTimes (C2A15278-BFE7-4AFE-6C17-90FF531DF755): 1
LogDevObjectVersion:   Private-Geometry (6EACA3D4-40EC-4CC1-B786-8BED09428FC5): 1
LogDevObjectVersion:   Dev-AnimPhys (29E575DD-E0A3-4627-9D10-D276232CDCEA): 3
LogInit: Compiled (64-bit): May 31 2017 02:03:30
LogInit: Compiled with Visual C++: 19.00.24215.01
LogInit: Build Configuration: Development
LogInit: Branch Name: ++UE4+Release-4.16
LogInit: Command line:  
LogInit: Base directory: C:/Program Files/Epic Games/UE_4.16/Engine/Binaries/Win64/
LogInit: Installed Engine Build: 1
LogInit: Presizing for max 8388607 objects, including 0 objects not considered by GC, pre-allocating 0 bytes for permanent pool.
LogInit: Object subsystem initialized
<<<<<<< HEAD
[2017.07.20-21.12.35:882][  0]LogInit: Selected Device Profile: [Windows]
[2017.07.20-21.12.35:882][  0]LogInit: Applying CVar settings loaded from the selected device profile: [Windows]
[2017.07.20-21.12.35:907][  0]LogInit: Computer: DESKTOP-SV0KJJ8
[2017.07.20-21.12.35:907][  0]LogInit: User: gentry
[2017.07.20-21.12.35:907][  0]LogInit: CPU Page size=4096, Cores=4
[2017.07.20-21.12.35:907][  0]LogInit: High frequency timer resolution =3.421876 MHz
[2017.07.20-21.12.35:907][  0]LogMemory: Memory total: Physical=8.0GB (8GB approx)
[2017.07.20-21.12.35:907][  0]LogMemory: Platform Memory Stats for Windows
[2017.07.20-21.12.35:907][  0]LogMemory: Process Physical Memory: 273.99 MB used, 273.99 MB peak
[2017.07.20-21.12.35:907][  0]LogMemory: Process Virtual Memory: 262.61 MB used, 262.61 MB peak
[2017.07.20-21.12.35:907][  0]LogMemory: Physical Memory: 3118.52 MB used,  5038.17 MB free, 8156.69 MB total
[2017.07.20-21.12.35:907][  0]LogMemory: Virtual Memory: 625.14 MB used,  5038.17 MB free, 134217728.00 MB total
[2017.07.20-21.12.36:007][  0]LogInit: Using OS detected language (en-US).
[2017.07.20-21.12.36:007][  0]LogInit: Using OS detected locale (en-US).
[2017.07.20-21.12.36:010][  0]LogTextLocalizationManager: No specific localization for 'en-US' exists, so the 'en' localization will be used.
[2017.07.20-21.12.36:793][  0]LogD3D11RHI: D3D11 adapters:
[2017.07.20-21.12.37:269][  0]LogD3D11RHI:    0. 'NVIDIA GeForce GTX 1070' (Feature Level 11_0)
[2017.07.20-21.12.37:269][  0]LogD3D11RHI:       8119/0/4078 MB DedicatedVideo/DedicatedSystem/SharedSystem, Outputs:1, VendorId:0x10de
[2017.07.20-21.12.37:270][  0]LogD3D11RHI:    1. 'Microsoft Basic Render Driver' (Feature Level 11_0)
[2017.07.20-21.12.37:270][  0]LogD3D11RHI:       0/0/4078 MB DedicatedVideo/DedicatedSystem/SharedSystem, Outputs:0, VendorId:0x1414
[2017.07.20-21.12.37:270][  0]LogD3D11RHI: Chosen D3D11 Adapter: 0
[2017.07.20-21.12.37:275][  0]LogD3D11RHI: Creating new Direct3DDevice
[2017.07.20-21.12.37:275][  0]LogD3D11RHI:     GPU DeviceId: 0x1b81 (for the marketing name, search the web for "GPU Device Id")
[2017.07.20-21.12.37:275][  0]LogWindows: EnumDisplayDevices:
[2017.07.20-21.12.37:275][  0]LogWindows:    0. 'NVIDIA GeForce GTX 1070' (P:1 D:1)
[2017.07.20-21.12.37:275][  0]LogWindows:    1. 'NVIDIA GeForce GTX 1070' (P:0 D:0)
[2017.07.20-21.12.37:275][  0]LogWindows:    2. 'NVIDIA GeForce GTX 1070' (P:0 D:0)
[2017.07.20-21.12.37:275][  0]LogWindows:    3. 'NVIDIA GeForce GTX 1070' (P:0 D:0)
[2017.07.20-21.12.37:275][  0]LogWindows: DebugString: FoundDriverCount:4 
[2017.07.20-21.12.37:275][  0]LogD3D11RHI:     Adapter Name: NVIDIA GeForce GTX 1070
[2017.07.20-21.12.37:275][  0]LogD3D11RHI:   Driver Version: 382.53 (internal:22.21.13.8253, unified:382.53)
[2017.07.20-21.12.37:275][  0]LogD3D11RHI:      Driver Date: 6-7-2017
[2017.07.20-21.12.37:275][  0]LogRHI: Texture pool is 1361 MB (70% of 1945 MB)
[2017.07.20-21.12.37:718][  0]LogD3D11RHI: Async texture creation enabled
[2017.07.20-21.12.37:743][  0]LogD3D11RHI: GPU Timing Frequency: 1000.000000 (Debug: 2 1)
[2017.07.20-21.12.37:744][  0]LogShaderCompilers: Guid format shader working directory is -25 characters bigger than the processId version (../../../../../../Users/gentry/Documents/GitHub/DatBoiEntertainmetnGame_/Intermediate/Shaders/WorkingDirectory/8484/).
[2017.07.20-21.12.37:744][  0]LogShaderCompilers: Cleaned the shader compiler working directory 'C:/Users/gentry/AppData/Local/Temp/UnrealShaderWorkingDir/93D2D99D4D3AA81006768895A24A0DBB/'.
[2017.07.20-21.12.37:744][  0]LogShaderCompilers:Display: Using Local Shader Compiler.
[2017.07.20-21.12.38:567][  0]LogTemp:Display: Loaded TP AllDesktopTargetPlatform
[2017.07.20-21.12.38:614][  0]LogTemp:Display: Loaded TP MacClientTargetPlatform
[2017.07.20-21.12.38:661][  0]LogTemp:Display: Loaded TP MacNoEditorTargetPlatform
[2017.07.20-21.12.38:709][  0]LogTemp:Display: Loaded TP MacServerTargetPlatform
[2017.07.20-21.12.38:758][  0]LogTemp:Display: Loaded TP MacTargetPlatform
[2017.07.20-21.12.38:806][  0]LogTemp:Display: Loaded TP WindowsClientTargetPlatform
[2017.07.20-21.12.38:853][  0]LogTemp:Display: Loaded TP WindowsNoEditorTargetPlatform
[2017.07.20-21.12.38:900][  0]LogTemp:Display: Loaded TP WindowsServerTargetPlatform
[2017.07.20-21.12.38:943][  0]LogTemp:Display: Loaded TP WindowsTargetPlatform
[2017.07.20-21.12.38:989][  0]LogTemp:Display: Loaded TP AndroidTargetPlatform
[2017.07.20-21.12.39:036][  0]LogTemp:Display: Loaded TP Android_ASTCTargetPlatform
[2017.07.20-21.12.39:082][  0]LogTemp:Display: Loaded TP Android_ATCTargetPlatform
[2017.07.20-21.12.39:130][  0]LogTemp:Display: Loaded TP Android_DXTTargetPlatform
[2017.07.20-21.12.39:176][  0]LogTemp:Display: Loaded TP Android_ETC1TargetPlatform
[2017.07.20-21.12.39:224][  0]LogTemp:Display: Loaded TP Android_ETC2TargetPlatform
[2017.07.20-21.12.39:316][  0]LogTemp:Display: Loaded TP Android_MultiTargetPlatform
[2017.07.20-21.12.39:316][  0]LogTemp:Display: Loaded TP Android_PVRTCTargetPlatform
[2017.07.20-21.12.39:354][  0]LogTemp:Display: Loaded TP HTML5TargetPlatform
[2017.07.20-21.12.39:440][  0]LogTemp:Display: Loaded TP IOSTargetPlatform
[2017.07.20-21.12.39:465][  0]LogTemp:Display: Loaded TP TVOSTargetPlatform
[2017.07.20-21.12.39:515][  0]LogTemp:Display: Loaded TP LinuxClientTargetPlatform
[2017.07.20-21.12.39:561][  0]LogTemp:Display: Loaded TP LinuxNoEditorTargetPlatform
[2017.07.20-21.12.39:607][  0]LogTemp:Display: Loaded TP LinuxServerTargetPlatform
[2017.07.20-21.12.39:654][  0]LogTemp:Display: Loaded TP LinuxTargetPlatform
[2017.07.20-21.12.39:654][  0]LogTargetPlatformManager:Display: Building Assets For Windows
[2017.07.20-21.12.40:093][  0]LogDerivedDataCache:Display: Max Cache Size: 512 MB
[2017.07.20-21.12.40:172][  0]LogDerivedDataCache: Loaded boot cache 0.08s 90MB C:/Users/gentry/AppData/Local/UnrealEngine/4.16/DerivedDataCache/Boot.ddc.
[2017.07.20-21.12.40:172][  0]LogDerivedDataCache:Display: Loaded Boot cache: C:/Users/gentry/AppData/Local/UnrealEngine/4.16/DerivedDataCache/Boot.ddc
[2017.07.20-21.12.40:172][  0]LogDerivedDataCache: FDerivedDataBackendGraph:  Pak pak cache file ../../../../../../Users/gentry/Documents/GitHub/DatBoiEntertainmetnGame_/DerivedDataCache/DDC.ddp not found, will not use a pak cache.
[2017.07.20-21.12.40:172][  0]LogDerivedDataCache: Unable to find inner node Pak for hierarchical cache Hierarchy.
[2017.07.20-21.12.40:172][  0]LogDerivedDataCache: FDerivedDataBackendGraph:  CompressedPak pak cache file ../../../../../../Users/gentry/Documents/GitHub/DatBoiEntertainmetnGame_/DerivedDataCache/Compressed.ddp not found, will not use a pak cache.
[2017.07.20-21.12.40:172][  0]LogDerivedDataCache: Unable to find inner node CompressedPak for hierarchical cache Hierarchy.
[2017.07.20-21.12.40:184][  0]LogDerivedDataCache:Display: Pak cache opened for reading ../../../Engine/DerivedDataCache/Compressed.ddp.
[2017.07.20-21.12.40:196][  0]LogDerivedDataCache: Using Local data cache path C:/Users/gentry/AppData/Local/UnrealEngine/Common/DerivedDataCache: Writable
[2017.07.20-21.12.40:204][  0]LogMaterial: Verifying Global Shaders for PCD3D_SM5
[2017.07.20-21.12.40:204][  0]LogSlate: Using Freetype 2.6.0
[2017.07.20-21.12.40:205][  0]LogSlate: SlateFontCache - WITH_FREETYPE: 1, WITH_HARFBUZZ: 1
[2017.07.20-21.12.40:205][  0]LogSlate: SlateFontCache - WITH_FREETYPE: 1, WITH_HARFBUZZ: 1
[2017.07.20-21.12.40:485][  0]LogInit: Selected Device Profile: [Windows]
[2017.07.20-21.12.40:550][  0]LogContentStreaming: Texture pool size is 0.00 MB
[2017.07.20-21.12.40:684][  0]LogMeshUtilities: Using QuadricMeshReduction for automatic static mesh reduction
[2017.07.20-21.12.40:727][  0]LogSimplygon: Simplygon DLL not present - disabling.
[2017.07.20-21.12.40:775][  0]LogMeshUtilities: Using SimplygonSwarm for distributed automatic mesh merging
[2017.07.20-21.12.40:775][  0]LogMeshUtilities: No automatic skeletal mesh reduction module available
[2017.07.20-21.12.40:775][  0]LogMeshUtilities: No automatic mesh merging module available
[2017.07.20-21.12.41:267][  0]LogNetVersion: InsertNameAdventure , NetCL: 3452394, EngineNetVer: 2, GameNetVer: 0 (Checksum: 1278457987)
[2017.07.20-21.12.41:324][  0]LogAssetRegistry: FAssetRegistry took 0.0250 seconds to start up
[2017.07.20-21.12.41:389][  0]LogPackageLocalizationCache: Processed 4 localized package path(s) for 2 prioritized culture(s) in 0.046988 seconds
[2017.07.20-21.12.41:394][  0]LogUObjectArray: 34194 objects as part of root set at end of initial load.
[2017.07.20-21.12.41:394][  0]LogUObjectAllocator: 7260424 out of 0 bytes used by permanent object pool.
[2017.07.20-21.12.41:394][  0]LogUObjectArray: CloseDisregardForGC: 0/0 objects in disregard for GC pool
[2017.07.20-21.12.41:449][  0]LogInit: WinSock: version 1.1 (2.2), MaxSocks=32767, MaxUdp=65467
[2017.07.20-21.12.43:870][  0]LogTcpMessaging: Initializing TcpMessaging bridge
[2017.07.20-21.12.43:907][  0]LogUdpMessaging: Initializing bridge on interface 0.0.0.0:0 to multicast group 230.0.0.1:6666.
[2017.07.20-21.12.44:457][  0]LogMaterial: Uniform references updated for custom material expression Custom.
[2017.07.20-21.12.44:842][  0]SourceControl: Info Source control is disabled
[2017.07.20-21.12.46:236][  0]LogAndroidPermission: UAndroidPermissionCallbackProxy::GetInstance
[2017.07.20-21.12.46:809][  0]LogEngine: Initializing Engine...
[2017.07.20-21.12.46:810][  0]LogHMD: Failed to initialize OpenVR with code 110
[2017.07.20-21.12.46:980][  0]LogStats: UGameplayTagsManager::ConstructGameplayTagTree: Construct from data asset -  0.000 s
[2017.07.20-21.12.46:980][  0]LogStats: UGameplayTagsManager::ConstructGameplayTagTree: GameplayTagTreeChangedEvent.Broadcast -  0.000 s
[2017.07.20-21.12.47:106][  0]LogAIModule: Creating AISystem for world Untitled
[2017.07.20-21.12.47:114][  0]LogInit: XAudio2 using 'Speakers (3- Skullcandy GMX Dolby Transmitter)' : 2 channels at 48 kHz using 16 bits per sample (channel mask 0x3)
[2017.07.20-21.12.47:124][  0]LogInit: FAudioDevice initialized.
[2017.07.20-21.12.47:161][  0]LogDerivedDataCache: Saved boot cache 0.04s 90MB C:/Users/gentry/AppData/Local/UnrealEngine/4.16/DerivedDataCache/Boot.ddc.
[2017.07.20-21.12.47:170][  0]LogInit: Texture streaming: Enabled
[2017.07.20-21.12.47:253][  0]LogEngineSessionManager: EngineSessionManager initialized
[2017.07.20-21.12.47:467][  0]LogInit: Transaction tracking system initialized
[2017.07.20-21.12.47:774][  0]BlueprintLog: New page: Editor Load
[2017.07.20-21.12.48:671][  0]LocalizationService: Info Localization service is disabled
[2017.07.20-21.12.49:324][  0]LogConsoleResponse:Display: 
[2017.07.20-21.12.49:464][  0]LogCook:Display: Max memory allowance for cook 16384mb min free memory 0mb
[2017.07.20-21.12.49:464][  0]LogCook:Display: Mobile HDR setting 1
[2017.07.20-21.12.50:401][  0]LogFileCache: Scanning file cache for directory 'C:/Users/gentry/Documents/GitHub/DatBoiEntertainmetnGame_/Content/' took 0.02s
[2017.07.20-21.12.50:653][  0]Cmd: MAP LOAD FILE="../../../../../../Users/gentry/Documents/GitHub/DatBoiEntertainmetnGame_/Content/2DSideScrollerBP/Maps/2DSideScrollerExampleMap.umap" TEMPLATE=0 SHOWPROGRESS=1 FEATURELEVEL=3
[2017.07.20-21.12.50:667][  0]LogSlate: Took 0.000284 seconds to synchronously load lazily loaded font '../../../Engine/Content/Slate/Fonts/Roboto-Regular.ttf' (155K)
[2017.07.20-21.12.50:723][  0]LogWindowsTextInputMethodSystem:Display: IME system now deactivated.
[2017.07.20-21.12.55:043][  0]LogWindowsTextInputMethodSystem:Display: IME system now deactivated.
[2017.07.20-21.12.55:045][  0]LogWindowsTextInputMethodSystem:Display: IME system now deactivated.
[2017.07.20-21.12.55:045][  0]LightingResults: New page: Lighting Build
[2017.07.20-21.12.55:090][  0]MapCheck: New page: Map Check
[2017.07.20-21.12.55:090][  0]LightingResults: New page: Lighting Build
[2017.07.20-21.12.55:101][  0]LogAIModule: Creating AISystem for world Untitled
[2017.07.20-21.12.55:102][  0]LoadErrors: New page: New Map
[2017.07.20-21.12.55:290][  0]LogCollectionManager: Loaded 0 collections in 0.001644 seconds
[2017.07.20-21.12.55:372][  0]LogFileCache: Scanning file cache for directory 'C:/Users/gentry/Documents/GitHub/DatBoiEntertainmetnGame_/Saved/Collections/' took 0.01s
[2017.07.20-21.12.55:372][  0]LogFileCache: Scanning file cache for directory 'C:/Users/gentry/Documents/GitHub/DatBoiEntertainmetnGame_/Content/Developers/gentry/Collections/' took 0.01s
[2017.07.20-21.12.55:372][  0]LogFileCache: Scanning file cache for directory 'C:/Users/gentry/Documents/GitHub/DatBoiEntertainmetnGame_/Content/Collections/' took 0.01s
[2017.07.20-21.12.55:372][  0]LogCollectionManager: Rebuilt the GUID cache for 0 collections in 0.000001 seconds
[2017.07.20-21.12.55:379][  0]LogContentBrowser: Native class hierarchy populated in 0.0069 seconds. Added 2329 classes and 491 folders.
[2017.07.20-21.12.55:440][  0]LogContentBrowser: Native class hierarchy updated for 'WidgetCarousel' in 0.0004 seconds. Added 0 classes and 0 folders.
[2017.07.20-21.12.55:485][  0]LogContentBrowser: Native class hierarchy updated for 'AddContentDialog' in 0.0004 seconds. Added 0 classes and 0 folders.
[2017.07.20-21.12.55:529][  0]LogContentBrowser: Native class hierarchy updated for 'SceneOutliner' in 0.0004 seconds. Added 1 classes and 2 folders.
[2017.07.20-21.12.55:563][  0]LogCrashTracker: Crashtracker disabled due to settings.
[2017.07.20-21.12.55:568][  0]LogSlate: Took 0.000203 seconds to synchronously load lazily loaded font '../../../Engine/Content/Slate/Fonts/Roboto-Bold.ttf' (160K)
[2017.07.20-21.12.55:572][  0]LogSlate: Took 0.000279 seconds to synchronously load lazily loaded font '../../../Engine/Content/Editor/Slate/Fonts/FontAwesome.ttf' (139K)
[2017.07.20-21.12.55:659][  0]LogRenderer: Reallocating scene render targets to support 1004x680 NumSamples 1 (Frame:1).
[2017.07.20-21.12.55:740][  0]LogUObjectGlobals:Warning: Failed to find object 'Class None.'
[2017.07.20-21.12.55:809][  0]LogContentBrowser: Native class hierarchy updated for 'HierarchicalLODOutliner' in 0.0005 seconds. Added 1 classes and 2 folders.
[2017.07.20-21.12.55:809][  0]LogLoad: (Engine Initialization) Total time: 21.65 seconds
[2017.07.20-21.12.55:809][  0]LogLoad: (Engine Initialization) Total Blueprint compile time: 0.04 seconds
[2017.07.20-21.12.55:809][  0]LogExternalProfiler: No external profilers were discovered.  External profiling features will not be available.
[2017.07.20-21.12.55:819][  0]LogOcInput: OculusInput pre-init called
[2017.07.20-21.12.55:819][  0]LogHMD: Starting GearVRController plugin
[2017.07.20-21.12.55:834][  0]LogAssetRegistry: Asset discovery search completed in 14.5318 seconds
[2017.07.20-21.12.55:836][  0]LogCollectionManager: Rebuilt the object cache for 0 collections in 0.000000 seconds (found 0 objects)
[2017.07.20-21.12.55:836][  0]LogCollectionManager: Fixed up redirectors for 0 collections in 0.000025 seconds (updated 0 objects)
[2017.07.20-21.12.55:840][  0]SourceControl: Info On branch V1.5.1
[2017.07.20-21.12.55:840][  0]SourceControl: Info Your branch is up-to-date with 'origin/V1.5.1'.
[2017.07.20-21.12.55:840][  0]SourceControl: Info Changes not staged for commit:
[2017.07.20-21.12.55:840][  0]SourceControl: Info   (use "git add/rm <file>..." to update what will be committed)
[2017.07.20-21.12.55:840][  0]SourceControl: Info   (use "git checkout -- <file>..." to discard changes in working directory)
[2017.07.20-21.12.55:840][  0]SourceControl: Info 	modified:   Intermediate/CachedAssetRegistry.bin
[2017.07.20-21.12.55:840][  0]SourceControl: Info 	modified:   Saved/Config/Windows/Editor.ini
[2017.07.20-21.12.55:840][  0]SourceControl: Info 	modified:   Saved/Config/Windows/EditorPerProjectUserSettings.ini
[2017.07.20-21.12.55:840][  0]SourceControl: Info 	modified:   Saved/Config/Windows/Engine.ini
[2017.07.20-21.12.55:840][  0]SourceControl: Info 	deleted:    Saved/Logs/InsertNameAdventure-backup-2017.07.18-18.15.34.log
[2017.07.20-21.12.55:840][  0]SourceControl: Info 	modified:   Saved/Logs/InsertNameAdventure.log
[2017.07.20-21.12.55:840][  0]SourceControl: Info Untracked files:
[2017.07.20-21.12.55:840][  0]SourceControl: Info   (use "git add <file>..." to include in what will be committed)
[2017.07.20-21.12.55:840][  0]SourceControl: Info 	Saved/Config/CrashReportClient/UE4CC-Windows-0D9EDFFD418595A29165AA985F1FEE10/
[2017.07.20-21.12.55:840][  0]SourceControl: Info 	Saved/Logs/InsertNameAdventure-backup-2017.07.20-15.12.35.log
[2017.07.20-21.12.55:840][  0]SourceControl: Info no changes added to commit (use "git add" and/or "git commit -a")
[2017.07.20-21.12.55:841][  0]LogContentStreaming: Texture pool size now 1000 MB
[2017.07.20-21.12.59:194][392]LogTemp: Repeting last play command: New Editor Window (PIE)
[2017.07.20-21.12.59:244][392]LogPlayLevel: PlayLevel: No blueprints needed recompiling
[2017.07.20-21.12.59:244][392]PIE: New page: PIE session: Untitled_1 (Jul 20, 2017, 9:12:59 AM)
[2017.07.20-21.12.59:244][392]LogPlayLevel: Creating play world package: /Temp/UEDPIE_0_Untitled_1
[2017.07.20-21.12.59:245][392]LogPlayLevel: PIE: StaticDuplicateObject took: (0.000660s)
[2017.07.20-21.12.59:245][392]LogAIModule: Creating AISystem for world Untitled
[2017.07.20-21.12.59:245][392]LogPlayLevel: PIE: World Init took: (0.000538s)
[2017.07.20-21.12.59:246][392]LogPlayLevel: PIE: Created PIE world by copying editor world from /Temp/Untitled_1.Untitled to /Temp/UEDPIE_0_Untitled_1.Untitled (0.001343s)
[2017.07.20-21.12.59:255][392]LogInit: XAudio2 using 'Speakers (3- Skullcandy GMX Dolby Transmitter)' : 2 channels at 48 kHz using 16 bits per sample (channel mask 0x3)
[2017.07.20-21.12.59:262][392]LogInit: FAudioDevice initialized.
[2017.07.20-21.12.59:702][392]LogLoad: Game class is '2DSideScrollerGameMode_C'
[2017.07.20-21.12.59:704][392]LogWorld: Bringing World /Temp/UEDPIE_0_Untitled_1.Untitled up for play (max tick rate 0) at 2017.07.20-15.12.59
[2017.07.20-21.12.59:704][392]LogWorld: Bringing up level for play took: 0.000518
[2017.07.20-21.12.59:748][392]LogContentBrowser: Native class hierarchy updated for 'MovieSceneCapture' in 0.0005 seconds. Added 11 classes and 0 folders.
[2017.07.20-21.12.59:758][392]PIE: Info Play in editor start time for /Temp/UEDPIE_0_Untitled_1 1.037
[2017.07.20-21.12.59:787][392]LogRenderer: Reallocating scene render targets to support 1292x756 NumSamples 1 (Frame:1).
[2017.07.20-21.13.11:089][731]LogSlate: Took 0.000157 seconds to synchronously load lazily loaded font '../../../Engine/Content/Slate/Fonts/Roboto-Light.ttf' (159K)
[2017.07.20-21.13.11:482][731]LogAIModule: Creating AISystem for world Rainforest_Alien
[2017.07.20-21.13.11:516][731]Cmd: MAP LOAD FILE="../../../../../../Users/gentry/Documents/GitHub/DatBoiEntertainmetnGame_/Content/2DSideScrollerBP/Maps/Levels/Rainforest_Alien.umap" TEMPLATE=0 SHOWPROGRESS=1 FEATURELEVEL=3
[2017.07.20-21.13.11:516][731]LightingResults: New page: Lighting Build
[2017.07.20-21.13.11:516][731]LoadErrors: New page: Loading map: Rainforest_Alien.umap
[2017.07.20-21.13.11:517][731]MapCheck: New page: Map Check
[2017.07.20-21.13.11:517][731]LightingResults: New page: Lighting Build
[2017.07.20-21.13.11:546][731]LogEditorServer: Finished looking for orphan Actors (0.000 secs)
[2017.07.20-21.13.11:589][731]Cmd: MAP CHECKDEP NOCLEARLOG
[2017.07.20-21.13.11:687][731]MapCheck: Info Map check complete: 0 Error(s), 0 Warning(s), took 97.802ms to complete.
[2017.07.20-21.13.11:687][731]LogFileHelpers: Loading map 'Rainforest_Alien' took 0.171
[2017.07.20-21.13.14:514][ 64]LogTemp: Repeting last play command: New Editor Window (PIE)
[2017.07.20-21.13.14:534][ 64]LogPlayLevel: PlayLevel: No blueprints needed recompiling
[2017.07.20-21.13.14:534][ 64]PIE: New page: PIE session: Rainforest_Alien (Jul 20, 2017, 9:13:14 AM)
[2017.07.20-21.13.14:534][ 64]LogPlayLevel: Creating play world package: /Game/2DSideScrollerBP/Maps/Levels/UEDPIE_0_Rainforest_Alien
[2017.07.20-21.13.14:550][ 64]LogPlayLevel: PIE: StaticDuplicateObject took: (0.015992s)
[2017.07.20-21.13.14:550][ 64]LogAIModule: Creating AISystem for world Rainforest_Alien
[2017.07.20-21.13.14:550][ 64]LogPlayLevel: PIE: World Init took: (0.000469s)
[2017.07.20-21.13.14:551][ 64]LogPlayLevel: PIE: Created PIE world by copying editor world from /Game/2DSideScrollerBP/Maps/Levels/Rainforest_Alien.Rainforest_Alien to /Game/2DSideScrollerBP/Maps/Levels/UEDPIE_0_Rainforest_Alien.Rainforest_Alien (0.016760s)
[2017.07.20-21.13.14:563][ 64]LogInit: XAudio2 using 'Speakers (3- Skullcandy GMX Dolby Transmitter)' : 2 channels at 48 kHz using 16 bits per sample (channel mask 0x3)
[2017.07.20-21.13.14:569][ 64]LogInit: FAudioDevice initialized.
[2017.07.20-21.13.14:609][ 64]LogLoad: Game class is '2DSideScrollerGameMode_C'
[2017.07.20-21.13.14:625][ 64]LogWorld: Bringing World /Game/2DSideScrollerBP/Maps/Levels/UEDPIE_0_Rainforest_Alien.Rainforest_Alien up for play (max tick rate 0) at 2017.07.20-15.13.14
[2017.07.20-21.13.14:636][ 64]LogWorld: Bringing up level for play took: 0.025850
[2017.07.20-21.13.14:640][ 64]PIE: Info Play in editor start time for /Game/2DSideScrollerBP/Maps/Levels/UEDPIE_0_Rainforest_Alien -0.081
[2017.07.20-21.13.21:769][895]LogTemp: Repeting last play command: New Editor Window (PIE)
[2017.07.20-21.13.21:788][895]LogPlayLevel: PlayLevel: No blueprints needed recompiling
[2017.07.20-21.13.21:788][895]PIE: New page: PIE session: Rainforest_Alien (Jul 20, 2017, 9:13:21 AM)
[2017.07.20-21.13.21:788][895]LogPlayLevel: Creating play world package: /Game/2DSideScrollerBP/Maps/Levels/UEDPIE_0_Rainforest_Alien
[2017.07.20-21.13.21:804][895]LogPlayLevel: PIE: StaticDuplicateObject took: (0.016361s)
[2017.07.20-21.13.21:805][895]LogAIModule: Creating AISystem for world Rainforest_Alien
[2017.07.20-21.13.21:805][895]LogPlayLevel: PIE: World Init took: (0.000465s)
[2017.07.20-21.13.21:805][895]LogPlayLevel: PIE: Created PIE world by copying editor world from /Game/2DSideScrollerBP/Maps/Levels/Rainforest_Alien.Rainforest_Alien to /Game/2DSideScrollerBP/Maps/Levels/UEDPIE_0_Rainforest_Alien.Rainforest_Alien (0.017195s)
[2017.07.20-21.13.21:815][895]LogInit: XAudio2 using 'Speakers (3- Skullcandy GMX Dolby Transmitter)' : 2 channels at 48 kHz using 16 bits per sample (channel mask 0x3)
[2017.07.20-21.13.21:821][895]LogInit: FAudioDevice initialized.
[2017.07.20-21.13.21:857][895]LogLoad: Game class is '2DSideScrollerGameMode_C'
[2017.07.20-21.13.21:871][895]LogWorld: Bringing World /Game/2DSideScrollerBP/Maps/Levels/UEDPIE_0_Rainforest_Alien.Rainforest_Alien up for play (max tick rate 0) at 2017.07.20-15.13.21
[2017.07.20-21.13.21:882][895]LogWorld: Bringing up level for play took: 0.023893
[2017.07.20-21.13.21:891][895]PIE: Info Play in editor start time for /Game/2DSideScrollerBP/Maps/Levels/UEDPIE_0_Rainforest_Alien -0.83
[2017.07.20-21.14.04:787][999]Cmd: SELECT NONE
[2017.07.20-21.16.21:770][ 25]LogTemp: Repeting last play command: New Editor Window (PIE)
[2017.07.20-21.16.21:792][ 25]LogPlayLevel: PlayLevel: No blueprints needed recompiling
[2017.07.20-21.16.21:792][ 25]PIE: New page: PIE session: Rainforest_Alien (Jul 20, 2017, 9:16:21 AM)
[2017.07.20-21.16.21:792][ 25]LogPlayLevel: Creating play world package: /Game/2DSideScrollerBP/Maps/Levels/UEDPIE_0_Rainforest_Alien
[2017.07.20-21.16.21:811][ 25]LogPlayLevel: PIE: StaticDuplicateObject took: (0.017666s)
[2017.07.20-21.16.21:811][ 25]LogAIModule: Creating AISystem for world Rainforest_Alien
[2017.07.20-21.16.21:812][ 25]LogPlayLevel: PIE: World Init took: (0.000947s)
[2017.07.20-21.16.21:812][ 25]LogPlayLevel: PIE: Created PIE world by copying editor world from /Game/2DSideScrollerBP/Maps/Levels/Rainforest_Alien.Rainforest_Alien to /Game/2DSideScrollerBP/Maps/Levels/UEDPIE_0_Rainforest_Alien.Rainforest_Alien (0.018970s)
[2017.07.20-21.16.21:824][ 25]LogInit: XAudio2 using 'Speakers (3- Skullcandy GMX Dolby Transmitter)' : 2 channels at 48 kHz using 16 bits per sample (channel mask 0x3)
[2017.07.20-21.16.21:831][ 25]LogInit: FAudioDevice initialized.
[2017.07.20-21.16.21:870][ 25]LogLoad: Game class is '2DSideScrollerGameMode_C'
[2017.07.20-21.16.21:886][ 25]LogWorld: Bringing World /Game/2DSideScrollerBP/Maps/Levels/UEDPIE_0_Rainforest_Alien.Rainforest_Alien up for play (max tick rate 0) at 2017.07.20-15.16.21
[2017.07.20-21.16.21:897][ 25]LogWorld: Bringing up level for play took: 0.026264
[2017.07.20-21.16.21:909][ 25]PIE: Info Play in editor start time for /Game/2DSideScrollerBP/Maps/Levels/UEDPIE_0_Rainforest_Alien -0.812
[2017.07.20-21.17.20:876][663]Cmd: SELECT NONE
[2017.07.20-21.21.05:856][474]LogTemp: Repeting last play command: New Editor Window (PIE)
[2017.07.20-21.21.05:877][474]LogPlayLevel: PlayLevel: No blueprints needed recompiling
[2017.07.20-21.21.05:877][474]PIE: New page: PIE session: Rainforest_Alien (Jul 20, 2017, 9:21:05 AM)
[2017.07.20-21.21.05:877][474]LogPlayLevel: Creating play world package: /Game/2DSideScrollerBP/Maps/Levels/UEDPIE_0_Rainforest_Alien
[2017.07.20-21.21.05:898][474]LogPlayLevel: PIE: StaticDuplicateObject took: (0.020801s)
[2017.07.20-21.21.05:899][474]LogAIModule: Creating AISystem for world Rainforest_Alien
[2017.07.20-21.21.05:899][474]LogPlayLevel: PIE: World Init took: (0.001416s)
[2017.07.20-21.21.05:899][474]LogPlayLevel: PIE: Created PIE world by copying editor world from /Game/2DSideScrollerBP/Maps/Levels/Rainforest_Alien.Rainforest_Alien to /Game/2DSideScrollerBP/Maps/Levels/UEDPIE_0_Rainforest_Alien.Rainforest_Alien (0.022518s)
[2017.07.20-21.21.05:911][474]LogInit: XAudio2 using 'Speakers (3- Skullcandy GMX Dolby Transmitter)' : 2 channels at 48 kHz using 16 bits per sample (channel mask 0x3)
[2017.07.20-21.21.05:921][474]LogInit: FAudioDevice initialized.
[2017.07.20-21.21.05:962][474]LogLoad: Game class is '2DSideScrollerGameMode_C'
[2017.07.20-21.21.05:979][474]LogWorld: Bringing World /Game/2DSideScrollerBP/Maps/Levels/UEDPIE_0_Rainforest_Alien.Rainforest_Alien up for play (max tick rate 0) at 2017.07.20-15.21.05
[2017.07.20-21.21.05:990][474]LogWorld: Bringing up level for play took: 0.026832
[2017.07.20-21.21.06:002][474]PIE: Info Play in editor start time for /Game/2DSideScrollerBP/Maps/Levels/UEDPIE_0_Rainforest_Alien -0.72
[2017.07.20-21.21.48:626][820]Cmd: LevelEditor.ToggleImmersive
[2017.07.20-21.21.48:765][820]LogRenderer: Reallocating scene render targets to support 1292x824 NumSamples 1 (Frame:21).
[2017.07.20-21.21.48:830][821]LogRenderer: Reallocating scene render targets to support 1600x1200 NumSamples 1 (Frame:23).
[2017.07.20-21.23.09:022][175]LogContentBrowser: Native class hierarchy updated for 'BlueprintGraph' in 0.0007 seconds. Added 112 classes and 0 folders.
[2017.07.20-21.23.09:669][175]LogSlate: Took 0.001649 seconds to synchronously load lazily loaded font '../../../Engine/Content/Slate/Fonts/Roboto-Regular.ttf' (155K)
[2017.07.20-21.25.03:602][395]Cmd: QUIT_EDITOR
[2017.07.20-21.25.03:828][395]LogWindowsTextInputMethodSystem:Display: IME system now deactivated.
[2017.07.20-21.25.03:847][395]LogExit: Preparing to exit.
[2017.07.20-21.25.04:203][395]LogDirectoryWatcher: A directory notification for 'C:/Users/gentry/Documents/GitHub/DatBoiEntertainmetnGame_/Content/' was aborted.
[2017.07.20-21.25.04:248][395]LogExit: Editor shut down
[2017.07.20-21.25.04:251][395]LogExit: Transaction tracking system shut down
[2017.07.20-21.25.04:409][395]LogObj: Freed 0b from 0 cluster array pools.
[2017.07.20-21.25.04:409][395]LogExit: Object subsystem successfully closed.
[2017.07.20-21.25.04:441][395]LogD3D11RHI: Shutdown
[2017.07.20-21.25.04:441][395]LogD3D11RHI: CleanupD3DDevice
[2017.07.20-21.25.04:510][395]LogD3D11RHI: ~FD3D11DynamicRHI
[2017.07.20-21.25.04:566][395]LogModuleManager: Shutting down and abandoning module BlueprintGraph (530)
[2017.07.20-21.25.04:566][395]LogModuleManager: Shutting down and abandoning module BlueprintProfiler (528)
[2017.07.20-21.25.04:567][395]LogModuleManager: Shutting down and abandoning module MovieSceneCapture (526)
[2017.07.20-21.25.04:567][395]LogModuleManager: Shutting down and abandoning module HierarchicalLODOutliner (524)
[2017.07.20-21.25.04:568][395]LogModuleManager: Shutting down and abandoning module CrashTracker (522)
[2017.07.20-21.25.04:568][395]LogModuleManager: Shutting down and abandoning module SceneOutliner (520)
[2017.07.20-21.25.04:568][395]LogModuleManager: Shutting down and abandoning module AddContentDialog (518)
[2017.07.20-21.25.04:569][395]LogDirectoryWatcher: A directory notification for 'C:/Program Files/Epic Games/UE_4.16/FeaturePacks/' was aborted.
[2017.07.20-21.25.04:570][395]LogModuleManager: Shutting down and abandoning module WidgetCarousel (517)
[2017.07.20-21.25.04:570][395]LogModuleManager: Shutting down and abandoning module EditorWidgets (514)
[2017.07.20-21.25.04:570][395]LogModuleManager: Shutting down and abandoning module CollectionManager (512)
[2017.07.20-21.25.04:570][395]LogDirectoryWatcher: A directory notification for 'C:/Users/gentry/Documents/GitHub/DatBoiEntertainmetnGame_/Content/Collections/' was aborted.
[2017.07.20-21.25.04:570][395]LogDirectoryWatcher: A directory notification for 'C:/Users/gentry/Documents/GitHub/DatBoiEntertainmetnGame_/Content/Developers/gentry/Collections/' was aborted.
[2017.07.20-21.25.04:570][395]LogDirectoryWatcher: A directory notification for 'C:/Users/gentry/Documents/GitHub/DatBoiEntertainmetnGame_/Saved/Collections/' was aborted.
[2017.07.20-21.25.04:570][395]LogModuleManager: Shutting down and abandoning module StatsViewer (510)
[2017.07.20-21.25.04:570][395]LogModuleManager: Shutting down and abandoning module FoliageEdit (508)
[2017.07.20-21.25.04:570][395]LogModuleManager: Shutting down and abandoning module LandscapeEditor (506)
[2017.07.20-21.25.04:571][395]LogModuleManager: Shutting down and abandoning module MeshPaintMode (504)
[2017.07.20-21.25.04:571][395]LogModuleManager: Shutting down and abandoning module SceneDepthPickerMode (502)
[2017.07.20-21.25.04:571][395]LogModuleManager: Shutting down and abandoning module ActorPickerMode (500)
[2017.07.20-21.25.04:571][395]LogModuleManager: Shutting down and abandoning module GeometryMode (498)
[2017.07.20-21.25.04:571][395]LogModuleManager: Shutting down and abandoning module TextureAlignMode (496)
[2017.07.20-21.25.04:571][395]LogModuleManager: Shutting down and abandoning module BspMode (494)
[2017.07.20-21.25.04:572][395]LogModuleManager: Shutting down and abandoning module HardwareSurvey (492)
[2017.07.20-21.25.04:572][395]LogModuleManager: Shutting down and abandoning module SequenceRecorderSections (490)
[2017.07.20-21.25.04:572][395]LogModuleManager: Shutting down and abandoning module AutomationWorker (488)
[2017.07.20-21.25.04:572][395]LogModuleManager: Shutting down and abandoning module MatineeToLevelSequence (486)
[2017.07.20-21.25.04:573][395]LogModuleManager: Shutting down and abandoning module LevelSequenceEditor (484)
[2017.07.20-21.25.04:576][395]LogModuleManager: Shutting down and abandoning module PlacementMode (483)
[2017.07.20-21.25.04:576][395]LogModuleManager: Shutting down and abandoning module WmfMediaFactory (480)
[2017.07.20-21.25.04:576][395]LogModuleManager: Shutting down and abandoning module WmfMediaEditor (478)
[2017.07.20-21.25.04:576][395]LogModuleManager: Shutting down and abandoning module AvfMediaFactory (476)
[2017.07.20-21.25.04:576][395]LogModuleManager: Shutting down and abandoning module AvfMediaEditor (474)
[2017.07.20-21.25.04:576][395]LogModuleManager: Shutting down and abandoning module AndroidMediaFactory (472)
[2017.07.20-21.25.04:576][395]LogModuleManager: Shutting down and abandoning module Media (471)
[2017.07.20-21.25.04:576][395]LogModuleManager: Shutting down and abandoning module AndroidMediaEditor (468)
[2017.07.20-21.25.04:576][395]LogModuleManager: Shutting down and abandoning module CharacterAI (466)
[2017.07.20-21.25.04:576][395]LogModuleManager: Shutting down and abandoning module AudioCapture (464)
[2017.07.20-21.25.04:576][395]LogModuleManager: Shutting down and abandoning module SequenceRecorder (463)
[2017.07.20-21.25.04:577][395]LogModuleManager: Shutting down and abandoning module SmartSnapping (460)
[2017.07.20-21.25.04:577][395]LogModuleManager: Shutting down and abandoning module SessionServices (458)
[2017.07.20-21.25.04:577][395]LogModuleManager: Shutting down and abandoning module ViewportSnapping (456)
[2017.07.20-21.25.04:577][395]LogModuleManager: Shutting down and abandoning module ViewportInteraction (454)
[2017.07.20-21.25.04:577][395]LogModuleManager: Shutting down and abandoning module ClothPainter (452)
[2017.07.20-21.25.04:579][395]LogModuleManager: Shutting down and abandoning module LogVisualizer (450)
[2017.07.20-21.25.04:580][395]LogModuleManager: Shutting down and abandoning module IntroTutorials (448)
[2017.07.20-21.25.04:581][395]LogModuleManager: Shutting down and abandoning module GameProjectGeneration (447)
[2017.07.20-21.25.04:582][395]LogModuleManager: Shutting down and abandoning module EditorLiveStreaming (444)
[2017.07.20-21.25.04:582][395]LogModuleManager: Shutting down and abandoning module IOSPlatformEditor (442)
[2017.07.20-21.25.04:583][395]LogModuleManager: Shutting down and abandoning module HTML5PlatformEditor (440)
[2017.07.20-21.25.04:583][395]LogModuleManager: Shutting down and abandoning module AndroidPlatformEditor (438)
[2017.07.20-21.25.04:583][395]LogModuleManager: Shutting down and abandoning module AndroidDeviceDetection (437)
[2017.07.20-21.25.05:174][395]LogModuleManager: Shutting down and abandoning module IOSRuntimeSettings (434)
[2017.07.20-21.25.05:174][395]LogModuleManager: Shutting down and abandoning module AndroidRuntimeSettings (432)
[2017.07.20-21.25.05:174][395]LogModuleManager: Shutting down and abandoning module InputBindingEditor (430)
[2017.07.20-21.25.05:179][395]LogModuleManager: Shutting down and abandoning module MergeActors (428)
[2017.07.20-21.25.05:179][395]LogModuleManager: Shutting down and abandoning module SizeMap (426)
[2017.07.20-21.25.05:179][395]LogModuleManager: Shutting down and abandoning module TreeMap (424)
[2017.07.20-21.25.05:179][395]LogModuleManager: Shutting down and abandoning module ReferenceViewer (422)
[2017.07.20-21.25.05:179][395]LogModuleManager: Shutting down and abandoning module LocalizationDashboard (420)
[2017.07.20-21.25.05:180][395]LogModuleManager: Shutting down and abandoning module LocalizationService (419)
[2017.07.20-21.25.05:180][395]LogModuleManager: Shutting down and abandoning module HardwareTargeting (416)
[2017.07.20-21.25.05:180][395]LogModuleManager: Shutting down and abandoning module DeviceProfileEditor (414)
[2017.07.20-21.25.05:181][395]LogModuleManager: Shutting down and abandoning module UndoHistory (412)
[2017.07.20-21.25.05:181][395]LogModuleManager: Shutting down and abandoning module UserFeedback (410)
[2017.07.20-21.25.05:181][395]LogModuleManager: Shutting down and abandoning module XmlParser (408)
[2017.07.20-21.25.05:181][395]LogModuleManager: Shutting down and abandoning module Blutility (406)
[2017.07.20-21.25.05:182][395]LogModuleManager: Shutting down and abandoning module ProjectSettingsViewer (404)
[2017.07.20-21.25.05:182][395]LogModuleManager: Shutting down and abandoning module ProjectTargetPlatformEditor (403)
[2017.07.20-21.25.05:182][395]LogModuleManager: Shutting down and abandoning module EditorSettingsViewer (400)
[2017.07.20-21.25.05:182][395]LogModuleManager: Shutting down and abandoning module SettingsEditor (398)
[2017.07.20-21.25.05:183][395]LogModuleManager: Shutting down and abandoning module ProjectLauncher (396)
[2017.07.20-21.25.05:184][395]LogModuleManager: Shutting down and abandoning module SessionFrontend (394)
[2017.07.20-21.25.05:185][395]LogModuleManager: Shutting down and abandoning module ProfilerClient (392)
[2017.07.20-21.25.05:185][395]LogModuleManager: Shutting down and abandoning module DeviceManager (390)
[2017.07.20-21.25.05:186][395]LogModuleManager: Shutting down and abandoning module TargetDeviceServices (389)
[2017.07.20-21.25.05:238][395]LogModuleManager: Shutting down and abandoning module AutomationController (386)
[2017.07.20-21.25.05:238][395]LogModuleManager: Shutting down and abandoning module AutomationWindow (384)
[2017.07.20-21.25.05:242][395]LogModuleManager: Shutting down and abandoning module Layers (382)
[2017.07.20-21.25.05:244][395]LogModuleManager: Shutting down and abandoning module ComponentVisualizers (380)
[2017.07.20-21.25.05:244][395]LogModuleManager: Shutting down and abandoning module DetailCustomizations (378)
[2017.07.20-21.25.05:245][395]LogModuleManager: Shutting down and abandoning module PackagesDialog (376)
[2017.07.20-21.25.05:246][395]LogModuleManager: Shutting down and abandoning module Persona (374)
[2017.07.20-21.25.05:248][395]LogModuleManager: Shutting down and abandoning module AdvancedPreviewScene (373)
[2017.07.20-21.25.05:248][395]LogModuleManager: Shutting down and abandoning module AnimGraph (371)
[2017.07.20-21.25.05:248][395]LogModuleManager: Shutting down and abandoning module Kismet (368)
[2017.07.20-21.25.05:253][395]LogModuleManager: Shutting down and abandoning module ClassViewer (366)
[2017.07.20-21.25.05:253][395]LogModuleManager: Shutting down and abandoning module Toolbox (364)
[2017.07.20-21.25.05:254][395]LogModuleManager: Shutting down and abandoning module ModuleUI (362)
[2017.07.20-21.25.05:254][395]LogModuleManager: Shutting down and abandoning module MovieSceneTools (360)
[2017.07.20-21.25.05:255][395]LogModuleManager: Shutting down and abandoning module OutputLog (358)
[2017.07.20-21.25.05:256][395]LogModuleManager: Shutting down and abandoning module GammaUI (356)
[2017.07.20-21.25.05:256][395]LogModuleManager: Shutting down and abandoning module Documentation (354)
[2017.07.20-21.25.05:256][395]LogModuleManager: Shutting down and abandoning module MovieSceneTracks (352)
[2017.07.20-21.25.05:256][395]LogModuleManager: Shutting down and abandoning module MovieScene (350)
[2017.07.20-21.25.05:256][395]LogModuleManager: Shutting down and abandoning module Niagara (348)
[2017.07.20-21.25.05:256][395]LogModuleManager: Shutting down and abandoning module NiagaraEditor (347)
[2017.07.20-21.25.05:259][395]LogModuleManager: Shutting down and abandoning module StreamingPauseRendering (344)
[2017.07.20-21.25.05:259][395]LogModuleManager: Shutting down and abandoning module AnalyticsET (342)
[2017.07.20-21.25.05:259][395]LogModuleManager: Shutting down and abandoning module PortalServices (340)
[2017.07.20-21.25.05:259][395]LogModuleManager: Shutting down and abandoning module PortalRpc (338)
[2017.07.20-21.25.05:259][395]LogModuleManager: Shutting down and abandoning module MessagingRpc (336)
[2017.07.20-21.25.05:259][395]LogModuleManager: Shutting down and abandoning module AIModule (334)
[2017.07.20-21.25.05:259][395]LogModuleManager: Shutting down and abandoning module GameplayDebugger (333)
[2017.07.20-21.25.05:259][395]LogModuleManager: Shutting down and abandoning module AITestSuite (331)
[2017.07.20-21.25.05:259][395]LogModuleManager: Shutting down and abandoning module ProfilerService (328)
[2017.07.20-21.25.05:472][395]LogModuleManager: Shutting down and abandoning module TaskGraph (326)
[2017.07.20-21.25.05:473][395]LogModuleManager: Shutting down and abandoning module SteamVRController (324)
[2017.07.20-21.25.05:474][395]LogModuleManager: Shutting down and abandoning module SteamVR (322)
[2017.07.20-21.25.05:474][395]LogModuleManager: Shutting down and abandoning module ProceduralMeshComponentEditor (320)
[2017.07.20-21.25.05:474][395]LogModuleManager: Shutting down and abandoning module ProceduralMeshComponent (318)
[2017.07.20-21.25.05:474][395]LogModuleManager: Shutting down and abandoning module OculusLibrary (316)
[2017.07.20-21.25.05:474][395]LogModuleManager: Shutting down and abandoning module OculusInput (314)
[2017.07.20-21.25.05:474][395]LogModuleManager: Shutting down and abandoning module MobilePatchingUtils (312)
[2017.07.20-21.25.05:474][395]LogModuleManager: Shutting down and abandoning module CustomMeshComponent (310)
[2017.07.20-21.25.05:474][395]LogModuleManager: Shutting down and abandoning module CableComponent (308)
[2017.07.20-21.25.05:474][395]LogModuleManager: Shutting down and abandoning module ArchVisCharacter (306)
[2017.07.20-21.25.05:474][395]LogModuleManager: Shutting down and abandoning module AndroidPermission (304)
[2017.07.20-21.25.05:474][395]LogModuleManager: Shutting down and abandoning module MediaPlayerEditor (300)
[2017.07.20-21.25.05:476][395]LogModuleManager: Shutting down and abandoning module HTML5Networking (298)
[2017.07.20-21.25.05:476][395]LogModuleManager: Shutting down and abandoning module AlembicImporter (296)
[2017.07.20-21.25.05:476][395]LogModuleManager: Shutting down and abandoning module AlembicLibrary (295)
[2017.07.20-21.25.05:477][395]LogModuleManager: Shutting down and abandoning module GeometryCache (294)
[2017.07.20-21.25.05:477][395]LogModuleManager: Shutting down and abandoning module GeometryCacheEd (293)
[2017.07.20-21.25.05:477][395]LogModuleManager: Shutting down and abandoning module SuperSearchEditor (288)
[2017.07.20-21.25.05:477][395]LogModuleManager: Shutting down and abandoning module SuperSearch (287)
[2017.07.20-21.25.05:477][395]LogModuleManager: Shutting down and abandoning module SpeedTreeImporter (284)
[2017.07.20-21.25.05:477][395]LogModuleManager: Shutting down and abandoning module PluginBrowser (282)
[2017.07.20-21.25.05:478][395]LogModuleManager: Shutting down and abandoning module MobileLauncherProfileWizard (280)
[2017.07.20-21.25.05:479][395]LogModuleManager: Shutting down and abandoning module VisualStudioSourceCodeAccess (278)
[2017.07.20-21.25.05:479][395]LogModuleManager: Shutting down and abandoning module DesktopPlatform (277)
[2017.07.20-21.25.05:479][395]LogModuleManager: Shutting down and abandoning module UObjectPlugin (274)
[2017.07.20-21.25.05:479][395]LogModuleManager: Shutting down and abandoning module SubversionSourceControl (272)
[2017.07.20-21.25.05:480][395]LogModuleManager: Shutting down and abandoning module PerforceSourceControl (270)
[2017.07.20-21.25.05:481][395]LogModuleManager: Shutting down and abandoning module GitSourceControl (268)
[2017.07.20-21.25.05:481][395]LogModuleManager: Shutting down and abandoning module SourceControl (267)
[2017.07.20-21.25.05:481][395]LogModuleManager: Shutting down and abandoning module LightPropagationVolumeEditor (264)
[2017.07.20-21.25.05:481][395]LogModuleManager: Shutting down and abandoning module PaperTiledImporter (262)
[2017.07.20-21.25.05:481][395]LogModuleManager: Shutting down and abandoning module PaperSpriteSheetImporter (260)
[2017.07.20-21.25.05:481][395]LogModuleManager: Shutting down and abandoning module Paper2DEditor (258)
[2017.07.20-21.25.05:482][395]LogModuleManager: Shutting down and abandoning module MeshPaint (257)
[2017.07.20-21.25.05:482][395]LogModuleManager: Shutting down and abandoning module LevelEditor (255)
[2017.07.20-21.25.05:483][395]LogModuleManager: Shutting down and abandoning module PixelInspectorModule (254)
[2017.07.20-21.25.05:483][395]LogModuleManager: Shutting down and abandoning module MainFrame (252)
[2017.07.20-21.25.05:484][395]LogModuleManager: Shutting down and abandoning module HotReload (251)
[2017.07.20-21.25.05:485][395]LogModuleManager: Shutting down and abandoning module PhysXVehiclesEditor (246)
[2017.07.20-21.25.05:485][395]LogModuleManager: Shutting down and abandoning module PhysXVehicles (244)
[2017.07.20-21.25.05:485][395]LogModuleManager: Shutting down and abandoning module LocationServicesBPLibrary (242)
[2017.07.20-21.25.05:485][395]LogModuleManager: Shutting down and abandoning module ImmediatePhysicsEditor (240)
[2017.07.20-21.25.05:485][395]LogModuleManager: Shutting down and abandoning module ImmediatePhysics (238)
[2017.07.20-21.25.05:486][395]LogModuleManager: Shutting down and abandoning module UdpMessaging (236)
[2017.07.20-21.25.05:586][395]LogModuleManager: Shutting down and abandoning module TcpMessaging (234)
[2017.07.20-21.25.05:687][395]LogModuleManager: Shutting down and abandoning module GameplayTagsEditor (232)
[2017.07.20-21.25.05:688][395]LogModuleManager: Shutting down and abandoning module FacialAnimationEditor (230)
[2017.07.20-21.25.05:688][395]LogModuleManager: Shutting down and abandoning module FacialAnimation (228)
[2017.07.20-21.25.05:688][395]LogModuleManager: Shutting down and abandoning module AssetManagerEditor (226)
[2017.07.20-21.25.05:689][395]LogModuleManager: Shutting down and abandoning module GraphEditor (225)
[2017.07.20-21.25.05:690][395]LogModuleManager: Shutting down and abandoning module ContentBrowser (223)
[2017.07.20-21.25.05:690][395]LogModuleManager: Shutting down and abandoning module LightPropagationVolumeRuntime (220)
[2017.07.20-21.25.05:690][395]LogModuleManager: Shutting down and abandoning module Paper2D (218)
[2017.07.20-21.25.05:690][395]LogModuleManager: Shutting down and abandoning module WindowsMoviePlayer (216)
[2017.07.20-21.25.05:690][395]LogModuleManager: Shutting down and abandoning module WmfMedia (214)
[2017.07.20-21.25.05:691][395]LogModuleManager: Shutting down and abandoning module ClothingSystemEditor (212)
[2017.07.20-21.25.05:691][395]LogModuleManager: Shutting down and abandoning module ClothingSystemRuntime (210)
[2017.07.20-21.25.05:692][395]LogModuleManager: Shutting down and abandoning module MediaAssets (208)
[2017.07.20-21.25.05:692][395]LogModuleManager: Shutting down and abandoning module GameLiveStreaming (206)
[2017.07.20-21.25.05:692][395]LogModuleManager: Shutting down and abandoning module VREditor (204)
[2017.07.20-21.25.05:692][395]LogModuleManager: Shutting down and abandoning module StringTableEditor (202)
[2017.07.20-21.25.05:693][395]LogModuleManager: Shutting down and abandoning module GameplayTasksEditor (200)
[2017.07.20-21.25.05:693][395]LogModuleManager: Shutting down and abandoning module BehaviorTreeEditor (198)
[2017.07.20-21.25.05:695][395]LogModuleManager: Shutting down and abandoning module FunctionalTesting (196)
[2017.07.20-21.25.05:695][395]LogModuleManager: Shutting down and abandoning module CollisionAnalyzer (194)
[2017.07.20-21.25.05:696][395]LogModuleManager: Shutting down and abandoning module UMG (192)
[2017.07.20-21.25.05:697][395]LogModuleManager: Shutting down and abandoning module UMGEditor (191)
[2017.07.20-21.25.05:698][395]LogModuleManager: Shutting down and abandoning module Sequencer (190)
[2017.07.20-21.25.05:699][395]LogModuleManager: Shutting down and abandoning module AssetTools (188)
[2017.07.20-21.25.05:702][395]LogModuleManager: Shutting down and abandoning module MessageLog (187)
[2017.07.20-21.25.05:702][395]LogModuleManager: Shutting down and abandoning module WorkspaceMenuStructure (186)
[2017.07.20-21.25.05:702][395]LogModuleManager: Shutting down and abandoning module SlateReflector (180)
[2017.07.20-21.25.05:705][395]LogModuleManager: Shutting down and abandoning module Slate (178)
[2017.07.20-21.25.05:705][395]LogModuleManager: Shutting down and abandoning module EditorStyle (176)
[2017.07.20-21.25.05:708][395]LogModuleManager: Shutting down and abandoning module SourceCodeAccess (174)
[2017.07.20-21.25.05:708][395]LogModuleManager: Shutting down and abandoning module HeadMountedDisplay (172)
[2017.07.20-21.25.05:708][395]LogModuleManager: Shutting down and abandoning module XAudio2 (170)
[2017.07.20-21.25.05:708][395]LogModuleManager: Shutting down and abandoning module Networking (168)
[2017.07.20-21.25.05:708][395]LogModuleManager: Shutting down and abandoning module Core (164)
[2017.07.20-21.25.05:708][395]LogModuleManager: Shutting down and abandoning module AssetRegistry (162)
[2017.07.20-21.25.05:915][395]LogDirectoryWatcher: A directory notification for '../../../Engine/Content/' was aborted.
[2017.07.20-21.25.05:915][395]LogDirectoryWatcher: A directory notification for '../../../../../../Users/gentry/Documents/GitHub/DatBoiEntertainmetnGame_/Content/' was aborted.
[2017.07.20-21.25.05:915][395]LogDirectoryWatcher: A directory notification for '../../../Engine/Plugins/2D/Paper2D/Content/' was aborted.
[2017.07.20-21.25.05:915][395]LogDirectoryWatcher: A directory notification for '../../../Engine/Plugins/Runtime/GearVR/Content/' was aborted.
[2017.07.20-21.25.05:918][395]LogModuleManager: Shutting down and abandoning module DirectoryWatcher (161)
[2017.07.20-21.25.05:919][395]LogModuleManager: Shutting down and abandoning module KismetCompiler (158)
[2017.07.20-21.25.05:919][395]LogModuleManager: Shutting down and abandoning module LevelSequence (156)
[2017.07.20-21.25.05:919][395]LogModuleManager: Shutting down and abandoning module PhysXFormats (154)
[2017.07.20-21.25.05:919][395]LogModuleManager: Shutting down and abandoning module MeshUtilities (152)
[2017.07.20-21.25.05:920][395]LogModuleManager: Shutting down and abandoning module SimplygonSwarm (151)
[2017.07.20-21.25.05:921][395]LogModuleManager: Shutting down and abandoning module SimplygonMeshReduction (149)
[2017.07.20-21.25.05:921][395]LogModuleManager: Shutting down and abandoning module QuadricMeshReduction (147)
[2017.07.20-21.25.05:922][395]LogModuleManager: Shutting down and abandoning module DerivedDataCache (144)
[2017.07.20-21.25.05:974][395]LogDerivedDataCache: Shutdown
[2017.07.20-21.25.05:974][395]LogModuleManager: Shutting down and abandoning module TargetPlatform (142)
[2017.07.20-21.25.05:974][395]LogModuleManager: Shutting down and abandoning module VulkanShaderFormat (141)
[2017.07.20-21.25.05:975][395]LogModuleManager: Shutting down and abandoning module ShaderFormatVectorVM (139)
[2017.07.20-21.25.05:976][395]LogModuleManager: Shutting down and abandoning module ShaderFormatOpenGL (137)
[2017.07.20-21.25.05:976][395]LogModuleManager: Shutting down and abandoning module ShaderFormatD3D (135)
[2017.07.20-21.25.05:976][395]LogModuleManager: Shutting down and abandoning module MetalShaderFormat (133)
[2017.07.20-21.25.05:977][395]LogModuleManager: Shutting down and abandoning module TextureFormatUncompressed (131)
[2017.07.20-21.25.05:977][395]LogModuleManager: Shutting down and abandoning module TextureFormatPVR (129)
[2017.07.20-21.25.05:977][395]LogModuleManager: Shutting down and abandoning module TextureFormatDXT (127)
[2017.07.20-21.25.05:977][395]LogModuleManager: Shutting down and abandoning module TextureFormatIntelISPCTexComp (125)
[2017.07.20-21.25.05:978][395]LogModuleManager: Shutting down and abandoning module TextureFormatASTC (123)
[2017.07.20-21.25.05:978][395]LogModuleManager: Shutting down and abandoning module ImageWrapper (122)
[2017.07.20-21.25.05:978][395]LogModuleManager: Shutting down and abandoning module TextureFormatAndroid (119)
[2017.07.20-21.25.05:978][395]LogModuleManager: Shutting down and abandoning module AudioFormatOpus (117)
[2017.07.20-21.25.05:978][395]LogModuleManager: Shutting down and abandoning module AudioFormatOgg (115)
[2017.07.20-21.25.05:978][395]LogModuleManager: Shutting down and abandoning module AudioFormatADPCM (113)
[2017.07.20-21.25.05:978][395]LogModuleManager: Shutting down and abandoning module LinuxTargetPlatform (111)
[2017.07.20-21.25.05:978][395]LogModuleManager: Shutting down and abandoning module LinuxServerTargetPlatform (109)
[2017.07.20-21.25.05:978][395]LogModuleManager: Shutting down and abandoning module LinuxNoEditorTargetPlatform (107)
[2017.07.20-21.25.05:978][395]LogModuleManager: Shutting down and abandoning module LinuxClientTargetPlatform (105)
[2017.07.20-21.25.05:978][395]LogModuleManager: Shutting down and abandoning module TVOSTargetPlatform (103)
[2017.07.20-21.25.05:978][395]LogModuleManager: Shutting down and abandoning module Messaging (101)
[2017.07.20-21.25.05:978][395]LogModuleManager: Shutting down and abandoning module IOSTargetPlatform (99)
[2017.07.20-21.25.05:978][395]LogModuleManager: Shutting down and abandoning module HTML5TargetPlatform (97)
[2017.07.20-21.25.05:978][395]LogModuleManager: Shutting down and abandoning module Android_PVRTCTargetPlatform (95)
[2017.07.20-21.25.05:978][395]LogModuleManager: Shutting down and abandoning module Android_MultiTargetPlatform (93)
[2017.07.20-21.25.05:978][395]LogModuleManager: Shutting down and abandoning module Android_ETC2TargetPlatform (91)
[2017.07.20-21.25.05:978][395]LogModuleManager: Shutting down and abandoning module Android_ETC1TargetPlatform (89)
[2017.07.20-21.25.05:978][395]LogModuleManager: Shutting down and abandoning module Android_DXTTargetPlatform (87)
[2017.07.20-21.25.05:979][395]LogModuleManager: Shutting down and abandoning module Android_ATCTargetPlatform (85)
[2017.07.20-21.25.05:979][395]LogModuleManager: Shutting down and abandoning module Android_ASTCTargetPlatform (83)
[2017.07.20-21.25.05:979][395]LogModuleManager: Shutting down and abandoning module AndroidTargetPlatform (81)
[2017.07.20-21.25.05:979][395]LogModuleManager: Shutting down and abandoning module WindowsTargetPlatform (79)
[2017.07.20-21.25.05:979][395]LogModuleManager: Shutting down and abandoning module WindowsServerTargetPlatform (77)
[2017.07.20-21.25.05:979][395]LogModuleManager: Shutting down and abandoning module WindowsNoEditorTargetPlatform (75)
[2017.07.20-21.25.05:979][395]LogModuleManager: Shutting down and abandoning module WindowsClientTargetPlatform (73)
[2017.07.20-21.25.05:979][395]LogModuleManager: Shutting down and abandoning module MacTargetPlatform (71)
[2017.07.20-21.25.05:979][395]LogModuleManager: Shutting down and abandoning module MacServerTargetPlatform (69)
[2017.07.20-21.25.05:979][395]LogModuleManager: Shutting down and abandoning module MacNoEditorTargetPlatform (67)
[2017.07.20-21.25.05:979][395]LogModuleManager: Shutting down and abandoning module MacClientTargetPlatform (65)
[2017.07.20-21.25.05:979][395]LogModuleManager: Shutting down and abandoning module AllDesktopTargetPlatform (63)
[2017.07.20-21.25.05:979][395]LogModuleManager: Shutting down and abandoning module InputCore (60)
[2017.07.20-21.25.05:979][395]LogModuleManager: Shutting down and abandoning module Settings (58)
[2017.07.20-21.25.05:979][395]LogModuleManager: Shutting down and abandoning module OculusRift (56)
[2017.07.20-21.25.05:980][395]LogModuleManager: Shutting down and abandoning module GearVRController (54)
[2017.07.20-21.25.05:980][395]LogModuleManager: Shutting down and abandoning module GearVR (52)
[2017.07.20-21.25.05:980][395]LogModuleManager: Shutting down and abandoning module ExampleDeviceProfileSelector (50)
[2017.07.20-21.25.05:980][395]LogModuleManager: Shutting down and abandoning module OnlineBlueprintSupport (48)
[2017.07.20-21.25.05:980][395]LogModuleManager: Shutting down and abandoning module OnlineSubsystem (44)
[2017.07.20-21.25.05:980][395]LogOnline:Display: Unloading online subsystem: NULL
[2017.07.20-21.25.05:982][395]LogModuleManager: Shutting down and abandoning module XMPP (43)
[2017.07.20-21.25.05:983][395]LogModuleManager: Shutting down and abandoning module HTTP (41)
[2017.07.20-21.25.05:983][395]LogHttp:Display: Http module shutting down, but needs to wait on 1 outstanding Http requests:
[2017.07.20-21.25.05:983][395]LogHttp:Display: 	verb=[POST] url=[https://datarouter.ol.epicgames.com/datarouter/api/v1/public/data?SessionID=%7BEE6EB148-4CA4-7A02-425B-BEA21FE9B0C9%7D&AppID=UEEditor.Rocket.Release&AppVersion=4.16.1-3466753%2B%2B%2BUE4%2BRelease-4.16&UserID=e75bf06f4dbaf8d917b08da130f32e38%7C54599e2502c348eaa2dcfcee6f72aaa4%7C411fcffc-e69f-4d70-aa8f-b0f32a2cf60e&AppEnvironment=datacollector-binary&UploadType=eteventstream] status=Processing
[2017.07.20-21.25.05:986][395]LogModuleManager: Shutting down and abandoning module SSL (40)
[2017.07.20-21.25.05:988][395]LogModuleManager: Shutting down and abandoning module HTTPChunkInstaller (36)
[2017.07.20-21.25.05:989][395]LogModuleManager: Shutting down and abandoning module AnimationModifiers (34)
[2017.07.20-21.25.05:990][395]LogModuleManager: Shutting down and abandoning module PropertyEditor (33)
[2017.07.20-21.25.05:990][395]LogModuleManager: Shutting down and abandoning module AudioEditor (30)
[2017.07.20-21.25.05:992][395]LogModuleManager: Shutting down and abandoning module TextureCompressor (28)
[2017.07.20-21.25.05:992][395]LogModuleManager: Shutting down and abandoning module ShaderCore (26)
[2017.07.20-21.25.05:992][395]LogModuleManager: Shutting down and abandoning module Landscape (24)
[2017.07.20-21.25.05:992][395]LogModuleManager: Shutting down and abandoning module SlateRHIRenderer (22)
[2017.07.20-21.25.05:994][395]LogModuleManager: Shutting down and abandoning module OpenGLDrv (20)
[2017.07.20-21.25.05:995][395]LogModuleManager: Shutting down and abandoning module D3D11RHI (18)
[2017.07.20-21.25.05:995][395]LogModuleManager: Shutting down and abandoning module AnimGraphRuntime (16)
[2017.07.20-21.25.05:995][395]LogModuleManager: Shutting down and abandoning module Renderer (14)
[2017.07.20-21.25.05:995][395]LogModuleManager: Shutting down and abandoning module Engine (12)
[2017.07.20-21.25.05:995][395]LogModuleManager: Shutting down and abandoning module CoreUObject (10)
[2017.07.20-21.25.05:995][395]LogModuleManager: Shutting down and abandoning module NetworkFile (8)
[2017.07.20-21.25.05:996][395]LogModuleManager: Shutting down and abandoning module StreamingFile (6)
[2017.07.20-21.25.05:996][395]LogModuleManager: Shutting down and abandoning module SandboxFile (4)
[2017.07.20-21.25.05:996][395]LogModuleManager: Shutting down and abandoning module PakFile (2)
[2017.07.20-21.25.05:998][395]LogExit: Exiting.
[2017.07.20-21.25.06:021][395]Log file closed, 07/20/17 15:25:06
=======
[2017.07.20-21.25.09:803][  0]LogInit: Selected Device Profile: [Windows]
[2017.07.20-21.25.09:803][  0]LogInit: Applying CVar settings loaded from the selected device profile: [Windows]
[2017.07.20-21.25.09:831][  0]LogInit: Computer: DESKTOP-6MFT485
[2017.07.20-21.25.09:831][  0]LogInit: User: JustinWells20
[2017.07.20-21.25.09:831][  0]LogInit: CPU Page size=4096, Cores=4
[2017.07.20-21.25.09:831][  0]LogInit: High frequency timer resolution =3.328128 MHz
[2017.07.20-21.25.09:831][  0]LogMemory: Memory total: Physical=15.9GB (16GB approx)
[2017.07.20-21.25.09:831][  0]LogMemory: Platform Memory Stats for Windows
[2017.07.20-21.25.09:831][  0]LogMemory: Process Physical Memory: 274.75 MB used, 274.75 MB peak
[2017.07.20-21.25.09:831][  0]LogMemory: Process Virtual Memory: 262.69 MB used, 262.69 MB peak
[2017.07.20-21.25.09:831][  0]LogMemory: Physical Memory: 3488.22 MB used,  12833.52 MB free, 16321.74 MB total
[2017.07.20-21.25.09:831][  0]LogMemory: Virtual Memory: 647.44 MB used,  12833.52 MB free, 134217728.00 MB total
[2017.07.20-21.25.09:911][  0]LogInit: Using OS detected language (en-US).
[2017.07.20-21.25.09:911][  0]LogInit: Using OS detected locale (en-US).
[2017.07.20-21.25.09:968][  0]LogTextLocalizationManager: No specific localization for 'en-US' exists, so the 'en' localization will be used.
[2017.07.20-21.25.12:225][  0]LogD3D11RHI: D3D11 adapters:
[2017.07.20-21.25.12:806][  0]LogD3D11RHI:    0. 'NVIDIA GeForce GTX 1070' (Feature Level 11_0)
[2017.07.20-21.25.12:806][  0]LogD3D11RHI:       8081/0/8160 MB DedicatedVideo/DedicatedSystem/SharedSystem, Outputs:2, VendorId:0x10de
[2017.07.20-21.25.12:812][  0]LogD3D11RHI:    1. 'Microsoft Basic Render Driver' (Feature Level 11_0)
[2017.07.20-21.25.12:812][  0]LogD3D11RHI:       0/0/8160 MB DedicatedVideo/DedicatedSystem/SharedSystem, Outputs:0, VendorId:0x1414
[2017.07.20-21.25.12:812][  0]LogD3D11RHI: Chosen D3D11 Adapter: 0
[2017.07.20-21.25.12:818][  0]LogD3D11RHI: Creating new Direct3DDevice
[2017.07.20-21.25.12:818][  0]LogD3D11RHI:     GPU DeviceId: 0x1b81 (for the marketing name, search the web for "GPU Device Id")
[2017.07.20-21.25.12:818][  0]LogWindows: EnumDisplayDevices:
[2017.07.20-21.25.12:818][  0]LogWindows:    0. 'NVIDIA GeForce GTX 1070' (P:0 D:1)
[2017.07.20-21.25.12:818][  0]LogWindows:    1. 'NVIDIA GeForce GTX 1070' (P:1 D:1)
[2017.07.20-21.25.12:818][  0]LogWindows:    2. 'NVIDIA GeForce GTX 1070' (P:0 D:0)
[2017.07.20-21.25.12:818][  0]LogWindows:    3. 'NVIDIA GeForce GTX 1070' (P:0 D:0)
[2017.07.20-21.25.12:818][  0]LogWindows: DebugString: FoundDriverCount:4 
[2017.07.20-21.25.12:818][  0]LogD3D11RHI:     Adapter Name: NVIDIA GeForce GTX 1070
[2017.07.20-21.25.12:818][  0]LogD3D11RHI:   Driver Version: 384.76 (internal:22.21.13.8476, unified:384.76)
[2017.07.20-21.25.12:818][  0]LogD3D11RHI:      Driver Date: 6-27-2017
[2017.07.20-21.25.12:818][  0]LogRHI: Texture pool is 1361 MB (70% of 1945 MB)
[2017.07.20-21.25.13:329][  0]LogD3D11RHI: Async texture creation enabled
[2017.07.20-21.25.13:362][  0]LogD3D11RHI: GPU Timing Frequency: 1000.000000 (Debug: 2 1)
[2017.07.20-21.25.13:411][  0]LogShaderCompilers: Guid format shader working directory is -54 characters bigger than the processId version (../../../../../../Users/Justin Wells/Documents/Unreal Projects/InsertNameAdventure/DatBoiEntertainmetnGame/Intermediate/Shaders/WorkingDirectory/19336/).
[2017.07.20-21.25.13:411][  0]LogShaderCompilers: Cleaned the shader compiler working directory 'C:/Users/Justin Wells/AppData/Local/Temp/UnrealShaderWorkingDir/309CEE134C800310CC0BAC8466B1F355/'.
[2017.07.20-21.25.13:411][  0]LogShaderCompilers:Display: Using Local Shader Compiler.
[2017.07.20-21.25.15:092][  0]LogTemp:Display: Loaded TP AllDesktopTargetPlatform
[2017.07.20-21.25.15:138][  0]LogTemp:Display: Loaded TP MacClientTargetPlatform
[2017.07.20-21.25.15:185][  0]LogTemp:Display: Loaded TP MacNoEditorTargetPlatform
[2017.07.20-21.25.15:226][  0]LogTemp:Display: Loaded TP MacServerTargetPlatform
[2017.07.20-21.25.15:273][  0]LogTemp:Display: Loaded TP MacTargetPlatform
[2017.07.20-21.25.15:316][  0]LogTemp:Display: Loaded TP WindowsClientTargetPlatform
[2017.07.20-21.25.15:357][  0]LogTemp:Display: Loaded TP WindowsNoEditorTargetPlatform
[2017.07.20-21.25.15:402][  0]LogTemp:Display: Loaded TP WindowsServerTargetPlatform
[2017.07.20-21.25.15:440][  0]LogTemp:Display: Loaded TP WindowsTargetPlatform
[2017.07.20-21.25.15:484][  0]LogTemp:Display: Loaded TP AndroidTargetPlatform
[2017.07.20-21.25.15:528][  0]LogTemp:Display: Loaded TP Android_ASTCTargetPlatform
[2017.07.20-21.25.15:572][  0]LogTemp:Display: Loaded TP Android_ATCTargetPlatform
[2017.07.20-21.25.15:614][  0]LogTemp:Display: Loaded TP Android_DXTTargetPlatform
[2017.07.20-21.25.15:658][  0]LogTemp:Display: Loaded TP Android_ETC1TargetPlatform
[2017.07.20-21.25.15:700][  0]LogTemp:Display: Loaded TP Android_ETC2TargetPlatform
[2017.07.20-21.25.15:787][  0]LogTemp:Display: Loaded TP Android_MultiTargetPlatform
[2017.07.20-21.25.15:787][  0]LogTemp:Display: Loaded TP Android_PVRTCTargetPlatform
[2017.07.20-21.25.15:821][  0]LogTemp:Display: Loaded TP HTML5TargetPlatform
[2017.07.20-21.25.15:907][  0]LogTemp:Display: Loaded TP IOSTargetPlatform
[2017.07.20-21.25.15:934][  0]LogTemp:Display: Loaded TP TVOSTargetPlatform
[2017.07.20-21.25.15:979][  0]LogTemp:Display: Loaded TP LinuxClientTargetPlatform
[2017.07.20-21.25.16:023][  0]LogTemp:Display: Loaded TP LinuxNoEditorTargetPlatform
[2017.07.20-21.25.16:065][  0]LogTemp:Display: Loaded TP LinuxServerTargetPlatform
[2017.07.20-21.25.16:111][  0]LogTemp:Display: Loaded TP LinuxTargetPlatform
[2017.07.20-21.25.16:111][  0]LogTargetPlatformManager:Display: Building Assets For Windows
[2017.07.20-21.25.16:545][  0]LogDerivedDataCache:Display: Max Cache Size: 512 MB
[2017.07.20-21.25.16:866][  0]LogDerivedDataCache: Loaded boot cache 0.32s 90MB C:/Users/Justin Wells/AppData/Local/UnrealEngine/4.16/DerivedDataCache/Boot.ddc.
[2017.07.20-21.25.16:866][  0]LogDerivedDataCache:Display: Loaded Boot cache: C:/Users/Justin Wells/AppData/Local/UnrealEngine/4.16/DerivedDataCache/Boot.ddc
[2017.07.20-21.25.16:866][  0]LogDerivedDataCache: FDerivedDataBackendGraph:  Pak pak cache file ../../../../../../Users/Justin Wells/Documents/Unreal Projects/InsertNameAdventure/DatBoiEntertainmetnGame/DerivedDataCache/DDC.ddp not found, will not use a pak cache.
[2017.07.20-21.25.16:866][  0]LogDerivedDataCache: Unable to find inner node Pak for hierarchical cache Hierarchy.
[2017.07.20-21.25.16:866][  0]LogDerivedDataCache: FDerivedDataBackendGraph:  CompressedPak pak cache file ../../../../../../Users/Justin Wells/Documents/Unreal Projects/InsertNameAdventure/DatBoiEntertainmetnGame/DerivedDataCache/Compressed.ddp not found, will not use a pak cache.
[2017.07.20-21.25.16:866][  0]LogDerivedDataCache: Unable to find inner node CompressedPak for hierarchical cache Hierarchy.
[2017.07.20-21.25.16:882][  0]LogDerivedDataCache:Display: Pak cache opened for reading ../../../Engine/DerivedDataCache/Compressed.ddp.
[2017.07.20-21.25.16:894][  0]LogDerivedDataCache: Using Local data cache path C:/Users/Justin Wells/AppData/Local/UnrealEngine/Common/DerivedDataCache: Writable
[2017.07.20-21.25.16:903][  0]LogMaterial: Verifying Global Shaders for PCD3D_SM5
[2017.07.20-21.25.16:903][  0]LogSlate: Using Freetype 2.6.0
[2017.07.20-21.25.16:918][  0]LogSlate: SlateFontCache - WITH_FREETYPE: 1, WITH_HARFBUZZ: 1
[2017.07.20-21.25.16:918][  0]LogSlate: SlateFontCache - WITH_FREETYPE: 1, WITH_HARFBUZZ: 1
[2017.07.20-21.25.17:490][  0]LogInit: Selected Device Profile: [Windows]
[2017.07.20-21.25.17:558][  0]LogContentStreaming: Texture pool size is 0.00 MB
[2017.07.20-21.25.17:704][  0]LogMeshUtilities: Using QuadricMeshReduction for automatic static mesh reduction
[2017.07.20-21.25.17:753][  0]LogSimplygon: Simplygon DLL not present - disabling.
[2017.07.20-21.25.17:792][  0]LogMeshUtilities: Using SimplygonSwarm for distributed automatic mesh merging
[2017.07.20-21.25.17:792][  0]LogMeshUtilities: No automatic skeletal mesh reduction module available
[2017.07.20-21.25.17:792][  0]LogMeshUtilities: No automatic mesh merging module available
[2017.07.20-21.25.18:306][  0]LogNetVersion: InsertNameAdventure , NetCL: 3452394, EngineNetVer: 2, GameNetVer: 0 (Checksum: 1278457987)
[2017.07.20-21.25.18:363][  0]LogAssetRegistry: FAssetRegistry took 0.0246 seconds to start up
[2017.07.20-21.25.18:417][  0]LogPackageLocalizationCache: Processed 4 localized package path(s) for 2 prioritized culture(s) in 0.034453 seconds
[2017.07.20-21.25.18:422][  0]LogUObjectArray: 34194 objects as part of root set at end of initial load.
[2017.07.20-21.25.18:422][  0]LogUObjectAllocator: 7260424 out of 0 bytes used by permanent object pool.
[2017.07.20-21.25.18:422][  0]LogUObjectArray: CloseDisregardForGC: 0/0 objects in disregard for GC pool
[2017.07.20-21.25.18:475][  0]LogInit: WinSock: version 1.1 (2.2), MaxSocks=32767, MaxUdp=65467
[2017.07.20-21.25.22:006][  0]LogTcpMessaging: Initializing TcpMessaging bridge
[2017.07.20-21.25.22:041][  0]LogUdpMessaging: Initializing bridge on interface 0.0.0.0:0 to multicast group 230.0.0.1:6666.
[2017.07.20-21.25.22:581][  0]LogMaterial: Uniform references updated for custom material expression Custom.
[2017.07.20-21.25.22:924][  0]SourceControl: Info Source control is disabled
>>>>>>> 6a29115463a968e2229b913b9dd6aa923aaef9d2
