Log file open, 07/17/17 10:32:17
LogInit:Display: Running engine for game: InsertNameAdventure
LogPlatformFile: Not using cached read wrapper
LogInit:Display: RandInit(-1756966249) SRandInit(-1756966248).
LogTaskGraph: Started task graph with 5 named threads and 8 total threads with 1 sets of task threads.
LogStats: Stats thread started at 0.952878
LogInit: Using libcurl 7.47.1
LogInit:  - built for x86_64-pc-win32
LogInit:  - supports SSL with OpenSSL/1.0.2g
LogInit:  - supports HTTP deflate (compression) using libz 1.2.8
LogInit:  - other features:
LogInit:      CURL_VERSION_SSL
LogInit:      CURL_VERSION_LIBZ
LogInit:      CURL_VERSION_IPV6
LogInit:      CURL_VERSION_ASYNCHDNS
LogInit:      CURL_VERSION_LARGEFILE
LogInit:      CURL_VERSION_IDN
LogInit:  CurlRequestOptions (configurable via config and command line):
LogInit:  - bVerifyPeer = false  - Libcurl will NOT verify peer certificate
LogInit:  - bUseHttpProxy = false  - Libcurl will NOT use HTTP proxy
LogInit:  - bDontReuseConnections = false  - Libcurl will reuse connections
LogInit:  - CertBundlePath = nullptr  - Libcurl will use whatever was configured at build time.
LogInit: Build: ++UE4+Release-4.16-CL-3466753
LogInit: Engine Version: 4.16.1-3466753+++UE4+Release-4.16
LogInit: Compatible Engine Version: 4.16.0-3452394+++UE4+Release-4.16
LogInit: Net CL: 3452394
LogDevObjectVersion: Number of dev versions registered: 16
LogDevObjectVersion:   Dev-Blueprints (B0D832E4-1F89-4F0D-ACCF-7EB736FD4AA2): 9
LogDevObjectVersion:   Dev-Build (E1C64328-A22C-4D53-A36C-8E866417BD8C): 0
LogDevObjectVersion:   Dev-Core (375EC13C-06E4-48FB-B500-84F0262A717E): 2
LogDevObjectVersion:   Dev-Editor (E4B068ED-F494-42E9-A231-DA0B2E46BB41): 17
LogDevObjectVersion:   Dev-Framework (CFFC743F-43B0-4480-9391-14DF171D2073): 23
LogDevObjectVersion:   Dev-Mobile (B02B49B5-BB20-44E9-A304-32B752E40360): 0
LogDevObjectVersion:   Dev-Networking (A4E4105C-59A1-49B5-A7C5-40C4547EDFEE): 0
LogDevObjectVersion:   Dev-Online (39C831C9-5AE6-47DC-9A44-9C173E1C8E7C): 0
LogDevObjectVersion:   Dev-Physics (78F01B33-EBEA-4F98-B9B4-84EACCB95AA2): 0
LogDevObjectVersion:   Dev-Platform (6631380F-2D4D-43E0-8009-CF276956A95A): 0
LogDevObjectVersion:   Dev-Rendering (12F88B9F-8875-4AFC-A67C-D90C383ABD29): 15
LogDevObjectVersion:   Dev-Sequencer (7B5AE74C-D270-4C10-A958-57980B212A5A): 4
LogDevObjectVersion:   Dev-VR (D7296918-1DD6-4BDD-9DE2-64A83CC13884): 0
LogDevObjectVersion:   Dev-LoadTimes (C2A15278-BFE7-4AFE-6C17-90FF531DF755): 1
LogDevObjectVersion:   Private-Geometry (6EACA3D4-40EC-4CC1-B786-8BED09428FC5): 1
LogDevObjectVersion:   Dev-AnimPhys (29E575DD-E0A3-4627-9D10-D276232CDCEA): 3
LogInit: Compiled (64-bit): May 31 2017 02:03:30
LogInit: Compiled with Visual C++: 19.00.24215.01
LogInit: Build Configuration: Development
LogInit: Branch Name: ++UE4+Release-4.16
LogInit: Command line:  
LogInit: Base directory: C:/Program Files/Epic Games/UE_4.16/Engine/Binaries/Win64/
LogInit: Installed Engine Build: 1
LogInit: Presizing for max 8388607 objects, including 0 objects not considered by GC, pre-allocating 0 bytes for permanent pool.
LogInit: Object subsystem initialized
[2017.07.17-16.32.18:396][  0]LogInit: Selected Device Profile: [Windows]
[2017.07.17-16.32.18:396][  0]LogInit: Applying CVar settings loaded from the selected device profile: [Windows]
[2017.07.17-16.32.18:434][  0]LogInit: Computer: DESKTOP-SV0KJJ8
[2017.07.17-16.32.18:434][  0]LogInit: User: gentry
[2017.07.17-16.32.18:434][  0]LogInit: CPU Page size=4096, Cores=4
[2017.07.17-16.32.18:434][  0]LogInit: High frequency timer resolution =3.421876 MHz
[2017.07.17-16.32.18:435][  0]LogMemory: Memory total: Physical=8.0GB (8GB approx)
[2017.07.17-16.32.18:435][  0]LogMemory: Platform Memory Stats for Windows
[2017.07.17-16.32.18:435][  0]LogMemory: Process Physical Memory: 274.10 MB used, 274.10 MB peak
[2017.07.17-16.32.18:435][  0]LogMemory: Process Virtual Memory: 262.61 MB used, 262.61 MB peak
[2017.07.17-16.32.18:435][  0]LogMemory: Physical Memory: 2850.50 MB used,  5306.19 MB free, 8156.69 MB total
[2017.07.17-16.32.18:435][  0]LogMemory: Virtual Memory: 625.14 MB used,  5306.19 MB free, 134217728.00 MB total
[2017.07.17-16.32.18:701][  0]LogInit: Using OS detected language (en-US).
[2017.07.17-16.32.18:702][  0]LogInit: Using OS detected locale (en-US).
[2017.07.17-16.32.18:720][  0]LogTextLocalizationManager: No specific localization for 'en-US' exists, so the 'en' localization will be used.
[2017.07.17-16.32.19:663][  0]LogD3D11RHI: D3D11 adapters:
[2017.07.17-16.32.20:132][  0]LogD3D11RHI:    0. 'NVIDIA GeForce GTX 1070' (Feature Level 11_0)
[2017.07.17-16.32.20:132][  0]LogD3D11RHI:       8119/0/4078 MB DedicatedVideo/DedicatedSystem/SharedSystem, Outputs:1, VendorId:0x10de
[2017.07.17-16.32.20:134][  0]LogD3D11RHI:    1. 'Microsoft Basic Render Driver' (Feature Level 11_0)
[2017.07.17-16.32.20:134][  0]LogD3D11RHI:       0/0/4078 MB DedicatedVideo/DedicatedSystem/SharedSystem, Outputs:0, VendorId:0x1414
[2017.07.17-16.32.20:134][  0]LogD3D11RHI: Chosen D3D11 Adapter: 0
[2017.07.17-16.32.20:139][  0]LogD3D11RHI: Creating new Direct3DDevice
[2017.07.17-16.32.20:139][  0]LogD3D11RHI:     GPU DeviceId: 0x1b81 (for the marketing name, search the web for "GPU Device Id")
[2017.07.17-16.32.20:139][  0]LogWindows: EnumDisplayDevices:
[2017.07.17-16.32.20:139][  0]LogWindows:    0. 'NVIDIA GeForce GTX 1070' (P:1 D:1)
[2017.07.17-16.32.20:139][  0]LogWindows:    1. 'NVIDIA GeForce GTX 1070' (P:0 D:0)
[2017.07.17-16.32.20:139][  0]LogWindows:    2. 'NVIDIA GeForce GTX 1070' (P:0 D:0)
[2017.07.17-16.32.20:140][  0]LogWindows:    3. 'NVIDIA GeForce GTX 1070' (P:0 D:0)
[2017.07.17-16.32.20:140][  0]LogWindows: DebugString: FoundDriverCount:4 
[2017.07.17-16.32.20:140][  0]LogD3D11RHI:     Adapter Name: NVIDIA GeForce GTX 1070
[2017.07.17-16.32.20:140][  0]LogD3D11RHI:   Driver Version: 382.53 (internal:22.21.13.8253, unified:382.53)
[2017.07.17-16.32.20:140][  0]LogD3D11RHI:      Driver Date: 6-7-2017
[2017.07.17-16.32.20:140][  0]LogRHI: Texture pool is 1361 MB (70% of 1945 MB)
[2017.07.17-16.32.20:578][  0]LogD3D11RHI: Async texture creation enabled
[2017.07.17-16.32.20:622][  0]LogD3D11RHI: GPU Timing Frequency: 1000.000000 (Debug: 2 1)
[2017.07.17-16.32.20:631][  0]LogShaderCompilers: Guid format shader working directory is -26 characters bigger than the processId version (../../../../../../Users/gentry/Documents/GitHub/DatBoiEntertainmetnGame_/Intermediate/Shaders/WorkingDirectory/13556/).
[2017.07.17-16.32.20:631][  0]LogShaderCompilers: Cleaned the shader compiler working directory 'C:/Users/gentry/AppData/Local/Temp/UnrealShaderWorkingDir/6906B298425ABBA4DF32039F28528CB8/'.
[2017.07.17-16.32.20:631][  0]LogShaderCompilers:Display: Using Local Shader Compiler.
[2017.07.17-16.32.21:771][  0]LogTemp:Display: Loaded TP AllDesktopTargetPlatform
[2017.07.17-16.32.21:828][  0]LogTemp:Display: Loaded TP MacClientTargetPlatform
[2017.07.17-16.32.21:874][  0]LogTemp:Display: Loaded TP MacNoEditorTargetPlatform
[2017.07.17-16.32.21:921][  0]LogTemp:Display: Loaded TP MacServerTargetPlatform
[2017.07.17-16.32.21:971][  0]LogTemp:Display: Loaded TP MacTargetPlatform
[2017.07.17-16.32.22:019][  0]LogTemp:Display: Loaded TP WindowsClientTargetPlatform
[2017.07.17-16.32.22:067][  0]LogTemp:Display: Loaded TP WindowsNoEditorTargetPlatform
[2017.07.17-16.32.22:115][  0]LogTemp:Display: Loaded TP WindowsServerTargetPlatform
[2017.07.17-16.32.22:158][  0]LogTemp:Display: Loaded TP WindowsTargetPlatform
[2017.07.17-16.32.22:205][  0]LogTemp:Display: Loaded TP AndroidTargetPlatform
[2017.07.17-16.32.22:251][  0]LogTemp:Display: Loaded TP Android_ASTCTargetPlatform
[2017.07.17-16.32.22:297][  0]LogTemp:Display: Loaded TP Android_ATCTargetPlatform
[2017.07.17-16.32.22:345][  0]LogTemp:Display: Loaded TP Android_DXTTargetPlatform
[2017.07.17-16.32.22:393][  0]LogTemp:Display: Loaded TP Android_ETC1TargetPlatform
[2017.07.17-16.32.22:441][  0]LogTemp:Display: Loaded TP Android_ETC2TargetPlatform
[2017.07.17-16.32.22:536][  0]LogTemp:Display: Loaded TP Android_MultiTargetPlatform
[2017.07.17-16.32.22:536][  0]LogTemp:Display: Loaded TP Android_PVRTCTargetPlatform
[2017.07.17-16.32.22:573][  0]LogTemp:Display: Loaded TP HTML5TargetPlatform
[2017.07.17-16.32.22:665][  0]LogTemp:Display: Loaded TP IOSTargetPlatform
[2017.07.17-16.32.22:690][  0]LogTemp:Display: Loaded TP TVOSTargetPlatform
[2017.07.17-16.32.22:736][  0]LogTemp:Display: Loaded TP LinuxClientTargetPlatform
[2017.07.17-16.32.22:782][  0]LogTemp:Display: Loaded TP LinuxNoEditorTargetPlatform
[2017.07.17-16.32.22:828][  0]LogTemp:Display: Loaded TP LinuxServerTargetPlatform
[2017.07.17-16.32.22:876][  0]LogTemp:Display: Loaded TP LinuxTargetPlatform
[2017.07.17-16.32.22:876][  0]LogTargetPlatformManager:Display: Building Assets For Windows
[2017.07.17-16.32.23:415][  0]LogDerivedDataCache:Display: Max Cache Size: 512 MB
[2017.07.17-16.32.23:900][  0]LogDerivedDataCache: Loaded boot cache 0.49s 90MB C:/Users/gentry/AppData/Local/UnrealEngine/4.16/DerivedDataCache/Boot.ddc.
[2017.07.17-16.32.23:900][  0]LogDerivedDataCache:Display: Loaded Boot cache: C:/Users/gentry/AppData/Local/UnrealEngine/4.16/DerivedDataCache/Boot.ddc
[2017.07.17-16.32.23:900][  0]LogDerivedDataCache: FDerivedDataBackendGraph:  Pak pak cache file ../../../../../../Users/gentry/Documents/GitHub/DatBoiEntertainmetnGame_/DerivedDataCache/DDC.ddp not found, will not use a pak cache.
[2017.07.17-16.32.23:900][  0]LogDerivedDataCache: Unable to find inner node Pak for hierarchical cache Hierarchy.
[2017.07.17-16.32.23:900][  0]LogDerivedDataCache: FDerivedDataBackendGraph:  CompressedPak pak cache file ../../../../../../Users/gentry/Documents/GitHub/DatBoiEntertainmetnGame_/DerivedDataCache/Compressed.ddp not found, will not use a pak cache.
[2017.07.17-16.32.23:900][  0]LogDerivedDataCache: Unable to find inner node CompressedPak for hierarchical cache Hierarchy.
[2017.07.17-16.32.23:924][  0]LogDerivedDataCache:Display: Pak cache opened for reading ../../../Engine/DerivedDataCache/Compressed.ddp.
[2017.07.17-16.32.23:936][  0]LogDerivedDataCache: Using Local data cache path C:/Users/gentry/AppData/Local/UnrealEngine/Common/DerivedDataCache: Writable
[2017.07.17-16.32.23:948][  0]LogMaterial: Verifying Global Shaders for PCD3D_SM5
[2017.07.17-16.32.23:953][  0]LogSlate: Using Freetype 2.6.0
[2017.07.17-16.32.23:957][  0]LogSlate: SlateFontCache - WITH_FREETYPE: 1, WITH_HARFBUZZ: 1
[2017.07.17-16.32.23:957][  0]LogSlate: SlateFontCache - WITH_FREETYPE: 1, WITH_HARFBUZZ: 1
[2017.07.17-16.32.24:871][  0]LogInit: Selected Device Profile: [Windows]
[2017.07.17-16.32.25:001][  0]LogContentStreaming: Texture pool size is 0.00 MB
[2017.07.17-16.32.25:182][  0]LogMeshUtilities: Using QuadricMeshReduction for automatic static mesh reduction
[2017.07.17-16.32.25:238][  0]LogSimplygon: Simplygon DLL not present - disabling.
[2017.07.17-16.32.25:290][  0]LogMeshUtilities: Using SimplygonSwarm for distributed automatic mesh merging
[2017.07.17-16.32.25:290][  0]LogMeshUtilities: No automatic skeletal mesh reduction module available
[2017.07.17-16.32.25:290][  0]LogMeshUtilities: No automatic mesh merging module available
[2017.07.17-16.32.26:081][  0]LogNetVersion: InsertNameAdventure , NetCL: 3452394, EngineNetVer: 2, GameNetVer: 0 (Checksum: 1278457987)
[2017.07.17-16.32.26:165][  0]LogAssetRegistry: FAssetRegistry took 0.0287 seconds to start up
[2017.07.17-16.32.26:229][  0]LogPackageLocalizationCache: Processed 4 localized package path(s) for 2 prioritized culture(s) in 0.043233 seconds
[2017.07.17-16.32.26:234][  0]LogUObjectArray: 34194 objects as part of root set at end of initial load.
[2017.07.17-16.32.26:234][  0]LogUObjectAllocator: 7260416 out of 0 bytes used by permanent object pool.
[2017.07.17-16.32.26:234][  0]LogUObjectArray: CloseDisregardForGC: 0/0 objects in disregard for GC pool
[2017.07.17-16.32.26:290][  0]LogInit: WinSock: version 1.1 (2.2), MaxSocks=32767, MaxUdp=65467
[2017.07.17-16.32.29:504][  0]LogTcpMessaging: Initializing TcpMessaging bridge
[2017.07.17-16.32.29:546][  0]LogUdpMessaging: Initializing bridge on interface 0.0.0.0:0 to multicast group 230.0.0.1:6666.
[2017.07.17-16.32.30:217][  0]LogMaterial: Uniform references updated for custom material expression Custom.
[2017.07.17-16.32.30:657][  0]SourceControl: Info Source control is disabled
[2017.07.17-16.32.32:180][  0]LogAndroidPermission: UAndroidPermissionCallbackProxy::GetInstance
[2017.07.17-16.32.32:812][  0]LogEngine: Initializing Engine...
[2017.07.17-16.32.32:814][  0]LogHMD: Failed to initialize OpenVR with code 110
[2017.07.17-16.32.33:007][  0]LogStats: UGameplayTagsManager::ConstructGameplayTagTree: Construct from data asset -  0.000 s
[2017.07.17-16.32.33:008][  0]LogStats: UGameplayTagsManager::ConstructGameplayTagTree: GameplayTagTreeChangedEvent.Broadcast -  0.000 s
[2017.07.17-16.32.33:161][  0]LogAIModule: Creating AISystem for world Untitled
[2017.07.17-16.32.33:178][  0]LogInit: XAudio2 using 'Speakers (Realtek High Definition Audio)' : 2 channels at 48 kHz using 32 bits per sample (channel mask 0x3)
[2017.07.17-16.32.33:199][  0]LogInit: FAudioDevice initialized.
[2017.07.17-16.32.33:233][  0]LogDerivedDataCache: Saved boot cache 0.03s 90MB C:/Users/gentry/AppData/Local/UnrealEngine/4.16/DerivedDataCache/Boot.ddc.
[2017.07.17-16.32.33:236][  0]LogInit: Texture streaming: Enabled
[2017.07.17-16.32.33:358][  0]LogEngineSessionManager: EngineSessionManager initialized
[2017.07.17-16.32.33:610][  0]LogWindowsTextInputMethodSystem:Display: IME system now deactivated.
[2017.07.17-16.32.33:634][  0]LogInit: Transaction tracking system initialized
[2017.07.17-16.32.33:981][  0]BlueprintLog: New page: Editor Load
[2017.07.17-16.32.35:048][  0]LocalizationService: Info Localization service is disabled
[2017.07.17-16.32.35:786][  0]LogConsoleResponse:Display: 
[2017.07.17-16.32.35:976][  0]LogFileCache: Scanning file cache for directory 'C:/Users/gentry/Documents/GitHub/DatBoiEntertainmetnGame_/Content/' took 0.02s
[2017.07.17-16.32.35:976][  0]LogCook:Display: Max memory allowance for cook 16384mb min free memory 0mb
[2017.07.17-16.32.35:976][  0]LogCook:Display: Mobile HDR setting 1
[2017.07.17-16.32.37:360][  0]Cmd: MAP LOAD FILE="../../../../../../Users/gentry/Documents/GitHub/DatBoiEntertainmetnGame_/Content/2DSideScrollerBP/Maps/2DSideScrollerExampleMap.umap" TEMPLATE=0 SHOWPROGRESS=1 FEATURELEVEL=3
[2017.07.17-16.32.37:418][  0]LogSlate: Took 0.002597 seconds to synchronously load lazily loaded font '../../../Engine/Content/Slate/Fonts/Roboto-Regular.ttf' (155K)
[2017.07.17-16.32.40:354][  0]LogWindowsTextInputMethodSystem:Display: IME system now deactivated.
[2017.07.17-16.32.40:359][  0]LightingResults: New page: Lighting Build
[2017.07.17-16.32.40:408][  0]MapCheck: New page: Map Check
[2017.07.17-16.32.40:409][  0]LightingResults: New page: Lighting Build
[2017.07.17-16.32.40:425][  0]LogAIModule: Creating AISystem for world Untitled
[2017.07.17-16.32.40:432][  0]LoadErrors: New page: New Map
[2017.07.17-16.32.40:553][  0]LogWindowsTextInputMethodSystem:Display: IME system now deactivated.
[2017.07.17-16.32.40:689][  0]LogCollectionManager: Loaded 0 collections in 0.001568 seconds
[2017.07.17-16.32.40:805][  0]LogFileCache: Scanning file cache for directory 'C:/Users/gentry/Documents/GitHub/DatBoiEntertainmetnGame_/Saved/Collections/' took 0.01s
[2017.07.17-16.32.40:805][  0]LogFileCache: Scanning file cache for directory 'C:/Users/gentry/Documents/GitHub/DatBoiEntertainmetnGame_/Content/Developers/gentry/Collections/' took 0.01s
[2017.07.17-16.32.40:805][  0]LogFileCache: Scanning file cache for directory 'C:/Users/gentry/Documents/GitHub/DatBoiEntertainmetnGame_/Content/Collections/' took 0.01s
[2017.07.17-16.32.40:805][  0]LogCollectionManager: Rebuilt the GUID cache for 0 collections in 0.000001 seconds
[2017.07.17-16.32.40:814][  0]LogContentBrowser: Native class hierarchy populated in 0.0078 seconds. Added 2329 classes and 491 folders.
[2017.07.17-16.32.40:896][  0]LogContentBrowser: Native class hierarchy updated for 'WidgetCarousel' in 0.0004 seconds. Added 0 classes and 0 folders.
[2017.07.17-16.32.41:017][  0]LogContentBrowser: Native class hierarchy updated for 'AddContentDialog' in 0.0004 seconds. Added 0 classes and 0 folders.
[2017.07.17-16.32.41:070][  0]LogContentBrowser: Native class hierarchy updated for 'SceneOutliner' in 0.0005 seconds. Added 1 classes and 2 folders.
[2017.07.17-16.32.41:203][  0]LogCrashTracker: Crashtracker disabled due to settings.
[2017.07.17-16.32.41:215][  0]LogSlate: Took 0.001535 seconds to synchronously load lazily loaded font '../../../Engine/Content/Slate/Fonts/Roboto-Bold.ttf' (160K)
[2017.07.17-16.32.41:221][  0]LogSlate: Took 0.001471 seconds to synchronously load lazily loaded font '../../../Engine/Content/Editor/Slate/Fonts/FontAwesome.ttf' (139K)
[2017.07.17-16.32.41:322][  0]LogRenderer: Reallocating scene render targets to support 1004x680 NumSamples 1 (Frame:1).
[2017.07.17-16.32.41:439][  0]LogUObjectGlobals:Warning: Failed to find object 'Class None.'
[2017.07.17-16.32.41:507][  0]LogContentBrowser: Native class hierarchy updated for 'HierarchicalLODOutliner' in 0.0005 seconds. Added 1 classes and 2 folders.
[2017.07.17-16.32.41:507][  0]LogLoad: (Engine Initialization) Total time: 26.36 seconds
[2017.07.17-16.32.41:507][  0]LogLoad: (Engine Initialization) Total Blueprint compile time: 0.07 seconds
[2017.07.17-16.32.41:507][  0]LogExternalProfiler: No external profilers were discovered.  External profiling features will not be available.
[2017.07.17-16.32.41:518][  0]LogOcInput: OculusInput pre-init called
[2017.07.17-16.32.41:518][  0]LogHMD: Starting GearVRController plugin
[2017.07.17-16.32.41:534][  0]LogAssetRegistry: Asset discovery search completed in 15.3917 seconds
[2017.07.17-16.32.41:536][  0]LogCollectionManager: Rebuilt the object cache for 0 collections in 0.000001 seconds (found 0 objects)
[2017.07.17-16.32.41:536][  0]LogCollectionManager: Fixed up redirectors for 0 collections in 0.000020 seconds (updated 0 objects)
[2017.07.17-16.32.41:537][  0]SourceControl: Info On branch V1.5.1
[2017.07.17-16.32.41:537][  0]SourceControl: Info Your branch is up-to-date with 'origin/V1.5.1'.
[2017.07.17-16.32.41:537][  0]SourceControl: Info Changes not staged for commit:
[2017.07.17-16.32.41:537][  0]SourceControl: Info   (use "git add/rm <file>..." to update what will be committed)
[2017.07.17-16.32.41:537][  0]SourceControl: Info   (use "git checkout -- <file>..." to discard changes in working directory)
[2017.07.17-16.32.41:537][  0]SourceControl: Info 	modified:   Intermediate/CachedAssetRegistry.bin
[2017.07.17-16.32.41:537][  0]SourceControl: Info 	modified:   Saved/Config/Windows/EditorPerProjectUserSettings.ini
[2017.07.17-16.32.41:537][  0]SourceControl: Info 	modified:   Saved/Config/Windows/Engine.ini
[2017.07.17-16.32.41:537][  0]SourceControl: Info 	deleted:    Saved/Logs/InsertNameAdventure-backup-2017.07.13-14.16.08.log
[2017.07.17-16.32.41:537][  0]SourceControl: Info 	modified:   Saved/Logs/InsertNameAdventure.log
[2017.07.17-16.32.41:537][  0]SourceControl: Info Untracked files:
[2017.07.17-16.32.41:537][  0]SourceControl: Info   (use "git add <file>..." to include in what will be committed)
[2017.07.17-16.32.41:537][  0]SourceControl: Info 	Saved/Config/CrashReportClient/UE4CC-Windows-730BEC3A4BA217F57ED1B187AD70E1FF/
[2017.07.17-16.32.41:537][  0]SourceControl: Info 	Saved/Logs/InsertNameAdventure-backup-2017.07.17-10.32.17.log
[2017.07.17-16.32.41:537][  0]SourceControl: Info no changes added to commit (use "git add" and/or "git commit -a")
[2017.07.17-16.32.41:538][  0]LogContentStreaming: Texture pool size now 1000 MB
[2017.07.17-16.32.42:546][106]LogSlate: Took 0.005316 seconds to synchronously load lazily loaded font '../../../Engine/Content/Slate/Fonts/Roboto-Light.ttf' (159K)
[2017.07.17-16.33.01:402][365]LogSlate: Took 0.000140 seconds to synchronously load lazily loaded font '../../../Engine/Content/Slate/Fonts/Roboto-Light.ttf' (159K)
[2017.07.17-16.33.05:048][696]LogAIModule: Creating AISystem for world Rainforest_Alien
[2017.07.17-16.33.05:085][696]Cmd: MAP LOAD FILE="../../../../../../Users/gentry/Documents/GitHub/DatBoiEntertainmetnGame_/Content/2DSideScrollerBP/Maps/Levels/Rainforest_Alien.umap" TEMPLATE=0 SHOWPROGRESS=1 FEATURELEVEL=3
[2017.07.17-16.33.05:085][696]LightingResults: New page: Lighting Build
[2017.07.17-16.33.05:086][696]LoadErrors: New page: Loading map: Rainforest_Alien.umap
[2017.07.17-16.33.05:086][696]MapCheck: New page: Map Check
[2017.07.17-16.33.05:086][696]LightingResults: New page: Lighting Build
[2017.07.17-16.33.05:112][696]LogEditorServer: Finished looking for orphan Actors (0.000 secs)
[2017.07.17-16.33.05:154][696]Cmd: MAP CHECKDEP NOCLEARLOG
[2017.07.17-16.33.05:232][696]MapCheck: Info Map check complete: 0 Error(s), 0 Warning(s), took 77.807ms to complete.
[2017.07.17-16.33.05:232][696]LogFileHelpers: Loading map 'Rainforest_Alien' took 0.148
[2017.07.17-16.33.06:867][886]LogTemp: Repeting last play command: New Editor Window (PIE)
[2017.07.17-16.33.06:915][886]LogPlayLevel: PlayLevel: No blueprints needed recompiling
[2017.07.17-16.33.06:916][886]PIE: New page: PIE session: Rainforest_Alien (Jul 17, 2017, 4:33:06 AM)
[2017.07.17-16.33.06:916][886]LogPlayLevel: Creating play world package: /Game/2DSideScrollerBP/Maps/Levels/UEDPIE_0_Rainforest_Alien
[2017.07.17-16.33.06:926][886]LogPlayLevel: PIE: StaticDuplicateObject took: (0.009791s)
[2017.07.17-16.33.06:926][886]LogAIModule: Creating AISystem for world Rainforest_Alien
[2017.07.17-16.33.06:926][886]LogPlayLevel: PIE: World Init took: (0.000588s)
[2017.07.17-16.33.06:926][886]LogPlayLevel: PIE: Created PIE world by copying editor world from /Game/2DSideScrollerBP/Maps/Levels/Rainforest_Alien.Rainforest_Alien to /Game/2DSideScrollerBP/Maps/Levels/UEDPIE_0_Rainforest_Alien.Rainforest_Alien (0.010772s)
[2017.07.17-16.33.06:937][886]LogInit: XAudio2 using 'Speakers (Realtek High Definition Audio)' : 2 channels at 48 kHz using 32 bits per sample (channel mask 0x3)
[2017.07.17-16.33.06:948][886]LogInit: FAudioDevice initialized.
[2017.07.17-16.33.06:999][886]LogLoad: Game class is '2DSideScrollerGameMode_C'
[2017.07.17-16.33.07:041][886]LogWorld: Bringing World /Game/2DSideScrollerBP/Maps/Levels/UEDPIE_0_Rainforest_Alien.Rainforest_Alien up for play (max tick rate 0) at 2017.07.17-10.33.07
[2017.07.17-16.33.07:067][886]LogWorld: Bringing up level for play took: 0.060801
[2017.07.17-16.33.07:152][886]LogContentBrowser: Native class hierarchy updated for 'MovieSceneCapture' in 0.0009 seconds. Added 11 classes and 0 folders.
[2017.07.17-16.33.07:175][886]PIE: Info Play in editor start time for /Game/2DSideScrollerBP/Maps/Levels/UEDPIE_0_Rainforest_Alien 0.213
[2017.07.17-16.33.07:222][886]LogRenderer: Reallocating scene render targets to support 1292x756 NumSamples 1 (Frame:1).
[2017.07.17-16.33.44:826][344]LogRenderer: Reallocating scene render targets to support 1600x1176 NumSamples 1 (Frame:4462).
[2017.07.17-16.34.46:560][732]LogTemp: Repeting last play command: New Editor Window (PIE)
[2017.07.17-16.34.46:579][732]LogPlayLevel: PlayLevel: No blueprints needed recompiling
[2017.07.17-16.34.46:579][732]PIE: New page: PIE session: Rainforest_Alien (Jul 17, 2017, 4:34:46 AM)
[2017.07.17-16.34.46:579][732]LogPlayLevel: Creating play world package: /Game/2DSideScrollerBP/Maps/Levels/UEDPIE_0_Rainforest_Alien
[2017.07.17-16.34.46:589][732]LogPlayLevel: PIE: StaticDuplicateObject took: (0.009813s)
[2017.07.17-16.34.46:589][732]LogAIModule: Creating AISystem for world Rainforest_Alien
[2017.07.17-16.34.46:590][732]LogPlayLevel: PIE: World Init took: (0.000807s)
[2017.07.17-16.34.46:590][732]LogPlayLevel: PIE: Created PIE world by copying editor world from /Game/2DSideScrollerBP/Maps/Levels/Rainforest_Alien.Rainforest_Alien to /Game/2DSideScrollerBP/Maps/Levels/UEDPIE_0_Rainforest_Alien.Rainforest_Alien (0.010836s)
[2017.07.17-16.34.46:602][732]LogInit: XAudio2 using 'Speakers (Realtek High Definition Audio)' : 2 channels at 48 kHz using 32 bits per sample (channel mask 0x3)
[2017.07.17-16.34.46:616][732]LogInit: FAudioDevice initialized.
[2017.07.17-16.34.46:655][732]LogLoad: Game class is '2DSideScrollerGameMode_C'
[2017.07.17-16.34.46:668][732]LogWorld: Bringing World /Game/2DSideScrollerBP/Maps/Levels/UEDPIE_0_Rainforest_Alien.Rainforest_Alien up for play (max tick rate 0) at 2017.07.17-10.34.46
[2017.07.17-16.34.46:676][732]LogWorld: Bringing up level for play took: 0.020173
[2017.07.17-16.34.46:686][732]PIE: Info Play in editor start time for /Game/2DSideScrollerBP/Maps/Levels/UEDPIE_0_Rainforest_Alien -0.277
[2017.07.17-16.34.49:044][  0]Cmd: SELECT NONE
[2017.07.17-16.34.50:195][138]LogTemp: Repeting last play command: New Editor Window (PIE)
[2017.07.17-16.34.50:213][138]LogPlayLevel: PlayLevel: No blueprints needed recompiling
[2017.07.17-16.34.50:213][138]PIE: New page: PIE session: Rainforest_Alien (Jul 17, 2017, 4:34:50 AM)
[2017.07.17-16.34.50:213][138]LogPlayLevel: Creating play world package: /Game/2DSideScrollerBP/Maps/Levels/UEDPIE_0_Rainforest_Alien
[2017.07.17-16.34.50:222][138]LogPlayLevel: PIE: StaticDuplicateObject took: (0.009313s)
[2017.07.17-16.34.50:223][138]LogAIModule: Creating AISystem for world Rainforest_Alien
[2017.07.17-16.34.50:223][138]LogPlayLevel: PIE: World Init took: (0.000463s)
[2017.07.17-16.34.50:223][138]LogPlayLevel: PIE: Created PIE world by copying editor world from /Game/2DSideScrollerBP/Maps/Levels/Rainforest_Alien.Rainforest_Alien to /Game/2DSideScrollerBP/Maps/Levels/UEDPIE_0_Rainforest_Alien.Rainforest_Alien (0.009963s)
[2017.07.17-16.34.50:233][138]LogInit: XAudio2 using 'Speakers (Realtek High Definition Audio)' : 2 channels at 48 kHz using 32 bits per sample (channel mask 0x3)
[2017.07.17-16.34.50:245][138]LogInit: FAudioDevice initialized.
[2017.07.17-16.34.50:282][138]LogLoad: Game class is '2DSideScrollerGameMode_C'
[2017.07.17-16.34.50:293][138]LogWorld: Bringing World /Game/2DSideScrollerBP/Maps/Levels/UEDPIE_0_Rainforest_Alien.Rainforest_Alien up for play (max tick rate 0) at 2017.07.17-10.34.50
[2017.07.17-16.34.50:302][138]LogWorld: Bringing up level for play took: 0.019219
[2017.07.17-16.34.50:311][138]PIE: Info Play in editor start time for /Game/2DSideScrollerBP/Maps/Levels/UEDPIE_0_Rainforest_Alien -0.651
[2017.07.17-16.34.52:803][431]Cmd: LevelEditor.ToggleImmersive
[2017.07.17-16.34.53:065][432]LogRenderer: Reallocating scene render targets to support 1600x1200 NumSamples 1 (Frame:17).
[2017.07.17-16.34.58:402][ 57]Cmd: SELECT NONE
[2017.07.17-16.35.00:156][266]Cmd: SELECT NONE
[2017.07.17-16.35.05:742][893]LogEditorViewport: Clicking on Actor (context menu): BP_Sky_Sphere_C (BP_Sky_Sphere)
[2017.07.17-16.35.06:691][993]LogEditorViewport: Clicking on Actor (LMB): BP_Sky_Sphere_C (BP_Sky_Sphere)
[2017.07.17-16.35.23:140][909]LogTemp: Repeting last play command: New Editor Window (PIE)
[2017.07.17-16.35.23:158][909]LogPlayLevel: PlayLevel: No blueprints needed recompiling
[2017.07.17-16.35.23:158][909]PIE: New page: PIE session: Rainforest_Alien (Jul 17, 2017, 4:35:23 AM)
[2017.07.17-16.35.23:158][909]LogPlayLevel: Creating play world package: /Game/2DSideScrollerBP/Maps/Levels/UEDPIE_0_Rainforest_Alien
[2017.07.17-16.35.23:168][909]LogPlayLevel: PIE: StaticDuplicateObject took: (0.010030s)
[2017.07.17-16.35.23:168][909]LogAIModule: Creating AISystem for world Rainforest_Alien
[2017.07.17-16.35.23:168][909]LogPlayLevel: PIE: World Init took: (0.000485s)
[2017.07.17-16.35.23:169][909]LogPlayLevel: PIE: Created PIE world by copying editor world from /Game/2DSideScrollerBP/Maps/Levels/Rainforest_Alien.Rainforest_Alien to /Game/2DSideScrollerBP/Maps/Levels/UEDPIE_0_Rainforest_Alien.Rainforest_Alien (0.010867s)
[2017.07.17-16.35.23:179][909]LogInit: XAudio2 using 'Speakers (Realtek High Definition Audio)' : 2 channels at 48 kHz using 32 bits per sample (channel mask 0x3)
[2017.07.17-16.35.23:190][909]LogInit: FAudioDevice initialized.
[2017.07.17-16.35.23:225][909]LogLoad: Game class is '2DSideScrollerGameMode_C'
[2017.07.17-16.35.23:236][909]LogWorld: Bringing World /Game/2DSideScrollerBP/Maps/Levels/UEDPIE_0_Rainforest_Alien.Rainforest_Alien up for play (max tick rate 0) at 2017.07.17-10.35.23
[2017.07.17-16.35.23:245][909]LogWorld: Bringing up level for play took: 0.018752
[2017.07.17-16.35.23:255][909]PIE: Info Play in editor start time for /Game/2DSideScrollerBP/Maps/Levels/UEDPIE_0_Rainforest_Alien 0.292
[2017.07.17-16.40.37:439][193]LogContentBrowser: Native class hierarchy updated for 'BlueprintGraph' in 0.0008 seconds. Added 112 classes and 0 folders.
[2017.07.17-16.40.37:942][193]LogSlate: Took 0.000161 seconds to synchronously load lazily loaded font '../../../Engine/Content/Slate/Fonts/Roboto-Regular.ttf' (155K)
[2017.07.17-16.40.38:019][193]LogSlate: Took 0.001608 seconds to synchronously load lazily loaded font '../../../Engine/Content/Editor/Slate/Fonts/Roboto-BoldCondensed.ttf' (158K)
[2017.07.17-16.41.49:372][173]LogSlate: Took 0.001573 seconds to synchronously load lazily loaded font '../../../Engine/Content/Editor/Slate/Fonts/Roboto-Italic.ttf' (157K)
[2017.07.17-16.45.51:129][952]LogFileHelpers: Editor autosave (incl. sublevels) for '/Game/2DSideScrollerBP/Maps/Levels/Rainforest_Alien' took 0.022
[2017.07.17-16.45.51:137][952]OBJ SavePackage: Generating thumbnails for [0] asset(s) in package [/Game/AI/BP_papera1] ([1] browsable assets)...
[2017.07.17-16.45.51:137][952]OBJ SavePackage: Finished generating thumbnails for package [/Game/AI/BP_papera1]
[2017.07.17-16.45.51:155][952]LogSavePackage: Save=16.00ms
[2017.07.17-16.45.51:155][952]LogSavePackage: Moving '../../../../../../Users/gentry/Documents/GitHub/DatBoiEntertainmetnGame_/Saved/BP_papera1_Auto19FFB0BF04FB85F834A5B77980E50CAC5.tmp' to '../../../../../../Users/gentry/Documents/GitHub/DatBoiEntertainmetnGame_/Saved/Autosaves/Game/AI/BP_papera1_Auto1.uasset'
[2017.07.17-16.45.51:158][952]LogSavePackage:Display: Finished SavePackage ../../../../../../Users/gentry/Documents/GitHub/DatBoiEntertainmetnGame_/Saved/Autosaves/Game/AI/BP_papera1_Auto1.uasset
[2017.07.17-16.45.51:158][952]LogFileHelpers: Auto-saving content packages took 0.028
[2017.07.17-16.47.59:613][606]LogSavePackage: Save=224.97ms
[2017.07.17-16.47.59:613][606]LogSavePackage: Moving '../../../../../../Users/gentry/Documents/GitHub/DatBoiEntertainmetnGame_/Saved/2DSideScrollerCharacter135992F2B4B48B4ED47F4439B3641C60D.tmp' to '../../../../../../Users/gentry/Documents/GitHub/DatBoiEntertainmetnGame_/Content/2DSideScrollerBP/Blueprints/Characters/2DSideScrollerCharacter1.uasset'
[2017.07.17-16.47.59:619][606]LogSavePackage:Display: Finished SavePackage ../../../../../../Users/gentry/Documents/GitHub/DatBoiEntertainmetnGame_/Content/2DSideScrollerBP/Blueprints/Characters/2DSideScrollerCharacter1.uasset
[2017.07.17-16.48.39:960][570]SourceControl: Info On branch V1.5.1
[2017.07.17-16.48.39:960][570]SourceControl: Info Your branch is up-to-date with 'origin/V1.5.1'.
[2017.07.17-16.48.39:960][570]SourceControl: Info Changes to be committed:
[2017.07.17-16.48.39:960][570]SourceControl: Info   (use "git reset HEAD <file>..." to unstage)
[2017.07.17-16.48.39:960][570]SourceControl: Info 	new file:   Content/2DSideScrollerBP/Blueprints/Characters/2DSideScrollerCharacter1.uasset
[2017.07.17-16.48.39:960][570]SourceControl: Info Changes not staged for commit:
[2017.07.17-16.48.39:960][570]SourceControl: Info   (use "git add/rm <file>..." to update what will be committed)
[2017.07.17-16.48.39:960][570]SourceControl: Info   (use "git checkout -- <file>..." to discard changes in working directory)
[2017.07.17-16.48.39:960][570]SourceControl: Info 	modified:   Intermediate/AssetRegistryCache/c90e3f55.bin
[2017.07.17-16.48.39:960][570]SourceControl: Info 	modified:   Intermediate/CachedAssetRegistry.bin
[2017.07.17-16.48.39:960][570]SourceControl: Info 	modified:   Saved/Autosaves/PackageRestoreData.json
[2017.07.17-16.48.39:960][570]SourceControl: Info 	modified:   Saved/Config/Windows/Editor.ini
[2017.07.17-16.48.39:960][570]SourceControl: Info 	modified:   Saved/Config/Windows/EditorPerProjectUserSettings.ini
[2017.07.17-16.48.39:960][570]SourceControl: Info 	modified:   Saved/Config/Windows/Engine.ini
[2017.07.17-16.48.39:960][570]SourceControl: Info 	deleted:    Saved/Logs/InsertNameAdventure-backup-2017.07.13-14.16.08.log
[2017.07.17-16.48.39:960][570]SourceControl: Info 	modified:   Saved/Logs/InsertNameAdventure.log
[2017.07.17-16.48.39:960][570]SourceControl: Info Untracked files:
[2017.07.17-16.48.39:960][570]SourceControl: Info   (use "git add <file>..." to include in what will be committed)
[2017.07.17-16.48.39:960][570]SourceControl: Info 	Saved/Autosaves/Game/AI/BP_papera1_Auto1.uasset
[2017.07.17-16.48.39:960][570]SourceControl: Info 	Saved/Config/CrashReportClient/UE4CC-Windows-730BEC3A4BA217F57ED1B187AD70E1FF/
[2017.07.17-16.48.39:960][570]SourceControl: Info 	Saved/Logs/InsertNameAdventure-backup-2017.07.17-10.32.17.log
[2017.07.17-16.48.40:302][570]LogMetaData: Removing '/Game/2DSideScrollerBP/Blueprints/Characters/enemycharacter.SKEL_enemycharacter_C' ref from Metadata '/Game/2DSideScrollerBP/Blueprints/Characters/2DSideScrollerCharacter1.PackageMetaData'
[2017.07.17-16.48.40:302][570]LogMetaData: Removing '/Game/2DSideScrollerBP/Blueprints/Characters/enemycharacter.enemycharacter_C' ref from Metadata '/Game/2DSideScrollerBP/Blueprints/Characters/2DSideScrollerCharacter1.PackageMetaData'
[2017.07.17-16.48.40:539][570]LogSavePackage: Save=222.61ms
[2017.07.17-16.48.40:539][570]LogSavePackage: Moving '../../../../../../Users/gentry/Documents/GitHub/DatBoiEntertainmetnGame_/Saved/enemycharacter92F03C004DA1CECDB65827AF93F1A541.tmp' to '../../../../../../Users/gentry/Documents/GitHub/DatBoiEntertainmetnGame_/Content/2DSideScrollerBP/Blueprints/Characters/enemycharacter.uasset'
[2017.07.17-16.48.40:544][570]LogSavePackage:Display: Finished SavePackage ../../../../../../Users/gentry/Documents/GitHub/DatBoiEntertainmetnGame_/Content/2DSideScrollerBP/Blueprints/Characters/enemycharacter.uasset
[2017.07.17-16.49.26:164][336]LogTemp: Repeting last play command: New Editor Window (PIE)
[2017.07.17-16.49.26:184][336]LogPlayLevel: PlayLevel: No blueprints needed recompiling
[2017.07.17-16.49.26:184][336]PIE: New page: PIE session: Rainforest_Alien (Jul 17, 2017, 4:49:26 AM)
[2017.07.17-16.49.26:184][336]LogPlayLevel: Creating play world package: /Game/2DSideScrollerBP/Maps/Levels/UEDPIE_0_Rainforest_Alien
[2017.07.17-16.49.26:195][336]LogPlayLevel: PIE: StaticDuplicateObject took: (0.010791s)
[2017.07.17-16.49.26:196][336]LogAIModule: Creating AISystem for world Rainforest_Alien
[2017.07.17-16.49.26:196][336]LogPlayLevel: PIE: World Init took: (0.000559s)
[2017.07.17-16.49.26:196][336]LogPlayLevel: PIE: Created PIE world by copying editor world from /Game/2DSideScrollerBP/Maps/Levels/Rainforest_Alien.Rainforest_Alien to /Game/2DSideScrollerBP/Maps/Levels/UEDPIE_0_Rainforest_Alien.Rainforest_Alien (0.011576s)
[2017.07.17-16.49.26:212][336]LogInit: XAudio2 using 'Speakers (Realtek High Definition Audio)' : 2 channels at 48 kHz using 32 bits per sample (channel mask 0x3)
[2017.07.17-16.49.26:223][336]LogInit: FAudioDevice initialized.
[2017.07.17-16.49.26:263][336]LogLoad: Game class is '2DSideScrollerGameMode_C'
[2017.07.17-16.49.26:274][336]LogWorld: Bringing World /Game/2DSideScrollerBP/Maps/Levels/UEDPIE_0_Rainforest_Alien.Rainforest_Alien up for play (max tick rate 0) at 2017.07.17-10.49.26
[2017.07.17-16.49.26:284][336]LogWorld: Bringing up level for play took: 0.019158
[2017.07.17-16.49.26:293][336]PIE: Info Play in editor start time for /Game/2DSideScrollerBP/Maps/Levels/UEDPIE_0_Rainforest_Alien -0.669
[2017.07.17-16.49.51:286][323]Cmd: LevelEditor.ToggleImmersive
[2017.07.17-16.51.54:086][889]LogTemp: Repeting last play command: New Editor Window (PIE)
[2017.07.17-16.51.54:106][889]LogPlayLevel: PlayLevel: No blueprints needed recompiling
[2017.07.17-16.51.54:106][889]PIE: New page: PIE session: Rainforest_Alien (Jul 17, 2017, 4:51:54 AM)
[2017.07.17-16.51.54:107][889]LogPlayLevel: Creating play world package: /Game/2DSideScrollerBP/Maps/Levels/UEDPIE_0_Rainforest_Alien
[2017.07.17-16.51.54:116][889]LogPlayLevel: PIE: StaticDuplicateObject took: (0.009886s)
[2017.07.17-16.51.54:117][889]LogAIModule: Creating AISystem for world Rainforest_Alien
[2017.07.17-16.51.54:117][889]LogPlayLevel: PIE: World Init took: (0.000641s)
[2017.07.17-16.51.54:117][889]LogPlayLevel: PIE: Created PIE world by copying editor world from /Game/2DSideScrollerBP/Maps/Levels/Rainforest_Alien.Rainforest_Alien to /Game/2DSideScrollerBP/Maps/Levels/UEDPIE_0_Rainforest_Alien.Rainforest_Alien (0.010831s)
[2017.07.17-16.51.54:132][889]LogInit: XAudio2 using 'Speakers (Realtek High Definition Audio)' : 2 channels at 48 kHz using 32 bits per sample (channel mask 0x3)
[2017.07.17-16.51.54:144][889]LogInit: FAudioDevice initialized.
[2017.07.17-16.51.54:178][889]LogLoad: Game class is '2DSideScrollerGameMode_C'
[2017.07.17-16.51.54:190][889]LogWorld: Bringing World /Game/2DSideScrollerBP/Maps/Levels/UEDPIE_0_Rainforest_Alien.Rainforest_Alien up for play (max tick rate 0) at 2017.07.17-10.51.54
[2017.07.17-16.51.54:199][889]LogWorld: Bringing up level for play took: 0.019630
[2017.07.17-16.51.54:207][889]PIE: Info Play in editor start time for /Game/2DSideScrollerBP/Maps/Levels/UEDPIE_0_Rainforest_Alien -0.755
[2017.07.17-16.52.04:821][108]LogWindowsTextInputMethodSystem:Display: IME system now deactivated.
[2017.07.17-16.52.04:887][109]Cmd: QUIT_EDITOR
[2017.07.17-16.52.05:156][109]LogExit: Preparing to exit.
[2017.07.17-16.52.06:045][109]LogDirectoryWatcher: A directory notification for 'C:/Users/gentry/Documents/GitHub/DatBoiEntertainmetnGame_/Content/' was aborted.
[2017.07.17-16.52.06:091][109]LogExit: Editor shut down
[2017.07.17-16.52.06:095][109]LogExit: Transaction tracking system shut down
[2017.07.17-16.52.06:178][109]LogObj: Freed 0b from 0 cluster array pools.
[2017.07.17-16.52.06:178][109]LogExit: Object subsystem successfully closed.
[2017.07.17-16.52.06:195][109]LogD3D11RHI: Shutdown
[2017.07.17-16.52.06:195][109]LogD3D11RHI: CleanupD3DDevice
[2017.07.17-16.52.06:196][109]LogD3D11RHI: ~FD3D11DynamicRHI
[2017.07.17-16.52.06:379][109]LogModuleManager: Shutting down and abandoning module BlueprintGraph (530)
[2017.07.17-16.52.06:379][109]LogModuleManager: Shutting down and abandoning module BlueprintProfiler (528)
[2017.07.17-16.52.06:380][109]LogModuleManager: Shutting down and abandoning module MovieSceneCapture (526)
[2017.07.17-16.52.06:380][109]LogModuleManager: Shutting down and abandoning module HierarchicalLODOutliner (524)
[2017.07.17-16.52.06:380][109]LogModuleManager: Shutting down and abandoning module CrashTracker (522)
[2017.07.17-16.52.06:380][109]LogModuleManager: Shutting down and abandoning module SceneOutliner (520)
[2017.07.17-16.52.06:380][109]LogModuleManager: Shutting down and abandoning module AddContentDialog (518)
[2017.07.17-16.52.06:380][109]LogDirectoryWatcher: A directory notification for 'C:/Program Files/Epic Games/UE_4.16/FeaturePacks/' was aborted.
[2017.07.17-16.52.06:381][109]LogModuleManager: Shutting down and abandoning module WidgetCarousel (517)
[2017.07.17-16.52.06:381][109]LogModuleManager: Shutting down and abandoning module EditorWidgets (514)
[2017.07.17-16.52.06:381][109]LogModuleManager: Shutting down and abandoning module CollectionManager (512)
[2017.07.17-16.52.06:381][109]LogDirectoryWatcher: A directory notification for 'C:/Users/gentry/Documents/GitHub/DatBoiEntertainmetnGame_/Content/Collections/' was aborted.
[2017.07.17-16.52.06:381][109]LogDirectoryWatcher: A directory notification for 'C:/Users/gentry/Documents/GitHub/DatBoiEntertainmetnGame_/Content/Developers/gentry/Collections/' was aborted.
[2017.07.17-16.52.06:381][109]LogDirectoryWatcher: A directory notification for 'C:/Users/gentry/Documents/GitHub/DatBoiEntertainmetnGame_/Saved/Collections/' was aborted.
[2017.07.17-16.52.06:381][109]LogModuleManager: Shutting down and abandoning module StatsViewer (510)
[2017.07.17-16.52.06:381][109]LogModuleManager: Shutting down and abandoning module FoliageEdit (508)
[2017.07.17-16.52.06:381][109]LogModuleManager: Shutting down and abandoning module LandscapeEditor (506)
[2017.07.17-16.52.06:382][109]LogModuleManager: Shutting down and abandoning module MeshPaintMode (504)
[2017.07.17-16.52.06:382][109]LogModuleManager: Shutting down and abandoning module SceneDepthPickerMode (502)
[2017.07.17-16.52.06:382][109]LogModuleManager: Shutting down and abandoning module ActorPickerMode (500)
[2017.07.17-16.52.06:382][109]LogModuleManager: Shutting down and abandoning module GeometryMode (498)
[2017.07.17-16.52.06:382][109]LogModuleManager: Shutting down and abandoning module TextureAlignMode (496)
[2017.07.17-16.52.06:382][109]LogModuleManager: Shutting down and abandoning module BspMode (494)
[2017.07.17-16.52.06:382][109]LogModuleManager: Shutting down and abandoning module HardwareSurvey (492)
[2017.07.17-16.52.06:382][109]LogModuleManager: Shutting down and abandoning module SequenceRecorderSections (490)
[2017.07.17-16.52.06:382][109]LogModuleManager: Shutting down and abandoning module AutomationWorker (488)
[2017.07.17-16.52.06:382][109]LogModuleManager: Shutting down and abandoning module MatineeToLevelSequence (486)
[2017.07.17-16.52.06:382][109]LogModuleManager: Shutting down and abandoning module LevelSequenceEditor (484)
[2017.07.17-16.52.06:383][109]LogModuleManager: Shutting down and abandoning module PlacementMode (483)
[2017.07.17-16.52.06:383][109]LogModuleManager: Shutting down and abandoning module WmfMediaFactory (480)
[2017.07.17-16.52.06:383][109]LogModuleManager: Shutting down and abandoning module WmfMediaEditor (478)
[2017.07.17-16.52.06:383][109]LogModuleManager: Shutting down and abandoning module AvfMediaFactory (476)
[2017.07.17-16.52.06:383][109]LogModuleManager: Shutting down and abandoning module AvfMediaEditor (474)
[2017.07.17-16.52.06:383][109]LogModuleManager: Shutting down and abandoning module AndroidMediaFactory (472)
[2017.07.17-16.52.06:383][109]LogModuleManager: Shutting down and abandoning module Media (471)
[2017.07.17-16.52.06:383][109]LogModuleManager: Shutting down and abandoning module AndroidMediaEditor (468)
[2017.07.17-16.52.06:383][109]LogModuleManager: Shutting down and abandoning module CharacterAI (466)
[2017.07.17-16.52.06:383][109]LogModuleManager: Shutting down and abandoning module AudioCapture (464)
[2017.07.17-16.52.06:383][109]LogModuleManager: Shutting down and abandoning module SequenceRecorder (463)
[2017.07.17-16.52.06:383][109]LogModuleManager: Shutting down and abandoning module SmartSnapping (460)
[2017.07.17-16.52.06:383][109]LogModuleManager: Shutting down and abandoning module SessionServices (458)
[2017.07.17-16.52.06:383][109]LogModuleManager: Shutting down and abandoning module ViewportSnapping (456)
[2017.07.17-16.52.06:383][109]LogModuleManager: Shutting down and abandoning module ViewportInteraction (454)
[2017.07.17-16.52.06:383][109]LogModuleManager: Shutting down and abandoning module ClothPainter (452)
[2017.07.17-16.52.06:384][109]LogModuleManager: Shutting down and abandoning module LogVisualizer (450)
[2017.07.17-16.52.06:384][109]LogModuleManager: Shutting down and abandoning module IntroTutorials (448)
[2017.07.17-16.52.06:384][109]LogModuleManager: Shutting down and abandoning module GameProjectGeneration (447)
[2017.07.17-16.52.06:385][109]LogModuleManager: Shutting down and abandoning module EditorLiveStreaming (444)
[2017.07.17-16.52.06:385][109]LogModuleManager: Shutting down and abandoning module IOSPlatformEditor (442)
[2017.07.17-16.52.06:386][109]LogModuleManager: Shutting down and abandoning module HTML5PlatformEditor (440)
[2017.07.17-16.52.06:386][109]LogModuleManager: Shutting down and abandoning module AndroidPlatformEditor (438)
[2017.07.17-16.52.06:386][109]LogModuleManager: Shutting down and abandoning module AndroidDeviceDetection (437)
[2017.07.17-16.52.06:820][109]LogModuleManager: Shutting down and abandoning module IOSRuntimeSettings (434)
[2017.07.17-16.52.06:820][109]LogModuleManager: Shutting down and abandoning module AndroidRuntimeSettings (432)
[2017.07.17-16.52.06:820][109]LogModuleManager: Shutting down and abandoning module InputBindingEditor (430)
[2017.07.17-16.52.06:824][109]LogModuleManager: Shutting down and abandoning module MergeActors (428)
[2017.07.17-16.52.06:825][109]LogModuleManager: Shutting down and abandoning module SizeMap (426)
[2017.07.17-16.52.06:825][109]LogModuleManager: Shutting down and abandoning module TreeMap (424)
[2017.07.17-16.52.06:825][109]LogModuleManager: Shutting down and abandoning module ReferenceViewer (422)
[2017.07.17-16.52.06:825][109]LogModuleManager: Shutting down and abandoning module LocalizationDashboard (420)
[2017.07.17-16.52.06:826][109]LogModuleManager: Shutting down and abandoning module LocalizationService (419)
[2017.07.17-16.52.06:826][109]LogModuleManager: Shutting down and abandoning module HardwareTargeting (416)
[2017.07.17-16.52.06:826][109]LogModuleManager: Shutting down and abandoning module DeviceProfileEditor (414)
[2017.07.17-16.52.06:826][109]LogModuleManager: Shutting down and abandoning module UndoHistory (412)
[2017.07.17-16.52.06:826][109]LogModuleManager: Shutting down and abandoning module UserFeedback (410)
[2017.07.17-16.52.06:826][109]LogModuleManager: Shutting down and abandoning module XmlParser (408)
[2017.07.17-16.52.06:826][109]LogModuleManager: Shutting down and abandoning module Blutility (406)
[2017.07.17-16.52.06:826][109]LogModuleManager: Shutting down and abandoning module ProjectSettingsViewer (404)
[2017.07.17-16.52.06:826][109]LogModuleManager: Shutting down and abandoning module ProjectTargetPlatformEditor (403)
[2017.07.17-16.52.06:827][109]LogModuleManager: Shutting down and abandoning module EditorSettingsViewer (400)
[2017.07.17-16.52.06:827][109]LogModuleManager: Shutting down and abandoning module SettingsEditor (398)
[2017.07.17-16.52.06:827][109]LogModuleManager: Shutting down and abandoning module ProjectLauncher (396)
[2017.07.17-16.52.06:828][109]LogModuleManager: Shutting down and abandoning module SessionFrontend (394)
[2017.07.17-16.52.06:828][109]LogModuleManager: Shutting down and abandoning module ProfilerClient (392)
[2017.07.17-16.52.06:829][109]LogModuleManager: Shutting down and abandoning module DeviceManager (390)
[2017.07.17-16.52.06:829][109]LogModuleManager: Shutting down and abandoning module TargetDeviceServices (389)
[2017.07.17-16.52.06:881][109]LogModuleManager: Shutting down and abandoning module AutomationController (386)
[2017.07.17-16.52.06:881][109]LogModuleManager: Shutting down and abandoning module AutomationWindow (384)
[2017.07.17-16.52.06:882][109]LogModuleManager: Shutting down and abandoning module Layers (382)
[2017.07.17-16.52.06:884][109]LogModuleManager: Shutting down and abandoning module ComponentVisualizers (380)
[2017.07.17-16.52.06:884][109]LogModuleManager: Shutting down and abandoning module DetailCustomizations (378)
[2017.07.17-16.52.06:884][109]LogModuleManager: Shutting down and abandoning module PackagesDialog (376)
[2017.07.17-16.52.06:884][109]LogModuleManager: Shutting down and abandoning module Persona (374)
[2017.07.17-16.52.06:884][109]LogModuleManager: Shutting down and abandoning module AdvancedPreviewScene (373)
[2017.07.17-16.52.06:884][109]LogModuleManager: Shutting down and abandoning module AnimGraph (371)
[2017.07.17-16.52.06:884][109]LogModuleManager: Shutting down and abandoning module Kismet (368)
[2017.07.17-16.52.06:890][109]LogModuleManager: Shutting down and abandoning module ClassViewer (366)
[2017.07.17-16.52.06:891][109]LogModuleManager: Shutting down and abandoning module Toolbox (364)
[2017.07.17-16.52.06:891][109]LogModuleManager: Shutting down and abandoning module ModuleUI (362)
[2017.07.17-16.52.06:892][109]LogModuleManager: Shutting down and abandoning module MovieSceneTools (360)
[2017.07.17-16.52.06:893][109]LogModuleManager: Shutting down and abandoning module OutputLog (358)
[2017.07.17-16.52.06:893][109]LogModuleManager: Shutting down and abandoning module GammaUI (356)
[2017.07.17-16.52.06:894][109]LogModuleManager: Shutting down and abandoning module Documentation (354)
[2017.07.17-16.52.06:894][109]LogModuleManager: Shutting down and abandoning module MovieSceneTracks (352)
[2017.07.17-16.52.06:894][109]LogModuleManager: Shutting down and abandoning module MovieScene (350)
[2017.07.17-16.52.06:894][109]LogModuleManager: Shutting down and abandoning module Niagara (348)
[2017.07.17-16.52.06:894][109]LogModuleManager: Shutting down and abandoning module NiagaraEditor (347)
[2017.07.17-16.52.06:894][109]LogModuleManager: Shutting down and abandoning module StreamingPauseRendering (344)
[2017.07.17-16.52.06:894][109]LogModuleManager: Shutting down and abandoning module AnalyticsET (342)
[2017.07.17-16.52.06:894][109]LogModuleManager: Shutting down and abandoning module PortalServices (340)
[2017.07.17-16.52.06:894][109]LogModuleManager: Shutting down and abandoning module PortalRpc (338)
[2017.07.17-16.52.06:894][109]LogModuleManager: Shutting down and abandoning module MessagingRpc (336)
[2017.07.17-16.52.06:894][109]LogModuleManager: Shutting down and abandoning module AIModule (334)
[2017.07.17-16.52.06:894][109]LogModuleManager: Shutting down and abandoning module GameplayDebugger (333)
[2017.07.17-16.52.06:894][109]LogModuleManager: Shutting down and abandoning module AITestSuite (331)
[2017.07.17-16.52.06:894][109]LogModuleManager: Shutting down and abandoning module ProfilerService (328)
[2017.07.17-16.52.07:047][109]LogModuleManager: Shutting down and abandoning module TaskGraph (326)
[2017.07.17-16.52.07:047][109]LogModuleManager: Shutting down and abandoning module SteamVRController (324)
[2017.07.17-16.52.07:047][109]LogModuleManager: Shutting down and abandoning module SteamVR (322)
[2017.07.17-16.52.07:047][109]LogModuleManager: Shutting down and abandoning module ProceduralMeshComponentEditor (320)
[2017.07.17-16.52.07:047][109]LogModuleManager: Shutting down and abandoning module ProceduralMeshComponent (318)
[2017.07.17-16.52.07:047][109]LogModuleManager: Shutting down and abandoning module OculusLibrary (316)
[2017.07.17-16.52.07:047][109]LogModuleManager: Shutting down and abandoning module OculusInput (314)
[2017.07.17-16.52.07:047][109]LogModuleManager: Shutting down and abandoning module MobilePatchingUtils (312)
[2017.07.17-16.52.07:047][109]LogModuleManager: Shutting down and abandoning module CustomMeshComponent (310)
[2017.07.17-16.52.07:047][109]LogModuleManager: Shutting down and abandoning module CableComponent (308)
[2017.07.17-16.52.07:047][109]LogModuleManager: Shutting down and abandoning module ArchVisCharacter (306)
[2017.07.17-16.52.07:047][109]LogModuleManager: Shutting down and abandoning module AndroidPermission (304)
[2017.07.17-16.52.07:048][109]LogModuleManager: Shutting down and abandoning module MediaPlayerEditor (300)
[2017.07.17-16.52.07:048][109]LogModuleManager: Shutting down and abandoning module HTML5Networking (298)
[2017.07.17-16.52.07:048][109]LogModuleManager: Shutting down and abandoning module AlembicImporter (296)
[2017.07.17-16.52.07:048][109]LogModuleManager: Shutting down and abandoning module AlembicLibrary (295)
[2017.07.17-16.52.07:048][109]LogModuleManager: Shutting down and abandoning module GeometryCache (294)
[2017.07.17-16.52.07:048][109]LogModuleManager: Shutting down and abandoning module GeometryCacheEd (293)
[2017.07.17-16.52.07:048][109]LogModuleManager: Shutting down and abandoning module SuperSearchEditor (288)
[2017.07.17-16.52.07:048][109]LogModuleManager: Shutting down and abandoning module SuperSearch (287)
[2017.07.17-16.52.07:048][109]LogModuleManager: Shutting down and abandoning module SpeedTreeImporter (284)
[2017.07.17-16.52.07:048][109]LogModuleManager: Shutting down and abandoning module PluginBrowser (282)
[2017.07.17-16.52.07:048][109]LogModuleManager: Shutting down and abandoning module MobileLauncherProfileWizard (280)
[2017.07.17-16.52.07:048][109]LogModuleManager: Shutting down and abandoning module VisualStudioSourceCodeAccess (278)
[2017.07.17-16.52.07:048][109]LogModuleManager: Shutting down and abandoning module DesktopPlatform (277)
[2017.07.17-16.52.07:048][109]LogModuleManager: Shutting down and abandoning module UObjectPlugin (274)
[2017.07.17-16.52.07:048][109]LogModuleManager: Shutting down and abandoning module SubversionSourceControl (272)
[2017.07.17-16.52.07:048][109]LogModuleManager: Shutting down and abandoning module PerforceSourceControl (270)
[2017.07.17-16.52.07:048][109]LogModuleManager: Shutting down and abandoning module GitSourceControl (268)
[2017.07.17-16.52.07:048][109]LogModuleManager: Shutting down and abandoning module SourceControl (267)
[2017.07.17-16.52.07:048][109]LogModuleManager: Shutting down and abandoning module LightPropagationVolumeEditor (264)
[2017.07.17-16.52.07:048][109]LogModuleManager: Shutting down and abandoning module PaperTiledImporter (262)
[2017.07.17-16.52.07:048][109]LogModuleManager: Shutting down and abandoning module PaperSpriteSheetImporter (260)
[2017.07.17-16.52.07:048][109]LogModuleManager: Shutting down and abandoning module Paper2DEditor (258)
[2017.07.17-16.52.07:048][109]LogModuleManager: Shutting down and abandoning module MeshPaint (257)
[2017.07.17-16.52.07:048][109]LogModuleManager: Shutting down and abandoning module LevelEditor (255)
[2017.07.17-16.52.07:049][109]LogModuleManager: Shutting down and abandoning module PixelInspectorModule (254)
[2017.07.17-16.52.07:049][109]LogModuleManager: Shutting down and abandoning module MainFrame (252)
[2017.07.17-16.52.07:049][109]LogModuleManager: Shutting down and abandoning module HotReload (251)
[2017.07.17-16.52.07:049][109]LogModuleManager: Shutting down and abandoning module PhysXVehiclesEditor (246)
[2017.07.17-16.52.07:049][109]LogModuleManager: Shutting down and abandoning module PhysXVehicles (244)
[2017.07.17-16.52.07:049][109]LogModuleManager: Shutting down and abandoning module LocationServicesBPLibrary (242)
[2017.07.17-16.52.07:049][109]LogModuleManager: Shutting down and abandoning module ImmediatePhysicsEditor (240)
[2017.07.17-16.52.07:049][109]LogModuleManager: Shutting down and abandoning module ImmediatePhysics (238)
[2017.07.17-16.52.07:049][109]LogModuleManager: Shutting down and abandoning module UdpMessaging (236)
[2017.07.17-16.52.07:150][109]LogModuleManager: Shutting down and abandoning module TcpMessaging (234)
[2017.07.17-16.52.07:250][109]LogModuleManager: Shutting down and abandoning module GameplayTagsEditor (232)
[2017.07.17-16.52.07:250][109]LogModuleManager: Shutting down and abandoning module FacialAnimationEditor (230)
[2017.07.17-16.52.07:250][109]LogModuleManager: Shutting down and abandoning module FacialAnimation (228)
[2017.07.17-16.52.07:250][109]LogModuleManager: Shutting down and abandoning module AssetManagerEditor (226)
[2017.07.17-16.52.07:251][109]LogModuleManager: Shutting down and abandoning module GraphEditor (225)
[2017.07.17-16.52.07:251][109]LogModuleManager: Shutting down and abandoning module ContentBrowser (223)
[2017.07.17-16.52.07:251][109]LogModuleManager: Shutting down and abandoning module LightPropagationVolumeRuntime (220)
[2017.07.17-16.52.07:251][109]LogModuleManager: Shutting down and abandoning module Paper2D (218)
[2017.07.17-16.52.07:251][109]LogModuleManager: Shutting down and abandoning module WindowsMoviePlayer (216)
[2017.07.17-16.52.07:251][109]LogModuleManager: Shutting down and abandoning module WmfMedia (214)
[2017.07.17-16.52.07:251][109]LogModuleManager: Shutting down and abandoning module ClothingSystemEditor (212)
[2017.07.17-16.52.07:251][109]LogModuleManager: Shutting down and abandoning module ClothingSystemRuntime (210)
[2017.07.17-16.52.07:252][109]LogModuleManager: Shutting down and abandoning module MediaAssets (208)
[2017.07.17-16.52.07:252][109]LogModuleManager: Shutting down and abandoning module GameLiveStreaming (206)
[2017.07.17-16.52.07:252][109]LogModuleManager: Shutting down and abandoning module VREditor (204)
[2017.07.17-16.52.07:252][109]LogModuleManager: Shutting down and abandoning module StringTableEditor (202)
[2017.07.17-16.52.07:253][109]LogModuleManager: Shutting down and abandoning module GameplayTasksEditor (200)
[2017.07.17-16.52.07:253][109]LogModuleManager: Shutting down and abandoning module BehaviorTreeEditor (198)
[2017.07.17-16.52.07:253][109]LogModuleManager: Shutting down and abandoning module FunctionalTesting (196)
[2017.07.17-16.52.07:253][109]LogModuleManager: Shutting down and abandoning module CollisionAnalyzer (194)
[2017.07.17-16.52.07:254][109]LogModuleManager: Shutting down and abandoning module UMG (192)
[2017.07.17-16.52.07:254][109]LogModuleManager: Shutting down and abandoning module UMGEditor (191)
[2017.07.17-16.52.07:254][109]LogModuleManager: Shutting down and abandoning module Sequencer (190)
[2017.07.17-16.52.07:254][109]LogModuleManager: Shutting down and abandoning module AssetTools (188)
[2017.07.17-16.52.07:254][109]LogModuleManager: Shutting down and abandoning module MessageLog (187)
[2017.07.17-16.52.07:254][109]LogModuleManager: Shutting down and abandoning module WorkspaceMenuStructure (186)
[2017.07.17-16.52.07:254][109]LogModuleManager: Shutting down and abandoning module SlateReflector (180)
[2017.07.17-16.52.07:255][109]LogModuleManager: Shutting down and abandoning module Slate (178)
[2017.07.17-16.52.07:255][109]LogModuleManager: Shutting down and abandoning module EditorStyle (176)
[2017.07.17-16.52.07:257][109]LogModuleManager: Shutting down and abandoning module SourceCodeAccess (174)
[2017.07.17-16.52.07:257][109]LogModuleManager: Shutting down and abandoning module HeadMountedDisplay (172)
[2017.07.17-16.52.07:257][109]LogModuleManager: Shutting down and abandoning module XAudio2 (170)
[2017.07.17-16.52.07:257][109]LogModuleManager: Shutting down and abandoning module Networking (168)
[2017.07.17-16.52.07:257][109]LogModuleManager: Shutting down and abandoning module Core (164)
[2017.07.17-16.52.07:257][109]LogModuleManager: Shutting down and abandoning module AssetRegistry (162)
[2017.07.17-16.52.07:426][109]LogDirectoryWatcher: A directory notification for '../../../Engine/Content/' was aborted.
[2017.07.17-16.52.07:426][109]LogDirectoryWatcher: A directory notification for '../../../../../../Users/gentry/Documents/GitHub/DatBoiEntertainmetnGame_/Content/' was aborted.
[2017.07.17-16.52.07:426][109]LogDirectoryWatcher: A directory notification for '../../../Engine/Plugins/2D/Paper2D/Content/' was aborted.
[2017.07.17-16.52.07:426][109]LogDirectoryWatcher: A directory notification for '../../../Engine/Plugins/Runtime/GearVR/Content/' was aborted.
[2017.07.17-16.52.07:428][109]LogModuleManager: Shutting down and abandoning module DirectoryWatcher (161)
[2017.07.17-16.52.07:429][109]LogModuleManager: Shutting down and abandoning module KismetCompiler (158)
[2017.07.17-16.52.07:429][109]LogModuleManager: Shutting down and abandoning module LevelSequence (156)
[2017.07.17-16.52.07:429][109]LogModuleManager: Shutting down and abandoning module PhysXFormats (154)
[2017.07.17-16.52.07:429][109]LogModuleManager: Shutting down and abandoning module MeshUtilities (152)
[2017.07.17-16.52.07:429][109]LogModuleManager: Shutting down and abandoning module SimplygonSwarm (151)
[2017.07.17-16.52.07:429][109]LogModuleManager: Shutting down and abandoning module SimplygonMeshReduction (149)
[2017.07.17-16.52.07:429][109]LogModuleManager: Shutting down and abandoning module QuadricMeshReduction (147)
[2017.07.17-16.52.07:429][109]LogModuleManager: Shutting down and abandoning module DerivedDataCache (144)
[2017.07.17-16.52.07:509][109]LogDerivedDataCache: Shutdown
[2017.07.17-16.52.07:509][109]LogModuleManager: Shutting down and abandoning module TargetPlatform (142)
[2017.07.17-16.52.07:509][109]LogModuleManager: Shutting down and abandoning module VulkanShaderFormat (141)
[2017.07.17-16.52.07:509][109]LogModuleManager: Shutting down and abandoning module ShaderFormatVectorVM (139)
[2017.07.17-16.52.07:514][109]LogModuleManager: Shutting down and abandoning module ShaderFormatOpenGL (137)
[2017.07.17-16.52.07:515][109]LogModuleManager: Shutting down and abandoning module ShaderFormatD3D (135)
[2017.07.17-16.52.07:515][109]LogModuleManager: Shutting down and abandoning module MetalShaderFormat (133)
[2017.07.17-16.52.07:515][109]LogModuleManager: Shutting down and abandoning module TextureFormatUncompressed (131)
[2017.07.17-16.52.07:515][109]LogModuleManager: Shutting down and abandoning module TextureFormatPVR (129)
[2017.07.17-16.52.07:515][109]LogModuleManager: Shutting down and abandoning module TextureFormatDXT (127)
[2017.07.17-16.52.07:515][109]LogModuleManager: Shutting down and abandoning module TextureFormatIntelISPCTexComp (125)
[2017.07.17-16.52.07:515][109]LogModuleManager: Shutting down and abandoning module TextureFormatASTC (123)
[2017.07.17-16.52.07:515][109]LogModuleManager: Shutting down and abandoning module ImageWrapper (122)
[2017.07.17-16.52.07:515][109]LogModuleManager: Shutting down and abandoning module TextureFormatAndroid (119)
[2017.07.17-16.52.07:515][109]LogModuleManager: Shutting down and abandoning module AudioFormatOpus (117)
[2017.07.17-16.52.07:515][109]LogModuleManager: Shutting down and abandoning module AudioFormatOgg (115)
[2017.07.17-16.52.07:515][109]LogModuleManager: Shutting down and abandoning module AudioFormatADPCM (113)
[2017.07.17-16.52.07:515][109]LogModuleManager: Shutting down and abandoning module LinuxTargetPlatform (111)
[2017.07.17-16.52.07:515][109]LogModuleManager: Shutting down and abandoning module LinuxServerTargetPlatform (109)
[2017.07.17-16.52.07:515][109]LogModuleManager: Shutting down and abandoning module LinuxNoEditorTargetPlatform (107)
[2017.07.17-16.52.07:516][109]LogModuleManager: Shutting down and abandoning module LinuxClientTargetPlatform (105)
[2017.07.17-16.52.07:516][109]LogModuleManager: Shutting down and abandoning module TVOSTargetPlatform (103)
[2017.07.17-16.52.07:516][109]LogModuleManager: Shutting down and abandoning module Messaging (101)
[2017.07.17-16.52.07:516][109]LogModuleManager: Shutting down and abandoning module IOSTargetPlatform (99)
[2017.07.17-16.52.07:516][109]LogModuleManager: Shutting down and abandoning module HTML5TargetPlatform (97)
[2017.07.17-16.52.07:516][109]LogModuleManager: Shutting down and abandoning module Android_PVRTCTargetPlatform (95)
[2017.07.17-16.52.07:516][109]LogModuleManager: Shutting down and abandoning module Android_MultiTargetPlatform (93)
[2017.07.17-16.52.07:516][109]LogModuleManager: Shutting down and abandoning module Android_ETC2TargetPlatform (91)
[2017.07.17-16.52.07:516][109]LogModuleManager: Shutting down and abandoning module Android_ETC1TargetPlatform (89)
[2017.07.17-16.52.07:516][109]LogModuleManager: Shutting down and abandoning module Android_DXTTargetPlatform (87)
[2017.07.17-16.52.07:516][109]LogModuleManager: Shutting down and abandoning module Android_ATCTargetPlatform (85)
[2017.07.17-16.52.07:516][109]LogModuleManager: Shutting down and abandoning module Android_ASTCTargetPlatform (83)
[2017.07.17-16.52.07:516][109]LogModuleManager: Shutting down and abandoning module AndroidTargetPlatform (81)
[2017.07.17-16.52.07:516][109]LogModuleManager: Shutting down and abandoning module WindowsTargetPlatform (79)
[2017.07.17-16.52.07:516][109]LogModuleManager: Shutting down and abandoning module WindowsServerTargetPlatform (77)
[2017.07.17-16.52.07:516][109]LogModuleManager: Shutting down and abandoning module WindowsNoEditorTargetPlatform (75)
[2017.07.17-16.52.07:516][109]LogModuleManager: Shutting down and abandoning module WindowsClientTargetPlatform (73)
[2017.07.17-16.52.07:516][109]LogModuleManager: Shutting down and abandoning module MacTargetPlatform (71)
[2017.07.17-16.52.07:516][109]LogModuleManager: Shutting down and abandoning module MacServerTargetPlatform (69)
[2017.07.17-16.52.07:516][109]LogModuleManager: Shutting down and abandoning module MacNoEditorTargetPlatform (67)
[2017.07.17-16.52.07:516][109]LogModuleManager: Shutting down and abandoning module MacClientTargetPlatform (65)
[2017.07.17-16.52.07:516][109]LogModuleManager: Shutting down and abandoning module AllDesktopTargetPlatform (63)
[2017.07.17-16.52.07:516][109]LogModuleManager: Shutting down and abandoning module InputCore (60)
[2017.07.17-16.52.07:516][109]LogModuleManager: Shutting down and abandoning module Settings (58)
[2017.07.17-16.52.07:516][109]LogModuleManager: Shutting down and abandoning module OculusRift (56)
[2017.07.17-16.52.07:516][109]LogModuleManager: Shutting down and abandoning module GearVRController (54)
[2017.07.17-16.52.07:516][109]LogModuleManager: Shutting down and abandoning module GearVR (52)
[2017.07.17-16.52.07:516][109]LogModuleManager: Shutting down and abandoning module ExampleDeviceProfileSelector (50)
[2017.07.17-16.52.07:516][109]LogModuleManager: Shutting down and abandoning module OnlineBlueprintSupport (48)
[2017.07.17-16.52.07:516][109]LogModuleManager: Shutting down and abandoning module OnlineSubsystem (44)
[2017.07.17-16.52.07:516][109]LogOnline:Display: Unloading online subsystem: NULL
[2017.07.17-16.52.07:517][109]LogModuleManager: Shutting down and abandoning module XMPP (43)
[2017.07.17-16.52.07:517][109]LogModuleManager: Shutting down and abandoning module HTTP (41)
[2017.07.17-16.52.07:517][109]LogHttp:Display: Http module shutting down, but needs to wait on 1 outstanding Http requests:
[2017.07.17-16.52.07:517][109]LogHttp:Display: 	verb=[POST] url=[https://datarouter.ol.epicgames.com/datarouter/api/v1/public/data?SessionID=%7B9C0EB625-46DA-5EBD-9AF5-17B22FFDF407%7D&AppID=UEEditor.Rocket.Release&AppVersion=4.16.1-3466753%2B%2B%2BUE4%2BRelease-4.16&UserID=e75bf06f4dbaf8d917b08da130f32e38%7C54599e2502c348eaa2dcfcee6f72aaa4%7C411fcffc-e69f-4d70-aa8f-b0f32a2cf60e&AppEnvironment=datacollector-binary&UploadType=eteventstream] status=Processing
[2017.07.17-16.52.07:540][109]LogModuleManager: Shutting down and abandoning module SSL (40)
[2017.07.17-16.52.07:541][109]LogModuleManager: Shutting down and abandoning module HTTPChunkInstaller (36)
[2017.07.17-16.52.07:542][109]LogModuleManager: Shutting down and abandoning module AnimationModifiers (34)
[2017.07.17-16.52.07:542][109]LogModuleManager: Shutting down and abandoning module PropertyEditor (33)
[2017.07.17-16.52.07:542][109]LogModuleManager: Shutting down and abandoning module AudioEditor (30)
[2017.07.17-16.52.07:542][109]LogModuleManager: Shutting down and abandoning module TextureCompressor (28)
[2017.07.17-16.52.07:542][109]LogModuleManager: Shutting down and abandoning module ShaderCore (26)
[2017.07.17-16.52.07:542][109]LogModuleManager: Shutting down and abandoning module Landscape (24)
[2017.07.17-16.52.07:542][109]LogModuleManager: Shutting down and abandoning module SlateRHIRenderer (22)
[2017.07.17-16.52.07:544][109]LogModuleManager: Shutting down and abandoning module OpenGLDrv (20)
[2017.07.17-16.52.07:545][109]LogModuleManager: Shutting down and abandoning module D3D11RHI (18)
[2017.07.17-16.52.07:545][109]LogModuleManager: Shutting down and abandoning module AnimGraphRuntime (16)
[2017.07.17-16.52.07:545][109]LogModuleManager: Shutting down and abandoning module Renderer (14)
[2017.07.17-16.52.07:545][109]LogModuleManager: Shutting down and abandoning module Engine (12)
[2017.07.17-16.52.07:545][109]LogModuleManager: Shutting down and abandoning module CoreUObject (10)
[2017.07.17-16.52.07:545][109]LogModuleManager: Shutting down and abandoning module NetworkFile (8)
[2017.07.17-16.52.07:545][109]LogModuleManager: Shutting down and abandoning module StreamingFile (6)
[2017.07.17-16.52.07:545][109]LogModuleManager: Shutting down and abandoning module SandboxFile (4)
[2017.07.17-16.52.07:545][109]LogModuleManager: Shutting down and abandoning module PakFile (2)
[2017.07.17-16.52.07:546][109]LogExit: Exiting.
[2017.07.17-16.52.07:564][109]Log file closed, 07/17/17 10:52:07
