Log file open, 12/07/17 10:31:50
LogWindows: LoadLibraryWithSearchPaths failed for file aqProf.dll. GetLastError=0
LogWindows: LoadLibraryWithSearchPaths failed for file VSPerf140.dll. GetLastError=0
LogWindows: LoadLibraryWithSearchPaths failed for file VtuneApi.dll. GetLastError=0
LogWindows: LoadLibraryWithSearchPaths failed for file VtuneApi32e.dll. GetLastError=0
LogInit: Display: Running engine for game: InsertNameAdventure
LogPlatformFile: Not using cached read wrapper
LogInit: Display: RandInit(-989772933) SRandInit(-989772933).
LogTaskGraph: Started task graph with 5 named threads and 14 total threads with 3 sets of task threads.
LogStats: Stats thread started at 0.158502
LogD3D11RHI: Aftermath initialized
LogPluginManager: Mounting plugin Paper2D
LogPluginManager: Mounting plugin LightPropagationVolume
LogPluginManager: Mounting plugin CodeLiteSourceCodeAccess
LogPluginManager: Mounting plugin GitSourceControl
LogPluginManager: Mounting plugin KDevelopSourceCodeAccess
LogPluginManager: Mounting plugin NullSourceCodeAccess
LogPluginManager: Mounting plugin PerforceSourceControl
LogPluginManager: Mounting plugin SubversionSourceControl
LogPluginManager: Mounting plugin UObjectPlugin
LogPluginManager: Mounting plugin VisualStudioSourceCodeAccess
LogPluginManager: Mounting plugin XCodeSourceCodeAccess
LogPluginManager: Mounting plugin AssetManagerEditor
LogPluginManager: Mounting plugin AudioCapture
LogPluginManager: Mounting plugin FacialAnimation
LogPluginManager: Mounting plugin GameplayTagsEditor
LogPluginManager: Mounting plugin MobileLauncherProfileWizard
LogPluginManager: Mounting plugin PluginBrowser
LogPluginManager: Mounting plugin SpeedTreeImporter
LogPluginManager: Mounting plugin AlembicImporter
LogPluginManager: Mounting plugin CharacterAI
LogPluginManager: Mounting plugin HTML5Networking
LogPluginManager: Mounting plugin AndroidMedia
LogPluginManager: Mounting plugin AvfMedia
LogPluginManager: Mounting plugin MediaPlayerEditor
LogPluginManager: Mounting plugin WmfMedia
LogPluginManager: Mounting plugin TcpMessaging
LogPluginManager: Mounting plugin UdpMessaging
LogPluginManager: Mounting plugin LevelSequenceEditor
LogPluginManager: Mounting plugin MatineeToLevelSequence
LogPluginManager: Mounting plugin OnlineSubsystemGooglePlay
LogPluginManager: Mounting plugin OnlineSubsystemIOS
LogPluginManager: Mounting plugin OnlineSubsystem
LogPluginManager: Mounting plugin OnlineSubsystemNull
LogPluginManager: Mounting plugin OnlineSubsystemUtils
LogPluginManager: Mounting plugin AndroidDeviceProfileSelector
LogPluginManager: Mounting plugin AndroidMoviePlayer
LogPluginManager: Mounting plugin AndroidPermission
LogPluginManager: Mounting plugin AppleMoviePlayer
LogPluginManager: Mounting plugin ArchVisCharacter
LogPluginManager: Mounting plugin CableComponent
LogPluginManager: Mounting plugin CustomMeshComponent
LogPluginManager: Mounting plugin ExampleDeviceProfileSelector
LogPluginManager: Mounting plugin GoogleCloudMessaging
LogPluginManager: Mounting plugin ImmediatePhysics
LogPluginManager: Mounting plugin IOSDeviceProfileSelector
LogPluginManager: Mounting plugin LinuxDeviceProfileSelector
LogPluginManager: Mounting plugin LocationServicesBPLibrary
LogPluginManager: Mounting plugin MobilePatchingUtils
LogPluginManager: Mounting plugin OculusVR
LogPluginManager: Mounting plugin PhysXVehicles
LogPluginManager: Mounting plugin ProceduralMeshComponent
LogPluginManager: Mounting plugin RuntimePhysXCooking
LogPluginManager: Mounting plugin SteamVR
LogPluginManager: Mounting plugin WindowsMoviePlayer
LogInit: Using libcurl 7.47.1
LogInit:  - built for x86_64-pc-win32
LogInit:  - supports SSL with OpenSSL/1.0.2g
LogInit:  - supports HTTP deflate (compression) using libz 1.2.8
LogInit:  - other features:
LogInit:      CURL_VERSION_SSL
LogInit:      CURL_VERSION_LIBZ
LogInit:      CURL_VERSION_IPV6
LogInit:      CURL_VERSION_ASYNCHDNS
LogInit:      CURL_VERSION_LARGEFILE
LogInit:      CURL_VERSION_IDN
LogInit:  CurlRequestOptions (configurable via config and command line):
LogInit:  - bVerifyPeer = false  - Libcurl will NOT verify peer certificate
LogInit:  - bUseHttpProxy = false  - Libcurl will NOT use HTTP proxy
LogInit:  - bDontReuseConnections = false  - Libcurl will reuse connections
LogInit:  - CertBundlePath = nullptr  - Libcurl will use whatever was configured at build time.
LogInit: Build: ++UE4+Release-4.17-CL-3586342
LogInit: Engine Version: 4.17.1-3586342+++UE4+Release-4.17
LogInit: Compatible Engine Version: 4.17.0-3573198+++UE4+Release-4.17
LogInit: Net CL: 3573198
LogDevObjectVersion: Number of dev versions registered: 16
LogDevObjectVersion:   Dev-Blueprints (B0D832E4-1F89-4F0D-ACCF-7EB736FD4AA2): 10
LogDevObjectVersion:   Dev-Build (E1C64328-A22C-4D53-A36C-8E866417BD8C): 0
LogDevObjectVersion:   Dev-Core (375EC13C-06E4-48FB-B500-84F0262A717E): 2
LogDevObjectVersion:   Dev-Editor (E4B068ED-F494-42E9-A231-DA0B2E46BB41): 20
LogDevObjectVersion:   Dev-Framework (CFFC743F-43B0-4480-9391-14DF171D2073): 28
LogDevObjectVersion:   Dev-Mobile (B02B49B5-BB20-44E9-A304-32B752E40360): 0
LogDevObjectVersion:   Dev-Networking (A4E4105C-59A1-49B5-A7C5-40C4547EDFEE): 0
LogDevObjectVersion:   Dev-Online (39C831C9-5AE6-47DC-9A44-9C173E1C8E7C): 0
LogDevObjectVersion:   Dev-Physics (78F01B33-EBEA-4F98-B9B4-84EACCB95AA2): 0
LogDevObjectVersion:   Dev-Platform (6631380F-2D4D-43E0-8009-CF276956A95A): 0
LogDevObjectVersion:   Dev-Rendering (12F88B9F-8875-4AFC-A67C-D90C383ABD29): 19
LogDevObjectVersion:   Dev-Sequencer (7B5AE74C-D270-4C10-A958-57980B212A5A): 4
LogDevObjectVersion:   Dev-VR (D7296918-1DD6-4BDD-9DE2-64A83CC13884): 0
LogDevObjectVersion:   Dev-LoadTimes (C2A15278-BFE7-4AFE-6C17-90FF531DF755): 1
LogDevObjectVersion:   Private-Geometry (6EACA3D4-40EC-4CC1-B786-8BED09428FC5): 1
LogDevObjectVersion:   Dev-AnimPhys (29E575DD-E0A3-4627-9D10-D276232CDCEA): 7
LogInit: Compiled (64-bit): Aug 15 2017 02:05:26
LogInit: Compiled with Visual C++: 19.00.24215.01
LogInit: Build Configuration: Development
LogInit: Branch Name: ++UE4+Release-4.17
LogInit: Command line:  
LogInit: Base directory: C:/Program Files/Epic Games/UE_4.17/Engine/Binaries/Win64/
LogInit: Installed Engine Build: 1
LogInit: Presizing for max 8388607 objects, including 0 objects not considered by GC, pre-allocating 0 bytes for permanent pool.
LogInit: Object subsystem initialized
[2017.12.07-17.31.51:207][  0]LogInit: Selected Device Profile: [Windows]
[2017.12.07-17.31.51:207][  0]LogInit: Applying CVar settings loaded from the selected device profile: [Windows]
[2017.12.07-17.31.51:217][  0]LogInit: Computer: DESKTOP-OMJHMSB
[2017.12.07-17.31.51:217][  0]LogInit: User: rajjj
[2017.12.07-17.31.51:217][  0]LogInit: CPU Page size=4096, Cores=4
[2017.12.07-17.31.51:217][  0]LogInit: High frequency timer resolution =3.328124 MHz
[2017.12.07-17.31.51:217][  0]LogMemory: Memory total: Physical=15.9GB (16GB approx)
[2017.12.07-17.31.51:217][  0]LogMemory: Platform Memory Stats for Windows
[2017.12.07-17.31.51:217][  0]LogMemory: Process Physical Memory: 280.40 MB used, 280.40 MB peak
[2017.12.07-17.31.51:217][  0]LogMemory: Process Virtual Memory: 278.24 MB used, 278.24 MB peak
[2017.12.07-17.31.51:217][  0]LogMemory: Physical Memory: 4042.13 MB used,  12279.61 MB free, 16321.74 MB total
[2017.12.07-17.31.51:217][  0]LogMemory: Virtual Memory: 710.18 MB used,  12279.61 MB free, 134217728.00 MB total
[2017.12.07-17.31.51:362][  0]LogInit: Using OS detected language (en-US).
[2017.12.07-17.31.51:362][  0]LogInit: Using OS detected locale (en-US).
[2017.12.07-17.31.51:364][  0]LogTextLocalizationManager: No specific localization for 'en-US' exists, so the 'en' localization will be used.
[2017.12.07-17.31.51:985][  0]LogD3D11RHI: D3D11 adapters:
[2017.12.07-17.31.52:021][  0]LogD3D11RHI:    0. 'NVIDIA GeForce GTX 1070' (Feature Level 11_0)
[2017.12.07-17.31.52:021][  0]LogD3D11RHI:       8096/0/8160 MB DedicatedVideo/DedicatedSystem/SharedSystem, Outputs:2, VendorId:0x10de
[2017.12.07-17.31.52:023][  0]LogD3D11RHI:    1. 'Microsoft Basic Render Driver' (Feature Level 11_0)
[2017.12.07-17.31.52:023][  0]LogD3D11RHI:       0/0/8160 MB DedicatedVideo/DedicatedSystem/SharedSystem, Outputs:0, VendorId:0x1414
[2017.12.07-17.31.52:023][  0]LogD3D11RHI: Chosen D3D11 Adapter: 0
[2017.12.07-17.31.52:028][  0]LogD3D11RHI: Creating new Direct3DDevice
[2017.12.07-17.31.52:028][  0]LogD3D11RHI:     GPU DeviceId: 0x1b81 (for the marketing name, search the web for "GPU Device Id")
[2017.12.07-17.31.52:028][  0]LogWindows: EnumDisplayDevices:
[2017.12.07-17.31.52:028][  0]LogWindows:    0. 'NVIDIA GeForce GTX 1070' (P:0 D:1)
[2017.12.07-17.31.52:028][  0]LogWindows:    1. 'NVIDIA GeForce GTX 1070' (P:1 D:1)
[2017.12.07-17.31.52:028][  0]LogWindows:    2. 'NVIDIA GeForce GTX 1070' (P:0 D:0)
[2017.12.07-17.31.52:028][  0]LogWindows:    3. 'NVIDIA GeForce GTX 1070' (P:0 D:0)
[2017.12.07-17.31.52:028][  0]LogWindows: DebugString: GetVideoDriverDetailsInvalid PrimaryIsNotTheChoosenAdapter GetVideoDriverDetailsInvalid PrimaryIsNotTheChoosenAdapter GetVideoDriverDetailsInvalid PrimaryIsNotTheChoosenAdapter GetVideoDriverDetailsInvalid PrimaryIsNotTheChoosenAdapter FoundDriverCount:0 
[2017.12.07-17.31.52:028][  0]LogD3D11RHI:     Adapter Name: NVIDIA GeForce GTX 1070
[2017.12.07-17.31.52:028][  0]LogD3D11RHI:   Driver Version: Unknown (internal:Unknown, unified:Unknown)
[2017.12.07-17.31.52:028][  0]LogD3D11RHI:      Driver Date: Unknown
[2017.12.07-17.31.52:028][  0]LogRHI: Texture pool is 1361 MB (70% of 1945 MB)
[2017.12.07-17.31.52:046][  0]LogD3D11RHI: Async texture creation enabled
[2017.12.07-17.31.52:085][  0]LogD3D11RHI: GPU Timing Frequency: 1000.000000 (Debug: 2 1)
[2017.12.07-17.31.52:133][  0]LogShaderCompilers: Guid format shader working directory is -35 characters bigger than the processId version (../../../../../../Users/rajjj/OneDrive/Documents/GitHub/DatBoiEntertainmetnGame_/Intermediate/Shaders/WorkingDirectory/15896/).
[2017.12.07-17.31.52:133][  0]LogShaderCompilers: Cleaned the shader compiler working directory 'C:/Users/rajjj/AppData/Local/Temp/UnrealShaderWorkingDir/D43742A34E6CBBE597071490648B2A3F/'.
[2017.12.07-17.31.52:133][  0]LogShaderCompilers: Display: Using Local Shader Compiler.
[2017.12.07-17.31.52:892][  0]LogTemp: Display: Loaded TP AllDesktopTargetPlatform
[2017.12.07-17.31.52:940][  0]LogTemp: Display: Loaded TP MacClientTargetPlatform
[2017.12.07-17.31.52:988][  0]LogTemp: Display: Loaded TP MacNoEditorTargetPlatform
[2017.12.07-17.31.53:035][  0]LogTemp: Display: Loaded TP MacServerTargetPlatform
[2017.12.07-17.31.53:083][  0]LogTemp: Display: Loaded TP MacTargetPlatform
[2017.12.07-17.31.53:132][  0]LogTemp: Display: Loaded TP WindowsClientTargetPlatform
[2017.12.07-17.31.53:180][  0]LogTemp: Display: Loaded TP WindowsNoEditorTargetPlatform
[2017.12.07-17.31.53:231][  0]LogTemp: Display: Loaded TP WindowsServerTargetPlatform
[2017.12.07-17.31.53:295][  0]LogTemp: Display: Loaded TP WindowsTargetPlatform
[2017.12.07-17.31.53:371][  0]LogTemp: Display: Loaded TP AndroidTargetPlatform
[2017.12.07-17.31.53:428][  0]LogTemp: Display: Loaded TP Android_ASTCTargetPlatform
[2017.12.07-17.31.53:474][  0]LogTemp: Display: Loaded TP Android_ATCTargetPlatform
[2017.12.07-17.31.53:522][  0]LogTemp: Display: Loaded TP Android_DXTTargetPlatform
[2017.12.07-17.31.53:569][  0]LogTemp: Display: Loaded TP Android_ETC1TargetPlatform
[2017.12.07-17.31.53:614][  0]LogTemp: Display: Loaded TP Android_ETC2TargetPlatform
[2017.12.07-17.31.53:705][  0]LogTemp: Display: Loaded TP Android_MultiTargetPlatform
[2017.12.07-17.31.53:705][  0]LogTemp: Display: Loaded TP Android_PVRTCTargetPlatform
[2017.12.07-17.31.53:742][  0]LogTemp: Display: Loaded TP HTML5TargetPlatform
[2017.12.07-17.31.53:831][  0]LogTemp: Display: Loaded TP IOSTargetPlatform
[2017.12.07-17.31.53:858][  0]LogTemp: Display: Loaded TP TVOSTargetPlatform
[2017.12.07-17.31.53:905][  0]LogTemp: Display: Loaded TP LinuxClientTargetPlatform
[2017.12.07-17.31.53:951][  0]LogTemp: Display: Loaded TP LinuxNoEditorTargetPlatform
[2017.12.07-17.31.53:997][  0]LogTemp: Display: Loaded TP LinuxServerTargetPlatform
[2017.12.07-17.31.54:044][  0]LogTemp: Display: Loaded TP LinuxTargetPlatform
[2017.12.07-17.31.54:044][  0]LogTargetPlatformManager: Display: Building Assets For Windows
[2017.12.07-17.31.54:551][  0]LogDerivedDataCache: Display: Max Cache Size: 512 MB
[2017.12.07-17.31.54:644][  0]LogDerivedDataCache: Loaded boot cache 0.09s 93MB C:/Users/rajjj/AppData/Local/UnrealEngine/4.17/DerivedDataCache/Boot.ddc.
[2017.12.07-17.31.54:645][  0]LogDerivedDataCache: Display: Loaded Boot cache: C:/Users/rajjj/AppData/Local/UnrealEngine/4.17/DerivedDataCache/Boot.ddc
[2017.12.07-17.31.54:645][  0]LogDerivedDataCache: FDerivedDataBackendGraph:  Pak pak cache file ../../../../../../Users/rajjj/OneDrive/Documents/GitHub/DatBoiEntertainmetnGame_/DerivedDataCache/DDC.ddp not found, will not use a pak cache.
[2017.12.07-17.31.54:645][  0]LogDerivedDataCache: Unable to find inner node Pak for hierarchical cache Hierarchy.
[2017.12.07-17.31.54:645][  0]LogDerivedDataCache: FDerivedDataBackendGraph:  CompressedPak pak cache file ../../../../../../Users/rajjj/OneDrive/Documents/GitHub/DatBoiEntertainmetnGame_/DerivedDataCache/Compressed.ddp not found, will not use a pak cache.
[2017.12.07-17.31.54:645][  0]LogDerivedDataCache: Unable to find inner node CompressedPak for hierarchical cache Hierarchy.
[2017.12.07-17.31.54:667][  0]LogDerivedDataCache: Display: Pak cache opened for reading ../../../Engine/DerivedDataCache/Compressed.ddp.
[2017.12.07-17.31.54:680][  0]LogDerivedDataCache: Using Local data cache path C:/Users/rajjj/AppData/Local/UnrealEngine/Common/DerivedDataCache: Writable
[2017.12.07-17.31.54:689][  0]LogMaterial: Verifying Global Shaders for PCD3D_SM5
[2017.12.07-17.31.54:690][  0]LogSlate: Using Freetype 2.6.0
[2017.12.07-17.31.54:690][  0]LogSlate: SlateFontCache - WITH_FREETYPE: 1, WITH_HARFBUZZ: 1
[2017.12.07-17.31.54:690][  0]LogSlate: SlateFontCache - WITH_FREETYPE: 1, WITH_HARFBUZZ: 1
[2017.12.07-17.31.54:935][  0]LogAssetRegistry: FAssetRegistry took 0.0259 seconds to start up
[2017.12.07-17.31.55:040][  0]LogInit: Selected Device Profile: [Windows]
[2017.12.07-17.31.55:427][  0]LogSimplygon: Simplygon DLL not present - disabling.
[2017.12.07-17.31.55:468][  0]LogMeshReduction: Using SimplygonSwarm for distributed automatic mesh merging
[2017.12.07-17.31.55:468][  0]LogMeshReduction: Using QuadricMeshReduction for automatic static mesh reduction
[2017.12.07-17.31.55:468][  0]LogMeshReduction: No automatic skeletal mesh reduction module available
[2017.12.07-17.31.55:468][  0]LogMeshReduction: No automatic mesh merging module available
[2017.12.07-17.31.55:468][  0]LogMeshMerging: No automatic mesh merging module available
[2017.12.07-17.31.55:478][  0]LogContentStreaming: Texture pool size is 0.00 MB
[2017.12.07-17.31.55:880][  0]LogNetVersion: InsertNameAdventure , NetCL: 3573198, EngineNetVer: 2, GameNetVer: 0 (Checksum: 3080426378)
[2017.12.07-17.31.56:083][  0]LogPackageLocalizationCache: Processed 5 localized package path(s) for 2 prioritized culture(s) in 0.045484 seconds
[2017.12.07-17.31.56:088][  0]LogUObjectArray: 35825 objects as part of root set at end of initial load.
[2017.12.07-17.31.56:089][  0]LogUObjectAllocator: 7529112 out of 0 bytes used by permanent object pool.
[2017.12.07-17.31.56:089][  0]LogUObjectArray: CloseDisregardForGC: 0/0 objects in disregard for GC pool
[2017.12.07-17.31.56:163][  0]LogInit: WinSock: version 1.1 (2.2), MaxSocks=32767, MaxUdp=65467
[2017.12.07-17.31.58:742][  0]LogTcpMessaging: Initializing TcpMessaging bridge
[2017.12.07-17.31.58:780][  0]LogUdpMessaging: Initializing bridge on interface 0.0.0.0:0 to multicast group 230.0.0.1:6666.
[2017.12.07-17.31.59:434][  0]LogMaterial: Uniform references updated for custom material expression Custom.
[2017.12.07-17.31.59:876][  0]SourceControl: Source control is disabled
[2017.12.07-17.32.00:888][  0]LogAndroidPermission: UAndroidPermissionCallbackProxy::GetInstance
[2017.12.07-17.32.01:139][  0]LogOcInput: OculusInput pre-init called
[2017.12.07-17.32.01:372][  0]LogEngine: Initializing Engine...
[2017.12.07-17.32.01:374][  0]LogHMD: Failed to initialize OpenVR with code 110
[2017.12.07-17.32.02:128][  0]LogStats: UGameplayTagsManager::ConstructGameplayTagTree: Construct from data asset -  0.000 s
[2017.12.07-17.32.02:129][  0]LogStats: UGameplayTagsManager::ConstructGameplayTagTree: GameplayTagTreeChangedEvent.Broadcast -  0.000 s
[2017.12.07-17.32.02:247][  0]LogAIModule: Creating AISystem for world Untitled
[2017.12.07-17.32.02:255][  0]LogInit: XAudio2 using 'Speakers (2- Logitech G930 Headset)' : 2 channels at 48 kHz using 16 bits per sample (channel mask 0x3)
[2017.12.07-17.32.02:269][  0]LogInit: FAudioDevice initialized.
[2017.12.07-17.32.02:347][  0]LogDerivedDataCache: Saved boot cache 0.08s 93MB C:/Users/rajjj/AppData/Local/UnrealEngine/4.17/DerivedDataCache/Boot.ddc.
[2017.12.07-17.32.02:361][  0]LogInit: Texture streaming: Enabled
[2017.12.07-17.32.02:480][  0]LogEngineSessionManager: EngineSessionManager initialized
[2017.12.07-17.32.02:714][  0]LogInit: Transaction tracking system initialized
[2017.12.07-17.32.03:027][  0]BlueprintLog: New page: Editor Load
[2017.12.07-17.32.03:973][  0]LocalizationService: Localization service is disabled
[2017.12.07-17.32.04:633][  0]LogConsoleResponse: Display: 
[2017.12.07-17.32.04:786][  0]LogCook: Display: Max memory allowance for cook 16384mb min free memory 0mb
[2017.12.07-17.32.04:786][  0]LogCook: Display: Mobile HDR setting 1
[2017.12.07-17.32.04:786][  0]LogGameplayTags: Display: UGameplayTagsManager::DoneAddingNativeTags. DelegateIsBound: 0
[2017.12.07-17.32.05:774][  0]LogFileCache: Scanning file cache for directory 'C:/Users/rajjj/OneDrive/Documents/GitHub/DatBoiEntertainmetnGame_/Content/' took 0.02s
[2017.12.07-17.32.05:841][  0]Cmd: MAP LOAD FILE="../../../../../../Users/rajjj/OneDrive/Documents/GitHub/DatBoiEntertainmetnGame_/Content/2DSideScrollerBP/Maps/Levels/Rainforest_Alien.umap" TEMPLATE=0 SHOWPROGRESS=1 FEATURELEVEL=3
[2017.12.07-17.32.05:842][  0]LightingResults: New page: Lighting Build
[2017.12.07-17.32.05:893][  0]MapCheck: New page: Map Check
[2017.12.07-17.32.05:893][  0]LightingResults: New page: Lighting Build
[2017.12.07-17.32.07:061][  0]LogMaterial: Missing cached shader map for material BlueLight_M1, compiling. 
[2017.12.07-17.32.07:061][  0]LogMaterial: Warning: Failed to compile Material /Game/2DSideScrollerBP/Maps/Levels/LevelSprites/Sprites/Rain_Forrest_Sprites/Materials/BlueLight_M1.BlueLight_M1 for platform PCD3D_SM5, Default Material will be used in game.
[2017.12.07-17.32.07:061][  0]LogMaterial: Warning: 	Function Flicker_MF: Missing function input 'Color'
[2017.12.07-17.32.07:226][  0]LogAIModule: Creating AISystem for world Rainforest_Alien
[2017.12.07-17.32.07:262][  0]LogEditorServer: Finished looking for orphan Actors (0.000 secs)
[2017.12.07-17.32.07:279][  0]Cmd: MAP CHECKDEP NOCLEARLOG
[2017.12.07-17.32.07:345][  0]MapCheck: Map check complete: 0 Error(s), 0 Warning(s), took 66.262ms to complete.
[2017.12.07-17.32.07:345][  0]LogFileHelpers: Loading map 'Rainforest_Alien' took 1.504
[2017.12.07-17.32.07:484][  0]LogCollectionManager: Loaded 0 collections in 0.001323 seconds
[2017.12.07-17.32.07:564][  0]LogFileCache: Scanning file cache for directory 'C:/Users/rajjj/OneDrive/Documents/GitHub/DatBoiEntertainmetnGame_/Saved/Collections/' took 0.02s
[2017.12.07-17.32.07:564][  0]LogFileCache: Scanning file cache for directory 'C:/Users/rajjj/OneDrive/Documents/GitHub/DatBoiEntertainmetnGame_/Content/Developers/rajjj/Collections/' took 0.01s
[2017.12.07-17.32.07:564][  0]LogFileCache: Scanning file cache for directory 'C:/Users/rajjj/OneDrive/Documents/GitHub/DatBoiEntertainmetnGame_/Content/Collections/' took 0.01s
[2017.12.07-17.32.07:564][  0]LogCollectionManager: Rebuilt the GUID cache for 0 collections in 0.000001 seconds
[2017.12.07-17.32.07:572][  0]LogContentBrowser: Native class hierarchy populated in 0.0075 seconds. Added 2386 classes and 500 folders.
[2017.12.07-17.32.07:634][  0]LogContentBrowser: Native class hierarchy updated for 'WidgetCarousel' in 0.0005 seconds. Added 0 classes and 0 folders.
[2017.12.07-17.32.07:666][  0]LogContentBrowser: Native class hierarchy updated for 'AddContentDialog' in 0.0006 seconds. Added 0 classes and 0 folders.
[2017.12.07-17.32.07:706][  0]LogContentBrowser: Native class hierarchy updated for 'SceneOutliner' in 0.0005 seconds. Added 1 classes and 2 folders.
[2017.12.07-17.32.07:726][  0]LogSlate: Took 0.000148 seconds to synchronously load lazily loaded font '../../../Engine/Content/Slate/Fonts/Roboto-Regular.ttf' (155K)
[2017.12.07-17.32.07:728][  0]LogSlate: Took 0.000145 seconds to synchronously load lazily loaded font '../../../Engine/Content/Slate/Fonts/Roboto-Bold.ttf' (160K)
[2017.12.07-17.32.07:732][  0]LogSlate: Took 0.000147 seconds to synchronously load lazily loaded font '../../../Engine/Content/Editor/Slate/Fonts/FontAwesome.ttf' (139K)
[2017.12.07-17.32.07:828][  0]LogRenderer: Reallocating scene render targets to support 1616x628 Format 10 NumSamples 1 (Frame:1).
[2017.12.07-17.32.08:061][  0]LogContentBrowser: Native class hierarchy updated for 'HierarchicalLODOutliner' in 0.0006 seconds. Added 1 classes and 2 folders.
[2017.12.07-17.32.08:061][  0]LogLoad: (Engine Initialization) Total time: 18.44 seconds
[2017.12.07-17.32.08:061][  0]LogLoad: (Engine Initialization) Total Blueprint compile time: 0.00 seconds
[2017.12.07-17.32.08:061][  0]LogExternalProfiler: No external profilers were discovered.  External profiling features will not be available.
[2017.12.07-17.32.08:431][  0]SourceControl: On branch V1.5.1
[2017.12.07-17.32.08:431][  0]SourceControl: Your branch is up-to-date with 'origin/V1.5.1'.
[2017.12.07-17.32.08:431][  0]SourceControl: No commands done.
[2017.12.07-17.32.08:431][  0]SourceControl: Next commands to do (2 remaining commands):
[2017.12.07-17.32.08:431][  0]SourceControl:    pick b627089 Redid mt backdrop and started work on a desert zone
[2017.12.07-17.32.08:431][  0]SourceControl:    pick 5400dc0 Revert "Redid mt backdrop and started work on a desert zone"
[2017.12.07-17.32.08:431][  0]SourceControl:   (use "git rebase --edit-todo" to view and edit)
[2017.12.07-17.32.08:431][  0]SourceControl: You are currently editing a commit while rebasing branch 'V1.5.1' on 'ad616f1'.
[2017.12.07-17.32.08:432][  0]SourceControl:   (use "git commit --amend" to amend the current commit)
[2017.12.07-17.32.08:432][  0]SourceControl:   (use "git rebase --continue" once you are satisfied with your changes)
[2017.12.07-17.32.08:432][  0]SourceControl: Changes not staged for commit:
[2017.12.07-17.32.08:432][  0]SourceControl:   (use "git add/rm <file>..." to update what will be committed)
[2017.12.07-17.32.08:432][  0]SourceControl:   (use "git checkout -- <file>..." to discard changes in working directory)
[2017.12.07-17.32.08:432][  0]SourceControl: 	modified:   Intermediate/AssetRegistryCache/c90e3f55.bin
[2017.12.07-17.32.08:432][  0]SourceControl: 	modified:   Intermediate/CachedAssetRegistry.bin
[2017.12.07-17.32.08:432][  0]SourceControl: 	modified:   Saved/Config/Windows/Editor.ini
[2017.12.07-17.32.08:432][  0]SourceControl: 	modified:   Saved/Config/Windows/EditorPerProjectUserSettings.ini
[2017.12.07-17.32.08:432][  0]SourceControl: 	modified:   Saved/Config/Windows/Engine.ini
[2017.12.07-17.32.08:432][  0]SourceControl: 	deleted:    Saved/Logs/InsertNameAdventure-backup-2017.11.27-13.57.19.log
[2017.12.07-17.32.08:432][  0]SourceControl: 	deleted:    Saved/Logs/InsertNameAdventure-backup-2017.11.27-14.40.57.log
[2017.12.07-17.32.08:432][  0]SourceControl: 	modified:   Saved/Logs/InsertNameAdventure.log
[2017.12.07-17.32.08:432][  0]SourceControl: Untracked files:
[2017.12.07-17.32.08:432][  0]SourceControl:   (use "git add <file>..." to include in what will be committed)
[2017.12.07-17.32.08:432][  0]SourceControl: 	Saved/Config/CrashReportClient/UE4CC-Windows-1C9AEBE34F0AB72E382E66BE4D69DEC8/
[2017.12.07-17.32.08:432][  0]SourceControl: 	Saved/Config/CrashReportClient/UE4CC-Windows-D360DDB346BDB87939E483B47DF28B68/
[2017.12.07-17.32.08:432][  0]SourceControl: 	Saved/Logs/InsertNameAdventure-backup-2017.12.07-10.29.58.log
[2017.12.07-17.32.08:432][  0]SourceControl: 	Saved/Logs/InsertNameAdventure-backup-2017.12.07-10.31.50.log
[2017.12.07-17.32.08:432][  0]SourceControl: no changes added to commit (use "git add" and/or "git commit -a")
[2017.12.07-17.32.08:432][  0]LogContentStreaming: Texture pool size now 1000 MB
[2017.12.07-17.32.08:518][  0]LogSlate: Took 0.000205 seconds to synchronously load lazily loaded font '../../../Engine/Content/Slate/Fonts/Roboto-Light.ttf' (159K)
[2017.12.07-17.32.08:753][  1]LogAssetRegistry: Asset discovery search completed in 13.8397 seconds
[2017.12.07-17.32.08:756][  1]LogCollectionManager: Rebuilt the object cache for 0 collections in 0.000000 seconds (found 0 objects)
[2017.12.07-17.32.08:756][  1]LogCollectionManager: Fixed up redirectors for 0 collections in 0.000050 seconds (updated 0 objects)
[2017.12.07-17.32.08:765][  1]LogParticles: Warning: Spawning 23333 GPU particles in one frame[2]: RainFall4_PS/Particle Emitter
[2017.12.07-17.32.09:089][  2]LogParticles: Warning: Spawning 23333 GPU particles in one frame[3]: RainFall4_PS/Particle Emitter
[2017.12.07-17.32.09:402][  3]LogSlate: Took 0.000271 seconds to synchronously load lazily loaded font '../../../Engine/Content/Slate/Fonts/Roboto-Light.ttf' (159K)
[2017.12.07-17.32.10:749][  7]LogParticles: Warning: Spawning 23334 GPU particles in one frame[8]: RainFall4_PS/Particle Emitter
[2017.12.07-17.32.11:105][  8]LogParticles: Warning: Spawning 23333 GPU particles in one frame[9]: RainFall4_PS/Particle Emitter
[2017.12.07-17.32.11:421][  9]LogParticles: Warning: Spawning 23333 GPU particles in one frame[10]: RainFall4_PS/Particle Emitter
[2017.12.07-17.32.11:766][ 10]LogParticles: Warning: Spawning 23334 GPU particles in one frame[11]: RainFall4_PS/Particle Emitter
[2017.12.07-17.32.12:092][ 11]LogParticles: Warning: Spawning 23333 GPU particles in one frame[12]: RainFall4_PS/Particle Emitter
[2017.12.07-17.32.12:407][ 12]LogParticles: Warning: Spawning 23343 GPU particles in one frame[13]: RainFall4_PS/Particle Emitter
[2017.12.07-17.32.12:740][ 13]LogParticles: Warning: Spawning 23333 GPU particles in one frame[14]: RainFall4_PS/Particle Emitter
[2017.12.07-17.32.13:074][ 14]LogParticles: Warning: Spawning 23334 GPU particles in one frame[15]: RainFall4_PS/Particle Emitter
[2017.12.07-17.32.13:408][ 15]LogParticles: Warning: Spawning 23333 GPU particles in one frame[16]: RainFall4_PS/Particle Emitter
[2017.12.07-17.32.13:734][ 16]LogFileCache: Retrieving MD5 hashes for directory 'C:/Users/rajjj/OneDrive/Documents/GitHub/DatBoiEntertainmetnGame_/Content/' took 5.32s
[2017.12.07-17.32.13:744][ 16]LogParticles: Warning: Spawning 23333 GPU particles in one frame[17]: RainFall4_PS/Particle Emitter
[2017.12.07-17.32.14:080][ 17]LogParticles: Warning: Spawning 23334 GPU particles in one frame[18]: RainFall4_PS/Particle Emitter
[2017.12.07-17.32.17:633][204]LogSlate: Took 0.000116 seconds to synchronously load lazily loaded font '../../../Engine/Content/Slate/Fonts/Roboto-Light.ttf' (159K)
[2017.12.07-17.32.18:014][204]LogContentBrowser: Native class hierarchy updated for 'BlueprintGraph' in 0.0008 seconds. Added 113 classes and 0 folders.
[2017.12.07-17.32.19:055][204]LogSlate: Took 0.000166 seconds to synchronously load lazily loaded font '../../../Engine/Content/Editor/Slate/Fonts/Roboto-BoldCondensed.ttf' (158K)
[2017.12.07-17.32.19:125][205]LogParticles: Warning: Spawning 28000 GPU particles in one frame[206]: RainFall4_PS/Particle Emitter
[2017.12.07-17.32.19:128][205]LogSlate: Took 0.000175 seconds to synchronously load lazily loaded font '../../../Engine/Content/Editor/Slate/Fonts/Roboto-Italic.ttf' (157K)
[2017.12.07-17.32.22:805][545]LogParticles: Warning: Spawning 24644 GPU particles in one frame[546]: RainFall4_PS/Particle Emitter
[2017.12.07-17.32.23:133][546]LogParticles: Warning: Spawning 23334 GPU particles in one frame[547]: RainFall4_PS/Particle Emitter
[2017.12.07-17.32.23:441][547]LogParticles: Warning: Spawning 23333 GPU particles in one frame[548]: RainFall4_PS/Particle Emitter
[2017.12.07-17.32.23:775][548]LogParticles: Warning: Spawning 23382 GPU particles in one frame[549]: RainFall4_PS/Particle Emitter
[2017.12.07-17.32.24:123][549]LogParticles: Warning: Spawning 23638 GPU particles in one frame[550]: RainFall4_PS/Particle Emitter
[2017.12.07-17.32.24:445][550]LogParticles: Warning: Spawning 23333 GPU particles in one frame[551]: RainFall4_PS/Particle Emitter
[2017.12.07-17.32.24:780][551]LogParticles: Warning: Spawning 23333 GPU particles in one frame[552]: RainFall4_PS/Particle Emitter
[2017.12.07-17.32.25:140][552]LogParticles: Warning: Spawning 23334 GPU particles in one frame[553]: RainFall4_PS/Particle Emitter
[2017.12.07-17.33.31:432][311]LogEditorTransaction: Undo Delete Keys
[2017.12.07-17.33.31:742][333]LogEditorTransaction: Undo Delete Keys
[2017.12.07-17.33.32:425][394]LogEditorTransaction: Undo Move Keys
[2017.12.07-17.33.58:257][352]BlueprintLog: New page: Compile HPBar_Enemy_BP
[2017.12.07-17.33.58:583][353]LogParticles: Warning: Spawning 22279 GPU particles in one frame[11354]: RainFall4_PS/Particle Emitter
[2017.12.07-17.33.59:561][466]LogTemp: Repeating last play command: Selected Viewport
[2017.12.07-17.33.59:689][466]LogBlueprintUserMessages: Early PlayInEditor Detection: Level '/Game/2DSideScrollerBP/Maps/Levels/Rainforest_Alien.Rainforest_Alien:PersistentLevel' has LevelScriptBlueprint '/Game/2DSideScrollerBP/Maps/Levels/Rainforest_Alien.Rainforest_Alien:PersistentLevel.Rainforest_Alien' with GeneratedClass '/Game/2DSideScrollerBP/Maps/Levels/Rainforest_Alien.Rainforest_Alien_C' with ClassGeneratedBy '/Game/2DSideScrollerBP/Maps/Levels/Rainforest_Alien.Rainforest_Alien:PersistentLevel.Rainforest_Alien'
[2017.12.07-17.33.59:689][466]LogPlayLevel: PlayLevel: No blueprints needed recompiling
[2017.12.07-17.33.59:690][466]PIE: New page: PIE session: Rainforest_Alien (Dec 7, 2017, 3:33:59 AM)
[2017.12.07-17.33.59:690][466]LogPlayLevel: Creating play world package: /Game/2DSideScrollerBP/Maps/Levels/UEDPIE_0_Rainforest_Alien
[2017.12.07-17.33.59:724][466]LogPlayLevel: PIE: StaticDuplicateObject took: (0.033759s)
[2017.12.07-17.33.59:724][466]LogAIModule: Creating AISystem for world Rainforest_Alien
[2017.12.07-17.33.59:724][466]LogPlayLevel: PIE: World Init took: (0.000642s)
[2017.12.07-17.33.59:725][466]LogPlayLevel: PIE: Created PIE world by copying editor world from /Game/2DSideScrollerBP/Maps/Levels/Rainforest_Alien.Rainforest_Alien to /Game/2DSideScrollerBP/Maps/Levels/UEDPIE_0_Rainforest_Alien.Rainforest_Alien (0.035055s)
[2017.12.07-17.33.59:753][466]LogInit: XAudio2 using 'Speakers (2- Logitech G930 Headset)' : 2 channels at 48 kHz using 16 bits per sample (channel mask 0x3)
[2017.12.07-17.33.59:759][466]LogInit: FAudioDevice initialized.
[2017.12.07-17.33.59:826][466]LogLoad: Game class is '2DSideScrollerGameMode_C'
[2017.12.07-17.33.59:844][466]LogWorld: Bringing World /Game/2DSideScrollerBP/Maps/Levels/UEDPIE_0_Rainforest_Alien.Rainforest_Alien up for play (max tick rate 0) at 2017.12.07-10.33.59
[2017.12.07-17.33.59:866][466]LogWorld: Bringing up level for play took: 0.038956
[2017.12.07-17.33.59:908][466]LogContentBrowser: Native class hierarchy updated for 'MovieSceneCapture' in 0.0006 seconds. Added 11 classes and 0 folders.
[2017.12.07-17.33.59:921][466]PIE: Play in editor start time for /Game/2DSideScrollerBP/Maps/Levels/UEDPIE_0_Rainforest_Alien 0.136
[2017.12.07-17.33.59:921][466]LogBlueprintUserMessages: Late PlayInEditor Detection: Level '/Game/2DSideScrollerBP/Maps/Levels/Rainforest_Alien.Rainforest_Alien:PersistentLevel' has LevelScriptBlueprint '/Game/2DSideScrollerBP/Maps/Levels/Rainforest_Alien.Rainforest_Alien:PersistentLevel.Rainforest_Alien' with GeneratedClass '/Game/2DSideScrollerBP/Maps/Levels/Rainforest_Alien.Rainforest_Alien_C' with ClassGeneratedBy '/Game/2DSideScrollerBP/Maps/Levels/Rainforest_Alien.Rainforest_Alien:PersistentLevel.Rainforest_Alien'
[2017.12.07-17.33.59:939][466]LogRenderer: Reallocating scene render targets to support 1616x756 Format 10 NumSamples 1 (Frame:1).
[2017.12.07-17.33.59:987][467]LogParticles: Warning: Spawning 28000 GPU particles in one frame[11468]: RainFall4_PS/Particle Emitter
[2017.12.07-17.34.01:087][546]LogBlueprintUserMessages: Early EndPlayMap Detection: Level '/Game/2DSideScrollerBP/Maps/Levels/Rainforest_Alien.Rainforest_Alien:PersistentLevel' has LevelScriptBlueprint '/Game/2DSideScrollerBP/Maps/Levels/Rainforest_Alien.Rainforest_Alien:PersistentLevel.Rainforest_Alien' with GeneratedClass '/Game/2DSideScrollerBP/Maps/Levels/Rainforest_Alien.Rainforest_Alien_C' with ClassGeneratedBy '/Game/2DSideScrollerBP/Maps/Levels/Rainforest_Alien.Rainforest_Alien:PersistentLevel.Rainforest_Alien'
[2017.12.07-17.34.01:153][546]LogBlueprintUserMessages: Late EndPlayMap Detection: Level '/Game/2DSideScrollerBP/Maps/Levels/Rainforest_Alien.Rainforest_Alien:PersistentLevel' has LevelScriptBlueprint '/Game/2DSideScrollerBP/Maps/Levels/Rainforest_Alien.Rainforest_Alien:PersistentLevel.Rainforest_Alien' with GeneratedClass '/Game/2DSideScrollerBP/Maps/Levels/Rainforest_Alien.Rainforest_Alien_C' with ClassGeneratedBy '/Game/2DSideScrollerBP/Maps/Levels/Rainforest_Alien.Rainforest_Alien:PersistentLevel.Rainforest_Alien'
[2017.12.07-17.34.03:084][717]LogAIModule: Creating AISystem for world Test_Area1
[2017.12.07-17.34.04:649][717]LogSavePackage: Save=34.78ms
[2017.12.07-17.34.04:649][717]LogSavePackage: Moving '../../../../../../Users/rajjj/OneDrive/Documents/GitHub/DatBoiEntertainmetnGame_/Saved/HPBar_Enemy_BPAF545514408643189457F7A76856DD0F.tmp' to '../../../../../../Users/rajjj/OneDrive/Documents/GitHub/DatBoiEntertainmetnGame_/Content/2DSideScrollerBP/Blueprints/UI/HPBar_Enemy_BP.uasset'
[2017.12.07-17.34.04:652][717]LogSavePackage: Display: Finished SavePackage ../../../../../../Users/rajjj/OneDrive/Documents/GitHub/DatBoiEntertainmetnGame_/Content/2DSideScrollerBP/Blueprints/UI/HPBar_Enemy_BP.uasset
[2017.12.07-17.34.04:653][717]Cmd: MAP LOAD FILE="../../../../../../Users/rajjj/OneDrive/Documents/GitHub/DatBoiEntertainmetnGame_/Content/2DSideScrollerBP/Maps/Levels/Test_Area1.umap" TEMPLATE=0 SHOWPROGRESS=1 FEATURELEVEL=3
[2017.12.07-17.34.04:653][717]LightingResults: New page: Lighting Build
[2017.12.07-17.34.04:655][717]LoadErrors: New page: Loading map: Test_Area1.umap
[2017.12.07-17.34.04:659][717]MapCheck: New page: Map Check
[2017.12.07-17.34.04:659][717]LightingResults: New page: Lighting Build
[2017.12.07-17.34.04:699][717]LogEditorServer: Finished looking for orphan Actors (0.000 secs)
[2017.12.07-17.34.04:781][717]Cmd: MAP CHECKDEP NOCLEARLOG
[2017.12.07-17.34.04:858][717]MapCheck: Map check complete: 0 Error(s), 0 Warning(s), took 76.153ms to complete.
[2017.12.07-17.34.04:858][717]LogFileHelpers: Loading map 'Test_Area1' took 0.205
[2017.12.07-17.34.04:859][717]LogSlate: Took 0.000110 seconds to synchronously load lazily loaded font '../../../Engine/Content/Slate/Fonts/Roboto-Regular.ttf' (155K)
