Log file open, 07/22/17 15:37:01
LogInit:Display: Running engine for game: InsertNameAdventure
LogPlatformFile: Not using cached read wrapper
LogInit:Display: RandInit(-1471634248) SRandInit(-1471634248).
LogTaskGraph: Started task graph with 5 named threads and 8 total threads with 1 sets of task threads.
LogStats: Stats thread started at 0.081395
LogInit: Using libcurl 7.47.1
LogInit:  - built for x86_64-pc-win32
LogInit:  - supports SSL with OpenSSL/1.0.2g
LogInit:  - supports HTTP deflate (compression) using libz 1.2.8
LogInit:  - other features:
LogInit:      CURL_VERSION_SSL
LogInit:      CURL_VERSION_LIBZ
LogInit:      CURL_VERSION_IPV6
LogInit:      CURL_VERSION_ASYNCHDNS
LogInit:      CURL_VERSION_LARGEFILE
LogInit:      CURL_VERSION_IDN
LogInit:  CurlRequestOptions (configurable via config and command line):
LogInit:  - bVerifyPeer = false  - Libcurl will NOT verify peer certificate
LogInit:  - bUseHttpProxy = false  - Libcurl will NOT use HTTP proxy
LogInit:  - bDontReuseConnections = false  - Libcurl will reuse connections
LogInit:  - CertBundlePath = nullptr  - Libcurl will use whatever was configured at build time.
LogInit: Build: ++UE4+Release-4.16-CL-3452394
LogInit: Engine Version: 4.16.0-3452394+++UE4+Release-4.16
LogInit: Compatible Engine Version: 4.16.0-3452394+++UE4+Release-4.16
LogInit: Net CL: 3452394
LogDevObjectVersion: Number of dev versions registered: 16
LogDevObjectVersion:   Dev-Blueprints (B0D832E4-1F89-4F0D-ACCF-7EB736FD4AA2): 9
LogDevObjectVersion:   Dev-Build (E1C64328-A22C-4D53-A36C-8E866417BD8C): 0
LogDevObjectVersion:   Dev-Core (375EC13C-06E4-48FB-B500-84F0262A717E): 2
LogDevObjectVersion:   Dev-Editor (E4B068ED-F494-42E9-A231-DA0B2E46BB41): 17
LogDevObjectVersion:   Dev-Framework (CFFC743F-43B0-4480-9391-14DF171D2073): 23
LogDevObjectVersion:   Dev-Mobile (B02B49B5-BB20-44E9-A304-32B752E40360): 0
LogDevObjectVersion:   Dev-Networking (A4E4105C-59A1-49B5-A7C5-40C4547EDFEE): 0
LogDevObjectVersion:   Dev-Online (39C831C9-5AE6-47DC-9A44-9C173E1C8E7C): 0
LogDevObjectVersion:   Dev-Physics (78F01B33-EBEA-4F98-B9B4-84EACCB95AA2): 0
LogDevObjectVersion:   Dev-Platform (6631380F-2D4D-43E0-8009-CF276956A95A): 0
LogDevObjectVersion:   Dev-Rendering (12F88B9F-8875-4AFC-A67C-D90C383ABD29): 15
LogDevObjectVersion:   Dev-Sequencer (7B5AE74C-D270-4C10-A958-57980B212A5A): 4
LogDevObjectVersion:   Dev-VR (D7296918-1DD6-4BDD-9DE2-64A83CC13884): 0
LogDevObjectVersion:   Dev-LoadTimes (C2A15278-BFE7-4AFE-6C17-90FF531DF755): 1
LogDevObjectVersion:   Private-Geometry (6EACA3D4-40EC-4CC1-B786-8BED09428FC5): 1
LogDevObjectVersion:   Dev-AnimPhys (29E575DD-E0A3-4627-9D10-D276232CDCEA): 3
LogInit: Compiled (64-bit): May 22 2017 17:47:00
LogInit: Compiled with Visual C++: 19.00.23026.00
LogInit: Build Configuration: Development
LogInit: Branch Name: ++UE4+Release-4.16
LogInit: Command line:  
LogInit: Base directory: C:/Program Files/Epic Games/UE_4.16/Engine/Binaries/Win64/
LogInit: Installed Engine Build: 1
LogInit: Presizing for max 8388607 objects, including 0 objects not considered by GC, pre-allocating 0 bytes for permanent pool.
LogInit: Object subsystem initialized
[2017.07.22-21.37.01:425][  0]LogInit: Selected Device Profile: [Windows]
[2017.07.22-21.37.01:425][  0]LogInit: Applying CVar settings loaded from the selected device profile: [Windows]
[2017.07.22-21.37.01:459][  0]LogInit: Computer: DESKTOP-6MFT485
[2017.07.22-21.37.01:459][  0]LogInit: User: JustinWells20
[2017.07.22-21.37.01:459][  0]LogInit: CPU Page size=4096, Cores=4
[2017.07.22-21.37.01:459][  0]LogInit: High frequency timer resolution =3.328128 MHz
[2017.07.22-21.37.01:460][  0]LogMemory: Memory total: Physical=15.9GB (16GB approx)
[2017.07.22-21.37.01:460][  0]LogMemory: Platform Memory Stats for Windows
[2017.07.22-21.37.01:460][  0]LogMemory: Process Physical Memory: 274.77 MB used, 274.77 MB peak
[2017.07.22-21.37.01:460][  0]LogMemory: Process Virtual Memory: 262.70 MB used, 262.70 MB peak
[2017.07.22-21.37.01:460][  0]LogMemory: Physical Memory: 4531.18 MB used,  11790.56 MB free, 16321.74 MB total
[2017.07.22-21.37.01:460][  0]LogMemory: Virtual Memory: 647.44 MB used,  11790.56 MB free, 134217728.00 MB total
[2017.07.22-21.37.01:552][  0]LogInit: Using OS detected language (en-US).
[2017.07.22-21.37.01:552][  0]LogInit: Using OS detected locale (en-US).
[2017.07.22-21.37.01:556][  0]LogTextLocalizationManager: No specific localization for 'en-US' exists, so the 'en' localization will be used.
[2017.07.22-21.37.02:431][  0]LogD3D11RHI: D3D11 adapters:
[2017.07.22-21.37.02:959][  0]LogD3D11RHI:    0. 'NVIDIA GeForce GTX 1070' (Feature Level 11_0)
[2017.07.22-21.37.02:959][  0]LogD3D11RHI:       8081/0/8160 MB DedicatedVideo/DedicatedSystem/SharedSystem, Outputs:2, VendorId:0x10de
[2017.07.22-21.37.02:960][  0]LogD3D11RHI:    1. 'Microsoft Basic Render Driver' (Feature Level 11_0)
[2017.07.22-21.37.02:960][  0]LogD3D11RHI:       0/0/8160 MB DedicatedVideo/DedicatedSystem/SharedSystem, Outputs:0, VendorId:0x1414
[2017.07.22-21.37.02:960][  0]LogD3D11RHI: Chosen D3D11 Adapter: 0
[2017.07.22-21.37.02:969][  0]LogD3D11RHI: Creating new Direct3DDevice
[2017.07.22-21.37.02:969][  0]LogD3D11RHI:     GPU DeviceId: 0x1b81 (for the marketing name, search the web for "GPU Device Id")
[2017.07.22-21.37.02:969][  0]LogWindows: EnumDisplayDevices:
[2017.07.22-21.37.02:969][  0]LogWindows:    0. 'NVIDIA GeForce GTX 1070' (P:0 D:1)
[2017.07.22-21.37.02:969][  0]LogWindows:    1. 'NVIDIA GeForce GTX 1070' (P:1 D:1)
[2017.07.22-21.37.02:970][  0]LogWindows:    2. 'NVIDIA GeForce GTX 1070' (P:0 D:0)
[2017.07.22-21.37.02:970][  0]LogWindows:    3. 'NVIDIA GeForce GTX 1070' (P:0 D:0)
[2017.07.22-21.37.02:970][  0]LogWindows: DebugString: FoundDriverCount:4 
[2017.07.22-21.37.02:970][  0]LogD3D11RHI:     Adapter Name: NVIDIA GeForce GTX 1070
[2017.07.22-21.37.02:970][  0]LogD3D11RHI:   Driver Version: 384.76 (internal:22.21.13.8476, unified:384.76)
[2017.07.22-21.37.02:970][  0]LogD3D11RHI:      Driver Date: 6-27-2017
[2017.07.22-21.37.02:970][  0]LogRHI: Texture pool is 1361 MB (70% of 1945 MB)
[2017.07.22-21.37.03:520][  0]LogD3D11RHI: Async texture creation enabled
[2017.07.22-21.37.03:552][  0]LogD3D11RHI: GPU Timing Frequency: 1000.000000 (Debug: 2 1)
[2017.07.22-21.37.03:603][  0]LogShaderCompilers: Guid format shader working directory is -54 characters bigger than the processId version (../../../../../../Users/Justin Wells/Documents/Unreal Projects/InsertNameAdventure/DatBoiEntertainmetnGame/Intermediate/Shaders/WorkingDirectory/38984/).
[2017.07.22-21.37.03:603][  0]LogShaderCompilers: Cleaned the shader compiler working directory 'C:/Users/Justin Wells/AppData/Local/Temp/UnrealShaderWorkingDir/681AE18C4CDB08DE108DDFBB2D282B7C/'.
[2017.07.22-21.37.03:603][  0]LogShaderCompilers:Display: Using Local Shader Compiler.
[2017.07.22-21.37.04:566][  0]LogTemp:Display: Loaded TP AllDesktopTargetPlatform
[2017.07.22-21.37.04:606][  0]LogTemp:Display: Loaded TP MacClientTargetPlatform
[2017.07.22-21.37.04:646][  0]LogTemp:Display: Loaded TP MacNoEditorTargetPlatform
[2017.07.22-21.37.04:686][  0]LogTemp:Display: Loaded TP MacServerTargetPlatform
[2017.07.22-21.37.04:727][  0]LogTemp:Display: Loaded TP MacTargetPlatform
[2017.07.22-21.37.04:767][  0]LogTemp:Display: Loaded TP WindowsClientTargetPlatform
[2017.07.22-21.37.04:806][  0]LogTemp:Display: Loaded TP WindowsNoEditorTargetPlatform
[2017.07.22-21.37.04:846][  0]LogTemp:Display: Loaded TP WindowsServerTargetPlatform
[2017.07.22-21.37.04:880][  0]LogTemp:Display: Loaded TP WindowsTargetPlatform
[2017.07.22-21.37.04:919][  0]LogTemp:Display: Loaded TP AndroidTargetPlatform
[2017.07.22-21.37.04:958][  0]LogTemp:Display: Loaded TP Android_ASTCTargetPlatform
[2017.07.22-21.37.04:998][  0]LogTemp:Display: Loaded TP Android_ATCTargetPlatform
[2017.07.22-21.37.05:038][  0]LogTemp:Display: Loaded TP Android_DXTTargetPlatform
[2017.07.22-21.37.05:078][  0]LogTemp:Display: Loaded TP Android_ETC1TargetPlatform
[2017.07.22-21.37.05:117][  0]LogTemp:Display: Loaded TP Android_ETC2TargetPlatform
[2017.07.22-21.37.05:195][  0]LogTemp:Display: Loaded TP Android_MultiTargetPlatform
[2017.07.22-21.37.05:195][  0]LogTemp:Display: Loaded TP Android_PVRTCTargetPlatform
[2017.07.22-21.37.05:226][  0]LogTemp:Display: Loaded TP HTML5TargetPlatform
[2017.07.22-21.37.05:303][  0]LogTemp:Display: Loaded TP IOSTargetPlatform
[2017.07.22-21.37.05:328][  0]LogTemp:Display: Loaded TP TVOSTargetPlatform
[2017.07.22-21.37.05:367][  0]LogTemp:Display: Loaded TP LinuxClientTargetPlatform
[2017.07.22-21.37.05:406][  0]LogTemp:Display: Loaded TP LinuxNoEditorTargetPlatform
[2017.07.22-21.37.05:446][  0]LogTemp:Display: Loaded TP LinuxServerTargetPlatform
[2017.07.22-21.37.05:485][  0]LogTemp:Display: Loaded TP LinuxTargetPlatform
[2017.07.22-21.37.05:485][  0]LogTargetPlatformManager:Display: Building Assets For Windows
[2017.07.22-21.37.05:858][  0]LogDerivedDataCache:Display: Max Cache Size: 512 MB
[2017.07.22-21.37.05:936][  0]LogDerivedDataCache: Loaded boot cache 0.08s 90MB C:/Users/Justin Wells/AppData/Local/UnrealEngine/4.16/DerivedDataCache/Boot.ddc.
[2017.07.22-21.37.05:936][  0]LogDerivedDataCache:Display: Loaded Boot cache: C:/Users/Justin Wells/AppData/Local/UnrealEngine/4.16/DerivedDataCache/Boot.ddc
[2017.07.22-21.37.05:936][  0]LogDerivedDataCache: FDerivedDataBackendGraph:  Pak pak cache file ../../../../../../Users/Justin Wells/Documents/Unreal Projects/InsertNameAdventure/DatBoiEntertainmetnGame/DerivedDataCache/DDC.ddp not found, will not use a pak cache.
[2017.07.22-21.37.05:936][  0]LogDerivedDataCache: Unable to find inner node Pak for hierarchical cache Hierarchy.
[2017.07.22-21.37.05:937][  0]LogDerivedDataCache: FDerivedDataBackendGraph:  CompressedPak pak cache file ../../../../../../Users/Justin Wells/Documents/Unreal Projects/InsertNameAdventure/DatBoiEntertainmetnGame/DerivedDataCache/Compressed.ddp not found, will not use a pak cache.
[2017.07.22-21.37.05:937][  0]LogDerivedDataCache: Unable to find inner node CompressedPak for hierarchical cache Hierarchy.
[2017.07.22-21.37.05:950][  0]LogDerivedDataCache:Display: Pak cache opened for reading ../../../Engine/DerivedDataCache/Compressed.ddp.
[2017.07.22-21.37.05:962][  0]LogDerivedDataCache: Using Local data cache path C:/Users/Justin Wells/AppData/Local/UnrealEngine/Common/DerivedDataCache: Writable
[2017.07.22-21.37.05:970][  0]LogMaterial: Verifying Global Shaders for PCD3D_SM5
[2017.07.22-21.37.05:970][  0]LogSlate: Using Freetype 2.6.0
[2017.07.22-21.37.05:971][  0]LogSlate: SlateFontCache - WITH_FREETYPE: 1, WITH_HARFBUZZ: 1
[2017.07.22-21.37.05:971][  0]LogSlate: SlateFontCache - WITH_FREETYPE: 1, WITH_HARFBUZZ: 1
[2017.07.22-21.37.06:247][  0]LogInit: Selected Device Profile: [Windows]
[2017.07.22-21.37.06:308][  0]LogContentStreaming: Texture pool size is 0.00 MB
[2017.07.22-21.37.06:437][  0]LogMeshUtilities: Using QuadricMeshReduction for automatic static mesh reduction
[2017.07.22-21.37.06:472][  0]LogSimplygon: Simplygon DLL not present - disabling.
[2017.07.22-21.37.06:508][  0]LogMeshUtilities: Using SimplygonSwarm for distributed automatic mesh merging
[2017.07.22-21.37.06:508][  0]LogMeshUtilities: No automatic skeletal mesh reduction module available
[2017.07.22-21.37.06:508][  0]LogMeshUtilities: No automatic mesh merging module available
[2017.07.22-21.37.06:965][  0]LogNetVersion: InsertNameAdventure , NetCL: 3452394, EngineNetVer: 2, GameNetVer: 0 (Checksum: 1278457987)
[2017.07.22-21.37.07:020][  0]LogAssetRegistry: FAssetRegistry took 0.0250 seconds to start up
[2017.07.22-21.37.07:074][  0]LogPackageLocalizationCache: Processed 4 localized package path(s) for 2 prioritized culture(s) in 0.036417 seconds
[2017.07.22-21.37.07:079][  0]LogUObjectArray: 34194 objects as part of root set at end of initial load.
[2017.07.22-21.37.07:079][  0]LogUObjectAllocator: 7260416 out of 0 bytes used by permanent object pool.
[2017.07.22-21.37.07:079][  0]LogUObjectArray: CloseDisregardForGC: 0/0 objects in disregard for GC pool
[2017.07.22-21.37.07:138][  0]LogInit: WinSock: version 1.1 (2.2), MaxSocks=32767, MaxUdp=65467
[2017.07.22-21.37.09:243][  0]LogTcpMessaging: Initializing TcpMessaging bridge
[2017.07.22-21.37.09:276][  0]LogUdpMessaging: Initializing bridge on interface 0.0.0.0:0 to multicast group 230.0.0.1:6666.
[2017.07.22-21.37.09:760][  0]LogMaterial: Uniform references updated for custom material expression Custom.
[2017.07.22-21.37.10:079][  0]SourceControl: Info Source control is disabled
[2017.07.22-21.37.11:049][  0]LogAndroidPermission: UAndroidPermissionCallbackProxy::GetInstance
[2017.07.22-21.37.11:521][  0]LogEngine: Initializing Engine...
[2017.07.22-21.37.11:538][  0]LogHMD: Failed to initialize OpenVR with code 103
[2017.07.22-21.37.11:719][  0]LogStats: UGameplayTagsManager::ConstructGameplayTagTree: Construct from data asset -  0.000 s
[2017.07.22-21.37.11:719][  0]LogStats: UGameplayTagsManager::ConstructGameplayTagTree: GameplayTagTreeChangedEvent.Broadcast -  0.000 s
[2017.07.22-21.37.11:821][  0]LogAIModule: Creating AISystem for world Untitled
[2017.07.22-21.37.11:833][  0]LogInit: XAudio2 using 'Headphones (High Definition Audio Device)' : 2 channels at 48 kHz using 16 bits per sample (channel mask 0x3)
[2017.07.22-21.37.11:842][  0]LogInit: FAudioDevice initialized.
[2017.07.22-21.37.11:878][  0]LogDerivedDataCache: Saved boot cache 0.04s 90MB C:/Users/Justin Wells/AppData/Local/UnrealEngine/4.16/DerivedDataCache/Boot.ddc.
[2017.07.22-21.37.11:890][  0]LogInit: Texture streaming: Enabled
[2017.07.22-21.37.11:964][  0]LogEngineSessionManager: EngineSessionManager initialized
[2017.07.22-21.37.12:136][  0]LogInit: Transaction tracking system initialized
[2017.07.22-21.37.12:377][  0]BlueprintLog: New page: Editor Load
[2017.07.22-21.37.13:095][  0]LocalizationService: Info Localization service is disabled
[2017.07.22-21.37.13:622][  0]LogConsoleResponse:Display: 
[2017.07.22-21.37.13:758][  0]LogCook:Display: Max memory allowance for cook 16384mb min free memory 0mb
[2017.07.22-21.37.13:758][  0]LogCook:Display: Mobile HDR setting 1
[2017.07.22-21.37.14:709][  0]LogFileCache: Scanning file cache for directory 'C:/Users/Justin Wells/Documents/Unreal Projects/InsertNameAdventure/DatBoiEntertainmetnGame/Content/' took 0.01s
[2017.07.22-21.37.14:717][  0]LogSlate: Took 0.000330 seconds to synchronously load lazily loaded font '../../../Engine/Content/Slate/Fonts/Roboto-Regular.ttf' (155K)
[2017.07.22-21.37.19:550][  0]LogWindowsTextInputMethodSystem:Display: IME system now deactivated.
[2017.07.22-21.37.19:555][  0]LightingResults: New page: Lighting Build
[2017.07.22-21.37.19:591][  0]MapCheck: New page: Map Check
[2017.07.22-21.37.19:591][  0]LightingResults: New page: Lighting Build
[2017.07.22-21.37.19:599][  0]LogAIModule: Creating AISystem for world Untitled
[2017.07.22-21.37.19:601][  0]LoadErrors: New page: New Map
[2017.07.22-21.37.19:662][  0]LogWindowsTextInputMethodSystem:Display: IME system now deactivated.
[2017.07.22-21.37.19:740][  0]LogCollectionManager: Loaded 0 collections in 0.001252 seconds
[2017.07.22-21.37.19:812][  0]LogFileCache: Scanning file cache for directory 'C:/Users/Justin Wells/Documents/Unreal Projects/InsertNameAdventure/DatBoiEntertainmetnGame/Saved/Collections/' took 0.01s
[2017.07.22-21.37.19:812][  0]LogFileCache: Scanning file cache for directory 'C:/Users/Justin Wells/Documents/Unreal Projects/InsertNameAdventure/DatBoiEntertainmetnGame/Content/Developers/JustinWells20/Collections/' took 0.01s
[2017.07.22-21.37.19:812][  0]LogFileCache: Scanning file cache for directory 'C:/Users/Justin Wells/Documents/Unreal Projects/InsertNameAdventure/DatBoiEntertainmetnGame/Content/Collections/' took 0.01s
[2017.07.22-21.37.19:812][  0]LogCollectionManager: Rebuilt the GUID cache for 0 collections in 0.000002 seconds
[2017.07.22-21.37.19:820][  0]LogContentBrowser: Native class hierarchy populated in 0.0079 seconds. Added 2329 classes and 491 folders.
[2017.07.22-21.37.19:872][  0]LogContentBrowser: Native class hierarchy updated for 'WidgetCarousel' in 0.0006 seconds. Added 0 classes and 0 folders.
[2017.07.22-21.37.19:906][  0]LogContentBrowser: Native class hierarchy updated for 'AddContentDialog' in 0.0007 seconds. Added 0 classes and 0 folders.
[2017.07.22-21.37.19:939][  0]LogContentBrowser: Native class hierarchy updated for 'SceneOutliner' in 0.0006 seconds. Added 1 classes and 2 folders.
[2017.07.22-21.37.19:958][  0]LogCrashTracker: Crashtracker disabled due to settings.
[2017.07.22-21.37.19:967][  0]LogSlate: Took 0.000276 seconds to synchronously load lazily loaded font '../../../Engine/Content/Slate/Fonts/Roboto-Bold.ttf' (160K)
[2017.07.22-21.37.19:970][  0]LogSlate: Took 0.000215 seconds to synchronously load lazily loaded font '../../../Engine/Content/Editor/Slate/Fonts/FontAwesome.ttf' (139K)
[2017.07.22-21.37.20:048][  0]LogRenderer: Reallocating scene render targets to support 1756x636 NumSamples 1 (Frame:1).
[2017.07.22-21.37.20:137][  0]LogUObjectGlobals:Warning: Failed to find object 'Class None.'
[2017.07.22-21.37.20:193][  0]LogContentBrowser: Native class hierarchy updated for 'HierarchicalLODOutliner' in 0.0006 seconds. Added 1 classes and 2 folders.
[2017.07.22-21.37.20:193][  0]LogLoad: (Engine Initialization) Total time: 20.10 seconds
[2017.07.22-21.37.20:193][  0]LogLoad: (Engine Initialization) Total Blueprint compile time: 0.03 seconds
[2017.07.22-21.37.20:193][  0]LogExternalProfiler: No external profilers were discovered.  External profiling features will not be available.
[2017.07.22-21.37.20:204][  0]LogOcInput: OculusInput pre-init called
[2017.07.22-21.37.20:204][  0]LogHMD: Starting GearVRController plugin
[2017.07.22-21.37.20:223][  0]SourceControl: Info On branch V1.5.1
[2017.07.22-21.37.20:223][  0]SourceControl: Info Your branch is up-to-date with 'origin/V1.5.1'.
[2017.07.22-21.37.20:223][  0]SourceControl: Info Changes not staged for commit:
[2017.07.22-21.37.20:223][  0]SourceControl: Info   (use "git add/rm <file>..." to update what will be committed)
[2017.07.22-21.37.20:223][  0]SourceControl: Info   (use "git checkout -- <file>..." to discard changes in working directory)
[2017.07.22-21.37.20:223][  0]SourceControl: Info 	modified:   Content/2DSideScrollerBP/Maps/Levels/Rainforest_Alien.umap
[2017.07.22-21.37.20:223][  0]SourceControl: Info 	modified:   Content/2DSideScrollerBP/Maps/Levels/Rainforest_Alien_BuiltData.uasset
[2017.07.22-21.37.20:223][  0]SourceControl: Info 	modified:   Intermediate/AssetRegistryCache/c90e3f55.bin
[2017.07.22-21.37.20:223][  0]SourceControl: Info 	modified:   Intermediate/CachedAssetRegistry.bin
[2017.07.22-21.37.20:223][  0]SourceControl: Info 	modified:   Saved/AutoScreenshot.png
[2017.07.22-21.37.20:223][  0]SourceControl: Info 	deleted:    Saved/Backup/2DSideScrollerCharacter_2017-07-11-14-23-09.uasset
[2017.07.22-21.37.20:223][  0]SourceControl: Info 	deleted:    Saved/Backup/2DSideScrollerCharacter_2017-07-11-14-45-27.uasset
[2017.07.22-21.37.20:223][  0]SourceControl: Info 	deleted:    Saved/Backup/HUD_2017-07-11-15-07-38.uasset
[2017.07.22-21.37.20:223][  0]SourceControl: Info 	modified:   Saved/Config/Windows/EditorPerProjectUserSettings.ini
[2017.07.22-21.37.20:223][  0]SourceControl: Info 	modified:   Saved/Config/Windows/Engine.ini
[2017.07.22-21.37.20:223][  0]SourceControl: Info 	deleted:    Saved/Logs/InsertNameAdventure-backup-2017.07.20-15.27.00.log
[2017.07.22-21.37.20:223][  0]SourceControl: Info 	deleted:    Saved/Logs/InsertNameAdventure-backup-2017.07.22-13.23.29.log
[2017.07.22-21.37.20:223][  0]SourceControl: Info 	modified:   Saved/Logs/InsertNameAdventure.log
[2017.07.22-21.37.20:223][  0]SourceControl: Info Untracked files:
[2017.07.22-21.37.20:223][  0]SourceControl: Info   (use "git add <file>..." to include in what will be committed)
[2017.07.22-21.37.20:223][  0]SourceControl: Info 	Saved/Backup/Rainforest_Alien_2017-07-22-15-36-08.umap
[2017.07.22-21.37.20:223][  0]SourceControl: Info 	Saved/Backup/Rainforest_Alien_BuiltData_2017-07-22-15-36-09.uasset
[2017.07.22-21.37.20:223][  0]SourceControl: Info 	Saved/Config/CrashReportClient/UE4CC-Windows-A0170EDE49F89D1322BE3A89EA4CAF93/
[2017.07.22-21.37.20:223][  0]SourceControl: Info 	Saved/Config/CrashReportClient/UE4CC-Windows-C5E9209B40E86CBC6D2AF9810BF29167/
[2017.07.22-21.37.20:223][  0]SourceControl: Info 	Saved/Logs/InsertNameAdventure-backup-2017.07.22-15.27.56.log
[2017.07.22-21.37.20:223][  0]SourceControl: Info 	Saved/Logs/InsertNameAdventure-backup-2017.07.22-15.37.01.log
[2017.07.22-21.37.20:224][  0]SourceControl: Info no changes added to commit (use "git add" and/or "git commit -a")
[2017.07.22-21.37.20:224][  0]LogContentStreaming: Texture pool size now 1000 MB
[2017.07.22-21.37.20:251][  0]LogSlate: Took 0.000375 seconds to synchronously load lazily loaded font '../../../Engine/Content/Slate/Fonts/Roboto-Light.ttf' (159K)
[2017.07.22-21.37.20:258][  1]LogAssetRegistry: Asset discovery search completed in 13.2598 seconds
[2017.07.22-21.37.20:260][  1]LogCollectionManager: Rebuilt the object cache for 0 collections in 0.000002 seconds (found 0 objects)
[2017.07.22-21.37.20:260][  1]LogCollectionManager: Fixed up redirectors for 0 collections in 0.000020 seconds (updated 0 objects)
[2017.07.22-21.37.22:777][280]LogSlate: Took 0.000250 seconds to synchronously load lazily loaded font '../../../Engine/Content/Slate/Fonts/Roboto-Light.ttf' (159K)
[2017.07.22-21.37.23:693][280]LogAIModule: Creating AISystem for world Rainforest_Alien
[2017.07.22-21.37.23:735][280]LightingResults: New page: Lighting Build
[2017.07.22-21.37.23:735][280]LoadErrors: New page: Loading map: Rainforest_Alien.umap
[2017.07.22-21.37.23:735][280]MapCheck: New page: Map Check
[2017.07.22-21.37.23:735][280]LightingResults: New page: Lighting Build
[2017.07.22-21.37.23:767][280]LogEditorServer: Finished looking for orphan Actors (0.000 secs)
[2017.07.22-21.37.23:820][280]Cmd: MAP CHECKDEP NOCLEARLOG
[2017.07.22-21.37.23:870][280]MapCheck: Info Map check complete: 0 Error(s), 0 Warning(s), took 49.749ms to complete.
[2017.07.22-21.37.23:870][280]LogFileHelpers: Loading map 'Rainforest_Alien' took 0.136
[2017.07.22-21.37.34:270][930]LogFactory: FactoryCreateFile: Texture with ReimportTextureFactory (0 0 ../../../../../../Users/Justin Wells/Desktop/UE4 Art/PNG's/Rain Forrest Assets/Door Frame 2.png)
[2017.07.22-21.37.34:277][930]LogTexture:Display: Building textures: Door_Frame_2 (AutoDXT, 16X16)
[2017.07.22-21.37.37:079][234]LogTexture:Display: Building textures: Door_Frame_2 (BGRA8, 16X16)
[2017.07.22-21.37.41:075][675]LogSlate: Took 0.000160 seconds to synchronously load lazily loaded font '../../../Engine/Content/Editor/Slate/Fonts/Roboto-BoldCondensed.ttf' (158K)
[2017.07.22-21.37.53:817][ 85]LogEditorViewport: Clicking on Actor (LMB): PaperSpriteActor (Door_Frame_Sprite)
[2017.07.22-21.37.56:401][378]Cmd: DELETE
[2017.07.22-21.37.56:401][378]Cmd: ACTOR DELETE
[2017.07.22-21.37.56:412][378]LogEditorActor: Deleted Actor: PaperSpriteActor
[2017.07.22-21.37.56:442][378]LogEditorActor: Deleted 1 Actors (0.040 secs)
[2017.07.22-21.38.22:468][348]LogEditorViewport: Clicking on Actor (LMB): OutpostDoor_BP_C (OutpostDoor_BP)
[2017.07.22-21.38.28:694][  7]LogEditorViewport: Clicking on Actor (LMB): PaperSpriteActor (Door_Frame_2_Sprite)
[2017.07.22-21.38.31:360][307]LogEditorViewport: Clicking on Actor (LMB): OutpostDoor_BP_C (OutpostDoor_BP)
[2017.07.22-21.38.35:051][726]LogEditorViewport: Clicking on Actor (LMB): PaperFlipbookActor (Outpost_inner_Walls_2_comp2)
[2017.07.22-21.38.35:883][812]LogEditorViewport: Clicking on Actor (LMB): PaperSpriteActor (Door_Frame_2_Sprite)
[2017.07.22-21.38.45:670][883]LogSlate: Took 0.000323 seconds to synchronously load lazily loaded font '../../../Engine/Content/Editor/Slate/Fonts/Roboto-Italic.ttf' (157K)
[2017.07.22-21.38.46:660][997]LogTemp: Repeting last play command: New Editor Window (PIE)
[2017.07.22-21.38.46:717][997]LogPlayLevel: PlayLevel: No blueprints needed recompiling
[2017.07.22-21.38.46:718][997]PIE: New page: PIE session: Rainforest_Alien (Jul 22, 2017, 9:38:46 AM)
[2017.07.22-21.38.46:718][997]LogPlayLevel: Creating play world package: /Game/2DSideScrollerBP/Maps/Levels/UEDPIE_0_Rainforest_Alien
[2017.07.22-21.38.46:735][997]LogPlayLevel: PIE: StaticDuplicateObject took: (0.016994s)
[2017.07.22-21.38.46:736][997]LogAIModule: Creating AISystem for world Rainforest_Alien
[2017.07.22-21.38.46:736][997]LogPlayLevel: PIE: World Init took: (0.000568s)
[2017.07.22-21.38.46:736][997]LogPlayLevel: PIE: Created PIE world by copying editor world from /Game/2DSideScrollerBP/Maps/Levels/Rainforest_Alien.Rainforest_Alien to /Game/2DSideScrollerBP/Maps/Levels/UEDPIE_0_Rainforest_Alien.Rainforest_Alien (0.017913s)
[2017.07.22-21.38.46:751][997]LogInit: XAudio2 using 'Headphones (High Definition Audio Device)' : 2 channels at 48 kHz using 16 bits per sample (channel mask 0x3)
[2017.07.22-21.38.46:757][997]LogInit: FAudioDevice initialized.
[2017.07.22-21.38.46:825][997]LogLoad: Game class is '2DSideScrollerGameMode_C'
[2017.07.22-21.38.46:860][997]LogWorld: Bringing World /Game/2DSideScrollerBP/Maps/Levels/UEDPIE_0_Rainforest_Alien.Rainforest_Alien up for play (max tick rate 0) at 2017.07.22-15.38.46
[2017.07.22-21.38.46:886][997]LogWorld: Bringing up level for play took: 0.057982
[2017.07.22-21.38.46:960][997]LogContentBrowser: Native class hierarchy updated for 'MovieSceneCapture' in 0.0013 seconds. Added 11 classes and 0 folders.
[2017.07.22-21.38.46:975][997]PIE: Info Play in editor start time for /Game/2DSideScrollerBP/Maps/Levels/UEDPIE_0_Rainforest_Alien -0.644
[2017.07.22-21.38.47:015][997]LogRenderer: Reallocating scene render targets to support 1756x756 NumSamples 1 (Frame:1).
[2017.07.22-21.38.47:042][998]LogCharacterMovement:Warning: GetSimulationTimeStep() - Max iterations 8 hit while remaining time 0.079570 > MaxSimulationTimeStep (0.050) for '2DSideScrollerCharacter_C_0', movement 'Walking'
[2017.07.22-21.38.59:146][415]LogEditorViewport: Clicking on Actor (LMB): OutpostDoor_BP_C (OutpostDoor_BP)
[2017.07.22-21.39.04:340][960]LogEditorViewport: Clicking on Actor (LMB): BP_Sky_Sphere_C (BP_Sky_Sphere)
[2017.07.22-21.39.07:896][283]LogSavePackage: Save=447.42ms
[2017.07.22-21.39.07:896][283]LogSavePackage: Moving '../../../../../../Users/Justin Wells/Documents/Unreal Projects/InsertNameAdventure/DatBoiEntertainmetnGame/Saved/Rainforest_Alien52BAC96748BD30ADA9AB4E99A53A9A3A.tmp' to '../../../../../../Users/Justin Wells/Documents/Unreal Projects/InsertNameAdventure/DatBoiEntertainmetnGame/Content/2DSideScrollerBP/Maps/Levels/Rainforest_Alien.umap'
[2017.07.22-21.39.07:899][283]LogSavePackage:Display: Finished SavePackage ../../../../../../Users/Justin Wells/Documents/Unreal Projects/InsertNameAdventure/DatBoiEntertainmetnGame/Content/2DSideScrollerBP/Maps/Levels/Rainforest_Alien.umap
[2017.07.22-21.39.07:943][283]LogFileHelpers: Saving map 'Rainforest_Alien' took 0.566
[2017.07.22-21.39.07:963][283]LogSavePackage: Save=6.90ms
[2017.07.22-21.39.07:963][283]LogSavePackage: Moving '../../../../../../Users/Justin Wells/Documents/Unreal Projects/InsertNameAdventure/DatBoiEntertainmetnGame/Saved/Door_Frame_2_SpriteB20F5F7947FA7D1737EE1E9742CC7B8F.tmp' to '../../../../../../Users/Justin Wells/Documents/Unreal Projects/InsertNameAdventure/DatBoiEntertainmetnGame/Content/2DSideScrollerBP/Maps/Levels/LevelSprites/Sprites/Door_Frame_2_Sprite.uasset'
[2017.07.22-21.39.07:965][283]LogSavePackage:Display: Finished SavePackage ../../../../../../Users/Justin Wells/Documents/Unreal Projects/InsertNameAdventure/DatBoiEntertainmetnGame/Content/2DSideScrollerBP/Maps/Levels/LevelSprites/Sprites/Door_Frame_2_Sprite.uasset
[2017.07.22-21.39.08:072][283]LogSavePackage: Save=4.03ms
[2017.07.22-21.39.08:072][283]LogSavePackage: Moving '../../../../../../Users/Justin Wells/Documents/Unreal Projects/InsertNameAdventure/DatBoiEntertainmetnGame/Saved/Door_Frame_266294FA248A7E3D600320F8C03666118.tmp' to '../../../../../../Users/Justin Wells/Documents/Unreal Projects/InsertNameAdventure/DatBoiEntertainmetnGame/Content/2DSideScrollerBP/Maps/Levels/LevelSprites/Sprites/Door_Frame_2.uasset'
[2017.07.22-21.39.08:075][283]LogSavePackage:Display: Finished SavePackage ../../../../../../Users/Justin Wells/Documents/Unreal Projects/InsertNameAdventure/DatBoiEntertainmetnGame/Content/2DSideScrollerBP/Maps/Levels/LevelSprites/Sprites/Door_Frame_2.uasset
[2017.07.22-21.39.14:097][973]LogWindowsTextInputMethodSystem:Display: IME system now deactivated.
[2017.07.22-21.39.14:315][974]Cmd: QUIT_EDITOR
[2017.07.22-21.39.14:536][974]LogExit: Preparing to exit.
[2017.07.22-21.39.15:477][974]LogDirectoryWatcher: A directory notification for 'C:/Users/Justin Wells/Documents/Unreal Projects/InsertNameAdventure/DatBoiEntertainmetnGame/Content/' was aborted.
[2017.07.22-21.39.15:521][974]LogExit: Editor shut down
[2017.07.22-21.39.15:525][974]LogExit: Transaction tracking system shut down
[2017.07.22-21.39.15:590][974]LogObj: Freed 0b from 0 cluster array pools.
[2017.07.22-21.39.15:590][974]LogExit: Object subsystem successfully closed.
[2017.07.22-21.39.15:612][974]LogD3D11RHI: Shutdown
[2017.07.22-21.39.15:612][974]LogD3D11RHI: CleanupD3DDevice
[2017.07.22-21.39.15:660][974]LogD3D11RHI: ~FD3D11DynamicRHI
[2017.07.22-21.39.15:671][974]LogModuleManager: Shutting down and abandoning module MovieSceneCapture (526)
[2017.07.22-21.39.15:671][974]LogModuleManager: Shutting down and abandoning module HierarchicalLODOutliner (524)
[2017.07.22-21.39.15:671][974]LogModuleManager: Shutting down and abandoning module CrashTracker (522)
[2017.07.22-21.39.15:671][974]LogModuleManager: Shutting down and abandoning module SceneOutliner (520)
[2017.07.22-21.39.15:671][974]LogModuleManager: Shutting down and abandoning module AddContentDialog (518)
[2017.07.22-21.39.15:671][974]LogDirectoryWatcher: A directory notification for 'C:/Program Files/Epic Games/UE_4.16/FeaturePacks/' was aborted.
[2017.07.22-21.39.15:672][974]LogModuleManager: Shutting down and abandoning module WidgetCarousel (517)
[2017.07.22-21.39.15:672][974]LogModuleManager: Shutting down and abandoning module EditorWidgets (514)
[2017.07.22-21.39.15:672][974]LogModuleManager: Shutting down and abandoning module CollectionManager (512)
[2017.07.22-21.39.15:672][974]LogDirectoryWatcher: A directory notification for 'C:/Users/Justin Wells/Documents/Unreal Projects/InsertNameAdventure/DatBoiEntertainmetnGame/Content/Collections/' was aborted.
[2017.07.22-21.39.15:672][974]LogDirectoryWatcher: A directory notification for 'C:/Users/Justin Wells/Documents/Unreal Projects/InsertNameAdventure/DatBoiEntertainmetnGame/Content/Developers/JustinWells20/Collections/' was aborted.
[2017.07.22-21.39.15:672][974]LogDirectoryWatcher: A directory notification for 'C:/Users/Justin Wells/Documents/Unreal Projects/InsertNameAdventure/DatBoiEntertainmetnGame/Saved/Collections/' was aborted.
[2017.07.22-21.39.15:672][974]LogModuleManager: Shutting down and abandoning module StatsViewer (510)
[2017.07.22-21.39.15:672][974]LogModuleManager: Shutting down and abandoning module FoliageEdit (508)
[2017.07.22-21.39.15:672][974]LogModuleManager: Shutting down and abandoning module LandscapeEditor (506)
[2017.07.22-21.39.15:672][974]LogModuleManager: Shutting down and abandoning module MeshPaintMode (504)
[2017.07.22-21.39.15:672][974]LogModuleManager: Shutting down and abandoning module SceneDepthPickerMode (502)
[2017.07.22-21.39.15:672][974]LogModuleManager: Shutting down and abandoning module ActorPickerMode (500)
[2017.07.22-21.39.15:672][974]LogModuleManager: Shutting down and abandoning module GeometryMode (498)
[2017.07.22-21.39.15:672][974]LogModuleManager: Shutting down and abandoning module TextureAlignMode (496)
[2017.07.22-21.39.15:672][974]LogModuleManager: Shutting down and abandoning module BspMode (494)
[2017.07.22-21.39.15:672][974]LogModuleManager: Shutting down and abandoning module HardwareSurvey (492)
[2017.07.22-21.39.15:672][974]LogModuleManager: Shutting down and abandoning module SequenceRecorderSections (490)
[2017.07.22-21.39.15:672][974]LogModuleManager: Shutting down and abandoning module AutomationWorker (488)
[2017.07.22-21.39.15:672][974]LogModuleManager: Shutting down and abandoning module MatineeToLevelSequence (486)
[2017.07.22-21.39.15:672][974]LogModuleManager: Shutting down and abandoning module LevelSequenceEditor (484)
[2017.07.22-21.39.15:672][974]LogModuleManager: Shutting down and abandoning module PlacementMode (483)
[2017.07.22-21.39.15:672][974]LogModuleManager: Shutting down and abandoning module WmfMediaFactory (480)
[2017.07.22-21.39.15:672][974]LogModuleManager: Shutting down and abandoning module WmfMediaEditor (478)
[2017.07.22-21.39.15:672][974]LogModuleManager: Shutting down and abandoning module AvfMediaFactory (476)
[2017.07.22-21.39.15:672][974]LogModuleManager: Shutting down and abandoning module AvfMediaEditor (474)
[2017.07.22-21.39.15:672][974]LogModuleManager: Shutting down and abandoning module AndroidMediaFactory (472)
[2017.07.22-21.39.15:672][974]LogModuleManager: Shutting down and abandoning module Media (471)
[2017.07.22-21.39.15:672][974]LogModuleManager: Shutting down and abandoning module AndroidMediaEditor (468)
[2017.07.22-21.39.15:672][974]LogModuleManager: Shutting down and abandoning module CharacterAI (466)
[2017.07.22-21.39.15:672][974]LogModuleManager: Shutting down and abandoning module AudioCapture (464)
[2017.07.22-21.39.15:672][974]LogModuleManager: Shutting down and abandoning module SequenceRecorder (463)
[2017.07.22-21.39.15:672][974]LogModuleManager: Shutting down and abandoning module SmartSnapping (460)
[2017.07.22-21.39.15:672][974]LogModuleManager: Shutting down and abandoning module SessionServices (458)
[2017.07.22-21.39.15:672][974]LogModuleManager: Shutting down and abandoning module ViewportSnapping (456)
[2017.07.22-21.39.15:673][974]LogModuleManager: Shutting down and abandoning module ViewportInteraction (454)
[2017.07.22-21.39.15:673][974]LogModuleManager: Shutting down and abandoning module ClothPainter (452)
[2017.07.22-21.39.15:673][974]LogModuleManager: Shutting down and abandoning module LogVisualizer (450)
[2017.07.22-21.39.15:673][974]LogModuleManager: Shutting down and abandoning module IntroTutorials (448)
[2017.07.22-21.39.15:673][974]LogModuleManager: Shutting down and abandoning module GameProjectGeneration (447)
[2017.07.22-21.39.15:673][974]LogModuleManager: Shutting down and abandoning module EditorLiveStreaming (444)
[2017.07.22-21.39.15:673][974]LogModuleManager: Shutting down and abandoning module IOSPlatformEditor (442)
[2017.07.22-21.39.15:673][974]LogModuleManager: Shutting down and abandoning module HTML5PlatformEditor (440)
[2017.07.22-21.39.15:673][974]LogModuleManager: Shutting down and abandoning module AndroidPlatformEditor (438)
[2017.07.22-21.39.15:673][974]LogModuleManager: Shutting down and abandoning module AndroidDeviceDetection (437)
[2017.07.22-21.39.16:396][974]LogModuleManager: Shutting down and abandoning module IOSRuntimeSettings (434)
[2017.07.22-21.39.16:396][974]LogModuleManager: Shutting down and abandoning module AndroidRuntimeSettings (432)
[2017.07.22-21.39.16:396][974]LogModuleManager: Shutting down and abandoning module InputBindingEditor (430)
[2017.07.22-21.39.16:396][974]LogModuleManager: Shutting down and abandoning module MergeActors (428)
[2017.07.22-21.39.16:396][974]LogModuleManager: Shutting down and abandoning module SizeMap (426)
[2017.07.22-21.39.16:396][974]LogModuleManager: Shutting down and abandoning module TreeMap (424)
[2017.07.22-21.39.16:396][974]LogModuleManager: Shutting down and abandoning module ReferenceViewer (422)
[2017.07.22-21.39.16:396][974]LogModuleManager: Shutting down and abandoning module LocalizationDashboard (420)
[2017.07.22-21.39.16:396][974]LogModuleManager: Shutting down and abandoning module LocalizationService (419)
[2017.07.22-21.39.16:396][974]LogModuleManager: Shutting down and abandoning module HardwareTargeting (416)
[2017.07.22-21.39.16:396][974]LogModuleManager: Shutting down and abandoning module DeviceProfileEditor (414)
[2017.07.22-21.39.16:396][974]LogModuleManager: Shutting down and abandoning module UndoHistory (412)
[2017.07.22-21.39.16:396][974]LogModuleManager: Shutting down and abandoning module UserFeedback (410)
[2017.07.22-21.39.16:396][974]LogModuleManager: Shutting down and abandoning module XmlParser (408)
[2017.07.22-21.39.16:397][974]LogModuleManager: Shutting down and abandoning module Blutility (406)
[2017.07.22-21.39.16:397][974]LogModuleManager: Shutting down and abandoning module ProjectSettingsViewer (404)
[2017.07.22-21.39.16:397][974]LogModuleManager: Shutting down and abandoning module ProjectTargetPlatformEditor (403)
[2017.07.22-21.39.16:397][974]LogModuleManager: Shutting down and abandoning module EditorSettingsViewer (400)
[2017.07.22-21.39.16:397][974]LogModuleManager: Shutting down and abandoning module SettingsEditor (398)
[2017.07.22-21.39.16:397][974]LogModuleManager: Shutting down and abandoning module ProjectLauncher (396)
[2017.07.22-21.39.16:397][974]LogModuleManager: Shutting down and abandoning module SessionFrontend (394)
[2017.07.22-21.39.16:397][974]LogModuleManager: Shutting down and abandoning module ProfilerClient (392)
[2017.07.22-21.39.16:397][974]LogModuleManager: Shutting down and abandoning module DeviceManager (390)
[2017.07.22-21.39.16:397][974]LogModuleManager: Shutting down and abandoning module TargetDeviceServices (389)
[2017.07.22-21.39.16:449][974]LogModuleManager: Shutting down and abandoning module AutomationController (386)
[2017.07.22-21.39.16:449][974]LogModuleManager: Shutting down and abandoning module AutomationWindow (384)
[2017.07.22-21.39.16:449][974]LogModuleManager: Shutting down and abandoning module Layers (382)
[2017.07.22-21.39.16:449][974]LogModuleManager: Shutting down and abandoning module ComponentVisualizers (380)
[2017.07.22-21.39.16:449][974]LogModuleManager: Shutting down and abandoning module DetailCustomizations (378)
[2017.07.22-21.39.16:449][974]LogModuleManager: Shutting down and abandoning module PackagesDialog (376)
[2017.07.22-21.39.16:449][974]LogModuleManager: Shutting down and abandoning module Persona (374)
[2017.07.22-21.39.16:449][974]LogModuleManager: Shutting down and abandoning module AdvancedPreviewScene (373)
[2017.07.22-21.39.16:449][974]LogModuleManager: Shutting down and abandoning module AnimGraph (371)
[2017.07.22-21.39.16:450][974]LogModuleManager: Shutting down and abandoning module Kismet (368)
[2017.07.22-21.39.16:452][974]LogModuleManager: Shutting down and abandoning module ClassViewer (366)
[2017.07.22-21.39.16:452][974]LogModuleManager: Shutting down and abandoning module Toolbox (364)
[2017.07.22-21.39.16:452][974]LogModuleManager: Shutting down and abandoning module ModuleUI (362)
[2017.07.22-21.39.16:452][974]LogModuleManager: Shutting down and abandoning module MovieSceneTools (360)
[2017.07.22-21.39.16:452][974]LogModuleManager: Shutting down and abandoning module OutputLog (358)
[2017.07.22-21.39.16:452][974]LogModuleManager: Shutting down and abandoning module GammaUI (356)
[2017.07.22-21.39.16:452][974]LogModuleManager: Shutting down and abandoning module Documentation (354)
[2017.07.22-21.39.16:452][974]LogModuleManager: Shutting down and abandoning module MovieSceneTracks (352)
[2017.07.22-21.39.16:452][974]LogModuleManager: Shutting down and abandoning module MovieScene (350)
[2017.07.22-21.39.16:452][974]LogModuleManager: Shutting down and abandoning module Niagara (348)
[2017.07.22-21.39.16:452][974]LogModuleManager: Shutting down and abandoning module NiagaraEditor (347)
[2017.07.22-21.39.16:452][974]LogModuleManager: Shutting down and abandoning module StreamingPauseRendering (344)
[2017.07.22-21.39.16:452][974]LogModuleManager: Shutting down and abandoning module AnalyticsET (342)
[2017.07.22-21.39.16:452][974]LogModuleManager: Shutting down and abandoning module PortalServices (340)
[2017.07.22-21.39.16:452][974]LogModuleManager: Shutting down and abandoning module PortalRpc (338)
[2017.07.22-21.39.16:452][974]LogModuleManager: Shutting down and abandoning module MessagingRpc (336)
[2017.07.22-21.39.16:452][974]LogModuleManager: Shutting down and abandoning module AIModule (334)
[2017.07.22-21.39.16:453][974]LogModuleManager: Shutting down and abandoning module GameplayDebugger (333)
[2017.07.22-21.39.16:453][974]LogModuleManager: Shutting down and abandoning module AITestSuite (331)
[2017.07.22-21.39.16:453][974]LogModuleManager: Shutting down and abandoning module ProfilerService (328)
[2017.07.22-21.39.16:692][974]LogModuleManager: Shutting down and abandoning module TaskGraph (326)
[2017.07.22-21.39.16:692][974]LogModuleManager: Shutting down and abandoning module SteamVRController (324)
[2017.07.22-21.39.16:692][974]LogModuleManager: Shutting down and abandoning module SteamVR (322)
[2017.07.22-21.39.16:692][974]LogModuleManager: Shutting down and abandoning module ProceduralMeshComponentEditor (320)
[2017.07.22-21.39.16:692][974]LogModuleManager: Shutting down and abandoning module ProceduralMeshComponent (318)
[2017.07.22-21.39.16:692][974]LogModuleManager: Shutting down and abandoning module OculusLibrary (316)
[2017.07.22-21.39.16:692][974]LogModuleManager: Shutting down and abandoning module OculusInput (314)
[2017.07.22-21.39.16:692][974]LogModuleManager: Shutting down and abandoning module MobilePatchingUtils (312)
[2017.07.22-21.39.16:692][974]LogModuleManager: Shutting down and abandoning module CustomMeshComponent (310)
[2017.07.22-21.39.16:692][974]LogModuleManager: Shutting down and abandoning module CableComponent (308)
[2017.07.22-21.39.16:692][974]LogModuleManager: Shutting down and abandoning module ArchVisCharacter (306)
[2017.07.22-21.39.16:692][974]LogModuleManager: Shutting down and abandoning module AndroidPermission (304)
[2017.07.22-21.39.16:692][974]LogModuleManager: Shutting down and abandoning module MediaPlayerEditor (300)
[2017.07.22-21.39.16:692][974]LogModuleManager: Shutting down and abandoning module HTML5Networking (298)
[2017.07.22-21.39.16:692][974]LogModuleManager: Shutting down and abandoning module AlembicImporter (296)
[2017.07.22-21.39.16:692][974]LogModuleManager: Shutting down and abandoning module AlembicLibrary (295)
[2017.07.22-21.39.16:692][974]LogModuleManager: Shutting down and abandoning module GeometryCache (294)
[2017.07.22-21.39.16:692][974]LogModuleManager: Shutting down and abandoning module GeometryCacheEd (293)
[2017.07.22-21.39.16:692][974]LogModuleManager: Shutting down and abandoning module SuperSearchEditor (288)
[2017.07.22-21.39.16:692][974]LogModuleManager: Shutting down and abandoning module SuperSearch (287)
[2017.07.22-21.39.16:692][974]LogModuleManager: Shutting down and abandoning module SpeedTreeImporter (284)
[2017.07.22-21.39.16:692][974]LogModuleManager: Shutting down and abandoning module PluginBrowser (282)
[2017.07.22-21.39.16:694][974]LogModuleManager: Shutting down and abandoning module MobileLauncherProfileWizard (280)
[2017.07.22-21.39.16:694][974]LogModuleManager: Shutting down and abandoning module VisualStudioSourceCodeAccess (278)
[2017.07.22-21.39.16:694][974]LogModuleManager: Shutting down and abandoning module DesktopPlatform (277)
[2017.07.22-21.39.16:694][974]LogModuleManager: Shutting down and abandoning module UObjectPlugin (274)
[2017.07.22-21.39.16:694][974]LogModuleManager: Shutting down and abandoning module SubversionSourceControl (272)
[2017.07.22-21.39.16:694][974]LogModuleManager: Shutting down and abandoning module PerforceSourceControl (270)
[2017.07.22-21.39.16:694][974]LogModuleManager: Shutting down and abandoning module GitSourceControl (268)
[2017.07.22-21.39.16:694][974]LogModuleManager: Shutting down and abandoning module SourceControl (267)
[2017.07.22-21.39.16:694][974]LogModuleManager: Shutting down and abandoning module LightPropagationVolumeEditor (264)
[2017.07.22-21.39.16:694][974]LogModuleManager: Shutting down and abandoning module PaperTiledImporter (262)
[2017.07.22-21.39.16:694][974]LogModuleManager: Shutting down and abandoning module PaperSpriteSheetImporter (260)
[2017.07.22-21.39.16:694][974]LogModuleManager: Shutting down and abandoning module Paper2DEditor (258)
[2017.07.22-21.39.16:694][974]LogModuleManager: Shutting down and abandoning module MeshPaint (257)
[2017.07.22-21.39.16:694][974]LogModuleManager: Shutting down and abandoning module LevelEditor (255)
[2017.07.22-21.39.16:696][974]LogModuleManager: Shutting down and abandoning module PixelInspectorModule (254)
[2017.07.22-21.39.16:696][974]LogModuleManager: Shutting down and abandoning module MainFrame (252)
[2017.07.22-21.39.16:696][974]LogModuleManager: Shutting down and abandoning module HotReload (251)
[2017.07.22-21.39.16:696][974]LogDirectoryWatcher: A directory notification for 'C:/Users/Justin Wells/Documents/Unreal Projects/InsertNameAdventure/DatBoiEntertainmetnGame/Binaries/Win64' was aborted.
[2017.07.22-21.39.16:697][974]LogModuleManager: Shutting down and abandoning module PhysXVehiclesEditor (246)
[2017.07.22-21.39.16:698][974]LogModuleManager: Shutting down and abandoning module PhysXVehicles (244)
[2017.07.22-21.39.16:698][974]LogModuleManager: Shutting down and abandoning module LocationServicesBPLibrary (242)
[2017.07.22-21.39.16:698][974]LogModuleManager: Shutting down and abandoning module ImmediatePhysicsEditor (240)
[2017.07.22-21.39.16:698][974]LogModuleManager: Shutting down and abandoning module ImmediatePhysics (238)
[2017.07.22-21.39.16:698][974]LogModuleManager: Shutting down and abandoning module UdpMessaging (236)
[2017.07.22-21.39.16:799][974]LogModuleManager: Shutting down and abandoning module TcpMessaging (234)
[2017.07.22-21.39.16:899][974]LogModuleManager: Shutting down and abandoning module GameplayTagsEditor (232)
[2017.07.22-21.39.16:899][974]LogModuleManager: Shutting down and abandoning module FacialAnimationEditor (230)
[2017.07.22-21.39.16:899][974]LogModuleManager: Shutting down and abandoning module FacialAnimation (228)
[2017.07.22-21.39.16:899][974]LogModuleManager: Shutting down and abandoning module AssetManagerEditor (226)
[2017.07.22-21.39.16:899][974]LogModuleManager: Shutting down and abandoning module GraphEditor (225)
[2017.07.22-21.39.16:899][974]LogModuleManager: Shutting down and abandoning module ContentBrowser (223)
[2017.07.22-21.39.16:902][974]LogModuleManager: Shutting down and abandoning module LightPropagationVolumeRuntime (220)
[2017.07.22-21.39.16:902][974]LogModuleManager: Shutting down and abandoning module Paper2D (218)
[2017.07.22-21.39.16:902][974]LogModuleManager: Shutting down and abandoning module WindowsMoviePlayer (216)
[2017.07.22-21.39.16:902][974]LogModuleManager: Shutting down and abandoning module WmfMedia (214)
[2017.07.22-21.39.16:902][974]LogModuleManager: Shutting down and abandoning module ClothingSystemEditor (212)
[2017.07.22-21.39.16:902][974]LogModuleManager: Shutting down and abandoning module ClothingSystemRuntime (210)
[2017.07.22-21.39.16:902][974]LogModuleManager: Shutting down and abandoning module MediaAssets (208)
[2017.07.22-21.39.16:902][974]LogModuleManager: Shutting down and abandoning module GameLiveStreaming (206)
[2017.07.22-21.39.16:902][974]LogModuleManager: Shutting down and abandoning module VREditor (204)
[2017.07.22-21.39.16:902][974]LogModuleManager: Shutting down and abandoning module StringTableEditor (202)
[2017.07.22-21.39.16:902][974]LogModuleManager: Shutting down and abandoning module GameplayTasksEditor (200)
[2017.07.22-21.39.16:902][974]LogModuleManager: Shutting down and abandoning module BehaviorTreeEditor (198)
[2017.07.22-21.39.16:902][974]LogModuleManager: Shutting down and abandoning module FunctionalTesting (196)
[2017.07.22-21.39.16:902][974]LogModuleManager: Shutting down and abandoning module CollisionAnalyzer (194)
[2017.07.22-21.39.16:903][974]LogModuleManager: Shutting down and abandoning module UMG (192)
[2017.07.22-21.39.16:903][974]LogModuleManager: Shutting down and abandoning module UMGEditor (191)
[2017.07.22-21.39.16:903][974]LogModuleManager: Shutting down and abandoning module Sequencer (190)
[2017.07.22-21.39.16:903][974]LogModuleManager: Shutting down and abandoning module AssetTools (188)
[2017.07.22-21.39.16:903][974]LogModuleManager: Shutting down and abandoning module MessageLog (187)
[2017.07.22-21.39.16:903][974]LogModuleManager: Shutting down and abandoning module WorkspaceMenuStructure (186)
[2017.07.22-21.39.16:903][974]LogModuleManager: Shutting down and abandoning module SlateReflector (180)
[2017.07.22-21.39.16:903][974]LogModuleManager: Shutting down and abandoning module Slate (178)
[2017.07.22-21.39.16:903][974]LogModuleManager: Shutting down and abandoning module EditorStyle (176)
[2017.07.22-21.39.16:912][974]LogModuleManager: Shutting down and abandoning module SourceCodeAccess (174)
[2017.07.22-21.39.16:913][974]LogModuleManager: Shutting down and abandoning module HeadMountedDisplay (172)
[2017.07.22-21.39.16:913][974]LogModuleManager: Shutting down and abandoning module XAudio2 (170)
[2017.07.22-21.39.16:913][974]LogModuleManager: Shutting down and abandoning module Networking (168)
[2017.07.22-21.39.16:913][974]LogModuleManager: Shutting down and abandoning module Core (164)
[2017.07.22-21.39.16:913][974]LogModuleManager: Shutting down and abandoning module AssetRegistry (162)
[2017.07.22-21.39.17:131][974]LogDirectoryWatcher: A directory notification for '../../../Engine/Content/' was aborted.
[2017.07.22-21.39.17:131][974]LogDirectoryWatcher: A directory notification for '../../../../../../Users/Justin Wells/Documents/Unreal Projects/InsertNameAdventure/DatBoiEntertainmetnGame/Content/' was aborted.
[2017.07.22-21.39.17:131][974]LogDirectoryWatcher: A directory notification for '../../../Engine/Plugins/2D/Paper2D/Content/' was aborted.
[2017.07.22-21.39.17:131][974]LogDirectoryWatcher: A directory notification for '../../../Engine/Plugins/Runtime/GearVR/Content/' was aborted.
[2017.07.22-21.39.17:137][974]LogModuleManager: Shutting down and abandoning module DirectoryWatcher (161)
[2017.07.22-21.39.17:138][974]LogModuleManager: Shutting down and abandoning module KismetCompiler (158)
[2017.07.22-21.39.17:138][974]LogModuleManager: Shutting down and abandoning module LevelSequence (156)
[2017.07.22-21.39.17:138][974]LogModuleManager: Shutting down and abandoning module PhysXFormats (154)
[2017.07.22-21.39.17:138][974]LogModuleManager: Shutting down and abandoning module MeshUtilities (152)
[2017.07.22-21.39.17:138][974]LogModuleManager: Shutting down and abandoning module SimplygonSwarm (151)
[2017.07.22-21.39.17:138][974]LogModuleManager: Shutting down and abandoning module SimplygonMeshReduction (149)
[2017.07.22-21.39.17:138][974]LogModuleManager: Shutting down and abandoning module QuadricMeshReduction (147)
[2017.07.22-21.39.17:138][974]LogModuleManager: Shutting down and abandoning module DerivedDataCache (144)
[2017.07.22-21.39.17:157][974]LogDerivedDataCache: Shutdown
[2017.07.22-21.39.17:157][974]LogModuleManager: Shutting down and abandoning module TargetPlatform (142)
[2017.07.22-21.39.17:157][974]LogModuleManager: Shutting down and abandoning module VulkanShaderFormat (141)
[2017.07.22-21.39.17:157][974]LogModuleManager: Shutting down and abandoning module ShaderFormatVectorVM (139)
[2017.07.22-21.39.17:157][974]LogModuleManager: Shutting down and abandoning module ShaderFormatOpenGL (137)
[2017.07.22-21.39.17:157][974]LogModuleManager: Shutting down and abandoning module ShaderFormatD3D (135)
[2017.07.22-21.39.17:157][974]LogModuleManager: Shutting down and abandoning module MetalShaderFormat (133)
[2017.07.22-21.39.17:157][974]LogModuleManager: Shutting down and abandoning module TextureFormatUncompressed (131)
[2017.07.22-21.39.17:157][974]LogModuleManager: Shutting down and abandoning module TextureFormatPVR (129)
[2017.07.22-21.39.17:157][974]LogModuleManager: Shutting down and abandoning module TextureFormatDXT (127)
[2017.07.22-21.39.17:157][974]LogModuleManager: Shutting down and abandoning module TextureFormatIntelISPCTexComp (125)
[2017.07.22-21.39.17:157][974]LogModuleManager: Shutting down and abandoning module TextureFormatASTC (123)
[2017.07.22-21.39.17:157][974]LogModuleManager: Shutting down and abandoning module ImageWrapper (122)
[2017.07.22-21.39.17:157][974]LogModuleManager: Shutting down and abandoning module TextureFormatAndroid (119)
[2017.07.22-21.39.17:157][974]LogModuleManager: Shutting down and abandoning module AudioFormatOpus (117)
[2017.07.22-21.39.17:157][974]LogModuleManager: Shutting down and abandoning module AudioFormatOgg (115)
[2017.07.22-21.39.17:157][974]LogModuleManager: Shutting down and abandoning module AudioFormatADPCM (113)
[2017.07.22-21.39.17:157][974]LogModuleManager: Shutting down and abandoning module LinuxTargetPlatform (111)
[2017.07.22-21.39.17:157][974]LogModuleManager: Shutting down and abandoning module LinuxServerTargetPlatform (109)
[2017.07.22-21.39.17:157][974]LogModuleManager: Shutting down and abandoning module LinuxNoEditorTargetPlatform (107)
[2017.07.22-21.39.17:157][974]LogModuleManager: Shutting down and abandoning module LinuxClientTargetPlatform (105)
[2017.07.22-21.39.17:157][974]LogModuleManager: Shutting down and abandoning module TVOSTargetPlatform (103)
[2017.07.22-21.39.17:157][974]LogModuleManager: Shutting down and abandoning module Messaging (101)
[2017.07.22-21.39.17:157][974]LogModuleManager: Shutting down and abandoning module IOSTargetPlatform (99)
[2017.07.22-21.39.17:157][974]LogModuleManager: Shutting down and abandoning module HTML5TargetPlatform (97)
[2017.07.22-21.39.17:157][974]LogModuleManager: Shutting down and abandoning module Android_PVRTCTargetPlatform (95)
[2017.07.22-21.39.17:157][974]LogModuleManager: Shutting down and abandoning module Android_MultiTargetPlatform (93)
[2017.07.22-21.39.17:157][974]LogModuleManager: Shutting down and abandoning module Android_ETC2TargetPlatform (91)
[2017.07.22-21.39.17:157][974]LogModuleManager: Shutting down and abandoning module Android_ETC1TargetPlatform (89)
[2017.07.22-21.39.17:157][974]LogModuleManager: Shutting down and abandoning module Android_DXTTargetPlatform (87)
[2017.07.22-21.39.17:157][974]LogModuleManager: Shutting down and abandoning module Android_ATCTargetPlatform (85)
[2017.07.22-21.39.17:157][974]LogModuleManager: Shutting down and abandoning module Android_ASTCTargetPlatform (83)
[2017.07.22-21.39.17:157][974]LogModuleManager: Shutting down and abandoning module AndroidTargetPlatform (81)
[2017.07.22-21.39.17:157][974]LogModuleManager: Shutting down and abandoning module WindowsTargetPlatform (79)
[2017.07.22-21.39.17:157][974]LogModuleManager: Shutting down and abandoning module WindowsServerTargetPlatform (77)
[2017.07.22-21.39.17:157][974]LogModuleManager: Shutting down and abandoning module WindowsNoEditorTargetPlatform (75)
[2017.07.22-21.39.17:157][974]LogModuleManager: Shutting down and abandoning module WindowsClientTargetPlatform (73)
[2017.07.22-21.39.17:157][974]LogModuleManager: Shutting down and abandoning module MacTargetPlatform (71)
[2017.07.22-21.39.17:157][974]LogModuleManager: Shutting down and abandoning module MacServerTargetPlatform (69)
[2017.07.22-21.39.17:157][974]LogModuleManager: Shutting down and abandoning module MacNoEditorTargetPlatform (67)
[2017.07.22-21.39.17:157][974]LogModuleManager: Shutting down and abandoning module MacClientTargetPlatform (65)
[2017.07.22-21.39.17:157][974]LogModuleManager: Shutting down and abandoning module AllDesktopTargetPlatform (63)
[2017.07.22-21.39.17:157][974]LogModuleManager: Shutting down and abandoning module InputCore (60)
[2017.07.22-21.39.17:157][974]LogModuleManager: Shutting down and abandoning module Settings (58)
[2017.07.22-21.39.17:157][974]LogModuleManager: Shutting down and abandoning module OculusRift (56)
[2017.07.22-21.39.17:158][974]LogModuleManager: Shutting down and abandoning module GearVRController (54)
[2017.07.22-21.39.17:158][974]LogModuleManager: Shutting down and abandoning module GearVR (52)
[2017.07.22-21.39.17:158][974]LogModuleManager: Shutting down and abandoning module ExampleDeviceProfileSelector (50)
[2017.07.22-21.39.17:158][974]LogModuleManager: Shutting down and abandoning module OnlineBlueprintSupport (48)
[2017.07.22-21.39.17:158][974]LogModuleManager: Shutting down and abandoning module OnlineSubsystem (44)
[2017.07.22-21.39.17:158][974]LogOnline:Display: Unloading online subsystem: NULL
[2017.07.22-21.39.17:158][974]LogModuleManager: Shutting down and abandoning module XMPP (43)
[2017.07.22-21.39.17:158][974]LogModuleManager: Shutting down and abandoning module HTTP (41)
[2017.07.22-21.39.17:158][974]LogHttp:Display: Http module shutting down, but needs to wait on 1 outstanding Http requests:
[2017.07.22-21.39.17:158][974]LogHttp:Display: 	verb=[POST] url=[https://datarouter.ol.epicgames.com/datarouter/api/v1/public/data?SessionID=%7B655A7D8F-43A1-4B1B-83DF-898DC0D7AF1D%7D&AppID=UEEditor.Rocket.Release&AppVersion=4.16.0-3452394%2B%2B%2BUE4%2BRelease-4.16&UserID=520fd5774504bba7d7d4dfbb2efd774d%7C3ef35b30eb8d444d8e26d7fb1794d4bf%7C7a44e29e-0876-4249-91a8-eb020dafba7b&AppEnvironment=datacollector-binary&UploadType=eteventstream] status=Processing
[2017.07.22-21.39.17:164][974]LogModuleManager: Shutting down and abandoning module SSL (40)
[2017.07.22-21.39.17:167][974]LogModuleManager: Shutting down and abandoning module HTTPChunkInstaller (36)
[2017.07.22-21.39.17:167][974]LogModuleManager: Shutting down and abandoning module AnimationModifiers (34)
[2017.07.22-21.39.17:167][974]LogModuleManager: Shutting down and abandoning module PropertyEditor (33)
[2017.07.22-21.39.17:167][974]LogModuleManager: Shutting down and abandoning module AudioEditor (30)
[2017.07.22-21.39.17:167][974]LogModuleManager: Shutting down and abandoning module TextureCompressor (28)
[2017.07.22-21.39.17:167][974]LogModuleManager: Shutting down and abandoning module ShaderCore (26)
[2017.07.22-21.39.17:167][974]LogModuleManager: Shutting down and abandoning module Landscape (24)
[2017.07.22-21.39.17:168][974]LogModuleManager: Shutting down and abandoning module SlateRHIRenderer (22)
[2017.07.22-21.39.17:169][974]LogModuleManager: Shutting down and abandoning module OpenGLDrv (20)
[2017.07.22-21.39.17:169][974]LogModuleManager: Shutting down and abandoning module D3D11RHI (18)
[2017.07.22-21.39.17:169][974]LogModuleManager: Shutting down and abandoning module AnimGraphRuntime (16)
[2017.07.22-21.39.17:169][974]LogModuleManager: Shutting down and abandoning module Renderer (14)
[2017.07.22-21.39.17:169][974]LogModuleManager: Shutting down and abandoning module Engine (12)
[2017.07.22-21.39.17:169][974]LogModuleManager: Shutting down and abandoning module CoreUObject (10)
[2017.07.22-21.39.17:169][974]LogModuleManager: Shutting down and abandoning module NetworkFile (8)
[2017.07.22-21.39.17:169][974]LogModuleManager: Shutting down and abandoning module StreamingFile (6)
[2017.07.22-21.39.17:169][974]LogModuleManager: Shutting down and abandoning module SandboxFile (4)
[2017.07.22-21.39.17:169][974]LogModuleManager: Shutting down and abandoning module PakFile (2)
[2017.07.22-21.39.17:172][974]LogExit: Exiting.
[2017.07.22-21.39.17:223][974]Log file closed, 07/22/17 15:39:17
