Log file open, 07/31/17 22:36:14
LogInit:Display: Running engine for game: InsertNameAdventure
LogPlatformFile: Not using cached read wrapper
LogInit:Display: RandInit(-1198984388) SRandInit(-1198984388).
LogTaskGraph: Started task graph with 5 named threads and 8 total threads with 1 sets of task threads.
LogStats: Stats thread started at 0.083367
LogInit: Using libcurl 7.47.1
LogInit:  - built for x86_64-pc-win32
LogInit:  - supports SSL with OpenSSL/1.0.2g
LogInit:  - supports HTTP deflate (compression) using libz 1.2.8
LogInit:  - other features:
LogInit:      CURL_VERSION_SSL
LogInit:      CURL_VERSION_LIBZ
LogInit:      CURL_VERSION_IPV6
LogInit:      CURL_VERSION_ASYNCHDNS
LogInit:      CURL_VERSION_LARGEFILE
LogInit:      CURL_VERSION_IDN
LogInit:  CurlRequestOptions (configurable via config and command line):
LogInit:  - bVerifyPeer = false  - Libcurl will NOT verify peer certificate
LogInit:  - bUseHttpProxy = false  - Libcurl will NOT use HTTP proxy
LogInit:  - bDontReuseConnections = false  - Libcurl will reuse connections
LogInit:  - CertBundlePath = nullptr  - Libcurl will use whatever was configured at build time.
LogInit: Build: ++UE4+Release-4.16-CL-3452394
LogInit: Engine Version: 4.16.0-3452394+++UE4+Release-4.16
LogInit: Compatible Engine Version: 4.16.0-3452394+++UE4+Release-4.16
LogInit: Net CL: 3452394
LogDevObjectVersion: Number of dev versions registered: 16
LogDevObjectVersion:   Dev-Blueprints (B0D832E4-1F89-4F0D-ACCF-7EB736FD4AA2): 9
LogDevObjectVersion:   Dev-Build (E1C64328-A22C-4D53-A36C-8E866417BD8C): 0
LogDevObjectVersion:   Dev-Core (375EC13C-06E4-48FB-B500-84F0262A717E): 2
LogDevObjectVersion:   Dev-Editor (E4B068ED-F494-42E9-A231-DA0B2E46BB41): 17
LogDevObjectVersion:   Dev-Framework (CFFC743F-43B0-4480-9391-14DF171D2073): 23
LogDevObjectVersion:   Dev-Mobile (B02B49B5-BB20-44E9-A304-32B752E40360): 0
LogDevObjectVersion:   Dev-Networking (A4E4105C-59A1-49B5-A7C5-40C4547EDFEE): 0
LogDevObjectVersion:   Dev-Online (39C831C9-5AE6-47DC-9A44-9C173E1C8E7C): 0
LogDevObjectVersion:   Dev-Physics (78F01B33-EBEA-4F98-B9B4-84EACCB95AA2): 0
LogDevObjectVersion:   Dev-Platform (6631380F-2D4D-43E0-8009-CF276956A95A): 0
LogDevObjectVersion:   Dev-Rendering (12F88B9F-8875-4AFC-A67C-D90C383ABD29): 15
LogDevObjectVersion:   Dev-Sequencer (7B5AE74C-D270-4C10-A958-57980B212A5A): 4
LogDevObjectVersion:   Dev-VR (D7296918-1DD6-4BDD-9DE2-64A83CC13884): 0
LogDevObjectVersion:   Dev-LoadTimes (C2A15278-BFE7-4AFE-6C17-90FF531DF755): 1
LogDevObjectVersion:   Private-Geometry (6EACA3D4-40EC-4CC1-B786-8BED09428FC5): 1
LogDevObjectVersion:   Dev-AnimPhys (29E575DD-E0A3-4627-9D10-D276232CDCEA): 3
LogInit: Compiled (64-bit): May 22 2017 17:47:00
LogInit: Compiled with Visual C++: 19.00.23026.00
LogInit: Build Configuration: Development
LogInit: Branch Name: ++UE4+Release-4.16
LogInit: Command line:  
LogInit: Base directory: C:/Program Files/Epic Games/UE_4.16/Engine/Binaries/Win64/
LogInit: Installed Engine Build: 1
LogInit: Presizing for max 8388607 objects, including 0 objects not considered by GC, pre-allocating 0 bytes for permanent pool.
LogInit: Object subsystem initialized
[2017.08.01-04.36.14:674][  0]LogInit: Selected Device Profile: [Windows]
[2017.08.01-04.36.14:674][  0]LogInit: Applying CVar settings loaded from the selected device profile: [Windows]
[2017.08.01-04.36.14:683][  0]LogInit: Computer: DESKTOP-6MFT485
[2017.08.01-04.36.14:683][  0]LogInit: User: JustinWells20
[2017.08.01-04.36.14:683][  0]LogInit: CPU Page size=4096, Cores=4
[2017.08.01-04.36.14:683][  0]LogInit: High frequency timer resolution =3.328128 MHz
[2017.08.01-04.36.14:684][  0]LogMemory: Memory total: Physical=15.9GB (16GB approx)
[2017.08.01-04.36.14:684][  0]LogMemory: Platform Memory Stats for Windows
[2017.08.01-04.36.14:684][  0]LogMemory: Process Physical Memory: 274.00 MB used, 274.00 MB peak
[2017.08.01-04.36.14:684][  0]LogMemory: Process Virtual Memory: 262.56 MB used, 262.56 MB peak
[2017.08.01-04.36.14:684][  0]LogMemory: Physical Memory: 3858.98 MB used,  12462.76 MB free, 16321.74 MB total
[2017.08.01-04.36.14:684][  0]LogMemory: Virtual Memory: 647.44 MB used,  12462.76 MB free, 134217728.00 MB total
[2017.08.01-04.36.14:743][  0]LogInit: Using OS detected language (en-US).
[2017.08.01-04.36.14:743][  0]LogInit: Using OS detected locale (en-US).
[2017.08.01-04.36.14:745][  0]LogTextLocalizationManager: No specific localization for 'en-US' exists, so the 'en' localization will be used.
[2017.08.01-04.36.15:490][  0]LogD3D11RHI: D3D11 adapters:
[2017.08.01-04.36.16:017][  0]LogD3D11RHI:    0. 'NVIDIA GeForce GTX 1070' (Feature Level 11_0)
[2017.08.01-04.36.16:017][  0]LogD3D11RHI:       8085/0/8160 MB DedicatedVideo/DedicatedSystem/SharedSystem, Outputs:2, VendorId:0x10de
[2017.08.01-04.36.16:018][  0]LogD3D11RHI:    1. 'Microsoft Basic Render Driver' (Feature Level 11_0)
[2017.08.01-04.36.16:018][  0]LogD3D11RHI:       0/0/8160 MB DedicatedVideo/DedicatedSystem/SharedSystem, Outputs:0, VendorId:0x1414
[2017.08.01-04.36.16:018][  0]LogD3D11RHI: Chosen D3D11 Adapter: 0
[2017.08.01-04.36.16:025][  0]LogD3D11RHI: Creating new Direct3DDevice
[2017.08.01-04.36.16:025][  0]LogD3D11RHI:     GPU DeviceId: 0x1b81 (for the marketing name, search the web for "GPU Device Id")
[2017.08.01-04.36.16:025][  0]LogWindows: EnumDisplayDevices:
[2017.08.01-04.36.16:025][  0]LogWindows:    0. 'NVIDIA GeForce GTX 1070' (P:0 D:1)
[2017.08.01-04.36.16:026][  0]LogWindows:    1. 'NVIDIA GeForce GTX 1070' (P:1 D:1)
[2017.08.01-04.36.16:026][  0]LogWindows:    2. 'NVIDIA GeForce GTX 1070' (P:0 D:0)
[2017.08.01-04.36.16:026][  0]LogWindows:    3. 'NVIDIA GeForce GTX 1070' (P:0 D:0)
[2017.08.01-04.36.16:026][  0]LogWindows: DebugString: FoundDriverCount:4 
[2017.08.01-04.36.16:026][  0]LogD3D11RHI:     Adapter Name: NVIDIA GeForce GTX 1070
[2017.08.01-04.36.16:026][  0]LogD3D11RHI:   Driver Version: 384.94 (internal:22.21.13.8494, unified:384.94)
[2017.08.01-04.36.16:026][  0]LogD3D11RHI:      Driver Date: 7-18-2017
[2017.08.01-04.36.16:026][  0]LogRHI: Texture pool is 1361 MB (70% of 1945 MB)
[2017.08.01-04.36.16:544][  0]LogD3D11RHI: Async texture creation enabled
[2017.08.01-04.36.16:583][  0]LogD3D11RHI: GPU Timing Frequency: 1000.000000 (Debug: 2 1)
[2017.08.01-04.36.16:632][  0]LogShaderCompilers: Guid format shader working directory is -54 characters bigger than the processId version (../../../../../../Users/Justin Wells/Documents/Unreal Projects/InsertNameAdventure/DatBoiEntertainmetnGame/Intermediate/Shaders/WorkingDirectory/10308/).
[2017.08.01-04.36.16:633][  0]LogShaderCompilers: Cleaned the shader compiler working directory 'C:/Users/Justin Wells/AppData/Local/Temp/UnrealShaderWorkingDir/E7B5661F44AEB288D229FE9EE904985E/'.
[2017.08.01-04.36.16:633][  0]LogShaderCompilers:Display: Using Local Shader Compiler.
[2017.08.01-04.36.17:604][  0]LogTemp:Display: Loaded TP AllDesktopTargetPlatform
[2017.08.01-04.36.17:648][  0]LogTemp:Display: Loaded TP MacClientTargetPlatform
[2017.08.01-04.36.17:695][  0]LogTemp:Display: Loaded TP MacNoEditorTargetPlatform
[2017.08.01-04.36.17:740][  0]LogTemp:Display: Loaded TP MacServerTargetPlatform
[2017.08.01-04.36.17:782][  0]LogTemp:Display: Loaded TP MacTargetPlatform
[2017.08.01-04.36.17:823][  0]LogTemp:Display: Loaded TP WindowsClientTargetPlatform
[2017.08.01-04.36.17:867][  0]LogTemp:Display: Loaded TP WindowsNoEditorTargetPlatform
[2017.08.01-04.36.17:910][  0]LogTemp:Display: Loaded TP WindowsServerTargetPlatform
[2017.08.01-04.36.17:945][  0]LogTemp:Display: Loaded TP WindowsTargetPlatform
[2017.08.01-04.36.17:990][  0]LogTemp:Display: Loaded TP AndroidTargetPlatform
[2017.08.01-04.36.18:035][  0]LogTemp:Display: Loaded TP Android_ASTCTargetPlatform
[2017.08.01-04.36.18:081][  0]LogTemp:Display: Loaded TP Android_ATCTargetPlatform
[2017.08.01-04.36.18:127][  0]LogTemp:Display: Loaded TP Android_DXTTargetPlatform
[2017.08.01-04.36.18:169][  0]LogTemp:Display: Loaded TP Android_ETC1TargetPlatform
[2017.08.01-04.36.18:211][  0]LogTemp:Display: Loaded TP Android_ETC2TargetPlatform
[2017.08.01-04.36.18:296][  0]LogTemp:Display: Loaded TP Android_MultiTargetPlatform
[2017.08.01-04.36.18:296][  0]LogTemp:Display: Loaded TP Android_PVRTCTargetPlatform
[2017.08.01-04.36.18:328][  0]LogTemp:Display: Loaded TP HTML5TargetPlatform
[2017.08.01-04.36.18:407][  0]LogTemp:Display: Loaded TP IOSTargetPlatform
[2017.08.01-04.36.18:447][  0]LogTemp:Display: Loaded TP TVOSTargetPlatform
[2017.08.01-04.36.18:496][  0]LogTemp:Display: Loaded TP LinuxClientTargetPlatform
[2017.08.01-04.36.18:545][  0]LogTemp:Display: Loaded TP LinuxNoEditorTargetPlatform
[2017.08.01-04.36.18:585][  0]LogTemp:Display: Loaded TP LinuxServerTargetPlatform
[2017.08.01-04.36.18:624][  0]LogTemp:Display: Loaded TP LinuxTargetPlatform
[2017.08.01-04.36.18:624][  0]LogTargetPlatformManager:Display: Building Assets For Windows
[2017.08.01-04.36.19:006][  0]LogDerivedDataCache:Display: Max Cache Size: 512 MB
[2017.08.01-04.36.19:087][  0]LogDerivedDataCache: Loaded boot cache 0.08s 90MB C:/Users/Justin Wells/AppData/Local/UnrealEngine/4.16/DerivedDataCache/Boot.ddc.
[2017.08.01-04.36.19:087][  0]LogDerivedDataCache:Display: Loaded Boot cache: C:/Users/Justin Wells/AppData/Local/UnrealEngine/4.16/DerivedDataCache/Boot.ddc
[2017.08.01-04.36.19:087][  0]LogDerivedDataCache: FDerivedDataBackendGraph:  Pak pak cache file ../../../../../../Users/Justin Wells/Documents/Unreal Projects/InsertNameAdventure/DatBoiEntertainmetnGame/DerivedDataCache/DDC.ddp not found, will not use a pak cache.
[2017.08.01-04.36.19:087][  0]LogDerivedDataCache: Unable to find inner node Pak for hierarchical cache Hierarchy.
[2017.08.01-04.36.19:087][  0]LogDerivedDataCache: FDerivedDataBackendGraph:  CompressedPak pak cache file ../../../../../../Users/Justin Wells/Documents/Unreal Projects/InsertNameAdventure/DatBoiEntertainmetnGame/DerivedDataCache/Compressed.ddp not found, will not use a pak cache.
[2017.08.01-04.36.19:087][  0]LogDerivedDataCache: Unable to find inner node CompressedPak for hierarchical cache Hierarchy.
[2017.08.01-04.36.19:100][  0]LogDerivedDataCache:Display: Pak cache opened for reading ../../../Engine/DerivedDataCache/Compressed.ddp.
[2017.08.01-04.36.19:112][  0]LogDerivedDataCache: Using Local data cache path C:/Users/Justin Wells/AppData/Local/UnrealEngine/Common/DerivedDataCache: Writable
[2017.08.01-04.36.19:121][  0]LogMaterial: Verifying Global Shaders for PCD3D_SM5
[2017.08.01-04.36.19:121][  0]LogSlate: Using Freetype 2.6.0
[2017.08.01-04.36.19:122][  0]LogSlate: SlateFontCache - WITH_FREETYPE: 1, WITH_HARFBUZZ: 1
[2017.08.01-04.36.19:122][  0]LogSlate: SlateFontCache - WITH_FREETYPE: 1, WITH_HARFBUZZ: 1
[2017.08.01-04.36.19:391][  0]LogInit: Selected Device Profile: [Windows]
[2017.08.01-04.36.19:456][  0]LogContentStreaming: Texture pool size is 0.00 MB
[2017.08.01-04.36.19:599][  0]LogMeshUtilities: Using QuadricMeshReduction for automatic static mesh reduction
[2017.08.01-04.36.19:644][  0]LogSimplygon: Simplygon DLL not present - disabling.
[2017.08.01-04.36.19:689][  0]LogMeshUtilities: Using SimplygonSwarm for distributed automatic mesh merging
[2017.08.01-04.36.19:689][  0]LogMeshUtilities: No automatic skeletal mesh reduction module available
[2017.08.01-04.36.19:689][  0]LogMeshUtilities: No automatic mesh merging module available
[2017.08.01-04.36.20:181][  0]LogNetVersion: InsertNameAdventure , NetCL: 3452394, EngineNetVer: 2, GameNetVer: 0 (Checksum: 1278457987)
[2017.08.01-04.36.20:241][  0]LogAssetRegistry: FAssetRegistry took 0.0255 seconds to start up
[2017.08.01-04.36.20:296][  0]LogPackageLocalizationCache: Processed 4 localized package path(s) for 2 prioritized culture(s) in 0.036604 seconds
[2017.08.01-04.36.20:301][  0]LogUObjectArray: 34194 objects as part of root set at end of initial load.
[2017.08.01-04.36.20:301][  0]LogUObjectAllocator: 7260416 out of 0 bytes used by permanent object pool.
[2017.08.01-04.36.20:301][  0]LogUObjectArray: CloseDisregardForGC: 0/0 objects in disregard for GC pool
[2017.08.01-04.36.20:355][  0]LogInit: WinSock: version 1.1 (2.2), MaxSocks=32767, MaxUdp=65467
[2017.08.01-04.36.22:354][  0]LogTcpMessaging: Initializing TcpMessaging bridge
[2017.08.01-04.36.22:387][  0]LogUdpMessaging: Initializing bridge on interface 0.0.0.0:0 to multicast group 230.0.0.1:6666.
[2017.08.01-04.36.22:899][  0]LogMaterial: Uniform references updated for custom material expression Custom.
[2017.08.01-04.36.23:225][  0]SourceControl: Info Source control is disabled
[2017.08.01-04.36.24:174][  0]LogAndroidPermission: UAndroidPermissionCallbackProxy::GetInstance
[2017.08.01-04.36.24:643][  0]LogEngine: Initializing Engine...
[2017.08.01-04.36.24:657][  0]LogHMD: Failed to initialize OpenVR with code 103
[2017.08.01-04.36.24:837][  0]LogStats: UGameplayTagsManager::ConstructGameplayTagTree: Construct from data asset -  0.000 s
[2017.08.01-04.36.24:838][  0]LogStats: UGameplayTagsManager::ConstructGameplayTagTree: GameplayTagTreeChangedEvent.Broadcast -  0.000 s
[2017.08.01-04.36.24:942][  0]LogAIModule: Creating AISystem for world Untitled
[2017.08.01-04.36.24:954][  0]LogInit: XAudio2 using 'Headphones (High Definition Audio Device)' : 2 channels at 48 kHz using 16 bits per sample (channel mask 0x3)
[2017.08.01-04.36.24:963][  0]LogInit: FAudioDevice initialized.
[2017.08.01-04.36.25:000][  0]LogDerivedDataCache: Saved boot cache 0.04s 90MB C:/Users/Justin Wells/AppData/Local/UnrealEngine/4.16/DerivedDataCache/Boot.ddc.
[2017.08.01-04.36.25:013][  0]LogInit: Texture streaming: Enabled
[2017.08.01-04.36.25:090][  0]LogEngineSessionManager: EngineSessionManager initialized
[2017.08.01-04.36.25:261][  0]LogInit: Transaction tracking system initialized
[2017.08.01-04.36.25:502][  0]BlueprintLog: New page: Editor Load
[2017.08.01-04.36.26:323][  0]LocalizationService: Info Localization service is disabled
[2017.08.01-04.36.26:931][  0]LogConsoleResponse:Display: 
[2017.08.01-04.36.27:063][  0]LogCook:Display: Max memory allowance for cook 16384mb min free memory 0mb
[2017.08.01-04.36.27:063][  0]LogCook:Display: Mobile HDR setting 1
[2017.08.01-04.36.27:894][  0]LogFileCache: Scanning file cache for directory 'C:/Users/Justin Wells/Documents/Unreal Projects/InsertNameAdventure/DatBoiEntertainmetnGame/Content/' took 0.01s
[2017.08.01-04.36.28:067][  0]LogSlate: Took 0.000213 seconds to synchronously load lazily loaded font '../../../Engine/Content/Slate/Fonts/Roboto-Regular.ttf' (155K)
[2017.08.01-04.36.29:317][  0]LogWindowsTextInputMethodSystem:Display: IME system now deactivated.
[2017.08.01-04.36.29:324][  0]LightingResults: New page: Lighting Build
[2017.08.01-04.36.29:360][  0]MapCheck: New page: Map Check
[2017.08.01-04.36.29:360][  0]LightingResults: New page: Lighting Build
[2017.08.01-04.36.29:372][  0]LogAIModule: Creating AISystem for world Untitled
[2017.08.01-04.36.29:374][  0]LoadErrors: New page: New Map
[2017.08.01-04.36.29:431][  0]LogWindowsTextInputMethodSystem:Display: IME system now deactivated.
[2017.08.01-04.36.29:515][  0]LogCollectionManager: Loaded 0 collections in 0.001321 seconds
[2017.08.01-04.36.29:594][  0]LogFileCache: Scanning file cache for directory 'C:/Users/Justin Wells/Documents/Unreal Projects/InsertNameAdventure/DatBoiEntertainmetnGame/Saved/Collections/' took 0.01s
[2017.08.01-04.36.29:594][  0]LogFileCache: Scanning file cache for directory 'C:/Users/Justin Wells/Documents/Unreal Projects/InsertNameAdventure/DatBoiEntertainmetnGame/Content/Developers/JustinWells20/Collections/' took 0.01s
[2017.08.01-04.36.29:594][  0]LogFileCache: Scanning file cache for directory 'C:/Users/Justin Wells/Documents/Unreal Projects/InsertNameAdventure/DatBoiEntertainmetnGame/Content/Collections/' took 0.01s
[2017.08.01-04.36.29:594][  0]LogCollectionManager: Rebuilt the GUID cache for 0 collections in 0.000002 seconds
[2017.08.01-04.36.29:602][  0]LogContentBrowser: Native class hierarchy populated in 0.0079 seconds. Added 2329 classes and 491 folders.
[2017.08.01-04.36.29:656][  0]LogContentBrowser: Native class hierarchy updated for 'WidgetCarousel' in 0.0006 seconds. Added 0 classes and 0 folders.
[2017.08.01-04.36.29:684][  0]LogContentBrowser: Native class hierarchy updated for 'AddContentDialog' in 0.0007 seconds. Added 0 classes and 0 folders.
[2017.08.01-04.36.29:730][  0]LogContentBrowser: Native class hierarchy updated for 'SceneOutliner' in 0.0006 seconds. Added 1 classes and 2 folders.
[2017.08.01-04.36.29:751][  0]LogCrashTracker: Crashtracker disabled due to settings.
[2017.08.01-04.36.29:759][  0]LogSlate: Took 0.000151 seconds to synchronously load lazily loaded font '../../../Engine/Content/Slate/Fonts/Roboto-Bold.ttf' (160K)
[2017.08.01-04.36.29:762][  0]LogSlate: Took 0.000150 seconds to synchronously load lazily loaded font '../../../Engine/Content/Editor/Slate/Fonts/FontAwesome.ttf' (139K)
[2017.08.01-04.36.29:853][  0]LogRenderer: Reallocating scene render targets to support 1736x636 NumSamples 1 (Frame:1).
[2017.08.01-04.36.29:922][  0]LogUObjectGlobals:Warning: Failed to find object 'Class None.'
[2017.08.01-04.36.29:980][  0]LogContentBrowser: Native class hierarchy updated for 'HierarchicalLODOutliner' in 0.0006 seconds. Added 1 classes and 2 folders.
[2017.08.01-04.36.29:980][  0]LogLoad: (Engine Initialization) Total time: 16.65 seconds
[2017.08.01-04.36.29:980][  0]LogLoad: (Engine Initialization) Total Blueprint compile time: 0.04 seconds
[2017.08.01-04.36.29:980][  0]LogExternalProfiler: No external profilers were discovered.  External profiling features will not be available.
[2017.08.01-04.36.29:990][  0]LogOcInput: OculusInput pre-init called
[2017.08.01-04.36.29:990][  0]LogHMD: Starting GearVRController plugin
[2017.08.01-04.36.30:007][  0]SourceControl: Info On branch V1.5.1
[2017.08.01-04.36.30:007][  0]SourceControl: Info Your branch is ahead of 'origin/V1.5.1' by 2 commits.
[2017.08.01-04.36.30:007][  0]SourceControl: Info   (use "git push" to publish your local commits)
[2017.08.01-04.36.30:007][  0]SourceControl: Info Changes to be committed:
[2017.08.01-04.36.30:007][  0]SourceControl: Info   (use "git reset HEAD <file>..." to unstage)
[2017.08.01-04.36.30:007][  0]SourceControl: Info 	new file:   Content/2DSideScrollerBP/Maps/Levels/LevelSprites/Sprites/Glass.uasset
[2017.08.01-04.36.30:007][  0]SourceControl: Info 	new file:   Content/2DSideScrollerBP/Maps/Levels/LevelSprites/Sprites/Glass_Sprite.uasset
[2017.08.01-04.36.30:007][  0]SourceControl: Info 	new file:   Content/2DSideScrollerBP/Maps/Levels/LevelSprites/Sprites/RainFall/RainFall2_PS.uasset
[2017.08.01-04.36.30:007][  0]SourceControl: Info 	new file:   Content/2DSideScrollerBP/Maps/Levels/LevelSprites/Sprites/RainFall/RainFall3_PS.uasset
[2017.08.01-04.36.30:007][  0]SourceControl: Info Changes not staged for commit:
[2017.08.01-04.36.30:007][  0]SourceControl: Info   (use "git add/rm <file>..." to update what will be committed)
[2017.08.01-04.36.30:007][  0]SourceControl: Info   (use "git checkout -- <file>..." to discard changes in working directory)
[2017.08.01-04.36.30:007][  0]SourceControl: Info 	modified:   Content/2DSideScrollerBP/Maps/Levels/LevelSprites/Sprites/Chair_Oupost_Sprite_0.uasset
[2017.08.01-04.36.30:007][  0]SourceControl: Info 	modified:   Content/2DSideScrollerBP/Maps/Levels/LevelSprites/Sprites/Materials/Glass_M.uasset
[2017.08.01-04.36.30:007][  0]SourceControl: Info 	modified:   Content/2DSideScrollerBP/Maps/Levels/LevelSprites/Sprites/Outpost_inner_Walls_2_comp.uasset
[2017.08.01-04.36.30:007][  0]SourceControl: Info 	modified:   Content/2DSideScrollerBP/Maps/Levels/LevelSprites/Sprites/RainFall/Rainfall_PS.uasset
[2017.08.01-04.36.30:007][  0]SourceControl: Info 	modified:   Content/2DSideScrollerBP/Maps/Levels/LevelSprites/Sprites/RainFall/Rainfall_PS1.uasset
[2017.08.01-04.36.30:007][  0]SourceControl: Info 	modified:   Content/2DSideScrollerBP/Maps/Levels/LevelSprites/Sprites/Rain_Forrest_Sprites/The_Little_things_sheet_Sprite_0.uasset
[2017.08.01-04.36.30:007][  0]SourceControl: Info 	modified:   Content/2DSideScrollerBP/Maps/Levels/LevelSprites/Sprites/Rain_Forrest_Sprites/The_Little_things_sheet_Sprite_3.uasset
[2017.08.01-04.36.30:007][  0]SourceControl: Info 	modified:   Content/2DSideScrollerBP/Maps/Levels/LevelSprites/Sprites/Rain_Forrest_Sprites/Tile_Maps/Rain_Forrest_TMTop.uasset
[2017.08.01-04.36.30:007][  0]SourceControl: Info 	modified:   Content/2DSideScrollerBP/Maps/Levels/LevelSprites/Sprites/Really_small_vine_Sprite_0.uasset
[2017.08.01-04.36.30:007][  0]SourceControl: Info 	modified:   Content/2DSideScrollerBP/Maps/Levels/Rainforest_Alien.umap
[2017.08.01-04.36.30:007][  0]SourceControl: Info 	modified:   Content/2DSideScrollerBP/Maps/Levels/Rainforest_Alien_BuiltData.uasset
[2017.08.01-04.36.30:007][  0]SourceControl: Info 	modified:   Intermediate/AssetRegistryCache/c90e3f55.bin
[2017.08.01-04.36.30:007][  0]SourceControl: Info 	modified:   Intermediate/CachedAssetRegistry.bin
[2017.08.01-04.36.30:007][  0]SourceControl: Info 	modified:   Saved/AutoScreenshot.png
[2017.08.01-04.36.30:007][  0]SourceControl: Info 	modified:   Saved/Autosaves/Game/2DSideScrollerBP/Maps/Levels/LevelSprites/Sprites/RainFall/Rainfall_PS_Auto1.uasset
[2017.08.01-04.36.30:007][  0]SourceControl: Info 	modified:   Saved/Autosaves/Game/2DSideScrollerBP/Maps/Levels/Rainforest_Alien_Auto1.umap
[2017.08.01-04.36.30:007][  0]SourceControl: Info 	modified:   Saved/Autosaves/Game/2DSideScrollerBP/Maps/Levels/Rainforest_Alien_Auto2.umap
[2017.08.01-04.36.30:007][  0]SourceControl: Info 	modified:   Saved/Autosaves/Game/2DSideScrollerBP/Maps/Levels/Rainforest_Alien_Auto3.umap
[2017.08.01-04.36.30:007][  0]SourceControl: Info 	modified:   Saved/Autosaves/Game/2DSideScrollerBP/Maps/Levels/Rainforest_Alien_Auto4.umap
[2017.08.01-04.36.30:007][  0]SourceControl: Info 	modified:   Saved/Autosaves/Game/2DSideScrollerBP/Maps/Levels/Rainforest_Alien_Auto5.umap
[2017.08.01-04.36.30:007][  0]SourceControl: Info 	modified:   Saved/Autosaves/Game/2DSideScrollerBP/Maps/Levels/Rainforest_Alien_Auto6.umap
[2017.08.01-04.36.30:007][  0]SourceControl: Info 	modified:   Saved/Autosaves/Game/2DSideScrollerBP/Maps/Levels/Rainforest_Alien_BuiltData_Auto1.uasset
[2017.08.01-04.36.30:007][  0]SourceControl: Info 	modified:   Saved/Autosaves/Game/2DSideScrollerBP/Maps/Levels/Rainforest_Alien_BuiltData_Auto5.uasset
[2017.08.01-04.36.30:007][  0]SourceControl: Info 	deleted:    Saved/Backup/BP_Platform_2_2017-07-23-12-52-44.uasset
[2017.08.01-04.36.30:007][  0]SourceControl: Info 	deleted:    Saved/Backup/BP_Platform_2_2017-07-23-13-04-45.uasset
[2017.08.01-04.36.30:007][  0]SourceControl: Info 	deleted:    Saved/Backup/OutpostDoor_BP_2017-07-22-13-35-57.uasset
[2017.08.01-04.36.30:007][  0]SourceControl: Info 	deleted:    Saved/Backup/OutpostDoor_BP_2017-07-22-13-48-48.uasset
[2017.08.01-04.36.30:007][  0]SourceControl: Info 	deleted:    Saved/Backup/OutpostDoor_BP_2017-07-22-13-54-37.uasset
[2017.08.01-04.36.30:007][  0]SourceControl: Info 	deleted:    Saved/Backup/OutpostDoor_BP_2017-07-22-14-17-04.uasset
[2017.08.01-04.36.30:007][  0]SourceControl: Info 	deleted:    Saved/Backup/OutpostDoor_BP_2017-07-22-14-22-39.uasset
[2017.08.01-04.36.30:007][  0]SourceControl: Info 	deleted:    Saved/Backup/OutpostDoor_BP_2017-07-22-14-37-25.uasset
[2017.08.01-04.36.30:007][  0]SourceControl: Info 	deleted:    Saved/Backup/OutpostDoor_BP_2017-07-22-15-21-07.uasset
[2017.08.01-04.36.30:007][  0]SourceControl: Info 	deleted:    Saved/Backup/OutpostDoor_BP_2017-07-22-15-36-11.uasset
[2017.08.01-04.36.30:007][  0]SourceControl: Info 	deleted:    Saved/Backup/OutpostDoor_BP_2017-07-22-15-46-40.uasset
[2017.08.01-04.36.30:007][  0]SourceControl: Info 	deleted:    Saved/Backup/OutpostDoor_BP_2017-07-22-15-53-39.uasset
[2017.08.01-04.36.30:007][  0]SourceControl: Info 	deleted:    Saved/Backup/OutpostDoor_BP_2017-07-23-12-52-44.uasset
[2017.08.01-04.36.30:007][  0]SourceControl: Info 	deleted:    Saved/Backup/OutpostDoor_BP_2017-07-23-13-04-45.uasset
[2017.08.01-04.36.30:007][  0]SourceControl: Info 	deleted:    Saved/Backup/OutpostDoor_BP_2017-07-23-16-48-59.uasset
[2017.08.01-04.36.30:007][  0]SourceControl: Info 	deleted:    Saved/Backup/OutpostDoor_BP_2017-07-23-16-59-54.uasset
[2017.08.01-04.36.30:007][  0]SourceControl: Info 	deleted:    Saved/Backup/Rainforest_Alien_2017-07-22-14-22-38.umap
[2017.08.01-04.36.30:007][  0]SourceControl: Info 	deleted:    Saved/Backup/Rainforest_Alien_2017-07-22-15-10-29.umap
[2017.08.01-04.36.30:007][  0]SourceControl: Info 	deleted:    Saved/Backup/Rainforest_Alien_2017-07-22-15-21-11.umap
[2017.08.01-04.36.30:008][  0]SourceControl: Info 	deleted:    Saved/Backup/Rainforest_Alien_2017-07-22-15-36-08.umap
[2017.08.01-04.36.30:008][  0]SourceControl: Info 	deleted:    Saved/Backup/Rainforest_Alien_2017-07-22-15-46-40.umap
[2017.08.01-04.36.30:008][  0]SourceControl: Info 	deleted:    Saved/Backup/Rainforest_Alien_2017-07-22-15-53-39.umap
[2017.08.01-04.36.30:008][  0]SourceControl: Info 	deleted:    Saved/Backup/Rainforest_Alien_2017-07-22-16-12-18.umap
[2017.08.01-04.36.30:008][  0]SourceControl: Info 	deleted:    Saved/Backup/Rainforest_Alien_2017-07-23-12-14-55.umap
[2017.08.01-04.36.30:008][  0]SourceControl: Info 	deleted:    Saved/Backup/Rainforest_Alien_2017-07-23-13-04-45.umap
[2017.08.01-04.36.30:008][  0]SourceControl: Info 	deleted:    Saved/Backup/Rainforest_Alien_2017-07-23-16-48-58.umap
[2017.08.01-04.36.30:008][  0]SourceControl: Info 	deleted:    Saved/Backup/Rainforest_Alien_2017-07-23-16-59-54.umap
[2017.08.01-04.36.30:008][  0]SourceControl: Info 	deleted:    Saved/Backup/Rainforest_Alien_2017-07-23-17-17-47.umap
[2017.08.01-04.36.30:008][  0]SourceControl: Info 	deleted:    Saved/Backup/Rainforest_Alien_BuiltData_2017-07-22-15-25-27.uasset
[2017.08.01-04.36.30:008][  0]SourceControl: Info 	deleted:    Saved/Backup/Rainforest_Alien_BuiltData_2017-07-22-15-36-09.uasset
[2017.08.01-04.36.30:008][  0]SourceControl: Info 	deleted:    Saved/Backup/Rainforest_Alien_BuiltData_2017-07-22-16-12-19.uasset
[2017.08.01-04.36.30:008][  0]SourceControl: Info 	deleted:    Saved/Config/CrashReportClient/UE4CC-Windows-31B8773F49577BF6D679618184013A57/CrashReportClient.ini
[2017.08.01-04.36.30:008][  0]SourceControl: Info 	deleted:    Saved/Config/CrashReportClient/UE4CC-Windows-539304A7467A3592C9E3BE99F88534CA/CrashReportClient.ini
[2017.08.01-04.36.30:008][  0]SourceControl: Info 	deleted:    Saved/Config/CrashReportClient/UE4CC-Windows-6632501948EEE3E50144008A4E7E7A44/CrashReportClient.ini
[2017.08.01-04.36.30:008][  0]SourceControl: Info 	deleted:    Saved/Config/CrashReportClient/UE4CC-Windows-75A2514B4BF1DBE68B080AB9A8B22BFF/CrashReportClient.ini
[2017.08.01-04.36.30:008][  0]SourceControl: Info 	deleted:    Saved/Config/CrashReportClient/UE4CC-Windows-8CB038A8444CABE0F0D3E1A6FCAEAEEF/CrashReportClient.ini
[2017.08.01-04.36.30:008][  0]SourceControl: Info 	deleted:    Saved/Config/CrashReportClient/UE4CC-Windows-8EE6CD3047737E599C2FE1BB8A642E13/CrashReportClient.ini
[2017.08.01-04.36.30:008][  0]SourceControl: Info 	deleted:    Saved/Config/CrashReportClient/UE4CC-Windows-A6441534453D060A63CCE78C2B692756/CrashReportClient.ini
[2017.08.01-04.36.30:008][  0]SourceControl: Info 	deleted:    Saved/Config/CrashReportClient/UE4CC-Windows-B169BA4446C913F503DFD29633D993B5/CrashReportClient.ini
[2017.08.01-04.36.30:008][  0]SourceControl: Info 	deleted:    Saved/Config/CrashReportClient/UE4CC-Windows-D413D2CA4BDFDAB10D2AE99AE8C93073/CrashReportClient.ini
[2017.08.01-04.36.30:008][  0]SourceControl: Info 	deleted:    Saved/Config/CrashReportClient/UE4CC-Windows-F934DB5A42F701FC0BC50590949238B4/CrashReportClient.ini
[2017.08.01-04.36.30:008][  0]SourceControl: Info 	modified:   Saved/Config/Windows/EditorPerProjectUserSettings.ini
[2017.08.01-04.36.30:008][  0]SourceControl: Info 	modified:   Saved/Config/Windows/Engine.ini
[2017.08.01-04.36.30:008][  0]SourceControl: Info 	deleted:    Saved/Logs/InsertNameAdventure-backup-2017.07.28-09.39.45.log
[2017.08.01-04.36.30:008][  0]SourceControl: Info 	deleted:    Saved/Logs/InsertNameAdventure-backup-2017.07.28-10.16.59.log
[2017.08.01-04.36.30:008][  0]SourceControl: Info 	deleted:    Saved/Logs/InsertNameAdventure-backup-2017.07.28-11.07.06.log
[2017.08.01-04.36.30:008][  0]SourceControl: Info 	modified:   Saved/Logs/InsertNameAdventure.log
[2017.08.01-04.36.30:008][  0]SourceControl: Info Untracked files:
[2017.08.01-04.36.30:008][  0]SourceControl: Info   (use "git add <file>..." to include in what will be committed)
[2017.08.01-04.36.30:008][  0]SourceControl: Info 	Saved/Autosaves/Game/2DSideScrollerBP/Maps/Levels/LevelSprites/Sprites/Chair_Oupost_Sprite_0_Auto2.uasset
[2017.08.01-04.36.30:008][  0]SourceControl: Info 	Saved/Autosaves/Game/2DSideScrollerBP/Maps/Levels/LevelSprites/Sprites/Glass_Auto5.uasset
[2017.08.01-04.36.30:008][  0]SourceControl: Info 	Saved/Autosaves/Game/2DSideScrollerBP/Maps/Levels/LevelSprites/Sprites/Glass_Sprite_Auto5.uasset
[2017.08.01-04.36.30:008][  0]SourceControl: Info 	Saved/Autosaves/Game/2DSideScrollerBP/Maps/Levels/LevelSprites/Sprites/Materials/Glass_M_Auto5.uasset
[2017.08.01-04.36.30:008][  0]SourceControl: Info 	Saved/Autosaves/Game/2DSideScrollerBP/Maps/Levels/LevelSprites/Sprites/Materials/Glass_M_Auto6.uasset
[2017.08.01-04.36.30:008][  0]SourceControl: Info 	Saved/Autosaves/Game/2DSideScrollerBP/Maps/Levels/LevelSprites/Sprites/Outpost_inner_Walls_2_comp_Auto4.uasset
[2017.08.01-04.36.30:008][  0]SourceControl: Info 	Saved/Autosaves/Game/2DSideScrollerBP/Maps/Levels/LevelSprites/Sprites/RainFall/RainFall2_PS_Auto1.uasset
[2017.08.01-04.36.30:008][  0]SourceControl: Info 	Saved/Autosaves/Game/2DSideScrollerBP/Maps/Levels/LevelSprites/Sprites/RainFall/RainFall3_PS_Auto2.uasset
[2017.08.01-04.36.30:008][  0]SourceControl: Info 	Saved/Autosaves/Game/2DSideScrollerBP/Maps/Levels/LevelSprites/Sprites/RainFall/RainFall4_PS_Auto2.uasset
[2017.08.01-04.36.30:008][  0]SourceControl: Info 	Saved/Autosaves/Game/2DSideScrollerBP/Maps/Levels/LevelSprites/Sprites/RainFall/RainFall4_PS_Auto3.uasset
[2017.08.01-04.36.30:008][  0]SourceControl: Info 	Saved/Autosaves/Game/2DSideScrollerBP/Maps/Levels/LevelSprites/Sprites/RainFall/RainFall4_PS_Auto4.uasset
[2017.08.01-04.36.30:008][  0]SourceControl: Info 	Saved/Autosaves/Game/2DSideScrollerBP/Maps/Levels/LevelSprites/Sprites/RainFall/RainFall4_PS_Building_Auto4.uasset
[2017.08.01-04.36.30:008][  0]SourceControl: Info 	Saved/Autosaves/Game/2DSideScrollerBP/Maps/Levels/LevelSprites/Sprites/RainFall/Rainfall_PS1_Auto1.uasset
[2017.08.01-04.36.30:008][  0]SourceControl: Info 	Saved/Autosaves/Game/2DSideScrollerBP/Maps/Levels/LevelSprites/Sprites/RainFall/Rainfall_PS_Auto2.uasset
[2017.08.01-04.36.30:008][  0]SourceControl: Info 	Saved/Autosaves/Game/2DSideScrollerBP/Maps/Levels/LevelSprites/Sprites/RainFall/Rainfall_PS_Auto3.uasset
[2017.08.01-04.36.30:008][  0]SourceControl: Info 	Saved/Autosaves/Game/2DSideScrollerBP/Maps/Levels/LevelSprites/Sprites/Rain_Forrest_Sprites/Tile_Maps/Rain_Forrest_TMTop_Auto4.uasset
[2017.08.01-04.36.30:008][  0]SourceControl: Info 	Saved/Autosaves/Game/2DSideScrollerBP/Maps/Levels/LevelSprites/Sprites/Really_small_vine_Sprite_0_Auto2.uasset
[2017.08.01-04.36.30:008][  0]SourceControl: Info 	Saved/Backup/BP_Platform_3_2017-07-31-16-48-59.uasset
[2017.08.01-04.36.30:008][  0]SourceControl: Info 	Saved/Backup/Chair_Oupost_Sprite_0_2017-07-31-19-02-39.uasset
[2017.08.01-04.36.30:008][  0]SourceControl: Info 	Saved/Backup/Chair_Oupost_Sprite_0_2017-07-31-19-49-37.uasset
[2017.08.01-04.36.30:008][  0]SourceControl: Info 	Saved/Backup/Glass_M_2017-07-31-16-34-46.uasset
[2017.08.01-04.36.30:008][  0]SourceControl: Info 	Saved/Backup/Glass_M_2017-07-31-16-58-28.uasset
[2017.08.01-04.36.30:008][  0]SourceControl: Info 	Saved/Backup/Glass_M_2017-07-31-17-16-24.uasset
[2017.08.01-04.36.30:008][  0]SourceControl: Info 	Saved/Backup/Outpost_inner_Walls_2_comp_2017-07-31-16-19-47.uasset
[2017.08.01-04.36.30:008][  0]SourceControl: Info 	Saved/Backup/Outpost_inner_Walls_2_comp_2017-07-31-17-16-24.uasset
[2017.08.01-04.36.30:008][  0]SourceControl: Info 	Saved/Backup/RainFall4_PS_2017-07-31-16-19-47.uasset
[2017.08.01-04.36.30:008][  0]SourceControl: Info 	Saved/Backup/RainFall4_PS_2017-07-31-17-16-05.uasset
[2017.08.01-04.36.30:008][  0]SourceControl: Info 	Saved/Backup/RainFall4_PS_Building_2017-07-31-16-19-47.uasset
[2017.08.01-04.36.30:008][  0]SourceControl: Info 	Saved/Backup/RainFall4_PS_Building_2017-07-31-17-16-05.uasset
[2017.08.01-04.36.30:008][  0]SourceControl: Info 	Saved/Backup/Rain_Forrest_TMTop_2017-07-31-16-19-47.uasset
[2017.08.01-04.36.30:008][  0]SourceControl: Info 	Saved/Backup/Rain_Forrest_TMTop_2017-07-31-17-16-25.uasset
[2017.08.01-04.36.30:008][  0]SourceControl: Info 	Saved/Backup/Rainfall_PS1_2017-07-31-14-28-16.uasset
[2017.08.01-04.36.30:008][  0]SourceControl: Info 	Saved/Backup/Rainfall_PS1_2017-07-31-17-16-26.uasset
[2017.08.01-04.36.30:008][  0]SourceControl: Info 	Saved/Backup/Rainfall_PS_2017-07-31-14-28-16.uasset
[2017.08.01-04.36.30:008][  0]SourceControl: Info 	Saved/Backup/Rainfall_PS_2017-07-31-15-29-44.uasset
[2017.08.01-04.36.30:008][  0]SourceControl: Info 	Saved/Backup/Rainfall_PS_2017-07-31-15-45-08.uasset
[2017.08.01-04.36.30:008][  0]SourceControl: Info 	Saved/Backup/Rainfall_PS_2017-07-31-17-16-26.uasset
[2017.08.01-04.36.30:008][  0]SourceControl: Info 	Saved/Backup/Rainforest_Alien_2017-07-31-14-28-15.umap
[2017.08.01-04.36.30:008][  0]SourceControl: Info 	Saved/Backup/Rainforest_Alien_2017-07-31-15-29-44.umap
[2017.08.01-04.36.30:008][  0]SourceControl: Info 	Saved/Backup/Rainforest_Alien_2017-07-31-15-45-08.umap
[2017.08.01-04.36.30:008][  0]SourceControl: Info 	Saved/Backup/Rainforest_Alien_2017-07-31-16-19-46.umap
[2017.08.01-04.36.30:008][  0]SourceControl: Info 	Saved/Backup/Rainforest_Alien_2017-07-31-16-34-45.umap
[2017.08.01-04.36.30:008][  0]SourceControl: Info 	Saved/Backup/Rainforest_Alien_2017-07-31-16-58-27.umap
[2017.08.01-04.36.30:008][  0]SourceControl: Info 	Saved/Backup/Rainforest_Alien_2017-07-31-17-16-05.umap
[2017.08.01-04.36.30:008][  0]SourceControl: Info 	Saved/Backup/Rainforest_Alien_2017-07-31-18-33-59.umap
[2017.08.01-04.36.30:008][  0]SourceControl: Info 	Saved/Backup/Rainforest_Alien_2017-07-31-19-02-38.umap
[2017.08.01-04.36.30:008][  0]SourceControl: Info 	Saved/Backup/Rainforest_Alien_2017-07-31-19-49-34.umap
[2017.08.01-04.36.30:008][  0]SourceControl: Info 	Saved/Backup/Rainforest_Alien_BuiltData_2017-07-31-16-34-46.uasset
[2017.08.01-04.36.30:008][  0]SourceControl: Info 	Saved/Backup/Rainforest_Alien_BuiltData_2017-07-31-18-33-59.uasset
[2017.08.01-04.36.30:008][  0]SourceControl: Info 	Saved/Backup/Rainforest_Alien_BuiltData_2017-07-31-19-49-35.uasset
[2017.08.01-04.36.30:008][  0]SourceControl: Info 	Saved/Backup/Really_small_vine_Sprite_0_2017-07-31-19-02-39.uasset
[2017.08.01-04.36.30:008][  0]SourceControl: Info 	Saved/Backup/Really_small_vine_Sprite_0_2017-07-31-19-49-37.uasset
[2017.08.01-04.36.30:008][  0]SourceControl: Info 	Saved/Backup/The_Little_things_sheet_Sprite_0_2017-07-31-17-16-24.uasset
[2017.08.01-04.36.30:008][  0]SourceControl: Info 	Saved/Backup/The_Little_things_sheet_Sprite_3_2017-07-31-17-16-24.uasset
[2017.08.01-04.36.30:008][  0]SourceControl: Info 	Saved/Config/CrashReportClient/UE4CC-Windows-772FF2F74A791676DF9CFB9B890C813B/
[2017.08.01-04.36.30:008][  0]SourceControl: Info 	Saved/Config/CrashReportClient/UE4CC-Windows-818785524D76B4F58E0749AF5958A58E/
[2017.08.01-04.36.30:008][  0]SourceControl: Info 	Saved/Config/CrashReportClient/UE4CC-Windows-D718F250434FDB79BAF0AEB0131DB2E1/
[2017.08.01-04.36.30:008][  0]SourceControl: Info 	Saved/Logs/InsertNameAdventure-backup-2017.07.31-14.13.02.log
[2017.08.01-04.36.30:008][  0]SourceControl: Info 	Saved/Logs/InsertNameAdventure-backup-2017.07.31-18.17.34.log
[2017.08.01-04.36.30:008][  0]SourceControl: Info 	Saved/Logs/InsertNameAdventure-backup-2017.07.31-22.36.14.log
[2017.08.01-04.36.30:009][  0]LogContentStreaming: Texture pool size now 1000 MB
[2017.08.01-04.36.30:034][  0]LogSlate: Took 0.000222 seconds to synchronously load lazily loaded font '../../../Engine/Content/Slate/Fonts/Roboto-Light.ttf' (159K)
[2017.08.01-04.36.30:087][  1]LogAssetRegistry: Asset discovery search completed in 9.8679 seconds
[2017.08.01-04.36.30:090][  1]LogCollectionManager: Rebuilt the object cache for 0 collections in 0.000003 seconds (found 0 objects)
[2017.08.01-04.36.30:090][  1]LogCollectionManager: Fixed up redirectors for 0 collections in 0.000035 seconds (updated 0 objects)
[2017.08.01-04.36.44:976][654]LogEditorViewport: Clicking Background
[2017.08.01-04.37.34:678][ 40]Cmd: CLOSE_SLATE_MAINFRAME
[2017.08.01-04.37.34:713][ 40]LogWindowsTextInputMethodSystem:Display: IME system now deactivated.
[2017.08.01-04.37.34:787][ 41]Cmd: QUIT_EDITOR
[2017.08.01-04.37.34:818][ 41]LogExit: Preparing to exit.
[2017.08.01-04.37.35:523][ 41]LogDirectoryWatcher: A directory notification for 'C:/Users/Justin Wells/Documents/Unreal Projects/InsertNameAdventure/DatBoiEntertainmetnGame/Content/' was aborted.
[2017.08.01-04.37.35:536][ 41]LogExit: Editor shut down
[2017.08.01-04.37.35:538][ 41]LogExit: Transaction tracking system shut down
[2017.08.01-04.37.35:578][ 41]LogObj: Freed 0b from 0 cluster array pools.
[2017.08.01-04.37.35:578][ 41]LogExit: Object subsystem successfully closed.
[2017.08.01-04.37.35:591][ 41]LogD3D11RHI: Shutdown
[2017.08.01-04.37.35:591][ 41]LogD3D11RHI: CleanupD3DDevice
[2017.08.01-04.37.35:638][ 41]LogD3D11RHI: ~FD3D11DynamicRHI
[2017.08.01-04.37.35:650][ 41]LogModuleManager: Shutting down and abandoning module HierarchicalLODOutliner (524)
[2017.08.01-04.37.35:650][ 41]LogModuleManager: Shutting down and abandoning module CrashTracker (522)
[2017.08.01-04.37.35:650][ 41]LogModuleManager: Shutting down and abandoning module SceneOutliner (520)
[2017.08.01-04.37.35:650][ 41]LogModuleManager: Shutting down and abandoning module AddContentDialog (518)
[2017.08.01-04.37.35:650][ 41]LogDirectoryWatcher: A directory notification for 'C:/Program Files/Epic Games/UE_4.16/FeaturePacks/' was aborted.
[2017.08.01-04.37.35:651][ 41]LogModuleManager: Shutting down and abandoning module WidgetCarousel (517)
[2017.08.01-04.37.35:651][ 41]LogModuleManager: Shutting down and abandoning module EditorWidgets (514)
[2017.08.01-04.37.35:651][ 41]LogModuleManager: Shutting down and abandoning module CollectionManager (512)
[2017.08.01-04.37.35:651][ 41]LogDirectoryWatcher: A directory notification for 'C:/Users/Justin Wells/Documents/Unreal Projects/InsertNameAdventure/DatBoiEntertainmetnGame/Content/Collections/' was aborted.
[2017.08.01-04.37.35:651][ 41]LogDirectoryWatcher: A directory notification for 'C:/Users/Justin Wells/Documents/Unreal Projects/InsertNameAdventure/DatBoiEntertainmetnGame/Content/Developers/JustinWells20/Collections/' was aborted.
[2017.08.01-04.37.35:651][ 41]LogDirectoryWatcher: A directory notification for 'C:/Users/Justin Wells/Documents/Unreal Projects/InsertNameAdventure/DatBoiEntertainmetnGame/Saved/Collections/' was aborted.
[2017.08.01-04.37.35:651][ 41]LogModuleManager: Shutting down and abandoning module StatsViewer (510)
[2017.08.01-04.37.35:651][ 41]LogModuleManager: Shutting down and abandoning module FoliageEdit (508)
[2017.08.01-04.37.35:651][ 41]LogModuleManager: Shutting down and abandoning module LandscapeEditor (506)
[2017.08.01-04.37.35:651][ 41]LogModuleManager: Shutting down and abandoning module MeshPaintMode (504)
[2017.08.01-04.37.35:651][ 41]LogModuleManager: Shutting down and abandoning module SceneDepthPickerMode (502)
[2017.08.01-04.37.35:651][ 41]LogModuleManager: Shutting down and abandoning module ActorPickerMode (500)
[2017.08.01-04.37.35:651][ 41]LogModuleManager: Shutting down and abandoning module GeometryMode (498)
[2017.08.01-04.37.35:651][ 41]LogModuleManager: Shutting down and abandoning module TextureAlignMode (496)
[2017.08.01-04.37.35:651][ 41]LogModuleManager: Shutting down and abandoning module BspMode (494)
[2017.08.01-04.37.35:651][ 41]LogModuleManager: Shutting down and abandoning module HardwareSurvey (492)
[2017.08.01-04.37.35:651][ 41]LogModuleManager: Shutting down and abandoning module SequenceRecorderSections (490)
[2017.08.01-04.37.35:651][ 41]LogModuleManager: Shutting down and abandoning module AutomationWorker (488)
[2017.08.01-04.37.35:651][ 41]LogModuleManager: Shutting down and abandoning module MatineeToLevelSequence (486)
[2017.08.01-04.37.35:651][ 41]LogModuleManager: Shutting down and abandoning module LevelSequenceEditor (484)
[2017.08.01-04.37.35:651][ 41]LogModuleManager: Shutting down and abandoning module PlacementMode (483)
[2017.08.01-04.37.35:651][ 41]LogModuleManager: Shutting down and abandoning module WmfMediaFactory (480)
[2017.08.01-04.37.35:651][ 41]LogModuleManager: Shutting down and abandoning module WmfMediaEditor (478)
[2017.08.01-04.37.35:651][ 41]LogModuleManager: Shutting down and abandoning module AvfMediaFactory (476)
[2017.08.01-04.37.35:651][ 41]LogModuleManager: Shutting down and abandoning module AvfMediaEditor (474)
[2017.08.01-04.37.35:651][ 41]LogModuleManager: Shutting down and abandoning module AndroidMediaFactory (472)
[2017.08.01-04.37.35:651][ 41]LogModuleManager: Shutting down and abandoning module Media (471)
[2017.08.01-04.37.35:651][ 41]LogModuleManager: Shutting down and abandoning module AndroidMediaEditor (468)
[2017.08.01-04.37.35:651][ 41]LogModuleManager: Shutting down and abandoning module CharacterAI (466)
[2017.08.01-04.37.35:651][ 41]LogModuleManager: Shutting down and abandoning module AudioCapture (464)
[2017.08.01-04.37.35:651][ 41]LogModuleManager: Shutting down and abandoning module SequenceRecorder (463)
[2017.08.01-04.37.35:652][ 41]LogModuleManager: Shutting down and abandoning module SmartSnapping (460)
[2017.08.01-04.37.35:652][ 41]LogModuleManager: Shutting down and abandoning module SessionServices (458)
[2017.08.01-04.37.35:652][ 41]LogModuleManager: Shutting down and abandoning module ViewportSnapping (456)
[2017.08.01-04.37.35:652][ 41]LogModuleManager: Shutting down and abandoning module ViewportInteraction (454)
[2017.08.01-04.37.35:652][ 41]LogModuleManager: Shutting down and abandoning module ClothPainter (452)
[2017.08.01-04.37.35:652][ 41]LogModuleManager: Shutting down and abandoning module LogVisualizer (450)
[2017.08.01-04.37.35:652][ 41]LogModuleManager: Shutting down and abandoning module IntroTutorials (448)
[2017.08.01-04.37.35:652][ 41]LogModuleManager: Shutting down and abandoning module GameProjectGeneration (447)
[2017.08.01-04.37.35:652][ 41]LogModuleManager: Shutting down and abandoning module EditorLiveStreaming (444)
[2017.08.01-04.37.35:652][ 41]LogModuleManager: Shutting down and abandoning module IOSPlatformEditor (442)
[2017.08.01-04.37.35:652][ 41]LogModuleManager: Shutting down and abandoning module HTML5PlatformEditor (440)
[2017.08.01-04.37.35:652][ 41]LogModuleManager: Shutting down and abandoning module AndroidPlatformEditor (438)
[2017.08.01-04.37.35:652][ 41]LogModuleManager: Shutting down and abandoning module AndroidDeviceDetection (437)
[2017.08.01-04.37.36:645][ 41]LogModuleManager: Shutting down and abandoning module IOSRuntimeSettings (434)
[2017.08.01-04.37.36:645][ 41]LogModuleManager: Shutting down and abandoning module AndroidRuntimeSettings (432)
[2017.08.01-04.37.36:645][ 41]LogModuleManager: Shutting down and abandoning module InputBindingEditor (430)
[2017.08.01-04.37.36:645][ 41]LogModuleManager: Shutting down and abandoning module MergeActors (428)
[2017.08.01-04.37.36:645][ 41]LogModuleManager: Shutting down and abandoning module SizeMap (426)
[2017.08.01-04.37.36:645][ 41]LogModuleManager: Shutting down and abandoning module TreeMap (424)
[2017.08.01-04.37.36:645][ 41]LogModuleManager: Shutting down and abandoning module ReferenceViewer (422)
[2017.08.01-04.37.36:645][ 41]LogModuleManager: Shutting down and abandoning module LocalizationDashboard (420)
[2017.08.01-04.37.36:645][ 41]LogModuleManager: Shutting down and abandoning module LocalizationService (419)
[2017.08.01-04.37.36:645][ 41]LogModuleManager: Shutting down and abandoning module HardwareTargeting (416)
[2017.08.01-04.37.36:645][ 41]LogModuleManager: Shutting down and abandoning module DeviceProfileEditor (414)
[2017.08.01-04.37.36:645][ 41]LogModuleManager: Shutting down and abandoning module UndoHistory (412)
[2017.08.01-04.37.36:645][ 41]LogModuleManager: Shutting down and abandoning module UserFeedback (410)
[2017.08.01-04.37.36:645][ 41]LogModuleManager: Shutting down and abandoning module XmlParser (408)
[2017.08.01-04.37.36:645][ 41]LogModuleManager: Shutting down and abandoning module Blutility (406)
[2017.08.01-04.37.36:645][ 41]LogModuleManager: Shutting down and abandoning module ProjectSettingsViewer (404)
[2017.08.01-04.37.36:645][ 41]LogModuleManager: Shutting down and abandoning module ProjectTargetPlatformEditor (403)
[2017.08.01-04.37.36:645][ 41]LogModuleManager: Shutting down and abandoning module EditorSettingsViewer (400)
[2017.08.01-04.37.36:645][ 41]LogModuleManager: Shutting down and abandoning module SettingsEditor (398)
[2017.08.01-04.37.36:645][ 41]LogModuleManager: Shutting down and abandoning module ProjectLauncher (396)
[2017.08.01-04.37.36:645][ 41]LogModuleManager: Shutting down and abandoning module SessionFrontend (394)
[2017.08.01-04.37.36:645][ 41]LogModuleManager: Shutting down and abandoning module ProfilerClient (392)
[2017.08.01-04.37.36:645][ 41]LogModuleManager: Shutting down and abandoning module DeviceManager (390)
[2017.08.01-04.37.36:645][ 41]LogModuleManager: Shutting down and abandoning module TargetDeviceServices (389)
[2017.08.01-04.37.36:699][ 41]LogModuleManager: Shutting down and abandoning module AutomationController (386)
[2017.08.01-04.37.36:699][ 41]LogModuleManager: Shutting down and abandoning module AutomationWindow (384)
[2017.08.01-04.37.36:699][ 41]LogModuleManager: Shutting down and abandoning module Layers (382)
[2017.08.01-04.37.36:699][ 41]LogModuleManager: Shutting down and abandoning module ComponentVisualizers (380)
[2017.08.01-04.37.36:699][ 41]LogModuleManager: Shutting down and abandoning module DetailCustomizations (378)
[2017.08.01-04.37.36:699][ 41]LogModuleManager: Shutting down and abandoning module PackagesDialog (376)
[2017.08.01-04.37.36:699][ 41]LogModuleManager: Shutting down and abandoning module Persona (374)
[2017.08.01-04.37.36:699][ 41]LogModuleManager: Shutting down and abandoning module AdvancedPreviewScene (373)
[2017.08.01-04.37.36:699][ 41]LogModuleManager: Shutting down and abandoning module AnimGraph (371)
[2017.08.01-04.37.36:699][ 41]LogModuleManager: Shutting down and abandoning module Kismet (368)
[2017.08.01-04.37.36:699][ 41]LogModuleManager: Shutting down and abandoning module ClassViewer (366)
[2017.08.01-04.37.36:699][ 41]LogModuleManager: Shutting down and abandoning module Toolbox (364)
[2017.08.01-04.37.36:699][ 41]LogModuleManager: Shutting down and abandoning module ModuleUI (362)
[2017.08.01-04.37.36:699][ 41]LogModuleManager: Shutting down and abandoning module MovieSceneTools (360)
[2017.08.01-04.37.36:699][ 41]LogModuleManager: Shutting down and abandoning module OutputLog (358)
[2017.08.01-04.37.36:699][ 41]LogModuleManager: Shutting down and abandoning module GammaUI (356)
[2017.08.01-04.37.36:699][ 41]LogModuleManager: Shutting down and abandoning module Documentation (354)
[2017.08.01-04.37.36:699][ 41]LogModuleManager: Shutting down and abandoning module MovieSceneTracks (352)
[2017.08.01-04.37.36:699][ 41]LogModuleManager: Shutting down and abandoning module MovieScene (350)
[2017.08.01-04.37.36:699][ 41]LogModuleManager: Shutting down and abandoning module Niagara (348)
[2017.08.01-04.37.36:699][ 41]LogModuleManager: Shutting down and abandoning module NiagaraEditor (347)
[2017.08.01-04.37.36:699][ 41]LogModuleManager: Shutting down and abandoning module StreamingPauseRendering (344)
[2017.08.01-04.37.36:699][ 41]LogModuleManager: Shutting down and abandoning module AnalyticsET (342)
[2017.08.01-04.37.36:699][ 41]LogModuleManager: Shutting down and abandoning module PortalServices (340)
[2017.08.01-04.37.36:699][ 41]LogModuleManager: Shutting down and abandoning module PortalRpc (338)
[2017.08.01-04.37.36:699][ 41]LogModuleManager: Shutting down and abandoning module MessagingRpc (336)
[2017.08.01-04.37.36:700][ 41]LogModuleManager: Shutting down and abandoning module AIModule (334)
[2017.08.01-04.37.36:700][ 41]LogModuleManager: Shutting down and abandoning module GameplayDebugger (333)
[2017.08.01-04.37.36:700][ 41]LogModuleManager: Shutting down and abandoning module AITestSuite (331)
[2017.08.01-04.37.36:700][ 41]LogModuleManager: Shutting down and abandoning module ProfilerService (328)
[2017.08.01-04.37.36:928][ 41]LogModuleManager: Shutting down and abandoning module TaskGraph (326)
[2017.08.01-04.37.36:928][ 41]LogModuleManager: Shutting down and abandoning module SteamVRController (324)
[2017.08.01-04.37.36:928][ 41]LogModuleManager: Shutting down and abandoning module SteamVR (322)
[2017.08.01-04.37.36:928][ 41]LogModuleManager: Shutting down and abandoning module ProceduralMeshComponentEditor (320)
[2017.08.01-04.37.36:928][ 41]LogModuleManager: Shutting down and abandoning module ProceduralMeshComponent (318)
[2017.08.01-04.37.36:928][ 41]LogModuleManager: Shutting down and abandoning module OculusLibrary (316)
[2017.08.01-04.37.36:928][ 41]LogModuleManager: Shutting down and abandoning module OculusInput (314)
[2017.08.01-04.37.36:928][ 41]LogModuleManager: Shutting down and abandoning module MobilePatchingUtils (312)
[2017.08.01-04.37.36:928][ 41]LogModuleManager: Shutting down and abandoning module CustomMeshComponent (310)
[2017.08.01-04.37.36:928][ 41]LogModuleManager: Shutting down and abandoning module CableComponent (308)
[2017.08.01-04.37.36:928][ 41]LogModuleManager: Shutting down and abandoning module ArchVisCharacter (306)
[2017.08.01-04.37.36:928][ 41]LogModuleManager: Shutting down and abandoning module AndroidPermission (304)
[2017.08.01-04.37.36:928][ 41]LogModuleManager: Shutting down and abandoning module MediaPlayerEditor (300)
[2017.08.01-04.37.36:928][ 41]LogModuleManager: Shutting down and abandoning module HTML5Networking (298)
[2017.08.01-04.37.36:928][ 41]LogModuleManager: Shutting down and abandoning module AlembicImporter (296)
[2017.08.01-04.37.36:928][ 41]LogModuleManager: Shutting down and abandoning module AlembicLibrary (295)
[2017.08.01-04.37.36:928][ 41]LogModuleManager: Shutting down and abandoning module GeometryCache (294)
[2017.08.01-04.37.36:928][ 41]LogModuleManager: Shutting down and abandoning module GeometryCacheEd (293)
[2017.08.01-04.37.36:928][ 41]LogModuleManager: Shutting down and abandoning module SuperSearchEditor (288)
[2017.08.01-04.37.36:928][ 41]LogModuleManager: Shutting down and abandoning module SuperSearch (287)
[2017.08.01-04.37.36:928][ 41]LogModuleManager: Shutting down and abandoning module SpeedTreeImporter (284)
[2017.08.01-04.37.36:928][ 41]LogModuleManager: Shutting down and abandoning module PluginBrowser (282)
[2017.08.01-04.37.36:928][ 41]LogModuleManager: Shutting down and abandoning module MobileLauncherProfileWizard (280)
[2017.08.01-04.37.36:928][ 41]LogModuleManager: Shutting down and abandoning module VisualStudioSourceCodeAccess (278)
[2017.08.01-04.37.36:928][ 41]LogModuleManager: Shutting down and abandoning module DesktopPlatform (277)
[2017.08.01-04.37.36:928][ 41]LogModuleManager: Shutting down and abandoning module UObjectPlugin (274)
[2017.08.01-04.37.36:928][ 41]LogModuleManager: Shutting down and abandoning module SubversionSourceControl (272)
[2017.08.01-04.37.36:928][ 41]LogModuleManager: Shutting down and abandoning module PerforceSourceControl (270)
[2017.08.01-04.37.36:928][ 41]LogModuleManager: Shutting down and abandoning module GitSourceControl (268)
[2017.08.01-04.37.36:928][ 41]LogModuleManager: Shutting down and abandoning module SourceControl (267)
[2017.08.01-04.37.36:928][ 41]LogModuleManager: Shutting down and abandoning module LightPropagationVolumeEditor (264)
[2017.08.01-04.37.36:928][ 41]LogModuleManager: Shutting down and abandoning module PaperTiledImporter (262)
[2017.08.01-04.37.36:928][ 41]LogModuleManager: Shutting down and abandoning module PaperSpriteSheetImporter (260)
[2017.08.01-04.37.36:928][ 41]LogModuleManager: Shutting down and abandoning module Paper2DEditor (258)
[2017.08.01-04.37.36:928][ 41]LogModuleManager: Shutting down and abandoning module MeshPaint (257)
[2017.08.01-04.37.36:928][ 41]LogModuleManager: Shutting down and abandoning module LevelEditor (255)
[2017.08.01-04.37.36:929][ 41]LogModuleManager: Shutting down and abandoning module PixelInspectorModule (254)
[2017.08.01-04.37.36:929][ 41]LogModuleManager: Shutting down and abandoning module MainFrame (252)
[2017.08.01-04.37.36:929][ 41]LogModuleManager: Shutting down and abandoning module HotReload (251)
[2017.08.01-04.37.36:929][ 41]LogDirectoryWatcher: A directory notification for 'C:/Users/Justin Wells/Documents/Unreal Projects/InsertNameAdventure/DatBoiEntertainmetnGame/Binaries/Win64' was aborted.
[2017.08.01-04.37.36:929][ 41]LogModuleManager: Shutting down and abandoning module PhysXVehiclesEditor (246)
[2017.08.01-04.37.36:929][ 41]LogModuleManager: Shutting down and abandoning module PhysXVehicles (244)
[2017.08.01-04.37.36:929][ 41]LogModuleManager: Shutting down and abandoning module LocationServicesBPLibrary (242)
[2017.08.01-04.37.36:929][ 41]LogModuleManager: Shutting down and abandoning module ImmediatePhysicsEditor (240)
[2017.08.01-04.37.36:929][ 41]LogModuleManager: Shutting down and abandoning module ImmediatePhysics (238)
[2017.08.01-04.37.36:929][ 41]LogModuleManager: Shutting down and abandoning module UdpMessaging (236)
[2017.08.01-04.37.37:030][ 41]LogModuleManager: Shutting down and abandoning module TcpMessaging (234)
[2017.08.01-04.37.37:130][ 41]LogModuleManager: Shutting down and abandoning module GameplayTagsEditor (232)
[2017.08.01-04.37.37:130][ 41]LogModuleManager: Shutting down and abandoning module FacialAnimationEditor (230)
[2017.08.01-04.37.37:130][ 41]LogModuleManager: Shutting down and abandoning module FacialAnimation (228)
[2017.08.01-04.37.37:130][ 41]LogModuleManager: Shutting down and abandoning module AssetManagerEditor (226)
[2017.08.01-04.37.37:130][ 41]LogModuleManager: Shutting down and abandoning module GraphEditor (225)
[2017.08.01-04.37.37:130][ 41]LogModuleManager: Shutting down and abandoning module ContentBrowser (223)
[2017.08.01-04.37.37:130][ 41]LogModuleManager: Shutting down and abandoning module LightPropagationVolumeRuntime (220)
[2017.08.01-04.37.37:130][ 41]LogModuleManager: Shutting down and abandoning module Paper2D (218)
[2017.08.01-04.37.37:130][ 41]LogModuleManager: Shutting down and abandoning module WindowsMoviePlayer (216)
[2017.08.01-04.37.37:130][ 41]LogModuleManager: Shutting down and abandoning module WmfMedia (214)
[2017.08.01-04.37.37:130][ 41]LogModuleManager: Shutting down and abandoning module ClothingSystemEditor (212)
[2017.08.01-04.37.37:130][ 41]LogModuleManager: Shutting down and abandoning module ClothingSystemRuntime (210)
[2017.08.01-04.37.37:131][ 41]LogModuleManager: Shutting down and abandoning module MediaAssets (208)
[2017.08.01-04.37.37:131][ 41]LogModuleManager: Shutting down and abandoning module GameLiveStreaming (206)
[2017.08.01-04.37.37:131][ 41]LogModuleManager: Shutting down and abandoning module VREditor (204)
[2017.08.01-04.37.37:131][ 41]LogModuleManager: Shutting down and abandoning module StringTableEditor (202)
[2017.08.01-04.37.37:131][ 41]LogModuleManager: Shutting down and abandoning module GameplayTasksEditor (200)
[2017.08.01-04.37.37:131][ 41]LogModuleManager: Shutting down and abandoning module BehaviorTreeEditor (198)
[2017.08.01-04.37.37:131][ 41]LogModuleManager: Shutting down and abandoning module FunctionalTesting (196)
[2017.08.01-04.37.37:131][ 41]LogModuleManager: Shutting down and abandoning module CollisionAnalyzer (194)
[2017.08.01-04.37.37:131][ 41]LogModuleManager: Shutting down and abandoning module UMG (192)
[2017.08.01-04.37.37:131][ 41]LogModuleManager: Shutting down and abandoning module UMGEditor (191)
[2017.08.01-04.37.37:131][ 41]LogModuleManager: Shutting down and abandoning module Sequencer (190)
[2017.08.01-04.37.37:131][ 41]LogModuleManager: Shutting down and abandoning module AssetTools (188)
[2017.08.01-04.37.37:131][ 41]LogModuleManager: Shutting down and abandoning module MessageLog (187)
[2017.08.01-04.37.37:131][ 41]LogModuleManager: Shutting down and abandoning module WorkspaceMenuStructure (186)
[2017.08.01-04.37.37:131][ 41]LogModuleManager: Shutting down and abandoning module SlateReflector (180)
[2017.08.01-04.37.37:131][ 41]LogModuleManager: Shutting down and abandoning module Slate (178)
[2017.08.01-04.37.37:131][ 41]LogModuleManager: Shutting down and abandoning module EditorStyle (176)
[2017.08.01-04.37.37:133][ 41]LogModuleManager: Shutting down and abandoning module SourceCodeAccess (174)
[2017.08.01-04.37.37:133][ 41]LogModuleManager: Shutting down and abandoning module HeadMountedDisplay (172)
[2017.08.01-04.37.37:133][ 41]LogModuleManager: Shutting down and abandoning module XAudio2 (170)
[2017.08.01-04.37.37:133][ 41]LogModuleManager: Shutting down and abandoning module Networking (168)
[2017.08.01-04.37.37:133][ 41]LogModuleManager: Shutting down and abandoning module Core (164)
[2017.08.01-04.37.37:133][ 41]LogModuleManager: Shutting down and abandoning module AssetRegistry (162)
[2017.08.01-04.37.37:282][ 41]LogDirectoryWatcher: A directory notification for '../../../Engine/Content/' was aborted.
[2017.08.01-04.37.37:282][ 41]LogDirectoryWatcher: A directory notification for '../../../../../../Users/Justin Wells/Documents/Unreal Projects/InsertNameAdventure/DatBoiEntertainmetnGame/Content/' was aborted.
[2017.08.01-04.37.37:282][ 41]LogDirectoryWatcher: A directory notification for '../../../Engine/Plugins/2D/Paper2D/Content/' was aborted.
[2017.08.01-04.37.37:282][ 41]LogDirectoryWatcher: A directory notification for '../../../Engine/Plugins/Runtime/GearVR/Content/' was aborted.
[2017.08.01-04.37.37:284][ 41]LogModuleManager: Shutting down and abandoning module DirectoryWatcher (161)
[2017.08.01-04.37.37:286][ 41]LogModuleManager: Shutting down and abandoning module KismetCompiler (158)
[2017.08.01-04.37.37:286][ 41]LogModuleManager: Shutting down and abandoning module LevelSequence (156)
[2017.08.01-04.37.37:286][ 41]LogModuleManager: Shutting down and abandoning module PhysXFormats (154)
[2017.08.01-04.37.37:286][ 41]LogModuleManager: Shutting down and abandoning module MeshUtilities (152)
[2017.08.01-04.37.37:286][ 41]LogModuleManager: Shutting down and abandoning module SimplygonSwarm (151)
[2017.08.01-04.37.37:286][ 41]LogModuleManager: Shutting down and abandoning module SimplygonMeshReduction (149)
[2017.08.01-04.37.37:286][ 41]LogModuleManager: Shutting down and abandoning module QuadricMeshReduction (147)
[2017.08.01-04.37.37:286][ 41]LogModuleManager: Shutting down and abandoning module DerivedDataCache (144)
[2017.08.01-04.37.37:662][ 41]LogDerivedDataCache: Shutdown
[2017.08.01-04.37.37:662][ 41]LogModuleManager: Shutting down and abandoning module TargetPlatform (142)
[2017.08.01-04.37.37:662][ 41]LogModuleManager: Shutting down and abandoning module VulkanShaderFormat (141)
[2017.08.01-04.37.37:662][ 41]LogModuleManager: Shutting down and abandoning module ShaderFormatVectorVM (139)
[2017.08.01-04.37.37:662][ 41]LogModuleManager: Shutting down and abandoning module ShaderFormatOpenGL (137)
[2017.08.01-04.37.37:662][ 41]LogModuleManager: Shutting down and abandoning module ShaderFormatD3D (135)
[2017.08.01-04.37.37:662][ 41]LogModuleManager: Shutting down and abandoning module MetalShaderFormat (133)
[2017.08.01-04.37.37:662][ 41]LogModuleManager: Shutting down and abandoning module TextureFormatUncompressed (131)
[2017.08.01-04.37.37:662][ 41]LogModuleManager: Shutting down and abandoning module TextureFormatPVR (129)
[2017.08.01-04.37.37:662][ 41]LogModuleManager: Shutting down and abandoning module TextureFormatDXT (127)
[2017.08.01-04.37.37:662][ 41]LogModuleManager: Shutting down and abandoning module TextureFormatIntelISPCTexComp (125)
[2017.08.01-04.37.37:662][ 41]LogModuleManager: Shutting down and abandoning module TextureFormatASTC (123)
[2017.08.01-04.37.37:662][ 41]LogModuleManager: Shutting down and abandoning module ImageWrapper (122)
[2017.08.01-04.37.37:662][ 41]LogModuleManager: Shutting down and abandoning module TextureFormatAndroid (119)
[2017.08.01-04.37.37:662][ 41]LogModuleManager: Shutting down and abandoning module AudioFormatOpus (117)
[2017.08.01-04.37.37:662][ 41]LogModuleManager: Shutting down and abandoning module AudioFormatOgg (115)
[2017.08.01-04.37.37:662][ 41]LogModuleManager: Shutting down and abandoning module AudioFormatADPCM (113)
[2017.08.01-04.37.37:662][ 41]LogModuleManager: Shutting down and abandoning module LinuxTargetPlatform (111)
[2017.08.01-04.37.37:662][ 41]LogModuleManager: Shutting down and abandoning module LinuxServerTargetPlatform (109)
[2017.08.01-04.37.37:662][ 41]LogModuleManager: Shutting down and abandoning module LinuxNoEditorTargetPlatform (107)
[2017.08.01-04.37.37:662][ 41]LogModuleManager: Shutting down and abandoning module LinuxClientTargetPlatform (105)
[2017.08.01-04.37.37:663][ 41]LogModuleManager: Shutting down and abandoning module TVOSTargetPlatform (103)
[2017.08.01-04.37.37:663][ 41]LogModuleManager: Shutting down and abandoning module Messaging (101)
[2017.08.01-04.37.37:663][ 41]LogModuleManager: Shutting down and abandoning module IOSTargetPlatform (99)
[2017.08.01-04.37.37:663][ 41]LogModuleManager: Shutting down and abandoning module HTML5TargetPlatform (97)
[2017.08.01-04.37.37:663][ 41]LogModuleManager: Shutting down and abandoning module Android_PVRTCTargetPlatform (95)
[2017.08.01-04.37.37:663][ 41]LogModuleManager: Shutting down and abandoning module Android_MultiTargetPlatform (93)
[2017.08.01-04.37.37:663][ 41]LogModuleManager: Shutting down and abandoning module Android_ETC2TargetPlatform (91)
[2017.08.01-04.37.37:663][ 41]LogModuleManager: Shutting down and abandoning module Android_ETC1TargetPlatform (89)
[2017.08.01-04.37.37:663][ 41]LogModuleManager: Shutting down and abandoning module Android_DXTTargetPlatform (87)
[2017.08.01-04.37.37:663][ 41]LogModuleManager: Shutting down and abandoning module Android_ATCTargetPlatform (85)
[2017.08.01-04.37.37:663][ 41]LogModuleManager: Shutting down and abandoning module Android_ASTCTargetPlatform (83)
[2017.08.01-04.37.37:663][ 41]LogModuleManager: Shutting down and abandoning module AndroidTargetPlatform (81)
[2017.08.01-04.37.37:663][ 41]LogModuleManager: Shutting down and abandoning module WindowsTargetPlatform (79)
[2017.08.01-04.37.37:663][ 41]LogModuleManager: Shutting down and abandoning module WindowsServerTargetPlatform (77)
[2017.08.01-04.37.37:663][ 41]LogModuleManager: Shutting down and abandoning module WindowsNoEditorTargetPlatform (75)
[2017.08.01-04.37.37:663][ 41]LogModuleManager: Shutting down and abandoning module WindowsClientTargetPlatform (73)
[2017.08.01-04.37.37:663][ 41]LogModuleManager: Shutting down and abandoning module MacTargetPlatform (71)
[2017.08.01-04.37.37:663][ 41]LogModuleManager: Shutting down and abandoning module MacServerTargetPlatform (69)
[2017.08.01-04.37.37:663][ 41]LogModuleManager: Shutting down and abandoning module MacNoEditorTargetPlatform (67)
[2017.08.01-04.37.37:663][ 41]LogModuleManager: Shutting down and abandoning module MacClientTargetPlatform (65)
[2017.08.01-04.37.37:663][ 41]LogModuleManager: Shutting down and abandoning module AllDesktopTargetPlatform (63)
[2017.08.01-04.37.37:663][ 41]LogModuleManager: Shutting down and abandoning module InputCore (60)
[2017.08.01-04.37.37:663][ 41]LogModuleManager: Shutting down and abandoning module Settings (58)
[2017.08.01-04.37.37:663][ 41]LogModuleManager: Shutting down and abandoning module OculusRift (56)
[2017.08.01-04.37.37:663][ 41]LogModuleManager: Shutting down and abandoning module GearVRController (54)
[2017.08.01-04.37.37:663][ 41]LogModuleManager: Shutting down and abandoning module GearVR (52)
[2017.08.01-04.37.37:663][ 41]LogModuleManager: Shutting down and abandoning module ExampleDeviceProfileSelector (50)
[2017.08.01-04.37.37:663][ 41]LogModuleManager: Shutting down and abandoning module OnlineBlueprintSupport (48)
[2017.08.01-04.37.37:663][ 41]LogModuleManager: Shutting down and abandoning module OnlineSubsystem (44)
[2017.08.01-04.37.37:663][ 41]LogOnline:Display: Unloading online subsystem: NULL
[2017.08.01-04.37.37:663][ 41]LogModuleManager: Shutting down and abandoning module XMPP (43)
[2017.08.01-04.37.37:663][ 41]LogModuleManager: Shutting down and abandoning module HTTP (41)
[2017.08.01-04.37.37:663][ 41]LogHttp:Display: Http module shutting down, but needs to wait on 1 outstanding Http requests:
[2017.08.01-04.37.37:663][ 41]LogHttp:Display: 	verb=[POST] url=[https://datarouter.ol.epicgames.com/datarouter/api/v1/public/data?SessionID=%7B02A10927-49D5-1CED-85B2-6691CDD9483B%7D&AppID=UEEditor.Rocket.Release&AppVersion=4.16.0-3452394%2B%2B%2BUE4%2BRelease-4.16&UserID=520fd5774504bba7d7d4dfbb2efd774d%7C3ef35b30eb8d444d8e26d7fb1794d4bf%7C7a44e29e-0876-4249-91a8-eb020dafba7b&AppEnvironment=datacollector-binary&UploadType=eteventstream] status=Processing
[2017.08.01-04.37.37:684][ 41]LogModuleManager: Shutting down and abandoning module SSL (40)
[2017.08.01-04.37.37:685][ 41]LogModuleManager: Shutting down and abandoning module HTTPChunkInstaller (36)
[2017.08.01-04.37.37:685][ 41]LogModuleManager: Shutting down and abandoning module AnimationModifiers (34)
[2017.08.01-04.37.37:685][ 41]LogModuleManager: Shutting down and abandoning module PropertyEditor (33)
[2017.08.01-04.37.37:685][ 41]LogModuleManager: Shutting down and abandoning module AudioEditor (30)
[2017.08.01-04.37.37:685][ 41]LogModuleManager: Shutting down and abandoning module TextureCompressor (28)
[2017.08.01-04.37.37:685][ 41]LogModuleManager: Shutting down and abandoning module ShaderCore (26)
[2017.08.01-04.37.37:685][ 41]LogModuleManager: Shutting down and abandoning module Landscape (24)
[2017.08.01-04.37.37:685][ 41]LogModuleManager: Shutting down and abandoning module SlateRHIRenderer (22)
[2017.08.01-04.37.37:685][ 41]LogModuleManager: Shutting down and abandoning module OpenGLDrv (20)
[2017.08.01-04.37.37:685][ 41]LogModuleManager: Shutting down and abandoning module D3D11RHI (18)
[2017.08.01-04.37.37:685][ 41]LogModuleManager: Shutting down and abandoning module AnimGraphRuntime (16)
[2017.08.01-04.37.37:685][ 41]LogModuleManager: Shutting down and abandoning module Renderer (14)
[2017.08.01-04.37.37:685][ 41]LogModuleManager: Shutting down and abandoning module Engine (12)
[2017.08.01-04.37.37:685][ 41]LogModuleManager: Shutting down and abandoning module CoreUObject (10)
[2017.08.01-04.37.37:685][ 41]LogModuleManager: Shutting down and abandoning module NetworkFile (8)
[2017.08.01-04.37.37:685][ 41]LogModuleManager: Shutting down and abandoning module StreamingFile (6)
[2017.08.01-04.37.37:685][ 41]LogModuleManager: Shutting down and abandoning module SandboxFile (4)
[2017.08.01-04.37.37:685][ 41]LogModuleManager: Shutting down and abandoning module PakFile (2)
[2017.08.01-04.37.37:687][ 41]LogExit: Exiting.
[2017.08.01-04.37.37:710][ 41]Log file closed, 07/31/17 22:37:37
