Log file open, 07/12/17 13:34:04
LogInit:Display: Running engine for game: InsertNameAdventure
LogPlatformFile: Not using cached read wrapper
LogInit:Display: RandInit(-1738654494) SRandInit(-1738654494).
LogTaskGraph: Started task graph with 5 named threads and 8 total threads with 1 sets of task threads.
LogStats: Stats thread started at 0.573180
LogInit: Using libcurl 7.47.1
LogInit:  - built for x86_64-pc-win32
LogInit:  - supports SSL with OpenSSL/1.0.2g
LogInit:  - supports HTTP deflate (compression) using libz 1.2.8
LogInit:  - other features:
LogInit:      CURL_VERSION_SSL
LogInit:      CURL_VERSION_LIBZ
LogInit:      CURL_VERSION_IPV6
LogInit:      CURL_VERSION_ASYNCHDNS
LogInit:      CURL_VERSION_LARGEFILE
LogInit:      CURL_VERSION_IDN
LogInit:  CurlRequestOptions (configurable via config and command line):
LogInit:  - bVerifyPeer = false  - Libcurl will NOT verify peer certificate
LogInit:  - bUseHttpProxy = false  - Libcurl will NOT use HTTP proxy
LogInit:  - bDontReuseConnections = false  - Libcurl will reuse connections
LogInit:  - CertBundlePath = nullptr  - Libcurl will use whatever was configured at build time.
LogInit: Build: ++UE4+Release-4.16-CL-3452394
LogInit: Engine Version: 4.16.0-3452394+++UE4+Release-4.16
LogInit: Compatible Engine Version: 4.16.0-3452394+++UE4+Release-4.16
LogInit: Net CL: 3452394
LogDevObjectVersion: Number of dev versions registered: 16
LogDevObjectVersion:   Dev-Blueprints (B0D832E4-1F89-4F0D-ACCF-7EB736FD4AA2): 9
LogDevObjectVersion:   Dev-Build (E1C64328-A22C-4D53-A36C-8E866417BD8C): 0
LogDevObjectVersion:   Dev-Core (375EC13C-06E4-48FB-B500-84F0262A717E): 2
LogDevObjectVersion:   Dev-Editor (E4B068ED-F494-42E9-A231-DA0B2E46BB41): 17
LogDevObjectVersion:   Dev-Framework (CFFC743F-43B0-4480-9391-14DF171D2073): 23
LogDevObjectVersion:   Dev-Mobile (B02B49B5-BB20-44E9-A304-32B752E40360): 0
LogDevObjectVersion:   Dev-Networking (A4E4105C-59A1-49B5-A7C5-40C4547EDFEE): 0
LogDevObjectVersion:   Dev-Online (39C831C9-5AE6-47DC-9A44-9C173E1C8E7C): 0
LogDevObjectVersion:   Dev-Physics (78F01B33-EBEA-4F98-B9B4-84EACCB95AA2): 0
LogDevObjectVersion:   Dev-Platform (6631380F-2D4D-43E0-8009-CF276956A95A): 0
LogDevObjectVersion:   Dev-Rendering (12F88B9F-8875-4AFC-A67C-D90C383ABD29): 15
LogDevObjectVersion:   Dev-Sequencer (7B5AE74C-D270-4C10-A958-57980B212A5A): 4
LogDevObjectVersion:   Dev-VR (D7296918-1DD6-4BDD-9DE2-64A83CC13884): 0
LogDevObjectVersion:   Dev-LoadTimes (C2A15278-BFE7-4AFE-6C17-90FF531DF755): 1
LogDevObjectVersion:   Private-Geometry (6EACA3D4-40EC-4CC1-B786-8BED09428FC5): 1
LogDevObjectVersion:   Dev-AnimPhys (29E575DD-E0A3-4627-9D10-D276232CDCEA): 3
LogInit: Compiled (64-bit): May 22 2017 17:47:00
LogInit: Compiled with Visual C++: 19.00.23026.00
LogInit: Build Configuration: Development
LogInit: Branch Name: ++UE4+Release-4.16
LogInit: Command line:  
LogInit: Base directory: C:/Program Files/Epic Games/UE_4.16/Engine/Binaries/Win64/
LogInit: Installed Engine Build: 1
LogInit: Presizing for max 8388607 objects, including 0 objects not considered by GC, pre-allocating 0 bytes for permanent pool.
LogInit: Object subsystem initialized
[2017.07.12-19.34.05:195][  0]LogInit: Selected Device Profile: [Windows]
[2017.07.12-19.34.05:195][  0]LogInit: Applying CVar settings loaded from the selected device profile: [Windows]
[2017.07.12-19.34.05:249][  0]LogInit: Computer: DESKTOP-6MFT485
[2017.07.12-19.34.05:249][  0]LogInit: User: JustinWells20
[2017.07.12-19.34.05:249][  0]LogInit: CPU Page size=4096, Cores=4
[2017.07.12-19.34.05:249][  0]LogInit: High frequency timer resolution =3.328127 MHz
[2017.07.12-19.34.05:249][  0]LogMemory: Memory total: Physical=15.9GB (16GB approx)
[2017.07.12-19.34.05:249][  0]LogMemory: Platform Memory Stats for Windows
[2017.07.12-19.34.05:249][  0]LogMemory: Process Physical Memory: 274.39 MB used, 274.39 MB peak
[2017.07.12-19.34.05:249][  0]LogMemory: Process Virtual Memory: 270.53 MB used, 270.53 MB peak
[2017.07.12-19.34.05:249][  0]LogMemory: Physical Memory: 3005.41 MB used,  13316.33 MB free, 16321.74 MB total
[2017.07.12-19.34.05:249][  0]LogMemory: Virtual Memory: 655.38 MB used,  13316.33 MB free, 134217728.00 MB total
[2017.07.12-19.34.05:496][  0]LogInit: Using OS detected language (en-US).
[2017.07.12-19.34.05:496][  0]LogInit: Using OS detected locale (en-US).
[2017.07.12-19.34.05:542][  0]LogTextLocalizationManager: No specific localization for 'en-US' exists, so the 'en' localization will be used.
[2017.07.12-19.34.07:900][  0]LogD3D11RHI: D3D11 adapters:
[2017.07.12-19.34.08:415][  0]LogD3D11RHI:    0. 'NVIDIA GeForce GTX 1070' (Feature Level 11_0)
[2017.07.12-19.34.08:415][  0]LogD3D11RHI:       8081/0/8160 MB DedicatedVideo/DedicatedSystem/SharedSystem, Outputs:2, VendorId:0x10de
[2017.07.12-19.34.08:416][  0]LogD3D11RHI:    1. 'Microsoft Basic Render Driver' (Feature Level 11_0)
[2017.07.12-19.34.08:416][  0]LogD3D11RHI:       0/0/8160 MB DedicatedVideo/DedicatedSystem/SharedSystem, Outputs:0, VendorId:0x1414
[2017.07.12-19.34.08:416][  0]LogD3D11RHI: Chosen D3D11 Adapter: 0
[2017.07.12-19.34.08:423][  0]LogD3D11RHI: Creating new Direct3DDevice
[2017.07.12-19.34.08:423][  0]LogD3D11RHI:     GPU DeviceId: 0x1b81 (for the marketing name, search the web for "GPU Device Id")
[2017.07.12-19.34.08:423][  0]LogWindows: EnumDisplayDevices:
[2017.07.12-19.34.08:423][  0]LogWindows:    0. 'NVIDIA GeForce GTX 1070' (P:0 D:1)
[2017.07.12-19.34.08:423][  0]LogWindows:    1. 'NVIDIA GeForce GTX 1070' (P:1 D:1)
[2017.07.12-19.34.08:423][  0]LogWindows:    2. 'NVIDIA GeForce GTX 1070' (P:0 D:0)
[2017.07.12-19.34.08:423][  0]LogWindows:    3. 'NVIDIA GeForce GTX 1070' (P:0 D:0)
[2017.07.12-19.34.08:423][  0]LogWindows: DebugString: FoundDriverCount:4 
[2017.07.12-19.34.08:423][  0]LogD3D11RHI:     Adapter Name: NVIDIA GeForce GTX 1070
[2017.07.12-19.34.08:424][  0]LogD3D11RHI:   Driver Version: 384.76 (internal:22.21.13.8476, unified:384.76)
[2017.07.12-19.34.08:424][  0]LogD3D11RHI:      Driver Date: 6-27-2017
[2017.07.12-19.34.08:424][  0]LogRHI: Texture pool is 1361 MB (70% of 1945 MB)
[2017.07.12-19.34.08:909][  0]LogD3D11RHI: Async texture creation enabled
[2017.07.12-19.34.08:962][  0]LogD3D11RHI: GPU Timing Frequency: 1000.000000 (Debug: 2 1)
[2017.07.12-19.34.09:017][  0]LogShaderCompilers: Guid format shader working directory is -54 characters bigger than the processId version (../../../../../../Users/Justin Wells/Documents/Unreal Projects/InsertNameAdventure/DatBoiEntertainmetnGame/Intermediate/Shaders/WorkingDirectory/11656/).
[2017.07.12-19.34.09:018][  0]LogShaderCompilers: Cleaned the shader compiler working directory 'C:/Users/Justin Wells/AppData/Local/Temp/UnrealShaderWorkingDir/43CAF0DE4F3CCFC68DFEF0ADBBF07273/'.
[2017.07.12-19.34.09:018][  0]LogShaderCompilers:Display: Using Local Shader Compiler.
[2017.07.12-19.34.10:802][  0]LogTemp:Display: Loaded TP AllDesktopTargetPlatform
[2017.07.12-19.34.10:841][  0]LogTemp:Display: Loaded TP MacClientTargetPlatform
[2017.07.12-19.34.10:880][  0]LogTemp:Display: Loaded TP MacNoEditorTargetPlatform
[2017.07.12-19.34.10:919][  0]LogTemp:Display: Loaded TP MacServerTargetPlatform
[2017.07.12-19.34.10:962][  0]LogTemp:Display: Loaded TP MacTargetPlatform
[2017.07.12-19.34.11:006][  0]LogTemp:Display: Loaded TP WindowsClientTargetPlatform
[2017.07.12-19.34.11:048][  0]LogTemp:Display: Loaded TP WindowsNoEditorTargetPlatform
[2017.07.12-19.34.11:093][  0]LogTemp:Display: Loaded TP WindowsServerTargetPlatform
[2017.07.12-19.34.11:131][  0]LogTemp:Display: Loaded TP WindowsTargetPlatform
[2017.07.12-19.34.11:176][  0]LogTemp:Display: Loaded TP AndroidTargetPlatform
[2017.07.12-19.34.11:220][  0]LogTemp:Display: Loaded TP Android_ASTCTargetPlatform
[2017.07.12-19.34.11:262][  0]LogTemp:Display: Loaded TP Android_ATCTargetPlatform
[2017.07.12-19.34.11:305][  0]LogTemp:Display: Loaded TP Android_DXTTargetPlatform
[2017.07.12-19.34.11:345][  0]LogTemp:Display: Loaded TP Android_ETC1TargetPlatform
[2017.07.12-19.34.11:384][  0]LogTemp:Display: Loaded TP Android_ETC2TargetPlatform
[2017.07.12-19.34.11:465][  0]LogTemp:Display: Loaded TP Android_MultiTargetPlatform
[2017.07.12-19.34.11:465][  0]LogTemp:Display: Loaded TP Android_PVRTCTargetPlatform
[2017.07.12-19.34.11:496][  0]LogTemp:Display: Loaded TP HTML5TargetPlatform
[2017.07.12-19.34.11:584][  0]LogTemp:Display: Loaded TP IOSTargetPlatform
[2017.07.12-19.34.11:610][  0]LogTemp:Display: Loaded TP TVOSTargetPlatform
[2017.07.12-19.34.11:657][  0]LogTemp:Display: Loaded TP LinuxClientTargetPlatform
[2017.07.12-19.34.11:702][  0]LogTemp:Display: Loaded TP LinuxNoEditorTargetPlatform
[2017.07.12-19.34.11:749][  0]LogTemp:Display: Loaded TP LinuxServerTargetPlatform
[2017.07.12-19.34.11:799][  0]LogTemp:Display: Loaded TP LinuxTargetPlatform
[2017.07.12-19.34.11:799][  0]LogTargetPlatformManager:Display: Building Assets For Windows
[2017.07.12-19.34.12:312][  0]LogDerivedDataCache:Display: Max Cache Size: 512 MB
[2017.07.12-19.34.12:653][  0]LogDerivedDataCache: Loaded boot cache 0.34s 90MB C:/Users/Justin Wells/AppData/Local/UnrealEngine/4.16/DerivedDataCache/Boot.ddc.
[2017.07.12-19.34.12:653][  0]LogDerivedDataCache:Display: Loaded Boot cache: C:/Users/Justin Wells/AppData/Local/UnrealEngine/4.16/DerivedDataCache/Boot.ddc
[2017.07.12-19.34.12:653][  0]LogDerivedDataCache: FDerivedDataBackendGraph:  Pak pak cache file ../../../../../../Users/Justin Wells/Documents/Unreal Projects/InsertNameAdventure/DatBoiEntertainmetnGame/DerivedDataCache/DDC.ddp not found, will not use a pak cache.
[2017.07.12-19.34.12:653][  0]LogDerivedDataCache: Unable to find inner node Pak for hierarchical cache Hierarchy.
[2017.07.12-19.34.12:653][  0]LogDerivedDataCache: FDerivedDataBackendGraph:  CompressedPak pak cache file ../../../../../../Users/Justin Wells/Documents/Unreal Projects/InsertNameAdventure/DatBoiEntertainmetnGame/DerivedDataCache/Compressed.ddp not found, will not use a pak cache.
[2017.07.12-19.34.12:653][  0]LogDerivedDataCache: Unable to find inner node CompressedPak for hierarchical cache Hierarchy.
[2017.07.12-19.34.12:678][  0]LogDerivedDataCache:Display: Pak cache opened for reading ../../../Engine/DerivedDataCache/Compressed.ddp.
[2017.07.12-19.34.12:690][  0]LogDerivedDataCache: Using Local data cache path C:/Users/Justin Wells/AppData/Local/UnrealEngine/Common/DerivedDataCache: Writable
[2017.07.12-19.34.12:704][  0]LogMaterial: Verifying Global Shaders for PCD3D_SM5
[2017.07.12-19.34.12:708][  0]LogSlate: Using Freetype 2.6.0
[2017.07.12-19.34.12:724][  0]LogSlate: SlateFontCache - WITH_FREETYPE: 1, WITH_HARFBUZZ: 1
[2017.07.12-19.34.12:724][  0]LogSlate: SlateFontCache - WITH_FREETYPE: 1, WITH_HARFBUZZ: 1
[2017.07.12-19.34.13:546][  0]LogInit: Selected Device Profile: [Windows]
[2017.07.12-19.34.13:715][  0]LogContentStreaming: Texture pool size is 0.00 MB
[2017.07.12-19.34.13:927][  0]LogMeshUtilities: Using QuadricMeshReduction for automatic static mesh reduction
[2017.07.12-19.34.13:977][  0]LogSimplygon: Simplygon DLL not present - disabling.
[2017.07.12-19.34.14:019][  0]LogMeshUtilities: Using SimplygonSwarm for distributed automatic mesh merging
[2017.07.12-19.34.14:019][  0]LogMeshUtilities: No automatic skeletal mesh reduction module available
[2017.07.12-19.34.14:019][  0]LogMeshUtilities: No automatic mesh merging module available
[2017.07.12-19.34.15:160][  0]LogNetVersion: InsertNameAdventure , NetCL: 3452394, EngineNetVer: 2, GameNetVer: 0 (Checksum: 1278457987)
[2017.07.12-19.34.15:249][  0]LogAssetRegistry: FAssetRegistry took 0.0292 seconds to start up
[2017.07.12-19.34.15:311][  0]LogPackageLocalizationCache: Processed 4 localized package path(s) for 2 prioritized culture(s) in 0.043867 seconds
[2017.07.12-19.34.15:316][  0]LogUObjectArray: 34194 objects as part of root set at end of initial load.
[2017.07.12-19.34.15:316][  0]LogUObjectAllocator: 7260424 out of 0 bytes used by permanent object pool.
[2017.07.12-19.34.15:316][  0]LogUObjectArray: CloseDisregardForGC: 0/0 objects in disregard for GC pool
[2017.07.12-19.34.15:372][  0]LogInit: WinSock: version 1.1 (2.2), MaxSocks=32767, MaxUdp=65467
[2017.07.12-19.34.19:087][  0]LogTcpMessaging: Initializing TcpMessaging bridge
[2017.07.12-19.34.19:122][  0]LogUdpMessaging: Initializing bridge on interface 0.0.0.0:0 to multicast group 230.0.0.1:6666.
[2017.07.12-19.34.19:749][  0]LogMaterial: Uniform references updated for custom material expression Custom.
[2017.07.12-19.34.20:176][  0]SourceControl: Info Source control is disabled
[2017.07.12-19.34.21:259][  0]LogAndroidPermission: UAndroidPermissionCallbackProxy::GetInstance
[2017.07.12-19.34.21:766][  0]LogEngine: Initializing Engine...
[2017.07.12-19.34.21:768][  0]LogHMD: Failed to initialize OpenVR with code 101
[2017.07.12-19.34.22:076][  0]LogStats: UGameplayTagsManager::ConstructGameplayTagTree: Construct from data asset -  0.000 s
[2017.07.12-19.34.22:076][  0]LogStats: UGameplayTagsManager::ConstructGameplayTagTree: GameplayTagTreeChangedEvent.Broadcast -  0.000 s
[2017.07.12-19.34.22:193][  0]LogAIModule: Creating AISystem for world Untitled
[2017.07.12-19.34.22:211][  0]LogInit: XAudio2 using 'Speakers (High Definition Audio Device)' : 2 channels at 48 kHz using 16 bits per sample (channel mask 0x3)
[2017.07.12-19.34.22:235][  0]LogInit: FAudioDevice initialized.
[2017.07.12-19.34.22:272][  0]LogDerivedDataCache: Saved boot cache 0.04s 90MB C:/Users/Justin Wells/AppData/Local/UnrealEngine/4.16/DerivedDataCache/Boot.ddc.
[2017.07.12-19.34.22:284][  0]LogInit: Texture streaming: Enabled
[2017.07.12-19.34.22:364][  0]LogEngineSessionManager: EngineSessionManager initialized
[2017.07.12-19.34.22:604][  0]LogInit: Transaction tracking system initialized
[2017.07.12-19.34.22:907][  0]BlueprintLog: New page: Editor Load
[2017.07.12-19.34.23:807][  0]LocalizationService: Info Localization service is disabled
[2017.07.12-19.34.24:444][  0]LogConsoleResponse:Display: 
[2017.07.12-19.34.24:767][  0]LogCook:Display: Max memory allowance for cook 16384mb min free memory 0mb
[2017.07.12-19.34.24:767][  0]LogCook:Display: Mobile HDR setting 1
[2017.07.12-19.34.25:405][  0]LogFileCache: Scanning file cache for directory 'C:/Users/Justin Wells/Documents/Unreal Projects/InsertNameAdventure/DatBoiEntertainmetnGame/Content/' took 0.02s
[2017.07.12-19.34.26:218][  0]LogSlate: Took 0.007272 seconds to synchronously load lazily loaded font '../../../Engine/Content/Slate/Fonts/Roboto-Regular.ttf' (155K)
[2017.07.12-19.34.55:295][  0]LogWindowsTextInputMethodSystem:Display: IME system now deactivated.
[2017.07.12-19.34.55:318][  0]LightingResults: New page: Lighting Build
[2017.07.12-19.34.55:389][  0]MapCheck: New page: Map Check
[2017.07.12-19.34.55:389][  0]LightingResults: New page: Lighting Build
[2017.07.12-19.34.55:412][  0]LogAIModule: Creating AISystem for world Untitled
[2017.07.12-19.34.55:417][  0]LoadErrors: New page: New Map
[2017.07.12-19.34.55:546][  0]LogWindowsTextInputMethodSystem:Display: IME system now deactivated.
[2017.07.12-19.34.55:706][  0]LogCollectionManager: Loaded 0 collections in 0.001538 seconds
[2017.07.12-19.34.55:795][  0]LogFileCache: Scanning file cache for directory 'C:/Users/Justin Wells/Documents/Unreal Projects/InsertNameAdventure/DatBoiEntertainmetnGame/Saved/Collections/' took 0.01s
[2017.07.12-19.34.55:795][  0]LogFileCache: Scanning file cache for directory 'C:/Users/Justin Wells/Documents/Unreal Projects/InsertNameAdventure/DatBoiEntertainmetnGame/Content/Developers/JustinWells20/Collections/' took 0.01s
[2017.07.12-19.34.55:795][  0]LogFileCache: Scanning file cache for directory 'C:/Users/Justin Wells/Documents/Unreal Projects/InsertNameAdventure/DatBoiEntertainmetnGame/Content/Collections/' took 0.01s
[2017.07.12-19.34.55:795][  0]LogCollectionManager: Rebuilt the GUID cache for 0 collections in 0.000002 seconds
[2017.07.12-19.34.55:805][  0]LogContentBrowser: Native class hierarchy populated in 0.0086 seconds. Added 2329 classes and 491 folders.
[2017.07.12-19.34.55:864][  0]LogContentBrowser: Native class hierarchy updated for 'WidgetCarousel' in 0.0006 seconds. Added 0 classes and 0 folders.
[2017.07.12-19.34.56:164][  0]LogContentBrowser: Native class hierarchy updated for 'AddContentDialog' in 0.0007 seconds. Added 0 classes and 0 folders.
[2017.07.12-19.34.56:207][  0]LogContentBrowser: Native class hierarchy updated for 'SceneOutliner' in 0.0006 seconds. Added 1 classes and 2 folders.
[2017.07.12-19.34.56:232][  0]LogCrashTracker: Crashtracker disabled due to settings.
[2017.07.12-19.34.56:253][  0]LogSlate: Took 0.006359 seconds to synchronously load lazily loaded font '../../../Engine/Content/Slate/Fonts/Roboto-Bold.ttf' (160K)
[2017.07.12-19.34.56:263][  0]LogSlate: Took 0.005485 seconds to synchronously load lazily loaded font '../../../Engine/Content/Editor/Slate/Fonts/FontAwesome.ttf' (139K)
[2017.07.12-19.34.56:367][  0]LogRenderer: Reallocating scene render targets to support 1756x608 NumSamples 1 (Frame:1).
[2017.07.12-19.34.56:501][  0]LogUObjectGlobals:Warning: Failed to find object 'Class None.'
[2017.07.12-19.34.56:562][  0]LogContentBrowser: Native class hierarchy updated for 'HierarchicalLODOutliner' in 0.0007 seconds. Added 1 classes and 2 folders.
[2017.07.12-19.34.56:562][  0]LogLoad: (Engine Initialization) Total time: 54.16 seconds
[2017.07.12-19.34.56:562][  0]LogLoad: (Engine Initialization) Total Blueprint compile time: 0.07 seconds
[2017.07.12-19.34.56:562][  0]LogExternalProfiler: No external profilers were discovered.  External profiling features will not be available.
[2017.07.12-19.34.56:577][  0]LogOcInput: OculusInput pre-init called
[2017.07.12-19.34.56:577][  0]LogHMD: Starting GearVRController plugin
[2017.07.12-19.34.56:595][  0]SourceControl: Info On branch V1.5.1
[2017.07.12-19.34.56:595][  0]SourceControl: Info Your branch is up-to-date with 'origin/V1.5.1'.
[2017.07.12-19.34.56:595][  0]SourceControl: Info Changes to be committed:
[2017.07.12-19.34.56:595][  0]SourceControl: Info   (use "git reset HEAD <file>..." to unstage)
[2017.07.12-19.34.56:595][  0]SourceControl: Info 	new file:   Content/2DSideScrollerBP/Item/ItemMasterBP_Child.uasset
[2017.07.12-19.34.56:595][  0]SourceControl: Info Changes not staged for commit:
[2017.07.12-19.34.56:595][  0]SourceControl: Info   (use "git add/rm <file>..." to update what will be committed)
[2017.07.12-19.34.56:595][  0]SourceControl: Info   (use "git checkout -- <file>..." to discard changes in working directory)
[2017.07.12-19.34.56:595][  0]SourceControl: Info 	modified:   Content/2DSideScrollerBP/Blueprints/Characters/2DSideScrollerCharacter.uasset
[2017.07.12-19.34.56:595][  0]SourceControl: Info 	modified:   Content/2DSideScrollerBP/Blueprints/Characters/Mouse_Controls.uasset
[2017.07.12-19.34.56:595][  0]SourceControl: Info 	modified:   Content/2DSideScrollerBP/Item/ItemMasterBP.uasset
[2017.07.12-19.34.56:595][  0]SourceControl: Info 	modified:   Content/2DSideScrollerBP/Maps/Levels/Rainforest_Alien.umap
[2017.07.12-19.34.56:595][  0]SourceControl: Info 	modified:   Intermediate/AssetRegistryCache/c90e3f55.bin
[2017.07.12-19.34.56:595][  0]SourceControl: Info 	modified:   Intermediate/CachedAssetRegistry.bin
[2017.07.12-19.34.56:595][  0]SourceControl: Info 	modified:   Saved/AutoScreenshot.png
[2017.07.12-19.34.56:595][  0]SourceControl: Info 	modified:   Saved/Autosaves/Game/2DSideScrollerBP/Blueprints/Characters/2DSideScrollerCharacter_Auto1.uasset
[2017.07.12-19.34.56:595][  0]SourceControl: Info 	modified:   Saved/Autosaves/Game/2DSideScrollerBP/Blueprints/Characters/Mouse_Controls_Auto1.uasset
[2017.07.12-19.34.56:595][  0]SourceControl: Info 	modified:   Saved/Autosaves/Game/2DSideScrollerBP/Maps/Levels/Rainforest_Alien_Auto1.umap
[2017.07.12-19.34.56:595][  0]SourceControl: Info 	deleted:    Saved/Config/CrashReportClient/UE4CC-Windows-9E7644A646177ACA4737C0A4BEDEB43D/CrashReportClient.ini
[2017.07.12-19.34.56:596][  0]SourceControl: Info 	modified:   Saved/Config/Windows/Editor.ini
[2017.07.12-19.34.56:596][  0]SourceControl: Info 	modified:   Saved/Config/Windows/EditorPerProjectUserSettings.ini
[2017.07.12-19.34.56:596][  0]SourceControl: Info 	modified:   Saved/Config/Windows/Engine.ini
[2017.07.12-19.34.56:596][  0]SourceControl: Info 	deleted:    Saved/Logs/InsertNameAdventure-backup-2017.07.11-11.23.56.log
[2017.07.12-19.34.56:596][  0]SourceControl: Info 	deleted:    Saved/Logs/InsertNameAdventure-backup-2017.07.11-11.38.24.log
[2017.07.12-19.34.56:596][  0]SourceControl: Info 	modified:   Saved/Logs/InsertNameAdventure.log
[2017.07.12-19.34.56:596][  0]SourceControl: Info Untracked files:
[2017.07.12-19.34.56:596][  0]SourceControl: Info   (use "git add <file>..." to include in what will be committed)
[2017.07.12-19.34.56:596][  0]SourceControl: Info 	Saved/Autosaves/Game/2DSideScrollerBP/Item/ItemMasterBP_Auto1.uasset
[2017.07.12-19.34.56:596][  0]SourceControl: Info 	Saved/Autosaves/Game/2DSideScrollerBP/Item/ItemMasterBP_Child_Auto1.uasset
[2017.07.12-19.34.56:596][  0]SourceControl: Info 	Saved/Backup/2DSideScrollerCharacter_2017-07-11-20-33-50.uasset
[2017.07.12-19.34.56:596][  0]SourceControl: Info 	Saved/Backup/ItemMasterBP_2017-07-11-20-33-51.uasset
[2017.07.12-19.34.56:596][  0]SourceControl: Info 	Saved/Backup/Mouse_Controls_2017-07-11-20-33-51.uasset
[2017.07.12-19.34.56:596][  0]SourceControl: Info 	Saved/Backup/Rainforest_Alien_2017-07-11-20-33-50.umap
[2017.07.12-19.34.56:596][  0]SourceControl: Info 	Saved/Config/CrashReportClient/UE4CC-Windows-3F512BD6470E04BF298B9994DA765D1D/
[2017.07.12-19.34.56:596][  0]SourceControl: Info 	Saved/Config/CrashReportClient/UE4CC-Windows-5A655AA5497E123606CE8BB449DFB769/
[2017.07.12-19.34.56:596][  0]SourceControl: Info 	Saved/Logs/InsertNameAdventure-backup-2017.07.11-20.19.31.log
[2017.07.12-19.34.56:596][  0]SourceControl: Info 	Saved/Logs/InsertNameAdventure-backup-2017.07.12-13.34.04.log
[2017.07.12-19.34.56:596][  0]LogContentStreaming: Texture pool size now 1000 MB
[2017.07.12-19.34.56:667][  0]LogSlate: Took 0.019564 seconds to synchronously load lazily loaded font '../../../Engine/Content/Slate/Fonts/Roboto-Light.ttf' (159K)
[2017.07.12-19.34.56:920][  1]LogAssetRegistry: Asset discovery search completed in 41.6931 seconds
[2017.07.12-19.34.56:923][  1]LogCollectionManager: Rebuilt the object cache for 0 collections in 0.000005 seconds (found 0 objects)
[2017.07.12-19.34.56:923][  1]LogCollectionManager: Fixed up redirectors for 0 collections in 0.000050 seconds (updated 0 objects)
[2017.07.12-19.34.57:912][  4]LogSlate: Took 0.000188 seconds to synchronously load lazily loaded font '../../../Engine/Content/Slate/Fonts/Roboto-Light.ttf' (159K)
[2017.07.12-19.35.08:476][148]LogWindowsTextInputMethodSystem:Display: IME system now deactivated.
[2017.07.12-19.35.08:756][149]Cmd: QUIT_EDITOR
[2017.07.12-19.35.08:799][149]LogExit: Preparing to exit.
[2017.07.12-19.35.09:311][149]LogDirectoryWatcher: A directory notification for 'C:/Users/Justin Wells/Documents/Unreal Projects/InsertNameAdventure/DatBoiEntertainmetnGame/Content/' was aborted.
[2017.07.12-19.35.09:336][149]LogExit: Editor shut down
[2017.07.12-19.35.09:340][149]LogExit: Transaction tracking system shut down
[2017.07.12-19.35.09:447][149]LogObj: Freed 0b from 0 cluster array pools.
[2017.07.12-19.35.09:447][149]LogExit: Object subsystem successfully closed.
[2017.07.12-19.35.09:554][149]LogD3D11RHI: Shutdown
[2017.07.12-19.35.09:554][149]LogD3D11RHI: CleanupD3DDevice
[2017.07.12-19.35.09:822][149]LogD3D11RHI: ~FD3D11DynamicRHI
[2017.07.12-19.35.09:883][149]LogModuleManager: Shutting down and abandoning module HierarchicalLODOutliner (524)
[2017.07.12-19.35.09:883][149]LogModuleManager: Shutting down and abandoning module CrashTracker (522)
[2017.07.12-19.35.09:883][149]LogModuleManager: Shutting down and abandoning module SceneOutliner (520)
[2017.07.12-19.35.09:883][149]LogModuleManager: Shutting down and abandoning module AddContentDialog (518)
[2017.07.12-19.35.09:884][149]LogDirectoryWatcher: A directory notification for 'C:/Program Files/Epic Games/UE_4.16/FeaturePacks/' was aborted.
[2017.07.12-19.35.09:885][149]LogModuleManager: Shutting down and abandoning module WidgetCarousel (517)
[2017.07.12-19.35.09:885][149]LogModuleManager: Shutting down and abandoning module EditorWidgets (514)
[2017.07.12-19.35.09:885][149]LogModuleManager: Shutting down and abandoning module CollectionManager (512)
[2017.07.12-19.35.09:885][149]LogDirectoryWatcher: A directory notification for 'C:/Users/Justin Wells/Documents/Unreal Projects/InsertNameAdventure/DatBoiEntertainmetnGame/Content/Collections/' was aborted.
[2017.07.12-19.35.09:885][149]LogDirectoryWatcher: A directory notification for 'C:/Users/Justin Wells/Documents/Unreal Projects/InsertNameAdventure/DatBoiEntertainmetnGame/Content/Developers/JustinWells20/Collections/' was aborted.
[2017.07.12-19.35.09:886][149]LogDirectoryWatcher: A directory notification for 'C:/Users/Justin Wells/Documents/Unreal Projects/InsertNameAdventure/DatBoiEntertainmetnGame/Saved/Collections/' was aborted.
[2017.07.12-19.35.09:886][149]LogModuleManager: Shutting down and abandoning module StatsViewer (510)
[2017.07.12-19.35.09:886][149]LogModuleManager: Shutting down and abandoning module FoliageEdit (508)
[2017.07.12-19.35.09:886][149]LogModuleManager: Shutting down and abandoning module LandscapeEditor (506)
[2017.07.12-19.35.09:888][149]LogModuleManager: Shutting down and abandoning module MeshPaintMode (504)
[2017.07.12-19.35.09:888][149]LogModuleManager: Shutting down and abandoning module SceneDepthPickerMode (502)
[2017.07.12-19.35.09:888][149]LogModuleManager: Shutting down and abandoning module ActorPickerMode (500)
[2017.07.12-19.35.09:888][149]LogModuleManager: Shutting down and abandoning module GeometryMode (498)
[2017.07.12-19.35.09:888][149]LogModuleManager: Shutting down and abandoning module TextureAlignMode (496)
[2017.07.12-19.35.09:888][149]LogModuleManager: Shutting down and abandoning module BspMode (494)
[2017.07.12-19.35.09:888][149]LogModuleManager: Shutting down and abandoning module HardwareSurvey (492)
[2017.07.12-19.35.09:888][149]LogModuleManager: Shutting down and abandoning module SequenceRecorderSections (490)
[2017.07.12-19.35.09:888][149]LogModuleManager: Shutting down and abandoning module AutomationWorker (488)
[2017.07.12-19.35.09:888][149]LogModuleManager: Shutting down and abandoning module MatineeToLevelSequence (486)
[2017.07.12-19.35.09:888][149]LogModuleManager: Shutting down and abandoning module LevelSequenceEditor (484)
[2017.07.12-19.35.09:891][149]LogModuleManager: Shutting down and abandoning module PlacementMode (483)
[2017.07.12-19.35.09:891][149]LogModuleManager: Shutting down and abandoning module WmfMediaFactory (480)
[2017.07.12-19.35.09:891][149]LogModuleManager: Shutting down and abandoning module WmfMediaEditor (478)
[2017.07.12-19.35.09:891][149]LogModuleManager: Shutting down and abandoning module AvfMediaFactory (476)
[2017.07.12-19.35.09:891][149]LogModuleManager: Shutting down and abandoning module AvfMediaEditor (474)
[2017.07.12-19.35.09:891][149]LogModuleManager: Shutting down and abandoning module AndroidMediaFactory (472)
[2017.07.12-19.35.09:891][149]LogModuleManager: Shutting down and abandoning module Media (471)
[2017.07.12-19.35.09:891][149]LogModuleManager: Shutting down and abandoning module AndroidMediaEditor (468)
[2017.07.12-19.35.09:891][149]LogModuleManager: Shutting down and abandoning module CharacterAI (466)
[2017.07.12-19.35.09:891][149]LogModuleManager: Shutting down and abandoning module AudioCapture (464)
[2017.07.12-19.35.09:891][149]LogModuleManager: Shutting down and abandoning module SequenceRecorder (463)
[2017.07.12-19.35.09:892][149]LogModuleManager: Shutting down and abandoning module SmartSnapping (460)
[2017.07.12-19.35.09:892][149]LogModuleManager: Shutting down and abandoning module SessionServices (458)
[2017.07.12-19.35.09:892][149]LogModuleManager: Shutting down and abandoning module ViewportSnapping (456)
[2017.07.12-19.35.09:892][149]LogModuleManager: Shutting down and abandoning module ViewportInteraction (454)
[2017.07.12-19.35.09:892][149]LogModuleManager: Shutting down and abandoning module ClothPainter (452)
[2017.07.12-19.35.09:893][149]LogModuleManager: Shutting down and abandoning module LogVisualizer (450)
[2017.07.12-19.35.09:894][149]LogModuleManager: Shutting down and abandoning module IntroTutorials (448)
[2017.07.12-19.35.09:896][149]LogModuleManager: Shutting down and abandoning module GameProjectGeneration (447)
[2017.07.12-19.35.09:898][149]LogModuleManager: Shutting down and abandoning module EditorLiveStreaming (444)
[2017.07.12-19.35.09:898][149]LogModuleManager: Shutting down and abandoning module IOSPlatformEditor (442)
[2017.07.12-19.35.09:898][149]LogModuleManager: Shutting down and abandoning module HTML5PlatformEditor (440)
[2017.07.12-19.35.09:898][149]LogModuleManager: Shutting down and abandoning module AndroidPlatformEditor (438)
[2017.07.12-19.35.09:898][149]LogModuleManager: Shutting down and abandoning module AndroidDeviceDetection (437)
[2017.07.12-19.35.10:149][149]LogModuleManager: Shutting down and abandoning module IOSRuntimeSettings (434)
[2017.07.12-19.35.10:149][149]LogModuleManager: Shutting down and abandoning module AndroidRuntimeSettings (432)
[2017.07.12-19.35.10:149][149]LogModuleManager: Shutting down and abandoning module InputBindingEditor (430)
[2017.07.12-19.35.10:149][149]LogModuleManager: Shutting down and abandoning module MergeActors (428)
[2017.07.12-19.35.10:150][149]LogModuleManager: Shutting down and abandoning module SizeMap (426)
[2017.07.12-19.35.10:150][149]LogModuleManager: Shutting down and abandoning module TreeMap (424)
[2017.07.12-19.35.10:150][149]LogModuleManager: Shutting down and abandoning module ReferenceViewer (422)
[2017.07.12-19.35.10:150][149]LogModuleManager: Shutting down and abandoning module LocalizationDashboard (420)
[2017.07.12-19.35.10:151][149]LogModuleManager: Shutting down and abandoning module LocalizationService (419)
[2017.07.12-19.35.10:151][149]LogModuleManager: Shutting down and abandoning module HardwareTargeting (416)
[2017.07.12-19.35.10:151][149]LogModuleManager: Shutting down and abandoning module DeviceProfileEditor (414)
[2017.07.12-19.35.10:152][149]LogModuleManager: Shutting down and abandoning module UndoHistory (412)
[2017.07.12-19.35.10:152][149]LogModuleManager: Shutting down and abandoning module UserFeedback (410)
[2017.07.12-19.35.10:152][149]LogModuleManager: Shutting down and abandoning module XmlParser (408)
[2017.07.12-19.35.10:152][149]LogModuleManager: Shutting down and abandoning module Blutility (406)
[2017.07.12-19.35.10:152][149]LogModuleManager: Shutting down and abandoning module ProjectSettingsViewer (404)
[2017.07.12-19.35.10:152][149]LogModuleManager: Shutting down and abandoning module ProjectTargetPlatformEditor (403)
[2017.07.12-19.35.10:152][149]LogModuleManager: Shutting down and abandoning module EditorSettingsViewer (400)
[2017.07.12-19.35.10:152][149]LogModuleManager: Shutting down and abandoning module SettingsEditor (398)
[2017.07.12-19.35.10:154][149]LogModuleManager: Shutting down and abandoning module ProjectLauncher (396)
[2017.07.12-19.35.10:155][149]LogModuleManager: Shutting down and abandoning module SessionFrontend (394)
[2017.07.12-19.35.10:156][149]LogModuleManager: Shutting down and abandoning module ProfilerClient (392)
[2017.07.12-19.35.10:157][149]LogModuleManager: Shutting down and abandoning module DeviceManager (390)
[2017.07.12-19.35.10:157][149]LogModuleManager: Shutting down and abandoning module TargetDeviceServices (389)
[2017.07.12-19.35.10:211][149]LogModuleManager: Shutting down and abandoning module AutomationController (386)
[2017.07.12-19.35.10:211][149]LogModuleManager: Shutting down and abandoning module AutomationWindow (384)
[2017.07.12-19.35.10:212][149]LogModuleManager: Shutting down and abandoning module Layers (382)
[2017.07.12-19.35.10:214][149]LogModuleManager: Shutting down and abandoning module ComponentVisualizers (380)
[2017.07.12-19.35.10:214][149]LogModuleManager: Shutting down and abandoning module DetailCustomizations (378)
[2017.07.12-19.35.10:215][149]LogModuleManager: Shutting down and abandoning module PackagesDialog (376)
[2017.07.12-19.35.10:216][149]LogModuleManager: Shutting down and abandoning module Persona (374)
[2017.07.12-19.35.10:217][149]LogModuleManager: Shutting down and abandoning module AdvancedPreviewScene (373)
[2017.07.12-19.35.10:217][149]LogModuleManager: Shutting down and abandoning module AnimGraph (371)
[2017.07.12-19.35.10:217][149]LogModuleManager: Shutting down and abandoning module Kismet (368)
[2017.07.12-19.35.10:218][149]LogModuleManager: Shutting down and abandoning module ClassViewer (366)
[2017.07.12-19.35.10:218][149]LogModuleManager: Shutting down and abandoning module Toolbox (364)
[2017.07.12-19.35.10:218][149]LogModuleManager: Shutting down and abandoning module ModuleUI (362)
[2017.07.12-19.35.10:218][149]LogModuleManager: Shutting down and abandoning module MovieSceneTools (360)
[2017.07.12-19.35.10:219][149]LogModuleManager: Shutting down and abandoning module OutputLog (358)
[2017.07.12-19.35.10:220][149]LogModuleManager: Shutting down and abandoning module GammaUI (356)
[2017.07.12-19.35.10:220][149]LogModuleManager: Shutting down and abandoning module Documentation (354)
[2017.07.12-19.35.10:220][149]LogModuleManager: Shutting down and abandoning module MovieSceneTracks (352)
[2017.07.12-19.35.10:220][149]LogModuleManager: Shutting down and abandoning module MovieScene (350)
[2017.07.12-19.35.10:220][149]LogModuleManager: Shutting down and abandoning module Niagara (348)
[2017.07.12-19.35.10:221][149]LogModuleManager: Shutting down and abandoning module NiagaraEditor (347)
[2017.07.12-19.35.10:223][149]LogModuleManager: Shutting down and abandoning module StreamingPauseRendering (344)
[2017.07.12-19.35.10:223][149]LogModuleManager: Shutting down and abandoning module AnalyticsET (342)
[2017.07.12-19.35.10:223][149]LogModuleManager: Shutting down and abandoning module PortalServices (340)
[2017.07.12-19.35.10:223][149]LogModuleManager: Shutting down and abandoning module PortalRpc (338)
[2017.07.12-19.35.10:223][149]LogModuleManager: Shutting down and abandoning module MessagingRpc (336)
[2017.07.12-19.35.10:223][149]LogModuleManager: Shutting down and abandoning module AIModule (334)
[2017.07.12-19.35.10:223][149]LogModuleManager: Shutting down and abandoning module GameplayDebugger (333)
[2017.07.12-19.35.10:223][149]LogModuleManager: Shutting down and abandoning module AITestSuite (331)
[2017.07.12-19.35.10:223][149]LogModuleManager: Shutting down and abandoning module ProfilerService (328)
[2017.07.12-19.35.10:353][149]LogModuleManager: Shutting down and abandoning module TaskGraph (326)
[2017.07.12-19.35.10:363][149]LogModuleManager: Shutting down and abandoning module SteamVRController (324)
[2017.07.12-19.35.10:363][149]LogModuleManager: Shutting down and abandoning module SteamVR (322)
[2017.07.12-19.35.10:363][149]LogModuleManager: Shutting down and abandoning module ProceduralMeshComponentEditor (320)
[2017.07.12-19.35.10:363][149]LogModuleManager: Shutting down and abandoning module ProceduralMeshComponent (318)
[2017.07.12-19.35.10:364][149]LogModuleManager: Shutting down and abandoning module OculusLibrary (316)
[2017.07.12-19.35.10:364][149]LogModuleManager: Shutting down and abandoning module OculusInput (314)
[2017.07.12-19.35.10:364][149]LogModuleManager: Shutting down and abandoning module MobilePatchingUtils (312)
[2017.07.12-19.35.10:364][149]LogModuleManager: Shutting down and abandoning module CustomMeshComponent (310)
[2017.07.12-19.35.10:364][149]LogModuleManager: Shutting down and abandoning module CableComponent (308)
[2017.07.12-19.35.10:364][149]LogModuleManager: Shutting down and abandoning module ArchVisCharacter (306)
[2017.07.12-19.35.10:364][149]LogModuleManager: Shutting down and abandoning module AndroidPermission (304)
[2017.07.12-19.35.10:364][149]LogModuleManager: Shutting down and abandoning module MediaPlayerEditor (300)
[2017.07.12-19.35.10:381][149]LogModuleManager: Shutting down and abandoning module HTML5Networking (298)
[2017.07.12-19.35.10:381][149]LogModuleManager: Shutting down and abandoning module AlembicImporter (296)
[2017.07.12-19.35.10:383][149]LogModuleManager: Shutting down and abandoning module AlembicLibrary (295)
[2017.07.12-19.35.10:383][149]LogModuleManager: Shutting down and abandoning module GeometryCache (294)
[2017.07.12-19.35.10:383][149]LogModuleManager: Shutting down and abandoning module GeometryCacheEd (293)
[2017.07.12-19.35.10:383][149]LogModuleManager: Shutting down and abandoning module SuperSearchEditor (288)
[2017.07.12-19.35.10:383][149]LogModuleManager: Shutting down and abandoning module SuperSearch (287)
[2017.07.12-19.35.10:383][149]LogModuleManager: Shutting down and abandoning module SpeedTreeImporter (284)
[2017.07.12-19.35.10:383][149]LogModuleManager: Shutting down and abandoning module PluginBrowser (282)
[2017.07.12-19.35.10:394][149]LogModuleManager: Shutting down and abandoning module MobileLauncherProfileWizard (280)
[2017.07.12-19.35.10:402][149]LogModuleManager: Shutting down and abandoning module VisualStudioSourceCodeAccess (278)
[2017.07.12-19.35.10:402][149]LogModuleManager: Shutting down and abandoning module DesktopPlatform (277)
[2017.07.12-19.35.10:402][149]LogModuleManager: Shutting down and abandoning module UObjectPlugin (274)
[2017.07.12-19.35.10:402][149]LogModuleManager: Shutting down and abandoning module SubversionSourceControl (272)
[2017.07.12-19.35.10:407][149]LogModuleManager: Shutting down and abandoning module PerforceSourceControl (270)
[2017.07.12-19.35.10:412][149]LogModuleManager: Shutting down and abandoning module GitSourceControl (268)
[2017.07.12-19.35.10:414][149]LogModuleManager: Shutting down and abandoning module SourceControl (267)
[2017.07.12-19.35.10:416][149]LogModuleManager: Shutting down and abandoning module LightPropagationVolumeEditor (264)
[2017.07.12-19.35.10:417][149]LogModuleManager: Shutting down and abandoning module PaperTiledImporter (262)
[2017.07.12-19.35.10:417][149]LogModuleManager: Shutting down and abandoning module PaperSpriteSheetImporter (260)
[2017.07.12-19.35.10:417][149]LogModuleManager: Shutting down and abandoning module Paper2DEditor (258)
[2017.07.12-19.35.10:422][149]LogModuleManager: Shutting down and abandoning module MeshPaint (257)
[2017.07.12-19.35.10:423][149]LogModuleManager: Shutting down and abandoning module LevelEditor (255)
[2017.07.12-19.35.10:424][149]LogModuleManager: Shutting down and abandoning module PixelInspectorModule (254)
[2017.07.12-19.35.10:428][149]LogModuleManager: Shutting down and abandoning module MainFrame (252)
[2017.07.12-19.35.10:429][149]LogModuleManager: Shutting down and abandoning module HotReload (251)
[2017.07.12-19.35.10:429][149]LogDirectoryWatcher: A directory notification for 'C:/Users/Justin Wells/Documents/Unreal Projects/InsertNameAdventure/DatBoiEntertainmetnGame/Binaries/Win64' was aborted.
[2017.07.12-19.35.10:430][149]LogModuleManager: Shutting down and abandoning module PhysXVehiclesEditor (246)
[2017.07.12-19.35.10:435][149]LogModuleManager: Shutting down and abandoning module PhysXVehicles (244)
[2017.07.12-19.35.10:435][149]LogModuleManager: Shutting down and abandoning module LocationServicesBPLibrary (242)
[2017.07.12-19.35.10:435][149]LogModuleManager: Shutting down and abandoning module ImmediatePhysicsEditor (240)
[2017.07.12-19.35.10:435][149]LogModuleManager: Shutting down and abandoning module ImmediatePhysics (238)
[2017.07.12-19.35.10:440][149]LogModuleManager: Shutting down and abandoning module UdpMessaging (236)
[2017.07.12-19.35.10:540][149]LogModuleManager: Shutting down and abandoning module TcpMessaging (234)
[2017.07.12-19.35.10:642][149]LogModuleManager: Shutting down and abandoning module GameplayTagsEditor (232)
[2017.07.12-19.35.10:644][149]LogModuleManager: Shutting down and abandoning module FacialAnimationEditor (230)
[2017.07.12-19.35.10:644][149]LogModuleManager: Shutting down and abandoning module FacialAnimation (228)
[2017.07.12-19.35.10:644][149]LogModuleManager: Shutting down and abandoning module AssetManagerEditor (226)
[2017.07.12-19.35.10:646][149]LogModuleManager: Shutting down and abandoning module GraphEditor (225)
[2017.07.12-19.35.10:648][149]LogModuleManager: Shutting down and abandoning module ContentBrowser (223)
[2017.07.12-19.35.10:650][149]LogModuleManager: Shutting down and abandoning module LightPropagationVolumeRuntime (220)
[2017.07.12-19.35.10:650][149]LogModuleManager: Shutting down and abandoning module Paper2D (218)
[2017.07.12-19.35.10:651][149]LogModuleManager: Shutting down and abandoning module WindowsMoviePlayer (216)
[2017.07.12-19.35.10:651][149]LogModuleManager: Shutting down and abandoning module WmfMedia (214)
[2017.07.12-19.35.10:651][149]LogModuleManager: Shutting down and abandoning module ClothingSystemEditor (212)
[2017.07.12-19.35.10:651][149]LogModuleManager: Shutting down and abandoning module ClothingSystemRuntime (210)
[2017.07.12-19.35.10:652][149]LogModuleManager: Shutting down and abandoning module MediaAssets (208)
[2017.07.12-19.35.10:652][149]LogModuleManager: Shutting down and abandoning module GameLiveStreaming (206)
[2017.07.12-19.35.10:652][149]LogModuleManager: Shutting down and abandoning module VREditor (204)
[2017.07.12-19.35.10:652][149]LogModuleManager: Shutting down and abandoning module StringTableEditor (202)
[2017.07.12-19.35.10:653][149]LogModuleManager: Shutting down and abandoning module GameplayTasksEditor (200)
[2017.07.12-19.35.10:653][149]LogModuleManager: Shutting down and abandoning module BehaviorTreeEditor (198)
[2017.07.12-19.35.10:656][149]LogModuleManager: Shutting down and abandoning module FunctionalTesting (196)
[2017.07.12-19.35.10:656][149]LogModuleManager: Shutting down and abandoning module CollisionAnalyzer (194)
[2017.07.12-19.35.10:657][149]LogModuleManager: Shutting down and abandoning module UMG (192)
[2017.07.12-19.35.10:658][149]LogModuleManager: Shutting down and abandoning module UMGEditor (191)
[2017.07.12-19.35.10:660][149]LogModuleManager: Shutting down and abandoning module Sequencer (190)
[2017.07.12-19.35.10:661][149]LogModuleManager: Shutting down and abandoning module AssetTools (188)
[2017.07.12-19.35.10:664][149]LogModuleManager: Shutting down and abandoning module MessageLog (187)
[2017.07.12-19.35.10:665][149]LogModuleManager: Shutting down and abandoning module WorkspaceMenuStructure (186)
[2017.07.12-19.35.10:665][149]LogModuleManager: Shutting down and abandoning module SlateReflector (180)
[2017.07.12-19.35.10:668][149]LogModuleManager: Shutting down and abandoning module Slate (178)
[2017.07.12-19.35.10:668][149]LogModuleManager: Shutting down and abandoning module EditorStyle (176)
[2017.07.12-19.35.10:672][149]LogModuleManager: Shutting down and abandoning module SourceCodeAccess (174)
[2017.07.12-19.35.10:672][149]LogModuleManager: Shutting down and abandoning module HeadMountedDisplay (172)
[2017.07.12-19.35.10:672][149]LogModuleManager: Shutting down and abandoning module XAudio2 (170)
[2017.07.12-19.35.10:672][149]LogModuleManager: Shutting down and abandoning module Networking (168)
[2017.07.12-19.35.10:672][149]LogModuleManager: Shutting down and abandoning module Core (164)
[2017.07.12-19.35.10:672][149]LogModuleManager: Shutting down and abandoning module AssetRegistry (162)
[2017.07.12-19.35.10:841][149]LogDirectoryWatcher: A directory notification for '../../../Engine/Content/' was aborted.
[2017.07.12-19.35.10:841][149]LogDirectoryWatcher: A directory notification for '../../../../../../Users/Justin Wells/Documents/Unreal Projects/InsertNameAdventure/DatBoiEntertainmetnGame/Content/' was aborted.
[2017.07.12-19.35.10:841][149]LogDirectoryWatcher: A directory notification for '../../../Engine/Plugins/2D/Paper2D/Content/' was aborted.
[2017.07.12-19.35.10:841][149]LogDirectoryWatcher: A directory notification for '../../../Engine/Plugins/Runtime/GearVR/Content/' was aborted.
[2017.07.12-19.35.10:844][149]LogModuleManager: Shutting down and abandoning module DirectoryWatcher (161)
[2017.07.12-19.35.10:844][149]LogModuleManager: Shutting down and abandoning module KismetCompiler (158)
[2017.07.12-19.35.10:844][149]LogModuleManager: Shutting down and abandoning module LevelSequence (156)
[2017.07.12-19.35.10:844][149]LogModuleManager: Shutting down and abandoning module PhysXFormats (154)
[2017.07.12-19.35.10:844][149]LogModuleManager: Shutting down and abandoning module MeshUtilities (152)
[2017.07.12-19.35.10:846][149]LogModuleManager: Shutting down and abandoning module SimplygonSwarm (151)
[2017.07.12-19.35.10:846][149]LogModuleManager: Shutting down and abandoning module SimplygonMeshReduction (149)
[2017.07.12-19.35.10:846][149]LogModuleManager: Shutting down and abandoning module QuadricMeshReduction (147)
[2017.07.12-19.35.10:846][149]LogModuleManager: Shutting down and abandoning module DerivedDataCache (144)
[2017.07.12-19.35.10:851][149]LogDerivedDataCache: Shutdown
[2017.07.12-19.35.10:851][149]LogModuleManager: Shutting down and abandoning module TargetPlatform (142)
[2017.07.12-19.35.10:851][149]LogModuleManager: Shutting down and abandoning module VulkanShaderFormat (141)
[2017.07.12-19.35.10:852][149]LogModuleManager: Shutting down and abandoning module ShaderFormatVectorVM (139)
[2017.07.12-19.35.10:852][149]LogModuleManager: Shutting down and abandoning module ShaderFormatOpenGL (137)
[2017.07.12-19.35.10:853][149]LogModuleManager: Shutting down and abandoning module ShaderFormatD3D (135)
[2017.07.12-19.35.10:853][149]LogModuleManager: Shutting down and abandoning module MetalShaderFormat (133)
[2017.07.12-19.35.10:854][149]LogModuleManager: Shutting down and abandoning module TextureFormatUncompressed (131)
[2017.07.12-19.35.10:854][149]LogModuleManager: Shutting down and abandoning module TextureFormatPVR (129)
[2017.07.12-19.35.10:854][149]LogModuleManager: Shutting down and abandoning module TextureFormatDXT (127)
[2017.07.12-19.35.10:854][149]LogModuleManager: Shutting down and abandoning module TextureFormatIntelISPCTexComp (125)
[2017.07.12-19.35.10:854][149]LogModuleManager: Shutting down and abandoning module TextureFormatASTC (123)
[2017.07.12-19.35.10:854][149]LogModuleManager: Shutting down and abandoning module ImageWrapper (122)
[2017.07.12-19.35.10:854][149]LogModuleManager: Shutting down and abandoning module TextureFormatAndroid (119)
[2017.07.12-19.35.10:854][149]LogModuleManager: Shutting down and abandoning module AudioFormatOpus (117)
[2017.07.12-19.35.10:854][149]LogModuleManager: Shutting down and abandoning module AudioFormatOgg (115)
[2017.07.12-19.35.10:854][149]LogModuleManager: Shutting down and abandoning module AudioFormatADPCM (113)
[2017.07.12-19.35.10:854][149]LogModuleManager: Shutting down and abandoning module LinuxTargetPlatform (111)
[2017.07.12-19.35.10:854][149]LogModuleManager: Shutting down and abandoning module LinuxServerTargetPlatform (109)
[2017.07.12-19.35.10:854][149]LogModuleManager: Shutting down and abandoning module LinuxNoEditorTargetPlatform (107)
[2017.07.12-19.35.10:854][149]LogModuleManager: Shutting down and abandoning module LinuxClientTargetPlatform (105)
[2017.07.12-19.35.10:854][149]LogModuleManager: Shutting down and abandoning module TVOSTargetPlatform (103)
[2017.07.12-19.35.10:854][149]LogModuleManager: Shutting down and abandoning module Messaging (101)
[2017.07.12-19.35.10:854][149]LogModuleManager: Shutting down and abandoning module IOSTargetPlatform (99)
[2017.07.12-19.35.10:854][149]LogModuleManager: Shutting down and abandoning module HTML5TargetPlatform (97)
[2017.07.12-19.35.10:854][149]LogModuleManager: Shutting down and abandoning module Android_PVRTCTargetPlatform (95)
[2017.07.12-19.35.10:854][149]LogModuleManager: Shutting down and abandoning module Android_MultiTargetPlatform (93)
[2017.07.12-19.35.10:854][149]LogModuleManager: Shutting down and abandoning module Android_ETC2TargetPlatform (91)
[2017.07.12-19.35.10:854][149]LogModuleManager: Shutting down and abandoning module Android_ETC1TargetPlatform (89)
[2017.07.12-19.35.10:854][149]LogModuleManager: Shutting down and abandoning module Android_DXTTargetPlatform (87)
[2017.07.12-19.35.10:854][149]LogModuleManager: Shutting down and abandoning module Android_ATCTargetPlatform (85)
[2017.07.12-19.35.10:854][149]LogModuleManager: Shutting down and abandoning module Android_ASTCTargetPlatform (83)
[2017.07.12-19.35.10:854][149]LogModuleManager: Shutting down and abandoning module AndroidTargetPlatform (81)
[2017.07.12-19.35.10:854][149]LogModuleManager: Shutting down and abandoning module WindowsTargetPlatform (79)
[2017.07.12-19.35.10:854][149]LogModuleManager: Shutting down and abandoning module WindowsServerTargetPlatform (77)
[2017.07.12-19.35.10:854][149]LogModuleManager: Shutting down and abandoning module WindowsNoEditorTargetPlatform (75)
[2017.07.12-19.35.10:854][149]LogModuleManager: Shutting down and abandoning module WindowsClientTargetPlatform (73)
[2017.07.12-19.35.10:854][149]LogModuleManager: Shutting down and abandoning module MacTargetPlatform (71)
[2017.07.12-19.35.10:854][149]LogModuleManager: Shutting down and abandoning module MacServerTargetPlatform (69)
[2017.07.12-19.35.10:854][149]LogModuleManager: Shutting down and abandoning module MacNoEditorTargetPlatform (67)
[2017.07.12-19.35.10:854][149]LogModuleManager: Shutting down and abandoning module MacClientTargetPlatform (65)
[2017.07.12-19.35.10:854][149]LogModuleManager: Shutting down and abandoning module AllDesktopTargetPlatform (63)
[2017.07.12-19.35.10:854][149]LogModuleManager: Shutting down and abandoning module InputCore (60)
[2017.07.12-19.35.10:854][149]LogModuleManager: Shutting down and abandoning module Settings (58)
[2017.07.12-19.35.10:854][149]LogModuleManager: Shutting down and abandoning module OculusRift (56)
[2017.07.12-19.35.10:855][149]LogModuleManager: Shutting down and abandoning module GearVRController (54)
[2017.07.12-19.35.10:855][149]LogModuleManager: Shutting down and abandoning module GearVR (52)
[2017.07.12-19.35.10:855][149]LogModuleManager: Shutting down and abandoning module ExampleDeviceProfileSelector (50)
[2017.07.12-19.35.10:855][149]LogModuleManager: Shutting down and abandoning module OnlineBlueprintSupport (48)
[2017.07.12-19.35.10:855][149]LogModuleManager: Shutting down and abandoning module OnlineSubsystem (44)
[2017.07.12-19.35.10:855][149]LogOnline:Display: Unloading online subsystem: NULL
[2017.07.12-19.35.10:856][149]LogModuleManager: Shutting down and abandoning module XMPP (43)
[2017.07.12-19.35.10:857][149]LogModuleManager: Shutting down and abandoning module HTTP (41)
[2017.07.12-19.35.10:857][149]LogHttp:Display: Http module shutting down, but needs to wait on 1 outstanding Http requests:
[2017.07.12-19.35.10:858][149]LogHttp:Display: 	verb=[POST] url=[https://datarouter.ol.epicgames.com/datarouter/api/v1/public/data?SessionID=%7B3797E34D-4949-950F-7DC1-1CABCACF32C7%7D&AppID=UEEditor.Rocket.Release&AppVersion=4.16.0-3452394%2B%2B%2BUE4%2BRelease-4.16&UserID=520fd5774504bba7d7d4dfbb2efd774d%7C3ef35b30eb8d444d8e26d7fb1794d4bf%7C7a44e29e-0876-4249-91a8-eb020dafba7b&AppEnvironment=datacollector-binary&UploadType=eteventstream] status=Processing
[2017.07.12-19.35.10:885][149]LogModuleManager: Shutting down and abandoning module SSL (40)
[2017.07.12-19.35.10:886][149]LogModuleManager: Shutting down and abandoning module HTTPChunkInstaller (36)
[2017.07.12-19.35.10:887][149]LogModuleManager: Shutting down and abandoning module AnimationModifiers (34)
[2017.07.12-19.35.10:888][149]LogModuleManager: Shutting down and abandoning module PropertyEditor (33)
[2017.07.12-19.35.10:888][149]LogModuleManager: Shutting down and abandoning module AudioEditor (30)
[2017.07.12-19.35.10:889][149]LogModuleManager: Shutting down and abandoning module TextureCompressor (28)
[2017.07.12-19.35.10:889][149]LogModuleManager: Shutting down and abandoning module ShaderCore (26)
[2017.07.12-19.35.10:889][149]LogModuleManager: Shutting down and abandoning module Landscape (24)
[2017.07.12-19.35.10:889][149]LogModuleManager: Shutting down and abandoning module SlateRHIRenderer (22)
[2017.07.12-19.35.10:890][149]LogModuleManager: Shutting down and abandoning module OpenGLDrv (20)
[2017.07.12-19.35.10:891][149]LogModuleManager: Shutting down and abandoning module D3D11RHI (18)
[2017.07.12-19.35.10:891][149]LogModuleManager: Shutting down and abandoning module AnimGraphRuntime (16)
[2017.07.12-19.35.10:892][149]LogModuleManager: Shutting down and abandoning module Renderer (14)
[2017.07.12-19.35.10:892][149]LogModuleManager: Shutting down and abandoning module Engine (12)
[2017.07.12-19.35.10:892][149]LogModuleManager: Shutting down and abandoning module CoreUObject (10)
[2017.07.12-19.35.10:892][149]LogModuleManager: Shutting down and abandoning module NetworkFile (8)
[2017.07.12-19.35.10:892][149]LogModuleManager: Shutting down and abandoning module StreamingFile (6)
[2017.07.12-19.35.10:892][149]LogModuleManager: Shutting down and abandoning module SandboxFile (4)
[2017.07.12-19.35.10:892][149]LogModuleManager: Shutting down and abandoning module PakFile (2)
[2017.07.12-19.35.10:894][149]LogExit: Exiting.
[2017.07.12-19.35.10:920][149]Log file closed, 07/12/17 13:35:10
