Log file open, 09/16/17 15:53:49
LogWindows: LoadLibraryWithSearchPaths failed for file aqProf.dll. GetLastError=0
LogWindows: LoadLibraryWithSearchPaths failed for file VSPerf140.dll. GetLastError=0
LogWindows: LoadLibraryWithSearchPaths failed for file VtuneApi.dll. GetLastError=0
LogWindows: LoadLibraryWithSearchPaths failed for file VtuneApi32e.dll. GetLastError=0
LogInit: Display: Running engine for game: InsertNameAdventure
LogPlatformFile: Not using cached read wrapper
LogInit: Display: RandInit(-1193914903) SRandInit(-1193914896).
LogTaskGraph: Started task graph with 5 named threads and 20 total threads with 3 sets of task threads.
LogStats: Stats thread started at 0.291035
LogD3D11RHI: Aftermath initialized
LogPluginManager: Mounting plugin Paper2D
LogPluginManager: Mounting plugin LightPropagationVolume
LogPluginManager: Mounting plugin CodeLiteSourceCodeAccess
LogPluginManager: Mounting plugin GitSourceControl
LogPluginManager: Mounting plugin KDevelopSourceCodeAccess
LogPluginManager: Mounting plugin NullSourceCodeAccess
LogPluginManager: Mounting plugin PerforceSourceControl
LogPluginManager: Mounting plugin SubversionSourceControl
LogPluginManager: Mounting plugin UObjectPlugin
LogPluginManager: Mounting plugin VisualStudioSourceCodeAccess
LogPluginManager: Mounting plugin XCodeSourceCodeAccess
LogPluginManager: Mounting plugin AssetManagerEditor
LogPluginManager: Mounting plugin AudioCapture
LogPluginManager: Mounting plugin FacialAnimation
LogPluginManager: Mounting plugin GameplayTagsEditor
LogPluginManager: Mounting plugin MobileLauncherProfileWizard
LogPluginManager: Mounting plugin PluginBrowser
LogPluginManager: Mounting plugin SpeedTreeImporter
LogPluginManager: Mounting plugin AlembicImporter
LogPluginManager: Mounting plugin CharacterAI
LogPluginManager: Mounting plugin HTML5Networking
LogPluginManager: Mounting plugin AndroidMedia
LogPluginManager: Mounting plugin AvfMedia
LogPluginManager: Mounting plugin MediaPlayerEditor
LogPluginManager: Mounting plugin WmfMedia
LogPluginManager: Mounting plugin TcpMessaging
LogPluginManager: Mounting plugin UdpMessaging
LogPluginManager: Mounting plugin LevelSequenceEditor
LogPluginManager: Mounting plugin MatineeToLevelSequence
LogPluginManager: Mounting plugin OnlineSubsystemGooglePlay
LogPluginManager: Mounting plugin OnlineSubsystemIOS
LogPluginManager: Mounting plugin OnlineSubsystem
LogPluginManager: Mounting plugin OnlineSubsystemNull
LogPluginManager: Mounting plugin OnlineSubsystemUtils
LogPluginManager: Mounting plugin AndroidDeviceProfileSelector
LogPluginManager: Mounting plugin AndroidMoviePlayer
LogPluginManager: Mounting plugin AndroidPermission
LogPluginManager: Mounting plugin AppleMoviePlayer
LogPluginManager: Mounting plugin ArchVisCharacter
LogPluginManager: Mounting plugin CableComponent
LogPluginManager: Mounting plugin CustomMeshComponent
LogPluginManager: Mounting plugin ExampleDeviceProfileSelector
LogPluginManager: Mounting plugin GoogleCloudMessaging
LogPluginManager: Mounting plugin ImmediatePhysics
LogPluginManager: Mounting plugin IOSDeviceProfileSelector
LogPluginManager: Mounting plugin LinuxDeviceProfileSelector
LogPluginManager: Mounting plugin LocationServicesBPLibrary
LogPluginManager: Mounting plugin MobilePatchingUtils
LogPluginManager: Mounting plugin OculusVR
LogPluginManager: Mounting plugin PhysXVehicles
LogPluginManager: Mounting plugin ProceduralMeshComponent
LogPluginManager: Mounting plugin RuntimePhysXCooking
LogPluginManager: Mounting plugin SteamVR
LogPluginManager: Mounting plugin WindowsMoviePlayer
LogInit: Using libcurl 7.47.1
LogInit:  - built for x86_64-pc-win32
LogInit:  - supports SSL with OpenSSL/1.0.2g
LogInit:  - supports HTTP deflate (compression) using libz 1.2.8
LogInit:  - other features:
LogInit:      CURL_VERSION_SSL
LogInit:      CURL_VERSION_LIBZ
LogInit:      CURL_VERSION_IPV6
LogInit:      CURL_VERSION_ASYNCHDNS
LogInit:      CURL_VERSION_LARGEFILE
LogInit:      CURL_VERSION_IDN
LogInit:  CurlRequestOptions (configurable via config and command line):
LogInit:  - bVerifyPeer = false  - Libcurl will NOT verify peer certificate
LogInit:  - bUseHttpProxy = false  - Libcurl will NOT use HTTP proxy
LogInit:  - bDontReuseConnections = false  - Libcurl will reuse connections
LogInit:  - CertBundlePath = nullptr  - Libcurl will use whatever was configured at build time.
LogInit: Build: ++UE4+Release-4.17-CL-3586342
LogInit: Engine Version: 4.17.1-3586342+++UE4+Release-4.17
LogInit: Compatible Engine Version: 4.17.0-3573198+++UE4+Release-4.17
LogInit: Net CL: 3573198
LogDevObjectVersion: Number of dev versions registered: 16
LogDevObjectVersion:   Dev-Blueprints (B0D832E4-1F89-4F0D-ACCF-7EB736FD4AA2): 10
LogDevObjectVersion:   Dev-Build (E1C64328-A22C-4D53-A36C-8E866417BD8C): 0
LogDevObjectVersion:   Dev-Core (375EC13C-06E4-48FB-B500-84F0262A717E): 2
LogDevObjectVersion:   Dev-Editor (E4B068ED-F494-42E9-A231-DA0B2E46BB41): 20
LogDevObjectVersion:   Dev-Framework (CFFC743F-43B0-4480-9391-14DF171D2073): 28
LogDevObjectVersion:   Dev-Mobile (B02B49B5-BB20-44E9-A304-32B752E40360): 0
LogDevObjectVersion:   Dev-Networking (A4E4105C-59A1-49B5-A7C5-40C4547EDFEE): 0
LogDevObjectVersion:   Dev-Online (39C831C9-5AE6-47DC-9A44-9C173E1C8E7C): 0
LogDevObjectVersion:   Dev-Physics (78F01B33-EBEA-4F98-B9B4-84EACCB95AA2): 0
LogDevObjectVersion:   Dev-Platform (6631380F-2D4D-43E0-8009-CF276956A95A): 0
LogDevObjectVersion:   Dev-Rendering (12F88B9F-8875-4AFC-A67C-D90C383ABD29): 19
LogDevObjectVersion:   Dev-Sequencer (7B5AE74C-D270-4C10-A958-57980B212A5A): 4
LogDevObjectVersion:   Dev-VR (D7296918-1DD6-4BDD-9DE2-64A83CC13884): 0
LogDevObjectVersion:   Dev-LoadTimes (C2A15278-BFE7-4AFE-6C17-90FF531DF755): 1
LogDevObjectVersion:   Private-Geometry (6EACA3D4-40EC-4CC1-B786-8BED09428FC5): 1
LogDevObjectVersion:   Dev-AnimPhys (29E575DD-E0A3-4627-9D10-D276232CDCEA): 7
LogInit: Compiled (64-bit): Aug 15 2017 02:05:26
LogInit: Compiled with Visual C++: 19.00.24215.01
LogInit: Build Configuration: Development
LogInit: Branch Name: ++UE4+Release-4.17
LogInit: Command line:  
LogInit: Base directory: C:/Program Files/Epic Games/UE_4.17/Engine/Binaries/Win64/
LogInit: Installed Engine Build: 1
LogInit: Presizing for max 8388607 objects, including 0 objects not considered by GC, pre-allocating 0 bytes for permanent pool.
LogInit: Object subsystem initialized
[2017.09.16-21.53.50:350][  0]LogInit: Selected Device Profile: [Windows]
[2017.09.16-21.53.50:350][  0]LogInit: Applying CVar settings loaded from the selected device profile: [Windows]
[2017.09.16-21.53.50:372][  0]LogInit: Computer: DESKTOP-JFLI5MG
[2017.09.16-21.53.50:372][  0]LogInit: User: Family
[2017.09.16-21.53.50:373][  0]LogInit: CPU Page size=4096, Cores=6
[2017.09.16-21.53.50:373][  0]LogInit: High frequency timer resolution =14.318180 MHz
[2017.09.16-21.53.50:373][  0]LogMemory: Memory total: Physical=16.0GB (16GB approx)
[2017.09.16-21.53.50:373][  0]LogMemory: Platform Memory Stats for Windows
[2017.09.16-21.53.50:373][  0]LogMemory: Process Physical Memory: 280.36 MB used, 280.36 MB peak
[2017.09.16-21.53.50:373][  0]LogMemory: Process Virtual Memory: 278.51 MB used, 278.51 MB peak
[2017.09.16-21.53.50:373][  0]LogMemory: Physical Memory: 4926.70 MB used,  11456.47 MB free, 16383.17 MB total
[2017.09.16-21.53.50:373][  0]LogMemory: Virtual Memory: 676.84 MB used,  11456.47 MB free, 134217728.00 MB total
[2017.09.16-21.53.50:703][  0]LogInit: Using OS detected language (en-US).
[2017.09.16-21.53.50:703][  0]LogInit: Using OS detected locale (en-US).
[2017.09.16-21.53.50:708][  0]LogTextLocalizationManager: No specific localization for 'en-US' exists, so the 'en' localization will be used.
[2017.09.16-21.53.51:850][  0]LogD3D11RHI: D3D11 adapters:
[2017.09.16-21.53.53:590][  0]LogD3D11RHI:    0. 'NVIDIA GeForce GTX 960' (Feature Level 11_0)
[2017.09.16-21.53.53:590][  0]LogD3D11RHI:       2016/0/8191 MB DedicatedVideo/DedicatedSystem/SharedSystem, Outputs:1, VendorId:0x10de
[2017.09.16-21.53.53:603][  0]LogD3D11RHI:    1. 'AMD Radeon HD 5450' (Feature Level 11_0)
[2017.09.16-21.53.53:603][  0]LogD3D11RHI:       498/0/3840 MB DedicatedVideo/DedicatedSystem/SharedSystem, Outputs:0, VendorId:0x1002
[2017.09.16-21.53.53:605][  0]LogD3D11RHI:    2. 'Microsoft Basic Render Driver' (Feature Level 11_0)
[2017.09.16-21.53.53:605][  0]LogD3D11RHI:       0/0/8191 MB DedicatedVideo/DedicatedSystem/SharedSystem, Outputs:0, VendorId:0x1414
[2017.09.16-21.53.53:605][  0]LogD3D11RHI: Chosen D3D11 Adapter: 0
[2017.09.16-21.53.53:616][  0]LogD3D11RHI: Creating new Direct3DDevice
[2017.09.16-21.53.53:617][  0]LogD3D11RHI:     GPU DeviceId: 0x1401 (for the marketing name, search the web for "GPU Device Id")
[2017.09.16-21.53.53:617][  0]LogWindows: EnumDisplayDevices:
[2017.09.16-21.53.53:617][  0]LogWindows:    0. 'NVIDIA GeForce GTX 960' (P:1 D:1)
[2017.09.16-21.53.53:617][  0]LogWindows:    1. 'NVIDIA GeForce GTX 960' (P:0 D:0)
[2017.09.16-21.53.53:617][  0]LogWindows:    2. 'NVIDIA GeForce GTX 960' (P:0 D:0)
[2017.09.16-21.53.53:617][  0]LogWindows:    3. 'NVIDIA GeForce GTX 960' (P:0 D:0)
[2017.09.16-21.53.53:618][  0]LogWindows:    4. 'AMD Radeon HD 5450' (P:0 D:0)
[2017.09.16-21.53.53:618][  0]LogWindows:    5. 'AMD Radeon HD 5450' (P:0 D:0)
[2017.09.16-21.53.53:618][  0]LogWindows: DebugString: PrimaryIsNotTheChoosenAdapter PrimaryIsNotTheChoosenAdapter FoundDriverCount:4 
[2017.09.16-21.53.53:618][  0]LogD3D11RHI:     Adapter Name: NVIDIA GeForce GTX 960
[2017.09.16-21.53.53:618][  0]LogD3D11RHI:   Driver Version: 382.33 (internal:22.21.13.8233, unified:382.33)
[2017.09.16-21.53.53:618][  0]LogD3D11RHI:      Driver Date: 5-17-2017
[2017.09.16-21.53.53:618][  0]LogRHI: Texture pool is 1361 MB (70% of 1945 MB)
[2017.09.16-21.53.55:382][  0]LogD3D11RHI: Async texture creation enabled
[2017.09.16-21.53.55:775][  0]LogD3D11RHI: GPU Timing Frequency: 1000.000000 (Debug: 2 1)
[2017.09.16-21.53.55:826][  0]LogShaderCompilers: Guid format shader working directory is -25 characters bigger than the processId version (../../../../../../Users/Family/Documents/GitHub/DatBoiEntertainmetnGame_/Intermediate/Shaders/WorkingDirectory/8708/).
[2017.09.16-21.53.55:826][  0]LogShaderCompilers: Cleaned the shader compiler working directory 'C:/Users/Family/AppData/Local/Temp/UnrealShaderWorkingDir/7504ABDE49CDC5C54128888015FBDFB4/'.
[2017.09.16-21.53.55:826][  0]LogShaderCompilers: Display: Using Local Shader Compiler.
[2017.09.16-21.54.00:487][  0]LogTemp: Display: Loaded TP AllDesktopTargetPlatform
[2017.09.16-21.54.00:781][  0]LogTemp: Display: Loaded TP MacClientTargetPlatform
[2017.09.16-21.54.00:954][  0]LogTemp: Display: Loaded TP MacNoEditorTargetPlatform
[2017.09.16-21.54.01:146][  0]LogTemp: Display: Loaded TP MacServerTargetPlatform
[2017.09.16-21.54.01:334][  0]LogTemp: Display: Loaded TP MacTargetPlatform
[2017.09.16-21.54.01:449][  0]LogTemp: Display: Loaded TP WindowsClientTargetPlatform
[2017.09.16-21.54.01:610][  0]LogTemp: Display: Loaded TP WindowsNoEditorTargetPlatform
[2017.09.16-21.54.01:717][  0]LogTemp: Display: Loaded TP WindowsServerTargetPlatform
[2017.09.16-21.54.02:116][  0]LogTemp: Display: Loaded TP WindowsTargetPlatform
[2017.09.16-21.54.02:286][  0]LogTemp: Display: Loaded TP AndroidTargetPlatform
[2017.09.16-21.54.02:399][  0]LogTemp: Display: Loaded TP Android_ASTCTargetPlatform
[2017.09.16-21.54.02:499][  0]LogTemp: Display: Loaded TP Android_ATCTargetPlatform
[2017.09.16-21.54.02:581][  0]LogTemp: Display: Loaded TP Android_DXTTargetPlatform
[2017.09.16-21.54.02:659][  0]LogTemp: Display: Loaded TP Android_ETC1TargetPlatform
[2017.09.16-21.54.02:740][  0]LogTemp: Display: Loaded TP Android_ETC2TargetPlatform
[2017.09.16-21.54.02:927][  0]LogTemp: Display: Loaded TP Android_MultiTargetPlatform
[2017.09.16-21.54.02:927][  0]LogTemp: Display: Loaded TP Android_PVRTCTargetPlatform
[2017.09.16-21.54.03:002][  0]LogTemp: Display: Loaded TP HTML5TargetPlatform
[2017.09.16-21.54.03:145][  0]LogTemp: Display: Loaded TP IOSTargetPlatform
[2017.09.16-21.54.03:195][  0]LogTemp: Display: Loaded TP TVOSTargetPlatform
[2017.09.16-21.54.03:464][  0]LogTemp: Display: Loaded TP LinuxClientTargetPlatform
[2017.09.16-21.54.03:668][  0]LogTemp: Display: Loaded TP LinuxNoEditorTargetPlatform
[2017.09.16-21.54.03:746][  0]LogTemp: Display: Loaded TP LinuxServerTargetPlatform
[2017.09.16-21.54.03:825][  0]LogTemp: Display: Loaded TP LinuxTargetPlatform
[2017.09.16-21.54.03:825][  0]LogTargetPlatformManager: Display: Building Assets For Windows
[2017.09.16-21.54.04:647][  0]LogDerivedDataCache: Display: Max Cache Size: 512 MB
[2017.09.16-21.54.04:846][  0]LogDerivedDataCache: Loaded boot cache 0.20s 93MB C:/Users/Family/AppData/Local/UnrealEngine/4.17/DerivedDataCache/Boot.ddc.
[2017.09.16-21.54.04:846][  0]LogDerivedDataCache: Display: Loaded Boot cache: C:/Users/Family/AppData/Local/UnrealEngine/4.17/DerivedDataCache/Boot.ddc
[2017.09.16-21.54.04:846][  0]LogDerivedDataCache: FDerivedDataBackendGraph:  Pak pak cache file ../../../../../../Users/Family/Documents/GitHub/DatBoiEntertainmetnGame_/DerivedDataCache/DDC.ddp not found, will not use a pak cache.
[2017.09.16-21.54.04:846][  0]LogDerivedDataCache: Unable to find inner node Pak for hierarchical cache Hierarchy.
[2017.09.16-21.54.04:846][  0]LogDerivedDataCache: FDerivedDataBackendGraph:  CompressedPak pak cache file ../../../../../../Users/Family/Documents/GitHub/DatBoiEntertainmetnGame_/DerivedDataCache/Compressed.ddp not found, will not use a pak cache.
[2017.09.16-21.54.04:846][  0]LogDerivedDataCache: Unable to find inner node CompressedPak for hierarchical cache Hierarchy.
[2017.09.16-21.54.04:873][  0]LogDerivedDataCache: Display: Pak cache opened for reading ../../../Engine/DerivedDataCache/Compressed.ddp.
[2017.09.16-21.54.04:885][  0]LogDerivedDataCache: Using Local data cache path C:/Users/Family/AppData/Local/UnrealEngine/Common/DerivedDataCache: Writable
[2017.09.16-21.54.04:904][  0]LogMaterial: Verifying Global Shaders for PCD3D_SM5
[2017.09.16-21.54.04:905][  0]LogSlate: Using Freetype 2.6.0
[2017.09.16-21.54.04:905][  0]LogSlate: SlateFontCache - WITH_FREETYPE: 1, WITH_HARFBUZZ: 1
[2017.09.16-21.54.04:905][  0]LogSlate: SlateFontCache - WITH_FREETYPE: 1, WITH_HARFBUZZ: 1
[2017.09.16-21.54.05:310][  0]LogAssetRegistry: FAssetRegistry took 0.0287 seconds to start up
[2017.09.16-21.54.05:520][  0]LogInit: Selected Device Profile: [Windows]
[2017.09.16-21.54.05:786][  0]LogContentStreaming: Texture pool size is 0.00 MB
[2017.09.16-21.54.06:276][  0]LogSimplygon: Simplygon DLL not present - disabling.
[2017.09.16-21.54.06:354][  0]LogMeshReduction: Using SimplygonSwarm for distributed automatic mesh merging
[2017.09.16-21.54.06:354][  0]LogMeshReduction: Using QuadricMeshReduction for automatic static mesh reduction
[2017.09.16-21.54.06:354][  0]LogMeshReduction: No automatic skeletal mesh reduction module available
[2017.09.16-21.54.06:354][  0]LogMeshReduction: No automatic mesh merging module available
[2017.09.16-21.54.06:354][  0]LogMeshMerging: No automatic mesh merging module available
[2017.09.16-21.54.06:967][  0]LogNetVersion: InsertNameAdventure , NetCL: 3573198, EngineNetVer: 2, GameNetVer: 0 (Checksum: 3080426378)
[2017.09.16-21.54.07:333][  0]LogPackageLocalizationCache: Processed 5 localized package path(s) for 2 prioritized culture(s) in 0.076409 seconds
[2017.09.16-21.54.07:345][  0]LogUObjectArray: 35825 objects as part of root set at end of initial load.
[2017.09.16-21.54.07:345][  0]LogUObjectAllocator: 7529112 out of 0 bytes used by permanent object pool.
[2017.09.16-21.54.07:345][  0]LogUObjectArray: CloseDisregardForGC: 0/0 objects in disregard for GC pool
[2017.09.16-21.54.07:444][  0]LogInit: WinSock: version 1.1 (2.2), MaxSocks=32767, MaxUdp=65467
[2017.09.16-21.54.12:298][  0]LogTcpMessaging: Initializing TcpMessaging bridge
[2017.09.16-21.54.12:364][  0]LogUdpMessaging: Initializing bridge on interface 0.0.0.0:0 to multicast group 230.0.0.1:6666.
[2017.09.16-21.54.13:519][  0]LogMaterial: Uniform references updated for custom material expression Custom.
[2017.09.16-21.54.14:318][  0]SourceControl: Source control is disabled
[2017.09.16-21.54.17:073][  0]LogAndroidPermission: UAndroidPermissionCallbackProxy::GetInstance
[2017.09.16-21.54.17:496][  0]LogOcInput: OculusInput pre-init called
[2017.09.16-21.54.17:923][  0]LogEngine: Initializing Engine...
[2017.09.16-21.54.17:926][  0]LogHMD: Failed to initialize OpenVR with code 110
[2017.09.16-21.54.18:334][  0]LogStats: UGameplayTagsManager::ConstructGameplayTagTree: Construct from data asset -  0.000 s
[2017.09.16-21.54.18:334][  0]LogStats: UGameplayTagsManager::ConstructGameplayTagTree: GameplayTagTreeChangedEvent.Broadcast -  0.000 s
[2017.09.16-21.54.18:560][  0]LogAIModule: Creating AISystem for world Untitled
[2017.09.16-21.54.18:580][  0]LogInit: XAudio2 using 'Headphones (3- High Definition Audio Device)' : 2 channels at 48 kHz using 16 bits per sample (channel mask 0x3)
[2017.09.16-21.54.18:598][  0]LogInit: FAudioDevice initialized.
[2017.09.16-21.54.20:231][  0]LogDerivedDataCache: Saved boot cache 1.63s 93MB C:/Users/Family/AppData/Local/UnrealEngine/4.17/DerivedDataCache/Boot.ddc.
[2017.09.16-21.54.20:275][  0]LogInit: Texture streaming: Enabled
[2017.09.16-21.54.20:467][  0]LogEngineSessionManager: EngineSessionManager initialized
[2017.09.16-21.54.20:843][  0]LogInit: Transaction tracking system initialized
[2017.09.16-21.54.21:356][  0]BlueprintLog: New page: Editor Load
[2017.09.16-21.54.22:863][  0]LocalizationService: Localization service is disabled
[2017.09.16-21.54.24:058][  0]LogConsoleResponse: Display: 
[2017.09.16-21.54.24:398][  0]LogCook: Display: Max memory allowance for cook 16384mb min free memory 0mb
[2017.09.16-21.54.24:398][  0]LogCook: Display: Mobile HDR setting 1
[2017.09.16-21.54.24:398][  0]LogGameplayTags: Display: UGameplayTagsManager::DoneAddingNativeTags. DelegateIsBound: 0
[2017.09.16-21.54.25:349][  0]LogFileCache: Scanning file cache for directory 'C:/Users/Family/Documents/GitHub/DatBoiEntertainmetnGame_/Content/' took 0.02s
[2017.09.16-21.54.26:291][  0]Cmd: MAP LOAD FILE="../../../../../../Users/Family/Documents/GitHub/DatBoiEntertainmetnGame_/Content/2DSideScrollerBP/Maps/Levels/Rainforest_Alien.umap" TEMPLATE=0 SHOWPROGRESS=1 FEATURELEVEL=3
[2017.09.16-21.54.26:292][  0]LightingResults: New page: Lighting Build
[2017.09.16-21.54.26:362][  0]MapCheck: New page: Map Check
[2017.09.16-21.54.26:362][  0]LightingResults: New page: Lighting Build
[2017.09.16-21.54.26:957][  0]LogBlueprint: Warning: ExposeOnSpawn ambiguity. Property 'BoolProperty /Game/2DSideScrollerBP/Blueprints/UI/ItemDrag.ItemDrag_C:fromInv', MetaData 'True', Flag 'False'
[2017.09.16-21.54.26:957][  0]LogBlueprint: Warning: ExposeOnSpawn ambiguity. Property 'ObjectProperty /Game/2DSideScrollerBP/Blueprints/UI/ItemDrag.ItemDrag_C:dragItem', MetaData 'True', Flag 'False'
[2017.09.16-21.54.26:967][  0]LogBlueprint: Warning: ExposeOnSpawn ambiguity. Property 'BoolProperty /Game/2DSideScrollerBP/Blueprints/UI/ItemDrag.ItemDrag_C:fromInv', MetaData 'True', Flag 'False'
[2017.09.16-21.54.26:967][  0]LogBlueprint: Warning: ExposeOnSpawn ambiguity. Property 'ObjectProperty /Game/2DSideScrollerBP/Blueprints/UI/ItemDrag.ItemDrag_C:dragItem', MetaData 'True', Flag 'False'
[2017.09.16-21.54.27:008][  0]LogBlueprint: Warning: [Compiler ActionSlot] Input pin  Drag Item  specifying non-default value no longer exists on this node. Please refresh node or reset pin to default value to remove pin.
[2017.09.16-21.54.27:031][  0]LogBlueprint: Warning: [Compiler InventorySlot] Input pin  From Inv  specifying non-default value no longer exists on this node. Please refresh node or reset pin to default value to remove pin.
[2017.09.16-21.54.27:032][  0]LogBlueprint: Error: [Compiler InventorySlot] In use pin  Drag Item  no longer exists on this node. Please refresh node or break links to remove pin.
[2017.09.16-21.54.27:219][  0]LogBlueprint: Warning: [Compiler ActionSlot] [0040.24] Compile of ActionSlot successful, but with 1 Warning(s) [in 282 ms] (/Game/2DSideScrollerBP/Blueprints/UI/ActionSlot.ActionSlot)
[2017.09.16-21.54.27:219][  0]LogBlueprint: Warning: [Compiler InventorySlot] [0040.24] Compile of InventorySlot failed. 1 Fatal Issue(s) 1 Warning(s) [in 282 ms] (/Game/2DSideScrollerBP/Blueprints/UI/InventorySlot.InventorySlot)
[2017.09.16-21.54.28:834][  0]LogMaterial: Missing cached shader map for material BlueLight_M1, compiling. 
[2017.09.16-21.54.28:835][  0]LogMaterial: Warning: Failed to compile Material /Game/2DSideScrollerBP/Maps/Levels/LevelSprites/Sprites/Rain_Forrest_Sprites/Materials/BlueLight_M1.BlueLight_M1 for platform PCD3D_SM5, Default Material will be used in game.
[2017.09.16-21.54.28:835][  0]LogMaterial: Warning: 	Function Flicker_MF: Missing function input 'Color'
[2017.09.16-21.54.28:920][  0]LogAIModule: Creating AISystem for world Rainforest_Alien
[2017.09.16-21.54.29:002][  0]LogEditorServer: Finished looking for orphan Actors (0.000 secs)
[2017.09.16-21.54.29:041][  0]Cmd: MAP CHECKDEP NOCLEARLOG
[2017.09.16-21.54.29:170][  0]MapCheck: Map check complete: 0 Error(s), 0 Warning(s), took 129.025ms to complete.
[2017.09.16-21.54.29:170][  0]LogFileHelpers: Loading map 'Rainforest_Alien' took 2.879
[2017.09.16-21.54.29:312][  0]LogCollectionManager: Loaded 0 collections in 0.002644 seconds
[2017.09.16-21.54.29:415][  0]LogFileCache: Scanning file cache for directory 'C:/Users/Family/Documents/GitHub/DatBoiEntertainmetnGame_/Saved/Collections/' took 0.01s
[2017.09.16-21.54.29:416][  0]LogFileCache: Scanning file cache for directory 'C:/Users/Family/Documents/GitHub/DatBoiEntertainmetnGame_/Content/Developers/Family/Collections/' took 0.01s
[2017.09.16-21.54.29:416][  0]LogFileCache: Scanning file cache for directory 'C:/Users/Family/Documents/GitHub/DatBoiEntertainmetnGame_/Content/Collections/' took 0.01s
[2017.09.16-21.54.29:416][  0]LogCollectionManager: Rebuilt the GUID cache for 0 collections in 0.000002 seconds
[2017.09.16-21.54.29:432][  0]LogContentBrowser: Native class hierarchy populated in 0.0158 seconds. Added 2386 classes and 500 folders.
[2017.09.16-21.54.29:545][  0]LogContentBrowser: Native class hierarchy updated for 'WidgetCarousel' in 0.0015 seconds. Added 0 classes and 0 folders.
[2017.09.16-21.54.29:613][  0]LogContentBrowser: Native class hierarchy updated for 'AddContentDialog' in 0.0016 seconds. Added 0 classes and 0 folders.
[2017.09.16-21.54.29:682][  0]LogContentBrowser: Native class hierarchy updated for 'SceneOutliner' in 0.0015 seconds. Added 1 classes and 2 folders.
[2017.09.16-21.54.29:722][  0]LogSlate: Took 0.000460 seconds to synchronously load lazily loaded font '../../../Engine/Content/Slate/Fonts/Roboto-Regular.ttf' (155K)
[2017.09.16-21.54.29:725][  0]LogSlate: Took 0.000363 seconds to synchronously load lazily loaded font '../../../Engine/Content/Slate/Fonts/Roboto-Bold.ttf' (160K)
[2017.09.16-21.54.29:734][  0]LogSlate: Took 0.000332 seconds to synchronously load lazily loaded font '../../../Engine/Content/Editor/Slate/Fonts/FontAwesome.ttf' (139K)
[2017.09.16-21.54.29:917][  0]LogRenderer: Reallocating scene render targets to support 1208x652 Format 10 NumSamples 1 (Frame:1).
[2017.09.16-21.54.30:332][  0]LogContentBrowser: Native class hierarchy updated for 'HierarchicalLODOutliner' in 0.0015 seconds. Added 1 classes and 2 folders.
[2017.09.16-21.54.30:333][  0]LogLoad: (Engine Initialization) Total time: 43.36 seconds
[2017.09.16-21.54.30:333][  0]LogLoad: (Engine Initialization) Total Blueprint compile time: 0.00 seconds
[2017.09.16-21.54.30:333][  0]LogExternalProfiler: No external profilers were discovered.  External profiling features will not be available.
[2017.09.16-21.54.30:345][  0]LogWindowsTextInputMethodSystem: Display: IME system now deactivated.
[2017.09.16-21.54.30:384][  0]SourceControl: On branch V1.5.1
[2017.09.16-21.54.30:384][  0]SourceControl: Your branch is up-to-date with 'origin/V1.5.1'.
[2017.09.16-21.54.30:384][  0]SourceControl: Changes not staged for commit:
[2017.09.16-21.54.30:384][  0]SourceControl:   (use "git add/rm <file>..." to update what will be committed)
[2017.09.16-21.54.30:384][  0]SourceControl:   (use "git checkout -- <file>..." to discard changes in working directory)
[2017.09.16-21.54.30:384][  0]SourceControl: 	modified:   Intermediate/CachedAssetRegistry.bin
[2017.09.16-21.54.30:384][  0]SourceControl: 	modified:   Saved/Config/Windows/Editor.ini
[2017.09.16-21.54.30:384][  0]SourceControl: 	modified:   Saved/Config/Windows/EditorPerProjectUserSettings.ini
[2017.09.16-21.54.30:384][  0]SourceControl: 	modified:   Saved/Config/Windows/Engine.ini
[2017.09.16-21.54.30:384][  0]SourceControl: 	deleted:    Saved/Logs/InsertNameAdventure-backup-2017.08.26-18.00.24.log
[2017.09.16-21.54.30:384][  0]SourceControl: 	deleted:    Saved/Logs/InsertNameAdventure-backup-2017.09.16-09.50.25.log
[2017.09.16-21.54.30:384][  0]SourceControl: 	deleted:    Saved/Logs/InsertNameAdventure-backup-2017.09.16-11.40.01.log
[2017.09.16-21.54.30:384][  0]SourceControl: 	modified:   Saved/Logs/InsertNameAdventure.log
[2017.09.16-21.54.30:384][  0]SourceControl: 	modified:   Saved/Logs/InsertNameAdventure_2.log
[2017.09.16-21.54.30:384][  0]SourceControl: Untracked files:
[2017.09.16-21.54.30:384][  0]SourceControl:   (use "git add <file>..." to include in what will be committed)
[2017.09.16-21.54.30:384][  0]SourceControl: 	Saved/Config/CrashReportClient/UE4CC-Windows-15B9FA2C471AB372979261BF47267C73/
[2017.09.16-21.54.30:384][  0]SourceControl: 	Saved/Config/CrashReportClient/UE4CC-Windows-8705B2774E26AB91774FF0B3653485C8/
[2017.09.16-21.54.30:384][  0]SourceControl: 	Saved/Logs/InsertNameAdventure-backup-2017.09.16-15.51.41.log
[2017.09.16-21.54.30:384][  0]SourceControl: 	Saved/Logs/InsertNameAdventure_2-backup-2017.09.16-15.53.48.log
[2017.09.16-21.54.30:384][  0]SourceControl: no changes added to commit (use "git add" and/or "git commit -a")
[2017.09.16-21.54.30:385][  0]LogContentStreaming: Texture pool size now 1000 MB
[2017.09.16-21.54.30:490][  0]LogSlate: Took 0.000386 seconds to synchronously load lazily loaded font '../../../Engine/Content/Slate/Fonts/Roboto-Light.ttf' (159K)
[2017.09.16-21.54.30:738][  2]LogMaterial: Missing cached shader map for material Material_0, compiling. 
[2017.09.16-21.54.30:739][  2]LogMaterial: Warning: Failed to compile Material /Engine/Transient.Material_0 for platform PCD3D_SM5, Default Material will be used in game.
[2017.09.16-21.54.30:739][  2]LogMaterial: Warning: 	(Node Multiply) Arithmetic between types float2 and float3 are undefined
[2017.09.16-21.54.30:841][  3]LogAssetRegistry: Asset discovery search completed in 25.5525 seconds
[2017.09.16-21.54.30:848][  3]LogCollectionManager: Rebuilt the object cache for 0 collections in 0.000001 seconds (found 0 objects)
[2017.09.16-21.54.30:848][  3]LogCollectionManager: Fixed up redirectors for 0 collections in 0.000101 seconds (updated 0 objects)
[2017.09.16-21.54.30:861][  3]LogParticles: Warning: Spawning 20004 GPU particles in one frame[4]: RainFall4_PS/Particle Emitter
[2017.09.16-21.54.31:336][ 13]LogMaterial: Missing cached shader map for material Material_1, compiling. 
[2017.09.16-21.54.31:337][ 13]LogMaterial: Warning: Failed to compile Material /Engine/Transient.Material_1 for platform PCD3D_SM5, Default Material will be used in game.
[2017.09.16-21.54.31:337][ 13]LogMaterial: Warning: 	(Node Divide) Arithmetic between types float2 and float3 are undefined
[2017.09.16-21.54.31:507][ 15]LogSlate: Took 0.000257 seconds to synchronously load lazily loaded font '../../../Engine/Content/Slate/Fonts/Roboto-Light.ttf' (159K)
[2017.09.16-21.54.32:120][ 15]LogContentBrowser: Native class hierarchy updated for 'BlueprintGraph' in 0.0021 seconds. Added 113 classes and 0 folders.
[2017.09.16-21.54.33:317][ 15]LogParticles: Warning: Spawning 32000 GPU particles in one frame[16]: RainFall4_PS/Particle Emitter
[2017.09.16-21.54.33:322][ 15]LogSlate: Took 0.000297 seconds to synchronously load lazily loaded font '../../../Engine/Content/Slate/Fonts/Roboto-Light.ttf' (159K)
[2017.09.16-21.54.33:323][ 15]LogSlate: Took 0.000244 seconds to synchronously load lazily loaded font '../../../Engine/Content/Editor/Slate/Fonts/Roboto-BoldCondensed.ttf' (158K)
[2017.09.16-21.54.35:520][258]LogFileCache: Retrieving MD5 hashes for directory 'C:/Users/Family/Documents/GitHub/DatBoiEntertainmetnGame_/Content/' took 5.16s
[2017.09.16-21.54.44:572][632]LogParticles: Warning: Spawning 32000 GPU particles in one frame[633]: RainFall4_PS/Particle Emitter
[2017.09.16-21.54.47:719][779]LogParticles: Warning: Spawning 32000 GPU particles in one frame[780]: RainFall4_PS/Particle Emitter
[2017.09.16-21.54.51:236][ 56]LogSlate: Took 0.019507 seconds to synchronously load lazily loaded font '../../../Engine/Content/Editor/Slate/Fonts/Roboto-Italic.ttf' (157K)
[2017.09.16-21.55.09:756][713]LogParticles: Warning: Spawning 32000 GPU particles in one frame[2714]: RainFall4_PS/Particle Emitter
[2017.09.16-21.55.11:737][901]LogParticles: Warning: Spawning 31353 GPU particles in one frame[2902]: RainFall4_PS/Particle Emitter
[2017.09.16-21.55.17:805][275]LogParticles: Warning: Spawning 32000 GPU particles in one frame[3276]: RainFall4_PS/Particle Emitter
[2017.09.16-21.55.24:965][957]BlueprintLog: New page: Compile InventorySlot
[2017.09.16-21.55.26:064][958]LogParticles: Warning: Spawning 32000 GPU particles in one frame[3959]: RainFall4_PS/Particle Emitter
[2017.09.16-21.55.27:607][ 81]LogSavePackage: Save=114.34ms
[2017.09.16-21.55.27:607][ 81]LogSavePackage: Moving '../../../../../../Users/Family/Documents/GitHub/DatBoiEntertainmetnGame_/Saved/InventorySlotFB95DA974F4E402100861D9CC3A7DDDE.tmp' to '../../../../../../Users/Family/Documents/GitHub/DatBoiEntertainmetnGame_/Content/2DSideScrollerBP/Blueprints/UI/InventorySlot.uasset'
[2017.09.16-21.55.27:608][ 81]LogFileManager: Warning: DeleteFile was unable to delete '../../../../../../Users/Family/Documents/GitHub/DatBoiEntertainmetnGame_/Content/2DSideScrollerBP/Blueprints/UI/InventorySlot.uasset', retrying in .5s...
[2017.09.16-21.55.28:108][ 81]LogFileManager: Error: Error deleting file '../../../../../../Users/Family/Documents/GitHub/DatBoiEntertainmetnGame_/Content/2DSideScrollerBP/Blueprints/UI/InventorySlot.uasset'.
[2017.09.16-21.55.28:108][ 81]LogSavePackage: Error: Error saving '../../../../../../Users/Family/Documents/GitHub/DatBoiEntertainmetnGame_/Content/2DSideScrollerBP/Blueprints/UI/InventorySlot.uasset'
[2017.09.16-21.55.28:129][ 81]LogSavePackage: Display: Finished SavePackage ../../../../../../Users/Family/Documents/GitHub/DatBoiEntertainmetnGame_/Content/2DSideScrollerBP/Blueprints/UI/InventorySlot.uasset
[2017.09.16-21.55.28:130][ 81]LogSlate: Took 0.000279 seconds to synchronously load lazily loaded font '../../../Engine/Content/Slate/Fonts/Roboto-Regular.ttf' (155K)
[2017.09.16-21.55.31:744][ 81]EditorErrors: New page: Save Output
[2017.09.16-21.55.31:744][ 81]EditorErrors: Warning: Error saving '../../../../../../Users/Family/Documents/GitHub/DatBoiEntertainmetnGame_/Content/2DSideScrollerBP/Blueprints/UI/InventorySlot.uasset'
[2017.09.16-21.55.33:420][ 82]LogParticles: Warning: Spawning 32000 GPU particles in one frame[4083]: RainFall4_PS/Particle Emitter
[2017.09.16-21.55.49:175][163]LogSavePackage: Save=1599.00ms
[2017.09.16-21.55.49:176][163]LogSavePackage: Moving '../../../../../../Users/Family/Documents/GitHub/DatBoiEntertainmetnGame_/Saved/Rainforest_Alien3F3E0D59473A3EBF4800E7A2695FA327.tmp' to '../../../../../../Users/Family/Documents/GitHub/DatBoiEntertainmetnGame_/Content/2DSideScrollerBP/Maps/Levels/Rainforest_Alien.umap'
[2017.09.16-21.55.49:179][163]LogSavePackage: Display: Finished SavePackage ../../../../../../Users/Family/Documents/GitHub/DatBoiEntertainmetnGame_/Content/2DSideScrollerBP/Maps/Levels/Rainforest_Alien.umap
[2017.09.16-21.55.49:538][163]LogSavePackage: Save=33.01ms
[2017.09.16-21.55.49:538][163]LogSavePackage: Moving '../../../../../../Users/Family/Documents/GitHub/DatBoiEntertainmetnGame_/Saved/Rainforest_Alien_BuiltData979D8F58488233C129DFB38922EC8C97.tmp' to '../../../../../../Users/Family/Documents/GitHub/DatBoiEntertainmetnGame_/Content/2DSideScrollerBP/Maps/Levels/Rainforest_Alien_BuiltData.uasset'
[2017.09.16-21.55.49:539][163]LogFileManager: Warning: DeleteFile was unable to delete '../../../../../../Users/Family/Documents/GitHub/DatBoiEntertainmetnGame_/Content/2DSideScrollerBP/Maps/Levels/Rainforest_Alien_BuiltData.uasset', retrying in .5s...
[2017.09.16-21.55.50:040][163]LogFileManager: Error: Error deleting file '../../../../../../Users/Family/Documents/GitHub/DatBoiEntertainmetnGame_/Content/2DSideScrollerBP/Maps/Levels/Rainforest_Alien_BuiltData.uasset'.
[2017.09.16-21.55.50:040][163]LogSavePackage: Error: Error saving '../../../../../../Users/Family/Documents/GitHub/DatBoiEntertainmetnGame_/Content/2DSideScrollerBP/Maps/Levels/Rainforest_Alien_BuiltData.uasset'
[2017.09.16-21.55.50:047][163]LogSavePackage: Display: Finished SavePackage ../../../../../../Users/Family/Documents/GitHub/DatBoiEntertainmetnGame_/Content/2DSideScrollerBP/Maps/Levels/Rainforest_Alien_BuiltData.uasset
[2017.09.16-21.56.08:946][163]LogSavePackage: Save=21.92ms
[2017.09.16-21.56.08:946][163]LogSavePackage: Moving '../../../../../../Users/Family/Documents/GitHub/DatBoiEntertainmetnGame_/Saved/Rainforest_Alien_BuiltDataF390A0DE47EEC37D74EDED8A39370D0B.tmp' to '../../../../../../Users/Family/Documents/GitHub/DatBoiEntertainmetnGame_/Content/2DSideScrollerBP/Maps/Levels/Rainforest_Alien_BuiltData.uasset'
[2017.09.16-21.56.08:947][163]LogFileManager: Warning: DeleteFile was unable to delete '../../../../../../Users/Family/Documents/GitHub/DatBoiEntertainmetnGame_/Content/2DSideScrollerBP/Maps/Levels/Rainforest_Alien_BuiltData.uasset', retrying in .5s...
[2017.09.16-21.56.09:447][163]LogFileManager: Error: Error deleting file '../../../../../../Users/Family/Documents/GitHub/DatBoiEntertainmetnGame_/Content/2DSideScrollerBP/Maps/Levels/Rainforest_Alien_BuiltData.uasset'.
[2017.09.16-21.56.09:447][163]LogSavePackage: Error: Error saving '../../../../../../Users/Family/Documents/GitHub/DatBoiEntertainmetnGame_/Content/2DSideScrollerBP/Maps/Levels/Rainforest_Alien_BuiltData.uasset'
[2017.09.16-21.56.09:449][163]LogSavePackage: Display: Finished SavePackage ../../../../../../Users/Family/Documents/GitHub/DatBoiEntertainmetnGame_/Content/2DSideScrollerBP/Maps/Levels/Rainforest_Alien_BuiltData.uasset
[2017.09.16-21.56.10:345][163]LogSavePackage: Save=23.98ms
[2017.09.16-21.56.10:345][163]LogSavePackage: Moving '../../../../../../Users/Family/Documents/GitHub/DatBoiEntertainmetnGame_/Saved/Rainforest_Alien_BuiltData857BFC334D5AC9197094E1AA84E89D01.tmp' to '../../../../../../Users/Family/Documents/GitHub/DatBoiEntertainmetnGame_/Content/2DSideScrollerBP/Maps/Levels/Rainforest_Alien_BuiltData.uasset'
[2017.09.16-21.56.10:346][163]LogFileManager: Warning: DeleteFile was unable to delete '../../../../../../Users/Family/Documents/GitHub/DatBoiEntertainmetnGame_/Content/2DSideScrollerBP/Maps/Levels/Rainforest_Alien_BuiltData.uasset', retrying in .5s...
[2017.09.16-21.56.10:846][163]LogFileManager: Error: Error deleting file '../../../../../../Users/Family/Documents/GitHub/DatBoiEntertainmetnGame_/Content/2DSideScrollerBP/Maps/Levels/Rainforest_Alien_BuiltData.uasset'.
[2017.09.16-21.56.10:846][163]LogSavePackage: Error: Error saving '../../../../../../Users/Family/Documents/GitHub/DatBoiEntertainmetnGame_/Content/2DSideScrollerBP/Maps/Levels/Rainforest_Alien_BuiltData.uasset'
[2017.09.16-21.56.10:849][163]LogSavePackage: Display: Finished SavePackage ../../../../../../Users/Family/Documents/GitHub/DatBoiEntertainmetnGame_/Content/2DSideScrollerBP/Maps/Levels/Rainforest_Alien_BuiltData.uasset
[2017.09.16-21.56.11:637][163]EditorErrors: New page: Save Output
[2017.09.16-21.56.11:637][163]EditorErrors: Warning: Error saving '../../../../../../Users/Family/Documents/GitHub/DatBoiEntertainmetnGame_/Content/2DSideScrollerBP/Maps/Levels/Rainforest_Alien_BuiltData.uasset'
[2017.09.16-21.56.11:637][163]EditorErrors: Warning: Error saving '../../../../../../Users/Family/Documents/GitHub/DatBoiEntertainmetnGame_/Content/2DSideScrollerBP/Maps/Levels/Rainforest_Alien_BuiltData.uasset'
[2017.09.16-21.56.11:637][163]EditorErrors: Warning: Error saving '../../../../../../Users/Family/Documents/GitHub/DatBoiEntertainmetnGame_/Content/2DSideScrollerBP/Maps/Levels/Rainforest_Alien_BuiltData.uasset'
[2017.09.16-21.56.11:698][164]LogParticles: Warning: Spawning 32000 GPU particles in one frame[5165]: RainFall4_PS/Particle Emitter
[2017.09.16-21.56.17:594][328]LogSavePackage: Save=80.85ms
[2017.09.16-21.56.17:594][328]LogSavePackage: Moving '../../../../../../Users/Family/Documents/GitHub/DatBoiEntertainmetnGame_/Saved/ActionBar1242ED5B4E73435C4C80909CD58C1B41.tmp' to '../../../../../../Users/Family/Documents/GitHub/DatBoiEntertainmetnGame_/Content/2DSideScrollerBP/Blueprints/UI/ActionBar.uasset'
[2017.09.16-21.56.17:595][328]LogFileManager: Warning: DeleteFile was unable to delete '../../../../../../Users/Family/Documents/GitHub/DatBoiEntertainmetnGame_/Content/2DSideScrollerBP/Blueprints/UI/ActionBar.uasset', retrying in .5s...
[2017.09.16-21.56.18:096][328]LogFileManager: Error: Error deleting file '../../../../../../Users/Family/Documents/GitHub/DatBoiEntertainmetnGame_/Content/2DSideScrollerBP/Blueprints/UI/ActionBar.uasset'.
[2017.09.16-21.56.18:096][328]LogSavePackage: Error: Error saving '../../../../../../Users/Family/Documents/GitHub/DatBoiEntertainmetnGame_/Content/2DSideScrollerBP/Blueprints/UI/ActionBar.uasset'
[2017.09.16-21.56.18:103][328]LogSavePackage: Display: Finished SavePackage ../../../../../../Users/Family/Documents/GitHub/DatBoiEntertainmetnGame_/Content/2DSideScrollerBP/Blueprints/UI/ActionBar.uasset
[2017.09.16-21.56.20:704][328]LogSavePackage: Save=181.09ms
[2017.09.16-21.56.20:704][328]LogSavePackage: Moving '../../../../../../Users/Family/Documents/GitHub/DatBoiEntertainmetnGame_/Saved/ActionSlotFE4B476D4F42A52AAE80909706540362.tmp' to '../../../../../../Users/Family/Documents/GitHub/DatBoiEntertainmetnGame_/Content/2DSideScrollerBP/Blueprints/UI/ActionSlot.uasset'
[2017.09.16-21.56.20:704][328]LogFileManager: Warning: DeleteFile was unable to delete '../../../../../../Users/Family/Documents/GitHub/DatBoiEntertainmetnGame_/Content/2DSideScrollerBP/Blueprints/UI/ActionSlot.uasset', retrying in .5s...
[2017.09.16-21.56.21:205][328]LogFileManager: Error: Error deleting file '../../../../../../Users/Family/Documents/GitHub/DatBoiEntertainmetnGame_/Content/2DSideScrollerBP/Blueprints/UI/ActionSlot.uasset'.
[2017.09.16-21.56.21:206][328]LogSavePackage: Error: Error saving '../../../../../../Users/Family/Documents/GitHub/DatBoiEntertainmetnGame_/Content/2DSideScrollerBP/Blueprints/UI/ActionSlot.uasset'
[2017.09.16-21.56.21:208][328]LogSavePackage: Display: Finished SavePackage ../../../../../../Users/Family/Documents/GitHub/DatBoiEntertainmetnGame_/Content/2DSideScrollerBP/Blueprints/UI/ActionSlot.uasset
[2017.09.16-21.56.22:335][328]LogSavePackage: Save=86.55ms
[2017.09.16-21.56.22:335][328]LogSavePackage: Moving '../../../../../../Users/Family/Documents/GitHub/DatBoiEntertainmetnGame_/Saved/InventorySlot0659AE6D4BE7C90CF9DE2891838DAAD5.tmp' to '../../../../../../Users/Family/Documents/GitHub/DatBoiEntertainmetnGame_/Content/2DSideScrollerBP/Blueprints/UI/InventorySlot.uasset'
[2017.09.16-21.56.22:336][328]LogFileManager: Warning: DeleteFile was unable to delete '../../../../../../Users/Family/Documents/GitHub/DatBoiEntertainmetnGame_/Content/2DSideScrollerBP/Blueprints/UI/InventorySlot.uasset', retrying in .5s...
[2017.09.16-21.56.22:837][328]LogFileManager: Error: Error deleting file '../../../../../../Users/Family/Documents/GitHub/DatBoiEntertainmetnGame_/Content/2DSideScrollerBP/Blueprints/UI/InventorySlot.uasset'.
[2017.09.16-21.56.22:837][328]LogSavePackage: Error: Error saving '../../../../../../Users/Family/Documents/GitHub/DatBoiEntertainmetnGame_/Content/2DSideScrollerBP/Blueprints/UI/InventorySlot.uasset'
[2017.09.16-21.56.22:839][328]LogSavePackage: Display: Finished SavePackage ../../../../../../Users/Family/Documents/GitHub/DatBoiEntertainmetnGame_/Content/2DSideScrollerBP/Blueprints/UI/InventorySlot.uasset
[2017.09.16-21.56.23:839][328]EditorErrors: New page: Save Output
[2017.09.16-21.56.23:839][328]EditorErrors: Warning: Error saving '../../../../../../Users/Family/Documents/GitHub/DatBoiEntertainmetnGame_/Content/2DSideScrollerBP/Blueprints/UI/ActionBar.uasset'
[2017.09.16-21.56.23:839][328]EditorErrors: Warning: Error saving '../../../../../../Users/Family/Documents/GitHub/DatBoiEntertainmetnGame_/Content/2DSideScrollerBP/Blueprints/UI/ActionSlot.uasset'
[2017.09.16-21.56.23:839][328]EditorErrors: Warning: Error saving '../../../../../../Users/Family/Documents/GitHub/DatBoiEntertainmetnGame_/Content/2DSideScrollerBP/Blueprints/UI/InventorySlot.uasset'
[2017.09.16-21.56.28:364][328]LogWindowsTextInputMethodSystem: Display: IME system now deactivated.
[2017.09.16-21.56.28:696][329]Cmd: QUIT_EDITOR
[2017.09.16-21.56.29:092][329]LogExit: Preparing to exit.
[2017.09.16-21.56.29:600][329]LogDirectoryWatcher: A directory notification for 'C:/Users/Family/Documents/GitHub/DatBoiEntertainmetnGame_/Content/' was aborted.
[2017.09.16-21.56.29:695][329]LogExit: Editor shut down
[2017.09.16-21.56.29:705][329]LogExit: Transaction tracking system shut down
[2017.09.16-21.56.29:928][329]LogDirectoryWatcher: A directory notification for '../../../Engine/Content/' was aborted.
[2017.09.16-21.56.29:928][329]LogDirectoryWatcher: A directory notification for '../../../../../../Users/Family/Documents/GitHub/DatBoiEntertainmetnGame_/Content/' was aborted.
[2017.09.16-21.56.29:928][329]LogDirectoryWatcher: A directory notification for '../../../Engine/Plugins/2D/Paper2D/Content/' was aborted.
[2017.09.16-21.56.29:929][329]LogDirectoryWatcher: A directory notification for '../../../Engine/Plugins/Runtime/Oculus/OculusVR/Content/' was aborted.
[2017.09.16-21.56.29:929][329]LogDirectoryWatcher: A directory notification for '../../../Engine/Plugins/Runtime/Steam/SteamVR/Content/' was aborted.
[2017.09.16-21.56.30:332][329]LogExit: Object subsystem successfully closed.
[2017.09.16-21.56.30:392][329]LogD3D11RHI: Shutdown
[2017.09.16-21.56.30:392][329]LogD3D11RHI: CleanupD3DDevice
[2017.09.16-21.56.30:600][329]LogD3D11RHI: ~FD3D11DynamicRHI
[2017.09.16-21.56.30:809][329]LogModuleManager: Shutting down and abandoning module SequencerWidgets (536)
[2017.09.16-21.56.30:809][329]LogModuleManager: Shutting down and abandoning module BlueprintGraph (534)
[2017.09.16-21.56.30:809][329]LogModuleManager: Shutting down and abandoning module BlueprintProfiler (532)
[2017.09.16-21.56.30:821][329]LogModuleManager: Shutting down and abandoning module HierarchicalLODOutliner (530)
[2017.09.16-21.56.30:821][329]LogModuleManager: Shutting down and abandoning module SceneOutliner (528)
[2017.09.16-21.56.30:822][329]LogModuleManager: Shutting down and abandoning module AddContentDialog (526)
[2017.09.16-21.56.30:822][329]LogDirectoryWatcher: A directory notification for 'C:/Program Files/Epic Games/UE_4.17/FeaturePacks/' was aborted.
[2017.09.16-21.56.30:825][329]LogModuleManager: Shutting down and abandoning module WidgetCarousel (525)
[2017.09.16-21.56.30:825][329]LogModuleManager: Shutting down and abandoning module EditorWidgets (522)
[2017.09.16-21.56.30:825][329]LogModuleManager: Shutting down and abandoning module CollectionManager (520)
[2017.09.16-21.56.30:825][329]LogDirectoryWatcher: A directory notification for 'C:/Users/Family/Documents/GitHub/DatBoiEntertainmetnGame_/Content/Collections/' was aborted.
[2017.09.16-21.56.30:825][329]LogDirectoryWatcher: A directory notification for 'C:/Users/Family/Documents/GitHub/DatBoiEntertainmetnGame_/Content/Developers/Family/Collections/' was aborted.
[2017.09.16-21.56.30:825][329]LogDirectoryWatcher: A directory notification for 'C:/Users/Family/Documents/GitHub/DatBoiEntertainmetnGame_/Saved/Collections/' was aborted.
[2017.09.16-21.56.30:825][329]LogModuleManager: Shutting down and abandoning module StatsViewer (518)
[2017.09.16-21.56.30:825][329]LogModuleManager: Shutting down and abandoning module FoliageEdit (516)
[2017.09.16-21.56.30:825][329]LogModuleManager: Shutting down and abandoning module LandscapeEditor (514)
[2017.09.16-21.56.30:832][329]LogModuleManager: Shutting down and abandoning module MeshPaintMode (512)
[2017.09.16-21.56.30:832][329]LogModuleManager: Shutting down and abandoning module SceneDepthPickerMode (510)
[2017.09.16-21.56.30:832][329]LogModuleManager: Shutting down and abandoning module ActorPickerMode (508)
[2017.09.16-21.56.30:832][329]LogModuleManager: Shutting down and abandoning module GeometryMode (506)
[2017.09.16-21.56.30:832][329]LogModuleManager: Shutting down and abandoning module TextureAlignMode (504)
[2017.09.16-21.56.30:832][329]LogModuleManager: Shutting down and abandoning module BspMode (502)
[2017.09.16-21.56.30:832][329]LogModuleManager: Shutting down and abandoning module PIEPreviewDeviceProfileSelector (500)
[2017.09.16-21.56.30:833][329]LogModuleManager: Shutting down and abandoning module HardwareSurvey (498)
[2017.09.16-21.56.30:833][329]LogModuleManager: Shutting down and abandoning module SequenceRecorderSections (496)
[2017.09.16-21.56.30:833][329]LogModuleManager: Shutting down and abandoning module AutomationWorker (494)
[2017.09.16-21.56.30:833][329]LogModuleManager: Shutting down and abandoning module MatineeToLevelSequence (492)
[2017.09.16-21.56.30:833][329]LogModuleManager: Shutting down and abandoning module LevelSequenceEditor (490)
[2017.09.16-21.56.30:843][329]LogModuleManager: Shutting down and abandoning module PlacementMode (489)
[2017.09.16-21.56.30:843][329]LogModuleManager: Shutting down and abandoning module WmfMediaFactory (486)
[2017.09.16-21.56.30:843][329]LogModuleManager: Shutting down and abandoning module WmfMediaEditor (484)
[2017.09.16-21.56.30:843][329]LogModuleManager: Shutting down and abandoning module AvfMediaFactory (482)
[2017.09.16-21.56.30:843][329]LogModuleManager: Shutting down and abandoning module AvfMediaEditor (480)
[2017.09.16-21.56.30:843][329]LogModuleManager: Shutting down and abandoning module AndroidMediaFactory (478)
[2017.09.16-21.56.30:843][329]LogModuleManager: Shutting down and abandoning module Media (477)
[2017.09.16-21.56.30:843][329]LogModuleManager: Shutting down and abandoning module AndroidMediaEditor (474)
[2017.09.16-21.56.30:843][329]LogModuleManager: Shutting down and abandoning module CharacterAI (472)
[2017.09.16-21.56.30:843][329]LogModuleManager: Shutting down and abandoning module AudioCapture (470)
[2017.09.16-21.56.30:843][329]LogModuleManager: Shutting down and abandoning module SequenceRecorder (469)
[2017.09.16-21.56.30:843][329]LogModuleManager: Shutting down and abandoning module SmartSnapping (466)
[2017.09.16-21.56.30:843][329]LogModuleManager: Shutting down and abandoning module SessionServices (464)
[2017.09.16-21.56.30:843][329]LogModuleManager: Shutting down and abandoning module ViewportSnapping (462)
[2017.09.16-21.56.30:843][329]LogModuleManager: Shutting down and abandoning module ViewportInteraction (460)
[2017.09.16-21.56.30:843][329]LogModuleManager: Shutting down and abandoning module ClothPainter (458)
[2017.09.16-21.56.30:852][329]LogModuleManager: Shutting down and abandoning module LogVisualizer (456)
[2017.09.16-21.56.30:852][329]LogModuleManager: Shutting down and abandoning module IntroTutorials (454)
[2017.09.16-21.56.30:852][329]LogModuleManager: Shutting down and abandoning module GameProjectGeneration (453)
[2017.09.16-21.56.30:866][329]LogModuleManager: Shutting down and abandoning module IOSPlatformEditor (450)
[2017.09.16-21.56.30:866][329]LogModuleManager: Shutting down and abandoning module HTML5PlatformEditor (448)
[2017.09.16-21.56.30:866][329]LogModuleManager: Shutting down and abandoning module AndroidPlatformEditor (446)
[2017.09.16-21.56.30:866][329]LogModuleManager: Shutting down and abandoning module AndroidDeviceDetection (445)
[2017.09.16-21.56.31:570][329]LogModuleManager: Shutting down and abandoning module WindowsPlatformEditor (442)
[2017.09.16-21.56.31:570][329]LogModuleManager: Shutting down and abandoning module IOSRuntimeSettings (440)
[2017.09.16-21.56.31:571][329]LogModuleManager: Shutting down and abandoning module AndroidRuntimeSettings (438)
[2017.09.16-21.56.31:571][329]LogModuleManager: Shutting down and abandoning module InputBindingEditor (436)
[2017.09.16-21.56.31:585][329]LogModuleManager: Shutting down and abandoning module MergeActors (434)
[2017.09.16-21.56.31:600][329]LogModuleManager: Shutting down and abandoning module SizeMap (432)
[2017.09.16-21.56.31:600][329]LogModuleManager: Shutting down and abandoning module TreeMap (430)
[2017.09.16-21.56.31:600][329]LogModuleManager: Shutting down and abandoning module ReferenceViewer (428)
[2017.09.16-21.56.31:600][329]LogModuleManager: Shutting down and abandoning module LocalizationDashboard (426)
[2017.09.16-21.56.31:603][329]LogModuleManager: Shutting down and abandoning module LocalizationService (425)
[2017.09.16-21.56.31:604][329]LogModuleManager: Shutting down and abandoning module HardwareTargeting (422)
[2017.09.16-21.56.31:604][329]LogModuleManager: Shutting down and abandoning module DeviceProfileEditor (420)
[2017.09.16-21.56.31:604][329]LogModuleManager: Shutting down and abandoning module UndoHistory (418)
[2017.09.16-21.56.31:604][329]LogModuleManager: Shutting down and abandoning module XmlParser (416)
[2017.09.16-21.56.31:604][329]LogModuleManager: Shutting down and abandoning module Blutility (414)
[2017.09.16-21.56.31:604][329]LogModuleManager: Shutting down and abandoning module ProjectSettingsViewer (412)
[2017.09.16-21.56.31:604][329]LogModuleManager: Shutting down and abandoning module ProjectTargetPlatformEditor (411)
[2017.09.16-21.56.31:604][329]LogModuleManager: Shutting down and abandoning module EditorSettingsViewer (408)
[2017.09.16-21.56.31:604][329]LogModuleManager: Shutting down and abandoning module SettingsEditor (406)
[2017.09.16-21.56.31:615][329]LogModuleManager: Shutting down and abandoning module ProjectLauncher (404)
[2017.09.16-21.56.31:627][329]LogModuleManager: Shutting down and abandoning module SessionFrontend (402)
[2017.09.16-21.56.31:627][329]LogModuleManager: Shutting down and abandoning module ProfilerClient (400)
[2017.09.16-21.56.31:656][329]LogModuleManager: Shutting down and abandoning module DeviceManager (398)
[2017.09.16-21.56.31:656][329]LogModuleManager: Shutting down and abandoning module TargetDeviceServices (397)
[2017.09.16-21.56.31:711][329]LogModuleManager: Shutting down and abandoning module AutomationController (394)
[2017.09.16-21.56.31:711][329]LogModuleManager: Shutting down and abandoning module AutomationWindow (392)
[2017.09.16-21.56.31:755][329]LogModuleManager: Shutting down and abandoning module Layers (390)
[2017.09.16-21.56.31:782][329]LogModuleManager: Shutting down and abandoning module ComponentVisualizers (388)
[2017.09.16-21.56.31:782][329]LogModuleManager: Shutting down and abandoning module DetailCustomizations (386)
[2017.09.16-21.56.31:782][329]LogModuleManager: Shutting down and abandoning module PackagesDialog (384)
[2017.09.16-21.56.31:782][329]LogModuleManager: Shutting down and abandoning module Persona (382)
[2017.09.16-21.56.31:802][329]LogModuleManager: Shutting down and abandoning module AdvancedPreviewScene (381)
[2017.09.16-21.56.31:802][329]LogModuleManager: Shutting down and abandoning module AnimGraph (379)
[2017.09.16-21.56.31:802][329]LogModuleManager: Shutting down and abandoning module Kismet (376)
[2017.09.16-21.56.31:817][329]LogModuleManager: Shutting down and abandoning module ClassViewer (374)
[2017.09.16-21.56.31:817][329]LogModuleManager: Shutting down and abandoning module Toolbox (372)
[2017.09.16-21.56.31:817][329]LogModuleManager: Shutting down and abandoning module ModuleUI (370)
[2017.09.16-21.56.31:831][329]LogModuleManager: Shutting down and abandoning module MovieSceneTools (368)
[2017.09.16-21.56.31:843][329]LogModuleManager: Shutting down and abandoning module OutputLog (366)
[2017.09.16-21.56.31:843][329]LogModuleManager: Shutting down and abandoning module GammaUI (364)
[2017.09.16-21.56.31:856][329]LogModuleManager: Shutting down and abandoning module Documentation (362)
[2017.09.16-21.56.31:856][329]LogModuleManager: Shutting down and abandoning module MovieSceneTracks (360)
[2017.09.16-21.56.31:876][329]LogModuleManager: Shutting down and abandoning module MovieScene (358)
[2017.09.16-21.56.31:876][329]LogModuleManager: Shutting down and abandoning module Niagara (356)
[2017.09.16-21.56.31:876][329]LogModuleManager: Shutting down and abandoning module NiagaraEditor (355)
[2017.09.16-21.56.31:880][329]LogModuleManager: Shutting down and abandoning module StreamingPauseRendering (352)
[2017.09.16-21.56.31:880][329]LogModuleManager: Shutting down and abandoning module LauncherPlatform (350)
[2017.09.16-21.56.31:880][329]LogModuleManager: Shutting down and abandoning module AnalyticsET (348)
[2017.09.16-21.56.31:880][329]LogModuleManager: Shutting down and abandoning module PortalServices (346)
[2017.09.16-21.56.31:880][329]LogModuleManager: Shutting down and abandoning module PortalRpc (344)
[2017.09.16-21.56.31:880][329]LogModuleManager: Shutting down and abandoning module MessagingRpc (342)
[2017.09.16-21.56.31:880][329]LogModuleManager: Shutting down and abandoning module AIModule (340)
[2017.09.16-21.56.31:880][329]LogModuleManager: Shutting down and abandoning module GameplayDebugger (339)
[2017.09.16-21.56.31:880][329]LogModuleManager: Shutting down and abandoning module AITestSuite (337)
[2017.09.16-21.56.31:880][329]LogModuleManager: Shutting down and abandoning module ProfilerService (334)
[2017.09.16-21.56.31:995][329]LogModuleManager: Shutting down and abandoning module TaskGraph (332)
[2017.09.16-21.56.32:024][329]LogModuleManager: Shutting down and abandoning module SteamVRController (330)
[2017.09.16-21.56.32:024][329]LogModuleManager: Shutting down and abandoning module ProceduralMeshComponentEditor (328)
[2017.09.16-21.56.32:024][329]LogModuleManager: Shutting down and abandoning module ProceduralMeshComponent (326)
[2017.09.16-21.56.32:025][329]LogModuleManager: Shutting down and abandoning module OculusInput (324)
[2017.09.16-21.56.32:025][329]LogModuleManager: Shutting down and abandoning module MobilePatchingUtils (322)
[2017.09.16-21.56.32:025][329]LogModuleManager: Shutting down and abandoning module CustomMeshComponent (320)
[2017.09.16-21.56.32:025][329]LogModuleManager: Shutting down and abandoning module CableComponent (318)
[2017.09.16-21.56.32:025][329]LogModuleManager: Shutting down and abandoning module ArchVisCharacter (316)
[2017.09.16-21.56.32:025][329]LogModuleManager: Shutting down and abandoning module AndroidPermission (314)
[2017.09.16-21.56.32:025][329]LogModuleManager: Shutting down and abandoning module MediaPlayerEditor (310)
[2017.09.16-21.56.32:027][329]LogModuleManager: Shutting down and abandoning module HTML5Networking (308)
[2017.09.16-21.56.32:028][329]LogModuleManager: Shutting down and abandoning module AlembicImporter (306)
[2017.09.16-21.56.32:033][329]LogModuleManager: Shutting down and abandoning module AlembicLibrary (305)
[2017.09.16-21.56.32:033][329]LogModuleManager: Shutting down and abandoning module GeometryCache (304)
[2017.09.16-21.56.32:033][329]LogModuleManager: Shutting down and abandoning module GeometryCacheEd (303)
[2017.09.16-21.56.32:033][329]LogModuleManager: Shutting down and abandoning module SpeedTreeImporter (298)
[2017.09.16-21.56.32:033][329]LogModuleManager: Shutting down and abandoning module PluginBrowser (296)
[2017.09.16-21.56.32:038][329]LogModuleManager: Shutting down and abandoning module MobileLauncherProfileWizard (294)
[2017.09.16-21.56.32:050][329]LogModuleManager: Shutting down and abandoning module VisualStudioSourceCodeAccess (292)
[2017.09.16-21.56.32:050][329]LogModuleManager: Shutting down and abandoning module DesktopPlatform (291)
[2017.09.16-21.56.32:050][329]LogModuleManager: Shutting down and abandoning module UObjectPlugin (288)
[2017.09.16-21.56.32:050][329]LogModuleManager: Shutting down and abandoning module SubversionSourceControl (286)
[2017.09.16-21.56.32:050][329]LogModuleManager: Shutting down and abandoning module PerforceSourceControl (284)
[2017.09.16-21.56.32:050][329]LogModuleManager: Shutting down and abandoning module GitSourceControl (282)
[2017.09.16-21.56.32:050][329]LogModuleManager: Shutting down and abandoning module SourceControl (281)
[2017.09.16-21.56.32:050][329]LogModuleManager: Shutting down and abandoning module LightPropagationVolumeEditor (278)
[2017.09.16-21.56.32:050][329]LogModuleManager: Shutting down and abandoning module PaperTiledImporter (276)
[2017.09.16-21.56.32:050][329]LogModuleManager: Shutting down and abandoning module PaperSpriteSheetImporter (274)
[2017.09.16-21.56.32:050][329]LogModuleManager: Shutting down and abandoning module Paper2DEditor (272)
[2017.09.16-21.56.32:050][329]LogModuleManager: Shutting down and abandoning module MeshPaint (271)
[2017.09.16-21.56.32:050][329]LogModuleManager: Shutting down and abandoning module LevelEditor (269)
[2017.09.16-21.56.32:052][329]LogModuleManager: Shutting down and abandoning module PixelInspectorModule (268)
[2017.09.16-21.56.32:052][329]LogModuleManager: Shutting down and abandoning module MainFrame (266)
[2017.09.16-21.56.32:052][329]LogModuleManager: Shutting down and abandoning module HotReload (265)
[2017.09.16-21.56.32:052][329]LogDirectoryWatcher: A directory notification for 'C:/Users/Family/Documents/GitHub/DatBoiEntertainmetnGame_/Binaries/Win64' was aborted.
[2017.09.16-21.56.32:053][329]LogModuleManager: Shutting down and abandoning module RuntimePhysXCooking (260)
[2017.09.16-21.56.32:053][329]LogModuleManager: Shutting down and abandoning module PhysXVehiclesEditor (258)
[2017.09.16-21.56.32:053][329]LogModuleManager: Shutting down and abandoning module PhysXVehicles (256)
[2017.09.16-21.56.32:053][329]LogModuleManager: Shutting down and abandoning module OculusEditor (254)
[2017.09.16-21.56.32:053][329]LogModuleManager: Shutting down and abandoning module LocationServicesBPLibrary (252)
[2017.09.16-21.56.32:053][329]LogModuleManager: Shutting down and abandoning module ImmediatePhysicsEditor (250)
[2017.09.16-21.56.32:053][329]LogModuleManager: Shutting down and abandoning module ImmediatePhysics (248)
[2017.09.16-21.56.32:053][329]LogModuleManager: Shutting down and abandoning module UdpMessaging (246)
[2017.09.16-21.56.32:154][329]LogModuleManager: Shutting down and abandoning module TcpMessaging (244)
[2017.09.16-21.56.32:255][329]LogModuleManager: Shutting down and abandoning module GameplayTagsEditor (242)
[2017.09.16-21.56.32:272][329]LogModuleManager: Shutting down and abandoning module FacialAnimationEditor (240)
[2017.09.16-21.56.32:273][329]LogModuleManager: Shutting down and abandoning module FacialAnimation (238)
[2017.09.16-21.56.32:273][329]LogModuleManager: Shutting down and abandoning module AssetManagerEditor (236)
[2017.09.16-21.56.32:273][329]LogModuleManager: Shutting down and abandoning module GraphEditor (235)
[2017.09.16-21.56.32:273][329]LogModuleManager: Shutting down and abandoning module ContentBrowser (233)
[2017.09.16-21.56.32:277][329]LogModuleManager: Shutting down and abandoning module LightPropagationVolumeRuntime (230)
[2017.09.16-21.56.32:277][329]LogModuleManager: Shutting down and abandoning module Paper2D (228)
[2017.09.16-21.56.32:277][329]LogModuleManager: Shutting down and abandoning module WindowsMoviePlayer (226)
[2017.09.16-21.56.32:278][329]LogModuleManager: Shutting down and abandoning module WmfMedia (224)
[2017.09.16-21.56.32:278][329]LogModuleManager: Shutting down and abandoning module PacketHandler (222)
[2017.09.16-21.56.32:278][329]LogModuleManager: Shutting down and abandoning module ClothingSystemEditor (220)
[2017.09.16-21.56.32:278][329]LogModuleManager: Shutting down and abandoning module ClothingSystemRuntime (218)
[2017.09.16-21.56.32:304][329]LogModuleManager: Shutting down and abandoning module Overlay (216)
[2017.09.16-21.56.32:304][329]LogModuleManager: Shutting down and abandoning module OverlayEditor (215)
[2017.09.16-21.56.32:304][329]LogModuleManager: Shutting down and abandoning module MediaAssets (212)
[2017.09.16-21.56.32:304][329]LogModuleManager: Shutting down and abandoning module VREditor (210)
[2017.09.16-21.56.32:317][329]LogModuleManager: Shutting down and abandoning module StringTableEditor (208)
[2017.09.16-21.56.32:317][329]LogModuleManager: Shutting down and abandoning module GameplayTasksEditor (206)
[2017.09.16-21.56.32:317][329]LogModuleManager: Shutting down and abandoning module BehaviorTreeEditor (204)
[2017.09.16-21.56.32:333][329]LogModuleManager: Shutting down and abandoning module FunctionalTesting (202)
[2017.09.16-21.56.32:333][329]LogModuleManager: Shutting down and abandoning module CollisionAnalyzer (200)
[2017.09.16-21.56.32:333][329]LogModuleManager: Shutting down and abandoning module WorkspaceMenuStructure (199)
[2017.09.16-21.56.32:334][329]LogModuleManager: Shutting down and abandoning module UMG (196)
[2017.09.16-21.56.32:334][329]LogModuleManager: Shutting down and abandoning module UMGEditor (195)
[2017.09.16-21.56.32:334][329]LogModuleManager: Shutting down and abandoning module Sequencer (194)
[2017.09.16-21.56.32:334][329]LogModuleManager: Shutting down and abandoning module MessageLog (191)
[2017.09.16-21.56.32:334][329]LogModuleManager: Shutting down and abandoning module SlateReflector (186)
[2017.09.16-21.56.32:340][329]LogModuleManager: Shutting down and abandoning module Slate (184)
[2017.09.16-21.56.32:340][329]LogModuleManager: Shutting down and abandoning module EditorStyle (182)
[2017.09.16-21.56.32:351][329]LogModuleManager: Shutting down and abandoning module MRMesh (180)
[2017.09.16-21.56.32:352][329]LogModuleManager: Shutting down and abandoning module SourceCodeAccess (178)
[2017.09.16-21.56.32:352][329]LogModuleManager: Shutting down and abandoning module HeadMountedDisplay (176)
[2017.09.16-21.56.32:352][329]LogModuleManager: Shutting down and abandoning module XAudio2 (174)
[2017.09.16-21.56.32:352][329]LogModuleManager: Shutting down and abandoning module Networking (172)
[2017.09.16-21.56.32:352][329]LogModuleManager: Shutting down and abandoning module Core (168)
[2017.09.16-21.56.32:352][329]LogModuleManager: Shutting down and abandoning module KismetCompiler (164)
[2017.09.16-21.56.32:352][329]LogModuleManager: Shutting down and abandoning module LevelSequence (162)
[2017.09.16-21.56.32:352][329]LogModuleManager: Shutting down and abandoning module MeshUtilities (160)
[2017.09.16-21.56.32:368][329]LogModuleManager: Shutting down and abandoning module MeshMergeUtilities (159)
[2017.09.16-21.56.32:378][329]LogModuleManager: Shutting down and abandoning module MeshReductionInterface (158)
[2017.09.16-21.56.32:378][329]LogModuleManager: Shutting down and abandoning module SimplygonSwarm (157)
[2017.09.16-21.56.32:389][329]LogModuleManager: Shutting down and abandoning module SimplygonMeshReduction (155)
[2017.09.16-21.56.32:389][329]LogModuleManager: Shutting down and abandoning module QuadricMeshReduction (153)
[2017.09.16-21.56.32:390][329]LogModuleManager: Shutting down and abandoning module MaterialBaking (149)
[2017.09.16-21.56.32:390][329]LogModuleManager: Shutting down and abandoning module DirectoryWatcher (146)
[2017.09.16-21.56.32:393][329]LogModuleManager: Shutting down and abandoning module DerivedDataCache (144)
[2017.09.16-21.56.32:468][329]LogDerivedDataCache: Shutdown
[2017.09.16-21.56.32:468][329]LogModuleManager: Shutting down and abandoning module TargetPlatform (142)
[2017.09.16-21.56.32:468][329]LogModuleManager: Shutting down and abandoning module VulkanShaderFormat (141)
[2017.09.16-21.56.32:468][329]LogModuleManager: Shutting down and abandoning module ShaderFormatVectorVM (139)
[2017.09.16-21.56.32:483][329]LogModuleManager: Shutting down and abandoning module ShaderFormatOpenGL (137)
[2017.09.16-21.56.32:497][329]LogModuleManager: Shutting down and abandoning module ShaderFormatD3D (135)
[2017.09.16-21.56.32:497][329]LogModuleManager: Shutting down and abandoning module MetalShaderFormat (133)
[2017.09.16-21.56.32:509][329]LogModuleManager: Shutting down and abandoning module TextureFormatUncompressed (131)
[2017.09.16-21.56.32:509][329]LogModuleManager: Shutting down and abandoning module TextureFormatPVR (129)
[2017.09.16-21.56.32:509][329]LogModuleManager: Shutting down and abandoning module TextureFormatDXT (127)
[2017.09.16-21.56.32:509][329]LogModuleManager: Shutting down and abandoning module TextureFormatIntelISPCTexComp (125)
[2017.09.16-21.56.32:509][329]LogModuleManager: Shutting down and abandoning module TextureFormatASTC (123)
[2017.09.16-21.56.32:509][329]LogModuleManager: Shutting down and abandoning module ImageWrapper (122)
[2017.09.16-21.56.32:509][329]LogModuleManager: Shutting down and abandoning module TextureFormatAndroid (119)
[2017.09.16-21.56.32:510][329]LogModuleManager: Shutting down and abandoning module AudioFormatOpus (117)
[2017.09.16-21.56.32:510][329]LogModuleManager: Shutting down and abandoning module AudioFormatOgg (115)
[2017.09.16-21.56.32:510][329]LogModuleManager: Shutting down and abandoning module AudioFormatADPCM (113)
[2017.09.16-21.56.32:510][329]LogModuleManager: Shutting down and abandoning module LinuxTargetPlatform (111)
[2017.09.16-21.56.32:510][329]LogModuleManager: Shutting down and abandoning module LinuxServerTargetPlatform (109)
[2017.09.16-21.56.32:510][329]LogModuleManager: Shutting down and abandoning module LinuxNoEditorTargetPlatform (107)
[2017.09.16-21.56.32:510][329]LogModuleManager: Shutting down and abandoning module LinuxClientTargetPlatform (105)
[2017.09.16-21.56.32:510][329]LogModuleManager: Shutting down and abandoning module TVOSTargetPlatform (103)
[2017.09.16-21.56.32:510][329]LogModuleManager: Shutting down and abandoning module Messaging (101)
[2017.09.16-21.56.32:510][329]LogModuleManager: Shutting down and abandoning module IOSTargetPlatform (99)
[2017.09.16-21.56.32:510][329]LogModuleManager: Shutting down and abandoning module HTML5TargetPlatform (97)
[2017.09.16-21.56.32:511][329]LogModuleManager: Shutting down and abandoning module Android_PVRTCTargetPlatform (95)
[2017.09.16-21.56.32:511][329]LogModuleManager: Shutting down and abandoning module Android_MultiTargetPlatform (93)
[2017.09.16-21.56.32:511][329]LogModuleManager: Shutting down and abandoning module Android_ETC2TargetPlatform (91)
[2017.09.16-21.56.32:511][329]LogModuleManager: Shutting down and abandoning module Android_ETC1TargetPlatform (89)
[2017.09.16-21.56.32:511][329]LogModuleManager: Shutting down and abandoning module Android_DXTTargetPlatform (87)
[2017.09.16-21.56.32:511][329]LogModuleManager: Shutting down and abandoning module Android_ATCTargetPlatform (85)
[2017.09.16-21.56.32:512][329]LogModuleManager: Shutting down and abandoning module Android_ASTCTargetPlatform (83)
[2017.09.16-21.56.32:512][329]LogModuleManager: Shutting down and abandoning module AndroidTargetPlatform (81)
[2017.09.16-21.56.32:512][329]LogModuleManager: Shutting down and abandoning module WindowsTargetPlatform (79)
[2017.09.16-21.56.32:512][329]LogModuleManager: Shutting down and abandoning module WindowsServerTargetPlatform (77)
[2017.09.16-21.56.32:512][329]LogModuleManager: Shutting down and abandoning module WindowsNoEditorTargetPlatform (75)
[2017.09.16-21.56.32:512][329]LogModuleManager: Shutting down and abandoning module WindowsClientTargetPlatform (73)
[2017.09.16-21.56.32:512][329]LogModuleManager: Shutting down and abandoning module MacTargetPlatform (71)
[2017.09.16-21.56.32:512][329]LogModuleManager: Shutting down and abandoning module MacServerTargetPlatform (69)
[2017.09.16-21.56.32:512][329]LogModuleManager: Shutting down and abandoning module MacNoEditorTargetPlatform (67)
[2017.09.16-21.56.32:512][329]LogModuleManager: Shutting down and abandoning module MacClientTargetPlatform (65)
[2017.09.16-21.56.32:512][329]LogModuleManager: Shutting down and abandoning module AllDesktopTargetPlatform (63)
[2017.09.16-21.56.32:513][329]LogModuleManager: Shutting down and abandoning module InputCore (60)
[2017.09.16-21.56.32:513][329]LogModuleManager: Shutting down and abandoning module Settings (58)
[2017.09.16-21.56.32:513][329]LogModuleManager: Shutting down and abandoning module PhysXCooking (56)
[2017.09.16-21.56.32:513][329]LogModuleManager: Shutting down and abandoning module SteamVR (54)
[2017.09.16-21.56.32:513][329]LogModuleManager: Shutting down and abandoning module OculusHMD (52)
[2017.09.16-21.56.32:513][329]LogModuleManager: Shutting down and abandoning module ExampleDeviceProfileSelector (50)
[2017.09.16-21.56.32:513][329]LogModuleManager: Shutting down and abandoning module OnlineBlueprintSupport (48)
[2017.09.16-21.56.32:513][329]LogModuleManager: Shutting down and abandoning module OnlineSubsystem (44)
[2017.09.16-21.56.32:513][329]LogOnline: Display: Unloading online subsystem: NULL
[2017.09.16-21.56.32:541][329]LogModuleManager: Shutting down and abandoning module XMPP (43)
[2017.09.16-21.56.32:562][329]LogModuleManager: Shutting down and abandoning module HTTP (41)
[2017.09.16-21.56.32:562][329]LogHttp: Display: Http module shutting down, but needs to wait on 1 outstanding Http requests:
[2017.09.16-21.56.32:562][329]LogHttp: Display: 	verb=[POST] url=[https://datarouter.ol.epicgames.com/datarouter/api/v1/public/data?SessionID=%7BE836E464-4281-D7A3-BA39-F3AD6731AC00%7D&AppID=UEEditor.Rocket.Release&AppVersion=4.17.1-3586342%2B%2B%2BUE4%2BRelease-4.17&UserID=9c0e1e2944d93839229525865d07801b%7C2ec138b65b7d4e67b40402fb081b672b%7C4b78beae-a5a4-4698-b4dd-e60b89e1b404&AppEnvironment=datacollector-binary&UploadType=eteventstream] status=Processing
[2017.09.16-21.56.32:581][329]LogModuleManager: Shutting down and abandoning module SSL (40)
[2017.09.16-21.56.32:583][329]LogModuleManager: Shutting down and abandoning module AnimationModifiers (36)
[2017.09.16-21.56.32:583][329]LogModuleManager: Shutting down and abandoning module PropertyEditor (35)
[2017.09.16-21.56.32:583][329]LogModuleManager: Shutting down and abandoning module AudioEditor (32)
[2017.09.16-21.56.32:597][329]LogModuleManager: Shutting down and abandoning module TextureCompressor (30)
[2017.09.16-21.56.32:597][329]LogModuleManager: Shutting down and abandoning module ShaderCore (28)
[2017.09.16-21.56.32:597][329]LogModuleManager: Shutting down and abandoning module Landscape (26)
[2017.09.16-21.56.32:597][329]LogModuleManager: Shutting down and abandoning module SlateRHIRenderer (24)
[2017.09.16-21.56.32:610][329]LogModuleManager: Shutting down and abandoning module OpenGLDrv (22)
[2017.09.16-21.56.32:623][329]LogModuleManager: Shutting down and abandoning module D3D11RHI (20)
[2017.09.16-21.56.32:623][329]LogModuleManager: Shutting down and abandoning module AnimGraphRuntime (18)
[2017.09.16-21.56.32:623][329]LogModuleManager: Shutting down and abandoning module Renderer (16)
[2017.09.16-21.56.32:623][329]LogModuleManager: Shutting down and abandoning module Engine (14)
[2017.09.16-21.56.32:623][329]LogModuleManager: Shutting down and abandoning module CoreUObject (12)
[2017.09.16-21.56.32:623][329]LogModuleManager: Shutting down and abandoning module NetworkFile (10)
[2017.09.16-21.56.32:623][329]LogModuleManager: Shutting down and abandoning module CookedIterativeFile (8)
[2017.09.16-21.56.32:623][329]LogModuleManager: Shutting down and abandoning module StreamingFile (6)
[2017.09.16-21.56.32:623][329]LogModuleManager: Shutting down and abandoning module SandboxFile (4)
[2017.09.16-21.56.32:623][329]LogModuleManager: Shutting down and abandoning module PakFile (2)
[2017.09.16-21.56.32:631][329]LogExit: Exiting.
[2017.09.16-21.56.32:702][329]Log file closed, 09/16/17 15:56:32
