Log file open, 09/16/17 09:50:25
LogWindows: LoadLibraryWithSearchPaths failed for file aqProf.dll. GetLastError=0
LogWindows: LoadLibraryWithSearchPaths failed for file VSPerf140.dll. GetLastError=0
LogWindows: LoadLibraryWithSearchPaths failed for file VtuneApi.dll. GetLastError=0
LogWindows: LoadLibraryWithSearchPaths failed for file VtuneApi32e.dll. GetLastError=0
LogInit: Display: Running engine for game: InsertNameAdventure
LogPlatformFile: Not using cached read wrapper
LogInit: Display: RandInit(1218260483) SRandInit(1218260483).
LogTaskGraph: Started task graph with 5 named threads and 14 total threads with 3 sets of task threads.
LogStats: Stats thread started at 0.705422
LogD3D11RHI: Aftermath initialized
LogPluginManager: Mounting plugin Paper2D
LogPluginManager: Mounting plugin LightPropagationVolume
LogPluginManager: Mounting plugin CodeLiteSourceCodeAccess
LogPluginManager: Mounting plugin GitSourceControl
LogPluginManager: Mounting plugin KDevelopSourceCodeAccess
LogPluginManager: Mounting plugin NullSourceCodeAccess
LogPluginManager: Mounting plugin PerforceSourceControl
LogPluginManager: Mounting plugin SubversionSourceControl
LogPluginManager: Mounting plugin UObjectPlugin
LogPluginManager: Mounting plugin VisualStudioSourceCodeAccess
LogPluginManager: Mounting plugin XCodeSourceCodeAccess
LogPluginManager: Mounting plugin AssetManagerEditor
LogPluginManager: Mounting plugin AudioCapture
LogPluginManager: Mounting plugin FacialAnimation
LogPluginManager: Mounting plugin GameplayTagsEditor
LogPluginManager: Mounting plugin MobileLauncherProfileWizard
LogPluginManager: Mounting plugin PluginBrowser
LogPluginManager: Mounting plugin SpeedTreeImporter
LogPluginManager: Mounting plugin AlembicImporter
LogPluginManager: Mounting plugin CharacterAI
LogPluginManager: Mounting plugin HTML5Networking
LogPluginManager: Mounting plugin AndroidMedia
LogPluginManager: Mounting plugin AvfMedia
LogPluginManager: Mounting plugin MediaPlayerEditor
LogPluginManager: Mounting plugin WmfMedia
LogPluginManager: Mounting plugin TcpMessaging
LogPluginManager: Mounting plugin UdpMessaging
LogPluginManager: Mounting plugin LevelSequenceEditor
LogPluginManager: Mounting plugin MatineeToLevelSequence
LogPluginManager: Mounting plugin OnlineSubsystemGooglePlay
LogPluginManager: Mounting plugin OnlineSubsystemIOS
LogPluginManager: Mounting plugin OnlineSubsystem
LogPluginManager: Mounting plugin OnlineSubsystemNull
LogPluginManager: Mounting plugin OnlineSubsystemUtils
LogPluginManager: Mounting plugin AndroidDeviceProfileSelector
LogPluginManager: Mounting plugin AndroidMoviePlayer
LogPluginManager: Mounting plugin AndroidPermission
LogPluginManager: Mounting plugin AppleMoviePlayer
LogPluginManager: Mounting plugin ArchVisCharacter
LogPluginManager: Mounting plugin CableComponent
LogPluginManager: Mounting plugin CustomMeshComponent
LogPluginManager: Mounting plugin ExampleDeviceProfileSelector
LogPluginManager: Mounting plugin GoogleCloudMessaging
LogPluginManager: Mounting plugin ImmediatePhysics
LogPluginManager: Mounting plugin IOSDeviceProfileSelector
LogPluginManager: Mounting plugin LinuxDeviceProfileSelector
LogPluginManager: Mounting plugin LocationServicesBPLibrary
LogPluginManager: Mounting plugin MobilePatchingUtils
LogPluginManager: Mounting plugin OculusVR
LogPluginManager: Mounting plugin PhysXVehicles
LogPluginManager: Mounting plugin ProceduralMeshComponent
LogPluginManager: Mounting plugin RuntimePhysXCooking
LogPluginManager: Mounting plugin SteamVR
LogPluginManager: Mounting plugin WindowsMoviePlayer
LogInit: Using libcurl 7.47.1
LogInit:  - built for x86_64-pc-win32
LogInit:  - supports SSL with OpenSSL/1.0.2g
LogInit:  - supports HTTP deflate (compression) using libz 1.2.8
LogInit:  - other features:
LogInit:      CURL_VERSION_SSL
LogInit:      CURL_VERSION_LIBZ
LogInit:      CURL_VERSION_IPV6
LogInit:      CURL_VERSION_ASYNCHDNS
LogInit:      CURL_VERSION_LARGEFILE
LogInit:      CURL_VERSION_IDN
LogInit:  CurlRequestOptions (configurable via config and command line):
LogInit:  - bVerifyPeer = false  - Libcurl will NOT verify peer certificate
LogInit:  - bUseHttpProxy = false  - Libcurl will NOT use HTTP proxy
LogInit:  - bDontReuseConnections = false  - Libcurl will reuse connections
LogInit:  - CertBundlePath = nullptr  - Libcurl will use whatever was configured at build time.
LogInit: Build: ++UE4+Release-4.17-CL-3586342
LogInit: Engine Version: 4.17.1-3586342+++UE4+Release-4.17
LogInit: Compatible Engine Version: 4.17.0-3573198+++UE4+Release-4.17
LogInit: Net CL: 3573198
LogDevObjectVersion: Number of dev versions registered: 16
LogDevObjectVersion:   Dev-Blueprints (B0D832E4-1F89-4F0D-ACCF-7EB736FD4AA2): 10
LogDevObjectVersion:   Dev-Build (E1C64328-A22C-4D53-A36C-8E866417BD8C): 0
LogDevObjectVersion:   Dev-Core (375EC13C-06E4-48FB-B500-84F0262A717E): 2
LogDevObjectVersion:   Dev-Editor (E4B068ED-F494-42E9-A231-DA0B2E46BB41): 20
LogDevObjectVersion:   Dev-Framework (CFFC743F-43B0-4480-9391-14DF171D2073): 28
LogDevObjectVersion:   Dev-Mobile (B02B49B5-BB20-44E9-A304-32B752E40360): 0
LogDevObjectVersion:   Dev-Networking (A4E4105C-59A1-49B5-A7C5-40C4547EDFEE): 0
LogDevObjectVersion:   Dev-Online (39C831C9-5AE6-47DC-9A44-9C173E1C8E7C): 0
LogDevObjectVersion:   Dev-Physics (78F01B33-EBEA-4F98-B9B4-84EACCB95AA2): 0
LogDevObjectVersion:   Dev-Platform (6631380F-2D4D-43E0-8009-CF276956A95A): 0
LogDevObjectVersion:   Dev-Rendering (12F88B9F-8875-4AFC-A67C-D90C383ABD29): 19
LogDevObjectVersion:   Dev-Sequencer (7B5AE74C-D270-4C10-A958-57980B212A5A): 4
LogDevObjectVersion:   Dev-VR (D7296918-1DD6-4BDD-9DE2-64A83CC13884): 0
LogDevObjectVersion:   Dev-LoadTimes (C2A15278-BFE7-4AFE-6C17-90FF531DF755): 1
LogDevObjectVersion:   Private-Geometry (6EACA3D4-40EC-4CC1-B786-8BED09428FC5): 1
LogDevObjectVersion:   Dev-AnimPhys (29E575DD-E0A3-4627-9D10-D276232CDCEA): 7
LogInit: Compiled (64-bit): Aug 15 2017 02:05:26
LogInit: Compiled with Visual C++: 19.00.24215.01
LogInit: Build Configuration: Development
LogInit: Branch Name: ++UE4+Release-4.17
LogInit: Command line:  
LogInit: Base directory: C:/Program Files/Epic Games/UE_4.17/Engine/Binaries/Win64/
LogInit: Installed Engine Build: 1
LogInit: Presizing for max 8388607 objects, including 0 objects not considered by GC, pre-allocating 0 bytes for permanent pool.
LogInit: Object subsystem initialized
[2017.09.16-15.50.26:076][  0]LogInit: Selected Device Profile: [Windows]
[2017.09.16-15.50.26:076][  0]LogInit: Applying CVar settings loaded from the selected device profile: [Windows]
[2017.09.16-15.50.26:140][  0]LogInit: Computer: DESKTOP-OMJHMSB
[2017.09.16-15.50.26:140][  0]LogInit: User: rajjj
[2017.09.16-15.50.26:140][  0]LogInit: CPU Page size=4096, Cores=4
[2017.09.16-15.50.26:140][  0]LogInit: High frequency timer resolution =3.328130 MHz
[2017.09.16-15.50.26:141][  0]LogMemory: Memory total: Physical=15.9GB (16GB approx)
[2017.09.16-15.50.26:141][  0]LogMemory: Platform Memory Stats for Windows
[2017.09.16-15.50.26:141][  0]LogMemory: Process Physical Memory: 279.25 MB used, 279.25 MB peak
[2017.09.16-15.50.26:141][  0]LogMemory: Process Virtual Memory: 273.90 MB used, 273.90 MB peak
[2017.09.16-15.50.26:141][  0]LogMemory: Physical Memory: 4478.02 MB used,  11843.72 MB free, 16321.74 MB total
[2017.09.16-15.50.26:141][  0]LogMemory: Virtual Memory: 667.89 MB used,  11843.72 MB free, 134217728.00 MB total
[2017.09.16-15.50.26:486][  0]LogInit: Using OS detected language (en-US).
[2017.09.16-15.50.26:486][  0]LogInit: Using OS detected locale (en-US).
[2017.09.16-15.50.26:534][  0]LogTextLocalizationManager: No specific localization for 'en-US' exists, so the 'en' localization will be used.
[2017.09.16-15.50.25:136][  0]LogD3D11RHI: D3D11 adapters:
[2017.09.16-15.50.25:703][  0]LogD3D11RHI:    0. 'NVIDIA GeForce GTX 1070' (Feature Level 11_0)
[2017.09.16-15.50.25:703][  0]LogD3D11RHI:       8085/0/8160 MB DedicatedVideo/DedicatedSystem/SharedSystem, Outputs:2, VendorId:0x10de
[2017.09.16-15.50.25:707][  0]LogD3D11RHI:    1. 'Microsoft Basic Render Driver' (Feature Level 11_0)
[2017.09.16-15.50.25:707][  0]LogD3D11RHI:       0/0/8160 MB DedicatedVideo/DedicatedSystem/SharedSystem, Outputs:0, VendorId:0x1414
[2017.09.16-15.50.25:707][  0]LogD3D11RHI: Chosen D3D11 Adapter: 0
[2017.09.16-15.50.25:712][  0]LogD3D11RHI: Creating new Direct3DDevice
[2017.09.16-15.50.25:712][  0]LogD3D11RHI:     GPU DeviceId: 0x1b81 (for the marketing name, search the web for "GPU Device Id")
[2017.09.16-15.50.25:712][  0]LogWindows: EnumDisplayDevices:
[2017.09.16-15.50.25:712][  0]LogWindows:    0. 'NVIDIA GeForce GTX 1070' (P:0 D:1)
[2017.09.16-15.50.25:712][  0]LogWindows:    1. 'NVIDIA GeForce GTX 1070' (P:1 D:1)
[2017.09.16-15.50.25:713][  0]LogWindows:    2. 'NVIDIA GeForce GTX 1070' (P:0 D:0)
[2017.09.16-15.50.25:713][  0]LogWindows:    3. 'NVIDIA GeForce GTX 1070' (P:0 D:0)
[2017.09.16-15.50.25:713][  0]LogWindows: DebugString: FoundDriverCount:4 
[2017.09.16-15.50.25:713][  0]LogD3D11RHI:     Adapter Name: NVIDIA GeForce GTX 1070
[2017.09.16-15.50.25:713][  0]LogD3D11RHI:   Driver Version: 385.28 (internal:22.21.13.8528, unified:385.28)
[2017.09.16-15.50.25:713][  0]LogD3D11RHI:      Driver Date: 8-9-2017
[2017.09.16-15.50.25:713][  0]LogRHI: Texture pool is 1361 MB (70% of 1945 MB)
[2017.09.16-15.50.26:257][  0]LogD3D11RHI: Async texture creation enabled
[2017.09.16-15.50.26:293][  0]LogD3D11RHI: GPU Timing Frequency: 1000.000000 (Debug: 2 1)
[2017.09.16-15.50.26:346][  0]LogShaderCompilers: Guid format shader working directory is -34 characters bigger than the processId version (../../../../../../Users/rajjj/OneDrive/Documents/GitHub/DatBoiEntertainmetnGame_/Intermediate/Shaders/WorkingDirectory/6580/).
[2017.09.16-15.50.26:346][  0]LogShaderCompilers: Cleaned the shader compiler working directory 'C:/Users/rajjj/AppData/Local/Temp/UnrealShaderWorkingDir/43D28145422C40580F786C9D837C2571/'.
[2017.09.16-15.50.26:347][  0]LogShaderCompilers: Display: Using Local Shader Compiler.
[2017.09.16-15.50.28:035][  0]LogTemp: Display: Loaded TP AllDesktopTargetPlatform
[2017.09.16-15.50.28:080][  0]LogTemp: Display: Loaded TP MacClientTargetPlatform
[2017.09.16-15.50.28:124][  0]LogTemp: Display: Loaded TP MacNoEditorTargetPlatform
[2017.09.16-15.50.28:167][  0]LogTemp: Display: Loaded TP MacServerTargetPlatform
[2017.09.16-15.50.28:215][  0]LogTemp: Display: Loaded TP MacTargetPlatform
[2017.09.16-15.50.28:259][  0]LogTemp: Display: Loaded TP WindowsClientTargetPlatform
[2017.09.16-15.50.28:304][  0]LogTemp: Display: Loaded TP WindowsNoEditorTargetPlatform
[2017.09.16-15.50.28:347][  0]LogTemp: Display: Loaded TP WindowsServerTargetPlatform
[2017.09.16-15.50.28:386][  0]LogTemp: Display: Loaded TP WindowsTargetPlatform
[2017.09.16-15.50.28:432][  0]LogTemp: Display: Loaded TP AndroidTargetPlatform
[2017.09.16-15.50.28:476][  0]LogTemp: Display: Loaded TP Android_ASTCTargetPlatform
[2017.09.16-15.50.28:518][  0]LogTemp: Display: Loaded TP Android_ATCTargetPlatform
[2017.09.16-15.50.28:563][  0]LogTemp: Display: Loaded TP Android_DXTTargetPlatform
[2017.09.16-15.50.28:606][  0]LogTemp: Display: Loaded TP Android_ETC1TargetPlatform
[2017.09.16-15.50.28:650][  0]LogTemp: Display: Loaded TP Android_ETC2TargetPlatform
[2017.09.16-15.50.28:738][  0]LogTemp: Display: Loaded TP Android_MultiTargetPlatform
[2017.09.16-15.50.28:738][  0]LogTemp: Display: Loaded TP Android_PVRTCTargetPlatform
[2017.09.16-15.50.28:771][  0]LogTemp: Display: Loaded TP HTML5TargetPlatform
[2017.09.16-15.50.28:863][  0]LogTemp: Display: Loaded TP IOSTargetPlatform
[2017.09.16-15.50.28:919][  0]LogTemp: Display: Loaded TP TVOSTargetPlatform
[2017.09.16-15.50.28:986][  0]LogTemp: Display: Loaded TP LinuxClientTargetPlatform
[2017.09.16-15.50.29:030][  0]LogTemp: Display: Loaded TP LinuxNoEditorTargetPlatform
[2017.09.16-15.50.29:074][  0]LogTemp: Display: Loaded TP LinuxServerTargetPlatform
[2017.09.16-15.50.29:123][  0]LogTemp: Display: Loaded TP LinuxTargetPlatform
[2017.09.16-15.50.29:123][  0]LogTargetPlatformManager: Display: Building Assets For Windows
[2017.09.16-15.50.29:645][  0]LogDerivedDataCache: Display: Max Cache Size: 512 MB
[2017.09.16-15.50.30:220][  0]LogDerivedDataCache: Loaded boot cache 0.57s 93MB C:/Users/rajjj/AppData/Local/UnrealEngine/4.17/DerivedDataCache/Boot.ddc.
[2017.09.16-15.50.30:220][  0]LogDerivedDataCache: Display: Loaded Boot cache: C:/Users/rajjj/AppData/Local/UnrealEngine/4.17/DerivedDataCache/Boot.ddc
[2017.09.16-15.50.30:221][  0]LogDerivedDataCache: FDerivedDataBackendGraph:  Pak pak cache file ../../../../../../Users/rajjj/OneDrive/Documents/GitHub/DatBoiEntertainmetnGame_/DerivedDataCache/DDC.ddp not found, will not use a pak cache.
[2017.09.16-15.50.30:221][  0]LogDerivedDataCache: Unable to find inner node Pak for hierarchical cache Hierarchy.
[2017.09.16-15.50.30:221][  0]LogDerivedDataCache: FDerivedDataBackendGraph:  CompressedPak pak cache file ../../../../../../Users/rajjj/OneDrive/Documents/GitHub/DatBoiEntertainmetnGame_/DerivedDataCache/Compressed.ddp not found, will not use a pak cache.
[2017.09.16-15.50.30:221][  0]LogDerivedDataCache: Unable to find inner node CompressedPak for hierarchical cache Hierarchy.
[2017.09.16-15.50.30:263][  0]LogDerivedDataCache: Display: Pak cache opened for reading ../../../Engine/DerivedDataCache/Compressed.ddp.
[2017.09.16-15.50.30:277][  0]LogDerivedDataCache: Using Local data cache path C:/Users/rajjj/AppData/Local/UnrealEngine/Common/DerivedDataCache: Writable
[2017.09.16-15.50.30:297][  0]LogMaterial: Verifying Global Shaders for PCD3D_SM5
[2017.09.16-15.50.30:304][  0]LogSlate: Using Freetype 2.6.0
[2017.09.16-15.50.30:331][  0]LogSlate: SlateFontCache - WITH_FREETYPE: 1, WITH_HARFBUZZ: 1
[2017.09.16-15.50.30:332][  0]LogSlate: SlateFontCache - WITH_FREETYPE: 1, WITH_HARFBUZZ: 1
[2017.09.16-15.50.31:354][  0]LogAssetRegistry: FAssetRegistry took 0.0270 seconds to start up
[2017.09.16-15.50.31:477][  0]LogInit: Selected Device Profile: [Windows]
[2017.09.16-15.50.31:823][  0]LogContentStreaming: Texture pool size is 0.00 MB
[2017.09.16-15.50.32:142][  0]LogSimplygon: Simplygon DLL not present - disabling.
[2017.09.16-15.50.32:178][  0]LogMeshReduction: Using SimplygonSwarm for distributed automatic mesh merging
[2017.09.16-15.50.32:179][  0]LogMeshReduction: Using QuadricMeshReduction for automatic static mesh reduction
[2017.09.16-15.50.32:179][  0]LogMeshReduction: No automatic skeletal mesh reduction module available
[2017.09.16-15.50.32:179][  0]LogMeshReduction: No automatic mesh merging module available
[2017.09.16-15.50.32:179][  0]LogMeshMerging: No automatic mesh merging module available
[2017.09.16-15.50.32:818][  0]LogNetVersion: InsertNameAdventure , NetCL: 3573198, EngineNetVer: 2, GameNetVer: 0 (Checksum: 3080426378)
[2017.09.16-15.50.33:245][  0]LogPackageLocalizationCache: Processed 5 localized package path(s) for 2 prioritized culture(s) in 0.060579 seconds
[2017.09.16-15.50.33:251][  0]LogUObjectArray: 35825 objects as part of root set at end of initial load.
[2017.09.16-15.50.33:251][  0]LogUObjectAllocator: 7529112 out of 0 bytes used by permanent object pool.
[2017.09.16-15.50.33:251][  0]LogUObjectArray: CloseDisregardForGC: 0/0 objects in disregard for GC pool
[2017.09.16-15.50.33:304][  0]LogInit: WinSock: version 1.1 (2.2), MaxSocks=32767, MaxUdp=65467
[2017.09.16-15.50.37:676][  0]LogTcpMessaging: Initializing TcpMessaging bridge
[2017.09.16-15.50.37:712][  0]LogUdpMessaging: Initializing bridge on interface 0.0.0.0:0 to multicast group 230.0.0.1:6666.
[2017.09.16-15.50.38:569][  0]LogMaterial: Uniform references updated for custom material expression Custom.
[2017.09.16-15.50.39:007][  0]SourceControl: Source control is disabled
[2017.09.16-15.50.40:017][  0]LogAndroidPermission: UAndroidPermissionCallbackProxy::GetInstance
[2017.09.16-15.50.40:228][  0]LogOcInput: OculusInput pre-init called
[2017.09.16-15.50.40:487][  0]LogEngine: Initializing Engine...
[2017.09.16-15.50.40:489][  0]LogHMD: Failed to initialize OpenVR with code 110
[2017.09.16-15.50.40:831][  0]LogStats: UGameplayTagsManager::ConstructGameplayTagTree: Construct from data asset -  0.000 s
[2017.09.16-15.50.40:831][  0]LogStats: UGameplayTagsManager::ConstructGameplayTagTree: GameplayTagTreeChangedEvent.Broadcast -  0.000 s
[2017.09.16-15.50.40:963][  0]LogAIModule: Creating AISystem for world Untitled
[2017.09.16-15.50.40:980][  0]LogInit: XAudio2 using 'Speakers (High Definition Audio Device)' : 2 channels at 48 kHz using 16 bits per sample (channel mask 0x3)
[2017.09.16-15.50.41:023][  0]LogInit: FAudioDevice initialized.
[2017.09.16-15.50.41:101][  0]LogDerivedDataCache: Saved boot cache 0.08s 93MB C:/Users/rajjj/AppData/Local/UnrealEngine/4.17/DerivedDataCache/Boot.ddc.
[2017.09.16-15.50.41:113][  0]LogInit: Texture streaming: Enabled
[2017.09.16-15.50.41:269][  0]LogEngineSessionManager: EngineSessionManager initialized
[2017.09.16-15.50.41:523][  0]LogInit: Transaction tracking system initialized
[2017.09.16-15.50.41:819][  0]BlueprintLog: New page: Editor Load
[2017.09.16-15.50.42:693][  0]LocalizationService: Localization service is disabled
[2017.09.16-15.50.43:355][  0]LogConsoleResponse: Display: 
[2017.09.16-15.50.43:691][  0]LogCook: Display: Max memory allowance for cook 16384mb min free memory 0mb
[2017.09.16-15.50.43:691][  0]LogCook: Display: Mobile HDR setting 1
[2017.09.16-15.50.43:691][  0]LogGameplayTags: Display: UGameplayTagsManager::DoneAddingNativeTags. DelegateIsBound: 0
[2017.09.16-15.50.43:818][  0]LogFileCache: Scanning file cache for directory 'C:/Users/rajjj/OneDrive/Documents/GitHub/DatBoiEntertainmetnGame_/Content/' took 0.02s
[2017.09.16-15.50.44:707][  0]Cmd: MAP LOAD FILE="../../../../../../Users/rajjj/OneDrive/Documents/GitHub/DatBoiEntertainmetnGame_/Content/2DSideScrollerBP/Maps/Levels/Rainforest_Alien.umap" TEMPLATE=0 SHOWPROGRESS=1 FEATURELEVEL=3
[2017.09.16-15.50.44:713][  0]LightingResults: New page: Lighting Build
[2017.09.16-15.50.44:751][  0]MapCheck: New page: Map Check
[2017.09.16-15.50.44:751][  0]LightingResults: New page: Lighting Build
[2017.09.16-15.50.45:225][  0]LogBlueprint: Warning: ExposeOnSpawn ambiguity. Property 'BoolProperty /Game/2DSideScrollerBP/Blueprints/UI/ItemDrag.ItemDrag_C:fromInv', MetaData 'True', Flag 'False'
[2017.09.16-15.50.45:225][  0]LogBlueprint: Warning: ExposeOnSpawn ambiguity. Property 'ObjectProperty /Game/2DSideScrollerBP/Blueprints/UI/ItemDrag.ItemDrag_C:dragItem', MetaData 'True', Flag 'False'
[2017.09.16-15.50.45:229][  0]LogBlueprint: Warning: ExposeOnSpawn ambiguity. Property 'BoolProperty /Game/2DSideScrollerBP/Blueprints/UI/ItemDrag.ItemDrag_C:fromInv', MetaData 'True', Flag 'False'
[2017.09.16-15.50.45:229][  0]LogBlueprint: Warning: ExposeOnSpawn ambiguity. Property 'ObjectProperty /Game/2DSideScrollerBP/Blueprints/UI/ItemDrag.ItemDrag_C:dragItem', MetaData 'True', Flag 'False'
[2017.09.16-15.50.45:252][  0]LogBlueprint: Warning: [Compiler ActionSlot] Input pin  Drag Item  specifying non-default value no longer exists on this node. Please refresh node or reset pin to default value to remove pin.
[2017.09.16-15.50.45:265][  0]LogBlueprint: Warning: [Compiler InventorySlot] Input pin  From Inv  specifying non-default value no longer exists on this node. Please refresh node or reset pin to default value to remove pin.
[2017.09.16-15.50.45:265][  0]LogBlueprint: Error: [Compiler InventorySlot] In use pin  Drag Item  no longer exists on this node. Please refresh node or break links to remove pin.
[2017.09.16-15.50.45:357][  0]LogBlueprint: Warning: [Compiler ActionSlot] [0026.12] Compile of ActionSlot successful, but with 1 Warning(s) [in 146 ms] (/Game/2DSideScrollerBP/Blueprints/UI/ActionSlot.ActionSlot)
[2017.09.16-15.50.45:357][  0]LogBlueprint: Warning: [Compiler InventorySlot] [0026.12] Compile of InventorySlot failed. 1 Fatal Issue(s) 1 Warning(s) [in 147 ms] (/Game/2DSideScrollerBP/Blueprints/UI/InventorySlot.InventorySlot)
[2017.09.16-15.50.46:460][  0]LogMaterial: Missing cached shader map for material BlueLight_M1, compiling. 
[2017.09.16-15.50.46:461][  0]LogMaterial: Warning: Failed to compile Material /Game/2DSideScrollerBP/Maps/Levels/LevelSprites/Sprites/Rain_Forrest_Sprites/Materials/BlueLight_M1.BlueLight_M1 for platform PCD3D_SM5, Default Material will be used in game.
[2017.09.16-15.50.46:462][  0]LogMaterial: Warning: 	Function Flicker_MF: Missing function input 'Color'
[2017.09.16-15.50.46:752][  0]LogAIModule: Creating AISystem for world Rainforest_Alien
[2017.09.16-15.50.46:799][  0]LogEditorServer: Finished looking for orphan Actors (0.000 secs)
[2017.09.16-15.50.46:816][  0]Cmd: MAP CHECKDEP NOCLEARLOG
[2017.09.16-15.50.46:872][  0]MapCheck: Map check complete: 0 Error(s), 0 Warning(s), took 55.873ms to complete.
[2017.09.16-15.50.46:872][  0]LogFileHelpers: Loading map 'Rainforest_Alien' took 2.166
[2017.09.16-15.50.47:162][  0]LogCollectionManager: Loaded 0 collections in 0.001245 seconds
[2017.09.16-15.50.47:246][  0]LogFileCache: Scanning file cache for directory 'C:/Users/rajjj/OneDrive/Documents/GitHub/DatBoiEntertainmetnGame_/Saved/Collections/' took 0.01s
[2017.09.16-15.50.47:246][  0]LogFileCache: Scanning file cache for directory 'C:/Users/rajjj/OneDrive/Documents/GitHub/DatBoiEntertainmetnGame_/Content/Developers/rajjj/Collections/' took 0.01s
[2017.09.16-15.50.47:246][  0]LogFileCache: Scanning file cache for directory 'C:/Users/rajjj/OneDrive/Documents/GitHub/DatBoiEntertainmetnGame_/Content/Collections/' took 0.01s
[2017.09.16-15.50.47:246][  0]LogCollectionManager: Rebuilt the GUID cache for 0 collections in 0.000000 seconds
[2017.09.16-15.50.47:255][  0]LogContentBrowser: Native class hierarchy populated in 0.0077 seconds. Added 2386 classes and 500 folders.
[2017.09.16-15.50.47:316][  0]LogContentBrowser: Native class hierarchy updated for 'WidgetCarousel' in 0.0007 seconds. Added 0 classes and 0 folders.
[2017.09.16-15.50.47:634][  0]LogContentBrowser: Native class hierarchy updated for 'AddContentDialog' in 0.0005 seconds. Added 0 classes and 0 folders.
[2017.09.16-15.50.47:676][  0]LogContentBrowser: Native class hierarchy updated for 'SceneOutliner' in 0.0005 seconds. Added 1 classes and 2 folders.
[2017.09.16-15.50.47:708][  0]LogSlate: Took 0.005827 seconds to synchronously load lazily loaded font '../../../Engine/Content/Slate/Fonts/Roboto-Regular.ttf' (155K)
[2017.09.16-15.50.47:715][  0]LogSlate: Took 0.004397 seconds to synchronously load lazily loaded font '../../../Engine/Content/Slate/Fonts/Roboto-Bold.ttf' (160K)
[2017.09.16-15.50.47:725][  0]LogSlate: Took 0.003922 seconds to synchronously load lazily loaded font '../../../Engine/Content/Editor/Slate/Fonts/FontAwesome.ttf' (139K)
[2017.09.16-15.50.47:732][  0]LogSlate: Took 0.005093 seconds to synchronously load lazily loaded font '../../../Engine/Content/Editor/Slate/Fonts/DroidSansMono.ttf' (77K)
[2017.09.16-15.50.47:841][  0]LogRenderer: Reallocating scene render targets to support 2556x1004 Format 10 NumSamples 1 (Frame:1).
[2017.09.16-15.50.48:140][  0]LogContentBrowser: Native class hierarchy updated for 'HierarchicalLODOutliner' in 0.0006 seconds. Added 1 classes and 2 folders.
[2017.09.16-15.50.48:140][  0]LogLoad: (Engine Initialization) Total time: 28.91 seconds
[2017.09.16-15.50.48:141][  0]LogLoad: (Engine Initialization) Total Blueprint compile time: 0.00 seconds
[2017.09.16-15.50.48:141][  0]LogExternalProfiler: No external profilers were discovered.  External profiling features will not be available.
[2017.09.16-15.50.48:529][  0]SourceControl: On branch V1.5.1
[2017.09.16-15.50.48:530][  0]SourceControl: Your branch is up-to-date with 'origin/V1.5.1'.
[2017.09.16-15.50.48:530][  0]SourceControl: No commands done.
[2017.09.16-15.50.48:530][  0]SourceControl: Next commands to do (2 remaining commands):
[2017.09.16-15.50.48:530][  0]SourceControl:    pick b627089 Redid mt backdrop and started work on a desert zone
[2017.09.16-15.50.48:530][  0]SourceControl:    pick 5400dc0 Revert "Redid mt backdrop and started work on a desert zone"
[2017.09.16-15.50.48:530][  0]SourceControl:   (use "git rebase --edit-todo" to view and edit)
[2017.09.16-15.50.48:530][  0]SourceControl: You are currently editing a commit while rebasing branch 'V1.5.1' on 'ad616f1'.
[2017.09.16-15.50.48:530][  0]SourceControl:   (use "git commit --amend" to amend the current commit)
[2017.09.16-15.50.48:531][  0]SourceControl:   (use "git rebase --continue" once you are satisfied with your changes)
[2017.09.16-15.50.48:531][  0]SourceControl: Changes not staged for commit:
[2017.09.16-15.50.48:531][  0]SourceControl:   (use "git add/rm <file>..." to update what will be committed)
[2017.09.16-15.50.48:531][  0]SourceControl:   (use "git checkout -- <file>..." to discard changes in working directory)
[2017.09.16-15.50.48:533][  0]SourceControl: 	modified:   Content/2DSideScrollerBP/Maps/Levels/LevelSprites/Sprites/Rain_Forrest_Sprites/Materials/Comp_M_Inst3.uasset
[2017.09.16-15.50.48:533][  0]SourceControl: 	modified:   Content/2DSideScrollerBP/Maps/Levels/LevelSprites/Sprites/Rain_Forrest_Sprites/RainFall/RainFall4_PS.uasset
[2017.09.16-15.50.48:533][  0]SourceControl: 	modified:   Content/2DSideScrollerBP/Maps/Levels/Rainforest_Alien.umap
[2017.09.16-15.50.48:533][  0]SourceControl: 	modified:   Content/2DSideScrollerBP/Maps/Levels/Rainforest_Alien_BuiltData.uasset
[2017.09.16-15.50.48:533][  0]SourceControl: 	modified:   Intermediate/AssetRegistryCache/c90e3f55.bin
[2017.09.16-15.50.48:533][  0]SourceControl: 	modified:   Intermediate/CachedAssetRegistry.bin
[2017.09.16-15.50.48:534][  0]SourceControl: 	modified:   Saved/AutoScreenshot.png
[2017.09.16-15.50.48:534][  0]SourceControl: 	deleted:    Saved/Backup/2DSideScrollerCharacter_2017-08-22-19-56-18.uasset
[2017.09.16-15.50.48:534][  0]SourceControl: 	deleted:    Saved/Backup/ActionSlot_2017-08-22-19-56-19.uasset
[2017.09.16-15.50.48:535][  0]SourceControl: 	deleted:    Saved/Backup/InventorySlot_2017-08-22-19-56-19.uasset
[2017.09.16-15.50.48:535][  0]SourceControl: 	deleted:    Saved/Backup/Rain_Forrest_TMTop_2017-08-22-19-56-20.uasset
[2017.09.16-15.50.48:535][  0]SourceControl: 	deleted:    Saved/Backup/Rainforest_Alien_2017-08-22-19-56-15.umap
[2017.09.16-15.50.48:535][  0]SourceControl: 	deleted:    Saved/Backup/Rainforest_Alien_BuiltData_2017-08-22-19-39-09.uasset
[2017.09.16-15.50.48:536][  0]SourceControl: 	deleted:    Saved/Backup/Rainforest_Alien_BuiltData_2017-08-22-19-56-16.uasset
[2017.09.16-15.50.48:536][  0]SourceControl: 	deleted:    Saved/Config/CrashReportClient/UE4CC-Windows-1ACF0BEA44C8F552F91B1691D8C2C9C7/CrashReportClient.ini
[2017.09.16-15.50.48:536][  0]SourceControl: 	deleted:    Saved/Config/CrashReportClient/UE4CC-Windows-25BBFD2B478A61C9B5B2BB929C2DD1A0/CrashReportClient.ini
[2017.09.16-15.50.48:536][  0]SourceControl: 	deleted:    Saved/Config/CrashReportClient/UE4CC-Windows-87713E984F23F7BAEB58BE91CB0680D6/CrashReportClient.ini
[2017.09.16-15.50.48:536][  0]SourceControl: 	deleted:    Saved/Config/CrashReportClient/UE4CC-Windows-8F0D55D645C223DE1602DB99614A3B89/CrashReportClient.ini
[2017.09.16-15.50.48:536][  0]SourceControl: 	deleted:    Saved/Config/CrashReportClient/UE4CC-Windows-9B266AC04324A8D3FF51AE92348A87EB/CrashReportClient.ini
[2017.09.16-15.50.48:539][  0]SourceControl: 	deleted:    Saved/Config/CrashReportClient/UE4CC-Windows-AEBA119C4891C33148B16EB6FBEF4FE6/CrashReportClient.ini
[2017.09.16-15.50.48:539][  0]SourceControl: 	deleted:    Saved/Config/CrashReportClient/UE4CC-Windows-B523F7024A349BD7DD3DC89A2B15D5C0/CrashReportClient.ini
[2017.09.16-15.50.48:539][  0]SourceControl: 	deleted:    Saved/Config/CrashReportClient/UE4CC-Windows-D078804F49630857E137F7BF352FCA73/CrashReportClient.ini
[2017.09.16-15.50.48:539][  0]SourceControl: 	deleted:    Saved/Config/CrashReportClient/UE4CC-Windows-D6F6D00D41A3040E15157090629D159E/CrashReportClient.ini
[2017.09.16-15.50.48:540][  0]SourceControl: 	deleted:    Saved/Config/CrashReportClient/UE4CC-Windows-D93D4A8C4CCCF01FC76E38BCB670145B/CrashReportClient.ini
[2017.09.16-15.50.48:540][  0]SourceControl: 	deleted:    Saved/Config/CrashReportClient/UE4CC-Windows-DCEB843744852BA53CE879870D8F35C2/CrashReportClient.ini
[2017.09.16-15.50.48:540][  0]SourceControl: 	deleted:    Saved/Config/CrashReportClient/UE4CC-Windows-E49B3DE14C4BC831E3C377976302D430/CrashReportClient.ini
[2017.09.16-15.50.48:540][  0]SourceControl: 	deleted:    Saved/Config/CrashReportClient/UE4CC-Windows-EBD4076F4725E398633D6C99F57A295F/CrashReportClient.ini
[2017.09.16-15.50.48:540][  0]SourceControl: 	modified:   Saved/Config/Windows/Editor.ini
[2017.09.16-15.50.48:540][  0]SourceControl: 	modified:   Saved/Config/Windows/EditorPerProjectUserSettings.ini
[2017.09.16-15.50.48:540][  0]SourceControl: 	modified:   Saved/Config/Windows/Engine.ini
[2017.09.16-15.50.48:540][  0]SourceControl: 	modified:   Saved/HardwareSurvey/dxdiag.txt
[2017.09.16-15.50.48:541][  0]SourceControl: 	deleted:    Saved/Logs/InsertNameAdventure-backup-2017.09.02-09.35.19.log
[2017.09.16-15.50.48:541][  0]SourceControl: 	deleted:    Saved/Logs/InsertNameAdventure-backup-2017.09.02-14.41.17.log
[2017.09.16-15.50.48:541][  0]SourceControl: 	deleted:    Saved/Logs/InsertNameAdventure-backup-2017.09.11-16.22.00.log
[2017.09.16-15.50.48:541][  0]SourceControl: 	deleted:    Saved/Logs/InsertNameAdventure-backup-2017.09.11-16.45.05.log
[2017.09.16-15.50.48:541][  0]SourceControl: 	modified:   Saved/Logs/InsertNameAdventure.log
[2017.09.16-15.50.48:541][  0]SourceControl: Untracked files:
[2017.09.16-15.50.48:541][  0]SourceControl:   (use "git add <file>..." to include in what will be committed)
[2017.09.16-15.50.48:541][  0]SourceControl: 	Saved/Backup/Comp_M_Inst3_2017-09-15-09-55-52.uasset
[2017.09.16-15.50.48:541][  0]SourceControl: 	Saved/Backup/RainFall4_PS_2017-09-15-09-55-52.uasset
[2017.09.16-15.50.48:541][  0]SourceControl: 	Saved/Backup/Rainforest_Alien_2017-09-13-20-18-08.umap
[2017.09.16-15.50.48:542][  0]SourceControl: 	Saved/Backup/Rainforest_Alien_2017-09-15-09-53-29.umap
[2017.09.16-15.50.48:542][  0]SourceControl: 	Saved/Backup/Rainforest_Alien_BuiltData_2017-09-13-20-18-10.uasset
[2017.09.16-15.50.48:542][  0]SourceControl: 	Saved/Backup/Rainforest_Alien_BuiltData_2017-09-15-09-53-30.uasset
[2017.09.16-15.50.48:542][  0]SourceControl: 	Saved/Config/CrashReportClient/UE4CC-Windows-2CBDB66E4DDDD038F194EA84C62FFACA/
[2017.09.16-15.50.48:542][  0]SourceControl: 	Saved/Config/CrashReportClient/UE4CC-Windows-41BE0E6A4733F8B4F0DC4CB894B9928D/
[2017.09.16-15.50.48:543][  0]SourceControl: 	Saved/Config/CrashReportClient/UE4CC-Windows-95452BEF4FEFD59F60C5D5A269FE88C8/
[2017.09.16-15.50.48:543][  0]SourceControl: 	Saved/Logs/InsertNameAdventure-backup-2017.09.13-20.09.40.log
[2017.09.16-15.50.48:543][  0]SourceControl: 	Saved/Logs/InsertNameAdventure-backup-2017.09.15-09.42.29.log
[2017.09.16-15.50.48:543][  0]SourceControl: 	Saved/Logs/InsertNameAdventure-backup-2017.09.15-20.49.45.log
[2017.09.16-15.50.48:543][  0]SourceControl: 	Saved/Logs/InsertNameAdventure-backup-2017.09.16-09.50.25.log
[2017.09.16-15.50.48:543][  0]SourceControl: no changes added to commit (use "git add" and/or "git commit -a")
[2017.09.16-15.50.48:543][  0]LogContentStreaming: Texture pool size now 1000 MB
[2017.09.16-15.50.48:657][  0]LogSlate: Took 0.004678 seconds to synchronously load lazily loaded font '../../../Engine/Content/Slate/Fonts/Roboto-Light.ttf' (159K)
[2017.09.16-15.50.48:826][  1]LogMaterial: Missing cached shader map for material Material_0, compiling. 
[2017.09.16-15.50.48:827][  1]LogMaterial: Warning: Failed to compile Material /Engine/Transient.Material_0 for platform PCD3D_SM5, Default Material will be used in game.
[2017.09.16-15.50.48:827][  1]LogMaterial: Warning: 	(Node Multiply) Arithmetic between types float2 and float3 are undefined
[2017.09.16-15.50.48:858][  1]LogParticles: Warning: Spawning 26666 GPU particles in one frame[2]: RainFall4_PS/Particle Emitter
[2017.09.16-15.50.49:160][  2]LogAssetRegistry: Asset discovery search completed in 17.8276 seconds
[2017.09.16-15.50.49:163][  2]LogCollectionManager: Rebuilt the object cache for 0 collections in 0.000000 seconds (found 0 objects)
[2017.09.16-15.50.49:163][  2]LogCollectionManager: Fixed up redirectors for 0 collections in 0.000192 seconds (updated 0 objects)
[2017.09.16-15.50.49:171][  2]LogParticles: Warning: Spawning 26667 GPU particles in one frame[3]: RainFall4_PS/Particle Emitter
[2017.09.16-15.50.49:232][  3]LogSlate: Took 0.000135 seconds to synchronously load lazily loaded font '../../../Engine/Content/Slate/Fonts/Roboto-Light.ttf' (159K)
[2017.09.16-15.50.49:286][  3]LogContentBrowser: Native class hierarchy updated for 'Cascade' in 0.0006 seconds. Added 2 classes and 2 folders.
[2017.09.16-15.50.49:563][  3]LogParticles: Warning: Spawning 30918 GPU particles in one frame[4]: RainFall4_PS/Particle Emitter
[2017.09.16-15.50.49:884][  4]LogParticles: Warning: Spawning 26667 GPU particles in one frame[5]: RainFall4_PS/Particle Emitter
[2017.09.16-15.50.50:218][  5]LogParticles: Warning: Spawning 26667 GPU particles in one frame[6]: RainFall4_PS/Particle Emitter
[2017.09.16-15.50.50:549][  6]LogParticles: Warning: Spawning 26666 GPU particles in one frame[7]: RainFall4_PS/Particle Emitter
[2017.09.16-15.50.50:887][  7]LogParticles: Warning: Spawning 26667 GPU particles in one frame[8]: RainFall4_PS/Particle Emitter
[2017.09.16-15.50.51:216][  8]LogParticles: Warning: Spawning 26667 GPU particles in one frame[9]: RainFall4_PS/Particle Emitter
[2017.09.16-15.50.51:555][  9]LogParticles: Warning: Spawning 26666 GPU particles in one frame[10]: RainFall4_PS/Particle Emitter
[2017.09.16-15.50.51:904][ 10]LogParticles: Warning: Spawning 26667 GPU particles in one frame[11]: RainFall4_PS/Particle Emitter
[2017.09.16-15.50.52:220][ 11]LogParticles: Warning: Spawning 26667 GPU particles in one frame[12]: RainFall4_PS/Particle Emitter
[2017.09.16-15.50.52:549][ 12]LogParticles: Warning: Spawning 26666 GPU particles in one frame[13]: RainFall4_PS/Particle Emitter
[2017.09.16-15.50.52:886][ 13]LogParticles: Warning: Spawning 26667 GPU particles in one frame[14]: RainFall4_PS/Particle Emitter
[2017.09.16-15.50.53:232][ 14]LogParticles: Warning: Spawning 26667 GPU particles in one frame[15]: RainFall4_PS/Particle Emitter
[2017.09.16-15.50.53:563][ 15]LogParticles: Warning: Spawning 26666 GPU particles in one frame[16]: RainFall4_PS/Particle Emitter
[2017.09.16-15.50.53:866][ 16]LogFileCache: Retrieving MD5 hashes for directory 'C:/Users/rajjj/OneDrive/Documents/GitHub/DatBoiEntertainmetnGame_/Content/' took 5.36s
[2017.09.16-15.50.53:883][ 16]LogParticles: Warning: Spawning 26667 GPU particles in one frame[17]: RainFall4_PS/Particle Emitter
[2017.09.16-15.50.54:214][ 17]LogParticles: Warning: Spawning 26667 GPU particles in one frame[18]: RainFall4_PS/Particle Emitter
[2017.09.16-15.50.54:550][ 18]LogParticles: Warning: Spawning 26666 GPU particles in one frame[19]: RainFall4_PS/Particle Emitter
[2017.09.16-15.50.54:883][ 19]LogParticles: Warning: Spawning 26667 GPU particles in one frame[20]: RainFall4_PS/Particle Emitter
[2017.09.16-15.50.55:214][ 20]LogParticles: Warning: Spawning 26667 GPU particles in one frame[21]: RainFall4_PS/Particle Emitter
[2017.09.16-15.50.55:548][ 21]LogParticles: Warning: Spawning 26667 GPU particles in one frame[22]: RainFall4_PS/Particle Emitter
[2017.09.16-15.50.55:874][ 22]LogMaterial: Missing cached shader map for material Material_1, compiling. 
[2017.09.16-15.50.55:875][ 22]LogMaterial: Warning: Failed to compile Material /Engine/Transient.Material_1 for platform PCD3D_SM5, Default Material will be used in game.
[2017.09.16-15.50.55:875][ 22]LogMaterial: Warning: 	(Node Divide) Arithmetic between types float2 and float3 are undefined
[2017.09.16-15.50.55:890][ 22]LogParticles: Warning: Spawning 26666 GPU particles in one frame[23]: RainFall4_PS/Particle Emitter
[2017.09.16-15.50.56:214][ 23]LogParticles: Warning: Spawning 26667 GPU particles in one frame[24]: RainFall4_PS/Particle Emitter
[2017.09.16-15.50.56:543][ 24]LogParticles: Warning: Spawning 26667 GPU particles in one frame[25]: RainFall4_PS/Particle Emitter
[2017.09.16-15.50.56:875][ 25]LogParticles: Warning: Spawning 26666 GPU particles in one frame[26]: RainFall4_PS/Particle Emitter
[2017.09.16-15.50.57:209][ 26]LogParticles: Warning: Spawning 26667 GPU particles in one frame[27]: RainFall4_PS/Particle Emitter
[2017.09.16-15.50.57:542][ 27]LogParticles: Warning: Spawning 26667 GPU particles in one frame[28]: RainFall4_PS/Particle Emitter
[2017.09.16-15.50.57:875][ 28]LogParticles: Warning: Spawning 26666 GPU particles in one frame[29]: RainFall4_PS/Particle Emitter
[2017.09.16-15.52.03:318][995]LogTemp: Repeating last play command: Selected Viewport
[2017.09.16-15.52.03:396][995]LogBlueprintUserMessages: Early PlayInEditor Detection: Level '/Game/2DSideScrollerBP/Maps/Levels/Rainforest_Alien.Rainforest_Alien:PersistentLevel' has LevelScriptBlueprint '/Game/2DSideScrollerBP/Maps/Levels/Rainforest_Alien.Rainforest_Alien:PersistentLevel.Rainforest_Alien' with GeneratedClass '/Game/2DSideScrollerBP/Maps/Levels/Rainforest_Alien.Rainforest_Alien_C' with ClassGeneratedBy '/Game/2DSideScrollerBP/Maps/Levels/Rainforest_Alien.Rainforest_Alien:PersistentLevel.Rainforest_Alien'
[2017.09.16-15.52.03:397][995]LogPlayLevel: PlayLevel: No blueprints needed recompiling
[2017.09.16-15.52.04:994][995]PIE: New page: PIE session: Rainforest_Alien (Sep 16, 2017, 3:52:04 AM)
[2017.09.16-15.52.04:994][995]LogPlayLevel: Creating play world package: /Game/2DSideScrollerBP/Maps/Levels/UEDPIE_0_Rainforest_Alien
[2017.09.16-15.52.05:029][995]LogPlayLevel: PIE: StaticDuplicateObject took: (0.033853s)
[2017.09.16-15.52.05:029][995]LogAIModule: Creating AISystem for world Rainforest_Alien
[2017.09.16-15.52.05:030][995]LogPlayLevel: PIE: World Init took: (0.000825s)
[2017.09.16-15.52.05:030][995]LogPlayLevel: PIE: Created PIE world by copying editor world from /Game/2DSideScrollerBP/Maps/Levels/Rainforest_Alien.Rainforest_Alien to /Game/2DSideScrollerBP/Maps/Levels/UEDPIE_0_Rainforest_Alien.Rainforest_Alien (0.035595s)
[2017.09.16-15.52.05:043][995]LogInit: XAudio2 using 'Speakers (High Definition Audio Device)' : 2 channels at 48 kHz using 16 bits per sample (channel mask 0x3)
[2017.09.16-15.52.05:049][995]LogInit: FAudioDevice initialized.
[2017.09.16-15.52.05:085][995]LogLoad: Game class is '2DSideScrollerGameMode_C'
[2017.09.16-15.52.05:102][995]LogWorld: Bringing World /Game/2DSideScrollerBP/Maps/Levels/UEDPIE_0_Rainforest_Alien.Rainforest_Alien up for play (max tick rate 0) at 2017.09.16-09.52.05
[2017.09.16-15.52.05:125][995]LogWorld: Bringing up level for play took: 0.038530
[2017.09.16-15.52.05:164][995]LogContentBrowser: Native class hierarchy updated for 'MovieSceneCapture' in 0.0006 seconds. Added 11 classes and 0 folders.
[2017.09.16-15.52.05:177][995]PIE: Play in editor start time for /Game/2DSideScrollerBP/Maps/Levels/UEDPIE_0_Rainforest_Alien 2.053
[2017.09.16-15.52.05:178][995]LogBlueprintUserMessages: Late PlayInEditor Detection: Level '/Game/2DSideScrollerBP/Maps/Levels/Rainforest_Alien.Rainforest_Alien:PersistentLevel' has LevelScriptBlueprint '/Game/2DSideScrollerBP/Maps/Levels/Rainforest_Alien.Rainforest_Alien:PersistentLevel.Rainforest_Alien' with GeneratedClass '/Game/2DSideScrollerBP/Maps/Levels/Rainforest_Alien.Rainforest_Alien_C' with ClassGeneratedBy '/Game/2DSideScrollerBP/Maps/Levels/Rainforest_Alien.Rainforest_Alien:PersistentLevel.Rainforest_Alien'
[2017.09.16-15.52.05:235][996]LogCharacterMovement: Warning: GetSimulationTimeStep() - Max iterations 8 hit while remaining time 0.096479 > MaxSimulationTimeStep (0.050) for '2DSideScrollerCharacter_C_0', movement 'Walking'
[2017.09.16-15.52.05:244][996]LogParticles: Warning: Spawning 32000 GPU particles in one frame[5997]: RainFall4_PS/Particle Emitter
[2017.09.16-15.52.45:563][ 13]LogBlueprintUserMessages: Early EndPlayMap Detection: Level '/Game/2DSideScrollerBP/Maps/Levels/Rainforest_Alien.Rainforest_Alien:PersistentLevel' has LevelScriptBlueprint '/Game/2DSideScrollerBP/Maps/Levels/Rainforest_Alien.Rainforest_Alien:PersistentLevel.Rainforest_Alien' with GeneratedClass '/Game/2DSideScrollerBP/Maps/Levels/Rainforest_Alien.Rainforest_Alien_C' with ClassGeneratedBy '/Game/2DSideScrollerBP/Maps/Levels/Rainforest_Alien.Rainforest_Alien:PersistentLevel.Rainforest_Alien'
[2017.09.16-15.52.45:616][ 13]LogBlueprintUserMessages: Late EndPlayMap Detection: Level '/Game/2DSideScrollerBP/Maps/Levels/Rainforest_Alien.Rainforest_Alien:PersistentLevel' has LevelScriptBlueprint '/Game/2DSideScrollerBP/Maps/Levels/Rainforest_Alien.Rainforest_Alien:PersistentLevel.Rainforest_Alien' with GeneratedClass '/Game/2DSideScrollerBP/Maps/Levels/Rainforest_Alien.Rainforest_Alien_C' with ClassGeneratedBy '/Game/2DSideScrollerBP/Maps/Levels/Rainforest_Alien.Rainforest_Alien:PersistentLevel.Rainforest_Alien'
[2017.09.16-15.53.44:104][970]LogSavePackage: Save=1063.37ms
[2017.09.16-15.53.44:104][970]LogSavePackage: Moving '../../../../../../Users/rajjj/OneDrive/Documents/GitHub/DatBoiEntertainmetnGame_/Saved/Rainforest_AlienDBBC6EE842572A8D4B64839391457025.tmp' to '../../../../../../Users/rajjj/OneDrive/Documents/GitHub/DatBoiEntertainmetnGame_/Content/2DSideScrollerBP/Maps/Levels/Rainforest_Alien.umap'
[2017.09.16-15.53.44:107][970]LogSavePackage: Display: Finished SavePackage ../../../../../../Users/rajjj/OneDrive/Documents/GitHub/DatBoiEntertainmetnGame_/Content/2DSideScrollerBP/Maps/Levels/Rainforest_Alien.umap
[2017.09.16-15.53.44:290][970]LogSavePackage: Save=16.99ms
[2017.09.16-15.53.44:290][970]LogSavePackage: Moving '../../../../../../Users/rajjj/OneDrive/Documents/GitHub/DatBoiEntertainmetnGame_/Saved/Rainforest_Alien_BuiltDataBF8F13B145DD66488C2667A635E819D0.tmp' to '../../../../../../Users/rajjj/OneDrive/Documents/GitHub/DatBoiEntertainmetnGame_/Content/2DSideScrollerBP/Maps/Levels/Rainforest_Alien_BuiltData.uasset'
[2017.09.16-15.53.44:292][970]LogSavePackage: Display: Finished SavePackage ../../../../../../Users/rajjj/OneDrive/Documents/GitHub/DatBoiEntertainmetnGame_/Content/2DSideScrollerBP/Maps/Levels/Rainforest_Alien_BuiltData.uasset
[2017.09.16-15.53.44:320][971]LogParticles: Warning: Spawning 32000 GPU particles in one frame[13972]: RainFall4_PS/Particle Emitter
[2017.09.16-15.54.08:008][973]LogSavePackage: Save=1066.87ms
[2017.09.16-15.54.08:008][973]LogSavePackage: Moving '../../../../../../Users/rajjj/OneDrive/Documents/GitHub/DatBoiEntertainmetnGame_/Saved/Rainforest_Alien4A46069844AF5A68EB4C6D8D3DF49691.tmp' to '../../../../../../Users/rajjj/OneDrive/Documents/GitHub/DatBoiEntertainmetnGame_/Content/2DSideScrollerBP/Maps/Levels/Rainforest_Alien.umap'
[2017.09.16-15.54.08:010][973]LogSavePackage: Display: Finished SavePackage ../../../../../../Users/rajjj/OneDrive/Documents/GitHub/DatBoiEntertainmetnGame_/Content/2DSideScrollerBP/Maps/Levels/Rainforest_Alien.umap
[2017.09.16-15.54.08:181][973]LogSavePackage: Save=13.17ms
[2017.09.16-15.54.08:181][973]LogSavePackage: Moving '../../../../../../Users/rajjj/OneDrive/Documents/GitHub/DatBoiEntertainmetnGame_/Saved/Rainforest_Alien_BuiltDataBCCBE9914C500F4D86B4B991F4172429.tmp' to '../../../../../../Users/rajjj/OneDrive/Documents/GitHub/DatBoiEntertainmetnGame_/Content/2DSideScrollerBP/Maps/Levels/Rainforest_Alien_BuiltData.uasset'
[2017.09.16-15.54.08:182][973]LogSavePackage: Display: Finished SavePackage ../../../../../../Users/rajjj/OneDrive/Documents/GitHub/DatBoiEntertainmetnGame_/Content/2DSideScrollerBP/Maps/Levels/Rainforest_Alien_BuiltData.uasset
[2017.09.16-15.54.08:208][974]LogParticles: Warning: Spawning 32000 GPU particles in one frame[15975]: RainFall4_PS/Particle Emitter
[2017.09.16-15.54.10:467][176]LogCascade: Quitting Cascade. FXSystem=0x0000029A0AADEF20
[2017.09.16-15.54.10:608][176]LogWindowsTextInputMethodSystem: Display: IME system now deactivated.
[2017.09.16-15.54.10:763][177]Cmd: QUIT_EDITOR
[2017.09.16-15.54.11:355][177]LogExit: Preparing to exit.
[2017.09.16-15.54.11:895][177]LogDirectoryWatcher: A directory notification for 'C:/Users/rajjj/OneDrive/Documents/GitHub/DatBoiEntertainmetnGame_/Content/' was aborted.
[2017.09.16-15.54.11:952][177]LogExit: Editor shut down
[2017.09.16-15.54.11:963][177]LogExit: Transaction tracking system shut down
[2017.09.16-15.54.12:243][177]LogDirectoryWatcher: A directory notification for '../../../Engine/Content/' was aborted.
[2017.09.16-15.54.12:243][177]LogDirectoryWatcher: A directory notification for '../../../../../../Users/rajjj/OneDrive/Documents/GitHub/DatBoiEntertainmetnGame_/Content/' was aborted.
[2017.09.16-15.54.12:244][177]LogDirectoryWatcher: A directory notification for '../../../Engine/Plugins/2D/Paper2D/Content/' was aborted.
[2017.09.16-15.54.12:244][177]LogDirectoryWatcher: A directory notification for '../../../Engine/Plugins/Runtime/Oculus/OculusVR/Content/' was aborted.
[2017.09.16-15.54.12:244][177]LogDirectoryWatcher: A directory notification for '../../../Engine/Plugins/Runtime/Steam/SteamVR/Content/' was aborted.
[2017.09.16-15.54.12:293][177]LogExit: Object subsystem successfully closed.
[2017.09.16-15.54.12:309][177]LogD3D11RHI: Shutdown
[2017.09.16-15.54.12:309][177]LogD3D11RHI: CleanupD3DDevice
[2017.09.16-15.54.12:400][177]LogD3D11RHI: ~FD3D11DynamicRHI
[2017.09.16-15.54.12:417][177]LogModuleManager: Shutting down and abandoning module MovieSceneCapture (536)
[2017.09.16-15.54.12:418][177]LogModuleManager: Shutting down and abandoning module DistCurveEditor (534)
[2017.09.16-15.54.12:418][177]LogModuleManager: Shutting down and abandoning module Cascade (532)
[2017.09.16-15.54.12:418][177]LogModuleManager: Shutting down and abandoning module HierarchicalLODOutliner (530)
[2017.09.16-15.54.12:418][177]LogModuleManager: Shutting down and abandoning module SceneOutliner (528)
[2017.09.16-15.54.12:418][177]LogModuleManager: Shutting down and abandoning module AddContentDialog (526)
[2017.09.16-15.54.12:418][177]LogDirectoryWatcher: A directory notification for 'C:/Program Files/Epic Games/UE_4.17/FeaturePacks/' was aborted.
[2017.09.16-15.54.12:419][177]LogModuleManager: Shutting down and abandoning module WidgetCarousel (525)
[2017.09.16-15.54.12:419][177]LogModuleManager: Shutting down and abandoning module EditorWidgets (522)
[2017.09.16-15.54.12:419][177]LogModuleManager: Shutting down and abandoning module CollectionManager (520)
[2017.09.16-15.54.12:419][177]LogDirectoryWatcher: A directory notification for 'C:/Users/rajjj/OneDrive/Documents/GitHub/DatBoiEntertainmetnGame_/Content/Collections/' was aborted.
[2017.09.16-15.54.12:419][177]LogDirectoryWatcher: A directory notification for 'C:/Users/rajjj/OneDrive/Documents/GitHub/DatBoiEntertainmetnGame_/Content/Developers/rajjj/Collections/' was aborted.
[2017.09.16-15.54.12:419][177]LogDirectoryWatcher: A directory notification for 'C:/Users/rajjj/OneDrive/Documents/GitHub/DatBoiEntertainmetnGame_/Saved/Collections/' was aborted.
[2017.09.16-15.54.12:419][177]LogModuleManager: Shutting down and abandoning module StatsViewer (518)
[2017.09.16-15.54.12:419][177]LogModuleManager: Shutting down and abandoning module FoliageEdit (516)
[2017.09.16-15.54.12:419][177]LogModuleManager: Shutting down and abandoning module LandscapeEditor (514)
[2017.09.16-15.54.12:419][177]LogModuleManager: Shutting down and abandoning module MeshPaintMode (512)
[2017.09.16-15.54.12:419][177]LogModuleManager: Shutting down and abandoning module SceneDepthPickerMode (510)
[2017.09.16-15.54.12:419][177]LogModuleManager: Shutting down and abandoning module ActorPickerMode (508)
[2017.09.16-15.54.12:419][177]LogModuleManager: Shutting down and abandoning module GeometryMode (506)
[2017.09.16-15.54.12:419][177]LogModuleManager: Shutting down and abandoning module TextureAlignMode (504)
[2017.09.16-15.54.12:419][177]LogModuleManager: Shutting down and abandoning module BspMode (502)
[2017.09.16-15.54.12:419][177]LogModuleManager: Shutting down and abandoning module PIEPreviewDeviceProfileSelector (500)
[2017.09.16-15.54.12:419][177]LogModuleManager: Shutting down and abandoning module HardwareSurvey (498)
[2017.09.16-15.54.12:419][177]LogModuleManager: Shutting down and abandoning module SequenceRecorderSections (496)
[2017.09.16-15.54.12:419][177]LogModuleManager: Shutting down and abandoning module AutomationWorker (494)
[2017.09.16-15.54.12:419][177]LogModuleManager: Shutting down and abandoning module MatineeToLevelSequence (492)
[2017.09.16-15.54.12:419][177]LogModuleManager: Shutting down and abandoning module LevelSequenceEditor (490)
[2017.09.16-15.54.12:420][177]LogModuleManager: Shutting down and abandoning module PlacementMode (489)
[2017.09.16-15.54.12:420][177]LogModuleManager: Shutting down and abandoning module WmfMediaFactory (486)
[2017.09.16-15.54.12:420][177]LogModuleManager: Shutting down and abandoning module WmfMediaEditor (484)
[2017.09.16-15.54.12:420][177]LogModuleManager: Shutting down and abandoning module AvfMediaFactory (482)
[2017.09.16-15.54.12:420][177]LogModuleManager: Shutting down and abandoning module AvfMediaEditor (480)
[2017.09.16-15.54.12:420][177]LogModuleManager: Shutting down and abandoning module AndroidMediaFactory (478)
[2017.09.16-15.54.12:420][177]LogModuleManager: Shutting down and abandoning module Media (477)
[2017.09.16-15.54.12:420][177]LogModuleManager: Shutting down and abandoning module AndroidMediaEditor (474)
[2017.09.16-15.54.12:420][177]LogModuleManager: Shutting down and abandoning module CharacterAI (472)
[2017.09.16-15.54.12:420][177]LogModuleManager: Shutting down and abandoning module AudioCapture (470)
[2017.09.16-15.54.12:420][177]LogModuleManager: Shutting down and abandoning module SequenceRecorder (469)
[2017.09.16-15.54.12:420][177]LogModuleManager: Shutting down and abandoning module SmartSnapping (466)
[2017.09.16-15.54.12:420][177]LogModuleManager: Shutting down and abandoning module SessionServices (464)
[2017.09.16-15.54.12:420][177]LogModuleManager: Shutting down and abandoning module ViewportSnapping (462)
[2017.09.16-15.54.12:420][177]LogModuleManager: Shutting down and abandoning module ViewportInteraction (460)
[2017.09.16-15.54.12:420][177]LogModuleManager: Shutting down and abandoning module ClothPainter (458)
[2017.09.16-15.54.12:420][177]LogModuleManager: Shutting down and abandoning module LogVisualizer (456)
[2017.09.16-15.54.12:420][177]LogModuleManager: Shutting down and abandoning module IntroTutorials (454)
[2017.09.16-15.54.12:420][177]LogModuleManager: Shutting down and abandoning module GameProjectGeneration (453)
[2017.09.16-15.54.12:422][177]LogModuleManager: Shutting down and abandoning module IOSPlatformEditor (450)
[2017.09.16-15.54.12:422][177]LogModuleManager: Shutting down and abandoning module HTML5PlatformEditor (448)
[2017.09.16-15.54.12:422][177]LogModuleManager: Shutting down and abandoning module AndroidPlatformEditor (446)
[2017.09.16-15.54.12:422][177]LogModuleManager: Shutting down and abandoning module AndroidDeviceDetection (445)
[2017.09.16-15.54.13:084][177]LogModuleManager: Shutting down and abandoning module WindowsPlatformEditor (442)
[2017.09.16-15.54.13:085][177]LogModuleManager: Shutting down and abandoning module IOSRuntimeSettings (440)
[2017.09.16-15.54.13:085][177]LogModuleManager: Shutting down and abandoning module AndroidRuntimeSettings (438)
[2017.09.16-15.54.13:085][177]LogModuleManager: Shutting down and abandoning module InputBindingEditor (436)
[2017.09.16-15.54.13:085][177]LogModuleManager: Shutting down and abandoning module MergeActors (434)
[2017.09.16-15.54.13:085][177]LogModuleManager: Shutting down and abandoning module SizeMap (432)
[2017.09.16-15.54.13:086][177]LogModuleManager: Shutting down and abandoning module TreeMap (430)
[2017.09.16-15.54.13:086][177]LogModuleManager: Shutting down and abandoning module ReferenceViewer (428)
[2017.09.16-15.54.13:086][177]LogModuleManager: Shutting down and abandoning module LocalizationDashboard (426)
[2017.09.16-15.54.13:086][177]LogModuleManager: Shutting down and abandoning module LocalizationService (425)
[2017.09.16-15.54.13:086][177]LogModuleManager: Shutting down and abandoning module HardwareTargeting (422)
[2017.09.16-15.54.13:086][177]LogModuleManager: Shutting down and abandoning module DeviceProfileEditor (420)
[2017.09.16-15.54.13:086][177]LogModuleManager: Shutting down and abandoning module UndoHistory (418)
[2017.09.16-15.54.13:086][177]LogModuleManager: Shutting down and abandoning module XmlParser (416)
[2017.09.16-15.54.13:086][177]LogModuleManager: Shutting down and abandoning module Blutility (414)
[2017.09.16-15.54.13:086][177]LogModuleManager: Shutting down and abandoning module ProjectSettingsViewer (412)
[2017.09.16-15.54.13:086][177]LogModuleManager: Shutting down and abandoning module ProjectTargetPlatformEditor (411)
[2017.09.16-15.54.13:087][177]LogModuleManager: Shutting down and abandoning module EditorSettingsViewer (408)
[2017.09.16-15.54.13:087][177]LogModuleManager: Shutting down and abandoning module SettingsEditor (406)
[2017.09.16-15.54.13:087][177]LogModuleManager: Shutting down and abandoning module ProjectLauncher (404)
[2017.09.16-15.54.13:087][177]LogModuleManager: Shutting down and abandoning module SessionFrontend (402)
[2017.09.16-15.54.13:087][177]LogModuleManager: Shutting down and abandoning module ProfilerClient (400)
[2017.09.16-15.54.13:088][177]LogModuleManager: Shutting down and abandoning module DeviceManager (398)
[2017.09.16-15.54.13:088][177]LogModuleManager: Shutting down and abandoning module TargetDeviceServices (397)
[2017.09.16-15.54.13:141][177]LogModuleManager: Shutting down and abandoning module AutomationController (394)
[2017.09.16-15.54.13:141][177]LogModuleManager: Shutting down and abandoning module AutomationWindow (392)
[2017.09.16-15.54.13:142][177]LogModuleManager: Shutting down and abandoning module Layers (390)
[2017.09.16-15.54.13:143][177]LogModuleManager: Shutting down and abandoning module ComponentVisualizers (388)
[2017.09.16-15.54.13:143][177]LogModuleManager: Shutting down and abandoning module DetailCustomizations (386)
[2017.09.16-15.54.13:143][177]LogModuleManager: Shutting down and abandoning module PackagesDialog (384)
[2017.09.16-15.54.13:143][177]LogModuleManager: Shutting down and abandoning module Persona (382)
[2017.09.16-15.54.13:144][177]LogModuleManager: Shutting down and abandoning module AdvancedPreviewScene (381)
[2017.09.16-15.54.13:144][177]LogModuleManager: Shutting down and abandoning module AnimGraph (379)
[2017.09.16-15.54.13:144][177]LogModuleManager: Shutting down and abandoning module Kismet (376)
[2017.09.16-15.54.13:148][177]LogModuleManager: Shutting down and abandoning module ClassViewer (374)
[2017.09.16-15.54.13:149][177]LogModuleManager: Shutting down and abandoning module Toolbox (372)
[2017.09.16-15.54.13:149][177]LogModuleManager: Shutting down and abandoning module ModuleUI (370)
[2017.09.16-15.54.13:149][177]LogModuleManager: Shutting down and abandoning module MovieSceneTools (368)
[2017.09.16-15.54.13:150][177]LogModuleManager: Shutting down and abandoning module OutputLog (366)
[2017.09.16-15.54.13:150][177]LogModuleManager: Shutting down and abandoning module GammaUI (364)
[2017.09.16-15.54.13:150][177]LogModuleManager: Shutting down and abandoning module Documentation (362)
[2017.09.16-15.54.13:150][177]LogModuleManager: Shutting down and abandoning module MovieSceneTracks (360)
[2017.09.16-15.54.13:150][177]LogModuleManager: Shutting down and abandoning module MovieScene (358)
[2017.09.16-15.54.13:150][177]LogModuleManager: Shutting down and abandoning module Niagara (356)
[2017.09.16-15.54.13:150][177]LogModuleManager: Shutting down and abandoning module NiagaraEditor (355)
[2017.09.16-15.54.13:151][177]LogModuleManager: Shutting down and abandoning module StreamingPauseRendering (352)
[2017.09.16-15.54.13:151][177]LogModuleManager: Shutting down and abandoning module LauncherPlatform (350)
[2017.09.16-15.54.13:151][177]LogModuleManager: Shutting down and abandoning module AnalyticsET (348)
[2017.09.16-15.54.13:151][177]LogModuleManager: Shutting down and abandoning module PortalServices (346)
[2017.09.16-15.54.13:151][177]LogModuleManager: Shutting down and abandoning module PortalRpc (344)
[2017.09.16-15.54.13:151][177]LogModuleManager: Shutting down and abandoning module MessagingRpc (342)
[2017.09.16-15.54.13:151][177]LogModuleManager: Shutting down and abandoning module AIModule (340)
[2017.09.16-15.54.13:151][177]LogModuleManager: Shutting down and abandoning module GameplayDebugger (339)
[2017.09.16-15.54.13:152][177]LogModuleManager: Shutting down and abandoning module AITestSuite (337)
[2017.09.16-15.54.13:152][177]LogModuleManager: Shutting down and abandoning module ProfilerService (334)
[2017.09.16-15.54.13:400][177]LogModuleManager: Shutting down and abandoning module TaskGraph (332)
[2017.09.16-15.54.13:400][177]LogModuleManager: Shutting down and abandoning module SteamVRController (330)
[2017.09.16-15.54.13:400][177]LogModuleManager: Shutting down and abandoning module ProceduralMeshComponentEditor (328)
[2017.09.16-15.54.13:400][177]LogModuleManager: Shutting down and abandoning module ProceduralMeshComponent (326)
[2017.09.16-15.54.13:400][177]LogModuleManager: Shutting down and abandoning module OculusInput (324)
[2017.09.16-15.54.13:401][177]LogModuleManager: Shutting down and abandoning module MobilePatchingUtils (322)
[2017.09.16-15.54.13:401][177]LogModuleManager: Shutting down and abandoning module CustomMeshComponent (320)
[2017.09.16-15.54.13:401][177]LogModuleManager: Shutting down and abandoning module CableComponent (318)
[2017.09.16-15.54.13:401][177]LogModuleManager: Shutting down and abandoning module ArchVisCharacter (316)
[2017.09.16-15.54.13:401][177]LogModuleManager: Shutting down and abandoning module AndroidPermission (314)
[2017.09.16-15.54.13:401][177]LogModuleManager: Shutting down and abandoning module MediaPlayerEditor (310)
[2017.09.16-15.54.13:401][177]LogModuleManager: Shutting down and abandoning module HTML5Networking (308)
[2017.09.16-15.54.13:401][177]LogModuleManager: Shutting down and abandoning module AlembicImporter (306)
[2017.09.16-15.54.13:401][177]LogModuleManager: Shutting down and abandoning module AlembicLibrary (305)
[2017.09.16-15.54.13:401][177]LogModuleManager: Shutting down and abandoning module GeometryCache (304)
[2017.09.16-15.54.13:401][177]LogModuleManager: Shutting down and abandoning module GeometryCacheEd (303)
[2017.09.16-15.54.13:401][177]LogModuleManager: Shutting down and abandoning module SpeedTreeImporter (298)
[2017.09.16-15.54.13:401][177]LogModuleManager: Shutting down and abandoning module PluginBrowser (296)
[2017.09.16-15.54.13:401][177]LogModuleManager: Shutting down and abandoning module MobileLauncherProfileWizard (294)
[2017.09.16-15.54.13:402][177]LogModuleManager: Shutting down and abandoning module VisualStudioSourceCodeAccess (292)
[2017.09.16-15.54.13:402][177]LogModuleManager: Shutting down and abandoning module DesktopPlatform (291)
[2017.09.16-15.54.13:402][177]LogModuleManager: Shutting down and abandoning module UObjectPlugin (288)
[2017.09.16-15.54.13:402][177]LogModuleManager: Shutting down and abandoning module SubversionSourceControl (286)
[2017.09.16-15.54.13:402][177]LogModuleManager: Shutting down and abandoning module PerforceSourceControl (284)
[2017.09.16-15.54.13:402][177]LogModuleManager: Shutting down and abandoning module GitSourceControl (282)
[2017.09.16-15.54.13:402][177]LogModuleManager: Shutting down and abandoning module SourceControl (281)
[2017.09.16-15.54.13:402][177]LogModuleManager: Shutting down and abandoning module LightPropagationVolumeEditor (278)
[2017.09.16-15.54.13:402][177]LogModuleManager: Shutting down and abandoning module PaperTiledImporter (276)
[2017.09.16-15.54.13:402][177]LogModuleManager: Shutting down and abandoning module PaperSpriteSheetImporter (274)
[2017.09.16-15.54.13:402][177]LogModuleManager: Shutting down and abandoning module Paper2DEditor (272)
[2017.09.16-15.54.13:402][177]LogModuleManager: Shutting down and abandoning module MeshPaint (271)
[2017.09.16-15.54.13:402][177]LogModuleManager: Shutting down and abandoning module LevelEditor (269)
[2017.09.16-15.54.13:402][177]LogModuleManager: Shutting down and abandoning module PixelInspectorModule (268)
[2017.09.16-15.54.13:402][177]LogModuleManager: Shutting down and abandoning module MainFrame (266)
[2017.09.16-15.54.13:402][177]LogModuleManager: Shutting down and abandoning module HotReload (265)
[2017.09.16-15.54.13:403][177]LogModuleManager: Shutting down and abandoning module RuntimePhysXCooking (260)
[2017.09.16-15.54.13:403][177]LogModuleManager: Shutting down and abandoning module PhysXVehiclesEditor (258)
[2017.09.16-15.54.13:403][177]LogModuleManager: Shutting down and abandoning module PhysXVehicles (256)
[2017.09.16-15.54.13:403][177]LogModuleManager: Shutting down and abandoning module OculusEditor (254)
[2017.09.16-15.54.13:403][177]LogModuleManager: Shutting down and abandoning module LocationServicesBPLibrary (252)
[2017.09.16-15.54.13:403][177]LogModuleManager: Shutting down and abandoning module ImmediatePhysicsEditor (250)
[2017.09.16-15.54.13:403][177]LogModuleManager: Shutting down and abandoning module ImmediatePhysics (248)
[2017.09.16-15.54.13:403][177]LogModuleManager: Shutting down and abandoning module UdpMessaging (246)
[2017.09.16-15.54.13:504][177]LogModuleManager: Shutting down and abandoning module TcpMessaging (244)
[2017.09.16-15.54.13:605][177]LogModuleManager: Shutting down and abandoning module GameplayTagsEditor (242)
[2017.09.16-15.54.13:605][177]LogModuleManager: Shutting down and abandoning module FacialAnimationEditor (240)
[2017.09.16-15.54.13:605][177]LogModuleManager: Shutting down and abandoning module FacialAnimation (238)
[2017.09.16-15.54.13:605][177]LogModuleManager: Shutting down and abandoning module AssetManagerEditor (236)
[2017.09.16-15.54.13:605][177]LogModuleManager: Shutting down and abandoning module GraphEditor (235)
[2017.09.16-15.54.13:606][177]LogModuleManager: Shutting down and abandoning module ContentBrowser (233)
[2017.09.16-15.54.13:607][177]LogModuleManager: Shutting down and abandoning module LightPropagationVolumeRuntime (230)
[2017.09.16-15.54.13:607][177]LogModuleManager: Shutting down and abandoning module Paper2D (228)
[2017.09.16-15.54.13:607][177]LogModuleManager: Shutting down and abandoning module WindowsMoviePlayer (226)
[2017.09.16-15.54.13:607][177]LogModuleManager: Shutting down and abandoning module WmfMedia (224)
[2017.09.16-15.54.13:607][177]LogModuleManager: Shutting down and abandoning module PacketHandler (222)
[2017.09.16-15.54.13:607][177]LogModuleManager: Shutting down and abandoning module ClothingSystemEditor (220)
[2017.09.16-15.54.13:607][177]LogModuleManager: Shutting down and abandoning module ClothingSystemRuntime (218)
[2017.09.16-15.54.13:607][177]LogModuleManager: Shutting down and abandoning module Overlay (216)
[2017.09.16-15.54.13:607][177]LogModuleManager: Shutting down and abandoning module OverlayEditor (215)
[2017.09.16-15.54.13:607][177]LogModuleManager: Shutting down and abandoning module MediaAssets (212)
[2017.09.16-15.54.13:607][177]LogModuleManager: Shutting down and abandoning module VREditor (210)
[2017.09.16-15.54.13:608][177]LogModuleManager: Shutting down and abandoning module StringTableEditor (208)
[2017.09.16-15.54.13:608][177]LogModuleManager: Shutting down and abandoning module GameplayTasksEditor (206)
[2017.09.16-15.54.13:608][177]LogModuleManager: Shutting down and abandoning module BehaviorTreeEditor (204)
[2017.09.16-15.54.13:608][177]LogModuleManager: Shutting down and abandoning module FunctionalTesting (202)
[2017.09.16-15.54.13:608][177]LogModuleManager: Shutting down and abandoning module CollisionAnalyzer (200)
[2017.09.16-15.54.13:608][177]LogModuleManager: Shutting down and abandoning module WorkspaceMenuStructure (199)
[2017.09.16-15.54.13:608][177]LogModuleManager: Shutting down and abandoning module UMG (196)
[2017.09.16-15.54.13:608][177]LogModuleManager: Shutting down and abandoning module UMGEditor (195)
[2017.09.16-15.54.13:609][177]LogModuleManager: Shutting down and abandoning module Sequencer (194)
[2017.09.16-15.54.13:609][177]LogModuleManager: Shutting down and abandoning module MessageLog (191)
[2017.09.16-15.54.13:609][177]LogModuleManager: Shutting down and abandoning module SlateReflector (186)
[2017.09.16-15.54.13:610][177]LogModuleManager: Shutting down and abandoning module Slate (184)
[2017.09.16-15.54.13:610][177]LogModuleManager: Shutting down and abandoning module EditorStyle (182)
[2017.09.16-15.54.13:612][177]LogModuleManager: Shutting down and abandoning module MRMesh (180)
[2017.09.16-15.54.13:612][177]LogModuleManager: Shutting down and abandoning module SourceCodeAccess (178)
[2017.09.16-15.54.13:612][177]LogModuleManager: Shutting down and abandoning module HeadMountedDisplay (176)
[2017.09.16-15.54.13:612][177]LogModuleManager: Shutting down and abandoning module XAudio2 (174)
[2017.09.16-15.54.13:613][177]LogModuleManager: Shutting down and abandoning module Networking (172)
[2017.09.16-15.54.13:613][177]LogModuleManager: Shutting down and abandoning module Core (168)
[2017.09.16-15.54.13:613][177]LogModuleManager: Shutting down and abandoning module KismetCompiler (164)
[2017.09.16-15.54.13:613][177]LogModuleManager: Shutting down and abandoning module LevelSequence (162)
[2017.09.16-15.54.13:613][177]LogModuleManager: Shutting down and abandoning module MeshUtilities (160)
[2017.09.16-15.54.13:613][177]LogModuleManager: Shutting down and abandoning module MeshMergeUtilities (159)
[2017.09.16-15.54.13:613][177]LogModuleManager: Shutting down and abandoning module MeshReductionInterface (158)
[2017.09.16-15.54.13:613][177]LogModuleManager: Shutting down and abandoning module SimplygonSwarm (157)
[2017.09.16-15.54.13:613][177]LogModuleManager: Shutting down and abandoning module SimplygonMeshReduction (155)
[2017.09.16-15.54.13:613][177]LogModuleManager: Shutting down and abandoning module QuadricMeshReduction (153)
[2017.09.16-15.54.13:613][177]LogModuleManager: Shutting down and abandoning module MaterialBaking (149)
[2017.09.16-15.54.13:613][177]LogModuleManager: Shutting down and abandoning module DirectoryWatcher (146)
[2017.09.16-15.54.13:614][177]LogModuleManager: Shutting down and abandoning module DerivedDataCache (144)
[2017.09.16-15.54.13:620][177]LogDerivedDataCache: Shutdown
[2017.09.16-15.54.13:620][177]LogModuleManager: Shutting down and abandoning module TargetPlatform (142)
[2017.09.16-15.54.13:620][177]LogModuleManager: Shutting down and abandoning module VulkanShaderFormat (141)
[2017.09.16-15.54.13:620][177]LogModuleManager: Shutting down and abandoning module ShaderFormatVectorVM (139)
[2017.09.16-15.54.13:620][177]LogModuleManager: Shutting down and abandoning module ShaderFormatOpenGL (137)
[2017.09.16-15.54.13:621][177]LogModuleManager: Shutting down and abandoning module ShaderFormatD3D (135)
[2017.09.16-15.54.13:621][177]LogModuleManager: Shutting down and abandoning module MetalShaderFormat (133)
[2017.09.16-15.54.13:621][177]LogModuleManager: Shutting down and abandoning module TextureFormatUncompressed (131)
[2017.09.16-15.54.13:621][177]LogModuleManager: Shutting down and abandoning module TextureFormatPVR (129)
[2017.09.16-15.54.13:621][177]LogModuleManager: Shutting down and abandoning module TextureFormatDXT (127)
[2017.09.16-15.54.13:621][177]LogModuleManager: Shutting down and abandoning module TextureFormatIntelISPCTexComp (125)
[2017.09.16-15.54.13:621][177]LogModuleManager: Shutting down and abandoning module TextureFormatASTC (123)
[2017.09.16-15.54.13:621][177]LogModuleManager: Shutting down and abandoning module ImageWrapper (122)
[2017.09.16-15.54.13:621][177]LogModuleManager: Shutting down and abandoning module TextureFormatAndroid (119)
[2017.09.16-15.54.13:621][177]LogModuleManager: Shutting down and abandoning module AudioFormatOpus (117)
[2017.09.16-15.54.13:621][177]LogModuleManager: Shutting down and abandoning module AudioFormatOgg (115)
[2017.09.16-15.54.13:621][177]LogModuleManager: Shutting down and abandoning module AudioFormatADPCM (113)
[2017.09.16-15.54.13:621][177]LogModuleManager: Shutting down and abandoning module LinuxTargetPlatform (111)
[2017.09.16-15.54.13:621][177]LogModuleManager: Shutting down and abandoning module LinuxServerTargetPlatform (109)
[2017.09.16-15.54.13:621][177]LogModuleManager: Shutting down and abandoning module LinuxNoEditorTargetPlatform (107)
[2017.09.16-15.54.13:621][177]LogModuleManager: Shutting down and abandoning module LinuxClientTargetPlatform (105)
[2017.09.16-15.54.13:621][177]LogModuleManager: Shutting down and abandoning module TVOSTargetPlatform (103)
[2017.09.16-15.54.13:621][177]LogModuleManager: Shutting down and abandoning module Messaging (101)
[2017.09.16-15.54.13:621][177]LogModuleManager: Shutting down and abandoning module IOSTargetPlatform (99)
[2017.09.16-15.54.13:621][177]LogModuleManager: Shutting down and abandoning module HTML5TargetPlatform (97)
[2017.09.16-15.54.13:621][177]LogModuleManager: Shutting down and abandoning module Android_PVRTCTargetPlatform (95)
[2017.09.16-15.54.13:621][177]LogModuleManager: Shutting down and abandoning module Android_MultiTargetPlatform (93)
[2017.09.16-15.54.13:621][177]LogModuleManager: Shutting down and abandoning module Android_ETC2TargetPlatform (91)
[2017.09.16-15.54.13:621][177]LogModuleManager: Shutting down and abandoning module Android_ETC1TargetPlatform (89)
[2017.09.16-15.54.13:621][177]LogModuleManager: Shutting down and abandoning module Android_DXTTargetPlatform (87)
[2017.09.16-15.54.13:621][177]LogModuleManager: Shutting down and abandoning module Android_ATCTargetPlatform (85)
[2017.09.16-15.54.13:621][177]LogModuleManager: Shutting down and abandoning module Android_ASTCTargetPlatform (83)
[2017.09.16-15.54.13:621][177]LogModuleManager: Shutting down and abandoning module AndroidTargetPlatform (81)
[2017.09.16-15.54.13:621][177]LogModuleManager: Shutting down and abandoning module WindowsTargetPlatform (79)
[2017.09.16-15.54.13:621][177]LogModuleManager: Shutting down and abandoning module WindowsServerTargetPlatform (77)
[2017.09.16-15.54.13:621][177]LogModuleManager: Shutting down and abandoning module WindowsNoEditorTargetPlatform (75)
[2017.09.16-15.54.13:621][177]LogModuleManager: Shutting down and abandoning module WindowsClientTargetPlatform (73)
[2017.09.16-15.54.13:621][177]LogModuleManager: Shutting down and abandoning module MacTargetPlatform (71)
[2017.09.16-15.54.13:621][177]LogModuleManager: Shutting down and abandoning module MacServerTargetPlatform (69)
[2017.09.16-15.54.13:621][177]LogModuleManager: Shutting down and abandoning module MacNoEditorTargetPlatform (67)
[2017.09.16-15.54.13:622][177]LogModuleManager: Shutting down and abandoning module MacClientTargetPlatform (65)
[2017.09.16-15.54.13:622][177]LogModuleManager: Shutting down and abandoning module AllDesktopTargetPlatform (63)
[2017.09.16-15.54.13:622][177]LogModuleManager: Shutting down and abandoning module InputCore (60)
[2017.09.16-15.54.13:622][177]LogModuleManager: Shutting down and abandoning module Settings (58)
[2017.09.16-15.54.13:622][177]LogModuleManager: Shutting down and abandoning module PhysXCooking (56)
[2017.09.16-15.54.13:622][177]LogModuleManager: Shutting down and abandoning module SteamVR (54)
[2017.09.16-15.54.13:622][177]LogModuleManager: Shutting down and abandoning module OculusHMD (52)
[2017.09.16-15.54.13:622][177]LogModuleManager: Shutting down and abandoning module ExampleDeviceProfileSelector (50)
[2017.09.16-15.54.13:622][177]LogModuleManager: Shutting down and abandoning module OnlineBlueprintSupport (48)
[2017.09.16-15.54.13:622][177]LogModuleManager: Shutting down and abandoning module OnlineSubsystem (44)
[2017.09.16-15.54.13:622][177]LogOnline: Display: Unloading online subsystem: NULL
[2017.09.16-15.54.13:622][177]LogModuleManager: Shutting down and abandoning module XMPP (43)
[2017.09.16-15.54.13:622][177]LogModuleManager: Shutting down and abandoning module HTTP (41)
[2017.09.16-15.54.13:623][177]LogHttp: Display: Http module shutting down, but needs to wait on 1 outstanding Http requests:
[2017.09.16-15.54.13:623][177]LogHttp: Display: 	verb=[POST] url=[https://datarouter.ol.epicgames.com/datarouter/api/v1/public/data?SessionID=%7BAD5F770B-4853-8E8D-8A25-07A6A0AC1DEA%7D&AppID=UEEditor.Rocket.Release&AppVersion=4.17.1-3586342%2B%2B%2BUE4%2BRelease-4.17&UserID=5160131d4fbbf6d62e4719b8716de666%7C3ef35b30eb8d444d8e26d7fb1794d4bf%7Cb9c6b803-d102-46e7-b321-ae8f3428388b&AppEnvironment=datacollector-binary&UploadType=eteventstream] status=Processing
[2017.09.16-15.54.13:634][177]LogModuleManager: Shutting down and abandoning module SSL (40)
[2017.09.16-15.54.13:635][177]LogModuleManager: Shutting down and abandoning module AnimationModifiers (36)
[2017.09.16-15.54.13:635][177]LogModuleManager: Shutting down and abandoning module PropertyEditor (35)
[2017.09.16-15.54.13:635][177]LogModuleManager: Shutting down and abandoning module AudioEditor (32)
[2017.09.16-15.54.13:636][177]LogModuleManager: Shutting down and abandoning module TextureCompressor (30)
[2017.09.16-15.54.13:636][177]LogModuleManager: Shutting down and abandoning module ShaderCore (28)
[2017.09.16-15.54.13:636][177]LogModuleManager: Shutting down and abandoning module Landscape (26)
[2017.09.16-15.54.13:636][177]LogModuleManager: Shutting down and abandoning module SlateRHIRenderer (24)
[2017.09.16-15.54.13:637][177]LogModuleManager: Shutting down and abandoning module OpenGLDrv (22)
[2017.09.16-15.54.13:637][177]LogModuleManager: Shutting down and abandoning module D3D11RHI (20)
[2017.09.16-15.54.13:637][177]LogModuleManager: Shutting down and abandoning module AnimGraphRuntime (18)
[2017.09.16-15.54.13:637][177]LogModuleManager: Shutting down and abandoning module Renderer (16)
[2017.09.16-15.54.13:637][177]LogModuleManager: Shutting down and abandoning module Engine (14)
[2017.09.16-15.54.13:637][177]LogModuleManager: Shutting down and abandoning module CoreUObject (12)
[2017.09.16-15.54.13:637][177]LogModuleManager: Shutting down and abandoning module NetworkFile (10)
[2017.09.16-15.54.13:637][177]LogModuleManager: Shutting down and abandoning module CookedIterativeFile (8)
[2017.09.16-15.54.13:637][177]LogModuleManager: Shutting down and abandoning module StreamingFile (6)
[2017.09.16-15.54.13:637][177]LogModuleManager: Shutting down and abandoning module SandboxFile (4)
[2017.09.16-15.54.13:637][177]LogModuleManager: Shutting down and abandoning module PakFile (2)
[2017.09.16-15.54.13:640][177]LogExit: Exiting.
[2017.09.16-15.54.13:669][177]Log file closed, 09/16/17 09:54:13
