Log file open, 12/07/17 10:29:58
LogWindows: LoadLibraryWithSearchPaths failed for file aqProf.dll. GetLastError=0
LogWindows: LoadLibraryWithSearchPaths failed for file VSPerf140.dll. GetLastError=0
LogWindows: LoadLibraryWithSearchPaths failed for file VtuneApi.dll. GetLastError=0
LogWindows: LoadLibraryWithSearchPaths failed for file VtuneApi32e.dll. GetLastError=0
LogInit: Display: Running engine for game: InsertNameAdventure
LogPlatformFile: Not using cached read wrapper
LogInit: Display: RandInit(-1365505487) SRandInit(-1365505487).
LogTaskGraph: Started task graph with 5 named threads and 14 total threads with 3 sets of task threads.
LogStats: Stats thread started at 0.164309
LogD3D11RHI: Aftermath initialized
LogPluginManager: Mounting plugin Paper2D
LogPluginManager: Mounting plugin LightPropagationVolume
LogPluginManager: Mounting plugin CodeLiteSourceCodeAccess
LogPluginManager: Mounting plugin GitSourceControl
LogPluginManager: Mounting plugin KDevelopSourceCodeAccess
LogPluginManager: Mounting plugin NullSourceCodeAccess
LogPluginManager: Mounting plugin PerforceSourceControl
LogPluginManager: Mounting plugin SubversionSourceControl
LogPluginManager: Mounting plugin UObjectPlugin
LogPluginManager: Mounting plugin VisualStudioSourceCodeAccess
LogPluginManager: Mounting plugin XCodeSourceCodeAccess
LogPluginManager: Mounting plugin AssetManagerEditor
LogPluginManager: Mounting plugin AudioCapture
LogPluginManager: Mounting plugin FacialAnimation
LogPluginManager: Mounting plugin GameplayTagsEditor
LogPluginManager: Mounting plugin MobileLauncherProfileWizard
LogPluginManager: Mounting plugin PluginBrowser
LogPluginManager: Mounting plugin SpeedTreeImporter
LogPluginManager: Mounting plugin AlembicImporter
LogPluginManager: Mounting plugin CharacterAI
LogPluginManager: Mounting plugin HTML5Networking
LogPluginManager: Mounting plugin AndroidMedia
LogPluginManager: Mounting plugin AvfMedia
LogPluginManager: Mounting plugin MediaPlayerEditor
LogPluginManager: Mounting plugin WmfMedia
LogPluginManager: Mounting plugin TcpMessaging
LogPluginManager: Mounting plugin UdpMessaging
LogPluginManager: Mounting plugin LevelSequenceEditor
LogPluginManager: Mounting plugin MatineeToLevelSequence
LogPluginManager: Mounting plugin OnlineSubsystemGooglePlay
LogPluginManager: Mounting plugin OnlineSubsystemIOS
LogPluginManager: Mounting plugin OnlineSubsystem
LogPluginManager: Mounting plugin OnlineSubsystemNull
LogPluginManager: Mounting plugin OnlineSubsystemUtils
LogPluginManager: Mounting plugin AndroidDeviceProfileSelector
LogPluginManager: Mounting plugin AndroidMoviePlayer
LogPluginManager: Mounting plugin AndroidPermission
LogPluginManager: Mounting plugin AppleMoviePlayer
LogPluginManager: Mounting plugin ArchVisCharacter
LogPluginManager: Mounting plugin CableComponent
LogPluginManager: Mounting plugin CustomMeshComponent
LogPluginManager: Mounting plugin ExampleDeviceProfileSelector
LogPluginManager: Mounting plugin GoogleCloudMessaging
LogPluginManager: Mounting plugin ImmediatePhysics
LogPluginManager: Mounting plugin IOSDeviceProfileSelector
LogPluginManager: Mounting plugin LinuxDeviceProfileSelector
LogPluginManager: Mounting plugin LocationServicesBPLibrary
LogPluginManager: Mounting plugin MobilePatchingUtils
LogPluginManager: Mounting plugin OculusVR
LogPluginManager: Mounting plugin PhysXVehicles
LogPluginManager: Mounting plugin ProceduralMeshComponent
LogPluginManager: Mounting plugin RuntimePhysXCooking
LogPluginManager: Mounting plugin SteamVR
LogPluginManager: Mounting plugin WindowsMoviePlayer
LogInit: Using libcurl 7.47.1
LogInit:  - built for x86_64-pc-win32
LogInit:  - supports SSL with OpenSSL/1.0.2g
LogInit:  - supports HTTP deflate (compression) using libz 1.2.8
LogInit:  - other features:
LogInit:      CURL_VERSION_SSL
LogInit:      CURL_VERSION_LIBZ
LogInit:      CURL_VERSION_IPV6
LogInit:      CURL_VERSION_ASYNCHDNS
LogInit:      CURL_VERSION_LARGEFILE
LogInit:      CURL_VERSION_IDN
LogInit:  CurlRequestOptions (configurable via config and command line):
LogInit:  - bVerifyPeer = false  - Libcurl will NOT verify peer certificate
LogInit:  - bUseHttpProxy = false  - Libcurl will NOT use HTTP proxy
LogInit:  - bDontReuseConnections = false  - Libcurl will reuse connections
LogInit:  - CertBundlePath = nullptr  - Libcurl will use whatever was configured at build time.
LogInit: Build: ++UE4+Release-4.17-CL-3586342
LogInit: Engine Version: 4.17.1-3586342+++UE4+Release-4.17
LogInit: Compatible Engine Version: 4.17.0-3573198+++UE4+Release-4.17
LogInit: Net CL: 3573198
LogDevObjectVersion: Number of dev versions registered: 16
LogDevObjectVersion:   Dev-Blueprints (B0D832E4-1F89-4F0D-ACCF-7EB736FD4AA2): 10
LogDevObjectVersion:   Dev-Build (E1C64328-A22C-4D53-A36C-8E866417BD8C): 0
LogDevObjectVersion:   Dev-Core (375EC13C-06E4-48FB-B500-84F0262A717E): 2
LogDevObjectVersion:   Dev-Editor (E4B068ED-F494-42E9-A231-DA0B2E46BB41): 20
LogDevObjectVersion:   Dev-Framework (CFFC743F-43B0-4480-9391-14DF171D2073): 28
LogDevObjectVersion:   Dev-Mobile (B02B49B5-BB20-44E9-A304-32B752E40360): 0
LogDevObjectVersion:   Dev-Networking (A4E4105C-59A1-49B5-A7C5-40C4547EDFEE): 0
LogDevObjectVersion:   Dev-Online (39C831C9-5AE6-47DC-9A44-9C173E1C8E7C): 0
LogDevObjectVersion:   Dev-Physics (78F01B33-EBEA-4F98-B9B4-84EACCB95AA2): 0
LogDevObjectVersion:   Dev-Platform (6631380F-2D4D-43E0-8009-CF276956A95A): 0
LogDevObjectVersion:   Dev-Rendering (12F88B9F-8875-4AFC-A67C-D90C383ABD29): 19
LogDevObjectVersion:   Dev-Sequencer (7B5AE74C-D270-4C10-A958-57980B212A5A): 4
LogDevObjectVersion:   Dev-VR (D7296918-1DD6-4BDD-9DE2-64A83CC13884): 0
LogDevObjectVersion:   Dev-LoadTimes (C2A15278-BFE7-4AFE-6C17-90FF531DF755): 1
LogDevObjectVersion:   Private-Geometry (6EACA3D4-40EC-4CC1-B786-8BED09428FC5): 1
LogDevObjectVersion:   Dev-AnimPhys (29E575DD-E0A3-4627-9D10-D276232CDCEA): 7
LogInit: Compiled (64-bit): Aug 15 2017 02:05:26
LogInit: Compiled with Visual C++: 19.00.24215.01
LogInit: Build Configuration: Development
LogInit: Branch Name: ++UE4+Release-4.17
LogInit: Command line:  
LogInit: Base directory: C:/Program Files/Epic Games/UE_4.17/Engine/Binaries/Win64/
LogInit: Installed Engine Build: 1
LogInit: Presizing for max 8388607 objects, including 0 objects not considered by GC, pre-allocating 0 bytes for permanent pool.
LogInit: Object subsystem initialized
[2017.12.07-17.29.59:329][  0]LogInit: Selected Device Profile: [Windows]
[2017.12.07-17.29.59:329][  0]LogInit: Applying CVar settings loaded from the selected device profile: [Windows]
[2017.12.07-17.29.59:386][  0]LogInit: Computer: DESKTOP-OMJHMSB
[2017.12.07-17.29.59:386][  0]LogInit: User: rajjj
[2017.12.07-17.29.59:386][  0]LogInit: CPU Page size=4096, Cores=4
[2017.12.07-17.29.59:386][  0]LogInit: High frequency timer resolution =3.328124 MHz
[2017.12.07-17.29.59:386][  0]LogMemory: Memory total: Physical=15.9GB (16GB approx)
[2017.12.07-17.29.59:386][  0]LogMemory: Platform Memory Stats for Windows
[2017.12.07-17.29.59:386][  0]LogMemory: Process Physical Memory: 280.42 MB used, 280.42 MB peak
[2017.12.07-17.29.59:386][  0]LogMemory: Process Virtual Memory: 278.13 MB used, 278.13 MB peak
[2017.12.07-17.29.59:386][  0]LogMemory: Physical Memory: 3872.55 MB used,  12449.19 MB free, 16321.74 MB total
[2017.12.07-17.29.59:386][  0]LogMemory: Virtual Memory: 710.18 MB used,  12449.19 MB free, 134217728.00 MB total
[2017.12.07-17.29.59:811][  0]LogInit: Using OS detected language (en-US).
[2017.12.07-17.29.59:811][  0]LogInit: Using OS detected locale (en-US).
[2017.12.07-17.29.59:865][  0]LogTextLocalizationManager: No specific localization for 'en-US' exists, so the 'en' localization will be used.
[2017.12.07-17.30.02:400][  0]LogD3D11RHI: D3D11 adapters:
[2017.12.07-17.30.02:442][  0]LogD3D11RHI:    0. 'NVIDIA GeForce GTX 1070' (Feature Level 11_0)
[2017.12.07-17.30.02:442][  0]LogD3D11RHI:       8096/0/8160 MB DedicatedVideo/DedicatedSystem/SharedSystem, Outputs:2, VendorId:0x10de
[2017.12.07-17.30.02:455][  0]LogD3D11RHI:    1. 'Microsoft Basic Render Driver' (Feature Level 11_0)
[2017.12.07-17.30.02:455][  0]LogD3D11RHI:       0/0/8160 MB DedicatedVideo/DedicatedSystem/SharedSystem, Outputs:0, VendorId:0x1414
[2017.12.07-17.30.02:455][  0]LogD3D11RHI: Chosen D3D11 Adapter: 0
[2017.12.07-17.30.02:461][  0]LogD3D11RHI: Creating new Direct3DDevice
[2017.12.07-17.30.02:462][  0]LogD3D11RHI:     GPU DeviceId: 0x1b81 (for the marketing name, search the web for "GPU Device Id")
[2017.12.07-17.30.02:462][  0]LogWindows: EnumDisplayDevices:
[2017.12.07-17.30.02:462][  0]LogWindows:    0. 'NVIDIA GeForce GTX 1070' (P:0 D:1)
[2017.12.07-17.30.02:462][  0]LogWindows:    1. 'NVIDIA GeForce GTX 1070' (P:1 D:1)
[2017.12.07-17.30.02:462][  0]LogWindows:    2. 'NVIDIA GeForce GTX 1070' (P:0 D:0)
[2017.12.07-17.30.02:462][  0]LogWindows:    3. 'NVIDIA GeForce GTX 1070' (P:0 D:0)
[2017.12.07-17.30.02:462][  0]LogWindows: DebugString: GetVideoDriverDetailsInvalid PrimaryIsNotTheChoosenAdapter GetVideoDriverDetailsInvalid PrimaryIsNotTheChoosenAdapter GetVideoDriverDetailsInvalid PrimaryIsNotTheChoosenAdapter GetVideoDriverDetailsInvalid PrimaryIsNotTheChoosenAdapter FoundDriverCount:0 
[2017.12.07-17.30.02:462][  0]LogD3D11RHI:     Adapter Name: NVIDIA GeForce GTX 1070
[2017.12.07-17.30.02:462][  0]LogD3D11RHI:   Driver Version: Unknown (internal:Unknown, unified:Unknown)
[2017.12.07-17.30.02:462][  0]LogD3D11RHI:      Driver Date: Unknown
[2017.12.07-17.30.02:462][  0]LogRHI: Texture pool is 1361 MB (70% of 1945 MB)
[2017.12.07-17.30.02:483][  0]LogD3D11RHI: Async texture creation enabled
[2017.12.07-17.30.02:555][  0]LogD3D11RHI: GPU Timing Frequency: 1000.000000 (Debug: 2 1)
[2017.12.07-17.30.02:610][  0]LogShaderCompilers: Guid format shader working directory is -34 characters bigger than the processId version (../../../../../../Users/rajjj/OneDrive/Documents/GitHub/DatBoiEntertainmetnGame_/Intermediate/Shaders/WorkingDirectory/2772/).
[2017.12.07-17.30.02:611][  0]LogShaderCompilers: Cleaned the shader compiler working directory 'C:/Users/rajjj/AppData/Local/Temp/UnrealShaderWorkingDir/A0949A014EF8CB7F01DC2F86066912EF/'.
[2017.12.07-17.30.02:612][  0]LogShaderCompilers: Display: Using Local Shader Compiler.
[2017.12.07-17.30.04:490][  0]LogTemp: Display: Loaded TP AllDesktopTargetPlatform
[2017.12.07-17.30.04:534][  0]LogTemp: Display: Loaded TP MacClientTargetPlatform
[2017.12.07-17.30.04:579][  0]LogTemp: Display: Loaded TP MacNoEditorTargetPlatform
[2017.12.07-17.30.04:625][  0]LogTemp: Display: Loaded TP MacServerTargetPlatform
[2017.12.07-17.30.04:676][  0]LogTemp: Display: Loaded TP MacTargetPlatform
[2017.12.07-17.30.04:723][  0]LogTemp: Display: Loaded TP WindowsClientTargetPlatform
[2017.12.07-17.30.04:769][  0]LogTemp: Display: Loaded TP WindowsNoEditorTargetPlatform
[2017.12.07-17.30.04:814][  0]LogTemp: Display: Loaded TP WindowsServerTargetPlatform
[2017.12.07-17.30.04:855][  0]LogTemp: Display: Loaded TP WindowsTargetPlatform
[2017.12.07-17.30.04:903][  0]LogTemp: Display: Loaded TP AndroidTargetPlatform
[2017.12.07-17.30.04:948][  0]LogTemp: Display: Loaded TP Android_ASTCTargetPlatform
[2017.12.07-17.30.04:994][  0]LogTemp: Display: Loaded TP Android_ATCTargetPlatform
[2017.12.07-17.30.05:038][  0]LogTemp: Display: Loaded TP Android_DXTTargetPlatform
[2017.12.07-17.30.05:082][  0]LogTemp: Display: Loaded TP Android_ETC1TargetPlatform
[2017.12.07-17.30.05:126][  0]LogTemp: Display: Loaded TP Android_ETC2TargetPlatform
[2017.12.07-17.30.05:216][  0]LogTemp: Display: Loaded TP Android_MultiTargetPlatform
[2017.12.07-17.30.05:216][  0]LogTemp: Display: Loaded TP Android_PVRTCTargetPlatform
[2017.12.07-17.30.05:251][  0]LogTemp: Display: Loaded TP HTML5TargetPlatform
[2017.12.07-17.30.05:349][  0]LogTemp: Display: Loaded TP IOSTargetPlatform
[2017.12.07-17.30.05:379][  0]LogTemp: Display: Loaded TP TVOSTargetPlatform
[2017.12.07-17.30.05:424][  0]LogTemp: Display: Loaded TP LinuxClientTargetPlatform
[2017.12.07-17.30.05:470][  0]LogTemp: Display: Loaded TP LinuxNoEditorTargetPlatform
[2017.12.07-17.30.05:514][  0]LogTemp: Display: Loaded TP LinuxServerTargetPlatform
[2017.12.07-17.30.05:564][  0]LogTemp: Display: Loaded TP LinuxTargetPlatform
[2017.12.07-17.30.05:564][  0]LogTargetPlatformManager: Display: Building Assets For Windows
[2017.12.07-17.30.06:101][  0]LogDerivedDataCache: Display: Max Cache Size: 512 MB
[2017.12.07-17.30.06:421][  0]LogDerivedDataCache: Loaded boot cache 0.32s 93MB C:/Users/rajjj/AppData/Local/UnrealEngine/4.17/DerivedDataCache/Boot.ddc.
[2017.12.07-17.30.06:421][  0]LogDerivedDataCache: Display: Loaded Boot cache: C:/Users/rajjj/AppData/Local/UnrealEngine/4.17/DerivedDataCache/Boot.ddc
[2017.12.07-17.30.06:421][  0]LogDerivedDataCache: FDerivedDataBackendGraph:  Pak pak cache file ../../../../../../Users/rajjj/OneDrive/Documents/GitHub/DatBoiEntertainmetnGame_/DerivedDataCache/DDC.ddp not found, will not use a pak cache.
[2017.12.07-17.30.06:421][  0]LogDerivedDataCache: Unable to find inner node Pak for hierarchical cache Hierarchy.
[2017.12.07-17.30.06:421][  0]LogDerivedDataCache: FDerivedDataBackendGraph:  CompressedPak pak cache file ../../../../../../Users/rajjj/OneDrive/Documents/GitHub/DatBoiEntertainmetnGame_/DerivedDataCache/Compressed.ddp not found, will not use a pak cache.
[2017.12.07-17.30.06:421][  0]LogDerivedDataCache: Unable to find inner node CompressedPak for hierarchical cache Hierarchy.
[2017.12.07-17.30.06:442][  0]LogDerivedDataCache: Display: Pak cache opened for reading ../../../Engine/DerivedDataCache/Compressed.ddp.
[2017.12.07-17.30.06:455][  0]LogDerivedDataCache: Using Local data cache path C:/Users/rajjj/AppData/Local/UnrealEngine/Common/DerivedDataCache: Writable
[2017.12.07-17.30.06:467][  0]LogMaterial: Verifying Global Shaders for PCD3D_SM5
[2017.12.07-17.30.06:473][  0]LogSlate: Using Freetype 2.6.0
[2017.12.07-17.30.06:486][  0]LogSlate: SlateFontCache - WITH_FREETYPE: 1, WITH_HARFBUZZ: 1
[2017.12.07-17.30.06:487][  0]LogSlate: SlateFontCache - WITH_FREETYPE: 1, WITH_HARFBUZZ: 1
[2017.12.07-17.30.07:322][  0]LogAssetRegistry: FAssetRegistry took 0.0292 seconds to start up
[2017.12.07-17.30.07:466][  0]LogInit: Selected Device Profile: [Windows]
[2017.12.07-17.30.07:832][  0]LogContentStreaming: Texture pool size is 0.00 MB
[2017.12.07-17.30.08:205][  0]LogSimplygon: Simplygon DLL not present - disabling.
[2017.12.07-17.30.08:248][  0]LogMeshReduction: Using SimplygonSwarm for distributed automatic mesh merging
[2017.12.07-17.30.08:248][  0]LogMeshReduction: Using QuadricMeshReduction for automatic static mesh reduction
[2017.12.07-17.30.08:248][  0]LogMeshReduction: No automatic skeletal mesh reduction module available
[2017.12.07-17.30.08:248][  0]LogMeshReduction: No automatic mesh merging module available
[2017.12.07-17.30.08:248][  0]LogMeshMerging: No automatic mesh merging module available
[2017.12.07-17.30.08:955][  0]LogNetVersion: InsertNameAdventure , NetCL: 3573198, EngineNetVer: 2, GameNetVer: 0 (Checksum: 3080426378)
[2017.12.07-17.30.09:418][  0]LogPackageLocalizationCache: Processed 5 localized package path(s) for 2 prioritized culture(s) in 0.055975 seconds
[2017.12.07-17.30.09:424][  0]LogUObjectArray: 35825 objects as part of root set at end of initial load.
[2017.12.07-17.30.09:424][  0]LogUObjectAllocator: 7529112 out of 0 bytes used by permanent object pool.
[2017.12.07-17.30.09:424][  0]LogUObjectArray: CloseDisregardForGC: 0/0 objects in disregard for GC pool
[2017.12.07-17.30.09:483][  0]LogInit: WinSock: version 1.1 (2.2), MaxSocks=32767, MaxUdp=65467
[2017.12.07-17.30.14:373][  0]LogTcpMessaging: Initializing TcpMessaging bridge
[2017.12.07-17.30.14:416][  0]LogUdpMessaging: Initializing bridge on interface 0.0.0.0:0 to multicast group 230.0.0.1:6666.
[2017.12.07-17.30.15:155][  0]LogMaterial: Uniform references updated for custom material expression Custom.
[2017.12.07-17.30.15:624][  0]SourceControl: Source control is disabled
[2017.12.07-17.30.16:666][  0]LogAndroidPermission: UAndroidPermissionCallbackProxy::GetInstance
[2017.12.07-17.30.16:884][  0]LogOcInput: OculusInput pre-init called
[2017.12.07-17.30.17:175][  0]LogEngine: Initializing Engine...
[2017.12.07-17.30.17:177][  0]LogHMD: Failed to initialize OpenVR with code 110
[2017.12.07-17.30.17:548][  0]LogStats: UGameplayTagsManager::ConstructGameplayTagTree: Construct from data asset -  0.000 s
[2017.12.07-17.30.17:549][  0]LogStats: UGameplayTagsManager::ConstructGameplayTagTree: GameplayTagTreeChangedEvent.Broadcast -  0.000 s
[2017.12.07-17.30.17:679][  0]LogAIModule: Creating AISystem for world Untitled
[2017.12.07-17.30.17:695][  0]LogInit: XAudio2 using 'Speakers (2- Logitech G930 Headset)' : 2 channels at 48 kHz using 16 bits per sample (channel mask 0x3)
[2017.12.07-17.30.17:711][  0]LogInit: FAudioDevice initialized.
[2017.12.07-17.30.17:785][  0]LogDerivedDataCache: Saved boot cache 0.07s 93MB C:/Users/rajjj/AppData/Local/UnrealEngine/4.17/DerivedDataCache/Boot.ddc.
[2017.12.07-17.30.17:792][  0]LogInit: Texture streaming: Enabled
[2017.12.07-17.30.17:927][  0]LogEngineSessionManager: EngineSessionManager initialized
[2017.12.07-17.30.17:927][  0]LogEngineSessionManager: EngineSessionManager sent abnormal shutdown report. Type=AbnormalShutdown, SessionId={FFAD9B0F-492E-933D-A6FD-15A34599C9F7}
[2017.12.07-17.30.18:237][  0]LogInit: Transaction tracking system initialized
[2017.12.07-17.30.18:596][  0]BlueprintLog: New page: Editor Load
[2017.12.07-17.30.19:585][  0]LocalizationService: Localization service is disabled
[2017.12.07-17.30.20:405][  0]LogConsoleResponse: Display: 
[2017.12.07-17.30.20:847][  0]LogCook: Display: Max memory allowance for cook 16384mb min free memory 0mb
[2017.12.07-17.30.20:847][  0]LogCook: Display: Mobile HDR setting 1
[2017.12.07-17.30.20:848][  0]LogGameplayTags: Display: UGameplayTagsManager::DoneAddingNativeTags. DelegateIsBound: 0
[2017.12.07-17.30.21:251][  0]LogFileCache: Scanning file cache for directory 'C:/Users/rajjj/OneDrive/Documents/GitHub/DatBoiEntertainmetnGame_/Content/' took 0.02s
[2017.12.07-17.30.22:017][  0]Cmd: MAP LOAD FILE="../../../../../../Users/rajjj/OneDrive/Documents/GitHub/DatBoiEntertainmetnGame_/Content/2DSideScrollerBP/Maps/Levels/Rainforest_Alien.umap" TEMPLATE=0 SHOWPROGRESS=1 FEATURELEVEL=3
[2017.12.07-17.30.22:025][  0]LightingResults: New page: Lighting Build
[2017.12.07-17.30.22:087][  0]MapCheck: New page: Map Check
[2017.12.07-17.30.22:087][  0]LightingResults: New page: Lighting Build
[2017.12.07-17.30.24:274][  0]LogMaterial: Missing cached shader map for material BlueLight_M1, compiling. 
[2017.12.07-17.30.24:275][  0]LogMaterial: Warning: Failed to compile Material /Game/2DSideScrollerBP/Maps/Levels/LevelSprites/Sprites/Rain_Forrest_Sprites/Materials/BlueLight_M1.BlueLight_M1 for platform PCD3D_SM5, Default Material will be used in game.
[2017.12.07-17.30.24:275][  0]LogMaterial: Warning: 	Function Flicker_MF: Missing function input 'Color'
[2017.12.07-17.30.24:432][  0]LogAIModule: Creating AISystem for world Rainforest_Alien
[2017.12.07-17.30.24:479][  0]LogEditorServer: Finished looking for orphan Actors (0.000 secs)
[2017.12.07-17.30.24:499][  0]Cmd: MAP CHECKDEP NOCLEARLOG
[2017.12.07-17.30.24:564][  0]MapCheck: Map check complete: 0 Error(s), 0 Warning(s), took 64.451ms to complete.
[2017.12.07-17.30.24:564][  0]LogFileHelpers: Loading map 'Rainforest_Alien' took 2.548
[2017.12.07-17.30.24:762][  0]LogCollectionManager: Loaded 0 collections in 0.001627 seconds
[2017.12.07-17.30.24:852][  0]LogFileCache: Scanning file cache for directory 'C:/Users/rajjj/OneDrive/Documents/GitHub/DatBoiEntertainmetnGame_/Saved/Collections/' took 0.01s
[2017.12.07-17.30.24:852][  0]LogFileCache: Scanning file cache for directory 'C:/Users/rajjj/OneDrive/Documents/GitHub/DatBoiEntertainmetnGame_/Content/Developers/rajjj/Collections/' took 0.01s
[2017.12.07-17.30.24:852][  0]LogFileCache: Scanning file cache for directory 'C:/Users/rajjj/OneDrive/Documents/GitHub/DatBoiEntertainmetnGame_/Content/Collections/' took 0.01s
[2017.12.07-17.30.24:852][  0]LogCollectionManager: Rebuilt the GUID cache for 0 collections in 0.000001 seconds
[2017.12.07-17.30.24:861][  0]LogContentBrowser: Native class hierarchy populated in 0.0080 seconds. Added 2386 classes and 500 folders.
[2017.12.07-17.30.24:927][  0]LogContentBrowser: Native class hierarchy updated for 'WidgetCarousel' in 0.0008 seconds. Added 0 classes and 0 folders.
[2017.12.07-17.30.25:248][  0]LogContentBrowser: Native class hierarchy updated for 'AddContentDialog' in 0.0005 seconds. Added 0 classes and 0 folders.
[2017.12.07-17.30.25:294][  0]LogContentBrowser: Native class hierarchy updated for 'SceneOutliner' in 0.0006 seconds. Added 1 classes and 2 folders.
[2017.12.07-17.30.25:357][  0]LogSlate: Took 0.005619 seconds to synchronously load lazily loaded font '../../../Engine/Content/Slate/Fonts/Roboto-Regular.ttf' (155K)
[2017.12.07-17.30.25:365][  0]LogSlate: Took 0.005317 seconds to synchronously load lazily loaded font '../../../Engine/Content/Slate/Fonts/Roboto-Bold.ttf' (160K)
[2017.12.07-17.30.25:375][  0]LogSlate: Took 0.004620 seconds to synchronously load lazily loaded font '../../../Engine/Content/Editor/Slate/Fonts/FontAwesome.ttf' (139K)
[2017.12.07-17.30.25:521][  0]LogRenderer: Reallocating scene render targets to support 1616x628 Format 10 NumSamples 1 (Frame:1).
[2017.12.07-17.30.25:747][  0]LogContentBrowser: Native class hierarchy updated for 'HierarchicalLODOutliner' in 0.0007 seconds. Added 1 classes and 2 folders.
[2017.12.07-17.30.25:747][  0]LogLoad: (Engine Initialization) Total time: 29.02 seconds
[2017.12.07-17.30.25:747][  0]LogLoad: (Engine Initialization) Total Blueprint compile time: 0.00 seconds
[2017.12.07-17.30.25:748][  0]LogExternalProfiler: No external profilers were discovered.  External profiling features will not be available.
[2017.12.07-17.30.26:123][  0]SourceControl: On branch V1.5.1
[2017.12.07-17.30.26:123][  0]SourceControl: Your branch is up-to-date with 'origin/V1.5.1'.
[2017.12.07-17.30.26:123][  0]SourceControl: No commands done.
[2017.12.07-17.30.26:123][  0]SourceControl: Next commands to do (2 remaining commands):
[2017.12.07-17.30.26:123][  0]SourceControl:    pick b627089 Redid mt backdrop and started work on a desert zone
[2017.12.07-17.30.26:123][  0]SourceControl:    pick 5400dc0 Revert "Redid mt backdrop and started work on a desert zone"
[2017.12.07-17.30.26:123][  0]SourceControl:   (use "git rebase --edit-todo" to view and edit)
[2017.12.07-17.30.26:123][  0]SourceControl: You are currently editing a commit while rebasing branch 'V1.5.1' on 'ad616f1'.
[2017.12.07-17.30.26:123][  0]SourceControl:   (use "git commit --amend" to amend the current commit)
[2017.12.07-17.30.26:123][  0]SourceControl:   (use "git rebase --continue" once you are satisfied with your changes)
[2017.12.07-17.30.26:123][  0]SourceControl: Changes not staged for commit:
[2017.12.07-17.30.26:123][  0]SourceControl:   (use "git add/rm <file>..." to update what will be committed)
[2017.12.07-17.30.26:123][  0]SourceControl:   (use "git checkout -- <file>..." to discard changes in working directory)
[2017.12.07-17.30.26:123][  0]SourceControl: 	modified:   Intermediate/CachedAssetRegistry.bin
[2017.12.07-17.30.26:123][  0]SourceControl: 	modified:   Saved/Config/Windows/Editor.ini
[2017.12.07-17.30.26:123][  0]SourceControl: 	modified:   Saved/Config/Windows/Engine.ini
[2017.12.07-17.30.26:123][  0]SourceControl: 	deleted:    Saved/Logs/InsertNameAdventure-backup-2017.11.27-13.57.19.log
[2017.12.07-17.30.26:123][  0]SourceControl: 	modified:   Saved/Logs/InsertNameAdventure.log
[2017.12.07-17.30.26:123][  0]SourceControl: Untracked files:
[2017.12.07-17.30.26:123][  0]SourceControl:   (use "git add <file>..." to include in what will be committed)
[2017.12.07-17.30.26:123][  0]SourceControl: 	Saved/Config/CrashReportClient/UE4CC-Windows-1C9AEBE34F0AB72E382E66BE4D69DEC8/
[2017.12.07-17.30.26:123][  0]SourceControl: 	Saved/Logs/InsertNameAdventure-backup-2017.12.07-10.29.58.log
[2017.12.07-17.30.26:123][  0]SourceControl: no changes added to commit (use "git add" and/or "git commit -a")
[2017.12.07-17.30.26:124][  0]LogContentStreaming: Texture pool size now 1000 MB
[2017.12.07-17.30.26:201][  0]LogSlate: Took 0.005195 seconds to synchronously load lazily loaded font '../../../Engine/Content/Slate/Fonts/Roboto-Light.ttf' (159K)
[2017.12.07-17.30.26:447][  1]LogParticles: Warning: Spawning 23333 GPU particles in one frame[2]: RainFall4_PS/Particle Emitter
[2017.12.07-17.30.26:764][  2]LogAssetRegistry: Asset discovery search completed in 19.4642 seconds
[2017.12.07-17.30.26:767][  2]LogCollectionManager: Rebuilt the object cache for 0 collections in 0.000000 seconds (found 0 objects)
[2017.12.07-17.30.26:767][  2]LogCollectionManager: Fixed up redirectors for 0 collections in 0.000059 seconds (updated 0 objects)
[2017.12.07-17.30.26:775][  2]LogParticles: Warning: Spawning 23333 GPU particles in one frame[3]: RainFall4_PS/Particle Emitter
[2017.12.07-17.30.26:840][  3]LogSlate: Took 0.000153 seconds to synchronously load lazily loaded font '../../../Engine/Content/Slate/Fonts/Roboto-Light.ttf' (159K)
[2017.12.07-17.30.27:477][  3]LogContentBrowser: Native class hierarchy updated for 'BlueprintGraph' in 0.0046 seconds. Added 113 classes and 0 folders.
[2017.12.07-17.30.28:376][  3]LogParticles: Warning: Spawning 28000 GPU particles in one frame[4]: RainFall4_PS/Particle Emitter
[2017.12.07-17.30.28:388][  3]LogSlate: Took 0.004597 seconds to synchronously load lazily loaded font '../../../Engine/Content/Editor/Slate/Fonts/Roboto-BoldCondensed.ttf' (158K)
[2017.12.07-17.30.28:716][  4]LogParticles: Warning: Spawning 23334 GPU particles in one frame[5]: RainFall4_PS/Particle Emitter
[2017.12.07-17.30.28:727][  4]LogSlate: Took 0.006750 seconds to synchronously load lazily loaded font '../../../Engine/Content/Editor/Slate/Fonts/Roboto-Italic.ttf' (157K)
[2017.12.07-17.30.29:026][  5]LogParticles: Warning: Spawning 23333 GPU particles in one frame[6]: RainFall4_PS/Particle Emitter
[2017.12.07-17.30.29:359][  6]LogParticles: Warning: Spawning 23333 GPU particles in one frame[7]: RainFall4_PS/Particle Emitter
[2017.12.07-17.30.29:690][  7]LogParticles: Warning: Spawning 23334 GPU particles in one frame[8]: RainFall4_PS/Particle Emitter
[2017.12.07-17.30.31:422][ 94]LogFileCache: Retrieving MD5 hashes for directory 'C:/Users/rajjj/OneDrive/Documents/GitHub/DatBoiEntertainmetnGame_/Content/' took 5.32s
[2017.12.07-17.30.33:205][218]LogAIModule: Creating AISystem for world Test_Area1
[2017.12.07-17.30.33:239][218]Cmd: MAP LOAD FILE="../../../../../../Users/rajjj/OneDrive/Documents/GitHub/DatBoiEntertainmetnGame_/Content/2DSideScrollerBP/Maps/Levels/Test_Area1.umap" TEMPLATE=0 SHOWPROGRESS=1 FEATURELEVEL=3
[2017.12.07-17.30.33:239][218]LightingResults: New page: Lighting Build
[2017.12.07-17.30.33:239][218]LoadErrors: New page: Loading map: Test_Area1.umap
[2017.12.07-17.30.33:243][218]MapCheck: New page: Map Check
[2017.12.07-17.30.33:243][218]LightingResults: New page: Lighting Build
[2017.12.07-17.30.33:279][218]LogEditorServer: Finished looking for orphan Actors (0.000 secs)
[2017.12.07-17.30.33:352][218]Cmd: MAP CHECKDEP NOCLEARLOG
[2017.12.07-17.30.33:418][218]MapCheck: Map check complete: 0 Error(s), 0 Warning(s), took 66.094ms to complete.
[2017.12.07-17.30.33:418][218]LogFileHelpers: Loading map 'Test_Area1' took 0.181
[2017.12.07-17.30.34:706][332]LogEditorViewport: Clicking on Actor (LMB): Skybox_BP_Rain_C (Skybox_BP_Rain)
[2017.12.07-17.30.35:563][400]LogEditorViewport: Clicking on Actor (LMB): Skybox_BP_Rain_C (Skybox_BP_Rain)
[2017.12.07-17.30.36:540][481]LogEditorViewport: Clicking on Actor (LMB): PaperTileMapActor (Test_Map_TM)
[2017.12.07-17.30.37:869][586]LogEditorViewport: Clicking on Actor (LMB): Skybox_BP_Rain_C (Skybox_BP_Rain)
[2017.12.07-17.30.41:043][848]LogTemp: Repeating last play command: Selected Viewport
[2017.12.07-17.30.41:139][848]LogPlayLevel: PlayLevel: No blueprints needed recompiling
[2017.12.07-17.30.41:139][848]PIE: New page: PIE session: Test_Area1 (Dec 7, 2017, 3:30:41 AM)
[2017.12.07-17.30.41:140][848]LogPlayLevel: Creating play world package: /Game/2DSideScrollerBP/Maps/Levels/UEDPIE_0_Test_Area1
[2017.12.07-17.30.41:142][848]LogPlayLevel: PIE: StaticDuplicateObject took: (0.002049s)
[2017.12.07-17.30.41:142][848]LogAIModule: Creating AISystem for world Test_Area1
[2017.12.07-17.30.41:142][848]LogPlayLevel: PIE: World Init took: (0.000516s)
[2017.12.07-17.30.41:142][848]LogPlayLevel: PIE: Created PIE world by copying editor world from /Game/2DSideScrollerBP/Maps/Levels/Test_Area1.Test_Area1 to /Game/2DSideScrollerBP/Maps/Levels/UEDPIE_0_Test_Area1.Test_Area1 (0.002846s)
[2017.12.07-17.30.41:163][848]LogInit: XAudio2 using 'Speakers (2- Logitech G930 Headset)' : 2 channels at 48 kHz using 16 bits per sample (channel mask 0x3)
[2017.12.07-17.30.41:168][848]LogInit: FAudioDevice initialized.
[2017.12.07-17.30.41:218][848]LogLoad: Game class is '2DSideScrollerGameMode_C'
[2017.12.07-17.30.41:226][848]LogWorld: Bringing World /Game/2DSideScrollerBP/Maps/Levels/UEDPIE_0_Test_Area1.Test_Area1 up for play (max tick rate 0) at 2017.12.07-10.30.41
[2017.12.07-17.30.41:229][848]LogWorld: Bringing up level for play took: 0.008150
[2017.12.07-17.30.41:268][848]LogContentBrowser: Native class hierarchy updated for 'MovieSceneCapture' in 0.0006 seconds. Added 11 classes and 0 folders.
[2017.12.07-17.30.41:280][848]PIE: Play in editor start time for /Game/2DSideScrollerBP/Maps/Levels/UEDPIE_0_Test_Area1 -0.504
[2017.12.07-17.31.32:184][885]LogSlate: Took 0.000146 seconds to synchronously load lazily loaded font '../../../Engine/Content/Slate/Fonts/Roboto-Light.ttf' (159K)
