<<<<<<< HEAD
﻿Log file open, 06/23/17 12:24:22
LogInit:Display: Running engine for game: InsertNameAdventure
LogPlatformFile: Not using cached read wrapper
LogInit:Display: RandInit(-538836146) SRandInit(-538836146).
LogTaskGraph: Started task graph with 5 named threads and 8 total threads with 1 sets of task threads.
LogStats: Stats thread started at 0.079650
=======
﻿Log file open, 06/23/17 13:21:28
LogInit:Display: Running engine for game: InsertNameAdventure
LogPlatformFile: Not using cached read wrapper
LogInit:Display: RandInit(-1651493486) SRandInit(-1651493486).
LogTaskGraph: Started task graph with 5 named threads and 8 total threads with 1 sets of task threads.
LogStats: Stats thread started at 0.080604
>>>>>>> b33dd4c886a1c4fd0e2d957ddb27ff25341bf1b0
LogInit: Using libcurl 7.47.1
LogInit:  - built for x86_64-pc-win32
LogInit:  - supports SSL with OpenSSL/1.0.2g
LogInit:  - supports HTTP deflate (compression) using libz 1.2.8
LogInit:  - other features:
LogInit:      CURL_VERSION_SSL
LogInit:      CURL_VERSION_LIBZ
LogInit:      CURL_VERSION_IPV6
LogInit:      CURL_VERSION_ASYNCHDNS
LogInit:      CURL_VERSION_LARGEFILE
LogInit:      CURL_VERSION_IDN
LogInit:  CurlRequestOptions (configurable via config and command line):
LogInit:  - bVerifyPeer = false  - Libcurl will NOT verify peer certificate
LogInit:  - bUseHttpProxy = false  - Libcurl will NOT use HTTP proxy
LogInit:  - bDontReuseConnections = false  - Libcurl will reuse connections
LogInit:  - CertBundlePath = nullptr  - Libcurl will use whatever was configured at build time.
LogInit: Build: ++UE4+Release-4.16-CL-3452394
LogInit: Engine Version: 4.16.0-3452394+++UE4+Release-4.16
LogInit: Compatible Engine Version: 4.16.0-3452394+++UE4+Release-4.16
LogInit: Net CL: 3452394
LogDevObjectVersion: Number of dev versions registered: 16
LogDevObjectVersion:   Dev-Blueprints (B0D832E4-1F89-4F0D-ACCF-7EB736FD4AA2): 9
LogDevObjectVersion:   Dev-Build (E1C64328-A22C-4D53-A36C-8E866417BD8C): 0
LogDevObjectVersion:   Dev-Core (375EC13C-06E4-48FB-B500-84F0262A717E): 2
LogDevObjectVersion:   Dev-Editor (E4B068ED-F494-42E9-A231-DA0B2E46BB41): 17
LogDevObjectVersion:   Dev-Framework (CFFC743F-43B0-4480-9391-14DF171D2073): 23
LogDevObjectVersion:   Dev-Mobile (B02B49B5-BB20-44E9-A304-32B752E40360): 0
LogDevObjectVersion:   Dev-Networking (A4E4105C-59A1-49B5-A7C5-40C4547EDFEE): 0
LogDevObjectVersion:   Dev-Online (39C831C9-5AE6-47DC-9A44-9C173E1C8E7C): 0
LogDevObjectVersion:   Dev-Physics (78F01B33-EBEA-4F98-B9B4-84EACCB95AA2): 0
LogDevObjectVersion:   Dev-Platform (6631380F-2D4D-43E0-8009-CF276956A95A): 0
LogDevObjectVersion:   Dev-Rendering (12F88B9F-8875-4AFC-A67C-D90C383ABD29): 15
LogDevObjectVersion:   Dev-Sequencer (7B5AE74C-D270-4C10-A958-57980B212A5A): 4
LogDevObjectVersion:   Dev-VR (D7296918-1DD6-4BDD-9DE2-64A83CC13884): 0
LogDevObjectVersion:   Dev-LoadTimes (C2A15278-BFE7-4AFE-6C17-90FF531DF755): 1
LogDevObjectVersion:   Private-Geometry (6EACA3D4-40EC-4CC1-B786-8BED09428FC5): 1
LogDevObjectVersion:   Dev-AnimPhys (29E575DD-E0A3-4627-9D10-D276232CDCEA): 3
LogInit: Compiled (64-bit): May 22 2017 17:47:00
LogInit: Compiled with Visual C++: 19.00.23026.00
LogInit: Build Configuration: Development
LogInit: Branch Name: ++UE4+Release-4.16
LogInit: Command line:  
LogInit: Base directory: C:/Program Files/Epic Games/UE_4.16/Engine/Binaries/Win64/
LogInit: Installed Engine Build: 1
LogInit: Presizing for max 8388607 objects, including 0 objects not considered by GC, pre-allocating 0 bytes for permanent pool.
LogInit: Object subsystem initialized
<<<<<<< HEAD
[2017.06.23-19.24.23:190][  0]LogInit: Selected Device Profile: [Windows]
[2017.06.23-19.24.23:190][  0]LogInit: Applying CVar settings loaded from the selected device profile: [Windows]
[2017.06.23-19.24.23:211][  0]LogInit: Computer: DESKTOP-SV0KJJ8
[2017.06.23-19.24.23:211][  0]LogInit: User: gentry
[2017.06.23-19.24.23:211][  0]LogInit: CPU Page size=4096, Cores=4
[2017.06.23-19.24.23:211][  0]LogInit: High frequency timer resolution =3.421871 MHz
[2017.06.23-19.24.23:211][  0]LogMemory: Memory total: Physical=8.0GB (8GB approx)
[2017.06.23-19.24.23:211][  0]LogMemory: Platform Memory Stats for Windows
[2017.06.23-19.24.23:211][  0]LogMemory: Process Physical Memory: 273.40 MB used, 273.40 MB peak
[2017.06.23-19.24.23:211][  0]LogMemory: Process Virtual Memory: 266.41 MB used, 266.41 MB peak
[2017.06.23-19.24.23:211][  0]LogMemory: Physical Memory: 2634.83 MB used,  5521.86 MB free, 8156.69 MB total
[2017.06.23-19.24.23:211][  0]LogMemory: Virtual Memory: 643.23 MB used,  5521.86 MB free, 134217728.00 MB total
[2017.06.23-19.24.23:359][  0]LogInit: Using OS detected language (en-US).
[2017.06.23-19.24.23:359][  0]LogInit: Using OS detected locale (en-US).
[2017.06.23-19.24.23:396][  0]LogTextLocalizationManager: No specific localization for 'en-US' exists, so the 'en' localization will be used.
[2017.06.23-19.24.25:385][  0]LogD3D11RHI: D3D11 adapters:
[2017.06.23-19.24.26:237][  0]LogD3D11RHI:    0. 'NVIDIA GeForce GTX 1070' (Feature Level 11_0)
[2017.06.23-19.24.26:237][  0]LogD3D11RHI:       8119/0/4078 MB DedicatedVideo/DedicatedSystem/SharedSystem, Outputs:1, VendorId:0x10de
[2017.06.23-19.24.26:238][  0]LogD3D11RHI:    1. 'Microsoft Basic Render Driver' (Feature Level 11_0)
[2017.06.23-19.24.26:238][  0]LogD3D11RHI:       0/0/4078 MB DedicatedVideo/DedicatedSystem/SharedSystem, Outputs:0, VendorId:0x1414
[2017.06.23-19.24.26:238][  0]LogD3D11RHI: Chosen D3D11 Adapter: 0
[2017.06.23-19.24.26:242][  0]LogD3D11RHI: Creating new Direct3DDevice
[2017.06.23-19.24.26:242][  0]LogD3D11RHI:     GPU DeviceId: 0x1b81 (for the marketing name, search the web for "GPU Device Id")
[2017.06.23-19.24.26:242][  0]LogWindows: EnumDisplayDevices:
[2017.06.23-19.24.26:242][  0]LogWindows:    0. 'NVIDIA GeForce GTX 1070' (P:1 D:1)
[2017.06.23-19.24.26:242][  0]LogWindows:    1. 'NVIDIA GeForce GTX 1070' (P:0 D:0)
[2017.06.23-19.24.26:243][  0]LogWindows:    2. 'NVIDIA GeForce GTX 1070' (P:0 D:0)
[2017.06.23-19.24.26:243][  0]LogWindows:    3. 'NVIDIA GeForce GTX 1070' (P:0 D:0)
[2017.06.23-19.24.26:243][  0]LogWindows: DebugString: FoundDriverCount:4 
[2017.06.23-19.24.26:243][  0]LogD3D11RHI:     Adapter Name: NVIDIA GeForce GTX 1070
[2017.06.23-19.24.26:243][  0]LogD3D11RHI:   Driver Version: 382.53 (internal:22.21.13.8253, unified:382.53)
[2017.06.23-19.24.26:243][  0]LogD3D11RHI:      Driver Date: 6-7-2017
[2017.06.23-19.24.26:243][  0]LogRHI: Texture pool is 1361 MB (70% of 1945 MB)
[2017.06.23-19.24.26:687][  0]LogD3D11RHI: Async texture creation enabled
[2017.06.23-19.24.26:719][  0]LogD3D11RHI: GPU Timing Frequency: 1000.000000 (Debug: 2 1)
[2017.06.23-19.24.26:720][  0]LogShaderCompilers: Guid format shader working directory is -25 characters bigger than the processId version (../../../../../../Users/gentry/Documents/GitHub/DatBoiEntertainmetnGame_/Intermediate/Shaders/WorkingDirectory/7716/).
[2017.06.23-19.24.26:720][  0]LogShaderCompilers: Cleaned the shader compiler working directory 'C:/Users/gentry/AppData/Local/Temp/UnrealShaderWorkingDir/968E744149954E99664AB2AB434C79AD/'.
[2017.06.23-19.24.26:720][  0]LogShaderCompilers:Display: Using Local Shader Compiler.
[2017.06.23-19.24.28:089][  0]LogTemp:Display: Loaded TP AllDesktopTargetPlatform
[2017.06.23-19.24.28:128][  0]LogTemp:Display: Loaded TP MacClientTargetPlatform
[2017.06.23-19.24.28:167][  0]LogTemp:Display: Loaded TP MacNoEditorTargetPlatform
[2017.06.23-19.24.28:204][  0]LogTemp:Display: Loaded TP MacServerTargetPlatform
[2017.06.23-19.24.28:245][  0]LogTemp:Display: Loaded TP MacTargetPlatform
[2017.06.23-19.24.28:282][  0]LogTemp:Display: Loaded TP WindowsClientTargetPlatform
[2017.06.23-19.24.28:320][  0]LogTemp:Display: Loaded TP WindowsNoEditorTargetPlatform
[2017.06.23-19.24.28:358][  0]LogTemp:Display: Loaded TP WindowsServerTargetPlatform
[2017.06.23-19.24.28:391][  0]LogTemp:Display: Loaded TP WindowsTargetPlatform
[2017.06.23-19.24.28:431][  0]LogTemp:Display: Loaded TP AndroidTargetPlatform
[2017.06.23-19.24.28:469][  0]LogTemp:Display: Loaded TP Android_ASTCTargetPlatform
[2017.06.23-19.24.28:509][  0]LogTemp:Display: Loaded TP Android_ATCTargetPlatform
[2017.06.23-19.24.28:546][  0]LogTemp:Display: Loaded TP Android_DXTTargetPlatform
[2017.06.23-19.24.28:583][  0]LogTemp:Display: Loaded TP Android_ETC1TargetPlatform
[2017.06.23-19.24.28:620][  0]LogTemp:Display: Loaded TP Android_ETC2TargetPlatform
[2017.06.23-19.24.28:695][  0]LogTemp:Display: Loaded TP Android_MultiTargetPlatform
[2017.06.23-19.24.28:695][  0]LogTemp:Display: Loaded TP Android_PVRTCTargetPlatform
[2017.06.23-19.24.28:723][  0]LogTemp:Display: Loaded TP HTML5TargetPlatform
[2017.06.23-19.24.28:803][  0]LogTemp:Display: Loaded TP IOSTargetPlatform
[2017.06.23-19.24.28:826][  0]LogTemp:Display: Loaded TP TVOSTargetPlatform
[2017.06.23-19.24.28:863][  0]LogTemp:Display: Loaded TP LinuxClientTargetPlatform
[2017.06.23-19.24.28:899][  0]LogTemp:Display: Loaded TP LinuxNoEditorTargetPlatform
[2017.06.23-19.24.28:937][  0]LogTemp:Display: Loaded TP LinuxServerTargetPlatform
[2017.06.23-19.24.28:978][  0]LogTemp:Display: Loaded TP LinuxTargetPlatform
[2017.06.23-19.24.28:978][  0]LogTargetPlatformManager:Display: Building Assets For Windows
[2017.06.23-19.24.29:380][  0]LogDerivedDataCache:Display: Max Cache Size: 512 MB
[2017.06.23-19.24.29:457][  0]LogDerivedDataCache: Loaded boot cache 0.08s 90MB C:/Users/gentry/AppData/Local/UnrealEngine/4.16/DerivedDataCache/Boot.ddc.
[2017.06.23-19.24.29:457][  0]LogDerivedDataCache:Display: Loaded Boot cache: C:/Users/gentry/AppData/Local/UnrealEngine/4.16/DerivedDataCache/Boot.ddc
[2017.06.23-19.24.29:457][  0]LogDerivedDataCache: FDerivedDataBackendGraph:  Pak pak cache file ../../../../../../Users/gentry/Documents/GitHub/DatBoiEntertainmetnGame_/DerivedDataCache/DDC.ddp not found, will not use a pak cache.
[2017.06.23-19.24.29:457][  0]LogDerivedDataCache: Unable to find inner node Pak for hierarchical cache Hierarchy.
[2017.06.23-19.24.29:457][  0]LogDerivedDataCache: FDerivedDataBackendGraph:  CompressedPak pak cache file ../../../../../../Users/gentry/Documents/GitHub/DatBoiEntertainmetnGame_/DerivedDataCache/Compressed.ddp not found, will not use a pak cache.
[2017.06.23-19.24.29:457][  0]LogDerivedDataCache: Unable to find inner node CompressedPak for hierarchical cache Hierarchy.
[2017.06.23-19.24.29:473][  0]LogDerivedDataCache:Display: Pak cache opened for reading ../../../Engine/DerivedDataCache/Compressed.ddp.
[2017.06.23-19.24.29:485][  0]LogDerivedDataCache: Using Local data cache path C:/Users/gentry/AppData/Local/UnrealEngine/Common/DerivedDataCache: Writable
[2017.06.23-19.24.29:493][  0]LogMaterial: Verifying Global Shaders for PCD3D_SM5
[2017.06.23-19.24.29:493][  0]LogSlate: Using Freetype 2.6.0
[2017.06.23-19.24.29:502][  0]LogSlate: SlateFontCache - WITH_FREETYPE: 1, WITH_HARFBUZZ: 1
[2017.06.23-19.24.29:502][  0]LogSlate: SlateFontCache - WITH_FREETYPE: 1, WITH_HARFBUZZ: 1
[2017.06.23-19.24.29:793][  0]LogInit: Selected Device Profile: [Windows]
[2017.06.23-19.24.29:891][  0]LogContentStreaming: Texture pool size is 0.00 MB
[2017.06.23-19.24.30:054][  0]LogMeshUtilities: Using QuadricMeshReduction for automatic static mesh reduction
[2017.06.23-19.24.30:088][  0]LogSimplygon: Simplygon DLL not present - disabling.
[2017.06.23-19.24.30:124][  0]LogMeshUtilities: Using SimplygonSwarm for distributed automatic mesh merging
[2017.06.23-19.24.30:124][  0]LogMeshUtilities: No automatic skeletal mesh reduction module available
[2017.06.23-19.24.30:124][  0]LogMeshUtilities: No automatic mesh merging module available
[2017.06.23-19.24.30:936][  0]LogNetVersion: InsertNameAdventure , NetCL: 3452394, EngineNetVer: 2, GameNetVer: 0 (Checksum: 1278457987)
[2017.06.23-19.24.31:004][  0]LogAssetRegistry: FAssetRegistry took 0.0249 seconds to start up
[2017.06.23-19.24.31:051][  0]LogPackageLocalizationCache: Processed 4 localized package path(s) for 2 prioritized culture(s) in 0.029804 seconds
[2017.06.23-19.24.31:055][  0]LogUObjectArray: 34194 objects as part of root set at end of initial load.
[2017.06.23-19.24.31:055][  0]LogUObjectAllocator: 7260416 out of 0 bytes used by permanent object pool.
[2017.06.23-19.24.31:055][  0]LogUObjectArray: CloseDisregardForGC: 0/0 objects in disregard for GC pool
[2017.06.23-19.24.31:102][  0]LogInit: WinSock: version 1.1 (2.2), MaxSocks=32767, MaxUdp=65467
[2017.06.23-19.24.33:690][  0]LogTcpMessaging: Initializing TcpMessaging bridge
[2017.06.23-19.24.33:722][  0]LogUdpMessaging: Initializing bridge on interface 0.0.0.0:0 to multicast group 230.0.0.1:6666.
[2017.06.23-19.24.34:223][  0]LogMaterial: Uniform references updated for custom material expression Custom.
[2017.06.23-19.24.34:581][  0]SourceControl: Info Source control is disabled
[2017.06.23-19.24.35:456][  0]LogAndroidPermission: UAndroidPermissionCallbackProxy::GetInstance
[2017.06.23-19.24.35:917][  0]LogEngine: Initializing Engine...
[2017.06.23-19.24.35:917][  0]LogHMD: Failed to initialize OpenVR with code 110
[2017.06.23-19.24.36:171][  0]LogStats: UGameplayTagsManager::ConstructGameplayTagTree: Construct from data asset -  0.000 s
[2017.06.23-19.24.36:171][  0]LogStats: UGameplayTagsManager::ConstructGameplayTagTree: GameplayTagTreeChangedEvent.Broadcast -  0.000 s
[2017.06.23-19.24.36:262][  0]LogAIModule: Creating AISystem for world Untitled
[2017.06.23-19.24.36:268][  0]LogInit: XAudio2 using 'Speakers (Skullcandy GMX Dolby Transmitter)' : 2 channels at 48 kHz using 16 bits per sample (channel mask 0x3)
[2017.06.23-19.24.36:282][  0]LogInit: FAudioDevice initialized.
[2017.06.23-19.24.36:319][  0]LogDerivedDataCache: Saved boot cache 0.04s 90MB C:/Users/gentry/AppData/Local/UnrealEngine/4.16/DerivedDataCache/Boot.ddc.
[2017.06.23-19.24.36:327][  0]LogInit: Texture streaming: Enabled
[2017.06.23-19.24.36:400][  0]LogEngineSessionManager: EngineSessionManager initialized
[2017.06.23-19.24.36:562][  0]LogInit: Transaction tracking system initialized
[2017.06.23-19.24.36:788][  0]BlueprintLog: New page: Editor Load
[2017.06.23-19.24.37:479][  0]LocalizationService: Info Localization service is disabled
[2017.06.23-19.24.37:998][  0]LogConsoleResponse:Display: 
[2017.06.23-19.24.38:249][  0]LogCook:Display: Max memory allowance for cook 16384mb min free memory 0mb
[2017.06.23-19.24.38:249][  0]LogCook:Display: Mobile HDR setting 1
[2017.06.23-19.24.38:996][  0]LogFileCache: Scanning file cache for directory 'C:/Users/gentry/Documents/GitHub/DatBoiEntertainmetnGame_/Content/' took 0.02s
[2017.06.23-19.24.39:135][  0]Cmd: MAP LOAD FILE="../../../../../../Users/gentry/Documents/GitHub/DatBoiEntertainmetnGame_/Content/2DSideScrollerBP/Maps/2DSideScrollerExampleMap.umap" TEMPLATE=0 SHOWPROGRESS=1 FEATURELEVEL=3
[2017.06.23-19.24.39:152][  0]LogSlate: Took 0.002929 seconds to synchronously load lazily loaded font '../../../Engine/Content/Slate/Fonts/Roboto-Regular.ttf' (155K)
[2017.06.23-19.24.44:285][  0]LogWindowsTextInputMethodSystem:Display: IME system now deactivated.
[2017.06.23-19.24.44:286][  0]LogWindowsTextInputMethodSystem:Display: IME system now deactivated.
[2017.06.23-19.24.44:287][  0]LightingResults: New page: Lighting Build
[2017.06.23-19.24.44:319][  0]MapCheck: New page: Map Check
[2017.06.23-19.24.44:319][  0]LightingResults: New page: Lighting Build
[2017.06.23-19.24.44:330][  0]LogAIModule: Creating AISystem for world Untitled
[2017.06.23-19.24.44:332][  0]LoadErrors: New page: New Map
[2017.06.23-19.24.44:462][  0]LogCollectionManager: Loaded 0 collections in 0.001083 seconds
[2017.06.23-19.24.44:528][  0]LogFileCache: Scanning file cache for directory 'C:/Users/gentry/Documents/GitHub/DatBoiEntertainmetnGame_/Saved/Collections/' took 0.01s
[2017.06.23-19.24.44:528][  0]LogFileCache: Scanning file cache for directory 'C:/Users/gentry/Documents/GitHub/DatBoiEntertainmetnGame_/Content/Developers/gentry/Collections/' took 0.01s
[2017.06.23-19.24.44:528][  0]LogFileCache: Scanning file cache for directory 'C:/Users/gentry/Documents/GitHub/DatBoiEntertainmetnGame_/Content/Collections/' took 0.01s
[2017.06.23-19.24.44:528][  0]LogCollectionManager: Rebuilt the GUID cache for 0 collections in 0.000001 seconds
[2017.06.23-19.24.44:535][  0]LogContentBrowser: Native class hierarchy populated in 0.0069 seconds. Added 2329 classes and 491 folders.
[2017.06.23-19.24.44:583][  0]LogContentBrowser: Native class hierarchy updated for 'WidgetCarousel' in 0.0004 seconds. Added 0 classes and 0 folders.
[2017.06.23-19.24.44:787][  0]LogContentBrowser: Native class hierarchy updated for 'AddContentDialog' in 0.0004 seconds. Added 0 classes and 0 folders.
[2017.06.23-19.24.44:819][  0]LogContentBrowser: Native class hierarchy updated for 'SceneOutliner' in 0.0004 seconds. Added 1 classes and 2 folders.
[2017.06.23-19.24.44:848][  0]LogCrashTracker: Crashtracker disabled due to settings.
[2017.06.23-19.24.44:856][  0]LogSlate: Took 0.002906 seconds to synchronously load lazily loaded font '../../../Engine/Content/Slate/Fonts/Roboto-Bold.ttf' (160K)
[2017.06.23-19.24.44:861][  0]LogSlate: Took 0.002666 seconds to synchronously load lazily loaded font '../../../Engine/Content/Editor/Slate/Fonts/FontAwesome.ttf' (139K)
[2017.06.23-19.24.44:980][  0]LogRenderer: Reallocating scene render targets to support 1004x652 NumSamples 1 (Frame:1).
[2017.06.23-19.24.45:052][  0]LogUObjectGlobals:Warning: Failed to find object 'Class None.'
[2017.06.23-19.24.45:108][  0]LogContentBrowser: Native class hierarchy updated for 'HierarchicalLODOutliner' in 0.0006 seconds. Added 1 classes and 2 folders.
[2017.06.23-19.24.45:108][  0]LogLoad: (Engine Initialization) Total time: 23.54 seconds
[2017.06.23-19.24.45:108][  0]LogLoad: (Engine Initialization) Total Blueprint compile time: 0.04 seconds
[2017.06.23-19.24.45:108][  0]LogExternalProfiler: No external profilers were discovered.  External profiling features will not be available.
[2017.06.23-19.24.45:118][  0]LogOcInput: OculusInput pre-init called
[2017.06.23-19.24.45:118][  0]LogHMD: Starting GearVRController plugin
[2017.06.23-19.24.45:132][  0]LogAssetRegistry: Asset discovery search completed in 14.1499 seconds
[2017.06.23-19.24.45:133][  0]LogCollectionManager: Rebuilt the object cache for 0 collections in 0.000001 seconds (found 0 objects)
[2017.06.23-19.24.45:133][  0]LogCollectionManager: Fixed up redirectors for 0 collections in 0.000023 seconds (updated 0 objects)
[2017.06.23-19.24.45:135][  0]SourceControl: Info On branch V1.5.1
[2017.06.23-19.24.45:135][  0]SourceControl: Info Your branch is up-to-date with 'origin/V1.5.1'.
[2017.06.23-19.24.45:135][  0]SourceControl: Info Changes not staged for commit:
[2017.06.23-19.24.45:135][  0]SourceControl: Info   (use "git add/rm <file>..." to update what will be committed)
[2017.06.23-19.24.45:135][  0]SourceControl: Info   (use "git checkout -- <file>..." to discard changes in working directory)
[2017.06.23-19.24.45:135][  0]SourceControl: Info 	modified:   Intermediate/CachedAssetRegistry.bin
[2017.06.23-19.24.45:135][  0]SourceControl: Info 	modified:   Saved/Config/Windows/EditorPerProjectUserSettings.ini
[2017.06.23-19.24.45:135][  0]SourceControl: Info 	modified:   Saved/Config/Windows/Engine.ini
[2017.06.23-19.24.45:135][  0]SourceControl: Info 	deleted:    Saved/Logs/InsertNameAdventure-backup-2017.06.20-15.49.14.log
[2017.06.23-19.24.45:135][  0]SourceControl: Info 	modified:   Saved/Logs/InsertNameAdventure.log
[2017.06.23-19.24.45:135][  0]SourceControl: Info Untracked files:
[2017.06.23-19.24.45:135][  0]SourceControl: Info   (use "git add <file>..." to include in what will be committed)
[2017.06.23-19.24.45:135][  0]SourceControl: Info 	Saved/Config/CrashReportClient/UE4CC-Windows-0CD8930C469DB3B91BEBB8ADD16AB7E6/
[2017.06.23-19.24.45:135][  0]SourceControl: Info 	Saved/Logs/InsertNameAdventure-backup-2017.06.23-12.24.22.log
[2017.06.23-19.24.45:135][  0]SourceControl: Info no changes added to commit (use "git add" and/or "git commit -a")
[2017.06.23-19.24.45:135][  0]LogContentStreaming: Texture pool size now 1000 MB
[2017.06.23-19.24.45:180][  0]LogSlate: Took 0.000114 seconds to synchronously load lazily loaded font '../../../Engine/Content/Slate/Fonts/Roboto-Light.ttf' (159K)
[2017.06.23-19.24.57:162][398]LogSlate: Took 0.000172 seconds to synchronously load lazily loaded font '../../../Engine/Content/Slate/Fonts/Roboto-Light.ttf' (159K)
[2017.06.23-19.24.57:215][398]LogSlate: Took 0.000211 seconds to synchronously load lazily loaded font '../../../Engine/Content/Editor/Slate/Fonts/Roboto-BoldCondensed.ttf' (158K)
[2017.06.23-19.24.57:283][398]LogRenderer: Reallocating scene render targets to support 1004x1044 NumSamples 1 (Frame:1).
[2017.06.23-19.25.44:889][934]LogTexture:Display: Building textures: Dirt_Mound (BGRA8, 32X32)
[2017.06.23-19.29.22:563][832]Cmd: TRANSACTION UNDO
[2017.06.23-19.29.22:563][832]LogEditorTransaction: Undo Tile Painting
[2017.06.23-19.29.22:615][832]LogSlate: Took 0.000205 seconds to synchronously load lazily loaded font '../../../Engine/Content/Slate/Fonts/Roboto-Light.ttf' (159K)
[2017.06.23-19.41.51:433][975]LogFileHelpers: Editor autosave (incl. sublevels) for '/Temp/Untitled_1' took 0.050
[2017.06.23-19.41.51:435][975]OBJ SavePackage: Generating thumbnails for [0] asset(s) in package [/Game/2DSideScrollerBP/Maps/Levels/LevelSprites/Sprites/Rain_Forrest_Sprites/Rain_Forrest_Level_L] ([1] browsable assets)...
[2017.06.23-19.41.51:435][975]OBJ SavePackage: Finished generating thumbnails for package [/Game/2DSideScrollerBP/Maps/Levels/LevelSprites/Sprites/Rain_Forrest_Sprites/Rain_Forrest_Level_L]
[2017.06.23-19.41.52:895][975]LogSlate: Took 0.000110 seconds to synchronously load lazily loaded font '../../../Engine/Content/Slate/Fonts/Roboto-Regular.ttf' (155K)
[2017.06.23-19.41.56:824][975]LogSavePackage: Save=5356.98ms
[2017.06.23-19.41.56:824][975]LogSavePackage: Moving '../../../../../../Users/gentry/Documents/GitHub/DatBoiEntertainmetnGame_/Saved/Rain_Forrest_Level_L_Auto14FF9A29E4D608D958AF51E81932C8473.tmp' to '../../../../../../Users/gentry/Documents/GitHub/DatBoiEntertainmetnGame_/Saved/Autosaves/Game/2DSideScrollerBP/Maps/Levels/LevelSprites/Sprites/Rain_Forrest_Sprites/Rain_Forrest_Level_L_Auto1.uasset'
[2017.06.23-19.41.56:826][975]LogSavePackage:Display: Finished SavePackage ../../../../../../Users/gentry/Documents/GitHub/DatBoiEntertainmetnGame_/Saved/Autosaves/Game/2DSideScrollerBP/Maps/Levels/LevelSprites/Sprites/Rain_Forrest_Sprites/Rain_Forrest_Level_L_Auto1.uasset
[2017.06.23-19.41.56:826][975]LogFileHelpers: Auto-saving content packages took 5.392
[2017.06.23-19.49.40:010][552]LogSavePackage: Save=5732.28ms
[2017.06.23-19.49.40:010][552]LogSavePackage: Moving '../../../../../../Users/gentry/Documents/GitHub/DatBoiEntertainmetnGame_/Saved/Rain_Forrest_Level_L248EED034E46FF0C7A82A48730AEFCDB.tmp' to '../../../../../../Users/gentry/Documents/GitHub/DatBoiEntertainmetnGame_/Content/2DSideScrollerBP/Maps/Levels/LevelSprites/Sprites/Rain_Forrest_Sprites/Rain_Forrest_Level_L.uasset'
[2017.06.23-19.49.40:017][552]LogSavePackage:Display: Finished SavePackage ../../../../../../Users/gentry/Documents/GitHub/DatBoiEntertainmetnGame_/Content/2DSideScrollerBP/Maps/Levels/LevelSprites/Sprites/Rain_Forrest_Sprites/Rain_Forrest_Level_L.uasset
[2017.06.23-19.49.55:310][320]LogTexture:Display: Building textures: Big_Tree (BGRA8, 1536X648)
[2017.06.23-19.49.55:410][320]LogAIModule: Creating AISystem for world 2DSideScrollerExampleMap
[2017.06.23-19.49.55:439][320]Cmd: MAP LOAD FILE="../../../../../../Users/gentry/Documents/GitHub/DatBoiEntertainmetnGame_/Content/2DSideScrollerBP/Maps/Levels/2DSideScrollerExampleMap.umap" TEMPLATE=0 SHOWPROGRESS=1 FEATURELEVEL=3
[2017.06.23-19.49.55:439][320]LightingResults: New page: Lighting Build
[2017.06.23-19.49.55:442][320]LoadErrors: New page: Loading map: 2DSideScrollerExampleMap.umap
[2017.06.23-19.49.55:443][320]MapCheck: New page: Map Check
[2017.06.23-19.49.55:443][320]LightingResults: New page: Lighting Build
[2017.06.23-19.49.55:458][320]LogEditorServer: Finished looking for orphan Actors (0.000 secs)
[2017.06.23-19.49.55:493][320]Cmd: MAP CHECKDEP NOCLEARLOG
[2017.06.23-19.49.55:530][320]MapCheck: Info Map check complete: 0 Error(s), 0 Warning(s), took 36.894ms to complete.
[2017.06.23-19.49.55:530][320]LogFileHelpers: Loading map '2DSideScrollerExampleMap' took 0.092
[2017.06.23-19.50.02:611][166]LogTemp: Repeting last play command: Selected Viewport
[2017.06.23-19.50.03:922][166]LogBlueprintUserMessages: Early PlayInEditor Detection: Level '/Game/2DSideScrollerBP/Maps/Levels/2DSideScrollerExampleMap.2DSideScrollerExampleMap:PersistentLevel' has LevelScriptBlueprint '/Game/2DSideScrollerBP/Maps/Levels/2DSideScrollerExampleMap.2DSideScrollerExampleMap:PersistentLevel.2DSideScrollerExampleMap' with GeneratedClass '/Game/2DSideScrollerBP/Maps/Levels/2DSideScrollerExampleMap.2DSideScrollerExampleMap_C' with ClassGeneratedBy '/Game/2DSideScrollerBP/Maps/Levels/2DSideScrollerExampleMap.2DSideScrollerExampleMap:PersistentLevel.2DSideScrollerExampleMap'
[2017.06.23-19.50.03:922][166]LogPlayLevel: PlayLevel: No blueprints needed recompiling
[2017.06.23-19.50.03:923][166]PIE: New page: PIE session: 2DSideScrollerExampleMap (Jun 23, 2017, 5:50:03 AM)
[2017.06.23-19.50.03:923][166]LogPlayLevel: Creating play world package: /Game/2DSideScrollerBP/Maps/Levels/UEDPIE_0_2DSideScrollerExampleMap
[2017.06.23-19.50.03:925][166]LogPlayLevel: PIE: StaticDuplicateObject took: (0.001596s)
[2017.06.23-19.50.03:925][166]LogAIModule: Creating AISystem for world 2DSideScrollerExampleMap
[2017.06.23-19.50.03:925][166]LogPlayLevel: PIE: World Init took: (0.000435s)
[2017.06.23-19.50.03:925][166]LogPlayLevel: PIE: Created PIE world by copying editor world from /Game/2DSideScrollerBP/Maps/Levels/2DSideScrollerExampleMap.2DSideScrollerExampleMap to /Game/2DSideScrollerBP/Maps/Levels/UEDPIE_0_2DSideScrollerExampleMap.2DSideScrollerExampleMap (0.002343s)
[2017.06.23-19.50.03:935][166]LogInit: XAudio2 using 'Speakers (Skullcandy GMX Dolby Transmitter)' : 2 channels at 48 kHz using 16 bits per sample (channel mask 0x3)
[2017.06.23-19.50.03:941][166]LogInit: FAudioDevice initialized.
[2017.06.23-19.50.03:984][166]LogLoad: Game class is '2DSideScrollerGameMode_C'
[2017.06.23-19.50.03:994][166]LogWorld: Bringing World /Game/2DSideScrollerBP/Maps/Levels/UEDPIE_0_2DSideScrollerExampleMap.2DSideScrollerExampleMap up for play (max tick rate 0) at 2017.06.23-12.50.03
[2017.06.23-19.50.03:996][166]LogWorld: Bringing up level for play took: 0.008112
[2017.06.23-19.50.04:062][166]LogContentBrowser: Native class hierarchy updated for 'MovieSceneCapture' in 0.0009 seconds. Added 11 classes and 0 folders.
[2017.06.23-19.50.04:074][166]PIE: Info Play in editor start time for /Game/2DSideScrollerBP/Maps/Levels/UEDPIE_0_2DSideScrollerExampleMap -0.089
[2017.06.23-19.50.04:074][166]LogBlueprintUserMessages: Late PlayInEditor Detection: Level '/Game/2DSideScrollerBP/Maps/Levels/2DSideScrollerExampleMap.2DSideScrollerExampleMap:PersistentLevel' has LevelScriptBlueprint '/Game/2DSideScrollerBP/Maps/Levels/2DSideScrollerExampleMap.2DSideScrollerExampleMap:PersistentLevel.2DSideScrollerExampleMap' with GeneratedClass '/Game/2DSideScrollerBP/Maps/Levels/2DSideScrollerExampleMap.2DSideScrollerExampleMap_C' with ClassGeneratedBy '/Game/2DSideScrollerBP/Maps/Levels/2DSideScrollerExampleMap.2DSideScrollerExampleMap:PersistentLevel.2DSideScrollerExampleMap'
[2017.06.23-19.50.21:097][205]LogBlueprintUserMessages: Early EndPlayMap Detection: Level '/Game/2DSideScrollerBP/Maps/Levels/2DSideScrollerExampleMap.2DSideScrollerExampleMap:PersistentLevel' has LevelScriptBlueprint '/Game/2DSideScrollerBP/Maps/Levels/2DSideScrollerExampleMap.2DSideScrollerExampleMap:PersistentLevel.2DSideScrollerExampleMap' with GeneratedClass '/Game/2DSideScrollerBP/Maps/Levels/2DSideScrollerExampleMap.2DSideScrollerExampleMap_C' with ClassGeneratedBy '/Game/2DSideScrollerBP/Maps/Levels/2DSideScrollerExampleMap.2DSideScrollerExampleMap:PersistentLevel.2DSideScrollerExampleMap'
[2017.06.23-19.50.21:124][205]LogBlueprintUserMessages: Late EndPlayMap Detection: Level '/Game/2DSideScrollerBP/Maps/Levels/2DSideScrollerExampleMap.2DSideScrollerExampleMap:PersistentLevel' has LevelScriptBlueprint '/Game/2DSideScrollerBP/Maps/Levels/2DSideScrollerExampleMap.2DSideScrollerExampleMap:PersistentLevel.2DSideScrollerExampleMap' with GeneratedClass '/Game/2DSideScrollerBP/Maps/Levels/2DSideScrollerExampleMap.2DSideScrollerExampleMap_C' with ClassGeneratedBy '/Game/2DSideScrollerBP/Maps/Levels/2DSideScrollerExampleMap.2DSideScrollerExampleMap:PersistentLevel.2DSideScrollerExampleMap'
[2017.06.23-19.50.21:601][261]LogTemp: Repeting last play command: Selected Viewport
[2017.06.23-19.50.21:614][261]LogBlueprintUserMessages: Early PlayInEditor Detection: Level '/Game/2DSideScrollerBP/Maps/Levels/2DSideScrollerExampleMap.2DSideScrollerExampleMap:PersistentLevel' has LevelScriptBlueprint '/Game/2DSideScrollerBP/Maps/Levels/2DSideScrollerExampleMap.2DSideScrollerExampleMap:PersistentLevel.2DSideScrollerExampleMap' with GeneratedClass '/Game/2DSideScrollerBP/Maps/Levels/2DSideScrollerExampleMap.2DSideScrollerExampleMap_C' with ClassGeneratedBy '/Game/2DSideScrollerBP/Maps/Levels/2DSideScrollerExampleMap.2DSideScrollerExampleMap:PersistentLevel.2DSideScrollerExampleMap'
[2017.06.23-19.50.21:614][261]LogPlayLevel: PlayLevel: No blueprints needed recompiling
[2017.06.23-19.50.21:614][261]PIE: New page: PIE session: 2DSideScrollerExampleMap (Jun 23, 2017, 5:50:21 AM)
[2017.06.23-19.50.21:614][261]LogPlayLevel: Creating play world package: /Game/2DSideScrollerBP/Maps/Levels/UEDPIE_0_2DSideScrollerExampleMap
[2017.06.23-19.50.21:616][261]LogPlayLevel: PIE: StaticDuplicateObject took: (0.000878s)
[2017.06.23-19.50.21:616][261]LogAIModule: Creating AISystem for world 2DSideScrollerExampleMap
[2017.06.23-19.50.21:616][261]LogPlayLevel: PIE: World Init took: (0.000560s)
[2017.06.23-19.50.21:616][261]LogPlayLevel: PIE: Created PIE world by copying editor world from /Game/2DSideScrollerBP/Maps/Levels/2DSideScrollerExampleMap.2DSideScrollerExampleMap to /Game/2DSideScrollerBP/Maps/Levels/UEDPIE_0_2DSideScrollerExampleMap.2DSideScrollerExampleMap (0.001590s)
[2017.06.23-19.50.21:626][261]LogInit: XAudio2 using 'Speakers (Skullcandy GMX Dolby Transmitter)' : 2 channels at 48 kHz using 16 bits per sample (channel mask 0x3)
[2017.06.23-19.50.21:631][261]LogInit: FAudioDevice initialized.
[2017.06.23-19.50.21:663][261]LogLoad: Game class is '2DSideScrollerGameMode_C'
[2017.06.23-19.50.21:667][261]LogWorld: Bringing World /Game/2DSideScrollerBP/Maps/Levels/UEDPIE_0_2DSideScrollerExampleMap.2DSideScrollerExampleMap up for play (max tick rate 0) at 2017.06.23-12.50.21
[2017.06.23-19.50.21:668][261]LogWorld: Bringing up level for play took: 0.004104
[2017.06.23-19.50.21:671][261]PIE: Info Play in editor start time for /Game/2DSideScrollerBP/Maps/Levels/UEDPIE_0_2DSideScrollerExampleMap -0.493
[2017.06.23-19.50.21:671][261]LogBlueprintUserMessages: Late PlayInEditor Detection: Level '/Game/2DSideScrollerBP/Maps/Levels/2DSideScrollerExampleMap.2DSideScrollerExampleMap:PersistentLevel' has LevelScriptBlueprint '/Game/2DSideScrollerBP/Maps/Levels/2DSideScrollerExampleMap.2DSideScrollerExampleMap:PersistentLevel.2DSideScrollerExampleMap' with GeneratedClass '/Game/2DSideScrollerBP/Maps/Levels/2DSideScrollerExampleMap.2DSideScrollerExampleMap_C' with ClassGeneratedBy '/Game/2DSideScrollerBP/Maps/Levels/2DSideScrollerExampleMap.2DSideScrollerExampleMap:PersistentLevel.2DSideScrollerExampleMap'
[2017.06.23-19.53.19:184][554]LogBlueprintUserMessages: Early EndPlayMap Detection: Level '/Game/2DSideScrollerBP/Maps/Levels/2DSideScrollerExampleMap.2DSideScrollerExampleMap:PersistentLevel' has LevelScriptBlueprint '/Game/2DSideScrollerBP/Maps/Levels/2DSideScrollerExampleMap.2DSideScrollerExampleMap:PersistentLevel.2DSideScrollerExampleMap' with GeneratedClass '/Game/2DSideScrollerBP/Maps/Levels/2DSideScrollerExampleMap.2DSideScrollerExampleMap_C' with ClassGeneratedBy '/Game/2DSideScrollerBP/Maps/Levels/2DSideScrollerExampleMap.2DSideScrollerExampleMap:PersistentLevel.2DSideScrollerExampleMap'
[2017.06.23-19.53.19:213][554]LogBlueprintUserMessages: Late EndPlayMap Detection: Level '/Game/2DSideScrollerBP/Maps/Levels/2DSideScrollerExampleMap.2DSideScrollerExampleMap:PersistentLevel' has LevelScriptBlueprint '/Game/2DSideScrollerBP/Maps/Levels/2DSideScrollerExampleMap.2DSideScrollerExampleMap:PersistentLevel.2DSideScrollerExampleMap' with GeneratedClass '/Game/2DSideScrollerBP/Maps/Levels/2DSideScrollerExampleMap.2DSideScrollerExampleMap_C' with ClassGeneratedBy '/Game/2DSideScrollerBP/Maps/Levels/2DSideScrollerExampleMap.2DSideScrollerExampleMap:PersistentLevel.2DSideScrollerExampleMap'
[2017.06.23-19.53.59:633][375]LogSlate: Took 0.004689 seconds to synchronously load lazily loaded font '../../../Engine/Content/Editor/Slate/Fonts/Roboto-Italic.ttf' (157K)
[2017.06.23-19.54.39:172][111]LogEditorViewport: Clicking on Actor (LMB): PaperTileMapActor (SpriteSheet_Environment_1_Rain_Forrest_1_TileMap)
[2017.06.23-19.54.43:593][632]LogEditorViewport: Clicking on Actor (LMB): PaperSpriteActor (SpriteSheet_Environment_1_Rain_Forrest_1_Sprite_19)
[2017.06.23-19.55.03:999][ 66]Cmd: MODE GRID=0
[2017.06.23-19.55.30:969][185]LogEditorViewport: Clicking Background
[2017.06.23-19.55.53:837][885]LogEditorViewport: Clicking on Actor (LMB): PaperSpriteActor (SpriteSheet_Environment_1_Rain_Forrest_1_Sprite_19)
[2017.06.23-19.55.59:643][577]LogEditorViewport: Clicking Background
[2017.06.23-19.56.08:526][636]LogEditorViewport: Clicking on Actor (LMB): PaperSpriteActor (SpriteSheet_Environment_1_Rain_Forrest_1_Sprite_19)
[2017.06.23-19.57.42:758][782]LogEditorViewport: Clicking Background
[2017.06.23-19.58.41:236][752]LogEditorViewport: Clicking on Actor (context menu): PaperTileMapActor (SpriteSheet_Environment_1_Rain_Forrest_1_TileMap)
[2017.06.23-19.58.41:611][789]LogEditorViewport: Clicking on Actor (LMB): PaperTileMapActor (SpriteSheet_Environment_1_Rain_Forrest_1_TileMap)
[2017.06.23-19.58.43:048][960]Cmd: DELETE
[2017.06.23-19.58.43:048][960]Cmd: ACTOR DELETE
[2017.06.23-19.58.43:053][960]LogEditorActor: Deleted Actor: PaperTileMapActor
[2017.06.23-19.58.43:063][960]LogEditorActor: Deleted 1 Actors (0.010 secs)
[2017.06.23-19.58.48:026][555]Cmd: TRANSACTION UNDO
[2017.06.23-19.58.48:026][555]LogEditorTransaction: Undo Delete Actors
[2017.06.23-19.58.50:204][804]LogEditorViewport: Clicking on Actor (LMB): PaperSpriteActor (SpriteSheet_Environment_1_Rain_Forrest_1_Sprite_26)
[2017.06.23-19.59.08:636][771]LogSavePackage: Save=73.56ms
[2017.06.23-19.59.08:636][771]LogSavePackage: Moving '../../../../../../Users/gentry/Documents/GitHub/DatBoiEntertainmetnGame_/Saved/2DSideScrollerExampleMap3549B3B34BA98F1D00060FBB6AE138D7.tmp' to '../../../../../../Users/gentry/Documents/GitHub/DatBoiEntertainmetnGame_/Content/2DSideScrollerBP/Maps/Levels/2DSideScrollerExampleMap.umap'
[2017.06.23-19.59.08:703][771]LogSavePackage:Display: Finished SavePackage ../../../../../../Users/gentry/Documents/GitHub/DatBoiEntertainmetnGame_/Content/2DSideScrollerBP/Maps/Levels/2DSideScrollerExampleMap.umap
[2017.06.23-19.59.08:758][771]LogFileHelpers: Saving map '2DSideScrollerExampleMap' took 0.262
[2017.06.23-19.59.08:870][771]LogWindowsTextInputMethodSystem:Display: IME system now deactivated.
[2017.06.23-19.59.09:069][772]Cmd: QUIT_EDITOR
[2017.06.23-19.59.09:549][772]LogExit: Preparing to exit.
[2017.06.23-19.59.10:491][772]LogDirectoryWatcher: A directory notification failed for 'C:/Users/gentry/Documents/GitHub/DatBoiEntertainmetnGame_/Content/', and we were unable to create a new request.
[2017.06.23-19.59.10:514][772]LogExit: Editor shut down
[2017.06.23-19.59.10:523][772]LogExit: Transaction tracking system shut down
[2017.06.23-19.59.10:570][772]LogObj: Freed 0b from 0 cluster array pools.
[2017.06.23-19.59.10:571][772]LogExit: Object subsystem successfully closed.
[2017.06.23-19.59.10:591][772]LogD3D11RHI: Shutdown
[2017.06.23-19.59.10:591][772]LogD3D11RHI: CleanupD3DDevice
[2017.06.23-19.59.10:643][772]LogD3D11RHI: ~FD3D11DynamicRHI
[2017.06.23-19.59.10:656][772]LogModuleManager: Shutting down and abandoning module MovieSceneCapture (526)
[2017.06.23-19.59.10:656][772]LogModuleManager: Shutting down and abandoning module HierarchicalLODOutliner (524)
[2017.06.23-19.59.10:656][772]LogModuleManager: Shutting down and abandoning module CrashTracker (522)
[2017.06.23-19.59.10:656][772]LogModuleManager: Shutting down and abandoning module SceneOutliner (520)
[2017.06.23-19.59.10:656][772]LogModuleManager: Shutting down and abandoning module AddContentDialog (518)
[2017.06.23-19.59.10:656][772]LogDirectoryWatcher: A directory notification for 'C:/Program Files/Epic Games/UE_4.16/FeaturePacks/' was aborted.
[2017.06.23-19.59.10:657][772]LogModuleManager: Shutting down and abandoning module WidgetCarousel (517)
[2017.06.23-19.59.10:657][772]LogModuleManager: Shutting down and abandoning module EditorWidgets (514)
[2017.06.23-19.59.10:657][772]LogModuleManager: Shutting down and abandoning module CollectionManager (512)
[2017.06.23-19.59.10:657][772]LogDirectoryWatcher: A directory notification for 'C:/Users/gentry/Documents/GitHub/DatBoiEntertainmetnGame_/Content/Collections/' was aborted.
[2017.06.23-19.59.10:657][772]LogDirectoryWatcher: A directory notification for 'C:/Users/gentry/Documents/GitHub/DatBoiEntertainmetnGame_/Content/Developers/gentry/Collections/' was aborted.
[2017.06.23-19.59.10:657][772]LogDirectoryWatcher: A directory notification for 'C:/Users/gentry/Documents/GitHub/DatBoiEntertainmetnGame_/Saved/Collections/' was aborted.
[2017.06.23-19.59.10:657][772]LogModuleManager: Shutting down and abandoning module StatsViewer (510)
[2017.06.23-19.59.10:657][772]LogModuleManager: Shutting down and abandoning module FoliageEdit (508)
[2017.06.23-19.59.10:657][772]LogModuleManager: Shutting down and abandoning module LandscapeEditor (506)
[2017.06.23-19.59.10:657][772]LogModuleManager: Shutting down and abandoning module MeshPaintMode (504)
[2017.06.23-19.59.10:657][772]LogModuleManager: Shutting down and abandoning module SceneDepthPickerMode (502)
[2017.06.23-19.59.10:657][772]LogModuleManager: Shutting down and abandoning module ActorPickerMode (500)
[2017.06.23-19.59.10:657][772]LogModuleManager: Shutting down and abandoning module GeometryMode (498)
[2017.06.23-19.59.10:657][772]LogModuleManager: Shutting down and abandoning module TextureAlignMode (496)
[2017.06.23-19.59.10:657][772]LogModuleManager: Shutting down and abandoning module BspMode (494)
[2017.06.23-19.59.10:657][772]LogModuleManager: Shutting down and abandoning module HardwareSurvey (492)
[2017.06.23-19.59.10:657][772]LogModuleManager: Shutting down and abandoning module SequenceRecorderSections (490)
[2017.06.23-19.59.10:657][772]LogModuleManager: Shutting down and abandoning module AutomationWorker (488)
[2017.06.23-19.59.10:657][772]LogModuleManager: Shutting down and abandoning module MatineeToLevelSequence (486)
[2017.06.23-19.59.10:657][772]LogModuleManager: Shutting down and abandoning module LevelSequenceEditor (484)
[2017.06.23-19.59.10:657][772]LogModuleManager: Shutting down and abandoning module PlacementMode (483)
[2017.06.23-19.59.10:657][772]LogModuleManager: Shutting down and abandoning module WmfMediaFactory (480)
[2017.06.23-19.59.10:657][772]LogModuleManager: Shutting down and abandoning module WmfMediaEditor (478)
[2017.06.23-19.59.10:657][772]LogModuleManager: Shutting down and abandoning module AvfMediaFactory (476)
[2017.06.23-19.59.10:657][772]LogModuleManager: Shutting down and abandoning module AvfMediaEditor (474)
[2017.06.23-19.59.10:657][772]LogModuleManager: Shutting down and abandoning module AndroidMediaFactory (472)
[2017.06.23-19.59.10:657][772]LogModuleManager: Shutting down and abandoning module Media (471)
[2017.06.23-19.59.10:657][772]LogModuleManager: Shutting down and abandoning module AndroidMediaEditor (468)
[2017.06.23-19.59.10:657][772]LogModuleManager: Shutting down and abandoning module CharacterAI (466)
[2017.06.23-19.59.10:657][772]LogModuleManager: Shutting down and abandoning module AudioCapture (464)
[2017.06.23-19.59.10:657][772]LogModuleManager: Shutting down and abandoning module SequenceRecorder (463)
[2017.06.23-19.59.10:657][772]LogModuleManager: Shutting down and abandoning module SmartSnapping (460)
[2017.06.23-19.59.10:657][772]LogModuleManager: Shutting down and abandoning module SessionServices (458)
[2017.06.23-19.59.10:657][772]LogModuleManager: Shutting down and abandoning module ViewportSnapping (456)
[2017.06.23-19.59.10:657][772]LogModuleManager: Shutting down and abandoning module ViewportInteraction (454)
[2017.06.23-19.59.10:657][772]LogModuleManager: Shutting down and abandoning module ClothPainter (452)
[2017.06.23-19.59.10:657][772]LogModuleManager: Shutting down and abandoning module LogVisualizer (450)
[2017.06.23-19.59.10:657][772]LogModuleManager: Shutting down and abandoning module IntroTutorials (448)
[2017.06.23-19.59.10:657][772]LogModuleManager: Shutting down and abandoning module GameProjectGeneration (447)
[2017.06.23-19.59.10:657][772]LogModuleManager: Shutting down and abandoning module EditorLiveStreaming (444)
[2017.06.23-19.59.10:657][772]LogModuleManager: Shutting down and abandoning module IOSPlatformEditor (442)
[2017.06.23-19.59.10:657][772]LogModuleManager: Shutting down and abandoning module HTML5PlatformEditor (440)
[2017.06.23-19.59.10:657][772]LogModuleManager: Shutting down and abandoning module AndroidPlatformEditor (438)
[2017.06.23-19.59.10:657][772]LogModuleManager: Shutting down and abandoning module AndroidDeviceDetection (437)
[2017.06.23-19.59.11:403][772]LogModuleManager: Shutting down and abandoning module IOSRuntimeSettings (434)
[2017.06.23-19.59.11:403][772]LogModuleManager: Shutting down and abandoning module AndroidRuntimeSettings (432)
[2017.06.23-19.59.11:403][772]LogModuleManager: Shutting down and abandoning module InputBindingEditor (430)
[2017.06.23-19.59.11:403][772]LogModuleManager: Shutting down and abandoning module MergeActors (428)
[2017.06.23-19.59.11:403][772]LogModuleManager: Shutting down and abandoning module SizeMap (426)
[2017.06.23-19.59.11:403][772]LogModuleManager: Shutting down and abandoning module TreeMap (424)
[2017.06.23-19.59.11:403][772]LogModuleManager: Shutting down and abandoning module ReferenceViewer (422)
[2017.06.23-19.59.11:403][772]LogModuleManager: Shutting down and abandoning module LocalizationDashboard (420)
[2017.06.23-19.59.11:403][772]LogModuleManager: Shutting down and abandoning module LocalizationService (419)
[2017.06.23-19.59.11:403][772]LogModuleManager: Shutting down and abandoning module HardwareTargeting (416)
[2017.06.23-19.59.11:403][772]LogModuleManager: Shutting down and abandoning module DeviceProfileEditor (414)
[2017.06.23-19.59.11:403][772]LogModuleManager: Shutting down and abandoning module UndoHistory (412)
[2017.06.23-19.59.11:403][772]LogModuleManager: Shutting down and abandoning module UserFeedback (410)
[2017.06.23-19.59.11:403][772]LogModuleManager: Shutting down and abandoning module XmlParser (408)
[2017.06.23-19.59.11:403][772]LogModuleManager: Shutting down and abandoning module Blutility (406)
[2017.06.23-19.59.11:403][772]LogModuleManager: Shutting down and abandoning module ProjectSettingsViewer (404)
[2017.06.23-19.59.11:403][772]LogModuleManager: Shutting down and abandoning module ProjectTargetPlatformEditor (403)
[2017.06.23-19.59.11:404][772]LogModuleManager: Shutting down and abandoning module EditorSettingsViewer (400)
[2017.06.23-19.59.11:404][772]LogModuleManager: Shutting down and abandoning module SettingsEditor (398)
[2017.06.23-19.59.11:404][772]LogModuleManager: Shutting down and abandoning module ProjectLauncher (396)
[2017.06.23-19.59.11:404][772]LogModuleManager: Shutting down and abandoning module SessionFrontend (394)
[2017.06.23-19.59.11:404][772]LogModuleManager: Shutting down and abandoning module ProfilerClient (392)
[2017.06.23-19.59.11:404][772]LogModuleManager: Shutting down and abandoning module DeviceManager (390)
[2017.06.23-19.59.11:404][772]LogModuleManager: Shutting down and abandoning module TargetDeviceServices (389)
[2017.06.23-19.59.11:455][772]LogModuleManager: Shutting down and abandoning module AutomationController (386)
[2017.06.23-19.59.11:455][772]LogModuleManager: Shutting down and abandoning module AutomationWindow (384)
[2017.06.23-19.59.11:455][772]LogModuleManager: Shutting down and abandoning module Layers (382)
[2017.06.23-19.59.11:455][772]LogModuleManager: Shutting down and abandoning module ComponentVisualizers (380)
[2017.06.23-19.59.11:455][772]LogModuleManager: Shutting down and abandoning module DetailCustomizations (378)
[2017.06.23-19.59.11:455][772]LogModuleManager: Shutting down and abandoning module PackagesDialog (376)
[2017.06.23-19.59.11:455][772]LogModuleManager: Shutting down and abandoning module Persona (374)
[2017.06.23-19.59.11:455][772]LogModuleManager: Shutting down and abandoning module AdvancedPreviewScene (373)
[2017.06.23-19.59.11:455][772]LogModuleManager: Shutting down and abandoning module AnimGraph (371)
[2017.06.23-19.59.11:455][772]LogModuleManager: Shutting down and abandoning module Kismet (368)
[2017.06.23-19.59.11:457][772]LogModuleManager: Shutting down and abandoning module ClassViewer (366)
[2017.06.23-19.59.11:457][772]LogModuleManager: Shutting down and abandoning module Toolbox (364)
[2017.06.23-19.59.11:457][772]LogModuleManager: Shutting down and abandoning module ModuleUI (362)
[2017.06.23-19.59.11:457][772]LogModuleManager: Shutting down and abandoning module MovieSceneTools (360)
[2017.06.23-19.59.11:457][772]LogModuleManager: Shutting down and abandoning module OutputLog (358)
[2017.06.23-19.59.11:457][772]LogModuleManager: Shutting down and abandoning module GammaUI (356)
[2017.06.23-19.59.11:457][772]LogModuleManager: Shutting down and abandoning module Documentation (354)
[2017.06.23-19.59.11:457][772]LogModuleManager: Shutting down and abandoning module MovieSceneTracks (352)
[2017.06.23-19.59.11:457][772]LogModuleManager: Shutting down and abandoning module MovieScene (350)
[2017.06.23-19.59.11:457][772]LogModuleManager: Shutting down and abandoning module Niagara (348)
[2017.06.23-19.59.11:457][772]LogModuleManager: Shutting down and abandoning module NiagaraEditor (347)
[2017.06.23-19.59.11:457][772]LogModuleManager: Shutting down and abandoning module StreamingPauseRendering (344)
[2017.06.23-19.59.11:458][772]LogModuleManager: Shutting down and abandoning module AnalyticsET (342)
[2017.06.23-19.59.11:458][772]LogModuleManager: Shutting down and abandoning module PortalServices (340)
[2017.06.23-19.59.11:458][772]LogModuleManager: Shutting down and abandoning module PortalRpc (338)
[2017.06.23-19.59.11:458][772]LogModuleManager: Shutting down and abandoning module MessagingRpc (336)
[2017.06.23-19.59.11:458][772]LogModuleManager: Shutting down and abandoning module AIModule (334)
[2017.06.23-19.59.11:458][772]LogModuleManager: Shutting down and abandoning module GameplayDebugger (333)
[2017.06.23-19.59.11:458][772]LogModuleManager: Shutting down and abandoning module AITestSuite (331)
[2017.06.23-19.59.11:458][772]LogModuleManager: Shutting down and abandoning module ProfilerService (328)
[2017.06.23-19.59.11:507][772]LogModuleManager: Shutting down and abandoning module TaskGraph (326)
[2017.06.23-19.59.11:507][772]LogModuleManager: Shutting down and abandoning module SteamVRController (324)
[2017.06.23-19.59.11:507][772]LogModuleManager: Shutting down and abandoning module SteamVR (322)
[2017.06.23-19.59.11:507][772]LogModuleManager: Shutting down and abandoning module ProceduralMeshComponentEditor (320)
[2017.06.23-19.59.11:507][772]LogModuleManager: Shutting down and abandoning module ProceduralMeshComponent (318)
[2017.06.23-19.59.11:507][772]LogModuleManager: Shutting down and abandoning module OculusLibrary (316)
[2017.06.23-19.59.11:507][772]LogModuleManager: Shutting down and abandoning module OculusInput (314)
[2017.06.23-19.59.11:507][772]LogModuleManager: Shutting down and abandoning module MobilePatchingUtils (312)
[2017.06.23-19.59.11:507][772]LogModuleManager: Shutting down and abandoning module CustomMeshComponent (310)
[2017.06.23-19.59.11:508][772]LogModuleManager: Shutting down and abandoning module CableComponent (308)
[2017.06.23-19.59.11:508][772]LogModuleManager: Shutting down and abandoning module ArchVisCharacter (306)
[2017.06.23-19.59.11:508][772]LogModuleManager: Shutting down and abandoning module AndroidPermission (304)
[2017.06.23-19.59.11:508][772]LogModuleManager: Shutting down and abandoning module MediaPlayerEditor (300)
[2017.06.23-19.59.11:508][772]LogModuleManager: Shutting down and abandoning module HTML5Networking (298)
[2017.06.23-19.59.11:508][772]LogModuleManager: Shutting down and abandoning module AlembicImporter (296)
[2017.06.23-19.59.11:508][772]LogModuleManager: Shutting down and abandoning module AlembicLibrary (295)
[2017.06.23-19.59.11:508][772]LogModuleManager: Shutting down and abandoning module GeometryCache (294)
[2017.06.23-19.59.11:508][772]LogModuleManager: Shutting down and abandoning module GeometryCacheEd (293)
[2017.06.23-19.59.11:508][772]LogModuleManager: Shutting down and abandoning module SuperSearchEditor (288)
[2017.06.23-19.59.11:508][772]LogModuleManager: Shutting down and abandoning module SuperSearch (287)
[2017.06.23-19.59.11:508][772]LogModuleManager: Shutting down and abandoning module SpeedTreeImporter (284)
[2017.06.23-19.59.11:508][772]LogModuleManager: Shutting down and abandoning module PluginBrowser (282)
[2017.06.23-19.59.11:508][772]LogModuleManager: Shutting down and abandoning module MobileLauncherProfileWizard (280)
[2017.06.23-19.59.11:508][772]LogModuleManager: Shutting down and abandoning module VisualStudioSourceCodeAccess (278)
[2017.06.23-19.59.11:508][772]LogModuleManager: Shutting down and abandoning module DesktopPlatform (277)
[2017.06.23-19.59.11:508][772]LogModuleManager: Shutting down and abandoning module UObjectPlugin (274)
[2017.06.23-19.59.11:508][772]LogModuleManager: Shutting down and abandoning module SubversionSourceControl (272)
[2017.06.23-19.59.11:508][772]LogModuleManager: Shutting down and abandoning module PerforceSourceControl (270)
[2017.06.23-19.59.11:508][772]LogModuleManager: Shutting down and abandoning module GitSourceControl (268)
[2017.06.23-19.59.11:509][772]LogModuleManager: Shutting down and abandoning module SourceControl (267)
[2017.06.23-19.59.11:509][772]LogModuleManager: Shutting down and abandoning module LightPropagationVolumeEditor (264)
[2017.06.23-19.59.11:510][772]LogModuleManager: Shutting down and abandoning module PaperTiledImporter (262)
[2017.06.23-19.59.11:510][772]LogModuleManager: Shutting down and abandoning module PaperSpriteSheetImporter (260)
[2017.06.23-19.59.11:510][772]LogModuleManager: Shutting down and abandoning module Paper2DEditor (258)
[2017.06.23-19.59.11:510][772]LogModuleManager: Shutting down and abandoning module MeshPaint (257)
[2017.06.23-19.59.11:510][772]LogModuleManager: Shutting down and abandoning module LevelEditor (255)
[2017.06.23-19.59.11:513][772]LogModuleManager: Shutting down and abandoning module PixelInspectorModule (254)
[2017.06.23-19.59.11:513][772]LogModuleManager: Shutting down and abandoning module MainFrame (252)
[2017.06.23-19.59.11:514][772]LogModuleManager: Shutting down and abandoning module HotReload (251)
[2017.06.23-19.59.11:515][772]LogModuleManager: Shutting down and abandoning module PhysXVehiclesEditor (246)
[2017.06.23-19.59.11:515][772]LogModuleManager: Shutting down and abandoning module PhysXVehicles (244)
[2017.06.23-19.59.11:515][772]LogModuleManager: Shutting down and abandoning module LocationServicesBPLibrary (242)
[2017.06.23-19.59.11:515][772]LogModuleManager: Shutting down and abandoning module ImmediatePhysicsEditor (240)
[2017.06.23-19.59.11:515][772]LogModuleManager: Shutting down and abandoning module ImmediatePhysics (238)
[2017.06.23-19.59.11:516][772]LogModuleManager: Shutting down and abandoning module UdpMessaging (236)
[2017.06.23-19.59.11:616][772]LogModuleManager: Shutting down and abandoning module TcpMessaging (234)
[2017.06.23-19.59.11:717][772]LogModuleManager: Shutting down and abandoning module GameplayTagsEditor (232)
[2017.06.23-19.59.11:717][772]LogModuleManager: Shutting down and abandoning module FacialAnimationEditor (230)
[2017.06.23-19.59.11:717][772]LogModuleManager: Shutting down and abandoning module FacialAnimation (228)
[2017.06.23-19.59.11:717][772]LogModuleManager: Shutting down and abandoning module AssetManagerEditor (226)
[2017.06.23-19.59.11:717][772]LogModuleManager: Shutting down and abandoning module GraphEditor (225)
[2017.06.23-19.59.11:717][772]LogModuleManager: Shutting down and abandoning module ContentBrowser (223)
[2017.06.23-19.59.11:718][772]LogModuleManager: Shutting down and abandoning module LightPropagationVolumeRuntime (220)
[2017.06.23-19.59.11:718][772]LogModuleManager: Shutting down and abandoning module Paper2D (218)
[2017.06.23-19.59.11:718][772]LogModuleManager: Shutting down and abandoning module WindowsMoviePlayer (216)
[2017.06.23-19.59.11:718][772]LogModuleManager: Shutting down and abandoning module WmfMedia (214)
[2017.06.23-19.59.11:719][772]LogModuleManager: Shutting down and abandoning module ClothingSystemEditor (212)
[2017.06.23-19.59.11:719][772]LogModuleManager: Shutting down and abandoning module ClothingSystemRuntime (210)
[2017.06.23-19.59.11:719][772]LogModuleManager: Shutting down and abandoning module MediaAssets (208)
[2017.06.23-19.59.11:719][772]LogModuleManager: Shutting down and abandoning module GameLiveStreaming (206)
[2017.06.23-19.59.11:719][772]LogModuleManager: Shutting down and abandoning module VREditor (204)
[2017.06.23-19.59.11:719][772]LogModuleManager: Shutting down and abandoning module StringTableEditor (202)
[2017.06.23-19.59.11:719][772]LogModuleManager: Shutting down and abandoning module GameplayTasksEditor (200)
[2017.06.23-19.59.11:719][772]LogModuleManager: Shutting down and abandoning module BehaviorTreeEditor (198)
[2017.06.23-19.59.11:719][772]LogModuleManager: Shutting down and abandoning module FunctionalTesting (196)
[2017.06.23-19.59.11:719][772]LogModuleManager: Shutting down and abandoning module CollisionAnalyzer (194)
[2017.06.23-19.59.11:719][772]LogModuleManager: Shutting down and abandoning module UMG (192)
[2017.06.23-19.59.11:719][772]LogModuleManager: Shutting down and abandoning module UMGEditor (191)
[2017.06.23-19.59.11:719][772]LogModuleManager: Shutting down and abandoning module Sequencer (190)
[2017.06.23-19.59.11:719][772]LogModuleManager: Shutting down and abandoning module AssetTools (188)
[2017.06.23-19.59.11:719][772]LogModuleManager: Shutting down and abandoning module MessageLog (187)
[2017.06.23-19.59.11:719][772]LogModuleManager: Shutting down and abandoning module WorkspaceMenuStructure (186)
[2017.06.23-19.59.11:719][772]LogModuleManager: Shutting down and abandoning module SlateReflector (180)
[2017.06.23-19.59.11:719][772]LogModuleManager: Shutting down and abandoning module Slate (178)
[2017.06.23-19.59.11:719][772]LogModuleManager: Shutting down and abandoning module EditorStyle (176)
[2017.06.23-19.59.11:723][772]LogModuleManager: Shutting down and abandoning module SourceCodeAccess (174)
[2017.06.23-19.59.11:723][772]LogModuleManager: Shutting down and abandoning module HeadMountedDisplay (172)
[2017.06.23-19.59.11:723][772]LogModuleManager: Shutting down and abandoning module XAudio2 (170)
[2017.06.23-19.59.11:723][772]LogModuleManager: Shutting down and abandoning module Networking (168)
[2017.06.23-19.59.11:723][772]LogModuleManager: Shutting down and abandoning module Core (164)
[2017.06.23-19.59.11:723][772]LogModuleManager: Shutting down and abandoning module AssetRegistry (162)
[2017.06.23-19.59.11:984][772]LogDirectoryWatcher: A directory notification for '../../../Engine/Content/' was aborted.
[2017.06.23-19.59.11:984][772]LogDirectoryWatcher: A directory notification for '../../../../../../Users/gentry/Documents/GitHub/DatBoiEntertainmetnGame_/Content/' was aborted.
[2017.06.23-19.59.11:984][772]LogDirectoryWatcher: A directory notification for '../../../Engine/Plugins/2D/Paper2D/Content/' was aborted.
[2017.06.23-19.59.11:984][772]LogDirectoryWatcher: A directory notification for '../../../Engine/Plugins/Runtime/GearVR/Content/' was aborted.
[2017.06.23-19.59.11:989][772]LogModuleManager: Shutting down and abandoning module DirectoryWatcher (161)
[2017.06.23-19.59.11:991][772]LogModuleManager: Shutting down and abandoning module KismetCompiler (158)
[2017.06.23-19.59.11:991][772]LogModuleManager: Shutting down and abandoning module LevelSequence (156)
[2017.06.23-19.59.11:991][772]LogModuleManager: Shutting down and abandoning module PhysXFormats (154)
[2017.06.23-19.59.11:991][772]LogModuleManager: Shutting down and abandoning module MeshUtilities (152)
[2017.06.23-19.59.11:991][772]LogModuleManager: Shutting down and abandoning module SimplygonSwarm (151)
[2017.06.23-19.59.11:991][772]LogModuleManager: Shutting down and abandoning module SimplygonMeshReduction (149)
[2017.06.23-19.59.11:991][772]LogModuleManager: Shutting down and abandoning module QuadricMeshReduction (147)
[2017.06.23-19.59.11:991][772]LogModuleManager: Shutting down and abandoning module DerivedDataCache (144)
[2017.06.23-19.59.12:001][772]LogDerivedDataCache: Shutdown
[2017.06.23-19.59.12:002][772]LogModuleManager: Shutting down and abandoning module TargetPlatform (142)
[2017.06.23-19.59.12:002][772]LogModuleManager: Shutting down and abandoning module VulkanShaderFormat (141)
[2017.06.23-19.59.12:002][772]LogModuleManager: Shutting down and abandoning module ShaderFormatVectorVM (139)
[2017.06.23-19.59.12:002][772]LogModuleManager: Shutting down and abandoning module ShaderFormatOpenGL (137)
[2017.06.23-19.59.12:002][772]LogModuleManager: Shutting down and abandoning module ShaderFormatD3D (135)
[2017.06.23-19.59.12:002][772]LogModuleManager: Shutting down and abandoning module MetalShaderFormat (133)
[2017.06.23-19.59.12:002][772]LogModuleManager: Shutting down and abandoning module TextureFormatUncompressed (131)
[2017.06.23-19.59.12:002][772]LogModuleManager: Shutting down and abandoning module TextureFormatPVR (129)
[2017.06.23-19.59.12:002][772]LogModuleManager: Shutting down and abandoning module TextureFormatDXT (127)
[2017.06.23-19.59.12:002][772]LogModuleManager: Shutting down and abandoning module TextureFormatIntelISPCTexComp (125)
[2017.06.23-19.59.12:002][772]LogModuleManager: Shutting down and abandoning module TextureFormatASTC (123)
[2017.06.23-19.59.12:002][772]LogModuleManager: Shutting down and abandoning module ImageWrapper (122)
[2017.06.23-19.59.12:002][772]LogModuleManager: Shutting down and abandoning module TextureFormatAndroid (119)
[2017.06.23-19.59.12:002][772]LogModuleManager: Shutting down and abandoning module AudioFormatOpus (117)
[2017.06.23-19.59.12:002][772]LogModuleManager: Shutting down and abandoning module AudioFormatOgg (115)
[2017.06.23-19.59.12:002][772]LogModuleManager: Shutting down and abandoning module AudioFormatADPCM (113)
[2017.06.23-19.59.12:002][772]LogModuleManager: Shutting down and abandoning module LinuxTargetPlatform (111)
[2017.06.23-19.59.12:002][772]LogModuleManager: Shutting down and abandoning module LinuxServerTargetPlatform (109)
[2017.06.23-19.59.12:002][772]LogModuleManager: Shutting down and abandoning module LinuxNoEditorTargetPlatform (107)
[2017.06.23-19.59.12:002][772]LogModuleManager: Shutting down and abandoning module LinuxClientTargetPlatform (105)
[2017.06.23-19.59.12:002][772]LogModuleManager: Shutting down and abandoning module TVOSTargetPlatform (103)
[2017.06.23-19.59.12:002][772]LogModuleManager: Shutting down and abandoning module Messaging (101)
[2017.06.23-19.59.12:002][772]LogModuleManager: Shutting down and abandoning module IOSTargetPlatform (99)
[2017.06.23-19.59.12:002][772]LogModuleManager: Shutting down and abandoning module HTML5TargetPlatform (97)
[2017.06.23-19.59.12:002][772]LogModuleManager: Shutting down and abandoning module Android_PVRTCTargetPlatform (95)
[2017.06.23-19.59.12:002][772]LogModuleManager: Shutting down and abandoning module Android_MultiTargetPlatform (93)
[2017.06.23-19.59.12:002][772]LogModuleManager: Shutting down and abandoning module Android_ETC2TargetPlatform (91)
[2017.06.23-19.59.12:002][772]LogModuleManager: Shutting down and abandoning module Android_ETC1TargetPlatform (89)
[2017.06.23-19.59.12:002][772]LogModuleManager: Shutting down and abandoning module Android_DXTTargetPlatform (87)
[2017.06.23-19.59.12:002][772]LogModuleManager: Shutting down and abandoning module Android_ATCTargetPlatform (85)
[2017.06.23-19.59.12:002][772]LogModuleManager: Shutting down and abandoning module Android_ASTCTargetPlatform (83)
[2017.06.23-19.59.12:002][772]LogModuleManager: Shutting down and abandoning module AndroidTargetPlatform (81)
[2017.06.23-19.59.12:002][772]LogModuleManager: Shutting down and abandoning module WindowsTargetPlatform (79)
[2017.06.23-19.59.12:002][772]LogModuleManager: Shutting down and abandoning module WindowsServerTargetPlatform (77)
[2017.06.23-19.59.12:002][772]LogModuleManager: Shutting down and abandoning module WindowsNoEditorTargetPlatform (75)
[2017.06.23-19.59.12:002][772]LogModuleManager: Shutting down and abandoning module WindowsClientTargetPlatform (73)
[2017.06.23-19.59.12:002][772]LogModuleManager: Shutting down and abandoning module MacTargetPlatform (71)
[2017.06.23-19.59.12:002][772]LogModuleManager: Shutting down and abandoning module MacServerTargetPlatform (69)
[2017.06.23-19.59.12:002][772]LogModuleManager: Shutting down and abandoning module MacNoEditorTargetPlatform (67)
[2017.06.23-19.59.12:002][772]LogModuleManager: Shutting down and abandoning module MacClientTargetPlatform (65)
[2017.06.23-19.59.12:003][772]LogModuleManager: Shutting down and abandoning module AllDesktopTargetPlatform (63)
[2017.06.23-19.59.12:003][772]LogModuleManager: Shutting down and abandoning module InputCore (60)
[2017.06.23-19.59.12:003][772]LogModuleManager: Shutting down and abandoning module Settings (58)
[2017.06.23-19.59.12:003][772]LogModuleManager: Shutting down and abandoning module OculusRift (56)
[2017.06.23-19.59.12:003][772]LogModuleManager: Shutting down and abandoning module GearVRController (54)
[2017.06.23-19.59.12:003][772]LogModuleManager: Shutting down and abandoning module GearVR (52)
[2017.06.23-19.59.12:003][772]LogModuleManager: Shutting down and abandoning module ExampleDeviceProfileSelector (50)
[2017.06.23-19.59.12:003][772]LogModuleManager: Shutting down and abandoning module OnlineBlueprintSupport (48)
[2017.06.23-19.59.12:003][772]LogModuleManager: Shutting down and abandoning module OnlineSubsystem (44)
[2017.06.23-19.59.12:003][772]LogOnline:Display: Unloading online subsystem: NULL
[2017.06.23-19.59.12:003][772]LogModuleManager: Shutting down and abandoning module XMPP (43)
[2017.06.23-19.59.12:003][772]LogModuleManager: Shutting down and abandoning module HTTP (41)
[2017.06.23-19.59.12:003][772]LogHttp:Display: Http module shutting down, but needs to wait on 1 outstanding Http requests:
[2017.06.23-19.59.12:003][772]LogHttp:Display: 	verb=[POST] url=[https://datarouter.ol.epicgames.com/datarouter/api/v1/public/data?SessionID=%7B571ECEC2-4E52-3E51-ACE2-3F9F492D6342%7D&AppID=UEEditor.Rocket.Release&AppVersion=4.16.1-3466753%2B%2B%2BUE4%2BRelease-4.16&UserID=e75bf06f4dbaf8d917b08da130f32e38%7C54599e2502c348eaa2dcfcee6f72aaa4%7C411fcffc-e69f-4d70-aa8f-b0f32a2cf60e&AppEnvironment=datacollector-binary&UploadType=eteventstream] status=Processing
[2017.06.23-19.59.12:032][772]LogModuleManager: Shutting down and abandoning module SSL (40)
[2017.06.23-19.59.12:036][772]LogModuleManager: Shutting down and abandoning module HTTPChunkInstaller (36)
[2017.06.23-19.59.12:036][772]LogModuleManager: Shutting down and abandoning module AnimationModifiers (34)
[2017.06.23-19.59.12:036][772]LogModuleManager: Shutting down and abandoning module PropertyEditor (33)
[2017.06.23-19.59.12:036][772]LogModuleManager: Shutting down and abandoning module AudioEditor (30)
[2017.06.23-19.59.12:036][772]LogModuleManager: Shutting down and abandoning module TextureCompressor (28)
[2017.06.23-19.59.12:037][772]LogModuleManager: Shutting down and abandoning module ShaderCore (26)
[2017.06.23-19.59.12:037][772]LogModuleManager: Shutting down and abandoning module Landscape (24)
[2017.06.23-19.59.12:037][772]LogModuleManager: Shutting down and abandoning module SlateRHIRenderer (22)
[2017.06.23-19.59.12:039][772]LogModuleManager: Shutting down and abandoning module OpenGLDrv (20)
[2017.06.23-19.59.12:039][772]LogModuleManager: Shutting down and abandoning module D3D11RHI (18)
[2017.06.23-19.59.12:039][772]LogModuleManager: Shutting down and abandoning module AnimGraphRuntime (16)
[2017.06.23-19.59.12:039][772]LogModuleManager: Shutting down and abandoning module Renderer (14)
[2017.06.23-19.59.12:039][772]LogModuleManager: Shutting down and abandoning module Engine (12)
[2017.06.23-19.59.12:039][772]LogModuleManager: Shutting down and abandoning module CoreUObject (10)
[2017.06.23-19.59.12:039][772]LogModuleManager: Shutting down and abandoning module NetworkFile (8)
[2017.06.23-19.59.12:039][772]LogModuleManager: Shutting down and abandoning module StreamingFile (6)
[2017.06.23-19.59.12:039][772]LogModuleManager: Shutting down and abandoning module SandboxFile (4)
[2017.06.23-19.59.12:039][772]LogModuleManager: Shutting down and abandoning module PakFile (2)
[2017.06.23-19.59.12:043][772]LogExit: Exiting.
[2017.06.23-19.59.12:086][772]Log file closed, 06/23/17 12:59:12
=======
[2017.06.23-19.21.28:471][  0]LogInit: Selected Device Profile: [Windows]
[2017.06.23-19.21.28:471][  0]LogInit: Applying CVar settings loaded from the selected device profile: [Windows]
[2017.06.23-19.21.28:479][  0]LogInit: Computer: DESKTOP-6MFT485
[2017.06.23-19.21.28:479][  0]LogInit: User: JustinWells20
[2017.06.23-19.21.28:479][  0]LogInit: CPU Page size=4096, Cores=4
[2017.06.23-19.21.28:479][  0]LogInit: High frequency timer resolution =3.328129 MHz
[2017.06.23-19.21.28:480][  0]LogMemory: Memory total: Physical=15.9GB (16GB approx)
[2017.06.23-19.21.28:480][  0]LogMemory: Platform Memory Stats for Windows
[2017.06.23-19.21.28:480][  0]LogMemory: Process Physical Memory: 274.23 MB used, 274.23 MB peak
[2017.06.23-19.21.28:480][  0]LogMemory: Process Virtual Memory: 266.63 MB used, 266.63 MB peak
[2017.06.23-19.21.28:480][  0]LogMemory: Physical Memory: 2679.26 MB used,  13642.48 MB free, 16321.74 MB total
[2017.06.23-19.21.28:480][  0]LogMemory: Virtual Memory: 651.38 MB used,  13642.48 MB free, 134217728.00 MB total
[2017.06.23-19.21.28:529][  0]LogInit: Using OS detected language (en-US).
[2017.06.23-19.21.28:529][  0]LogInit: Using OS detected locale (en-US).
[2017.06.23-19.21.28:531][  0]LogTextLocalizationManager: No specific localization for 'en-US' exists, so the 'en' localization will be used.
[2017.06.23-19.21.29:267][  0]LogD3D11RHI: D3D11 adapters:
[2017.06.23-19.21.29:773][  0]LogD3D11RHI:    0. 'NVIDIA GeForce GTX 1070' (Feature Level 11_0)
[2017.06.23-19.21.29:773][  0]LogD3D11RHI:       8119/0/8160 MB DedicatedVideo/DedicatedSystem/SharedSystem, Outputs:2, VendorId:0x10de
[2017.06.23-19.21.29:774][  0]LogD3D11RHI:    1. 'Microsoft Basic Render Driver' (Feature Level 11_0)
[2017.06.23-19.21.29:774][  0]LogD3D11RHI:       0/0/8160 MB DedicatedVideo/DedicatedSystem/SharedSystem, Outputs:0, VendorId:0x1414
[2017.06.23-19.21.29:774][  0]LogD3D11RHI: Chosen D3D11 Adapter: 0
[2017.06.23-19.21.29:779][  0]LogD3D11RHI: Creating new Direct3DDevice
[2017.06.23-19.21.29:779][  0]LogD3D11RHI:     GPU DeviceId: 0x1b81 (for the marketing name, search the web for "GPU Device Id")
[2017.06.23-19.21.29:779][  0]LogWindows: EnumDisplayDevices:
[2017.06.23-19.21.29:779][  0]LogWindows:    0. 'NVIDIA GeForce GTX 1070' (P:0 D:1)
[2017.06.23-19.21.29:779][  0]LogWindows:    1. 'NVIDIA GeForce GTX 1070' (P:1 D:1)
[2017.06.23-19.21.29:779][  0]LogWindows:    2. 'NVIDIA GeForce GTX 1070' (P:0 D:0)
[2017.06.23-19.21.29:779][  0]LogWindows:    3. 'NVIDIA GeForce GTX 1070' (P:0 D:0)
[2017.06.23-19.21.29:779][  0]LogWindows: DebugString: FoundDriverCount:4 
[2017.06.23-19.21.29:779][  0]LogD3D11RHI:     Adapter Name: NVIDIA GeForce GTX 1070
[2017.06.23-19.21.29:779][  0]LogD3D11RHI:   Driver Version: 382.05 (internal:22.21.13.8205, unified:382.05)
[2017.06.23-19.21.29:779][  0]LogD3D11RHI:      Driver Date: 5-1-2017
[2017.06.23-19.21.29:779][  0]LogRHI: Texture pool is 1361 MB (70% of 1945 MB)
[2017.06.23-19.21.30:249][  0]LogD3D11RHI: Async texture creation enabled
[2017.06.23-19.21.30:277][  0]LogD3D11RHI: GPU Timing Frequency: 1000.000000 (Debug: 2 1)
[2017.06.23-19.21.30:325][  0]LogShaderCompilers: Guid format shader working directory is -54 characters bigger than the processId version (../../../../../../Users/Justin Wells/Documents/Unreal Projects/InsertNameAdventure/DatBoiEntertainmetnGame/Intermediate/Shaders/WorkingDirectory/10772/).
[2017.06.23-19.21.30:325][  0]LogShaderCompilers: Cleaned the shader compiler working directory 'C:/Users/Justin Wells/AppData/Local/Temp/UnrealShaderWorkingDir/B578FEB2471193130D4C3EB61BB5222D/'.
[2017.06.23-19.21.30:325][  0]LogShaderCompilers:Display: Using Local Shader Compiler.
[2017.06.23-19.21.31:167][  0]LogTemp:Display: Loaded TP AllDesktopTargetPlatform
[2017.06.23-19.21.31:207][  0]LogTemp:Display: Loaded TP MacClientTargetPlatform
[2017.06.23-19.21.31:247][  0]LogTemp:Display: Loaded TP MacNoEditorTargetPlatform
[2017.06.23-19.21.31:287][  0]LogTemp:Display: Loaded TP MacServerTargetPlatform
[2017.06.23-19.21.31:326][  0]LogTemp:Display: Loaded TP MacTargetPlatform
[2017.06.23-19.21.31:365][  0]LogTemp:Display: Loaded TP WindowsClientTargetPlatform
[2017.06.23-19.21.31:405][  0]LogTemp:Display: Loaded TP WindowsNoEditorTargetPlatform
[2017.06.23-19.21.31:444][  0]LogTemp:Display: Loaded TP WindowsServerTargetPlatform
[2017.06.23-19.21.31:477][  0]LogTemp:Display: Loaded TP WindowsTargetPlatform
[2017.06.23-19.21.31:515][  0]LogTemp:Display: Loaded TP AndroidTargetPlatform
[2017.06.23-19.21.31:555][  0]LogTemp:Display: Loaded TP Android_ASTCTargetPlatform
[2017.06.23-19.21.31:592][  0]LogTemp:Display: Loaded TP Android_ATCTargetPlatform
[2017.06.23-19.21.31:631][  0]LogTemp:Display: Loaded TP Android_DXTTargetPlatform
[2017.06.23-19.21.31:669][  0]LogTemp:Display: Loaded TP Android_ETC1TargetPlatform
[2017.06.23-19.21.31:707][  0]LogTemp:Display: Loaded TP Android_ETC2TargetPlatform
[2017.06.23-19.21.31:784][  0]LogTemp:Display: Loaded TP Android_MultiTargetPlatform
[2017.06.23-19.21.31:784][  0]LogTemp:Display: Loaded TP Android_PVRTCTargetPlatform
[2017.06.23-19.21.31:814][  0]LogTemp:Display: Loaded TP HTML5TargetPlatform
[2017.06.23-19.21.31:891][  0]LogTemp:Display: Loaded TP IOSTargetPlatform
[2017.06.23-19.21.31:915][  0]LogTemp:Display: Loaded TP TVOSTargetPlatform
[2017.06.23-19.21.31:953][  0]LogTemp:Display: Loaded TP LinuxClientTargetPlatform
[2017.06.23-19.21.31:991][  0]LogTemp:Display: Loaded TP LinuxNoEditorTargetPlatform
[2017.06.23-19.21.32:028][  0]LogTemp:Display: Loaded TP LinuxServerTargetPlatform
[2017.06.23-19.21.32:067][  0]LogTemp:Display: Loaded TP LinuxTargetPlatform
[2017.06.23-19.21.32:067][  0]LogTargetPlatformManager:Display: Building Assets For Windows
[2017.06.23-19.21.32:433][  0]LogDerivedDataCache:Display: Max Cache Size: 512 MB
[2017.06.23-19.21.32:512][  0]LogDerivedDataCache: Loaded boot cache 0.08s 90MB C:/Users/Justin Wells/AppData/Local/UnrealEngine/4.16/DerivedDataCache/Boot.ddc.
[2017.06.23-19.21.32:512][  0]LogDerivedDataCache:Display: Loaded Boot cache: C:/Users/Justin Wells/AppData/Local/UnrealEngine/4.16/DerivedDataCache/Boot.ddc
[2017.06.23-19.21.32:512][  0]LogDerivedDataCache: FDerivedDataBackendGraph:  Pak pak cache file ../../../../../../Users/Justin Wells/Documents/Unreal Projects/InsertNameAdventure/DatBoiEntertainmetnGame/DerivedDataCache/DDC.ddp not found, will not use a pak cache.
[2017.06.23-19.21.32:512][  0]LogDerivedDataCache: Unable to find inner node Pak for hierarchical cache Hierarchy.
[2017.06.23-19.21.32:512][  0]LogDerivedDataCache: FDerivedDataBackendGraph:  CompressedPak pak cache file ../../../../../../Users/Justin Wells/Documents/Unreal Projects/InsertNameAdventure/DatBoiEntertainmetnGame/DerivedDataCache/Compressed.ddp not found, will not use a pak cache.
[2017.06.23-19.21.32:512][  0]LogDerivedDataCache: Unable to find inner node CompressedPak for hierarchical cache Hierarchy.
[2017.06.23-19.21.32:525][  0]LogDerivedDataCache:Display: Pak cache opened for reading ../../../Engine/DerivedDataCache/Compressed.ddp.
[2017.06.23-19.21.32:537][  0]LogDerivedDataCache: Using Local data cache path C:/Users/Justin Wells/AppData/Local/UnrealEngine/Common/DerivedDataCache: Writable
[2017.06.23-19.21.32:546][  0]LogMaterial: Verifying Global Shaders for PCD3D_SM5
[2017.06.23-19.21.32:546][  0]LogSlate: Using Freetype 2.6.0
[2017.06.23-19.21.32:547][  0]LogSlate: SlateFontCache - WITH_FREETYPE: 1, WITH_HARFBUZZ: 1
[2017.06.23-19.21.32:547][  0]LogSlate: SlateFontCache - WITH_FREETYPE: 1, WITH_HARFBUZZ: 1
[2017.06.23-19.21.32:803][  0]LogInit: Selected Device Profile: [Windows]
[2017.06.23-19.21.32:866][  0]LogContentStreaming: Texture pool size is 0.00 MB
[2017.06.23-19.21.32:989][  0]LogMeshUtilities: Using QuadricMeshReduction for automatic static mesh reduction
[2017.06.23-19.21.33:022][  0]LogSimplygon: Simplygon DLL not present - disabling.
[2017.06.23-19.21.33:057][  0]LogMeshUtilities: Using SimplygonSwarm for distributed automatic mesh merging
[2017.06.23-19.21.33:057][  0]LogMeshUtilities: No automatic skeletal mesh reduction module available
[2017.06.23-19.21.33:057][  0]LogMeshUtilities: No automatic mesh merging module available
[2017.06.23-19.21.33:504][  0]LogNetVersion: InsertNameAdventure , NetCL: 3452394, EngineNetVer: 2, GameNetVer: 0 (Checksum: 1278457987)
[2017.06.23-19.21.33:559][  0]LogAssetRegistry: FAssetRegistry took 0.0253 seconds to start up
[2017.06.23-19.21.33:605][  0]LogPackageLocalizationCache: Processed 4 localized package path(s) for 2 prioritized culture(s) in 0.026543 seconds
[2017.06.23-19.21.33:610][  0]LogUObjectArray: 34194 objects as part of root set at end of initial load.
[2017.06.23-19.21.33:610][  0]LogUObjectAllocator: 7260424 out of 0 bytes used by permanent object pool.
[2017.06.23-19.21.33:610][  0]LogUObjectArray: CloseDisregardForGC: 0/0 objects in disregard for GC pool
[2017.06.23-19.21.33:659][  0]LogInit: WinSock: version 1.1 (2.2), MaxSocks=32767, MaxUdp=65467
[2017.06.23-19.21.35:508][  0]LogTcpMessaging: Initializing TcpMessaging bridge
[2017.06.23-19.21.35:540][  0]LogUdpMessaging: Initializing bridge on interface 0.0.0.0:0 to multicast group 230.0.0.1:6666.
[2017.06.23-19.21.35:979][  0]LogMaterial: Uniform references updated for custom material expression Custom.
[2017.06.23-19.21.36:284][  0]SourceControl: Info Source control is disabled
[2017.06.23-19.21.37:187][  0]LogAndroidPermission: UAndroidPermissionCallbackProxy::GetInstance
[2017.06.23-19.21.37:636][  0]LogEngine: Initializing Engine...
[2017.06.23-19.21.37:652][  0]LogHMD: Failed to initialize OpenVR with code 126
[2017.06.23-19.21.37:841][  0]LogStats: UGameplayTagsManager::ConstructGameplayTagTree: Construct from data asset -  0.000 s
[2017.06.23-19.21.37:841][  0]LogStats: UGameplayTagsManager::ConstructGameplayTagTree: GameplayTagTreeChangedEvent.Broadcast -  0.000 s
[2017.06.23-19.21.37:947][  0]LogAIModule: Creating AISystem for world Untitled
[2017.06.23-19.21.37:960][  0]LogInit: XAudio2 using 'Speakers (High Definition Audio Device)' : 2 channels at 48 kHz using 16 bits per sample (channel mask 0x3)
[2017.06.23-19.21.37:982][  0]LogInit: FAudioDevice initialized.
[2017.06.23-19.21.38:020][  0]LogDerivedDataCache: Saved boot cache 0.04s 90MB C:/Users/Justin Wells/AppData/Local/UnrealEngine/4.16/DerivedDataCache/Boot.ddc.
[2017.06.23-19.21.38:027][  0]LogInit: Texture streaming: Enabled
[2017.06.23-19.21.38:108][  0]LogEngineSessionManager: EngineSessionManager initialized
[2017.06.23-19.21.38:276][  0]LogInit: Transaction tracking system initialized
[2017.06.23-19.21.38:516][  0]BlueprintLog: New page: Editor Load
[2017.06.23-19.21.39:235][  0]LocalizationService: Info Localization service is disabled
[2017.06.23-19.21.39:752][  0]LogConsoleResponse:Display: 
[2017.06.23-19.21.39:879][  0]LogCook:Display: Max memory allowance for cook 16384mb min free memory 0mb
[2017.06.23-19.21.39:879][  0]LogCook:Display: Mobile HDR setting 1
[2017.06.23-19.21.40:629][  0]LogFileCache: Scanning file cache for directory 'C:/Users/Justin Wells/Documents/Unreal Projects/InsertNameAdventure/DatBoiEntertainmetnGame/Content/' took 0.01s
[2017.06.23-19.21.40:801][  0]LogSlate: Took 0.000185 seconds to synchronously load lazily loaded font '../../../Engine/Content/Slate/Fonts/Roboto-Regular.ttf' (155K)
[2017.06.23-19.22.13:769][  0]LogWindowsTextInputMethodSystem:Display: IME system now deactivated.
[2017.06.23-19.22.13:777][  0]LightingResults: New page: Lighting Build
[2017.06.23-19.22.13:810][  0]MapCheck: New page: Map Check
[2017.06.23-19.22.13:810][  0]LightingResults: New page: Lighting Build
[2017.06.23-19.22.13:821][  0]LogAIModule: Creating AISystem for world Untitled
[2017.06.23-19.22.13:823][  0]LoadErrors: New page: New Map
[2017.06.23-19.22.13:919][  0]LogWindowsTextInputMethodSystem:Display: IME system now deactivated.
[2017.06.23-19.22.14:047][  0]LogCollectionManager: Loaded 0 collections in 0.001291 seconds
[2017.06.23-19.22.14:116][  0]LogFileCache: Scanning file cache for directory 'C:/Users/Justin Wells/Documents/Unreal Projects/InsertNameAdventure/DatBoiEntertainmetnGame/Saved/Collections/' took 0.01s
[2017.06.23-19.22.14:116][  0]LogFileCache: Scanning file cache for directory 'C:/Users/Justin Wells/Documents/Unreal Projects/InsertNameAdventure/DatBoiEntertainmetnGame/Content/Developers/JustinWells20/Collections/' took 0.01s
[2017.06.23-19.22.14:116][  0]LogFileCache: Scanning file cache for directory 'C:/Users/Justin Wells/Documents/Unreal Projects/InsertNameAdventure/DatBoiEntertainmetnGame/Content/Collections/' took 0.01s
[2017.06.23-19.22.14:116][  0]LogCollectionManager: Rebuilt the GUID cache for 0 collections in 0.000002 seconds
[2017.06.23-19.22.14:124][  0]LogContentBrowser: Native class hierarchy populated in 0.0068 seconds. Added 2329 classes and 491 folders.
[2017.06.23-19.22.14:176][  0]LogContentBrowser: Native class hierarchy updated for 'WidgetCarousel' in 0.0004 seconds. Added 0 classes and 0 folders.
[2017.06.23-19.22.14:202][  0]LogContentBrowser: Native class hierarchy updated for 'AddContentDialog' in 0.0004 seconds. Added 0 classes and 0 folders.
[2017.06.23-19.22.14:236][  0]LogContentBrowser: Native class hierarchy updated for 'SceneOutliner' in 0.0004 seconds. Added 1 classes and 2 folders.
[2017.06.23-19.22.14:258][  0]LogCrashTracker: Crashtracker disabled due to settings.
[2017.06.23-19.22.14:266][  0]LogSlate: Took 0.000148 seconds to synchronously load lazily loaded font '../../../Engine/Content/Slate/Fonts/Roboto-Bold.ttf' (160K)
[2017.06.23-19.22.14:268][  0]LogSlate: Took 0.000128 seconds to synchronously load lazily loaded font '../../../Engine/Content/Editor/Slate/Fonts/FontAwesome.ttf' (139K)
[2017.06.23-19.22.14:366][  0]LogRenderer: Reallocating scene render targets to support 2556x936 NumSamples 1 (Frame:1).
[2017.06.23-19.22.14:515][  0]LogUObjectGlobals:Warning: Failed to find object 'Class None.'
[2017.06.23-19.22.14:569][  0]LogContentBrowser: Native class hierarchy updated for 'HierarchicalLODOutliner' in 0.0005 seconds. Added 1 classes and 2 folders.
[2017.06.23-19.22.14:569][  0]LogLoad: (Engine Initialization) Total time: 47.35 seconds
[2017.06.23-19.22.14:569][  0]LogLoad: (Engine Initialization) Total Blueprint compile time: 0.03 seconds
[2017.06.23-19.22.14:569][  0]LogExternalProfiler: No external profilers were discovered.  External profiling features will not be available.
[2017.06.23-19.22.14:581][  0]LogOcInput: OculusInput pre-init called
[2017.06.23-19.22.14:581][  0]LogHMD: Starting GearVRController plugin
[2017.06.23-19.22.14:595][  0]LogAssetRegistry: Asset discovery search completed in 41.0575 seconds
[2017.06.23-19.22.14:597][  0]LogCollectionManager: Rebuilt the object cache for 0 collections in 0.000003 seconds (found 0 objects)
[2017.06.23-19.22.14:597][  0]LogCollectionManager: Fixed up redirectors for 0 collections in 0.000020 seconds (updated 0 objects)
[2017.06.23-19.22.14:598][  0]SourceControl: Info On branch V1.5.1
[2017.06.23-19.22.14:598][  0]SourceControl: Info Your branch is up-to-date with 'origin/V1.5.1'.
[2017.06.23-19.22.14:598][  0]SourceControl: Info Changes not staged for commit:
[2017.06.23-19.22.14:598][  0]SourceControl: Info   (use "git add/rm <file>..." to update what will be committed)
[2017.06.23-19.22.14:598][  0]SourceControl: Info   (use "git checkout -- <file>..." to discard changes in working directory)
[2017.06.23-19.22.14:598][  0]SourceControl: Info 	modified:   Intermediate/CachedAssetRegistry.bin
[2017.06.23-19.22.14:598][  0]SourceControl: Info 	modified:   Saved/Config/Windows/Editor.ini
[2017.06.23-19.22.14:598][  0]SourceControl: Info 	modified:   Saved/Config/Windows/EditorPerProjectUserSettings.ini
[2017.06.23-19.22.14:598][  0]SourceControl: Info 	modified:   Saved/Config/Windows/Engine.ini
[2017.06.23-19.22.14:598][  0]SourceControl: Info 	deleted:    Saved/Logs/InsertNameAdventure-backup-2017.06.20-19.58.32.log
[2017.06.23-19.22.14:598][  0]SourceControl: Info 	modified:   Saved/Logs/InsertNameAdventure.log
[2017.06.23-19.22.14:598][  0]SourceControl: Info Untracked files:
[2017.06.23-19.22.14:598][  0]SourceControl: Info   (use "git add <file>..." to include in what will be committed)
[2017.06.23-19.22.14:598][  0]SourceControl: Info 	Saved/Config/CrashReportClient/UE4CC-Windows-2F1FA13F4C12A6F0BD4FF480D796E6F7/
[2017.06.23-19.22.14:598][  0]SourceControl: Info 	Saved/Logs/InsertNameAdventure-backup-2017.06.23-13.21.28.log
[2017.06.23-19.22.14:598][  0]SourceControl: Info no changes added to commit (use "git add" and/or "git commit -a")
[2017.06.23-19.22.14:598][  0]LogContentStreaming: Texture pool size now 1000 MB
[2017.06.23-19.22.14:624][  0]LogSlate: Took 0.000162 seconds to synchronously load lazily loaded font '../../../Engine/Content/Slate/Fonts/Roboto-Light.ttf' (159K)
[2017.06.23-19.42.32:904][872]LogSlate: Took 0.000156 seconds to synchronously load lazily loaded font '../../../Engine/Content/Slate/Fonts/Roboto-Light.ttf' (159K)
[2017.06.23-19.42.32:962][872]LogFactory: FactoryCreateFile: Texture with ReimportTextureFactory (0 0 ../../../../../../Users/Justin Wells/Desktop/UE4 Art/PNG's/Rain Forrest Assets/dirt mound left and right sheet.png)
[2017.06.23-19.42.32:965][872]LogTexture:Display: Building textures: dirt_mound_left_and_right_sheet (AutoDXT, 32X32)
[2017.06.23-19.42.39:246][605]LogTexture:Display: Building textures: dirt_mound_left_and_right_sheet (BGRA8, 32X32)
[2017.06.23-19.42.42:616][998]LogSlate: Took 0.000220 seconds to synchronously load lazily loaded font '../../../Engine/Content/Editor/Slate/Fonts/Roboto-BoldCondensed.ttf' (158K)
[2017.06.23-19.43.14:230][564]LogSavePackage: Save=6.75ms
[2017.06.23-19.43.14:230][564]LogSavePackage: Moving '../../../../../../Users/Justin Wells/Documents/Unreal Projects/InsertNameAdventure/DatBoiEntertainmetnGame/Saved/dirt_mound_left_and_right_sheet_Sprite_04AFF9727488E064CDAAE1D8FBCF5344F.tmp' to '../../../../../../Users/Justin Wells/Documents/Unreal Projects/InsertNameAdventure/DatBoiEntertainmetnGame/Content/2DSideScrollerBP/Maps/Levels/LevelSprites/Sprites/Rain_Forrest_Sprites/dirt_mound_left_and_right_sheet_Sprite_0.uasset'
[2017.06.23-19.43.14:233][564]LogSavePackage:Display: Finished SavePackage ../../../../../../Users/Justin Wells/Documents/Unreal Projects/InsertNameAdventure/DatBoiEntertainmetnGame/Content/2DSideScrollerBP/Maps/Levels/LevelSprites/Sprites/Rain_Forrest_Sprites/dirt_mound_left_and_right_sheet_Sprite_0.uasset
[2017.06.23-19.43.17:090][874]LogSavePackage: Save=5.73ms
[2017.06.23-19.43.17:090][874]LogSavePackage: Moving '../../../../../../Users/Justin Wells/Documents/Unreal Projects/InsertNameAdventure/DatBoiEntertainmetnGame/Saved/dirt_mound_left_and_right_sheet_Sprite_1A4D6DEEC44E238F72B1224984B704636.tmp' to '../../../../../../Users/Justin Wells/Documents/Unreal Projects/InsertNameAdventure/DatBoiEntertainmetnGame/Content/2DSideScrollerBP/Maps/Levels/LevelSprites/Sprites/Rain_Forrest_Sprites/dirt_mound_left_and_right_sheet_Sprite_1.uasset'
[2017.06.23-19.43.17:093][874]LogSavePackage:Display: Finished SavePackage ../../../../../../Users/Justin Wells/Documents/Unreal Projects/InsertNameAdventure/DatBoiEntertainmetnGame/Content/2DSideScrollerBP/Maps/Levels/LevelSprites/Sprites/Rain_Forrest_Sprites/dirt_mound_left_and_right_sheet_Sprite_1.uasset
[2017.06.23-19.43.46:742][369]Cmd: MODE GRID=0
[2017.06.23-19.46.40:243][ 53]LogSavePackage: Save=6.45ms
[2017.06.23-19.46.40:243][ 53]LogSavePackage: Moving '../../../../../../Users/Justin Wells/Documents/Unreal Projects/InsertNameAdventure/DatBoiEntertainmetnGame/Saved/dirt_mound_left_and_right_sheet_TileSet8D9FF21C427BD13498B3608AC3290C1F.tmp' to '../../../../../../Users/Justin Wells/Documents/Unreal Projects/InsertNameAdventure/DatBoiEntertainmetnGame/Content/2DSideScrollerBP/Maps/Levels/LevelSprites/Sprites/Rain_Forrest_Sprites/dirt_mound_left_and_right_sheet_TileSet.uasset'
[2017.06.23-19.46.40:245][ 53]LogSavePackage:Display: Finished SavePackage ../../../../../../Users/Justin Wells/Documents/Unreal Projects/InsertNameAdventure/DatBoiEntertainmetnGame/Content/2DSideScrollerBP/Maps/Levels/LevelSprites/Sprites/Rain_Forrest_Sprites/dirt_mound_left_and_right_sheet_TileSet.uasset
[2017.06.23-19.46.47:400][889]SourceControl: Info fatal: C:/Program Files/Epic Games/UE_4.16/Engine/Content/: 'C:/Program Files/Epic Games/UE_4.16/Engine/Content/' is outside repository
[2017.06.23-19.46.55:531][889]LogSourceControl: FGitCheckInWorker: commit successful
[2017.06.23-19.46.55:573][889]SourceControl: Info [V1.5.1 0e57b9c] The Dirt Update
[2017.06.23-19.46.55:573][889]SourceControl: Info  3 files changed, 0 insertions(+), 0 deletions(-)
[2017.06.23-19.46.55:573][889]SourceControl: Info  create mode 100644 Content/2DSideScrollerBP/Maps/Levels/LevelSprites/Sprites/Rain_Forrest_Sprites/dirt_mound_left_and_right_sheet_Sprite_0.uasset
[2017.06.23-19.46.55:573][889]SourceControl: Info  create mode 100644 Content/2DSideScrollerBP/Maps/Levels/LevelSprites/Sprites/Rain_Forrest_Sprites/dirt_mound_left_and_right_sheet_Sprite_1.uasset
[2017.06.23-19.46.55:573][889]SourceControl: Info  create mode 100644 Content/2DSideScrollerBP/Maps/Levels/LevelSprites/Sprites/Rain_Forrest_Sprites/dirt_mound_left_and_right_sheet_TileSet.uasset
[2017.06.23-19.46.55:579][889]SourceControl: Info Commited [V1.5.1 0e57b9c] The Dirt Update.
>>>>>>> b33dd4c886a1c4fd0e2d957ddb27ff25341bf1b0
