Log file open, 12/15/17 17:50:03
LogWindows: Failed to load 'aqProf.dll' (GetLastError=126)
LogWindows: File 'aqProf.dll' does not exist
LogWindows: Failed to load 'VSPerf140.dll' (GetLastError=126)
LogWindows: File 'VSPerf140.dll' does not exist
LogWindows: Failed to load 'VtuneApi.dll' (GetLastError=126)
LogWindows: File 'VtuneApi.dll' does not exist
LogWindows: Failed to load 'VtuneApi32e.dll' (GetLastError=126)
LogWindows: File 'VtuneApi32e.dll' does not exist
LogInit: Display: Running engine for game: InsertNameAdventure
LogPlatformFile: Not using cached read wrapper
LogInit: Display: RandInit(-1017372386) SRandInit(-1017372386).
LogInit: Read version file with build ID '3709383'
LogInit: Overriding engine version to CL 3754814, compatible CL 3709383
LogInit: Registered custom module enumerator with build ID '3709383'
LogTaskGraph: Started task graph with 5 named threads and 14 total threads with 3 sets of task threads.
LogStats: Stats thread started at 0.587832
LogD3D11RHI: Aftermath initialized
LogModuleManager: Display: Found up-to-date module file ../../../Engine/Plugins/2D/Paper2D/Binaries/Win64/UE4Editor-Paper2D.dll (API version 3709383).
LogModuleManager: Display: Found up-to-date module file ../../../Engine/Plugins/2D/Paper2D/Binaries/Win64/UE4Editor-Paper2DEditor.dll (API version 3709383).
LogModuleManager: Display: Found up-to-date module file ../../../Engine/Plugins/2D/Paper2D/Binaries/Win64/UE4Editor-PaperSpriteSheetImporter.dll (API version 3709383).
LogModuleManager: Display: Found up-to-date module file ../../../Engine/Plugins/2D/Paper2D/Binaries/Win64/UE4Editor-PaperTiledImporter.dll (API version 3709383).
LogModuleManager: Display: Found up-to-date module file ../../../Engine/Plugins/2D/Paper2D/Binaries/Win64/UE4Editor-SmartSnapping.dll (API version 3709383).
LogModuleManager: Display: Found up-to-date module file ../../../Engine/Plugins/Blendables/LightPropagationVolume/Binaries/Win64/UE4Editor-LightPropagationVolumeRuntime.dll (API version 3709383).
LogModuleManager: Display: Found up-to-date module file ../../../Engine/Plugins/Blendables/LightPropagationVolume/Binaries/Win64/UE4Editor-LightPropagationVolumeEditor.dll (API version 3709383).
LogModuleManager: Display: Found up-to-date module file ../../../Engine/Plugins/Developer/GitSourceControl/Binaries/Win64/UE4Editor-GitSourceControl.dll (API version 3709383).
LogModuleManager: Display: Found up-to-date module file ../../../Engine/Plugins/Developer/PerforceSourceControl/Binaries/Win64/UE4Editor-PerforceSourceControl.dll (API version 3709383).
LogModuleManager: Display: Found up-to-date module file ../../../Engine/Plugins/Developer/SubversionSourceControl/Binaries/Win64/UE4Editor-SubversionSourceControl.dll (API version 3709383).
LogModuleManager: Display: Found up-to-date module file ../../../Engine/Plugins/Developer/UObjectPlugin/Binaries/Win64/UE4Editor-UObjectPlugin.dll (API version 3709383).
LogModuleManager: Display: Found up-to-date module file ../../../Engine/Plugins/Developer/VisualStudioCodeSourceCodeAccess/Binaries/Win64/UE4Editor-VisualStudioCodeSourceCodeAccess.dll (API version 3709383).
LogModuleManager: Display: Found up-to-date module file ../../../Engine/Plugins/Developer/VisualStudioSourceCodeAccess/Binaries/Win64/UE4Editor-VisualStudioSourceCodeAccess.dll (API version 3709383).
LogModuleManager: Display: Found up-to-date module file ../../../Engine/Plugins/Editor/AssetManagerEditor/Binaries/Win64/UE4Editor-AssetManagerEditor.dll (API version 3709383).
LogModuleManager: Display: Found up-to-date module file ../../../Engine/Plugins/Editor/AudioCapture/Binaries/Win64/UE4Editor-AudioCapture.dll (API version 3709383).
LogModuleManager: Display: Found up-to-date module file ../../../Engine/Plugins/Editor/FacialAnimation/Binaries/Win64/UE4Editor-FacialAnimation.dll (API version 3709383).
LogModuleManager: Display: Found up-to-date module file ../../../Engine/Plugins/Editor/FacialAnimation/Binaries/Win64/UE4Editor-FacialAnimationEditor.dll (API version 3709383).
LogModuleManager: Display: Found up-to-date module file ../../../Engine/Plugins/Editor/GameplayTagsEditor/Binaries/Win64/UE4Editor-GameplayTagsEditor.dll (API version 3709383).
LogModuleManager: Display: Found up-to-date module file ../../../Engine/Plugins/Editor/MobileLauncherProfileWizard/Binaries/Win64/UE4Editor-MobileLauncherProfileWizard.dll (API version 3709383).
LogModuleManager: Display: Found up-to-date module file ../../../Engine/Plugins/Editor/PluginBrowser/Binaries/Win64/UE4Editor-PluginBrowser.dll (API version 3709383).
LogModuleManager: Display: Found up-to-date module file ../../../Engine/Plugins/Editor/SpeedTreeImporter/Binaries/Win64/UE4Editor-SpeedTreeImporter.dll (API version 3709383).
LogModuleManager: Display: Found up-to-date module file ../../../Engine/Plugins/Experimental/AlembicImporter/Binaries/Win64/UE4Editor-AlembicImporter.dll (API version 3709383).
LogModuleManager: Display: Found up-to-date module file ../../../Engine/Plugins/Experimental/AlembicImporter/Binaries/Win64/UE4Editor-AlembicLibrary.dll (API version 3709383).
LogModuleManager: Display: Found up-to-date module file ../../../Engine/Plugins/Experimental/CharacterAI/Binaries/Win64/UE4Editor-CharacterAI.dll (API version 3709383).
LogModuleManager: Display: Found up-to-date module file ../../../Engine/Plugins/Experimental/HTML5Networking/Binaries/Win64/UE4Editor-HTML5Networking.dll (API version 3709383).
LogModuleManager: Display: Found up-to-date module file ../../../Engine/Plugins/Media/AndroidMedia/Binaries/Win64/UE4Editor-AndroidMediaEditor.dll (API version 3709383).
LogModuleManager: Display: Found up-to-date module file ../../../Engine/Plugins/Media/AndroidMedia/Binaries/Win64/UE4Editor-AndroidMediaFactory.dll (API version 3709383).
LogModuleManager: Display: Found up-to-date module file ../../../Engine/Plugins/Media/AvfMedia/Binaries/Win64/UE4Editor-AvfMediaEditor.dll (API version 3709383).
LogModuleManager: Display: Found up-to-date module file ../../../Engine/Plugins/Media/AvfMedia/Binaries/Win64/UE4Editor-AvfMediaFactory.dll (API version 3709383).
LogModuleManager: Display: Found up-to-date module file ../../../Engine/Plugins/Media/AvfMedia/Binaries/Win64/UE4Editor-AvfMediaFactory.dll (API version 3709383).
LogModuleManager: Display: Found up-to-date module file ../../../Engine/Plugins/Media/ImgMedia/Binaries/Win64/UE4Editor-ImgMedia.dll (API version 3709383).
LogModuleManager: Display: Found up-to-date module file ../../../Engine/Plugins/Media/ImgMedia/Binaries/Win64/UE4Editor-ImgMediaEditor.dll (API version 3709383).
LogModuleManager: Display: Found up-to-date module file ../../../Engine/Plugins/Media/ImgMedia/Binaries/Win64/UE4Editor-ImgMediaFactory.dll (API version 3709383).
LogModuleManager: Display: Found up-to-date module file ../../../Engine/Plugins/Media/ImgMedia/Binaries/Win64/UE4Editor-ImgMediaFactory.dll (API version 3709383).
LogModuleManager: Display: Found up-to-date module file ../../../Engine/Plugins/Media/ImgMedia/Binaries/Win64/UE4Editor-OpenExrWrapper.dll (API version 3709383).
LogModuleManager: Display: Found up-to-date module file ../../../Engine/Plugins/Media/MediaCompositing/Binaries/Win64/UE4Editor-MediaCompositing.dll (API version 3709383).
LogModuleManager: Display: Found up-to-date module file ../../../Engine/Plugins/Media/MediaCompositing/Binaries/Win64/UE4Editor-MediaCompositingEditor.dll (API version 3709383).
LogModuleManager: Display: Found up-to-date module file ../../../Engine/Plugins/Media/MediaPlayerEditor/Binaries/Win64/UE4Editor-MediaPlayerEditor.dll (API version 3709383).
LogModuleManager: Display: Found up-to-date module file ../../../Engine/Plugins/Media/WmfMedia/Binaries/Win64/UE4Editor-WmfMedia.dll (API version 3709383).
LogModuleManager: Display: Found up-to-date module file ../../../Engine/Plugins/Media/WmfMedia/Binaries/Win64/UE4Editor-WmfMediaEditor.dll (API version 3709383).
LogModuleManager: Display: Found up-to-date module file ../../../Engine/Plugins/Media/WmfMedia/Binaries/Win64/UE4Editor-WmfMediaFactory.dll (API version 3709383).
LogModuleManager: Display: Found up-to-date module file ../../../Engine/Plugins/Media/WmfMedia/Binaries/Win64/UE4Editor-WmfMediaFactory.dll (API version 3709383).
LogModuleManager: Display: Found up-to-date module file ../../../Engine/Plugins/Messaging/TcpMessaging/Binaries/Win64/UE4Editor-TcpMessaging.dll (API version 3709383).
LogModuleManager: Display: Found up-to-date module file ../../../Engine/Plugins/Messaging/UdpMessaging/Binaries/Win64/UE4Editor-UdpMessaging.dll (API version 3709383).
LogModuleManager: Display: Found up-to-date module file ../../../Engine/Plugins/MovieScene/ActorSequence/Binaries/Win64/UE4Editor-ActorSequence.dll (API version 3709383).
LogModuleManager: Display: Found up-to-date module file ../../../Engine/Plugins/MovieScene/LevelSequenceEditor/Binaries/Win64/UE4Editor-LevelSequenceEditor.dll (API version 3709383).
LogModuleManager: Display: Found up-to-date module file ../../../Engine/Plugins/MovieScene/MatineeToLevelSequence/Binaries/Win64/UE4Editor-MatineeToLevelSequence.dll (API version 3709383).
LogModuleManager: Display: Found up-to-date module file ../../../Engine/Plugins/Online/OnlineSubsystem/Binaries/Win64/UE4Editor-OnlineSubsystem.dll (API version 3709383).
LogModuleManager: Display: Found up-to-date module file ../../../Engine/Plugins/Runtime/AndroidPermission/Binaries/Win64/UE4Editor-AndroidPermission.dll (API version 3709383).
LogModuleManager: Display: Found up-to-date module file ../../../Engine/Plugins/Online/OnlineSubsystemNull/Binaries/Win64/UE4Editor-OnlineSubsystemNull.dll (API version 3709383).
LogModuleManager: Display: Found up-to-date module file ../../../Engine/Plugins/Online/OnlineSubsystemUtils/Binaries/Win64/UE4Editor-OnlineSubsystemUtils.dll (API version 3709383).
LogModuleManager: Display: Found up-to-date module file ../../../Engine/Plugins/Online/OnlineSubsystemUtils/Binaries/Win64/UE4Editor-OnlineBlueprintSupport.dll (API version 3709383).
LogModuleManager: Display: Found up-to-date module file ../../../Engine/Plugins/Runtime/AndroidDeviceProfileSelector/Binaries/Win64/UE4Editor-AndroidDeviceProfileSelector.dll (API version 3709383).
LogModuleManager: Display: Found up-to-date module file ../../../Engine/Plugins/Runtime/AppleARKit/Binaries/Win64/UE4Editor-AppleARKit.dll (API version 3709383).
LogModuleManager: Display: Found up-to-date module file ../../../Engine/Plugins/Runtime/ArchVisCharacter/Binaries/Win64/UE4Editor-ArchVisCharacter.dll (API version 3709383).
LogModuleManager: Display: Found up-to-date module file ../../../Engine/Plugins/Runtime/CableComponent/Binaries/Win64/UE4Editor-CableComponent.dll (API version 3709383).
LogModuleManager: Display: Found up-to-date module file ../../../Engine/Plugins/Runtime/CustomMeshComponent/Binaries/Win64/UE4Editor-CustomMeshComponent.dll (API version 3709383).
LogModuleManager: Display: Found up-to-date module file ../../../Engine/Plugins/Runtime/ExampleDeviceProfileSelector/Binaries/Win64/UE4Editor-ExampleDeviceProfileSelector.dll (API version 3709383).
LogModuleManager: Display: Found up-to-date module file ../../../Engine/Plugins/Runtime/ImmediatePhysics/Binaries/Win64/UE4Editor-ImmediatePhysics.dll (API version 3709383).
LogModuleManager: Display: Found up-to-date module file ../../../Engine/Plugins/Runtime/ImmediatePhysics/Binaries/Win64/UE4Editor-ImmediatePhysicsEditor.dll (API version 3709383).
LogModuleManager: Display: Found up-to-date module file ../../../Engine/Plugins/Runtime/LocationServicesBPLibrary/Binaries/Win64/UE4Editor-LocationServicesBPLibrary.dll (API version 3709383).
LogModuleManager: Display: Found up-to-date module file ../../../Engine/Plugins/Runtime/MobilePatchingUtils/Binaries/Win64/UE4Editor-MobilePatchingUtils.dll (API version 3709383).
LogModuleManager: Display: Found up-to-date module file ../../../Engine/Plugins/Runtime/Oculus/OculusVR/Binaries/Win64/UE4Editor-OculusHMD.dll (API version 3709383).
LogModuleManager: Display: Found up-to-date module file ../../../Engine/Plugins/Runtime/Oculus/OculusVR/Binaries/Win64/UE4Editor-OculusInput.dll (API version 3709383).
LogModuleManager: Display: Found up-to-date module file ../../../Engine/Plugins/Runtime/Oculus/OculusVR/Binaries/Win64/UE4Editor-OculusEditor.dll (API version 3709383).
LogModuleManager: Display: Found up-to-date module file ../../../Engine/Plugins/Runtime/PhysXVehicles/Binaries/Win64/UE4Editor-PhysXVehicles.dll (API version 3709383).
LogModuleManager: Display: Found up-to-date module file ../../../Engine/Plugins/Runtime/PhysXVehicles/Binaries/Win64/UE4Editor-PhysXVehiclesEditor.dll (API version 3709383).
LogModuleManager: Display: Found up-to-date module file ../../../Engine/Plugins/Runtime/ProceduralMeshComponent/Binaries/Win64/UE4Editor-ProceduralMeshComponent.dll (API version 3709383).
LogModuleManager: Display: Found up-to-date module file ../../../Engine/Plugins/Runtime/ProceduralMeshComponent/Binaries/Win64/UE4Editor-ProceduralMeshComponentEditor.dll (API version 3709383).
LogModuleManager: Display: Found up-to-date module file ../../../Engine/Plugins/Runtime/RuntimePhysXCooking/Binaries/Win64/UE4Editor-RuntimePhysXCooking.dll (API version 3709383).
LogModuleManager: Display: Found up-to-date module file ../../../Engine/Plugins/Runtime/Steam/SteamVR/Binaries/Win64/UE4Editor-SteamVR.dll (API version 3709383).
LogModuleManager: Display: Found up-to-date module file ../../../Engine/Plugins/Runtime/Steam/SteamVR/Binaries/Win64/UE4Editor-SteamVRController.dll (API version 3709383).
LogModuleManager: Display: Found up-to-date module file ../../../Engine/Plugins/Runtime/WindowsMoviePlayer/Binaries/Win64/UE4Editor-WindowsMoviePlayer.dll (API version 3709383).
LogPluginManager: Mounting plugin Paper2D
LogPluginManager: Mounting plugin LightPropagationVolume
LogPluginManager: Mounting plugin CodeLiteSourceCodeAccess
LogPluginManager: Mounting plugin GitSourceControl
LogPluginManager: Mounting plugin KDevelopSourceCodeAccess
LogPluginManager: Mounting plugin NullSourceCodeAccess
LogPluginManager: Mounting plugin PerforceSourceControl
LogPluginManager: Mounting plugin SubversionSourceControl
LogPluginManager: Mounting plugin UObjectPlugin
LogPluginManager: Mounting plugin VisualStudioCodeSourceCodeAccess
LogPluginManager: Mounting plugin VisualStudioSourceCodeAccess
LogPluginManager: Mounting plugin XCodeSourceCodeAccess
LogPluginManager: Mounting plugin AssetManagerEditor
LogPluginManager: Mounting plugin AudioCapture
LogPluginManager: Mounting plugin FacialAnimation
LogPluginManager: Mounting plugin GameplayTagsEditor
LogPluginManager: Mounting plugin MobileLauncherProfileWizard
LogPluginManager: Mounting plugin PluginBrowser
LogPluginManager: Mounting plugin SpeedTreeImporter
LogPluginManager: Mounting plugin AlembicImporter
LogPluginManager: Mounting plugin CharacterAI
LogPluginManager: Mounting plugin HTML5Networking
LogPluginManager: Mounting plugin AndroidMedia
LogPluginManager: Mounting plugin AvfMedia
LogPluginManager: Mounting plugin ImgMedia
LogPluginManager: Mounting plugin MediaCompositing
LogPluginManager: Mounting plugin MediaPlayerEditor
LogPluginManager: Mounting plugin WmfMedia
LogPluginManager: Mounting plugin TcpMessaging
LogPluginManager: Mounting plugin UdpMessaging
LogPluginManager: Mounting plugin ActorSequence
LogPluginManager: Mounting plugin LevelSequenceEditor
LogPluginManager: Mounting plugin MatineeToLevelSequence
LogPluginManager: Mounting plugin OnlineSubsystemGooglePlay
LogPluginManager: Mounting plugin OnlineSubsystemIOS
LogPluginManager: Mounting plugin OnlineSubsystem
LogPluginManager: Mounting plugin OnlineSubsystemNull
LogPluginManager: Mounting plugin OnlineSubsystemUtils
LogPluginManager: Mounting plugin AndroidDeviceProfileSelector
LogPluginManager: Mounting plugin AndroidMoviePlayer
LogPluginManager: Mounting plugin AndroidPermission
LogPluginManager: Mounting plugin AppleARKit
LogPluginManager: Mounting plugin AppleMoviePlayer
LogPluginManager: Mounting plugin ArchVisCharacter
LogPluginManager: Mounting plugin CableComponent
LogPluginManager: Mounting plugin CustomMeshComponent
LogPluginManager: Mounting plugin ExampleDeviceProfileSelector
LogPluginManager: Mounting plugin GoogleCloudMessaging
LogPluginManager: Mounting plugin ImmediatePhysics
LogPluginManager: Mounting plugin IOSDeviceProfileSelector
LogPluginManager: Mounting plugin LinuxDeviceProfileSelector
LogPluginManager: Mounting plugin LocationServicesBPLibrary
LogPluginManager: Mounting plugin MobilePatchingUtils
LogPluginManager: Mounting plugin OculusVR
LogPluginManager: Plugin shader directory ../../../Engine/Plugins/Runtime/Oculus/OculusVR/Shaders found
LogPluginManager: Mapping shader source directory ../../../Engine/Plugins/Runtime/Oculus/OculusVR/Shaders to virtual directory /Plugin/OculusVR
LogPluginManager: Mounting plugin PhysXVehicles
LogPluginManager: Mounting plugin ProceduralMeshComponent
LogPluginManager: Mounting plugin RuntimePhysXCooking
LogPluginManager: Mounting plugin SteamVR
LogPluginManager: Mounting plugin WindowsMoviePlayer
LogInit: Using libcurl 7.47.1
LogInit:  - built for x86_64-pc-win32
LogInit:  - supports SSL with OpenSSL/1.0.2g
LogInit:  - supports HTTP deflate (compression) using libz 1.2.8
LogInit:  - other features:
LogInit:      CURL_VERSION_SSL
LogInit:      CURL_VERSION_LIBZ
LogInit:      CURL_VERSION_IPV6
LogInit:      CURL_VERSION_ASYNCHDNS
LogInit:      CURL_VERSION_LARGEFILE
LogInit:      CURL_VERSION_IDN
LogInit:  CurlRequestOptions (configurable via config and command line):
LogInit:  - bVerifyPeer = false  - Libcurl will NOT verify peer certificate
LogInit:  - bUseHttpProxy = false  - Libcurl will NOT use HTTP proxy
LogInit:  - bDontReuseConnections = false  - Libcurl will reuse connections
LogInit:  - CertBundlePath = nullptr  - Libcurl will use whatever was configured at build time.
LogInit: Build: ++UE4+Release-4.18-CL-3754814
LogInit: Engine Version: 4.18.1-3754814+++UE4+Release-4.18
LogInit: Compatible Engine Version: 4.18.0-3709383+++UE4+Release-4.18
LogInit: Net CL: 3709383
LogDevObjectVersion: Number of dev versions registered: 16
LogDevObjectVersion:   Dev-Blueprints (B0D832E4-1F89-4F0D-ACCF-7EB736FD4AA2): 10
LogDevObjectVersion:   Dev-Build (E1C64328-A22C-4D53-A36C-8E866417BD8C): 0
LogDevObjectVersion:   Dev-Core (375EC13C-06E4-48FB-B500-84F0262A717E): 2
LogDevObjectVersion:   Dev-Editor (E4B068ED-F494-42E9-A231-DA0B2E46BB41): 20
LogDevObjectVersion:   Dev-Framework (CFFC743F-43B0-4480-9391-14DF171D2073): 30
LogDevObjectVersion:   Dev-Mobile (B02B49B5-BB20-44E9-A304-32B752E40360): 0
LogDevObjectVersion:   Dev-Networking (A4E4105C-59A1-49B5-A7C5-40C4547EDFEE): 0
LogDevObjectVersion:   Dev-Online (39C831C9-5AE6-47DC-9A44-9C173E1C8E7C): 0
LogDevObjectVersion:   Dev-Physics (78F01B33-EBEA-4F98-B9B4-84EACCB95AA2): 0
LogDevObjectVersion:   Dev-Platform (6631380F-2D4D-43E0-8009-CF276956A95A): 0
LogDevObjectVersion:   Dev-Rendering (12F88B9F-8875-4AFC-A67C-D90C383ABD29): 20
LogDevObjectVersion:   Dev-Sequencer (7B5AE74C-D270-4C10-A958-57980B212A5A): 4
LogDevObjectVersion:   Dev-VR (D7296918-1DD6-4BDD-9DE2-64A83CC13884): 0
LogDevObjectVersion:   Dev-LoadTimes (C2A15278-BFE7-4AFE-6C17-90FF531DF755): 1
LogDevObjectVersion:   Private-Geometry (6EACA3D4-40EC-4CC1-B786-8BED09428FC5): 1
LogDevObjectVersion:   Dev-AnimPhys (29E575DD-E0A3-4627-9D10-D276232CDCEA): 12
LogInit: Compiled (64-bit): Nov 14 2017 02:05:55
LogInit: Compiled with Visual C++: 19.00.24215.01
LogInit: Build Configuration: Development
LogInit: Branch Name: ++UE4+Release-4.18
LogInit: Command line:  
LogInit: Base directory: C:/Program Files/Epic Games/UE_4.18/Engine/Binaries/Win64/
LogInit: Installed Engine Build: 1
LogInit: Presizing for max 8388607 objects, including 0 objects not considered by GC, pre-allocating 0 bytes for permanent pool.
LogInit: Object subsystem initialized
[2017.12.16-00.50.05:016][  0]LogInit: Selected Device Profile: [Windows]
[2017.12.16-00.50.05:016][  0]LogInit: Applying CVar settings loaded from the selected device profile: [Windows]
[2017.12.16-00.50.05:041][  0]LogInit: Computer: DESKTOP-OMJHMSB
[2017.12.16-00.50.05:041][  0]LogInit: User: rajjj
[2017.12.16-00.50.05:041][  0]LogInit: CPU Page size=4096, Cores=4
[2017.12.16-00.50.05:041][  0]LogInit: High frequency timer resolution =3.328124 MHz
[2017.12.16-00.50.05:042][  0]LogMemory: Memory total: Physical=15.9GB (16GB approx)
[2017.12.16-00.50.05:042][  0]LogMemory: Platform Memory Stats for Windows
[2017.12.16-00.50.05:042][  0]LogMemory: Process Physical Memory: 273.29 MB used, 273.29 MB peak
[2017.12.16-00.50.05:042][  0]LogMemory: Process Virtual Memory: 265.78 MB used, 265.78 MB peak
[2017.12.16-00.50.05:042][  0]LogMemory: Physical Memory: 4297.81 MB used,  12023.93 MB free, 16321.74 MB total
[2017.12.16-00.50.05:042][  0]LogMemory: Virtual Memory: 677.41 MB used,  12023.93 MB free, 134217728.00 MB total
[2017.12.16-00.50.05:477][  0]LogInit: Using OS detected language (en-US).
[2017.12.16-00.50.05:477][  0]LogInit: Using OS detected locale (en-US).
[2017.12.16-00.50.05:530][  0]LogTextLocalizationManager: No specific localization for 'en-US' exists, so the 'en' localization will be used.
[2017.12.16-00.50.05:964][  0]LogInit: Setting process to per monitor DPI aware
[2017.12.16-00.50.08:243][  0]LogD3D11RHI: D3D11 adapters:
[2017.12.16-00.50.08:285][  0]LogD3D11RHI:    0. 'NVIDIA GeForce GTX 1070' (Feature Level 11_0)
[2017.12.16-00.50.08:285][  0]LogD3D11RHI:       8096/0/8160 MB DedicatedVideo/DedicatedSystem/SharedSystem, Outputs:2, VendorId:0x10de
[2017.12.16-00.50.08:287][  0]LogD3D11RHI:    1. 'Microsoft Basic Render Driver' (Feature Level 11_0)
[2017.12.16-00.50.08:287][  0]LogD3D11RHI:       0/0/8160 MB DedicatedVideo/DedicatedSystem/SharedSystem, Outputs:0, VendorId:0x1414
[2017.12.16-00.50.08:287][  0]LogD3D11RHI: Chosen D3D11 Adapter: 0
[2017.12.16-00.50.08:294][  0]LogD3D11RHI: Creating new Direct3DDevice
[2017.12.16-00.50.08:294][  0]LogD3D11RHI:     GPU DeviceId: 0x1b81 (for the marketing name, search the web for "GPU Device Id")
[2017.12.16-00.50.08:294][  0]LogWindows: EnumDisplayDevices:
[2017.12.16-00.50.08:294][  0]LogWindows:    0. 'NVIDIA GeForce GTX 1070' (P:0 D:1)
[2017.12.16-00.50.08:294][  0]LogWindows:    1. 'NVIDIA GeForce GTX 1070' (P:1 D:1)
[2017.12.16-00.50.08:294][  0]LogWindows:    2. 'NVIDIA GeForce GTX 1070' (P:0 D:0)
[2017.12.16-00.50.08:294][  0]LogWindows:    3. 'NVIDIA GeForce GTX 1070' (P:0 D:0)
[2017.12.16-00.50.08:295][  0]LogWindows: DebugString: GetVideoDriverDetailsInvalid PrimaryIsNotTheChoosenAdapter GetVideoDriverDetailsInvalid PrimaryIsNotTheChoosenAdapter GetVideoDriverDetailsInvalid PrimaryIsNotTheChoosenAdapter GetVideoDriverDetailsInvalid PrimaryIsNotTheChoosenAdapter FoundDriverCount:0 
[2017.12.16-00.50.08:295][  0]LogD3D11RHI:     Adapter Name: NVIDIA GeForce GTX 1070
[2017.12.16-00.50.08:295][  0]LogD3D11RHI:   Driver Version: Unknown (internal:Unknown, unified:Unknown)
[2017.12.16-00.50.08:295][  0]LogD3D11RHI:      Driver Date: Unknown
[2017.12.16-00.50.08:295][  0]LogRHI: Texture pool is 5667 MB (70% of 8096 MB)
[2017.12.16-00.50.08:314][  0]LogD3D11RHI: Async texture creation enabled
[2017.12.16-00.50.08:395][  0]LogD3D11RHI: GPU Timing Frequency: 1000.000000 (Debug: 2 1)
[2017.12.16-00.50.08:448][  0]LogShaderCompilers: Guid format shader working directory is -35 characters bigger than the processId version (../../../../../../Users/rajjj/OneDrive/Documents/GitHub/DatBoiEntertainmetnGame_/Intermediate/Shaders/WorkingDirectory/17272/).
[2017.12.16-00.50.08:448][  0]LogShaderCompilers: Cleaned the shader compiler working directory 'C:/Users/rajjj/AppData/Local/Temp/UnrealShaderWorkingDir/19931A304DBA701CE1FB2B8E683BE877/'.
[2017.12.16-00.50.08:448][  0]LogShaderCompilers: Display: Using Local Shader Compiler.
[2017.12.16-00.50.10:337][  0]LogTemp: Display: Loaded TP AllDesktopTargetPlatform
[2017.12.16-00.50.10:387][  0]LogTemp: Display: Loaded TP MacClientTargetPlatform
[2017.12.16-00.50.10:435][  0]LogTemp: Display: Loaded TP MacNoEditorTargetPlatform
[2017.12.16-00.50.10:483][  0]LogTemp: Display: Loaded TP MacServerTargetPlatform
[2017.12.16-00.50.10:535][  0]LogTemp: Display: Loaded TP MacTargetPlatform
[2017.12.16-00.50.10:584][  0]LogTemp: Display: Loaded TP WindowsClientTargetPlatform
[2017.12.16-00.50.10:633][  0]LogTemp: Display: Loaded TP WindowsNoEditorTargetPlatform
[2017.12.16-00.50.10:682][  0]LogTemp: Display: Loaded TP WindowsServerTargetPlatform
[2017.12.16-00.50.10:731][  0]LogTemp: Display: Loaded TP WindowsTargetPlatform
[2017.12.16-00.50.10:781][  0]LogTemp: Display: Loaded TP Android_ASTCTargetPlatform
[2017.12.16-00.50.10:830][  0]LogTemp: Display: Loaded TP Android_ATCTargetPlatform
[2017.12.16-00.50.10:877][  0]LogTemp: Display: Loaded TP Android_DXTTargetPlatform
[2017.12.16-00.50.10:925][  0]LogTemp: Display: Loaded TP Android_ETC1TargetPlatform
[2017.12.16-00.50.10:974][  0]LogTemp: Display: Loaded TP Android_ETC2TargetPlatform
[2017.12.16-00.50.11:085][  0]LogTemp: Display: Loaded TP Android_MultiTargetPlatform
[2017.12.16-00.50.11:085][  0]LogTemp: Display: Loaded TP Android_PVRTCTargetPlatform
[2017.12.16-00.50.11:148][  0]LogTemp: Display: Loaded TP AndroidTargetPlatform
[2017.12.16-00.50.11:194][  0]LogTemp: Display: Loaded TP HTML5TargetPlatform
[2017.12.16-00.50.11:299][  0]LogTemp: Display: Loaded TP IOSTargetPlatform
[2017.12.16-00.50.11:325][  0]LogTemp: Display: Loaded TP TVOSTargetPlatform
[2017.12.16-00.50.11:372][  0]LogTemp: Display: Loaded TP LinuxClientTargetPlatform
[2017.12.16-00.50.11:420][  0]LogTemp: Display: Loaded TP LinuxNoEditorTargetPlatform
[2017.12.16-00.50.11:470][  0]LogTemp: Display: Loaded TP LinuxServerTargetPlatform
[2017.12.16-00.50.11:524][  0]LogTemp: Display: Loaded TP LinuxTargetPlatform
[2017.12.16-00.50.11:524][  0]LogTargetPlatformManager: Display: Building Assets For Windows
[2017.12.16-00.50.12:052][  0]LogDerivedDataCache: Display: Max Cache Size: 512 MB
[2017.12.16-00.50.12:351][  0]LogDerivedDataCache: Loaded boot cache 0.30s 78MB C:/Users/rajjj/AppData/Local/UnrealEngine/4.18/DerivedDataCache/Boot.ddc.
[2017.12.16-00.50.12:351][  0]LogDerivedDataCache: Display: Loaded Boot cache: C:/Users/rajjj/AppData/Local/UnrealEngine/4.18/DerivedDataCache/Boot.ddc
[2017.12.16-00.50.12:351][  0]LogDerivedDataCache: FDerivedDataBackendGraph:  Pak pak cache file ../../../../../../Users/rajjj/OneDrive/Documents/GitHub/DatBoiEntertainmetnGame_/DerivedDataCache/DDC.ddp not found, will not use a pak cache.
[2017.12.16-00.50.12:351][  0]LogDerivedDataCache: Unable to find inner node Pak for hierarchical cache Hierarchy.
[2017.12.16-00.50.12:351][  0]LogDerivedDataCache: FDerivedDataBackendGraph:  CompressedPak pak cache file ../../../../../../Users/rajjj/OneDrive/Documents/GitHub/DatBoiEntertainmetnGame_/DerivedDataCache/Compressed.ddp not found, will not use a pak cache.
[2017.12.16-00.50.12:351][  0]LogDerivedDataCache: Unable to find inner node CompressedPak for hierarchical cache Hierarchy.
[2017.12.16-00.50.12:372][  0]LogDerivedDataCache: Display: Pak cache opened for reading ../../../Engine/DerivedDataCache/Compressed.ddp.
[2017.12.16-00.50.12:385][  0]LogDerivedDataCache: Using Local data cache path C:/Users/rajjj/AppData/Local/UnrealEngine/Common/DerivedDataCache: Writable
[2017.12.16-00.50.12:395][  0]LogMaterial: Verifying Global Shaders for PCD3D_SM5
[2017.12.16-00.50.12:399][  0]LogSlate: Using Freetype 2.6.0
[2017.12.16-00.50.12:414][  0]LogSlate: SlateFontCache - WITH_FREETYPE: 1, WITH_HARFBUZZ: 1
[2017.12.16-00.50.12:414][  0]LogSlate: SlateFontCache - WITH_FREETYPE: 1, WITH_HARFBUZZ: 1
[2017.12.16-00.50.13:085][  0]LogInit: Selected Device Profile: [Windows]
[2017.12.16-00.50.13:577][  0]LogSimplygon: Simplygon DLL not present - disabling.
[2017.12.16-00.50.13:621][  0]LogMeshReduction: Using SimplygonSwarm for distributed automatic mesh merging
[2017.12.16-00.50.13:621][  0]LogMeshReduction: Using QuadricMeshReduction for automatic static mesh reduction
[2017.12.16-00.50.13:621][  0]LogMeshReduction: No automatic skeletal mesh reduction module available
[2017.12.16-00.50.13:621][  0]LogMeshReduction: No automatic mesh merging module available
[2017.12.16-00.50.13:621][  0]LogMeshMerging: No automatic mesh merging module available
[2017.12.16-00.50.13:689][  0]LogNetVersion: InsertNameAdventure , NetCL: 3709383, EngineNetVer: 2, GameNetVer: 0 (Checksum: 1457064711)
[2017.12.16-00.50.14:074][  0]LogAssetRegistry: FAssetRegistry took 0.0289 seconds to start up
[2017.12.16-00.50.15:197][  0]LogPackageLocalizationCache: Processed 7 localized package path(s) for 2 prioritized culture(s) in 0.072380 seconds
[2017.12.16-00.50.15:204][  0]LogUObjectArray: 35900 objects as part of root set at end of initial load.
[2017.12.16-00.50.15:205][  0]LogUObjectAllocator: 7372016 out of 0 bytes used by permanent object pool.
[2017.12.16-00.50.15:205][  0]LogUObjectArray: CloseDisregardForGC: 0/0 objects in disregard for GC pool
[2017.12.16-00.50.15:256][  0]LogInit: WinSock: version 1.1 (2.2), MaxSocks=32767, MaxUdp=65467
[2017.12.16-00.50.20:008][  0]LogTcpMessaging: Initializing TcpMessaging bridge
[2017.12.16-00.50.20:048][  0]LogUdpMessaging: Initializing bridge on interface 0.0.0.0:0 to multicast group 230.0.0.1:6666.
[2017.12.16-00.50.20:801][  0]LogMaterial: Uniform references updated for custom material expression Custom.
[2017.12.16-00.50.21:295][  0]SourceControl: Source control is disabled
[2017.12.16-00.50.22:819][  0]LogAndroidPermission: UAndroidPermissionCallbackProxy::GetInstance
[2017.12.16-00.50.23:075][  0]LogOcInput: OculusInput pre-init called
[2017.12.16-00.50.23:416][  0]LogEngine: Initializing Engine...
[2017.12.16-00.50.23:423][  0]LogHMD: Failed to initialize OpenVR with code 110
[2017.12.16-00.50.23:789][  0]LogStats: UGameplayTagsManager::ConstructGameplayTagTree: Construct from data asset -  0.000 s
[2017.12.16-00.50.23:790][  0]LogStats: UGameplayTagsManager::ConstructGameplayTagTree: GameplayTagTreeChangedEvent.Broadcast -  0.000 s
[2017.12.16-00.50.23:994][  0]LogAIModule: Creating AISystem for world Untitled
[2017.12.16-00.50.24:023][  0]LogInit: XAudio2 using 'Speakers (2- Logitech G930 Headset)' : 2 channels at 48 kHz using 16 bits per sample (channel mask 0x3)
[2017.12.16-00.50.24:071][  0]LogInit: FAudioDevice initialized.
[2017.12.16-00.50.24:137][  0]LogDerivedDataCache: Saved boot cache 0.07s 78MB C:/Users/rajjj/AppData/Local/UnrealEngine/4.18/DerivedDataCache/Boot.ddc.
[2017.12.16-00.50.24:143][  0]LogInit: Texture streaming: Enabled
[2017.12.16-00.50.24:243][  0]LogEngineSessionManager: EngineSessionManager initialized
[2017.12.16-00.50.24:243][  0]LogEngineSessionManager: EngineSessionManager sent abnormal shutdown report. Type=AbnormalShutdown, SessionId={972F738D-4C62-F955-00DD-96BE02D05DA3}
[2017.12.16-00.50.24:243][  0]LogEngineSessionManager: EngineSessionManager sent abnormal shutdown report. Type=AbnormalShutdown, SessionId={4F2EAD37-4C9A-F010-10F5-2B96ED88407E}
[2017.12.16-00.50.24:243][  0]LogEngineSessionManager: EngineSessionManager sent abnormal shutdown report. Type=AbnormalShutdown, SessionId={41BC399B-4EE3-E348-2669-9CBC8BAB36D6}
[2017.12.16-00.50.24:440][  0]LogInit: Transaction tracking system initialized
[2017.12.16-00.50.24:807][  0]BlueprintLog: New page: Editor Load
[2017.12.16-00.50.25:759][  0]LocalizationService: Localization service is disabled
[2017.12.16-00.50.26:523][  0]LogConsoleResponse: Display: 
[2017.12.16-00.50.27:052][  0]LogFileCache: Scanning file cache for directory 'C:/Users/rajjj/OneDrive/Documents/GitHub/DatBoiEntertainmetnGame_/Content/' took 0.02s
[2017.12.16-00.50.27:052][  0]LogCook: Display: Max memory allowance for cook 16384mb min free memory 0mb
[2017.12.16-00.50.27:055][  0]LogCook: Display: Mobile HDR setting 1
[2017.12.16-00.50.27:065][  0]LogGameplayTags: Display: UGameplayTagsManager::DoneAddingNativeTags. DelegateIsBound: 0
[2017.12.16-00.50.28:449][  0]Cmd: MAP LOAD FILE="../../../../../../Users/rajjj/OneDrive/Documents/GitHub/DatBoiEntertainmetnGame_/Content/2DSideScrollerBP/Maps/Levels/Rainforest_Alien.umap" TEMPLATE=0 SHOWPROGRESS=1 FEATURELEVEL=3
[2017.12.16-00.50.28:463][  0]LightingResults: New page: Lighting Build
[2017.12.16-00.50.28:568][  0]MapCheck: New page: Map Check
[2017.12.16-00.50.28:568][  0]LightingResults: New page: Lighting Build
[2017.12.16-00.50.31:583][  0]LogMaterial: Missing cached shader map for material BlueLight_M1, compiling. 
[2017.12.16-00.50.31:586][  0]LogMaterial: Warning: C:\Users\rajjj\OneDrive\Documents\GitHub\DatBoiEntertainmetnGame_\Content\2DSideScrollerBP\Maps\Levels\LevelSprites\Sprites\Rain_Forrest_Sprites\Materials\BlueLight_M1.uasset: Failed to compile Material for platform PCD3D_SM5, Default Material will be used in game.
[2017.12.16-00.50.31:586][  0]LogMaterial: 	Function Flicker_MF: Missing function input 'Color'
[2017.12.16-00.50.31:893][  0]LogAIModule: Creating AISystem for world Rainforest_Alien
[2017.12.16-00.50.32:024][  0]LogEditorServer: Finished looking for orphan Actors (0.000 secs)
[2017.12.16-00.50.32:053][  0]Cmd: MAP CHECKDEP NOCLEARLOG
[2017.12.16-00.50.32:149][  0]MapCheck: Map check complete: 0 Error(s), 0 Warning(s), took 95.995ms to complete.
[2017.12.16-00.50.32:149][  0]LogFileHelpers: Loading map 'Rainforest_Alien' took 3.700
[2017.12.16-00.50.32:433][  0]LogCollectionManager: Loaded 0 collections in 0.001671 seconds
[2017.12.16-00.50.32:544][  0]LogFileCache: Scanning file cache for directory 'C:/Users/rajjj/OneDrive/Documents/GitHub/DatBoiEntertainmetnGame_/Saved/Collections/' took 0.01s
[2017.12.16-00.50.32:544][  0]LogFileCache: Scanning file cache for directory 'C:/Users/rajjj/OneDrive/Documents/GitHub/DatBoiEntertainmetnGame_/Content/Developers/rajjj/Collections/' took 0.01s
[2017.12.16-00.50.32:544][  0]LogFileCache: Scanning file cache for directory 'C:/Users/rajjj/OneDrive/Documents/GitHub/DatBoiEntertainmetnGame_/Content/Collections/' took 0.01s
[2017.12.16-00.50.32:544][  0]LogCollectionManager: Rebuilt the GUID cache for 0 collections in 0.000001 seconds
[2017.12.16-00.50.32:568][  0]LogContentBrowser: Native class hierarchy populated in 0.0222 seconds. Added 2363 classes and 519 folders.
[2017.12.16-00.50.32:641][  0]LogContentBrowser: Native class hierarchy updated for 'WidgetCarousel' in 0.0002 seconds. Added 0 classes and 0 folders.
[2017.12.16-00.50.33:099][  0]LogContentBrowser: Native class hierarchy updated for 'AddContentDialog' in 0.0002 seconds. Added 0 classes and 0 folders.
[2017.12.16-00.50.33:154][  0]LogContentBrowser: Native class hierarchy updated for 'SceneOutliner' in 0.0002 seconds. Added 1 classes and 2 folders.
[2017.12.16-00.50.33:235][  0]LogSlate: Took 0.005578 seconds to synchronously load lazily loaded font '../../../Engine/Content/Slate/Fonts/Roboto-Regular.ttf' (155K)
[2017.12.16-00.50.33:243][  0]LogSlate: Took 0.004692 seconds to synchronously load lazily loaded font '../../../Engine/Content/Slate/Fonts/Roboto-Bold.ttf' (160K)
[2017.12.16-00.50.33:256][  0]LogSlate: Took 0.004147 seconds to synchronously load lazily loaded font '../../../Engine/Content/Editor/Slate/Fonts/FontAwesome.ttf' (139K)
[2017.12.16-00.50.33:409][  0]LogRenderer: Reallocating scene render targets to support 1616x692 Format 10 NumSamples 1 (Frame:1).
[2017.12.16-00.50.33:800][  0]LogContentBrowser: Native class hierarchy updated for 'HierarchicalLODOutliner' in 0.0002 seconds. Added 1 classes and 2 folders.
[2017.12.16-00.50.33:800][  0]LogLoad: (Engine Initialization) Total time: 32.92 seconds
[2017.12.16-00.50.33:800][  0]LogLoad: (Engine Initialization) Total Blueprint compile time: 0.00 seconds
[2017.12.16-00.50.33:801][  0]LogExternalProfiler: No external profilers were discovered.  External profiling features will not be available.
[2017.12.16-00.50.33:861][  0]SourceControl: On branch V1.5.1
[2017.12.16-00.50.33:861][  0]SourceControl: Your branch is up-to-date with 'origin/V1.5.1'.
[2017.12.16-00.50.33:861][  0]SourceControl: No commands done.
[2017.12.16-00.50.33:861][  0]SourceControl: Next commands to do (2 remaining commands):
[2017.12.16-00.50.33:861][  0]SourceControl:    pick b627089 Redid mt backdrop and started work on a desert zone
[2017.12.16-00.50.33:861][  0]SourceControl:    pick 5400dc0 Revert "Redid mt backdrop and started work on a desert zone"
[2017.12.16-00.50.33:861][  0]SourceControl:   (use "git rebase --edit-todo" to view and edit)
[2017.12.16-00.50.33:861][  0]SourceControl: You are currently editing a commit while rebasing branch 'V1.5.1' on 'ad616f1'.
[2017.12.16-00.50.33:861][  0]SourceControl:   (use "git commit --amend" to amend the current commit)
[2017.12.16-00.50.33:861][  0]SourceControl:   (use "git rebase --continue" once you are satisfied with your changes)
[2017.12.16-00.50.33:861][  0]SourceControl: Changes to be committed:
[2017.12.16-00.50.33:861][  0]SourceControl:   (use "git reset HEAD <file>..." to unstage)
[2017.12.16-00.50.33:861][  0]SourceControl: 	new file:   Content/2DSideScrollerBP/Item/BP_bullet.uasset
[2017.12.16-00.50.33:862][  0]SourceControl: Changes not staged for commit:
[2017.12.16-00.50.33:862][  0]SourceControl:   (use "git add/rm <file>..." to update what will be committed)
[2017.12.16-00.50.33:862][  0]SourceControl:   (use "git checkout -- <file>..." to discard changes in working directory)
[2017.12.16-00.50.33:862][  0]SourceControl: 	modified:   Content/2DSideScrollerBP/Blueprints/Testing_Assets/Test_AI2_BP.uasset
[2017.12.16-00.50.33:862][  0]SourceControl: 	deleted:    Content/2DSideScrollerBP/Item/BP_bullet.uasset
[2017.12.16-00.50.33:862][  0]SourceControl: 	modified:   Intermediate/AssetRegistryCache/c90e3f55.bin
[2017.12.16-00.50.33:862][  0]SourceControl: 	modified:   Intermediate/CachedAssetRegistry.bin
[2017.12.16-00.50.33:862][  0]SourceControl: 	deleted:    Saved/Config/CrashReportClient/UE4CC-Windows-04D22B1343EF7FB93AC0FAB1064A2D9B/CrashReportClient.ini
[2017.12.16-00.50.33:862][  0]SourceControl: 	deleted:    Saved/Config/CrashReportClient/UE4CC-Windows-1C9AEBE34F0AB72E382E66BE4D69DEC8/CrashReportClient.ini
[2017.12.16-00.50.33:862][  0]SourceControl: 	deleted:    Saved/Config/CrashReportClient/UE4CC-Windows-41B01B4D4B591423098894AB43485250/CrashReportClient.ini
[2017.12.16-00.50.33:862][  0]SourceControl: 	deleted:    Saved/Config/CrashReportClient/UE4CC-Windows-4AB4CD1344B85F469248FCA9FF60BA2F/CrashReportClient.ini
[2017.12.16-00.50.33:862][  0]SourceControl: 	deleted:    Saved/Config/CrashReportClient/UE4CC-Windows-4F6C71CC43148CE5EAC542BCC8A80099/CrashReportClient.ini
[2017.12.16-00.50.33:862][  0]SourceControl: 	deleted:    Saved/Config/CrashReportClient/UE4CC-Windows-59C3B56B473D939D2C343EA434C9D4F6/CrashReportClient.ini
[2017.12.16-00.50.33:862][  0]SourceControl: 	deleted:    Saved/Config/CrashReportClient/UE4CC-Windows-5BE72C404FDB59DFAEF92EB39FF52EB8/CrashReportClient.ini
[2017.12.16-00.50.33:862][  0]SourceControl: 	deleted:    Saved/Config/CrashReportClient/UE4CC-Windows-5E1A132842FAF8571C0507A18D04DB38/CrashReportClient.ini
[2017.12.16-00.50.33:862][  0]SourceControl: 	deleted:    Saved/Config/CrashReportClient/UE4CC-Windows-6173ECA940E73D70DA6E2388A873EA55/CrashReportClient.ini
[2017.12.16-00.50.33:862][  0]SourceControl: 	deleted:    Saved/Config/CrashReportClient/UE4CC-Windows-6D00302446CCEC4493EB568CE30845A8/CrashReportClient.ini
[2017.12.16-00.50.33:862][  0]SourceControl: 	deleted:    Saved/Config/CrashReportClient/UE4CC-Windows-6E781A38457F08EF9EB867A1EF806ABA/CrashReportClient.ini
[2017.12.16-00.50.33:862][  0]SourceControl: 	deleted:    Saved/Config/CrashReportClient/UE4CC-Windows-7B745ED24C35FEB23E6907B59B4709CA/CrashReportClient.ini
[2017.12.16-00.50.33:862][  0]SourceControl: 	deleted:    Saved/Config/CrashReportClient/UE4CC-Windows-820721E049B7A39DE39B3A8BC994918E/CrashReportClient.ini
[2017.12.16-00.50.33:862][  0]SourceControl: 	deleted:    Saved/Config/CrashReportClient/UE4CC-Windows-9EAA90C84912E626C9960BA35837C0B8/CrashReportClient.ini
[2017.12.16-00.50.33:862][  0]SourceControl: 	deleted:    Saved/Config/CrashReportClient/UE4CC-Windows-A2F1EA65453D988E1EF2B4B87320415A/CrashReportClient.ini
[2017.12.16-00.50.33:862][  0]SourceControl: 	deleted:    Saved/Config/CrashReportClient/UE4CC-Windows-ABC95AA14159A25E72FE8C9ADA2BEFFB/CrashReportClient.ini
[2017.12.16-00.50.33:862][  0]SourceControl: 	deleted:    Saved/Config/CrashReportClient/UE4CC-Windows-D360DDB346BDB87939E483B47DF28B68/CrashReportClient.ini
[2017.12.16-00.50.33:862][  0]SourceControl: 	deleted:    Saved/Config/CrashReportClient/UE4CC-Windows-F7652D9048F7B9CFEBA6C1BFC6BB20A5/CrashReportClient.ini
[2017.12.16-00.50.33:862][  0]SourceControl: 	deleted:    Saved/Config/CrashReportClient/UE4CC-Windows-FB1F8144458BE0E9EC0F088DE646FDE1/CrashReportClient.ini
[2017.12.16-00.50.33:862][  0]SourceControl: 	deleted:    Saved/Config/CrashReportClient/UE4CC-Windows-FCBED504480C78A63AB09F8B53FE7E1E/CrashReportClient.ini
[2017.12.16-00.50.33:862][  0]SourceControl: 	modified:   Saved/Config/Windows/EditorPerProjectUserSettings.ini
[2017.12.16-00.50.33:862][  0]SourceControl: 	deleted:    Saved/Logs/InsertNameAdventure-backup-2017.12.06-15.46.22.log
[2017.12.16-00.50.33:862][  0]SourceControl: 	deleted:    Saved/Logs/InsertNameAdventure-backup-2017.12.06-16.06.20.log
[2017.12.16-00.50.33:862][  0]SourceControl: 	deleted:    Saved/Logs/InsertNameAdventure-backup-2017.12.06-16.07.43.log
[2017.12.16-00.50.33:862][  0]SourceControl: 	deleted:    Saved/Logs/InsertNameAdventure-backup-2017.12.06-16.49.21.log
[2017.12.16-00.50.33:862][  0]SourceControl: 	deleted:    Saved/Logs/InsertNameAdventure-backup-2017.12.07-10.29.58.log
[2017.12.16-00.50.33:862][  0]SourceControl: 	deleted:    Saved/Logs/InsertNameAdventure-backup-2017.12.07-10.31.50.log
[2017.12.16-00.50.33:862][  0]SourceControl: 	deleted:    Saved/Logs/InsertNameAdventure-backup-2017.12.07-11.15.53.log
[2017.12.16-00.50.33:862][  0]SourceControl: 	deleted:    Saved/Logs/InsertNameAdventure-backup-2017.12.07-14.15.39.log
[2017.12.16-00.50.33:862][  0]SourceControl: 	modified:   Saved/Logs/InsertNameAdventure.log
[2017.12.16-00.50.33:862][  0]SourceControl: Untracked files:
[2017.12.16-00.50.33:862][  0]SourceControl:   (use "git add <file>..." to include in what will be committed)
[2017.12.16-00.50.33:862][  0]SourceControl: 	Saved/Backup/Test_AI2_BP_2017-12-13-12-58-42.uasset
[2017.12.16-00.50.33:862][  0]SourceControl: 	Saved/Backup/Test_AI2_BP_2017-12-13-13-04-38.uasset
[2017.12.16-00.50.33:862][  0]SourceControl: 	Saved/Config/CrashReportClient/UE4CC-Windows-27C4747D44C88FB2787A48900F79F66B/
[2017.12.16-00.50.33:862][  0]SourceControl: 	Saved/Config/CrashReportClient/UE4CC-Windows-70EE075546A9219D99A0EEA4F4C82101/
[2017.12.16-00.50.33:862][  0]SourceControl: 	Saved/Config/CrashReportClient/UE4CC-Windows-A07DDF354CF6575FAEDB9BB43CE4E060/
[2017.12.16-00.50.33:862][  0]SourceControl: 	Saved/Config/CrashReportClient/UE4CC-Windows-B18C2E284DFEB6BDE9E82BB8C0789C7F/
[2017.12.16-00.50.33:862][  0]SourceControl: 	Saved/Config/CrashReportClient/UE4CC-Windows-B875A76F43B42F67626A34AB0BEF8179/
[2017.12.16-00.50.33:862][  0]SourceControl: 	Saved/Config/CrashReportClient/UE4CC-Windows-B8E1C6634140A8C40F0A43827D09CBA7/
[2017.12.16-00.50.33:862][  0]SourceControl: 	Saved/Config/CrashReportClient/UE4CC-Windows-BD74E8B64C19FD2800C1FAACF672295C/
[2017.12.16-00.50.33:862][  0]SourceControl: 	Saved/Config/CrashReportClient/UE4CC-Windows-E542B259498BAF750D4E5BB5313D9C07/
[2017.12.16-00.50.33:862][  0]SourceControl: 	Saved/Logs/InsertNameAdventure-backup-2017.12.13-12.48.29.log
[2017.12.16-00.50.33:862][  0]SourceControl: 	Saved/Logs/InsertNameAdventure-backup-2017.12.13-12.49.49.log
[2017.12.16-00.50.33:862][  0]SourceControl: 	Saved/Logs/InsertNameAdventure-backup-2017.12.13-12.59.02.log
[2017.12.16-00.50.33:862][  0]SourceControl: 	Saved/Logs/InsertNameAdventure-backup-2017.12.13-13.00.44.log
[2017.12.16-00.50.33:862][  0]SourceControl: 	Saved/Logs/InsertNameAdventure-backup-2017.12.13-13.02.00.log
[2017.12.16-00.50.33:862][  0]SourceControl: 	Saved/Logs/InsertNameAdventure-backup-2017.12.13-13.03.52.log
[2017.12.16-00.50.33:862][  0]SourceControl: 	Saved/Logs/InsertNameAdventure-backup-2017.12.13-13.05.26.log
[2017.12.16-00.50.33:862][  0]SourceControl: 	Saved/Logs/InsertNameAdventure-backup-2017.12.15-17.50.03.log
[2017.12.16-00.50.33:864][  0]LogContentStreaming: Texture pool size now 1000 MB
[2017.12.16-00.50.33:955][  0]LogSlate: Took 0.005078 seconds to synchronously load lazily loaded font '../../../Engine/Content/Slate/Fonts/Roboto-Light.ttf' (159K)
[2017.12.16-00.50.33:979][  1]LogAssetRegistry: Asset discovery search completed in 19.9284 seconds
[2017.12.16-00.50.33:983][  1]LogCollectionManager: Rebuilt the object cache for 0 collections in 0.000000 seconds (found 0 objects)
[2017.12.16-00.50.33:983][  1]LogCollectionManager: Fixed up redirectors for 0 collections in 0.000541 seconds (updated 0 objects)
[2017.12.16-00.50.34:869][ 66]LogSlate: Took 0.000155 seconds to synchronously load lazily loaded font '../../../Engine/Content/Slate/Fonts/Roboto-Light.ttf' (159K)
[2017.12.16-00.50.38:982][253]LogFileCache: Retrieving MD5 hashes for directory 'C:/Users/rajjj/OneDrive/Documents/GitHub/DatBoiEntertainmetnGame_/Content/' took 5.15s
[2017.12.16-00.50.43:145][462]LogSlate: Took 0.000122 seconds to synchronously load lazily loaded font '../../../Engine/Content/Slate/Fonts/Roboto-Light.ttf' (159K)
[2017.12.16-00.50.43:595][462]LogContentBrowser: Native class hierarchy updated for 'BlueprintGraph' in 0.0007 seconds. Added 116 classes and 0 folders.
[2017.12.16-00.50.44:428][462]LogSlate: Took 0.004495 seconds to synchronously load lazily loaded font '../../../Engine/Content/Editor/Slate/Fonts/Roboto-BoldCondensed.ttf' (158K)
[2017.12.16-00.50.44:592][463]LogParticles: Warning: Spawning 28000 GPU particles in one frame[464]: RainFall4_PS/Particle Emitter
[2017.12.16-00.50.44:600][463]LogSlate: Took 0.004369 seconds to synchronously load lazily loaded font '../../../Engine/Content/Editor/Slate/Fonts/Roboto-Italic.ttf' (157K)
[2017.12.16-00.51.07:101][743]LogRenderer: Reallocating scene render targets to support 1616x720 Format 10 NumSamples 1 (Frame:1).
[2017.12.16-00.51.36:860][853]LogParticles: Warning: Spawning 23333 GPU particles in one frame[5854]: RainFall4_PS/Particle Emitter
[2017.12.16-00.51.37:194][854]LogParticles: Warning: Spawning 23333 GPU particles in one frame[5855]: RainFall4_PS/Particle Emitter
[2017.12.16-00.51.37:595][855]LogParticles: Warning: Spawning 27895 GPU particles in one frame[5856]: RainFall4_PS/Particle Emitter
[2017.12.16-00.51.37:925][856]LogParticles: Warning: Spawning 23333 GPU particles in one frame[5857]: RainFall4_PS/Particle Emitter
[2017.12.16-00.51.38:259][857]LogParticles: Warning: Spawning 23334 GPU particles in one frame[5858]: RainFall4_PS/Particle Emitter
[2017.12.16-00.51.38:590][858]LogParticles: Warning: Spawning 23333 GPU particles in one frame[5859]: RainFall4_PS/Particle Emitter
[2017.12.16-00.51.38:924][859]LogParticles: Warning: Spawning 23333 GPU particles in one frame[5860]: RainFall4_PS/Particle Emitter
[2017.12.16-00.51.39:257][860]LogParticles: Warning: Spawning 23334 GPU particles in one frame[5861]: RainFall4_PS/Particle Emitter
[2017.12.16-00.51.39:592][861]LogParticles: Warning: Spawning 23333 GPU particles in one frame[5862]: RainFall4_PS/Particle Emitter
[2017.12.16-00.51.39:934][862]LogParticles: Warning: Spawning 23402 GPU particles in one frame[5863]: RainFall4_PS/Particle Emitter
[2017.12.16-00.51.40:372][863]LogParticles: Warning: Spawning 25990 GPU particles in one frame[5864]: RainFall4_PS/Particle Emitter
[2017.12.16-00.51.40:631][864]LogParticles: Warning: Spawning 23334 GPU particles in one frame[5865]: RainFall4_PS/Particle Emitter
[2017.12.16-00.51.40:962][865]LogParticles: Warning: Spawning 23333 GPU particles in one frame[5866]: RainFall4_PS/Particle Emitter
[2017.12.16-00.51.41:305][866]LogParticles: Warning: Spawning 23336 GPU particles in one frame[5867]: RainFall4_PS/Particle Emitter
[2017.12.16-00.51.41:630][867]LogParticles: Warning: Spawning 23333 GPU particles in one frame[5868]: RainFall4_PS/Particle Emitter
[2017.12.16-00.51.41:963][868]LogParticles: Warning: Spawning 23334 GPU particles in one frame[5869]: RainFall4_PS/Particle Emitter
[2017.12.16-00.51.42:299][869]LogParticles: Warning: Spawning 23333 GPU particles in one frame[5870]: RainFall4_PS/Particle Emitter
[2017.12.16-00.51.42:633][870]LogParticles: Warning: Spawning 23333 GPU particles in one frame[5871]: RainFall4_PS/Particle Emitter
[2017.12.16-00.51.42:962][871]LogParticles: Warning: Spawning 23334 GPU particles in one frame[5872]: RainFall4_PS/Particle Emitter
[2017.12.16-00.51.43:298][872]LogParticles: Warning: Spawning 23333 GPU particles in one frame[5873]: RainFall4_PS/Particle Emitter
[2017.12.16-00.51.43:633][873]LogParticles: Warning: Spawning 23333 GPU particles in one frame[5874]: RainFall4_PS/Particle Emitter
[2017.12.16-00.51.43:969][874]LogParticles: Warning: Spawning 23334 GPU particles in one frame[5875]: RainFall4_PS/Particle Emitter
[2017.12.16-00.51.44:299][875]LogParticles: Warning: Spawning 23333 GPU particles in one frame[5876]: RainFall4_PS/Particle Emitter
[2017.12.16-00.51.44:660][876]LogParticles: Warning: Spawning 23391 GPU particles in one frame[5877]: RainFall4_PS/Particle Emitter
[2017.12.16-00.51.46:151][877]LogParticles: Warning: Spawning 28000 GPU particles in one frame[5878]: RainFall4_PS/Particle Emitter
[2017.12.16-00.51.46:432][878]LogParticles: Warning: Spawning 23334 GPU particles in one frame[5879]: RainFall4_PS/Particle Emitter
[2017.12.16-00.51.46:786][879]LogParticles: Warning: Spawning 24561 GPU particles in one frame[5880]: RainFall4_PS/Particle Emitter
[2017.12.16-00.51.47:117][880]LogParticles: Warning: Spawning 23334 GPU particles in one frame[5881]: RainFall4_PS/Particle Emitter
[2017.12.16-00.51.47:555][881]LogParticles: Warning: Spawning 26314 GPU particles in one frame[5882]: RainFall4_PS/Particle Emitter
[2017.12.16-00.51.47:827][882]LogParticles: Warning: Spawning 23333 GPU particles in one frame[5883]: RainFall4_PS/Particle Emitter
[2017.12.16-00.51.48:201][883]LogParticles: Warning: Spawning 23333 GPU particles in one frame[5884]: RainFall4_PS/Particle Emitter
[2017.12.16-00.51.48:499][884]LogParticles: Warning: Spawning 23334 GPU particles in one frame[5885]: RainFall4_PS/Particle Emitter
[2017.12.16-00.51.48:920][885]LogParticles: Warning: Spawning 28000 GPU particles in one frame[5886]: RainFall4_PS/Particle Emitter
[2017.12.16-00.51.49:267][886]LogParticles: Warning: Spawning 23333 GPU particles in one frame[5887]: RainFall4_PS/Particle Emitter
[2017.12.16-00.51.49:616][887]LogParticles: Warning: Spawning 23467 GPU particles in one frame[5888]: RainFall4_PS/Particle Emitter
[2017.12.16-00.51.50:334][888]LogParticles: Warning: Spawning 23896 GPU particles in one frame[5889]: RainFall4_PS/Particle Emitter
[2017.12.16-00.51.50:355][889]LogParticles: Warning: Spawning 28000 GPU particles in one frame[5890]: RainFall4_PS/Particle Emitter
[2017.12.16-00.51.51:036][890]LogParticles: Warning: Spawning 28000 GPU particles in one frame[5891]: RainFall4_PS/Particle Emitter
[2017.12.16-00.51.51:367][891]LogParticles: Warning: Spawning 23333 GPU particles in one frame[5892]: RainFall4_PS/Particle Emitter
[2017.12.16-00.51.51:702][892]LogParticles: Warning: Spawning 23333 GPU particles in one frame[5893]: RainFall4_PS/Particle Emitter
[2017.12.16-00.51.52:035][893]LogParticles: Warning: Spawning 23334 GPU particles in one frame[5894]: RainFall4_PS/Particle Emitter
[2017.12.16-00.51.52:368][894]LogParticles: Warning: Spawning 23333 GPU particles in one frame[5895]: RainFall4_PS/Particle Emitter
[2017.12.16-00.51.52:699][895]LogParticles: Warning: Spawning 23333 GPU particles in one frame[5896]: RainFall4_PS/Particle Emitter
[2017.12.16-00.51.53:035][896]LogParticles: Warning: Spawning 23334 GPU particles in one frame[5897]: RainFall4_PS/Particle Emitter
[2017.12.16-00.51.53:369][897]LogParticles: Warning: Spawning 23333 GPU particles in one frame[5898]: RainFall4_PS/Particle Emitter
[2017.12.16-00.51.53:702][898]LogParticles: Warning: Spawning 23333 GPU particles in one frame[5899]: RainFall4_PS/Particle Emitter
[2017.12.16-00.51.54:034][899]LogParticles: Warning: Spawning 23334 GPU particles in one frame[5900]: RainFall4_PS/Particle Emitter
[2017.12.16-00.51.54:367][900]LogParticles: Warning: Spawning 23333 GPU particles in one frame[5901]: RainFall4_PS/Particle Emitter
[2017.12.16-00.51.54:700][901]LogParticles: Warning: Spawning 23333 GPU particles in one frame[5902]: RainFall4_PS/Particle Emitter
[2017.12.16-00.51.55:034][902]LogParticles: Warning: Spawning 23334 GPU particles in one frame[5903]: RainFall4_PS/Particle Emitter
[2017.12.16-00.51.55:366][903]LogParticles: Warning: Spawning 23333 GPU particles in one frame[5904]: RainFall4_PS/Particle Emitter
[2017.12.16-00.51.55:699][904]LogParticles: Warning: Spawning 23333 GPU particles in one frame[5905]: RainFall4_PS/Particle Emitter
[2017.12.16-00.51.56:032][905]LogParticles: Warning: Spawning 23334 GPU particles in one frame[5906]: RainFall4_PS/Particle Emitter
[2017.12.16-00.51.56:365][906]LogParticles: Warning: Spawning 23333 GPU particles in one frame[5907]: RainFall4_PS/Particle Emitter
[2017.12.16-00.51.56:699][907]LogParticles: Warning: Spawning 23333 GPU particles in one frame[5908]: RainFall4_PS/Particle Emitter
[2017.12.16-00.51.57:032][908]LogParticles: Warning: Spawning 23334 GPU particles in one frame[5909]: RainFall4_PS/Particle Emitter
[2017.12.16-00.51.57:366][909]LogParticles: Warning: Spawning 23333 GPU particles in one frame[5910]: RainFall4_PS/Particle Emitter
[2017.12.16-00.51.57:699][910]LogParticles: Warning: Spawning 23333 GPU particles in one frame[5911]: RainFall4_PS/Particle Emitter
[2017.12.16-00.51.58:032][911]LogParticles: Warning: Spawning 23334 GPU particles in one frame[5912]: RainFall4_PS/Particle Emitter
[2017.12.16-00.51.58:366][912]LogParticles: Warning: Spawning 23333 GPU particles in one frame[5913]: RainFall4_PS/Particle Emitter
[2017.12.16-00.51.58:699][913]LogParticles: Warning: Spawning 23333 GPU particles in one frame[5914]: RainFall4_PS/Particle Emitter
[2017.12.16-00.51.59:032][914]LogParticles: Warning: Spawning 23334 GPU particles in one frame[5915]: RainFall4_PS/Particle Emitter
[2017.12.16-00.51.59:367][915]LogParticles: Warning: Spawning 23333 GPU particles in one frame[5916]: RainFall4_PS/Particle Emitter
[2017.12.16-00.51.59:699][916]LogParticles: Warning: Spawning 23333 GPU particles in one frame[5917]: RainFall4_PS/Particle Emitter
[2017.12.16-00.52.00:032][917]LogParticles: Warning: Spawning 23334 GPU particles in one frame[5918]: RainFall4_PS/Particle Emitter
[2017.12.16-00.52.00:366][918]LogParticles: Warning: Spawning 23333 GPU particles in one frame[5919]: RainFall4_PS/Particle Emitter
[2017.12.16-00.52.00:700][919]LogParticles: Warning: Spawning 23334 GPU particles in one frame[5920]: RainFall4_PS/Particle Emitter
[2017.12.16-00.52.01:032][920]LogParticles: Warning: Spawning 23334 GPU particles in one frame[5921]: RainFall4_PS/Particle Emitter
[2017.12.16-00.52.01:365][921]LogParticles: Warning: Spawning 23333 GPU particles in one frame[5922]: RainFall4_PS/Particle Emitter
[2017.12.16-00.52.01:699][922]LogParticles: Warning: Spawning 23333 GPU particles in one frame[5923]: RainFall4_PS/Particle Emitter
[2017.12.16-00.52.02:033][923]LogParticles: Warning: Spawning 23334 GPU particles in one frame[5924]: RainFall4_PS/Particle Emitter
[2017.12.16-00.52.02:366][924]LogParticles: Warning: Spawning 23333 GPU particles in one frame[5925]: RainFall4_PS/Particle Emitter
[2017.12.16-00.52.02:699][925]LogParticles: Warning: Spawning 23333 GPU particles in one frame[5926]: RainFall4_PS/Particle Emitter
[2017.12.16-00.52.03:033][926]LogParticles: Warning: Spawning 23334 GPU particles in one frame[5927]: RainFall4_PS/Particle Emitter
[2017.12.16-00.52.03:366][927]LogParticles: Warning: Spawning 23333 GPU particles in one frame[5928]: RainFall4_PS/Particle Emitter
[2017.12.16-00.52.03:700][928]LogParticles: Warning: Spawning 23333 GPU particles in one frame[5929]: RainFall4_PS/Particle Emitter
[2017.12.16-00.52.04:035][929]LogParticles: Warning: Spawning 23334 GPU particles in one frame[5930]: RainFall4_PS/Particle Emitter
[2017.12.16-00.52.04:368][930]LogParticles: Warning: Spawning 23333 GPU particles in one frame[5931]: RainFall4_PS/Particle Emitter
[2017.12.16-00.52.04:701][931]LogParticles: Warning: Spawning 23334 GPU particles in one frame[5932]: RainFall4_PS/Particle Emitter
[2017.12.16-00.52.05:033][932]LogParticles: Warning: Spawning 23333 GPU particles in one frame[5933]: RainFall4_PS/Particle Emitter
[2017.12.16-00.52.05:368][933]LogParticles: Warning: Spawning 23334 GPU particles in one frame[5934]: RainFall4_PS/Particle Emitter
[2017.12.16-00.52.05:702][934]LogParticles: Warning: Spawning 23334 GPU particles in one frame[5935]: RainFall4_PS/Particle Emitter
[2017.12.16-00.52.06:033][935]LogParticles: Warning: Spawning 23333 GPU particles in one frame[5936]: RainFall4_PS/Particle Emitter
[2017.12.16-00.52.06:366][936]LogParticles: Warning: Spawning 23334 GPU particles in one frame[5937]: RainFall4_PS/Particle Emitter
[2017.12.16-00.52.06:700][937]LogParticles: Warning: Spawning 23333 GPU particles in one frame[5938]: RainFall4_PS/Particle Emitter
[2017.12.16-00.52.07:032][938]LogParticles: Warning: Spawning 23333 GPU particles in one frame[5939]: RainFall4_PS/Particle Emitter
[2017.12.16-00.52.07:366][939]LogParticles: Warning: Spawning 23334 GPU particles in one frame[5940]: RainFall4_PS/Particle Emitter
[2017.12.16-00.52.07:701][940]LogParticles: Warning: Spawning 23333 GPU particles in one frame[5941]: RainFall4_PS/Particle Emitter
[2017.12.16-00.52.08:033][941]LogParticles: Warning: Spawning 23333 GPU particles in one frame[5942]: RainFall4_PS/Particle Emitter
[2017.12.16-00.52.08:368][942]LogParticles: Warning: Spawning 23334 GPU particles in one frame[5943]: RainFall4_PS/Particle Emitter
[2017.12.16-00.52.08:699][943]LogParticles: Warning: Spawning 23334 GPU particles in one frame[5944]: RainFall4_PS/Particle Emitter
[2017.12.16-00.52.09:032][944]LogParticles: Warning: Spawning 23334 GPU particles in one frame[5945]: RainFall4_PS/Particle Emitter
[2017.12.16-00.52.09:366][945]LogParticles: Warning: Spawning 23333 GPU particles in one frame[5946]: RainFall4_PS/Particle Emitter
[2017.12.16-00.52.09:700][946]LogParticles: Warning: Spawning 23333 GPU particles in one frame[5947]: RainFall4_PS/Particle Emitter
[2017.12.16-00.52.10:032][947]LogParticles: Warning: Spawning 23334 GPU particles in one frame[5948]: RainFall4_PS/Particle Emitter
[2017.12.16-00.52.10:366][948]LogParticles: Warning: Spawning 23333 GPU particles in one frame[5949]: RainFall4_PS/Particle Emitter
[2017.12.16-00.52.10:699][949]LogParticles: Warning: Spawning 23333 GPU particles in one frame[5950]: RainFall4_PS/Particle Emitter
[2017.12.16-00.52.11:032][950]LogParticles: Warning: Spawning 23334 GPU particles in one frame[5951]: RainFall4_PS/Particle Emitter
[2017.12.16-00.52.11:366][951]LogParticles: Warning: Spawning 23333 GPU particles in one frame[5952]: RainFall4_PS/Particle Emitter
[2017.12.16-00.52.11:699][952]LogParticles: Warning: Spawning 23333 GPU particles in one frame[5953]: RainFall4_PS/Particle Emitter
[2017.12.16-00.52.12:032][953]LogParticles: Warning: Spawning 23334 GPU particles in one frame[5954]: RainFall4_PS/Particle Emitter
[2017.12.16-00.52.12:366][954]LogParticles: Warning: Spawning 23333 GPU particles in one frame[5955]: RainFall4_PS/Particle Emitter
[2017.12.16-00.52.12:699][955]LogParticles: Warning: Spawning 23333 GPU particles in one frame[5956]: RainFall4_PS/Particle Emitter
[2017.12.16-00.52.13:032][956]LogParticles: Warning: Spawning 23334 GPU particles in one frame[5957]: RainFall4_PS/Particle Emitter
[2017.12.16-00.52.13:366][957]LogParticles: Warning: Spawning 23333 GPU particles in one frame[5958]: RainFall4_PS/Particle Emitter
[2017.12.16-00.52.13:699][958]LogParticles: Warning: Spawning 23333 GPU particles in one frame[5959]: RainFall4_PS/Particle Emitter
[2017.12.16-00.52.14:032][959]LogParticles: Warning: Spawning 23334 GPU particles in one frame[5960]: RainFall4_PS/Particle Emitter
[2017.12.16-00.52.14:365][960]LogParticles: Warning: Spawning 23333 GPU particles in one frame[5961]: RainFall4_PS/Particle Emitter
[2017.12.16-00.52.14:699][961]LogParticles: Warning: Spawning 23334 GPU particles in one frame[5962]: RainFall4_PS/Particle Emitter
[2017.12.16-00.52.15:032][962]LogParticles: Warning: Spawning 23333 GPU particles in one frame[5963]: RainFall4_PS/Particle Emitter
[2017.12.16-00.52.15:366][963]LogParticles: Warning: Spawning 23334 GPU particles in one frame[5964]: RainFall4_PS/Particle Emitter
[2017.12.16-00.52.15:699][964]LogParticles: Warning: Spawning 23334 GPU particles in one frame[5965]: RainFall4_PS/Particle Emitter
[2017.12.16-00.52.16:034][965]LogParticles: Warning: Spawning 23333 GPU particles in one frame[5966]: RainFall4_PS/Particle Emitter
[2017.12.16-00.52.16:366][966]LogParticles: Warning: Spawning 23333 GPU particles in one frame[5967]: RainFall4_PS/Particle Emitter
[2017.12.16-00.52.16:699][967]LogParticles: Warning: Spawning 23334 GPU particles in one frame[5968]: RainFall4_PS/Particle Emitter
[2017.12.16-00.52.17:032][968]LogParticles: Warning: Spawning 23333 GPU particles in one frame[5969]: RainFall4_PS/Particle Emitter
[2017.12.16-00.52.17:365][969]LogParticles: Warning: Spawning 23333 GPU particles in one frame[5970]: RainFall4_PS/Particle Emitter
[2017.12.16-00.52.17:699][970]LogParticles: Warning: Spawning 23334 GPU particles in one frame[5971]: RainFall4_PS/Particle Emitter
[2017.12.16-00.52.18:032][971]LogParticles: Warning: Spawning 23333 GPU particles in one frame[5972]: RainFall4_PS/Particle Emitter
[2017.12.16-00.52.18:367][972]LogParticles: Warning: Spawning 23333 GPU particles in one frame[5973]: RainFall4_PS/Particle Emitter
[2017.12.16-00.52.18:699][973]LogParticles: Warning: Spawning 23334 GPU particles in one frame[5974]: RainFall4_PS/Particle Emitter
[2017.12.16-00.52.19:033][974]LogParticles: Warning: Spawning 23333 GPU particles in one frame[5975]: RainFall4_PS/Particle Emitter
[2017.12.16-00.52.19:367][975]LogParticles: Warning: Spawning 23334 GPU particles in one frame[5976]: RainFall4_PS/Particle Emitter
[2017.12.16-00.52.19:699][976]LogParticles: Warning: Spawning 23333 GPU particles in one frame[5977]: RainFall4_PS/Particle Emitter
[2017.12.16-00.52.20:032][977]LogParticles: Warning: Spawning 23333 GPU particles in one frame[5978]: RainFall4_PS/Particle Emitter
[2017.12.16-00.52.20:365][978]LogParticles: Warning: Spawning 23334 GPU particles in one frame[5979]: RainFall4_PS/Particle Emitter
[2017.12.16-00.52.20:700][979]LogParticles: Warning: Spawning 23333 GPU particles in one frame[5980]: RainFall4_PS/Particle Emitter
[2017.12.16-00.52.21:038][980]LogParticles: Warning: Spawning 23336 GPU particles in one frame[5981]: RainFall4_PS/Particle Emitter
[2017.12.16-00.52.21:368][981]LogParticles: Warning: Spawning 23333 GPU particles in one frame[5982]: RainFall4_PS/Particle Emitter
[2017.12.16-00.52.21:702][982]LogParticles: Warning: Spawning 23333 GPU particles in one frame[5983]: RainFall4_PS/Particle Emitter
[2017.12.16-00.52.22:039][983]LogParticles: Warning: Spawning 23334 GPU particles in one frame[5984]: RainFall4_PS/Particle Emitter
[2017.12.16-00.52.22:367][984]LogParticles: Warning: Spawning 23333 GPU particles in one frame[5985]: RainFall4_PS/Particle Emitter
[2017.12.16-00.52.22:702][985]LogParticles: Warning: Spawning 23333 GPU particles in one frame[5986]: RainFall4_PS/Particle Emitter
[2017.12.16-00.52.23:040][986]LogParticles: Warning: Spawning 23334 GPU particles in one frame[5987]: RainFall4_PS/Particle Emitter
[2017.12.16-00.52.23:373][987]LogParticles: Warning: Spawning 23333 GPU particles in one frame[5988]: RainFall4_PS/Particle Emitter
[2017.12.16-00.52.23:704][988]LogParticles: Warning: Spawning 23333 GPU particles in one frame[5989]: RainFall4_PS/Particle Emitter
[2017.12.16-00.52.24:038][989]LogParticles: Warning: Spawning 23334 GPU particles in one frame[5990]: RainFall4_PS/Particle Emitter
[2017.12.16-00.52.24:371][990]LogParticles: Warning: Spawning 23333 GPU particles in one frame[5991]: RainFall4_PS/Particle Emitter
[2017.12.16-00.52.24:702][991]LogParticles: Warning: Spawning 23333 GPU particles in one frame[5992]: RainFall4_PS/Particle Emitter
[2017.12.16-00.52.25:033][992]LogParticles: Warning: Spawning 23334 GPU particles in one frame[5993]: RainFall4_PS/Particle Emitter
[2017.12.16-00.52.25:366][993]LogParticles: Warning: Spawning 23333 GPU particles in one frame[5994]: RainFall4_PS/Particle Emitter
[2017.12.16-00.52.25:703][994]LogParticles: Warning: Spawning 23333 GPU particles in one frame[5995]: RainFall4_PS/Particle Emitter
[2017.12.16-00.52.26:043][995]LogParticles: Warning: Spawning 23334 GPU particles in one frame[5996]: RainFall4_PS/Particle Emitter
[2017.12.16-00.52.26:365][996]LogParticles: Warning: Spawning 23333 GPU particles in one frame[5997]: RainFall4_PS/Particle Emitter
[2017.12.16-00.52.26:708][997]LogParticles: Warning: Spawning 23333 GPU particles in one frame[5998]: RainFall4_PS/Particle Emitter
[2017.12.16-00.52.27:032][998]LogParticles: Warning: Spawning 23334 GPU particles in one frame[5999]: RainFall4_PS/Particle Emitter
[2017.12.16-00.52.27:380][999]LogParticles: Warning: Spawning 23333 GPU particles in one frame[6000]: RainFall4_PS/Particle Emitter
[2017.12.16-00.52.27:703][  0]LogParticles: Warning: Spawning 23333 GPU particles in one frame[6001]: RainFall4_PS/Particle Emitter
[2017.12.16-00.52.28:033][  1]LogParticles: Warning: Spawning 23334 GPU particles in one frame[6002]: RainFall4_PS/Particle Emitter
[2017.12.16-00.52.28:377][  2]LogParticles: Warning: Spawning 23333 GPU particles in one frame[6003]: RainFall4_PS/Particle Emitter
[2017.12.16-00.52.28:703][  3]LogParticles: Warning: Spawning 23333 GPU particles in one frame[6004]: RainFall4_PS/Particle Emitter
[2017.12.16-00.52.29:033][  4]LogParticles: Warning: Spawning 23334 GPU particles in one frame[6005]: RainFall4_PS/Particle Emitter
[2017.12.16-00.52.29:370][  5]LogParticles: Warning: Spawning 23333 GPU particles in one frame[6006]: RainFall4_PS/Particle Emitter
[2017.12.16-00.52.29:703][  6]LogParticles: Warning: Spawning 23333 GPU particles in one frame[6007]: RainFall4_PS/Particle Emitter
[2017.12.16-00.52.30:033][  7]LogParticles: Warning: Spawning 23334 GPU particles in one frame[6008]: RainFall4_PS/Particle Emitter
[2017.12.16-00.52.30:382][  8]LogParticles: Warning: Spawning 23333 GPU particles in one frame[6009]: RainFall4_PS/Particle Emitter
[2017.12.16-00.52.30:703][  9]LogParticles: Warning: Spawning 23333 GPU particles in one frame[6010]: RainFall4_PS/Particle Emitter
[2017.12.16-00.52.31:034][ 10]LogParticles: Warning: Spawning 23334 GPU particles in one frame[6011]: RainFall4_PS/Particle Emitter
[2017.12.16-00.52.31:373][ 11]LogParticles: Warning: Spawning 23333 GPU particles in one frame[6012]: RainFall4_PS/Particle Emitter
[2017.12.16-00.52.31:700][ 12]LogParticles: Warning: Spawning 23333 GPU particles in one frame[6013]: RainFall4_PS/Particle Emitter
[2017.12.16-00.52.32:041][ 13]LogParticles: Warning: Spawning 23334 GPU particles in one frame[6014]: RainFall4_PS/Particle Emitter
[2017.12.16-00.52.32:367][ 14]LogParticles: Warning: Spawning 23334 GPU particles in one frame[6015]: RainFall4_PS/Particle Emitter
[2017.12.16-00.52.32:702][ 15]LogParticles: Warning: Spawning 23333 GPU particles in one frame[6016]: RainFall4_PS/Particle Emitter
[2017.12.16-00.52.33:044][ 16]LogParticles: Warning: Spawning 23333 GPU particles in one frame[6017]: RainFall4_PS/Particle Emitter
[2017.12.16-00.52.33:366][ 17]LogParticles: Warning: Spawning 23334 GPU particles in one frame[6018]: RainFall4_PS/Particle Emitter
[2017.12.16-00.52.33:700][ 18]LogParticles: Warning: Spawning 23334 GPU particles in one frame[6019]: RainFall4_PS/Particle Emitter
[2017.12.16-00.52.34:043][ 19]LogParticles: Warning: Spawning 23333 GPU particles in one frame[6020]: RainFall4_PS/Particle Emitter
[2017.12.16-00.53.03:474][260]LogEditorTransaction: Undo Modify Component(s)
[2017.12.16-00.53.04:323][301]LogEditorTransaction: Undo Modify Component(s)
[2017.12.16-00.53.48:321][863]BlueprintLog: New page: Compile Test_AI2_BP
[2017.12.16-00.53.48:716][864]LogParticles: Warning: Spawning 27078 GPU particles in one frame[11865]: RainFall4_PS/Particle Emitter
[2017.12.16-00.53.50:209][967]LogAIModule: Creating AISystem for world Test_Area1
[2017.12.16-00.53.53:616][967]LogSavePackage: Save=98.21ms
[2017.12.16-00.53.53:616][967]LogSavePackage: Moving '../../../../../../Users/rajjj/OneDrive/Documents/GitHub/DatBoiEntertainmetnGame_/Saved/Test_AI2_BP424F3A9D4D6BBCC3D71BD1B190A488F8.tmp' to '../../../../../../Users/rajjj/OneDrive/Documents/GitHub/DatBoiEntertainmetnGame_/Content/2DSideScrollerBP/Blueprints/Testing_Assets/Test_AI2_BP.uasset'
[2017.12.16-00.53.53:622][967]LogSavePackage: Display: Finished SavePackage ../../../../../../Users/rajjj/OneDrive/Documents/GitHub/DatBoiEntertainmetnGame_/Content/2DSideScrollerBP/Blueprints/Testing_Assets/Test_AI2_BP.uasset
[2017.12.16-00.53.53:625][967]Cmd: MAP LOAD FILE="../../../../../../Users/rajjj/OneDrive/Documents/GitHub/DatBoiEntertainmetnGame_/Content/2DSideScrollerBP/Maps/Levels/Test_Area1.umap" TEMPLATE=0 SHOWPROGRESS=1 FEATURELEVEL=3
[2017.12.16-00.53.53:627][967]LightingResults: New page: Lighting Build
[2017.12.16-00.53.53:628][967]LoadErrors: New page: Loading map: Test_Area1.umap
[2017.12.16-00.53.53:633][967]MapCheck: New page: Map Check
[2017.12.16-00.53.53:633][967]LightingResults: New page: Lighting Build
[2017.12.16-00.53.53:675][967]LogEditorServer: Finished looking for orphan Actors (0.000 secs)
[2017.12.16-00.53.53:751][967]Cmd: MAP CHECKDEP NOCLEARLOG
[2017.12.16-00.53.53:834][967]MapCheck: Map check complete: 0 Error(s), 0 Warning(s), took 82.514ms to complete.
[2017.12.16-00.53.53:839][967]LogSlate: Took 0.004157 seconds to synchronously load lazily loaded font '../../../Engine/Content/Slate/Fonts/Roboto-Regular.ttf' (155K)
[2017.12.16-00.53.53:844][967]LogFileHelpers: Loading map 'Test_Area1' took 0.222
