Log file open, 07/24/17 12:21:06
LogInit:Display: Running engine for game: InsertNameAdventure
LogPlatformFile: Not using cached read wrapper
LogInit:Display: RandInit(-513142868) SRandInit(-513142868).
LogTaskGraph: Started task graph with 5 named threads and 8 total threads with 1 sets of task threads.
LogStats: Stats thread started at 0.105302
LogInit: Using libcurl 7.47.1
LogInit:  - built for x86_64-pc-win32
LogInit:  - supports SSL with OpenSSL/1.0.2g
LogInit:  - supports HTTP deflate (compression) using libz 1.2.8
LogInit:  - other features:
LogInit:      CURL_VERSION_SSL
LogInit:      CURL_VERSION_LIBZ
LogInit:      CURL_VERSION_IPV6
LogInit:      CURL_VERSION_ASYNCHDNS
LogInit:      CURL_VERSION_LARGEFILE
LogInit:      CURL_VERSION_IDN
LogInit:  CurlRequestOptions (configurable via config and command line):
LogInit:  - bVerifyPeer = false  - Libcurl will NOT verify peer certificate
LogInit:  - bUseHttpProxy = false  - Libcurl will NOT use HTTP proxy
LogInit:  - bDontReuseConnections = false  - Libcurl will reuse connections
LogInit:  - CertBundlePath = nullptr  - Libcurl will use whatever was configured at build time.
LogInit: Build: ++UE4+Release-4.16-CL-3466753
LogInit: Engine Version: 4.16.1-3466753+++UE4+Release-4.16
LogInit: Compatible Engine Version: 4.16.0-3452394+++UE4+Release-4.16
LogInit: Net CL: 3452394
LogDevObjectVersion: Number of dev versions registered: 16
LogDevObjectVersion:   Dev-Blueprints (B0D832E4-1F89-4F0D-ACCF-7EB736FD4AA2): 9
LogDevObjectVersion:   Dev-Build (E1C64328-A22C-4D53-A36C-8E866417BD8C): 0
LogDevObjectVersion:   Dev-Core (375EC13C-06E4-48FB-B500-84F0262A717E): 2
LogDevObjectVersion:   Dev-Editor (E4B068ED-F494-42E9-A231-DA0B2E46BB41): 17
LogDevObjectVersion:   Dev-Framework (CFFC743F-43B0-4480-9391-14DF171D2073): 23
LogDevObjectVersion:   Dev-Mobile (B02B49B5-BB20-44E9-A304-32B752E40360): 0
LogDevObjectVersion:   Dev-Networking (A4E4105C-59A1-49B5-A7C5-40C4547EDFEE): 0
LogDevObjectVersion:   Dev-Online (39C831C9-5AE6-47DC-9A44-9C173E1C8E7C): 0
LogDevObjectVersion:   Dev-Physics (78F01B33-EBEA-4F98-B9B4-84EACCB95AA2): 0
LogDevObjectVersion:   Dev-Platform (6631380F-2D4D-43E0-8009-CF276956A95A): 0
LogDevObjectVersion:   Dev-Rendering (12F88B9F-8875-4AFC-A67C-D90C383ABD29): 15
LogDevObjectVersion:   Dev-Sequencer (7B5AE74C-D270-4C10-A958-57980B212A5A): 4
LogDevObjectVersion:   Dev-VR (D7296918-1DD6-4BDD-9DE2-64A83CC13884): 0
LogDevObjectVersion:   Dev-LoadTimes (C2A15278-BFE7-4AFE-6C17-90FF531DF755): 1
LogDevObjectVersion:   Private-Geometry (6EACA3D4-40EC-4CC1-B786-8BED09428FC5): 1
LogDevObjectVersion:   Dev-AnimPhys (29E575DD-E0A3-4627-9D10-D276232CDCEA): 3
LogInit: Compiled (64-bit): May 31 2017 02:03:30
LogInit: Compiled with Visual C++: 19.00.24215.01
LogInit: Build Configuration: Development
LogInit: Branch Name: ++UE4+Release-4.16
LogInit: Command line:  
LogInit: Base directory: C:/Program Files/Epic Games/UE_4.16/Engine/Binaries/Win64/
LogInit: Installed Engine Build: 1
LogInit: Presizing for max 8388607 objects, including 0 objects not considered by GC, pre-allocating 0 bytes for permanent pool.
LogInit: Object subsystem initialized
[2017.07.24-18.21.06:679][  0]LogInit: Selected Device Profile: [Windows]
[2017.07.24-18.21.06:679][  0]LogInit: Applying CVar settings loaded from the selected device profile: [Windows]
[2017.07.24-18.21.06:705][  0]LogInit: Computer: DESKTOP-SV0KJJ8
[2017.07.24-18.21.06:705][  0]LogInit: User: gentry
[2017.07.24-18.21.06:705][  0]LogInit: CPU Page size=4096, Cores=4
[2017.07.24-18.21.06:705][  0]LogInit: High frequency timer resolution =3.421879 MHz
[2017.07.24-18.21.06:705][  0]LogMemory: Memory total: Physical=8.0GB (8GB approx)
[2017.07.24-18.21.06:705][  0]LogMemory: Platform Memory Stats for Windows
[2017.07.24-18.21.06:705][  0]LogMemory: Process Physical Memory: 273.00 MB used, 273.00 MB peak
[2017.07.24-18.21.06:705][  0]LogMemory: Process Virtual Memory: 262.55 MB used, 262.55 MB peak
[2017.07.24-18.21.06:705][  0]LogMemory: Physical Memory: 2708.05 MB used,  5448.64 MB free, 8156.69 MB total
[2017.07.24-18.21.06:705][  0]LogMemory: Virtual Memory: 639.31 MB used,  5448.64 MB free, 134217728.00 MB total
[2017.07.24-18.21.06:779][  0]LogInit: Using OS detected language (en-US).
[2017.07.24-18.21.06:779][  0]LogInit: Using OS detected locale (en-US).
[2017.07.24-18.21.06:782][  0]LogTextLocalizationManager: No specific localization for 'en-US' exists, so the 'en' localization will be used.
[2017.07.24-18.21.07:463][  0]LogD3D11RHI: D3D11 adapters:
[2017.07.24-18.21.07:931][  0]LogD3D11RHI:    0. 'NVIDIA GeForce GTX 1070' (Feature Level 11_0)
[2017.07.24-18.21.07:931][  0]LogD3D11RHI:       8119/0/4078 MB DedicatedVideo/DedicatedSystem/SharedSystem, Outputs:1, VendorId:0x10de
[2017.07.24-18.21.07:932][  0]LogD3D11RHI:    1. 'Microsoft Basic Render Driver' (Feature Level 11_0)
[2017.07.24-18.21.07:932][  0]LogD3D11RHI:       0/0/4078 MB DedicatedVideo/DedicatedSystem/SharedSystem, Outputs:0, VendorId:0x1414
[2017.07.24-18.21.07:932][  0]LogD3D11RHI: Chosen D3D11 Adapter: 0
[2017.07.24-18.21.07:936][  0]LogD3D11RHI: Creating new Direct3DDevice
[2017.07.24-18.21.07:936][  0]LogD3D11RHI:     GPU DeviceId: 0x1b81 (for the marketing name, search the web for "GPU Device Id")
[2017.07.24-18.21.07:936][  0]LogWindows: EnumDisplayDevices:
[2017.07.24-18.21.07:936][  0]LogWindows:    0. 'NVIDIA GeForce GTX 1070' (P:1 D:1)
[2017.07.24-18.21.07:936][  0]LogWindows:    1. 'NVIDIA GeForce GTX 1070' (P:0 D:0)
[2017.07.24-18.21.07:936][  0]LogWindows:    2. 'NVIDIA GeForce GTX 1070' (P:0 D:0)
[2017.07.24-18.21.07:937][  0]LogWindows:    3. 'NVIDIA GeForce GTX 1070' (P:0 D:0)
[2017.07.24-18.21.07:937][  0]LogWindows: DebugString: FoundDriverCount:4 
[2017.07.24-18.21.07:937][  0]LogD3D11RHI:     Adapter Name: NVIDIA GeForce GTX 1070
[2017.07.24-18.21.07:937][  0]LogD3D11RHI:   Driver Version: 382.53 (internal:22.21.13.8253, unified:382.53)
[2017.07.24-18.21.07:937][  0]LogD3D11RHI:      Driver Date: 6-7-2017
[2017.07.24-18.21.07:937][  0]LogRHI: Texture pool is 1361 MB (70% of 1945 MB)
[2017.07.24-18.21.08:377][  0]LogD3D11RHI: Async texture creation enabled
[2017.07.24-18.21.08:404][  0]LogD3D11RHI: GPU Timing Frequency: 1000.000000 (Debug: 2 1)
[2017.07.24-18.21.08:405][  0]LogShaderCompilers: Guid format shader working directory is -25 characters bigger than the processId version (../../../../../../Users/gentry/Documents/GitHub/DatBoiEntertainmetnGame_/Intermediate/Shaders/WorkingDirectory/6884/).
[2017.07.24-18.21.08:405][  0]LogShaderCompilers: Cleaned the shader compiler working directory 'C:/Users/gentry/AppData/Local/Temp/UnrealShaderWorkingDir/68A1C7F24722818AE57292A430AD419C/'.
[2017.07.24-18.21.08:405][  0]LogShaderCompilers:Display: Using Local Shader Compiler.
[2017.07.24-18.21.09:152][  0]LogTemp:Display: Loaded TP AllDesktopTargetPlatform
[2017.07.24-18.21.09:187][  0]LogTemp:Display: Loaded TP MacClientTargetPlatform
[2017.07.24-18.21.09:223][  0]LogTemp:Display: Loaded TP MacNoEditorTargetPlatform
[2017.07.24-18.21.09:259][  0]LogTemp:Display: Loaded TP MacServerTargetPlatform
[2017.07.24-18.21.09:295][  0]LogTemp:Display: Loaded TP MacTargetPlatform
[2017.07.24-18.21.09:331][  0]LogTemp:Display: Loaded TP WindowsClientTargetPlatform
[2017.07.24-18.21.09:367][  0]LogTemp:Display: Loaded TP WindowsNoEditorTargetPlatform
[2017.07.24-18.21.09:404][  0]LogTemp:Display: Loaded TP WindowsServerTargetPlatform
[2017.07.24-18.21.09:436][  0]LogTemp:Display: Loaded TP WindowsTargetPlatform
[2017.07.24-18.21.09:471][  0]LogTemp:Display: Loaded TP AndroidTargetPlatform
[2017.07.24-18.21.09:508][  0]LogTemp:Display: Loaded TP Android_ASTCTargetPlatform
[2017.07.24-18.21.09:543][  0]LogTemp:Display: Loaded TP Android_ATCTargetPlatform
[2017.07.24-18.21.09:579][  0]LogTemp:Display: Loaded TP Android_DXTTargetPlatform
[2017.07.24-18.21.09:615][  0]LogTemp:Display: Loaded TP Android_ETC1TargetPlatform
[2017.07.24-18.21.09:650][  0]LogTemp:Display: Loaded TP Android_ETC2TargetPlatform
[2017.07.24-18.21.09:721][  0]LogTemp:Display: Loaded TP Android_MultiTargetPlatform
[2017.07.24-18.21.09:721][  0]LogTemp:Display: Loaded TP Android_PVRTCTargetPlatform
[2017.07.24-18.21.09:748][  0]LogTemp:Display: Loaded TP HTML5TargetPlatform
[2017.07.24-18.21.09:820][  0]LogTemp:Display: Loaded TP IOSTargetPlatform
[2017.07.24-18.21.09:842][  0]LogTemp:Display: Loaded TP TVOSTargetPlatform
[2017.07.24-18.21.09:879][  0]LogTemp:Display: Loaded TP LinuxClientTargetPlatform
[2017.07.24-18.21.09:915][  0]LogTemp:Display: Loaded TP LinuxNoEditorTargetPlatform
[2017.07.24-18.21.09:950][  0]LogTemp:Display: Loaded TP LinuxServerTargetPlatform
[2017.07.24-18.21.09:986][  0]LogTemp:Display: Loaded TP LinuxTargetPlatform
[2017.07.24-18.21.09:986][  0]LogTargetPlatformManager:Display: Building Assets For Windows
[2017.07.24-18.21.10:326][  0]LogDerivedDataCache:Display: Max Cache Size: 512 MB
[2017.07.24-18.21.10:396][  0]LogDerivedDataCache: Loaded boot cache 0.07s 90MB C:/Users/gentry/AppData/Local/UnrealEngine/4.16/DerivedDataCache/Boot.ddc.
[2017.07.24-18.21.10:396][  0]LogDerivedDataCache:Display: Loaded Boot cache: C:/Users/gentry/AppData/Local/UnrealEngine/4.16/DerivedDataCache/Boot.ddc
[2017.07.24-18.21.10:396][  0]LogDerivedDataCache: FDerivedDataBackendGraph:  Pak pak cache file ../../../../../../Users/gentry/Documents/GitHub/DatBoiEntertainmetnGame_/DerivedDataCache/DDC.ddp not found, will not use a pak cache.
[2017.07.24-18.21.10:396][  0]LogDerivedDataCache: Unable to find inner node Pak for hierarchical cache Hierarchy.
[2017.07.24-18.21.10:396][  0]LogDerivedDataCache: FDerivedDataBackendGraph:  CompressedPak pak cache file ../../../../../../Users/gentry/Documents/GitHub/DatBoiEntertainmetnGame_/DerivedDataCache/Compressed.ddp not found, will not use a pak cache.
[2017.07.24-18.21.10:396][  0]LogDerivedDataCache: Unable to find inner node CompressedPak for hierarchical cache Hierarchy.
[2017.07.24-18.21.10:409][  0]LogDerivedDataCache:Display: Pak cache opened for reading ../../../Engine/DerivedDataCache/Compressed.ddp.
[2017.07.24-18.21.10:420][  0]LogDerivedDataCache: Using Local data cache path C:/Users/gentry/AppData/Local/UnrealEngine/Common/DerivedDataCache: Writable
[2017.07.24-18.21.10:427][  0]LogMaterial: Verifying Global Shaders for PCD3D_SM5
[2017.07.24-18.21.10:427][  0]LogSlate: Using Freetype 2.6.0
[2017.07.24-18.21.10:428][  0]LogSlate: SlateFontCache - WITH_FREETYPE: 1, WITH_HARFBUZZ: 1
[2017.07.24-18.21.10:428][  0]LogSlate: SlateFontCache - WITH_FREETYPE: 1, WITH_HARFBUZZ: 1
[2017.07.24-18.21.10:661][  0]LogInit: Selected Device Profile: [Windows]
[2017.07.24-18.21.10:717][  0]LogContentStreaming: Texture pool size is 0.00 MB
[2017.07.24-18.21.10:832][  0]LogMeshUtilities: Using QuadricMeshReduction for automatic static mesh reduction
[2017.07.24-18.21.10:862][  0]LogSimplygon: Simplygon DLL not present - disabling.
[2017.07.24-18.21.10:894][  0]LogMeshUtilities: Using SimplygonSwarm for distributed automatic mesh merging
[2017.07.24-18.21.10:894][  0]LogMeshUtilities: No automatic skeletal mesh reduction module available
[2017.07.24-18.21.10:894][  0]LogMeshUtilities: No automatic mesh merging module available
[2017.07.24-18.21.11:311][  0]LogNetVersion: InsertNameAdventure , NetCL: 3452394, EngineNetVer: 2, GameNetVer: 0 (Checksum: 1278457987)
[2017.07.24-18.21.11:363][  0]LogAssetRegistry: FAssetRegistry took 0.0242 seconds to start up
[2017.07.24-18.21.11:408][  0]LogPackageLocalizationCache: Processed 4 localized package path(s) for 2 prioritized culture(s) in 0.028474 seconds
[2017.07.24-18.21.11:412][  0]LogUObjectArray: 34194 objects as part of root set at end of initial load.
[2017.07.24-18.21.11:412][  0]LogUObjectAllocator: 7260416 out of 0 bytes used by permanent object pool.
[2017.07.24-18.21.11:412][  0]LogUObjectArray: CloseDisregardForGC: 0/0 objects in disregard for GC pool
[2017.07.24-18.21.11:457][  0]LogInit: WinSock: version 1.1 (2.2), MaxSocks=32767, MaxUdp=65467
[2017.07.24-18.21.13:158][  0]LogTcpMessaging: Initializing TcpMessaging bridge
[2017.07.24-18.21.13:188][  0]LogUdpMessaging: Initializing bridge on interface 0.0.0.0:0 to multicast group 230.0.0.1:6666.
[2017.07.24-18.21.13:585][  0]LogMaterial: Uniform references updated for custom material expression Custom.
[2017.07.24-18.21.13:869][  0]SourceControl: Info Source control is disabled
[2017.07.24-18.21.14:704][  0]LogAndroidPermission: UAndroidPermissionCallbackProxy::GetInstance
[2017.07.24-18.21.15:116][  0]LogEngine: Initializing Engine...
[2017.07.24-18.21.15:116][  0]LogHMD: Failed to initialize OpenVR with code 110
[2017.07.24-18.21.15:277][  0]LogStats: UGameplayTagsManager::ConstructGameplayTagTree: Construct from data asset -  0.000 s
[2017.07.24-18.21.15:277][  0]LogStats: UGameplayTagsManager::ConstructGameplayTagTree: GameplayTagTreeChangedEvent.Broadcast -  0.000 s
[2017.07.24-18.21.15:367][  0]LogAIModule: Creating AISystem for world Untitled
[2017.07.24-18.21.15:373][  0]LogInit: XAudio2 using 'Speakers (3- Skullcandy GMX Dolby Transmitter)' : 2 channels at 48 kHz using 16 bits per sample (channel mask 0x3)
[2017.07.24-18.21.15:380][  0]LogInit: FAudioDevice initialized.
[2017.07.24-18.21.15:413][  0]LogDerivedDataCache: Saved boot cache 0.03s 90MB C:/Users/gentry/AppData/Local/UnrealEngine/4.16/DerivedDataCache/Boot.ddc.
[2017.07.24-18.21.15:423][  0]LogInit: Texture streaming: Enabled
[2017.07.24-18.21.15:491][  0]LogEngineSessionManager: EngineSessionManager initialized
[2017.07.24-18.21.15:642][  0]LogWindowsTextInputMethodSystem:Display: IME system now deactivated.
[2017.07.24-18.21.15:655][  0]LogInit: Transaction tracking system initialized
[2017.07.24-18.21.15:879][  0]BlueprintLog: New page: Editor Load
[2017.07.24-18.21.16:570][  0]LocalizationService: Info Localization service is disabled
[2017.07.24-18.21.17:076][  0]LogConsoleResponse:Display: 
[2017.07.24-18.21.17:184][  0]LogCook:Display: Max memory allowance for cook 16384mb min free memory 0mb
[2017.07.24-18.21.17:184][  0]LogCook:Display: Mobile HDR setting 1
[2017.07.24-18.21.17:659][  0]LogFileCache: Scanning file cache for directory 'C:/Users/gentry/Documents/GitHub/DatBoiEntertainmetnGame_/Content/' took 0.01s
[2017.07.24-18.21.18:011][  0]Cmd: MAP LOAD FILE="../../../../../../Users/gentry/Documents/GitHub/DatBoiEntertainmetnGame_/Content/2DSideScrollerBP/Maps/2DSideScrollerExampleMap.umap" TEMPLATE=0 SHOWPROGRESS=1 FEATURELEVEL=3
[2017.07.24-18.21.18:023][  0]LogSlate: Took 0.000177 seconds to synchronously load lazily loaded font '../../../Engine/Content/Slate/Fonts/Roboto-Regular.ttf' (155K)
[2017.07.24-18.21.21:205][  0]LogWindowsTextInputMethodSystem:Display: IME system now deactivated.
[2017.07.24-18.21.21:207][  0]LightingResults: New page: Lighting Build
[2017.07.24-18.21.21:240][  0]MapCheck: New page: Map Check
[2017.07.24-18.21.21:240][  0]LightingResults: New page: Lighting Build
[2017.07.24-18.21.21:251][  0]LogAIModule: Creating AISystem for world Untitled
[2017.07.24-18.21.21:252][  0]LoadErrors: New page: New Map
[2017.07.24-18.21.21:309][  0]LogWindowsTextInputMethodSystem:Display: IME system now deactivated.
[2017.07.24-18.21.21:379][  0]LogCollectionManager: Loaded 0 collections in 0.001129 seconds
[2017.07.24-18.21.21:451][  0]LogFileCache: Scanning file cache for directory 'C:/Users/gentry/Documents/GitHub/DatBoiEntertainmetnGame_/Saved/Collections/' took 0.01s
[2017.07.24-18.21.21:451][  0]LogFileCache: Scanning file cache for directory 'C:/Users/gentry/Documents/GitHub/DatBoiEntertainmetnGame_/Content/Developers/gentry/Collections/' took 0.01s
[2017.07.24-18.21.21:451][  0]LogFileCache: Scanning file cache for directory 'C:/Users/gentry/Documents/GitHub/DatBoiEntertainmetnGame_/Content/Collections/' took 0.01s
[2017.07.24-18.21.21:451][  0]LogCollectionManager: Rebuilt the GUID cache for 0 collections in 0.000001 seconds
[2017.07.24-18.21.21:459][  0]LogContentBrowser: Native class hierarchy populated in 0.0070 seconds. Added 2329 classes and 491 folders.
[2017.07.24-18.21.21:512][  0]LogContentBrowser: Native class hierarchy updated for 'WidgetCarousel' in 0.0004 seconds. Added 0 classes and 0 folders.
[2017.07.24-18.21.21:539][  0]LogContentBrowser: Native class hierarchy updated for 'AddContentDialog' in 0.0004 seconds. Added 0 classes and 0 folders.
[2017.07.24-18.21.21:574][  0]LogContentBrowser: Native class hierarchy updated for 'SceneOutliner' in 0.0004 seconds. Added 1 classes and 2 folders.
[2017.07.24-18.21.21:602][  0]LogCrashTracker: Crashtracker disabled due to settings.
[2017.07.24-18.21.21:606][  0]LogSlate: Took 0.000133 seconds to synchronously load lazily loaded font '../../../Engine/Content/Slate/Fonts/Roboto-Bold.ttf' (160K)
[2017.07.24-18.21.21:609][  0]LogSlate: Took 0.000139 seconds to synchronously load lazily loaded font '../../../Engine/Content/Editor/Slate/Fonts/FontAwesome.ttf' (139K)
[2017.07.24-18.21.21:695][  0]LogRenderer: Reallocating scene render targets to support 1004x680 NumSamples 1 (Frame:1).
[2017.07.24-18.21.21:791][  0]LogUObjectGlobals:Warning: Failed to find object 'Class None.'
[2017.07.24-18.21.21:847][  0]LogContentBrowser: Native class hierarchy updated for 'HierarchicalLODOutliner' in 0.0005 seconds. Added 1 classes and 2 folders.
[2017.07.24-18.21.21:847][  0]LogLoad: (Engine Initialization) Total time: 16.52 seconds
[2017.07.24-18.21.21:847][  0]LogLoad: (Engine Initialization) Total Blueprint compile time: 0.03 seconds
[2017.07.24-18.21.21:847][  0]LogExternalProfiler: No external profilers were discovered.  External profiling features will not be available.
[2017.07.24-18.21.21:857][  0]LogOcInput: OculusInput pre-init called
[2017.07.24-18.21.21:857][  0]LogHMD: Starting GearVRController plugin
[2017.07.24-18.21.21:872][  0]LogAssetRegistry: Asset discovery search completed in 10.5297 seconds
[2017.07.24-18.21.21:874][  0]LogCollectionManager: Rebuilt the object cache for 0 collections in 0.000000 seconds (found 0 objects)
[2017.07.24-18.21.21:874][  0]LogCollectionManager: Fixed up redirectors for 0 collections in 0.000047 seconds (updated 0 objects)
[2017.07.24-18.21.21:874][  0]SourceControl: Info On branch V1.5.1
[2017.07.24-18.21.21:874][  0]SourceControl: Info Your branch is up-to-date with 'origin/V1.5.1'.
[2017.07.24-18.21.21:874][  0]SourceControl: Info Changes not staged for commit:
[2017.07.24-18.21.21:874][  0]SourceControl: Info   (use "git add/rm <file>..." to update what will be committed)
[2017.07.24-18.21.21:874][  0]SourceControl: Info   (use "git checkout -- <file>..." to discard changes in working directory)
[2017.07.24-18.21.21:874][  0]SourceControl: Info 	modified:   Intermediate/CachedAssetRegistry.bin
[2017.07.24-18.21.21:874][  0]SourceControl: Info 	modified:   Saved/Config/Windows/Editor.ini
[2017.07.24-18.21.21:874][  0]SourceControl: Info 	modified:   Saved/Config/Windows/Engine.ini
[2017.07.24-18.21.21:874][  0]SourceControl: Info 	deleted:    Saved/Logs/InsertNameAdventure-backup-2017.07.23-21.45.15.log
[2017.07.24-18.21.21:874][  0]SourceControl: Info 	modified:   Saved/Logs/InsertNameAdventure.log
[2017.07.24-18.21.21:874][  0]SourceControl: Info Untracked files:
[2017.07.24-18.21.21:874][  0]SourceControl: Info   (use "git add <file>..." to include in what will be committed)
[2017.07.24-18.21.21:874][  0]SourceControl: Info 	Saved/Config/CrashReportClient/UE4CC-Windows-53C378354CFB3511989693A5ACA6BC97/
[2017.07.24-18.21.21:874][  0]SourceControl: Info 	Saved/Logs/InsertNameAdventure-backup-2017.07.24-12.21.06.log
[2017.07.24-18.21.21:874][  0]SourceControl: Info no changes added to commit (use "git add" and/or "git commit -a")
[2017.07.24-18.21.21:874][  0]LogContentStreaming: Texture pool size now 1000 MB
[2017.07.24-18.21.25:132][383]LogSlate: Took 0.000101 seconds to synchronously load lazily loaded font '../../../Engine/Content/Slate/Fonts/Roboto-Light.ttf' (159K)
[2017.07.24-18.21.25:912][383]LogAIModule: Creating AISystem for world Rainforest_Alien
[2017.07.24-18.21.25:952][383]Cmd: MAP LOAD FILE="../../../../../../Users/gentry/Documents/GitHub/DatBoiEntertainmetnGame_/Content/2DSideScrollerBP/Maps/Levels/Rainforest_Alien.umap" TEMPLATE=0 SHOWPROGRESS=1 FEATURELEVEL=3
[2017.07.24-18.21.25:952][383]LightingResults: New page: Lighting Build
[2017.07.24-18.21.25:953][383]LoadErrors: New page: Loading map: Rainforest_Alien.umap
[2017.07.24-18.21.25:953][383]MapCheck: New page: Map Check
[2017.07.24-18.21.25:953][383]LightingResults: New page: Lighting Build
[2017.07.24-18.21.25:982][383]LogEditorServer: Finished looking for orphan Actors (0.000 secs)
[2017.07.24-18.21.26:030][383]Cmd: MAP CHECKDEP NOCLEARLOG
[2017.07.24-18.21.26:076][383]MapCheck: Info Map check complete: 0 Error(s), 0 Warning(s), took 44.985ms to complete.
[2017.07.24-18.21.26:076][383]LogFileHelpers: Loading map 'Rainforest_Alien' took 0.124
[2017.07.24-18.21.26:802][463]LogTemp: Repeting last play command: New Editor Window (PIE)
[2017.07.24-18.21.26:850][463]LogBlueprintUserMessages: Early PlayInEditor Detection: Level '/Game/2DSideScrollerBP/Maps/Levels/Rainforest_Alien.Rainforest_Alien:PersistentLevel' has LevelScriptBlueprint '/Game/2DSideScrollerBP/Maps/Levels/Rainforest_Alien.Rainforest_Alien:PersistentLevel.Rainforest_Alien' with GeneratedClass '/Game/2DSideScrollerBP/Maps/Levels/Rainforest_Alien.Rainforest_Alien_C' with ClassGeneratedBy '/Game/2DSideScrollerBP/Maps/Levels/Rainforest_Alien.Rainforest_Alien:PersistentLevel.Rainforest_Alien'
[2017.07.24-18.21.26:850][463]LogPlayLevel: PlayLevel: No blueprints needed recompiling
[2017.07.24-18.21.26:850][463]PIE: New page: PIE session: Rainforest_Alien (Jul 24, 2017, 6:21:26 AM)
[2017.07.24-18.21.26:850][463]LogPlayLevel: Creating play world package: /Game/2DSideScrollerBP/Maps/Levels/UEDPIE_0_Rainforest_Alien
[2017.07.24-18.21.26:867][463]LogPlayLevel: PIE: StaticDuplicateObject took: (0.016655s)
[2017.07.24-18.21.26:867][463]LogAIModule: Creating AISystem for world Rainforest_Alien
[2017.07.24-18.21.26:867][463]LogPlayLevel: PIE: World Init took: (0.000434s)
[2017.07.24-18.21.26:867][463]LogPlayLevel: PIE: Created PIE world by copying editor world from /Game/2DSideScrollerBP/Maps/Levels/Rainforest_Alien.Rainforest_Alien to /Game/2DSideScrollerBP/Maps/Levels/UEDPIE_0_Rainforest_Alien.Rainforest_Alien (0.017364s)
[2017.07.24-18.21.26:877][463]LogInit: XAudio2 using 'Speakers (3- Skullcandy GMX Dolby Transmitter)' : 2 channels at 48 kHz using 16 bits per sample (channel mask 0x3)
[2017.07.24-18.21.26:883][463]LogInit: FAudioDevice initialized.
[2017.07.24-18.21.26:930][463]LogLoad: Game class is '2DSideScrollerGameMode_C'
[2017.07.24-18.21.26:947][463]LogWorld: Bringing World /Game/2DSideScrollerBP/Maps/Levels/UEDPIE_0_Rainforest_Alien.Rainforest_Alien up for play (max tick rate 0) at 2017.07.24-12.21.26
[2017.07.24-18.21.26:959][463]LogWorld: Bringing up level for play took: 0.026953
[2017.07.24-18.21.26:990][463]LogContentBrowser: Native class hierarchy updated for 'MovieSceneCapture' in 0.0005 seconds. Added 11 classes and 0 folders.
[2017.07.24-18.21.27:000][463]PIE: Info Play in editor start time for /Game/2DSideScrollerBP/Maps/Levels/UEDPIE_0_Rainforest_Alien 0.83
[2017.07.24-18.21.27:000][463]LogBlueprintUserMessages: Late PlayInEditor Detection: Level '/Game/2DSideScrollerBP/Maps/Levels/Rainforest_Alien.Rainforest_Alien:PersistentLevel' has LevelScriptBlueprint '/Game/2DSideScrollerBP/Maps/Levels/Rainforest_Alien.Rainforest_Alien:PersistentLevel.Rainforest_Alien' with GeneratedClass '/Game/2DSideScrollerBP/Maps/Levels/Rainforest_Alien.Rainforest_Alien_C' with ClassGeneratedBy '/Game/2DSideScrollerBP/Maps/Levels/Rainforest_Alien.Rainforest_Alien:PersistentLevel.Rainforest_Alien'
[2017.07.24-18.21.27:043][463]LogRenderer: Reallocating scene render targets to support 1292x756 NumSamples 1 (Frame:1).
[2017.07.24-18.22.15:886][308]LogBlueprintUserMessages: Early EndPlayMap Detection: Level '/Game/2DSideScrollerBP/Maps/Levels/Rainforest_Alien.Rainforest_Alien:PersistentLevel' has LevelScriptBlueprint '/Game/2DSideScrollerBP/Maps/Levels/Rainforest_Alien.Rainforest_Alien:PersistentLevel.Rainforest_Alien' with GeneratedClass '/Game/2DSideScrollerBP/Maps/Levels/Rainforest_Alien.Rainforest_Alien_C' with ClassGeneratedBy '/Game/2DSideScrollerBP/Maps/Levels/Rainforest_Alien.Rainforest_Alien:PersistentLevel.Rainforest_Alien'
[2017.07.24-18.22.15:931][308]LogBlueprintUserMessages: Late EndPlayMap Detection: Level '/Game/2DSideScrollerBP/Maps/Levels/Rainforest_Alien.Rainforest_Alien:PersistentLevel' has LevelScriptBlueprint '/Game/2DSideScrollerBP/Maps/Levels/Rainforest_Alien.Rainforest_Alien:PersistentLevel.Rainforest_Alien' with GeneratedClass '/Game/2DSideScrollerBP/Maps/Levels/Rainforest_Alien.Rainforest_Alien_C' with ClassGeneratedBy '/Game/2DSideScrollerBP/Maps/Levels/Rainforest_Alien.Rainforest_Alien:PersistentLevel.Rainforest_Alien'
[2017.07.24-18.22.16:870][416]LogTemp: Repeting last play command: New Editor Window (PIE)
[2017.07.24-18.22.16:892][416]LogBlueprintUserMessages: Early PlayInEditor Detection: Level '/Game/2DSideScrollerBP/Maps/Levels/Rainforest_Alien.Rainforest_Alien:PersistentLevel' has LevelScriptBlueprint '/Game/2DSideScrollerBP/Maps/Levels/Rainforest_Alien.Rainforest_Alien:PersistentLevel.Rainforest_Alien' with GeneratedClass '/Game/2DSideScrollerBP/Maps/Levels/Rainforest_Alien.Rainforest_Alien_C' with ClassGeneratedBy '/Game/2DSideScrollerBP/Maps/Levels/Rainforest_Alien.Rainforest_Alien:PersistentLevel.Rainforest_Alien'
[2017.07.24-18.22.16:892][416]LogPlayLevel: PlayLevel: No blueprints needed recompiling
[2017.07.24-18.22.16:892][416]PIE: New page: PIE session: Rainforest_Alien (Jul 24, 2017, 6:22:16 AM)
[2017.07.24-18.22.16:892][416]LogPlayLevel: Creating play world package: /Game/2DSideScrollerBP/Maps/Levels/UEDPIE_0_Rainforest_Alien
[2017.07.24-18.22.16:908][416]LogPlayLevel: PIE: StaticDuplicateObject took: (0.015818s)
[2017.07.24-18.22.16:909][416]LogAIModule: Creating AISystem for world Rainforest_Alien
[2017.07.24-18.22.16:909][416]LogPlayLevel: PIE: World Init took: (0.000477s)
[2017.07.24-18.22.16:909][416]LogPlayLevel: PIE: Created PIE world by copying editor world from /Game/2DSideScrollerBP/Maps/Levels/Rainforest_Alien.Rainforest_Alien to /Game/2DSideScrollerBP/Maps/Levels/UEDPIE_0_Rainforest_Alien.Rainforest_Alien (0.016533s)
[2017.07.24-18.22.16:919][416]LogInit: XAudio2 using 'Speakers (3- Skullcandy GMX Dolby Transmitter)' : 2 channels at 48 kHz using 16 bits per sample (channel mask 0x3)
[2017.07.24-18.22.16:924][416]LogInit: FAudioDevice initialized.
[2017.07.24-18.22.16:959][416]LogLoad: Game class is '2DSideScrollerGameMode_C'
[2017.07.24-18.22.16:974][416]LogWorld: Bringing World /Game/2DSideScrollerBP/Maps/Levels/UEDPIE_0_Rainforest_Alien.Rainforest_Alien up for play (max tick rate 0) at 2017.07.24-12.22.16
[2017.07.24-18.22.16:984][416]LogWorld: Bringing up level for play took: 0.024028
[2017.07.24-18.22.16:988][416]PIE: Info Play in editor start time for /Game/2DSideScrollerBP/Maps/Levels/UEDPIE_0_Rainforest_Alien 0.818
[2017.07.24-18.22.16:988][416]LogBlueprintUserMessages: Late PlayInEditor Detection: Level '/Game/2DSideScrollerBP/Maps/Levels/Rainforest_Alien.Rainforest_Alien:PersistentLevel' has LevelScriptBlueprint '/Game/2DSideScrollerBP/Maps/Levels/Rainforest_Alien.Rainforest_Alien:PersistentLevel.Rainforest_Alien' with GeneratedClass '/Game/2DSideScrollerBP/Maps/Levels/Rainforest_Alien.Rainforest_Alien_C' with ClassGeneratedBy '/Game/2DSideScrollerBP/Maps/Levels/Rainforest_Alien.Rainforest_Alien:PersistentLevel.Rainforest_Alien'
[2017.07.24-18.23.21:887][139]LogBlueprintUserMessages: Early EndPlayMap Detection: Level '/Game/2DSideScrollerBP/Maps/Levels/Rainforest_Alien.Rainforest_Alien:PersistentLevel' has LevelScriptBlueprint '/Game/2DSideScrollerBP/Maps/Levels/Rainforest_Alien.Rainforest_Alien:PersistentLevel.Rainforest_Alien' with GeneratedClass '/Game/2DSideScrollerBP/Maps/Levels/Rainforest_Alien.Rainforest_Alien_C' with ClassGeneratedBy '/Game/2DSideScrollerBP/Maps/Levels/Rainforest_Alien.Rainforest_Alien:PersistentLevel.Rainforest_Alien'
[2017.07.24-18.23.21:932][139]LogBlueprintUserMessages: Late EndPlayMap Detection: Level '/Game/2DSideScrollerBP/Maps/Levels/Rainforest_Alien.Rainforest_Alien:PersistentLevel' has LevelScriptBlueprint '/Game/2DSideScrollerBP/Maps/Levels/Rainforest_Alien.Rainforest_Alien:PersistentLevel.Rainforest_Alien' with GeneratedClass '/Game/2DSideScrollerBP/Maps/Levels/Rainforest_Alien.Rainforest_Alien_C' with ClassGeneratedBy '/Game/2DSideScrollerBP/Maps/Levels/Rainforest_Alien.Rainforest_Alien:PersistentLevel.Rainforest_Alien'
[2017.07.24-18.23.41:689][469]LogTemp: Repeting last play command: New Editor Window (PIE)
[2017.07.24-18.23.41:711][469]LogBlueprintUserMessages: Early PlayInEditor Detection: Level '/Game/2DSideScrollerBP/Maps/Levels/Rainforest_Alien.Rainforest_Alien:PersistentLevel' has LevelScriptBlueprint '/Game/2DSideScrollerBP/Maps/Levels/Rainforest_Alien.Rainforest_Alien:PersistentLevel.Rainforest_Alien' with GeneratedClass '/Game/2DSideScrollerBP/Maps/Levels/Rainforest_Alien.Rainforest_Alien_C' with ClassGeneratedBy '/Game/2DSideScrollerBP/Maps/Levels/Rainforest_Alien.Rainforest_Alien:PersistentLevel.Rainforest_Alien'
[2017.07.24-18.23.41:711][469]LogPlayLevel: PlayLevel: No blueprints needed recompiling
[2017.07.24-18.23.41:712][469]PIE: New page: PIE session: Rainforest_Alien (Jul 24, 2017, 6:23:41 AM)
[2017.07.24-18.23.41:712][469]LogPlayLevel: Creating play world package: /Game/2DSideScrollerBP/Maps/Levels/UEDPIE_0_Rainforest_Alien
[2017.07.24-18.23.41:729][469]LogPlayLevel: PIE: StaticDuplicateObject took: (0.016752s)
[2017.07.24-18.23.41:729][469]LogAIModule: Creating AISystem for world Rainforest_Alien
[2017.07.24-18.23.41:729][469]LogPlayLevel: PIE: World Init took: (0.000506s)
[2017.07.24-18.23.41:730][469]LogPlayLevel: PIE: Created PIE world by copying editor world from /Game/2DSideScrollerBP/Maps/Levels/Rainforest_Alien.Rainforest_Alien to /Game/2DSideScrollerBP/Maps/Levels/UEDPIE_0_Rainforest_Alien.Rainforest_Alien (0.017614s)
[2017.07.24-18.23.41:740][469]LogInit: XAudio2 using 'Speakers (3- Skullcandy GMX Dolby Transmitter)' : 2 channels at 48 kHz using 16 bits per sample (channel mask 0x3)
[2017.07.24-18.23.41:745][469]LogInit: FAudioDevice initialized.
[2017.07.24-18.23.41:783][469]LogLoad: Game class is '2DSideScrollerGameMode_C'
[2017.07.24-18.23.41:798][469]LogWorld: Bringing World /Game/2DSideScrollerBP/Maps/Levels/UEDPIE_0_Rainforest_Alien.Rainforest_Alien up for play (max tick rate 0) at 2017.07.24-12.23.41
[2017.07.24-18.23.41:809][469]LogWorld: Bringing up level for play took: 0.024540
[2017.07.24-18.23.41:818][469]PIE: Info Play in editor start time for /Game/2DSideScrollerBP/Maps/Levels/UEDPIE_0_Rainforest_Alien -0.352
[2017.07.24-18.23.41:819][469]LogBlueprintUserMessages: Late PlayInEditor Detection: Level '/Game/2DSideScrollerBP/Maps/Levels/Rainforest_Alien.Rainforest_Alien:PersistentLevel' has LevelScriptBlueprint '/Game/2DSideScrollerBP/Maps/Levels/Rainforest_Alien.Rainforest_Alien:PersistentLevel.Rainforest_Alien' with GeneratedClass '/Game/2DSideScrollerBP/Maps/Levels/Rainforest_Alien.Rainforest_Alien_C' with ClassGeneratedBy '/Game/2DSideScrollerBP/Maps/Levels/Rainforest_Alien.Rainforest_Alien:PersistentLevel.Rainforest_Alien'
[2017.07.24-18.24.08:562][672]LogBlueprintUserMessages: Early EndPlayMap Detection: Level '/Game/2DSideScrollerBP/Maps/Levels/Rainforest_Alien.Rainforest_Alien:PersistentLevel' has LevelScriptBlueprint '/Game/2DSideScrollerBP/Maps/Levels/Rainforest_Alien.Rainforest_Alien:PersistentLevel.Rainforest_Alien' with GeneratedClass '/Game/2DSideScrollerBP/Maps/Levels/Rainforest_Alien.Rainforest_Alien_C' with ClassGeneratedBy '/Game/2DSideScrollerBP/Maps/Levels/Rainforest_Alien.Rainforest_Alien:PersistentLevel.Rainforest_Alien'
[2017.07.24-18.24.08:631][672]LogBlueprintUserMessages: Late EndPlayMap Detection: Level '/Game/2DSideScrollerBP/Maps/Levels/Rainforest_Alien.Rainforest_Alien:PersistentLevel' has LevelScriptBlueprint '/Game/2DSideScrollerBP/Maps/Levels/Rainforest_Alien.Rainforest_Alien:PersistentLevel.Rainforest_Alien' with GeneratedClass '/Game/2DSideScrollerBP/Maps/Levels/Rainforest_Alien.Rainforest_Alien_C' with ClassGeneratedBy '/Game/2DSideScrollerBP/Maps/Levels/Rainforest_Alien.Rainforest_Alien:PersistentLevel.Rainforest_Alien'
[2017.07.24-18.24.25:179][644]Cmd: MAP LOAD FILE="../../../../../../Users/gentry/Documents/GitHub/DatBoiEntertainmetnGame_/Content/2DSideScrollerBP/Maps/Levels/Rainforest_Alien.umap" TEMPLATE=0 SHOWPROGRESS=1 FEATURELEVEL=3
[2017.07.24-18.24.25:179][644]LightingResults: New page: Lighting Build
[2017.07.24-18.24.25:179][644]LoadErrors: New page: Loading map: Rainforest_Alien.umap
[2017.07.24-18.24.25:182][644]MapCheck: New page: Map Check
[2017.07.24-18.24.25:182][644]LightingResults: New page: Lighting Build
[2017.07.24-18.24.25:250][644]LogAIModule: Creating AISystem for world Rainforest_Alien
[2017.07.24-18.24.25:270][644]LogEditorServer: Finished looking for orphan Actors (0.000 secs)
[2017.07.24-18.24.25:319][644]Cmd: MAP CHECKDEP NOCLEARLOG
[2017.07.24-18.24.25:364][644]MapCheck: Info Map check complete: 0 Error(s), 0 Warning(s), took 45.497ms to complete.
[2017.07.24-18.24.25:365][644]LogFileHelpers: Loading map 'Rainforest_Alien' took 0.186
[2017.07.24-18.24.26:698][796]LogTemp: Repeting last play command: New Editor Window (PIE)
[2017.07.24-18.24.26:722][796]LogBlueprintUserMessages: Early PlayInEditor Detection: Level '/Game/2DSideScrollerBP/Maps/Levels/Rainforest_Alien.Rainforest_Alien:PersistentLevel' has LevelScriptBlueprint '/Game/2DSideScrollerBP/Maps/Levels/Rainforest_Alien.Rainforest_Alien:PersistentLevel.Rainforest_Alien' with GeneratedClass '/Game/2DSideScrollerBP/Maps/Levels/Rainforest_Alien.Rainforest_Alien_C' with ClassGeneratedBy '/Game/2DSideScrollerBP/Maps/Levels/Rainforest_Alien.Rainforest_Alien:PersistentLevel.Rainforest_Alien'
[2017.07.24-18.24.26:722][796]LogPlayLevel: PlayLevel: No blueprints needed recompiling
[2017.07.24-18.24.26:722][796]PIE: New page: PIE session: Rainforest_Alien (Jul 24, 2017, 6:24:26 AM)
[2017.07.24-18.24.26:723][796]LogPlayLevel: Creating play world package: /Game/2DSideScrollerBP/Maps/Levels/UEDPIE_0_Rainforest_Alien
[2017.07.24-18.24.26:738][796]LogPlayLevel: PIE: StaticDuplicateObject took: (0.015710s)
[2017.07.24-18.24.26:739][796]LogAIModule: Creating AISystem for world Rainforest_Alien
[2017.07.24-18.24.26:739][796]LogPlayLevel: PIE: World Init took: (0.000472s)
[2017.07.24-18.24.26:739][796]LogPlayLevel: PIE: Created PIE world by copying editor world from /Game/2DSideScrollerBP/Maps/Levels/Rainforest_Alien.Rainforest_Alien to /Game/2DSideScrollerBP/Maps/Levels/UEDPIE_0_Rainforest_Alien.Rainforest_Alien (0.016447s)
[2017.07.24-18.24.26:750][796]LogInit: XAudio2 using 'Speakers (3- Skullcandy GMX Dolby Transmitter)' : 2 channels at 48 kHz using 16 bits per sample (channel mask 0x3)
[2017.07.24-18.24.26:755][796]LogInit: FAudioDevice initialized.
[2017.07.24-18.24.26:793][796]LogLoad: Game class is '2DSideScrollerGameMode_C'
[2017.07.24-18.24.26:809][796]LogWorld: Bringing World /Game/2DSideScrollerBP/Maps/Levels/UEDPIE_0_Rainforest_Alien.Rainforest_Alien up for play (max tick rate 0) at 2017.07.24-12.24.26
[2017.07.24-18.24.26:820][796]LogWorld: Bringing up level for play took: 0.024843
[2017.07.24-18.24.26:830][796]PIE: Info Play in editor start time for /Game/2DSideScrollerBP/Maps/Levels/UEDPIE_0_Rainforest_Alien 0.659
[2017.07.24-18.24.26:830][796]LogBlueprintUserMessages: Late PlayInEditor Detection: Level '/Game/2DSideScrollerBP/Maps/Levels/Rainforest_Alien.Rainforest_Alien:PersistentLevel' has LevelScriptBlueprint '/Game/2DSideScrollerBP/Maps/Levels/Rainforest_Alien.Rainforest_Alien:PersistentLevel.Rainforest_Alien' with GeneratedClass '/Game/2DSideScrollerBP/Maps/Levels/Rainforest_Alien.Rainforest_Alien_C' with ClassGeneratedBy '/Game/2DSideScrollerBP/Maps/Levels/Rainforest_Alien.Rainforest_Alien:PersistentLevel.Rainforest_Alien'
[2017.07.24-18.26.21:924][598]LogBlueprintUserMessages: Early EndPlayMap Detection: Level '/Game/2DSideScrollerBP/Maps/Levels/Rainforest_Alien.Rainforest_Alien:PersistentLevel' has LevelScriptBlueprint '/Game/2DSideScrollerBP/Maps/Levels/Rainforest_Alien.Rainforest_Alien:PersistentLevel.Rainforest_Alien' with GeneratedClass '/Game/2DSideScrollerBP/Maps/Levels/Rainforest_Alien.Rainforest_Alien_C' with ClassGeneratedBy '/Game/2DSideScrollerBP/Maps/Levels/Rainforest_Alien.Rainforest_Alien:PersistentLevel.Rainforest_Alien'
[2017.07.24-18.26.21:989][598]LogBlueprintUserMessages: Late EndPlayMap Detection: Level '/Game/2DSideScrollerBP/Maps/Levels/Rainforest_Alien.Rainforest_Alien:PersistentLevel' has LevelScriptBlueprint '/Game/2DSideScrollerBP/Maps/Levels/Rainforest_Alien.Rainforest_Alien:PersistentLevel.Rainforest_Alien' with GeneratedClass '/Game/2DSideScrollerBP/Maps/Levels/Rainforest_Alien.Rainforest_Alien_C' with ClassGeneratedBy '/Game/2DSideScrollerBP/Maps/Levels/Rainforest_Alien.Rainforest_Alien:PersistentLevel.Rainforest_Alien'
[2017.07.24-18.26.26:598][143]LogTemp: Repeting last play command: New Editor Window (PIE)
[2017.07.24-18.26.26:620][143]LogBlueprintUserMessages: Early PlayInEditor Detection: Level '/Game/2DSideScrollerBP/Maps/Levels/Rainforest_Alien.Rainforest_Alien:PersistentLevel' has LevelScriptBlueprint '/Game/2DSideScrollerBP/Maps/Levels/Rainforest_Alien.Rainforest_Alien:PersistentLevel.Rainforest_Alien' with GeneratedClass '/Game/2DSideScrollerBP/Maps/Levels/Rainforest_Alien.Rainforest_Alien_C' with ClassGeneratedBy '/Game/2DSideScrollerBP/Maps/Levels/Rainforest_Alien.Rainforest_Alien:PersistentLevel.Rainforest_Alien'
[2017.07.24-18.26.26:621][143]LogPlayLevel: PlayLevel: No blueprints needed recompiling
[2017.07.24-18.26.26:621][143]PIE: New page: PIE session: Rainforest_Alien (Jul 24, 2017, 6:26:26 AM)
[2017.07.24-18.26.26:621][143]LogPlayLevel: Creating play world package: /Game/2DSideScrollerBP/Maps/Levels/UEDPIE_0_Rainforest_Alien
[2017.07.24-18.26.26:637][143]LogPlayLevel: PIE: StaticDuplicateObject took: (0.015883s)
[2017.07.24-18.26.26:637][143]LogAIModule: Creating AISystem for world Rainforest_Alien
[2017.07.24-18.26.26:637][143]LogPlayLevel: PIE: World Init took: (0.000487s)
[2017.07.24-18.26.26:637][143]LogPlayLevel: PIE: Created PIE world by copying editor world from /Game/2DSideScrollerBP/Maps/Levels/Rainforest_Alien.Rainforest_Alien to /Game/2DSideScrollerBP/Maps/Levels/UEDPIE_0_Rainforest_Alien.Rainforest_Alien (0.016627s)
[2017.07.24-18.26.26:647][143]LogInit: XAudio2 using 'Speakers (3- Skullcandy GMX Dolby Transmitter)' : 2 channels at 48 kHz using 16 bits per sample (channel mask 0x3)
[2017.07.24-18.26.26:652][143]LogInit: FAudioDevice initialized.
[2017.07.24-18.26.26:688][143]LogLoad: Game class is '2DSideScrollerGameMode_C'
[2017.07.24-18.26.26:703][143]LogWorld: Bringing World /Game/2DSideScrollerBP/Maps/Levels/UEDPIE_0_Rainforest_Alien.Rainforest_Alien up for play (max tick rate 0) at 2017.07.24-12.26.26
[2017.07.24-18.26.26:713][143]LogWorld: Bringing up level for play took: 0.024472
[2017.07.24-18.26.26:723][143]PIE: Info Play in editor start time for /Game/2DSideScrollerBP/Maps/Levels/UEDPIE_0_Rainforest_Alien 0.553
[2017.07.24-18.26.26:724][143]LogBlueprintUserMessages: Late PlayInEditor Detection: Level '/Game/2DSideScrollerBP/Maps/Levels/Rainforest_Alien.Rainforest_Alien:PersistentLevel' has LevelScriptBlueprint '/Game/2DSideScrollerBP/Maps/Levels/Rainforest_Alien.Rainforest_Alien:PersistentLevel.Rainforest_Alien' with GeneratedClass '/Game/2DSideScrollerBP/Maps/Levels/Rainforest_Alien.Rainforest_Alien_C' with ClassGeneratedBy '/Game/2DSideScrollerBP/Maps/Levels/Rainforest_Alien.Rainforest_Alien:PersistentLevel.Rainforest_Alien'
[2017.07.24-18.28.09:243][433]LogBlueprintUserMessages: Early EndPlayMap Detection: Level '/Game/2DSideScrollerBP/Maps/Levels/Rainforest_Alien.Rainforest_Alien:PersistentLevel' has LevelScriptBlueprint '/Game/2DSideScrollerBP/Maps/Levels/Rainforest_Alien.Rainforest_Alien:PersistentLevel.Rainforest_Alien' with GeneratedClass '/Game/2DSideScrollerBP/Maps/Levels/Rainforest_Alien.Rainforest_Alien_C' with ClassGeneratedBy '/Game/2DSideScrollerBP/Maps/Levels/Rainforest_Alien.Rainforest_Alien:PersistentLevel.Rainforest_Alien'
[2017.07.24-18.28.09:310][433]LogBlueprintUserMessages: Late EndPlayMap Detection: Level '/Game/2DSideScrollerBP/Maps/Levels/Rainforest_Alien.Rainforest_Alien:PersistentLevel' has LevelScriptBlueprint '/Game/2DSideScrollerBP/Maps/Levels/Rainforest_Alien.Rainforest_Alien:PersistentLevel.Rainforest_Alien' with GeneratedClass '/Game/2DSideScrollerBP/Maps/Levels/Rainforest_Alien.Rainforest_Alien_C' with ClassGeneratedBy '/Game/2DSideScrollerBP/Maps/Levels/Rainforest_Alien.Rainforest_Alien:PersistentLevel.Rainforest_Alien'
[2017.07.24-18.28.10:625][585]LogTemp: Repeting last play command: New Editor Window (PIE)
[2017.07.24-18.28.10:646][585]LogBlueprintUserMessages: Early PlayInEditor Detection: Level '/Game/2DSideScrollerBP/Maps/Levels/Rainforest_Alien.Rainforest_Alien:PersistentLevel' has LevelScriptBlueprint '/Game/2DSideScrollerBP/Maps/Levels/Rainforest_Alien.Rainforest_Alien:PersistentLevel.Rainforest_Alien' with GeneratedClass '/Game/2DSideScrollerBP/Maps/Levels/Rainforest_Alien.Rainforest_Alien_C' with ClassGeneratedBy '/Game/2DSideScrollerBP/Maps/Levels/Rainforest_Alien.Rainforest_Alien:PersistentLevel.Rainforest_Alien'
[2017.07.24-18.28.10:646][585]LogPlayLevel: PlayLevel: No blueprints needed recompiling
[2017.07.24-18.28.10:646][585]PIE: New page: PIE session: Rainforest_Alien (Jul 24, 2017, 6:28:10 AM)
[2017.07.24-18.28.10:646][585]LogPlayLevel: Creating play world package: /Game/2DSideScrollerBP/Maps/Levels/UEDPIE_0_Rainforest_Alien
[2017.07.24-18.28.10:663][585]LogPlayLevel: PIE: StaticDuplicateObject took: (0.016371s)
[2017.07.24-18.28.10:663][585]LogAIModule: Creating AISystem for world Rainforest_Alien
[2017.07.24-18.28.10:663][585]LogPlayLevel: PIE: World Init took: (0.000546s)
[2017.07.24-18.28.10:663][585]LogPlayLevel: PIE: Created PIE world by copying editor world from /Game/2DSideScrollerBP/Maps/Levels/Rainforest_Alien.Rainforest_Alien to /Game/2DSideScrollerBP/Maps/Levels/UEDPIE_0_Rainforest_Alien.Rainforest_Alien (0.017160s)
[2017.07.24-18.28.10:676][585]LogInit: XAudio2 using 'Speakers (3- Skullcandy GMX Dolby Transmitter)' : 2 channels at 48 kHz using 16 bits per sample (channel mask 0x3)
[2017.07.24-18.28.10:681][585]LogInit: FAudioDevice initialized.
[2017.07.24-18.28.10:718][585]LogLoad: Game class is '2DSideScrollerGameMode_C'
[2017.07.24-18.28.10:733][585]LogWorld: Bringing World /Game/2DSideScrollerBP/Maps/Levels/UEDPIE_0_Rainforest_Alien.Rainforest_Alien up for play (max tick rate 0) at 2017.07.24-12.28.10
[2017.07.24-18.28.10:743][585]LogWorld: Bringing up level for play took: 0.024444
[2017.07.24-18.28.10:753][585]PIE: Info Play in editor start time for /Game/2DSideScrollerBP/Maps/Levels/UEDPIE_0_Rainforest_Alien 0.583
[2017.07.24-18.28.10:753][585]LogBlueprintUserMessages: Late PlayInEditor Detection: Level '/Game/2DSideScrollerBP/Maps/Levels/Rainforest_Alien.Rainforest_Alien:PersistentLevel' has LevelScriptBlueprint '/Game/2DSideScrollerBP/Maps/Levels/Rainforest_Alien.Rainforest_Alien:PersistentLevel.Rainforest_Alien' with GeneratedClass '/Game/2DSideScrollerBP/Maps/Levels/Rainforest_Alien.Rainforest_Alien_C' with ClassGeneratedBy '/Game/2DSideScrollerBP/Maps/Levels/Rainforest_Alien.Rainforest_Alien:PersistentLevel.Rainforest_Alien'
[2017.07.24-18.29.10:051][693]LogBlueprintUserMessages: Early EndPlayMap Detection: Level '/Game/2DSideScrollerBP/Maps/Levels/Rainforest_Alien.Rainforest_Alien:PersistentLevel' has LevelScriptBlueprint '/Game/2DSideScrollerBP/Maps/Levels/Rainforest_Alien.Rainforest_Alien:PersistentLevel.Rainforest_Alien' with GeneratedClass '/Game/2DSideScrollerBP/Maps/Levels/Rainforest_Alien.Rainforest_Alien_C' with ClassGeneratedBy '/Game/2DSideScrollerBP/Maps/Levels/Rainforest_Alien.Rainforest_Alien:PersistentLevel.Rainforest_Alien'
[2017.07.24-18.29.10:117][693]LogBlueprintUserMessages: Late EndPlayMap Detection: Level '/Game/2DSideScrollerBP/Maps/Levels/Rainforest_Alien.Rainforest_Alien:PersistentLevel' has LevelScriptBlueprint '/Game/2DSideScrollerBP/Maps/Levels/Rainforest_Alien.Rainforest_Alien:PersistentLevel.Rainforest_Alien' with GeneratedClass '/Game/2DSideScrollerBP/Maps/Levels/Rainforest_Alien.Rainforest_Alien_C' with ClassGeneratedBy '/Game/2DSideScrollerBP/Maps/Levels/Rainforest_Alien.Rainforest_Alien:PersistentLevel.Rainforest_Alien'
[2017.07.24-18.29.11:434][845]LogTemp: Repeting last play command: New Editor Window (PIE)
[2017.07.24-18.29.11:456][845]LogBlueprintUserMessages: Early PlayInEditor Detection: Level '/Game/2DSideScrollerBP/Maps/Levels/Rainforest_Alien.Rainforest_Alien:PersistentLevel' has LevelScriptBlueprint '/Game/2DSideScrollerBP/Maps/Levels/Rainforest_Alien.Rainforest_Alien:PersistentLevel.Rainforest_Alien' with GeneratedClass '/Game/2DSideScrollerBP/Maps/Levels/Rainforest_Alien.Rainforest_Alien_C' with ClassGeneratedBy '/Game/2DSideScrollerBP/Maps/Levels/Rainforest_Alien.Rainforest_Alien:PersistentLevel.Rainforest_Alien'
[2017.07.24-18.29.11:456][845]LogPlayLevel: PlayLevel: No blueprints needed recompiling
[2017.07.24-18.29.11:456][845]PIE: New page: PIE session: Rainforest_Alien (Jul 24, 2017, 6:29:11 AM)
[2017.07.24-18.29.11:456][845]LogPlayLevel: Creating play world package: /Game/2DSideScrollerBP/Maps/Levels/UEDPIE_0_Rainforest_Alien
[2017.07.24-18.29.11:472][845]LogPlayLevel: PIE: StaticDuplicateObject took: (0.015934s)
[2017.07.24-18.29.11:472][845]LogAIModule: Creating AISystem for world Rainforest_Alien
[2017.07.24-18.29.11:472][845]LogPlayLevel: PIE: World Init took: (0.000499s)
[2017.07.24-18.29.11:473][845]LogPlayLevel: PIE: Created PIE world by copying editor world from /Game/2DSideScrollerBP/Maps/Levels/Rainforest_Alien.Rainforest_Alien to /Game/2DSideScrollerBP/Maps/Levels/UEDPIE_0_Rainforest_Alien.Rainforest_Alien (0.016786s)
[2017.07.24-18.29.11:484][845]LogInit: XAudio2 using 'Speakers (3- Skullcandy GMX Dolby Transmitter)' : 2 channels at 48 kHz using 16 bits per sample (channel mask 0x3)
[2017.07.24-18.29.11:489][845]LogInit: FAudioDevice initialized.
[2017.07.24-18.29.11:529][845]LogLoad: Game class is '2DSideScrollerGameMode_C'
[2017.07.24-18.29.11:547][845]LogWorld: Bringing World /Game/2DSideScrollerBP/Maps/Levels/UEDPIE_0_Rainforest_Alien.Rainforest_Alien up for play (max tick rate 0) at 2017.07.24-12.29.11
[2017.07.24-18.29.11:558][845]LogWorld: Bringing up level for play took: 0.027230
[2017.07.24-18.29.11:568][845]PIE: Info Play in editor start time for /Game/2DSideScrollerBP/Maps/Levels/UEDPIE_0_Rainforest_Alien -0.602
[2017.07.24-18.29.11:568][845]LogBlueprintUserMessages: Late PlayInEditor Detection: Level '/Game/2DSideScrollerBP/Maps/Levels/Rainforest_Alien.Rainforest_Alien:PersistentLevel' has LevelScriptBlueprint '/Game/2DSideScrollerBP/Maps/Levels/Rainforest_Alien.Rainforest_Alien:PersistentLevel.Rainforest_Alien' with GeneratedClass '/Game/2DSideScrollerBP/Maps/Levels/Rainforest_Alien.Rainforest_Alien_C' with ClassGeneratedBy '/Game/2DSideScrollerBP/Maps/Levels/Rainforest_Alien.Rainforest_Alien:PersistentLevel.Rainforest_Alien'
[2017.07.24-18.30.48:073][406]LogBlueprintUserMessages: Early EndPlayMap Detection: Level '/Game/2DSideScrollerBP/Maps/Levels/Rainforest_Alien.Rainforest_Alien:PersistentLevel' has LevelScriptBlueprint '/Game/2DSideScrollerBP/Maps/Levels/Rainforest_Alien.Rainforest_Alien:PersistentLevel.Rainforest_Alien' with GeneratedClass '/Game/2DSideScrollerBP/Maps/Levels/Rainforest_Alien.Rainforest_Alien_C' with ClassGeneratedBy '/Game/2DSideScrollerBP/Maps/Levels/Rainforest_Alien.Rainforest_Alien:PersistentLevel.Rainforest_Alien'
[2017.07.24-18.30.48:151][406]LogBlueprintUserMessages: Late EndPlayMap Detection: Level '/Game/2DSideScrollerBP/Maps/Levels/Rainforest_Alien.Rainforest_Alien:PersistentLevel' has LevelScriptBlueprint '/Game/2DSideScrollerBP/Maps/Levels/Rainforest_Alien.Rainforest_Alien:PersistentLevel.Rainforest_Alien' with GeneratedClass '/Game/2DSideScrollerBP/Maps/Levels/Rainforest_Alien.Rainforest_Alien_C' with ClassGeneratedBy '/Game/2DSideScrollerBP/Maps/Levels/Rainforest_Alien.Rainforest_Alien:PersistentLevel.Rainforest_Alien'
[2017.07.24-18.30.49:579][570]LogTemp: Repeting last play command: New Editor Window (PIE)
[2017.07.24-18.30.49:600][570]LogBlueprintUserMessages: Early PlayInEditor Detection: Level '/Game/2DSideScrollerBP/Maps/Levels/Rainforest_Alien.Rainforest_Alien:PersistentLevel' has LevelScriptBlueprint '/Game/2DSideScrollerBP/Maps/Levels/Rainforest_Alien.Rainforest_Alien:PersistentLevel.Rainforest_Alien' with GeneratedClass '/Game/2DSideScrollerBP/Maps/Levels/Rainforest_Alien.Rainforest_Alien_C' with ClassGeneratedBy '/Game/2DSideScrollerBP/Maps/Levels/Rainforest_Alien.Rainforest_Alien:PersistentLevel.Rainforest_Alien'
[2017.07.24-18.30.49:600][570]LogPlayLevel: PlayLevel: No blueprints needed recompiling
[2017.07.24-18.30.49:601][570]PIE: New page: PIE session: Rainforest_Alien (Jul 24, 2017, 6:30:49 AM)
[2017.07.24-18.30.49:601][570]LogPlayLevel: Creating play world package: /Game/2DSideScrollerBP/Maps/Levels/UEDPIE_0_Rainforest_Alien
[2017.07.24-18.30.49:617][570]LogPlayLevel: PIE: StaticDuplicateObject took: (0.016545s)
[2017.07.24-18.30.49:618][570]LogAIModule: Creating AISystem for world Rainforest_Alien
[2017.07.24-18.30.49:618][570]LogPlayLevel: PIE: World Init took: (0.000482s)
[2017.07.24-18.30.49:618][570]LogPlayLevel: PIE: Created PIE world by copying editor world from /Game/2DSideScrollerBP/Maps/Levels/Rainforest_Alien.Rainforest_Alien to /Game/2DSideScrollerBP/Maps/Levels/UEDPIE_0_Rainforest_Alien.Rainforest_Alien (0.017271s)
[2017.07.24-18.30.49:629][570]LogInit: XAudio2 using 'Speakers (3- Skullcandy GMX Dolby Transmitter)' : 2 channels at 48 kHz using 16 bits per sample (channel mask 0x3)
[2017.07.24-18.30.49:634][570]LogInit: FAudioDevice initialized.
[2017.07.24-18.30.49:676][570]LogLoad: Game class is '2DSideScrollerGameMode_C'
[2017.07.24-18.30.49:691][570]LogWorld: Bringing World /Game/2DSideScrollerBP/Maps/Levels/UEDPIE_0_Rainforest_Alien.Rainforest_Alien up for play (max tick rate 0) at 2017.07.24-12.30.49
[2017.07.24-18.30.49:701][570]LogWorld: Bringing up level for play took: 0.024588
[2017.07.24-18.30.49:712][570]PIE: Info Play in editor start time for /Game/2DSideScrollerBP/Maps/Levels/UEDPIE_0_Rainforest_Alien -0.459
[2017.07.24-18.30.49:712][570]LogBlueprintUserMessages: Late PlayInEditor Detection: Level '/Game/2DSideScrollerBP/Maps/Levels/Rainforest_Alien.Rainforest_Alien:PersistentLevel' has LevelScriptBlueprint '/Game/2DSideScrollerBP/Maps/Levels/Rainforest_Alien.Rainforest_Alien:PersistentLevel.Rainforest_Alien' with GeneratedClass '/Game/2DSideScrollerBP/Maps/Levels/Rainforest_Alien.Rainforest_Alien_C' with ClassGeneratedBy '/Game/2DSideScrollerBP/Maps/Levels/Rainforest_Alien.Rainforest_Alien:PersistentLevel.Rainforest_Alien'
[2017.07.24-18.31.16:059][721]LogBlueprintUserMessages: Early EndPlayMap Detection: Level '/Game/2DSideScrollerBP/Maps/Levels/Rainforest_Alien.Rainforest_Alien:PersistentLevel' has LevelScriptBlueprint '/Game/2DSideScrollerBP/Maps/Levels/Rainforest_Alien.Rainforest_Alien:PersistentLevel.Rainforest_Alien' with GeneratedClass '/Game/2DSideScrollerBP/Maps/Levels/Rainforest_Alien.Rainforest_Alien_C' with ClassGeneratedBy '/Game/2DSideScrollerBP/Maps/Levels/Rainforest_Alien.Rainforest_Alien:PersistentLevel.Rainforest_Alien'
[2017.07.24-18.31.16:111][721]LogBlueprintUserMessages: Late EndPlayMap Detection: Level '/Game/2DSideScrollerBP/Maps/Levels/Rainforest_Alien.Rainforest_Alien:PersistentLevel' has LevelScriptBlueprint '/Game/2DSideScrollerBP/Maps/Levels/Rainforest_Alien.Rainforest_Alien:PersistentLevel.Rainforest_Alien' with GeneratedClass '/Game/2DSideScrollerBP/Maps/Levels/Rainforest_Alien.Rainforest_Alien_C' with ClassGeneratedBy '/Game/2DSideScrollerBP/Maps/Levels/Rainforest_Alien.Rainforest_Alien:PersistentLevel.Rainforest_Alien'
[2017.07.24-18.31.17:348][862]LogTemp: Repeting last play command: New Editor Window (PIE)
[2017.07.24-18.31.17:370][862]LogBlueprintUserMessages: Early PlayInEditor Detection: Level '/Game/2DSideScrollerBP/Maps/Levels/Rainforest_Alien.Rainforest_Alien:PersistentLevel' has LevelScriptBlueprint '/Game/2DSideScrollerBP/Maps/Levels/Rainforest_Alien.Rainforest_Alien:PersistentLevel.Rainforest_Alien' with GeneratedClass '/Game/2DSideScrollerBP/Maps/Levels/Rainforest_Alien.Rainforest_Alien_C' with ClassGeneratedBy '/Game/2DSideScrollerBP/Maps/Levels/Rainforest_Alien.Rainforest_Alien:PersistentLevel.Rainforest_Alien'
[2017.07.24-18.31.17:370][862]LogPlayLevel: PlayLevel: No blueprints needed recompiling
[2017.07.24-18.31.17:370][862]PIE: New page: PIE session: Rainforest_Alien (Jul 24, 2017, 6:31:17 AM)
[2017.07.24-18.31.17:370][862]LogPlayLevel: Creating play world package: /Game/2DSideScrollerBP/Maps/Levels/UEDPIE_0_Rainforest_Alien
[2017.07.24-18.31.17:387][862]LogPlayLevel: PIE: StaticDuplicateObject took: (0.016426s)
[2017.07.24-18.31.17:387][862]LogAIModule: Creating AISystem for world Rainforest_Alien
[2017.07.24-18.31.17:387][862]LogPlayLevel: PIE: World Init took: (0.000458s)
[2017.07.24-18.31.17:388][862]LogPlayLevel: PIE: Created PIE world by copying editor world from /Game/2DSideScrollerBP/Maps/Levels/Rainforest_Alien.Rainforest_Alien to /Game/2DSideScrollerBP/Maps/Levels/UEDPIE_0_Rainforest_Alien.Rainforest_Alien (0.017180s)
[2017.07.24-18.31.17:400][862]LogInit: XAudio2 using 'Speakers (3- Skullcandy GMX Dolby Transmitter)' : 2 channels at 48 kHz using 16 bits per sample (channel mask 0x3)
[2017.07.24-18.31.17:404][862]LogInit: FAudioDevice initialized.
[2017.07.24-18.31.17:441][862]LogLoad: Game class is '2DSideScrollerGameMode_C'
[2017.07.24-18.31.17:456][862]LogWorld: Bringing World /Game/2DSideScrollerBP/Maps/Levels/UEDPIE_0_Rainforest_Alien.Rainforest_Alien up for play (max tick rate 0) at 2017.07.24-12.31.17
[2017.07.24-18.31.17:467][862]LogWorld: Bringing up level for play took: 0.025061
[2017.07.24-18.31.17:471][862]PIE: Info Play in editor start time for /Game/2DSideScrollerBP/Maps/Levels/UEDPIE_0_Rainforest_Alien -0.699
[2017.07.24-18.31.17:471][862]LogBlueprintUserMessages: Late PlayInEditor Detection: Level '/Game/2DSideScrollerBP/Maps/Levels/Rainforest_Alien.Rainforest_Alien:PersistentLevel' has LevelScriptBlueprint '/Game/2DSideScrollerBP/Maps/Levels/Rainforest_Alien.Rainforest_Alien:PersistentLevel.Rainforest_Alien' with GeneratedClass '/Game/2DSideScrollerBP/Maps/Levels/Rainforest_Alien.Rainforest_Alien_C' with ClassGeneratedBy '/Game/2DSideScrollerBP/Maps/Levels/Rainforest_Alien.Rainforest_Alien:PersistentLevel.Rainforest_Alien'
[2017.07.24-18.31.46:277][308]LogBlueprintUserMessages: Early EndPlayMap Detection: Level '/Game/2DSideScrollerBP/Maps/Levels/Rainforest_Alien.Rainforest_Alien:PersistentLevel' has LevelScriptBlueprint '/Game/2DSideScrollerBP/Maps/Levels/Rainforest_Alien.Rainforest_Alien:PersistentLevel.Rainforest_Alien' with GeneratedClass '/Game/2DSideScrollerBP/Maps/Levels/Rainforest_Alien.Rainforest_Alien_C' with ClassGeneratedBy '/Game/2DSideScrollerBP/Maps/Levels/Rainforest_Alien.Rainforest_Alien:PersistentLevel.Rainforest_Alien'
[2017.07.24-18.31.46:355][308]LogBlueprintUserMessages: Late EndPlayMap Detection: Level '/Game/2DSideScrollerBP/Maps/Levels/Rainforest_Alien.Rainforest_Alien:PersistentLevel' has LevelScriptBlueprint '/Game/2DSideScrollerBP/Maps/Levels/Rainforest_Alien.Rainforest_Alien:PersistentLevel.Rainforest_Alien' with GeneratedClass '/Game/2DSideScrollerBP/Maps/Levels/Rainforest_Alien.Rainforest_Alien_C' with ClassGeneratedBy '/Game/2DSideScrollerBP/Maps/Levels/Rainforest_Alien.Rainforest_Alien:PersistentLevel.Rainforest_Alien'
[2017.07.24-18.31.50:428][782]LogTemp: Repeting last play command: New Editor Window (PIE)
[2017.07.24-18.31.50:449][782]LogBlueprintUserMessages: Early PlayInEditor Detection: Level '/Game/2DSideScrollerBP/Maps/Levels/Rainforest_Alien.Rainforest_Alien:PersistentLevel' has LevelScriptBlueprint '/Game/2DSideScrollerBP/Maps/Levels/Rainforest_Alien.Rainforest_Alien:PersistentLevel.Rainforest_Alien' with GeneratedClass '/Game/2DSideScrollerBP/Maps/Levels/Rainforest_Alien.Rainforest_Alien_C' with ClassGeneratedBy '/Game/2DSideScrollerBP/Maps/Levels/Rainforest_Alien.Rainforest_Alien:PersistentLevel.Rainforest_Alien'
[2017.07.24-18.31.50:449][782]LogPlayLevel: PlayLevel: No blueprints needed recompiling
[2017.07.24-18.31.50:449][782]PIE: New page: PIE session: Rainforest_Alien (Jul 24, 2017, 6:31:50 AM)
[2017.07.24-18.31.50:449][782]LogPlayLevel: Creating play world package: /Game/2DSideScrollerBP/Maps/Levels/UEDPIE_0_Rainforest_Alien
[2017.07.24-18.31.50:465][782]LogPlayLevel: PIE: StaticDuplicateObject took: (0.016311s)
[2017.07.24-18.31.50:466][782]LogAIModule: Creating AISystem for world Rainforest_Alien
[2017.07.24-18.31.50:466][782]LogPlayLevel: PIE: World Init took: (0.000607s)
[2017.07.24-18.31.50:466][782]LogPlayLevel: PIE: Created PIE world by copying editor world from /Game/2DSideScrollerBP/Maps/Levels/Rainforest_Alien.Rainforest_Alien to /Game/2DSideScrollerBP/Maps/Levels/UEDPIE_0_Rainforest_Alien.Rainforest_Alien (0.017270s)
[2017.07.24-18.31.50:476][782]LogInit: XAudio2 using 'Speakers (3- Skullcandy GMX Dolby Transmitter)' : 2 channels at 48 kHz using 16 bits per sample (channel mask 0x3)
[2017.07.24-18.31.50:481][782]LogInit: FAudioDevice initialized.
[2017.07.24-18.31.50:520][782]LogLoad: Game class is '2DSideScrollerGameMode_C'
[2017.07.24-18.31.50:536][782]LogWorld: Bringing World /Game/2DSideScrollerBP/Maps/Levels/UEDPIE_0_Rainforest_Alien.Rainforest_Alien up for play (max tick rate 0) at 2017.07.24-12.31.50
[2017.07.24-18.31.50:546][782]LogWorld: Bringing up level for play took: 0.024782
[2017.07.24-18.31.50:556][782]PIE: Info Play in editor start time for /Game/2DSideScrollerBP/Maps/Levels/UEDPIE_0_Rainforest_Alien 0.386
[2017.07.24-18.31.50:557][782]LogBlueprintUserMessages: Late PlayInEditor Detection: Level '/Game/2DSideScrollerBP/Maps/Levels/Rainforest_Alien.Rainforest_Alien:PersistentLevel' has LevelScriptBlueprint '/Game/2DSideScrollerBP/Maps/Levels/Rainforest_Alien.Rainforest_Alien:PersistentLevel.Rainforest_Alien' with GeneratedClass '/Game/2DSideScrollerBP/Maps/Levels/Rainforest_Alien.Rainforest_Alien_C' with ClassGeneratedBy '/Game/2DSideScrollerBP/Maps/Levels/Rainforest_Alien.Rainforest_Alien:PersistentLevel.Rainforest_Alien'
[2017.07.24-18.32.29:112][396]LogBlueprintUserMessages: Early EndPlayMap Detection: Level '/Game/2DSideScrollerBP/Maps/Levels/Rainforest_Alien.Rainforest_Alien:PersistentLevel' has LevelScriptBlueprint '/Game/2DSideScrollerBP/Maps/Levels/Rainforest_Alien.Rainforest_Alien:PersistentLevel.Rainforest_Alien' with GeneratedClass '/Game/2DSideScrollerBP/Maps/Levels/Rainforest_Alien.Rainforest_Alien_C' with ClassGeneratedBy '/Game/2DSideScrollerBP/Maps/Levels/Rainforest_Alien.Rainforest_Alien:PersistentLevel.Rainforest_Alien'
[2017.07.24-18.32.29:188][396]LogBlueprintUserMessages: Late EndPlayMap Detection: Level '/Game/2DSideScrollerBP/Maps/Levels/Rainforest_Alien.Rainforest_Alien:PersistentLevel' has LevelScriptBlueprint '/Game/2DSideScrollerBP/Maps/Levels/Rainforest_Alien.Rainforest_Alien:PersistentLevel.Rainforest_Alien' with GeneratedClass '/Game/2DSideScrollerBP/Maps/Levels/Rainforest_Alien.Rainforest_Alien_C' with ClassGeneratedBy '/Game/2DSideScrollerBP/Maps/Levels/Rainforest_Alien.Rainforest_Alien:PersistentLevel.Rainforest_Alien'
[2017.07.24-18.32.37:337][313]Cmd: TRANSACTION UNDO
[2017.07.24-18.32.37:337][313]LogEditorTransaction: Undo Move Actors
[2017.07.24-18.32.37:361][313]LogSlate: Took 0.000135 seconds to synchronously load lazily loaded font '../../../Engine/Content/Slate/Fonts/Roboto-Light.ttf' (159K)
[2017.07.24-18.32.38:790][482]LogEditorViewport: Clicking on Actor (LMB): BP_Sky_Sphere_C (BP_Sky_Sphere)
[2017.07.24-18.42.14:213][670]LogSavePackage: Save=521.25ms
[2017.07.24-18.42.14:213][670]LogSavePackage: Moving '../../../../../../Users/gentry/Documents/GitHub/DatBoiEntertainmetnGame_/Saved/Rainforest_Alien_Auto1E208D71F479107F2353B3EAFD1837523.tmp' to '../../../../../../Users/gentry/Documents/GitHub/DatBoiEntertainmetnGame_/Saved/Autosaves/Game/2DSideScrollerBP/Maps/Levels/Rainforest_Alien_Auto1.umap'
[2017.07.24-18.42.14:216][670]LogSavePackage:Display: Finished SavePackage ../../../../../../Users/gentry/Documents/GitHub/DatBoiEntertainmetnGame_/Saved/Autosaves/Game/2DSideScrollerBP/Maps/Levels/Rainforest_Alien_Auto1.umap
[2017.07.24-18.42.14:220][670]LogFileHelpers: Editor autosave (incl. sublevels) for '/Game/2DSideScrollerBP/Maps/Levels/Rainforest_Alien' took 0.557
[2017.07.24-18.42.14:220][670]LogFileHelpers: Editor autosave (incl. sublevels) for all levels took 0.557
[2017.07.24-19.27.56:459][861]LogSavePackage: Save=512.23ms
[2017.07.24-19.27.56:459][861]LogSavePackage: Moving '../../../../../../Users/gentry/Documents/GitHub/DatBoiEntertainmetnGame_/Saved/Rainforest_AlienBEDCC56A4BC22BEF7DE2C28BC7C1659D.tmp' to '../../../../../../Users/gentry/Documents/GitHub/DatBoiEntertainmetnGame_/Content/2DSideScrollerBP/Maps/Levels/Rainforest_Alien.umap'
[2017.07.24-19.27.56:464][861]LogSavePackage:Display: Finished SavePackage ../../../../../../Users/gentry/Documents/GitHub/DatBoiEntertainmetnGame_/Content/2DSideScrollerBP/Maps/Levels/Rainforest_Alien.umap
[2017.07.24-19.27.56:516][861]LogFileHelpers: Saving map 'Rainforest_Alien' took 0.660
[2017.07.24-19.27.56:641][861]LogWindowsTextInputMethodSystem:Display: IME system now deactivated.
[2017.07.24-19.27.57:050][862]Cmd: QUIT_EDITOR
[2017.07.24-19.27.57:276][862]LogExit: Preparing to exit.
[2017.07.24-19.27.57:709][862]LogDirectoryWatcher: A directory notification for 'C:/Users/gentry/Documents/GitHub/DatBoiEntertainmetnGame_/Content/' was aborted.
[2017.07.24-19.27.57:791][862]LogExit: Editor shut down
[2017.07.24-19.27.57:819][862]LogExit: Transaction tracking system shut down
[2017.07.24-19.27.57:989][862]LogObj: Freed 0b from 0 cluster array pools.
[2017.07.24-19.27.57:990][862]LogExit: Object subsystem successfully closed.
[2017.07.24-19.27.58:031][862]LogD3D11RHI: Shutdown
[2017.07.24-19.27.58:031][862]LogD3D11RHI: CleanupD3DDevice
[2017.07.24-19.27.58:128][862]LogD3D11RHI: ~FD3D11DynamicRHI
[2017.07.24-19.27.58:175][862]LogModuleManager: Shutting down and abandoning module MovieSceneCapture (526)
[2017.07.24-19.27.58:175][862]LogModuleManager: Shutting down and abandoning module HierarchicalLODOutliner (524)
[2017.07.24-19.27.58:175][862]LogModuleManager: Shutting down and abandoning module CrashTracker (522)
[2017.07.24-19.27.58:175][862]LogModuleManager: Shutting down and abandoning module SceneOutliner (520)
[2017.07.24-19.27.58:175][862]LogModuleManager: Shutting down and abandoning module AddContentDialog (518)
[2017.07.24-19.27.58:177][862]LogDirectoryWatcher: A directory notification for 'C:/Program Files/Epic Games/UE_4.16/FeaturePacks/' was aborted.
[2017.07.24-19.27.58:182][862]LogModuleManager: Shutting down and abandoning module WidgetCarousel (517)
[2017.07.24-19.27.58:182][862]LogModuleManager: Shutting down and abandoning module EditorWidgets (514)
[2017.07.24-19.27.58:182][862]LogModuleManager: Shutting down and abandoning module CollectionManager (512)
[2017.07.24-19.27.58:182][862]LogDirectoryWatcher: A directory notification for 'C:/Users/gentry/Documents/GitHub/DatBoiEntertainmetnGame_/Content/Collections/' was aborted.
[2017.07.24-19.27.58:182][862]LogDirectoryWatcher: A directory notification for 'C:/Users/gentry/Documents/GitHub/DatBoiEntertainmetnGame_/Content/Developers/gentry/Collections/' was aborted.
[2017.07.24-19.27.58:182][862]LogDirectoryWatcher: A directory notification for 'C:/Users/gentry/Documents/GitHub/DatBoiEntertainmetnGame_/Saved/Collections/' was aborted.
[2017.07.24-19.27.58:182][862]LogModuleManager: Shutting down and abandoning module StatsViewer (510)
[2017.07.24-19.27.58:183][862]LogModuleManager: Shutting down and abandoning module FoliageEdit (508)
[2017.07.24-19.27.58:183][862]LogModuleManager: Shutting down and abandoning module LandscapeEditor (506)
[2017.07.24-19.27.58:184][862]LogModuleManager: Shutting down and abandoning module MeshPaintMode (504)
[2017.07.24-19.27.58:184][862]LogModuleManager: Shutting down and abandoning module SceneDepthPickerMode (502)
[2017.07.24-19.27.58:184][862]LogModuleManager: Shutting down and abandoning module ActorPickerMode (500)
[2017.07.24-19.27.58:184][862]LogModuleManager: Shutting down and abandoning module GeometryMode (498)
[2017.07.24-19.27.58:184][862]LogModuleManager: Shutting down and abandoning module TextureAlignMode (496)
[2017.07.24-19.27.58:184][862]LogModuleManager: Shutting down and abandoning module BspMode (494)
[2017.07.24-19.27.58:184][862]LogModuleManager: Shutting down and abandoning module HardwareSurvey (492)
[2017.07.24-19.27.58:185][862]LogModuleManager: Shutting down and abandoning module SequenceRecorderSections (490)
[2017.07.24-19.27.58:185][862]LogModuleManager: Shutting down and abandoning module AutomationWorker (488)
[2017.07.24-19.27.58:185][862]LogModuleManager: Shutting down and abandoning module MatineeToLevelSequence (486)
[2017.07.24-19.27.58:186][862]LogModuleManager: Shutting down and abandoning module LevelSequenceEditor (484)
[2017.07.24-19.27.58:189][862]LogModuleManager: Shutting down and abandoning module PlacementMode (483)
[2017.07.24-19.27.58:189][862]LogModuleManager: Shutting down and abandoning module WmfMediaFactory (480)
[2017.07.24-19.27.58:189][862]LogModuleManager: Shutting down and abandoning module WmfMediaEditor (478)
[2017.07.24-19.27.58:189][862]LogModuleManager: Shutting down and abandoning module AvfMediaFactory (476)
[2017.07.24-19.27.58:189][862]LogModuleManager: Shutting down and abandoning module AvfMediaEditor (474)
[2017.07.24-19.27.58:189][862]LogModuleManager: Shutting down and abandoning module AndroidMediaFactory (472)
[2017.07.24-19.27.58:189][862]LogModuleManager: Shutting down and abandoning module Media (471)
[2017.07.24-19.27.58:189][862]LogModuleManager: Shutting down and abandoning module AndroidMediaEditor (468)
[2017.07.24-19.27.58:189][862]LogModuleManager: Shutting down and abandoning module CharacterAI (466)
[2017.07.24-19.27.58:189][862]LogModuleManager: Shutting down and abandoning module AudioCapture (464)
[2017.07.24-19.27.58:189][862]LogModuleManager: Shutting down and abandoning module SequenceRecorder (463)
[2017.07.24-19.27.58:190][862]LogModuleManager: Shutting down and abandoning module SmartSnapping (460)
[2017.07.24-19.27.58:190][862]LogModuleManager: Shutting down and abandoning module SessionServices (458)
[2017.07.24-19.27.58:190][862]LogModuleManager: Shutting down and abandoning module ViewportSnapping (456)
[2017.07.24-19.27.58:190][862]LogModuleManager: Shutting down and abandoning module ViewportInteraction (454)
[2017.07.24-19.27.58:190][862]LogModuleManager: Shutting down and abandoning module ClothPainter (452)
[2017.07.24-19.27.58:192][862]LogModuleManager: Shutting down and abandoning module LogVisualizer (450)
[2017.07.24-19.27.58:193][862]LogModuleManager: Shutting down and abandoning module IntroTutorials (448)
[2017.07.24-19.27.58:194][862]LogModuleManager: Shutting down and abandoning module GameProjectGeneration (447)
[2017.07.24-19.27.58:195][862]LogModuleManager: Shutting down and abandoning module EditorLiveStreaming (444)
[2017.07.24-19.27.58:195][862]LogModuleManager: Shutting down and abandoning module IOSPlatformEditor (442)
[2017.07.24-19.27.58:196][862]LogModuleManager: Shutting down and abandoning module HTML5PlatformEditor (440)
[2017.07.24-19.27.58:196][862]LogModuleManager: Shutting down and abandoning module AndroidPlatformEditor (438)
[2017.07.24-19.27.58:196][862]LogModuleManager: Shutting down and abandoning module AndroidDeviceDetection (437)
[2017.07.24-19.27.58:297][862]LogModuleManager: Shutting down and abandoning module IOSRuntimeSettings (434)
[2017.07.24-19.27.58:297][862]LogModuleManager: Shutting down and abandoning module AndroidRuntimeSettings (432)
[2017.07.24-19.27.58:297][862]LogModuleManager: Shutting down and abandoning module InputBindingEditor (430)
[2017.07.24-19.27.58:298][862]LogModuleManager: Shutting down and abandoning module MergeActors (428)
[2017.07.24-19.27.58:298][862]LogModuleManager: Shutting down and abandoning module SizeMap (426)
[2017.07.24-19.27.58:298][862]LogModuleManager: Shutting down and abandoning module TreeMap (424)
[2017.07.24-19.27.58:298][862]LogModuleManager: Shutting down and abandoning module ReferenceViewer (422)
[2017.07.24-19.27.58:299][862]LogModuleManager: Shutting down and abandoning module LocalizationDashboard (420)
[2017.07.24-19.27.58:300][862]LogModuleManager: Shutting down and abandoning module LocalizationService (419)
[2017.07.24-19.27.58:300][862]LogModuleManager: Shutting down and abandoning module HardwareTargeting (416)
[2017.07.24-19.27.58:300][862]LogModuleManager: Shutting down and abandoning module DeviceProfileEditor (414)
[2017.07.24-19.27.58:301][862]LogModuleManager: Shutting down and abandoning module UndoHistory (412)
[2017.07.24-19.27.58:301][862]LogModuleManager: Shutting down and abandoning module UserFeedback (410)
[2017.07.24-19.27.58:301][862]LogModuleManager: Shutting down and abandoning module XmlParser (408)
[2017.07.24-19.27.58:301][862]LogModuleManager: Shutting down and abandoning module Blutility (406)
[2017.07.24-19.27.58:302][862]LogModuleManager: Shutting down and abandoning module ProjectSettingsViewer (404)
[2017.07.24-19.27.58:302][862]LogModuleManager: Shutting down and abandoning module ProjectTargetPlatformEditor (403)
[2017.07.24-19.27.58:302][862]LogModuleManager: Shutting down and abandoning module EditorSettingsViewer (400)
[2017.07.24-19.27.58:302][862]LogModuleManager: Shutting down and abandoning module SettingsEditor (398)
[2017.07.24-19.27.58:303][862]LogModuleManager: Shutting down and abandoning module ProjectLauncher (396)
[2017.07.24-19.27.58:304][862]LogModuleManager: Shutting down and abandoning module SessionFrontend (394)
[2017.07.24-19.27.58:304][862]LogModuleManager: Shutting down and abandoning module ProfilerClient (392)
[2017.07.24-19.27.58:305][862]LogModuleManager: Shutting down and abandoning module DeviceManager (390)
[2017.07.24-19.27.58:306][862]LogModuleManager: Shutting down and abandoning module TargetDeviceServices (389)
[2017.07.24-19.27.58:358][862]LogModuleManager: Shutting down and abandoning module AutomationController (386)
[2017.07.24-19.27.58:358][862]LogModuleManager: Shutting down and abandoning module AutomationWindow (384)
[2017.07.24-19.27.58:359][862]LogModuleManager: Shutting down and abandoning module Layers (382)
[2017.07.24-19.27.58:361][862]LogModuleManager: Shutting down and abandoning module ComponentVisualizers (380)
[2017.07.24-19.27.58:361][862]LogModuleManager: Shutting down and abandoning module DetailCustomizations (378)
[2017.07.24-19.27.58:361][862]LogModuleManager: Shutting down and abandoning module PackagesDialog (376)
[2017.07.24-19.27.58:361][862]LogModuleManager: Shutting down and abandoning module Persona (374)
[2017.07.24-19.27.58:363][862]LogModuleManager: Shutting down and abandoning module AdvancedPreviewScene (373)
[2017.07.24-19.27.58:363][862]LogModuleManager: Shutting down and abandoning module AnimGraph (371)
[2017.07.24-19.27.58:363][862]LogModuleManager: Shutting down and abandoning module Kismet (368)
[2017.07.24-19.27.58:364][862]LogModuleManager: Shutting down and abandoning module ClassViewer (366)
[2017.07.24-19.27.58:364][862]LogModuleManager: Shutting down and abandoning module Toolbox (364)
[2017.07.24-19.27.58:365][862]LogModuleManager: Shutting down and abandoning module ModuleUI (362)
[2017.07.24-19.27.58:365][862]LogModuleManager: Shutting down and abandoning module MovieSceneTools (360)
[2017.07.24-19.27.58:366][862]LogModuleManager: Shutting down and abandoning module OutputLog (358)
[2017.07.24-19.27.58:367][862]LogModuleManager: Shutting down and abandoning module GammaUI (356)
[2017.07.24-19.27.58:367][862]LogModuleManager: Shutting down and abandoning module Documentation (354)
[2017.07.24-19.27.58:367][862]LogModuleManager: Shutting down and abandoning module MovieSceneTracks (352)
[2017.07.24-19.27.58:367][862]LogModuleManager: Shutting down and abandoning module MovieScene (350)
[2017.07.24-19.27.58:367][862]LogModuleManager: Shutting down and abandoning module Niagara (348)
[2017.07.24-19.27.58:367][862]LogModuleManager: Shutting down and abandoning module NiagaraEditor (347)
[2017.07.24-19.27.58:369][862]LogModuleManager: Shutting down and abandoning module StreamingPauseRendering (344)
[2017.07.24-19.27.58:369][862]LogModuleManager: Shutting down and abandoning module AnalyticsET (342)
[2017.07.24-19.27.58:369][862]LogModuleManager: Shutting down and abandoning module PortalServices (340)
[2017.07.24-19.27.58:369][862]LogModuleManager: Shutting down and abandoning module PortalRpc (338)
[2017.07.24-19.27.58:369][862]LogModuleManager: Shutting down and abandoning module MessagingRpc (336)
[2017.07.24-19.27.58:369][862]LogModuleManager: Shutting down and abandoning module AIModule (334)
[2017.07.24-19.27.58:369][862]LogModuleManager: Shutting down and abandoning module GameplayDebugger (333)
[2017.07.24-19.27.58:369][862]LogModuleManager: Shutting down and abandoning module AITestSuite (331)
[2017.07.24-19.27.58:370][862]LogModuleManager: Shutting down and abandoning module ProfilerService (328)
[2017.07.24-19.27.58:607][862]LogModuleManager: Shutting down and abandoning module TaskGraph (326)
[2017.07.24-19.27.58:613][862]LogModuleManager: Shutting down and abandoning module SteamVRController (324)
[2017.07.24-19.27.58:613][862]LogModuleManager: Shutting down and abandoning module SteamVR (322)
[2017.07.24-19.27.58:613][862]LogModuleManager: Shutting down and abandoning module ProceduralMeshComponentEditor (320)
[2017.07.24-19.27.58:614][862]LogModuleManager: Shutting down and abandoning module ProceduralMeshComponent (318)
[2017.07.24-19.27.58:614][862]LogModuleManager: Shutting down and abandoning module OculusLibrary (316)
[2017.07.24-19.27.58:614][862]LogModuleManager: Shutting down and abandoning module OculusInput (314)
[2017.07.24-19.27.58:614][862]LogModuleManager: Shutting down and abandoning module MobilePatchingUtils (312)
[2017.07.24-19.27.58:614][862]LogModuleManager: Shutting down and abandoning module CustomMeshComponent (310)
[2017.07.24-19.27.58:614][862]LogModuleManager: Shutting down and abandoning module CableComponent (308)
[2017.07.24-19.27.58:614][862]LogModuleManager: Shutting down and abandoning module ArchVisCharacter (306)
[2017.07.24-19.27.58:614][862]LogModuleManager: Shutting down and abandoning module AndroidPermission (304)
[2017.07.24-19.27.58:614][862]LogModuleManager: Shutting down and abandoning module MediaPlayerEditor (300)
[2017.07.24-19.27.58:617][862]LogModuleManager: Shutting down and abandoning module HTML5Networking (298)
[2017.07.24-19.27.58:617][862]LogModuleManager: Shutting down and abandoning module AlembicImporter (296)
[2017.07.24-19.27.58:617][862]LogModuleManager: Shutting down and abandoning module AlembicLibrary (295)
[2017.07.24-19.27.58:617][862]LogModuleManager: Shutting down and abandoning module GeometryCache (294)
[2017.07.24-19.27.58:618][862]LogModuleManager: Shutting down and abandoning module GeometryCacheEd (293)
[2017.07.24-19.27.58:618][862]LogModuleManager: Shutting down and abandoning module SuperSearchEditor (288)
[2017.07.24-19.27.58:618][862]LogModuleManager: Shutting down and abandoning module SuperSearch (287)
[2017.07.24-19.27.58:618][862]LogModuleManager: Shutting down and abandoning module SpeedTreeImporter (284)
[2017.07.24-19.27.58:618][862]LogModuleManager: Shutting down and abandoning module PluginBrowser (282)
[2017.07.24-19.27.58:619][862]LogModuleManager: Shutting down and abandoning module MobileLauncherProfileWizard (280)
[2017.07.24-19.27.58:621][862]LogModuleManager: Shutting down and abandoning module VisualStudioSourceCodeAccess (278)
[2017.07.24-19.27.58:621][862]LogModuleManager: Shutting down and abandoning module DesktopPlatform (277)
[2017.07.24-19.27.58:621][862]LogModuleManager: Shutting down and abandoning module UObjectPlugin (274)
[2017.07.24-19.27.58:621][862]LogModuleManager: Shutting down and abandoning module SubversionSourceControl (272)
[2017.07.24-19.27.58:622][862]LogModuleManager: Shutting down and abandoning module PerforceSourceControl (270)
[2017.07.24-19.27.58:623][862]LogModuleManager: Shutting down and abandoning module GitSourceControl (268)
[2017.07.24-19.27.58:623][862]LogModuleManager: Shutting down and abandoning module SourceControl (267)
[2017.07.24-19.27.58:623][862]LogModuleManager: Shutting down and abandoning module LightPropagationVolumeEditor (264)
[2017.07.24-19.27.58:623][862]LogModuleManager: Shutting down and abandoning module PaperTiledImporter (262)
[2017.07.24-19.27.58:623][862]LogModuleManager: Shutting down and abandoning module PaperSpriteSheetImporter (260)
[2017.07.24-19.27.58:623][862]LogModuleManager: Shutting down and abandoning module Paper2DEditor (258)
[2017.07.24-19.27.58:624][862]LogModuleManager: Shutting down and abandoning module MeshPaint (257)
[2017.07.24-19.27.58:625][862]LogModuleManager: Shutting down and abandoning module LevelEditor (255)
[2017.07.24-19.27.58:630][862]LogModuleManager: Shutting down and abandoning module PixelInspectorModule (254)
[2017.07.24-19.27.58:631][862]LogModuleManager: Shutting down and abandoning module MainFrame (252)
[2017.07.24-19.27.58:632][862]LogModuleManager: Shutting down and abandoning module HotReload (251)
[2017.07.24-19.27.58:634][862]LogModuleManager: Shutting down and abandoning module PhysXVehiclesEditor (246)
[2017.07.24-19.27.58:634][862]LogModuleManager: Shutting down and abandoning module PhysXVehicles (244)
[2017.07.24-19.27.58:634][862]LogModuleManager: Shutting down and abandoning module LocationServicesBPLibrary (242)
[2017.07.24-19.27.58:634][862]LogModuleManager: Shutting down and abandoning module ImmediatePhysicsEditor (240)
[2017.07.24-19.27.58:634][862]LogModuleManager: Shutting down and abandoning module ImmediatePhysics (238)
[2017.07.24-19.27.58:635][862]LogModuleManager: Shutting down and abandoning module UdpMessaging (236)
[2017.07.24-19.27.58:736][862]LogModuleManager: Shutting down and abandoning module TcpMessaging (234)
[2017.07.24-19.27.58:837][862]LogModuleManager: Shutting down and abandoning module GameplayTagsEditor (232)
[2017.07.24-19.27.58:839][862]LogModuleManager: Shutting down and abandoning module FacialAnimationEditor (230)
[2017.07.24-19.27.58:839][862]LogModuleManager: Shutting down and abandoning module FacialAnimation (228)
[2017.07.24-19.27.58:839][862]LogModuleManager: Shutting down and abandoning module AssetManagerEditor (226)
[2017.07.24-19.27.58:840][862]LogModuleManager: Shutting down and abandoning module GraphEditor (225)
[2017.07.24-19.27.58:844][862]LogModuleManager: Shutting down and abandoning module ContentBrowser (223)
[2017.07.24-19.27.58:850][862]LogModuleManager: Shutting down and abandoning module LightPropagationVolumeRuntime (220)
[2017.07.24-19.27.58:850][862]LogModuleManager: Shutting down and abandoning module Paper2D (218)
[2017.07.24-19.27.58:850][862]LogModuleManager: Shutting down and abandoning module WindowsMoviePlayer (216)
[2017.07.24-19.27.58:850][862]LogModuleManager: Shutting down and abandoning module WmfMedia (214)
[2017.07.24-19.27.58:852][862]LogModuleManager: Shutting down and abandoning module ClothingSystemEditor (212)
[2017.07.24-19.27.58:852][862]LogModuleManager: Shutting down and abandoning module ClothingSystemRuntime (210)
[2017.07.24-19.27.58:853][862]LogModuleManager: Shutting down and abandoning module MediaAssets (208)
[2017.07.24-19.27.58:853][862]LogModuleManager: Shutting down and abandoning module GameLiveStreaming (206)
[2017.07.24-19.27.58:854][862]LogModuleManager: Shutting down and abandoning module VREditor (204)
[2017.07.24-19.27.58:854][862]LogModuleManager: Shutting down and abandoning module StringTableEditor (202)
[2017.07.24-19.27.58:855][862]LogModuleManager: Shutting down and abandoning module GameplayTasksEditor (200)
[2017.07.24-19.27.58:856][862]LogModuleManager: Shutting down and abandoning module BehaviorTreeEditor (198)
[2017.07.24-19.27.58:858][862]LogModuleManager: Shutting down and abandoning module FunctionalTesting (196)
[2017.07.24-19.27.58:858][862]LogModuleManager: Shutting down and abandoning module CollisionAnalyzer (194)
[2017.07.24-19.27.58:859][862]LogModuleManager: Shutting down and abandoning module UMG (192)
[2017.07.24-19.27.58:860][862]LogModuleManager: Shutting down and abandoning module UMGEditor (191)
[2017.07.24-19.27.58:862][862]LogModuleManager: Shutting down and abandoning module Sequencer (190)
[2017.07.24-19.27.58:864][862]LogModuleManager: Shutting down and abandoning module AssetTools (188)
[2017.07.24-19.27.58:869][862]LogModuleManager: Shutting down and abandoning module MessageLog (187)
[2017.07.24-19.27.58:869][862]LogModuleManager: Shutting down and abandoning module WorkspaceMenuStructure (186)
[2017.07.24-19.27.58:869][862]LogModuleManager: Shutting down and abandoning module SlateReflector (180)
[2017.07.24-19.27.58:873][862]LogModuleManager: Shutting down and abandoning module Slate (178)
[2017.07.24-19.27.58:873][862]LogModuleManager: Shutting down and abandoning module EditorStyle (176)
[2017.07.24-19.27.58:887][862]LogModuleManager: Shutting down and abandoning module SourceCodeAccess (174)
[2017.07.24-19.27.58:887][862]LogModuleManager: Shutting down and abandoning module HeadMountedDisplay (172)
[2017.07.24-19.27.58:887][862]LogModuleManager: Shutting down and abandoning module XAudio2 (170)
[2017.07.24-19.27.58:887][862]LogModuleManager: Shutting down and abandoning module Networking (168)
[2017.07.24-19.27.58:887][862]LogModuleManager: Shutting down and abandoning module Core (164)
[2017.07.24-19.27.58:887][862]LogModuleManager: Shutting down and abandoning module AssetRegistry (162)
[2017.07.24-19.27.59:169][862]LogDirectoryWatcher: A directory notification for '../../../Engine/Content/' was aborted.
[2017.07.24-19.27.59:169][862]LogDirectoryWatcher: A directory notification for '../../../../../../Users/gentry/Documents/GitHub/DatBoiEntertainmetnGame_/Content/' was aborted.
[2017.07.24-19.27.59:169][862]LogDirectoryWatcher: A directory notification for '../../../Engine/Plugins/2D/Paper2D/Content/' was aborted.
[2017.07.24-19.27.59:169][862]LogDirectoryWatcher: A directory notification for '../../../Engine/Plugins/Runtime/GearVR/Content/' was aborted.
[2017.07.24-19.27.59:177][862]LogModuleManager: Shutting down and abandoning module DirectoryWatcher (161)
[2017.07.24-19.27.59:182][862]LogModuleManager: Shutting down and abandoning module KismetCompiler (158)
[2017.07.24-19.27.59:182][862]LogModuleManager: Shutting down and abandoning module LevelSequence (156)
[2017.07.24-19.27.59:182][862]LogModuleManager: Shutting down and abandoning module PhysXFormats (154)
[2017.07.24-19.27.59:182][862]LogModuleManager: Shutting down and abandoning module MeshUtilities (152)
[2017.07.24-19.27.59:184][862]LogModuleManager: Shutting down and abandoning module SimplygonSwarm (151)
[2017.07.24-19.27.59:184][862]LogModuleManager: Shutting down and abandoning module SimplygonMeshReduction (149)
[2017.07.24-19.27.59:184][862]LogModuleManager: Shutting down and abandoning module QuadricMeshReduction (147)
[2017.07.24-19.27.59:185][862]LogModuleManager: Shutting down and abandoning module DerivedDataCache (144)
[2017.07.24-19.27.59:265][862]LogDerivedDataCache: Shutdown
[2017.07.24-19.27.59:265][862]LogModuleManager: Shutting down and abandoning module TargetPlatform (142)
[2017.07.24-19.27.59:265][862]LogModuleManager: Shutting down and abandoning module VulkanShaderFormat (141)
[2017.07.24-19.27.59:266][862]LogModuleManager: Shutting down and abandoning module ShaderFormatVectorVM (139)
[2017.07.24-19.27.59:266][862]LogModuleManager: Shutting down and abandoning module ShaderFormatOpenGL (137)
[2017.07.24-19.27.59:267][862]LogModuleManager: Shutting down and abandoning module ShaderFormatD3D (135)
[2017.07.24-19.27.59:267][862]LogModuleManager: Shutting down and abandoning module MetalShaderFormat (133)
[2017.07.24-19.27.59:268][862]LogModuleManager: Shutting down and abandoning module TextureFormatUncompressed (131)
[2017.07.24-19.27.59:268][862]LogModuleManager: Shutting down and abandoning module TextureFormatPVR (129)
[2017.07.24-19.27.59:268][862]LogModuleManager: Shutting down and abandoning module TextureFormatDXT (127)
[2017.07.24-19.27.59:268][862]LogModuleManager: Shutting down and abandoning module TextureFormatIntelISPCTexComp (125)
[2017.07.24-19.27.59:268][862]LogModuleManager: Shutting down and abandoning module TextureFormatASTC (123)
[2017.07.24-19.27.59:269][862]LogModuleManager: Shutting down and abandoning module ImageWrapper (122)
[2017.07.24-19.27.59:269][862]LogModuleManager: Shutting down and abandoning module TextureFormatAndroid (119)
[2017.07.24-19.27.59:269][862]LogModuleManager: Shutting down and abandoning module AudioFormatOpus (117)
[2017.07.24-19.27.59:269][862]LogModuleManager: Shutting down and abandoning module AudioFormatOgg (115)
[2017.07.24-19.27.59:269][862]LogModuleManager: Shutting down and abandoning module AudioFormatADPCM (113)
[2017.07.24-19.27.59:269][862]LogModuleManager: Shutting down and abandoning module LinuxTargetPlatform (111)
[2017.07.24-19.27.59:269][862]LogModuleManager: Shutting down and abandoning module LinuxServerTargetPlatform (109)
[2017.07.24-19.27.59:269][862]LogModuleManager: Shutting down and abandoning module LinuxNoEditorTargetPlatform (107)
[2017.07.24-19.27.59:269][862]LogModuleManager: Shutting down and abandoning module LinuxClientTargetPlatform (105)
[2017.07.24-19.27.59:269][862]LogModuleManager: Shutting down and abandoning module TVOSTargetPlatform (103)
[2017.07.24-19.27.59:269][862]LogModuleManager: Shutting down and abandoning module Messaging (101)
[2017.07.24-19.27.59:269][862]LogModuleManager: Shutting down and abandoning module IOSTargetPlatform (99)
[2017.07.24-19.27.59:269][862]LogModuleManager: Shutting down and abandoning module HTML5TargetPlatform (97)
[2017.07.24-19.27.59:269][862]LogModuleManager: Shutting down and abandoning module Android_PVRTCTargetPlatform (95)
[2017.07.24-19.27.59:270][862]LogModuleManager: Shutting down and abandoning module Android_MultiTargetPlatform (93)
[2017.07.24-19.27.59:270][862]LogModuleManager: Shutting down and abandoning module Android_ETC2TargetPlatform (91)
[2017.07.24-19.27.59:270][862]LogModuleManager: Shutting down and abandoning module Android_ETC1TargetPlatform (89)
[2017.07.24-19.27.59:270][862]LogModuleManager: Shutting down and abandoning module Android_DXTTargetPlatform (87)
[2017.07.24-19.27.59:270][862]LogModuleManager: Shutting down and abandoning module Android_ATCTargetPlatform (85)
[2017.07.24-19.27.59:270][862]LogModuleManager: Shutting down and abandoning module Android_ASTCTargetPlatform (83)
[2017.07.24-19.27.59:270][862]LogModuleManager: Shutting down and abandoning module AndroidTargetPlatform (81)
[2017.07.24-19.27.59:271][862]LogModuleManager: Shutting down and abandoning module WindowsTargetPlatform (79)
[2017.07.24-19.27.59:271][862]LogModuleManager: Shutting down and abandoning module WindowsServerTargetPlatform (77)
[2017.07.24-19.27.59:271][862]LogModuleManager: Shutting down and abandoning module WindowsNoEditorTargetPlatform (75)
[2017.07.24-19.27.59:271][862]LogModuleManager: Shutting down and abandoning module WindowsClientTargetPlatform (73)
[2017.07.24-19.27.59:271][862]LogModuleManager: Shutting down and abandoning module MacTargetPlatform (71)
[2017.07.24-19.27.59:271][862]LogModuleManager: Shutting down and abandoning module MacServerTargetPlatform (69)
[2017.07.24-19.27.59:271][862]LogModuleManager: Shutting down and abandoning module MacNoEditorTargetPlatform (67)
[2017.07.24-19.27.59:271][862]LogModuleManager: Shutting down and abandoning module MacClientTargetPlatform (65)
[2017.07.24-19.27.59:271][862]LogModuleManager: Shutting down and abandoning module AllDesktopTargetPlatform (63)
[2017.07.24-19.27.59:271][862]LogModuleManager: Shutting down and abandoning module InputCore (60)
[2017.07.24-19.27.59:271][862]LogModuleManager: Shutting down and abandoning module Settings (58)
[2017.07.24-19.27.59:271][862]LogModuleManager: Shutting down and abandoning module OculusRift (56)
[2017.07.24-19.27.59:271][862]LogModuleManager: Shutting down and abandoning module GearVRController (54)
[2017.07.24-19.27.59:271][862]LogModuleManager: Shutting down and abandoning module GearVR (52)
[2017.07.24-19.27.59:272][862]LogModuleManager: Shutting down and abandoning module ExampleDeviceProfileSelector (50)
[2017.07.24-19.27.59:272][862]LogModuleManager: Shutting down and abandoning module OnlineBlueprintSupport (48)
[2017.07.24-19.27.59:272][862]LogModuleManager: Shutting down and abandoning module OnlineSubsystem (44)
[2017.07.24-19.27.59:272][862]LogOnline:Display: Unloading online subsystem: NULL
[2017.07.24-19.27.59:274][862]LogModuleManager: Shutting down and abandoning module XMPP (43)
[2017.07.24-19.27.59:275][862]LogModuleManager: Shutting down and abandoning module HTTP (41)
[2017.07.24-19.27.59:275][862]LogHttp:Display: Http module shutting down, but needs to wait on 1 outstanding Http requests:
[2017.07.24-19.27.59:275][862]LogHttp:Display: 	verb=[POST] url=[https://datarouter.ol.epicgames.com/datarouter/api/v1/public/data?SessionID=%7B983CD127-4A31-B957-7115-73BF7EBDAC34%7D&AppID=UEEditor.Rocket.Release&AppVersion=4.16.1-3466753%2B%2B%2BUE4%2BRelease-4.16&UserID=e75bf06f4dbaf8d917b08da130f32e38%7C54599e2502c348eaa2dcfcee6f72aaa4%7C411fcffc-e69f-4d70-aa8f-b0f32a2cf60e&AppEnvironment=datacollector-binary&UploadType=eteventstream] status=Processing
[2017.07.24-19.27.59:291][862]LogModuleManager: Shutting down and abandoning module SSL (40)
[2017.07.24-19.27.59:294][862]LogModuleManager: Shutting down and abandoning module HTTPChunkInstaller (36)
[2017.07.24-19.27.59:295][862]LogModuleManager: Shutting down and abandoning module AnimationModifiers (34)
[2017.07.24-19.27.59:295][862]LogModuleManager: Shutting down and abandoning module PropertyEditor (33)
[2017.07.24-19.27.59:295][862]LogModuleManager: Shutting down and abandoning module AudioEditor (30)
[2017.07.24-19.27.59:297][862]LogModuleManager: Shutting down and abandoning module TextureCompressor (28)
[2017.07.24-19.27.59:298][862]LogModuleManager: Shutting down and abandoning module ShaderCore (26)
[2017.07.24-19.27.59:298][862]LogModuleManager: Shutting down and abandoning module Landscape (24)
[2017.07.24-19.27.59:298][862]LogModuleManager: Shutting down and abandoning module SlateRHIRenderer (22)
[2017.07.24-19.27.59:301][862]LogModuleManager: Shutting down and abandoning module OpenGLDrv (20)
[2017.07.24-19.27.59:302][862]LogModuleManager: Shutting down and abandoning module D3D11RHI (18)
[2017.07.24-19.27.59:302][862]LogModuleManager: Shutting down and abandoning module AnimGraphRuntime (16)
[2017.07.24-19.27.59:302][862]LogModuleManager: Shutting down and abandoning module Renderer (14)
[2017.07.24-19.27.59:302][862]LogModuleManager: Shutting down and abandoning module Engine (12)
[2017.07.24-19.27.59:302][862]LogModuleManager: Shutting down and abandoning module CoreUObject (10)
[2017.07.24-19.27.59:302][862]LogModuleManager: Shutting down and abandoning module NetworkFile (8)
[2017.07.24-19.27.59:303][862]LogModuleManager: Shutting down and abandoning module StreamingFile (6)
[2017.07.24-19.27.59:303][862]LogModuleManager: Shutting down and abandoning module SandboxFile (4)
[2017.07.24-19.27.59:303][862]LogModuleManager: Shutting down and abandoning module PakFile (2)
[2017.07.24-19.27.59:305][862]LogExit: Exiting.
[2017.07.24-19.27.59:331][862]Log file closed, 07/24/17 13:27:59
