Log file open, 12/06/17 16:06:20
LogWindows: LoadLibraryWithSearchPaths failed for file aqProf.dll. GetLastError=0
LogWindows: LoadLibraryWithSearchPaths failed for file VSPerf140.dll. GetLastError=0
LogWindows: LoadLibraryWithSearchPaths failed for file VtuneApi.dll. GetLastError=0
LogWindows: LoadLibraryWithSearchPaths failed for file VtuneApi32e.dll. GetLastError=0
LogInit: Display: Running engine for game: InsertNameAdventure
LogPlatformFile: Not using cached read wrapper
LogInit: Display: RandInit(1589777243) SRandInit(1589777243).
LogTaskGraph: Started task graph with 5 named threads and 14 total threads with 3 sets of task threads.
LogStats: Stats thread started at 0.163096
LogD3D11RHI: Aftermath initialized
LogPluginManager: Mounting plugin Paper2D
LogPluginManager: Mounting plugin LightPropagationVolume
LogPluginManager: Mounting plugin CodeLiteSourceCodeAccess
LogPluginManager: Mounting plugin GitSourceControl
LogPluginManager: Mounting plugin KDevelopSourceCodeAccess
LogPluginManager: Mounting plugin NullSourceCodeAccess
LogPluginManager: Mounting plugin PerforceSourceControl
LogPluginManager: Mounting plugin SubversionSourceControl
LogPluginManager: Mounting plugin UObjectPlugin
LogPluginManager: Mounting plugin VisualStudioSourceCodeAccess
LogPluginManager: Mounting plugin XCodeSourceCodeAccess
LogPluginManager: Mounting plugin AssetManagerEditor
LogPluginManager: Mounting plugin AudioCapture
LogPluginManager: Mounting plugin FacialAnimation
LogPluginManager: Mounting plugin GameplayTagsEditor
LogPluginManager: Mounting plugin MobileLauncherProfileWizard
LogPluginManager: Mounting plugin PluginBrowser
LogPluginManager: Mounting plugin SpeedTreeImporter
LogPluginManager: Mounting plugin AlembicImporter
LogPluginManager: Mounting plugin CharacterAI
LogPluginManager: Mounting plugin HTML5Networking
LogPluginManager: Mounting plugin AndroidMedia
LogPluginManager: Mounting plugin AvfMedia
LogPluginManager: Mounting plugin MediaPlayerEditor
LogPluginManager: Mounting plugin WmfMedia
LogPluginManager: Mounting plugin TcpMessaging
LogPluginManager: Mounting plugin UdpMessaging
LogPluginManager: Mounting plugin LevelSequenceEditor
LogPluginManager: Mounting plugin MatineeToLevelSequence
LogPluginManager: Mounting plugin OnlineSubsystemGooglePlay
LogPluginManager: Mounting plugin OnlineSubsystemIOS
LogPluginManager: Mounting plugin OnlineSubsystem
LogPluginManager: Mounting plugin OnlineSubsystemNull
LogPluginManager: Mounting plugin OnlineSubsystemUtils
LogPluginManager: Mounting plugin AndroidDeviceProfileSelector
LogPluginManager: Mounting plugin AndroidMoviePlayer
LogPluginManager: Mounting plugin AndroidPermission
LogPluginManager: Mounting plugin AppleMoviePlayer
LogPluginManager: Mounting plugin ArchVisCharacter
LogPluginManager: Mounting plugin CableComponent
LogPluginManager: Mounting plugin CustomMeshComponent
LogPluginManager: Mounting plugin ExampleDeviceProfileSelector
LogPluginManager: Mounting plugin GoogleCloudMessaging
LogPluginManager: Mounting plugin ImmediatePhysics
LogPluginManager: Mounting plugin IOSDeviceProfileSelector
LogPluginManager: Mounting plugin LinuxDeviceProfileSelector
LogPluginManager: Mounting plugin LocationServicesBPLibrary
LogPluginManager: Mounting plugin MobilePatchingUtils
LogPluginManager: Mounting plugin OculusVR
LogPluginManager: Mounting plugin PhysXVehicles
LogPluginManager: Mounting plugin ProceduralMeshComponent
LogPluginManager: Mounting plugin RuntimePhysXCooking
LogPluginManager: Mounting plugin SteamVR
LogPluginManager: Mounting plugin WindowsMoviePlayer
LogInit: Using libcurl 7.47.1
LogInit:  - built for x86_64-pc-win32
LogInit:  - supports SSL with OpenSSL/1.0.2g
LogInit:  - supports HTTP deflate (compression) using libz 1.2.8
LogInit:  - other features:
LogInit:      CURL_VERSION_SSL
LogInit:      CURL_VERSION_LIBZ
LogInit:      CURL_VERSION_IPV6
LogInit:      CURL_VERSION_ASYNCHDNS
LogInit:      CURL_VERSION_LARGEFILE
LogInit:      CURL_VERSION_IDN
LogInit:  CurlRequestOptions (configurable via config and command line):
LogInit:  - bVerifyPeer = false  - Libcurl will NOT verify peer certificate
LogInit:  - bUseHttpProxy = false  - Libcurl will NOT use HTTP proxy
LogInit:  - bDontReuseConnections = false  - Libcurl will reuse connections
LogInit:  - CertBundlePath = nullptr  - Libcurl will use whatever was configured at build time.
LogInit: Build: ++UE4+Release-4.17-CL-3586342
LogInit: Engine Version: 4.17.1-3586342+++UE4+Release-4.17
LogInit: Compatible Engine Version: 4.17.0-3573198+++UE4+Release-4.17
LogInit: Net CL: 3573198
LogDevObjectVersion: Number of dev versions registered: 16
LogDevObjectVersion:   Dev-Blueprints (B0D832E4-1F89-4F0D-ACCF-7EB736FD4AA2): 10
LogDevObjectVersion:   Dev-Build (E1C64328-A22C-4D53-A36C-8E866417BD8C): 0
LogDevObjectVersion:   Dev-Core (375EC13C-06E4-48FB-B500-84F0262A717E): 2
LogDevObjectVersion:   Dev-Editor (E4B068ED-F494-42E9-A231-DA0B2E46BB41): 20
LogDevObjectVersion:   Dev-Framework (CFFC743F-43B0-4480-9391-14DF171D2073): 28
LogDevObjectVersion:   Dev-Mobile (B02B49B5-BB20-44E9-A304-32B752E40360): 0
LogDevObjectVersion:   Dev-Networking (A4E4105C-59A1-49B5-A7C5-40C4547EDFEE): 0
LogDevObjectVersion:   Dev-Online (39C831C9-5AE6-47DC-9A44-9C173E1C8E7C): 0
LogDevObjectVersion:   Dev-Physics (78F01B33-EBEA-4F98-B9B4-84EACCB95AA2): 0
LogDevObjectVersion:   Dev-Platform (6631380F-2D4D-43E0-8009-CF276956A95A): 0
LogDevObjectVersion:   Dev-Rendering (12F88B9F-8875-4AFC-A67C-D90C383ABD29): 19
LogDevObjectVersion:   Dev-Sequencer (7B5AE74C-D270-4C10-A958-57980B212A5A): 4
LogDevObjectVersion:   Dev-VR (D7296918-1DD6-4BDD-9DE2-64A83CC13884): 0
LogDevObjectVersion:   Dev-LoadTimes (C2A15278-BFE7-4AFE-6C17-90FF531DF755): 1
LogDevObjectVersion:   Private-Geometry (6EACA3D4-40EC-4CC1-B786-8BED09428FC5): 1
LogDevObjectVersion:   Dev-AnimPhys (29E575DD-E0A3-4627-9D10-D276232CDCEA): 7
LogInit: Compiled (64-bit): Aug 15 2017 02:05:26
LogInit: Compiled with Visual C++: 19.00.24215.01
LogInit: Build Configuration: Development
LogInit: Branch Name: ++UE4+Release-4.17
LogInit: Command line: 
LogInit: Base directory: C:/Program Files/Epic Games/UE_4.17/Engine/Binaries/Win64/
LogInit: Installed Engine Build: 1
LogInit: Presizing for max 8388607 objects, including 0 objects not considered by GC, pre-allocating 0 bytes for permanent pool.
LogInit: Object subsystem initialized
[2017.12.06-23.06.21:302][  0]LogInit: Selected Device Profile: [Windows]
[2017.12.06-23.06.21:302][  0]LogInit: Applying CVar settings loaded from the selected device profile: [Windows]
[2017.12.06-23.06.21:312][  0]LogInit: Computer: DESKTOP-OMJHMSB
[2017.12.06-23.06.21:312][  0]LogInit: User: rajjj
[2017.12.06-23.06.21:312][  0]LogInit: CPU Page size=4096, Cores=4
[2017.12.06-23.06.21:312][  0]LogInit: High frequency timer resolution =3.328124 MHz
[2017.12.06-23.06.21:312][  0]LogMemory: Memory total: Physical=15.9GB (16GB approx)
[2017.12.06-23.06.21:313][  0]LogMemory: Platform Memory Stats for Windows
[2017.12.06-23.06.21:313][  0]LogMemory: Process Physical Memory: 281.52 MB used, 281.52 MB peak
[2017.12.06-23.06.21:313][  0]LogMemory: Process Virtual Memory: 278.27 MB used, 278.27 MB peak
[2017.12.06-23.06.21:313][  0]LogMemory: Physical Memory: 4921.38 MB used,  11400.36 MB free, 16321.74 MB total
[2017.12.06-23.06.21:313][  0]LogMemory: Virtual Memory: 710.18 MB used,  11400.36 MB free, 134217728.00 MB total
[2017.12.06-23.06.21:464][  0]LogInit: Using OS detected language (en-US).
[2017.12.06-23.06.21:464][  0]LogInit: Using OS detected locale (en-US).
[2017.12.06-23.06.21:467][  0]LogTextLocalizationManager: No specific localization for 'en-US' exists, so the 'en' localization will be used.
[2017.12.06-23.06.22:071][  0]LogD3D11RHI: D3D11 adapters:
[2017.12.06-23.06.22:107][  0]LogD3D11RHI:    0. 'NVIDIA GeForce GTX 1070' (Feature Level 11_0)
[2017.12.06-23.06.22:107][  0]LogD3D11RHI:       8096/0/8160 MB DedicatedVideo/DedicatedSystem/SharedSystem, Outputs:2, VendorId:0x10de
[2017.12.06-23.06.22:110][  0]LogD3D11RHI:    1. 'Microsoft Basic Render Driver' (Feature Level 11_0)
[2017.12.06-23.06.22:110][  0]LogD3D11RHI:       0/0/8160 MB DedicatedVideo/DedicatedSystem/SharedSystem, Outputs:0, VendorId:0x1414
[2017.12.06-23.06.22:110][  0]LogD3D11RHI: Chosen D3D11 Adapter: 0
[2017.12.06-23.06.22:116][  0]LogD3D11RHI: Creating new Direct3DDevice
[2017.12.06-23.06.22:116][  0]LogD3D11RHI:     GPU DeviceId: 0x1b81 (for the marketing name, search the web for "GPU Device Id")
[2017.12.06-23.06.22:116][  0]LogWindows: EnumDisplayDevices:
[2017.12.06-23.06.22:116][  0]LogWindows:    0. 'NVIDIA GeForce GTX 1070' (P:0 D:1)
[2017.12.06-23.06.22:116][  0]LogWindows:    1. 'NVIDIA GeForce GTX 1070' (P:1 D:1)
[2017.12.06-23.06.22:116][  0]LogWindows:    2. 'NVIDIA GeForce GTX 1070' (P:0 D:0)
[2017.12.06-23.06.22:117][  0]LogWindows:    3. 'NVIDIA GeForce GTX 1070' (P:0 D:0)
[2017.12.06-23.06.22:117][  0]LogWindows: DebugString: GetVideoDriverDetailsInvalid PrimaryIsNotTheChoosenAdapter GetVideoDriverDetailsInvalid PrimaryIsNotTheChoosenAdapter GetVideoDriverDetailsInvalid PrimaryIsNotTheChoosenAdapter GetVideoDriverDetailsInvalid PrimaryIsNotTheChoosenAdapter FoundDriverCount:0 
[2017.12.06-23.06.22:117][  0]LogD3D11RHI:     Adapter Name: NVIDIA GeForce GTX 1070
[2017.12.06-23.06.22:117][  0]LogD3D11RHI:   Driver Version: Unknown (internal:Unknown, unified:Unknown)
[2017.12.06-23.06.22:117][  0]LogD3D11RHI:      Driver Date: Unknown
[2017.12.06-23.06.22:117][  0]LogRHI: Texture pool is 1361 MB (70% of 1945 MB)
[2017.12.06-23.06.22:136][  0]LogD3D11RHI: Async texture creation enabled
[2017.12.06-23.06.22:227][  0]LogD3D11RHI: GPU Timing Frequency: 1000.000000 (Debug: 2 1)
[2017.12.06-23.06.22:275][  0]LogShaderCompilers: Guid format shader working directory is -34 characters bigger than the processId version (../../../../../../Users/rajjj/OneDrive/Documents/GitHub/DatBoiEntertainmetnGame_/Intermediate/Shaders/WorkingDirectory/6820/).
[2017.12.06-23.06.22:275][  0]LogShaderCompilers: Cleaned the shader compiler working directory 'C:/Users/rajjj/AppData/Local/Temp/UnrealShaderWorkingDir/1BA1A2254BFCDF79B412DEAAD8C82A85/'.
[2017.12.06-23.06.22:275][  0]LogShaderCompilers: Display: Using Local Shader Compiler.
[2017.12.06-23.06.23:034][  0]LogTemp: Display: Loaded TP AllDesktopTargetPlatform
[2017.12.06-23.06.23:078][  0]LogTemp: Display: Loaded TP MacClientTargetPlatform
[2017.12.06-23.06.23:122][  0]LogTemp: Display: Loaded TP MacNoEditorTargetPlatform
[2017.12.06-23.06.23:169][  0]LogTemp: Display: Loaded TP MacServerTargetPlatform
[2017.12.06-23.06.23:215][  0]LogTemp: Display: Loaded TP MacTargetPlatform
[2017.12.06-23.06.23:259][  0]LogTemp: Display: Loaded TP WindowsClientTargetPlatform
[2017.12.06-23.06.23:304][  0]LogTemp: Display: Loaded TP WindowsNoEditorTargetPlatform
[2017.12.06-23.06.23:348][  0]LogTemp: Display: Loaded TP WindowsServerTargetPlatform
[2017.12.06-23.06.23:387][  0]LogTemp: Display: Loaded TP WindowsTargetPlatform
[2017.12.06-23.06.23:432][  0]LogTemp: Display: Loaded TP AndroidTargetPlatform
[2017.12.06-23.06.23:475][  0]LogTemp: Display: Loaded TP Android_ASTCTargetPlatform
[2017.12.06-23.06.23:520][  0]LogTemp: Display: Loaded TP Android_ATCTargetPlatform
[2017.12.06-23.06.23:564][  0]LogTemp: Display: Loaded TP Android_DXTTargetPlatform
[2017.12.06-23.06.23:608][  0]LogTemp: Display: Loaded TP Android_ETC1TargetPlatform
[2017.12.06-23.06.23:652][  0]LogTemp: Display: Loaded TP Android_ETC2TargetPlatform
[2017.12.06-23.06.23:741][  0]LogTemp: Display: Loaded TP Android_MultiTargetPlatform
[2017.12.06-23.06.23:741][  0]LogTemp: Display: Loaded TP Android_PVRTCTargetPlatform
[2017.12.06-23.06.23:775][  0]LogTemp: Display: Loaded TP HTML5TargetPlatform
[2017.12.06-23.06.23:859][  0]LogTemp: Display: Loaded TP IOSTargetPlatform
[2017.12.06-23.06.23:886][  0]LogTemp: Display: Loaded TP TVOSTargetPlatform
[2017.12.06-23.06.23:930][  0]LogTemp: Display: Loaded TP LinuxClientTargetPlatform
[2017.12.06-23.06.23:974][  0]LogTemp: Display: Loaded TP LinuxNoEditorTargetPlatform
[2017.12.06-23.06.24:019][  0]LogTemp: Display: Loaded TP LinuxServerTargetPlatform
[2017.12.06-23.06.24:063][  0]LogTemp: Display: Loaded TP LinuxTargetPlatform
[2017.12.06-23.06.24:063][  0]LogTargetPlatformManager: Display: Building Assets For Windows
[2017.12.06-23.06.24:479][  0]LogDerivedDataCache: Display: Max Cache Size: 512 MB
[2017.12.06-23.06.24:545][  0]LogDerivedDataCache: Loaded boot cache 0.06s 93MB C:/Users/rajjj/AppData/Local/UnrealEngine/4.17/DerivedDataCache/Boot.ddc.
[2017.12.06-23.06.24:545][  0]LogDerivedDataCache: Display: Loaded Boot cache: C:/Users/rajjj/AppData/Local/UnrealEngine/4.17/DerivedDataCache/Boot.ddc
[2017.12.06-23.06.24:545][  0]LogDerivedDataCache: FDerivedDataBackendGraph:  Pak pak cache file ../../../../../../Users/rajjj/OneDrive/Documents/GitHub/DatBoiEntertainmetnGame_/DerivedDataCache/DDC.ddp not found, will not use a pak cache.
[2017.12.06-23.06.24:545][  0]LogDerivedDataCache: Unable to find inner node Pak for hierarchical cache Hierarchy.
[2017.12.06-23.06.24:545][  0]LogDerivedDataCache: FDerivedDataBackendGraph:  CompressedPak pak cache file ../../../../../../Users/rajjj/OneDrive/Documents/GitHub/DatBoiEntertainmetnGame_/DerivedDataCache/Compressed.ddp not found, will not use a pak cache.
[2017.12.06-23.06.24:545][  0]LogDerivedDataCache: Unable to find inner node CompressedPak for hierarchical cache Hierarchy.
[2017.12.06-23.06.24:558][  0]LogDerivedDataCache: Display: Pak cache opened for reading ../../../Engine/DerivedDataCache/Compressed.ddp.
[2017.12.06-23.06.24:571][  0]LogDerivedDataCache: Using Local data cache path C:/Users/rajjj/AppData/Local/UnrealEngine/Common/DerivedDataCache: Writable
[2017.12.06-23.06.24:579][  0]LogMaterial: Verifying Global Shaders for PCD3D_SM5
[2017.12.06-23.06.24:579][  0]LogSlate: Using Freetype 2.6.0
[2017.12.06-23.06.24:580][  0]LogSlate: SlateFontCache - WITH_FREETYPE: 1, WITH_HARFBUZZ: 1
[2017.12.06-23.06.24:580][  0]LogSlate: SlateFontCache - WITH_FREETYPE: 1, WITH_HARFBUZZ: 1
[2017.12.06-23.06.24:797][  0]LogAssetRegistry: FAssetRegistry took 0.0256 seconds to start up
[2017.12.06-23.06.24:893][  0]LogInit: Selected Device Profile: [Windows]
[2017.12.06-23.06.25:221][  0]LogSimplygon: Simplygon DLL not present - disabling.
[2017.12.06-23.06.25:256][  0]LogMeshReduction: Using SimplygonSwarm for distributed automatic mesh merging
[2017.12.06-23.06.25:256][  0]LogMeshReduction: Using QuadricMeshReduction for automatic static mesh reduction
[2017.12.06-23.06.25:256][  0]LogMeshReduction: No automatic skeletal mesh reduction module available
[2017.12.06-23.06.25:256][  0]LogMeshReduction: No automatic mesh merging module available
[2017.12.06-23.06.25:256][  0]LogMeshMerging: No automatic mesh merging module available
[2017.12.06-23.06.25:293][  0]LogContentStreaming: Texture pool size is 0.00 MB
[2017.12.06-23.06.25:662][  0]LogNetVersion: InsertNameAdventure , NetCL: 3573198, EngineNetVer: 2, GameNetVer: 0 (Checksum: 3080426378)
[2017.12.06-23.06.25:858][  0]LogPackageLocalizationCache: Processed 5 localized package path(s) for 2 prioritized culture(s) in 0.049952 seconds
[2017.12.06-23.06.25:863][  0]LogUObjectArray: 35825 objects as part of root set at end of initial load.
[2017.12.06-23.06.25:863][  0]LogUObjectAllocator: 7529104 out of 0 bytes used by permanent object pool.
[2017.12.06-23.06.25:863][  0]LogUObjectArray: CloseDisregardForGC: 0/0 objects in disregard for GC pool
[2017.12.06-23.06.25:915][  0]LogInit: WinSock: version 1.1 (2.2), MaxSocks=32767, MaxUdp=65467
[2017.12.06-23.06.28:142][  0]LogTcpMessaging: Initializing TcpMessaging bridge
[2017.12.06-23.06.28:177][  0]LogUdpMessaging: Initializing bridge on interface 0.0.0.0:0 to multicast group 230.0.0.1:6666.
[2017.12.06-23.06.28:760][  0]LogMaterial: Uniform references updated for custom material expression Custom.
[2017.12.06-23.06.29:115][  0]SourceControl: Source control is disabled
[2017.12.06-23.06.29:901][  0]LogAndroidPermission: UAndroidPermissionCallbackProxy::GetInstance
[2017.12.06-23.06.30:104][  0]LogOcInput: OculusInput pre-init called
[2017.12.06-23.06.30:329][  0]LogEngine: Initializing Engine...
[2017.12.06-23.06.30:331][  0]LogHMD: Failed to initialize OpenVR with code 110
[2017.12.06-23.06.30:506][  0]LogStats: UGameplayTagsManager::ConstructGameplayTagTree: Construct from data asset -  0.000 s
[2017.12.06-23.06.30:506][  0]LogStats: UGameplayTagsManager::ConstructGameplayTagTree: GameplayTagTreeChangedEvent.Broadcast -  0.000 s
[2017.12.06-23.06.30:621][  0]LogAIModule: Creating AISystem for world Untitled
[2017.12.06-23.06.30:629][  0]LogInit: XAudio2 using 'Speakers (2- Logitech G930 Headset)' : 2 channels at 48 kHz using 16 bits per sample (channel mask 0x3)
[2017.12.06-23.06.30:637][  0]LogInit: FAudioDevice initialized.
[2017.12.06-23.06.30:715][  0]LogDerivedDataCache: Saved boot cache 0.08s 93MB C:/Users/rajjj/AppData/Local/UnrealEngine/4.17/DerivedDataCache/Boot.ddc.
[2017.12.06-23.06.30:728][  0]LogInit: Texture streaming: Enabled
[2017.12.06-23.06.30:826][  0]LogEngineSessionManager: EngineSessionManager initialized
[2017.12.06-23.06.30:826][  0]LogEngineSessionManager: EngineSessionManager sent abnormal shutdown report. Type=Crashed, SessionId={60E38B49-4E24-C414-C950-50855F53ABBC}
[2017.12.06-23.06.31:018][  0]LogInit: Transaction tracking system initialized
[2017.12.06-23.06.31:288][  0]BlueprintLog: New page: Editor Load
[2017.12.06-23.06.32:058][  0]LocalizationService: Localization service is disabled
[2017.12.06-23.06.32:658][  0]LogConsoleResponse: Display: 
[2017.12.06-23.06.32:823][  0]LogCook: Display: Max memory allowance for cook 16384mb min free memory 0mb
[2017.12.06-23.06.32:823][  0]LogCook: Display: Mobile HDR setting 1
[2017.12.06-23.06.32:823][  0]LogGameplayTags: Display: UGameplayTagsManager::DoneAddingNativeTags. DelegateIsBound: 0
[2017.12.06-23.06.33:158][  0]LogFileCache: Scanning file cache for directory 'C:/Users/rajjj/OneDrive/Documents/GitHub/DatBoiEntertainmetnGame_/Content/' took 0.02s
[2017.12.06-23.06.33:929][  0]LogSlate: Took 0.000211 seconds to synchronously load lazily loaded font '../../../Engine/Content/Slate/Fonts/Roboto-Regular.ttf' (155K)
[2017.12.06-23.06.38:241][  0]LogWindowsTextInputMethodSystem: Display: IME system now deactivated.
[2017.12.06-23.06.38:243][  0]LogWindowsTextInputMethodSystem: Display: IME system now deactivated.
[2017.12.06-23.06.38:382][  0]LogWindowsTextInputMethodSystem: Display: IME system now deactivated.
[2017.12.06-23.06.38:384][  0]LogWindowsTextInputMethodSystem: Display: IME system now deactivated.
[2017.12.06-23.06.38:411][  0]Cmd: MAP LOAD FILE="../../../../../../Users/rajjj/OneDrive/Documents/GitHub/DatBoiEntertainmetnGame_/Content/2DSideScrollerBP/Maps/Levels/Rainforest_Alien.umap" TEMPLATE=0 SHOWPROGRESS=1 FEATURELEVEL=3
[2017.12.06-23.06.38:411][  0]LightingResults: New page: Lighting Build
[2017.12.06-23.06.38:456][  0]MapCheck: New page: Map Check
[2017.12.06-23.06.38:456][  0]LightingResults: New page: Lighting Build
[2017.12.06-23.06.39:598][  0]LogMaterial: Missing cached shader map for material BlueLight_M1, compiling. 
[2017.12.06-23.06.39:599][  0]LogMaterial: Warning: Failed to compile Material /Game/2DSideScrollerBP/Maps/Levels/LevelSprites/Sprites/Rain_Forrest_Sprites/Materials/BlueLight_M1.BlueLight_M1 for platform PCD3D_SM5, Default Material will be used in game.
[2017.12.06-23.06.39:599][  0]LogMaterial: Warning: 	Function Flicker_MF: Missing function input 'Color'
[2017.12.06-23.06.39:692][  0]LogAIModule: Creating AISystem for world Rainforest_Alien
[2017.12.06-23.06.39:724][  0]LogEditorServer: Finished looking for orphan Actors (0.000 secs)
[2017.12.06-23.06.39:740][  0]Cmd: MAP CHECKDEP NOCLEARLOG
[2017.12.06-23.06.39:807][  0]MapCheck: Map check complete: 0 Error(s), 0 Warning(s), took 67.064ms to complete.
[2017.12.06-23.06.39:807][  0]LogFileHelpers: Loading map 'Rainforest_Alien' took 1.397
[2017.12.06-23.06.39:880][  0]LogStats: Warning: MetaData mismatch. Did you assign a stat to two groups? New //STATGROUP_Threads//SplashScreenThread///Thread_2218_0///####STATCAT_Advanced#### old //STATGROUP_Threads//SplashScreenThread///Thread_4c30_0///####STATCAT_Advanced####
[2017.12.06-23.06.39:880][  0]LogCollectionManager: Loaded 0 collections in 0.001290 seconds
[2017.12.06-23.06.39:956][  0]LogFileCache: Scanning file cache for directory 'C:/Users/rajjj/OneDrive/Documents/GitHub/DatBoiEntertainmetnGame_/Saved/Collections/' took 0.01s
[2017.12.06-23.06.39:957][  0]LogFileCache: Scanning file cache for directory 'C:/Users/rajjj/OneDrive/Documents/GitHub/DatBoiEntertainmetnGame_/Content/Developers/rajjj/Collections/' took 0.01s
[2017.12.06-23.06.39:957][  0]LogFileCache: Scanning file cache for directory 'C:/Users/rajjj/OneDrive/Documents/GitHub/DatBoiEntertainmetnGame_/Content/Collections/' took 0.01s
[2017.12.06-23.06.39:957][  0]LogCollectionManager: Rebuilt the GUID cache for 0 collections in 0.000000 seconds
[2017.12.06-23.06.39:964][  0]LogContentBrowser: Native class hierarchy populated in 0.0074 seconds. Added 2386 classes and 500 folders.
[2017.12.06-23.06.40:023][  0]LogContentBrowser: Native class hierarchy updated for 'WidgetCarousel' in 0.0005 seconds. Added 0 classes and 0 folders.
[2017.12.06-23.06.40:053][  0]LogContentBrowser: Native class hierarchy updated for 'AddContentDialog' in 0.0005 seconds. Added 0 classes and 0 folders.
[2017.12.06-23.06.40:090][  0]LogContentBrowser: Native class hierarchy updated for 'SceneOutliner' in 0.0007 seconds. Added 1 classes and 2 folders.
[2017.12.06-23.06.40:112][  0]LogSlate: Took 0.000282 seconds to synchronously load lazily loaded font '../../../Engine/Content/Slate/Fonts/Roboto-Bold.ttf' (160K)
[2017.12.06-23.06.40:116][  0]LogSlate: Took 0.000164 seconds to synchronously load lazily loaded font '../../../Engine/Content/Editor/Slate/Fonts/FontAwesome.ttf' (139K)
[2017.12.06-23.06.40:212][  0]LogRenderer: Reallocating scene render targets to support 1616x628 Format 10 NumSamples 1 (Frame:1).
[2017.12.06-23.06.40:420][  0]LogContentBrowser: Native class hierarchy updated for 'HierarchicalLODOutliner' in 0.0005 seconds. Added 1 classes and 2 folders.
[2017.12.06-23.06.40:420][  0]LogLoad: (Engine Initialization) Total time: 20.47 seconds
[2017.12.06-23.06.40:420][  0]LogLoad: (Engine Initialization) Total Blueprint compile time: 0.00 seconds
[2017.12.06-23.06.40:420][  0]LogExternalProfiler: No external profilers were discovered.  External profiling features will not be available.
[2017.12.06-23.06.40:460][  0]SourceControl: On branch V1.5.1
[2017.12.06-23.06.40:460][  0]SourceControl: Your branch is up-to-date with 'origin/V1.5.1'.
[2017.12.06-23.06.40:460][  0]SourceControl: No commands done.
[2017.12.06-23.06.40:460][  0]SourceControl: Next commands to do (2 remaining commands):
[2017.12.06-23.06.40:460][  0]SourceControl:    pick b627089 Redid mt backdrop and started work on a desert zone
[2017.12.06-23.06.40:460][  0]SourceControl:    pick 5400dc0 Revert "Redid mt backdrop and started work on a desert zone"
[2017.12.06-23.06.40:460][  0]SourceControl:   (use "git rebase --edit-todo" to view and edit)
[2017.12.06-23.06.40:460][  0]SourceControl: You are currently editing a commit while rebasing branch 'V1.5.1' on 'ad616f1'.
[2017.12.06-23.06.40:460][  0]SourceControl:   (use "git commit --amend" to amend the current commit)
[2017.12.06-23.06.40:460][  0]SourceControl:   (use "git rebase --continue" once you are satisfied with your changes)
[2017.12.06-23.06.40:460][  0]SourceControl: Changes not staged for commit:
[2017.12.06-23.06.40:460][  0]SourceControl:   (use "git add/rm <file>..." to update what will be committed)
[2017.12.06-23.06.40:460][  0]SourceControl:   (use "git checkout -- <file>..." to discard changes in working directory)
[2017.12.06-23.06.40:461][  0]SourceControl: 	modified:   Content/2DSideScrollerBP/Blueprints/Testing_Assets/Enemy_Test_BP.uasset
[2017.12.06-23.06.40:461][  0]SourceControl: 	modified:   Content/2DSideScrollerBP/Blueprints/Testing_Assets/Test_AI_BP_Char.uasset
[2017.12.06-23.06.40:461][  0]SourceControl: 	modified:   Content/2DSideScrollerBP/Blueprints/UI/HPBar_Enemy_BP.uasset
[2017.12.06-23.06.40:461][  0]SourceControl: 	modified:   Content/2DSideScrollerBP/Maps/Levels/Test_Area1.umap
[2017.12.06-23.06.40:461][  0]SourceControl: 	modified:   Intermediate/AssetRegistryCache/c90e3f55.bin
[2017.12.06-23.06.40:461][  0]SourceControl: 	modified:   Intermediate/CachedAssetRegistry.bin
[2017.12.06-23.06.40:461][  0]SourceControl: 	modified:   Saved/Autosaves/Game/2DSideScrollerBP/Blueprints/Testing_Assets/Enemy_Test_BP_Auto1.uasset
[2017.12.06-23.06.40:461][  0]SourceControl: 	modified:   Saved/Autosaves/Game/2DSideScrollerBP/Blueprints/Testing_Assets/Test_AI_BP_Char_Auto1.uasset
[2017.12.06-23.06.40:461][  0]SourceControl: 	modified:   Saved/Autosaves/Game/2DSideScrollerBP/Blueprints/UI/HPBar_Enemy_BP_Auto1.uasset
[2017.12.06-23.06.40:461][  0]SourceControl: 	modified:   Saved/Autosaves/Game/2DSideScrollerBP/Maps/Levels/Test_Area1_Auto1.umap
[2017.12.06-23.06.40:461][  0]SourceControl: 	deleted:    Saved/Backup/Rainforest_Alien_2017-08-18-14-01-07.umap
[2017.12.06-23.06.40:461][  0]SourceControl: 	modified:   Saved/Config/Windows/Editor.ini
[2017.12.06-23.06.40:461][  0]SourceControl: 	modified:   Saved/Config/Windows/EditorPerProjectUserSettings.ini
[2017.12.06-23.06.40:461][  0]SourceControl: 	modified:   Saved/Config/Windows/Engine.ini
[2017.12.06-23.06.40:461][  0]SourceControl: 	deleted:    Saved/Logs/InsertNameAdventure-backup-2017.11.27-16.03.05.log
[2017.12.06-23.06.40:461][  0]SourceControl: 	deleted:    Saved/Logs/InsertNameAdventure-backup-2017.11.30-18.52.56.log
[2017.12.06-23.06.40:461][  0]SourceControl: 	modified:   Saved/Logs/InsertNameAdventure.log
[2017.12.06-23.06.40:461][  0]SourceControl: Untracked files:
[2017.12.06-23.06.40:461][  0]SourceControl:   (use "git add <file>..." to include in what will be committed)
[2017.12.06-23.06.40:461][  0]SourceControl: 	Saved/Backup/Enemy_Test_BP_2017-12-06-16-02-00.uasset
[2017.12.06-23.06.40:461][  0]SourceControl: 	Saved/Backup/HPBar_Enemy_BP_2017-12-06-16-02-01.uasset
[2017.12.06-23.06.40:461][  0]SourceControl: 	Saved/Backup/Test_AI_BP_Char_2017-12-06-16-02-01.uasset
[2017.12.06-23.06.40:461][  0]SourceControl: 	Saved/Backup/Test_Area1_2017-12-06-16-02-00.umap
[2017.12.06-23.06.40:461][  0]SourceControl: 	Saved/Config/CrashReportClient/UE4CC-Windows-5E1A132842FAF8571C0507A18D04DB38/
[2017.12.06-23.06.40:461][  0]SourceControl: 	Saved/Config/CrashReportClient/UE4CC-Windows-ABC95AA14159A25E72FE8C9ADA2BEFFB/
[2017.12.06-23.06.40:461][  0]SourceControl: 	Saved/Crashes/UE4CC-Windows-5E1A132842FAF8571C0507A18D04DB38_0000/
[2017.12.06-23.06.40:461][  0]SourceControl: 	Saved/Logs/InsertNameAdventure-backup-2017.12.06-15.46.22.log
[2017.12.06-23.06.40:461][  0]SourceControl: 	Saved/Logs/InsertNameAdventure-backup-2017.12.06-16.06.20.log
[2017.12.06-23.06.40:461][  0]SourceControl: no changes added to commit (use "git add" and/or "git commit -a")
[2017.12.06-23.06.40:461][  0]LogContentStreaming: Texture pool size now 1000 MB
[2017.12.06-23.06.40:504][  0]LogSlate: Took 0.000139 seconds to synchronously load lazily loaded font '../../../Engine/Content/Slate/Fonts/Roboto-Light.ttf' (159K)
[2017.12.06-23.06.40:532][  1]LogAssetRegistry: Asset discovery search completed in 15.7565 seconds
[2017.12.06-23.06.40:535][  1]LogCollectionManager: Rebuilt the object cache for 0 collections in 0.000000 seconds (found 0 objects)
[2017.12.06-23.06.40:535][  1]LogCollectionManager: Fixed up redirectors for 0 collections in 0.000056 seconds (updated 0 objects)
[2017.12.06-23.06.41:501][ 72]LogSlate: Took 0.000174 seconds to synchronously load lazily loaded font '../../../Engine/Content/Slate/Fonts/Roboto-Light.ttf' (159K)
[2017.12.06-23.06.43:431][137]LogSlate: Took 0.000111 seconds to synchronously load lazily loaded font '../../../Engine/Content/Slate/Fonts/Roboto-Light.ttf' (159K)
[2017.12.06-23.06.43:906][137]LogContentBrowser: Native class hierarchy updated for 'BlueprintGraph' in 0.0009 seconds. Added 113 classes and 0 folders.
[2017.12.06-23.06.44:639][137]LogSlate: Took 0.000209 seconds to synchronously load lazily loaded font '../../../Engine/Content/Editor/Slate/Fonts/Roboto-BoldCondensed.ttf' (158K)
[2017.12.06-23.06.44:740][138]LogParticles: Warning: Spawning 28000 GPU particles in one frame[139]: RainFall4_PS/Particle Emitter
[2017.12.06-23.06.44:742][138]LogSlate: Took 0.000138 seconds to synchronously load lazily loaded font '../../../Engine/Content/Editor/Slate/Fonts/Roboto-Italic.ttf' (157K)
[2017.12.06-23.06.45:518][229]LogFileCache: Retrieving MD5 hashes for directory 'C:/Users/rajjj/OneDrive/Documents/GitHub/DatBoiEntertainmetnGame_/Content/' took 5.08s
[2017.12.06-23.06.50:242][590]LogAIModule: Creating AISystem for world Test_Area1
[2017.12.06-23.06.50:276][590]Cmd: MAP LOAD FILE="../../../../../../Users/rajjj/OneDrive/Documents/GitHub/DatBoiEntertainmetnGame_/Content/2DSideScrollerBP/Maps/Levels/Test_Area1.umap" TEMPLATE=0 SHOWPROGRESS=1 FEATURELEVEL=3
[2017.12.06-23.06.50:276][590]LightingResults: New page: Lighting Build
[2017.12.06-23.06.50:277][590]LoadErrors: New page: Loading map: Test_Area1.umap
[2017.12.06-23.06.50:280][590]MapCheck: New page: Map Check
[2017.12.06-23.06.50:280][590]LightingResults: New page: Lighting Build
[2017.12.06-23.06.50:311][590]LogEditorServer: Finished looking for orphan Actors (0.000 secs)
[2017.12.06-23.06.50:387][590]Cmd: MAP CHECKDEP NOCLEARLOG
[2017.12.06-23.06.50:455][590]MapCheck: Map check complete: 0 Error(s), 0 Warning(s), took 68.023ms to complete.
[2017.12.06-23.06.50:456][590]LogFileHelpers: Loading map 'Test_Area1' took 0.181
[2017.12.06-23.07.07:891][532]LogAIModule: Creating AISystem for world 2DSideScrollerExampleMap
[2017.12.06-23.07.07:897][532]LogLinker: Warning: Can't find file '/Game/2DSideScrollerBP/Maps/Levels/2DSideScrollerExampleMap_BuiltData'
[2017.12.06-23.07.07:897][532]LogLinker: Warning: Can't find file for asset '/Game/2DSideScrollerBP/Maps/Levels/2DSideScrollerExampleMap_BuiltData' while loading ../../../../../../Users/rajjj/OneDrive/Documents/GitHub/DatBoiEntertainmetnGame_/Content/2DSideScrollerBP/Maps/2DSideScrollerExampleMap_BuiltData.uasset.
[2017.12.06-23.07.07:897][532]LoadErrors: Error: /Game/2DSideScrollerBP/Maps/2DSideScrollerExampleMap_BuiltData : Can't find file for asset. /Game/2DSideScrollerBP/Maps/Levels/2DSideScrollerExampleMap_BuiltData
[2017.12.06-23.07.07:897][532]LogLinker: Warning: Can't find file '/Game/2DSideScrollerBP/Maps/Levels/2DSideScrollerExampleMap_BuiltData'
[2017.12.06-23.07.07:897][532]LogLinker: Warning: Can't find file for asset '/Game/2DSideScrollerBP/Maps/Levels/2DSideScrollerExampleMap_BuiltData' while loading ../../../../../../Users/rajjj/OneDrive/Documents/GitHub/DatBoiEntertainmetnGame_/Content/2DSideScrollerBP/Maps/2DSideScrollerExampleMap_BuiltData.uasset.
[2017.12.06-23.07.07:898][532]LogLinker: Warning: Can't find file '/Game/2DSideScrollerBP/Maps/Levels/2DSideScrollerExampleMap_BuiltData'
[2017.12.06-23.07.07:898][532]LoadErrors: Failed to load /Game/2DSideScrollerBP/Maps/Levels/2DSideScrollerExampleMap_BuiltData.2DSideScrollerExampleMap_BuiltData Referenced by 2DSideScrollerExampleMap_BuiltData
[2017.12.06-23.07.07:898][532]LogLinker: Warning: Can't find file for asset '/Game/2DSideScrollerBP/Maps/Levels/2DSideScrollerExampleMap_BuiltData' while loading NULL.
[2017.12.06-23.07.08:276][532]LogTexture: Display: Building textures: LQ_Lightmap_0_1 (DXT1, 64X64)
[2017.12.06-23.07.08:276][532]LogTexture: Display: Building textures: HQ_Lightmap0_1 (AutoDXT, 64X64)
[2017.12.06-23.07.08:276][532]LogTexture: Display: Building textures: ShadowMapTexture2D_0 (BGRA8, 32X32)
[2017.12.06-23.07.08:276][532]LogTexture: Display: Building textures: Sky_Scrapper_2 (BGRA8, 256X256)
[2017.12.06-23.07.08:276][532]LogTexture: Display: Building textures: SkyScraper_1_Sheet (BGRA8, 256X256)
[2017.12.06-23.07.08:276][532]LogTexture: Display: Building textures: CLT_4 (BGRA8, 256X16)
[2017.12.06-23.07.08:276][532]LogTexture: Display: Building textures: City_Buildings_Sheet_with_writing (BGRA8, 256X256)
[2017.12.06-23.07.08:276][532]LogTexture: Display: Building textures: Sky_1 (RGBA16F, 512X512)
[2017.12.06-23.07.08:276][532]LogMaterial: Missing cached shader map for material Sky_M, compiling. 
[2017.12.06-23.07.08:315][532]LogMaterial: Missing cached shader map for material DesGlass_M, compiling. 
[2017.12.06-23.07.09:867][532]LogTexture: Display: Building textures: Sun2 (BGRA8, 256X256)
[2017.12.06-23.07.09:867][532]LogTexture: Display: Building textures: Skyscrapper_1_glass (BGRA8, 32X32)
[2017.12.06-23.07.09:867][532]LogTexture: Display: Building textures: desert_sand_Sheet_2 (BGRA8, 256X256)
[2017.12.06-23.07.09:867][532]LogTexture: Display: Building textures: City_Buildings_Sheet (BGRA8, 256X256)
[2017.12.06-23.07.09:867][532]LogTexture: Display: Building textures: Sky_Wall_1 (BGRA8, 32X32)
[2017.12.06-23.07.09:867][532]LogTexture: Display: Building textures: Dunes2 (BGRA8, 4096X4096)
[2017.12.06-23.07.09:871][532]LogMaterial: Missing cached shader map for material Sun_M, compiling. 
[2017.12.06-23.07.09:928][532]LogAIModule: Creating AISystem for world Desert
[2017.12.06-23.07.10:203][532]LogAIModule: Creating AISystem for world Rainforest_Alien
[2017.12.06-23.07.10:488][532]LogTexture: Display: Building textures: Big_Tree (BGRA8, 1536X648)
[2017.12.06-23.07.10:488][532]LogTexture: Display: Building textures: Rain_Drop (BGRA8, 114X212)
[2017.12.06-23.07.10:488][532]LogMaterial: Missing cached shader map for material Rain_Drop2_M, compiling. 
[2017.12.06-23.07.10:489][532]LogMaterial: Warning: Failed to compile Material /Game/2DSideScrollerBP/Maps/Levels/LevelSprites/Sprites/Rain_Forrest_Sprites/Materials/Rain_Drop2_M.Rain_Drop2_M for platform PCD3D_SM5, Default Material will be used in game.
[2017.12.06-23.07.10:489][532]LogMaterial: Warning: 	(Node TextureSample) Texture Sample> Missing input texture
[2017.12.06-23.07.10:503][532]LogLinker: Warning: Can't find file '/Game/2DSideScrollerBP/Maps/Levels/LevelSprites/Sprites/Misc/Rain_Drop_2'
[2017.12.06-23.07.10:503][532]LogLinker: Warning: Can't find file for asset '/Game/2DSideScrollerBP/Maps/Levels/LevelSprites/Sprites/Misc/Rain_Drop_2' while loading ../../../../../../Users/rajjj/OneDrive/Documents/GitHub/DatBoiEntertainmetnGame_/Content/2DSideScrollerBP/Maps/Levels/LevelSprites/Sprites/Rain_Drop_2.uasset.
[2017.12.06-23.07.10:503][532]LoadErrors: Error: /Game/2DSideScrollerBP/Maps/Levels/LevelSprites/Sprites/Rain_Drop_2 : Can't find file for asset. /Game/2DSideScrollerBP/Maps/Levels/LevelSprites/Sprites/Misc/Rain_Drop_2
[2017.12.06-23.07.10:504][532]LogLinker: Warning: Can't find file '/Game/2DSideScrollerBP/Maps/Levels/LevelSprites/Sprites/Misc/Rain_Drop_2'
[2017.12.06-23.07.10:504][532]LogLinker: Warning: Can't find file for asset '/Game/2DSideScrollerBP/Maps/Levels/LevelSprites/Sprites/Misc/Rain_Drop_2' while loading ../../../../../../Users/rajjj/OneDrive/Documents/GitHub/DatBoiEntertainmetnGame_/Content/2DSideScrollerBP/Maps/Levels/LevelSprites/Sprites/Rain_Drop_2.uasset.
[2017.12.06-23.07.10:504][532]LogLinker: Warning: Can't find file '/Game/2DSideScrollerBP/Maps/Levels/LevelSprites/Sprites/Misc/Rain_Drop_2'
[2017.12.06-23.07.10:504][532]LoadErrors: Failed to load /Game/2DSideScrollerBP/Maps/Levels/LevelSprites/Sprites/Misc/Rain_Drop_2.Rain_Drop_2 Referenced by Rain_Drop_2
[2017.12.06-23.07.10:504][532]LogLinker: Warning: Can't find file for asset '/Game/2DSideScrollerBP/Maps/Levels/LevelSprites/Sprites/Misc/Rain_Drop_2' while loading ../../../../../../Users/rajjj/OneDrive/Documents/GitHub/DatBoiEntertainmetnGame_/Content/2DSideScrollerBP/Maps/Levels/LevelSprites/Rain_Drop_2.uasset.
[2017.12.06-23.07.10:504][532]LoadErrors: Error: /Game/2DSideScrollerBP/Maps/Levels/LevelSprites/Rain_Drop_2 : Can't find file for asset. /Game/2DSideScrollerBP/Maps/Levels/LevelSprites/Sprites/Misc/Rain_Drop_2
[2017.12.06-23.07.10:506][532]LogLinker: Warning: Can't find file '/Game/2DSideScrollerBP/Maps/Levels/LevelSprites/Sprites/Misc/Rain_Drop_2'
[2017.12.06-23.07.10:506][532]LogLinker: Warning: Can't find file for asset '/Game/2DSideScrollerBP/Maps/Levels/LevelSprites/Sprites/Misc/Rain_Drop_2' while loading ../../../../../../Users/rajjj/OneDrive/Documents/GitHub/DatBoiEntertainmetnGame_/Content/2DSideScrollerBP/Maps/Levels/LevelSprites/Rain_Drop_2.uasset.
[2017.12.06-23.07.10:514][532]LogLinker: Warning: Can't find file '/Game/2DSideScrollerBP/Maps/Levels/LevelSprites/Particles/Materials/Rain_M'
[2017.12.06-23.07.10:514][532]LogLinker: Warning: Can't find file for asset '/Game/2DSideScrollerBP/Maps/Levels/LevelSprites/Particles/Materials/Rain_M' while loading ../../../../../../Users/rajjj/OneDrive/Documents/GitHub/DatBoiEntertainmetnGame_/Content/2DSideScrollerBP/Maps/Levels/LevelSprites/Rain_M.uasset.
[2017.12.06-23.07.10:514][532]LoadErrors: Error: /Game/2DSideScrollerBP/Maps/Levels/LevelSprites/Rain_M : Can't find file for asset. /Game/2DSideScrollerBP/Maps/Levels/LevelSprites/Particles/Materials/Rain_M
[2017.12.06-23.07.10:514][532]LogLinker: Warning: Can't find file '/Game/2DSideScrollerBP/Maps/Levels/LevelSprites/Particles/Materials/Rain_M'
[2017.12.06-23.07.10:514][532]LogLinker: Warning: Can't find file for asset '/Game/2DSideScrollerBP/Maps/Levels/LevelSprites/Particles/Materials/Rain_M' while loading ../../../../../../Users/rajjj/OneDrive/Documents/GitHub/DatBoiEntertainmetnGame_/Content/2DSideScrollerBP/Maps/Levels/LevelSprites/Rain_M.uasset.
[2017.12.06-23.07.10:515][532]LogLinker: Warning: Can't find file '/Game/2DSideScrollerBP/Maps/Levels/LevelSprites/Particles/Materials/Rain_M'
[2017.12.06-23.07.10:515][532]LoadErrors: Failed to load /Game/2DSideScrollerBP/Maps/Levels/LevelSprites/Particles/Materials/Rain_M.Rain_M Referenced by Rain_M
[2017.12.06-23.07.10:515][532]LogLinker: Warning: Can't find file for asset '/Game/2DSideScrollerBP/Maps/Levels/LevelSprites/Particles/Materials/Rain_M' while loading NULL.
[2017.12.06-23.07.10:522][532]LogLinker: Warning: Can't find file '/Game/2DSideScrollerBP/Maps/Levels/LevelSprites/Particles/Rain_PS'
[2017.12.06-23.07.10:522][532]LogLinker: Warning: Can't find file for asset '/Game/2DSideScrollerBP/Maps/Levels/LevelSprites/Particles/Rain_PS' while loading ../../../../../../Users/rajjj/OneDrive/Documents/GitHub/DatBoiEntertainmetnGame_/Content/2DSideScrollerBP/Maps/Levels/LevelSprites/Rain_PS.uasset.
[2017.12.06-23.07.10:522][532]LoadErrors: Error: /Game/2DSideScrollerBP/Maps/Levels/LevelSprites/Rain_PS : Can't find file for asset. /Game/2DSideScrollerBP/Maps/Levels/LevelSprites/Particles/Rain_PS
[2017.12.06-23.07.10:522][532]LogLinker: Warning: Can't find file '/Game/2DSideScrollerBP/Maps/Levels/LevelSprites/Particles/Rain_PS'
[2017.12.06-23.07.10:522][532]LogLinker: Warning: Can't find file for asset '/Game/2DSideScrollerBP/Maps/Levels/LevelSprites/Particles/Rain_PS' while loading ../../../../../../Users/rajjj/OneDrive/Documents/GitHub/DatBoiEntertainmetnGame_/Content/2DSideScrollerBP/Maps/Levels/LevelSprites/Rain_PS.uasset.
[2017.12.06-23.07.10:524][532]LogLinker: Warning: Can't find file '/Game/2DSideScrollerBP/Maps/Levels/LevelSprites/Particles/Rain_PS'
[2017.12.06-23.07.10:524][532]LoadErrors: Failed to load /Game/2DSideScrollerBP/Maps/Levels/LevelSprites/Particles/Rain_PS.Rain_PS Referenced by Rain_PS
[2017.12.06-23.07.10:524][532]LogLinker: Warning: Can't find file for asset '/Game/2DSideScrollerBP/Maps/Levels/LevelSprites/Particles/Rain_PS' while loading NULL.
[2017.12.06-23.07.10:869][532]LogTexture: Display: Building textures: Comp_Sprite_Sheet_1 (BGRA8, 128X128)
[2017.12.06-23.07.10:869][532]LogTexture: Display: Building textures: Comp_Sprite_Sheet (BGRA8, 128X128)
[2017.12.06-23.07.10:869][532]LogTexture: Display: Building textures: Data_crystal (BGRA8, 16X16)
[2017.12.06-23.07.10:869][532]LogTexture: Display: Building textures: Holo_Table_Bottom (BGRA8, 8X8)
[2017.12.06-23.07.10:869][532]LogTexture: Display: Building textures: Holo_Table_Frame_1 (BGRA8, 8X8)
[2017.12.06-23.07.10:869][532]LogTexture: Display: Building textures: Holo_Table_Frame_2 (BGRA8, 8X8)
[2017.12.06-23.07.10:869][532]LogTexture: Display: Building textures: Holo_Table_Frame_3 (BGRA8, 8X8)
[2017.12.06-23.07.10:869][532]LogTexture: Display: Building textures: Holo_Table_Frame_4 (BGRA8, 8X8)
[2017.12.06-23.07.10:869][532]LogTexture: Display: Building textures: Keyboard_alien (BGRA8, 8X8)
[2017.12.06-23.07.10:869][532]LogTexture: Display: Building textures: Platform_moving_effect_sheet (BGRA8, 128X128)
[2017.12.06-23.07.10:908][532]LogTexture: Display: Building textures: Rib_Cage (BGRA8, 8X8)
[2017.12.06-23.07.10:908][532]LogLinker: Warning: Can't find file '/Game/2DSideScrollerBP/Maps/Levels/LevelSprites/General_Sprites/PNG/Comp_Sprite_Sheet_Sprite_1'
[2017.12.06-23.07.10:908][532]LogLinker: Warning: Can't find file for asset '/Game/2DSideScrollerBP/Maps/Levels/LevelSprites/General_Sprites/PNG/Comp_Sprite_Sheet_Sprite_1' while loading ../../../../../../Users/rajjj/OneDrive/Documents/GitHub/DatBoiEntertainmetnGame_/Content/2DSideScrollerBP/Maps/Levels/LevelSprites/General_Sprites/Flipbooks/Comp_Sprite_Sheet2.uasset.
[2017.12.06-23.07.10:908][532]LoadErrors: Error: /Game/2DSideScrollerBP/Maps/Levels/LevelSprites/General_Sprites/Flipbooks/Comp_Sprite_Sheet2 : Can't find file for asset. /Game/2DSideScrollerBP/Maps/Levels/LevelSprites/General_Sprites/PNG/Comp_Sprite_Sheet_Sprite_1
[2017.12.06-23.07.10:909][532]LogLinker: Warning: Can't find file '/Game/2DSideScrollerBP/Maps/Levels/LevelSprites/General_Sprites/PNG/Comp_Sprite_Sheet_Sprite_1'
[2017.12.06-23.07.10:909][532]LogLinker: Warning: Can't find file for asset '/Game/2DSideScrollerBP/Maps/Levels/LevelSprites/General_Sprites/PNG/Comp_Sprite_Sheet_Sprite_1' while loading ../../../../../../Users/rajjj/OneDrive/Documents/GitHub/DatBoiEntertainmetnGame_/Content/2DSideScrollerBP/Maps/Levels/LevelSprites/General_Sprites/Flipbooks/Comp_Sprite_Sheet2.uasset.
[2017.12.06-23.07.10:910][532]LogLinker: Warning: Can't find file '/Game/2DSideScrollerBP/Maps/Levels/LevelSprites/General_Sprites/PNG/Comp_Sprite_Sheet_Sprite_1'
[2017.12.06-23.07.10:910][532]LoadErrors: Failed to load /Game/2DSideScrollerBP/Maps/Levels/LevelSprites/General_Sprites/PNG/Comp_Sprite_Sheet_Sprite_1.Comp_Sprite_Sheet_Sprite_1 Referenced by Comp_Sprite_Sheet2
[2017.12.06-23.07.10:910][532]LogLinker: Warning: Can't find file for asset '/Game/2DSideScrollerBP/Maps/Levels/LevelSprites/General_Sprites/PNG/Comp_Sprite_Sheet_Sprite_1' while loading NULL.
[2017.12.06-23.07.11:912][532]LogTexture: Display: Building textures: Comp_Frame_1 (BGRA8, 16X16)
[2017.12.06-23.07.11:912][532]LogTexture: Display: Building textures: Comp_Sprite_Sheet_2 (BGRA8, 128X128)
[2017.12.06-23.07.11:912][532]LogTexture: Display: Building textures: Comp_Sprite_sheet_4 (BGRA8, 64X64)
[2017.12.06-23.07.11:912][532]LogTexture: Display: Building textures: Holo_Planet (BGRA8, 16X16)
[2017.12.06-23.07.11:912][532]LogTexture: Display: Building textures: Holo_Table_Hologram (BGRA8, 16X16)
[2017.12.06-23.07.11:912][532]LogTexture: Display: Building textures: Holo_Table_top (BGRA8, 8X8)
[2017.12.06-23.07.11:912][532]LogTexture: Display: Building textures: SpriteSheet_Environment_1_Rain_Forrest_1 (BGRA8, 256X256)
[2017.12.06-23.07.11:912][532]LogTexture: Display: Building textures: Clouds (BGRA8, 2048X2048)
[2017.12.06-23.07.12:762][532]LogTexture: Display: Building textures: Clouds_no_alpha (BGRA8, 2048X2048)
[2017.12.06-23.07.12:762][532]LogTexture: Display: Building textures: Clouds_no_alpha_More_clouds (BGRA8, 2048X2048)
[2017.12.06-23.07.12:762][532]LogMaterial: Missing cached shader map for material Cloud_M, compiling. 
[2017.12.06-23.07.12:919][532]LogTexture: Display: Building textures: Sky_Noise (BGRA8, 256X128)
[2017.12.06-23.07.12:919][532]LogTexture: Display: Building textures: Sky_Noise_2 (BGRA8, 2046X1024)
[2017.12.06-23.07.13:207][532]LogTexture: Display: Building textures: Sky_Noise_3 (BGRA8, 2046X1024)
[2017.12.06-23.07.13:207][532]LogTexture: Display: Building textures: Smaller_Cloulds (BGRA8, 256X256)
[2017.12.06-23.07.13:207][532]LogMaterial: Missing cached shader map for material Clould_M, compiling. 
[2017.12.06-23.07.20:927][532]LogTexture: Display: Building textures: Rainforrest_512 (AutoDXT, 512X512)
[2017.12.06-23.07.28:456][532]LogTexture: Display: Building textures: Really_Small_Sky (AutoDXT, 512X512)
[2017.12.06-23.07.28:568][532]LogTexture: Display: Building textures: Skybox2 (BGRA8, 512X512)
[2017.12.06-23.07.28:568][532]LogMaterial: Missing cached shader map for material SkyboxRain_M, compiling. 
[2017.12.06-23.07.28:568][532]LogMaterial: Warning: Failed to compile Material /Game/2DSideScrollerBP/Maps/Levels/LevelSprites/Sky/RainForrest/SkyboxRain_M.SkyboxRain_M for platform PCD3D_SM5, Default Material will be used in game.
[2017.12.06-23.07.28:568][532]LogMaterial: Warning: 	(Node TextureSampleParameterCube) ParamCube> Requires TextureCube
