Log file open, 10/05/17 09:42:47
LogWindows: LoadLibraryWithSearchPaths failed for file aqProf.dll. GetLastError=0
LogWindows: LoadLibraryWithSearchPaths failed for file VSPerf140.dll. GetLastError=0
LogWindows: LoadLibraryWithSearchPaths failed for file VtuneApi.dll. GetLastError=0
LogWindows: LoadLibraryWithSearchPaths failed for file VtuneApi32e.dll. GetLastError=0
LogInit: Display: Running engine for game: InsertNameAdventure
LogPlatformFile: Not using cached read wrapper
LogInit: Display: RandInit(-456953746) SRandInit(-456953746).
LogTaskGraph: Started task graph with 5 named threads and 14 total threads with 3 sets of task threads.
LogStats: Stats thread started at 0.201747
LogD3D11RHI: Aftermath initialized
LogPluginManager: Mounting plugin Paper2D
LogPluginManager: Mounting plugin LightPropagationVolume
LogPluginManager: Mounting plugin CodeLiteSourceCodeAccess
LogPluginManager: Mounting plugin GitSourceControl
LogPluginManager: Mounting plugin KDevelopSourceCodeAccess
LogPluginManager: Mounting plugin NullSourceCodeAccess
LogPluginManager: Mounting plugin PerforceSourceControl
LogPluginManager: Mounting plugin SubversionSourceControl
LogPluginManager: Mounting plugin UObjectPlugin
LogPluginManager: Mounting plugin VisualStudioSourceCodeAccess
LogPluginManager: Mounting plugin XCodeSourceCodeAccess
LogPluginManager: Mounting plugin AssetManagerEditor
LogPluginManager: Mounting plugin AudioCapture
LogPluginManager: Mounting plugin FacialAnimation
LogPluginManager: Mounting plugin GameplayTagsEditor
LogPluginManager: Mounting plugin MobileLauncherProfileWizard
LogPluginManager: Mounting plugin PluginBrowser
LogPluginManager: Mounting plugin SpeedTreeImporter
LogPluginManager: Mounting plugin AlembicImporter
LogPluginManager: Mounting plugin CharacterAI
LogPluginManager: Mounting plugin HTML5Networking
LogPluginManager: Mounting plugin AndroidMedia
LogPluginManager: Mounting plugin AvfMedia
LogPluginManager: Mounting plugin MediaPlayerEditor
LogPluginManager: Mounting plugin WmfMedia
LogPluginManager: Mounting plugin TcpMessaging
LogPluginManager: Mounting plugin UdpMessaging
LogPluginManager: Mounting plugin LevelSequenceEditor
LogPluginManager: Mounting plugin MatineeToLevelSequence
LogPluginManager: Mounting plugin OnlineSubsystemGooglePlay
LogPluginManager: Mounting plugin OnlineSubsystemIOS
LogPluginManager: Mounting plugin OnlineSubsystem
LogPluginManager: Mounting plugin OnlineSubsystemNull
LogPluginManager: Mounting plugin OnlineSubsystemUtils
LogPluginManager: Mounting plugin AndroidDeviceProfileSelector
LogPluginManager: Mounting plugin AndroidMoviePlayer
LogPluginManager: Mounting plugin AndroidPermission
LogPluginManager: Mounting plugin AppleMoviePlayer
LogPluginManager: Mounting plugin ArchVisCharacter
LogPluginManager: Mounting plugin CableComponent
LogPluginManager: Mounting plugin CustomMeshComponent
LogPluginManager: Mounting plugin ExampleDeviceProfileSelector
LogPluginManager: Mounting plugin GoogleCloudMessaging
LogPluginManager: Mounting plugin ImmediatePhysics
LogPluginManager: Mounting plugin IOSDeviceProfileSelector
LogPluginManager: Mounting plugin LinuxDeviceProfileSelector
LogPluginManager: Mounting plugin LocationServicesBPLibrary
LogPluginManager: Mounting plugin MobilePatchingUtils
LogPluginManager: Mounting plugin OculusVR
LogPluginManager: Mounting plugin PhysXVehicles
LogPluginManager: Mounting plugin ProceduralMeshComponent
LogPluginManager: Mounting plugin RuntimePhysXCooking
LogPluginManager: Mounting plugin SteamVR
LogPluginManager: Mounting plugin WindowsMoviePlayer
LogInit: Using libcurl 7.47.1
LogInit:  - built for x86_64-pc-win32
LogInit:  - supports SSL with OpenSSL/1.0.2g
LogInit:  - supports HTTP deflate (compression) using libz 1.2.8
LogInit:  - other features:
LogInit:      CURL_VERSION_SSL
LogInit:      CURL_VERSION_LIBZ
LogInit:      CURL_VERSION_IPV6
LogInit:      CURL_VERSION_ASYNCHDNS
LogInit:      CURL_VERSION_LARGEFILE
LogInit:      CURL_VERSION_IDN
LogInit:  CurlRequestOptions (configurable via config and command line):
LogInit:  - bVerifyPeer = false  - Libcurl will NOT verify peer certificate
LogInit:  - bUseHttpProxy = false  - Libcurl will NOT use HTTP proxy
LogInit:  - bDontReuseConnections = false  - Libcurl will reuse connections
LogInit:  - CertBundlePath = nullptr  - Libcurl will use whatever was configured at build time.
LogInit: Build: ++UE4+Release-4.17-CL-3586342
LogInit: Engine Version: 4.17.1-3586342+++UE4+Release-4.17
LogInit: Compatible Engine Version: 4.17.0-3573198+++UE4+Release-4.17
LogInit: Net CL: 3573198
LogDevObjectVersion: Number of dev versions registered: 16
LogDevObjectVersion:   Dev-Blueprints (B0D832E4-1F89-4F0D-ACCF-7EB736FD4AA2): 10
LogDevObjectVersion:   Dev-Build (E1C64328-A22C-4D53-A36C-8E866417BD8C): 0
LogDevObjectVersion:   Dev-Core (375EC13C-06E4-48FB-B500-84F0262A717E): 2
LogDevObjectVersion:   Dev-Editor (E4B068ED-F494-42E9-A231-DA0B2E46BB41): 20
LogDevObjectVersion:   Dev-Framework (CFFC743F-43B0-4480-9391-14DF171D2073): 28
LogDevObjectVersion:   Dev-Mobile (B02B49B5-BB20-44E9-A304-32B752E40360): 0
LogDevObjectVersion:   Dev-Networking (A4E4105C-59A1-49B5-A7C5-40C4547EDFEE): 0
LogDevObjectVersion:   Dev-Online (39C831C9-5AE6-47DC-9A44-9C173E1C8E7C): 0
LogDevObjectVersion:   Dev-Physics (78F01B33-EBEA-4F98-B9B4-84EACCB95AA2): 0
LogDevObjectVersion:   Dev-Platform (6631380F-2D4D-43E0-8009-CF276956A95A): 0
LogDevObjectVersion:   Dev-Rendering (12F88B9F-8875-4AFC-A67C-D90C383ABD29): 19
LogDevObjectVersion:   Dev-Sequencer (7B5AE74C-D270-4C10-A958-57980B212A5A): 4
LogDevObjectVersion:   Dev-VR (D7296918-1DD6-4BDD-9DE2-64A83CC13884): 0
LogDevObjectVersion:   Dev-LoadTimes (C2A15278-BFE7-4AFE-6C17-90FF531DF755): 1
LogDevObjectVersion:   Private-Geometry (6EACA3D4-40EC-4CC1-B786-8BED09428FC5): 1
LogDevObjectVersion:   Dev-AnimPhys (29E575DD-E0A3-4627-9D10-D276232CDCEA): 7
LogInit: Compiled (64-bit): Aug 15 2017 02:05:26
LogInit: Compiled with Visual C++: 19.00.24215.01
LogInit: Build Configuration: Development
LogInit: Branch Name: ++UE4+Release-4.17
LogInit: Command line:  
LogInit: Base directory: C:/Program Files/Epic Games/UE_4.17/Engine/Binaries/Win64/
LogInit: Installed Engine Build: 1
LogInit: Presizing for max 8388607 objects, including 0 objects not considered by GC, pre-allocating 0 bytes for permanent pool.
LogInit: Object subsystem initialized
[2017.10.05-15.42.48:251][  0]LogInit: Selected Device Profile: [Windows]
[2017.10.05-15.42.48:251][  0]LogInit: Applying CVar settings loaded from the selected device profile: [Windows]
[2017.10.05-15.42.48:283][  0]LogInit: Computer: DESKTOP-OMJHMSB
[2017.10.05-15.42.48:283][  0]LogInit: User: rajjj
[2017.10.05-15.42.48:283][  0]LogInit: CPU Page size=4096, Cores=4
[2017.10.05-15.42.48:283][  0]LogInit: High frequency timer resolution =3.328131 MHz
[2017.10.05-15.42.48:284][  0]LogMemory: Memory total: Physical=15.9GB (16GB approx)
[2017.10.05-15.42.48:284][  0]LogMemory: Platform Memory Stats for Windows
[2017.10.05-15.42.48:284][  0]LogMemory: Process Physical Memory: 279.16 MB used, 279.16 MB peak
[2017.10.05-15.42.48:284][  0]LogMemory: Process Virtual Memory: 276.03 MB used, 276.03 MB peak
[2017.10.05-15.42.48:284][  0]LogMemory: Physical Memory: 5330.01 MB used,  10991.73 MB free, 16321.74 MB total
[2017.10.05-15.42.48:284][  0]LogMemory: Virtual Memory: 669.97 MB used,  10991.73 MB free, 134217728.00 MB total
[2017.10.05-15.42.48:453][  0]LogInit: Using OS detected language (en-US).
[2017.10.05-15.42.48:453][  0]LogInit: Using OS detected locale (en-US).
[2017.10.05-15.42.48:455][  0]LogTextLocalizationManager: No specific localization for 'en-US' exists, so the 'en' localization will be used.
[2017.10.05-15.42.49:035][  0]LogD3D11RHI: D3D11 adapters:
[2017.10.05-15.42.49:582][  0]LogD3D11RHI:    0. 'NVIDIA GeForce GTX 1070' (Feature Level 11_0)
[2017.10.05-15.42.49:582][  0]LogD3D11RHI:       8085/0/8160 MB DedicatedVideo/DedicatedSystem/SharedSystem, Outputs:2, VendorId:0x10de
[2017.10.05-15.42.49:584][  0]LogD3D11RHI:    1. 'Microsoft Basic Render Driver' (Feature Level 11_0)
[2017.10.05-15.42.49:584][  0]LogD3D11RHI:       0/0/8160 MB DedicatedVideo/DedicatedSystem/SharedSystem, Outputs:0, VendorId:0x1414
[2017.10.05-15.42.49:584][  0]LogD3D11RHI: Chosen D3D11 Adapter: 0
[2017.10.05-15.42.49:590][  0]LogD3D11RHI: Creating new Direct3DDevice
[2017.10.05-15.42.49:590][  0]LogD3D11RHI:     GPU DeviceId: 0x1b81 (for the marketing name, search the web for "GPU Device Id")
[2017.10.05-15.42.49:590][  0]LogWindows: EnumDisplayDevices:
[2017.10.05-15.42.49:590][  0]LogWindows:    0. 'NVIDIA GeForce GTX 1070' (P:0 D:1)
[2017.10.05-15.42.49:590][  0]LogWindows:    1. 'NVIDIA GeForce GTX 1070' (P:1 D:1)
[2017.10.05-15.42.49:590][  0]LogWindows:    2. 'NVIDIA GeForce GTX 1070' (P:0 D:0)
[2017.10.05-15.42.49:590][  0]LogWindows:    3. 'NVIDIA GeForce GTX 1070' (P:0 D:0)
[2017.10.05-15.42.49:590][  0]LogWindows: DebugString: FoundDriverCount:4 
[2017.10.05-15.42.49:590][  0]LogD3D11RHI:     Adapter Name: NVIDIA GeForce GTX 1070
[2017.10.05-15.42.49:590][  0]LogD3D11RHI:   Driver Version: 385.28 (internal:22.21.13.8528, unified:385.28)
[2017.10.05-15.42.49:590][  0]LogD3D11RHI:      Driver Date: 8-9-2017
[2017.10.05-15.42.49:590][  0]LogRHI: Texture pool is 1361 MB (70% of 1945 MB)
[2017.10.05-15.42.50:103][  0]LogD3D11RHI: Async texture creation enabled
[2017.10.05-15.42.50:135][  0]LogD3D11RHI: GPU Timing Frequency: 1000.000000 (Debug: 2 1)
[2017.10.05-15.42.50:185][  0]LogShaderCompilers: Guid format shader working directory is -34 characters bigger than the processId version (../../../../../../Users/rajjj/OneDrive/Documents/GitHub/DatBoiEntertainmetnGame_/Intermediate/Shaders/WorkingDirectory/7824/).
[2017.10.05-15.42.50:185][  0]LogShaderCompilers: Cleaned the shader compiler working directory 'C:/Users/rajjj/AppData/Local/Temp/UnrealShaderWorkingDir/E0FF82FF40B962385024FE9FD67ED724/'.
[2017.10.05-15.42.50:185][  0]LogShaderCompilers: Display: Using Local Shader Compiler.
[2017.10.05-15.42.50:947][  0]LogTemp: Display: Loaded TP AllDesktopTargetPlatform
[2017.10.05-15.42.50:991][  0]LogTemp: Display: Loaded TP MacClientTargetPlatform
[2017.10.05-15.42.51:037][  0]LogTemp: Display: Loaded TP MacNoEditorTargetPlatform
[2017.10.05-15.42.51:082][  0]LogTemp: Display: Loaded TP MacServerTargetPlatform
[2017.10.05-15.42.51:128][  0]LogTemp: Display: Loaded TP MacTargetPlatform
[2017.10.05-15.42.51:173][  0]LogTemp: Display: Loaded TP WindowsClientTargetPlatform
[2017.10.05-15.42.51:219][  0]LogTemp: Display: Loaded TP WindowsNoEditorTargetPlatform
[2017.10.05-15.42.51:264][  0]LogTemp: Display: Loaded TP WindowsServerTargetPlatform
[2017.10.05-15.42.51:302][  0]LogTemp: Display: Loaded TP WindowsTargetPlatform
[2017.10.05-15.42.51:347][  0]LogTemp: Display: Loaded TP AndroidTargetPlatform
[2017.10.05-15.42.51:391][  0]LogTemp: Display: Loaded TP Android_ASTCTargetPlatform
[2017.10.05-15.42.51:435][  0]LogTemp: Display: Loaded TP Android_ATCTargetPlatform
[2017.10.05-15.42.51:479][  0]LogTemp: Display: Loaded TP Android_DXTTargetPlatform
[2017.10.05-15.42.51:523][  0]LogTemp: Display: Loaded TP Android_ETC1TargetPlatform
[2017.10.05-15.42.51:567][  0]LogTemp: Display: Loaded TP Android_ETC2TargetPlatform
[2017.10.05-15.42.51:657][  0]LogTemp: Display: Loaded TP Android_MultiTargetPlatform
[2017.10.05-15.42.51:657][  0]LogTemp: Display: Loaded TP Android_PVRTCTargetPlatform
[2017.10.05-15.42.51:691][  0]LogTemp: Display: Loaded TP HTML5TargetPlatform
[2017.10.05-15.42.51:775][  0]LogTemp: Display: Loaded TP IOSTargetPlatform
[2017.10.05-15.42.51:802][  0]LogTemp: Display: Loaded TP TVOSTargetPlatform
[2017.10.05-15.42.51:846][  0]LogTemp: Display: Loaded TP LinuxClientTargetPlatform
[2017.10.05-15.42.51:890][  0]LogTemp: Display: Loaded TP LinuxNoEditorTargetPlatform
[2017.10.05-15.42.51:933][  0]LogTemp: Display: Loaded TP LinuxServerTargetPlatform
[2017.10.05-15.42.51:978][  0]LogTemp: Display: Loaded TP LinuxTargetPlatform
[2017.10.05-15.42.51:978][  0]LogTargetPlatformManager: Display: Building Assets For Windows
[2017.10.05-15.42.52:396][  0]LogDerivedDataCache: Display: Max Cache Size: 512 MB
[2017.10.05-15.42.52:477][  0]LogDerivedDataCache: Loaded boot cache 0.08s 93MB C:/Users/rajjj/AppData/Local/UnrealEngine/4.17/DerivedDataCache/Boot.ddc.
[2017.10.05-15.42.52:477][  0]LogDerivedDataCache: Display: Loaded Boot cache: C:/Users/rajjj/AppData/Local/UnrealEngine/4.17/DerivedDataCache/Boot.ddc
[2017.10.05-15.42.52:478][  0]LogDerivedDataCache: FDerivedDataBackendGraph:  Pak pak cache file ../../../../../../Users/rajjj/OneDrive/Documents/GitHub/DatBoiEntertainmetnGame_/DerivedDataCache/DDC.ddp not found, will not use a pak cache.
[2017.10.05-15.42.52:478][  0]LogDerivedDataCache: Unable to find inner node Pak for hierarchical cache Hierarchy.
[2017.10.05-15.42.52:478][  0]LogDerivedDataCache: FDerivedDataBackendGraph:  CompressedPak pak cache file ../../../../../../Users/rajjj/OneDrive/Documents/GitHub/DatBoiEntertainmetnGame_/DerivedDataCache/Compressed.ddp not found, will not use a pak cache.
[2017.10.05-15.42.52:478][  0]LogDerivedDataCache: Unable to find inner node CompressedPak for hierarchical cache Hierarchy.
[2017.10.05-15.42.52:490][  0]LogDerivedDataCache: Display: Pak cache opened for reading ../../../Engine/DerivedDataCache/Compressed.ddp.
[2017.10.05-15.42.52:503][  0]LogDerivedDataCache: Using Local data cache path C:/Users/rajjj/AppData/Local/UnrealEngine/Common/DerivedDataCache: Writable
[2017.10.05-15.42.52:512][  0]LogMaterial: Verifying Global Shaders for PCD3D_SM5
[2017.10.05-15.42.52:512][  0]LogSlate: Using Freetype 2.6.0
[2017.10.05-15.42.52:513][  0]LogSlate: SlateFontCache - WITH_FREETYPE: 1, WITH_HARFBUZZ: 1
[2017.10.05-15.42.52:513][  0]LogSlate: SlateFontCache - WITH_FREETYPE: 1, WITH_HARFBUZZ: 1
[2017.10.05-15.42.52:732][  0]LogAssetRegistry: FAssetRegistry took 0.0259 seconds to start up
[2017.10.05-15.42.52:831][  0]LogInit: Selected Device Profile: [Windows]
[2017.10.05-15.42.52:963][  0]LogContentStreaming: Texture pool size is 0.00 MB
[2017.10.05-15.42.53:238][  0]LogSimplygon: Simplygon DLL not present - disabling.
[2017.10.05-15.42.53:276][  0]LogMeshReduction: Using SimplygonSwarm for distributed automatic mesh merging
[2017.10.05-15.42.53:276][  0]LogMeshReduction: Using QuadricMeshReduction for automatic static mesh reduction
[2017.10.05-15.42.53:276][  0]LogMeshReduction: No automatic skeletal mesh reduction module available
[2017.10.05-15.42.53:276][  0]LogMeshReduction: No automatic mesh merging module available
[2017.10.05-15.42.53:276][  0]LogMeshMerging: No automatic mesh merging module available
[2017.10.05-15.42.53:578][  0]LogNetVersion: InsertNameAdventure , NetCL: 3573198, EngineNetVer: 2, GameNetVer: 0 (Checksum: 3080426378)
[2017.10.05-15.42.53:775][  0]LogPackageLocalizationCache: Processed 5 localized package path(s) for 2 prioritized culture(s) in 0.043483 seconds
[2017.10.05-15.42.53:780][  0]LogUObjectArray: 35825 objects as part of root set at end of initial load.
[2017.10.05-15.42.53:780][  0]LogUObjectAllocator: 7529112 out of 0 bytes used by permanent object pool.
[2017.10.05-15.42.53:780][  0]LogUObjectArray: CloseDisregardForGC: 0/0 objects in disregard for GC pool
[2017.10.05-15.42.53:838][  0]LogInit: WinSock: version 1.1 (2.2), MaxSocks=32767, MaxUdp=65467
[2017.10.05-15.42.56:034][  0]LogTcpMessaging: Initializing TcpMessaging bridge
[2017.10.05-15.42.56:070][  0]LogUdpMessaging: Initializing bridge on interface 0.0.0.0:0 to multicast group 230.0.0.1:6666.
[2017.10.05-15.42.56:698][  0]LogMaterial: Uniform references updated for custom material expression Custom.
[2017.10.05-15.42.57:063][  0]SourceControl: Source control is disabled
[2017.10.05-15.42.57:862][  0]LogAndroidPermission: UAndroidPermissionCallbackProxy::GetInstance
[2017.10.05-15.42.58:066][  0]LogOcInput: OculusInput pre-init called
[2017.10.05-15.42.58:290][  0]LogEngine: Initializing Engine...
[2017.10.05-15.42.58:291][  0]LogHMD: Failed to initialize OpenVR with code 110
[2017.10.05-15.42.58:484][  0]LogStats: UGameplayTagsManager::ConstructGameplayTagTree: Construct from data asset -  0.000 s
[2017.10.05-15.42.58:484][  0]LogStats: UGameplayTagsManager::ConstructGameplayTagTree: GameplayTagTreeChangedEvent.Broadcast -  0.000 s
[2017.10.05-15.42.58:595][  0]LogAIModule: Creating AISystem for world Untitled
[2017.10.05-15.42.58:604][  0]LogInit: XAudio2 using 'Speakers (2- Logitech G930 Headset)' : 2 channels at 48 kHz using 16 bits per sample (channel mask 0x3)
[2017.10.05-15.42.58:619][  0]LogInit: FAudioDevice initialized.
[2017.10.05-15.42.58:694][  0]LogDerivedDataCache: Saved boot cache 0.07s 93MB C:/Users/rajjj/AppData/Local/UnrealEngine/4.17/DerivedDataCache/Boot.ddc.
[2017.10.05-15.42.58:712][  0]LogInit: Texture streaming: Enabled
[2017.10.05-15.42.58:849][  0]LogEngineSessionManager: EngineSessionManager initialized
[2017.10.05-15.42.59:036][  0]LogInit: Transaction tracking system initialized
[2017.10.05-15.42.59:635][  0]BlueprintLog: New page: Editor Load
[2017.10.05-15.43.00:406][  0]LocalizationService: Localization service is disabled
[2017.10.05-15.43.01:001][  0]LogConsoleResponse: Display: 
[2017.10.05-15.43.01:163][  0]LogCook: Display: Max memory allowance for cook 16384mb min free memory 0mb
[2017.10.05-15.43.01:163][  0]LogCook: Display: Mobile HDR setting 1
[2017.10.05-15.43.01:163][  0]LogGameplayTags: Display: UGameplayTagsManager::DoneAddingNativeTags. DelegateIsBound: 0
[2017.10.05-15.43.01:290][  0]LogFileCache: Scanning file cache for directory 'C:/Users/rajjj/OneDrive/Documents/GitHub/DatBoiEntertainmetnGame_/Content/' took 0.02s
[2017.10.05-15.43.02:078][  0]Cmd: MAP LOAD FILE="../../../../../../Users/rajjj/OneDrive/Documents/GitHub/DatBoiEntertainmetnGame_/Content/2DSideScrollerBP/Maps/Levels/Rainforest_Alien.umap" TEMPLATE=0 SHOWPROGRESS=1 FEATURELEVEL=3
[2017.10.05-15.43.02:078][  0]LightingResults: New page: Lighting Build
[2017.10.05-15.43.02:114][  0]MapCheck: New page: Map Check
[2017.10.05-15.43.02:114][  0]LightingResults: New page: Lighting Build
[2017.10.05-15.43.02:355][  0]LogBlueprint: Warning: ExposeOnSpawn ambiguity. Property 'BoolProperty /Game/2DSideScrollerBP/Blueprints/UI/ItemDrag.ItemDrag_C:fromInv', MetaData 'True', Flag 'False'
[2017.10.05-15.43.02:355][  0]LogBlueprint: Warning: ExposeOnSpawn ambiguity. Property 'ObjectProperty /Game/2DSideScrollerBP/Blueprints/UI/ItemDrag.ItemDrag_C:dragItem', MetaData 'True', Flag 'False'
[2017.10.05-15.43.02:359][  0]LogBlueprint: Warning: ExposeOnSpawn ambiguity. Property 'BoolProperty /Game/2DSideScrollerBP/Blueprints/UI/ItemDrag.ItemDrag_C:fromInv', MetaData 'True', Flag 'False'
[2017.10.05-15.43.02:359][  0]LogBlueprint: Warning: ExposeOnSpawn ambiguity. Property 'ObjectProperty /Game/2DSideScrollerBP/Blueprints/UI/ItemDrag.ItemDrag_C:dragItem', MetaData 'True', Flag 'False'
[2017.10.05-15.43.02:378][  0]LogBlueprint: Warning: [Compiler ActionSlot] Input pin  Drag Item  specifying non-default value no longer exists on this node. Please refresh node or reset pin to default value to remove pin.
[2017.10.05-15.43.02:389][  0]LogBlueprint: Warning: [Compiler InventorySlot] Input pin  From Inv  specifying non-default value no longer exists on this node. Please refresh node or reset pin to default value to remove pin.
[2017.10.05-15.43.02:389][  0]LogBlueprint: Error: [Compiler InventorySlot] In use pin  Drag Item  no longer exists on this node. Please refresh node or break links to remove pin.
[2017.10.05-15.43.02:476][  0]LogBlueprint: Warning: [Compiler ActionSlot] [0015.70] Compile of ActionSlot successful, but with 1 Warning(s) [in 130 ms] (/Game/2DSideScrollerBP/Blueprints/UI/ActionSlot.ActionSlot)
[2017.10.05-15.43.02:476][  0]LogBlueprint: Warning: [Compiler InventorySlot] [0015.70] Compile of InventorySlot failed. 1 Fatal Issue(s) 1 Warning(s) [in 130 ms] (/Game/2DSideScrollerBP/Blueprints/UI/InventorySlot.InventorySlot)
[2017.10.05-15.43.03:096][  0]LogMaterial: Missing cached shader map for material BlueLight_M1, compiling. 
[2017.10.05-15.43.03:096][  0]LogMaterial: Warning: Failed to compile Material /Game/2DSideScrollerBP/Maps/Levels/LevelSprites/Sprites/Rain_Forrest_Sprites/Materials/BlueLight_M1.BlueLight_M1 for platform PCD3D_SM5, Default Material will be used in game.
[2017.10.05-15.43.03:096][  0]LogMaterial: Warning: 	Function Flicker_MF: Missing function input 'Color'
[2017.10.05-15.43.03:280][  0]LogAIModule: Creating AISystem for world Rainforest_Alien
[2017.10.05-15.43.03:314][  0]LogEditorServer: Finished looking for orphan Actors (0.000 secs)
[2017.10.05-15.43.03:328][  0]Cmd: MAP CHECKDEP NOCLEARLOG
[2017.10.05-15.43.03:388][  0]MapCheck: Map check complete: 0 Error(s), 0 Warning(s), took 59.883ms to complete.
[2017.10.05-15.43.03:388][  0]LogFileHelpers: Loading map 'Rainforest_Alien' took 1.311
[2017.10.05-15.43.03:746][  0]LogCollectionManager: Loaded 0 collections in 0.001675 seconds
[2017.10.05-15.43.03:839][  0]LogFileCache: Scanning file cache for directory 'C:/Users/rajjj/OneDrive/Documents/GitHub/DatBoiEntertainmetnGame_/Saved/Collections/' took 0.01s
[2017.10.05-15.43.03:839][  0]LogFileCache: Scanning file cache for directory 'C:/Users/rajjj/OneDrive/Documents/GitHub/DatBoiEntertainmetnGame_/Content/Developers/rajjj/Collections/' took 0.01s
[2017.10.05-15.43.03:839][  0]LogFileCache: Scanning file cache for directory 'C:/Users/rajjj/OneDrive/Documents/GitHub/DatBoiEntertainmetnGame_/Content/Collections/' took 0.01s
[2017.10.05-15.43.03:840][  0]LogCollectionManager: Rebuilt the GUID cache for 0 collections in 0.000001 seconds
[2017.10.05-15.43.03:848][  0]LogContentBrowser: Native class hierarchy populated in 0.0084 seconds. Added 2386 classes and 500 folders.
[2017.10.05-15.43.03:914][  0]LogContentBrowser: Native class hierarchy updated for 'WidgetCarousel' in 0.0007 seconds. Added 0 classes and 0 folders.
[2017.10.05-15.43.03:948][  0]LogContentBrowser: Native class hierarchy updated for 'AddContentDialog' in 0.0006 seconds. Added 0 classes and 0 folders.
[2017.10.05-15.43.03:991][  0]LogContentBrowser: Native class hierarchy updated for 'SceneOutliner' in 0.0006 seconds. Added 1 classes and 2 folders.
[2017.10.05-15.43.04:004][  0]LogSlate: Took 0.000156 seconds to synchronously load lazily loaded font '../../../Engine/Content/Slate/Fonts/Roboto-Regular.ttf' (155K)
[2017.10.05-15.43.04:005][  0]LogSlate: Took 0.000149 seconds to synchronously load lazily loaded font '../../../Engine/Content/Slate/Fonts/Roboto-Bold.ttf' (160K)
[2017.10.05-15.43.04:007][  0]LogSlate: Took 0.000144 seconds to synchronously load lazily loaded font '../../../Engine/Content/Editor/Slate/Fonts/FontAwesome.ttf' (139K)
[2017.10.05-15.43.04:008][  0]LogSlate: Took 0.000093 seconds to synchronously load lazily loaded font '../../../Engine/Content/Editor/Slate/Fonts/DroidSansMono.ttf' (77K)
[2017.10.05-15.43.04:094][  0]LogRenderer: Reallocating scene render targets to support 2556x828 Format 10 NumSamples 1 (Frame:1).
[2017.10.05-15.43.04:315][  0]LogContentBrowser: Native class hierarchy updated for 'HierarchicalLODOutliner' in 0.0005 seconds. Added 1 classes and 2 folders.
[2017.10.05-15.43.04:315][  0]LogLoad: (Engine Initialization) Total time: 17.54 seconds
[2017.10.05-15.43.04:315][  0]LogLoad: (Engine Initialization) Total Blueprint compile time: 0.00 seconds
[2017.10.05-15.43.04:315][  0]LogExternalProfiler: No external profilers were discovered.  External profiling features will not be available.
[2017.10.05-15.43.04:710][  0]LogContentStreaming: Texture pool size now 1000 MB
[2017.10.05-15.43.05:012][  1]LogParticles: Warning: Spawning 23333 GPU particles in one frame[2]: RainFall4_PS/Particle Emitter
[2017.10.05-15.43.05:032][  1]LogSlate: Took 0.000181 seconds to synchronously load lazily loaded font '../../../Engine/Content/Slate/Fonts/Roboto-Light.ttf' (159K)
[2017.10.05-15.43.05:383][  2]LogParticles: Warning: Spawning 23333 GPU particles in one frame[3]: RainFall4_PS/Particle Emitter
[2017.10.05-15.43.05:495][  3]LogSlate: Took 0.000535 seconds to synchronously load lazily loaded font '../../../Engine/Content/Slate/Fonts/Roboto-Light.ttf' (159K)
[2017.10.05-15.43.05:550][  3]LogContentBrowser: Native class hierarchy updated for 'MaterialEditor' in 0.0005 seconds. Added 1 classes and 0 folders.
[2017.10.05-15.43.05:655][  3]LogMaterial: Missing cached shader map for material 8bit_M, compiling. 
[2017.10.05-15.43.05:783][  3]LogMaterial: Missing cached shader map for material FMatExpressionPreview MaterialExpressionMultiply_0, compiling. 
[2017.10.05-15.43.05:788][  3]LogMaterial: Missing cached shader map for material FMatExpressionPreview MaterialExpressionFloor_1, compiling. 
[2017.10.05-15.43.05:792][  3]LogMaterial: Missing cached shader map for material FMatExpressionPreview MaterialExpressionComponentMask_1, compiling. 
[2017.10.05-15.43.05:796][  3]LogMaterial: Missing cached shader map for material FMatExpressionPreview MaterialExpressionDivide_0, compiling. 
[2017.10.05-15.43.05:801][  3]LogMaterial: Missing cached shader map for material 8bit_M, compiling. 
[2017.10.05-15.43.05:806][  3]LogMaterial: Missing cached shader map for material 8bit_M, compiling. 
[2017.10.05-15.43.05:835][  3]LogMaterial: Missing cached shader map for material FMatExpressionPreview MaterialExpressionMultiply_0, compiling. 
[2017.10.05-15.43.05:839][  3]LogMaterial: Missing cached shader map for material FMatExpressionPreview MaterialExpressionFloor_1, compiling. 
[2017.10.05-15.43.05:843][  3]LogMaterial: Missing cached shader map for material FMatExpressionPreview MaterialExpressionComponentMask_1, compiling. 
[2017.10.05-15.43.05:847][  3]LogMaterial: Missing cached shader map for material FMatExpressionPreview MaterialExpressionDivide_0, compiling. 
[2017.10.05-15.43.05:869][  3]LogAssetRegistry: Asset discovery search completed in 13.1602 seconds
[2017.10.05-15.43.05:875][  3]LogCollectionManager: Rebuilt the object cache for 0 collections in 0.000000 seconds (found 0 objects)
[2017.10.05-15.43.05:876][  3]LogCollectionManager: Fixed up redirectors for 0 collections in 0.000298 seconds (updated 0 objects)
[2017.10.05-15.43.05:888][  3]LogParticles: Warning: Spawning 28000 GPU particles in one frame[4]: RainFall4_PS/Particle Emitter
[2017.10.05-15.43.05:914][  3]LogSlate: Took 0.004456 seconds to synchronously load lazily loaded font '../../../Engine/Content/Editor/Slate/Fonts/Roboto-BoldCondensed.ttf' (158K)
[2017.10.05-15.43.06:208][  4]LogParticles: Warning: Spawning 23354 GPU particles in one frame[5]: RainFall4_PS/Particle Emitter
[2017.10.05-15.43.06:216][  4]LogSlate: Took 0.004235 seconds to synchronously load lazily loaded font '../../../Engine/Content/Editor/Slate/Fonts/Roboto-Italic.ttf' (157K)
[2017.10.05-15.43.06:531][  5]LogParticles: Warning: Spawning 23338 GPU particles in one frame[6]: RainFall4_PS/Particle Emitter
[2017.10.05-15.43.06:884][  6]LogParticles: Warning: Spawning 23334 GPU particles in one frame[7]: RainFall4_PS/Particle Emitter
[2017.10.05-15.43.06:885][  6]MaterialEditorStats: Base pass shader without light map: 29 instructions
[2017.10.05-15.43.06:885][  6]MaterialEditorStats: Vertex shader: 31 instructions
[2017.10.05-15.43.06:885][  6]MaterialEditorStats: Texture samplers: 0/16
[2017.10.05-15.43.06:886][  6]MaterialEditorStats: User interpolators: 2/4 Scalars (1/4 Vectors) (TexCoords: 2, Custom: 0)
[2017.10.05-15.43.07:221][  7]LogParticles: Warning: Spawning 23333 GPU particles in one frame[8]: RainFall4_PS/Particle Emitter
[2017.10.05-15.43.07:554][  8]LogParticles: Warning: Spawning 23335 GPU particles in one frame[9]: RainFall4_PS/Particle Emitter
[2017.10.05-15.43.07:891][  9]LogParticles: Warning: Spawning 23333 GPU particles in one frame[10]: RainFall4_PS/Particle Emitter
[2017.10.05-15.43.08:222][ 10]LogParticles: Warning: Spawning 23334 GPU particles in one frame[11]: RainFall4_PS/Particle Emitter
[2017.10.05-15.43.08:574][ 11]LogParticles: Warning: Spawning 23333 GPU particles in one frame[12]: RainFall4_PS/Particle Emitter
[2017.10.05-15.43.09:994][144]LogFileCache: Retrieving MD5 hashes for directory 'C:/Users/rajjj/OneDrive/Documents/GitHub/DatBoiEntertainmetnGame_/Content/' took 5.31s
[2017.10.05-15.43.10:315][163]LogRenderer: Reallocating scene render targets to support 2556x932 Format 10 NumSamples 1 (Frame:1).
[2017.10.05-15.46.56:288][161]LogMaterial: Missing cached shader map for material Material_0, compiling. 
[2017.10.05-15.47.00:744][453]SourceControl: rm 'Content/2DSideScrollerBP/Maps/Levels/8Bit_MF.uasset'
[2017.10.05-15.47.00:762][454]LogParticles: Warning: Spawning 28000 GPU particles in one frame[27455]: RainFall4_PS/Particle Emitter
[2017.10.05-15.47.02:307][631]Cmd: MAP LOAD FILE="../../../../../../Users/rajjj/OneDrive/Documents/GitHub/DatBoiEntertainmetnGame_/Content/2DSideScrollerBP/Maps/Levels/Rainforest_Alien.umap" TEMPLATE=0 SHOWPROGRESS=1 FEATURELEVEL=3
[2017.10.05-15.47.02:307][631]LightingResults: New page: Lighting Build
[2017.10.05-15.47.02:307][631]LoadErrors: New page: Loading map: Rainforest_Alien.umap
[2017.10.05-15.47.02:311][631]MapCheck: New page: Map Check
[2017.10.05-15.47.02:311][631]LightingResults: New page: Lighting Build
[2017.10.05-15.47.02:518][631]LogAIModule: Creating AISystem for world Rainforest_Alien
[2017.10.05-15.47.02:549][631]LogEditorServer: Finished looking for orphan Actors (0.000 secs)
[2017.10.05-15.47.02:619][631]Cmd: MAP CHECKDEP NOCLEARLOG
[2017.10.05-15.47.02:683][631]MapCheck: Map check complete: 0 Error(s), 0 Warning(s), took 64.07ms to complete.
[2017.10.05-15.47.02:684][631]LogFileHelpers: Loading map 'Rainforest_Alien' took 0.378
[2017.10.05-15.47.02:727][632]LogParticles: Warning: Spawning 28000 GPU particles in one frame[27633]: RainFall4_PS/Particle Emitter
[2017.10.05-15.47.04:577][830]LogAIModule: Creating AISystem for world Desert
[2017.10.05-15.47.04:592][830]Cmd: MAP LOAD FILE="../../../../../../Users/rajjj/OneDrive/Documents/GitHub/DatBoiEntertainmetnGame_/Content/2DSideScrollerBP/Maps/Levels/Desert.umap" TEMPLATE=0 SHOWPROGRESS=1 FEATURELEVEL=3
[2017.10.05-15.47.04:593][830]LightingResults: New page: Lighting Build
[2017.10.05-15.47.04:593][830]LoadErrors: New page: Loading map: Desert.umap
[2017.10.05-15.47.04:597][830]MapCheck: New page: Map Check
[2017.10.05-15.47.04:597][830]LightingResults: New page: Lighting Build
[2017.10.05-15.47.04:614][830]LogEditorServer: Finished looking for orphan Actors (0.000 secs)
[2017.10.05-15.47.04:675][830]Cmd: MAP CHECKDEP NOCLEARLOG
[2017.10.05-15.47.04:739][830]MapCheck: Map check complete: 0 Error(s), 0 Warning(s), took 64.014ms to complete.
[2017.10.05-15.47.04:739][830]LogFileHelpers: Loading map 'Desert' took 0.148
[2017.10.05-15.47.05:839][957]LogEditorViewport: Clicking on Actor (LMB): Desert_Sky_BP_C (Desert_Sky_BP)
[2017.10.05-15.47.19:787][624]LogEditorViewport: Clicking on Actor (LMB): PaperTileMapActor (Desert_Top)
[2017.10.05-15.47.20:575][710]LogEditorViewport: Clicking on Actor (context menu): PaperTileMapActor (Desert_Top)
[2017.10.05-15.48.46:101][328]LogEditorViewport: Clicking on Actor (LMB): PaperSpriteActor (Dunes2_Sprite9)
[2017.10.05-15.49.07:992][544]LogEditorViewport: Clicking on Actor (LMB): Desert_Sky_BP_C (Desert_Sky_BP)
[2017.10.05-15.49.12:254][  8]LogEditorViewport: Clicking on Actor (LMB): PaperSpriteActor (Dunes2_Sprite18)
[2017.10.05-15.49.16:891][547]LogEditorViewport: Clicking on Actor (LMB): Desert_Sky_BP_C (Desert_Sky_BP)
[2017.10.05-15.49.18:642][747]LogTemp: Repeating last play command: Selected Viewport
[2017.10.05-15.49.18:718][747]LogPlayLevel: PlayLevel: No blueprints needed recompiling
[2017.10.05-15.49.21:778][747]PIE: New page: PIE session: Desert (Oct 5, 2017, 3:49:21 AM)
[2017.10.05-15.49.21:778][747]LogPlayLevel: Creating play world package: /Game/2DSideScrollerBP/Maps/Levels/UEDPIE_0_Desert
[2017.10.05-15.49.21:780][747]LogPlayLevel: PIE: StaticDuplicateObject took: (0.002137s)
[2017.10.05-15.49.21:781][747]LogAIModule: Creating AISystem for world Desert
[2017.10.05-15.49.21:781][747]LogPlayLevel: PIE: World Init took: (0.000645s)
[2017.10.05-15.49.21:781][747]LogPlayLevel: PIE: Created PIE world by copying editor world from /Game/2DSideScrollerBP/Maps/Levels/Desert.Desert to /Game/2DSideScrollerBP/Maps/Levels/UEDPIE_0_Desert.Desert (0.003276s)
[2017.10.05-15.49.21:851][747]LogInit: XAudio2 using 'Speakers (2- Logitech G930 Headset)' : 2 channels at 48 kHz using 16 bits per sample (channel mask 0x3)
[2017.10.05-15.49.21:857][747]LogInit: FAudioDevice initialized.
[2017.10.05-15.49.21:899][747]LogLoad: Game class is '2DSideScrollerGameMode_C'
[2017.10.05-15.49.21:978][747]LogWorld: Bringing World /Game/2DSideScrollerBP/Maps/Levels/UEDPIE_0_Desert.Desert up for play (max tick rate 0) at 2017.10.05-09.49.21
[2017.10.05-15.49.21:981][747]LogWorld: Bringing up level for play took: 0.005198
[2017.10.05-15.49.22:018][747]LogContentBrowser: Native class hierarchy updated for 'MovieSceneCapture' in 0.0006 seconds. Added 11 classes and 0 folders.
[2017.10.05-15.49.22:026][747]PIE: Play in editor start time for /Game/2DSideScrollerBP/Maps/Levels/UEDPIE_0_Desert 4.121
[2017.10.05-15.49.52:695][173]LogEditorViewport: Clicking on Actor (LMB): Desert_Sky_BP_C (Desert_Sky_BP)
[2017.10.05-15.57.19:133][302]LogSlate: Took 0.000735 seconds to synchronously load lazily loaded font '../../../Engine/Content/Slate/Fonts/Roboto-Light.ttf' (159K)
[2017.10.05-15.57.28:294][329]LogSavePackage: Save=37.67ms
[2017.10.05-15.57.28:294][329]LogSavePackage: Moving '../../../../../../Users/rajjj/OneDrive/Documents/GitHub/DatBoiEntertainmetnGame_/Saved/Desert_Auto1A95BDA4648235E61CB6835A50A308181.tmp' to '../../../../../../Users/rajjj/OneDrive/Documents/GitHub/DatBoiEntertainmetnGame_/Saved/Autosaves/Game/2DSideScrollerBP/Maps/Levels/Desert_Auto1.umap'
[2017.10.05-15.57.28:296][329]LogSavePackage: Display: Finished SavePackage ../../../../../../Users/rajjj/OneDrive/Documents/GitHub/DatBoiEntertainmetnGame_/Saved/Autosaves/Game/2DSideScrollerBP/Maps/Levels/Desert_Auto1.umap
[2017.10.05-15.57.28:300][329]LogFileHelpers: Editor autosave (incl. sublevels) for '/Game/2DSideScrollerBP/Maps/Levels/Desert' took 0.116
[2017.10.05-15.57.28:300][329]LogFileHelpers: Editor autosave (incl. sublevels) for all levels took 0.116
[2017.10.05-15.57.28:302][329]OBJ SavePackage: Generating thumbnails for [0] asset(s) in package [/Game/2DSideScrollerBP/Maps/Levels/LevelSprites/Sprites/Desert_Sprites/Tile_Maps/Desert_Top] ([1] browsable assets)...
[2017.10.05-15.57.28:302][329]OBJ SavePackage: Finished generating thumbnails for package [/Game/2DSideScrollerBP/Maps/Levels/LevelSprites/Sprites/Desert_Sprites/Tile_Maps/Desert_Top]
[2017.10.05-15.57.28:541][329]LogSavePackage: Save=172.82ms
[2017.10.05-15.57.28:541][329]LogSavePackage: Moving '../../../../../../Users/rajjj/OneDrive/Documents/GitHub/DatBoiEntertainmetnGame_/Saved/Desert_Top_Auto1C23F8CD142BED97D27CB4FB3F468C7C1.tmp' to '../../../../../../Users/rajjj/OneDrive/Documents/GitHub/DatBoiEntertainmetnGame_/Saved/Autosaves/Game/2DSideScrollerBP/Maps/Levels/LevelSprites/Sprites/Desert_Sprites/Tile_Maps/Desert_Top_Auto1.uasset'
[2017.10.05-15.57.28:543][329]LogSavePackage: Display: Finished SavePackage ../../../../../../Users/rajjj/OneDrive/Documents/GitHub/DatBoiEntertainmetnGame_/Saved/Autosaves/Game/2DSideScrollerBP/Maps/Levels/LevelSprites/Sprites/Desert_Sprites/Tile_Maps/Desert_Top_Auto1.uasset
[2017.10.05-15.57.28:543][329]LogFileHelpers: Auto-saving content packages took 0.242
[2017.10.05-16.02.44:667][283]LogEditorViewport: Clicking on Actor (LMB): Desert_Sky_BP_C (Desert_Sky_BP)
[2017.10.05-16.02.47:522][594]LogSavePackage: Save=39.23ms
[2017.10.05-16.02.47:522][594]LogSavePackage: Moving '../../../../../../Users/rajjj/OneDrive/Documents/GitHub/DatBoiEntertainmetnGame_/Saved/Desert6B644BD14BF76EB82B756F900ECCF7EB.tmp' to '../../../../../../Users/rajjj/OneDrive/Documents/GitHub/DatBoiEntertainmetnGame_/Content/2DSideScrollerBP/Maps/Levels/Desert.umap'
[2017.10.05-16.02.47:528][594]LogSavePackage: Display: Finished SavePackage ../../../../../../Users/rajjj/OneDrive/Documents/GitHub/DatBoiEntertainmetnGame_/Content/2DSideScrollerBP/Maps/Levels/Desert.umap
[2017.10.05-16.02.47:690][594]LogSavePackage: Save=7.88ms
[2017.10.05-16.02.47:690][594]LogSavePackage: Moving '../../../../../../Users/rajjj/OneDrive/Documents/GitHub/DatBoiEntertainmetnGame_/Saved/Desert_BuiltData9128AC2E45F974955A33FD8F6ADCFFBD.tmp' to '../../../../../../Users/rajjj/OneDrive/Documents/GitHub/DatBoiEntertainmetnGame_/Content/2DSideScrollerBP/Maps/Levels/Desert_BuiltData.uasset'
[2017.10.05-16.02.47:692][594]LogSavePackage: Display: Finished SavePackage ../../../../../../Users/rajjj/OneDrive/Documents/GitHub/DatBoiEntertainmetnGame_/Content/2DSideScrollerBP/Maps/Levels/Desert_BuiltData.uasset
[2017.10.05-16.02.55:199][ 84]LogSavePackage: Save=169.79ms
[2017.10.05-16.02.55:199][ 84]LogSavePackage: Moving '../../../../../../Users/rajjj/OneDrive/Documents/GitHub/DatBoiEntertainmetnGame_/Saved/Desert_Top933EFA9846DBB54EBBD9318B2EB6B320.tmp' to '../../../../../../Users/rajjj/OneDrive/Documents/GitHub/DatBoiEntertainmetnGame_/Content/2DSideScrollerBP/Maps/Levels/LevelSprites/Sprites/Desert_Sprites/Tile_Maps/Desert_Top.uasset'
[2017.10.05-16.02.55:203][ 84]LogSavePackage: Display: Finished SavePackage ../../../../../../Users/rajjj/OneDrive/Documents/GitHub/DatBoiEntertainmetnGame_/Content/2DSideScrollerBP/Maps/Levels/LevelSprites/Sprites/Desert_Sprites/Tile_Maps/Desert_Top.uasset
[2017.10.05-16.02.55:336][ 84]LogWindowsTextInputMethodSystem: Display: IME system now deactivated.
[2017.10.05-16.02.55:484][ 85]Cmd: QUIT_EDITOR
[2017.10.05-16.02.55:795][ 85]LogExit: Preparing to exit.
[2017.10.05-16.02.56:547][ 85]LogDirectoryWatcher: A directory notification failed for 'C:/Users/rajjj/OneDrive/Documents/GitHub/DatBoiEntertainmetnGame_/Content/', and we were unable to create a new request.
[2017.10.05-16.02.56:573][ 85]LogExit: Editor shut down
[2017.10.05-16.02.56:577][ 85]LogExit: Transaction tracking system shut down
[2017.10.05-16.02.56:693][ 85]LogDirectoryWatcher: A directory notification for '../../../Engine/Content/' was aborted.
[2017.10.05-16.02.56:693][ 85]LogDirectoryWatcher: A directory notification for '../../../../../../Users/rajjj/OneDrive/Documents/GitHub/DatBoiEntertainmetnGame_/Content/' was aborted.
[2017.10.05-16.02.56:693][ 85]LogDirectoryWatcher: A directory notification for '../../../Engine/Plugins/2D/Paper2D/Content/' was aborted.
[2017.10.05-16.02.56:693][ 85]LogDirectoryWatcher: A directory notification for '../../../Engine/Plugins/Runtime/Oculus/OculusVR/Content/' was aborted.
[2017.10.05-16.02.56:693][ 85]LogDirectoryWatcher: A directory notification for '../../../Engine/Plugins/Runtime/Steam/SteamVR/Content/' was aborted.
[2017.10.05-16.02.56:736][ 85]LogExit: Object subsystem successfully closed.
[2017.10.05-16.02.56:754][ 85]LogD3D11RHI: Shutdown
[2017.10.05-16.02.56:754][ 85]LogD3D11RHI: CleanupD3DDevice
[2017.10.05-16.02.56:830][ 85]LogD3D11RHI: ~FD3D11DynamicRHI
[2017.10.05-16.02.56:844][ 85]LogModuleManager: Shutting down and abandoning module MovieSceneCapture (534)
[2017.10.05-16.02.56:844][ 85]LogModuleManager: Shutting down and abandoning module MaterialEditor (532)
[2017.10.05-16.02.56:844][ 85]LogModuleManager: Shutting down and abandoning module HierarchicalLODOutliner (530)
[2017.10.05-16.02.56:844][ 85]LogModuleManager: Shutting down and abandoning module SceneOutliner (528)
[2017.10.05-16.02.56:844][ 85]LogModuleManager: Shutting down and abandoning module AddContentDialog (526)
[2017.10.05-16.02.56:844][ 85]LogDirectoryWatcher: A directory notification for 'C:/Program Files/Epic Games/UE_4.17/FeaturePacks/' was aborted.
[2017.10.05-16.02.56:845][ 85]LogModuleManager: Shutting down and abandoning module WidgetCarousel (525)
[2017.10.05-16.02.56:845][ 85]LogModuleManager: Shutting down and abandoning module EditorWidgets (522)
[2017.10.05-16.02.56:845][ 85]LogModuleManager: Shutting down and abandoning module CollectionManager (520)
[2017.10.05-16.02.56:845][ 85]LogDirectoryWatcher: A directory notification for 'C:/Users/rajjj/OneDrive/Documents/GitHub/DatBoiEntertainmetnGame_/Content/Collections/' was aborted.
[2017.10.05-16.02.56:845][ 85]LogDirectoryWatcher: A directory notification for 'C:/Users/rajjj/OneDrive/Documents/GitHub/DatBoiEntertainmetnGame_/Content/Developers/rajjj/Collections/' was aborted.
[2017.10.05-16.02.56:845][ 85]LogDirectoryWatcher: A directory notification for 'C:/Users/rajjj/OneDrive/Documents/GitHub/DatBoiEntertainmetnGame_/Saved/Collections/' was aborted.
[2017.10.05-16.02.56:845][ 85]LogModuleManager: Shutting down and abandoning module StatsViewer (518)
[2017.10.05-16.02.56:845][ 85]LogModuleManager: Shutting down and abandoning module FoliageEdit (516)
[2017.10.05-16.02.56:845][ 85]LogModuleManager: Shutting down and abandoning module LandscapeEditor (514)
[2017.10.05-16.02.56:845][ 85]LogModuleManager: Shutting down and abandoning module MeshPaintMode (512)
[2017.10.05-16.02.56:845][ 85]LogModuleManager: Shutting down and abandoning module SceneDepthPickerMode (510)
[2017.10.05-16.02.56:845][ 85]LogModuleManager: Shutting down and abandoning module ActorPickerMode (508)
[2017.10.05-16.02.56:845][ 85]LogModuleManager: Shutting down and abandoning module GeometryMode (506)
[2017.10.05-16.02.56:845][ 85]LogModuleManager: Shutting down and abandoning module TextureAlignMode (504)
[2017.10.05-16.02.56:845][ 85]LogModuleManager: Shutting down and abandoning module BspMode (502)
[2017.10.05-16.02.56:845][ 85]LogModuleManager: Shutting down and abandoning module PIEPreviewDeviceProfileSelector (500)
[2017.10.05-16.02.56:845][ 85]LogModuleManager: Shutting down and abandoning module HardwareSurvey (498)
[2017.10.05-16.02.56:845][ 85]LogModuleManager: Shutting down and abandoning module SequenceRecorderSections (496)
[2017.10.05-16.02.56:845][ 85]LogModuleManager: Shutting down and abandoning module AutomationWorker (494)
[2017.10.05-16.02.56:845][ 85]LogModuleManager: Shutting down and abandoning module MatineeToLevelSequence (492)
[2017.10.05-16.02.56:845][ 85]LogModuleManager: Shutting down and abandoning module LevelSequenceEditor (490)
[2017.10.05-16.02.56:845][ 85]LogModuleManager: Shutting down and abandoning module PlacementMode (489)
[2017.10.05-16.02.56:845][ 85]LogModuleManager: Shutting down and abandoning module WmfMediaFactory (486)
[2017.10.05-16.02.56:845][ 85]LogModuleManager: Shutting down and abandoning module WmfMediaEditor (484)
[2017.10.05-16.02.56:845][ 85]LogModuleManager: Shutting down and abandoning module AvfMediaFactory (482)
[2017.10.05-16.02.56:845][ 85]LogModuleManager: Shutting down and abandoning module AvfMediaEditor (480)
[2017.10.05-16.02.56:845][ 85]LogModuleManager: Shutting down and abandoning module AndroidMediaFactory (478)
[2017.10.05-16.02.56:845][ 85]LogModuleManager: Shutting down and abandoning module Media (477)
[2017.10.05-16.02.56:845][ 85]LogModuleManager: Shutting down and abandoning module AndroidMediaEditor (474)
[2017.10.05-16.02.56:845][ 85]LogModuleManager: Shutting down and abandoning module CharacterAI (472)
[2017.10.05-16.02.56:846][ 85]LogModuleManager: Shutting down and abandoning module AudioCapture (470)
[2017.10.05-16.02.56:846][ 85]LogModuleManager: Shutting down and abandoning module SequenceRecorder (469)
[2017.10.05-16.02.56:846][ 85]LogModuleManager: Shutting down and abandoning module SmartSnapping (466)
[2017.10.05-16.02.56:846][ 85]LogModuleManager: Shutting down and abandoning module SessionServices (464)
[2017.10.05-16.02.56:846][ 85]LogModuleManager: Shutting down and abandoning module ViewportSnapping (462)
[2017.10.05-16.02.56:846][ 85]LogModuleManager: Shutting down and abandoning module ViewportInteraction (460)
[2017.10.05-16.02.56:846][ 85]LogModuleManager: Shutting down and abandoning module ClothPainter (458)
[2017.10.05-16.02.56:846][ 85]LogModuleManager: Shutting down and abandoning module LogVisualizer (456)
[2017.10.05-16.02.56:846][ 85]LogModuleManager: Shutting down and abandoning module IntroTutorials (454)
[2017.10.05-16.02.56:846][ 85]LogModuleManager: Shutting down and abandoning module GameProjectGeneration (453)
[2017.10.05-16.02.56:846][ 85]LogModuleManager: Shutting down and abandoning module IOSPlatformEditor (450)
[2017.10.05-16.02.56:846][ 85]LogModuleManager: Shutting down and abandoning module HTML5PlatformEditor (448)
[2017.10.05-16.02.56:846][ 85]LogModuleManager: Shutting down and abandoning module AndroidPlatformEditor (446)
[2017.10.05-16.02.56:846][ 85]LogModuleManager: Shutting down and abandoning module AndroidDeviceDetection (445)
[2017.10.05-16.02.57:179][ 85]LogModuleManager: Shutting down and abandoning module WindowsPlatformEditor (442)
[2017.10.05-16.02.57:179][ 85]LogModuleManager: Shutting down and abandoning module IOSRuntimeSettings (440)
[2017.10.05-16.02.57:179][ 85]LogModuleManager: Shutting down and abandoning module AndroidRuntimeSettings (438)
[2017.10.05-16.02.57:179][ 85]LogModuleManager: Shutting down and abandoning module InputBindingEditor (436)
[2017.10.05-16.02.57:179][ 85]LogModuleManager: Shutting down and abandoning module MergeActors (434)
[2017.10.05-16.02.57:179][ 85]LogModuleManager: Shutting down and abandoning module SizeMap (432)
[2017.10.05-16.02.57:179][ 85]LogModuleManager: Shutting down and abandoning module TreeMap (430)
[2017.10.05-16.02.57:179][ 85]LogModuleManager: Shutting down and abandoning module ReferenceViewer (428)
[2017.10.05-16.02.57:179][ 85]LogModuleManager: Shutting down and abandoning module LocalizationDashboard (426)
[2017.10.05-16.02.57:179][ 85]LogModuleManager: Shutting down and abandoning module LocalizationService (425)
[2017.10.05-16.02.57:180][ 85]LogModuleManager: Shutting down and abandoning module HardwareTargeting (422)
[2017.10.05-16.02.57:180][ 85]LogModuleManager: Shutting down and abandoning module DeviceProfileEditor (420)
[2017.10.05-16.02.57:180][ 85]LogModuleManager: Shutting down and abandoning module UndoHistory (418)
[2017.10.05-16.02.57:180][ 85]LogModuleManager: Shutting down and abandoning module XmlParser (416)
[2017.10.05-16.02.57:180][ 85]LogModuleManager: Shutting down and abandoning module Blutility (414)
[2017.10.05-16.02.57:180][ 85]LogModuleManager: Shutting down and abandoning module ProjectSettingsViewer (412)
[2017.10.05-16.02.57:180][ 85]LogModuleManager: Shutting down and abandoning module ProjectTargetPlatformEditor (411)
[2017.10.05-16.02.57:180][ 85]LogModuleManager: Shutting down and abandoning module EditorSettingsViewer (408)
[2017.10.05-16.02.57:181][ 85]LogModuleManager: Shutting down and abandoning module SettingsEditor (406)
[2017.10.05-16.02.57:181][ 85]LogModuleManager: Shutting down and abandoning module ProjectLauncher (404)
[2017.10.05-16.02.57:181][ 85]LogModuleManager: Shutting down and abandoning module SessionFrontend (402)
[2017.10.05-16.02.57:181][ 85]LogModuleManager: Shutting down and abandoning module ProfilerClient (400)
[2017.10.05-16.02.57:181][ 85]LogModuleManager: Shutting down and abandoning module DeviceManager (398)
[2017.10.05-16.02.57:181][ 85]LogModuleManager: Shutting down and abandoning module TargetDeviceServices (397)
[2017.10.05-16.02.57:236][ 85]LogModuleManager: Shutting down and abandoning module AutomationController (394)
[2017.10.05-16.02.57:236][ 85]LogModuleManager: Shutting down and abandoning module AutomationWindow (392)
[2017.10.05-16.02.57:236][ 85]LogModuleManager: Shutting down and abandoning module Layers (390)
[2017.10.05-16.02.57:236][ 85]LogModuleManager: Shutting down and abandoning module ComponentVisualizers (388)
[2017.10.05-16.02.57:236][ 85]LogModuleManager: Shutting down and abandoning module DetailCustomizations (386)
[2017.10.05-16.02.57:236][ 85]LogModuleManager: Shutting down and abandoning module PackagesDialog (384)
[2017.10.05-16.02.57:237][ 85]LogModuleManager: Shutting down and abandoning module Persona (382)
[2017.10.05-16.02.57:237][ 85]LogModuleManager: Shutting down and abandoning module AdvancedPreviewScene (381)
[2017.10.05-16.02.57:237][ 85]LogModuleManager: Shutting down and abandoning module AnimGraph (379)
[2017.10.05-16.02.57:237][ 85]LogModuleManager: Shutting down and abandoning module Kismet (376)
[2017.10.05-16.02.57:240][ 85]LogModuleManager: Shutting down and abandoning module ClassViewer (374)
[2017.10.05-16.02.57:240][ 85]LogModuleManager: Shutting down and abandoning module Toolbox (372)
[2017.10.05-16.02.57:240][ 85]LogModuleManager: Shutting down and abandoning module ModuleUI (370)
[2017.10.05-16.02.57:240][ 85]LogModuleManager: Shutting down and abandoning module MovieSceneTools (368)
[2017.10.05-16.02.57:240][ 85]LogModuleManager: Shutting down and abandoning module OutputLog (366)
[2017.10.05-16.02.57:240][ 85]LogModuleManager: Shutting down and abandoning module GammaUI (364)
[2017.10.05-16.02.57:240][ 85]LogModuleManager: Shutting down and abandoning module Documentation (362)
[2017.10.05-16.02.57:240][ 85]LogModuleManager: Shutting down and abandoning module MovieSceneTracks (360)
[2017.10.05-16.02.57:240][ 85]LogModuleManager: Shutting down and abandoning module MovieScene (358)
[2017.10.05-16.02.57:240][ 85]LogModuleManager: Shutting down and abandoning module Niagara (356)
[2017.10.05-16.02.57:241][ 85]LogModuleManager: Shutting down and abandoning module NiagaraEditor (355)
[2017.10.05-16.02.57:241][ 85]LogModuleManager: Shutting down and abandoning module StreamingPauseRendering (352)
[2017.10.05-16.02.57:241][ 85]LogModuleManager: Shutting down and abandoning module LauncherPlatform (350)
[2017.10.05-16.02.57:241][ 85]LogModuleManager: Shutting down and abandoning module AnalyticsET (348)
[2017.10.05-16.02.57:241][ 85]LogModuleManager: Shutting down and abandoning module PortalServices (346)
[2017.10.05-16.02.57:241][ 85]LogModuleManager: Shutting down and abandoning module PortalRpc (344)
[2017.10.05-16.02.57:241][ 85]LogModuleManager: Shutting down and abandoning module MessagingRpc (342)
[2017.10.05-16.02.57:241][ 85]LogModuleManager: Shutting down and abandoning module AIModule (340)
[2017.10.05-16.02.57:241][ 85]LogModuleManager: Shutting down and abandoning module GameplayDebugger (339)
[2017.10.05-16.02.57:241][ 85]LogModuleManager: Shutting down and abandoning module AITestSuite (337)
[2017.10.05-16.02.57:241][ 85]LogModuleManager: Shutting down and abandoning module ProfilerService (334)
[2017.10.05-16.02.57:249][ 85]LogModuleManager: Shutting down and abandoning module TaskGraph (332)
[2017.10.05-16.02.57:249][ 85]LogModuleManager: Shutting down and abandoning module SteamVRController (330)
[2017.10.05-16.02.57:249][ 85]LogModuleManager: Shutting down and abandoning module ProceduralMeshComponentEditor (328)
[2017.10.05-16.02.57:249][ 85]LogModuleManager: Shutting down and abandoning module ProceduralMeshComponent (326)
[2017.10.05-16.02.57:249][ 85]LogModuleManager: Shutting down and abandoning module OculusInput (324)
[2017.10.05-16.02.57:249][ 85]LogModuleManager: Shutting down and abandoning module MobilePatchingUtils (322)
[2017.10.05-16.02.57:249][ 85]LogModuleManager: Shutting down and abandoning module CustomMeshComponent (320)
[2017.10.05-16.02.57:249][ 85]LogModuleManager: Shutting down and abandoning module CableComponent (318)
[2017.10.05-16.02.57:249][ 85]LogModuleManager: Shutting down and abandoning module ArchVisCharacter (316)
[2017.10.05-16.02.57:249][ 85]LogModuleManager: Shutting down and abandoning module AndroidPermission (314)
[2017.10.05-16.02.57:249][ 85]LogModuleManager: Shutting down and abandoning module MediaPlayerEditor (310)
[2017.10.05-16.02.57:250][ 85]LogModuleManager: Shutting down and abandoning module HTML5Networking (308)
[2017.10.05-16.02.57:250][ 85]LogModuleManager: Shutting down and abandoning module AlembicImporter (306)
[2017.10.05-16.02.57:250][ 85]LogModuleManager: Shutting down and abandoning module AlembicLibrary (305)
[2017.10.05-16.02.57:250][ 85]LogModuleManager: Shutting down and abandoning module GeometryCache (304)
[2017.10.05-16.02.57:250][ 85]LogModuleManager: Shutting down and abandoning module GeometryCacheEd (303)
[2017.10.05-16.02.57:250][ 85]LogModuleManager: Shutting down and abandoning module SpeedTreeImporter (298)
[2017.10.05-16.02.57:250][ 85]LogModuleManager: Shutting down and abandoning module PluginBrowser (296)
[2017.10.05-16.02.57:250][ 85]LogModuleManager: Shutting down and abandoning module MobileLauncherProfileWizard (294)
[2017.10.05-16.02.57:250][ 85]LogModuleManager: Shutting down and abandoning module VisualStudioSourceCodeAccess (292)
[2017.10.05-16.02.57:250][ 85]LogModuleManager: Shutting down and abandoning module DesktopPlatform (291)
[2017.10.05-16.02.57:250][ 85]LogModuleManager: Shutting down and abandoning module UObjectPlugin (288)
[2017.10.05-16.02.57:250][ 85]LogModuleManager: Shutting down and abandoning module SubversionSourceControl (286)
[2017.10.05-16.02.57:251][ 85]LogModuleManager: Shutting down and abandoning module PerforceSourceControl (284)
[2017.10.05-16.02.57:251][ 85]LogModuleManager: Shutting down and abandoning module GitSourceControl (282)
[2017.10.05-16.02.57:251][ 85]LogModuleManager: Shutting down and abandoning module SourceControl (281)
[2017.10.05-16.02.57:251][ 85]LogModuleManager: Shutting down and abandoning module LightPropagationVolumeEditor (278)
[2017.10.05-16.02.57:251][ 85]LogModuleManager: Shutting down and abandoning module PaperTiledImporter (276)
[2017.10.05-16.02.57:251][ 85]LogModuleManager: Shutting down and abandoning module PaperSpriteSheetImporter (274)
[2017.10.05-16.02.57:251][ 85]LogModuleManager: Shutting down and abandoning module Paper2DEditor (272)
[2017.10.05-16.02.57:251][ 85]LogModuleManager: Shutting down and abandoning module MeshPaint (271)
[2017.10.05-16.02.57:252][ 85]LogModuleManager: Shutting down and abandoning module LevelEditor (269)
[2017.10.05-16.02.57:254][ 85]LogModuleManager: Shutting down and abandoning module PixelInspectorModule (268)
[2017.10.05-16.02.57:254][ 85]LogModuleManager: Shutting down and abandoning module MainFrame (266)
[2017.10.05-16.02.57:254][ 85]LogModuleManager: Shutting down and abandoning module HotReload (265)
[2017.10.05-16.02.57:255][ 85]LogModuleManager: Shutting down and abandoning module RuntimePhysXCooking (260)
[2017.10.05-16.02.57:255][ 85]LogModuleManager: Shutting down and abandoning module PhysXVehiclesEditor (258)
[2017.10.05-16.02.57:255][ 85]LogModuleManager: Shutting down and abandoning module PhysXVehicles (256)
[2017.10.05-16.02.57:255][ 85]LogModuleManager: Shutting down and abandoning module OculusEditor (254)
[2017.10.05-16.02.57:255][ 85]LogModuleManager: Shutting down and abandoning module LocationServicesBPLibrary (252)
[2017.10.05-16.02.57:255][ 85]LogModuleManager: Shutting down and abandoning module ImmediatePhysicsEditor (250)
[2017.10.05-16.02.57:255][ 85]LogModuleManager: Shutting down and abandoning module ImmediatePhysics (248)
[2017.10.05-16.02.57:256][ 85]LogModuleManager: Shutting down and abandoning module UdpMessaging (246)
[2017.10.05-16.02.57:357][ 85]LogModuleManager: Shutting down and abandoning module TcpMessaging (244)
[2017.10.05-16.02.57:458][ 85]LogModuleManager: Shutting down and abandoning module GameplayTagsEditor (242)
[2017.10.05-16.02.57:458][ 85]LogModuleManager: Shutting down and abandoning module FacialAnimationEditor (240)
[2017.10.05-16.02.57:458][ 85]LogModuleManager: Shutting down and abandoning module FacialAnimation (238)
[2017.10.05-16.02.57:458][ 85]LogModuleManager: Shutting down and abandoning module AssetManagerEditor (236)
[2017.10.05-16.02.57:458][ 85]LogModuleManager: Shutting down and abandoning module GraphEditor (235)
[2017.10.05-16.02.57:458][ 85]LogModuleManager: Shutting down and abandoning module ContentBrowser (233)
[2017.10.05-16.02.57:461][ 85]LogModuleManager: Shutting down and abandoning module LightPropagationVolumeRuntime (230)
[2017.10.05-16.02.57:461][ 85]LogModuleManager: Shutting down and abandoning module Paper2D (228)
[2017.10.05-16.02.57:461][ 85]LogModuleManager: Shutting down and abandoning module WindowsMoviePlayer (226)
[2017.10.05-16.02.57:461][ 85]LogModuleManager: Shutting down and abandoning module WmfMedia (224)
[2017.10.05-16.02.57:461][ 85]LogModuleManager: Shutting down and abandoning module PacketHandler (222)
[2017.10.05-16.02.57:462][ 85]LogModuleManager: Shutting down and abandoning module ClothingSystemEditor (220)
[2017.10.05-16.02.57:462][ 85]LogModuleManager: Shutting down and abandoning module ClothingSystemRuntime (218)
[2017.10.05-16.02.57:462][ 85]LogModuleManager: Shutting down and abandoning module Overlay (216)
[2017.10.05-16.02.57:462][ 85]LogModuleManager: Shutting down and abandoning module OverlayEditor (215)
[2017.10.05-16.02.57:462][ 85]LogModuleManager: Shutting down and abandoning module MediaAssets (212)
[2017.10.05-16.02.57:462][ 85]LogModuleManager: Shutting down and abandoning module VREditor (210)
[2017.10.05-16.02.57:462][ 85]LogModuleManager: Shutting down and abandoning module StringTableEditor (208)
[2017.10.05-16.02.57:462][ 85]LogModuleManager: Shutting down and abandoning module GameplayTasksEditor (206)
[2017.10.05-16.02.57:462][ 85]LogModuleManager: Shutting down and abandoning module BehaviorTreeEditor (204)
[2017.10.05-16.02.57:462][ 85]LogModuleManager: Shutting down and abandoning module FunctionalTesting (202)
[2017.10.05-16.02.57:462][ 85]LogModuleManager: Shutting down and abandoning module CollisionAnalyzer (200)
[2017.10.05-16.02.57:462][ 85]LogModuleManager: Shutting down and abandoning module WorkspaceMenuStructure (199)
[2017.10.05-16.02.57:462][ 85]LogModuleManager: Shutting down and abandoning module UMG (196)
[2017.10.05-16.02.57:463][ 85]LogModuleManager: Shutting down and abandoning module UMGEditor (195)
[2017.10.05-16.02.57:463][ 85]LogModuleManager: Shutting down and abandoning module Sequencer (194)
[2017.10.05-16.02.57:463][ 85]LogModuleManager: Shutting down and abandoning module MessageLog (191)
[2017.10.05-16.02.57:463][ 85]LogModuleManager: Shutting down and abandoning module SlateReflector (186)
[2017.10.05-16.02.57:463][ 85]LogModuleManager: Shutting down and abandoning module Slate (184)
[2017.10.05-16.02.57:463][ 85]LogModuleManager: Shutting down and abandoning module EditorStyle (182)
[2017.10.05-16.02.57:472][ 85]LogModuleManager: Shutting down and abandoning module MRMesh (180)
[2017.10.05-16.02.57:472][ 85]LogModuleManager: Shutting down and abandoning module SourceCodeAccess (178)
[2017.10.05-16.02.57:472][ 85]LogModuleManager: Shutting down and abandoning module HeadMountedDisplay (176)
[2017.10.05-16.02.57:472][ 85]LogModuleManager: Shutting down and abandoning module XAudio2 (174)
[2017.10.05-16.02.57:472][ 85]LogModuleManager: Shutting down and abandoning module Networking (172)
[2017.10.05-16.02.57:472][ 85]LogModuleManager: Shutting down and abandoning module Core (168)
[2017.10.05-16.02.57:472][ 85]LogModuleManager: Shutting down and abandoning module KismetCompiler (164)
[2017.10.05-16.02.57:472][ 85]LogModuleManager: Shutting down and abandoning module LevelSequence (162)
[2017.10.05-16.02.57:472][ 85]LogModuleManager: Shutting down and abandoning module MeshUtilities (160)
[2017.10.05-16.02.57:472][ 85]LogModuleManager: Shutting down and abandoning module MeshMergeUtilities (159)
[2017.10.05-16.02.57:473][ 85]LogModuleManager: Shutting down and abandoning module MeshReductionInterface (158)
[2017.10.05-16.02.57:473][ 85]LogModuleManager: Shutting down and abandoning module SimplygonSwarm (157)
[2017.10.05-16.02.57:473][ 85]LogModuleManager: Shutting down and abandoning module SimplygonMeshReduction (155)
[2017.10.05-16.02.57:473][ 85]LogModuleManager: Shutting down and abandoning module QuadricMeshReduction (153)
[2017.10.05-16.02.57:473][ 85]LogModuleManager: Shutting down and abandoning module MaterialBaking (149)
[2017.10.05-16.02.57:473][ 85]LogModuleManager: Shutting down and abandoning module DirectoryWatcher (146)
[2017.10.05-16.02.57:475][ 85]LogModuleManager: Shutting down and abandoning module DerivedDataCache (144)
[2017.10.05-16.02.57:555][ 85]LogDerivedDataCache: Shutdown
[2017.10.05-16.02.57:555][ 85]LogModuleManager: Shutting down and abandoning module TargetPlatform (142)
[2017.10.05-16.02.57:555][ 85]LogModuleManager: Shutting down and abandoning module VulkanShaderFormat (141)
[2017.10.05-16.02.57:555][ 85]LogModuleManager: Shutting down and abandoning module ShaderFormatVectorVM (139)
[2017.10.05-16.02.57:555][ 85]LogModuleManager: Shutting down and abandoning module ShaderFormatOpenGL (137)
[2017.10.05-16.02.57:555][ 85]LogModuleManager: Shutting down and abandoning module ShaderFormatD3D (135)
[2017.10.05-16.02.57:555][ 85]LogModuleManager: Shutting down and abandoning module MetalShaderFormat (133)
[2017.10.05-16.02.57:555][ 85]LogModuleManager: Shutting down and abandoning module TextureFormatUncompressed (131)
[2017.10.05-16.02.57:555][ 85]LogModuleManager: Shutting down and abandoning module TextureFormatPVR (129)
[2017.10.05-16.02.57:555][ 85]LogModuleManager: Shutting down and abandoning module TextureFormatDXT (127)
[2017.10.05-16.02.57:556][ 85]LogModuleManager: Shutting down and abandoning module TextureFormatIntelISPCTexComp (125)
[2017.10.05-16.02.57:556][ 85]LogModuleManager: Shutting down and abandoning module TextureFormatASTC (123)
[2017.10.05-16.02.57:556][ 85]LogModuleManager: Shutting down and abandoning module ImageWrapper (122)
[2017.10.05-16.02.57:556][ 85]LogModuleManager: Shutting down and abandoning module TextureFormatAndroid (119)
[2017.10.05-16.02.57:556][ 85]LogModuleManager: Shutting down and abandoning module AudioFormatOpus (117)
[2017.10.05-16.02.57:556][ 85]LogModuleManager: Shutting down and abandoning module AudioFormatOgg (115)
[2017.10.05-16.02.57:556][ 85]LogModuleManager: Shutting down and abandoning module AudioFormatADPCM (113)
[2017.10.05-16.02.57:556][ 85]LogModuleManager: Shutting down and abandoning module LinuxTargetPlatform (111)
[2017.10.05-16.02.57:556][ 85]LogModuleManager: Shutting down and abandoning module LinuxServerTargetPlatform (109)
[2017.10.05-16.02.57:556][ 85]LogModuleManager: Shutting down and abandoning module LinuxNoEditorTargetPlatform (107)
[2017.10.05-16.02.57:556][ 85]LogModuleManager: Shutting down and abandoning module LinuxClientTargetPlatform (105)
[2017.10.05-16.02.57:556][ 85]LogModuleManager: Shutting down and abandoning module TVOSTargetPlatform (103)
[2017.10.05-16.02.57:556][ 85]LogModuleManager: Shutting down and abandoning module Messaging (101)
[2017.10.05-16.02.57:556][ 85]LogModuleManager: Shutting down and abandoning module IOSTargetPlatform (99)
[2017.10.05-16.02.57:557][ 85]LogModuleManager: Shutting down and abandoning module HTML5TargetPlatform (97)
[2017.10.05-16.02.57:557][ 85]LogModuleManager: Shutting down and abandoning module Android_PVRTCTargetPlatform (95)
[2017.10.05-16.02.57:557][ 85]LogModuleManager: Shutting down and abandoning module Android_MultiTargetPlatform (93)
[2017.10.05-16.02.57:557][ 85]LogModuleManager: Shutting down and abandoning module Android_ETC2TargetPlatform (91)
[2017.10.05-16.02.57:557][ 85]LogModuleManager: Shutting down and abandoning module Android_ETC1TargetPlatform (89)
[2017.10.05-16.02.57:557][ 85]LogModuleManager: Shutting down and abandoning module Android_DXTTargetPlatform (87)
[2017.10.05-16.02.57:557][ 85]LogModuleManager: Shutting down and abandoning module Android_ATCTargetPlatform (85)
[2017.10.05-16.02.57:557][ 85]LogModuleManager: Shutting down and abandoning module Android_ASTCTargetPlatform (83)
[2017.10.05-16.02.57:557][ 85]LogModuleManager: Shutting down and abandoning module AndroidTargetPlatform (81)
[2017.10.05-16.02.57:558][ 85]LogModuleManager: Shutting down and abandoning module WindowsTargetPlatform (79)
[2017.10.05-16.02.57:558][ 85]LogModuleManager: Shutting down and abandoning module WindowsServerTargetPlatform (77)
[2017.10.05-16.02.57:558][ 85]LogModuleManager: Shutting down and abandoning module WindowsNoEditorTargetPlatform (75)
[2017.10.05-16.02.57:558][ 85]LogModuleManager: Shutting down and abandoning module WindowsClientTargetPlatform (73)
[2017.10.05-16.02.57:558][ 85]LogModuleManager: Shutting down and abandoning module MacTargetPlatform (71)
[2017.10.05-16.02.57:558][ 85]LogModuleManager: Shutting down and abandoning module MacServerTargetPlatform (69)
[2017.10.05-16.02.57:558][ 85]LogModuleManager: Shutting down and abandoning module MacNoEditorTargetPlatform (67)
[2017.10.05-16.02.57:558][ 85]LogModuleManager: Shutting down and abandoning module MacClientTargetPlatform (65)
[2017.10.05-16.02.57:558][ 85]LogModuleManager: Shutting down and abandoning module AllDesktopTargetPlatform (63)
[2017.10.05-16.02.57:558][ 85]LogModuleManager: Shutting down and abandoning module InputCore (60)
[2017.10.05-16.02.57:558][ 85]LogModuleManager: Shutting down and abandoning module Settings (58)
[2017.10.05-16.02.57:559][ 85]LogModuleManager: Shutting down and abandoning module PhysXCooking (56)
[2017.10.05-16.02.57:559][ 85]LogModuleManager: Shutting down and abandoning module SteamVR (54)
[2017.10.05-16.02.57:559][ 85]LogModuleManager: Shutting down and abandoning module OculusHMD (52)
[2017.10.05-16.02.57:559][ 85]LogModuleManager: Shutting down and abandoning module ExampleDeviceProfileSelector (50)
[2017.10.05-16.02.57:559][ 85]LogModuleManager: Shutting down and abandoning module OnlineBlueprintSupport (48)
[2017.10.05-16.02.57:559][ 85]LogModuleManager: Shutting down and abandoning module OnlineSubsystem (44)
[2017.10.05-16.02.57:559][ 85]LogOnline: Display: Unloading online subsystem: NULL
[2017.10.05-16.02.57:559][ 85]LogModuleManager: Shutting down and abandoning module XMPP (43)
[2017.10.05-16.02.57:560][ 85]LogModuleManager: Shutting down and abandoning module HTTP (41)
[2017.10.05-16.02.57:560][ 85]LogHttp: Display: Http module shutting down, but needs to wait on 1 outstanding Http requests:
[2017.10.05-16.02.57:560][ 85]LogHttp: Display: 	verb=[POST] url=[https://datarouter.ol.epicgames.com/datarouter/api/v1/public/data?SessionID=%7BD881A9EC-480B-FC5B-07A8-489B00E10A78%7D&AppID=UEEditor.Rocket.Release&AppVersion=4.17.1-3586342%2B%2B%2BUE4%2BRelease-4.17&UserID=5160131d4fbbf6d62e4719b8716de666%7C3ef35b30eb8d444d8e26d7fb1794d4bf%7Cb9c6b803-d102-46e7-b321-ae8f3428388b&AppEnvironment=datacollector-binary&UploadType=eteventstream] status=Processing
[2017.10.05-16.02.57:580][ 85]LogModuleManager: Shutting down and abandoning module SSL (40)
[2017.10.05-16.02.57:585][ 85]LogModuleManager: Shutting down and abandoning module AnimationModifiers (36)
[2017.10.05-16.02.57:585][ 85]LogModuleManager: Shutting down and abandoning module PropertyEditor (35)
[2017.10.05-16.02.57:585][ 85]LogModuleManager: Shutting down and abandoning module AudioEditor (32)
[2017.10.05-16.02.57:585][ 85]LogModuleManager: Shutting down and abandoning module TextureCompressor (30)
[2017.10.05-16.02.57:585][ 85]LogModuleManager: Shutting down and abandoning module ShaderCore (28)
[2017.10.05-16.02.57:585][ 85]LogModuleManager: Shutting down and abandoning module Landscape (26)
[2017.10.05-16.02.57:585][ 85]LogModuleManager: Shutting down and abandoning module SlateRHIRenderer (24)
[2017.10.05-16.02.57:592][ 85]LogModuleManager: Shutting down and abandoning module OpenGLDrv (22)
[2017.10.05-16.02.57:592][ 85]LogModuleManager: Shutting down and abandoning module D3D11RHI (20)
[2017.10.05-16.02.57:592][ 85]LogModuleManager: Shutting down and abandoning module AnimGraphRuntime (18)
[2017.10.05-16.02.57:592][ 85]LogModuleManager: Shutting down and abandoning module Renderer (16)
[2017.10.05-16.02.57:592][ 85]LogModuleManager: Shutting down and abandoning module Engine (14)
[2017.10.05-16.02.57:593][ 85]LogModuleManager: Shutting down and abandoning module CoreUObject (12)
[2017.10.05-16.02.57:593][ 85]LogModuleManager: Shutting down and abandoning module NetworkFile (10)
[2017.10.05-16.02.57:593][ 85]LogModuleManager: Shutting down and abandoning module CookedIterativeFile (8)
[2017.10.05-16.02.57:593][ 85]LogModuleManager: Shutting down and abandoning module StreamingFile (6)
[2017.10.05-16.02.57:593][ 85]LogModuleManager: Shutting down and abandoning module SandboxFile (4)
[2017.10.05-16.02.57:593][ 85]LogModuleManager: Shutting down and abandoning module PakFile (2)
[2017.10.05-16.02.57:603][ 85]LogExit: Exiting.
[2017.10.05-16.02.57:667][ 85]Log file closed, 10/05/17 10:02:57
