Log file open, 07/13/17 20:22:57
LogInit:Display: Running engine for game: InsertNameAdventure
LogPlatformFile: Not using cached read wrapper
LogInit:Display: RandInit(-1888190329) SRandInit(-1888190329).
LogTaskGraph: Started task graph with 5 named threads and 8 total threads with 1 sets of task threads.
LogStats: Stats thread started at 0.085149
LogInit: Using libcurl 7.47.1
LogInit:  - built for x86_64-pc-win32
LogInit:  - supports SSL with OpenSSL/1.0.2g
LogInit:  - supports HTTP deflate (compression) using libz 1.2.8
LogInit:  - other features:
LogInit:      CURL_VERSION_SSL
LogInit:      CURL_VERSION_LIBZ
LogInit:      CURL_VERSION_IPV6
LogInit:      CURL_VERSION_ASYNCHDNS
LogInit:      CURL_VERSION_LARGEFILE
LogInit:      CURL_VERSION_IDN
LogInit:  CurlRequestOptions (configurable via config and command line):
LogInit:  - bVerifyPeer = false  - Libcurl will NOT verify peer certificate
LogInit:  - bUseHttpProxy = false  - Libcurl will NOT use HTTP proxy
LogInit:  - bDontReuseConnections = false  - Libcurl will reuse connections
LogInit:  - CertBundlePath = nullptr  - Libcurl will use whatever was configured at build time.
LogInit: Build: ++UE4+Release-4.16-CL-3452394
LogInit: Engine Version: 4.16.0-3452394+++UE4+Release-4.16
LogInit: Compatible Engine Version: 4.16.0-3452394+++UE4+Release-4.16
LogInit: Net CL: 3452394
LogDevObjectVersion: Number of dev versions registered: 16
LogDevObjectVersion:   Dev-Blueprints (B0D832E4-1F89-4F0D-ACCF-7EB736FD4AA2): 9
LogDevObjectVersion:   Dev-Build (E1C64328-A22C-4D53-A36C-8E866417BD8C): 0
LogDevObjectVersion:   Dev-Core (375EC13C-06E4-48FB-B500-84F0262A717E): 2
LogDevObjectVersion:   Dev-Editor (E4B068ED-F494-42E9-A231-DA0B2E46BB41): 17
LogDevObjectVersion:   Dev-Framework (CFFC743F-43B0-4480-9391-14DF171D2073): 23
LogDevObjectVersion:   Dev-Mobile (B02B49B5-BB20-44E9-A304-32B752E40360): 0
LogDevObjectVersion:   Dev-Networking (A4E4105C-59A1-49B5-A7C5-40C4547EDFEE): 0
LogDevObjectVersion:   Dev-Online (39C831C9-5AE6-47DC-9A44-9C173E1C8E7C): 0
LogDevObjectVersion:   Dev-Physics (78F01B33-EBEA-4F98-B9B4-84EACCB95AA2): 0
LogDevObjectVersion:   Dev-Platform (6631380F-2D4D-43E0-8009-CF276956A95A): 0
LogDevObjectVersion:   Dev-Rendering (12F88B9F-8875-4AFC-A67C-D90C383ABD29): 15
LogDevObjectVersion:   Dev-Sequencer (7B5AE74C-D270-4C10-A958-57980B212A5A): 4
LogDevObjectVersion:   Dev-VR (D7296918-1DD6-4BDD-9DE2-64A83CC13884): 0
LogDevObjectVersion:   Dev-LoadTimes (C2A15278-BFE7-4AFE-6C17-90FF531DF755): 1
LogDevObjectVersion:   Private-Geometry (6EACA3D4-40EC-4CC1-B786-8BED09428FC5): 1
LogDevObjectVersion:   Dev-AnimPhys (29E575DD-E0A3-4627-9D10-D276232CDCEA): 3
LogInit: Compiled (64-bit): May 22 2017 17:47:00
LogInit: Compiled with Visual C++: 19.00.23026.00
LogInit: Build Configuration: Development
LogInit: Branch Name: ++UE4+Release-4.16
LogInit: Command line:  
LogInit: Base directory: C:/Program Files/Epic Games/UE_4.16/Engine/Binaries/Win64/
LogInit: Installed Engine Build: 1
LogInit: Presizing for max 8388607 objects, including 0 objects not considered by GC, pre-allocating 0 bytes for permanent pool.
LogInit: Object subsystem initialized
[2017.07.14-02.22.58:116][  0]LogInit: Selected Device Profile: [Windows]
[2017.07.14-02.22.58:116][  0]LogInit: Applying CVar settings loaded from the selected device profile: [Windows]
[2017.07.14-02.22.58:126][  0]LogInit: Computer: DESKTOP-6MFT485
[2017.07.14-02.22.58:126][  0]LogInit: User: JustinWells20
[2017.07.14-02.22.58:126][  0]LogInit: CPU Page size=4096, Cores=4
[2017.07.14-02.22.58:126][  0]LogInit: High frequency timer resolution =3.328127 MHz
[2017.07.14-02.22.58:127][  0]LogMemory: Memory total: Physical=15.9GB (16GB approx)
[2017.07.14-02.22.58:127][  0]LogMemory: Platform Memory Stats for Windows
[2017.07.14-02.22.58:127][  0]LogMemory: Process Physical Memory: 274.50 MB used, 274.50 MB peak
[2017.07.14-02.22.58:127][  0]LogMemory: Process Virtual Memory: 274.46 MB used, 274.46 MB peak
[2017.07.14-02.22.58:127][  0]LogMemory: Physical Memory: 3555.58 MB used,  12766.16 MB free, 16321.74 MB total
[2017.07.14-02.22.58:127][  0]LogMemory: Virtual Memory: 659.38 MB used,  12766.16 MB free, 134217728.00 MB total
[2017.07.14-02.22.58:185][  0]LogInit: Using OS detected language (en-US).
[2017.07.14-02.22.58:185][  0]LogInit: Using OS detected locale (en-US).
[2017.07.14-02.22.58:187][  0]LogTextLocalizationManager: No specific localization for 'en-US' exists, so the 'en' localization will be used.
[2017.07.14-02.22.58:986][  0]LogD3D11RHI: D3D11 adapters:
[2017.07.14-02.22.59:530][  0]LogD3D11RHI:    0. 'NVIDIA GeForce GTX 1070' (Feature Level 11_0)
[2017.07.14-02.22.59:530][  0]LogD3D11RHI:       8081/0/8160 MB DedicatedVideo/DedicatedSystem/SharedSystem, Outputs:2, VendorId:0x10de
[2017.07.14-02.22.59:531][  0]LogD3D11RHI:    1. 'Microsoft Basic Render Driver' (Feature Level 11_0)
[2017.07.14-02.22.59:531][  0]LogD3D11RHI:       0/0/8160 MB DedicatedVideo/DedicatedSystem/SharedSystem, Outputs:0, VendorId:0x1414
[2017.07.14-02.22.59:531][  0]LogD3D11RHI: Chosen D3D11 Adapter: 0
[2017.07.14-02.22.59:537][  0]LogD3D11RHI: Creating new Direct3DDevice
[2017.07.14-02.22.59:537][  0]LogD3D11RHI:     GPU DeviceId: 0x1b81 (for the marketing name, search the web for "GPU Device Id")
[2017.07.14-02.22.59:537][  0]LogWindows: EnumDisplayDevices:
[2017.07.14-02.22.59:537][  0]LogWindows:    0. 'NVIDIA GeForce GTX 1070' (P:0 D:1)
[2017.07.14-02.22.59:537][  0]LogWindows:    1. 'NVIDIA GeForce GTX 1070' (P:1 D:1)
[2017.07.14-02.22.59:537][  0]LogWindows:    2. 'NVIDIA GeForce GTX 1070' (P:0 D:0)
[2017.07.14-02.22.59:537][  0]LogWindows:    3. 'NVIDIA GeForce GTX 1070' (P:0 D:0)
[2017.07.14-02.22.59:537][  0]LogWindows: DebugString: FoundDriverCount:4 
[2017.07.14-02.22.59:537][  0]LogD3D11RHI:     Adapter Name: NVIDIA GeForce GTX 1070
[2017.07.14-02.22.59:537][  0]LogD3D11RHI:   Driver Version: 384.76 (internal:22.21.13.8476, unified:384.76)
[2017.07.14-02.22.59:537][  0]LogD3D11RHI:      Driver Date: 6-27-2017
[2017.07.14-02.22.59:537][  0]LogRHI: Texture pool is 1361 MB (70% of 1945 MB)
[2017.07.14-02.23.00:063][  0]LogD3D11RHI: Async texture creation enabled
[2017.07.14-02.23.00:094][  0]LogD3D11RHI: GPU Timing Frequency: 1000.000000 (Debug: 2 1)
[2017.07.14-02.23.00:144][  0]LogShaderCompilers: Guid format shader working directory is -54 characters bigger than the processId version (../../../../../../Users/Justin Wells/Documents/Unreal Projects/InsertNameAdventure/DatBoiEntertainmetnGame/Intermediate/Shaders/WorkingDirectory/23348/).
[2017.07.14-02.23.00:145][  0]LogShaderCompilers: Cleaned the shader compiler working directory 'C:/Users/Justin Wells/AppData/Local/Temp/UnrealShaderWorkingDir/B9FF2ACD4A20D897FBD7A09F46B6D059/'.
[2017.07.14-02.23.00:145][  0]LogShaderCompilers:Display: Using Local Shader Compiler.
[2017.07.14-02.23.01:092][  0]LogTemp:Display: Loaded TP AllDesktopTargetPlatform
[2017.07.14-02.23.01:136][  0]LogTemp:Display: Loaded TP MacClientTargetPlatform
[2017.07.14-02.23.01:182][  0]LogTemp:Display: Loaded TP MacNoEditorTargetPlatform
[2017.07.14-02.23.01:228][  0]LogTemp:Display: Loaded TP MacServerTargetPlatform
[2017.07.14-02.23.01:274][  0]LogTemp:Display: Loaded TP MacTargetPlatform
[2017.07.14-02.23.01:323][  0]LogTemp:Display: Loaded TP WindowsClientTargetPlatform
[2017.07.14-02.23.01:379][  0]LogTemp:Display: Loaded TP WindowsNoEditorTargetPlatform
[2017.07.14-02.23.01:427][  0]LogTemp:Display: Loaded TP WindowsServerTargetPlatform
[2017.07.14-02.23.01:468][  0]LogTemp:Display: Loaded TP WindowsTargetPlatform
[2017.07.14-02.23.01:516][  0]LogTemp:Display: Loaded TP AndroidTargetPlatform
[2017.07.14-02.23.01:564][  0]LogTemp:Display: Loaded TP Android_ASTCTargetPlatform
[2017.07.14-02.23.01:607][  0]LogTemp:Display: Loaded TP Android_ATCTargetPlatform
[2017.07.14-02.23.01:652][  0]LogTemp:Display: Loaded TP Android_DXTTargetPlatform
[2017.07.14-02.23.01:697][  0]LogTemp:Display: Loaded TP Android_ETC1TargetPlatform
[2017.07.14-02.23.01:740][  0]LogTemp:Display: Loaded TP Android_ETC2TargetPlatform
[2017.07.14-02.23.01:825][  0]LogTemp:Display: Loaded TP Android_MultiTargetPlatform
[2017.07.14-02.23.01:825][  0]LogTemp:Display: Loaded TP Android_PVRTCTargetPlatform
[2017.07.14-02.23.01:859][  0]LogTemp:Display: Loaded TP HTML5TargetPlatform
[2017.07.14-02.23.01:941][  0]LogTemp:Display: Loaded TP IOSTargetPlatform
[2017.07.14-02.23.01:968][  0]LogTemp:Display: Loaded TP TVOSTargetPlatform
[2017.07.14-02.23.02:012][  0]LogTemp:Display: Loaded TP LinuxClientTargetPlatform
[2017.07.14-02.23.02:055][  0]LogTemp:Display: Loaded TP LinuxNoEditorTargetPlatform
[2017.07.14-02.23.02:097][  0]LogTemp:Display: Loaded TP LinuxServerTargetPlatform
[2017.07.14-02.23.02:139][  0]LogTemp:Display: Loaded TP LinuxTargetPlatform
[2017.07.14-02.23.02:139][  0]LogTargetPlatformManager:Display: Building Assets For Windows
[2017.07.14-02.23.02:567][  0]LogDerivedDataCache:Display: Max Cache Size: 512 MB
[2017.07.14-02.23.02:657][  0]LogDerivedDataCache: Loaded boot cache 0.09s 90MB C:/Users/Justin Wells/AppData/Local/UnrealEngine/4.16/DerivedDataCache/Boot.ddc.
[2017.07.14-02.23.02:657][  0]LogDerivedDataCache:Display: Loaded Boot cache: C:/Users/Justin Wells/AppData/Local/UnrealEngine/4.16/DerivedDataCache/Boot.ddc
[2017.07.14-02.23.02:657][  0]LogDerivedDataCache: FDerivedDataBackendGraph:  Pak pak cache file ../../../../../../Users/Justin Wells/Documents/Unreal Projects/InsertNameAdventure/DatBoiEntertainmetnGame/DerivedDataCache/DDC.ddp not found, will not use a pak cache.
[2017.07.14-02.23.02:657][  0]LogDerivedDataCache: Unable to find inner node Pak for hierarchical cache Hierarchy.
[2017.07.14-02.23.02:658][  0]LogDerivedDataCache: FDerivedDataBackendGraph:  CompressedPak pak cache file ../../../../../../Users/Justin Wells/Documents/Unreal Projects/InsertNameAdventure/DatBoiEntertainmetnGame/DerivedDataCache/Compressed.ddp not found, will not use a pak cache.
[2017.07.14-02.23.02:658][  0]LogDerivedDataCache: Unable to find inner node CompressedPak for hierarchical cache Hierarchy.
[2017.07.14-02.23.02:672][  0]LogDerivedDataCache:Display: Pak cache opened for reading ../../../Engine/DerivedDataCache/Compressed.ddp.
[2017.07.14-02.23.02:683][  0]LogDerivedDataCache: Using Local data cache path C:/Users/Justin Wells/AppData/Local/UnrealEngine/Common/DerivedDataCache: Writable
[2017.07.14-02.23.02:692][  0]LogMaterial: Verifying Global Shaders for PCD3D_SM5
[2017.07.14-02.23.02:692][  0]LogSlate: Using Freetype 2.6.0
[2017.07.14-02.23.02:693][  0]LogSlate: SlateFontCache - WITH_FREETYPE: 1, WITH_HARFBUZZ: 1
[2017.07.14-02.23.02:693][  0]LogSlate: SlateFontCache - WITH_FREETYPE: 1, WITH_HARFBUZZ: 1
[2017.07.14-02.23.03:004][  0]LogInit: Selected Device Profile: [Windows]
[2017.07.14-02.23.03:072][  0]LogContentStreaming: Texture pool size is 0.00 MB
[2017.07.14-02.23.03:222][  0]LogMeshUtilities: Using QuadricMeshReduction for automatic static mesh reduction
[2017.07.14-02.23.03:276][  0]LogSimplygon: Simplygon DLL not present - disabling.
[2017.07.14-02.23.03:331][  0]LogMeshUtilities: Using SimplygonSwarm for distributed automatic mesh merging
[2017.07.14-02.23.03:331][  0]LogMeshUtilities: No automatic skeletal mesh reduction module available
[2017.07.14-02.23.03:331][  0]LogMeshUtilities: No automatic mesh merging module available
[2017.07.14-02.23.03:871][  0]LogNetVersion: InsertNameAdventure , NetCL: 3452394, EngineNetVer: 2, GameNetVer: 0 (Checksum: 1278457987)
[2017.07.14-02.23.03:928][  0]LogAssetRegistry: FAssetRegistry took 0.0249 seconds to start up
[2017.07.14-02.23.03:989][  0]LogPackageLocalizationCache: Processed 4 localized package path(s) for 2 prioritized culture(s) in 0.039760 seconds
[2017.07.14-02.23.03:994][  0]LogUObjectArray: 34194 objects as part of root set at end of initial load.
[2017.07.14-02.23.03:994][  0]LogUObjectAllocator: 7260424 out of 0 bytes used by permanent object pool.
[2017.07.14-02.23.03:994][  0]LogUObjectArray: CloseDisregardForGC: 0/0 objects in disregard for GC pool
[2017.07.14-02.23.04:059][  0]LogInit: WinSock: version 1.1 (2.2), MaxSocks=32767, MaxUdp=65467
[2017.07.14-02.23.06:159][  0]LogTcpMessaging: Initializing TcpMessaging bridge
[2017.07.14-02.23.06:192][  0]LogUdpMessaging: Initializing bridge on interface 0.0.0.0:0 to multicast group 230.0.0.1:6666.
[2017.07.14-02.23.06:642][  0]LogMaterial: Uniform references updated for custom material expression Custom.
[2017.07.14-02.23.06:996][  0]SourceControl: Info Source control is disabled
[2017.07.14-02.23.08:041][  0]LogAndroidPermission: UAndroidPermissionCallbackProxy::GetInstance
[2017.07.14-02.23.08:576][  0]LogEngine: Initializing Engine...
[2017.07.14-02.23.08:576][  0]LogHMD: Failed to initialize OpenVR with code 101
[2017.07.14-02.23.08:766][  0]LogStats: UGameplayTagsManager::ConstructGameplayTagTree: Construct from data asset -  0.000 s
[2017.07.14-02.23.08:766][  0]LogStats: UGameplayTagsManager::ConstructGameplayTagTree: GameplayTagTreeChangedEvent.Broadcast -  0.000 s
[2017.07.14-02.23.08:878][  0]LogAIModule: Creating AISystem for world Untitled
[2017.07.14-02.23.08:891][  0]LogInit: XAudio2 using 'Speakers (High Definition Audio Device)' : 2 channels at 48 kHz using 16 bits per sample (channel mask 0x3)
[2017.07.14-02.23.08:902][  0]LogInit: FAudioDevice initialized.
[2017.07.14-02.23.08:939][  0]LogDerivedDataCache: Saved boot cache 0.04s 90MB C:/Users/Justin Wells/AppData/Local/UnrealEngine/4.16/DerivedDataCache/Boot.ddc.
[2017.07.14-02.23.08:952][  0]LogInit: Texture streaming: Enabled
[2017.07.14-02.23.09:035][  0]LogEngineSessionManager: EngineSessionManager initialized
[2017.07.14-02.23.09:231][  0]LogInit: Transaction tracking system initialized
[2017.07.14-02.23.09:526][  0]BlueprintLog: New page: Editor Load
[2017.07.14-02.23.10:341][  0]LocalizationService: Info Localization service is disabled
[2017.07.14-02.23.10:915][  0]LogConsoleResponse:Display: 
[2017.07.14-02.23.11:038][  0]LogCook:Display: Max memory allowance for cook 16384mb min free memory 0mb
[2017.07.14-02.23.11:038][  0]LogCook:Display: Mobile HDR setting 1
[2017.07.14-02.23.11:452][  0]LogFileCache: Scanning file cache for directory 'C:/Users/Justin Wells/Documents/Unreal Projects/InsertNameAdventure/DatBoiEntertainmetnGame/Content/' took 0.01s
[2017.07.14-02.23.12:017][  0]LogSlate: Took 0.000146 seconds to synchronously load lazily loaded font '../../../Engine/Content/Slate/Fonts/Roboto-Regular.ttf' (155K)
[2017.07.14-02.23.25:510][  0]LogWindowsTextInputMethodSystem:Display: IME system now deactivated.
[2017.07.14-02.23.25:514][  0]LightingResults: New page: Lighting Build
[2017.07.14-02.23.25:551][  0]MapCheck: New page: Map Check
[2017.07.14-02.23.25:551][  0]LightingResults: New page: Lighting Build
[2017.07.14-02.23.25:560][  0]LogAIModule: Creating AISystem for world Untitled
[2017.07.14-02.23.25:561][  0]LoadErrors: New page: New Map
[2017.07.14-02.23.25:651][  0]LogWindowsTextInputMethodSystem:Display: IME system now deactivated.
[2017.07.14-02.23.25:753][  0]LogCollectionManager: Loaded 0 collections in 0.001515 seconds
[2017.07.14-02.23.25:826][  0]LogFileCache: Scanning file cache for directory 'C:/Users/Justin Wells/Documents/Unreal Projects/InsertNameAdventure/DatBoiEntertainmetnGame/Saved/Collections/' took 0.01s
[2017.07.14-02.23.25:826][  0]LogFileCache: Scanning file cache for directory 'C:/Users/Justin Wells/Documents/Unreal Projects/InsertNameAdventure/DatBoiEntertainmetnGame/Content/Developers/JustinWells20/Collections/' took 0.01s
[2017.07.14-02.23.25:826][  0]LogFileCache: Scanning file cache for directory 'C:/Users/Justin Wells/Documents/Unreal Projects/InsertNameAdventure/DatBoiEntertainmetnGame/Content/Collections/' took 0.01s
[2017.07.14-02.23.25:826][  0]LogCollectionManager: Rebuilt the GUID cache for 0 collections in 0.000002 seconds
[2017.07.14-02.23.25:833][  0]LogContentBrowser: Native class hierarchy populated in 0.0076 seconds. Added 2329 classes and 491 folders.
[2017.07.14-02.23.25:891][  0]LogContentBrowser: Native class hierarchy updated for 'WidgetCarousel' in 0.0006 seconds. Added 0 classes and 0 folders.
[2017.07.14-02.23.25:920][  0]LogContentBrowser: Native class hierarchy updated for 'AddContentDialog' in 0.0011 seconds. Added 0 classes and 0 folders.
[2017.07.14-02.23.25:956][  0]LogContentBrowser: Native class hierarchy updated for 'SceneOutliner' in 0.0006 seconds. Added 1 classes and 2 folders.
[2017.07.14-02.23.25:977][  0]LogCrashTracker: Crashtracker disabled due to settings.
[2017.07.14-02.23.25:985][  0]LogSlate: Took 0.000192 seconds to synchronously load lazily loaded font '../../../Engine/Content/Slate/Fonts/Roboto-Bold.ttf' (160K)
[2017.07.14-02.23.25:988][  0]LogSlate: Took 0.000227 seconds to synchronously load lazily loaded font '../../../Engine/Content/Editor/Slate/Fonts/FontAwesome.ttf' (139K)
[2017.07.14-02.23.26:068][  0]LogRenderer: Reallocating scene render targets to support 1756x628 NumSamples 1 (Frame:1).
[2017.07.14-02.23.26:178][  0]LogUObjectGlobals:Warning: Failed to find object 'Class None.'
[2017.07.14-02.23.26:237][  0]LogContentBrowser: Native class hierarchy updated for 'HierarchicalLODOutliner' in 0.0017 seconds. Added 1 classes and 2 folders.
[2017.07.14-02.23.26:237][  0]LogLoad: (Engine Initialization) Total time: 29.47 seconds
[2017.07.14-02.23.26:237][  0]LogLoad: (Engine Initialization) Total Blueprint compile time: 0.04 seconds
[2017.07.14-02.23.26:237][  0]LogExternalProfiler: No external profilers were discovered.  External profiling features will not be available.
[2017.07.14-02.23.26:249][  0]LogOcInput: OculusInput pre-init called
[2017.07.14-02.23.26:249][  0]LogHMD: Starting GearVRController plugin
[2017.07.14-02.23.26:265][  0]SourceControl: Info On branch V1.5.1
[2017.07.14-02.23.26:265][  0]SourceControl: Info Your branch is up-to-date with 'origin/V1.5.1'.
[2017.07.14-02.23.26:265][  0]SourceControl: Info Changes not staged for commit:
[2017.07.14-02.23.26:265][  0]SourceControl: Info   (use "git add/rm <file>..." to update what will be committed)
[2017.07.14-02.23.26:265][  0]SourceControl: Info   (use "git checkout -- <file>..." to discard changes in working directory)
[2017.07.14-02.23.26:265][  0]SourceControl: Info 	modified:   Intermediate/AssetRegistryCache/c90e3f55.bin
[2017.07.14-02.23.26:265][  0]SourceControl: Info 	modified:   Intermediate/CachedAssetRegistry.bin
[2017.07.14-02.23.26:265][  0]SourceControl: Info 	modified:   Saved/AutoScreenshot.png
[2017.07.14-02.23.26:265][  0]SourceControl: Info 	deleted:    Saved/Config/CrashReportClient/UE4CC-Windows-0347DBA949F1E2E867C9B0B37682DE90/CrashReportClient.ini
[2017.07.14-02.23.26:265][  0]SourceControl: Info 	deleted:    Saved/Config/CrashReportClient/UE4CC-Windows-1390A46C45F7E3AB8B1642B603E1E5A7/CrashReportClient.ini
[2017.07.14-02.23.26:265][  0]SourceControl: Info 	deleted:    Saved/Config/CrashReportClient/UE4CC-Windows-40E2051541EC559B925FC2930F94C44B/CrashReportClient.ini
[2017.07.14-02.23.26:265][  0]SourceControl: Info 	deleted:    Saved/Config/CrashReportClient/UE4CC-Windows-4699A1EB4D935097605E6F8582C634A6/CrashReportClient.ini
[2017.07.14-02.23.26:265][  0]SourceControl: Info 	deleted:    Saved/Config/CrashReportClient/UE4CC-Windows-826CCBC441D649AECDAAC6A4618B3EC8/CrashReportClient.ini
[2017.07.14-02.23.26:265][  0]SourceControl: Info 	deleted:    Saved/Config/CrashReportClient/UE4CC-Windows-93FB527A440E027313378EA6DDF27B96/CrashReportClient.ini
[2017.07.14-02.23.26:265][  0]SourceControl: Info 	deleted:    Saved/Config/CrashReportClient/UE4CC-Windows-DF8C9FA0421EF9068532ADB91B2D4A77/CrashReportClient.ini
[2017.07.14-02.23.26:265][  0]SourceControl: Info 	deleted:    Saved/Config/CrashReportClient/UE4CC-Windows-E9C52F274BEAC951DAE93FB6CAB27A67/CrashReportClient.ini
[2017.07.14-02.23.26:265][  0]SourceControl: Info 	deleted:    Saved/Config/CrashReportClient/UE4CC-Windows-F62055B84C5F3E02F38F08BF9A306F4A/CrashReportClient.ini
[2017.07.14-02.23.26:265][  0]SourceControl: Info 	modified:   Saved/Config/Windows/Editor.ini
[2017.07.14-02.23.26:265][  0]SourceControl: Info 	modified:   Saved/Config/Windows/EditorPerProjectUserSettings.ini
[2017.07.14-02.23.26:265][  0]SourceControl: Info 	modified:   Saved/Config/Windows/Engine.ini
[2017.07.14-02.23.26:265][  0]SourceControl: Info 	deleted:    Saved/Logs/InsertNameAdventure-backup-2017.07.12-15.20.37.log
[2017.07.14-02.23.26:265][  0]SourceControl: Info 	modified:   Saved/Logs/InsertNameAdventure.log
[2017.07.14-02.23.26:265][  0]SourceControl: Info 	deleted:    Saved/Logs/InsertNameAdventure_2-backup-2017.07.11-13.13.06.log
[2017.07.14-02.23.26:265][  0]SourceControl: Info Untracked files:
[2017.07.14-02.23.26:265][  0]SourceControl: Info   (use "git add <file>..." to include in what will be committed)
[2017.07.14-02.23.26:265][  0]SourceControl: Info 	Saved/Config/CrashReportClient/UE4CC-Windows-2908DA5349A342361518F496F51EA9B4/
[2017.07.14-02.23.26:265][  0]SourceControl: Info 	Saved/Config/CrashReportClient/UE4CC-Windows-CACFC7EB40B498C7B9346FB72B0E62E7/
[2017.07.14-02.23.26:265][  0]SourceControl: Info 	Saved/Logs/InsertNameAdventure-backup-2017.07.13-19.50.49.log
[2017.07.14-02.23.26:265][  0]SourceControl: Info 	Saved/Logs/InsertNameAdventure-backup-2017.07.13-20.22.57.log
[2017.07.14-02.23.26:265][  0]SourceControl: Info no changes added to commit (use "git add" and/or "git commit -a")
[2017.07.14-02.23.26:265][  0]LogContentStreaming: Texture pool size now 1000 MB
[2017.07.14-02.23.26:287][  0]LogSlate: Took 0.000280 seconds to synchronously load lazily loaded font '../../../Engine/Content/Slate/Fonts/Roboto-Light.ttf' (159K)
[2017.07.14-02.23.26:302][  1]LogAssetRegistry: Asset discovery search completed in 22.3956 seconds
[2017.07.14-02.23.26:305][  1]LogCollectionManager: Rebuilt the object cache for 0 collections in 0.000005 seconds (found 0 objects)
[2017.07.14-02.23.26:305][  1]LogCollectionManager: Fixed up redirectors for 0 collections in 0.000035 seconds (updated 0 objects)
[2017.07.14-02.23.27:932][188]LogSlate: Took 0.000130 seconds to synchronously load lazily loaded font '../../../Engine/Content/Slate/Fonts/Roboto-Light.ttf' (159K)
[2017.07.14-02.23.28:726][188]LogAIModule: Creating AISystem for world Rainforest_Alien
[2017.07.14-02.23.28:764][188]LightingResults: New page: Lighting Build
[2017.07.14-02.23.28:765][188]LoadErrors: New page: Loading map: Rainforest_Alien.umap
[2017.07.14-02.23.28:765][188]MapCheck: New page: Map Check
[2017.07.14-02.23.28:765][188]LightingResults: New page: Lighting Build
[2017.07.14-02.23.28:790][188]LogEditorServer: Finished looking for orphan Actors (0.000 secs)
[2017.07.14-02.23.28:843][188]Cmd: MAP CHECKDEP NOCLEARLOG
[2017.07.14-02.23.28:892][188]MapCheck: Info Map check complete: 0 Error(s), 0 Warning(s), took 48.686ms to complete.
[2017.07.14-02.23.28:892][188]LogFileHelpers: Loading map 'Rainforest_Alien' took 0.128
[2017.07.14-02.23.33:987][778]LogEditorViewport: Clicking on Actor (LMB): PaperSpriteActor (Rain_Forrest_Tree_1_Sprite169)
[2017.07.14-02.23.45:212][ 72]LogEditorViewport: Clicking on Actor (LMB): PaperSpriteActor (Tree_backdrop_Sprite_0)
[2017.07.14-02.23.46:281][193]LogEditorViewport: Clicking on Actor (LMB): PaperSpriteActor (Rain_Forrest_Tree_1_Sprite173)
[2017.07.14-02.24.15:313][480]LogEditorViewport: Clicking on Actor (LMB): PaperSpriteActor (Tree_backdrop_Sprite_0)
[2017.07.14-02.24.15:888][536]LogEditorViewport: Clicking on Actor (LMB): PaperSpriteActor (Tree_backdrop_Sprite_0)
[2017.07.14-02.24.20:043][ 14]LogEditorViewport: Clicking on Actor (context menu): BP_Sky_Sphere_C (BP_Sky_Sphere)
[2017.07.14-02.24.20:690][ 84]LogEditorViewport: Clicking on Actor (LMB): BP_Sky_Sphere_C (BP_Sky_Sphere)
[2017.07.14-02.24.25:331][569]LogEditorViewport: Clicking on Actor (LMB): PaperSpriteActor (Rain_Forrest_Tree_1_Sprite183)
[2017.07.14-02.24.26:426][694]LogEditorViewport: Clicking on Actor (CTRL LMB): PaperSpriteActor (Rain_Forrest_Tree_1_Sprite180)
[2017.07.14-02.24.27:032][758]LogEditorViewport: Clicking on Actor (CTRL LMB): PaperSpriteActor (Rain_Forrest_Tree_1_Sprite178)
[2017.07.14-02.24.28:218][894]LogEditorViewport: Clicking on Actor (CTRL LMB): PaperSpriteActor (Rain_Forrest_Tree_1_Sprite181)
[2017.07.14-02.24.33:728][467]LogEditorViewport: Clicking on Actor (CTRL LMB): PaperSpriteActor (Rain_Forrest_Tree_1_Sprite181)
[2017.07.14-02.24.34:316][533]LogEditorViewport: Clicking on Actor (CTRL LMB): PaperSpriteActor (Rain_Forrest_Tree_1_Sprite179)
[2017.07.14-02.24.36:696][759]LogEditorViewport: Clicking on Actor (CTRL LMB): PaperSpriteActor (Rain_Forrest_Tree_1_Sprite177)
[2017.07.14-02.24.37:271][823]LogEditorViewport: Clicking on Actor (CTRL LMB): PaperSpriteActor (Rain_Forrest_Tree_1_Sprite176)
[2017.07.14-02.24.37:778][878]LogEditorViewport: Clicking on Actor (CTRL LMB): PaperSpriteActor (Rain_Forrest_Tree_1_Sprite175)
[2017.07.14-02.24.38:280][932]LogEditorViewport: Clicking on Actor (CTRL LMB): PaperSpriteActor (Rain_Forrest_Tree_1_Sprite173)
[2017.07.14-02.24.38:692][976]LogEditorViewport: Clicking on Actor (CTRL LMB): PaperSpriteActor (Rain_Forrest_Tree_1_Sprite174)
[2017.07.14-02.25.04:724][816]LogEditorViewport: Clicking on Actor (LMB): PaperSpriteActor (Rain_Forrest_Tree_1_Sprite185)
[2017.07.14-02.25.05:744][933]Cmd: DELETE
[2017.07.14-02.25.05:744][933]Cmd: ACTOR DELETE
[2017.07.14-02.25.05:746][933]LogEditorActor: Deleted Actor: PaperSpriteActor
[2017.07.14-02.25.05:765][933]LogEditorActor: Deleted 1 Actors (0.020 secs)
[2017.07.14-02.25.07:243][105]LogEditorViewport: Clicking on Actor (LMB): PaperSpriteActor (Rain_Forrest_Tree_1_Sprite184)
[2017.07.14-02.25.08:164][209]Cmd: DELETE
[2017.07.14-02.25.08:164][209]Cmd: ACTOR DELETE
[2017.07.14-02.25.08:165][209]LogEditorActor: Deleted Actor: PaperSpriteActor
[2017.07.14-02.25.08:181][209]LogEditorActor: Deleted 1 Actors (0.017 secs)
[2017.07.14-02.25.12:023][632]LogEditorViewport: Clicking on Actor (LMB): PaperSpriteActor (Tree_backdrop_Sprite_0)
[2017.07.14-02.25.12:703][707]LogEditorViewport: Clicking on Actor (LMB): PaperSpriteActor (Rain_Forrest_Tree_1_Sprite192)
[2017.07.14-02.25.13:633][810]LogEditorViewport: Clicking on Actor (CTRL LMB): PaperSpriteActor (Rain_Forrest_Tree_1_Sprite190)
[2017.07.14-02.25.14:789][943]LogEditorViewport: Clicking on Actor (CTRL LMB): PaperSpriteActor (Rain_Forrest_Tree_1_Sprite191)
[2017.07.14-02.25.15:579][ 32]LogEditorViewport: Clicking on Actor (CTRL LMB): PaperSpriteActor (Rain_Forrest_Tree_1_Sprite189)
[2017.07.14-02.25.16:264][109]LogEditorViewport: Clicking on Actor (CTRL LMB): PaperSpriteActor (Rain_Forrest_Tree_1_Sprite188)
[2017.07.14-02.25.17:800][284]LogEditorViewport: Clicking on Actor (CTRL LMB): PaperSpriteActor (Rain_Forrest_Tree_1_Sprite187)
[2017.07.14-02.25.18:450][357]LogEditorViewport: Clicking on Actor (CTRL LMB): PaperSpriteActor (Rain_Forrest_Tree_1_Sprite186)
[2017.07.14-02.25.32:025][841]LogEditorViewport: Clicking on Actor (LMB): BP_Sky_Sphere_C (BP_Sky_Sphere)
[2017.07.14-02.25.43:468][108]LogTemp: Repeting last play command: New Editor Window (PIE)
[2017.07.14-02.25.43:521][108]LogPlayLevel: PlayLevel: No blueprints needed recompiling
[2017.07.14-02.25.43:521][108]PIE: New page: PIE session: Rainforest_Alien (Jul 13, 2017, 2:25:43 PM)
[2017.07.14-02.25.43:521][108]LogPlayLevel: Creating play world package: /Game/2DSideScrollerBP/Maps/Levels/UEDPIE_0_Rainforest_Alien
[2017.07.14-02.25.43:532][108]LogPlayLevel: PIE: StaticDuplicateObject took: (0.010797s)
[2017.07.14-02.25.43:532][108]LogAIModule: Creating AISystem for world Rainforest_Alien
[2017.07.14-02.25.43:532][108]LogPlayLevel: PIE: World Init took: (0.000529s)
[2017.07.14-02.25.43:533][108]LogPlayLevel: PIE: Created PIE world by copying editor world from /Game/2DSideScrollerBP/Maps/Levels/Rainforest_Alien.Rainforest_Alien to /Game/2DSideScrollerBP/Maps/Levels/UEDPIE_0_Rainforest_Alien.Rainforest_Alien (0.011765s)
[2017.07.14-02.25.43:547][108]LogInit: XAudio2 using 'Speakers (High Definition Audio Device)' : 2 channels at 48 kHz using 16 bits per sample (channel mask 0x3)
[2017.07.14-02.25.43:554][108]LogInit: FAudioDevice initialized.
[2017.07.14-02.25.43:620][108]LogLoad: Game class is '2DSideScrollerGameMode_C'
[2017.07.14-02.25.43:634][108]LogWorld: Bringing World /Game/2DSideScrollerBP/Maps/Levels/UEDPIE_0_Rainforest_Alien.Rainforest_Alien up for play (max tick rate 0) at 2017.07.13-20.25.43
[2017.07.14-02.25.43:645][108]LogWorld: Bringing up level for play took: 0.022876
[2017.07.14-02.25.43:681][108]LogContentBrowser: Native class hierarchy updated for 'MovieSceneCapture' in 0.0007 seconds. Added 11 classes and 0 folders.
[2017.07.14-02.25.43:694][108]PIE: Info Play in editor start time for /Game/2DSideScrollerBP/Maps/Levels/UEDPIE_0_Rainforest_Alien -0.687
[2017.07.14-02.25.43:735][108]LogRenderer: Reallocating scene render targets to support 1756x756 NumSamples 1 (Frame:1).
[2017.07.14-02.26.31:156][355]LogEditorViewport: Clicking on Actor (LMB): PaperSpriteActor (Rain_Forrest_Tree_1_Sprite172)
[2017.07.14-02.26.32:387][487]LogEditorViewport: Clicking on Actor (LMB): BP_Sky_Sphere_C (BP_Sky_Sphere)
[2017.07.14-02.27.43:518][ 82]LogEditorViewport: Clicking on Actor (LMB): PaperSpriteActor (Dungeon_Art_Sprite_7)
[2017.07.14-02.27.47:445][532]LogEditorViewport: Clicking on Actor (LMB): PostProcessVolume (PostProcessVolume)
[2017.07.14-02.27.48:328][629]LogEditorViewport: Clicking on Actor (LMB): PaperSpriteActor (Dungeon_Art_Sprite_20)
[2017.07.14-02.28.03:498][287]Cmd: TRANSACTION UNDO
[2017.07.14-02.28.03:498][287]LogEditorTransaction: Undo Move Actors
[2017.07.14-02.28.03:519][287]LogSlate: Took 0.000209 seconds to synchronously load lazily loaded font '../../../Engine/Content/Slate/Fonts/Roboto-Light.ttf' (159K)
[2017.07.14-02.28.08:240][817]LogEditorViewport: Clicking on Actor (LMB): BP_Sky_Sphere_C (BP_Sky_Sphere)
[2017.07.14-02.28.08:655][862]LogEditorViewport: Clicking on Actor (LMB): BP_Sky_Sphere_C (BP_Sky_Sphere)
[2017.07.14-02.28.09:273][933]LogEditorViewport: Clicking on Actor (LMB): PaperSpriteActor (Dungeon_Art_Sprite_9)
[2017.07.14-02.28.09:648][972]LogEditorViewport: Clicking on Actor (LMB): PaperSpriteActor (Dungeon_Art_Sprite_9)
[2017.07.14-02.28.17:361][782]LogEditorViewport: Clicking on Actor (LMB): PaperSpriteActor (Dungeon_Art_Sprite_22)
[2017.07.14-02.28.25:422][722]LogEditorViewport: Clicking on Actor (LMB): BP_Sky_Sphere_C (BP_Sky_Sphere)
[2017.07.14-02.28.27:873][948]LogEditorViewport: Clicking on Actor (LMB): StaticMeshActor (Sphere)
[2017.07.14-02.28.40:328][418]LogEditorViewport: Clicking on Actor (LMB): BP_Sky_Sphere_C (BP_Sky_Sphere)
[2017.07.14-02.28.41:995][560]LogEditorViewport: Clicking on Actor (LMB): StaticMeshActor (Sphere)
[2017.07.14-02.29.26:104][438]LogEditorViewport: Clicking on Actor (LMB): BP_Sky_Sphere_C (BP_Sky_Sphere)
[2017.07.14-02.29.30:541][897]LogEditorViewport: Clicking on Actor (LMB): PaperSpriteActor (Dungeon_Art_Sprite_15)
[2017.07.14-02.29.56:427][621]LogEditorViewport: Clicking on Actor (LMB): BP_Sky_Sphere_C (BP_Sky_Sphere)
[2017.07.14-02.30.01:279][129]LogTemp: Repeting last play command: New Editor Window (PIE)
[2017.07.14-02.30.01:304][129]LogPlayLevel: PlayLevel: No blueprints needed recompiling
[2017.07.14-02.30.01:304][129]PIE: New page: PIE session: Rainforest_Alien (Jul 13, 2017, 2:30:01 PM)
[2017.07.14-02.30.01:304][129]LogPlayLevel: Creating play world package: /Game/2DSideScrollerBP/Maps/Levels/UEDPIE_0_Rainforest_Alien
[2017.07.14-02.30.01:315][129]LogPlayLevel: PIE: StaticDuplicateObject took: (0.010768s)
[2017.07.14-02.30.01:316][129]LogAIModule: Creating AISystem for world Rainforest_Alien
[2017.07.14-02.30.01:316][129]LogPlayLevel: PIE: World Init took: (0.000560s)
[2017.07.14-02.30.01:316][129]LogPlayLevel: PIE: Created PIE world by copying editor world from /Game/2DSideScrollerBP/Maps/Levels/Rainforest_Alien.Rainforest_Alien to /Game/2DSideScrollerBP/Maps/Levels/UEDPIE_0_Rainforest_Alien.Rainforest_Alien (0.011606s)
[2017.07.14-02.30.01:330][129]LogInit: XAudio2 using 'Speakers (High Definition Audio Device)' : 2 channels at 48 kHz using 16 bits per sample (channel mask 0x3)
[2017.07.14-02.30.01:337][129]LogInit: FAudioDevice initialized.
[2017.07.14-02.30.01:388][129]LogLoad: Game class is '2DSideScrollerGameMode_C'
[2017.07.14-02.30.01:400][129]LogWorld: Bringing World /Game/2DSideScrollerBP/Maps/Levels/UEDPIE_0_Rainforest_Alien.Rainforest_Alien up for play (max tick rate 0) at 2017.07.13-20.30.01
[2017.07.14-02.30.01:411][129]LogWorld: Bringing up level for play took: 0.022390
[2017.07.14-02.30.01:423][129]PIE: Info Play in editor start time for /Game/2DSideScrollerBP/Maps/Levels/UEDPIE_0_Rainforest_Alien 1.042
[2017.07.14-02.30.36:699][105]LogEditorViewport: Clicking on Actor (LMB): BP_Sky_Sphere_C (BP_Sky_Sphere)
[2017.07.14-02.30.38:455][304]Cmd: TRANSACTION UNDO
[2017.07.14-02.30.38:455][304]LogEditorTransaction: Undo Translate/Rotate2D Actors
[2017.07.14-02.30.38:462][304]LogActorComponent: ~FComponentReregisterContext: (/Game/2DSideScrollerBP/Maps/Levels/Rainforest_Alien.Rainforest_Alien:PersistentLevel.Dungeon_Art_Sprite_14.RenderComponent) Component already registered.
[2017.07.14-02.30.38:462][304]LogActorComponent: ~FComponentReregisterContext: (/Game/2DSideScrollerBP/Maps/Levels/Rainforest_Alien.Rainforest_Alien:PersistentLevel.Dungeon_Art_Sprite_21.RenderComponent) Component already registered.
[2017.07.14-02.30.38:463][304]LogActorComponent: ~FComponentReregisterContext: (/Game/2DSideScrollerBP/Maps/Levels/Rainforest_Alien.Rainforest_Alien:PersistentLevel.Dungeon_Art_Sprite_8.RenderComponent) Component already registered.
[2017.07.14-02.30.38:465][304]LogActorComponent: ~FComponentReregisterContext: (/Game/2DSideScrollerBP/Maps/Levels/Rainforest_Alien.Rainforest_Alien:PersistentLevel.Dungeon_Art_Sprite_24.RenderComponent) Component already registered.
[2017.07.14-02.30.38:466][304]LogActorComponent: ~FComponentReregisterContext: (/Game/2DSideScrollerBP/Maps/Levels/Rainforest_Alien.Rainforest_Alien:PersistentLevel.Dungeon_Art_Sprite_41.RenderComponent) Component already registered.
[2017.07.14-02.30.42:756][789]LogTemp: Repeting last play command: New Editor Window (PIE)
[2017.07.14-02.30.42:780][789]LogPlayLevel: PlayLevel: No blueprints needed recompiling
[2017.07.14-02.30.42:780][789]PIE: New page: PIE session: Rainforest_Alien (Jul 13, 2017, 2:30:42 PM)
[2017.07.14-02.30.42:780][789]LogPlayLevel: Creating play world package: /Game/2DSideScrollerBP/Maps/Levels/UEDPIE_0_Rainforest_Alien
[2017.07.14-02.30.42:791][789]LogPlayLevel: PIE: StaticDuplicateObject took: (0.011316s)
[2017.07.14-02.30.42:791][789]LogAIModule: Creating AISystem for world Rainforest_Alien
[2017.07.14-02.30.42:792][789]LogPlayLevel: PIE: World Init took: (0.000552s)
[2017.07.14-02.30.42:792][789]LogPlayLevel: PIE: Created PIE world by copying editor world from /Game/2DSideScrollerBP/Maps/Levels/Rainforest_Alien.Rainforest_Alien to /Game/2DSideScrollerBP/Maps/Levels/UEDPIE_0_Rainforest_Alien.Rainforest_Alien (0.012174s)
[2017.07.14-02.30.42:807][789]LogInit: XAudio2 using 'Speakers (High Definition Audio Device)' : 2 channels at 48 kHz using 16 bits per sample (channel mask 0x3)
[2017.07.14-02.30.42:813][789]LogInit: FAudioDevice initialized.
[2017.07.14-02.30.42:862][789]LogLoad: Game class is '2DSideScrollerGameMode_C'
[2017.07.14-02.30.42:875][789]LogWorld: Bringing World /Game/2DSideScrollerBP/Maps/Levels/UEDPIE_0_Rainforest_Alien.Rainforest_Alien up for play (max tick rate 0) at 2017.07.13-20.30.42
[2017.07.14-02.30.42:885][789]LogWorld: Bringing up level for play took: 0.021984
[2017.07.14-02.30.42:897][789]PIE: Info Play in editor start time for /Game/2DSideScrollerBP/Maps/Levels/UEDPIE_0_Rainforest_Alien 0.516
[2017.07.14-02.30.50:849][719]LogEditorViewport: Clicking on Actor (LMB): BP_Sky_Sphere_C (BP_Sky_Sphere)
[2017.07.14-02.30.52:098][858]Cmd: TRANSACTION UNDO
[2017.07.14-02.30.52:098][858]LogEditorTransaction: Undo Clicking on Actors
[2017.07.14-02.30.56:147][313]LogTemp: Repeting last play command: New Editor Window (PIE)
[2017.07.14-02.30.56:169][313]LogPlayLevel: PlayLevel: No blueprints needed recompiling
[2017.07.14-02.30.56:169][313]PIE: New page: PIE session: Rainforest_Alien (Jul 13, 2017, 2:30:56 PM)
[2017.07.14-02.30.56:169][313]LogPlayLevel: Creating play world package: /Game/2DSideScrollerBP/Maps/Levels/UEDPIE_0_Rainforest_Alien
[2017.07.14-02.30.56:180][313]LogPlayLevel: PIE: StaticDuplicateObject took: (0.010784s)
[2017.07.14-02.30.56:180][313]LogAIModule: Creating AISystem for world Rainforest_Alien
[2017.07.14-02.30.56:181][313]LogPlayLevel: PIE: World Init took: (0.000556s)
[2017.07.14-02.30.56:181][313]LogPlayLevel: PIE: Created PIE world by copying editor world from /Game/2DSideScrollerBP/Maps/Levels/Rainforest_Alien.Rainforest_Alien to /Game/2DSideScrollerBP/Maps/Levels/UEDPIE_0_Rainforest_Alien.Rainforest_Alien (0.011598s)
[2017.07.14-02.30.56:195][313]LogInit: XAudio2 using 'Speakers (High Definition Audio Device)' : 2 channels at 48 kHz using 16 bits per sample (channel mask 0x3)
[2017.07.14-02.30.56:201][313]LogInit: FAudioDevice initialized.
[2017.07.14-02.30.56:248][313]LogLoad: Game class is '2DSideScrollerGameMode_C'
[2017.07.14-02.30.56:261][313]LogWorld: Bringing World /Game/2DSideScrollerBP/Maps/Levels/UEDPIE_0_Rainforest_Alien.Rainforest_Alien up for play (max tick rate 0) at 2017.07.13-20.30.56
[2017.07.14-02.30.56:272][313]LogWorld: Bringing up level for play took: 0.022228
[2017.07.14-02.30.56:283][313]PIE: Info Play in editor start time for /Game/2DSideScrollerBP/Maps/Levels/UEDPIE_0_Rainforest_Alien -0.097
[2017.07.14-02.31.04:308][245]LogEditorViewport: Clicking on Actor (LMB): BP_Sky_Sphere_C (BP_Sky_Sphere)
[2017.07.14-02.31.05:414][369]Cmd: TRANSACTION UNDO
[2017.07.14-02.31.05:414][369]LogEditorTransaction: Undo Clicking on Actors
[2017.07.14-02.31.08:507][720]LogTemp: Repeting last play command: New Editor Window (PIE)
[2017.07.14-02.31.08:530][720]LogPlayLevel: PlayLevel: No blueprints needed recompiling
[2017.07.14-02.31.08:530][720]PIE: New page: PIE session: Rainforest_Alien (Jul 13, 2017, 2:31:08 PM)
[2017.07.14-02.31.08:530][720]LogPlayLevel: Creating play world package: /Game/2DSideScrollerBP/Maps/Levels/UEDPIE_0_Rainforest_Alien
[2017.07.14-02.31.08:542][720]LogPlayLevel: PIE: StaticDuplicateObject took: (0.011818s)
[2017.07.14-02.31.08:542][720]LogAIModule: Creating AISystem for world Rainforest_Alien
[2017.07.14-02.31.08:543][720]LogPlayLevel: PIE: World Init took: (0.000542s)
[2017.07.14-02.31.08:543][720]LogPlayLevel: PIE: Created PIE world by copying editor world from /Game/2DSideScrollerBP/Maps/Levels/Rainforest_Alien.Rainforest_Alien to /Game/2DSideScrollerBP/Maps/Levels/UEDPIE_0_Rainforest_Alien.Rainforest_Alien (0.012633s)
[2017.07.14-02.31.08:556][720]LogInit: XAudio2 using 'Speakers (High Definition Audio Device)' : 2 channels at 48 kHz using 16 bits per sample (channel mask 0x3)
[2017.07.14-02.31.08:563][720]LogInit: FAudioDevice initialized.
[2017.07.14-02.31.08:611][720]LogLoad: Game class is '2DSideScrollerGameMode_C'
[2017.07.14-02.31.08:624][720]LogWorld: Bringing World /Game/2DSideScrollerBP/Maps/Levels/UEDPIE_0_Rainforest_Alien.Rainforest_Alien up for play (max tick rate 0) at 2017.07.13-20.31.08
[2017.07.14-02.31.08:635][720]LogWorld: Bringing up level for play took: 0.022057
[2017.07.14-02.31.08:646][720]PIE: Info Play in editor start time for /Game/2DSideScrollerBP/Maps/Levels/UEDPIE_0_Rainforest_Alien 0.265
[2017.07.14-02.31.16:479][633]LogEditorViewport: Clicking on Actor (LMB): PaperSpriteActor (Dungeon_Art_Sprite_21)
[2017.07.14-02.31.17:129][700]Cmd: TRANSACTION UNDO
[2017.07.14-02.31.17:129][700]LogEditorTransaction: Undo Clicking on Actors
[2017.07.14-02.31.19:567][965]LogEditorViewport: Clicking on Actor (LMB): BP_Sky_Sphere_C (BP_Sky_Sphere)
[2017.07.14-02.31.19:862][994]LogTemp: Repeting last play command: New Editor Window (PIE)
[2017.07.14-02.31.19:886][994]LogPlayLevel: PlayLevel: No blueprints needed recompiling
[2017.07.14-02.31.19:886][994]PIE: New page: PIE session: Rainforest_Alien (Jul 13, 2017, 2:31:19 PM)
[2017.07.14-02.31.19:886][994]LogPlayLevel: Creating play world package: /Game/2DSideScrollerBP/Maps/Levels/UEDPIE_0_Rainforest_Alien
[2017.07.14-02.31.19:896][994]LogPlayLevel: PIE: StaticDuplicateObject took: (0.010485s)
[2017.07.14-02.31.19:897][994]LogAIModule: Creating AISystem for world Rainforest_Alien
[2017.07.14-02.31.19:897][994]LogPlayLevel: PIE: World Init took: (0.000657s)
[2017.07.14-02.31.19:897][994]LogPlayLevel: PIE: Created PIE world by copying editor world from /Game/2DSideScrollerBP/Maps/Levels/Rainforest_Alien.Rainforest_Alien to /Game/2DSideScrollerBP/Maps/Levels/UEDPIE_0_Rainforest_Alien.Rainforest_Alien (0.011419s)
[2017.07.14-02.31.19:911][994]LogInit: XAudio2 using 'Speakers (High Definition Audio Device)' : 2 channels at 48 kHz using 16 bits per sample (channel mask 0x3)
[2017.07.14-02.31.19:917][994]LogInit: FAudioDevice initialized.
[2017.07.14-02.31.19:964][994]LogLoad: Game class is '2DSideScrollerGameMode_C'
[2017.07.14-02.31.19:977][994]LogWorld: Bringing World /Game/2DSideScrollerBP/Maps/Levels/UEDPIE_0_Rainforest_Alien.Rainforest_Alien up for play (max tick rate 0) at 2017.07.13-20.31.19
[2017.07.14-02.31.19:987][994]LogWorld: Bringing up level for play took: 0.021633
[2017.07.14-02.31.19:998][994]PIE: Info Play in editor start time for /Game/2DSideScrollerBP/Maps/Levels/UEDPIE_0_Rainforest_Alien -0.383
[2017.07.14-02.31.28:817][ 27]Cmd: TRANSACTION UNDO
[2017.07.14-02.31.28:817][ 27]LogEditorTransaction: Undo Clicking on Actors
[2017.07.14-02.31.32:319][422]LogTemp: Repeting last play command: New Editor Window (PIE)
[2017.07.14-02.31.32:342][422]LogPlayLevel: PlayLevel: No blueprints needed recompiling
[2017.07.14-02.31.32:342][422]PIE: New page: PIE session: Rainforest_Alien (Jul 13, 2017, 2:31:32 PM)
[2017.07.14-02.31.32:342][422]LogPlayLevel: Creating play world package: /Game/2DSideScrollerBP/Maps/Levels/UEDPIE_0_Rainforest_Alien
[2017.07.14-02.31.32:353][422]LogPlayLevel: PIE: StaticDuplicateObject took: (0.010725s)
[2017.07.14-02.31.32:353][422]LogAIModule: Creating AISystem for world Rainforest_Alien
[2017.07.14-02.31.32:354][422]LogPlayLevel: PIE: World Init took: (0.000543s)
[2017.07.14-02.31.32:354][422]LogPlayLevel: PIE: Created PIE world by copying editor world from /Game/2DSideScrollerBP/Maps/Levels/Rainforest_Alien.Rainforest_Alien to /Game/2DSideScrollerBP/Maps/Levels/UEDPIE_0_Rainforest_Alien.Rainforest_Alien (0.011635s)
[2017.07.14-02.31.32:367][422]LogInit: XAudio2 using 'Speakers (High Definition Audio Device)' : 2 channels at 48 kHz using 16 bits per sample (channel mask 0x3)
[2017.07.14-02.31.32:374][422]LogInit: FAudioDevice initialized.
[2017.07.14-02.31.32:419][422]LogLoad: Game class is '2DSideScrollerGameMode_C'
[2017.07.14-02.31.32:431][422]LogWorld: Bringing World /Game/2DSideScrollerBP/Maps/Levels/UEDPIE_0_Rainforest_Alien.Rainforest_Alien up for play (max tick rate 0) at 2017.07.13-20.31.32
[2017.07.14-02.31.32:442][422]LogWorld: Bringing up level for play took: 0.021801
[2017.07.14-02.31.32:453][422]PIE: Info Play in editor start time for /Game/2DSideScrollerBP/Maps/Levels/UEDPIE_0_Rainforest_Alien 0.072
[2017.07.14-02.31.40:674][382]LogEditorViewport: Clicking on Actor (LMB): PostProcessVolume (PostProcessVolume)
[2017.07.14-02.31.42:069][538]Cmd: TRANSACTION UNDO
[2017.07.14-02.31.42:069][538]LogEditorTransaction: Undo Clicking on Actors
[2017.07.14-02.31.45:799][962]LogTemp: Repeting last play command: New Editor Window (PIE)
[2017.07.14-02.31.45:822][962]LogPlayLevel: PlayLevel: No blueprints needed recompiling
[2017.07.14-02.31.45:822][962]PIE: New page: PIE session: Rainforest_Alien (Jul 13, 2017, 2:31:45 PM)
[2017.07.14-02.31.45:822][962]LogPlayLevel: Creating play world package: /Game/2DSideScrollerBP/Maps/Levels/UEDPIE_0_Rainforest_Alien
[2017.07.14-02.31.45:834][962]LogPlayLevel: PIE: StaticDuplicateObject took: (0.011369s)
[2017.07.14-02.31.45:834][962]LogAIModule: Creating AISystem for world Rainforest_Alien
[2017.07.14-02.31.45:834][962]LogPlayLevel: PIE: World Init took: (0.000590s)
[2017.07.14-02.31.45:835][962]LogPlayLevel: PIE: Created PIE world by copying editor world from /Game/2DSideScrollerBP/Maps/Levels/Rainforest_Alien.Rainforest_Alien to /Game/2DSideScrollerBP/Maps/Levels/UEDPIE_0_Rainforest_Alien.Rainforest_Alien (0.012195s)
[2017.07.14-02.31.45:849][962]LogInit: XAudio2 using 'Speakers (High Definition Audio Device)' : 2 channels at 48 kHz using 16 bits per sample (channel mask 0x3)
[2017.07.14-02.31.45:855][962]LogInit: FAudioDevice initialized.
[2017.07.14-02.31.45:901][962]LogLoad: Game class is '2DSideScrollerGameMode_C'
[2017.07.14-02.31.45:915][962]LogWorld: Bringing World /Game/2DSideScrollerBP/Maps/Levels/UEDPIE_0_Rainforest_Alien.Rainforest_Alien up for play (max tick rate 0) at 2017.07.13-20.31.45
[2017.07.14-02.31.45:924][962]LogWorld: Bringing up level for play took: 0.021526
[2017.07.14-02.31.45:936][962]PIE: Info Play in editor start time for /Game/2DSideScrollerBP/Maps/Levels/UEDPIE_0_Rainforest_Alien -0.445
[2017.07.14-02.31.53:617][859]LogEditorViewport: Clicking on Actor (LMB): PaperSpriteActor (Dungeon_Art_Sprite_27)
[2017.07.14-02.31.54:065][905]Cmd: TRANSACTION UNDO
[2017.07.14-02.31.54:065][905]LogEditorTransaction: Undo Clicking on Actors
[2017.07.14-02.31.58:537][422]LogTemp: Repeting last play command: New Editor Window (PIE)
[2017.07.14-02.31.58:560][422]LogPlayLevel: PlayLevel: No blueprints needed recompiling
[2017.07.14-02.31.58:560][422]PIE: New page: PIE session: Rainforest_Alien (Jul 13, 2017, 2:31:58 PM)
[2017.07.14-02.31.58:560][422]LogPlayLevel: Creating play world package: /Game/2DSideScrollerBP/Maps/Levels/UEDPIE_0_Rainforest_Alien
[2017.07.14-02.31.58:572][422]LogPlayLevel: PIE: StaticDuplicateObject took: (0.011149s)
[2017.07.14-02.31.58:572][422]LogAIModule: Creating AISystem for world Rainforest_Alien
[2017.07.14-02.31.58:572][422]LogPlayLevel: PIE: World Init took: (0.000492s)
[2017.07.14-02.31.58:572][422]LogPlayLevel: PIE: Created PIE world by copying editor world from /Game/2DSideScrollerBP/Maps/Levels/Rainforest_Alien.Rainforest_Alien to /Game/2DSideScrollerBP/Maps/Levels/UEDPIE_0_Rainforest_Alien.Rainforest_Alien (0.011920s)
[2017.07.14-02.31.58:587][422]LogInit: XAudio2 using 'Speakers (High Definition Audio Device)' : 2 channels at 48 kHz using 16 bits per sample (channel mask 0x3)
[2017.07.14-02.31.58:593][422]LogInit: FAudioDevice initialized.
[2017.07.14-02.31.58:641][422]LogLoad: Game class is '2DSideScrollerGameMode_C'
[2017.07.14-02.31.58:653][422]LogWorld: Bringing World /Game/2DSideScrollerBP/Maps/Levels/UEDPIE_0_Rainforest_Alien.Rainforest_Alien up for play (max tick rate 0) at 2017.07.13-20.31.58
[2017.07.14-02.31.58:663][422]LogWorld: Bringing up level for play took: 0.021352
[2017.07.14-02.31.58:675][422]PIE: Info Play in editor start time for /Game/2DSideScrollerBP/Maps/Levels/UEDPIE_0_Rainforest_Alien 0.295
[2017.07.14-02.32.06:368][319]LogEditorViewport: Clicking on Actor (LMB): BP_Sky_Sphere_C (BP_Sky_Sphere)
[2017.07.14-02.32.06:693][352]Cmd: TRANSACTION UNDO
[2017.07.14-02.32.06:693][352]LogEditorTransaction: Undo Clicking on Actors
[2017.07.14-02.32.11:261][869]LogTemp: Repeting last play command: New Editor Window (PIE)
[2017.07.14-02.32.11:285][869]LogPlayLevel: PlayLevel: No blueprints needed recompiling
[2017.07.14-02.32.11:285][869]PIE: New page: PIE session: Rainforest_Alien (Jul 13, 2017, 2:32:11 PM)
[2017.07.14-02.32.11:285][869]LogPlayLevel: Creating play world package: /Game/2DSideScrollerBP/Maps/Levels/UEDPIE_0_Rainforest_Alien
[2017.07.14-02.32.11:295][869]LogPlayLevel: PIE: StaticDuplicateObject took: (0.010571s)
[2017.07.14-02.32.11:296][869]LogAIModule: Creating AISystem for world Rainforest_Alien
[2017.07.14-02.32.11:296][869]LogPlayLevel: PIE: World Init took: (0.000592s)
[2017.07.14-02.32.11:296][869]LogPlayLevel: PIE: Created PIE world by copying editor world from /Game/2DSideScrollerBP/Maps/Levels/Rainforest_Alien.Rainforest_Alien to /Game/2DSideScrollerBP/Maps/Levels/UEDPIE_0_Rainforest_Alien.Rainforest_Alien (0.011372s)
[2017.07.14-02.32.11:311][869]LogInit: XAudio2 using 'Speakers (High Definition Audio Device)' : 2 channels at 48 kHz using 16 bits per sample (channel mask 0x3)
[2017.07.14-02.32.11:317][869]LogInit: FAudioDevice initialized.
[2017.07.14-02.32.11:365][869]LogLoad: Game class is '2DSideScrollerGameMode_C'
[2017.07.14-02.32.11:379][869]LogWorld: Bringing World /Game/2DSideScrollerBP/Maps/Levels/UEDPIE_0_Rainforest_Alien.Rainforest_Alien up for play (max tick rate 0) at 2017.07.13-20.32.11
[2017.07.14-02.32.11:389][869]LogWorld: Bringing up level for play took: 0.022517
[2017.07.14-02.32.11:401][869]PIE: Info Play in editor start time for /Game/2DSideScrollerBP/Maps/Levels/UEDPIE_0_Rainforest_Alien 1.02
[2017.07.14-02.32.23:838][307]LogEditorViewport: Clicking on Actor (LMB): BP_Sky_Sphere_C (BP_Sky_Sphere)
[2017.07.14-02.32.43:169][440]MapCheck: New page: Map Check
[2017.07.14-02.32.43:184][440]LightingResults: New page: Lighting Build - Jul 13, 2017, 2:32:43 PM
[2017.07.14-02.32.43:215][440]LogSwarmInterface: [OpenConnection] Registering TCP channel ...
[2017.07.14-02.32.43:275][440]LogSwarmInterface: [OpenConnection] Connecting to agent ...
[2017.07.14-02.32.43:283][440]LogSwarmInterface: [TryOpenConnection] Testing the Agent
[2017.07.14-02.32.43:808][440]LogSwarmInterface: [TryOpenConnection] Opening Connection to Agent
[2017.07.14-02.32.43:808][440]LogSwarmInterface: [TryOpenConnection] Local Process ID is 23348
[2017.07.14-02.32.46:427][440]LogStaticLightingSystem:Warning: No importance volume found, so the scene bounding box was used.  You can optimize your scene's quality and lighting build times by adding importance volumes.
[2017.07.14-02.32.46:427][440]LogStaticLightingSystem: Running Lightmass w/ ImmediateImport mode ENABLED
[2017.07.14-02.32.46:427][440]LogStaticLightingSystem: Running Lightmass w/ ImmediateProcess mode ENABLED
[2017.07.14-02.32.46:427][440]LogStaticLightingSystem: Running Lightmass w/ Sorting mode ENABLED
[2017.07.14-02.32.46:427][440]LogStaticLightingSystem: Running Lightmass w/ Mapping paddings ENABLED
[2017.07.14-02.32.46:427][440]LogStaticLightingSystem: Running Lightmass w/ Mapping debug paddings DISABLED
[2017.07.14-02.32.46:544][440]LogEditorBuildUtils: Build time 0:03
[2017.07.14-02.32.47:454][490]Job is a success!
[2017.07.14-02.32.47:512][491]LogTexture:Display: Building textures: HQ_Lightmap0_1 (AutoDXT, 64X64)
[2017.07.14-02.32.47:512][491]LogTexture:Display: Building textures: LQ_Lightmap_0_1 (DXT1, 64X64)
[2017.07.14-02.32.47:512][491]LogTexture:Display: Building textures: HQ_Lightmap1_2 (AutoDXT, 64X64)
[2017.07.14-02.32.47:512][491]LogTexture:Display: Building textures: LQ_Lightmap_1_2 (DXT1, 64X64)
[2017.07.14-02.32.47:512][491]LogTexture:Display: Building textures: ShadowMapTexture2D_0 (G8, 32X32)
[2017.07.14-02.32.47:512][491]LogTexture:Display: Building textures: ShadowMapTexture2D_1 (G8, 32X32)
[2017.07.14-02.32.47:538][491]Lightmass on DESKTOP-6MFT485: 442 ms total, 94 ms importing, 24 ms setup, 110 ms photons, 184 ms processing, 0 ms extra exporting [2/2 mappings]. Threads: 706 ms total, 90 ms processing.
[2017.07.14-02.32.47:543][491]LogStaticLightingSystem: Illumination: 4.34 sec (2 ms encoding lightmaps, 4 ms encoding shadowmaps)
[2017.07.14-02.32.47:543][491]LogStaticLightingSystem: Lightmap texture memory:  0.0 MB (0.0 MB streaming, 0.0 MB non-streaming), 4 textures
[2017.07.14-02.32.47:543][491]LogStaticLightingSystem: Shadowmap texture memory: 0.0 MB (0.0 MB streaming, 0.0 MB non-streaming), 2 textures
[2017.07.14-02.32.48:432][491]DumpUnbuiltLightIteractions
[2017.07.14-02.32.48:432][491]Lights with unbuilt interactions: 0
[2017.07.14-02.32.48:432][491]
[2017.07.14-02.32.48:432][491]Primitives with unbuilt interactions: 0
[2017.07.14-02.32.48:462][492]Cmd: MAP CHECK NOTIFYRESULTS
[2017.07.14-02.32.48:462][492]MapCheck: New page: Rainforest_Alien - Jul 13, 2017, 2:32:48 PM
[2017.07.14-02.32.48:463][492]MapCheck:Error: Error Sphere_2 Sphere_2 : Invalid DrawScale/DrawScale3D 
[2017.07.14-02.32.48:531][492]MapCheck: Info Map check complete: 1 Error(s), 0 Warning(s), took 68.654ms to complete.
[2017.07.14-02.32.55:351][303]LogTemp: Repeting last play command: New Editor Window (PIE)
[2017.07.14-02.32.55:375][303]LogPlayLevel: PlayLevel: No blueprints needed recompiling
[2017.07.14-02.32.55:375][303]PIE: New page: PIE session: Rainforest_Alien (Jul 13, 2017, 2:32:55 PM)
[2017.07.14-02.32.55:375][303]LogPlayLevel: Creating play world package: /Game/2DSideScrollerBP/Maps/Levels/UEDPIE_0_Rainforest_Alien
[2017.07.14-02.32.55:386][303]LogPlayLevel: PIE: StaticDuplicateObject took: (0.010619s)
[2017.07.14-02.32.55:386][303]LogAIModule: Creating AISystem for world Rainforest_Alien
[2017.07.14-02.32.55:387][303]LogPlayLevel: PIE: World Init took: (0.000633s)
[2017.07.14-02.32.55:387][303]LogPlayLevel: PIE: Created PIE world by copying editor world from /Game/2DSideScrollerBP/Maps/Levels/Rainforest_Alien.Rainforest_Alien to /Game/2DSideScrollerBP/Maps/Levels/UEDPIE_0_Rainforest_Alien.Rainforest_Alien (0.011491s)
[2017.07.14-02.32.55:400][303]LogInit: XAudio2 using 'Speakers (High Definition Audio Device)' : 2 channels at 48 kHz using 16 bits per sample (channel mask 0x3)
[2017.07.14-02.32.55:407][303]LogInit: FAudioDevice initialized.
[2017.07.14-02.32.55:456][303]LogLoad: Game class is '2DSideScrollerGameMode_C'
[2017.07.14-02.32.55:468][303]LogWorld: Bringing World /Game/2DSideScrollerBP/Maps/Levels/UEDPIE_0_Rainforest_Alien.Rainforest_Alien up for play (max tick rate 0) at 2017.07.13-20.32.55
[2017.07.14-02.32.55:479][303]LogWorld: Bringing up level for play took: 0.021783
[2017.07.14-02.32.55:491][303]PIE: Info Play in editor start time for /Game/2DSideScrollerBP/Maps/Levels/UEDPIE_0_Rainforest_Alien 1.11
[2017.07.14-02.38.30:401][337]LogSavePackage: Save=260.86ms
[2017.07.14-02.38.30:401][337]LogSavePackage: Moving '../../../../../../Users/Justin Wells/Documents/Unreal Projects/InsertNameAdventure/DatBoiEntertainmetnGame/Saved/Rainforest_Alien_Auto17693A18743A84224EBF6C98B1CEE9842.tmp' to '../../../../../../Users/Justin Wells/Documents/Unreal Projects/InsertNameAdventure/DatBoiEntertainmetnGame/Saved/Autosaves/Game/2DSideScrollerBP/Maps/Levels/Rainforest_Alien_Auto1.umap'
[2017.07.14-02.38.30:403][337]LogSavePackage:Display: Finished SavePackage ../../../../../../Users/Justin Wells/Documents/Unreal Projects/InsertNameAdventure/DatBoiEntertainmetnGame/Saved/Autosaves/Game/2DSideScrollerBP/Maps/Levels/Rainforest_Alien_Auto1.umap
[2017.07.14-02.38.30:407][337]LogFileHelpers: Editor autosave (incl. sublevels) for '/Game/2DSideScrollerBP/Maps/Levels/Rainforest_Alien' took 0.316
[2017.07.14-02.38.30:407][337]LogFileHelpers: Editor autosave (incl. sublevels) for all levels took 0.316
[2017.07.14-02.38.30:409][337]OBJ SavePackage: Generating thumbnails for [0] asset(s) in package [/Game/2DSideScrollerBP/Maps/Levels/Rainforest_Alien_BuiltData] ([1] browsable assets)...
[2017.07.14-02.38.30:409][337]OBJ SavePackage: Finished generating thumbnails for package [/Game/2DSideScrollerBP/Maps/Levels/Rainforest_Alien_BuiltData]
[2017.07.14-02.38.30:423][337]LogSavePackage: Save=6.24ms
[2017.07.14-02.38.30:423][337]LogSavePackage: Moving '../../../../../../Users/Justin Wells/Documents/Unreal Projects/InsertNameAdventure/DatBoiEntertainmetnGame/Saved/Rainforest_Alien_BuiltData_Auto13698C720441327C565C2AABFB99AA9C6.tmp' to '../../../../../../Users/Justin Wells/Documents/Unreal Projects/InsertNameAdventure/DatBoiEntertainmetnGame/Saved/Autosaves/Game/2DSideScrollerBP/Maps/Levels/Rainforest_Alien_BuiltData_Auto1.uasset'
[2017.07.14-02.38.30:425][337]LogSavePackage:Display: Finished SavePackage ../../../../../../Users/Justin Wells/Documents/Unreal Projects/InsertNameAdventure/DatBoiEntertainmetnGame/Saved/Autosaves/Game/2DSideScrollerBP/Maps/Levels/Rainforest_Alien_BuiltData_Auto1.uasset
[2017.07.14-02.38.30:425][337]LogFileHelpers: Auto-saving content packages took 0.017
[2017.07.14-02.44.39:490][636]LogEditorViewport: Clicking on Actor (LMB): DirectionalLight (DirectionalLight)
[2017.07.14-02.44.44:957][232]LogEditorViewport: Clicking on Actor (LMB): BP_Sky_Sphere_C (BP_Sky_Sphere)
[2017.07.14-02.44.51:885][963]LogTemp: Repeting last play command: New Editor Window (PIE)
[2017.07.14-02.44.51:908][963]LogPlayLevel: PlayLevel: No blueprints needed recompiling
[2017.07.14-02.44.51:908][963]PIE: New page: PIE session: Rainforest_Alien (Jul 13, 2017, 2:44:51 PM)
[2017.07.14-02.44.51:908][963]LogPlayLevel: Creating play world package: /Game/2DSideScrollerBP/Maps/Levels/UEDPIE_0_Rainforest_Alien
[2017.07.14-02.44.51:919][963]LogPlayLevel: PIE: StaticDuplicateObject took: (0.011017s)
[2017.07.14-02.44.51:920][963]LogAIModule: Creating AISystem for world Rainforest_Alien
[2017.07.14-02.44.51:920][963]LogPlayLevel: PIE: World Init took: (0.000665s)
[2017.07.14-02.44.51:920][963]LogPlayLevel: PIE: Created PIE world by copying editor world from /Game/2DSideScrollerBP/Maps/Levels/Rainforest_Alien.Rainforest_Alien to /Game/2DSideScrollerBP/Maps/Levels/UEDPIE_0_Rainforest_Alien.Rainforest_Alien (0.011990s)
[2017.07.14-02.44.51:935][963]LogInit: XAudio2 using 'Speakers (High Definition Audio Device)' : 2 channels at 48 kHz using 16 bits per sample (channel mask 0x3)
[2017.07.14-02.44.51:941][963]LogInit: FAudioDevice initialized.
[2017.07.14-02.44.51:990][963]LogLoad: Game class is '2DSideScrollerGameMode_C'
[2017.07.14-02.44.52:003][963]LogWorld: Bringing World /Game/2DSideScrollerBP/Maps/Levels/UEDPIE_0_Rainforest_Alien.Rainforest_Alien up for play (max tick rate 0) at 2017.07.13-20.44.52
[2017.07.14-02.44.52:013][963]LogWorld: Bringing up level for play took: 0.021806
[2017.07.14-02.44.52:027][963]PIE: Info Play in editor start time for /Game/2DSideScrollerBP/Maps/Levels/UEDPIE_0_Rainforest_Alien -0.354
[2017.07.14-02.45.39:500][529]LogEditorViewport: Clicking on Actor (LMB): StaticMeshActor (Sphere)
[2017.07.14-02.46.12:443][877]LogSavePackage: Save=254.73ms
[2017.07.14-02.46.12:443][877]LogSavePackage: Moving '../../../../../../Users/Justin Wells/Documents/Unreal Projects/InsertNameAdventure/DatBoiEntertainmetnGame/Saved/Rainforest_Alien39EA8B4D4E3C06BB1D23A98CFDA6C4DA.tmp' to '../../../../../../Users/Justin Wells/Documents/Unreal Projects/InsertNameAdventure/DatBoiEntertainmetnGame/Content/2DSideScrollerBP/Maps/Levels/Rainforest_Alien.umap'
[2017.07.14-02.46.12:448][877]LogSavePackage:Display: Finished SavePackage ../../../../../../Users/Justin Wells/Documents/Unreal Projects/InsertNameAdventure/DatBoiEntertainmetnGame/Content/2DSideScrollerBP/Maps/Levels/Rainforest_Alien.umap
[2017.07.14-02.46.12:492][877]LogFileHelpers: Saving map 'Rainforest_Alien' took 0.370
[2017.07.14-02.46.12:511][877]LogSavePackage: Save=7.33ms
[2017.07.14-02.46.12:511][877]LogSavePackage: Moving '../../../../../../Users/Justin Wells/Documents/Unreal Projects/InsertNameAdventure/DatBoiEntertainmetnGame/Saved/Rainforest_Alien_BuiltData519EAF04474982BDC3BC9BB1731C593B.tmp' to '../../../../../../Users/Justin Wells/Documents/Unreal Projects/InsertNameAdventure/DatBoiEntertainmetnGame/Content/2DSideScrollerBP/Maps/Levels/Rainforest_Alien_BuiltData.uasset'
[2017.07.14-02.46.12:516][877]LogSavePackage:Display: Finished SavePackage ../../../../../../Users/Justin Wells/Documents/Unreal Projects/InsertNameAdventure/DatBoiEntertainmetnGame/Content/2DSideScrollerBP/Maps/Levels/Rainforest_Alien_BuiltData.uasset
[2017.07.14-02.46.13:579][961]Cmd: QUIT_EDITOR
[2017.07.14-02.46.13:931][961]LogWindowsTextInputMethodSystem:Display: IME system now deactivated.
[2017.07.14-02.46.13:972][961]LogExit: Preparing to exit.
[2017.07.14-02.46.14:774][961]LogDirectoryWatcher: A directory notification for 'C:/Users/Justin Wells/Documents/Unreal Projects/InsertNameAdventure/DatBoiEntertainmetnGame/Content/' was aborted.
[2017.07.14-02.46.14:806][961]LogExit: Editor shut down
[2017.07.14-02.46.14:814][961]LogExit: Transaction tracking system shut down
[2017.07.14-02.46.14:862][961]LogObj: Freed 0b from 0 cluster array pools.
[2017.07.14-02.46.14:862][961]LogExit: Object subsystem successfully closed.
[2017.07.14-02.46.14:874][961]LogD3D11RHI: Shutdown
[2017.07.14-02.46.14:874][961]LogD3D11RHI: CleanupD3DDevice
[2017.07.14-02.46.14:928][961]LogD3D11RHI: ~FD3D11DynamicRHI
[2017.07.14-02.46.14:940][961]LogModuleManager: Shutting down and abandoning module MovieSceneCapture (526)
[2017.07.14-02.46.14:940][961]LogModuleManager: Shutting down and abandoning module HierarchicalLODOutliner (524)
[2017.07.14-02.46.14:940][961]LogModuleManager: Shutting down and abandoning module CrashTracker (522)
[2017.07.14-02.46.14:940][961]LogModuleManager: Shutting down and abandoning module SceneOutliner (520)
[2017.07.14-02.46.14:940][961]LogModuleManager: Shutting down and abandoning module AddContentDialog (518)
[2017.07.14-02.46.14:940][961]LogDirectoryWatcher: A directory notification for 'C:/Program Files/Epic Games/UE_4.16/FeaturePacks/' was aborted.
[2017.07.14-02.46.14:941][961]LogModuleManager: Shutting down and abandoning module WidgetCarousel (517)
[2017.07.14-02.46.14:941][961]LogModuleManager: Shutting down and abandoning module EditorWidgets (514)
[2017.07.14-02.46.14:941][961]LogModuleManager: Shutting down and abandoning module CollectionManager (512)
[2017.07.14-02.46.14:941][961]LogDirectoryWatcher: A directory notification for 'C:/Users/Justin Wells/Documents/Unreal Projects/InsertNameAdventure/DatBoiEntertainmetnGame/Content/Collections/' was aborted.
[2017.07.14-02.46.14:941][961]LogDirectoryWatcher: A directory notification for 'C:/Users/Justin Wells/Documents/Unreal Projects/InsertNameAdventure/DatBoiEntertainmetnGame/Content/Developers/JustinWells20/Collections/' was aborted.
[2017.07.14-02.46.14:941][961]LogDirectoryWatcher: A directory notification for 'C:/Users/Justin Wells/Documents/Unreal Projects/InsertNameAdventure/DatBoiEntertainmetnGame/Saved/Collections/' was aborted.
[2017.07.14-02.46.14:941][961]LogModuleManager: Shutting down and abandoning module StatsViewer (510)
[2017.07.14-02.46.14:941][961]LogModuleManager: Shutting down and abandoning module FoliageEdit (508)
[2017.07.14-02.46.14:941][961]LogModuleManager: Shutting down and abandoning module LandscapeEditor (506)
[2017.07.14-02.46.14:941][961]LogModuleManager: Shutting down and abandoning module MeshPaintMode (504)
[2017.07.14-02.46.14:941][961]LogModuleManager: Shutting down and abandoning module SceneDepthPickerMode (502)
[2017.07.14-02.46.14:941][961]LogModuleManager: Shutting down and abandoning module ActorPickerMode (500)
[2017.07.14-02.46.14:941][961]LogModuleManager: Shutting down and abandoning module GeometryMode (498)
[2017.07.14-02.46.14:941][961]LogModuleManager: Shutting down and abandoning module TextureAlignMode (496)
[2017.07.14-02.46.14:941][961]LogModuleManager: Shutting down and abandoning module BspMode (494)
[2017.07.14-02.46.14:941][961]LogModuleManager: Shutting down and abandoning module HardwareSurvey (492)
[2017.07.14-02.46.14:941][961]LogModuleManager: Shutting down and abandoning module SequenceRecorderSections (490)
[2017.07.14-02.46.14:941][961]LogModuleManager: Shutting down and abandoning module AutomationWorker (488)
[2017.07.14-02.46.14:941][961]LogModuleManager: Shutting down and abandoning module MatineeToLevelSequence (486)
[2017.07.14-02.46.14:941][961]LogModuleManager: Shutting down and abandoning module LevelSequenceEditor (484)
[2017.07.14-02.46.14:941][961]LogModuleManager: Shutting down and abandoning module PlacementMode (483)
[2017.07.14-02.46.14:941][961]LogModuleManager: Shutting down and abandoning module WmfMediaFactory (480)
[2017.07.14-02.46.14:941][961]LogModuleManager: Shutting down and abandoning module WmfMediaEditor (478)
[2017.07.14-02.46.14:941][961]LogModuleManager: Shutting down and abandoning module AvfMediaFactory (476)
[2017.07.14-02.46.14:941][961]LogModuleManager: Shutting down and abandoning module AvfMediaEditor (474)
[2017.07.14-02.46.14:941][961]LogModuleManager: Shutting down and abandoning module AndroidMediaFactory (472)
[2017.07.14-02.46.14:941][961]LogModuleManager: Shutting down and abandoning module Media (471)
[2017.07.14-02.46.14:941][961]LogModuleManager: Shutting down and abandoning module AndroidMediaEditor (468)
[2017.07.14-02.46.14:941][961]LogModuleManager: Shutting down and abandoning module CharacterAI (466)
[2017.07.14-02.46.14:941][961]LogModuleManager: Shutting down and abandoning module AudioCapture (464)
[2017.07.14-02.46.14:941][961]LogModuleManager: Shutting down and abandoning module SequenceRecorder (463)
[2017.07.14-02.46.14:941][961]LogModuleManager: Shutting down and abandoning module SmartSnapping (460)
[2017.07.14-02.46.14:941][961]LogModuleManager: Shutting down and abandoning module SessionServices (458)
[2017.07.14-02.46.14:941][961]LogModuleManager: Shutting down and abandoning module ViewportSnapping (456)
[2017.07.14-02.46.14:941][961]LogModuleManager: Shutting down and abandoning module ViewportInteraction (454)
[2017.07.14-02.46.14:941][961]LogModuleManager: Shutting down and abandoning module ClothPainter (452)
[2017.07.14-02.46.14:941][961]LogModuleManager: Shutting down and abandoning module LogVisualizer (450)
[2017.07.14-02.46.14:941][961]LogModuleManager: Shutting down and abandoning module IntroTutorials (448)
[2017.07.14-02.46.14:941][961]LogModuleManager: Shutting down and abandoning module GameProjectGeneration (447)
[2017.07.14-02.46.14:941][961]LogModuleManager: Shutting down and abandoning module EditorLiveStreaming (444)
[2017.07.14-02.46.14:941][961]LogModuleManager: Shutting down and abandoning module IOSPlatformEditor (442)
[2017.07.14-02.46.14:941][961]LogModuleManager: Shutting down and abandoning module HTML5PlatformEditor (440)
[2017.07.14-02.46.14:941][961]LogModuleManager: Shutting down and abandoning module AndroidPlatformEditor (438)
[2017.07.14-02.46.14:941][961]LogModuleManager: Shutting down and abandoning module AndroidDeviceDetection (437)
[2017.07.14-02.46.15:133][961]LogModuleManager: Shutting down and abandoning module IOSRuntimeSettings (434)
[2017.07.14-02.46.15:133][961]LogModuleManager: Shutting down and abandoning module AndroidRuntimeSettings (432)
[2017.07.14-02.46.15:133][961]LogModuleManager: Shutting down and abandoning module InputBindingEditor (430)
[2017.07.14-02.46.15:133][961]LogModuleManager: Shutting down and abandoning module MergeActors (428)
[2017.07.14-02.46.15:133][961]LogModuleManager: Shutting down and abandoning module SizeMap (426)
[2017.07.14-02.46.15:133][961]LogModuleManager: Shutting down and abandoning module TreeMap (424)
[2017.07.14-02.46.15:133][961]LogModuleManager: Shutting down and abandoning module ReferenceViewer (422)
[2017.07.14-02.46.15:133][961]LogModuleManager: Shutting down and abandoning module LocalizationDashboard (420)
[2017.07.14-02.46.15:133][961]LogModuleManager: Shutting down and abandoning module LocalizationService (419)
[2017.07.14-02.46.15:133][961]LogModuleManager: Shutting down and abandoning module HardwareTargeting (416)
[2017.07.14-02.46.15:133][961]LogModuleManager: Shutting down and abandoning module DeviceProfileEditor (414)
[2017.07.14-02.46.15:133][961]LogModuleManager: Shutting down and abandoning module UndoHistory (412)
[2017.07.14-02.46.15:133][961]LogModuleManager: Shutting down and abandoning module UserFeedback (410)
[2017.07.14-02.46.15:133][961]LogModuleManager: Shutting down and abandoning module XmlParser (408)
[2017.07.14-02.46.15:133][961]LogModuleManager: Shutting down and abandoning module Blutility (406)
[2017.07.14-02.46.15:133][961]LogModuleManager: Shutting down and abandoning module ProjectSettingsViewer (404)
[2017.07.14-02.46.15:134][961]LogModuleManager: Shutting down and abandoning module ProjectTargetPlatformEditor (403)
[2017.07.14-02.46.15:134][961]LogModuleManager: Shutting down and abandoning module EditorSettingsViewer (400)
[2017.07.14-02.46.15:134][961]LogModuleManager: Shutting down and abandoning module SettingsEditor (398)
[2017.07.14-02.46.15:134][961]LogModuleManager: Shutting down and abandoning module ProjectLauncher (396)
[2017.07.14-02.46.15:134][961]LogModuleManager: Shutting down and abandoning module SessionFrontend (394)
[2017.07.14-02.46.15:134][961]LogModuleManager: Shutting down and abandoning module ProfilerClient (392)
[2017.07.14-02.46.15:134][961]LogModuleManager: Shutting down and abandoning module DeviceManager (390)
[2017.07.14-02.46.15:134][961]LogModuleManager: Shutting down and abandoning module TargetDeviceServices (389)
[2017.07.14-02.46.15:187][961]LogModuleManager: Shutting down and abandoning module AutomationController (386)
[2017.07.14-02.46.15:187][961]LogModuleManager: Shutting down and abandoning module AutomationWindow (384)
[2017.07.14-02.46.15:187][961]LogModuleManager: Shutting down and abandoning module Layers (382)
[2017.07.14-02.46.15:187][961]LogModuleManager: Shutting down and abandoning module ComponentVisualizers (380)
[2017.07.14-02.46.15:187][961]LogModuleManager: Shutting down and abandoning module DetailCustomizations (378)
[2017.07.14-02.46.15:187][961]LogModuleManager: Shutting down and abandoning module PackagesDialog (376)
[2017.07.14-02.46.15:187][961]LogModuleManager: Shutting down and abandoning module Persona (374)
[2017.07.14-02.46.15:187][961]LogModuleManager: Shutting down and abandoning module AdvancedPreviewScene (373)
[2017.07.14-02.46.15:189][961]LogModuleManager: Shutting down and abandoning module AnimGraph (371)
[2017.07.14-02.46.15:189][961]LogModuleManager: Shutting down and abandoning module Kismet (368)
[2017.07.14-02.46.15:191][961]LogModuleManager: Shutting down and abandoning module ClassViewer (366)
[2017.07.14-02.46.15:191][961]LogModuleManager: Shutting down and abandoning module Toolbox (364)
[2017.07.14-02.46.15:191][961]LogModuleManager: Shutting down and abandoning module ModuleUI (362)
[2017.07.14-02.46.15:191][961]LogModuleManager: Shutting down and abandoning module MovieSceneTools (360)
[2017.07.14-02.46.15:191][961]LogModuleManager: Shutting down and abandoning module OutputLog (358)
[2017.07.14-02.46.15:191][961]LogModuleManager: Shutting down and abandoning module GammaUI (356)
[2017.07.14-02.46.15:191][961]LogModuleManager: Shutting down and abandoning module Documentation (354)
[2017.07.14-02.46.15:191][961]LogModuleManager: Shutting down and abandoning module MovieSceneTracks (352)
[2017.07.14-02.46.15:191][961]LogModuleManager: Shutting down and abandoning module MovieScene (350)
[2017.07.14-02.46.15:191][961]LogModuleManager: Shutting down and abandoning module Niagara (348)
[2017.07.14-02.46.15:191][961]LogModuleManager: Shutting down and abandoning module NiagaraEditor (347)
[2017.07.14-02.46.15:191][961]LogModuleManager: Shutting down and abandoning module StreamingPauseRendering (344)
[2017.07.14-02.46.15:191][961]LogModuleManager: Shutting down and abandoning module AnalyticsET (342)
[2017.07.14-02.46.15:191][961]LogModuleManager: Shutting down and abandoning module PortalServices (340)
[2017.07.14-02.46.15:191][961]LogModuleManager: Shutting down and abandoning module PortalRpc (338)
[2017.07.14-02.46.15:191][961]LogModuleManager: Shutting down and abandoning module MessagingRpc (336)
[2017.07.14-02.46.15:191][961]LogModuleManager: Shutting down and abandoning module AIModule (334)
[2017.07.14-02.46.15:191][961]LogModuleManager: Shutting down and abandoning module GameplayDebugger (333)
[2017.07.14-02.46.15:191][961]LogModuleManager: Shutting down and abandoning module AITestSuite (331)
[2017.07.14-02.46.15:191][961]LogModuleManager: Shutting down and abandoning module ProfilerService (328)
[2017.07.14-02.46.15:345][961]LogModuleManager: Shutting down and abandoning module TaskGraph (326)
[2017.07.14-02.46.15:345][961]LogModuleManager: Shutting down and abandoning module SteamVRController (324)
[2017.07.14-02.46.15:345][961]LogModuleManager: Shutting down and abandoning module SteamVR (322)
[2017.07.14-02.46.15:345][961]LogModuleManager: Shutting down and abandoning module ProceduralMeshComponentEditor (320)
[2017.07.14-02.46.15:345][961]LogModuleManager: Shutting down and abandoning module ProceduralMeshComponent (318)
[2017.07.14-02.46.15:345][961]LogModuleManager: Shutting down and abandoning module OculusLibrary (316)
[2017.07.14-02.46.15:345][961]LogModuleManager: Shutting down and abandoning module OculusInput (314)
[2017.07.14-02.46.15:345][961]LogModuleManager: Shutting down and abandoning module MobilePatchingUtils (312)
[2017.07.14-02.46.15:345][961]LogModuleManager: Shutting down and abandoning module CustomMeshComponent (310)
[2017.07.14-02.46.15:345][961]LogModuleManager: Shutting down and abandoning module CableComponent (308)
[2017.07.14-02.46.15:345][961]LogModuleManager: Shutting down and abandoning module ArchVisCharacter (306)
[2017.07.14-02.46.15:345][961]LogModuleManager: Shutting down and abandoning module AndroidPermission (304)
[2017.07.14-02.46.15:345][961]LogModuleManager: Shutting down and abandoning module MediaPlayerEditor (300)
[2017.07.14-02.46.15:346][961]LogModuleManager: Shutting down and abandoning module HTML5Networking (298)
[2017.07.14-02.46.15:346][961]LogModuleManager: Shutting down and abandoning module AlembicImporter (296)
[2017.07.14-02.46.15:346][961]LogModuleManager: Shutting down and abandoning module AlembicLibrary (295)
[2017.07.14-02.46.15:346][961]LogModuleManager: Shutting down and abandoning module GeometryCache (294)
[2017.07.14-02.46.15:346][961]LogModuleManager: Shutting down and abandoning module GeometryCacheEd (293)
[2017.07.14-02.46.15:346][961]LogModuleManager: Shutting down and abandoning module SuperSearchEditor (288)
[2017.07.14-02.46.15:346][961]LogModuleManager: Shutting down and abandoning module SuperSearch (287)
[2017.07.14-02.46.15:346][961]LogModuleManager: Shutting down and abandoning module SpeedTreeImporter (284)
[2017.07.14-02.46.15:346][961]LogModuleManager: Shutting down and abandoning module PluginBrowser (282)
[2017.07.14-02.46.15:346][961]LogModuleManager: Shutting down and abandoning module MobileLauncherProfileWizard (280)
[2017.07.14-02.46.15:346][961]LogModuleManager: Shutting down and abandoning module VisualStudioSourceCodeAccess (278)
[2017.07.14-02.46.15:346][961]LogModuleManager: Shutting down and abandoning module DesktopPlatform (277)
[2017.07.14-02.46.15:346][961]LogModuleManager: Shutting down and abandoning module UObjectPlugin (274)
[2017.07.14-02.46.15:346][961]LogModuleManager: Shutting down and abandoning module SubversionSourceControl (272)
[2017.07.14-02.46.15:346][961]LogModuleManager: Shutting down and abandoning module PerforceSourceControl (270)
[2017.07.14-02.46.15:346][961]LogModuleManager: Shutting down and abandoning module GitSourceControl (268)
[2017.07.14-02.46.15:346][961]LogModuleManager: Shutting down and abandoning module SourceControl (267)
[2017.07.14-02.46.15:346][961]LogModuleManager: Shutting down and abandoning module LightPropagationVolumeEditor (264)
[2017.07.14-02.46.15:346][961]LogModuleManager: Shutting down and abandoning module PaperTiledImporter (262)
[2017.07.14-02.46.15:346][961]LogModuleManager: Shutting down and abandoning module PaperSpriteSheetImporter (260)
[2017.07.14-02.46.15:346][961]LogModuleManager: Shutting down and abandoning module Paper2DEditor (258)
[2017.07.14-02.46.15:346][961]LogModuleManager: Shutting down and abandoning module MeshPaint (257)
[2017.07.14-02.46.15:346][961]LogModuleManager: Shutting down and abandoning module LevelEditor (255)
[2017.07.14-02.46.15:348][961]LogModuleManager: Shutting down and abandoning module PixelInspectorModule (254)
[2017.07.14-02.46.15:349][961]LogModuleManager: Shutting down and abandoning module MainFrame (252)
[2017.07.14-02.46.15:349][961]LogModuleManager: Shutting down and abandoning module HotReload (251)
[2017.07.14-02.46.15:349][961]LogDirectoryWatcher: A directory notification for 'C:/Users/Justin Wells/Documents/Unreal Projects/InsertNameAdventure/DatBoiEntertainmetnGame/Binaries/Win64' was aborted.
[2017.07.14-02.46.15:350][961]LogModuleManager: Shutting down and abandoning module PhysXVehiclesEditor (246)
[2017.07.14-02.46.15:350][961]LogModuleManager: Shutting down and abandoning module PhysXVehicles (244)
[2017.07.14-02.46.15:350][961]LogModuleManager: Shutting down and abandoning module LocationServicesBPLibrary (242)
[2017.07.14-02.46.15:350][961]LogModuleManager: Shutting down and abandoning module ImmediatePhysicsEditor (240)
[2017.07.14-02.46.15:350][961]LogModuleManager: Shutting down and abandoning module ImmediatePhysics (238)
[2017.07.14-02.46.15:350][961]LogModuleManager: Shutting down and abandoning module UdpMessaging (236)
[2017.07.14-02.46.15:451][961]LogModuleManager: Shutting down and abandoning module TcpMessaging (234)
[2017.07.14-02.46.15:552][961]LogModuleManager: Shutting down and abandoning module GameplayTagsEditor (232)
[2017.07.14-02.46.15:552][961]LogModuleManager: Shutting down and abandoning module FacialAnimationEditor (230)
[2017.07.14-02.46.15:552][961]LogModuleManager: Shutting down and abandoning module FacialAnimation (228)
[2017.07.14-02.46.15:552][961]LogModuleManager: Shutting down and abandoning module AssetManagerEditor (226)
[2017.07.14-02.46.15:552][961]LogModuleManager: Shutting down and abandoning module GraphEditor (225)
[2017.07.14-02.46.15:552][961]LogModuleManager: Shutting down and abandoning module ContentBrowser (223)
[2017.07.14-02.46.15:555][961]LogModuleManager: Shutting down and abandoning module LightPropagationVolumeRuntime (220)
[2017.07.14-02.46.15:555][961]LogModuleManager: Shutting down and abandoning module Paper2D (218)
[2017.07.14-02.46.15:555][961]LogModuleManager: Shutting down and abandoning module WindowsMoviePlayer (216)
[2017.07.14-02.46.15:555][961]LogModuleManager: Shutting down and abandoning module WmfMedia (214)
[2017.07.14-02.46.15:555][961]LogModuleManager: Shutting down and abandoning module ClothingSystemEditor (212)
[2017.07.14-02.46.15:555][961]LogModuleManager: Shutting down and abandoning module ClothingSystemRuntime (210)
[2017.07.14-02.46.15:555][961]LogModuleManager: Shutting down and abandoning module MediaAssets (208)
[2017.07.14-02.46.15:556][961]LogModuleManager: Shutting down and abandoning module GameLiveStreaming (206)
[2017.07.14-02.46.15:556][961]LogModuleManager: Shutting down and abandoning module VREditor (204)
[2017.07.14-02.46.15:556][961]LogModuleManager: Shutting down and abandoning module StringTableEditor (202)
[2017.07.14-02.46.15:556][961]LogModuleManager: Shutting down and abandoning module GameplayTasksEditor (200)
[2017.07.14-02.46.15:556][961]LogModuleManager: Shutting down and abandoning module BehaviorTreeEditor (198)
[2017.07.14-02.46.15:556][961]LogModuleManager: Shutting down and abandoning module FunctionalTesting (196)
[2017.07.14-02.46.15:556][961]LogModuleManager: Shutting down and abandoning module CollisionAnalyzer (194)
[2017.07.14-02.46.15:556][961]LogModuleManager: Shutting down and abandoning module UMG (192)
[2017.07.14-02.46.15:556][961]LogModuleManager: Shutting down and abandoning module UMGEditor (191)
[2017.07.14-02.46.15:556][961]LogModuleManager: Shutting down and abandoning module Sequencer (190)
[2017.07.14-02.46.15:556][961]LogModuleManager: Shutting down and abandoning module AssetTools (188)
[2017.07.14-02.46.15:557][961]LogModuleManager: Shutting down and abandoning module MessageLog (187)
[2017.07.14-02.46.15:557][961]LogModuleManager: Shutting down and abandoning module WorkspaceMenuStructure (186)
[2017.07.14-02.46.15:557][961]LogModuleManager: Shutting down and abandoning module SlateReflector (180)
[2017.07.14-02.46.15:557][961]LogModuleManager: Shutting down and abandoning module Slate (178)
[2017.07.14-02.46.15:557][961]LogModuleManager: Shutting down and abandoning module EditorStyle (176)
[2017.07.14-02.46.15:565][961]LogModuleManager: Shutting down and abandoning module SourceCodeAccess (174)
[2017.07.14-02.46.15:565][961]LogModuleManager: Shutting down and abandoning module HeadMountedDisplay (172)
[2017.07.14-02.46.15:565][961]LogModuleManager: Shutting down and abandoning module XAudio2 (170)
[2017.07.14-02.46.15:565][961]LogModuleManager: Shutting down and abandoning module Networking (168)
[2017.07.14-02.46.15:565][961]LogModuleManager: Shutting down and abandoning module Core (164)
[2017.07.14-02.46.15:565][961]LogModuleManager: Shutting down and abandoning module AssetRegistry (162)
[2017.07.14-02.46.15:738][961]LogDirectoryWatcher: A directory notification for '../../../Engine/Content/' was aborted.
[2017.07.14-02.46.15:738][961]LogDirectoryWatcher: A directory notification for '../../../../../../Users/Justin Wells/Documents/Unreal Projects/InsertNameAdventure/DatBoiEntertainmetnGame/Content/' was aborted.
[2017.07.14-02.46.15:739][961]LogDirectoryWatcher: A directory notification for '../../../Engine/Plugins/2D/Paper2D/Content/' was aborted.
[2017.07.14-02.46.15:739][961]LogDirectoryWatcher: A directory notification for '../../../Engine/Plugins/Runtime/GearVR/Content/' was aborted.
[2017.07.14-02.46.15:741][961]LogModuleManager: Shutting down and abandoning module DirectoryWatcher (161)
[2017.07.14-02.46.15:742][961]LogModuleManager: Shutting down and abandoning module KismetCompiler (158)
[2017.07.14-02.46.15:742][961]LogModuleManager: Shutting down and abandoning module LevelSequence (156)
[2017.07.14-02.46.15:742][961]LogModuleManager: Shutting down and abandoning module PhysXFormats (154)
[2017.07.14-02.46.15:742][961]LogModuleManager: Shutting down and abandoning module MeshUtilities (152)
[2017.07.14-02.46.15:742][961]LogModuleManager: Shutting down and abandoning module SimplygonSwarm (151)
[2017.07.14-02.46.15:742][961]LogModuleManager: Shutting down and abandoning module SimplygonMeshReduction (149)
[2017.07.14-02.46.15:742][961]LogModuleManager: Shutting down and abandoning module QuadricMeshReduction (147)
[2017.07.14-02.46.15:742][961]LogModuleManager: Shutting down and abandoning module DerivedDataCache (144)
[2017.07.14-02.46.15:766][961]LogDerivedDataCache: Shutdown
[2017.07.14-02.46.15:766][961]LogModuleManager: Shutting down and abandoning module TargetPlatform (142)
[2017.07.14-02.46.15:766][961]LogModuleManager: Shutting down and abandoning module VulkanShaderFormat (141)
[2017.07.14-02.46.15:766][961]LogModuleManager: Shutting down and abandoning module ShaderFormatVectorVM (139)
[2017.07.14-02.46.15:766][961]LogModuleManager: Shutting down and abandoning module ShaderFormatOpenGL (137)
[2017.07.14-02.46.15:766][961]LogModuleManager: Shutting down and abandoning module ShaderFormatD3D (135)
[2017.07.14-02.46.15:766][961]LogModuleManager: Shutting down and abandoning module MetalShaderFormat (133)
[2017.07.14-02.46.15:766][961]LogModuleManager: Shutting down and abandoning module TextureFormatUncompressed (131)
[2017.07.14-02.46.15:766][961]LogModuleManager: Shutting down and abandoning module TextureFormatPVR (129)
[2017.07.14-02.46.15:766][961]LogModuleManager: Shutting down and abandoning module TextureFormatDXT (127)
[2017.07.14-02.46.15:766][961]LogModuleManager: Shutting down and abandoning module TextureFormatIntelISPCTexComp (125)
[2017.07.14-02.46.15:766][961]LogModuleManager: Shutting down and abandoning module TextureFormatASTC (123)
[2017.07.14-02.46.15:766][961]LogModuleManager: Shutting down and abandoning module ImageWrapper (122)
[2017.07.14-02.46.15:766][961]LogModuleManager: Shutting down and abandoning module TextureFormatAndroid (119)
[2017.07.14-02.46.15:766][961]LogModuleManager: Shutting down and abandoning module AudioFormatOpus (117)
[2017.07.14-02.46.15:766][961]LogModuleManager: Shutting down and abandoning module AudioFormatOgg (115)
[2017.07.14-02.46.15:766][961]LogModuleManager: Shutting down and abandoning module AudioFormatADPCM (113)
[2017.07.14-02.46.15:766][961]LogModuleManager: Shutting down and abandoning module LinuxTargetPlatform (111)
[2017.07.14-02.46.15:766][961]LogModuleManager: Shutting down and abandoning module LinuxServerTargetPlatform (109)
[2017.07.14-02.46.15:766][961]LogModuleManager: Shutting down and abandoning module LinuxNoEditorTargetPlatform (107)
[2017.07.14-02.46.15:766][961]LogModuleManager: Shutting down and abandoning module LinuxClientTargetPlatform (105)
[2017.07.14-02.46.15:766][961]LogModuleManager: Shutting down and abandoning module TVOSTargetPlatform (103)
[2017.07.14-02.46.15:766][961]LogModuleManager: Shutting down and abandoning module Messaging (101)
[2017.07.14-02.46.15:766][961]LogModuleManager: Shutting down and abandoning module IOSTargetPlatform (99)
[2017.07.14-02.46.15:766][961]LogModuleManager: Shutting down and abandoning module HTML5TargetPlatform (97)
[2017.07.14-02.46.15:767][961]LogModuleManager: Shutting down and abandoning module Android_PVRTCTargetPlatform (95)
[2017.07.14-02.46.15:767][961]LogModuleManager: Shutting down and abandoning module Android_MultiTargetPlatform (93)
[2017.07.14-02.46.15:767][961]LogModuleManager: Shutting down and abandoning module Android_ETC2TargetPlatform (91)
[2017.07.14-02.46.15:767][961]LogModuleManager: Shutting down and abandoning module Android_ETC1TargetPlatform (89)
[2017.07.14-02.46.15:767][961]LogModuleManager: Shutting down and abandoning module Android_DXTTargetPlatform (87)
[2017.07.14-02.46.15:767][961]LogModuleManager: Shutting down and abandoning module Android_ATCTargetPlatform (85)
[2017.07.14-02.46.15:767][961]LogModuleManager: Shutting down and abandoning module Android_ASTCTargetPlatform (83)
[2017.07.14-02.46.15:767][961]LogModuleManager: Shutting down and abandoning module AndroidTargetPlatform (81)
[2017.07.14-02.46.15:767][961]LogModuleManager: Shutting down and abandoning module WindowsTargetPlatform (79)
[2017.07.14-02.46.15:767][961]LogModuleManager: Shutting down and abandoning module WindowsServerTargetPlatform (77)
[2017.07.14-02.46.15:767][961]LogModuleManager: Shutting down and abandoning module WindowsNoEditorTargetPlatform (75)
[2017.07.14-02.46.15:767][961]LogModuleManager: Shutting down and abandoning module WindowsClientTargetPlatform (73)
[2017.07.14-02.46.15:767][961]LogModuleManager: Shutting down and abandoning module MacTargetPlatform (71)
[2017.07.14-02.46.15:767][961]LogModuleManager: Shutting down and abandoning module MacServerTargetPlatform (69)
[2017.07.14-02.46.15:767][961]LogModuleManager: Shutting down and abandoning module MacNoEditorTargetPlatform (67)
[2017.07.14-02.46.15:767][961]LogModuleManager: Shutting down and abandoning module MacClientTargetPlatform (65)
[2017.07.14-02.46.15:767][961]LogModuleManager: Shutting down and abandoning module AllDesktopTargetPlatform (63)
[2017.07.14-02.46.15:767][961]LogModuleManager: Shutting down and abandoning module InputCore (60)
[2017.07.14-02.46.15:767][961]LogModuleManager: Shutting down and abandoning module Settings (58)
[2017.07.14-02.46.15:767][961]LogModuleManager: Shutting down and abandoning module OculusRift (56)
[2017.07.14-02.46.15:767][961]LogModuleManager: Shutting down and abandoning module GearVRController (54)
[2017.07.14-02.46.15:767][961]LogModuleManager: Shutting down and abandoning module GearVR (52)
[2017.07.14-02.46.15:767][961]LogModuleManager: Shutting down and abandoning module ExampleDeviceProfileSelector (50)
[2017.07.14-02.46.15:767][961]LogModuleManager: Shutting down and abandoning module OnlineBlueprintSupport (48)
[2017.07.14-02.46.15:767][961]LogModuleManager: Shutting down and abandoning module OnlineSubsystem (44)
[2017.07.14-02.46.15:767][961]LogOnline:Display: Unloading online subsystem: NULL
[2017.07.14-02.46.15:767][961]LogModuleManager: Shutting down and abandoning module XMPP (43)
[2017.07.14-02.46.15:767][961]LogModuleManager: Shutting down and abandoning module HTTP (41)
[2017.07.14-02.46.15:767][961]LogHttp:Display: Http module shutting down, but needs to wait on 1 outstanding Http requests:
[2017.07.14-02.46.15:769][961]LogHttp:Display: 	verb=[POST] url=[https://datarouter.ol.epicgames.com/datarouter/api/v1/public/data?SessionID=%7B4806163A-44A2-F9B3-D81A-FDA6999E578B%7D&AppID=UEEditor.Rocket.Release&AppVersion=4.16.0-3452394%2B%2B%2BUE4%2BRelease-4.16&UserID=520fd5774504bba7d7d4dfbb2efd774d%7C3ef35b30eb8d444d8e26d7fb1794d4bf%7C7a44e29e-0876-4249-91a8-eb020dafba7b&AppEnvironment=datacollector-binary&UploadType=eteventstream] status=Processing
[2017.07.14-02.46.15:780][961]LogModuleManager: Shutting down and abandoning module SSL (40)
[2017.07.14-02.46.15:782][961]LogModuleManager: Shutting down and abandoning module HTTPChunkInstaller (36)
[2017.07.14-02.46.15:782][961]LogModuleManager: Shutting down and abandoning module AnimationModifiers (34)
[2017.07.14-02.46.15:782][961]LogModuleManager: Shutting down and abandoning module PropertyEditor (33)
[2017.07.14-02.46.15:782][961]LogModuleManager: Shutting down and abandoning module AudioEditor (30)
[2017.07.14-02.46.15:782][961]LogModuleManager: Shutting down and abandoning module TextureCompressor (28)
[2017.07.14-02.46.15:782][961]LogModuleManager: Shutting down and abandoning module ShaderCore (26)
[2017.07.14-02.46.15:782][961]LogModuleManager: Shutting down and abandoning module Landscape (24)
[2017.07.14-02.46.15:782][961]LogModuleManager: Shutting down and abandoning module SlateRHIRenderer (22)
[2017.07.14-02.46.15:783][961]LogModuleManager: Shutting down and abandoning module OpenGLDrv (20)
[2017.07.14-02.46.15:783][961]LogModuleManager: Shutting down and abandoning module D3D11RHI (18)
[2017.07.14-02.46.15:783][961]LogModuleManager: Shutting down and abandoning module AnimGraphRuntime (16)
[2017.07.14-02.46.15:783][961]LogModuleManager: Shutting down and abandoning module Renderer (14)
[2017.07.14-02.46.15:783][961]LogModuleManager: Shutting down and abandoning module Engine (12)
[2017.07.14-02.46.15:783][961]LogModuleManager: Shutting down and abandoning module CoreUObject (10)
[2017.07.14-02.46.15:783][961]LogModuleManager: Shutting down and abandoning module NetworkFile (8)
[2017.07.14-02.46.15:783][961]LogModuleManager: Shutting down and abandoning module StreamingFile (6)
[2017.07.14-02.46.15:783][961]LogModuleManager: Shutting down and abandoning module SandboxFile (4)
[2017.07.14-02.46.15:783][961]LogModuleManager: Shutting down and abandoning module PakFile (2)
[2017.07.14-02.46.15:784][961]LogExit: Exiting.
[2017.07.14-02.46.15:806][961]Log file closed, 07/13/17 20:46:15
