Log file open, 06/29/17 14:32:31
LogInit:Display: Running engine for game: InsertNameAdventure
LogPlatformFile: Not using cached read wrapper
LogInit:Display: RandInit(-1852781215) SRandInit(-1852781215).
LogTaskGraph: Started task graph with 5 named threads and 8 total threads with 1 sets of task threads.
LogStats: Stats thread started at 0.080615
LogInit: Using libcurl 7.47.1
LogInit:  - built for x86_64-pc-win32
LogInit:  - supports SSL with OpenSSL/1.0.2g
LogInit:  - supports HTTP deflate (compression) using libz 1.2.8
LogInit:  - other features:
LogInit:      CURL_VERSION_SSL
LogInit:      CURL_VERSION_LIBZ
LogInit:      CURL_VERSION_IPV6
LogInit:      CURL_VERSION_ASYNCHDNS
LogInit:      CURL_VERSION_LARGEFILE
LogInit:      CURL_VERSION_IDN
LogInit:  CurlRequestOptions (configurable via config and command line):
LogInit:  - bVerifyPeer = false  - Libcurl will NOT verify peer certificate
LogInit:  - bUseHttpProxy = false  - Libcurl will NOT use HTTP proxy
LogInit:  - bDontReuseConnections = false  - Libcurl will reuse connections
LogInit:  - CertBundlePath = nullptr  - Libcurl will use whatever was configured at build time.
LogInit: Build: ++UE4+Release-4.16-CL-3452394
LogInit: Engine Version: 4.16.0-3452394+++UE4+Release-4.16
LogInit: Compatible Engine Version: 4.16.0-3452394+++UE4+Release-4.16
LogInit: Net CL: 3452394
LogDevObjectVersion: Number of dev versions registered: 16
LogDevObjectVersion:   Dev-Blueprints (B0D832E4-1F89-4F0D-ACCF-7EB736FD4AA2): 9
LogDevObjectVersion:   Dev-Build (E1C64328-A22C-4D53-A36C-8E866417BD8C): 0
LogDevObjectVersion:   Dev-Core (375EC13C-06E4-48FB-B500-84F0262A717E): 2
LogDevObjectVersion:   Dev-Editor (E4B068ED-F494-42E9-A231-DA0B2E46BB41): 17
LogDevObjectVersion:   Dev-Framework (CFFC743F-43B0-4480-9391-14DF171D2073): 23
LogDevObjectVersion:   Dev-Mobile (B02B49B5-BB20-44E9-A304-32B752E40360): 0
LogDevObjectVersion:   Dev-Networking (A4E4105C-59A1-49B5-A7C5-40C4547EDFEE): 0
LogDevObjectVersion:   Dev-Online (39C831C9-5AE6-47DC-9A44-9C173E1C8E7C): 0
LogDevObjectVersion:   Dev-Physics (78F01B33-EBEA-4F98-B9B4-84EACCB95AA2): 0
LogDevObjectVersion:   Dev-Platform (6631380F-2D4D-43E0-8009-CF276956A95A): 0
LogDevObjectVersion:   Dev-Rendering (12F88B9F-8875-4AFC-A67C-D90C383ABD29): 15
LogDevObjectVersion:   Dev-Sequencer (7B5AE74C-D270-4C10-A958-57980B212A5A): 4
LogDevObjectVersion:   Dev-VR (D7296918-1DD6-4BDD-9DE2-64A83CC13884): 0
LogDevObjectVersion:   Dev-LoadTimes (C2A15278-BFE7-4AFE-6C17-90FF531DF755): 1
LogDevObjectVersion:   Private-Geometry (6EACA3D4-40EC-4CC1-B786-8BED09428FC5): 1
LogDevObjectVersion:   Dev-AnimPhys (29E575DD-E0A3-4627-9D10-D276232CDCEA): 3
LogInit: Compiled (64-bit): May 22 2017 17:47:00
LogInit: Compiled with Visual C++: 19.00.23026.00
LogInit: Build Configuration: Development
LogInit: Branch Name: ++UE4+Release-4.16
LogInit: Command line:  
LogInit: Base directory: C:/Program Files/Epic Games/UE_4.16/Engine/Binaries/Win64/
LogInit: Installed Engine Build: 1
LogInit: Presizing for max 8388607 objects, including 0 objects not considered by GC, pre-allocating 0 bytes for permanent pool.
LogInit: Object subsystem initialized
[2017.06.29-20.32.32:352][  0]LogInit: Selected Device Profile: [Windows]
[2017.06.29-20.32.32:352][  0]LogInit: Applying CVar settings loaded from the selected device profile: [Windows]
[2017.06.29-20.32.32:398][  0]LogInit: Computer: DESKTOP-6MFT485
[2017.06.29-20.32.32:398][  0]LogInit: User: JustinWells20
[2017.06.29-20.32.32:398][  0]LogInit: CPU Page size=4096, Cores=4
[2017.06.29-20.32.32:398][  0]LogInit: High frequency timer resolution =3.328125 MHz
[2017.06.29-20.32.32:399][  0]LogMemory: Memory total: Physical=15.9GB (16GB approx)
[2017.06.29-20.32.32:399][  0]LogMemory: Platform Memory Stats for Windows
[2017.06.29-20.32.32:399][  0]LogMemory: Process Physical Memory: 273.56 MB used, 273.56 MB peak
[2017.06.29-20.32.32:399][  0]LogMemory: Process Virtual Memory: 266.58 MB used, 266.58 MB peak
[2017.06.29-20.32.32:399][  0]LogMemory: Physical Memory: 5570.87 MB used,  10750.87 MB free, 16321.74 MB total
[2017.06.29-20.32.32:399][  0]LogMemory: Virtual Memory: 651.38 MB used,  10750.87 MB free, 134217728.00 MB total
[2017.06.29-20.32.32:521][  0]LogInit: Using OS detected language (en-US).
[2017.06.29-20.32.32:521][  0]LogInit: Using OS detected locale (en-US).
[2017.06.29-20.32.32:592][  0]LogTextLocalizationManager: No specific localization for 'en-US' exists, so the 'en' localization will be used.
[2017.06.29-20.32.35:064][  0]LogD3D11RHI: D3D11 adapters:
[2017.06.29-20.32.35:618][  0]LogD3D11RHI:    0. 'NVIDIA GeForce GTX 1070' (Feature Level 11_0)
[2017.06.29-20.32.35:618][  0]LogD3D11RHI:       8081/0/8160 MB DedicatedVideo/DedicatedSystem/SharedSystem, Outputs:2, VendorId:0x10de
[2017.06.29-20.32.35:619][  0]LogD3D11RHI:    1. 'Microsoft Basic Render Driver' (Feature Level 11_0)
[2017.06.29-20.32.35:619][  0]LogD3D11RHI:       0/0/8160 MB DedicatedVideo/DedicatedSystem/SharedSystem, Outputs:0, VendorId:0x1414
[2017.06.29-20.32.35:619][  0]LogD3D11RHI: Chosen D3D11 Adapter: 0
[2017.06.29-20.32.35:625][  0]LogD3D11RHI: Creating new Direct3DDevice
[2017.06.29-20.32.35:625][  0]LogD3D11RHI:     GPU DeviceId: 0x1b81 (for the marketing name, search the web for "GPU Device Id")
[2017.06.29-20.32.35:625][  0]LogWindows: EnumDisplayDevices:
[2017.06.29-20.32.35:626][  0]LogWindows:    0. 'NVIDIA GeForce GTX 1070' (P:0 D:1)
[2017.06.29-20.32.35:626][  0]LogWindows:    1. 'NVIDIA GeForce GTX 1070' (P:1 D:1)
[2017.06.29-20.32.35:626][  0]LogWindows:    2. 'NVIDIA GeForce GTX 1070' (P:0 D:0)
[2017.06.29-20.32.35:626][  0]LogWindows:    3. 'NVIDIA GeForce GTX 1070' (P:0 D:0)
[2017.06.29-20.32.35:626][  0]LogWindows: DebugString: FoundDriverCount:4 
[2017.06.29-20.32.35:626][  0]LogD3D11RHI:     Adapter Name: NVIDIA GeForce GTX 1070
[2017.06.29-20.32.35:626][  0]LogD3D11RHI:   Driver Version: 384.76 (internal:22.21.13.8476, unified:384.76)
[2017.06.29-20.32.35:626][  0]LogD3D11RHI:      Driver Date: 6-27-2017
[2017.06.29-20.32.35:626][  0]LogRHI: Texture pool is 1361 MB (70% of 1945 MB)
[2017.06.29-20.32.36:149][  0]LogD3D11RHI: Async texture creation enabled
[2017.06.29-20.32.36:176][  0]LogD3D11RHI: GPU Timing Frequency: 1000.000000 (Debug: 2 1)
[2017.06.29-20.32.36:224][  0]LogShaderCompilers: Guid format shader working directory is -54 characters bigger than the processId version (../../../../../../Users/Justin Wells/Documents/Unreal Projects/InsertNameAdventure/DatBoiEntertainmetnGame/Intermediate/Shaders/WorkingDirectory/10748/).
[2017.06.29-20.32.36:224][  0]LogShaderCompilers: Cleaned the shader compiler working directory 'C:/Users/Justin Wells/AppData/Local/Temp/UnrealShaderWorkingDir/4D2B66ED49967FAB6D086BBD4552C059/'.
[2017.06.29-20.32.36:224][  0]LogShaderCompilers:Display: Using Local Shader Compiler.
[2017.06.29-20.32.37:970][  0]LogTemp:Display: Loaded TP AllDesktopTargetPlatform
[2017.06.29-20.32.38:017][  0]LogTemp:Display: Loaded TP MacClientTargetPlatform
[2017.06.29-20.32.38:066][  0]LogTemp:Display: Loaded TP MacNoEditorTargetPlatform
[2017.06.29-20.32.38:118][  0]LogTemp:Display: Loaded TP MacServerTargetPlatform
[2017.06.29-20.32.38:164][  0]LogTemp:Display: Loaded TP MacTargetPlatform
[2017.06.29-20.32.38:211][  0]LogTemp:Display: Loaded TP WindowsClientTargetPlatform
[2017.06.29-20.32.38:257][  0]LogTemp:Display: Loaded TP WindowsNoEditorTargetPlatform
[2017.06.29-20.32.38:301][  0]LogTemp:Display: Loaded TP WindowsServerTargetPlatform
[2017.06.29-20.32.38:339][  0]LogTemp:Display: Loaded TP WindowsTargetPlatform
[2017.06.29-20.32.38:395][  0]LogTemp:Display: Loaded TP AndroidTargetPlatform
[2017.06.29-20.32.38:439][  0]LogTemp:Display: Loaded TP Android_ASTCTargetPlatform
[2017.06.29-20.32.38:482][  0]LogTemp:Display: Loaded TP Android_ATCTargetPlatform
[2017.06.29-20.32.38:526][  0]LogTemp:Display: Loaded TP Android_DXTTargetPlatform
[2017.06.29-20.32.38:570][  0]LogTemp:Display: Loaded TP Android_ETC1TargetPlatform
[2017.06.29-20.32.38:616][  0]LogTemp:Display: Loaded TP Android_ETC2TargetPlatform
[2017.06.29-20.32.38:701][  0]LogTemp:Display: Loaded TP Android_MultiTargetPlatform
[2017.06.29-20.32.38:701][  0]LogTemp:Display: Loaded TP Android_PVRTCTargetPlatform
[2017.06.29-20.32.38:733][  0]LogTemp:Display: Loaded TP HTML5TargetPlatform
[2017.06.29-20.32.38:821][  0]LogTemp:Display: Loaded TP IOSTargetPlatform
[2017.06.29-20.32.38:850][  0]LogTemp:Display: Loaded TP TVOSTargetPlatform
[2017.06.29-20.32.38:894][  0]LogTemp:Display: Loaded TP LinuxClientTargetPlatform
[2017.06.29-20.32.38:936][  0]LogTemp:Display: Loaded TP LinuxNoEditorTargetPlatform
[2017.06.29-20.32.38:978][  0]LogTemp:Display: Loaded TP LinuxServerTargetPlatform
[2017.06.29-20.32.39:025][  0]LogTemp:Display: Loaded TP LinuxTargetPlatform
[2017.06.29-20.32.39:025][  0]LogTargetPlatformManager:Display: Building Assets For Windows
[2017.06.29-20.32.39:452][  0]LogDerivedDataCache:Display: Max Cache Size: 512 MB
[2017.06.29-20.32.39:838][  0]LogDerivedDataCache: Loaded boot cache 0.39s 90MB C:/Users/Justin Wells/AppData/Local/UnrealEngine/4.16/DerivedDataCache/Boot.ddc.
[2017.06.29-20.32.39:838][  0]LogDerivedDataCache:Display: Loaded Boot cache: C:/Users/Justin Wells/AppData/Local/UnrealEngine/4.16/DerivedDataCache/Boot.ddc
[2017.06.29-20.32.39:838][  0]LogDerivedDataCache: FDerivedDataBackendGraph:  Pak pak cache file ../../../../../../Users/Justin Wells/Documents/Unreal Projects/InsertNameAdventure/DatBoiEntertainmetnGame/DerivedDataCache/DDC.ddp not found, will not use a pak cache.
[2017.06.29-20.32.39:838][  0]LogDerivedDataCache: Unable to find inner node Pak for hierarchical cache Hierarchy.
[2017.06.29-20.32.39:838][  0]LogDerivedDataCache: FDerivedDataBackendGraph:  CompressedPak pak cache file ../../../../../../Users/Justin Wells/Documents/Unreal Projects/InsertNameAdventure/DatBoiEntertainmetnGame/DerivedDataCache/Compressed.ddp not found, will not use a pak cache.
[2017.06.29-20.32.39:838][  0]LogDerivedDataCache: Unable to find inner node CompressedPak for hierarchical cache Hierarchy.
[2017.06.29-20.32.39:854][  0]LogDerivedDataCache:Display: Pak cache opened for reading ../../../Engine/DerivedDataCache/Compressed.ddp.
[2017.06.29-20.32.39:865][  0]LogDerivedDataCache: Using Local data cache path C:/Users/Justin Wells/AppData/Local/UnrealEngine/Common/DerivedDataCache: Writable
[2017.06.29-20.32.39:874][  0]LogMaterial: Verifying Global Shaders for PCD3D_SM5
[2017.06.29-20.32.39:875][  0]LogSlate: Using Freetype 2.6.0
[2017.06.29-20.32.39:886][  0]LogSlate: SlateFontCache - WITH_FREETYPE: 1, WITH_HARFBUZZ: 1
[2017.06.29-20.32.39:886][  0]LogSlate: SlateFontCache - WITH_FREETYPE: 1, WITH_HARFBUZZ: 1
[2017.06.29-20.32.40:391][  0]LogInit: Selected Device Profile: [Windows]
[2017.06.29-20.32.40:457][  0]LogContentStreaming: Texture pool size is 0.00 MB
[2017.06.29-20.32.40:594][  0]LogMeshUtilities: Using QuadricMeshReduction for automatic static mesh reduction
[2017.06.29-20.32.40:632][  0]LogSimplygon: Simplygon DLL not present - disabling.
[2017.06.29-20.32.40:671][  0]LogMeshUtilities: Using SimplygonSwarm for distributed automatic mesh merging
[2017.06.29-20.32.40:671][  0]LogMeshUtilities: No automatic skeletal mesh reduction module available
[2017.06.29-20.32.40:671][  0]LogMeshUtilities: No automatic mesh merging module available
[2017.06.29-20.32.41:208][  0]LogNetVersion: InsertNameAdventure , NetCL: 3452394, EngineNetVer: 2, GameNetVer: 0 (Checksum: 1278457987)
[2017.06.29-20.32.41:266][  0]LogAssetRegistry: FAssetRegistry took 0.0249 seconds to start up
[2017.06.29-20.32.41:324][  0]LogPackageLocalizationCache: Processed 4 localized package path(s) for 2 prioritized culture(s) in 0.038516 seconds
[2017.06.29-20.32.41:329][  0]LogUObjectArray: 34194 objects as part of root set at end of initial load.
[2017.06.29-20.32.41:329][  0]LogUObjectAllocator: 7260424 out of 0 bytes used by permanent object pool.
[2017.06.29-20.32.41:329][  0]LogUObjectArray: CloseDisregardForGC: 0/0 objects in disregard for GC pool
[2017.06.29-20.32.41:386][  0]LogInit: WinSock: version 1.1 (2.2), MaxSocks=32767, MaxUdp=65467
[2017.06.29-20.32.44:672][  0]LogTcpMessaging: Initializing TcpMessaging bridge
[2017.06.29-20.32.44:707][  0]LogUdpMessaging: Initializing bridge on interface 0.0.0.0:0 to multicast group 230.0.0.1:6666.
[2017.06.29-20.32.45:196][  0]LogMaterial: Uniform references updated for custom material expression Custom.
[2017.06.29-20.32.45:536][  0]SourceControl: Info Source control is disabled
[2017.06.29-20.32.46:550][  0]LogAndroidPermission: UAndroidPermissionCallbackProxy::GetInstance
[2017.06.29-20.32.47:052][  0]LogEngine: Initializing Engine...
[2017.06.29-20.32.47:094][  0]LogHMD: Failed to initialize OpenVR with code 126
[2017.06.29-20.32.47:300][  0]LogStats: UGameplayTagsManager::ConstructGameplayTagTree: Construct from data asset -  0.000 s
[2017.06.29-20.32.47:300][  0]LogStats: UGameplayTagsManager::ConstructGameplayTagTree: GameplayTagTreeChangedEvent.Broadcast -  0.000 s
[2017.06.29-20.32.47:413][  0]LogAIModule: Creating AISystem for world Untitled
[2017.06.29-20.32.47:426][  0]LogInit: XAudio2 using 'Headphones (High Definition Audio Device)' : 2 channels at 48 kHz using 16 bits per sample (channel mask 0x3)
[2017.06.29-20.32.47:436][  0]LogInit: FAudioDevice initialized.
[2017.06.29-20.32.47:476][  0]LogDerivedDataCache: Saved boot cache 0.04s 90MB C:/Users/Justin Wells/AppData/Local/UnrealEngine/4.16/DerivedDataCache/Boot.ddc.
[2017.06.29-20.32.47:489][  0]LogInit: Texture streaming: Enabled
[2017.06.29-20.32.47:574][  0]LogEngineSessionManager: EngineSessionManager initialized
[2017.06.29-20.32.47:776][  0]LogInit: Transaction tracking system initialized
[2017.06.29-20.32.48:086][  0]BlueprintLog: New page: Editor Load
[2017.06.29-20.32.48:914][  0]LocalizationService: Info Localization service is disabled
[2017.06.29-20.32.49:541][  0]LogConsoleResponse:Display: 
[2017.06.29-20.32.49:693][  0]LogCook:Display: Max memory allowance for cook 16384mb min free memory 0mb
[2017.06.29-20.32.49:693][  0]LogCook:Display: Mobile HDR setting 1
[2017.06.29-20.32.50:065][  0]LogFileCache: Scanning file cache for directory 'C:/Users/Justin Wells/Documents/Unreal Projects/InsertNameAdventure/DatBoiEntertainmetnGame/Content/' took 0.02s
[2017.06.29-20.32.50:766][  0]LogSlate: Took 0.005999 seconds to synchronously load lazily loaded font '../../../Engine/Content/Slate/Fonts/Roboto-Regular.ttf' (155K)
[2017.06.29-20.32.52:169][  0]LogWindowsTextInputMethodSystem:Display: IME system now deactivated.
[2017.06.29-20.32.52:173][  0]LightingResults: New page: Lighting Build
[2017.06.29-20.32.52:209][  0]MapCheck: New page: Map Check
[2017.06.29-20.32.52:209][  0]LightingResults: New page: Lighting Build
[2017.06.29-20.32.52:218][  0]LogAIModule: Creating AISystem for world Untitled
[2017.06.29-20.32.52:220][  0]LoadErrors: New page: New Map
[2017.06.29-20.32.52:286][  0]LogWindowsTextInputMethodSystem:Display: IME system now deactivated.
[2017.06.29-20.32.52:405][  0]LogCollectionManager: Loaded 0 collections in 0.001258 seconds
[2017.06.29-20.32.52:478][  0]LogFileCache: Scanning file cache for directory 'C:/Users/Justin Wells/Documents/Unreal Projects/InsertNameAdventure/DatBoiEntertainmetnGame/Saved/Collections/' took 0.01s
[2017.06.29-20.32.52:478][  0]LogFileCache: Scanning file cache for directory 'C:/Users/Justin Wells/Documents/Unreal Projects/InsertNameAdventure/DatBoiEntertainmetnGame/Content/Developers/JustinWells20/Collections/' took 0.01s
[2017.06.29-20.32.52:478][  0]LogFileCache: Scanning file cache for directory 'C:/Users/Justin Wells/Documents/Unreal Projects/InsertNameAdventure/DatBoiEntertainmetnGame/Content/Collections/' took 0.01s
[2017.06.29-20.32.52:478][  0]LogCollectionManager: Rebuilt the GUID cache for 0 collections in 0.000002 seconds
[2017.06.29-20.32.52:485][  0]LogContentBrowser: Native class hierarchy populated in 0.0072 seconds. Added 2329 classes and 491 folders.
[2017.06.29-20.32.52:538][  0]LogContentBrowser: Native class hierarchy updated for 'WidgetCarousel' in 0.0004 seconds. Added 0 classes and 0 folders.
[2017.06.29-20.32.52:829][  0]LogContentBrowser: Native class hierarchy updated for 'AddContentDialog' in 0.0006 seconds. Added 0 classes and 0 folders.
[2017.06.29-20.32.52:871][  0]LogContentBrowser: Native class hierarchy updated for 'SceneOutliner' in 0.0005 seconds. Added 1 classes and 2 folders.
[2017.06.29-20.32.52:897][  0]LogCrashTracker: Crashtracker disabled due to settings.
[2017.06.29-20.32.52:915][  0]LogSlate: Took 0.004890 seconds to synchronously load lazily loaded font '../../../Engine/Content/Slate/Fonts/Roboto-Bold.ttf' (160K)
[2017.06.29-20.32.52:921][  0]LogSlate: Took 0.004269 seconds to synchronously load lazily loaded font '../../../Engine/Content/Editor/Slate/Fonts/FontAwesome.ttf' (139K)
[2017.06.29-20.32.53:010][  0]LogRenderer: Reallocating scene render targets to support 2556x924 NumSamples 1 (Frame:1).
[2017.06.29-20.32.53:143][  0]LogUObjectGlobals:Warning: Failed to find object 'Class None.'
[2017.06.29-20.32.53:201][  0]LogContentBrowser: Native class hierarchy updated for 'HierarchicalLODOutliner' in 0.0005 seconds. Added 1 classes and 2 folders.
[2017.06.29-20.32.53:201][  0]LogLoad: (Engine Initialization) Total time: 22.64 seconds
[2017.06.29-20.32.53:201][  0]LogLoad: (Engine Initialization) Total Blueprint compile time: 0.05 seconds
[2017.06.29-20.32.53:201][  0]LogExternalProfiler: No external profilers were discovered.  External profiling features will not be available.
[2017.06.29-20.32.53:213][  0]LogOcInput: OculusInput pre-init called
[2017.06.29-20.32.53:213][  0]LogHMD: Starting GearVRController plugin
[2017.06.29-20.32.53:228][  0]LogAssetRegistry: Asset discovery search completed in 11.9832 seconds
[2017.06.29-20.32.53:230][  0]LogCollectionManager: Rebuilt the object cache for 0 collections in 0.000003 seconds (found 0 objects)
[2017.06.29-20.32.53:230][  0]LogCollectionManager: Fixed up redirectors for 0 collections in 0.000021 seconds (updated 0 objects)
[2017.06.29-20.32.53:231][  0]SourceControl: Info On branch V1.5.1
[2017.06.29-20.32.53:231][  0]SourceControl: Info Your branch is up-to-date with 'origin/V1.5.1'.
[2017.06.29-20.32.53:231][  0]SourceControl: Info Changes to be committed:
[2017.06.29-20.32.53:231][  0]SourceControl: Info   (use "git reset HEAD <file>..." to unstage)
[2017.06.29-20.32.53:232][  0]SourceControl: Info 	new file:   Content/2DSideScrollerBP/Maps/Levels/LevelSprites/Sprites/Rain_Forrest_Sprites/Platform_Sprite_Sheet1.uasset
[2017.06.29-20.32.53:232][  0]SourceControl: Info 	deleted:    Content/2DSideScrollerBP/Maps/Levels/LevelSprites/Sprites/Rain_Forrest_Sprites/Rain_Forrest_Level_L.uasset
[2017.06.29-20.32.53:232][  0]SourceControl: Info 	new file:   Content/2DSideScrollerBP/Maps/Levels/LevelSprites/Sprites/Rain_Forrest_Sprites/Rain_Forrest_TM.uasset
[2017.06.29-20.32.53:232][  0]SourceControl: Info 	deleted:    Content/2DSideScrollerBP/Maps/Levels/LevelSprites/Sprites/Rain_Forrest_Sprites/SpriteSheet_Environment_1_-5_Dirt_Hole_TileSet.uasset
[2017.06.29-20.32.53:232][  0]SourceControl: Info Changes not staged for commit:
[2017.06.29-20.32.53:232][  0]SourceControl: Info   (use "git add/rm <file>..." to update what will be committed)
[2017.06.29-20.32.53:232][  0]SourceControl: Info   (use "git checkout -- <file>..." to discard changes in working directory)
[2017.06.29-20.32.53:232][  0]SourceControl: Info 	modified:   Content/2DSideScrollerBP/Blueprints/Characters/2DSideScrollerCharacter.uasset
[2017.06.29-20.32.53:232][  0]SourceControl: Info 	modified:   Content/2DSideScrollerBP/Blueprints/Characters/Mouse_Controls.uasset
[2017.06.29-20.32.53:232][  0]SourceControl: Info 	modified:   Content/2DSideScrollerBP/Maps/Levels/2DSideScrollerExampleMap.umap
[2017.06.29-20.32.53:232][  0]SourceControl: Info 	modified:   Content/2DSideScrollerBP/Maps/Levels/LevelSprites/Sprites/Materials/Glass_M.uasset
[2017.06.29-20.32.53:232][  0]SourceControl: Info 	modified:   Content/2DSideScrollerBP/Maps/Levels/Rainforest_Alien.umap
[2017.06.29-20.32.53:232][  0]SourceControl: Info 	modified:   Intermediate/AssetRegistryCache/c90e3f55.bin
[2017.06.29-20.32.53:232][  0]SourceControl: Info 	modified:   Intermediate/CachedAssetRegistry.bin
[2017.06.29-20.32.53:232][  0]SourceControl: Info 	modified:   Saved/AutoScreenshot.png
[2017.06.29-20.32.53:232][  0]SourceControl: Info 	modified:   Saved/Autosaves/Game/2DSideScrollerBP/Blueprints/Characters/2DSideScrollerCharacter_Auto1.uasset
[2017.06.29-20.32.53:232][  0]SourceControl: Info 	modified:   Saved/Autosaves/Game/2DSideScrollerBP/Blueprints/Characters/Mouse_Controls_Auto1.uasset
[2017.06.29-20.32.53:232][  0]SourceControl: Info 	modified:   Saved/Autosaves/Game/2DSideScrollerBP/Maps/Levels/2DSideScrollerExampleMap_Auto1.umap
[2017.06.29-20.32.53:232][  0]SourceControl: Info 	deleted:    Saved/Config/CrashReportClient/UE4CC-Windows-B0B1DE02458D7E81750B9B9171303D21/CrashReportClient.ini
[2017.06.29-20.32.53:232][  0]SourceControl: Info 	deleted:    Saved/Config/CrashReportClient/UE4CC-Windows-D0A7526E49C37AB5DCB294B2365221D0/CrashReportClient.ini
[2017.06.29-20.32.53:232][  0]SourceControl: Info 	modified:   Saved/Config/Windows/Editor.ini
[2017.06.29-20.32.53:232][  0]SourceControl: Info 	modified:   Saved/Config/Windows/EditorPerProjectUserSettings.ini
[2017.06.29-20.32.53:232][  0]SourceControl: Info 	modified:   Saved/Config/Windows/Engine.ini
[2017.06.29-20.32.53:232][  0]SourceControl: Info 	deleted:    Saved/Logs/InsertNameAdventure-backup-2017.06.23-15.19.56.log
[2017.06.29-20.32.53:232][  0]SourceControl: Info 	deleted:    Saved/Logs/InsertNameAdventure-backup-2017.06.23-15.22.32.log
[2017.06.29-20.32.53:232][  0]SourceControl: Info 	deleted:    Saved/Logs/InsertNameAdventure-backup-2017.06.23-15.29.56.log
[2017.06.29-20.32.53:232][  0]SourceControl: Info 	deleted:    Saved/Logs/InsertNameAdventure-backup-2017.06.23-16.44.36.log
[2017.06.29-20.32.53:232][  0]SourceControl: Info 	deleted:    Saved/Logs/InsertNameAdventure-backup-2017.06.23-18.08.19.log
[2017.06.29-20.32.53:232][  0]SourceControl: Info 	modified:   Saved/Logs/InsertNameAdventure.log
[2017.06.29-20.32.53:232][  0]SourceControl: Info Untracked files:
[2017.06.29-20.32.53:232][  0]SourceControl: Info   (use "git add <file>..." to include in what will be committed)
[2017.06.29-20.32.53:232][  0]SourceControl: Info 	Saved/Autosaves/Game/2DSideScrollerBP/Maps/Levels/LevelSprites/Sprites/Rain_Forrest_Sprites/Platform_Sprite_Sheet1_Auto3.uasset
[2017.06.29-20.32.53:232][  0]SourceControl: Info 	Saved/Autosaves/Game/2DSideScrollerBP/Maps/Levels/LevelSprites/Sprites/Rain_Forrest_Sprites/Sprite_Sheet_Platform_1_animation_Auto2.uasset
[2017.06.29-20.32.53:232][  0]SourceControl: Info 	Saved/Backup/2DSideScrollerCharacter_2017-06-27-10-12-25.uasset
[2017.06.29-20.32.53:232][  0]SourceControl: Info 	Saved/Backup/2DSideScrollerCharacter_2017-06-29-11-34-22.uasset
[2017.06.29-20.32.53:232][  0]SourceControl: Info 	Saved/Backup/2DSideScrollerCharacter_2017-06-29-13-03-19.uasset
[2017.06.29-20.32.53:232][  0]SourceControl: Info 	Saved/Backup/2DSideScrollerExampleMap_2017-06-29-11-15-40.umap
[2017.06.29-20.32.53:232][  0]SourceControl: Info 	Saved/Backup/2DSideScrollerExampleMap_2017-06-29-11-34-22.umap
[2017.06.29-20.32.53:232][  0]SourceControl: Info 	Saved/Backup/2DSideScrollerExampleMap_2017-06-29-13-03-19.umap
[2017.06.29-20.32.53:232][  0]SourceControl: Info 	Saved/Backup/Glass_M_2017-06-27-10-13-40.uasset
[2017.06.29-20.32.53:232][  0]SourceControl: Info 	Saved/Backup/Mouse_Controls_2017-06-27-10-13-40.uasset
[2017.06.29-20.32.53:232][  0]SourceControl: Info 	Saved/Backup/Mouse_Controls_2017-06-27-11-47-20.uasset
[2017.06.29-20.32.53:232][  0]SourceControl: Info 	Saved/Backup/Mouse_Controls_2017-06-27-12-00-13.uasset
[2017.06.29-20.32.53:232][  0]SourceControl: Info 	Saved/Backup/Mouse_Controls_2017-06-29-11-34-23.uasset
[2017.06.29-20.32.53:232][  0]SourceControl: Info 	Saved/Backup/Mouse_Controls_2017-06-29-13-03-19.uasset
[2017.06.29-20.32.53:232][  0]SourceControl: Info 	Saved/Backup/Rainforest_Alien_2017-06-27-10-13-40.umap
[2017.06.29-20.32.53:232][  0]SourceControl: Info 	Saved/Backup/Rainforest_Alien_2017-06-29-11-20-58.umap
[2017.06.29-20.32.53:232][  0]SourceControl: Info 	Saved/Config/CrashReportClient/UE4CC-Windows-13073BAB483A43C2E96385B222EB99A6/
[2017.06.29-20.32.53:232][  0]SourceControl: Info 	Saved/Config/CrashReportClient/UE4CC-Windows-3E5A3C2A44B509EFFDE07699A7709941/
[2017.06.29-20.32.53:232][  0]SourceControl: Info 	Saved/Config/CrashReportClient/UE4CC-Windows-A08355874F061B4E30F597B307C61046/
[2017.06.29-20.32.53:232][  0]SourceControl: Info 	Saved/Config/CrashReportClient/UE4CC-Windows-AE53F65E4C13E4C7D08BB1A6A34BF40F/
[2017.06.29-20.32.53:232][  0]SourceControl: Info 	Saved/Config/CrashReportClient/UE4CC-Windows-CAFBB5BA4D5F8A75E9954EAC693558A1/
[2017.06.29-20.32.53:232][  0]SourceControl: Info 	Saved/HardwareSurvey/
[2017.06.29-20.32.53:232][  0]SourceControl: Info 	Saved/Logs/InsertNameAdventure-backup-2017.06.27-10.04.07.log
[2017.06.29-20.32.53:232][  0]SourceControl: Info 	Saved/Logs/InsertNameAdventure-backup-2017.06.27-11.35.54.log
[2017.06.29-20.32.53:232][  0]SourceControl: Info 	Saved/Logs/InsertNameAdventure-backup-2017.06.27-14.11.10.log
[2017.06.29-20.32.53:232][  0]SourceControl: Info 	Saved/Logs/InsertNameAdventure-backup-2017.06.29-11.14.36.log
[2017.06.29-20.32.53:232][  0]SourceControl: Info 	Saved/Logs/InsertNameAdventure-backup-2017.06.29-14.32.31.log
[2017.06.29-20.32.53:232][  0]LogContentStreaming: Texture pool size now 1000 MB
[2017.06.29-20.33.00:430][222]LogSlate: Took 0.004716 seconds to synchronously load lazily loaded font '../../../Engine/Content/Slate/Fonts/Roboto-Light.ttf' (159K)
[2017.06.29-20.33.00:483][222]LogFactory: FactoryCreateFile: Texture with ReimportTextureFactory (0 0 ../../../../../../Users/Justin Wells/Desktop/UE4 Art/PNG's/Rain Forrest Assets/Platform Sprite Sheet.png)
[2017.06.29-20.33.00:484][222]LogTexture:Display: Building textures: Platform_Sprite_Sheet (AutoDXT, 64X64)
[2017.06.29-20.33.04:091][627]LogTexture:Display: Building textures: Platform_Sprite_Sheet (BGRA8, 64X64)
[2017.06.29-20.33.07:894][ 66]LogSlate: Took 0.003967 seconds to synchronously load lazily loaded font '../../../Engine/Content/Editor/Slate/Fonts/Roboto-BoldCondensed.ttf' (158K)
[2017.06.29-20.33.34:012][ 90]LogFactory: FactoryCreateFile: Texture with ReimportTextureFactory (0 0 ../../../../../../Users/Justin Wells/Desktop/UE4 Art/PNG's/Rain Forrest Assets/Sprite platform sheet.png)
[2017.06.29-20.33.34:013][ 90]LogTexture:Display: Building textures: Sprite_platform_sheet (AutoDXT, 64X64)
[2017.06.29-20.33.38:131][558]LogTexture:Display: Building textures: Sprite_platform_sheet (BGRA8, 64X64)
[2017.06.29-20.33.39:467][712]LogContentBrowser: Native class hierarchy updated for 'TextureEditor' in 0.0004 seconds. Added 1 classes and 2 folders.
[2017.06.29-20.41.42:964][ 59]LogFactory: FactoryCreateFile: Texture with ReimportTextureFactory (0 0 ../../../../../../Users/Justin Wells/Desktop/UE4 Art/PNG's/Rain Forrest Assets/Sprite platform sheet.png)
[2017.06.29-20.41.42:966][ 59]LogTexture:Display: Building textures: Sprite_platform_sheet (AutoDXT, 64X64)
[2017.06.29-20.41.45:801][378]LogTexture:Display: Building textures: Sprite_platform_sheet (BGRA8, 64X64)
[2017.06.29-20.42.44:601][414]LogSlate: Took 0.000506 seconds to synchronously load lazily loaded font '../../../Engine/Content/Slate/Fonts/Roboto-Light.ttf' (159K)
[2017.06.29-20.42.53:618][441]LogFileHelpers: Editor autosave (incl. sublevels) for '/Temp/Untitled_1' took 0.009
[2017.06.29-20.42.53:620][441]OBJ SavePackage: Generating thumbnails for [1] asset(s) in package [/Game/2DSideScrollerBP/Maps/Levels/LevelSprites/Sprites/Rain_Forrest_Sprites/Sprite_platform_sheet] ([1] browsable assets)...
[2017.06.29-20.42.53:622][441]OBJ SavePackage:     Rendered thumbnail for [Texture2D /Game/2DSideScrollerBP/Maps/Levels/LevelSprites/Sprites/Rain_Forrest_Sprites/Sprite_platform_sheet.Sprite_platform_sheet]
[2017.06.29-20.42.53:622][441]OBJ SavePackage: Finished generating thumbnails for package [/Game/2DSideScrollerBP/Maps/Levels/LevelSprites/Sprites/Rain_Forrest_Sprites/Sprite_platform_sheet]
[2017.06.29-20.42.53:630][441]LogSavePackage: Save=5.90ms
[2017.06.29-20.42.53:630][441]LogSavePackage: Moving '../../../../../../Users/Justin Wells/Documents/Unreal Projects/InsertNameAdventure/DatBoiEntertainmetnGame/Saved/Sprite_platform_sheet_Auto1FDC10DDC4DD08D6D26AC75B4E801E83F.tmp' to '../../../../../../Users/Justin Wells/Documents/Unreal Projects/InsertNameAdventure/DatBoiEntertainmetnGame/Saved/Autosaves/Game/2DSideScrollerBP/Maps/Levels/LevelSprites/Sprites/Rain_Forrest_Sprites/Sprite_platform_sheet_Auto1.uasset'
[2017.06.29-20.42.53:631][441]LogSavePackage:Display: Finished SavePackage ../../../../../../Users/Justin Wells/Documents/Unreal Projects/InsertNameAdventure/DatBoiEntertainmetnGame/Saved/Autosaves/Game/2DSideScrollerBP/Maps/Levels/LevelSprites/Sprites/Rain_Forrest_Sprites/Sprite_platform_sheet_Auto1.uasset
[2017.06.29-20.42.53:631][441]LogFileHelpers: Auto-saving content packages took 0.012
[2017.06.29-20.43.11:498][808]LogFactory: FactoryCreateFile: Texture with ReimportTextureFactory (0 0 ../../../../../../Users/Justin Wells/Desktop/UE4 Art/PNG's/Rain Forrest Assets/Sprite platform sheet.png)
[2017.06.29-20.43.11:500][808]LogTexture:Display: Building textures: Sprite_platform_sheet (AutoDXT, 64X64)
[2017.06.29-20.43.14:884][189]LogTexture:Display: Building textures: Sprite_platform_sheet (BGRA8, 64X64)
[2017.06.29-20.44.31:765][549]Cmd: TRANSACTION UNDO
[2017.06.29-20.44.31:765][549]LogEditorTransaction: Undo Edit Num Cells Y
[2017.06.29-20.47.45:311][173]LogFactory: FactoryCreateFile: Texture with ReimportTextureFactory (0 0 ../../../../../../Users/Justin Wells/Desktop/UE4 Art/PNG's/Rain Forrest Assets/Sprite platform sheet.png)
[2017.06.29-20.47.45:314][173]LogTexture:Display: Building textures: Sprite_platform_sheet (AutoDXT, 64X64)
[2017.06.29-20.47.48:224][500]LogTexture:Display: Building textures: Sprite_platform_sheet (BGRA8, 64X64)
[2017.06.29-20.50.50:022][630]LogFactory: FactoryCreateFile: Texture with ReimportTextureFactory (0 0 ../../../../../../Users/Justin Wells/Desktop/UE4 Art/PNG's/Rain Forrest Assets/Sprite platform sheet.png)
[2017.06.29-20.50.50:024][630]LogTexture:Display: Building textures: Sprite_platform_sheet (AutoDXT, 64X64)
[2017.06.29-20.50.54:799][176]LogTexture:Display: Building textures: Sprite_platform_sheet (BGRA8, 64X64)
[2017.06.29-20.51.38:474][184]LogSlate: Took 0.000132 seconds to synchronously load lazily loaded font '../../../Engine/Content/Slate/Fonts/Roboto-Light.ttf' (159K)
[2017.06.29-20.52.09:597][478]LogObjectTools:Warning: ForceReplaceReferences replaced references for a transient object 'PaperFlipbookComponent_4' or package '/Engine/Transient'.
[2017.06.29-20.53.02:985][777]LogFileHelpers: Editor autosave (incl. sublevels) for '/Temp/Untitled_1' took 0.007
[2017.06.29-20.53.02:986][777]OBJ SavePackage: Generating thumbnails for [1] asset(s) in package [/Game/2DSideScrollerBP/Maps/Levels/LevelSprites/Sprites/Rain_Forrest_Sprites/Sprite_platform_sheet] ([1] browsable assets)...
[2017.06.29-20.53.02:988][777]OBJ SavePackage:     Rendered thumbnail for [Texture2D /Game/2DSideScrollerBP/Maps/Levels/LevelSprites/Sprites/Rain_Forrest_Sprites/Sprite_platform_sheet.Sprite_platform_sheet]
[2017.06.29-20.53.02:988][777]OBJ SavePackage: Finished generating thumbnails for package [/Game/2DSideScrollerBP/Maps/Levels/LevelSprites/Sprites/Rain_Forrest_Sprites/Sprite_platform_sheet]
[2017.06.29-20.53.02:994][777]LogSavePackage: Save=4.62ms
[2017.06.29-20.53.02:994][777]LogSavePackage: Moving '../../../../../../Users/Justin Wells/Documents/Unreal Projects/InsertNameAdventure/DatBoiEntertainmetnGame/Saved/Sprite_platform_sheet_Auto278B668D246D9AD95D167DC8BE96A70C5.tmp' to '../../../../../../Users/Justin Wells/Documents/Unreal Projects/InsertNameAdventure/DatBoiEntertainmetnGame/Saved/Autosaves/Game/2DSideScrollerBP/Maps/Levels/LevelSprites/Sprites/Rain_Forrest_Sprites/Sprite_platform_sheet_Auto2.uasset'
[2017.06.29-20.53.02:994][777]LogSavePackage:Display: Finished SavePackage ../../../../../../Users/Justin Wells/Documents/Unreal Projects/InsertNameAdventure/DatBoiEntertainmetnGame/Saved/Autosaves/Game/2DSideScrollerBP/Maps/Levels/LevelSprites/Sprites/Rain_Forrest_Sprites/Sprite_platform_sheet_Auto2.uasset
[2017.06.29-20.53.02:995][777]OBJ SavePackage: Generating thumbnails for [1] asset(s) in package [/Game/2DSideScrollerBP/Maps/Levels/LevelSprites/Sprites/Rain_Forrest_Sprites/Sprite_platform_sheet_Sprite_2] ([1] browsable assets)...
[2017.06.29-20.53.03:003][777]OBJ SavePackage:     Rendered thumbnail for [PaperSprite /Game/2DSideScrollerBP/Maps/Levels/LevelSprites/Sprites/Rain_Forrest_Sprites/Sprite_platform_sheet_Sprite_2.Sprite_platform_sheet_Sprite_2]
[2017.06.29-20.53.03:003][777]OBJ SavePackage: Finished generating thumbnails for package [/Game/2DSideScrollerBP/Maps/Levels/LevelSprites/Sprites/Rain_Forrest_Sprites/Sprite_platform_sheet_Sprite_2]
[2017.06.29-20.53.03:011][777]LogSavePackage: Save=6.15ms
[2017.06.29-20.53.03:011][777]LogSavePackage: Moving '../../../../../../Users/Justin Wells/Documents/Unreal Projects/InsertNameAdventure/DatBoiEntertainmetnGame/Saved/Sprite_platform_sheet_Sprite_2_Auto29CA3D79C4686C61AD0D86FA77D4A72F7.tmp' to '../../../../../../Users/Justin Wells/Documents/Unreal Projects/InsertNameAdventure/DatBoiEntertainmetnGame/Saved/Autosaves/Game/2DSideScrollerBP/Maps/Levels/LevelSprites/Sprites/Rain_Forrest_Sprites/Sprite_platform_sheet_Sprite_2_Auto2.uasset'
[2017.06.29-20.53.03:012][777]LogSavePackage:Display: Finished SavePackage ../../../../../../Users/Justin Wells/Documents/Unreal Projects/InsertNameAdventure/DatBoiEntertainmetnGame/Saved/Autosaves/Game/2DSideScrollerBP/Maps/Levels/LevelSprites/Sprites/Rain_Forrest_Sprites/Sprite_platform_sheet_Sprite_2_Auto2.uasset
[2017.06.29-20.53.03:012][777]OBJ SavePackage: Generating thumbnails for [1] asset(s) in package [/Game/2DSideScrollerBP/Maps/Levels/LevelSprites/Sprites/Rain_Forrest_Sprites/Sprite_platform_sheet_Sprite_1] ([1] browsable assets)...
[2017.06.29-20.53.03:020][777]OBJ SavePackage:     Rendered thumbnail for [PaperSprite /Game/2DSideScrollerBP/Maps/Levels/LevelSprites/Sprites/Rain_Forrest_Sprites/Sprite_platform_sheet_Sprite_1.Sprite_platform_sheet_Sprite_1]
[2017.06.29-20.53.03:020][777]OBJ SavePackage: Finished generating thumbnails for package [/Game/2DSideScrollerBP/Maps/Levels/LevelSprites/Sprites/Rain_Forrest_Sprites/Sprite_platform_sheet_Sprite_1]
[2017.06.29-20.53.03:028][777]LogSavePackage: Save=6.47ms
[2017.06.29-20.53.03:028][777]LogSavePackage: Moving '../../../../../../Users/Justin Wells/Documents/Unreal Projects/InsertNameAdventure/DatBoiEntertainmetnGame/Saved/Sprite_platform_sheet_Sprite_1_Auto29C01F94E467E61F3FC4DF38694C62FE6.tmp' to '../../../../../../Users/Justin Wells/Documents/Unreal Projects/InsertNameAdventure/DatBoiEntertainmetnGame/Saved/Autosaves/Game/2DSideScrollerBP/Maps/Levels/LevelSprites/Sprites/Rain_Forrest_Sprites/Sprite_platform_sheet_Sprite_1_Auto2.uasset'
[2017.06.29-20.53.03:029][777]LogSavePackage:Display: Finished SavePackage ../../../../../../Users/Justin Wells/Documents/Unreal Projects/InsertNameAdventure/DatBoiEntertainmetnGame/Saved/Autosaves/Game/2DSideScrollerBP/Maps/Levels/LevelSprites/Sprites/Rain_Forrest_Sprites/Sprite_platform_sheet_Sprite_1_Auto2.uasset
[2017.06.29-20.53.03:029][777]OBJ SavePackage: Generating thumbnails for [1] asset(s) in package [/Game/2DSideScrollerBP/Maps/Levels/LevelSprites/Sprites/Rain_Forrest_Sprites/Sprite_platform_sheet_Sprite_0] ([1] browsable assets)...
[2017.06.29-20.53.03:036][777]OBJ SavePackage:     Rendered thumbnail for [PaperSprite /Game/2DSideScrollerBP/Maps/Levels/LevelSprites/Sprites/Rain_Forrest_Sprites/Sprite_platform_sheet_Sprite_0.Sprite_platform_sheet_Sprite_0]
[2017.06.29-20.53.03:036][777]OBJ SavePackage: Finished generating thumbnails for package [/Game/2DSideScrollerBP/Maps/Levels/LevelSprites/Sprites/Rain_Forrest_Sprites/Sprite_platform_sheet_Sprite_0]
[2017.06.29-20.53.03:045][777]LogSavePackage: Save=6.80ms
[2017.06.29-20.53.03:045][777]LogSavePackage: Moving '../../../../../../Users/Justin Wells/Documents/Unreal Projects/InsertNameAdventure/DatBoiEntertainmetnGame/Saved/Sprite_platform_sheet_Sprite_0_Auto26C3F2C81487F98D5F0E0DBBB1DFFB75F.tmp' to '../../../../../../Users/Justin Wells/Documents/Unreal Projects/InsertNameAdventure/DatBoiEntertainmetnGame/Saved/Autosaves/Game/2DSideScrollerBP/Maps/Levels/LevelSprites/Sprites/Rain_Forrest_Sprites/Sprite_platform_sheet_Sprite_0_Auto2.uasset'
[2017.06.29-20.53.03:046][777]LogSavePackage:Display: Finished SavePackage ../../../../../../Users/Justin Wells/Documents/Unreal Projects/InsertNameAdventure/DatBoiEntertainmetnGame/Saved/Autosaves/Game/2DSideScrollerBP/Maps/Levels/LevelSprites/Sprites/Rain_Forrest_Sprites/Sprite_platform_sheet_Sprite_0_Auto2.uasset
[2017.06.29-20.53.03:046][777]OBJ SavePackage: Generating thumbnails for [1] asset(s) in package [/Game/2DSideScrollerBP/Maps/Levels/LevelSprites/Sprites/Rain_Forrest_Sprites/Sprite_platform_sheet1] ([1] browsable assets)...
[2017.06.29-20.53.03:053][777]OBJ SavePackage:     Rendered thumbnail for [PaperFlipbook /Game/2DSideScrollerBP/Maps/Levels/LevelSprites/Sprites/Rain_Forrest_Sprites/Sprite_platform_sheet1.Sprite_platform_sheet1]
[2017.06.29-20.53.03:053][777]OBJ SavePackage: Finished generating thumbnails for package [/Game/2DSideScrollerBP/Maps/Levels/LevelSprites/Sprites/Rain_Forrest_Sprites/Sprite_platform_sheet1]
[2017.06.29-20.53.03:060][777]LogSavePackage: Save=5.72ms
[2017.06.29-20.53.03:060][777]LogSavePackage: Moving '../../../../../../Users/Justin Wells/Documents/Unreal Projects/InsertNameAdventure/DatBoiEntertainmetnGame/Saved/Sprite_platform_sheet1_Auto25D5F87C54018A804B48C97879219F0FC.tmp' to '../../../../../../Users/Justin Wells/Documents/Unreal Projects/InsertNameAdventure/DatBoiEntertainmetnGame/Saved/Autosaves/Game/2DSideScrollerBP/Maps/Levels/LevelSprites/Sprites/Rain_Forrest_Sprites/Sprite_platform_sheet1_Auto2.uasset'
[2017.06.29-20.53.03:062][777]LogSavePackage:Display: Finished SavePackage ../../../../../../Users/Justin Wells/Documents/Unreal Projects/InsertNameAdventure/DatBoiEntertainmetnGame/Saved/Autosaves/Game/2DSideScrollerBP/Maps/Levels/LevelSprites/Sprites/Rain_Forrest_Sprites/Sprite_platform_sheet1_Auto2.uasset
[2017.06.29-20.53.03:062][777]OBJ SavePackage: Generating thumbnails for [1] asset(s) in package [/Game/2DSideScrollerBP/Maps/Levels/LevelSprites/Sprites/Rain_Forrest_Sprites/Sprite_platform_sheet_Sprite_3] ([1] browsable assets)...
[2017.06.29-20.53.03:069][777]OBJ SavePackage:     Rendered thumbnail for [PaperSprite /Game/2DSideScrollerBP/Maps/Levels/LevelSprites/Sprites/Rain_Forrest_Sprites/Sprite_platform_sheet_Sprite_3.Sprite_platform_sheet_Sprite_3]
[2017.06.29-20.53.03:069][777]OBJ SavePackage: Finished generating thumbnails for package [/Game/2DSideScrollerBP/Maps/Levels/LevelSprites/Sprites/Rain_Forrest_Sprites/Sprite_platform_sheet_Sprite_3]
[2017.06.29-20.53.03:077][777]LogSavePackage: Save=6.25ms
[2017.06.29-20.53.03:077][777]LogSavePackage: Moving '../../../../../../Users/Justin Wells/Documents/Unreal Projects/InsertNameAdventure/DatBoiEntertainmetnGame/Saved/Sprite_platform_sheet_Sprite_3_Auto29DEB8B5E45C6B8E1B0024C953795E878.tmp' to '../../../../../../Users/Justin Wells/Documents/Unreal Projects/InsertNameAdventure/DatBoiEntertainmetnGame/Saved/Autosaves/Game/2DSideScrollerBP/Maps/Levels/LevelSprites/Sprites/Rain_Forrest_Sprites/Sprite_platform_sheet_Sprite_3_Auto2.uasset'
[2017.06.29-20.53.03:078][777]LogSavePackage:Display: Finished SavePackage ../../../../../../Users/Justin Wells/Documents/Unreal Projects/InsertNameAdventure/DatBoiEntertainmetnGame/Saved/Autosaves/Game/2DSideScrollerBP/Maps/Levels/LevelSprites/Sprites/Rain_Forrest_Sprites/Sprite_platform_sheet_Sprite_3_Auto2.uasset
[2017.06.29-20.53.03:078][777]LogFileHelpers: Auto-saving content packages took 0.092
[2017.06.29-20.58.14:767][835]LogFactory: FactoryCreateFile: Texture with ReimportTextureFactory (0 0 ../../../../../../Users/Justin Wells/Desktop/UE4 Art/PNG's/Rain Forrest Assets/Sprite platform sheet.png)
[2017.06.29-20.58.14:771][835]LogTexture:Display: Building textures: Sprite_platform_sheet (AutoDXT, 64X64)
[2017.06.29-20.58.17:727][162]LogTexture:Display: Building textures: Sprite_platform_sheet (BGRA8, 64X64)
[2017.06.29-20.59.30:979][839]LogFactory: FactoryCreateFile: Texture with ReimportTextureFactory (0 0 ../../../../../../Users/Justin Wells/Desktop/UE4 Art/PNG's/Rain Forrest Assets/Sprite platform sheet.png)
[2017.06.29-20.59.30:982][839]LogTexture:Display: Building textures: Sprite_platform_sheet (AutoDXT, 64X64)
[2017.06.29-20.59.34:159][200]LogTexture:Display: Building textures: Sprite_platform_sheet (BGRA8, 64X64)
[2017.06.29-21.00.34:263][586]LogFactory: FactoryCreateFile: Texture with ReimportTextureFactory (0 0 ../../../../../../Users/Justin Wells/Desktop/UE4 Art/PNG's/Rain Forrest Assets/Sprite platform sheet.png)
[2017.06.29-21.00.34:266][586]LogTexture:Display: Building textures: Sprite_platform_sheet (AutoDXT, 64X64)
[2017.06.29-21.00.38:454][ 67]LogTexture:Display: Building textures: Sprite_platform_sheet (BGRA8, 64X64)
[2017.06.29-21.02.45:658][737]SourceControl: Info fatal: C:/Program Files/Epic Games/UE_4.16/Engine/Content/: 'C:/Program Files/Epic Games/UE_4.16/Engine/Content/' is outside repository
[2017.06.29-21.02.56:556][737]LogSourceControl: FGitCheckInWorker: commit successful
[2017.06.29-21.02.56:588][737]SourceControl: Info [V1.5.1 2e250dd] Added more sprites
[2017.06.29-21.02.56:588][737]SourceControl: Info  2 files changed, 0 insertions(+), 0 deletions(-)
[2017.06.29-21.02.56:588][737]SourceControl: Info  create mode 100644 Content/2DSideScrollerBP/Maps/Levels/LevelSprites/Sprites/Rain_Forrest_Sprites/Platform_Sprite_Sheet1.uasset
[2017.06.29-21.02.56:588][737]SourceControl: Info  create mode 100644 Content/2DSideScrollerBP/Maps/Levels/LevelSprites/Sprites/Rain_Forrest_Sprites/Rain_Forrest_TM.uasset
[2017.06.29-21.02.56:594][737]SourceControl: Info Commited [V1.5.1 2e250dd] Added more sprites.
[2017.06.29-21.03.26:730][214]LogFileHelpers: Editor autosave (incl. sublevels) for '/Temp/Untitled_1' took 0.013
[2017.06.29-21.03.26:734][214]OBJ SavePackage: Generating thumbnails for [1] asset(s) in package [/Game/2DSideScrollerBP/Maps/Levels/LevelSprites/Sprites/Rain_Forrest_Sprites/Sprite_platform_sheet] ([1] browsable assets)...
[2017.06.29-21.03.26:736][214]OBJ SavePackage:     Rendered thumbnail for [Texture2D /Game/2DSideScrollerBP/Maps/Levels/LevelSprites/Sprites/Rain_Forrest_Sprites/Sprite_platform_sheet.Sprite_platform_sheet]
[2017.06.29-21.03.26:736][214]OBJ SavePackage: Finished generating thumbnails for package [/Game/2DSideScrollerBP/Maps/Levels/LevelSprites/Sprites/Rain_Forrest_Sprites/Sprite_platform_sheet]
[2017.06.29-21.03.26:745][214]LogSavePackage: Save=5.68ms
[2017.06.29-21.03.26:745][214]LogSavePackage: Moving '../../../../../../Users/Justin Wells/Documents/Unreal Projects/InsertNameAdventure/DatBoiEntertainmetnGame/Saved/Sprite_platform_sheet_Auto3B24920FD44C5317F5896488B94B0865E.tmp' to '../../../../../../Users/Justin Wells/Documents/Unreal Projects/InsertNameAdventure/DatBoiEntertainmetnGame/Saved/Autosaves/Game/2DSideScrollerBP/Maps/Levels/LevelSprites/Sprites/Rain_Forrest_Sprites/Sprite_platform_sheet_Auto3.uasset'
[2017.06.29-21.03.26:746][214]LogSavePackage:Display: Finished SavePackage ../../../../../../Users/Justin Wells/Documents/Unreal Projects/InsertNameAdventure/DatBoiEntertainmetnGame/Saved/Autosaves/Game/2DSideScrollerBP/Maps/Levels/LevelSprites/Sprites/Rain_Forrest_Sprites/Sprite_platform_sheet_Auto3.uasset
[2017.06.29-21.03.26:746][214]OBJ SavePackage: Generating thumbnails for [1] asset(s) in package [/Game/2DSideScrollerBP/Maps/Levels/LevelSprites/Sprites/Rain_Forrest_Sprites/Sprite_platform_sheet_Sprite_0] ([1] browsable assets)...
[2017.06.29-21.03.26:755][214]OBJ SavePackage:     Rendered thumbnail for [PaperSprite /Game/2DSideScrollerBP/Maps/Levels/LevelSprites/Sprites/Rain_Forrest_Sprites/Sprite_platform_sheet_Sprite_0.Sprite_platform_sheet_Sprite_0]
[2017.06.29-21.03.26:755][214]OBJ SavePackage: Finished generating thumbnails for package [/Game/2DSideScrollerBP/Maps/Levels/LevelSprites/Sprites/Rain_Forrest_Sprites/Sprite_platform_sheet_Sprite_0]
[2017.06.29-21.03.26:765][214]LogSavePackage: Save=7.67ms
[2017.06.29-21.03.26:765][214]LogSavePackage: Moving '../../../../../../Users/Justin Wells/Documents/Unreal Projects/InsertNameAdventure/DatBoiEntertainmetnGame/Saved/Sprite_platform_sheet_Sprite_0_Auto34ECD395241E03F62600DF28A08C81447.tmp' to '../../../../../../Users/Justin Wells/Documents/Unreal Projects/InsertNameAdventure/DatBoiEntertainmetnGame/Saved/Autosaves/Game/2DSideScrollerBP/Maps/Levels/LevelSprites/Sprites/Rain_Forrest_Sprites/Sprite_platform_sheet_Sprite_0_Auto3.uasset'
[2017.06.29-21.03.26:769][214]LogSavePackage:Display: Finished SavePackage ../../../../../../Users/Justin Wells/Documents/Unreal Projects/InsertNameAdventure/DatBoiEntertainmetnGame/Saved/Autosaves/Game/2DSideScrollerBP/Maps/Levels/LevelSprites/Sprites/Rain_Forrest_Sprites/Sprite_platform_sheet_Sprite_0_Auto3.uasset
[2017.06.29-21.03.26:769][214]OBJ SavePackage: Generating thumbnails for [1] asset(s) in package [/Game/2DSideScrollerBP/Maps/Levels/LevelSprites/Sprites/Rain_Forrest_Sprites/Sprite_platform_sheet_Sprite_1] ([1] browsable assets)...
[2017.06.29-21.03.26:778][214]OBJ SavePackage:     Rendered thumbnail for [PaperSprite /Game/2DSideScrollerBP/Maps/Levels/LevelSprites/Sprites/Rain_Forrest_Sprites/Sprite_platform_sheet_Sprite_1.Sprite_platform_sheet_Sprite_1]
[2017.06.29-21.03.26:778][214]OBJ SavePackage: Finished generating thumbnails for package [/Game/2DSideScrollerBP/Maps/Levels/LevelSprites/Sprites/Rain_Forrest_Sprites/Sprite_platform_sheet_Sprite_1]
[2017.06.29-21.03.26:790][214]LogSavePackage: Save=9.80ms
[2017.06.29-21.03.26:790][214]LogSavePackage: Moving '../../../../../../Users/Justin Wells/Documents/Unreal Projects/InsertNameAdventure/DatBoiEntertainmetnGame/Saved/Sprite_platform_sheet_Sprite_1_Auto35295FA2E481E34B6B87A00B79E63828C.tmp' to '../../../../../../Users/Justin Wells/Documents/Unreal Projects/InsertNameAdventure/DatBoiEntertainmetnGame/Saved/Autosaves/Game/2DSideScrollerBP/Maps/Levels/LevelSprites/Sprites/Rain_Forrest_Sprites/Sprite_platform_sheet_Sprite_1_Auto3.uasset'
[2017.06.29-21.03.26:792][214]LogSavePackage:Display: Finished SavePackage ../../../../../../Users/Justin Wells/Documents/Unreal Projects/InsertNameAdventure/DatBoiEntertainmetnGame/Saved/Autosaves/Game/2DSideScrollerBP/Maps/Levels/LevelSprites/Sprites/Rain_Forrest_Sprites/Sprite_platform_sheet_Sprite_1_Auto3.uasset
[2017.06.29-21.03.26:793][214]OBJ SavePackage: Generating thumbnails for [1] asset(s) in package [/Game/2DSideScrollerBP/Maps/Levels/LevelSprites/Sprites/Rain_Forrest_Sprites/Sprite_platform_sheet_Sprite_2] ([1] browsable assets)...
[2017.06.29-21.03.26:801][214]OBJ SavePackage:     Rendered thumbnail for [PaperSprite /Game/2DSideScrollerBP/Maps/Levels/LevelSprites/Sprites/Rain_Forrest_Sprites/Sprite_platform_sheet_Sprite_2.Sprite_platform_sheet_Sprite_2]
[2017.06.29-21.03.26:801][214]OBJ SavePackage: Finished generating thumbnails for package [/Game/2DSideScrollerBP/Maps/Levels/LevelSprites/Sprites/Rain_Forrest_Sprites/Sprite_platform_sheet_Sprite_2]
[2017.06.29-21.03.26:812][214]LogSavePackage: Save=7.73ms
[2017.06.29-21.03.26:812][214]LogSavePackage: Moving '../../../../../../Users/Justin Wells/Documents/Unreal Projects/InsertNameAdventure/DatBoiEntertainmetnGame/Saved/Sprite_platform_sheet_Sprite_2_Auto3E16A8E704A5205DEA6E393AEBFC2E66C.tmp' to '../../../../../../Users/Justin Wells/Documents/Unreal Projects/InsertNameAdventure/DatBoiEntertainmetnGame/Saved/Autosaves/Game/2DSideScrollerBP/Maps/Levels/LevelSprites/Sprites/Rain_Forrest_Sprites/Sprite_platform_sheet_Sprite_2_Auto3.uasset'
[2017.06.29-21.03.26:813][214]LogSavePackage:Display: Finished SavePackage ../../../../../../Users/Justin Wells/Documents/Unreal Projects/InsertNameAdventure/DatBoiEntertainmetnGame/Saved/Autosaves/Game/2DSideScrollerBP/Maps/Levels/LevelSprites/Sprites/Rain_Forrest_Sprites/Sprite_platform_sheet_Sprite_2_Auto3.uasset
[2017.06.29-21.03.26:814][214]OBJ SavePackage: Generating thumbnails for [1] asset(s) in package [/Game/2DSideScrollerBP/Maps/Levels/LevelSprites/Sprites/Rain_Forrest_Sprites/Sprite_platform_sheet_Sprite_3] ([1] browsable assets)...
[2017.06.29-21.03.26:822][214]OBJ SavePackage:     Rendered thumbnail for [PaperSprite /Game/2DSideScrollerBP/Maps/Levels/LevelSprites/Sprites/Rain_Forrest_Sprites/Sprite_platform_sheet_Sprite_3.Sprite_platform_sheet_Sprite_3]
[2017.06.29-21.03.26:822][214]OBJ SavePackage: Finished generating thumbnails for package [/Game/2DSideScrollerBP/Maps/Levels/LevelSprites/Sprites/Rain_Forrest_Sprites/Sprite_platform_sheet_Sprite_3]
[2017.06.29-21.03.26:836][214]LogSavePackage: Save=12.18ms
[2017.06.29-21.03.26:836][214]LogSavePackage: Moving '../../../../../../Users/Justin Wells/Documents/Unreal Projects/InsertNameAdventure/DatBoiEntertainmetnGame/Saved/Sprite_platform_sheet_Sprite_3_Auto3DCD0682F408C852D576768BAD45FA7D2.tmp' to '../../../../../../Users/Justin Wells/Documents/Unreal Projects/InsertNameAdventure/DatBoiEntertainmetnGame/Saved/Autosaves/Game/2DSideScrollerBP/Maps/Levels/LevelSprites/Sprites/Rain_Forrest_Sprites/Sprite_platform_sheet_Sprite_3_Auto3.uasset'
[2017.06.29-21.03.26:838][214]LogSavePackage:Display: Finished SavePackage ../../../../../../Users/Justin Wells/Documents/Unreal Projects/InsertNameAdventure/DatBoiEntertainmetnGame/Saved/Autosaves/Game/2DSideScrollerBP/Maps/Levels/LevelSprites/Sprites/Rain_Forrest_Sprites/Sprite_platform_sheet_Sprite_3_Auto3.uasset
[2017.06.29-21.03.26:839][214]OBJ SavePackage: Generating thumbnails for [1] asset(s) in package [/Game/2DSideScrollerBP/Maps/Levels/LevelSprites/Sprites/Rain_Forrest_Sprites/Sprite_platform_sheet1] ([1] browsable assets)...
[2017.06.29-21.03.26:847][214]OBJ SavePackage:     Rendered thumbnail for [PaperFlipbook /Game/2DSideScrollerBP/Maps/Levels/LevelSprites/Sprites/Rain_Forrest_Sprites/Sprite_platform_sheet1.Sprite_platform_sheet1]
[2017.06.29-21.03.26:847][214]OBJ SavePackage: Finished generating thumbnails for package [/Game/2DSideScrollerBP/Maps/Levels/LevelSprites/Sprites/Rain_Forrest_Sprites/Sprite_platform_sheet1]
[2017.06.29-21.03.26:858][214]LogSavePackage: Save=6.46ms
[2017.06.29-21.03.26:858][214]LogSavePackage: Moving '../../../../../../Users/Justin Wells/Documents/Unreal Projects/InsertNameAdventure/DatBoiEntertainmetnGame/Saved/Sprite_platform_sheet1_Auto3309940B84C41D7B6595B31BFEDA63601.tmp' to '../../../../../../Users/Justin Wells/Documents/Unreal Projects/InsertNameAdventure/DatBoiEntertainmetnGame/Saved/Autosaves/Game/2DSideScrollerBP/Maps/Levels/LevelSprites/Sprites/Rain_Forrest_Sprites/Sprite_platform_sheet1_Auto3.uasset'
[2017.06.29-21.03.26:860][214]LogSavePackage:Display: Finished SavePackage ../../../../../../Users/Justin Wells/Documents/Unreal Projects/InsertNameAdventure/DatBoiEntertainmetnGame/Saved/Autosaves/Game/2DSideScrollerBP/Maps/Levels/LevelSprites/Sprites/Rain_Forrest_Sprites/Sprite_platform_sheet1_Auto3.uasset
[2017.06.29-21.03.26:860][214]LogFileHelpers: Auto-saving content packages took 0.127
[2017.06.29-21.45.37:002][379]LogSavePackage: Save=4.63ms
[2017.06.29-21.45.37:002][379]LogSavePackage: Moving '../../../../../../Users/Justin Wells/Documents/Unreal Projects/InsertNameAdventure/DatBoiEntertainmetnGame/Saved/Sprite_platform_sheet7B16979B411357F7E3D1B58FF4AB625A.tmp' to '../../../../../../Users/Justin Wells/Documents/Unreal Projects/InsertNameAdventure/DatBoiEntertainmetnGame/Content/2DSideScrollerBP/Maps/Levels/LevelSprites/Sprites/Rain_Forrest_Sprites/Sprite_platform_sheet.uasset'
[2017.06.29-21.45.37:009][379]LogSavePackage:Display: Finished SavePackage ../../../../../../Users/Justin Wells/Documents/Unreal Projects/InsertNameAdventure/DatBoiEntertainmetnGame/Content/2DSideScrollerBP/Maps/Levels/LevelSprites/Sprites/Rain_Forrest_Sprites/Sprite_platform_sheet.uasset
[2017.06.29-21.45.37:113][379]LogSavePackage: Save=5.37ms
[2017.06.29-21.45.37:113][379]LogSavePackage: Moving '../../../../../../Users/Justin Wells/Documents/Unreal Projects/InsertNameAdventure/DatBoiEntertainmetnGame/Saved/Sprite_platform_sheet122F2CF34459D87940BDDCABD266CFD50.tmp' to '../../../../../../Users/Justin Wells/Documents/Unreal Projects/InsertNameAdventure/DatBoiEntertainmetnGame/Content/2DSideScrollerBP/Maps/Levels/LevelSprites/Sprites/Rain_Forrest_Sprites/Sprite_platform_sheet1.uasset'
[2017.06.29-21.45.37:119][379]LogSavePackage:Display: Finished SavePackage ../../../../../../Users/Justin Wells/Documents/Unreal Projects/InsertNameAdventure/DatBoiEntertainmetnGame/Content/2DSideScrollerBP/Maps/Levels/LevelSprites/Sprites/Rain_Forrest_Sprites/Sprite_platform_sheet1.uasset
[2017.06.29-21.45.37:234][379]LogSavePackage: Save=7.01ms
[2017.06.29-21.45.37:234][379]LogSavePackage: Moving '../../../../../../Users/Justin Wells/Documents/Unreal Projects/InsertNameAdventure/DatBoiEntertainmetnGame/Saved/Sprite_platform_sheet_Sprite_0C7649B324B1EB718CF86339D92C87552.tmp' to '../../../../../../Users/Justin Wells/Documents/Unreal Projects/InsertNameAdventure/DatBoiEntertainmetnGame/Content/2DSideScrollerBP/Maps/Levels/LevelSprites/Sprites/Rain_Forrest_Sprites/Sprite_platform_sheet_Sprite_0.uasset'
[2017.06.29-21.45.37:241][379]LogSavePackage:Display: Finished SavePackage ../../../../../../Users/Justin Wells/Documents/Unreal Projects/InsertNameAdventure/DatBoiEntertainmetnGame/Content/2DSideScrollerBP/Maps/Levels/LevelSprites/Sprites/Rain_Forrest_Sprites/Sprite_platform_sheet_Sprite_0.uasset
[2017.06.29-21.45.37:355][379]LogSavePackage: Save=6.22ms
[2017.06.29-21.45.37:355][379]LogSavePackage: Moving '../../../../../../Users/Justin Wells/Documents/Unreal Projects/InsertNameAdventure/DatBoiEntertainmetnGame/Saved/Sprite_platform_sheet_Sprite_162F6BB074DFD05C5ACCBE098589330E0.tmp' to '../../../../../../Users/Justin Wells/Documents/Unreal Projects/InsertNameAdventure/DatBoiEntertainmetnGame/Content/2DSideScrollerBP/Maps/Levels/LevelSprites/Sprites/Rain_Forrest_Sprites/Sprite_platform_sheet_Sprite_1.uasset'
[2017.06.29-21.45.37:361][379]LogSavePackage:Display: Finished SavePackage ../../../../../../Users/Justin Wells/Documents/Unreal Projects/InsertNameAdventure/DatBoiEntertainmetnGame/Content/2DSideScrollerBP/Maps/Levels/LevelSprites/Sprites/Rain_Forrest_Sprites/Sprite_platform_sheet_Sprite_1.uasset
[2017.06.29-21.45.37:473][379]LogSavePackage: Save=5.95ms
[2017.06.29-21.45.37:473][379]LogSavePackage: Moving '../../../../../../Users/Justin Wells/Documents/Unreal Projects/InsertNameAdventure/DatBoiEntertainmetnGame/Saved/Sprite_platform_sheet_Sprite_223FA50104695C5231CC6BDB01C9D7DC1.tmp' to '../../../../../../Users/Justin Wells/Documents/Unreal Projects/InsertNameAdventure/DatBoiEntertainmetnGame/Content/2DSideScrollerBP/Maps/Levels/LevelSprites/Sprites/Rain_Forrest_Sprites/Sprite_platform_sheet_Sprite_2.uasset'
[2017.06.29-21.45.37:477][379]LogSavePackage:Display: Finished SavePackage ../../../../../../Users/Justin Wells/Documents/Unreal Projects/InsertNameAdventure/DatBoiEntertainmetnGame/Content/2DSideScrollerBP/Maps/Levels/LevelSprites/Sprites/Rain_Forrest_Sprites/Sprite_platform_sheet_Sprite_2.uasset
[2017.06.29-21.45.37:579][379]LogSavePackage: Save=6.03ms
[2017.06.29-21.45.37:579][379]LogSavePackage: Moving '../../../../../../Users/Justin Wells/Documents/Unreal Projects/InsertNameAdventure/DatBoiEntertainmetnGame/Saved/Sprite_platform_sheet_Sprite_3F0CF803F4F8F00719E71799D621A0B26.tmp' to '../../../../../../Users/Justin Wells/Documents/Unreal Projects/InsertNameAdventure/DatBoiEntertainmetnGame/Content/2DSideScrollerBP/Maps/Levels/LevelSprites/Sprites/Rain_Forrest_Sprites/Sprite_platform_sheet_Sprite_3.uasset'
[2017.06.29-21.45.37:581][379]LogSavePackage:Display: Finished SavePackage ../../../../../../Users/Justin Wells/Documents/Unreal Projects/InsertNameAdventure/DatBoiEntertainmetnGame/Content/2DSideScrollerBP/Maps/Levels/LevelSprites/Sprites/Rain_Forrest_Sprites/Sprite_platform_sheet_Sprite_3.uasset
[2017.06.29-21.45.37:756][379]LogWindowsTextInputMethodSystem:Display: IME system now deactivated.
[2017.06.29-21.45.37:933][380]Cmd: QUIT_EDITOR
[2017.06.29-21.45.37:989][380]LogExit: Preparing to exit.
[2017.06.29-21.45.38:288][380]LogDirectoryWatcher: A directory notification failed for 'C:/Users/Justin Wells/Documents/Unreal Projects/InsertNameAdventure/DatBoiEntertainmetnGame/Content/', and we were unable to create a new request.
[2017.06.29-21.45.38:307][380]LogExit: Editor shut down
[2017.06.29-21.45.38:317][380]LogExit: Transaction tracking system shut down
[2017.06.29-21.45.38:370][380]LogObj: Freed 0b from 0 cluster array pools.
[2017.06.29-21.45.38:370][380]LogExit: Object subsystem successfully closed.
[2017.06.29-21.45.38:382][380]LogD3D11RHI: Shutdown
[2017.06.29-21.45.38:382][380]LogD3D11RHI: CleanupD3DDevice
[2017.06.29-21.45.38:446][380]LogD3D11RHI: ~FD3D11DynamicRHI
[2017.06.29-21.45.38:460][380]LogModuleManager: Shutting down and abandoning module TextureEditor (526)
[2017.06.29-21.45.38:460][380]LogModuleManager: Shutting down and abandoning module HierarchicalLODOutliner (524)
[2017.06.29-21.45.38:460][380]LogModuleManager: Shutting down and abandoning module CrashTracker (522)
[2017.06.29-21.45.38:460][380]LogModuleManager: Shutting down and abandoning module SceneOutliner (520)
[2017.06.29-21.45.38:460][380]LogModuleManager: Shutting down and abandoning module AddContentDialog (518)
[2017.06.29-21.45.38:460][380]LogDirectoryWatcher: A directory notification for 'C:/Program Files/Epic Games/UE_4.16/FeaturePacks/' was aborted.
[2017.06.29-21.45.38:463][380]LogModuleManager: Shutting down and abandoning module WidgetCarousel (517)
[2017.06.29-21.45.38:463][380]LogModuleManager: Shutting down and abandoning module EditorWidgets (514)
[2017.06.29-21.45.38:463][380]LogModuleManager: Shutting down and abandoning module CollectionManager (512)
[2017.06.29-21.45.38:463][380]LogDirectoryWatcher: A directory notification for 'C:/Users/Justin Wells/Documents/Unreal Projects/InsertNameAdventure/DatBoiEntertainmetnGame/Content/Collections/' was aborted.
[2017.06.29-21.45.38:464][380]LogDirectoryWatcher: A directory notification for 'C:/Users/Justin Wells/Documents/Unreal Projects/InsertNameAdventure/DatBoiEntertainmetnGame/Content/Developers/JustinWells20/Collections/' was aborted.
[2017.06.29-21.45.38:464][380]LogDirectoryWatcher: A directory notification for 'C:/Users/Justin Wells/Documents/Unreal Projects/InsertNameAdventure/DatBoiEntertainmetnGame/Saved/Collections/' was aborted.
[2017.06.29-21.45.38:464][380]LogModuleManager: Shutting down and abandoning module StatsViewer (510)
[2017.06.29-21.45.38:464][380]LogModuleManager: Shutting down and abandoning module FoliageEdit (508)
[2017.06.29-21.45.38:464][380]LogModuleManager: Shutting down and abandoning module LandscapeEditor (506)
[2017.06.29-21.45.38:464][380]LogModuleManager: Shutting down and abandoning module MeshPaintMode (504)
[2017.06.29-21.45.38:464][380]LogModuleManager: Shutting down and abandoning module SceneDepthPickerMode (502)
[2017.06.29-21.45.38:464][380]LogModuleManager: Shutting down and abandoning module ActorPickerMode (500)
[2017.06.29-21.45.38:464][380]LogModuleManager: Shutting down and abandoning module GeometryMode (498)
[2017.06.29-21.45.38:464][380]LogModuleManager: Shutting down and abandoning module TextureAlignMode (496)
[2017.06.29-21.45.38:464][380]LogModuleManager: Shutting down and abandoning module BspMode (494)
[2017.06.29-21.45.38:464][380]LogModuleManager: Shutting down and abandoning module HardwareSurvey (492)
[2017.06.29-21.45.38:464][380]LogModuleManager: Shutting down and abandoning module SequenceRecorderSections (490)
[2017.06.29-21.45.38:464][380]LogModuleManager: Shutting down and abandoning module AutomationWorker (488)
[2017.06.29-21.45.38:464][380]LogModuleManager: Shutting down and abandoning module MatineeToLevelSequence (486)
[2017.06.29-21.45.38:464][380]LogModuleManager: Shutting down and abandoning module LevelSequenceEditor (484)
[2017.06.29-21.45.38:464][380]LogModuleManager: Shutting down and abandoning module PlacementMode (483)
[2017.06.29-21.45.38:464][380]LogModuleManager: Shutting down and abandoning module WmfMediaFactory (480)
[2017.06.29-21.45.38:464][380]LogModuleManager: Shutting down and abandoning module WmfMediaEditor (478)
[2017.06.29-21.45.38:464][380]LogModuleManager: Shutting down and abandoning module AvfMediaFactory (476)
[2017.06.29-21.45.38:464][380]LogModuleManager: Shutting down and abandoning module AvfMediaEditor (474)
[2017.06.29-21.45.38:464][380]LogModuleManager: Shutting down and abandoning module AndroidMediaFactory (472)
[2017.06.29-21.45.38:464][380]LogModuleManager: Shutting down and abandoning module Media (471)
[2017.06.29-21.45.38:464][380]LogModuleManager: Shutting down and abandoning module AndroidMediaEditor (468)
[2017.06.29-21.45.38:464][380]LogModuleManager: Shutting down and abandoning module CharacterAI (466)
[2017.06.29-21.45.38:464][380]LogModuleManager: Shutting down and abandoning module AudioCapture (464)
[2017.06.29-21.45.38:464][380]LogModuleManager: Shutting down and abandoning module SequenceRecorder (463)
[2017.06.29-21.45.38:464][380]LogModuleManager: Shutting down and abandoning module SmartSnapping (460)
[2017.06.29-21.45.38:464][380]LogModuleManager: Shutting down and abandoning module SessionServices (458)
[2017.06.29-21.45.38:464][380]LogModuleManager: Shutting down and abandoning module ViewportSnapping (456)
[2017.06.29-21.45.38:464][380]LogModuleManager: Shutting down and abandoning module ViewportInteraction (454)
[2017.06.29-21.45.38:464][380]LogModuleManager: Shutting down and abandoning module ClothPainter (452)
[2017.06.29-21.45.38:464][380]LogModuleManager: Shutting down and abandoning module LogVisualizer (450)
[2017.06.29-21.45.38:464][380]LogModuleManager: Shutting down and abandoning module IntroTutorials (448)
[2017.06.29-21.45.38:464][380]LogModuleManager: Shutting down and abandoning module GameProjectGeneration (447)
[2017.06.29-21.45.38:464][380]LogModuleManager: Shutting down and abandoning module EditorLiveStreaming (444)
[2017.06.29-21.45.38:464][380]LogModuleManager: Shutting down and abandoning module IOSPlatformEditor (442)
[2017.06.29-21.45.38:464][380]LogModuleManager: Shutting down and abandoning module HTML5PlatformEditor (440)
[2017.06.29-21.45.38:464][380]LogModuleManager: Shutting down and abandoning module AndroidPlatformEditor (438)
[2017.06.29-21.45.38:464][380]LogModuleManager: Shutting down and abandoning module AndroidDeviceDetection (437)
[2017.06.29-21.45.38:905][380]LogModuleManager: Shutting down and abandoning module IOSRuntimeSettings (434)
[2017.06.29-21.45.38:905][380]LogModuleManager: Shutting down and abandoning module AndroidRuntimeSettings (432)
[2017.06.29-21.45.38:906][380]LogModuleManager: Shutting down and abandoning module InputBindingEditor (430)
[2017.06.29-21.45.38:906][380]LogModuleManager: Shutting down and abandoning module MergeActors (428)
[2017.06.29-21.45.38:906][380]LogModuleManager: Shutting down and abandoning module SizeMap (426)
[2017.06.29-21.45.38:906][380]LogModuleManager: Shutting down and abandoning module TreeMap (424)
[2017.06.29-21.45.38:906][380]LogModuleManager: Shutting down and abandoning module ReferenceViewer (422)
[2017.06.29-21.45.38:906][380]LogModuleManager: Shutting down and abandoning module LocalizationDashboard (420)
[2017.06.29-21.45.38:906][380]LogModuleManager: Shutting down and abandoning module LocalizationService (419)
[2017.06.29-21.45.38:906][380]LogModuleManager: Shutting down and abandoning module HardwareTargeting (416)
[2017.06.29-21.45.38:906][380]LogModuleManager: Shutting down and abandoning module DeviceProfileEditor (414)
[2017.06.29-21.45.38:906][380]LogModuleManager: Shutting down and abandoning module UndoHistory (412)
[2017.06.29-21.45.38:906][380]LogModuleManager: Shutting down and abandoning module UserFeedback (410)
[2017.06.29-21.45.38:906][380]LogModuleManager: Shutting down and abandoning module XmlParser (408)
[2017.06.29-21.45.38:906][380]LogModuleManager: Shutting down and abandoning module Blutility (406)
[2017.06.29-21.45.38:906][380]LogModuleManager: Shutting down and abandoning module ProjectSettingsViewer (404)
[2017.06.29-21.45.38:906][380]LogModuleManager: Shutting down and abandoning module ProjectTargetPlatformEditor (403)
[2017.06.29-21.45.38:906][380]LogModuleManager: Shutting down and abandoning module EditorSettingsViewer (400)
[2017.06.29-21.45.38:907][380]LogModuleManager: Shutting down and abandoning module SettingsEditor (398)
[2017.06.29-21.45.38:907][380]LogModuleManager: Shutting down and abandoning module ProjectLauncher (396)
[2017.06.29-21.45.38:907][380]LogModuleManager: Shutting down and abandoning module SessionFrontend (394)
[2017.06.29-21.45.38:907][380]LogModuleManager: Shutting down and abandoning module ProfilerClient (392)
[2017.06.29-21.45.38:907][380]LogModuleManager: Shutting down and abandoning module DeviceManager (390)
[2017.06.29-21.45.38:907][380]LogModuleManager: Shutting down and abandoning module TargetDeviceServices (389)
[2017.06.29-21.45.38:958][380]LogModuleManager: Shutting down and abandoning module AutomationController (386)
[2017.06.29-21.45.38:958][380]LogModuleManager: Shutting down and abandoning module AutomationWindow (384)
[2017.06.29-21.45.38:958][380]LogModuleManager: Shutting down and abandoning module Layers (382)
[2017.06.29-21.45.38:958][380]LogModuleManager: Shutting down and abandoning module ComponentVisualizers (380)
[2017.06.29-21.45.38:958][380]LogModuleManager: Shutting down and abandoning module DetailCustomizations (378)
[2017.06.29-21.45.38:959][380]LogModuleManager: Shutting down and abandoning module PackagesDialog (376)
[2017.06.29-21.45.38:959][380]LogModuleManager: Shutting down and abandoning module Persona (374)
[2017.06.29-21.45.38:959][380]LogModuleManager: Shutting down and abandoning module AdvancedPreviewScene (373)
[2017.06.29-21.45.38:959][380]LogModuleManager: Shutting down and abandoning module AnimGraph (371)
[2017.06.29-21.45.38:959][380]LogModuleManager: Shutting down and abandoning module Kismet (368)
[2017.06.29-21.45.38:959][380]LogModuleManager: Shutting down and abandoning module ClassViewer (366)
[2017.06.29-21.45.38:959][380]LogModuleManager: Shutting down and abandoning module Toolbox (364)
[2017.06.29-21.45.38:959][380]LogModuleManager: Shutting down and abandoning module ModuleUI (362)
[2017.06.29-21.45.38:959][380]LogModuleManager: Shutting down and abandoning module MovieSceneTools (360)
[2017.06.29-21.45.38:959][380]LogModuleManager: Shutting down and abandoning module OutputLog (358)
[2017.06.29-21.45.38:959][380]LogModuleManager: Shutting down and abandoning module GammaUI (356)
[2017.06.29-21.45.38:959][380]LogModuleManager: Shutting down and abandoning module Documentation (354)
[2017.06.29-21.45.38:959][380]LogModuleManager: Shutting down and abandoning module MovieSceneTracks (352)
[2017.06.29-21.45.38:960][380]LogModuleManager: Shutting down and abandoning module MovieScene (350)
[2017.06.29-21.45.38:960][380]LogModuleManager: Shutting down and abandoning module Niagara (348)
[2017.06.29-21.45.38:960][380]LogModuleManager: Shutting down and abandoning module NiagaraEditor (347)
[2017.06.29-21.45.38:960][380]LogModuleManager: Shutting down and abandoning module StreamingPauseRendering (344)
[2017.06.29-21.45.38:960][380]LogModuleManager: Shutting down and abandoning module AnalyticsET (342)
[2017.06.29-21.45.38:960][380]LogModuleManager: Shutting down and abandoning module PortalServices (340)
[2017.06.29-21.45.38:960][380]LogModuleManager: Shutting down and abandoning module PortalRpc (338)
[2017.06.29-21.45.38:960][380]LogModuleManager: Shutting down and abandoning module MessagingRpc (336)
[2017.06.29-21.45.38:960][380]LogModuleManager: Shutting down and abandoning module AIModule (334)
[2017.06.29-21.45.38:960][380]LogModuleManager: Shutting down and abandoning module GameplayDebugger (333)
[2017.06.29-21.45.38:960][380]LogModuleManager: Shutting down and abandoning module AITestSuite (331)
[2017.06.29-21.45.38:960][380]LogModuleManager: Shutting down and abandoning module ProfilerService (328)
[2017.06.29-21.45.39:150][380]LogModuleManager: Shutting down and abandoning module TaskGraph (326)
[2017.06.29-21.45.39:150][380]LogModuleManager: Shutting down and abandoning module SteamVRController (324)
[2017.06.29-21.45.39:150][380]LogModuleManager: Shutting down and abandoning module SteamVR (322)
[2017.06.29-21.45.39:150][380]LogModuleManager: Shutting down and abandoning module ProceduralMeshComponentEditor (320)
[2017.06.29-21.45.39:150][380]LogModuleManager: Shutting down and abandoning module ProceduralMeshComponent (318)
[2017.06.29-21.45.39:150][380]LogModuleManager: Shutting down and abandoning module OculusLibrary (316)
[2017.06.29-21.45.39:150][380]LogModuleManager: Shutting down and abandoning module OculusInput (314)
[2017.06.29-21.45.39:150][380]LogModuleManager: Shutting down and abandoning module MobilePatchingUtils (312)
[2017.06.29-21.45.39:150][380]LogModuleManager: Shutting down and abandoning module CustomMeshComponent (310)
[2017.06.29-21.45.39:150][380]LogModuleManager: Shutting down and abandoning module CableComponent (308)
[2017.06.29-21.45.39:150][380]LogModuleManager: Shutting down and abandoning module ArchVisCharacter (306)
[2017.06.29-21.45.39:150][380]LogModuleManager: Shutting down and abandoning module AndroidPermission (304)
[2017.06.29-21.45.39:150][380]LogModuleManager: Shutting down and abandoning module MediaPlayerEditor (300)
[2017.06.29-21.45.39:150][380]LogModuleManager: Shutting down and abandoning module HTML5Networking (298)
[2017.06.29-21.45.39:150][380]LogModuleManager: Shutting down and abandoning module AlembicImporter (296)
[2017.06.29-21.45.39:151][380]LogModuleManager: Shutting down and abandoning module AlembicLibrary (295)
[2017.06.29-21.45.39:151][380]LogModuleManager: Shutting down and abandoning module GeometryCache (294)
[2017.06.29-21.45.39:151][380]LogModuleManager: Shutting down and abandoning module GeometryCacheEd (293)
[2017.06.29-21.45.39:151][380]LogModuleManager: Shutting down and abandoning module SuperSearchEditor (288)
[2017.06.29-21.45.39:151][380]LogModuleManager: Shutting down and abandoning module SuperSearch (287)
[2017.06.29-21.45.39:151][380]LogModuleManager: Shutting down and abandoning module SpeedTreeImporter (284)
[2017.06.29-21.45.39:151][380]LogModuleManager: Shutting down and abandoning module PluginBrowser (282)
[2017.06.29-21.45.39:151][380]LogModuleManager: Shutting down and abandoning module MobileLauncherProfileWizard (280)
[2017.06.29-21.45.39:151][380]LogModuleManager: Shutting down and abandoning module VisualStudioSourceCodeAccess (278)
[2017.06.29-21.45.39:151][380]LogModuleManager: Shutting down and abandoning module DesktopPlatform (277)
[2017.06.29-21.45.39:151][380]LogModuleManager: Shutting down and abandoning module UObjectPlugin (274)
[2017.06.29-21.45.39:151][380]LogModuleManager: Shutting down and abandoning module SubversionSourceControl (272)
[2017.06.29-21.45.39:151][380]LogModuleManager: Shutting down and abandoning module PerforceSourceControl (270)
[2017.06.29-21.45.39:151][380]LogModuleManager: Shutting down and abandoning module GitSourceControl (268)
[2017.06.29-21.45.39:152][380]LogModuleManager: Shutting down and abandoning module SourceControl (267)
[2017.06.29-21.45.39:152][380]LogModuleManager: Shutting down and abandoning module LightPropagationVolumeEditor (264)
[2017.06.29-21.45.39:152][380]LogModuleManager: Shutting down and abandoning module PaperTiledImporter (262)
[2017.06.29-21.45.39:152][380]LogModuleManager: Shutting down and abandoning module PaperSpriteSheetImporter (260)
[2017.06.29-21.45.39:152][380]LogModuleManager: Shutting down and abandoning module Paper2DEditor (258)
[2017.06.29-21.45.39:152][380]LogModuleManager: Shutting down and abandoning module MeshPaint (257)
[2017.06.29-21.45.39:152][380]LogModuleManager: Shutting down and abandoning module LevelEditor (255)
[2017.06.29-21.45.39:154][380]LogModuleManager: Shutting down and abandoning module PixelInspectorModule (254)
[2017.06.29-21.45.39:154][380]LogModuleManager: Shutting down and abandoning module MainFrame (252)
[2017.06.29-21.45.39:155][380]LogModuleManager: Shutting down and abandoning module HotReload (251)
[2017.06.29-21.45.39:156][380]LogModuleManager: Shutting down and abandoning module PhysXVehiclesEditor (246)
[2017.06.29-21.45.39:156][380]LogModuleManager: Shutting down and abandoning module PhysXVehicles (244)
[2017.06.29-21.45.39:156][380]LogModuleManager: Shutting down and abandoning module LocationServicesBPLibrary (242)
[2017.06.29-21.45.39:156][380]LogModuleManager: Shutting down and abandoning module ImmediatePhysicsEditor (240)
[2017.06.29-21.45.39:156][380]LogModuleManager: Shutting down and abandoning module ImmediatePhysics (238)
[2017.06.29-21.45.39:156][380]LogModuleManager: Shutting down and abandoning module UdpMessaging (236)
[2017.06.29-21.45.39:256][380]LogModuleManager: Shutting down and abandoning module TcpMessaging (234)
[2017.06.29-21.45.39:357][380]LogModuleManager: Shutting down and abandoning module GameplayTagsEditor (232)
[2017.06.29-21.45.39:357][380]LogModuleManager: Shutting down and abandoning module FacialAnimationEditor (230)
[2017.06.29-21.45.39:357][380]LogModuleManager: Shutting down and abandoning module FacialAnimation (228)
[2017.06.29-21.45.39:357][380]LogModuleManager: Shutting down and abandoning module AssetManagerEditor (226)
[2017.06.29-21.45.39:358][380]LogModuleManager: Shutting down and abandoning module GraphEditor (225)
[2017.06.29-21.45.39:358][380]LogModuleManager: Shutting down and abandoning module ContentBrowser (223)
[2017.06.29-21.45.39:360][380]LogModuleManager: Shutting down and abandoning module LightPropagationVolumeRuntime (220)
[2017.06.29-21.45.39:360][380]LogModuleManager: Shutting down and abandoning module Paper2D (218)
[2017.06.29-21.45.39:360][380]LogModuleManager: Shutting down and abandoning module WindowsMoviePlayer (216)
[2017.06.29-21.45.39:360][380]LogModuleManager: Shutting down and abandoning module WmfMedia (214)
[2017.06.29-21.45.39:360][380]LogModuleManager: Shutting down and abandoning module ClothingSystemEditor (212)
[2017.06.29-21.45.39:360][380]LogModuleManager: Shutting down and abandoning module ClothingSystemRuntime (210)
[2017.06.29-21.45.39:361][380]LogModuleManager: Shutting down and abandoning module MediaAssets (208)
[2017.06.29-21.45.39:361][380]LogModuleManager: Shutting down and abandoning module GameLiveStreaming (206)
[2017.06.29-21.45.39:361][380]LogModuleManager: Shutting down and abandoning module VREditor (204)
[2017.06.29-21.45.39:361][380]LogModuleManager: Shutting down and abandoning module StringTableEditor (202)
[2017.06.29-21.45.39:361][380]LogModuleManager: Shutting down and abandoning module GameplayTasksEditor (200)
[2017.06.29-21.45.39:361][380]LogModuleManager: Shutting down and abandoning module BehaviorTreeEditor (198)
[2017.06.29-21.45.39:361][380]LogModuleManager: Shutting down and abandoning module FunctionalTesting (196)
[2017.06.29-21.45.39:361][380]LogModuleManager: Shutting down and abandoning module CollisionAnalyzer (194)
[2017.06.29-21.45.39:361][380]LogModuleManager: Shutting down and abandoning module UMG (192)
[2017.06.29-21.45.39:361][380]LogModuleManager: Shutting down and abandoning module UMGEditor (191)
[2017.06.29-21.45.39:361][380]LogModuleManager: Shutting down and abandoning module Sequencer (190)
[2017.06.29-21.45.39:361][380]LogModuleManager: Shutting down and abandoning module AssetTools (188)
[2017.06.29-21.45.39:362][380]LogModuleManager: Shutting down and abandoning module MessageLog (187)
[2017.06.29-21.45.39:362][380]LogModuleManager: Shutting down and abandoning module WorkspaceMenuStructure (186)
[2017.06.29-21.45.39:362][380]LogModuleManager: Shutting down and abandoning module SlateReflector (180)
[2017.06.29-21.45.39:362][380]LogModuleManager: Shutting down and abandoning module Slate (178)
[2017.06.29-21.45.39:362][380]LogModuleManager: Shutting down and abandoning module EditorStyle (176)
[2017.06.29-21.45.39:367][380]LogModuleManager: Shutting down and abandoning module SourceCodeAccess (174)
[2017.06.29-21.45.39:367][380]LogModuleManager: Shutting down and abandoning module HeadMountedDisplay (172)
[2017.06.29-21.45.39:367][380]LogModuleManager: Shutting down and abandoning module XAudio2 (170)
[2017.06.29-21.45.39:367][380]LogModuleManager: Shutting down and abandoning module Networking (168)
[2017.06.29-21.45.39:367][380]LogModuleManager: Shutting down and abandoning module Core (164)
[2017.06.29-21.45.39:367][380]LogModuleManager: Shutting down and abandoning module AssetRegistry (162)
[2017.06.29-21.45.39:629][380]LogDirectoryWatcher: A directory notification for '../../../Engine/Content/' was aborted.
[2017.06.29-21.45.39:629][380]LogDirectoryWatcher: A directory notification for '../../../../../../Users/Justin Wells/Documents/Unreal Projects/InsertNameAdventure/DatBoiEntertainmetnGame/Content/' was aborted.
[2017.06.29-21.45.39:629][380]LogDirectoryWatcher: A directory notification for '../../../Engine/Plugins/2D/Paper2D/Content/' was aborted.
[2017.06.29-21.45.39:629][380]LogDirectoryWatcher: A directory notification for '../../../Engine/Plugins/Runtime/GearVR/Content/' was aborted.
[2017.06.29-21.45.39:634][380]LogModuleManager: Shutting down and abandoning module DirectoryWatcher (161)
[2017.06.29-21.45.39:636][380]LogModuleManager: Shutting down and abandoning module KismetCompiler (158)
[2017.06.29-21.45.39:636][380]LogModuleManager: Shutting down and abandoning module LevelSequence (156)
[2017.06.29-21.45.39:636][380]LogModuleManager: Shutting down and abandoning module PhysXFormats (154)
[2017.06.29-21.45.39:636][380]LogModuleManager: Shutting down and abandoning module MeshUtilities (152)
[2017.06.29-21.45.39:636][380]LogModuleManager: Shutting down and abandoning module SimplygonSwarm (151)
[2017.06.29-21.45.39:636][380]LogModuleManager: Shutting down and abandoning module SimplygonMeshReduction (149)
[2017.06.29-21.45.39:636][380]LogModuleManager: Shutting down and abandoning module QuadricMeshReduction (147)
[2017.06.29-21.45.39:636][380]LogModuleManager: Shutting down and abandoning module DerivedDataCache (144)
[2017.06.29-21.45.39:642][380]LogDerivedDataCache: Shutdown
[2017.06.29-21.45.39:642][380]LogModuleManager: Shutting down and abandoning module TargetPlatform (142)
[2017.06.29-21.45.39:642][380]LogModuleManager: Shutting down and abandoning module VulkanShaderFormat (141)
[2017.06.29-21.45.39:642][380]LogModuleManager: Shutting down and abandoning module ShaderFormatVectorVM (139)
[2017.06.29-21.45.39:642][380]LogModuleManager: Shutting down and abandoning module ShaderFormatOpenGL (137)
[2017.06.29-21.45.39:642][380]LogModuleManager: Shutting down and abandoning module ShaderFormatD3D (135)
[2017.06.29-21.45.39:642][380]LogModuleManager: Shutting down and abandoning module MetalShaderFormat (133)
[2017.06.29-21.45.39:642][380]LogModuleManager: Shutting down and abandoning module TextureFormatUncompressed (131)
[2017.06.29-21.45.39:642][380]LogModuleManager: Shutting down and abandoning module TextureFormatPVR (129)
[2017.06.29-21.45.39:642][380]LogModuleManager: Shutting down and abandoning module TextureFormatDXT (127)
[2017.06.29-21.45.39:642][380]LogModuleManager: Shutting down and abandoning module TextureFormatIntelISPCTexComp (125)
[2017.06.29-21.45.39:643][380]LogModuleManager: Shutting down and abandoning module TextureFormatASTC (123)
[2017.06.29-21.45.39:643][380]LogModuleManager: Shutting down and abandoning module ImageWrapper (122)
[2017.06.29-21.45.39:643][380]LogModuleManager: Shutting down and abandoning module TextureFormatAndroid (119)
[2017.06.29-21.45.39:643][380]LogModuleManager: Shutting down and abandoning module AudioFormatOpus (117)
[2017.06.29-21.45.39:643][380]LogModuleManager: Shutting down and abandoning module AudioFormatOgg (115)
[2017.06.29-21.45.39:643][380]LogModuleManager: Shutting down and abandoning module AudioFormatADPCM (113)
[2017.06.29-21.45.39:643][380]LogModuleManager: Shutting down and abandoning module LinuxTargetPlatform (111)
[2017.06.29-21.45.39:643][380]LogModuleManager: Shutting down and abandoning module LinuxServerTargetPlatform (109)
[2017.06.29-21.45.39:643][380]LogModuleManager: Shutting down and abandoning module LinuxNoEditorTargetPlatform (107)
[2017.06.29-21.45.39:643][380]LogModuleManager: Shutting down and abandoning module LinuxClientTargetPlatform (105)
[2017.06.29-21.45.39:643][380]LogModuleManager: Shutting down and abandoning module TVOSTargetPlatform (103)
[2017.06.29-21.45.39:643][380]LogModuleManager: Shutting down and abandoning module Messaging (101)
[2017.06.29-21.45.39:643][380]LogModuleManager: Shutting down and abandoning module IOSTargetPlatform (99)
[2017.06.29-21.45.39:643][380]LogModuleManager: Shutting down and abandoning module HTML5TargetPlatform (97)
[2017.06.29-21.45.39:643][380]LogModuleManager: Shutting down and abandoning module Android_PVRTCTargetPlatform (95)
[2017.06.29-21.45.39:643][380]LogModuleManager: Shutting down and abandoning module Android_MultiTargetPlatform (93)
[2017.06.29-21.45.39:643][380]LogModuleManager: Shutting down and abandoning module Android_ETC2TargetPlatform (91)
[2017.06.29-21.45.39:643][380]LogModuleManager: Shutting down and abandoning module Android_ETC1TargetPlatform (89)
[2017.06.29-21.45.39:643][380]LogModuleManager: Shutting down and abandoning module Android_DXTTargetPlatform (87)
[2017.06.29-21.45.39:643][380]LogModuleManager: Shutting down and abandoning module Android_ATCTargetPlatform (85)
[2017.06.29-21.45.39:643][380]LogModuleManager: Shutting down and abandoning module Android_ASTCTargetPlatform (83)
[2017.06.29-21.45.39:643][380]LogModuleManager: Shutting down and abandoning module AndroidTargetPlatform (81)
[2017.06.29-21.45.39:643][380]LogModuleManager: Shutting down and abandoning module WindowsTargetPlatform (79)
[2017.06.29-21.45.39:643][380]LogModuleManager: Shutting down and abandoning module WindowsServerTargetPlatform (77)
[2017.06.29-21.45.39:643][380]LogModuleManager: Shutting down and abandoning module WindowsNoEditorTargetPlatform (75)
[2017.06.29-21.45.39:643][380]LogModuleManager: Shutting down and abandoning module WindowsClientTargetPlatform (73)
[2017.06.29-21.45.39:643][380]LogModuleManager: Shutting down and abandoning module MacTargetPlatform (71)
[2017.06.29-21.45.39:643][380]LogModuleManager: Shutting down and abandoning module MacServerTargetPlatform (69)
[2017.06.29-21.45.39:643][380]LogModuleManager: Shutting down and abandoning module MacNoEditorTargetPlatform (67)
[2017.06.29-21.45.39:643][380]LogModuleManager: Shutting down and abandoning module MacClientTargetPlatform (65)
[2017.06.29-21.45.39:643][380]LogModuleManager: Shutting down and abandoning module AllDesktopTargetPlatform (63)
[2017.06.29-21.45.39:643][380]LogModuleManager: Shutting down and abandoning module InputCore (60)
[2017.06.29-21.45.39:643][380]LogModuleManager: Shutting down and abandoning module Settings (58)
[2017.06.29-21.45.39:643][380]LogModuleManager: Shutting down and abandoning module OculusRift (56)
[2017.06.29-21.45.39:643][380]LogModuleManager: Shutting down and abandoning module GearVRController (54)
[2017.06.29-21.45.39:643][380]LogModuleManager: Shutting down and abandoning module GearVR (52)
[2017.06.29-21.45.39:643][380]LogModuleManager: Shutting down and abandoning module ExampleDeviceProfileSelector (50)
[2017.06.29-21.45.39:643][380]LogModuleManager: Shutting down and abandoning module OnlineBlueprintSupport (48)
[2017.06.29-21.45.39:643][380]LogModuleManager: Shutting down and abandoning module OnlineSubsystem (44)
[2017.06.29-21.45.39:643][380]LogOnline:Display: Unloading online subsystem: NULL
[2017.06.29-21.45.39:643][380]LogModuleManager: Shutting down and abandoning module XMPP (43)
[2017.06.29-21.45.39:643][380]LogModuleManager: Shutting down and abandoning module HTTP (41)
[2017.06.29-21.45.39:643][380]LogHttp:Display: Http module shutting down, but needs to wait on 1 outstanding Http requests:
[2017.06.29-21.45.39:643][380]LogHttp:Display: 	verb=[POST] url=[https://datarouter.ol.epicgames.com/datarouter/api/v1/public/data?SessionID=%7B6BB85B14-44EA-5874-0FC3-E19EF1355721%7D&AppID=UEEditor.Rocket.Release&AppVersion=4.16.0-3452394%2B%2B%2BUE4%2BRelease-4.16&UserID=520fd5774504bba7d7d4dfbb2efd774d%7C3ef35b30eb8d444d8e26d7fb1794d4bf%7C7a44e29e-0876-4249-91a8-eb020dafba7b&AppEnvironment=datacollector-binary&UploadType=eteventstream] status=Processing
[2017.06.29-21.45.39:650][380]LogModuleManager: Shutting down and abandoning module SSL (40)
[2017.06.29-21.45.39:651][380]LogModuleManager: Shutting down and abandoning module HTTPChunkInstaller (36)
[2017.06.29-21.45.39:651][380]LogModuleManager: Shutting down and abandoning module AnimationModifiers (34)
[2017.06.29-21.45.39:652][380]LogModuleManager: Shutting down and abandoning module PropertyEditor (33)
[2017.06.29-21.45.39:652][380]LogModuleManager: Shutting down and abandoning module AudioEditor (30)
[2017.06.29-21.45.39:652][380]LogModuleManager: Shutting down and abandoning module TextureCompressor (28)
[2017.06.29-21.45.39:652][380]LogModuleManager: Shutting down and abandoning module ShaderCore (26)
[2017.06.29-21.45.39:652][380]LogModuleManager: Shutting down and abandoning module Landscape (24)
[2017.06.29-21.45.39:652][380]LogModuleManager: Shutting down and abandoning module SlateRHIRenderer (22)
[2017.06.29-21.45.39:653][380]LogModuleManager: Shutting down and abandoning module OpenGLDrv (20)
[2017.06.29-21.45.39:653][380]LogModuleManager: Shutting down and abandoning module D3D11RHI (18)
[2017.06.29-21.45.39:653][380]LogModuleManager: Shutting down and abandoning module AnimGraphRuntime (16)
[2017.06.29-21.45.39:653][380]LogModuleManager: Shutting down and abandoning module Renderer (14)
[2017.06.29-21.45.39:653][380]LogModuleManager: Shutting down and abandoning module Engine (12)
[2017.06.29-21.45.39:653][380]LogModuleManager: Shutting down and abandoning module CoreUObject (10)
[2017.06.29-21.45.39:653][380]LogModuleManager: Shutting down and abandoning module NetworkFile (8)
[2017.06.29-21.45.39:653][380]LogModuleManager: Shutting down and abandoning module StreamingFile (6)
[2017.06.29-21.45.39:653][380]LogModuleManager: Shutting down and abandoning module SandboxFile (4)
[2017.06.29-21.45.39:653][380]LogModuleManager: Shutting down and abandoning module PakFile (2)
[2017.06.29-21.45.39:655][380]LogExit: Exiting.
[2017.06.29-21.45.39:676][380]Log file closed, 06/29/17 15:45:39
