Log file open, 08/12/17 09:41:32
LogInit:Display: Running engine for game: InsertNameAdventure
LogPlatformFile: Not using cached read wrapper
LogInit:Display: RandInit(582418444) SRandInit(582418444).
LogTaskGraph: Started task graph with 5 named threads and 8 total threads with 1 sets of task threads.
LogStats: Stats thread started at 0.083970
LogInit: Using libcurl 7.47.1
LogInit:  - built for x86_64-pc-win32
LogInit:  - supports SSL with OpenSSL/1.0.2g
LogInit:  - supports HTTP deflate (compression) using libz 1.2.8
LogInit:  - other features:
LogInit:      CURL_VERSION_SSL
LogInit:      CURL_VERSION_LIBZ
LogInit:      CURL_VERSION_IPV6
LogInit:      CURL_VERSION_ASYNCHDNS
LogInit:      CURL_VERSION_LARGEFILE
LogInit:      CURL_VERSION_IDN
LogInit:  CurlRequestOptions (configurable via config and command line):
LogInit:  - bVerifyPeer = false  - Libcurl will NOT verify peer certificate
LogInit:  - bUseHttpProxy = false  - Libcurl will NOT use HTTP proxy
LogInit:  - bDontReuseConnections = false  - Libcurl will reuse connections
LogInit:  - CertBundlePath = nullptr  - Libcurl will use whatever was configured at build time.
LogInit: Build: ++UE4+Release-4.16-CL-3452394
LogInit: Engine Version: 4.16.0-3452394+++UE4+Release-4.16
LogInit: Compatible Engine Version: 4.16.0-3452394+++UE4+Release-4.16
LogInit: Net CL: 3452394
LogDevObjectVersion: Number of dev versions registered: 16
LogDevObjectVersion:   Dev-Blueprints (B0D832E4-1F89-4F0D-ACCF-7EB736FD4AA2): 9
LogDevObjectVersion:   Dev-Build (E1C64328-A22C-4D53-A36C-8E866417BD8C): 0
LogDevObjectVersion:   Dev-Core (375EC13C-06E4-48FB-B500-84F0262A717E): 2
LogDevObjectVersion:   Dev-Editor (E4B068ED-F494-42E9-A231-DA0B2E46BB41): 17
LogDevObjectVersion:   Dev-Framework (CFFC743F-43B0-4480-9391-14DF171D2073): 23
LogDevObjectVersion:   Dev-Mobile (B02B49B5-BB20-44E9-A304-32B752E40360): 0
LogDevObjectVersion:   Dev-Networking (A4E4105C-59A1-49B5-A7C5-40C4547EDFEE): 0
LogDevObjectVersion:   Dev-Online (39C831C9-5AE6-47DC-9A44-9C173E1C8E7C): 0
LogDevObjectVersion:   Dev-Physics (78F01B33-EBEA-4F98-B9B4-84EACCB95AA2): 0
LogDevObjectVersion:   Dev-Platform (6631380F-2D4D-43E0-8009-CF276956A95A): 0
LogDevObjectVersion:   Dev-Rendering (12F88B9F-8875-4AFC-A67C-D90C383ABD29): 15
LogDevObjectVersion:   Dev-Sequencer (7B5AE74C-D270-4C10-A958-57980B212A5A): 4
LogDevObjectVersion:   Dev-VR (D7296918-1DD6-4BDD-9DE2-64A83CC13884): 0
LogDevObjectVersion:   Dev-LoadTimes (C2A15278-BFE7-4AFE-6C17-90FF531DF755): 1
LogDevObjectVersion:   Private-Geometry (6EACA3D4-40EC-4CC1-B786-8BED09428FC5): 1
LogDevObjectVersion:   Dev-AnimPhys (29E575DD-E0A3-4627-9D10-D276232CDCEA): 3
LogInit: Compiled (64-bit): May 22 2017 17:47:00
LogInit: Compiled with Visual C++: 19.00.23026.00
LogInit: Build Configuration: Development
LogInit: Branch Name: ++UE4+Release-4.16
LogInit: Command line:  
LogInit: Base directory: C:/Program Files/Epic Games/UE_4.16/Engine/Binaries/Win64/
LogInit: Installed Engine Build: 1
LogInit: Presizing for max 8388607 objects, including 0 objects not considered by GC, pre-allocating 0 bytes for permanent pool.
LogInit: Object subsystem initialized
[2017.08.12-15.41.32:560][  0]LogInit: Selected Device Profile: [Windows]
[2017.08.12-15.41.32:560][  0]LogInit: Applying CVar settings loaded from the selected device profile: [Windows]
[2017.08.12-15.41.32:569][  0]LogInit: Computer: DESKTOP-6MFT485
[2017.08.12-15.41.32:569][  0]LogInit: User: JustinWells20
[2017.08.12-15.41.32:569][  0]LogInit: CPU Page size=4096, Cores=4
[2017.08.12-15.41.32:569][  0]LogInit: High frequency timer resolution =3.328128 MHz
[2017.08.12-15.41.32:569][  0]LogMemory: Memory total: Physical=15.9GB (16GB approx)
[2017.08.12-15.41.32:569][  0]LogMemory: Platform Memory Stats for Windows
[2017.08.12-15.41.32:569][  0]LogMemory: Process Physical Memory: 275.72 MB used, 275.72 MB peak
[2017.08.12-15.41.32:569][  0]LogMemory: Process Virtual Memory: 262.68 MB used, 262.68 MB peak
[2017.08.12-15.41.32:569][  0]LogMemory: Physical Memory: 4799.75 MB used,  11521.99 MB free, 16321.74 MB total
[2017.08.12-15.41.32:569][  0]LogMemory: Virtual Memory: 647.44 MB used,  11521.99 MB free, 134217728.00 MB total
[2017.08.12-15.41.32:629][  0]LogInit: Using OS detected language (en-US).
[2017.08.12-15.41.32:629][  0]LogInit: Using OS detected locale (en-US).
[2017.08.12-15.41.32:631][  0]LogTextLocalizationManager: No specific localization for 'en-US' exists, so the 'en' localization will be used.
[2017.08.12-15.41.33:505][  0]LogD3D11RHI: D3D11 adapters:
[2017.08.12-15.41.34:098][  0]LogD3D11RHI:    0. 'NVIDIA GeForce GTX 1070' (Feature Level 11_0)
[2017.08.12-15.41.34:098][  0]LogD3D11RHI:       8085/0/8160 MB DedicatedVideo/DedicatedSystem/SharedSystem, Outputs:2, VendorId:0x10de
[2017.08.12-15.41.34:099][  0]LogD3D11RHI:    1. 'Microsoft Basic Render Driver' (Feature Level 11_0)
[2017.08.12-15.41.34:099][  0]LogD3D11RHI:       0/0/8160 MB DedicatedVideo/DedicatedSystem/SharedSystem, Outputs:0, VendorId:0x1414
[2017.08.12-15.41.34:099][  0]LogD3D11RHI: Chosen D3D11 Adapter: 0
[2017.08.12-15.41.34:104][  0]LogD3D11RHI: Creating new Direct3DDevice
[2017.08.12-15.41.34:104][  0]LogD3D11RHI:     GPU DeviceId: 0x1b81 (for the marketing name, search the web for "GPU Device Id")
[2017.08.12-15.41.34:104][  0]LogWindows: EnumDisplayDevices:
[2017.08.12-15.41.34:104][  0]LogWindows:    0. 'NVIDIA GeForce GTX 1070' (P:0 D:1)
[2017.08.12-15.41.34:104][  0]LogWindows:    1. 'NVIDIA GeForce GTX 1070' (P:1 D:1)
[2017.08.12-15.41.34:104][  0]LogWindows:    2. 'NVIDIA GeForce GTX 1070' (P:0 D:0)
[2017.08.12-15.41.34:104][  0]LogWindows:    3. 'NVIDIA GeForce GTX 1070' (P:0 D:0)
[2017.08.12-15.41.34:104][  0]LogWindows: DebugString: FoundDriverCount:4 
[2017.08.12-15.41.34:104][  0]LogD3D11RHI:     Adapter Name: NVIDIA GeForce GTX 1070
[2017.08.12-15.41.34:105][  0]LogD3D11RHI:   Driver Version: 384.94 (internal:22.21.13.8494, unified:384.94)
[2017.08.12-15.41.34:105][  0]LogD3D11RHI:      Driver Date: 7-18-2017
[2017.08.12-15.41.34:105][  0]LogRHI: Texture pool is 1361 MB (70% of 1945 MB)
[2017.08.12-15.41.34:638][  0]LogD3D11RHI: Async texture creation enabled
[2017.08.12-15.41.34:671][  0]LogD3D11RHI: GPU Timing Frequency: 1000.000000 (Debug: 2 1)
[2017.08.12-15.41.34:720][  0]LogShaderCompilers: Guid format shader working directory is -54 characters bigger than the processId version (../../../../../../Users/Justin Wells/Documents/Unreal Projects/InsertNameAdventure/DatBoiEntertainmetnGame/Intermediate/Shaders/WorkingDirectory/22748/).
[2017.08.12-15.41.34:720][  0]LogShaderCompilers: Cleaned the shader compiler working directory 'C:/Users/Justin Wells/AppData/Local/Temp/UnrealShaderWorkingDir/26D3053849ECD0F882715BA816E49A6E/'.
[2017.08.12-15.41.34:720][  0]LogShaderCompilers:Display: Using Local Shader Compiler.
[2017.08.12-15.41.35:665][  0]LogTemp:Display: Loaded TP AllDesktopTargetPlatform
[2017.08.12-15.41.35:706][  0]LogTemp:Display: Loaded TP MacClientTargetPlatform
[2017.08.12-15.41.35:749][  0]LogTemp:Display: Loaded TP MacNoEditorTargetPlatform
[2017.08.12-15.41.35:791][  0]LogTemp:Display: Loaded TP MacServerTargetPlatform
[2017.08.12-15.41.35:836][  0]LogTemp:Display: Loaded TP MacTargetPlatform
[2017.08.12-15.41.35:878][  0]LogTemp:Display: Loaded TP WindowsClientTargetPlatform
[2017.08.12-15.41.35:923][  0]LogTemp:Display: Loaded TP WindowsNoEditorTargetPlatform
[2017.08.12-15.41.35:965][  0]LogTemp:Display: Loaded TP WindowsServerTargetPlatform
[2017.08.12-15.41.36:003][  0]LogTemp:Display: Loaded TP WindowsTargetPlatform
[2017.08.12-15.41.36:044][  0]LogTemp:Display: Loaded TP AndroidTargetPlatform
[2017.08.12-15.41.36:088][  0]LogTemp:Display: Loaded TP Android_ASTCTargetPlatform
[2017.08.12-15.41.36:130][  0]LogTemp:Display: Loaded TP Android_ATCTargetPlatform
[2017.08.12-15.41.36:173][  0]LogTemp:Display: Loaded TP Android_DXTTargetPlatform
[2017.08.12-15.41.36:215][  0]LogTemp:Display: Loaded TP Android_ETC1TargetPlatform
[2017.08.12-15.41.36:259][  0]LogTemp:Display: Loaded TP Android_ETC2TargetPlatform
[2017.08.12-15.41.36:344][  0]LogTemp:Display: Loaded TP Android_MultiTargetPlatform
[2017.08.12-15.41.36:344][  0]LogTemp:Display: Loaded TP Android_PVRTCTargetPlatform
[2017.08.12-15.41.36:376][  0]LogTemp:Display: Loaded TP HTML5TargetPlatform
[2017.08.12-15.41.36:457][  0]LogTemp:Display: Loaded TP IOSTargetPlatform
[2017.08.12-15.41.36:485][  0]LogTemp:Display: Loaded TP TVOSTargetPlatform
[2017.08.12-15.41.36:526][  0]LogTemp:Display: Loaded TP LinuxClientTargetPlatform
[2017.08.12-15.41.36:569][  0]LogTemp:Display: Loaded TP LinuxNoEditorTargetPlatform
[2017.08.12-15.41.36:612][  0]LogTemp:Display: Loaded TP LinuxServerTargetPlatform
[2017.08.12-15.41.36:654][  0]LogTemp:Display: Loaded TP LinuxTargetPlatform
[2017.08.12-15.41.36:654][  0]LogTargetPlatformManager:Display: Building Assets For Windows
[2017.08.12-15.41.37:058][  0]LogDerivedDataCache:Display: Max Cache Size: 512 MB
[2017.08.12-15.41.37:157][  0]LogDerivedDataCache: Loaded boot cache 0.10s 90MB C:/Users/Justin Wells/AppData/Local/UnrealEngine/4.16/DerivedDataCache/Boot.ddc.
[2017.08.12-15.41.37:157][  0]LogDerivedDataCache:Display: Loaded Boot cache: C:/Users/Justin Wells/AppData/Local/UnrealEngine/4.16/DerivedDataCache/Boot.ddc
[2017.08.12-15.41.37:157][  0]LogDerivedDataCache: FDerivedDataBackendGraph:  Pak pak cache file ../../../../../../Users/Justin Wells/Documents/Unreal Projects/InsertNameAdventure/DatBoiEntertainmetnGame/DerivedDataCache/DDC.ddp not found, will not use a pak cache.
[2017.08.12-15.41.37:157][  0]LogDerivedDataCache: Unable to find inner node Pak for hierarchical cache Hierarchy.
[2017.08.12-15.41.37:157][  0]LogDerivedDataCache: FDerivedDataBackendGraph:  CompressedPak pak cache file ../../../../../../Users/Justin Wells/Documents/Unreal Projects/InsertNameAdventure/DatBoiEntertainmetnGame/DerivedDataCache/Compressed.ddp not found, will not use a pak cache.
[2017.08.12-15.41.37:157][  0]LogDerivedDataCache: Unable to find inner node CompressedPak for hierarchical cache Hierarchy.
[2017.08.12-15.41.37:171][  0]LogDerivedDataCache:Display: Pak cache opened for reading ../../../Engine/DerivedDataCache/Compressed.ddp.
[2017.08.12-15.41.37:182][  0]LogDerivedDataCache: Using Local data cache path C:/Users/Justin Wells/AppData/Local/UnrealEngine/Common/DerivedDataCache: Writable
[2017.08.12-15.41.37:191][  0]LogMaterial: Verifying Global Shaders for PCD3D_SM5
[2017.08.12-15.41.37:192][  0]LogSlate: Using Freetype 2.6.0
[2017.08.12-15.41.37:192][  0]LogSlate: SlateFontCache - WITH_FREETYPE: 1, WITH_HARFBUZZ: 1
[2017.08.12-15.41.37:192][  0]LogSlate: SlateFontCache - WITH_FREETYPE: 1, WITH_HARFBUZZ: 1
[2017.08.12-15.41.37:475][  0]LogInit: Selected Device Profile: [Windows]
[2017.08.12-15.41.37:536][  0]LogContentStreaming: Texture pool size is 0.00 MB
[2017.08.12-15.41.37:668][  0]LogMeshUtilities: Using QuadricMeshReduction for automatic static mesh reduction
[2017.08.12-15.41.37:705][  0]LogSimplygon: Simplygon DLL not present - disabling.
[2017.08.12-15.41.37:744][  0]LogMeshUtilities: Using SimplygonSwarm for distributed automatic mesh merging
[2017.08.12-15.41.37:744][  0]LogMeshUtilities: No automatic skeletal mesh reduction module available
[2017.08.12-15.41.37:744][  0]LogMeshUtilities: No automatic mesh merging module available
[2017.08.12-15.41.38:224][  0]LogNetVersion: InsertNameAdventure , NetCL: 3452394, EngineNetVer: 2, GameNetVer: 0 (Checksum: 1278457987)
[2017.08.12-15.41.38:282][  0]LogAssetRegistry: FAssetRegistry took 0.0253 seconds to start up
[2017.08.12-15.41.38:336][  0]LogPackageLocalizationCache: Processed 4 localized package path(s) for 2 prioritized culture(s) in 0.036176 seconds
[2017.08.12-15.41.38:341][  0]LogUObjectArray: 34194 objects as part of root set at end of initial load.
[2017.08.12-15.41.38:341][  0]LogUObjectAllocator: 7260424 out of 0 bytes used by permanent object pool.
[2017.08.12-15.41.38:341][  0]LogUObjectArray: CloseDisregardForGC: 0/0 objects in disregard for GC pool
[2017.08.12-15.41.38:399][  0]LogInit: WinSock: version 1.1 (2.2), MaxSocks=32767, MaxUdp=65467
[2017.08.12-15.41.40:362][  0]LogTcpMessaging: Initializing TcpMessaging bridge
[2017.08.12-15.41.40:396][  0]LogUdpMessaging: Initializing bridge on interface 0.0.0.0:0 to multicast group 230.0.0.1:6666.
[2017.08.12-15.41.40:848][  0]LogMaterial: Uniform references updated for custom material expression Custom.
[2017.08.12-15.41.41:185][  0]SourceControl: Info Source control is disabled
[2017.08.12-15.41.42:165][  0]LogAndroidPermission: UAndroidPermissionCallbackProxy::GetInstance
[2017.08.12-15.41.42:649][  0]LogEngine: Initializing Engine...
[2017.08.12-15.41.42:650][  0]LogHMD: Failed to initialize OpenVR with code 100
[2017.08.12-15.41.42:821][  0]LogStats: UGameplayTagsManager::ConstructGameplayTagTree: Construct from data asset -  0.000 s
[2017.08.12-15.41.42:821][  0]LogStats: UGameplayTagsManager::ConstructGameplayTagTree: GameplayTagTreeChangedEvent.Broadcast -  0.000 s
[2017.08.12-15.41.42:926][  0]LogAIModule: Creating AISystem for world Untitled
[2017.08.12-15.41.42:938][  0]LogInit: XAudio2 using 'Headphones (High Definition Audio Device)' : 2 channels at 48 kHz using 16 bits per sample (channel mask 0x3)
[2017.08.12-15.41.42:949][  0]LogInit: FAudioDevice initialized.
[2017.08.12-15.41.42:987][  0]LogDerivedDataCache: Saved boot cache 0.04s 90MB C:/Users/Justin Wells/AppData/Local/UnrealEngine/4.16/DerivedDataCache/Boot.ddc.
[2017.08.12-15.41.43:000][  0]LogInit: Texture streaming: Enabled
[2017.08.12-15.41.43:081][  0]LogEngineSessionManager: EngineSessionManager initialized
[2017.08.12-15.41.43:259][  0]LogInit: Transaction tracking system initialized
[2017.08.12-15.41.43:514][  0]BlueprintLog: New page: Editor Load
[2017.08.12-15.41.44:632][  0]LocalizationService: Info Localization service is disabled
[2017.08.12-15.41.45:395][  0]LogConsoleResponse:Display: 
[2017.08.12-15.41.45:556][  0]LogCook:Display: Max memory allowance for cook 16384mb min free memory 0mb
[2017.08.12-15.41.45:556][  0]LogCook:Display: Mobile HDR setting 1
[2017.08.12-15.41.45:714][  0]LogFileCache: Scanning file cache for directory 'C:/Users/Justin Wells/Documents/Unreal Projects/InsertNameAdventure/DatBoiEntertainmetnGame/Content/' took 0.02s
[2017.08.12-15.41.47:198][  0]LogSlate: Took 0.000737 seconds to synchronously load lazily loaded font '../../../Engine/Content/Slate/Fonts/Roboto-Regular.ttf' (155K)
[2017.08.12-15.41.48:356][  0]LogWindowsTextInputMethodSystem:Display: IME system now deactivated.
[2017.08.12-15.41.48:361][  0]LightingResults: New page: Lighting Build
[2017.08.12-15.41.48:402][  0]MapCheck: New page: Map Check
[2017.08.12-15.41.48:402][  0]LightingResults: New page: Lighting Build
[2017.08.12-15.41.48:412][  0]LogAIModule: Creating AISystem for world Untitled
[2017.08.12-15.41.48:415][  0]LoadErrors: New page: New Map
[2017.08.12-15.41.48:480][  0]LogWindowsTextInputMethodSystem:Display: IME system now deactivated.
[2017.08.12-15.41.48:584][  0]LogCollectionManager: Loaded 0 collections in 0.013955 seconds
[2017.08.12-15.41.48:655][  0]LogFileCache: Scanning file cache for directory 'C:/Users/Justin Wells/Documents/Unreal Projects/InsertNameAdventure/DatBoiEntertainmetnGame/Saved/Collections/' took 0.01s
[2017.08.12-15.41.48:655][  0]LogFileCache: Scanning file cache for directory 'C:/Users/Justin Wells/Documents/Unreal Projects/InsertNameAdventure/DatBoiEntertainmetnGame/Content/Developers/JustinWells20/Collections/' took 0.01s
[2017.08.12-15.41.48:655][  0]LogFileCache: Scanning file cache for directory 'C:/Users/Justin Wells/Documents/Unreal Projects/InsertNameAdventure/DatBoiEntertainmetnGame/Content/Collections/' took 0.01s
[2017.08.12-15.41.48:656][  0]LogCollectionManager: Rebuilt the GUID cache for 0 collections in 0.000002 seconds
[2017.08.12-15.41.48:664][  0]LogContentBrowser: Native class hierarchy populated in 0.0081 seconds. Added 2330 classes and 493 folders.
[2017.08.12-15.41.48:723][  0]LogContentBrowser: Native class hierarchy updated for 'WidgetCarousel' in 0.0006 seconds. Added 0 classes and 0 folders.
[2017.08.12-15.41.48:755][  0]LogContentBrowser: Native class hierarchy updated for 'AddContentDialog' in 0.0007 seconds. Added 0 classes and 0 folders.
[2017.08.12-15.41.48:786][  0]LogCrashTracker: Crashtracker disabled due to settings.
[2017.08.12-15.41.48:792][  0]LogSlate: Took 0.000175 seconds to synchronously load lazily loaded font '../../../Engine/Content/Slate/Fonts/Roboto-Bold.ttf' (160K)
[2017.08.12-15.41.48:795][  0]LogSlate: Took 0.000166 seconds to synchronously load lazily loaded font '../../../Engine/Content/Editor/Slate/Fonts/FontAwesome.ttf' (139K)
[2017.08.12-15.41.48:887][  0]LogRenderer: Reallocating scene render targets to support 1596x924 NumSamples 1 (Frame:1).
[2017.08.12-15.41.48:972][  0]LogUObjectGlobals:Warning: Failed to find object 'Class None.'
[2017.08.12-15.41.49:030][  0]LogContentBrowser: Native class hierarchy updated for 'HierarchicalLODOutliner' in 0.0007 seconds. Added 1 classes and 2 folders.
[2017.08.12-15.41.49:031][  0]LogLoad: (Engine Initialization) Total time: 18.01 seconds
[2017.08.12-15.41.49:031][  0]LogLoad: (Engine Initialization) Total Blueprint compile time: 0.04 seconds
[2017.08.12-15.41.49:031][  0]LogExternalProfiler: No external profilers were discovered.  External profiling features will not be available.
[2017.08.12-15.41.49:040][  0]LogOcInput: OculusInput pre-init called
[2017.08.12-15.41.49:040][  0]LogHMD: Starting GearVRController plugin
[2017.08.12-15.41.49:057][  0]SourceControl: Info On branch V1.5.1
[2017.08.12-15.41.49:057][  0]SourceControl: Info Your branch is up-to-date with 'origin/V1.5.1'.
[2017.08.12-15.41.49:057][  0]SourceControl: Info Changes not staged for commit:
[2017.08.12-15.41.49:058][  0]SourceControl: Info   (use "git add/rm <file>..." to update what will be committed)
[2017.08.12-15.41.49:058][  0]SourceControl: Info   (use "git checkout -- <file>..." to discard changes in working directory)
[2017.08.12-15.41.49:058][  0]SourceControl: Info 	modified:   Intermediate/CachedAssetRegistry.bin
[2017.08.12-15.41.49:058][  0]SourceControl: Info 	modified:   Saved/Config/Windows/Editor.ini
[2017.08.12-15.41.49:058][  0]SourceControl: Info 	modified:   Saved/Config/Windows/Engine.ini
[2017.08.12-15.41.49:058][  0]SourceControl: Info 	deleted:    Saved/Logs/InsertNameAdventure-backup-2017.08.08-14.35.27.log
[2017.08.12-15.41.49:058][  0]SourceControl: Info 	modified:   Saved/Logs/InsertNameAdventure.log
[2017.08.12-15.41.49:058][  0]SourceControl: Info Untracked files:
[2017.08.12-15.41.49:058][  0]SourceControl: Info   (use "git add <file>..." to include in what will be committed)
[2017.08.12-15.41.49:058][  0]SourceControl: Info 	Saved/Config/CrashReportClient/UE4CC-Windows-876EA64E47A05AC7F2DFF89085C26DE9/
[2017.08.12-15.41.49:058][  0]SourceControl: Info 	Saved/Logs/InsertNameAdventure-backup-2017.08.12-09.41.32.log
[2017.08.12-15.41.49:058][  0]SourceControl: Info no changes added to commit (use "git add" and/or "git commit -a")
[2017.08.12-15.41.49:058][  0]LogContentStreaming: Texture pool size now 1000 MB
[2017.08.12-15.41.49:094][  0]LogSlate: Took 0.000203 seconds to synchronously load lazily loaded font '../../../Engine/Content/Slate/Fonts/Roboto-Light.ttf' (159K)
[2017.08.12-15.41.49:103][  1]LogAssetRegistry: Asset discovery search completed in 10.8424 seconds
[2017.08.12-15.41.49:105][  1]LogCollectionManager: Rebuilt the object cache for 0 collections in 0.000003 seconds (found 0 objects)
[2017.08.12-15.41.49:105][  1]LogCollectionManager: Fixed up redirectors for 0 collections in 0.000029 seconds (updated 0 objects)
[2017.08.12-15.41.50:511][112]LogSlate: Took 0.000163 seconds to synchronously load lazily loaded font '../../../Engine/Content/Slate/Fonts/Roboto-Light.ttf' (159K)
[2017.08.12-15.41.50:881][112]LogContentBrowser: Native class hierarchy updated for 'BlueprintGraph' in 0.0010 seconds. Added 112 classes and 0 folders.
[2017.08.12-15.41.51:540][112]LogLinker:Warning: Can't resolve asset name
[2017.08.12-15.41.51:548][112]LogSlate: Took 0.000152 seconds to synchronously load lazily loaded font '../../../Engine/Content/Editor/Slate/Fonts/Roboto-BoldCondensed.ttf' (158K)
[2017.08.12-15.41.51:666][113]LogSlate: Took 0.000132 seconds to synchronously load lazily loaded font '../../../Engine/Content/Editor/Slate/Fonts/Roboto-Italic.ttf' (157K)
[2017.08.12-15.42.02:011][263]LogTexture:Display: Building textures: HQ_Lightmap0_1 (AutoDXT, 256X256)
[2017.08.12-15.42.02:015][263]LogTexture:Display: Building textures: HQ_Lightmap1_2 (AutoDXT, 64X64)
[2017.08.12-15.42.02:016][263]LogTexture:Display: Building textures: LQ_Lightmap_0_1 (DXT1, 256X256)
[2017.08.12-15.42.02:018][263]LogTexture:Display: Building textures: LQ_Lightmap_1_2 (DXT1, 64X64)
[2017.08.12-15.42.02:028][263]LogAIModule: Creating AISystem for world Rainforest_Alien
[2017.08.12-15.42.02:103][263]LightingResults: New page: Lighting Build
[2017.08.12-15.42.02:103][263]LoadErrors: New page: Loading map: Rainforest_Alien.umap
[2017.08.12-15.42.02:103][263]MapCheck: New page: Map Check
[2017.08.12-15.42.02:103][263]LightingResults: New page: Lighting Build
[2017.08.12-15.42.02:134][263]LogEditorServer: Finished looking for orphan Actors (0.000 secs)
[2017.08.12-15.42.02:194][263]Cmd: MAP CHECKDEP NOCLEARLOG
[2017.08.12-15.42.02:248][263]MapCheck: Info Map check complete: 0 Error(s), 0 Warning(s), took 53.899ms to complete.
[2017.08.12-15.42.02:248][263]LogFileHelpers: Loading map 'Rainforest_Alien' took 0.146
[2017.08.12-15.42.02:297][264]LogParticles:Warning: Spawning 32000 GPU particles in one frame[1265]: RainFall4_PS/Particle Emitter
[2017.08.12-15.42.14:932][756]LogEditorViewport: Clicking on Actor (LMB): PaperTileMapActor (Rain_Forrest_TM)
[2017.08.12-15.42.14:938][756]LogPaper2D: Triangulation of poly failed.
[2017.08.12-15.42.17:041][993]LogSlate: Took 0.000133 seconds to synchronously load lazily loaded font '../../../Engine/Content/Slate/Fonts/Roboto-Light.ttf' (159K)
[2017.08.12-15.42.18:736][181]SourceControl: Info fatal: C:/Program Files/Epic Games/UE_4.16/Engine/Plugins/2D/Paper2D/Content/DefaultLitSpriteMaterial.uasset: 'C:/Program Files/Epic Games/UE_4.16/Engine/Plugins/2D/Paper2D/Content/DefaultLitSpriteMaterial.uasset' is outside repository
[2017.08.12-15.42.18:736][181]SourceControl: Info fatal: C:/Program Files/Epic Games/UE_4.16/Engine/Content/EngineMaterials/DefaultMaterial.uasset: 'C:/Program Files/Epic Games/UE_4.16/Engine/Content/EngineMaterials/DefaultMaterial.uasset' is outside repository
[2017.08.12-15.42.19:661][292]SourceControl: Info fatal: C:/Program Files/Epic Games/UE_4.16/Engine/Content/MapTemplates/MASTER_Sky_Material_DEFAULT_MAP.uasset: 'C:/Program Files/Epic Games/UE_4.16/Engine/Content/MapTemplates/MASTER_Sky_Material_DEFAULT_MAP.uasset' is outside repository
[2017.08.12-15.42.23:150][700]LogEditorViewport: Clicking on Actor (LMB): BP_Sky_Sphere_C (BP_Sky_Sphere)
[2017.08.12-15.42.32:984][803]LogTemp: Repeting last play command: New Editor Window (PIE)
[2017.08.12-15.42.33:061][803]LogBlueprintUserMessages: Early PlayInEditor Detection: Level '/Game/2DSideScrollerBP/Maps/Levels/Rainforest_Alien.Rainforest_Alien:PersistentLevel' has LevelScriptBlueprint '/Game/2DSideScrollerBP/Maps/Levels/Rainforest_Alien.Rainforest_Alien:PersistentLevel.Rainforest_Alien' with GeneratedClass '/Game/2DSideScrollerBP/Maps/Levels/Rainforest_Alien.Rainforest_Alien_C' with ClassGeneratedBy '/Game/2DSideScrollerBP/Maps/Levels/Rainforest_Alien.Rainforest_Alien:PersistentLevel.Rainforest_Alien'
[2017.08.12-15.42.33:061][803]LogPlayLevel: PlayLevel: No blueprints needed recompiling
[2017.08.12-15.42.33:062][803]PIE: New page: PIE session: Rainforest_Alien (Aug 12, 2017, 3:42:33 AM)
[2017.08.12-15.42.33:062][803]LogPlayLevel: Creating play world package: /Game/2DSideScrollerBP/Maps/Levels/UEDPIE_0_Rainforest_Alien
[2017.08.12-15.42.33:079][803]LogPlayLevel: PIE: StaticDuplicateObject took: (0.016500s)
[2017.08.12-15.42.33:079][803]LogAIModule: Creating AISystem for world Rainforest_Alien
[2017.08.12-15.42.33:079][803]LogPlayLevel: PIE: World Init took: (0.000525s)
[2017.08.12-15.42.33:079][803]LogPlayLevel: PIE: Created PIE world by copying editor world from /Game/2DSideScrollerBP/Maps/Levels/Rainforest_Alien.Rainforest_Alien to /Game/2DSideScrollerBP/Maps/Levels/UEDPIE_0_Rainforest_Alien.Rainforest_Alien (0.017379s)
[2017.08.12-15.42.33:097][803]LogInit: XAudio2 using 'Headphones (High Definition Audio Device)' : 2 channels at 48 kHz using 16 bits per sample (channel mask 0x3)
[2017.08.12-15.42.33:103][803]LogInit: FAudioDevice initialized.
[2017.08.12-15.42.33:162][803]LogLoad: Game class is '2DSideScrollerGameMode_C'
[2017.08.12-15.42.33:184][803]LogWorld: Bringing World /Game/2DSideScrollerBP/Maps/Levels/UEDPIE_0_Rainforest_Alien.Rainforest_Alien up for play (max tick rate 0) at 2017.08.12-09.42.33
[2017.08.12-15.42.33:196][803]LogWorld: Bringing up level for play took: 0.031417
[2017.08.12-15.42.33:230][803]LogContentBrowser: Native class hierarchy updated for 'MovieSceneCapture' in 0.0008 seconds. Added 11 classes and 0 folders.
[2017.08.12-15.42.33:241][803]PIE: Info Play in editor start time for /Game/2DSideScrollerBP/Maps/Levels/UEDPIE_0_Rainforest_Alien -0.068
[2017.08.12-15.42.33:241][803]LogBlueprintUserMessages: Late PlayInEditor Detection: Level '/Game/2DSideScrollerBP/Maps/Levels/Rainforest_Alien.Rainforest_Alien:PersistentLevel' has LevelScriptBlueprint '/Game/2DSideScrollerBP/Maps/Levels/Rainforest_Alien.Rainforest_Alien:PersistentLevel.Rainforest_Alien' with GeneratedClass '/Game/2DSideScrollerBP/Maps/Levels/Rainforest_Alien.Rainforest_Alien_C' with ClassGeneratedBy '/Game/2DSideScrollerBP/Maps/Levels/Rainforest_Alien.Rainforest_Alien:PersistentLevel.Rainforest_Alien'
[2017.08.12-15.42.33:312][804]LogParticles:Warning: Spawning 25475 GPU particles in one frame[4805]: RainFall4_PS/Particle Emitter
[2017.08.12-15.42.35:595][ 76]LogBlueprintUserMessages: Early EndPlayMap Detection: Level '/Game/2DSideScrollerBP/Maps/Levels/Rainforest_Alien.Rainforest_Alien:PersistentLevel' has LevelScriptBlueprint '/Game/2DSideScrollerBP/Maps/Levels/Rainforest_Alien.Rainforest_Alien:PersistentLevel.Rainforest_Alien' with GeneratedClass '/Game/2DSideScrollerBP/Maps/Levels/Rainforest_Alien.Rainforest_Alien_C' with ClassGeneratedBy '/Game/2DSideScrollerBP/Maps/Levels/Rainforest_Alien.Rainforest_Alien:PersistentLevel.Rainforest_Alien'
[2017.08.12-15.42.35:680][ 76]LogBlueprintUserMessages: Late EndPlayMap Detection: Level '/Game/2DSideScrollerBP/Maps/Levels/Rainforest_Alien.Rainforest_Alien:PersistentLevel' has LevelScriptBlueprint '/Game/2DSideScrollerBP/Maps/Levels/Rainforest_Alien.Rainforest_Alien:PersistentLevel.Rainforest_Alien' with GeneratedClass '/Game/2DSideScrollerBP/Maps/Levels/Rainforest_Alien.Rainforest_Alien_C' with ClassGeneratedBy '/Game/2DSideScrollerBP/Maps/Levels/Rainforest_Alien.Rainforest_Alien:PersistentLevel.Rainforest_Alien'
[2017.08.12-15.42.36:586][177]LogEditorViewport: Clicking on Actor (LMB): PointLight (PointLight)
[2017.08.12-15.42.37:272][254]Cmd: DELETE
[2017.08.12-15.42.37:272][254]Cmd: ACTOR DELETE
[2017.08.12-15.42.37:273][254]LogEditorActor: Deleted Actor: PointLight
[2017.08.12-15.42.37:286][254]LogEditorActor: Deleted 1 Actors (0.014 secs)
[2017.08.12-15.42.38:710][423]LogEditorViewport: Clicking on Actor (context menu): PaperTileMapActor (Rain_Forrest_TM)
[2017.08.12-15.42.38:715][423]LogPaper2D: Triangulation of poly failed.
[2017.08.12-15.42.39:152][462]Cmd: TRANSACTION UNDO
[2017.08.12-15.42.39:152][462]LogEditorTransaction: Undo Clicking on Actors (context menu)
[2017.08.12-15.42.39:380][485]Cmd: TRANSACTION UNDO
[2017.08.12-15.42.39:380][485]LogEditorTransaction: Undo Delete Actors
[2017.08.12-15.42.39:693][514]Cmd: TRANSACTION UNDO
[2017.08.12-15.42.39:693][514]LogEditorTransaction: Undo Clicking on Actors
[2017.08.12-15.42.40:051][554]Cmd: TRANSACTION UNDO
[2017.08.12-15.42.40:051][554]LogEditorTransaction: Undo Create Actors
[2017.08.12-15.42.40:464][599]Cmd: TRANSACTION UNDO
[2017.08.12-15.42.40:464][599]LogEditorTransaction: Undo Clicking on Actors
[2017.08.12-15.42.40:469][599]LogPaper2D: Triangulation of poly failed.
[2017.08.12-15.42.41:039][659]Cmd: TRANSACTION UNDO
[2017.08.12-15.42.41:039][659]LogEditorTransaction: Undo Replace component used material
[2017.08.12-15.42.41:904][758]LogEditorViewport: Clicking on Actor (LMB): BP_Sky_Sphere_C (BP_Sky_Sphere)
[2017.08.12-15.42.45:712][154]LogEditorViewport: Clicking on Actor (LMB): PostProcessVolume (PostProcessVolume)
[2017.08.12-15.43.25:115][697]MapCheck: New page: Map Check
[2017.08.12-15.43.25:125][697]LightingResults: New page: Lighting Build - Aug 12, 2017, 3:43:25 AM
[2017.08.12-15.43.25:158][697]LogSwarmInterface: [OpenConnection] Registering TCP channel ...
[2017.08.12-15.43.25:219][697]LogSwarmInterface: [OpenConnection] Connecting to agent ...
[2017.08.12-15.43.25:228][697]LogSwarmInterface: [TryOpenConnection] Testing the Agent
[2017.08.12-15.43.25:749][697]LogSwarmInterface: [TryOpenConnection] Opening Connection to Agent
[2017.08.12-15.43.25:749][697]LogSwarmInterface: [TryOpenConnection] Local Process ID is 22748
[2017.08.12-15.43.28:365][697]LogStaticLightingSystem:Warning: No importance volume found, so the scene bounding box was used.  You can optimize your scene's quality and lighting build times by adding importance volumes.
[2017.08.12-15.43.28:365][697]LogStaticLightingSystem: Running Lightmass w/ ImmediateImport mode ENABLED
[2017.08.12-15.43.28:365][697]LogStaticLightingSystem: Running Lightmass w/ ImmediateProcess mode ENABLED
[2017.08.12-15.43.28:365][697]LogStaticLightingSystem: Running Lightmass w/ Sorting mode ENABLED
[2017.08.12-15.43.28:365][697]LogStaticLightingSystem: Running Lightmass w/ Mapping paddings ENABLED
[2017.08.12-15.43.28:365][697]LogStaticLightingSystem: Running Lightmass w/ Mapping debug paddings DISABLED
[2017.08.12-15.43.28:480][697]LogEditorBuildUtils: Build time 0:03
[2017.08.12-15.43.28:521][698]LogParticles:Warning: Spawning 32000 GPU particles in one frame[10699]: RainFall4_PS/Particle Emitter
[2017.08.12-15.43.28:920][700]LogParticles:Warning: Spawning 28715 GPU particles in one frame[10701]: RainFall4_PS/Particle Emitter
[2017.08.12-15.43.29:492][754]Job is a success!
[2017.08.12-15.43.29:590][755]LogTexture:Display: Building textures: HQ_Lightmap1_1 (AutoDXT, 256X256)
[2017.08.12-15.43.29:590][755]LogTexture:Display: Building textures: LQ_Lightmap_1_1 (DXT1, 256X256)
[2017.08.12-15.43.29:590][755]LogTexture:Display: Building textures: HQ_Lightmap0_2 (AutoDXT, 64X64)
[2017.08.12-15.43.29:590][755]LogTexture:Display: Building textures: LQ_Lightmap_0_2 (DXT1, 64X64)
[2017.08.12-15.43.29:590][755]LogTexture:Display: Building textures: ShadowMapTexture2D_0 (G8, 256X64)
[2017.08.12-15.43.29:590][755]LogTexture:Display: Building textures: ShadowMapTexture2D_1 (G8, 32X32)
[2017.08.12-15.43.29:619][755]Lightmass on DESKTOP-6MFT485: 515 ms total, 114 ms importing, 19 ms setup, 109 ms photons, 242 ms processing, 0 ms extra exporting [5/5 mappings]. Threads: 936 ms total, 226 ms processing.
[2017.08.12-15.43.29:624][755]LogStaticLightingSystem: Illumination: 4.48 sec (8 ms encoding lightmaps, 13 ms encoding shadowmaps)
[2017.08.12-15.43.29:625][755]LogStaticLightingSystem: Lightmap texture memory:  0.1 MB (0.1 MB streaming, 0.0 MB non-streaming), 4 textures
[2017.08.12-15.43.29:625][755]LogStaticLightingSystem: Shadowmap texture memory: 0.0 MB (0.0 MB streaming, 0.0 MB non-streaming), 2 textures
[2017.08.12-15.43.30:371][755]DumpUnbuiltLightIteractions
[2017.08.12-15.43.30:371][755]Lights with unbuilt interactions: 0
[2017.08.12-15.43.30:371][755]
[2017.08.12-15.43.30:371][755]Primitives with unbuilt interactions: 0
[2017.08.12-15.43.30:399][756]Cmd: MAP CHECK NOTIFYRESULTS
[2017.08.12-15.43.30:399][756]MapCheck: New page: Rainforest_Alien - Aug 12, 2017, 3:43:30 AM
[2017.08.12-15.43.30:401][756]MapCheck:Error: Error Cube2 Cube2 : Invalid DrawScale/DrawScale3D 
[2017.08.12-15.43.30:401][756]MapCheck:Error: Error Cube_2 Cube_2 : Invalid DrawScale/DrawScale3D 
[2017.08.12-15.43.30:473][756]MapCheck: Info Map check complete: 2 Error(s), 0 Warning(s), took 73.33ms to complete.
[2017.08.12-15.44.20:047][631]LogTemp: Repeting last play command: New Editor Window (PIE)
[2017.08.12-15.45.06:719][213]LogTemp: Repeting last play command: New Editor Window (PIE)
[2017.08.12-15.45.08:509][423]LogEditorViewport: Clicking on Actor (LMB): BP_Sky_Sphere_C (BP_Sky_Sphere)
[2017.08.12-15.45.22:963][ 81]LogParticles:Warning: Spawning 26671 GPU particles in one frame[24082]: RainFall4_PS/Particle Emitter
[2017.08.12-15.45.23:385][ 82]LogParticles:Warning: Spawning 32000 GPU particles in one frame[24083]: RainFall4_PS/Particle Emitter
[2017.08.12-15.45.23:714][ 83]LogParticles:Warning: Spawning 26667 GPU particles in one frame[24084]: RainFall4_PS/Particle Emitter
[2017.08.12-15.45.24:045][ 84]LogParticles:Warning: Spawning 26667 GPU particles in one frame[24085]: RainFall4_PS/Particle Emitter
[2017.08.12-15.45.24:384][ 85]LogParticles:Warning: Spawning 26666 GPU particles in one frame[24086]: RainFall4_PS/Particle Emitter
[2017.08.12-15.45.24:714][ 86]LogParticles:Warning: Spawning 26667 GPU particles in one frame[24087]: RainFall4_PS/Particle Emitter
[2017.08.12-15.45.25:053][ 87]LogParticles:Warning: Spawning 26667 GPU particles in one frame[24088]: RainFall4_PS/Particle Emitter
[2017.08.12-15.45.25:394][ 88]LogParticles:Warning: Spawning 26670 GPU particles in one frame[24089]: RainFall4_PS/Particle Emitter
[2017.08.12-15.45.25:716][ 89]LogParticles:Warning: Spawning 26669 GPU particles in one frame[24090]: RainFall4_PS/Particle Emitter
[2017.08.12-15.45.26:089][ 90]LogParticles:Warning: Spawning 26667 GPU particles in one frame[24091]: RainFall4_PS/Particle Emitter
[2017.08.12-15.45.26:390][ 91]LogParticles:Warning: Spawning 26668 GPU particles in one frame[24092]: RainFall4_PS/Particle Emitter
[2017.08.12-15.45.26:716][ 92]LogParticles:Warning: Spawning 26667 GPU particles in one frame[24093]: RainFall4_PS/Particle Emitter
[2017.08.12-15.45.27:076][ 93]LogParticles:Warning: Spawning 26666 GPU particles in one frame[24094]: RainFall4_PS/Particle Emitter
[2017.08.12-15.45.27:413][ 94]LogParticles:Warning: Spawning 26667 GPU particles in one frame[24095]: RainFall4_PS/Particle Emitter
[2017.08.12-15.45.27:921][ 95]LogParticles:Warning: Spawning 26736 GPU particles in one frame[24096]: RainFall4_PS/Particle Emitter
[2017.08.12-15.45.28:046][ 96]LogParticles:Warning: Spawning 26667 GPU particles in one frame[24097]: RainFall4_PS/Particle Emitter
[2017.08.12-15.45.28:405][ 97]LogParticles:Warning: Spawning 26667 GPU particles in one frame[24098]: RainFall4_PS/Particle Emitter
[2017.08.12-15.45.28:714][ 98]LogParticles:Warning: Spawning 26666 GPU particles in one frame[24099]: RainFall4_PS/Particle Emitter
[2017.08.12-15.45.29:047][ 99]LogParticles:Warning: Spawning 26667 GPU particles in one frame[24100]: RainFall4_PS/Particle Emitter
[2017.08.12-15.45.29:380][100]LogParticles:Warning: Spawning 26667 GPU particles in one frame[24101]: RainFall4_PS/Particle Emitter
[2017.08.12-15.45.29:734][101]LogParticles:Warning: Spawning 26666 GPU particles in one frame[24102]: RainFall4_PS/Particle Emitter
[2017.08.12-15.45.30:048][102]LogParticles:Warning: Spawning 26667 GPU particles in one frame[24103]: RainFall4_PS/Particle Emitter
[2017.08.12-15.45.30:407][103]LogParticles:Warning: Spawning 26667 GPU particles in one frame[24104]: RainFall4_PS/Particle Emitter
[2017.08.12-15.45.30:737][104]LogParticles:Warning: Spawning 26667 GPU particles in one frame[24105]: RainFall4_PS/Particle Emitter
[2017.08.12-15.45.31:073][105]LogParticles:Warning: Spawning 26666 GPU particles in one frame[24106]: RainFall4_PS/Particle Emitter
[2017.08.12-15.45.31:409][106]LogParticles:Warning: Spawning 26667 GPU particles in one frame[24107]: RainFall4_PS/Particle Emitter
[2017.08.12-15.45.31:712][107]LogParticles:Warning: Spawning 26667 GPU particles in one frame[24108]: RainFall4_PS/Particle Emitter
[2017.08.12-15.45.32:073][108]LogParticles:Warning: Spawning 26666 GPU particles in one frame[24109]: RainFall4_PS/Particle Emitter
[2017.08.12-15.45.32:410][109]LogParticles:Warning: Spawning 26667 GPU particles in one frame[24110]: RainFall4_PS/Particle Emitter
[2017.08.12-15.45.32:743][110]LogParticles:Warning: Spawning 26670 GPU particles in one frame[24111]: RainFall4_PS/Particle Emitter
[2017.08.12-15.45.33:073][111]LogParticles:Warning: Spawning 26670 GPU particles in one frame[24112]: RainFall4_PS/Particle Emitter
[2017.08.12-15.45.33:389][112]LogParticles:Warning: Spawning 26666 GPU particles in one frame[24113]: RainFall4_PS/Particle Emitter
[2017.08.12-15.45.33:720][113]LogParticles:Warning: Spawning 26667 GPU particles in one frame[24114]: RainFall4_PS/Particle Emitter
[2017.08.12-15.45.34:047][114]LogParticles:Warning: Spawning 26667 GPU particles in one frame[24115]: RainFall4_PS/Particle Emitter
[2017.08.12-15.45.34:379][115]LogParticles:Warning: Spawning 26666 GPU particles in one frame[24116]: RainFall4_PS/Particle Emitter
[2017.08.12-15.45.34:733][116]LogParticles:Warning: Spawning 26667 GPU particles in one frame[24117]: RainFall4_PS/Particle Emitter
[2017.08.12-15.45.35:046][117]LogParticles:Warning: Spawning 26667 GPU particles in one frame[24118]: RainFall4_PS/Particle Emitter
[2017.08.12-15.45.35:380][118]LogParticles:Warning: Spawning 26667 GPU particles in one frame[24119]: RainFall4_PS/Particle Emitter
[2017.08.12-15.45.35:721][119]LogParticles:Warning: Spawning 26666 GPU particles in one frame[24120]: RainFall4_PS/Particle Emitter
[2017.08.12-15.45.36:078][120]LogParticles:Warning: Spawning 26676 GPU particles in one frame[24121]: RainFall4_PS/Particle Emitter
[2017.08.12-15.45.36:408][121]LogParticles:Warning: Spawning 26686 GPU particles in one frame[24122]: RainFall4_PS/Particle Emitter
[2017.08.12-15.45.36:730][122]LogParticles:Warning: Spawning 26666 GPU particles in one frame[24123]: RainFall4_PS/Particle Emitter
[2017.08.12-15.45.37:074][123]LogParticles:Warning: Spawning 26667 GPU particles in one frame[24124]: RainFall4_PS/Particle Emitter
[2017.08.12-15.45.37:408][124]LogParticles:Warning: Spawning 26667 GPU particles in one frame[24125]: RainFall4_PS/Particle Emitter
[2017.08.12-15.45.37:727][125]LogParticles:Warning: Spawning 26667 GPU particles in one frame[24126]: RainFall4_PS/Particle Emitter
[2017.08.12-15.45.38:080][126]LogParticles:Warning: Spawning 26666 GPU particles in one frame[24127]: RainFall4_PS/Particle Emitter
[2017.08.12-15.45.38:380][127]LogParticles:Warning: Spawning 26667 GPU particles in one frame[24128]: RainFall4_PS/Particle Emitter
[2017.08.12-15.45.38:724][128]LogParticles:Warning: Spawning 26667 GPU particles in one frame[24129]: RainFall4_PS/Particle Emitter
[2017.08.12-15.45.39:049][129]LogParticles:Warning: Spawning 26666 GPU particles in one frame[24130]: RainFall4_PS/Particle Emitter
[2017.08.12-15.45.39:388][130]LogParticles:Warning: Spawning 26668 GPU particles in one frame[24131]: RainFall4_PS/Particle Emitter
[2017.08.12-15.45.39:714][131]LogParticles:Warning: Spawning 26666 GPU particles in one frame[24132]: RainFall4_PS/Particle Emitter
[2017.08.12-15.45.40:051][132]LogParticles:Warning: Spawning 26667 GPU particles in one frame[24133]: RainFall4_PS/Particle Emitter
[2017.08.12-15.45.40:390][133]LogParticles:Warning: Spawning 26667 GPU particles in one frame[24134]: RainFall4_PS/Particle Emitter
[2017.08.12-15.45.40:730][134]LogParticles:Warning: Spawning 26679 GPU particles in one frame[24135]: RainFall4_PS/Particle Emitter
[2017.08.12-15.45.41:047][135]LogParticles:Warning: Spawning 26667 GPU particles in one frame[24136]: RainFall4_PS/Particle Emitter
[2017.08.12-15.45.41:407][136]LogParticles:Warning: Spawning 26667 GPU particles in one frame[24137]: RainFall4_PS/Particle Emitter
[2017.08.12-15.45.41:745][137]LogParticles:Warning: Spawning 26925 GPU particles in one frame[24138]: RainFall4_PS/Particle Emitter
[2017.08.12-15.45.42:077][138]LogParticles:Warning: Spawning 26666 GPU particles in one frame[24139]: RainFall4_PS/Particle Emitter
[2017.08.12-15.45.42:410][139]LogParticles:Warning: Spawning 26667 GPU particles in one frame[24140]: RainFall4_PS/Particle Emitter
[2017.08.12-15.45.42:744][140]LogParticles:Warning: Spawning 26667 GPU particles in one frame[24141]: RainFall4_PS/Particle Emitter
[2017.08.12-15.45.43:060][141]LogParticles:Warning: Spawning 26667 GPU particles in one frame[24142]: RainFall4_PS/Particle Emitter
[2017.08.12-15.45.43:406][142]LogParticles:Warning: Spawning 26666 GPU particles in one frame[24143]: RainFall4_PS/Particle Emitter
[2017.08.12-15.45.43:746][143]LogParticles:Warning: Spawning 26667 GPU particles in one frame[24144]: RainFall4_PS/Particle Emitter
[2017.08.12-15.45.44:077][144]LogParticles:Warning: Spawning 26667 GPU particles in one frame[24145]: RainFall4_PS/Particle Emitter
[2017.08.12-15.45.44:410][145]LogParticles:Warning: Spawning 26666 GPU particles in one frame[24146]: RainFall4_PS/Particle Emitter
[2017.08.12-15.45.44:744][146]LogParticles:Warning: Spawning 26667 GPU particles in one frame[24147]: RainFall4_PS/Particle Emitter
[2017.08.12-15.45.45:063][147]LogParticles:Warning: Spawning 26667 GPU particles in one frame[24148]: RainFall4_PS/Particle Emitter
[2017.08.12-15.45.45:410][148]LogParticles:Warning: Spawning 26666 GPU particles in one frame[24149]: RainFall4_PS/Particle Emitter
[2017.08.12-15.45.45:747][149]LogParticles:Warning: Spawning 26667 GPU particles in one frame[24150]: RainFall4_PS/Particle Emitter
[2017.08.12-15.45.46:063][150]LogParticles:Warning: Spawning 26667 GPU particles in one frame[24151]: RainFall4_PS/Particle Emitter
[2017.08.12-15.45.46:412][151]LogParticles:Warning: Spawning 26666 GPU particles in one frame[24152]: RainFall4_PS/Particle Emitter
[2017.08.12-15.45.46:745][152]LogParticles:Warning: Spawning 26667 GPU particles in one frame[24153]: RainFall4_PS/Particle Emitter
[2017.08.12-15.45.47:076][153]LogParticles:Warning: Spawning 26668 GPU particles in one frame[24154]: RainFall4_PS/Particle Emitter
[2017.08.12-15.45.47:415][154]LogParticles:Warning: Spawning 26693 GPU particles in one frame[24155]: RainFall4_PS/Particle Emitter
[2017.08.12-15.45.47:748][155]LogParticles:Warning: Spawning 26666 GPU particles in one frame[24156]: RainFall4_PS/Particle Emitter
[2017.08.12-15.45.48:075][156]LogParticles:Warning: Spawning 26667 GPU particles in one frame[24157]: RainFall4_PS/Particle Emitter
[2017.08.12-15.45.48:403][157]LogParticles:Warning: Spawning 26667 GPU particles in one frame[24158]: RainFall4_PS/Particle Emitter
[2017.08.12-15.45.48:728][158]LogParticles:Warning: Spawning 26666 GPU particles in one frame[24159]: RainFall4_PS/Particle Emitter
[2017.08.12-15.45.49:064][159]LogParticles:Warning: Spawning 26667 GPU particles in one frame[24160]: RainFall4_PS/Particle Emitter
[2017.08.12-15.45.49:412][160]LogParticles:Warning: Spawning 26667 GPU particles in one frame[24161]: RainFall4_PS/Particle Emitter
[2017.08.12-15.45.49:726][161]LogParticles:Warning: Spawning 26667 GPU particles in one frame[24162]: RainFall4_PS/Particle Emitter
[2017.08.12-15.45.50:078][162]LogParticles:Warning: Spawning 26666 GPU particles in one frame[24163]: RainFall4_PS/Particle Emitter
[2017.08.12-15.45.50:412][163]LogParticles:Warning: Spawning 26667 GPU particles in one frame[24164]: RainFall4_PS/Particle Emitter
[2017.08.12-15.45.50:744][164]LogParticles:Warning: Spawning 26667 GPU particles in one frame[24165]: RainFall4_PS/Particle Emitter
[2017.08.12-15.45.51:077][165]LogParticles:Warning: Spawning 26666 GPU particles in one frame[24166]: RainFall4_PS/Particle Emitter
[2017.08.12-15.45.51:397][166]LogParticles:Warning: Spawning 26667 GPU particles in one frame[24167]: RainFall4_PS/Particle Emitter
[2017.08.12-15.45.51:739][167]LogParticles:Warning: Spawning 26667 GPU particles in one frame[24168]: RainFall4_PS/Particle Emitter
[2017.08.12-15.45.52:080][168]LogParticles:Warning: Spawning 26666 GPU particles in one frame[24169]: RainFall4_PS/Particle Emitter
[2017.08.12-15.45.52:413][169]LogParticles:Warning: Spawning 26667 GPU particles in one frame[24170]: RainFall4_PS/Particle Emitter
[2017.08.12-15.45.52:712][170]LogEditorViewport: Clicking on Actor (LMB): PaperTileMapActor (Rain_Forrest_TM)
[2017.08.12-15.45.52:735][170]LogPaper2D: Triangulation of poly failed.
[2017.08.12-15.45.52:849][170]LogParticles:Warning: Spawning 26667 GPU particles in one frame[24171]: RainFall4_PS/Particle Emitter
[2017.08.12-15.45.54:533][365]LogEditorViewport: Clicking on Actor (LMB): BP_Sky_Sphere_C (BP_Sky_Sphere)
[2017.08.12-15.45.56:903][564]LogSavePackage: Save=557.36ms
[2017.08.12-15.45.56:904][564]LogSavePackage: Moving '../../../../../../Users/Justin Wells/Documents/Unreal Projects/InsertNameAdventure/DatBoiEntertainmetnGame/Saved/Rainforest_Alien37BE9BD049C99E4D37E0E8ACD116D613.tmp' to '../../../../../../Users/Justin Wells/Documents/Unreal Projects/InsertNameAdventure/DatBoiEntertainmetnGame/Content/2DSideScrollerBP/Maps/Levels/Rainforest_Alien.umap'
[2017.08.12-15.45.56:906][564]LogSavePackage:Display: Finished SavePackage ../../../../../../Users/Justin Wells/Documents/Unreal Projects/InsertNameAdventure/DatBoiEntertainmetnGame/Content/2DSideScrollerBP/Maps/Levels/Rainforest_Alien.umap
[2017.08.12-15.45.56:960][564]LogEditorTransaction: Non zero active count in UTransBuffer::Reset
ActiveCount : 6
SessionName : PropertyEditor
Reason      : Map Saved

Purging the undo buffer...

[2017.08.12-15.45.57:047][564]LogSavePackage: Save=9.08ms
[2017.08.12-15.45.57:047][564]LogSavePackage: Moving '../../../../../../Users/Justin Wells/Documents/Unreal Projects/InsertNameAdventure/DatBoiEntertainmetnGame/Saved/Rainforest_Alien_BuiltData04F12A404F36BF0732AC9D9682144BFA.tmp' to '../../../../../../Users/Justin Wells/Documents/Unreal Projects/InsertNameAdventure/DatBoiEntertainmetnGame/Content/2DSideScrollerBP/Maps/Levels/Rainforest_Alien_BuiltData.uasset'
[2017.08.12-15.45.57:050][564]LogSavePackage:Display: Finished SavePackage ../../../../../../Users/Justin Wells/Documents/Unreal Projects/InsertNameAdventure/DatBoiEntertainmetnGame/Content/2DSideScrollerBP/Maps/Levels/Rainforest_Alien_BuiltData.uasset
[2017.08.12-15.45.57:072][565]LogParticles:Warning: Spawning 32000 GPU particles in one frame[24566]: RainFall4_PS/Particle Emitter
[2017.08.12-15.45.58:438][721]LogWindowsTextInputMethodSystem:Display: IME system now deactivated.
[2017.08.12-15.45.58:567][722]Cmd: QUIT_EDITOR
[2017.08.12-15.45.59:151][722]LogExit: Preparing to exit.
[2017.08.12-15.45.59:593][722]LogDirectoryWatcher: A directory notification for 'C:/Users/Justin Wells/Documents/Unreal Projects/InsertNameAdventure/DatBoiEntertainmetnGame/Content/' was aborted.
[2017.08.12-15.45.59:631][722]LogExit: Editor shut down
[2017.08.12-15.45.59:634][722]LogExit: Transaction tracking system shut down
[2017.08.12-15.45.59:716][722]LogObj: Freed 0b from 0 cluster array pools.
[2017.08.12-15.45.59:716][722]LogExit: Object subsystem successfully closed.
[2017.08.12-15.45.59:735][722]LogD3D11RHI: Shutdown
[2017.08.12-15.45.59:735][722]LogD3D11RHI: CleanupD3DDevice
[2017.08.12-15.45.59:803][722]LogD3D11RHI: ~FD3D11DynamicRHI
[2017.08.12-15.45.59:816][722]LogModuleManager: Shutting down and abandoning module MovieSceneCapture (530)
[2017.08.12-15.45.59:816][722]LogModuleManager: Shutting down and abandoning module BlueprintGraph (528)
[2017.08.12-15.45.59:816][722]LogModuleManager: Shutting down and abandoning module BlueprintProfiler (526)
[2017.08.12-15.45.59:817][722]LogModuleManager: Shutting down and abandoning module HierarchicalLODOutliner (524)
[2017.08.12-15.45.59:817][722]LogModuleManager: Shutting down and abandoning module CrashTracker (522)
[2017.08.12-15.45.59:817][722]LogModuleManager: Shutting down and abandoning module AddContentDialog (520)
[2017.08.12-15.45.59:817][722]LogDirectoryWatcher: A directory notification for 'C:/Program Files/Epic Games/UE_4.16/FeaturePacks/' was aborted.
[2017.08.12-15.45.59:817][722]LogModuleManager: Shutting down and abandoning module WidgetCarousel (519)
[2017.08.12-15.45.59:817][722]LogModuleManager: Shutting down and abandoning module EditorWidgets (516)
[2017.08.12-15.45.59:817][722]LogModuleManager: Shutting down and abandoning module CollectionManager (514)
[2017.08.12-15.45.59:817][722]LogDirectoryWatcher: A directory notification for 'C:/Users/Justin Wells/Documents/Unreal Projects/InsertNameAdventure/DatBoiEntertainmetnGame/Content/Collections/' was aborted.
[2017.08.12-15.45.59:817][722]LogDirectoryWatcher: A directory notification for 'C:/Users/Justin Wells/Documents/Unreal Projects/InsertNameAdventure/DatBoiEntertainmetnGame/Content/Developers/JustinWells20/Collections/' was aborted.
[2017.08.12-15.45.59:817][722]LogDirectoryWatcher: A directory notification for 'C:/Users/Justin Wells/Documents/Unreal Projects/InsertNameAdventure/DatBoiEntertainmetnGame/Saved/Collections/' was aborted.
[2017.08.12-15.45.59:818][722]LogModuleManager: Shutting down and abandoning module SceneOutliner (512)
[2017.08.12-15.45.59:818][722]LogModuleManager: Shutting down and abandoning module StatsViewer (510)
[2017.08.12-15.45.59:818][722]LogModuleManager: Shutting down and abandoning module FoliageEdit (508)
[2017.08.12-15.45.59:818][722]LogModuleManager: Shutting down and abandoning module LandscapeEditor (506)
[2017.08.12-15.45.59:818][722]LogModuleManager: Shutting down and abandoning module MeshPaintMode (504)
[2017.08.12-15.45.59:818][722]LogModuleManager: Shutting down and abandoning module SceneDepthPickerMode (502)
[2017.08.12-15.45.59:818][722]LogModuleManager: Shutting down and abandoning module ActorPickerMode (500)
[2017.08.12-15.45.59:818][722]LogModuleManager: Shutting down and abandoning module GeometryMode (498)
[2017.08.12-15.45.59:818][722]LogModuleManager: Shutting down and abandoning module TextureAlignMode (496)
[2017.08.12-15.45.59:818][722]LogModuleManager: Shutting down and abandoning module BspMode (494)
[2017.08.12-15.45.59:818][722]LogModuleManager: Shutting down and abandoning module HardwareSurvey (492)
[2017.08.12-15.45.59:818][722]LogModuleManager: Shutting down and abandoning module SequenceRecorderSections (490)
[2017.08.12-15.45.59:818][722]LogModuleManager: Shutting down and abandoning module AutomationWorker (488)
[2017.08.12-15.45.59:818][722]LogModuleManager: Shutting down and abandoning module MatineeToLevelSequence (486)
[2017.08.12-15.45.59:818][722]LogModuleManager: Shutting down and abandoning module LevelSequenceEditor (484)
[2017.08.12-15.45.59:818][722]LogModuleManager: Shutting down and abandoning module PlacementMode (483)
[2017.08.12-15.45.59:818][722]LogModuleManager: Shutting down and abandoning module WmfMediaFactory (480)
[2017.08.12-15.45.59:818][722]LogModuleManager: Shutting down and abandoning module WmfMediaEditor (478)
[2017.08.12-15.45.59:818][722]LogModuleManager: Shutting down and abandoning module AvfMediaFactory (476)
[2017.08.12-15.45.59:818][722]LogModuleManager: Shutting down and abandoning module AvfMediaEditor (474)
[2017.08.12-15.45.59:818][722]LogModuleManager: Shutting down and abandoning module AndroidMediaFactory (472)
[2017.08.12-15.45.59:818][722]LogModuleManager: Shutting down and abandoning module Media (471)
[2017.08.12-15.45.59:818][722]LogModuleManager: Shutting down and abandoning module AndroidMediaEditor (468)
[2017.08.12-15.45.59:818][722]LogModuleManager: Shutting down and abandoning module CharacterAI (466)
[2017.08.12-15.45.59:818][722]LogModuleManager: Shutting down and abandoning module AudioCapture (464)
[2017.08.12-15.45.59:818][722]LogModuleManager: Shutting down and abandoning module SequenceRecorder (463)
[2017.08.12-15.45.59:818][722]LogModuleManager: Shutting down and abandoning module SmartSnapping (460)
[2017.08.12-15.45.59:818][722]LogModuleManager: Shutting down and abandoning module SessionServices (458)
[2017.08.12-15.45.59:818][722]LogModuleManager: Shutting down and abandoning module ViewportSnapping (456)
[2017.08.12-15.45.59:818][722]LogModuleManager: Shutting down and abandoning module ViewportInteraction (454)
[2017.08.12-15.45.59:818][722]LogModuleManager: Shutting down and abandoning module ClothPainter (452)
[2017.08.12-15.45.59:818][722]LogModuleManager: Shutting down and abandoning module LogVisualizer (450)
[2017.08.12-15.45.59:818][722]LogModuleManager: Shutting down and abandoning module IntroTutorials (448)
[2017.08.12-15.45.59:818][722]LogModuleManager: Shutting down and abandoning module GameProjectGeneration (447)
[2017.08.12-15.45.59:818][722]LogModuleManager: Shutting down and abandoning module EditorLiveStreaming (444)
[2017.08.12-15.45.59:818][722]LogModuleManager: Shutting down and abandoning module IOSPlatformEditor (442)
[2017.08.12-15.45.59:818][722]LogModuleManager: Shutting down and abandoning module HTML5PlatformEditor (440)
[2017.08.12-15.45.59:818][722]LogModuleManager: Shutting down and abandoning module AndroidPlatformEditor (438)
[2017.08.12-15.45.59:818][722]LogModuleManager: Shutting down and abandoning module AndroidDeviceDetection (437)
[2017.08.12-15.46.00:123][722]LogModuleManager: Shutting down and abandoning module IOSRuntimeSettings (434)
[2017.08.12-15.46.00:123][722]LogModuleManager: Shutting down and abandoning module AndroidRuntimeSettings (432)
[2017.08.12-15.46.00:123][722]LogModuleManager: Shutting down and abandoning module InputBindingEditor (430)
[2017.08.12-15.46.00:123][722]LogModuleManager: Shutting down and abandoning module MergeActors (428)
[2017.08.12-15.46.00:123][722]LogModuleManager: Shutting down and abandoning module SizeMap (426)
[2017.08.12-15.46.00:123][722]LogModuleManager: Shutting down and abandoning module TreeMap (424)
[2017.08.12-15.46.00:123][722]LogModuleManager: Shutting down and abandoning module ReferenceViewer (422)
[2017.08.12-15.46.00:123][722]LogModuleManager: Shutting down and abandoning module LocalizationDashboard (420)
[2017.08.12-15.46.00:123][722]LogModuleManager: Shutting down and abandoning module LocalizationService (419)
[2017.08.12-15.46.00:123][722]LogModuleManager: Shutting down and abandoning module HardwareTargeting (416)
[2017.08.12-15.46.00:123][722]LogModuleManager: Shutting down and abandoning module DeviceProfileEditor (414)
[2017.08.12-15.46.00:123][722]LogModuleManager: Shutting down and abandoning module UndoHistory (412)
[2017.08.12-15.46.00:123][722]LogModuleManager: Shutting down and abandoning module UserFeedback (410)
[2017.08.12-15.46.00:123][722]LogModuleManager: Shutting down and abandoning module XmlParser (408)
[2017.08.12-15.46.00:123][722]LogModuleManager: Shutting down and abandoning module Blutility (406)
[2017.08.12-15.46.00:123][722]LogModuleManager: Shutting down and abandoning module ProjectSettingsViewer (404)
[2017.08.12-15.46.00:123][722]LogModuleManager: Shutting down and abandoning module ProjectTargetPlatformEditor (403)
[2017.08.12-15.46.00:123][722]LogModuleManager: Shutting down and abandoning module EditorSettingsViewer (400)
[2017.08.12-15.46.00:123][722]LogModuleManager: Shutting down and abandoning module SettingsEditor (398)
[2017.08.12-15.46.00:123][722]LogModuleManager: Shutting down and abandoning module ProjectLauncher (396)
[2017.08.12-15.46.00:123][722]LogModuleManager: Shutting down and abandoning module SessionFrontend (394)
[2017.08.12-15.46.00:123][722]LogModuleManager: Shutting down and abandoning module ProfilerClient (392)
[2017.08.12-15.46.00:123][722]LogModuleManager: Shutting down and abandoning module DeviceManager (390)
[2017.08.12-15.46.00:123][722]LogModuleManager: Shutting down and abandoning module TargetDeviceServices (389)
[2017.08.12-15.46.00:177][722]LogModuleManager: Shutting down and abandoning module AutomationController (386)
[2017.08.12-15.46.00:177][722]LogModuleManager: Shutting down and abandoning module AutomationWindow (384)
[2017.08.12-15.46.00:177][722]LogModuleManager: Shutting down and abandoning module Layers (382)
[2017.08.12-15.46.00:177][722]LogModuleManager: Shutting down and abandoning module ComponentVisualizers (380)
[2017.08.12-15.46.00:177][722]LogModuleManager: Shutting down and abandoning module DetailCustomizations (378)
[2017.08.12-15.46.00:177][722]LogModuleManager: Shutting down and abandoning module PackagesDialog (376)
[2017.08.12-15.46.00:178][722]LogModuleManager: Shutting down and abandoning module Persona (374)
[2017.08.12-15.46.00:178][722]LogModuleManager: Shutting down and abandoning module AdvancedPreviewScene (373)
[2017.08.12-15.46.00:178][722]LogModuleManager: Shutting down and abandoning module AnimGraph (371)
[2017.08.12-15.46.00:178][722]LogModuleManager: Shutting down and abandoning module Kismet (368)
[2017.08.12-15.46.00:193][722]LogModuleManager: Shutting down and abandoning module ClassViewer (366)
[2017.08.12-15.46.00:193][722]LogModuleManager: Shutting down and abandoning module Toolbox (364)
[2017.08.12-15.46.00:193][722]LogModuleManager: Shutting down and abandoning module ModuleUI (362)
[2017.08.12-15.46.00:193][722]LogModuleManager: Shutting down and abandoning module MovieSceneTools (360)
[2017.08.12-15.46.00:193][722]LogModuleManager: Shutting down and abandoning module OutputLog (358)
[2017.08.12-15.46.00:193][722]LogModuleManager: Shutting down and abandoning module GammaUI (356)
[2017.08.12-15.46.00:193][722]LogModuleManager: Shutting down and abandoning module Documentation (354)
[2017.08.12-15.46.00:193][722]LogModuleManager: Shutting down and abandoning module MovieSceneTracks (352)
[2017.08.12-15.46.00:193][722]LogModuleManager: Shutting down and abandoning module MovieScene (350)
[2017.08.12-15.46.00:193][722]LogModuleManager: Shutting down and abandoning module Niagara (348)
[2017.08.12-15.46.00:193][722]LogModuleManager: Shutting down and abandoning module NiagaraEditor (347)
[2017.08.12-15.46.00:193][722]LogModuleManager: Shutting down and abandoning module StreamingPauseRendering (344)
[2017.08.12-15.46.00:193][722]LogModuleManager: Shutting down and abandoning module AnalyticsET (342)
[2017.08.12-15.46.00:193][722]LogModuleManager: Shutting down and abandoning module PortalServices (340)
[2017.08.12-15.46.00:193][722]LogModuleManager: Shutting down and abandoning module PortalRpc (338)
[2017.08.12-15.46.00:193][722]LogModuleManager: Shutting down and abandoning module MessagingRpc (336)
[2017.08.12-15.46.00:193][722]LogModuleManager: Shutting down and abandoning module AIModule (334)
[2017.08.12-15.46.00:193][722]LogModuleManager: Shutting down and abandoning module GameplayDebugger (333)
[2017.08.12-15.46.00:193][722]LogModuleManager: Shutting down and abandoning module AITestSuite (331)
[2017.08.12-15.46.00:193][722]LogModuleManager: Shutting down and abandoning module ProfilerService (328)
[2017.08.12-15.46.00:344][722]LogModuleManager: Shutting down and abandoning module TaskGraph (326)
[2017.08.12-15.46.00:344][722]LogModuleManager: Shutting down and abandoning module SteamVRController (324)
[2017.08.12-15.46.00:344][722]LogModuleManager: Shutting down and abandoning module SteamVR (322)
[2017.08.12-15.46.00:344][722]LogModuleManager: Shutting down and abandoning module ProceduralMeshComponentEditor (320)
[2017.08.12-15.46.00:344][722]LogModuleManager: Shutting down and abandoning module ProceduralMeshComponent (318)
[2017.08.12-15.46.00:344][722]LogModuleManager: Shutting down and abandoning module OculusLibrary (316)
[2017.08.12-15.46.00:344][722]LogModuleManager: Shutting down and abandoning module OculusInput (314)
[2017.08.12-15.46.00:344][722]LogModuleManager: Shutting down and abandoning module MobilePatchingUtils (312)
[2017.08.12-15.46.00:344][722]LogModuleManager: Shutting down and abandoning module CustomMeshComponent (310)
[2017.08.12-15.46.00:344][722]LogModuleManager: Shutting down and abandoning module CableComponent (308)
[2017.08.12-15.46.00:344][722]LogModuleManager: Shutting down and abandoning module ArchVisCharacter (306)
[2017.08.12-15.46.00:344][722]LogModuleManager: Shutting down and abandoning module AndroidPermission (304)
[2017.08.12-15.46.00:344][722]LogModuleManager: Shutting down and abandoning module MediaPlayerEditor (300)
[2017.08.12-15.46.00:344][722]LogModuleManager: Shutting down and abandoning module HTML5Networking (298)
[2017.08.12-15.46.00:344][722]LogModuleManager: Shutting down and abandoning module AlembicImporter (296)
[2017.08.12-15.46.00:344][722]LogModuleManager: Shutting down and abandoning module AlembicLibrary (295)
[2017.08.12-15.46.00:345][722]LogModuleManager: Shutting down and abandoning module GeometryCache (294)
[2017.08.12-15.46.00:345][722]LogModuleManager: Shutting down and abandoning module GeometryCacheEd (293)
[2017.08.12-15.46.00:345][722]LogModuleManager: Shutting down and abandoning module SuperSearchEditor (288)
[2017.08.12-15.46.00:345][722]LogModuleManager: Shutting down and abandoning module SuperSearch (287)
[2017.08.12-15.46.00:345][722]LogModuleManager: Shutting down and abandoning module SpeedTreeImporter (284)
[2017.08.12-15.46.00:345][722]LogModuleManager: Shutting down and abandoning module PluginBrowser (282)
[2017.08.12-15.46.00:345][722]LogModuleManager: Shutting down and abandoning module MobileLauncherProfileWizard (280)
[2017.08.12-15.46.00:345][722]LogModuleManager: Shutting down and abandoning module VisualStudioSourceCodeAccess (278)
[2017.08.12-15.46.00:345][722]LogModuleManager: Shutting down and abandoning module DesktopPlatform (277)
[2017.08.12-15.46.00:345][722]LogModuleManager: Shutting down and abandoning module UObjectPlugin (274)
[2017.08.12-15.46.00:345][722]LogModuleManager: Shutting down and abandoning module SubversionSourceControl (272)
[2017.08.12-15.46.00:345][722]LogModuleManager: Shutting down and abandoning module PerforceSourceControl (270)
[2017.08.12-15.46.00:345][722]LogModuleManager: Shutting down and abandoning module GitSourceControl (268)
[2017.08.12-15.46.00:345][722]LogModuleManager: Shutting down and abandoning module SourceControl (267)
[2017.08.12-15.46.00:345][722]LogModuleManager: Shutting down and abandoning module LightPropagationVolumeEditor (264)
[2017.08.12-15.46.00:345][722]LogModuleManager: Shutting down and abandoning module PaperTiledImporter (262)
[2017.08.12-15.46.00:345][722]LogModuleManager: Shutting down and abandoning module PaperSpriteSheetImporter (260)
[2017.08.12-15.46.00:345][722]LogModuleManager: Shutting down and abandoning module Paper2DEditor (258)
[2017.08.12-15.46.00:345][722]LogModuleManager: Shutting down and abandoning module MeshPaint (257)
[2017.08.12-15.46.00:345][722]LogModuleManager: Shutting down and abandoning module LevelEditor (255)
[2017.08.12-15.46.00:347][722]LogModuleManager: Shutting down and abandoning module PixelInspectorModule (254)
[2017.08.12-15.46.00:347][722]LogModuleManager: Shutting down and abandoning module MainFrame (252)
[2017.08.12-15.46.00:347][722]LogModuleManager: Shutting down and abandoning module HotReload (251)
[2017.08.12-15.46.00:348][722]LogDirectoryWatcher: A directory notification for 'C:/Users/Justin Wells/Documents/Unreal Projects/InsertNameAdventure/DatBoiEntertainmetnGame/Binaries/Win64' was aborted.
[2017.08.12-15.46.00:349][722]LogModuleManager: Shutting down and abandoning module PhysXVehiclesEditor (246)
[2017.08.12-15.46.00:349][722]LogModuleManager: Shutting down and abandoning module PhysXVehicles (244)
[2017.08.12-15.46.00:349][722]LogModuleManager: Shutting down and abandoning module LocationServicesBPLibrary (242)
[2017.08.12-15.46.00:349][722]LogModuleManager: Shutting down and abandoning module ImmediatePhysicsEditor (240)
[2017.08.12-15.46.00:349][722]LogModuleManager: Shutting down and abandoning module ImmediatePhysics (238)
[2017.08.12-15.46.00:349][722]LogModuleManager: Shutting down and abandoning module UdpMessaging (236)
[2017.08.12-15.46.00:450][722]LogModuleManager: Shutting down and abandoning module TcpMessaging (234)
[2017.08.12-15.46.00:550][722]LogModuleManager: Shutting down and abandoning module GameplayTagsEditor (232)
[2017.08.12-15.46.00:550][722]LogModuleManager: Shutting down and abandoning module FacialAnimationEditor (230)
[2017.08.12-15.46.00:550][722]LogModuleManager: Shutting down and abandoning module FacialAnimation (228)
[2017.08.12-15.46.00:550][722]LogModuleManager: Shutting down and abandoning module AssetManagerEditor (226)
[2017.08.12-15.46.00:551][722]LogModuleManager: Shutting down and abandoning module GraphEditor (225)
[2017.08.12-15.46.00:551][722]LogModuleManager: Shutting down and abandoning module ContentBrowser (223)
[2017.08.12-15.46.00:553][722]LogModuleManager: Shutting down and abandoning module LightPropagationVolumeRuntime (220)
[2017.08.12-15.46.00:553][722]LogModuleManager: Shutting down and abandoning module Paper2D (218)
[2017.08.12-15.46.00:553][722]LogModuleManager: Shutting down and abandoning module WindowsMoviePlayer (216)
[2017.08.12-15.46.00:553][722]LogModuleManager: Shutting down and abandoning module WmfMedia (214)
[2017.08.12-15.46.00:554][722]LogModuleManager: Shutting down and abandoning module ClothingSystemEditor (212)
[2017.08.12-15.46.00:554][722]LogModuleManager: Shutting down and abandoning module ClothingSystemRuntime (210)
[2017.08.12-15.46.00:554][722]LogModuleManager: Shutting down and abandoning module MediaAssets (208)
[2017.08.12-15.46.00:554][722]LogModuleManager: Shutting down and abandoning module GameLiveStreaming (206)
[2017.08.12-15.46.00:554][722]LogModuleManager: Shutting down and abandoning module VREditor (204)
[2017.08.12-15.46.00:554][722]LogModuleManager: Shutting down and abandoning module StringTableEditor (202)
[2017.08.12-15.46.00:554][722]LogModuleManager: Shutting down and abandoning module GameplayTasksEditor (200)
[2017.08.12-15.46.00:554][722]LogModuleManager: Shutting down and abandoning module BehaviorTreeEditor (198)
[2017.08.12-15.46.00:554][722]LogModuleManager: Shutting down and abandoning module FunctionalTesting (196)
[2017.08.12-15.46.00:554][722]LogModuleManager: Shutting down and abandoning module CollisionAnalyzer (194)
[2017.08.12-15.46.00:554][722]LogModuleManager: Shutting down and abandoning module UMG (192)
[2017.08.12-15.46.00:554][722]LogModuleManager: Shutting down and abandoning module UMGEditor (191)
[2017.08.12-15.46.00:554][722]LogModuleManager: Shutting down and abandoning module Sequencer (190)
[2017.08.12-15.46.00:554][722]LogModuleManager: Shutting down and abandoning module AssetTools (188)
[2017.08.12-15.46.00:555][722]LogModuleManager: Shutting down and abandoning module MessageLog (187)
[2017.08.12-15.46.00:555][722]LogModuleManager: Shutting down and abandoning module WorkspaceMenuStructure (186)
[2017.08.12-15.46.00:555][722]LogModuleManager: Shutting down and abandoning module SlateReflector (180)
[2017.08.12-15.46.00:555][722]LogModuleManager: Shutting down and abandoning module Slate (178)
[2017.08.12-15.46.00:555][722]LogModuleManager: Shutting down and abandoning module EditorStyle (176)
[2017.08.12-15.46.00:558][722]LogModuleManager: Shutting down and abandoning module SourceCodeAccess (174)
[2017.08.12-15.46.00:558][722]LogModuleManager: Shutting down and abandoning module HeadMountedDisplay (172)
[2017.08.12-15.46.00:558][722]LogModuleManager: Shutting down and abandoning module XAudio2 (170)
[2017.08.12-15.46.00:558][722]LogModuleManager: Shutting down and abandoning module Networking (168)
[2017.08.12-15.46.00:558][722]LogModuleManager: Shutting down and abandoning module Core (164)
[2017.08.12-15.46.00:558][722]LogModuleManager: Shutting down and abandoning module AssetRegistry (162)
[2017.08.12-15.46.00:822][722]LogDirectoryWatcher: A directory notification for '../../../Engine/Content/' was aborted.
[2017.08.12-15.46.00:822][722]LogDirectoryWatcher: A directory notification for '../../../../../../Users/Justin Wells/Documents/Unreal Projects/InsertNameAdventure/DatBoiEntertainmetnGame/Content/' was aborted.
[2017.08.12-15.46.00:822][722]LogDirectoryWatcher: A directory notification for '../../../Engine/Plugins/2D/Paper2D/Content/' was aborted.
[2017.08.12-15.46.00:822][722]LogDirectoryWatcher: A directory notification for '../../../Engine/Plugins/Runtime/GearVR/Content/' was aborted.
[2017.08.12-15.46.00:826][722]LogModuleManager: Shutting down and abandoning module DirectoryWatcher (161)
[2017.08.12-15.46.00:826][722]LogModuleManager: Shutting down and abandoning module KismetCompiler (158)
[2017.08.12-15.46.00:826][722]LogModuleManager: Shutting down and abandoning module LevelSequence (156)
[2017.08.12-15.46.00:826][722]LogModuleManager: Shutting down and abandoning module PhysXFormats (154)
[2017.08.12-15.46.00:826][722]LogModuleManager: Shutting down and abandoning module MeshUtilities (152)
[2017.08.12-15.46.00:826][722]LogModuleManager: Shutting down and abandoning module SimplygonSwarm (151)
[2017.08.12-15.46.00:826][722]LogModuleManager: Shutting down and abandoning module SimplygonMeshReduction (149)
[2017.08.12-15.46.00:826][722]LogModuleManager: Shutting down and abandoning module QuadricMeshReduction (147)
[2017.08.12-15.46.00:826][722]LogModuleManager: Shutting down and abandoning module DerivedDataCache (144)
[2017.08.12-15.46.00:875][722]LogDerivedDataCache: Shutdown
[2017.08.12-15.46.00:875][722]LogModuleManager: Shutting down and abandoning module TargetPlatform (142)
[2017.08.12-15.46.00:875][722]LogModuleManager: Shutting down and abandoning module VulkanShaderFormat (141)
[2017.08.12-15.46.00:875][722]LogModuleManager: Shutting down and abandoning module ShaderFormatVectorVM (139)
[2017.08.12-15.46.00:875][722]LogModuleManager: Shutting down and abandoning module ShaderFormatOpenGL (137)
[2017.08.12-15.46.00:875][722]LogModuleManager: Shutting down and abandoning module ShaderFormatD3D (135)
[2017.08.12-15.46.00:875][722]LogModuleManager: Shutting down and abandoning module MetalShaderFormat (133)
[2017.08.12-15.46.00:875][722]LogModuleManager: Shutting down and abandoning module TextureFormatUncompressed (131)
[2017.08.12-15.46.00:875][722]LogModuleManager: Shutting down and abandoning module TextureFormatPVR (129)
[2017.08.12-15.46.00:875][722]LogModuleManager: Shutting down and abandoning module TextureFormatDXT (127)
[2017.08.12-15.46.00:875][722]LogModuleManager: Shutting down and abandoning module TextureFormatIntelISPCTexComp (125)
[2017.08.12-15.46.00:875][722]LogModuleManager: Shutting down and abandoning module TextureFormatASTC (123)
[2017.08.12-15.46.00:875][722]LogModuleManager: Shutting down and abandoning module ImageWrapper (122)
[2017.08.12-15.46.00:875][722]LogModuleManager: Shutting down and abandoning module TextureFormatAndroid (119)
[2017.08.12-15.46.00:875][722]LogModuleManager: Shutting down and abandoning module AudioFormatOpus (117)
[2017.08.12-15.46.00:875][722]LogModuleManager: Shutting down and abandoning module AudioFormatOgg (115)
[2017.08.12-15.46.00:875][722]LogModuleManager: Shutting down and abandoning module AudioFormatADPCM (113)
[2017.08.12-15.46.00:875][722]LogModuleManager: Shutting down and abandoning module LinuxTargetPlatform (111)
[2017.08.12-15.46.00:875][722]LogModuleManager: Shutting down and abandoning module LinuxServerTargetPlatform (109)
[2017.08.12-15.46.00:875][722]LogModuleManager: Shutting down and abandoning module LinuxNoEditorTargetPlatform (107)
[2017.08.12-15.46.00:875][722]LogModuleManager: Shutting down and abandoning module LinuxClientTargetPlatform (105)
[2017.08.12-15.46.00:876][722]LogModuleManager: Shutting down and abandoning module TVOSTargetPlatform (103)
[2017.08.12-15.46.00:876][722]LogModuleManager: Shutting down and abandoning module Messaging (101)
[2017.08.12-15.46.00:876][722]LogModuleManager: Shutting down and abandoning module IOSTargetPlatform (99)
[2017.08.12-15.46.00:876][722]LogModuleManager: Shutting down and abandoning module HTML5TargetPlatform (97)
[2017.08.12-15.46.00:876][722]LogModuleManager: Shutting down and abandoning module Android_PVRTCTargetPlatform (95)
[2017.08.12-15.46.00:876][722]LogModuleManager: Shutting down and abandoning module Android_MultiTargetPlatform (93)
[2017.08.12-15.46.00:876][722]LogModuleManager: Shutting down and abandoning module Android_ETC2TargetPlatform (91)
[2017.08.12-15.46.00:876][722]LogModuleManager: Shutting down and abandoning module Android_ETC1TargetPlatform (89)
[2017.08.12-15.46.00:876][722]LogModuleManager: Shutting down and abandoning module Android_DXTTargetPlatform (87)
[2017.08.12-15.46.00:876][722]LogModuleManager: Shutting down and abandoning module Android_ATCTargetPlatform (85)
[2017.08.12-15.46.00:876][722]LogModuleManager: Shutting down and abandoning module Android_ASTCTargetPlatform (83)
[2017.08.12-15.46.00:876][722]LogModuleManager: Shutting down and abandoning module AndroidTargetPlatform (81)
[2017.08.12-15.46.00:876][722]LogModuleManager: Shutting down and abandoning module WindowsTargetPlatform (79)
[2017.08.12-15.46.00:876][722]LogModuleManager: Shutting down and abandoning module WindowsServerTargetPlatform (77)
[2017.08.12-15.46.00:876][722]LogModuleManager: Shutting down and abandoning module WindowsNoEditorTargetPlatform (75)
[2017.08.12-15.46.00:876][722]LogModuleManager: Shutting down and abandoning module WindowsClientTargetPlatform (73)
[2017.08.12-15.46.00:876][722]LogModuleManager: Shutting down and abandoning module MacTargetPlatform (71)
[2017.08.12-15.46.00:876][722]LogModuleManager: Shutting down and abandoning module MacServerTargetPlatform (69)
[2017.08.12-15.46.00:876][722]LogModuleManager: Shutting down and abandoning module MacNoEditorTargetPlatform (67)
[2017.08.12-15.46.00:876][722]LogModuleManager: Shutting down and abandoning module MacClientTargetPlatform (65)
[2017.08.12-15.46.00:876][722]LogModuleManager: Shutting down and abandoning module AllDesktopTargetPlatform (63)
[2017.08.12-15.46.00:876][722]LogModuleManager: Shutting down and abandoning module InputCore (60)
[2017.08.12-15.46.00:876][722]LogModuleManager: Shutting down and abandoning module Settings (58)
[2017.08.12-15.46.00:876][722]LogModuleManager: Shutting down and abandoning module OculusRift (56)
[2017.08.12-15.46.00:876][722]LogModuleManager: Shutting down and abandoning module GearVRController (54)
[2017.08.12-15.46.00:876][722]LogModuleManager: Shutting down and abandoning module GearVR (52)
[2017.08.12-15.46.00:876][722]LogModuleManager: Shutting down and abandoning module ExampleDeviceProfileSelector (50)
[2017.08.12-15.46.00:876][722]LogModuleManager: Shutting down and abandoning module OnlineBlueprintSupport (48)
[2017.08.12-15.46.00:876][722]LogModuleManager: Shutting down and abandoning module OnlineSubsystem (44)
[2017.08.12-15.46.00:876][722]LogOnline:Display: Unloading online subsystem: NULL
[2017.08.12-15.46.00:876][722]LogModuleManager: Shutting down and abandoning module XMPP (43)
[2017.08.12-15.46.00:876][722]LogModuleManager: Shutting down and abandoning module HTTP (41)
[2017.08.12-15.46.00:876][722]LogHttp:Display: Http module shutting down, but needs to wait on 1 outstanding Http requests:
[2017.08.12-15.46.00:876][722]LogHttp:Display: 	verb=[POST] url=[https://datarouter.ol.epicgames.com/datarouter/api/v1/public/data?SessionID=%7BF538B775-4A53-85C4-B80E-81AC017ACD0F%7D&AppID=UEEditor.Rocket.Release&AppVersion=4.16.0-3452394%2B%2B%2BUE4%2BRelease-4.16&UserID=520fd5774504bba7d7d4dfbb2efd774d%7C3ef35b30eb8d444d8e26d7fb1794d4bf%7C7a44e29e-0876-4249-91a8-eb020dafba7b&AppEnvironment=datacollector-binary&UploadType=eteventstream] status=Processing
[2017.08.12-15.46.00:884][722]LogModuleManager: Shutting down and abandoning module SSL (40)
[2017.08.12-15.46.00:888][722]LogModuleManager: Shutting down and abandoning module HTTPChunkInstaller (36)
[2017.08.12-15.46.00:889][722]LogModuleManager: Shutting down and abandoning module AnimationModifiers (34)
[2017.08.12-15.46.00:889][722]LogModuleManager: Shutting down and abandoning module PropertyEditor (33)
[2017.08.12-15.46.00:889][722]LogModuleManager: Shutting down and abandoning module AudioEditor (30)
[2017.08.12-15.46.00:889][722]LogModuleManager: Shutting down and abandoning module TextureCompressor (28)
[2017.08.12-15.46.00:889][722]LogModuleManager: Shutting down and abandoning module ShaderCore (26)
[2017.08.12-15.46.00:889][722]LogModuleManager: Shutting down and abandoning module Landscape (24)
[2017.08.12-15.46.00:889][722]LogModuleManager: Shutting down and abandoning module SlateRHIRenderer (22)
[2017.08.12-15.46.00:893][722]LogModuleManager: Shutting down and abandoning module OpenGLDrv (20)
[2017.08.12-15.46.00:893][722]LogModuleManager: Shutting down and abandoning module D3D11RHI (18)
[2017.08.12-15.46.00:893][722]LogModuleManager: Shutting down and abandoning module AnimGraphRuntime (16)
[2017.08.12-15.46.00:893][722]LogModuleManager: Shutting down and abandoning module Renderer (14)
[2017.08.12-15.46.00:893][722]LogModuleManager: Shutting down and abandoning module Engine (12)
[2017.08.12-15.46.00:893][722]LogModuleManager: Shutting down and abandoning module CoreUObject (10)
[2017.08.12-15.46.00:893][722]LogModuleManager: Shutting down and abandoning module NetworkFile (8)
[2017.08.12-15.46.00:894][722]LogModuleManager: Shutting down and abandoning module StreamingFile (6)
[2017.08.12-15.46.00:894][722]LogModuleManager: Shutting down and abandoning module SandboxFile (4)
[2017.08.12-15.46.00:894][722]LogModuleManager: Shutting down and abandoning module PakFile (2)
[2017.08.12-15.46.00:906][722]LogExit: Exiting.
[2017.08.12-15.46.00:954][722]Log file closed, 08/12/17 09:46:00
