Log file open, 06/27/17 10:04:07
LogInit:Display: Running engine for game: InsertNameAdventure
LogPlatformFile: Not using cached read wrapper
LogInit:Display: RandInit(1071272407) SRandInit(1071272407).
LogTaskGraph: Started task graph with 5 named threads and 8 total threads with 1 sets of task threads.
LogStats: Stats thread started at 0.538451
LogInit: Using libcurl 7.47.1
LogInit:  - built for x86_64-pc-win32
LogInit:  - supports SSL with OpenSSL/1.0.2g
LogInit:  - supports HTTP deflate (compression) using libz 1.2.8
LogInit:  - other features:
LogInit:      CURL_VERSION_SSL
LogInit:      CURL_VERSION_LIBZ
LogInit:      CURL_VERSION_IPV6
LogInit:      CURL_VERSION_ASYNCHDNS
LogInit:      CURL_VERSION_LARGEFILE
LogInit:      CURL_VERSION_IDN
LogInit:  CurlRequestOptions (configurable via config and command line):
LogInit:  - bVerifyPeer = false  - Libcurl will NOT verify peer certificate
LogInit:  - bUseHttpProxy = false  - Libcurl will NOT use HTTP proxy
LogInit:  - bDontReuseConnections = false  - Libcurl will reuse connections
LogInit:  - CertBundlePath = nullptr  - Libcurl will use whatever was configured at build time.
LogInit: Build: ++UE4+Release-4.16-CL-3452394
LogInit: Engine Version: 4.16.0-3452394+++UE4+Release-4.16
LogInit: Compatible Engine Version: 4.16.0-3452394+++UE4+Release-4.16
LogInit: Net CL: 3452394
LogDevObjectVersion: Number of dev versions registered: 16
LogDevObjectVersion:   Dev-Blueprints (B0D832E4-1F89-4F0D-ACCF-7EB736FD4AA2): 9
LogDevObjectVersion:   Dev-Build (E1C64328-A22C-4D53-A36C-8E866417BD8C): 0
LogDevObjectVersion:   Dev-Core (375EC13C-06E4-48FB-B500-84F0262A717E): 2
LogDevObjectVersion:   Dev-Editor (E4B068ED-F494-42E9-A231-DA0B2E46BB41): 17
LogDevObjectVersion:   Dev-Framework (CFFC743F-43B0-4480-9391-14DF171D2073): 23
LogDevObjectVersion:   Dev-Mobile (B02B49B5-BB20-44E9-A304-32B752E40360): 0
LogDevObjectVersion:   Dev-Networking (A4E4105C-59A1-49B5-A7C5-40C4547EDFEE): 0
LogDevObjectVersion:   Dev-Online (39C831C9-5AE6-47DC-9A44-9C173E1C8E7C): 0
LogDevObjectVersion:   Dev-Physics (78F01B33-EBEA-4F98-B9B4-84EACCB95AA2): 0
LogDevObjectVersion:   Dev-Platform (6631380F-2D4D-43E0-8009-CF276956A95A): 0
LogDevObjectVersion:   Dev-Rendering (12F88B9F-8875-4AFC-A67C-D90C383ABD29): 15
LogDevObjectVersion:   Dev-Sequencer (7B5AE74C-D270-4C10-A958-57980B212A5A): 4
LogDevObjectVersion:   Dev-VR (D7296918-1DD6-4BDD-9DE2-64A83CC13884): 0
LogDevObjectVersion:   Dev-LoadTimes (C2A15278-BFE7-4AFE-6C17-90FF531DF755): 1
LogDevObjectVersion:   Private-Geometry (6EACA3D4-40EC-4CC1-B786-8BED09428FC5): 1
LogDevObjectVersion:   Dev-AnimPhys (29E575DD-E0A3-4627-9D10-D276232CDCEA): 3
LogInit: Compiled (64-bit): May 22 2017 17:47:00
LogInit: Compiled with Visual C++: 19.00.23026.00
LogInit: Build Configuration: Development
LogInit: Branch Name: ++UE4+Release-4.16
LogInit: Command line:  
LogInit: Base directory: C:/Program Files/Epic Games/UE_4.16/Engine/Binaries/Win64/
LogInit: Installed Engine Build: 1
LogInit: Presizing for max 8388607 objects, including 0 objects not considered by GC, pre-allocating 0 bytes for permanent pool.
LogInit: Object subsystem initialized
[2017.06.27-16.04.07:930][  0]LogInit: Selected Device Profile: [Windows]
[2017.06.27-16.04.07:930][  0]LogInit: Applying CVar settings loaded from the selected device profile: [Windows]
[2017.06.27-16.04.07:953][  0]LogInit: Computer: DESKTOP-6MFT485
[2017.06.27-16.04.07:953][  0]LogInit: User: JustinWells20
[2017.06.27-16.04.07:953][  0]LogInit: CPU Page size=4096, Cores=4
[2017.06.27-16.04.07:953][  0]LogInit: High frequency timer resolution =3.328129 MHz
[2017.06.27-16.04.07:954][  0]LogMemory: Memory total: Physical=15.9GB (16GB approx)
[2017.06.27-16.04.07:954][  0]LogMemory: Platform Memory Stats for Windows
[2017.06.27-16.04.07:954][  0]LogMemory: Process Physical Memory: 273.62 MB used, 273.62 MB peak
[2017.06.27-16.04.07:954][  0]LogMemory: Process Virtual Memory: 266.51 MB used, 266.51 MB peak
[2017.06.27-16.04.07:954][  0]LogMemory: Physical Memory: 2485.68 MB used,  13836.06 MB free, 16321.74 MB total
[2017.06.27-16.04.07:954][  0]LogMemory: Virtual Memory: 651.38 MB used,  13836.06 MB free, 134217728.00 MB total
[2017.06.27-16.04.08:190][  0]LogInit: Using OS detected language (en-US).
[2017.06.27-16.04.08:190][  0]LogInit: Using OS detected locale (en-US).
[2017.06.27-16.04.08:261][  0]LogTextLocalizationManager: No specific localization for 'en-US' exists, so the 'en' localization will be used.
[2017.06.27-16.04.11:060][  0]LogD3D11RHI: D3D11 adapters:
[2017.06.27-16.04.11:639][  0]LogD3D11RHI:    0. 'NVIDIA GeForce GTX 1070' (Feature Level 11_0)
[2017.06.27-16.04.11:639][  0]LogD3D11RHI:       8119/0/8160 MB DedicatedVideo/DedicatedSystem/SharedSystem, Outputs:2, VendorId:0x10de
[2017.06.27-16.04.11:641][  0]LogD3D11RHI:    1. 'Microsoft Basic Render Driver' (Feature Level 11_0)
[2017.06.27-16.04.11:641][  0]LogD3D11RHI:       0/0/8160 MB DedicatedVideo/DedicatedSystem/SharedSystem, Outputs:0, VendorId:0x1414
[2017.06.27-16.04.11:641][  0]LogD3D11RHI: Chosen D3D11 Adapter: 0
[2017.06.27-16.04.11:647][  0]LogD3D11RHI: Creating new Direct3DDevice
[2017.06.27-16.04.11:647][  0]LogD3D11RHI:     GPU DeviceId: 0x1b81 (for the marketing name, search the web for "GPU Device Id")
[2017.06.27-16.04.11:647][  0]LogWindows: EnumDisplayDevices:
[2017.06.27-16.04.11:647][  0]LogWindows:    0. 'NVIDIA GeForce GTX 1070' (P:0 D:1)
[2017.06.27-16.04.11:647][  0]LogWindows:    1. 'NVIDIA GeForce GTX 1070' (P:1 D:1)
[2017.06.27-16.04.11:648][  0]LogWindows:    2. 'NVIDIA GeForce GTX 1070' (P:0 D:0)
[2017.06.27-16.04.11:648][  0]LogWindows:    3. 'NVIDIA GeForce GTX 1070' (P:0 D:0)
[2017.06.27-16.04.11:648][  0]LogWindows: DebugString: FoundDriverCount:4 
[2017.06.27-16.04.11:648][  0]LogD3D11RHI:     Adapter Name: NVIDIA GeForce GTX 1070
[2017.06.27-16.04.11:648][  0]LogD3D11RHI:   Driver Version: 382.05 (internal:22.21.13.8205, unified:382.05)
[2017.06.27-16.04.11:648][  0]LogD3D11RHI:      Driver Date: 5-1-2017
[2017.06.27-16.04.11:648][  0]LogRHI: Texture pool is 1361 MB (70% of 1945 MB)
[2017.06.27-16.04.12:153][  0]LogD3D11RHI: Async texture creation enabled
[2017.06.27-16.04.12:194][  0]LogD3D11RHI: GPU Timing Frequency: 1000.000000 (Debug: 2 1)
[2017.06.27-16.04.12:251][  0]LogShaderCompilers: Guid format shader working directory is -54 characters bigger than the processId version (../../../../../../Users/Justin Wells/Documents/Unreal Projects/InsertNameAdventure/DatBoiEntertainmetnGame/Intermediate/Shaders/WorkingDirectory/17076/).
[2017.06.27-16.04.12:251][  0]LogShaderCompilers: Cleaned the shader compiler working directory 'C:/Users/Justin Wells/AppData/Local/Temp/UnrealShaderWorkingDir/9298B2FF4C0CD286931B658530CFBE8D/'.
[2017.06.27-16.04.12:251][  0]LogShaderCompilers:Display: Using Local Shader Compiler.
[2017.06.27-16.04.14:128][  0]LogTemp:Display: Loaded TP AllDesktopTargetPlatform
[2017.06.27-16.04.14:168][  0]LogTemp:Display: Loaded TP MacClientTargetPlatform
[2017.06.27-16.04.14:207][  0]LogTemp:Display: Loaded TP MacNoEditorTargetPlatform
[2017.06.27-16.04.14:247][  0]LogTemp:Display: Loaded TP MacServerTargetPlatform
[2017.06.27-16.04.14:291][  0]LogTemp:Display: Loaded TP MacTargetPlatform
[2017.06.27-16.04.14:330][  0]LogTemp:Display: Loaded TP WindowsClientTargetPlatform
[2017.06.27-16.04.14:370][  0]LogTemp:Display: Loaded TP WindowsNoEditorTargetPlatform
[2017.06.27-16.04.14:409][  0]LogTemp:Display: Loaded TP WindowsServerTargetPlatform
[2017.06.27-16.04.14:445][  0]LogTemp:Display: Loaded TP WindowsTargetPlatform
[2017.06.27-16.04.14:487][  0]LogTemp:Display: Loaded TP AndroidTargetPlatform
[2017.06.27-16.04.14:527][  0]LogTemp:Display: Loaded TP Android_ASTCTargetPlatform
[2017.06.27-16.04.14:567][  0]LogTemp:Display: Loaded TP Android_ATCTargetPlatform
[2017.06.27-16.04.14:605][  0]LogTemp:Display: Loaded TP Android_DXTTargetPlatform
[2017.06.27-16.04.14:645][  0]LogTemp:Display: Loaded TP Android_ETC1TargetPlatform
[2017.06.27-16.04.14:683][  0]LogTemp:Display: Loaded TP Android_ETC2TargetPlatform
[2017.06.27-16.04.14:763][  0]LogTemp:Display: Loaded TP Android_MultiTargetPlatform
[2017.06.27-16.04.14:763][  0]LogTemp:Display: Loaded TP Android_PVRTCTargetPlatform
[2017.06.27-16.04.14:793][  0]LogTemp:Display: Loaded TP HTML5TargetPlatform
[2017.06.27-16.04.14:878][  0]LogTemp:Display: Loaded TP IOSTargetPlatform
[2017.06.27-16.04.14:902][  0]LogTemp:Display: Loaded TP TVOSTargetPlatform
[2017.06.27-16.04.14:942][  0]LogTemp:Display: Loaded TP LinuxClientTargetPlatform
[2017.06.27-16.04.14:981][  0]LogTemp:Display: Loaded TP LinuxNoEditorTargetPlatform
[2017.06.27-16.04.15:020][  0]LogTemp:Display: Loaded TP LinuxServerTargetPlatform
[2017.06.27-16.04.15:064][  0]LogTemp:Display: Loaded TP LinuxTargetPlatform
[2017.06.27-16.04.15:064][  0]LogTargetPlatformManager:Display: Building Assets For Windows
[2017.06.27-16.04.15:549][  0]LogDerivedDataCache:Display: Max Cache Size: 512 MB
[2017.06.27-16.04.15:869][  0]LogDerivedDataCache: Loaded boot cache 0.32s 90MB C:/Users/Justin Wells/AppData/Local/UnrealEngine/4.16/DerivedDataCache/Boot.ddc.
[2017.06.27-16.04.15:869][  0]LogDerivedDataCache:Display: Loaded Boot cache: C:/Users/Justin Wells/AppData/Local/UnrealEngine/4.16/DerivedDataCache/Boot.ddc
[2017.06.27-16.04.15:869][  0]LogDerivedDataCache: FDerivedDataBackendGraph:  Pak pak cache file ../../../../../../Users/Justin Wells/Documents/Unreal Projects/InsertNameAdventure/DatBoiEntertainmetnGame/DerivedDataCache/DDC.ddp not found, will not use a pak cache.
[2017.06.27-16.04.15:869][  0]LogDerivedDataCache: Unable to find inner node Pak for hierarchical cache Hierarchy.
[2017.06.27-16.04.15:869][  0]LogDerivedDataCache: FDerivedDataBackendGraph:  CompressedPak pak cache file ../../../../../../Users/Justin Wells/Documents/Unreal Projects/InsertNameAdventure/DatBoiEntertainmetnGame/DerivedDataCache/Compressed.ddp not found, will not use a pak cache.
[2017.06.27-16.04.15:869][  0]LogDerivedDataCache: Unable to find inner node CompressedPak for hierarchical cache Hierarchy.
[2017.06.27-16.04.15:891][  0]LogDerivedDataCache:Display: Pak cache opened for reading ../../../Engine/DerivedDataCache/Compressed.ddp.
[2017.06.27-16.04.15:902][  0]LogDerivedDataCache: Using Local data cache path C:/Users/Justin Wells/AppData/Local/UnrealEngine/Common/DerivedDataCache: Writable
[2017.06.27-16.04.15:915][  0]LogMaterial: Verifying Global Shaders for PCD3D_SM5
[2017.06.27-16.04.15:919][  0]LogSlate: Using Freetype 2.6.0
[2017.06.27-16.04.15:934][  0]LogSlate: SlateFontCache - WITH_FREETYPE: 1, WITH_HARFBUZZ: 1
[2017.06.27-16.04.15:934][  0]LogSlate: SlateFontCache - WITH_FREETYPE: 1, WITH_HARFBUZZ: 1
[2017.06.27-16.04.16:618][  0]LogInit: Selected Device Profile: [Windows]
[2017.06.27-16.04.16:772][  0]LogContentStreaming: Texture pool size is 0.00 MB
[2017.06.27-16.04.16:981][  0]LogMeshUtilities: Using QuadricMeshReduction for automatic static mesh reduction
[2017.06.27-16.04.17:027][  0]LogSimplygon: Simplygon DLL not present - disabling.
[2017.06.27-16.04.17:067][  0]LogMeshUtilities: Using SimplygonSwarm for distributed automatic mesh merging
[2017.06.27-16.04.17:067][  0]LogMeshUtilities: No automatic skeletal mesh reduction module available
[2017.06.27-16.04.17:067][  0]LogMeshUtilities: No automatic mesh merging module available
[2017.06.27-16.04.18:167][  0]LogNetVersion: InsertNameAdventure , NetCL: 3452394, EngineNetVer: 2, GameNetVer: 0 (Checksum: 1278457987)
[2017.06.27-16.04.18:254][  0]LogAssetRegistry: FAssetRegistry took 0.0275 seconds to start up
[2017.06.27-16.04.18:310][  0]LogPackageLocalizationCache: Processed 4 localized package path(s) for 2 prioritized culture(s) in 0.036374 seconds
[2017.06.27-16.04.18:315][  0]LogUObjectArray: 34194 objects as part of root set at end of initial load.
[2017.06.27-16.04.18:315][  0]LogUObjectAllocator: 7260424 out of 0 bytes used by permanent object pool.
[2017.06.27-16.04.18:315][  0]LogUObjectArray: CloseDisregardForGC: 0/0 objects in disregard for GC pool
[2017.06.27-16.04.18:368][  0]LogInit: WinSock: version 1.1 (2.2), MaxSocks=32767, MaxUdp=65467
[2017.06.27-16.04.22:010][  0]LogTcpMessaging: Initializing TcpMessaging bridge
[2017.06.27-16.04.22:046][  0]LogUdpMessaging: Initializing bridge on interface 0.0.0.0:0 to multicast group 230.0.0.1:6666.
[2017.06.27-16.04.22:589][  0]LogMaterial: Uniform references updated for custom material expression Custom.
[2017.06.27-16.04.23:024][  0]SourceControl: Info Source control is disabled
[2017.06.27-16.04.24:090][  0]LogAndroidPermission: UAndroidPermissionCallbackProxy::GetInstance
[2017.06.27-16.04.24:607][  0]LogEngine: Initializing Engine...
[2017.06.27-16.04.24:643][  0]LogHMD: Failed to initialize OpenVR with code 126
[2017.06.27-16.04.24:973][  0]LogStats: UGameplayTagsManager::ConstructGameplayTagTree: Construct from data asset -  0.000 s
[2017.06.27-16.04.24:973][  0]LogStats: UGameplayTagsManager::ConstructGameplayTagTree: GameplayTagTreeChangedEvent.Broadcast -  0.000 s
[2017.06.27-16.04.25:091][  0]LogAIModule: Creating AISystem for world Untitled
[2017.06.27-16.04.25:109][  0]LogInit: XAudio2 using 'Headphones (High Definition Audio Device)' : 2 channels at 48 kHz using 16 bits per sample (channel mask 0x3)
[2017.06.27-16.04.25:149][  0]LogInit: FAudioDevice initialized.
[2017.06.27-16.04.25:189][  0]LogDerivedDataCache: Saved boot cache 0.04s 90MB C:/Users/Justin Wells/AppData/Local/UnrealEngine/4.16/DerivedDataCache/Boot.ddc.
[2017.06.27-16.04.25:200][  0]LogInit: Texture streaming: Enabled
[2017.06.27-16.04.25:284][  0]LogEngineSessionManager: EngineSessionManager initialized
[2017.06.27-16.04.25:550][  0]LogInit: Transaction tracking system initialized
[2017.06.27-16.04.25:842][  0]BlueprintLog: New page: Editor Load
[2017.06.27-16.04.26:749][  0]LocalizationService: Info Localization service is disabled
[2017.06.27-16.04.27:370][  0]LogConsoleResponse:Display: 
[2017.06.27-16.04.27:686][  0]LogCook:Display: Max memory allowance for cook 16384mb min free memory 0mb
[2017.06.27-16.04.27:686][  0]LogCook:Display: Mobile HDR setting 1
[2017.06.27-16.04.28:613][  0]LogFileCache: Scanning file cache for directory 'C:/Users/Justin Wells/Documents/Unreal Projects/InsertNameAdventure/DatBoiEntertainmetnGame/Content/' took 0.02s
[2017.06.27-16.04.28:821][  0]LogSlate: Took 0.004977 seconds to synchronously load lazily loaded font '../../../Engine/Content/Slate/Fonts/Roboto-Regular.ttf' (155K)
[2017.06.27-16.04.31:225][  0]LogWindowsTextInputMethodSystem:Display: IME system now deactivated.
[2017.06.27-16.04.31:232][  0]LightingResults: New page: Lighting Build
[2017.06.27-16.04.31:274][  0]MapCheck: New page: Map Check
[2017.06.27-16.04.31:274][  0]LightingResults: New page: Lighting Build
[2017.06.27-16.04.31:358][  0]LogAIModule: Creating AISystem for world Untitled
[2017.06.27-16.04.31:362][  0]LoadErrors: New page: New Map
[2017.06.27-16.04.31:438][  0]LogWindowsTextInputMethodSystem:Display: IME system now deactivated.
[2017.06.27-16.04.31:634][  0]LogCollectionManager: Loaded 0 collections in 0.001346 seconds
[2017.06.27-16.04.31:717][  0]LogFileCache: Scanning file cache for directory 'C:/Users/Justin Wells/Documents/Unreal Projects/InsertNameAdventure/DatBoiEntertainmetnGame/Saved/Collections/' took 0.01s
[2017.06.27-16.04.31:717][  0]LogFileCache: Scanning file cache for directory 'C:/Users/Justin Wells/Documents/Unreal Projects/InsertNameAdventure/DatBoiEntertainmetnGame/Content/Developers/JustinWells20/Collections/' took 0.01s
[2017.06.27-16.04.31:717][  0]LogFileCache: Scanning file cache for directory 'C:/Users/Justin Wells/Documents/Unreal Projects/InsertNameAdventure/DatBoiEntertainmetnGame/Content/Collections/' took 0.01s
[2017.06.27-16.04.31:717][  0]LogCollectionManager: Rebuilt the GUID cache for 0 collections in 0.000002 seconds
[2017.06.27-16.04.31:726][  0]LogContentBrowser: Native class hierarchy populated in 0.0079 seconds. Added 2329 classes and 491 folders.
[2017.06.27-16.04.31:784][  0]LogContentBrowser: Native class hierarchy updated for 'WidgetCarousel' in 0.0005 seconds. Added 0 classes and 0 folders.
[2017.06.27-16.04.32:076][  0]LogContentBrowser: Native class hierarchy updated for 'AddContentDialog' in 0.0004 seconds. Added 0 classes and 0 folders.
[2017.06.27-16.04.32:126][  0]LogContentBrowser: Native class hierarchy updated for 'SceneOutliner' in 0.0005 seconds. Added 1 classes and 2 folders.
[2017.06.27-16.04.32:157][  0]LogCrashTracker: Crashtracker disabled due to settings.
[2017.06.27-16.04.32:173][  0]LogSlate: Took 0.004208 seconds to synchronously load lazily loaded font '../../../Engine/Content/Slate/Fonts/Roboto-Bold.ttf' (160K)
[2017.06.27-16.04.32:181][  0]LogSlate: Took 0.004714 seconds to synchronously load lazily loaded font '../../../Engine/Content/Editor/Slate/Fonts/FontAwesome.ttf' (139K)
[2017.06.27-16.04.32:295][  0]LogRenderer: Reallocating scene render targets to support 2556x936 NumSamples 1 (Frame:1).
[2017.06.27-16.04.32:491][  0]LogUObjectGlobals:Warning: Failed to find object 'Class None.'
[2017.06.27-16.04.32:556][  0]LogContentBrowser: Native class hierarchy updated for 'HierarchicalLODOutliner' in 0.0005 seconds. Added 1 classes and 2 folders.
[2017.06.27-16.04.32:556][  0]LogLoad: (Engine Initialization) Total time: 27.46 seconds
[2017.06.27-16.04.32:556][  0]LogLoad: (Engine Initialization) Total Blueprint compile time: 0.07 seconds
[2017.06.27-16.04.32:556][  0]LogExternalProfiler: No external profilers were discovered.  External profiling features will not be available.
[2017.06.27-16.04.32:567][  0]LogOcInput: OculusInput pre-init called
[2017.06.27-16.04.32:567][  0]LogHMD: Starting GearVRController plugin
[2017.06.27-16.04.32:585][  0]SourceControl: Info On branch V1.5.1
[2017.06.27-16.04.32:585][  0]SourceControl: Info Your branch is up-to-date with 'origin/V1.5.1'.
[2017.06.27-16.04.32:585][  0]SourceControl: Info Changes not staged for commit:
[2017.06.27-16.04.32:585][  0]SourceControl: Info   (use "git add/rm <file>..." to update what will be committed)
[2017.06.27-16.04.32:585][  0]SourceControl: Info   (use "git checkout -- <file>..." to discard changes in working directory)
[2017.06.27-16.04.32:585][  0]SourceControl: Info 	modified:   Intermediate/CachedAssetRegistry.bin
[2017.06.27-16.04.32:585][  0]SourceControl: Info 	deleted:    Saved/Config/CrashReportClient/UE4CC-Windows-B0B1DE02458D7E81750B9B9171303D21/CrashReportClient.ini
[2017.06.27-16.04.32:585][  0]SourceControl: Info 	modified:   Saved/Config/Windows/Editor.ini
[2017.06.27-16.04.32:585][  0]SourceControl: Info 	modified:   Saved/Config/Windows/Engine.ini
[2017.06.27-16.04.32:585][  0]SourceControl: Info 	deleted:    Saved/Logs/InsertNameAdventure-backup-2017.06.23-15.19.56.log
[2017.06.27-16.04.32:585][  0]SourceControl: Info 	modified:   Saved/Logs/InsertNameAdventure.log
[2017.06.27-16.04.32:585][  0]SourceControl: Info Untracked files:
[2017.06.27-16.04.32:585][  0]SourceControl: Info   (use "git add <file>..." to include in what will be committed)
[2017.06.27-16.04.32:585][  0]SourceControl: Info 	Saved/Config/CrashReportClient/UE4CC-Windows-3E5A3C2A44B509EFFDE07699A7709941/
[2017.06.27-16.04.32:585][  0]SourceControl: Info 	Saved/Logs/InsertNameAdventure-backup-2017.06.27-10.04.07.log
[2017.06.27-16.04.32:585][  0]SourceControl: Info no changes added to commit (use "git add" and/or "git commit -a")
[2017.06.27-16.04.32:586][  0]LogContentStreaming: Texture pool size now 1000 MB
[2017.06.27-16.04.32:618][  1]LogAssetRegistry: Asset discovery search completed in 14.3856 seconds
[2017.06.27-16.04.32:620][  1]LogCollectionManager: Rebuilt the object cache for 0 collections in 0.000003 seconds (found 0 objects)
[2017.06.27-16.04.32:620][  1]LogCollectionManager: Fixed up redirectors for 0 collections in 0.000035 seconds (updated 0 objects)
[2017.06.27-16.04.33:607][ 97]LogSlate: Took 0.003995 seconds to synchronously load lazily loaded font '../../../Engine/Content/Slate/Fonts/Roboto-Light.ttf' (159K)
[2017.06.27-16.04.36:135][395]LogSlate: Took 0.000116 seconds to synchronously load lazily loaded font '../../../Engine/Content/Slate/Fonts/Roboto-Light.ttf' (159K)
[2017.06.27-16.04.36:177][395]LogMaterial: Missing cached shader map for material Glass_M, compiling. 
[2017.06.27-16.04.36:322][395]LogMaterial: Missing cached shader map for material Glass_M, compiling. 
[2017.06.27-16.04.36:340][395]LogMaterial: Missing cached shader map for material Glass_M, compiling. 
[2017.06.27-16.04.36:405][395]LogMaterial: Missing cached shader map for material FMatExpressionPreview MaterialExpressionVectorParameter_0, compiling. 
[2017.06.27-16.04.36:419][395]LogSlate: Took 0.004752 seconds to synchronously load lazily loaded font '../../../Engine/Content/Editor/Slate/Fonts/Roboto-BoldCondensed.ttf' (158K)
[2017.06.27-16.04.36:603][398]LogSlate: Took 0.004403 seconds to synchronously load lazily loaded font '../../../Engine/Content/Editor/Slate/Fonts/Roboto-Italic.ttf' (157K)
[2017.06.27-16.04.54:625][149]LogAIModule: Creating AISystem for world Rainforest_Alien
[2017.06.27-16.04.54:675][149]LightingResults: New page: Lighting Build
[2017.06.27-16.04.54:676][149]LoadErrors: New page: Loading map: Rainforest_Alien.umap
[2017.06.27-16.04.54:676][149]MapCheck: New page: Map Check
[2017.06.27-16.04.54:676][149]LightingResults: New page: Lighting Build
[2017.06.27-16.04.54:696][149]LogEditorServer: Finished looking for orphan Actors (0.000 secs)
[2017.06.27-16.04.54:737][149]Cmd: MAP CHECKDEP NOCLEARLOG
[2017.06.27-16.04.54:780][149]MapCheck: Info Map check complete: 0 Error(s), 0 Warning(s), took 43.084ms to complete.
[2017.06.27-16.04.54:780][149]LogFileHelpers: Loading map 'Rainforest_Alien' took 0.106
[2017.06.27-16.04.55:770][252]MaterialEditorStats: Info Base pass shader: 279 instructions
[2017.06.27-16.04.55:770][252]MaterialEditorStats: Info Vertex shader: 121 instructions
[2017.06.27-16.04.55:770][252]MaterialEditorStats: Info Texture samplers: 8/16
[2017.06.27-16.05.09:916][927]LogMaterial: Missing cached shader map for material Glass_M, compiling. 
[2017.06.27-16.05.13:302][315]LogMaterial: Missing cached shader map for material Glass_M, compiling. 
[2017.06.27-16.05.13:322][315]LogMaterial: Missing cached shader map for material FMatExpressionPreview MaterialExpressionVectorParameter_0, compiling. 
[2017.06.27-16.05.16:129][628]LogMaterialEditor: Applying material Glass_M
[2017.06.27-16.05.16:636][628]LogMaterial: Missing cached shader map for material Glass_M, compiling. 
[2017.06.27-16.05.16:680][628]LogMaterial: Missing cached shader map for material Glass_M, compiling. 
[2017.06.27-16.05.16:704][628]LogMaterial: Missing cached shader map for material Glass_M, compiling. 
[2017.06.27-16.05.16:737][628]LogMaterial: Missing cached shader map for material FDebugViewModeMaterialProxy Glass_M, compiling. 
[2017.06.27-16.05.21:849][628]TextureStreamingBuild:Display: Compiling optional shaders took 5.119 seconds.
[2017.06.27-16.05.35:598][130]LogMaterial: Missing cached shader map for material Glass_M, compiling. 
[2017.06.27-16.05.35:617][130]LogMaterial: Missing cached shader map for material FMatExpressionPreview MaterialExpressionVectorParameter_0, compiling. 
[2017.06.27-16.05.37:894][389]LogMaterial: Missing cached shader map for material Glass_M, compiling. 
[2017.06.27-16.05.37:909][389]LogMaterial: Missing cached shader map for material FMatExpressionPreview MaterialExpressionVectorParameter_0, compiling. 
[2017.06.27-16.05.40:392][670]LogMaterial: Missing cached shader map for material Glass_M, compiling. 
[2017.06.27-16.05.40:408][670]LogMaterial: Missing cached shader map for material FMatExpressionPreview MaterialExpressionVectorParameter_0, compiling. 
[2017.06.27-16.05.41:907][832]LogMaterialEditor: Applying material Glass_M
[2017.06.27-16.05.42:415][832]LogMaterial: Missing cached shader map for material Glass_M, compiling. 
[2017.06.27-16.05.42:455][832]LogMaterial: Missing cached shader map for material Glass_M, compiling. 
[2017.06.27-16.05.42:475][832]LogMaterial: Missing cached shader map for material Glass_M, compiling. 
[2017.06.27-16.05.42:506][832]LogMaterial: Missing cached shader map for material FDebugViewModeMaterialProxy Glass_M, compiling. 
[2017.06.27-16.05.47:479][832]TextureStreamingBuild:Display: Compiling optional shaders took 4.978 seconds.
[2017.06.27-16.06.02:254][513]LogMaterial: Missing cached shader map for material Glass_M, compiling. 
[2017.06.27-16.06.04:666][788]LogMaterialEditor: Applying material Glass_M
[2017.06.27-16.06.05:173][788]LogMaterial: Missing cached shader map for material Glass_M, compiling. 
[2017.06.27-16.06.05:214][788]LogMaterial: Missing cached shader map for material Glass_M, compiling. 
[2017.06.27-16.06.05:233][788]LogMaterial: Missing cached shader map for material Glass_M, compiling. 
[2017.06.27-16.06.05:263][788]LogMaterial: Missing cached shader map for material FDebugViewModeMaterialProxy Glass_M, compiling. 
[2017.06.27-16.06.11:202][788]TextureStreamingBuild:Display: Compiling optional shaders took 5.944 seconds.
[2017.06.27-16.06.23:688][116]LogMaterial: Missing cached shader map for material Glass_M, compiling. 
[2017.06.27-16.06.24:053][155]LogMaterial: Missing cached shader map for material Glass_M, compiling. 
[2017.06.27-16.06.24:938][255]LogMaterial: Missing cached shader map for material Glass_M, compiling. 
[2017.06.27-16.06.25:662][337]LogMaterial: Missing cached shader map for material Glass_M, compiling. 
[2017.06.27-16.06.28:254][625]LogMaterialEditor: Applying material Glass_M
[2017.06.27-16.06.28:774][625]LogMaterial: Missing cached shader map for material Glass_M, compiling. 
[2017.06.27-16.06.28:813][625]LogMaterial: Missing cached shader map for material Glass_M, compiling. 
[2017.06.27-16.06.28:831][625]LogMaterial: Missing cached shader map for material Glass_M, compiling. 
[2017.06.27-16.06.28:861][625]LogMaterial: Missing cached shader map for material FDebugViewModeMaterialProxy Glass_M, compiling. 
[2017.06.27-16.06.34:176][625]TextureStreamingBuild:Display: Compiling optional shaders took 5.319 seconds.
[2017.06.27-16.06.50:428][396]MaterialEditorStats: Info Base pass shader: 279 instructions
[2017.06.27-16.06.50:428][396]MaterialEditorStats: Info Vertex shader: 121 instructions
[2017.06.27-16.06.50:428][396]MaterialEditorStats: Info Texture samplers: 8/16
[2017.06.27-16.06.56:954][149]LogEditorViewport: Clicking on Actor (context menu): PaperTileMapActor (Rain_Forrest_Level_L)
[2017.06.27-16.06.57:903][244]LogEditorViewport: Clicking on Actor (LMB): PaperTileMapActor (Rain_Forrest_Level_L)
[2017.06.27-16.06.59:350][386]LogEditorViewport: Clicking Background
[2017.06.27-16.08.06:006][122]LogTemp: Repeting last play command: New Editor Window (PIE)
[2017.06.27-16.08.06:053][122]LogPlayLevel: PlayLevel: No blueprints needed recompiling
[2017.06.27-16.08.06:054][122]PIE: New page: PIE session: Rainforest_Alien (Jun 27, 2017, 4:08:06 AM)
[2017.06.27-16.08.06:054][122]LogPlayLevel: Creating play world package: /Game/2DSideScrollerBP/Maps/Levels/UEDPIE_0_Rainforest_Alien
[2017.06.27-16.08.06:056][122]LogPlayLevel: PIE: StaticDuplicateObject took: (0.001765s)
[2017.06.27-16.08.06:057][122]LogAIModule: Creating AISystem for world Rainforest_Alien
[2017.06.27-16.08.06:057][122]LogPlayLevel: PIE: World Init took: (0.000762s)
[2017.06.27-16.08.06:057][122]LogPlayLevel: PIE: Created PIE world by copying editor world from /Game/2DSideScrollerBP/Maps/Levels/Rainforest_Alien.Rainforest_Alien to /Game/2DSideScrollerBP/Maps/Levels/UEDPIE_0_Rainforest_Alien.Rainforest_Alien (0.002697s)
[2017.06.27-16.08.06:074][122]LogInit: XAudio2 using 'Headphones (High Definition Audio Device)' : 2 channels at 48 kHz using 16 bits per sample (channel mask 0x3)
[2017.06.27-16.08.06:080][122]LogInit: FAudioDevice initialized.
[2017.06.27-16.08.06:169][122]LogLoad: Game class is '2DSideScrollerGameMode_C'
[2017.06.27-16.08.06:180][122]LogWorld: Bringing World /Game/2DSideScrollerBP/Maps/Levels/UEDPIE_0_Rainforest_Alien.Rainforest_Alien up for play (max tick rate 0) at 2017.06.27-10.08.06
[2017.06.27-16.08.06:183][122]LogWorld: Bringing up level for play took: 0.008935
[2017.06.27-16.08.06:244][122]LogContentBrowser: Native class hierarchy updated for 'MovieSceneCapture' in 0.0005 seconds. Added 11 classes and 0 folders.
[2017.06.27-16.08.06:255][122]PIE: Info Play in editor start time for /Game/2DSideScrollerBP/Maps/Levels/UEDPIE_0_Rainforest_Alien 0.934
[2017.06.27-16.08.18:252][535]LogTemp: Repeting last play command: New Editor Window (PIE)
[2017.06.27-16.08.18:268][535]LogPlayLevel: PlayLevel: No blueprints needed recompiling
[2017.06.27-16.08.18:268][535]PIE: New page: PIE session: Rainforest_Alien (Jun 27, 2017, 4:08:18 AM)
[2017.06.27-16.08.18:268][535]LogPlayLevel: Creating play world package: /Game/2DSideScrollerBP/Maps/Levels/UEDPIE_0_Rainforest_Alien
[2017.06.27-16.08.18:270][535]LogPlayLevel: PIE: StaticDuplicateObject took: (0.001665s)
[2017.06.27-16.08.18:270][535]LogAIModule: Creating AISystem for world Rainforest_Alien
[2017.06.27-16.08.18:270][535]LogPlayLevel: PIE: World Init took: (0.000619s)
[2017.06.27-16.08.18:270][535]LogPlayLevel: PIE: Created PIE world by copying editor world from /Game/2DSideScrollerBP/Maps/Levels/Rainforest_Alien.Rainforest_Alien to /Game/2DSideScrollerBP/Maps/Levels/UEDPIE_0_Rainforest_Alien.Rainforest_Alien (0.002443s)
[2017.06.27-16.08.18:286][535]LogInit: XAudio2 using 'Headphones (High Definition Audio Device)' : 2 channels at 48 kHz using 16 bits per sample (channel mask 0x3)
[2017.06.27-16.08.18:292][535]LogInit: FAudioDevice initialized.
[2017.06.27-16.08.18:343][535]LogLoad: Game class is '2DSideScrollerGameMode_C'
[2017.06.27-16.08.18:349][535]LogWorld: Bringing World /Game/2DSideScrollerBP/Maps/Levels/UEDPIE_0_Rainforest_Alien.Rainforest_Alien up for play (max tick rate 0) at 2017.06.27-10.08.18
[2017.06.27-16.08.18:350][535]LogWorld: Bringing up level for play took: 0.005413
[2017.06.27-16.08.18:357][535]PIE: Info Play in editor start time for /Game/2DSideScrollerBP/Maps/Levels/UEDPIE_0_Rainforest_Alien 1.035
[2017.06.27-16.08.31:149][  9]LogEditorViewport: Clicking on Actor (LMB): AtmosphericFog (AtmosphericFog)
[2017.06.27-16.08.33:402][207]LogEditorViewport: Clicking Background
[2017.06.27-16.08.36:025][472]LogTemp: Repeting last play command: New Editor Window (PIE)
[2017.06.27-16.08.36:041][472]LogPlayLevel: PlayLevel: No blueprints needed recompiling
[2017.06.27-16.08.36:041][472]PIE: New page: PIE session: Rainforest_Alien (Jun 27, 2017, 4:08:36 AM)
[2017.06.27-16.08.36:041][472]LogPlayLevel: Creating play world package: /Game/2DSideScrollerBP/Maps/Levels/UEDPIE_0_Rainforest_Alien
[2017.06.27-16.08.36:043][472]LogPlayLevel: PIE: StaticDuplicateObject took: (0.001666s)
[2017.06.27-16.08.36:044][472]LogAIModule: Creating AISystem for world Rainforest_Alien
[2017.06.27-16.08.36:044][472]LogPlayLevel: PIE: World Init took: (0.000787s)
[2017.06.27-16.08.36:044][472]LogPlayLevel: PIE: Created PIE world by copying editor world from /Game/2DSideScrollerBP/Maps/Levels/Rainforest_Alien.Rainforest_Alien to /Game/2DSideScrollerBP/Maps/Levels/UEDPIE_0_Rainforest_Alien.Rainforest_Alien (0.002654s)
[2017.06.27-16.08.36:060][472]LogInit: XAudio2 using 'Headphones (High Definition Audio Device)' : 2 channels at 48 kHz using 16 bits per sample (channel mask 0x3)
[2017.06.27-16.08.36:066][472]LogInit: FAudioDevice initialized.
[2017.06.27-16.08.36:114][472]LogLoad: Game class is '2DSideScrollerGameMode_C'
[2017.06.27-16.08.36:120][472]LogWorld: Bringing World /Game/2DSideScrollerBP/Maps/Levels/UEDPIE_0_Rainforest_Alien.Rainforest_Alien up for play (max tick rate 0) at 2017.06.27-10.08.36
[2017.06.27-16.08.36:121][472]LogWorld: Bringing up level for play took: 0.005404
[2017.06.27-16.08.36:128][472]PIE: Info Play in editor start time for /Game/2DSideScrollerBP/Maps/Levels/UEDPIE_0_Rainforest_Alien 0.807
[2017.06.27-16.08.44:603][471]LogEditorViewport: Clicking on Actor (LMB): AtmosphericFog (AtmosphericFog)
[2017.06.27-16.09.07:759][ 19]LogTemp: Repeting last play command: New Editor Window (PIE)
[2017.06.27-16.09.07:775][ 19]LogPlayLevel: PlayLevel: No blueprints needed recompiling
[2017.06.27-16.09.07:775][ 19]PIE: New page: PIE session: Rainforest_Alien (Jun 27, 2017, 4:09:07 AM)
[2017.06.27-16.09.07:775][ 19]LogPlayLevel: Creating play world package: /Game/2DSideScrollerBP/Maps/Levels/UEDPIE_0_Rainforest_Alien
[2017.06.27-16.09.07:777][ 19]LogPlayLevel: PIE: StaticDuplicateObject took: (0.001403s)
[2017.06.27-16.09.07:778][ 19]LogAIModule: Creating AISystem for world Rainforest_Alien
[2017.06.27-16.09.07:778][ 19]LogPlayLevel: PIE: World Init took: (0.000918s)
[2017.06.27-16.09.07:778][ 19]LogPlayLevel: PIE: Created PIE world by copying editor world from /Game/2DSideScrollerBP/Maps/Levels/Rainforest_Alien.Rainforest_Alien to /Game/2DSideScrollerBP/Maps/Levels/UEDPIE_0_Rainforest_Alien.Rainforest_Alien (0.002493s)
[2017.06.27-16.09.07:793][ 19]LogInit: XAudio2 using 'Headphones (High Definition Audio Device)' : 2 channels at 48 kHz using 16 bits per sample (channel mask 0x3)
[2017.06.27-16.09.07:799][ 19]LogInit: FAudioDevice initialized.
[2017.06.27-16.09.07:846][ 19]LogLoad: Game class is '2DSideScrollerGameMode_C'
[2017.06.27-16.09.07:852][ 19]LogWorld: Bringing World /Game/2DSideScrollerBP/Maps/Levels/UEDPIE_0_Rainforest_Alien.Rainforest_Alien up for play (max tick rate 0) at 2017.06.27-10.09.07
[2017.06.27-16.09.07:853][ 19]LogWorld: Bringing up level for play took: 0.005456
[2017.06.27-16.09.07:859][ 19]PIE: Info Play in editor start time for /Game/2DSideScrollerBP/Maps/Levels/UEDPIE_0_Rainforest_Alien 0.538
[2017.06.27-16.09.18:123][228]LogTemp: Repeting last play command: New Editor Window (PIE)
[2017.06.27-16.09.18:139][228]LogPlayLevel: PlayLevel: No blueprints needed recompiling
[2017.06.27-16.09.18:139][228]PIE: New page: PIE session: Rainforest_Alien (Jun 27, 2017, 4:09:18 AM)
[2017.06.27-16.09.18:139][228]LogPlayLevel: Creating play world package: /Game/2DSideScrollerBP/Maps/Levels/UEDPIE_0_Rainforest_Alien
[2017.06.27-16.09.18:141][228]LogPlayLevel: PIE: StaticDuplicateObject took: (0.001347s)
[2017.06.27-16.09.18:141][228]LogAIModule: Creating AISystem for world Rainforest_Alien
[2017.06.27-16.09.18:141][228]LogPlayLevel: PIE: World Init took: (0.000731s)
[2017.06.27-16.09.18:142][228]LogPlayLevel: PIE: Created PIE world by copying editor world from /Game/2DSideScrollerBP/Maps/Levels/Rainforest_Alien.Rainforest_Alien to /Game/2DSideScrollerBP/Maps/Levels/UEDPIE_0_Rainforest_Alien.Rainforest_Alien (0.002257s)
[2017.06.27-16.09.18:159][228]LogInit: XAudio2 using 'Headphones (High Definition Audio Device)' : 2 channels at 48 kHz using 16 bits per sample (channel mask 0x3)
[2017.06.27-16.09.18:164][228]LogInit: FAudioDevice initialized.
[2017.06.27-16.09.18:227][228]LogLoad: Game class is '2DSideScrollerGameMode_C'
[2017.06.27-16.09.18:237][228]LogWorld: Bringing World /Game/2DSideScrollerBP/Maps/Levels/UEDPIE_0_Rainforest_Alien.Rainforest_Alien up for play (max tick rate 0) at 2017.06.27-10.09.18
[2017.06.27-16.09.18:240][228]LogWorld: Bringing up level for play took: 0.010974
[2017.06.27-16.09.18:250][228]PIE: Info Play in editor start time for /Game/2DSideScrollerBP/Maps/Levels/UEDPIE_0_Rainforest_Alien 0.928
[2017.06.27-16.09.30:742][705]Cmd: DELETE
[2017.06.27-16.09.30:742][705]Cmd: ACTOR DELETE
[2017.06.27-16.09.30:743][705]LogEditorActor: Deleted Actor: AtmosphericFog
[2017.06.27-16.09.30:752][705]LogEditorActor: Deleted 1 Actors (0.010 secs)
[2017.06.27-16.09.32:333][893]LogTemp: Repeting last play command: New Editor Window (PIE)
[2017.06.27-16.09.32:349][893]LogPlayLevel: PlayLevel: No blueprints needed recompiling
[2017.06.27-16.09.32:349][893]PIE: New page: PIE session: Rainforest_Alien (Jun 27, 2017, 4:09:32 AM)
[2017.06.27-16.09.32:349][893]LogPlayLevel: Creating play world package: /Game/2DSideScrollerBP/Maps/Levels/UEDPIE_0_Rainforest_Alien
[2017.06.27-16.09.32:350][893]LogPlayLevel: PIE: StaticDuplicateObject took: (0.000834s)
[2017.06.27-16.09.32:350][893]LogAIModule: Creating AISystem for world Rainforest_Alien
[2017.06.27-16.09.32:351][893]LogPlayLevel: PIE: World Init took: (0.000658s)
[2017.06.27-16.09.32:351][893]LogPlayLevel: PIE: Created PIE world by copying editor world from /Game/2DSideScrollerBP/Maps/Levels/Rainforest_Alien.Rainforest_Alien to /Game/2DSideScrollerBP/Maps/Levels/UEDPIE_0_Rainforest_Alien.Rainforest_Alien (0.001648s)
[2017.06.27-16.09.32:366][893]LogInit: XAudio2 using 'Headphones (High Definition Audio Device)' : 2 channels at 48 kHz using 16 bits per sample (channel mask 0x3)
[2017.06.27-16.09.32:372][893]LogInit: FAudioDevice initialized.
[2017.06.27-16.09.32:421][893]LogLoad: Game class is '2DSideScrollerGameMode_C'
[2017.06.27-16.09.32:426][893]LogWorld: Bringing World /Game/2DSideScrollerBP/Maps/Levels/UEDPIE_0_Rainforest_Alien.Rainforest_Alien up for play (max tick rate 0) at 2017.06.27-10.09.32
[2017.06.27-16.09.32:428][893]LogWorld: Bringing up level for play took: 0.005407
[2017.06.27-16.09.32:435][893]PIE: Info Play in editor start time for /Game/2DSideScrollerBP/Maps/Levels/UEDPIE_0_Rainforest_Alien -0.887
[2017.06.27-16.09.36:940][418]Cmd: TRANSACTION UNDO
[2017.06.27-16.09.36:940][418]LogEditorTransaction: Undo Delete Actors
[2017.06.27-16.09.36:950][418]LogMaterial: Missing cached shader map for material Glass_M, compiling. 
[2017.06.27-16.09.45:247][294]LogContentBrowser: Native class hierarchy updated for 'BlueprintGraph' in 0.0008 seconds. Added 112 classes and 0 folders.
[2017.06.27-16.09.45:799][294]LogSlate: Took 0.000160 seconds to synchronously load lazily loaded font '../../../Engine/Content/Slate/Fonts/Roboto-Regular.ttf' (155K)
[2017.06.27-16.09.45:885][294]LogScript:Warning: Accessed None trying to read property CharacterReference
	Mouse_Controls_C /Engine/Transient.World_2:PersistentLevel.Mouse_Controls_C_0
	Function /Game/2DSideScrollerBP/Blueprints/Characters/Mouse_Controls.Mouse_Controls_C:ExecuteUbergraph_Mouse_Controls:018B
[2017.06.27-16.09.45:886][294]LogScript:Warning: Accessed None
	Mouse_Controls_C /Engine/Transient.World_2:PersistentLevel.Mouse_Controls_C_0
	Function /Game/2DSideScrollerBP/Blueprints/Characters/Mouse_Controls.Mouse_Controls_C:ExecuteUbergraph_Mouse_Controls:01A0
[2017.06.27-16.09.45:886][294]LogScript:Warning: Accessed None trying to read property CharacterReference
	Mouse_Controls_C /Engine/Transient.World_2:PersistentLevel.Mouse_Controls_C_0
	Function /Game/2DSideScrollerBP/Blueprints/Characters/Mouse_Controls.Mouse_Controls_C:ExecuteUbergraph_Mouse_Controls:028E
[2017.06.27-16.09.45:886][294]LogScript:Warning: Accessed None
	Mouse_Controls_C /Engine/Transient.World_2:PersistentLevel.Mouse_Controls_C_0
	Function /Game/2DSideScrollerBP/Blueprints/Characters/Mouse_Controls.Mouse_Controls_C:ExecuteUbergraph_Mouse_Controls:02A3
[2017.06.27-16.09.45:886][294]LogScript:Warning: Accessed None trying to read property CharacterReference
	Mouse_Controls_C /Engine/Transient.World_2:PersistentLevel.Mouse_Controls_C_0
	Function /Game/2DSideScrollerBP/Blueprints/Characters/Mouse_Controls.Mouse_Controls_C:ExecuteUbergraph_Mouse_Controls:00C5
[2017.06.27-16.09.45:886][294]LogScript:Warning: Accessed None
	Mouse_Controls_C /Engine/Transient.World_2:PersistentLevel.Mouse_Controls_C_0
	Function /Game/2DSideScrollerBP/Blueprints/Characters/Mouse_Controls.Mouse_Controls_C:ExecuteUbergraph_Mouse_Controls:00DA
[2017.06.27-16.09.45:990][295]LogScript:Warning: Accessed None trying to read property CharacterReference
	Mouse_Controls_C /Engine/Transient.World_2:PersistentLevel.Mouse_Controls_C_0
	Function /Game/2DSideScrollerBP/Blueprints/Characters/Mouse_Controls.Mouse_Controls_C:ExecuteUbergraph_Mouse_Controls:018B
[2017.06.27-16.09.45:990][295]LogScript:Warning: Accessed None
	Mouse_Controls_C /Engine/Transient.World_2:PersistentLevel.Mouse_Controls_C_0
	Function /Game/2DSideScrollerBP/Blueprints/Characters/Mouse_Controls.Mouse_Controls_C:ExecuteUbergraph_Mouse_Controls:01A0
[2017.06.27-16.09.45:990][295]LogScript:Warning: Accessed None trying to read property CharacterReference
	Mouse_Controls_C /Engine/Transient.World_2:PersistentLevel.Mouse_Controls_C_0
	Function /Game/2DSideScrollerBP/Blueprints/Characters/Mouse_Controls.Mouse_Controls_C:ExecuteUbergraph_Mouse_Controls:028E
[2017.06.27-16.09.45:990][295]LogScript:Warning: Accessed None
	Mouse_Controls_C /Engine/Transient.World_2:PersistentLevel.Mouse_Controls_C_0
	Function /Game/2DSideScrollerBP/Blueprints/Characters/Mouse_Controls.Mouse_Controls_C:ExecuteUbergraph_Mouse_Controls:02A3
[2017.06.27-16.09.45:990][295]LogScript:Warning: Accessed None trying to read property CharacterReference
	Mouse_Controls_C /Engine/Transient.World_2:PersistentLevel.Mouse_Controls_C_0
	Function /Game/2DSideScrollerBP/Blueprints/Characters/Mouse_Controls.Mouse_Controls_C:ExecuteUbergraph_Mouse_Controls:00C5
[2017.06.27-16.09.45:990][295]LogScript:Warning: Accessed None
	Mouse_Controls_C /Engine/Transient.World_2:PersistentLevel.Mouse_Controls_C_0
	Function /Game/2DSideScrollerBP/Blueprints/Characters/Mouse_Controls.Mouse_Controls_C:ExecuteUbergraph_Mouse_Controls:00DA
[2017.06.27-16.09.46:020][296]LogScript:Warning: Accessed None trying to read property CharacterReference
	Mouse_Controls_C /Engine/Transient.World_2:PersistentLevel.Mouse_Controls_C_0
	Function /Game/2DSideScrollerBP/Blueprints/Characters/Mouse_Controls.Mouse_Controls_C:ExecuteUbergraph_Mouse_Controls:018B
[2017.06.27-16.09.46:020][296]LogScript:Warning: Accessed None
	Mouse_Controls_C /Engine/Transient.World_2:PersistentLevel.Mouse_Controls_C_0
	Function /Game/2DSideScrollerBP/Blueprints/Characters/Mouse_Controls.Mouse_Controls_C:ExecuteUbergraph_Mouse_Controls:01A0
[2017.06.27-16.09.46:020][296]LogScript:Warning: Accessed None trying to read property CharacterReference
	Mouse_Controls_C /Engine/Transient.World_2:PersistentLevel.Mouse_Controls_C_0
	Function /Game/2DSideScrollerBP/Blueprints/Characters/Mouse_Controls.Mouse_Controls_C:ExecuteUbergraph_Mouse_Controls:028E
[2017.06.27-16.09.46:020][296]LogScript:Warning: Accessed None
	Mouse_Controls_C /Engine/Transient.World_2:PersistentLevel.Mouse_Controls_C_0
	Function /Game/2DSideScrollerBP/Blueprints/Characters/Mouse_Controls.Mouse_Controls_C:ExecuteUbergraph_Mouse_Controls:02A3
[2017.06.27-16.09.46:020][296]LogScript:Warning: Accessed None trying to read property CharacterReference
	Mouse_Controls_C /Engine/Transient.World_2:PersistentLevel.Mouse_Controls_C_0
	Function /Game/2DSideScrollerBP/Blueprints/Characters/Mouse_Controls.Mouse_Controls_C:ExecuteUbergraph_Mouse_Controls:00C5
[2017.06.27-16.09.47:719][428]MaterialEditorStats: Info Base pass shader: 279 instructions
[2017.06.27-16.09.47:719][428]MaterialEditorStats: Info Vertex shader: 121 instructions
[2017.06.27-16.09.47:719][428]MaterialEditorStats: Info Texture samplers: 8/16
[2017.06.27-16.09.51:004][695]BlueprintLog: New page: Compile Mouse_Controls
[2017.06.27-16.09.52:142][776]LogTemp: Repeting last play command: New Editor Window (PIE)
[2017.06.27-16.09.52:165][776]LogPlayLevel: PlayLevel: No blueprints needed recompiling
[2017.06.27-16.09.52:166][776]PIE: New page: PIE session: Rainforest_Alien (Jun 27, 2017, 4:09:52 AM)
[2017.06.27-16.09.52:166][776]LogPlayLevel: Creating play world package: /Game/2DSideScrollerBP/Maps/Levels/UEDPIE_0_Rainforest_Alien
[2017.06.27-16.09.52:167][776]LogPlayLevel: PIE: StaticDuplicateObject took: (0.001583s)
[2017.06.27-16.09.52:168][776]LogAIModule: Creating AISystem for world Rainforest_Alien
[2017.06.27-16.09.52:168][776]LogPlayLevel: PIE: World Init took: (0.000743s)
[2017.06.27-16.09.52:168][776]LogPlayLevel: PIE: Created PIE world by copying editor world from /Game/2DSideScrollerBP/Maps/Levels/Rainforest_Alien.Rainforest_Alien to /Game/2DSideScrollerBP/Maps/Levels/UEDPIE_0_Rainforest_Alien.Rainforest_Alien (0.002524s)
[2017.06.27-16.09.52:187][776]LogInit: XAudio2 using 'Headphones (High Definition Audio Device)' : 2 channels at 48 kHz using 16 bits per sample (channel mask 0x3)
[2017.06.27-16.09.52:193][776]LogInit: FAudioDevice initialized.
[2017.06.27-16.09.52:239][776]LogLoad: Game class is '2DSideScrollerGameMode_C'
[2017.06.27-16.09.52:244][776]LogWorld: Bringing World /Game/2DSideScrollerBP/Maps/Levels/UEDPIE_0_Rainforest_Alien.Rainforest_Alien up for play (max tick rate 0) at 2017.06.27-10.09.52
[2017.06.27-16.09.52:245][776]LogWorld: Bringing up level for play took: 0.004836
[2017.06.27-16.09.52:253][776]PIE: Info Play in editor start time for /Game/2DSideScrollerBP/Maps/Levels/UEDPIE_0_Rainforest_Alien 0.932
[2017.06.27-16.10.51:609][893]BlueprintLog: New page: Compile 2DSideScrollerCharacter
[2017.06.27-16.10.53:753][ 96]LogTemp: Repeting last play command: New Editor Window (PIE)
[2017.06.27-16.10.53:773][ 96]LogPlayLevel: PlayLevel: No blueprints needed recompiling
[2017.06.27-16.10.53:774][ 96]PIE: New page: PIE session: Rainforest_Alien (Jun 27, 2017, 4:10:53 AM)
[2017.06.27-16.10.53:774][ 96]LogPlayLevel: Creating play world package: /Game/2DSideScrollerBP/Maps/Levels/UEDPIE_0_Rainforest_Alien
[2017.06.27-16.10.53:775][ 96]LogPlayLevel: PIE: StaticDuplicateObject took: (0.001554s)
[2017.06.27-16.10.53:776][ 96]LogAIModule: Creating AISystem for world Rainforest_Alien
[2017.06.27-16.10.53:776][ 96]LogPlayLevel: PIE: World Init took: (0.000755s)
[2017.06.27-16.10.53:776][ 96]LogPlayLevel: PIE: Created PIE world by copying editor world from /Game/2DSideScrollerBP/Maps/Levels/Rainforest_Alien.Rainforest_Alien to /Game/2DSideScrollerBP/Maps/Levels/UEDPIE_0_Rainforest_Alien.Rainforest_Alien (0.002555s)
[2017.06.27-16.10.53:797][ 96]LogInit: XAudio2 using 'Headphones (High Definition Audio Device)' : 2 channels at 48 kHz using 16 bits per sample (channel mask 0x3)
[2017.06.27-16.10.53:803][ 96]LogInit: FAudioDevice initialized.
[2017.06.27-16.10.53:854][ 96]LogLoad: Game class is '2DSideScrollerGameMode_C'
[2017.06.27-16.10.53:860][ 96]LogWorld: Bringing World /Game/2DSideScrollerBP/Maps/Levels/UEDPIE_0_Rainforest_Alien.Rainforest_Alien up for play (max tick rate 0) at 2017.06.27-10.10.53
[2017.06.27-16.10.53:861][ 96]LogWorld: Bringing up level for play took: 0.005879
[2017.06.27-16.10.53:868][ 96]PIE: Info Play in editor start time for /Game/2DSideScrollerBP/Maps/Levels/UEDPIE_0_Rainforest_Alien 0.547
[2017.06.27-16.11.03:803][244]Cmd: TRANSACTION UNDO
[2017.06.27-16.11.03:803][244]LogEditorTransaction: Undo Change Vector Pin Value
[2017.06.27-16.11.03:820][244]LogMaterial: Missing cached shader map for material Glass_M, compiling. 
[2017.06.27-16.11.16:045][262]MaterialEditorStats: Info Base pass shader: 279 instructions
[2017.06.27-16.11.16:045][262]MaterialEditorStats: Info Vertex shader: 121 instructions
[2017.06.27-16.11.16:045][262]MaterialEditorStats: Info Texture samplers: 8/16
[2017.06.27-16.11.18:021][426]BlueprintLog: New page: Compile 2DSideScrollerCharacter
[2017.06.27-16.11.19:397][529]LogTemp: Repeting last play command: New Editor Window (PIE)
[2017.06.27-16.11.19:418][529]LogPlayLevel: PlayLevel: No blueprints needed recompiling
[2017.06.27-16.11.19:418][529]PIE: New page: PIE session: Rainforest_Alien (Jun 27, 2017, 4:11:19 AM)
[2017.06.27-16.11.19:418][529]LogPlayLevel: Creating play world package: /Game/2DSideScrollerBP/Maps/Levels/UEDPIE_0_Rainforest_Alien
[2017.06.27-16.11.19:419][529]LogPlayLevel: PIE: StaticDuplicateObject took: (0.001578s)
[2017.06.27-16.11.19:420][529]LogAIModule: Creating AISystem for world Rainforest_Alien
[2017.06.27-16.11.19:420][529]LogPlayLevel: PIE: World Init took: (0.000898s)
[2017.06.27-16.11.19:420][529]LogPlayLevel: PIE: Created PIE world by copying editor world from /Game/2DSideScrollerBP/Maps/Levels/Rainforest_Alien.Rainforest_Alien to /Game/2DSideScrollerBP/Maps/Levels/UEDPIE_0_Rainforest_Alien.Rainforest_Alien (0.002642s)
[2017.06.27-16.11.19:441][529]LogInit: XAudio2 using 'Headphones (High Definition Audio Device)' : 2 channels at 48 kHz using 16 bits per sample (channel mask 0x3)
[2017.06.27-16.11.19:446][529]LogInit: FAudioDevice initialized.
[2017.06.27-16.11.19:495][529]LogLoad: Game class is '2DSideScrollerGameMode_C'
[2017.06.27-16.11.19:501][529]LogWorld: Bringing World /Game/2DSideScrollerBP/Maps/Levels/UEDPIE_0_Rainforest_Alien.Rainforest_Alien up for play (max tick rate 0) at 2017.06.27-10.11.19
[2017.06.27-16.11.19:502][529]LogWorld: Bringing up level for play took: 0.005594
[2017.06.27-16.11.19:509][529]PIE: Info Play in editor start time for /Game/2DSideScrollerBP/Maps/Levels/UEDPIE_0_Rainforest_Alien 0.188
[2017.06.27-16.11.29:961][432]BlueprintLog: New page: Compile 2DSideScrollerCharacter
[2017.06.27-16.11.31:314][534]LogTemp: Repeting last play command: New Editor Window (PIE)
[2017.06.27-16.11.31:335][534]LogPlayLevel: PlayLevel: No blueprints needed recompiling
[2017.06.27-16.11.31:335][534]PIE: New page: PIE session: Rainforest_Alien (Jun 27, 2017, 4:11:31 AM)
[2017.06.27-16.11.31:335][534]LogPlayLevel: Creating play world package: /Game/2DSideScrollerBP/Maps/Levels/UEDPIE_0_Rainforest_Alien
[2017.06.27-16.11.31:336][534]LogPlayLevel: PIE: StaticDuplicateObject took: (0.001540s)
[2017.06.27-16.11.31:337][534]LogAIModule: Creating AISystem for world Rainforest_Alien
[2017.06.27-16.11.31:338][534]LogPlayLevel: PIE: World Init took: (0.001086s)
[2017.06.27-16.11.31:338][534]LogPlayLevel: PIE: Created PIE world by copying editor world from /Game/2DSideScrollerBP/Maps/Levels/Rainforest_Alien.Rainforest_Alien to /Game/2DSideScrollerBP/Maps/Levels/UEDPIE_0_Rainforest_Alien.Rainforest_Alien (0.002833s)
[2017.06.27-16.11.31:358][534]LogInit: XAudio2 using 'Headphones (High Definition Audio Device)' : 2 channels at 48 kHz using 16 bits per sample (channel mask 0x3)
[2017.06.27-16.11.31:364][534]LogInit: FAudioDevice initialized.
[2017.06.27-16.11.31:409][534]LogLoad: Game class is '2DSideScrollerGameMode_C'
[2017.06.27-16.11.31:414][534]LogWorld: Bringing World /Game/2DSideScrollerBP/Maps/Levels/UEDPIE_0_Rainforest_Alien.Rainforest_Alien up for play (max tick rate 0) at 2017.06.27-10.11.31
[2017.06.27-16.11.31:415][534]LogWorld: Bringing up level for play took: 0.004996
[2017.06.27-16.11.31:423][534]PIE: Info Play in editor start time for /Game/2DSideScrollerBP/Maps/Levels/UEDPIE_0_Rainforest_Alien 0.101
[2017.06.27-16.11.40:021][323]BlueprintLog: New page: Compile 2DSideScrollerCharacter
[2017.06.27-16.11.40:881][375]LogTemp: Repeting last play command: New Editor Window (PIE)
[2017.06.27-16.11.40:901][375]LogPlayLevel: PlayLevel: No blueprints needed recompiling
[2017.06.27-16.11.40:901][375]PIE: New page: PIE session: Rainforest_Alien (Jun 27, 2017, 4:11:40 AM)
[2017.06.27-16.11.40:901][375]LogPlayLevel: Creating play world package: /Game/2DSideScrollerBP/Maps/Levels/UEDPIE_0_Rainforest_Alien
[2017.06.27-16.11.40:903][375]LogPlayLevel: PIE: StaticDuplicateObject took: (0.001478s)
[2017.06.27-16.11.40:903][375]LogAIModule: Creating AISystem for world Rainforest_Alien
[2017.06.27-16.11.40:903][375]LogPlayLevel: PIE: World Init took: (0.000732s)
[2017.06.27-16.11.40:903][375]LogPlayLevel: PIE: Created PIE world by copying editor world from /Game/2DSideScrollerBP/Maps/Levels/Rainforest_Alien.Rainforest_Alien to /Game/2DSideScrollerBP/Maps/Levels/UEDPIE_0_Rainforest_Alien.Rainforest_Alien (0.002386s)
[2017.06.27-16.11.40:924][375]LogInit: XAudio2 using 'Headphones (High Definition Audio Device)' : 2 channels at 48 kHz using 16 bits per sample (channel mask 0x3)
[2017.06.27-16.11.40:930][375]LogInit: FAudioDevice initialized.
[2017.06.27-16.11.40:978][375]LogLoad: Game class is '2DSideScrollerGameMode_C'
[2017.06.27-16.11.40:984][375]LogWorld: Bringing World /Game/2DSideScrollerBP/Maps/Levels/UEDPIE_0_Rainforest_Alien.Rainforest_Alien up for play (max tick rate 0) at 2017.06.27-10.11.40
[2017.06.27-16.11.40:985][375]LogWorld: Bringing up level for play took: 0.004962
[2017.06.27-16.11.40:992][375]PIE: Info Play in editor start time for /Game/2DSideScrollerBP/Maps/Levels/UEDPIE_0_Rainforest_Alien -0.329
[2017.06.27-16.12.25:795][425]LogSavePackage: Save=205.84ms
[2017.06.27-16.12.25:795][425]LogSavePackage: Moving '../../../../../../Users/Justin Wells/Documents/Unreal Projects/InsertNameAdventure/DatBoiEntertainmetnGame/Saved/2DSideScrollerCharacter5CCD16E84E20DFC5E07B448F40C6A2E9.tmp' to '../../../../../../Users/Justin Wells/Documents/Unreal Projects/InsertNameAdventure/DatBoiEntertainmetnGame/Content/2DSideScrollerBP/Blueprints/Characters/2DSideScrollerCharacter.uasset'
[2017.06.27-16.12.25:799][425]LogSavePackage:Display: Finished SavePackage ../../../../../../Users/Justin Wells/Documents/Unreal Projects/InsertNameAdventure/DatBoiEntertainmetnGame/Content/2DSideScrollerBP/Blueprints/Characters/2DSideScrollerCharacter.uasset
[2017.06.27-16.12.31:803][530]LogMaterial: Missing cached shader map for material Glass_M, compiling. 
[2017.06.27-16.12.31:841][530]LogMaterial: Missing cached shader map for material Glass_M, compiling. 
[2017.06.27-16.12.31:860][530]LogMaterial: Missing cached shader map for material Glass_M, compiling. 
[2017.06.27-16.12.31:895][530]LogMaterial: Missing cached shader map for material FDebugViewModeMaterialProxy Glass_M, compiling. 
[2017.06.27-16.12.36:299][530]TextureStreamingBuild:Display: Compiling optional shaders took 4.408 seconds.
[2017.06.27-16.12.36:478][530]LogActorComponent: UnregisterComponent: (/Engine/Transient.EditorFloorComp) Not registered. Aborting.
[2017.06.27-16.12.39:592][854]LogEditorViewport: Clicking on Actor (LMB): AtmosphericFog (AtmosphericFog)
[2017.06.27-16.12.47:182][749]LogTemp: Repeting last play command: New Editor Window (PIE)
[2017.06.27-16.12.47:199][749]LogPlayLevel: PlayLevel: No blueprints needed recompiling
[2017.06.27-16.12.47:200][749]PIE: New page: PIE session: Rainforest_Alien (Jun 27, 2017, 4:12:47 AM)
[2017.06.27-16.12.47:200][749]LogPlayLevel: Creating play world package: /Game/2DSideScrollerBP/Maps/Levels/UEDPIE_0_Rainforest_Alien
[2017.06.27-16.12.47:201][749]LogPlayLevel: PIE: StaticDuplicateObject took: (0.001291s)
[2017.06.27-16.12.47:201][749]LogAIModule: Creating AISystem for world Rainforest_Alien
[2017.06.27-16.12.47:202][749]LogPlayLevel: PIE: World Init took: (0.000808s)
[2017.06.27-16.12.47:202][749]LogPlayLevel: PIE: Created PIE world by copying editor world from /Game/2DSideScrollerBP/Maps/Levels/Rainforest_Alien.Rainforest_Alien to /Game/2DSideScrollerBP/Maps/Levels/UEDPIE_0_Rainforest_Alien.Rainforest_Alien (0.002283s)
[2017.06.27-16.12.47:227][749]LogInit: XAudio2 using 'Headphones (High Definition Audio Device)' : 2 channels at 48 kHz using 16 bits per sample (channel mask 0x3)
[2017.06.27-16.12.47:232][749]LogInit: FAudioDevice initialized.
[2017.06.27-16.12.47:275][749]LogLoad: Game class is '2DSideScrollerGameMode_C'
[2017.06.27-16.12.47:280][749]LogWorld: Bringing World /Game/2DSideScrollerBP/Maps/Levels/UEDPIE_0_Rainforest_Alien.Rainforest_Alien up for play (max tick rate 0) at 2017.06.27-10.12.47
[2017.06.27-16.12.47:281][749]LogWorld: Bringing up level for play took: 0.005153
[2017.06.27-16.12.47:288][749]PIE: Info Play in editor start time for /Game/2DSideScrollerBP/Maps/Levels/UEDPIE_0_Rainforest_Alien -0.034
[2017.06.27-16.13.20:668][517]Cmd: TRANSACTION UNDO
[2017.06.27-16.13.20:668][517]LogEditorTransaction: Undo Create Actors
[2017.06.27-16.13.27:655][302]LogEditorViewport: Clicking on Actor (LMB): BP_horizontal_platform_C (BP_horizontal_platform)
[2017.06.27-16.13.28:736][426]LogEditorViewport: Clicking Background
[2017.06.27-16.13.29:754][545]LogTemp: Repeting last play command: New Editor Window (PIE)
[2017.06.27-16.13.29:771][545]LogPlayLevel: PlayLevel: No blueprints needed recompiling
[2017.06.27-16.13.29:771][545]PIE: New page: PIE session: Rainforest_Alien (Jun 27, 2017, 4:13:29 AM)
[2017.06.27-16.13.29:771][545]LogPlayLevel: Creating play world package: /Game/2DSideScrollerBP/Maps/Levels/UEDPIE_0_Rainforest_Alien
[2017.06.27-16.13.29:772][545]LogPlayLevel: PIE: StaticDuplicateObject took: (0.001201s)
[2017.06.27-16.13.29:773][545]LogAIModule: Creating AISystem for world Rainforest_Alien
[2017.06.27-16.13.29:773][545]LogPlayLevel: PIE: World Init took: (0.000879s)
[2017.06.27-16.13.29:773][545]LogPlayLevel: PIE: Created PIE world by copying editor world from /Game/2DSideScrollerBP/Maps/Levels/Rainforest_Alien.Rainforest_Alien to /Game/2DSideScrollerBP/Maps/Levels/UEDPIE_0_Rainforest_Alien.Rainforest_Alien (0.002306s)
[2017.06.27-16.13.29:792][545]LogInit: XAudio2 using 'Headphones (High Definition Audio Device)' : 2 channels at 48 kHz using 16 bits per sample (channel mask 0x3)
[2017.06.27-16.13.29:797][545]LogInit: FAudioDevice initialized.
[2017.06.27-16.13.29:843][545]LogLoad: Game class is '2DSideScrollerGameMode_C'
[2017.06.27-16.13.29:848][545]LogWorld: Bringing World /Game/2DSideScrollerBP/Maps/Levels/UEDPIE_0_Rainforest_Alien.Rainforest_Alien up for play (max tick rate 0) at 2017.06.27-10.13.29
[2017.06.27-16.13.29:850][545]LogWorld: Bringing up level for play took: 0.005338
[2017.06.27-16.13.29:855][545]PIE: Info Play in editor start time for /Game/2DSideScrollerBP/Maps/Levels/UEDPIE_0_Rainforest_Alien 0.534
[2017.06.27-16.13.40:246][576]LogSavePackage: Save=25.48ms
[2017.06.27-16.13.40:246][576]LogSavePackage: Moving '../../../../../../Users/Justin Wells/Documents/Unreal Projects/InsertNameAdventure/DatBoiEntertainmetnGame/Saved/Mouse_Controls9F0D72554CA5C5F46DA7B6ABF6C457EC.tmp' to '../../../../../../Users/Justin Wells/Documents/Unreal Projects/InsertNameAdventure/DatBoiEntertainmetnGame/Content/2DSideScrollerBP/Blueprints/Characters/Mouse_Controls.uasset'
[2017.06.27-16.13.40:249][576]LogSavePackage:Display: Finished SavePackage ../../../../../../Users/Justin Wells/Documents/Unreal Projects/InsertNameAdventure/DatBoiEntertainmetnGame/Content/2DSideScrollerBP/Blueprints/Characters/Mouse_Controls.uasset
[2017.06.27-16.13.40:307][576]LogSavePackage: Save=12.31ms
[2017.06.27-16.13.40:307][576]LogSavePackage: Moving '../../../../../../Users/Justin Wells/Documents/Unreal Projects/InsertNameAdventure/DatBoiEntertainmetnGame/Saved/Glass_M2351985B40840EDD6BAB949C24F3E743.tmp' to '../../../../../../Users/Justin Wells/Documents/Unreal Projects/InsertNameAdventure/DatBoiEntertainmetnGame/Content/2DSideScrollerBP/Maps/Levels/LevelSprites/Sprites/Materials/Glass_M.uasset'
[2017.06.27-16.13.40:309][576]LogSavePackage:Display: Finished SavePackage ../../../../../../Users/Justin Wells/Documents/Unreal Projects/InsertNameAdventure/DatBoiEntertainmetnGame/Content/2DSideScrollerBP/Maps/Levels/LevelSprites/Sprites/Materials/Glass_M.uasset
[2017.06.27-16.13.40:395][576]LogSavePackage: Save=19.03ms
[2017.06.27-16.13.40:395][576]LogSavePackage: Moving '../../../../../../Users/Justin Wells/Documents/Unreal Projects/InsertNameAdventure/DatBoiEntertainmetnGame/Saved/Rainforest_AlienA15FEEA64159F61D19F0DE86E2202009.tmp' to '../../../../../../Users/Justin Wells/Documents/Unreal Projects/InsertNameAdventure/DatBoiEntertainmetnGame/Content/2DSideScrollerBP/Maps/Levels/Rainforest_Alien.umap'
[2017.06.27-16.13.40:398][576]LogSavePackage:Display: Finished SavePackage ../../../../../../Users/Justin Wells/Documents/Unreal Projects/InsertNameAdventure/DatBoiEntertainmetnGame/Content/2DSideScrollerBP/Maps/Levels/Rainforest_Alien.umap
[2017.06.27-16.13.40:429][576]LogFileHelpers: Saving map 'Rainforest_Alien' took 0.117
[2017.06.27-16.13.40:523][576]LogWindowsTextInputMethodSystem:Display: IME system now deactivated.
[2017.06.27-16.13.40:733][577]Cmd: QUIT_EDITOR
[2017.06.27-16.13.41:149][577]LogExit: Preparing to exit.
[2017.06.27-16.13.42:344][577]LogDirectoryWatcher: A directory notification for 'C:/Users/Justin Wells/Documents/Unreal Projects/InsertNameAdventure/DatBoiEntertainmetnGame/Content/' was aborted.
[2017.06.27-16.13.42:401][577]LogExit: Editor shut down
[2017.06.27-16.13.42:410][577]LogExit: Transaction tracking system shut down
[2017.06.27-16.13.42:547][577]LogObj: Freed 0b from 0 cluster array pools.
[2017.06.27-16.13.42:547][577]LogExit: Object subsystem successfully closed.
[2017.06.27-16.13.42:560][577]LogD3D11RHI: Shutdown
[2017.06.27-16.13.42:560][577]LogD3D11RHI: CleanupD3DDevice
[2017.06.27-16.13.42:649][577]LogD3D11RHI: ~FD3D11DynamicRHI
[2017.06.27-16.13.42:667][577]LogModuleManager: Shutting down and abandoning module BlueprintGraph (532)
[2017.06.27-16.13.42:667][577]LogModuleManager: Shutting down and abandoning module BlueprintProfiler (530)
[2017.06.27-16.13.42:668][577]LogModuleManager: Shutting down and abandoning module MovieSceneCapture (528)
[2017.06.27-16.13.42:668][577]LogModuleManager: Shutting down and abandoning module MaterialEditor (526)
[2017.06.27-16.13.42:668][577]LogModuleManager: Shutting down and abandoning module HierarchicalLODOutliner (524)
[2017.06.27-16.13.42:668][577]LogModuleManager: Shutting down and abandoning module CrashTracker (522)
[2017.06.27-16.13.42:668][577]LogModuleManager: Shutting down and abandoning module SceneOutliner (520)
[2017.06.27-16.13.42:668][577]LogModuleManager: Shutting down and abandoning module AddContentDialog (518)
[2017.06.27-16.13.42:668][577]LogDirectoryWatcher: A directory notification for 'C:/Program Files/Epic Games/UE_4.16/FeaturePacks/' was aborted.
[2017.06.27-16.13.42:669][577]LogModuleManager: Shutting down and abandoning module WidgetCarousel (517)
[2017.06.27-16.13.42:669][577]LogModuleManager: Shutting down and abandoning module EditorWidgets (514)
[2017.06.27-16.13.42:669][577]LogModuleManager: Shutting down and abandoning module CollectionManager (512)
[2017.06.27-16.13.42:669][577]LogDirectoryWatcher: A directory notification for 'C:/Users/Justin Wells/Documents/Unreal Projects/InsertNameAdventure/DatBoiEntertainmetnGame/Content/Collections/' was aborted.
[2017.06.27-16.13.42:669][577]LogDirectoryWatcher: A directory notification for 'C:/Users/Justin Wells/Documents/Unreal Projects/InsertNameAdventure/DatBoiEntertainmetnGame/Content/Developers/JustinWells20/Collections/' was aborted.
[2017.06.27-16.13.42:669][577]LogDirectoryWatcher: A directory notification for 'C:/Users/Justin Wells/Documents/Unreal Projects/InsertNameAdventure/DatBoiEntertainmetnGame/Saved/Collections/' was aborted.
[2017.06.27-16.13.42:669][577]LogModuleManager: Shutting down and abandoning module StatsViewer (510)
[2017.06.27-16.13.42:669][577]LogModuleManager: Shutting down and abandoning module FoliageEdit (508)
[2017.06.27-16.13.42:669][577]LogModuleManager: Shutting down and abandoning module LandscapeEditor (506)
[2017.06.27-16.13.42:669][577]LogModuleManager: Shutting down and abandoning module MeshPaintMode (504)
[2017.06.27-16.13.42:669][577]LogModuleManager: Shutting down and abandoning module SceneDepthPickerMode (502)
[2017.06.27-16.13.42:669][577]LogModuleManager: Shutting down and abandoning module ActorPickerMode (500)
[2017.06.27-16.13.42:669][577]LogModuleManager: Shutting down and abandoning module GeometryMode (498)
[2017.06.27-16.13.42:669][577]LogModuleManager: Shutting down and abandoning module TextureAlignMode (496)
[2017.06.27-16.13.42:669][577]LogModuleManager: Shutting down and abandoning module BspMode (494)
[2017.06.27-16.13.42:669][577]LogModuleManager: Shutting down and abandoning module HardwareSurvey (492)
[2017.06.27-16.13.42:669][577]LogModuleManager: Shutting down and abandoning module SequenceRecorderSections (490)
[2017.06.27-16.13.42:669][577]LogModuleManager: Shutting down and abandoning module AutomationWorker (488)
[2017.06.27-16.13.42:669][577]LogModuleManager: Shutting down and abandoning module MatineeToLevelSequence (486)
[2017.06.27-16.13.42:669][577]LogModuleManager: Shutting down and abandoning module LevelSequenceEditor (484)
[2017.06.27-16.13.42:670][577]LogModuleManager: Shutting down and abandoning module PlacementMode (483)
[2017.06.27-16.13.42:670][577]LogModuleManager: Shutting down and abandoning module WmfMediaFactory (480)
[2017.06.27-16.13.42:670][577]LogModuleManager: Shutting down and abandoning module WmfMediaEditor (478)
[2017.06.27-16.13.42:670][577]LogModuleManager: Shutting down and abandoning module AvfMediaFactory (476)
[2017.06.27-16.13.42:670][577]LogModuleManager: Shutting down and abandoning module AvfMediaEditor (474)
[2017.06.27-16.13.42:670][577]LogModuleManager: Shutting down and abandoning module AndroidMediaFactory (472)
[2017.06.27-16.13.42:670][577]LogModuleManager: Shutting down and abandoning module Media (471)
[2017.06.27-16.13.42:670][577]LogModuleManager: Shutting down and abandoning module AndroidMediaEditor (468)
[2017.06.27-16.13.42:670][577]LogModuleManager: Shutting down and abandoning module CharacterAI (466)
[2017.06.27-16.13.42:670][577]LogModuleManager: Shutting down and abandoning module AudioCapture (464)
[2017.06.27-16.13.42:670][577]LogModuleManager: Shutting down and abandoning module SequenceRecorder (463)
[2017.06.27-16.13.42:670][577]LogModuleManager: Shutting down and abandoning module SmartSnapping (460)
[2017.06.27-16.13.42:670][577]LogModuleManager: Shutting down and abandoning module SessionServices (458)
[2017.06.27-16.13.42:670][577]LogModuleManager: Shutting down and abandoning module ViewportSnapping (456)
[2017.06.27-16.13.42:670][577]LogModuleManager: Shutting down and abandoning module ViewportInteraction (454)
[2017.06.27-16.13.42:670][577]LogModuleManager: Shutting down and abandoning module ClothPainter (452)
[2017.06.27-16.13.42:670][577]LogModuleManager: Shutting down and abandoning module LogVisualizer (450)
[2017.06.27-16.13.42:671][577]LogModuleManager: Shutting down and abandoning module IntroTutorials (448)
[2017.06.27-16.13.42:671][577]LogModuleManager: Shutting down and abandoning module GameProjectGeneration (447)
[2017.06.27-16.13.42:671][577]LogModuleManager: Shutting down and abandoning module EditorLiveStreaming (444)
[2017.06.27-16.13.42:671][577]LogModuleManager: Shutting down and abandoning module IOSPlatformEditor (442)
[2017.06.27-16.13.42:671][577]LogModuleManager: Shutting down and abandoning module HTML5PlatformEditor (440)
[2017.06.27-16.13.42:671][577]LogModuleManager: Shutting down and abandoning module AndroidPlatformEditor (438)
[2017.06.27-16.13.42:671][577]LogModuleManager: Shutting down and abandoning module AndroidDeviceDetection (437)
[2017.06.27-16.13.43:205][577]LogModuleManager: Shutting down and abandoning module IOSRuntimeSettings (434)
[2017.06.27-16.13.43:206][577]LogModuleManager: Shutting down and abandoning module AndroidRuntimeSettings (432)
[2017.06.27-16.13.43:206][577]LogModuleManager: Shutting down and abandoning module InputBindingEditor (430)
[2017.06.27-16.13.43:206][577]LogModuleManager: Shutting down and abandoning module MergeActors (428)
[2017.06.27-16.13.43:207][577]LogModuleManager: Shutting down and abandoning module SizeMap (426)
[2017.06.27-16.13.43:207][577]LogModuleManager: Shutting down and abandoning module TreeMap (424)
[2017.06.27-16.13.43:207][577]LogModuleManager: Shutting down and abandoning module ReferenceViewer (422)
[2017.06.27-16.13.43:207][577]LogModuleManager: Shutting down and abandoning module LocalizationDashboard (420)
[2017.06.27-16.13.43:208][577]LogModuleManager: Shutting down and abandoning module LocalizationService (419)
[2017.06.27-16.13.43:208][577]LogModuleManager: Shutting down and abandoning module HardwareTargeting (416)
[2017.06.27-16.13.43:208][577]LogModuleManager: Shutting down and abandoning module DeviceProfileEditor (414)
[2017.06.27-16.13.43:209][577]LogModuleManager: Shutting down and abandoning module UndoHistory (412)
[2017.06.27-16.13.43:209][577]LogModuleManager: Shutting down and abandoning module UserFeedback (410)
[2017.06.27-16.13.43:209][577]LogModuleManager: Shutting down and abandoning module XmlParser (408)
[2017.06.27-16.13.43:209][577]LogModuleManager: Shutting down and abandoning module Blutility (406)
[2017.06.27-16.13.43:209][577]LogModuleManager: Shutting down and abandoning module ProjectSettingsViewer (404)
[2017.06.27-16.13.43:209][577]LogModuleManager: Shutting down and abandoning module ProjectTargetPlatformEditor (403)
[2017.06.27-16.13.43:209][577]LogModuleManager: Shutting down and abandoning module EditorSettingsViewer (400)
[2017.06.27-16.13.43:209][577]LogModuleManager: Shutting down and abandoning module SettingsEditor (398)
[2017.06.27-16.13.43:210][577]LogModuleManager: Shutting down and abandoning module ProjectLauncher (396)
[2017.06.27-16.13.43:210][577]LogModuleManager: Shutting down and abandoning module SessionFrontend (394)
[2017.06.27-16.13.43:211][577]LogModuleManager: Shutting down and abandoning module ProfilerClient (392)
[2017.06.27-16.13.43:212][577]LogModuleManager: Shutting down and abandoning module DeviceManager (390)
[2017.06.27-16.13.43:212][577]LogModuleManager: Shutting down and abandoning module TargetDeviceServices (389)
[2017.06.27-16.13.43:264][577]LogModuleManager: Shutting down and abandoning module AutomationController (386)
[2017.06.27-16.13.43:264][577]LogModuleManager: Shutting down and abandoning module AutomationWindow (384)
[2017.06.27-16.13.43:265][577]LogModuleManager: Shutting down and abandoning module Layers (382)
[2017.06.27-16.13.43:265][577]LogModuleManager: Shutting down and abandoning module ComponentVisualizers (380)
[2017.06.27-16.13.43:265][577]LogModuleManager: Shutting down and abandoning module DetailCustomizations (378)
[2017.06.27-16.13.43:265][577]LogModuleManager: Shutting down and abandoning module PackagesDialog (376)
[2017.06.27-16.13.43:265][577]LogModuleManager: Shutting down and abandoning module Persona (374)
[2017.06.27-16.13.43:266][577]LogModuleManager: Shutting down and abandoning module AdvancedPreviewScene (373)
[2017.06.27-16.13.43:266][577]LogModuleManager: Shutting down and abandoning module AnimGraph (371)
[2017.06.27-16.13.43:266][577]LogModuleManager: Shutting down and abandoning module Kismet (368)
[2017.06.27-16.13.43:284][577]LogModuleManager: Shutting down and abandoning module ClassViewer (366)
[2017.06.27-16.13.43:284][577]LogModuleManager: Shutting down and abandoning module Toolbox (364)
[2017.06.27-16.13.43:284][577]LogModuleManager: Shutting down and abandoning module ModuleUI (362)
[2017.06.27-16.13.43:284][577]LogModuleManager: Shutting down and abandoning module MovieSceneTools (360)
[2017.06.27-16.13.43:285][577]LogModuleManager: Shutting down and abandoning module OutputLog (358)
[2017.06.27-16.13.43:285][577]LogModuleManager: Shutting down and abandoning module GammaUI (356)
[2017.06.27-16.13.43:285][577]LogModuleManager: Shutting down and abandoning module Documentation (354)
[2017.06.27-16.13.43:285][577]LogModuleManager: Shutting down and abandoning module MovieSceneTracks (352)
[2017.06.27-16.13.43:286][577]LogModuleManager: Shutting down and abandoning module MovieScene (350)
[2017.06.27-16.13.43:286][577]LogModuleManager: Shutting down and abandoning module Niagara (348)
[2017.06.27-16.13.43:286][577]LogModuleManager: Shutting down and abandoning module NiagaraEditor (347)
[2017.06.27-16.13.43:287][577]LogModuleManager: Shutting down and abandoning module StreamingPauseRendering (344)
[2017.06.27-16.13.43:287][577]LogModuleManager: Shutting down and abandoning module AnalyticsET (342)
[2017.06.27-16.13.43:287][577]LogModuleManager: Shutting down and abandoning module PortalServices (340)
[2017.06.27-16.13.43:287][577]LogModuleManager: Shutting down and abandoning module PortalRpc (338)
[2017.06.27-16.13.43:287][577]LogModuleManager: Shutting down and abandoning module MessagingRpc (336)
[2017.06.27-16.13.43:287][577]LogModuleManager: Shutting down and abandoning module AIModule (334)
[2017.06.27-16.13.43:287][577]LogModuleManager: Shutting down and abandoning module GameplayDebugger (333)
[2017.06.27-16.13.43:287][577]LogModuleManager: Shutting down and abandoning module AITestSuite (331)
[2017.06.27-16.13.43:287][577]LogModuleManager: Shutting down and abandoning module ProfilerService (328)
[2017.06.27-16.13.43:500][577]LogModuleManager: Shutting down and abandoning module TaskGraph (326)
[2017.06.27-16.13.43:501][577]LogModuleManager: Shutting down and abandoning module SteamVRController (324)
[2017.06.27-16.13.43:501][577]LogModuleManager: Shutting down and abandoning module SteamVR (322)
[2017.06.27-16.13.43:501][577]LogModuleManager: Shutting down and abandoning module ProceduralMeshComponentEditor (320)
[2017.06.27-16.13.43:501][577]LogModuleManager: Shutting down and abandoning module ProceduralMeshComponent (318)
[2017.06.27-16.13.43:501][577]LogModuleManager: Shutting down and abandoning module OculusLibrary (316)
[2017.06.27-16.13.43:501][577]LogModuleManager: Shutting down and abandoning module OculusInput (314)
[2017.06.27-16.13.43:501][577]LogModuleManager: Shutting down and abandoning module MobilePatchingUtils (312)
[2017.06.27-16.13.43:501][577]LogModuleManager: Shutting down and abandoning module CustomMeshComponent (310)
[2017.06.27-16.13.43:501][577]LogModuleManager: Shutting down and abandoning module CableComponent (308)
[2017.06.27-16.13.43:501][577]LogModuleManager: Shutting down and abandoning module ArchVisCharacter (306)
[2017.06.27-16.13.43:501][577]LogModuleManager: Shutting down and abandoning module AndroidPermission (304)
[2017.06.27-16.13.43:501][577]LogModuleManager: Shutting down and abandoning module MediaPlayerEditor (300)
[2017.06.27-16.13.43:502][577]LogModuleManager: Shutting down and abandoning module HTML5Networking (298)
[2017.06.27-16.13.43:502][577]LogModuleManager: Shutting down and abandoning module AlembicImporter (296)
[2017.06.27-16.13.43:502][577]LogModuleManager: Shutting down and abandoning module AlembicLibrary (295)
[2017.06.27-16.13.43:502][577]LogModuleManager: Shutting down and abandoning module GeometryCache (294)
[2017.06.27-16.13.43:502][577]LogModuleManager: Shutting down and abandoning module GeometryCacheEd (293)
[2017.06.27-16.13.43:502][577]LogModuleManager: Shutting down and abandoning module SuperSearchEditor (288)
[2017.06.27-16.13.43:502][577]LogModuleManager: Shutting down and abandoning module SuperSearch (287)
[2017.06.27-16.13.43:502][577]LogModuleManager: Shutting down and abandoning module SpeedTreeImporter (284)
[2017.06.27-16.13.43:502][577]LogModuleManager: Shutting down and abandoning module PluginBrowser (282)
[2017.06.27-16.13.43:502][577]LogModuleManager: Shutting down and abandoning module MobileLauncherProfileWizard (280)
[2017.06.27-16.13.43:503][577]LogModuleManager: Shutting down and abandoning module VisualStudioSourceCodeAccess (278)
[2017.06.27-16.13.43:503][577]LogModuleManager: Shutting down and abandoning module DesktopPlatform (277)
[2017.06.27-16.13.43:503][577]LogModuleManager: Shutting down and abandoning module UObjectPlugin (274)
[2017.06.27-16.13.43:503][577]LogModuleManager: Shutting down and abandoning module SubversionSourceControl (272)
[2017.06.27-16.13.43:503][577]LogModuleManager: Shutting down and abandoning module PerforceSourceControl (270)
[2017.06.27-16.13.43:503][577]LogModuleManager: Shutting down and abandoning module GitSourceControl (268)
[2017.06.27-16.13.43:504][577]LogModuleManager: Shutting down and abandoning module SourceControl (267)
[2017.06.27-16.13.43:504][577]LogModuleManager: Shutting down and abandoning module LightPropagationVolumeEditor (264)
[2017.06.27-16.13.43:504][577]LogModuleManager: Shutting down and abandoning module PaperTiledImporter (262)
[2017.06.27-16.13.43:504][577]LogModuleManager: Shutting down and abandoning module PaperSpriteSheetImporter (260)
[2017.06.27-16.13.43:504][577]LogModuleManager: Shutting down and abandoning module Paper2DEditor (258)
[2017.06.27-16.13.43:504][577]LogModuleManager: Shutting down and abandoning module MeshPaint (257)
[2017.06.27-16.13.43:504][577]LogModuleManager: Shutting down and abandoning module LevelEditor (255)
[2017.06.27-16.13.43:506][577]LogModuleManager: Shutting down and abandoning module PixelInspectorModule (254)
[2017.06.27-16.13.43:506][577]LogModuleManager: Shutting down and abandoning module MainFrame (252)
[2017.06.27-16.13.43:506][577]LogModuleManager: Shutting down and abandoning module HotReload (251)
[2017.06.27-16.13.43:507][577]LogModuleManager: Shutting down and abandoning module PhysXVehiclesEditor (246)
[2017.06.27-16.13.43:508][577]LogModuleManager: Shutting down and abandoning module PhysXVehicles (244)
[2017.06.27-16.13.43:508][577]LogModuleManager: Shutting down and abandoning module LocationServicesBPLibrary (242)
[2017.06.27-16.13.43:508][577]LogModuleManager: Shutting down and abandoning module ImmediatePhysicsEditor (240)
[2017.06.27-16.13.43:508][577]LogModuleManager: Shutting down and abandoning module ImmediatePhysics (238)
[2017.06.27-16.13.43:508][577]LogModuleManager: Shutting down and abandoning module UdpMessaging (236)
[2017.06.27-16.13.43:609][577]LogModuleManager: Shutting down and abandoning module TcpMessaging (234)
[2017.06.27-16.13.43:710][577]LogModuleManager: Shutting down and abandoning module GameplayTagsEditor (232)
[2017.06.27-16.13.43:710][577]LogModuleManager: Shutting down and abandoning module FacialAnimationEditor (230)
[2017.06.27-16.13.43:710][577]LogModuleManager: Shutting down and abandoning module FacialAnimation (228)
[2017.06.27-16.13.43:711][577]LogModuleManager: Shutting down and abandoning module AssetManagerEditor (226)
[2017.06.27-16.13.43:711][577]LogModuleManager: Shutting down and abandoning module GraphEditor (225)
[2017.06.27-16.13.43:711][577]LogModuleManager: Shutting down and abandoning module ContentBrowser (223)
[2017.06.27-16.13.43:714][577]LogModuleManager: Shutting down and abandoning module LightPropagationVolumeRuntime (220)
[2017.06.27-16.13.43:714][577]LogModuleManager: Shutting down and abandoning module Paper2D (218)
[2017.06.27-16.13.43:714][577]LogModuleManager: Shutting down and abandoning module WindowsMoviePlayer (216)
[2017.06.27-16.13.43:714][577]LogModuleManager: Shutting down and abandoning module WmfMedia (214)
[2017.06.27-16.13.43:714][577]LogModuleManager: Shutting down and abandoning module ClothingSystemEditor (212)
[2017.06.27-16.13.43:714][577]LogModuleManager: Shutting down and abandoning module ClothingSystemRuntime (210)
[2017.06.27-16.13.43:715][577]LogModuleManager: Shutting down and abandoning module MediaAssets (208)
[2017.06.27-16.13.43:715][577]LogModuleManager: Shutting down and abandoning module GameLiveStreaming (206)
[2017.06.27-16.13.43:715][577]LogModuleManager: Shutting down and abandoning module VREditor (204)
[2017.06.27-16.13.43:715][577]LogModuleManager: Shutting down and abandoning module StringTableEditor (202)
[2017.06.27-16.13.43:716][577]LogModuleManager: Shutting down and abandoning module GameplayTasksEditor (200)
[2017.06.27-16.13.43:716][577]LogModuleManager: Shutting down and abandoning module BehaviorTreeEditor (198)
[2017.06.27-16.13.43:717][577]LogModuleManager: Shutting down and abandoning module FunctionalTesting (196)
[2017.06.27-16.13.43:717][577]LogModuleManager: Shutting down and abandoning module CollisionAnalyzer (194)
[2017.06.27-16.13.43:717][577]LogModuleManager: Shutting down and abandoning module UMG (192)
[2017.06.27-16.13.43:717][577]LogModuleManager: Shutting down and abandoning module UMGEditor (191)
[2017.06.27-16.13.43:717][577]LogModuleManager: Shutting down and abandoning module Sequencer (190)
[2017.06.27-16.13.43:718][577]LogModuleManager: Shutting down and abandoning module AssetTools (188)
[2017.06.27-16.13.43:719][577]LogModuleManager: Shutting down and abandoning module MessageLog (187)
[2017.06.27-16.13.43:719][577]LogModuleManager: Shutting down and abandoning module WorkspaceMenuStructure (186)
[2017.06.27-16.13.43:720][577]LogModuleManager: Shutting down and abandoning module SlateReflector (180)
[2017.06.27-16.13.43:721][577]LogModuleManager: Shutting down and abandoning module Slate (178)
[2017.06.27-16.13.43:721][577]LogModuleManager: Shutting down and abandoning module EditorStyle (176)
[2017.06.27-16.13.43:728][577]LogModuleManager: Shutting down and abandoning module SourceCodeAccess (174)
[2017.06.27-16.13.43:728][577]LogModuleManager: Shutting down and abandoning module HeadMountedDisplay (172)
[2017.06.27-16.13.43:728][577]LogModuleManager: Shutting down and abandoning module XAudio2 (170)
[2017.06.27-16.13.43:728][577]LogModuleManager: Shutting down and abandoning module Networking (168)
[2017.06.27-16.13.43:728][577]LogModuleManager: Shutting down and abandoning module Core (164)
[2017.06.27-16.13.43:728][577]LogModuleManager: Shutting down and abandoning module AssetRegistry (162)
[2017.06.27-16.13.43:942][577]LogDirectoryWatcher: A directory notification for '../../../Engine/Content/' was aborted.
[2017.06.27-16.13.43:943][577]LogDirectoryWatcher: A directory notification for '../../../../../../Users/Justin Wells/Documents/Unreal Projects/InsertNameAdventure/DatBoiEntertainmetnGame/Content/' was aborted.
[2017.06.27-16.13.43:943][577]LogDirectoryWatcher: A directory notification for '../../../Engine/Plugins/2D/Paper2D/Content/' was aborted.
[2017.06.27-16.13.43:943][577]LogDirectoryWatcher: A directory notification for '../../../Engine/Plugins/Runtime/GearVR/Content/' was aborted.
[2017.06.27-16.13.43:946][577]LogModuleManager: Shutting down and abandoning module DirectoryWatcher (161)
[2017.06.27-16.13.43:949][577]LogModuleManager: Shutting down and abandoning module KismetCompiler (158)
[2017.06.27-16.13.43:949][577]LogModuleManager: Shutting down and abandoning module LevelSequence (156)
[2017.06.27-16.13.43:949][577]LogModuleManager: Shutting down and abandoning module PhysXFormats (154)
[2017.06.27-16.13.43:949][577]LogModuleManager: Shutting down and abandoning module MeshUtilities (152)
[2017.06.27-16.13.43:949][577]LogModuleManager: Shutting down and abandoning module SimplygonSwarm (151)
[2017.06.27-16.13.43:949][577]LogModuleManager: Shutting down and abandoning module SimplygonMeshReduction (149)
[2017.06.27-16.13.43:949][577]LogModuleManager: Shutting down and abandoning module QuadricMeshReduction (147)
[2017.06.27-16.13.43:949][577]LogModuleManager: Shutting down and abandoning module DerivedDataCache (144)
[2017.06.27-16.13.44:034][577]LogDerivedDataCache: Shutdown
[2017.06.27-16.13.44:034][577]LogModuleManager: Shutting down and abandoning module TargetPlatform (142)
[2017.06.27-16.13.44:034][577]LogModuleManager: Shutting down and abandoning module VulkanShaderFormat (141)
[2017.06.27-16.13.44:034][577]LogModuleManager: Shutting down and abandoning module ShaderFormatVectorVM (139)
[2017.06.27-16.13.44:035][577]LogModuleManager: Shutting down and abandoning module ShaderFormatOpenGL (137)
[2017.06.27-16.13.44:035][577]LogModuleManager: Shutting down and abandoning module ShaderFormatD3D (135)
[2017.06.27-16.13.44:035][577]LogModuleManager: Shutting down and abandoning module MetalShaderFormat (133)
[2017.06.27-16.13.44:036][577]LogModuleManager: Shutting down and abandoning module TextureFormatUncompressed (131)
[2017.06.27-16.13.44:036][577]LogModuleManager: Shutting down and abandoning module TextureFormatPVR (129)
[2017.06.27-16.13.44:036][577]LogModuleManager: Shutting down and abandoning module TextureFormatDXT (127)
[2017.06.27-16.13.44:036][577]LogModuleManager: Shutting down and abandoning module TextureFormatIntelISPCTexComp (125)
[2017.06.27-16.13.44:036][577]LogModuleManager: Shutting down and abandoning module TextureFormatASTC (123)
[2017.06.27-16.13.44:036][577]LogModuleManager: Shutting down and abandoning module ImageWrapper (122)
[2017.06.27-16.13.44:036][577]LogModuleManager: Shutting down and abandoning module TextureFormatAndroid (119)
[2017.06.27-16.13.44:036][577]LogModuleManager: Shutting down and abandoning module AudioFormatOpus (117)
[2017.06.27-16.13.44:036][577]LogModuleManager: Shutting down and abandoning module AudioFormatOgg (115)
[2017.06.27-16.13.44:036][577]LogModuleManager: Shutting down and abandoning module AudioFormatADPCM (113)
[2017.06.27-16.13.44:036][577]LogModuleManager: Shutting down and abandoning module LinuxTargetPlatform (111)
[2017.06.27-16.13.44:036][577]LogModuleManager: Shutting down and abandoning module LinuxServerTargetPlatform (109)
[2017.06.27-16.13.44:037][577]LogModuleManager: Shutting down and abandoning module LinuxNoEditorTargetPlatform (107)
[2017.06.27-16.13.44:037][577]LogModuleManager: Shutting down and abandoning module LinuxClientTargetPlatform (105)
[2017.06.27-16.13.44:037][577]LogModuleManager: Shutting down and abandoning module TVOSTargetPlatform (103)
[2017.06.27-16.13.44:037][577]LogModuleManager: Shutting down and abandoning module Messaging (101)
[2017.06.27-16.13.44:037][577]LogModuleManager: Shutting down and abandoning module IOSTargetPlatform (99)
[2017.06.27-16.13.44:037][577]LogModuleManager: Shutting down and abandoning module HTML5TargetPlatform (97)
[2017.06.27-16.13.44:037][577]LogModuleManager: Shutting down and abandoning module Android_PVRTCTargetPlatform (95)
[2017.06.27-16.13.44:037][577]LogModuleManager: Shutting down and abandoning module Android_MultiTargetPlatform (93)
[2017.06.27-16.13.44:037][577]LogModuleManager: Shutting down and abandoning module Android_ETC2TargetPlatform (91)
[2017.06.27-16.13.44:037][577]LogModuleManager: Shutting down and abandoning module Android_ETC1TargetPlatform (89)
[2017.06.27-16.13.44:037][577]LogModuleManager: Shutting down and abandoning module Android_DXTTargetPlatform (87)
[2017.06.27-16.13.44:037][577]LogModuleManager: Shutting down and abandoning module Android_ATCTargetPlatform (85)
[2017.06.27-16.13.44:037][577]LogModuleManager: Shutting down and abandoning module Android_ASTCTargetPlatform (83)
[2017.06.27-16.13.44:037][577]LogModuleManager: Shutting down and abandoning module AndroidTargetPlatform (81)
[2017.06.27-16.13.44:037][577]LogModuleManager: Shutting down and abandoning module WindowsTargetPlatform (79)
[2017.06.27-16.13.44:037][577]LogModuleManager: Shutting down and abandoning module WindowsServerTargetPlatform (77)
[2017.06.27-16.13.44:037][577]LogModuleManager: Shutting down and abandoning module WindowsNoEditorTargetPlatform (75)
[2017.06.27-16.13.44:037][577]LogModuleManager: Shutting down and abandoning module WindowsClientTargetPlatform (73)
[2017.06.27-16.13.44:037][577]LogModuleManager: Shutting down and abandoning module MacTargetPlatform (71)
[2017.06.27-16.13.44:037][577]LogModuleManager: Shutting down and abandoning module MacServerTargetPlatform (69)
[2017.06.27-16.13.44:037][577]LogModuleManager: Shutting down and abandoning module MacNoEditorTargetPlatform (67)
[2017.06.27-16.13.44:037][577]LogModuleManager: Shutting down and abandoning module MacClientTargetPlatform (65)
[2017.06.27-16.13.44:037][577]LogModuleManager: Shutting down and abandoning module AllDesktopTargetPlatform (63)
[2017.06.27-16.13.44:038][577]LogModuleManager: Shutting down and abandoning module InputCore (60)
[2017.06.27-16.13.44:038][577]LogModuleManager: Shutting down and abandoning module Settings (58)
[2017.06.27-16.13.44:038][577]LogModuleManager: Shutting down and abandoning module OculusRift (56)
[2017.06.27-16.13.44:038][577]LogModuleManager: Shutting down and abandoning module GearVRController (54)
[2017.06.27-16.13.44:038][577]LogModuleManager: Shutting down and abandoning module GearVR (52)
[2017.06.27-16.13.44:038][577]LogModuleManager: Shutting down and abandoning module ExampleDeviceProfileSelector (50)
[2017.06.27-16.13.44:038][577]LogModuleManager: Shutting down and abandoning module OnlineBlueprintSupport (48)
[2017.06.27-16.13.44:038][577]LogModuleManager: Shutting down and abandoning module OnlineSubsystem (44)
[2017.06.27-16.13.44:038][577]LogOnline:Display: Unloading online subsystem: NULL
[2017.06.27-16.13.44:039][577]LogModuleManager: Shutting down and abandoning module XMPP (43)
[2017.06.27-16.13.44:040][577]LogModuleManager: Shutting down and abandoning module HTTP (41)
[2017.06.27-16.13.44:040][577]LogHttp:Display: Http module shutting down, but needs to wait on 1 outstanding Http requests:
[2017.06.27-16.13.44:040][577]LogHttp:Display: 	verb=[POST] url=[https://datarouter.ol.epicgames.com/datarouter/api/v1/public/data?SessionID=%7B6F45BB36-42BA-62C2-AE27-DE884CAA5083%7D&AppID=UEEditor.Rocket.Release&AppVersion=4.16.0-3452394%2B%2B%2BUE4%2BRelease-4.16&UserID=520fd5774504bba7d7d4dfbb2efd774d%7C3ef35b30eb8d444d8e26d7fb1794d4bf%7C7a44e29e-0876-4249-91a8-eb020dafba7b&AppEnvironment=datacollector-binary&UploadType=eteventstream] status=Processing
[2017.06.27-16.13.44:076][577]LogModuleManager: Shutting down and abandoning module SSL (40)
[2017.06.27-16.13.44:079][577]LogModuleManager: Shutting down and abandoning module HTTPChunkInstaller (36)
[2017.06.27-16.13.44:080][577]LogModuleManager: Shutting down and abandoning module AnimationModifiers (34)
[2017.06.27-16.13.44:080][577]LogModuleManager: Shutting down and abandoning module PropertyEditor (33)
[2017.06.27-16.13.44:081][577]LogModuleManager: Shutting down and abandoning module AudioEditor (30)
[2017.06.27-16.13.44:081][577]LogModuleManager: Shutting down and abandoning module TextureCompressor (28)
[2017.06.27-16.13.44:082][577]LogModuleManager: Shutting down and abandoning module ShaderCore (26)
[2017.06.27-16.13.44:082][577]LogModuleManager: Shutting down and abandoning module Landscape (24)
[2017.06.27-16.13.44:082][577]LogModuleManager: Shutting down and abandoning module SlateRHIRenderer (22)
[2017.06.27-16.13.44:084][577]LogModuleManager: Shutting down and abandoning module OpenGLDrv (20)
[2017.06.27-16.13.44:085][577]LogModuleManager: Shutting down and abandoning module D3D11RHI (18)
[2017.06.27-16.13.44:085][577]LogModuleManager: Shutting down and abandoning module AnimGraphRuntime (16)
[2017.06.27-16.13.44:085][577]LogModuleManager: Shutting down and abandoning module Renderer (14)
[2017.06.27-16.13.44:085][577]LogModuleManager: Shutting down and abandoning module Engine (12)
[2017.06.27-16.13.44:085][577]LogModuleManager: Shutting down and abandoning module CoreUObject (10)
[2017.06.27-16.13.44:085][577]LogModuleManager: Shutting down and abandoning module NetworkFile (8)
[2017.06.27-16.13.44:085][577]LogModuleManager: Shutting down and abandoning module StreamingFile (6)
[2017.06.27-16.13.44:085][577]LogModuleManager: Shutting down and abandoning module SandboxFile (4)
[2017.06.27-16.13.44:085][577]LogModuleManager: Shutting down and abandoning module PakFile (2)
[2017.06.27-16.13.44:089][577]LogExit: Exiting.
[2017.06.27-16.13.44:133][577]Log file closed, 06/27/17 10:13:44
