Log file open, 09/01/17 17:53:27
LogWindows: LoadLibraryWithSearchPaths failed for file aqProf.dll. GetLastError=0
LogWindows: LoadLibraryWithSearchPaths failed for file VSPerf140.dll. GetLastError=0
LogWindows: LoadLibraryWithSearchPaths failed for file VtuneApi.dll. GetLastError=0
LogWindows: LoadLibraryWithSearchPaths failed for file VtuneApi32e.dll. GetLastError=0
LogInit: Display: Running engine for game: InsertNameAdventure
LogPlatformFile: Not using cached read wrapper
LogInit: Display: RandInit(1173747058) SRandInit(1173747059).
LogTaskGraph: Started task graph with 5 named threads and 14 total threads with 3 sets of task threads.
LogStats: Stats thread started at 0.738600
LogD3D11RHI: Aftermath initialized
LogPluginManager: Mounting plugin Paper2D
LogPluginManager: Mounting plugin LightPropagationVolume
LogPluginManager: Mounting plugin CodeLiteSourceCodeAccess
LogPluginManager: Mounting plugin GitSourceControl
LogPluginManager: Mounting plugin KDevelopSourceCodeAccess
LogPluginManager: Mounting plugin NullSourceCodeAccess
LogPluginManager: Mounting plugin PerforceSourceControl
LogPluginManager: Mounting plugin SubversionSourceControl
LogPluginManager: Mounting plugin UObjectPlugin
LogPluginManager: Mounting plugin VisualStudioSourceCodeAccess
LogPluginManager: Mounting plugin XCodeSourceCodeAccess
LogPluginManager: Mounting plugin AssetManagerEditor
LogPluginManager: Mounting plugin AudioCapture
LogPluginManager: Mounting plugin FacialAnimation
LogPluginManager: Mounting plugin GameplayTagsEditor
LogPluginManager: Mounting plugin MobileLauncherProfileWizard
LogPluginManager: Mounting plugin PluginBrowser
LogPluginManager: Mounting plugin SpeedTreeImporter
LogPluginManager: Mounting plugin AlembicImporter
LogPluginManager: Mounting plugin CharacterAI
LogPluginManager: Mounting plugin HTML5Networking
LogPluginManager: Mounting plugin AndroidMedia
LogPluginManager: Mounting plugin AvfMedia
LogPluginManager: Mounting plugin MediaPlayerEditor
LogPluginManager: Mounting plugin WmfMedia
LogPluginManager: Mounting plugin TcpMessaging
LogPluginManager: Mounting plugin UdpMessaging
LogPluginManager: Mounting plugin LevelSequenceEditor
LogPluginManager: Mounting plugin MatineeToLevelSequence
LogPluginManager: Mounting plugin OnlineSubsystemGooglePlay
LogPluginManager: Mounting plugin OnlineSubsystemIOS
LogPluginManager: Mounting plugin OnlineSubsystem
LogPluginManager: Mounting plugin OnlineSubsystemNull
LogPluginManager: Mounting plugin OnlineSubsystemUtils
LogPluginManager: Mounting plugin AndroidDeviceProfileSelector
LogPluginManager: Mounting plugin AndroidMoviePlayer
LogPluginManager: Mounting plugin AndroidPermission
LogPluginManager: Mounting plugin AppleMoviePlayer
LogPluginManager: Mounting plugin ArchVisCharacter
LogPluginManager: Mounting plugin CableComponent
LogPluginManager: Mounting plugin CustomMeshComponent
LogPluginManager: Mounting plugin ExampleDeviceProfileSelector
LogPluginManager: Mounting plugin GoogleCloudMessaging
LogPluginManager: Mounting plugin ImmediatePhysics
LogPluginManager: Mounting plugin IOSDeviceProfileSelector
LogPluginManager: Mounting plugin LinuxDeviceProfileSelector
LogPluginManager: Mounting plugin LocationServicesBPLibrary
LogPluginManager: Mounting plugin MobilePatchingUtils
LogPluginManager: Mounting plugin OculusVR
LogPluginManager: Mounting plugin PhysXVehicles
LogPluginManager: Mounting plugin ProceduralMeshComponent
LogPluginManager: Mounting plugin RuntimePhysXCooking
LogPluginManager: Mounting plugin SteamVR
LogPluginManager: Mounting plugin WindowsMoviePlayer
LogInit: Using libcurl 7.47.1
LogInit:  - built for x86_64-pc-win32
LogInit:  - supports SSL with OpenSSL/1.0.2g
LogInit:  - supports HTTP deflate (compression) using libz 1.2.8
LogInit:  - other features:
LogInit:      CURL_VERSION_SSL
LogInit:      CURL_VERSION_LIBZ
LogInit:      CURL_VERSION_IPV6
LogInit:      CURL_VERSION_ASYNCHDNS
LogInit:      CURL_VERSION_LARGEFILE
LogInit:      CURL_VERSION_IDN
LogInit:  CurlRequestOptions (configurable via config and command line):
LogInit:  - bVerifyPeer = false  - Libcurl will NOT verify peer certificate
LogInit:  - bUseHttpProxy = false  - Libcurl will NOT use HTTP proxy
LogInit:  - bDontReuseConnections = false  - Libcurl will reuse connections
LogInit:  - CertBundlePath = nullptr  - Libcurl will use whatever was configured at build time.
LogInit: Build: ++UE4+Release-4.17-CL-3586342
LogInit: Engine Version: 4.17.1-3586342+++UE4+Release-4.17
LogInit: Compatible Engine Version: 4.17.0-3573198+++UE4+Release-4.17
LogInit: Net CL: 3573198
LogDevObjectVersion: Number of dev versions registered: 16
LogDevObjectVersion:   Dev-Blueprints (B0D832E4-1F89-4F0D-ACCF-7EB736FD4AA2): 10
LogDevObjectVersion:   Dev-Build (E1C64328-A22C-4D53-A36C-8E866417BD8C): 0
LogDevObjectVersion:   Dev-Core (375EC13C-06E4-48FB-B500-84F0262A717E): 2
LogDevObjectVersion:   Dev-Editor (E4B068ED-F494-42E9-A231-DA0B2E46BB41): 20
LogDevObjectVersion:   Dev-Framework (CFFC743F-43B0-4480-9391-14DF171D2073): 28
LogDevObjectVersion:   Dev-Mobile (B02B49B5-BB20-44E9-A304-32B752E40360): 0
LogDevObjectVersion:   Dev-Networking (A4E4105C-59A1-49B5-A7C5-40C4547EDFEE): 0
LogDevObjectVersion:   Dev-Online (39C831C9-5AE6-47DC-9A44-9C173E1C8E7C): 0
LogDevObjectVersion:   Dev-Physics (78F01B33-EBEA-4F98-B9B4-84EACCB95AA2): 0
LogDevObjectVersion:   Dev-Platform (6631380F-2D4D-43E0-8009-CF276956A95A): 0
LogDevObjectVersion:   Dev-Rendering (12F88B9F-8875-4AFC-A67C-D90C383ABD29): 19
LogDevObjectVersion:   Dev-Sequencer (7B5AE74C-D270-4C10-A958-57980B212A5A): 4
LogDevObjectVersion:   Dev-VR (D7296918-1DD6-4BDD-9DE2-64A83CC13884): 0
LogDevObjectVersion:   Dev-LoadTimes (C2A15278-BFE7-4AFE-6C17-90FF531DF755): 1
LogDevObjectVersion:   Private-Geometry (6EACA3D4-40EC-4CC1-B786-8BED09428FC5): 1
LogDevObjectVersion:   Dev-AnimPhys (29E575DD-E0A3-4627-9D10-D276232CDCEA): 7
LogInit: Compiled (64-bit): Aug 15 2017 02:05:26
LogInit: Compiled with Visual C++: 19.00.24215.01
LogInit: Build Configuration: Development
LogInit: Branch Name: ++UE4+Release-4.17
LogInit: Command line:  
LogInit: Base directory: C:/Program Files/Epic Games/UE_4.17/Engine/Binaries/Win64/
LogInit: Installed Engine Build: 1
LogInit: Presizing for max 8388607 objects, including 0 objects not considered by GC, pre-allocating 0 bytes for permanent pool.
LogInit: Object subsystem initialized
[2017.09.01-23.53.27:982][  0]LogInit: Selected Device Profile: [Windows]
[2017.09.01-23.53.27:983][  0]LogInit: Applying CVar settings loaded from the selected device profile: [Windows]
[2017.09.01-23.53.28:035][  0]LogInit: Computer: DESKTOP-OMJHMSB
[2017.09.01-23.53.28:035][  0]LogInit: User: rajjj
[2017.09.01-23.53.28:035][  0]LogInit: CPU Page size=4096, Cores=4
[2017.09.01-23.53.28:035][  0]LogInit: High frequency timer resolution =3.328129 MHz
[2017.09.01-23.53.28:035][  0]LogMemory: Memory total: Physical=15.9GB (16GB approx)
[2017.09.01-23.53.28:035][  0]LogMemory: Platform Memory Stats for Windows
[2017.09.01-23.53.28:035][  0]LogMemory: Process Physical Memory: 278.59 MB used, 278.59 MB peak
[2017.09.01-23.53.28:035][  0]LogMemory: Process Virtual Memory: 289.89 MB used, 289.89 MB peak
[2017.09.01-23.53.28:035][  0]LogMemory: Physical Memory: 5993.47 MB used,  10328.27 MB free, 16321.74 MB total
[2017.09.01-23.53.28:035][  0]LogMemory: Virtual Memory: 683.91 MB used,  10328.27 MB free, 134217728.00 MB total
[2017.09.01-23.53.28:484][  0]LogInit: Using OS detected language (en-US).
[2017.09.01-23.53.28:484][  0]LogInit: Using OS detected locale (en-US).
[2017.09.01-23.53.28:537][  0]LogTextLocalizationManager: No specific localization for 'en-US' exists, so the 'en' localization will be used.
[2017.09.01-23.53.30:965][  0]LogD3D11RHI: D3D11 adapters:
[2017.09.01-23.53.31:547][  0]LogD3D11RHI:    0. 'NVIDIA GeForce GTX 1070' (Feature Level 11_0)
[2017.09.01-23.53.31:547][  0]LogD3D11RHI:       8085/0/8160 MB DedicatedVideo/DedicatedSystem/SharedSystem, Outputs:2, VendorId:0x10de
[2017.09.01-23.53.31:549][  0]LogD3D11RHI:    1. 'Microsoft Basic Render Driver' (Feature Level 11_0)
[2017.09.01-23.53.31:549][  0]LogD3D11RHI:       0/0/8160 MB DedicatedVideo/DedicatedSystem/SharedSystem, Outputs:0, VendorId:0x1414
[2017.09.01-23.53.31:549][  0]LogD3D11RHI: Chosen D3D11 Adapter: 0
[2017.09.01-23.53.31:557][  0]LogD3D11RHI: Creating new Direct3DDevice
[2017.09.01-23.53.31:557][  0]LogD3D11RHI:     GPU DeviceId: 0x1b81 (for the marketing name, search the web for "GPU Device Id")
[2017.09.01-23.53.31:557][  0]LogWindows: EnumDisplayDevices:
[2017.09.01-23.53.31:557][  0]LogWindows:    0. 'NVIDIA GeForce GTX 1070' (P:0 D:1)
[2017.09.01-23.53.31:557][  0]LogWindows:    1. 'NVIDIA GeForce GTX 1070' (P:1 D:1)
[2017.09.01-23.53.31:557][  0]LogWindows:    2. 'NVIDIA GeForce GTX 1070' (P:0 D:0)
[2017.09.01-23.53.31:557][  0]LogWindows:    3. 'NVIDIA GeForce GTX 1070' (P:0 D:0)
[2017.09.01-23.53.31:557][  0]LogWindows: DebugString: FoundDriverCount:4 
[2017.09.01-23.53.31:557][  0]LogD3D11RHI:     Adapter Name: NVIDIA GeForce GTX 1070
[2017.09.01-23.53.31:558][  0]LogD3D11RHI:   Driver Version: 385.28 (internal:22.21.13.8528, unified:385.28)
[2017.09.01-23.53.31:558][  0]LogD3D11RHI:      Driver Date: 8-9-2017
[2017.09.01-23.53.31:558][  0]LogRHI: Texture pool is 1361 MB (70% of 1945 MB)
[2017.09.01-23.53.32:097][  0]LogD3D11RHI: Async texture creation enabled
[2017.09.01-23.53.32:165][  0]LogD3D11RHI: GPU Timing Frequency: 1000.000000 (Debug: 2 1)
[2017.09.01-23.53.32:218][  0]LogShaderCompilers: Guid format shader working directory is -35 characters bigger than the processId version (../../../../../../Users/rajjj/OneDrive/Documents/GitHub/DatBoiEntertainmetnGame_/Intermediate/Shaders/WorkingDirectory/22100/).
[2017.09.01-23.53.32:218][  0]LogShaderCompilers: Cleaned the shader compiler working directory 'C:/Users/rajjj/AppData/Local/Temp/UnrealShaderWorkingDir/F788E7194740BB2C8271B396B28C9680/'.
[2017.09.01-23.53.32:219][  0]LogShaderCompilers: Display: Using Local Shader Compiler.
[2017.09.01-23.53.34:183][  0]LogTemp: Display: Loaded TP AllDesktopTargetPlatform
[2017.09.01-23.53.34:228][  0]LogTemp: Display: Loaded TP MacClientTargetPlatform
[2017.09.01-23.53.34:273][  0]LogTemp: Display: Loaded TP MacNoEditorTargetPlatform
[2017.09.01-23.53.34:322][  0]LogTemp: Display: Loaded TP MacServerTargetPlatform
[2017.09.01-23.53.34:375][  0]LogTemp: Display: Loaded TP MacTargetPlatform
[2017.09.01-23.53.34:419][  0]LogTemp: Display: Loaded TP WindowsClientTargetPlatform
[2017.09.01-23.53.34:460][  0]LogTemp: Display: Loaded TP WindowsNoEditorTargetPlatform
[2017.09.01-23.53.34:500][  0]LogTemp: Display: Loaded TP WindowsServerTargetPlatform
[2017.09.01-23.53.34:536][  0]LogTemp: Display: Loaded TP WindowsTargetPlatform
[2017.09.01-23.53.34:580][  0]LogTemp: Display: Loaded TP AndroidTargetPlatform
[2017.09.01-23.53.34:619][  0]LogTemp: Display: Loaded TP Android_ASTCTargetPlatform
[2017.09.01-23.53.34:659][  0]LogTemp: Display: Loaded TP Android_ATCTargetPlatform
[2017.09.01-23.53.34:699][  0]LogTemp: Display: Loaded TP Android_DXTTargetPlatform
[2017.09.01-23.53.34:738][  0]LogTemp: Display: Loaded TP Android_ETC1TargetPlatform
[2017.09.01-23.53.34:825][  0]LogTemp: Display: Loaded TP Android_ETC2TargetPlatform
[2017.09.01-23.53.34:920][  0]LogTemp: Display: Loaded TP Android_MultiTargetPlatform
[2017.09.01-23.53.34:920][  0]LogTemp: Display: Loaded TP Android_PVRTCTargetPlatform
[2017.09.01-23.53.34:953][  0]LogTemp: Display: Loaded TP HTML5TargetPlatform
[2017.09.01-23.53.35:043][  0]LogTemp: Display: Loaded TP IOSTargetPlatform
[2017.09.01-23.53.35:068][  0]LogTemp: Display: Loaded TP TVOSTargetPlatform
[2017.09.01-23.53.35:109][  0]LogTemp: Display: Loaded TP LinuxClientTargetPlatform
[2017.09.01-23.53.35:149][  0]LogTemp: Display: Loaded TP LinuxNoEditorTargetPlatform
[2017.09.01-23.53.35:190][  0]LogTemp: Display: Loaded TP LinuxServerTargetPlatform
[2017.09.01-23.53.35:235][  0]LogTemp: Display: Loaded TP LinuxTargetPlatform
[2017.09.01-23.53.35:235][  0]LogTargetPlatformManager: Display: Building Assets For Windows
[2017.09.01-23.53.35:711][  0]LogDerivedDataCache: Display: Max Cache Size: 512 MB
[2017.09.01-23.53.36:215][  0]LogDerivedDataCache: Loaded boot cache 0.50s 93MB C:/Users/rajjj/AppData/Local/UnrealEngine/4.17/DerivedDataCache/Boot.ddc.
[2017.09.01-23.53.36:215][  0]LogDerivedDataCache: Display: Loaded Boot cache: C:/Users/rajjj/AppData/Local/UnrealEngine/4.17/DerivedDataCache/Boot.ddc
[2017.09.01-23.53.36:215][  0]LogDerivedDataCache: FDerivedDataBackendGraph:  Pak pak cache file ../../../../../../Users/rajjj/OneDrive/Documents/GitHub/DatBoiEntertainmetnGame_/DerivedDataCache/DDC.ddp not found, will not use a pak cache.
[2017.09.01-23.53.36:215][  0]LogDerivedDataCache: Unable to find inner node Pak for hierarchical cache Hierarchy.
[2017.09.01-23.53.36:215][  0]LogDerivedDataCache: FDerivedDataBackendGraph:  CompressedPak pak cache file ../../../../../../Users/rajjj/OneDrive/Documents/GitHub/DatBoiEntertainmetnGame_/DerivedDataCache/Compressed.ddp not found, will not use a pak cache.
[2017.09.01-23.53.36:215][  0]LogDerivedDataCache: Unable to find inner node CompressedPak for hierarchical cache Hierarchy.
[2017.09.01-23.53.36:242][  0]LogDerivedDataCache: Display: Pak cache opened for reading ../../../Engine/DerivedDataCache/Compressed.ddp.
[2017.09.01-23.53.36:255][  0]LogDerivedDataCache: Using Local data cache path C:/Users/rajjj/AppData/Local/UnrealEngine/Common/DerivedDataCache: Writable
[2017.09.01-23.53.36:269][  0]LogMaterial: Verifying Global Shaders for PCD3D_SM5
[2017.09.01-23.53.36:276][  0]LogSlate: Using Freetype 2.6.0
[2017.09.01-23.53.36:292][  0]LogSlate: SlateFontCache - WITH_FREETYPE: 1, WITH_HARFBUZZ: 1
[2017.09.01-23.53.36:292][  0]LogSlate: SlateFontCache - WITH_FREETYPE: 1, WITH_HARFBUZZ: 1
[2017.09.01-23.53.37:261][  0]LogAssetRegistry: FAssetRegistry took 0.0277 seconds to start up
[2017.09.01-23.53.37:416][  0]LogInit: Selected Device Profile: [Windows]
[2017.09.01-23.53.37:812][  0]LogContentStreaming: Texture pool size is 0.00 MB
[2017.09.01-23.53.38:120][  0]LogSimplygon: Simplygon DLL not present - disabling.
[2017.09.01-23.53.38:155][  0]LogMeshReduction: Using SimplygonSwarm for distributed automatic mesh merging
[2017.09.01-23.53.38:155][  0]LogMeshReduction: Using QuadricMeshReduction for automatic static mesh reduction
[2017.09.01-23.53.38:155][  0]LogMeshReduction: No automatic skeletal mesh reduction module available
[2017.09.01-23.53.38:155][  0]LogMeshReduction: No automatic mesh merging module available
[2017.09.01-23.53.38:155][  0]LogMeshMerging: No automatic mesh merging module available
[2017.09.01-23.53.38:895][  0]LogNetVersion: InsertNameAdventure , NetCL: 3573198, EngineNetVer: 2, GameNetVer: 0 (Checksum: 3080426378)
[2017.09.01-23.53.39:337][  0]LogPackageLocalizationCache: Processed 5 localized package path(s) for 2 prioritized culture(s) in 0.052072 seconds
[2017.09.01-23.53.39:343][  0]LogUObjectArray: 35825 objects as part of root set at end of initial load.
[2017.09.01-23.53.39:343][  0]LogUObjectAllocator: 7529112 out of 0 bytes used by permanent object pool.
[2017.09.01-23.53.39:343][  0]LogUObjectArray: CloseDisregardForGC: 0/0 objects in disregard for GC pool
[2017.09.01-23.53.39:393][  0]LogInit: WinSock: version 1.1 (2.2), MaxSocks=32767, MaxUdp=65467
[2017.09.01-23.53.43:869][  0]LogTcpMessaging: Initializing TcpMessaging bridge
[2017.09.01-23.53.43:903][  0]LogUdpMessaging: Initializing bridge on interface 0.0.0.0:0 to multicast group 230.0.0.1:6666.
[2017.09.01-23.53.44:680][  0]LogMaterial: Uniform references updated for custom material expression Custom.
[2017.09.01-23.53.45:118][  0]SourceControl: Source control is disabled
[2017.09.01-23.53.46:074][  0]LogAndroidPermission: UAndroidPermissionCallbackProxy::GetInstance
[2017.09.01-23.53.46:271][  0]LogOcInput: OculusInput pre-init called
[2017.09.01-23.53.46:525][  0]LogEngine: Initializing Engine...
[2017.09.01-23.53.46:529][  0]LogHMD: Failed to initialize OpenVR with code 110
[2017.09.01-23.53.46:887][  0]LogStats: UGameplayTagsManager::ConstructGameplayTagTree: Construct from data asset -  0.000 s
[2017.09.01-23.53.46:888][  0]LogStats: UGameplayTagsManager::ConstructGameplayTagTree: GameplayTagTreeChangedEvent.Broadcast -  0.000 s
[2017.09.01-23.53.47:027][  0]LogAIModule: Creating AISystem for world Untitled
[2017.09.01-23.53.47:048][  0]LogInit: XAudio2 using 'Speakers (High Definition Audio Device)' : 2 channels at 48 kHz using 16 bits per sample (channel mask 0x3)
[2017.09.01-23.53.47:058][  0]LogInit: FAudioDevice initialized.
[2017.09.01-23.53.47:136][  0]LogDerivedDataCache: Saved boot cache 0.08s 93MB C:/Users/rajjj/AppData/Local/UnrealEngine/4.17/DerivedDataCache/Boot.ddc.
[2017.09.01-23.53.47:148][  0]LogInit: Texture streaming: Enabled
[2017.09.01-23.53.47:244][  0]LogEngineSessionManager: EngineSessionManager initialized
[2017.09.01-23.53.47:526][  0]LogInit: Transaction tracking system initialized
[2017.09.01-23.53.47:810][  0]BlueprintLog: New page: Editor Load
[2017.09.01-23.53.48:625][  0]LocalizationService: Localization service is disabled
[2017.09.01-23.53.49:249][  0]LogConsoleResponse: Display: 
[2017.09.01-23.53.49:592][  0]LogCook: Display: Max memory allowance for cook 16384mb min free memory 0mb
[2017.09.01-23.53.49:592][  0]LogCook: Display: Mobile HDR setting 1
[2017.09.01-23.53.49:593][  0]LogGameplayTags: Display: UGameplayTagsManager::DoneAddingNativeTags. DelegateIsBound: 0
[2017.09.01-23.53.50:212][  0]LogFileCache: Scanning file cache for directory 'C:/Users/rajjj/OneDrive/Documents/GitHub/DatBoiEntertainmetnGame_/Content/' took 0.02s
[2017.09.01-23.53.50:575][  0]Cmd: MAP LOAD FILE="../../../../../../Users/rajjj/OneDrive/Documents/GitHub/DatBoiEntertainmetnGame_/Content/2DSideScrollerBP/Maps/Levels/Rainforest_Alien.umap" TEMPLATE=0 SHOWPROGRESS=1 FEATURELEVEL=3
[2017.09.01-23.53.50:577][  0]LightingResults: New page: Lighting Build
[2017.09.01-23.53.50:620][  0]MapCheck: New page: Map Check
[2017.09.01-23.53.50:620][  0]LightingResults: New page: Lighting Build
[2017.09.01-23.53.51:143][  0]LogBlueprint: Warning: ExposeOnSpawn ambiguity. Property 'BoolProperty /Game/2DSideScrollerBP/Blueprints/UI/ItemDrag.ItemDrag_C:fromInv', MetaData 'True', Flag 'False'
[2017.09.01-23.53.51:143][  0]LogBlueprint: Warning: ExposeOnSpawn ambiguity. Property 'ObjectProperty /Game/2DSideScrollerBP/Blueprints/UI/ItemDrag.ItemDrag_C:dragItem', MetaData 'True', Flag 'False'
[2017.09.01-23.53.51:149][  0]LogBlueprint: Warning: ExposeOnSpawn ambiguity. Property 'BoolProperty /Game/2DSideScrollerBP/Blueprints/UI/ItemDrag.ItemDrag_C:fromInv', MetaData 'True', Flag 'False'
[2017.09.01-23.53.51:149][  0]LogBlueprint: Warning: ExposeOnSpawn ambiguity. Property 'ObjectProperty /Game/2DSideScrollerBP/Blueprints/UI/ItemDrag.ItemDrag_C:dragItem', MetaData 'True', Flag 'False'
[2017.09.01-23.53.51:182][  0]LogBlueprint: Warning: [Compiler ActionSlot] Input pin  Drag Item  specifying non-default value no longer exists on this node. Please refresh node or reset pin to default value to remove pin.
[2017.09.01-23.53.51:194][  0]LogBlueprint: Warning: [Compiler InventorySlot] Input pin  From Inv  specifying non-default value no longer exists on this node. Please refresh node or reset pin to default value to remove pin.
[2017.09.01-23.53.51:195][  0]LogBlueprint: Error: [Compiler InventorySlot] In use pin  Drag Item  no longer exists on this node. Please refresh node or break links to remove pin.
[2017.09.01-23.53.51:291][  0]LogBlueprint: Warning: [Compiler ActionSlot] [0026.47] Compile of ActionSlot successful, but with 1 Warning(s) [in 172 ms] (/Game/2DSideScrollerBP/Blueprints/UI/ActionSlot.ActionSlot)
[2017.09.01-23.53.51:291][  0]LogBlueprint: Warning: [Compiler InventorySlot] [0026.47] Compile of InventorySlot failed. 1 Fatal Issue(s) 1 Warning(s) [in 172 ms] (/Game/2DSideScrollerBP/Blueprints/UI/InventorySlot.InventorySlot)
[2017.09.01-23.53.52:545][  0]LogMaterial: Missing cached shader map for material BlueLight_M1, compiling. 
[2017.09.01-23.53.52:548][  0]LogMaterial: Warning: Failed to compile Material /Game/2DSideScrollerBP/Maps/Levels/LevelSprites/Sprites/Materials/BlueLight_M1.BlueLight_M1 for platform PCD3D_SM5, Default Material will be used in game.
[2017.09.01-23.53.52:548][  0]LogMaterial: Warning: 	Function Flicker_MF: Missing function input 'Color'
[2017.09.01-23.53.52:970][  0]LogAIModule: Creating AISystem for world Rainforest_Alien
[2017.09.01-23.53.53:033][  0]LogEditorServer: Finished looking for orphan Actors (0.000 secs)
[2017.09.01-23.53.53:084][  0]Cmd: MAP CHECKDEP NOCLEARLOG
[2017.09.01-23.53.53:153][  0]MapCheck: Map check complete: 0 Error(s), 0 Warning(s), took 69.116ms to complete.
[2017.09.01-23.53.53:153][  0]LogFileHelpers: Loading map 'Rainforest_Alien' took 2.580
[2017.09.01-23.53.53:511][  0]LogCollectionManager: Loaded 0 collections in 0.001258 seconds
[2017.09.01-23.53.53:599][  0]LogFileCache: Scanning file cache for directory 'C:/Users/rajjj/OneDrive/Documents/GitHub/DatBoiEntertainmetnGame_/Saved/Collections/' took 0.01s
[2017.09.01-23.53.53:599][  0]LogFileCache: Scanning file cache for directory 'C:/Users/rajjj/OneDrive/Documents/GitHub/DatBoiEntertainmetnGame_/Content/Developers/rajjj/Collections/' took 0.01s
[2017.09.01-23.53.53:599][  0]LogFileCache: Scanning file cache for directory 'C:/Users/rajjj/OneDrive/Documents/GitHub/DatBoiEntertainmetnGame_/Content/Collections/' took 0.01s
[2017.09.01-23.53.53:599][  0]LogCollectionManager: Rebuilt the GUID cache for 0 collections in 0.000000 seconds
[2017.09.01-23.53.53:609][  0]LogContentBrowser: Native class hierarchy populated in 0.0087 seconds. Added 2386 classes and 500 folders.
[2017.09.01-23.53.53:668][  0]LogContentBrowser: Native class hierarchy updated for 'WidgetCarousel' in 0.0005 seconds. Added 0 classes and 0 folders.
[2017.09.01-23.53.53:986][  0]LogContentBrowser: Native class hierarchy updated for 'AddContentDialog' in 0.0005 seconds. Added 0 classes and 0 folders.
[2017.09.01-23.53.54:028][  0]LogContentBrowser: Native class hierarchy updated for 'SceneOutliner' in 0.0006 seconds. Added 1 classes and 2 folders.
[2017.09.01-23.53.54:076][  0]LogSlate: Took 0.006448 seconds to synchronously load lazily loaded font '../../../Engine/Content/Slate/Fonts/Roboto-Regular.ttf' (155K)
[2017.09.01-23.53.54:083][  0]LogSlate: Took 0.003871 seconds to synchronously load lazily loaded font '../../../Engine/Content/Slate/Fonts/Roboto-Bold.ttf' (160K)
[2017.09.01-23.53.54:093][  0]LogSlate: Took 0.004773 seconds to synchronously load lazily loaded font '../../../Engine/Content/Editor/Slate/Fonts/FontAwesome.ttf' (139K)
[2017.09.01-23.53.54:101][  0]LogSlate: Took 0.004711 seconds to synchronously load lazily loaded font '../../../Engine/Content/Editor/Slate/Fonts/DroidSansMono.ttf' (77K)
[2017.09.01-23.53.54:217][  0]LogRenderer: Reallocating scene render targets to support 2556x1004 Format 10 NumSamples 1 (Frame:1).
[2017.09.01-23.53.54:505][  0]LogContentBrowser: Native class hierarchy updated for 'HierarchicalLODOutliner' in 0.0006 seconds. Added 1 classes and 2 folders.
[2017.09.01-23.53.54:505][  0]LogLoad: (Engine Initialization) Total time: 29.68 seconds
[2017.09.01-23.53.54:505][  0]LogLoad: (Engine Initialization) Total Blueprint compile time: 0.00 seconds
[2017.09.01-23.53.54:506][  0]LogExternalProfiler: No external profilers were discovered.  External profiling features will not be available.
[2017.09.01-23.53.54:562][  0]SourceControl: On branch V1.5.1
[2017.09.01-23.53.54:562][  0]SourceControl: Your branch is up-to-date with 'origin/V1.5.1'.
[2017.09.01-23.53.54:562][  0]SourceControl: Changes to be committed:
[2017.09.01-23.53.54:562][  0]SourceControl:   (use "git reset HEAD <file>..." to unstage)
[2017.09.01-23.53.54:562][  0]SourceControl: 	new file:   Content/2DSideScrollerBP/Maps/Levels/LevelSprites/Sprites/Rain_Forrest_Sprites/PNG/Rain_Forrest_Tree_Backdrop.uasset
[2017.09.01-23.53.54:562][  0]SourceControl: 	new file:   Content/2DSideScrollerBP/Maps/Levels/LevelSprites/Sprites/Rain_Forrest_Sprites/Rain_Forrest_Tree_Backdrop_Sprite.uasset
[2017.09.01-23.53.54:562][  0]SourceControl: Changes not staged for commit:
[2017.09.01-23.53.54:562][  0]SourceControl:   (use "git add/rm <file>..." to update what will be committed)
[2017.09.01-23.53.54:563][  0]SourceControl:   (use "git checkout -- <file>..." to discard changes in working directory)
[2017.09.01-23.53.54:563][  0]SourceControl: 	modified:   Content/2DSideScrollerBP/Blueprints/UI/ActionSlot.uasset
[2017.09.01-23.53.54:563][  0]SourceControl: 	modified:   Content/2DSideScrollerBP/Blueprints/UI/InventorySlot.uasset
[2017.09.01-23.53.54:563][  0]SourceControl: 	modified:   Content/2DSideScrollerBP/Item/GrappleHook_BP.uasset
[2017.09.01-23.53.54:563][  0]SourceControl: 	modified:   Content/2DSideScrollerBP/Maps/Levels/LevelSprites/Sprites/Materials/Comp_M_Inst_Inst_Inst.uasset
[2017.09.01-23.53.54:563][  0]SourceControl: 	modified:   Content/2DSideScrollerBP/Maps/Levels/Rainforest_Alien.umap
[2017.09.01-23.53.54:563][  0]SourceControl: 	modified:   Content/2DSideScrollerBP/Maps/Levels/Rainforest_Alien_BuiltData.uasset
[2017.09.01-23.53.54:563][  0]SourceControl: 	modified:   Intermediate/AssetRegistryCache/c90e3f55.bin
[2017.09.01-23.53.54:563][  0]SourceControl: 	modified:   Intermediate/CachedAssetRegistry.bin
[2017.09.01-23.53.54:563][  0]SourceControl: 	modified:   Saved/AutoScreenshot.png
[2017.09.01-23.53.54:563][  0]SourceControl: 	modified:   Saved/Autosaves/Game/2DSideScrollerBP/Blueprints/UI/ActionSlot_Auto1.uasset
[2017.09.01-23.53.54:564][  0]SourceControl: 	modified:   Saved/Autosaves/Game/2DSideScrollerBP/Blueprints/UI/InventorySlot_Auto1.uasset
[2017.09.01-23.53.54:564][  0]SourceControl: 	modified:   Saved/Autosaves/Game/2DSideScrollerBP/Maps/Levels/Rainforest_Alien_Auto1.umap
[2017.09.01-23.53.54:564][  0]SourceControl: 	deleted:    Saved/Backup/Rainforest_Alien_2017-07-26-12-43-05.umap
[2017.09.01-23.53.54:564][  0]SourceControl: 	deleted:    Saved/Backup/Rainforest_Alien_2017-07-31-15-45-08.umap
[2017.09.01-23.53.54:564][  0]SourceControl: 	deleted:    Saved/Backup/Rainforest_Alien_2017-07-31-16-19-46.umap
[2017.09.01-23.53.54:564][  0]SourceControl: 	deleted:    Saved/Backup/Rainforest_Alien_2017-07-31-16-34-45.umap
[2017.09.01-23.53.54:564][  0]SourceControl: 	deleted:    Saved/Backup/Rainforest_Alien_2017-07-31-16-58-27.umap
[2017.09.01-23.53.54:564][  0]SourceControl: 	deleted:    Saved/Backup/Rainforest_Alien_2017-07-31-17-16-05.umap
[2017.09.01-23.53.54:564][  0]SourceControl: 	deleted:    Saved/Backup/Rainforest_Alien_2017-07-31-18-33-59.umap
[2017.09.01-23.53.54:564][  0]SourceControl: 	deleted:    Saved/Backup/Rainforest_Alien_2017-07-31-19-02-38.umap
[2017.09.01-23.53.54:565][  0]SourceControl: 	deleted:    Saved/Backup/Rainforest_Alien_2017-08-03-12-57-53.umap
[2017.09.01-23.53.54:565][  0]SourceControl: 	deleted:    Saved/Backup/Rainforest_Alien_BuiltData_2017-08-04-18-21-22.uasset
[2017.09.01-23.53.54:565][  0]SourceControl: 	deleted:    Saved/Backup/Rainforest_Alien_BuiltData_2017-08-08-19-55-22.uasset
[2017.09.01-23.53.54:565][  0]SourceControl: 	deleted:    Saved/Config/CrashReportClient/UE4CC-Windows-1D7ABDF54D944C545E3B4DA65FB5EE7E/CrashReportClient.ini
[2017.09.01-23.53.54:565][  0]SourceControl: 	deleted:    Saved/Config/CrashReportClient/UE4CC-Windows-4E997E5F4C30507F1F23D28283460BF6/CrashReportClient.ini
[2017.09.01-23.53.54:565][  0]SourceControl: 	deleted:    Saved/Config/CrashReportClient/UE4CC-Windows-AF0DCDA6479000832D72AEBEE2E5FB69/CrashReportClient.ini
[2017.09.01-23.53.54:565][  0]SourceControl: 	deleted:    Saved/Config/CrashReportClient/UE4CC-Windows-D058F36948810902655995A8C296FC8B/CrashReportClient.ini
[2017.09.01-23.53.54:565][  0]SourceControl: 	modified:   Saved/Config/Windows/Editor.ini
[2017.09.01-23.53.54:565][  0]SourceControl: 	modified:   Saved/Config/Windows/EditorPerProjectUserSettings.ini
[2017.09.01-23.53.54:565][  0]SourceControl: 	modified:   Saved/Config/Windows/Engine.ini
[2017.09.01-23.53.54:566][  0]SourceControl: 	deleted:    Saved/Logs/InsertNameAdventure-backup-2017.08.28-15.05.30.log
[2017.09.01-23.53.54:566][  0]SourceControl: 	deleted:    Saved/Logs/InsertNameAdventure-backup-2017.08.28-19.29.59.log
[2017.09.01-23.53.54:566][  0]SourceControl: 	deleted:    Saved/Logs/InsertNameAdventure-backup-2017.08.29-09.37.38.log
[2017.09.01-23.53.54:566][  0]SourceControl: 	deleted:    Saved/Logs/InsertNameAdventure-backup-2017.08.29-18.08.28.log
[2017.09.01-23.53.54:566][  0]SourceControl: 	modified:   Saved/Logs/InsertNameAdventure.log
[2017.09.01-23.53.54:566][  0]SourceControl: Untracked files:
[2017.09.01-23.53.54:566][  0]SourceControl:   (use "git add <file>..." to include in what will be committed)
[2017.09.01-23.53.54:566][  0]SourceControl: 	Saved/Autosaves/Game/2DSideScrollerBP/Maps/Levels/LevelSprites/Sprites/Materials/Comp_M_Inst_Inst_Inst_Auto1.uasset
[2017.09.01-23.53.54:566][  0]SourceControl: 	Saved/Backup/ActionSlot_2017-08-31-10-35-13.uasset
[2017.09.01-23.53.54:566][  0]SourceControl: 	Saved/Backup/ActionSlot_2017-08-31-11-30-17.uasset
[2017.09.01-23.53.54:566][  0]SourceControl: 	Saved/Backup/Comp_M_Inst_Inst_Inst_2017-08-31-10-35-14.uasset
[2017.09.01-23.53.54:566][  0]SourceControl: 	Saved/Backup/Comp_M_Inst_Inst_Inst_2017-08-31-11-30-18.uasset
[2017.09.01-23.53.54:567][  0]SourceControl: 	Saved/Backup/GrappleHook_BP_2017-08-31-10-32-28.uasset
[2017.09.01-23.53.54:567][  0]SourceControl: 	Saved/Backup/InventorySlot_2017-08-31-10-35-14.uasset
[2017.09.01-23.53.54:567][  0]SourceControl: 	Saved/Backup/InventorySlot_2017-08-31-11-30-17.uasset
[2017.09.01-23.53.54:567][  0]SourceControl: 	Saved/Backup/Rainforest_Alien_2017-08-31-10-35-13.umap
[2017.09.01-23.53.54:567][  0]SourceControl: 	Saved/Backup/Rainforest_Alien_2017-08-31-11-28-30.umap
[2017.09.01-23.53.54:567][  0]SourceControl: 	Saved/Backup/Rainforest_Alien_2017-08-31-12-17-44.umap
[2017.09.01-23.53.54:567][  0]SourceControl: 	Saved/Backup/Rainforest_Alien_2017-08-31-15-04-44.umap
[2017.09.01-23.53.54:567][  0]SourceControl: 	Saved/Backup/Rainforest_Alien_2017-08-31-15-17-31.umap
[2017.09.01-23.53.54:567][  0]SourceControl: 	Saved/Backup/Rainforest_Alien_BuiltData_2017-08-31-11-28-31.uasset
[2017.09.01-23.53.54:567][  0]SourceControl: 	Saved/Backup/Rainforest_Alien_BuiltData_2017-08-31-12-17-45.uasset
[2017.09.01-23.53.54:567][  0]SourceControl: 	Saved/Backup/Rainforest_Alien_BuiltData_2017-08-31-15-17-32.uasset
[2017.09.01-23.53.54:568][  0]SourceControl: 	Saved/Config/CrashReportClient/UE4CC-Windows-4044D15C4DB4C4A860888D96A25CBB60/
[2017.09.01-23.53.54:568][  0]SourceControl: 	Saved/Config/CrashReportClient/UE4CC-Windows-44EB792446F96296B27160A1989FE4F9/
[2017.09.01-23.53.54:568][  0]SourceControl: 	Saved/Config/CrashReportClient/UE4CC-Windows-9F23E0D243D35BCA5DCB44847E92F85C/
[2017.09.01-23.53.54:568][  0]SourceControl: 	Saved/Config/CrashReportClient/UE4CC-Windows-ABAA38594E578901FDDCB19D4A175DB4/
[2017.09.01-23.53.54:568][  0]SourceControl: 	Saved/Logs/InsertNameAdventure-backup-2017.08.31-10.18.03.log
[2017.09.01-23.53.54:568][  0]SourceControl: 	Saved/Logs/InsertNameAdventure-backup-2017.08.31-12.14.28.log
[2017.09.01-23.53.54:568][  0]SourceControl: 	Saved/Logs/InsertNameAdventure-backup-2017.08.31-14.50.29.log
[2017.09.01-23.53.54:568][  0]SourceControl: 	Saved/Logs/InsertNameAdventure-backup-2017.09.01-17.53.27.log
[2017.09.01-23.53.54:569][  0]LogContentStreaming: Texture pool size now 1000 MB
[2017.09.01-23.53.54:651][  0]LogSlate: Took 0.004786 seconds to synchronously load lazily loaded font '../../../Engine/Content/Slate/Fonts/Roboto-Light.ttf' (159K)
[2017.09.01-23.53.54:728][  1]LogAssetRegistry: Asset discovery search completed in 17.4896 seconds
[2017.09.01-23.53.54:732][  1]LogCollectionManager: Rebuilt the object cache for 0 collections in 0.000001 seconds (found 0 objects)
[2017.09.01-23.53.54:732][  1]LogCollectionManager: Fixed up redirectors for 0 collections in 0.000494 seconds (updated 0 objects)
[2017.09.01-23.53.58:902][405]LogEditorViewport: Clicking on Actor (LMB): PaperSpriteActor (New_Shroom_Backdrop_Sprite22)
[2017.09.01-23.53.59:712][470]LogFileCache: Retrieving MD5 hashes for directory 'C:/Users/rajjj/OneDrive/Documents/GitHub/DatBoiEntertainmetnGame_/Content/' took 5.18s
[2017.09.01-23.54.00:417][550]Cmd: DELETE
[2017.09.01-23.54.00:417][550]Cmd: ACTOR DELETE
[2017.09.01-23.54.00:429][550]LogEditorActor: Deleted Actor: PaperSpriteActor
[2017.09.01-23.54.00:440][550]LogEditorActor: Deleted 1 Actors (0.020 secs)
[2017.09.01-23.54.01:355][655]LogEditorViewport: Clicking on Actor (LMB): PaperSpriteActor (New_Shroom_Backdrop_Sprite23)
[2017.09.01-23.54.02:227][747]Cmd: DELETE
[2017.09.01-23.54.02:227][747]Cmd: ACTOR DELETE
[2017.09.01-23.54.02:228][747]LogEditorActor: Deleted Actor: PaperSpriteActor
[2017.09.01-23.54.02:238][747]LogEditorActor: Deleted 1 Actors (0.012 secs)
[2017.09.01-23.54.23:396][166]LogSlate: Took 0.000117 seconds to synchronously load lazily loaded font '../../../Engine/Content/Slate/Fonts/Roboto-Light.ttf' (159K)
[2017.09.01-23.54.23:456][166]LogFactory: FactoryCreateFile: Texture with ReimportTextureFactory (0 0 ../../../../../../Users/rajjj/Desktop/UE4 Art/Sprites/PNG/Shroom Backdrop.png)
[2017.09.01-23.54.23:467][166]LogTexture: Display: Building textures: Shroom_Backdrop (AutoDXT, 256X256)
[2017.09.01-23.54.23:565][167]LogParticles: Warning: Spawning 32000 GPU particles in one frame[2168]: RainFall4_PS/Particle Emitter
[2017.09.01-23.54.26:445][449]LogTexture: Display: Building textures: Shroom_Backdrop (BGRA8, 256X256)
[2017.09.01-23.54.27:678][586]LogContentBrowser: Native class hierarchy updated for 'TextureEditor' in 0.0005 seconds. Added 1 classes and 2 folders.
[2017.09.01-23.54.46:343][549]SourceControl: On branch V1.5.1
[2017.09.01-23.54.46:343][549]SourceControl: Your branch is up-to-date with 'origin/V1.5.1'.
[2017.09.01-23.54.46:343][549]SourceControl: Changes to be committed:
[2017.09.01-23.54.46:343][549]SourceControl:   (use "git reset HEAD <file>..." to unstage)
[2017.09.01-23.54.46:343][549]SourceControl: 	new file:   Content/2DSideScrollerBP/Maps/Levels/LevelSprites/Sprites/Rain_Forrest_Sprites/PNG/Rain_Forrest_Tree_Backdrop.uasset
[2017.09.01-23.54.46:344][549]SourceControl: 	new file:   Content/2DSideScrollerBP/Maps/Levels/LevelSprites/Sprites/Rain_Forrest_Sprites/Rain_Forrest_Tree_Backdrop_Sprite.uasset
[2017.09.01-23.54.46:344][549]SourceControl: Changes not staged for commit:
[2017.09.01-23.54.46:344][549]SourceControl:   (use "git add/rm <file>..." to update what will be committed)
[2017.09.01-23.54.46:344][549]SourceControl:   (use "git checkout -- <file>..." to discard changes in working directory)
[2017.09.01-23.54.46:344][549]SourceControl: 	modified:   Content/2DSideScrollerBP/Blueprints/UI/ActionSlot.uasset
[2017.09.01-23.54.46:344][549]SourceControl: 	modified:   Content/2DSideScrollerBP/Blueprints/UI/InventorySlot.uasset
[2017.09.01-23.54.46:344][549]SourceControl: 	modified:   Content/2DSideScrollerBP/Item/GrappleHook_BP.uasset
[2017.09.01-23.54.46:344][549]SourceControl: 	modified:   Content/2DSideScrollerBP/Maps/Levels/LevelSprites/Sprites/Materials/Comp_M_Inst_Inst_Inst.uasset
[2017.09.01-23.54.46:344][549]SourceControl: 	modified:   Content/2DSideScrollerBP/Maps/Levels/Rainforest_Alien.umap
[2017.09.01-23.54.46:344][549]SourceControl: 	modified:   Content/2DSideScrollerBP/Maps/Levels/Rainforest_Alien_BuiltData.uasset
[2017.09.01-23.54.46:344][549]SourceControl: 	modified:   Intermediate/AssetRegistryCache/c90e3f55.bin
[2017.09.01-23.54.46:345][549]SourceControl: 	modified:   Intermediate/CachedAssetRegistry.bin
[2017.09.01-23.54.46:345][549]SourceControl: 	modified:   Saved/AutoScreenshot.png
[2017.09.01-23.54.46:345][549]SourceControl: 	modified:   Saved/Autosaves/Game/2DSideScrollerBP/Blueprints/UI/ActionSlot_Auto1.uasset
[2017.09.01-23.54.46:345][549]SourceControl: 	modified:   Saved/Autosaves/Game/2DSideScrollerBP/Blueprints/UI/InventorySlot_Auto1.uasset
[2017.09.01-23.54.46:345][549]SourceControl: 	modified:   Saved/Autosaves/Game/2DSideScrollerBP/Maps/Levels/Rainforest_Alien_Auto1.umap
[2017.09.01-23.54.46:345][549]SourceControl: 	deleted:    Saved/Backup/Rainforest_Alien_2017-07-26-12-43-05.umap
[2017.09.01-23.54.46:345][549]SourceControl: 	deleted:    Saved/Backup/Rainforest_Alien_2017-07-31-15-45-08.umap
[2017.09.01-23.54.46:345][549]SourceControl: 	deleted:    Saved/Backup/Rainforest_Alien_2017-07-31-16-19-46.umap
[2017.09.01-23.54.46:345][549]SourceControl: 	deleted:    Saved/Backup/Rainforest_Alien_2017-07-31-16-34-45.umap
[2017.09.01-23.54.46:345][549]SourceControl: 	deleted:    Saved/Backup/Rainforest_Alien_2017-07-31-16-58-27.umap
[2017.09.01-23.54.46:346][549]SourceControl: 	deleted:    Saved/Backup/Rainforest_Alien_2017-07-31-17-16-05.umap
[2017.09.01-23.54.46:346][549]SourceControl: 	deleted:    Saved/Backup/Rainforest_Alien_2017-07-31-18-33-59.umap
[2017.09.01-23.54.46:346][549]SourceControl: 	deleted:    Saved/Backup/Rainforest_Alien_2017-07-31-19-02-38.umap
[2017.09.01-23.54.46:346][549]SourceControl: 	deleted:    Saved/Backup/Rainforest_Alien_2017-08-03-12-57-53.umap
[2017.09.01-23.54.46:346][549]SourceControl: 	deleted:    Saved/Backup/Rainforest_Alien_BuiltData_2017-08-04-18-21-22.uasset
[2017.09.01-23.54.46:346][549]SourceControl: 	deleted:    Saved/Backup/Rainforest_Alien_BuiltData_2017-08-08-19-55-22.uasset
[2017.09.01-23.54.46:346][549]SourceControl: 	deleted:    Saved/Config/CrashReportClient/UE4CC-Windows-1D7ABDF54D944C545E3B4DA65FB5EE7E/CrashReportClient.ini
[2017.09.01-23.54.46:346][549]SourceControl: 	deleted:    Saved/Config/CrashReportClient/UE4CC-Windows-4E997E5F4C30507F1F23D28283460BF6/CrashReportClient.ini
[2017.09.01-23.54.46:346][549]SourceControl: 	deleted:    Saved/Config/CrashReportClient/UE4CC-Windows-AF0DCDA6479000832D72AEBEE2E5FB69/CrashReportClient.ini
[2017.09.01-23.54.46:347][549]SourceControl: 	deleted:    Saved/Config/CrashReportClient/UE4CC-Windows-D058F36948810902655995A8C296FC8B/CrashReportClient.ini
[2017.09.01-23.54.46:347][549]SourceControl: 	modified:   Saved/Config/Windows/Editor.ini
[2017.09.01-23.54.46:347][549]SourceControl: 	modified:   Saved/Config/Windows/EditorPerProjectUserSettings.ini
[2017.09.01-23.54.46:347][549]SourceControl: 	modified:   Saved/Config/Windows/Engine.ini
[2017.09.01-23.54.46:347][549]SourceControl: 	deleted:    Saved/Logs/InsertNameAdventure-backup-2017.08.28-15.05.30.log
[2017.09.01-23.54.46:347][549]SourceControl: 	deleted:    Saved/Logs/InsertNameAdventure-backup-2017.08.28-19.29.59.log
[2017.09.01-23.54.46:347][549]SourceControl: 	deleted:    Saved/Logs/InsertNameAdventure-backup-2017.08.29-09.37.38.log
[2017.09.01-23.54.46:347][549]SourceControl: 	deleted:    Saved/Logs/InsertNameAdventure-backup-2017.08.29-18.08.28.log
[2017.09.01-23.54.46:347][549]SourceControl: 	modified:   Saved/Logs/InsertNameAdventure.log
[2017.09.01-23.54.46:347][549]SourceControl: Untracked files:
[2017.09.01-23.54.46:347][549]SourceControl:   (use "git add <file>..." to include in what will be committed)
[2017.09.01-23.54.46:348][549]SourceControl: 	Saved/Autosaves/Game/2DSideScrollerBP/Maps/Levels/LevelSprites/Sprites/Materials/Comp_M_Inst_Inst_Inst_Auto1.uasset
[2017.09.01-23.54.46:348][549]SourceControl: 	Saved/Backup/ActionSlot_2017-08-31-10-35-13.uasset
[2017.09.01-23.54.46:348][549]SourceControl: 	Saved/Backup/ActionSlot_2017-08-31-11-30-17.uasset
[2017.09.01-23.54.46:348][549]SourceControl: 	Saved/Backup/Comp_M_Inst_Inst_Inst_2017-08-31-10-35-14.uasset
[2017.09.01-23.54.46:348][549]SourceControl: 	Saved/Backup/Comp_M_Inst_Inst_Inst_2017-08-31-11-30-18.uasset
[2017.09.01-23.54.46:348][549]SourceControl: 	Saved/Backup/GrappleHook_BP_2017-08-31-10-32-28.uasset
[2017.09.01-23.54.46:348][549]SourceControl: 	Saved/Backup/InventorySlot_2017-08-31-10-35-14.uasset
[2017.09.01-23.54.46:348][549]SourceControl: 	Saved/Backup/InventorySlot_2017-08-31-11-30-17.uasset
[2017.09.01-23.54.46:348][549]SourceControl: 	Saved/Backup/Rainforest_Alien_2017-08-31-10-35-13.umap
[2017.09.01-23.54.46:348][549]SourceControl: 	Saved/Backup/Rainforest_Alien_2017-08-31-11-28-30.umap
[2017.09.01-23.54.46:349][549]SourceControl: 	Saved/Backup/Rainforest_Alien_2017-08-31-12-17-44.umap
[2017.09.01-23.54.46:349][549]SourceControl: 	Saved/Backup/Rainforest_Alien_2017-08-31-15-04-44.umap
[2017.09.01-23.54.46:349][549]SourceControl: 	Saved/Backup/Rainforest_Alien_2017-08-31-15-17-31.umap
[2017.09.01-23.54.46:349][549]SourceControl: 	Saved/Backup/Rainforest_Alien_BuiltData_2017-08-31-11-28-31.uasset
[2017.09.01-23.54.46:349][549]SourceControl: 	Saved/Backup/Rainforest_Alien_BuiltData_2017-08-31-12-17-45.uasset
[2017.09.01-23.54.46:349][549]SourceControl: 	Saved/Backup/Rainforest_Alien_BuiltData_2017-08-31-15-17-32.uasset
[2017.09.01-23.54.46:349][549]SourceControl: 	Saved/Config/CrashReportClient/UE4CC-Windows-4044D15C4DB4C4A860888D96A25CBB60/
[2017.09.01-23.54.46:349][549]SourceControl: 	Saved/Config/CrashReportClient/UE4CC-Windows-44EB792446F96296B27160A1989FE4F9/
[2017.09.01-23.54.46:349][549]SourceControl: 	Saved/Config/CrashReportClient/UE4CC-Windows-9F23E0D243D35BCA5DCB44847E92F85C/
[2017.09.01-23.54.46:349][549]SourceControl: 	Saved/Config/CrashReportClient/UE4CC-Windows-ABAA38594E578901FDDCB19D4A175DB4/
[2017.09.01-23.54.46:350][549]SourceControl: 	Saved/Logs/InsertNameAdventure-backup-2017.08.31-10.18.03.log
[2017.09.01-23.54.46:350][549]SourceControl: 	Saved/Logs/InsertNameAdventure-backup-2017.08.31-12.14.28.log
[2017.09.01-23.54.46:350][549]SourceControl: 	Saved/Logs/InsertNameAdventure-backup-2017.08.31-14.50.29.log
[2017.09.01-23.54.46:350][549]SourceControl: 	Saved/Logs/InsertNameAdventure-backup-2017.09.01-17.53.27.log
[2017.09.01-23.54.46:558][549]LogSavePackage: Save=10.81ms
[2017.09.01-23.54.46:559][549]LogSavePackage: Moving '../../../../../../Users/rajjj/OneDrive/Documents/GitHub/DatBoiEntertainmetnGame_/Saved/Shroom_Backdrop_SpriteD4FCD04447E58E52D180279D5D1FC88B.tmp' to '../../../../../../Users/rajjj/OneDrive/Documents/GitHub/DatBoiEntertainmetnGame_/Content/2DSideScrollerBP/Maps/Levels/LevelSprites/Sprites/Rain_Forrest_Sprites/Shroom_Backdrop_Sprite.uasset'
[2017.09.01-23.54.46:565][549]LogSavePackage: Display: Finished SavePackage ../../../../../../Users/rajjj/OneDrive/Documents/GitHub/DatBoiEntertainmetnGame_/Content/2DSideScrollerBP/Maps/Levels/LevelSprites/Sprites/Rain_Forrest_Sprites/Shroom_Backdrop_Sprite.uasset
[2017.09.01-23.54.46:914][550]LogParticles: Warning: Spawning 32000 GPU particles in one frame[4551]: RainFall4_PS/Particle Emitter
[2017.09.01-23.55.03:782][457]Cmd: TRANSACTION UNDO
[2017.09.01-23.55.03:782][457]LogEditorTransaction: Undo Create Actors
[2017.09.01-23.55.03:819][457]LogSlate: Took 0.000177 seconds to synchronously load lazily loaded font '../../../Engine/Content/Slate/Fonts/Roboto-Light.ttf' (159K)
[2017.09.01-23.55.04:442][521]Cmd: TRANSACTION UNDO
[2017.09.01-23.55.04:442][521]LogEditorTransaction: Undo Delete Actors
[2017.09.01-23.55.08:502][962]LogEditorViewport: Clicking on Actor (LMB): PaperSpriteActor (New_Shroom_Backdrop_Sprite23)
[2017.09.01-23.55.09:334][ 55]Cmd: DELETE
[2017.09.01-23.55.09:335][ 55]Cmd: ACTOR DELETE
[2017.09.01-23.55.09:336][ 55]LogEditorActor: Deleted Actor: PaperSpriteActor
[2017.09.01-23.55.09:347][ 55]LogEditorActor: Deleted 1 Actors (0.012 secs)
[2017.09.01-23.55.28:343][224]LogEditorViewport: Clicking on Actor (LMB): Skybox_BP_Rain_C (Skybox_BP_Rain)
[2017.09.01-23.55.30:446][435]LogEditorViewport: Clicking on Actor (LMB): PaperSpriteActor (Shroom_Backdrop_Sprite)
[2017.09.01-23.55.34:355][874]LogEditorViewport: Clicking on Actor (LMB): PaperSpriteActor (Mt_Backdrop_2_darker_Sprite17)
[2017.09.01-23.55.35:396][984]LogEditorViewport: Clicking on Actor (LMB): PaperSpriteActor (Shroom_Backdrop_Sprite)
[2017.09.01-23.55.39:238][421]LogEditorViewport: Clicking on Actor (LMB): Skybox_BP_Rain_C (Skybox_BP_Rain)
[2017.09.01-23.55.56:366][249]LogFactory: FactoryCreateFile: Texture with ReimportTextureFactory (0 0 ../../../../../../Users/rajjj/Desktop/UE4 Art/Sprites/PNG/Shrrom 1.png)
[2017.09.01-23.55.56:374][249]LogTexture: Display: Building textures: Shrrom_1 (AutoDXT, 32X32)
[2017.09.01-23.55.56:430][249]LogFactory: FactoryCreateFile: Texture with ReimportTextureFactory (0 0 ../../../../../../Users/rajjj/Desktop/UE4 Art/Sprites/PNG/Shrrom 2.png)
[2017.09.01-23.55.56:438][249]LogTexture: Display: Building textures: Shrrom_2 (AutoDXT, 32X32)
[2017.09.01-23.55.56:494][249]LogFactory: FactoryCreateFile: Texture with ReimportTextureFactory (0 0 ../../../../../../Users/rajjj/Desktop/UE4 Art/Sprites/PNG/Shrrom 3.png)
[2017.09.01-23.55.56:501][249]LogTexture: Display: Building textures: Shrrom_3 (AutoDXT, 32X32)
[2017.09.01-23.55.56:554][249]LogFactory: FactoryCreateFile: Texture with ReimportTextureFactory (0 0 ../../../../../../Users/rajjj/Desktop/UE4 Art/Sprites/PNG/Shrrom 4.png)
[2017.09.01-23.55.56:561][249]LogTexture: Display: Building textures: Shrrom_4 (BGRA8, 10X10)
[2017.09.01-23.55.56:614][249]LogFactory: FactoryCreateFile: Texture with ReimportTextureFactory (0 0 ../../../../../../Users/rajjj/Desktop/UE4 Art/Sprites/PNG/Shrrom 5.png)
[2017.09.01-23.55.56:621][249]LogTexture: Display: Building textures: Shrrom_5 (AutoDXT, 16X16)
[2017.09.01-23.55.56:673][249]LogFactory: FactoryCreateFile: Texture with ReimportTextureFactory (0 0 ../../../../../../Users/rajjj/Desktop/UE4 Art/Sprites/PNG/Shrrom 6.png)
[2017.09.01-23.55.56:681][249]LogTexture: Display: Building textures: Shrrom_6 (AutoDXT, 32X32)
[2017.09.01-23.55.56:746][250]LogParticles: Warning: Spawning 32000 GPU particles in one frame[11251]: RainFall4_PS/Particle Emitter
[2017.09.01-23.56.00:212][598]LogTexture: Display: Building textures: Shrrom_1 (BGRA8, 32X32)
[2017.09.01-23.56.00:220][598]LogTexture: Display: Building textures: Shrrom_2 (BGRA8, 32X32)
[2017.09.01-23.56.00:228][598]LogTexture: Display: Building textures: Shrrom_3 (BGRA8, 32X32)
[2017.09.01-23.56.00:242][598]LogTexture: Display: Building textures: Shrrom_5 (BGRA8, 16X16)
[2017.09.01-23.56.00:249][598]LogTexture: Display: Building textures: Shrrom_6 (BGRA8, 32X32)
[2017.09.01-23.56.04:063][951]LogParticles: Warning: Spawning 30301 GPU particles in one frame[11952]: RainFall4_PS/Particle Emitter
[2017.09.01-23.56.07:825][263]SourceControl: On branch V1.5.1
[2017.09.01-23.56.07:825][263]SourceControl: Your branch is up-to-date with 'origin/V1.5.1'.
[2017.09.01-23.56.07:825][263]SourceControl: Changes to be committed:
[2017.09.01-23.56.07:825][263]SourceControl:   (use "git reset HEAD <file>..." to unstage)
[2017.09.01-23.56.07:825][263]SourceControl: 	new file:   Content/2DSideScrollerBP/Maps/Levels/LevelSprites/Sprites/Rain_Forrest_Sprites/PNG/Rain_Forrest_Tree_Backdrop.uasset
[2017.09.01-23.56.07:825][263]SourceControl: 	new file:   Content/2DSideScrollerBP/Maps/Levels/LevelSprites/Sprites/Rain_Forrest_Sprites/Rain_Forrest_Tree_Backdrop_Sprite.uasset
[2017.09.01-23.56.07:825][263]SourceControl: 	new file:   Content/2DSideScrollerBP/Maps/Levels/LevelSprites/Sprites/Rain_Forrest_Sprites/Shroom_Backdrop_Sprite.uasset
[2017.09.01-23.56.07:825][263]SourceControl: Changes not staged for commit:
[2017.09.01-23.56.07:825][263]SourceControl:   (use "git add/rm <file>..." to update what will be committed)
[2017.09.01-23.56.07:825][263]SourceControl:   (use "git checkout -- <file>..." to discard changes in working directory)
[2017.09.01-23.56.07:826][263]SourceControl: 	modified:   Content/2DSideScrollerBP/Blueprints/UI/ActionSlot.uasset
[2017.09.01-23.56.07:826][263]SourceControl: 	modified:   Content/2DSideScrollerBP/Blueprints/UI/InventorySlot.uasset
[2017.09.01-23.56.07:826][263]SourceControl: 	modified:   Content/2DSideScrollerBP/Item/GrappleHook_BP.uasset
[2017.09.01-23.56.07:826][263]SourceControl: 	modified:   Content/2DSideScrollerBP/Maps/Levels/LevelSprites/Sprites/Materials/Comp_M_Inst_Inst_Inst.uasset
[2017.09.01-23.56.07:826][263]SourceControl: 	modified:   Content/2DSideScrollerBP/Maps/Levels/Rainforest_Alien.umap
[2017.09.01-23.56.07:826][263]SourceControl: 	modified:   Content/2DSideScrollerBP/Maps/Levels/Rainforest_Alien_BuiltData.uasset
[2017.09.01-23.56.07:826][263]SourceControl: 	modified:   Intermediate/AssetRegistryCache/c90e3f55.bin
[2017.09.01-23.56.07:826][263]SourceControl: 	modified:   Intermediate/CachedAssetRegistry.bin
[2017.09.01-23.56.07:826][263]SourceControl: 	modified:   Saved/AutoScreenshot.png
[2017.09.01-23.56.07:826][263]SourceControl: 	modified:   Saved/Autosaves/Game/2DSideScrollerBP/Blueprints/UI/ActionSlot_Auto1.uasset
[2017.09.01-23.56.07:826][263]SourceControl: 	modified:   Saved/Autosaves/Game/2DSideScrollerBP/Blueprints/UI/InventorySlot_Auto1.uasset
[2017.09.01-23.56.07:827][263]SourceControl: 	modified:   Saved/Autosaves/Game/2DSideScrollerBP/Maps/Levels/Rainforest_Alien_Auto1.umap
[2017.09.01-23.56.07:827][263]SourceControl: 	modified:   Saved/Autosaves/PackageRestoreData.json
[2017.09.01-23.56.07:827][263]SourceControl: 	deleted:    Saved/Backup/Rainforest_Alien_2017-07-26-12-43-05.umap
[2017.09.01-23.56.07:827][263]SourceControl: 	deleted:    Saved/Backup/Rainforest_Alien_2017-07-31-15-45-08.umap
[2017.09.01-23.56.07:827][263]SourceControl: 	deleted:    Saved/Backup/Rainforest_Alien_2017-07-31-16-19-46.umap
[2017.09.01-23.56.07:827][263]SourceControl: 	deleted:    Saved/Backup/Rainforest_Alien_2017-07-31-16-34-45.umap
[2017.09.01-23.56.07:827][263]SourceControl: 	deleted:    Saved/Backup/Rainforest_Alien_2017-07-31-16-58-27.umap
[2017.09.01-23.56.07:827][263]SourceControl: 	deleted:    Saved/Backup/Rainforest_Alien_2017-07-31-17-16-05.umap
[2017.09.01-23.56.07:827][263]SourceControl: 	deleted:    Saved/Backup/Rainforest_Alien_2017-07-31-18-33-59.umap
[2017.09.01-23.56.07:827][263]SourceControl: 	deleted:    Saved/Backup/Rainforest_Alien_2017-07-31-19-02-38.umap
[2017.09.01-23.56.07:827][263]SourceControl: 	deleted:    Saved/Backup/Rainforest_Alien_2017-08-03-12-57-53.umap
[2017.09.01-23.56.07:827][263]SourceControl: 	deleted:    Saved/Backup/Rainforest_Alien_BuiltData_2017-08-04-18-21-22.uasset
[2017.09.01-23.56.07:828][263]SourceControl: 	deleted:    Saved/Backup/Rainforest_Alien_BuiltData_2017-08-08-19-55-22.uasset
[2017.09.01-23.56.07:828][263]SourceControl: 	deleted:    Saved/Config/CrashReportClient/UE4CC-Windows-1D7ABDF54D944C545E3B4DA65FB5EE7E/CrashReportClient.ini
[2017.09.01-23.56.07:828][263]SourceControl: 	deleted:    Saved/Config/CrashReportClient/UE4CC-Windows-4E997E5F4C30507F1F23D28283460BF6/CrashReportClient.ini
[2017.09.01-23.56.07:828][263]SourceControl: 	deleted:    Saved/Config/CrashReportClient/UE4CC-Windows-AF0DCDA6479000832D72AEBEE2E5FB69/CrashReportClient.ini
[2017.09.01-23.56.07:828][263]SourceControl: 	deleted:    Saved/Config/CrashReportClient/UE4CC-Windows-D058F36948810902655995A8C296FC8B/CrashReportClient.ini
[2017.09.01-23.56.07:828][263]SourceControl: 	modified:   Saved/Config/Windows/Editor.ini
[2017.09.01-23.56.07:828][263]SourceControl: 	modified:   Saved/Config/Windows/EditorPerProjectUserSettings.ini
[2017.09.01-23.56.07:828][263]SourceControl: 	modified:   Saved/Config/Windows/Engine.ini
[2017.09.01-23.56.07:828][263]SourceControl: 	deleted:    Saved/Logs/InsertNameAdventure-backup-2017.08.28-15.05.30.log
[2017.09.01-23.56.07:828][263]SourceControl: 	deleted:    Saved/Logs/InsertNameAdventure-backup-2017.08.28-19.29.59.log
[2017.09.01-23.56.07:829][263]SourceControl: 	deleted:    Saved/Logs/InsertNameAdventure-backup-2017.08.29-09.37.38.log
[2017.09.01-23.56.07:829][263]SourceControl: 	deleted:    Saved/Logs/InsertNameAdventure-backup-2017.08.29-18.08.28.log
[2017.09.01-23.56.07:829][263]SourceControl: 	modified:   Saved/Logs/InsertNameAdventure.log
[2017.09.01-23.56.07:829][263]SourceControl: Untracked files:
[2017.09.01-23.56.07:829][263]SourceControl:   (use "git add <file>..." to include in what will be committed)
[2017.09.01-23.56.07:829][263]SourceControl: 	Saved/Autosaves/Game/2DSideScrollerBP/Maps/Levels/LevelSprites/Sprites/Materials/Comp_M_Inst_Inst_Inst_Auto1.uasset
[2017.09.01-23.56.07:829][263]SourceControl: 	Saved/Backup/ActionSlot_2017-08-31-10-35-13.uasset
[2017.09.01-23.56.07:829][263]SourceControl: 	Saved/Backup/ActionSlot_2017-08-31-11-30-17.uasset
[2017.09.01-23.56.07:829][263]SourceControl: 	Saved/Backup/Comp_M_Inst_Inst_Inst_2017-08-31-10-35-14.uasset
[2017.09.01-23.56.07:829][263]SourceControl: 	Saved/Backup/Comp_M_Inst_Inst_Inst_2017-08-31-11-30-18.uasset
[2017.09.01-23.56.07:829][263]SourceControl: 	Saved/Backup/GrappleHook_BP_2017-08-31-10-32-28.uasset
[2017.09.01-23.56.07:829][263]SourceControl: 	Saved/Backup/InventorySlot_2017-08-31-10-35-14.uasset
[2017.09.01-23.56.07:829][263]SourceControl: 	Saved/Backup/InventorySlot_2017-08-31-11-30-17.uasset
[2017.09.01-23.56.07:830][263]SourceControl: 	Saved/Backup/Rainforest_Alien_2017-08-31-10-35-13.umap
[2017.09.01-23.56.07:830][263]SourceControl: 	Saved/Backup/Rainforest_Alien_2017-08-31-11-28-30.umap
[2017.09.01-23.56.07:830][263]SourceControl: 	Saved/Backup/Rainforest_Alien_2017-08-31-12-17-44.umap
[2017.09.01-23.56.07:830][263]SourceControl: 	Saved/Backup/Rainforest_Alien_2017-08-31-15-04-44.umap
[2017.09.01-23.56.07:830][263]SourceControl: 	Saved/Backup/Rainforest_Alien_2017-08-31-15-17-31.umap
[2017.09.01-23.56.07:830][263]SourceControl: 	Saved/Backup/Rainforest_Alien_BuiltData_2017-08-31-11-28-31.uasset
[2017.09.01-23.56.07:830][263]SourceControl: 	Saved/Backup/Rainforest_Alien_BuiltData_2017-08-31-12-17-45.uasset
[2017.09.01-23.56.07:830][263]SourceControl: 	Saved/Backup/Rainforest_Alien_BuiltData_2017-08-31-15-17-32.uasset
[2017.09.01-23.56.07:830][263]SourceControl: 	Saved/Config/CrashReportClient/UE4CC-Windows-4044D15C4DB4C4A860888D96A25CBB60/
[2017.09.01-23.56.07:830][263]SourceControl: 	Saved/Config/CrashReportClient/UE4CC-Windows-44EB792446F96296B27160A1989FE4F9/
[2017.09.01-23.56.07:830][263]SourceControl: 	Saved/Config/CrashReportClient/UE4CC-Windows-9F23E0D243D35BCA5DCB44847E92F85C/
[2017.09.01-23.56.07:831][263]SourceControl: 	Saved/Config/CrashReportClient/UE4CC-Windows-ABAA38594E578901FDDCB19D4A175DB4/
[2017.09.01-23.56.07:831][263]SourceControl: 	Saved/Logs/InsertNameAdventure-backup-2017.08.31-10.18.03.log
[2017.09.01-23.56.07:831][263]SourceControl: 	Saved/Logs/InsertNameAdventure-backup-2017.08.31-12.14.28.log
[2017.09.01-23.56.07:831][263]SourceControl: 	Saved/Logs/InsertNameAdventure-backup-2017.08.31-14.50.29.log
[2017.09.01-23.56.07:831][263]SourceControl: 	Saved/Logs/InsertNameAdventure-backup-2017.09.01-17.53.27.log
[2017.09.01-23.56.08:312][263]LogSavePackage: Save=7.30ms
[2017.09.01-23.56.08:312][263]LogSavePackage: Moving '../../../../../../Users/rajjj/OneDrive/Documents/GitHub/DatBoiEntertainmetnGame_/Saved/Shrrom_1_Sprite53E576D644378D1D8C4170BD654DC76A.tmp' to '../../../../../../Users/rajjj/OneDrive/Documents/GitHub/DatBoiEntertainmetnGame_/Content/2DSideScrollerBP/Maps/Levels/LevelSprites/Sprites/Rain_Forrest_Sprites/Shrrom_1_Sprite.uasset'
[2017.09.01-23.56.08:315][263]LogSavePackage: Display: Finished SavePackage ../../../../../../Users/rajjj/OneDrive/Documents/GitHub/DatBoiEntertainmetnGame_/Content/2DSideScrollerBP/Maps/Levels/LevelSprites/Sprites/Rain_Forrest_Sprites/Shrrom_1_Sprite.uasset
[2017.09.01-23.56.08:419][263]LogSavePackage: Save=3.72ms
[2017.09.01-23.56.08:419][263]LogSavePackage: Moving '../../../../../../Users/rajjj/OneDrive/Documents/GitHub/DatBoiEntertainmetnGame_/Saved/Shrrom_2_Sprite4DA014434FFF354DC5141DB8FE487E8E.tmp' to '../../../../../../Users/rajjj/OneDrive/Documents/GitHub/DatBoiEntertainmetnGame_/Content/2DSideScrollerBP/Maps/Levels/LevelSprites/Sprites/Rain_Forrest_Sprites/Shrrom_2_Sprite.uasset'
[2017.09.01-23.56.08:422][263]LogSavePackage: Display: Finished SavePackage ../../../../../../Users/rajjj/OneDrive/Documents/GitHub/DatBoiEntertainmetnGame_/Content/2DSideScrollerBP/Maps/Levels/LevelSprites/Sprites/Rain_Forrest_Sprites/Shrrom_2_Sprite.uasset
[2017.09.01-23.56.08:527][263]LogSavePackage: Save=6.42ms
[2017.09.01-23.56.08:527][263]LogSavePackage: Moving '../../../../../../Users/rajjj/OneDrive/Documents/GitHub/DatBoiEntertainmetnGame_/Saved/Shrrom_3_SpriteFDAB635B435D1963BDAD47B84D004E59.tmp' to '../../../../../../Users/rajjj/OneDrive/Documents/GitHub/DatBoiEntertainmetnGame_/Content/2DSideScrollerBP/Maps/Levels/LevelSprites/Sprites/Rain_Forrest_Sprites/Shrrom_3_Sprite.uasset'
[2017.09.01-23.56.08:529][263]LogSavePackage: Display: Finished SavePackage ../../../../../../Users/rajjj/OneDrive/Documents/GitHub/DatBoiEntertainmetnGame_/Content/2DSideScrollerBP/Maps/Levels/LevelSprites/Sprites/Rain_Forrest_Sprites/Shrrom_3_Sprite.uasset
[2017.09.01-23.56.08:634][263]LogSavePackage: Save=6.96ms
[2017.09.01-23.56.08:635][263]LogSavePackage: Moving '../../../../../../Users/rajjj/OneDrive/Documents/GitHub/DatBoiEntertainmetnGame_/Saved/Shrrom_4_SpriteE696037E415D4409D76D82AA5CAEE3CE.tmp' to '../../../../../../Users/rajjj/OneDrive/Documents/GitHub/DatBoiEntertainmetnGame_/Content/2DSideScrollerBP/Maps/Levels/LevelSprites/Sprites/Rain_Forrest_Sprites/Shrrom_4_Sprite.uasset'
[2017.09.01-23.56.08:637][263]LogSavePackage: Display: Finished SavePackage ../../../../../../Users/rajjj/OneDrive/Documents/GitHub/DatBoiEntertainmetnGame_/Content/2DSideScrollerBP/Maps/Levels/LevelSprites/Sprites/Rain_Forrest_Sprites/Shrrom_4_Sprite.uasset
[2017.09.01-23.56.08:741][263]LogSavePackage: Save=6.29ms
[2017.09.01-23.56.08:741][263]LogSavePackage: Moving '../../../../../../Users/rajjj/OneDrive/Documents/GitHub/DatBoiEntertainmetnGame_/Saved/Shrrom_5_SpriteDF7B482F49CD9A437C9500A8522B2B78.tmp' to '../../../../../../Users/rajjj/OneDrive/Documents/GitHub/DatBoiEntertainmetnGame_/Content/2DSideScrollerBP/Maps/Levels/LevelSprites/Sprites/Rain_Forrest_Sprites/Shrrom_5_Sprite.uasset'
[2017.09.01-23.56.08:743][263]LogSavePackage: Display: Finished SavePackage ../../../../../../Users/rajjj/OneDrive/Documents/GitHub/DatBoiEntertainmetnGame_/Content/2DSideScrollerBP/Maps/Levels/LevelSprites/Sprites/Rain_Forrest_Sprites/Shrrom_5_Sprite.uasset
[2017.09.01-23.56.08:849][263]LogSavePackage: Save=6.70ms
[2017.09.01-23.56.08:849][263]LogSavePackage: Moving '../../../../../../Users/rajjj/OneDrive/Documents/GitHub/DatBoiEntertainmetnGame_/Saved/Shrrom_6_SpriteE82A8BE94B8566C43330979E1E935BEF.tmp' to '../../../../../../Users/rajjj/OneDrive/Documents/GitHub/DatBoiEntertainmetnGame_/Content/2DSideScrollerBP/Maps/Levels/LevelSprites/Sprites/Rain_Forrest_Sprites/Shrrom_6_Sprite.uasset'
[2017.09.01-23.56.08:851][263]LogSavePackage: Display: Finished SavePackage ../../../../../../Users/rajjj/OneDrive/Documents/GitHub/DatBoiEntertainmetnGame_/Content/2DSideScrollerBP/Maps/Levels/LevelSprites/Sprites/Rain_Forrest_Sprites/Shrrom_6_Sprite.uasset
[2017.09.01-23.56.09:644][264]LogParticles: Warning: Spawning 32000 GPU particles in one frame[12265]: RainFall4_PS/Particle Emitter
[2017.09.01-23.56.15:742][903]LogEditorViewport: Clicking on Actor (LMB): PaperSpriteActor (Shroom_Backdrop_Sprite)
[2017.09.01-23.56.19:147][267]LogEditorViewport: Clicking on Actor (LMB): Skybox_BP_Rain_C (Skybox_BP_Rain)
[2017.09.01-23.56.35:368][ 26]LogSavePackage: Save=864.83ms
[2017.09.01-23.56.35:368][ 26]LogSavePackage: Moving '../../../../../../Users/rajjj/OneDrive/Documents/GitHub/DatBoiEntertainmetnGame_/Saved/Rainforest_Alien2F172666480BC4152900E89C992716BD.tmp' to '../../../../../../Users/rajjj/OneDrive/Documents/GitHub/DatBoiEntertainmetnGame_/Content/2DSideScrollerBP/Maps/Levels/Rainforest_Alien.umap'
[2017.09.01-23.56.35:372][ 26]LogSavePackage: Display: Finished SavePackage ../../../../../../Users/rajjj/OneDrive/Documents/GitHub/DatBoiEntertainmetnGame_/Content/2DSideScrollerBP/Maps/Levels/Rainforest_Alien.umap
[2017.09.01-23.56.35:548][ 26]LogSavePackage: Save=10.18ms
[2017.09.01-23.56.35:548][ 26]LogSavePackage: Moving '../../../../../../Users/rajjj/OneDrive/Documents/GitHub/DatBoiEntertainmetnGame_/Saved/Rainforest_Alien_BuiltData35CF3681445B840ED333EDBCFAECECEF.tmp' to '../../../../../../Users/rajjj/OneDrive/Documents/GitHub/DatBoiEntertainmetnGame_/Content/2DSideScrollerBP/Maps/Levels/Rainforest_Alien_BuiltData.uasset'
[2017.09.01-23.56.35:549][ 26]LogSavePackage: Display: Finished SavePackage ../../../../../../Users/rajjj/OneDrive/Documents/GitHub/DatBoiEntertainmetnGame_/Content/2DSideScrollerBP/Maps/Levels/Rainforest_Alien_BuiltData.uasset
[2017.09.01-23.56.35:573][ 27]LogParticles: Warning: Spawning 32000 GPU particles in one frame[15028]: RainFall4_PS/Particle Emitter
[2017.09.01-23.56.39:075][261]LogSavePackage: Save=9.67ms
[2017.09.01-23.56.39:075][261]LogSavePackage: Moving '../../../../../../Users/rajjj/OneDrive/Documents/GitHub/DatBoiEntertainmetnGame_/Saved/Shroom_Backdrop42A9C78D401081DE91F30795BE1FA231.tmp' to '../../../../../../Users/rajjj/OneDrive/Documents/GitHub/DatBoiEntertainmetnGame_/Content/2DSideScrollerBP/Maps/Levels/LevelSprites/Sprites/Rain_Forrest_Sprites/PNG/Shroom_Backdrop.uasset'
[2017.09.01-23.56.39:078][261]LogSavePackage: Display: Finished SavePackage ../../../../../../Users/rajjj/OneDrive/Documents/GitHub/DatBoiEntertainmetnGame_/Content/2DSideScrollerBP/Maps/Levels/LevelSprites/Sprites/Rain_Forrest_Sprites/PNG/Shroom_Backdrop.uasset
[2017.09.01-23.56.39:176][261]LogSavePackage: Save=4.71ms
[2017.09.01-23.56.39:176][261]LogSavePackage: Moving '../../../../../../Users/rajjj/OneDrive/Documents/GitHub/DatBoiEntertainmetnGame_/Saved/Shrrom_12F19DA5C446F5368916936AADC84A234.tmp' to '../../../../../../Users/rajjj/OneDrive/Documents/GitHub/DatBoiEntertainmetnGame_/Content/2DSideScrollerBP/Maps/Levels/LevelSprites/Sprites/Rain_Forrest_Sprites/PNG/Shrrom_1.uasset'
[2017.09.01-23.56.39:178][261]LogSavePackage: Display: Finished SavePackage ../../../../../../Users/rajjj/OneDrive/Documents/GitHub/DatBoiEntertainmetnGame_/Content/2DSideScrollerBP/Maps/Levels/LevelSprites/Sprites/Rain_Forrest_Sprites/PNG/Shrrom_1.uasset
[2017.09.01-23.56.39:272][261]LogSavePackage: Save=4.47ms
[2017.09.01-23.56.39:272][261]LogSavePackage: Moving '../../../../../../Users/rajjj/OneDrive/Documents/GitHub/DatBoiEntertainmetnGame_/Saved/Shrrom_2E8F9BFFF401AE1C28A337D8B958C4C8E.tmp' to '../../../../../../Users/rajjj/OneDrive/Documents/GitHub/DatBoiEntertainmetnGame_/Content/2DSideScrollerBP/Maps/Levels/LevelSprites/Sprites/Rain_Forrest_Sprites/PNG/Shrrom_2.uasset'
[2017.09.01-23.56.39:275][261]LogSavePackage: Display: Finished SavePackage ../../../../../../Users/rajjj/OneDrive/Documents/GitHub/DatBoiEntertainmetnGame_/Content/2DSideScrollerBP/Maps/Levels/LevelSprites/Sprites/Rain_Forrest_Sprites/PNG/Shrrom_2.uasset
[2017.09.01-23.56.39:370][261]LogSavePackage: Save=4.38ms
[2017.09.01-23.56.39:371][261]LogSavePackage: Moving '../../../../../../Users/rajjj/OneDrive/Documents/GitHub/DatBoiEntertainmetnGame_/Saved/Shrrom_3DA98DF2044CD26E1AD519192D1C637F6.tmp' to '../../../../../../Users/rajjj/OneDrive/Documents/GitHub/DatBoiEntertainmetnGame_/Content/2DSideScrollerBP/Maps/Levels/LevelSprites/Sprites/Rain_Forrest_Sprites/PNG/Shrrom_3.uasset'
[2017.09.01-23.56.39:373][261]LogSavePackage: Display: Finished SavePackage ../../../../../../Users/rajjj/OneDrive/Documents/GitHub/DatBoiEntertainmetnGame_/Content/2DSideScrollerBP/Maps/Levels/LevelSprites/Sprites/Rain_Forrest_Sprites/PNG/Shrrom_3.uasset
[2017.09.01-23.56.39:468][261]LogSavePackage: Save=4.15ms
[2017.09.01-23.56.39:469][261]LogSavePackage: Moving '../../../../../../Users/rajjj/OneDrive/Documents/GitHub/DatBoiEntertainmetnGame_/Saved/Shrrom_4B18EBDAD4CFA9841EF226B8DC63E63C8.tmp' to '../../../../../../Users/rajjj/OneDrive/Documents/GitHub/DatBoiEntertainmetnGame_/Content/2DSideScrollerBP/Maps/Levels/LevelSprites/Sprites/Rain_Forrest_Sprites/PNG/Shrrom_4.uasset'
[2017.09.01-23.56.39:471][261]LogSavePackage: Display: Finished SavePackage ../../../../../../Users/rajjj/OneDrive/Documents/GitHub/DatBoiEntertainmetnGame_/Content/2DSideScrollerBP/Maps/Levels/LevelSprites/Sprites/Rain_Forrest_Sprites/PNG/Shrrom_4.uasset
[2017.09.01-23.56.39:565][261]LogSavePackage: Save=4.19ms
[2017.09.01-23.56.39:565][261]LogSavePackage: Moving '../../../../../../Users/rajjj/OneDrive/Documents/GitHub/DatBoiEntertainmetnGame_/Saved/Shrrom_5D683EBB74B6483AF60F60496D053880E.tmp' to '../../../../../../Users/rajjj/OneDrive/Documents/GitHub/DatBoiEntertainmetnGame_/Content/2DSideScrollerBP/Maps/Levels/LevelSprites/Sprites/Rain_Forrest_Sprites/PNG/Shrrom_5.uasset'
[2017.09.01-23.56.39:568][261]LogSavePackage: Display: Finished SavePackage ../../../../../../Users/rajjj/OneDrive/Documents/GitHub/DatBoiEntertainmetnGame_/Content/2DSideScrollerBP/Maps/Levels/LevelSprites/Sprites/Rain_Forrest_Sprites/PNG/Shrrom_5.uasset
[2017.09.01-23.56.39:663][261]LogSavePackage: Save=4.41ms
[2017.09.01-23.56.39:663][261]LogSavePackage: Moving '../../../../../../Users/rajjj/OneDrive/Documents/GitHub/DatBoiEntertainmetnGame_/Saved/Shrrom_6D7CAF8FF4B2EF654E70303A3ABC81FF0.tmp' to '../../../../../../Users/rajjj/OneDrive/Documents/GitHub/DatBoiEntertainmetnGame_/Content/2DSideScrollerBP/Maps/Levels/LevelSprites/Sprites/Rain_Forrest_Sprites/PNG/Shrrom_6.uasset'
[2017.09.01-23.56.39:666][261]LogSavePackage: Display: Finished SavePackage ../../../../../../Users/rajjj/OneDrive/Documents/GitHub/DatBoiEntertainmetnGame_/Content/2DSideScrollerBP/Maps/Levels/LevelSprites/Sprites/Rain_Forrest_Sprites/PNG/Shrrom_6.uasset
[2017.09.01-23.56.39:831][261]LogWindowsTextInputMethodSystem: Display: IME system now deactivated.
[2017.09.01-23.56.39:959][262]Cmd: QUIT_EDITOR
[2017.09.01-23.56.40:014][262]LogExit: Preparing to exit.
[2017.09.01-23.56.41:109][262]LogDirectoryWatcher: A directory notification failed for 'C:/Users/rajjj/OneDrive/Documents/GitHub/DatBoiEntertainmetnGame_/Content/', and we were unable to create a new request.
[2017.09.01-23.56.41:144][262]LogExit: Editor shut down
[2017.09.01-23.56.41:148][262]LogExit: Transaction tracking system shut down
[2017.09.01-23.56.41:386][262]LogDirectoryWatcher: A directory notification for '../../../Engine/Content/' was aborted.
[2017.09.01-23.56.41:386][262]LogDirectoryWatcher: A directory notification for '../../../../../../Users/rajjj/OneDrive/Documents/GitHub/DatBoiEntertainmetnGame_/Content/' was aborted.
[2017.09.01-23.56.41:387][262]LogDirectoryWatcher: A directory notification for '../../../Engine/Plugins/2D/Paper2D/Content/' was aborted.
[2017.09.01-23.56.41:387][262]LogDirectoryWatcher: A directory notification for '../../../Engine/Plugins/Runtime/Oculus/OculusVR/Content/' was aborted.
[2017.09.01-23.56.41:387][262]LogDirectoryWatcher: A directory notification for '../../../Engine/Plugins/Runtime/Steam/SteamVR/Content/' was aborted.
[2017.09.01-23.56.41:477][262]LogExit: Object subsystem successfully closed.
[2017.09.01-23.56.41:507][262]LogD3D11RHI: Shutdown
[2017.09.01-23.56.41:507][262]LogD3D11RHI: CleanupD3DDevice
[2017.09.01-23.56.41:586][262]LogD3D11RHI: ~FD3D11DynamicRHI
[2017.09.01-23.56.41:616][262]LogModuleManager: Shutting down and abandoning module TextureEditor (532)
[2017.09.01-23.56.41:616][262]LogModuleManager: Shutting down and abandoning module HierarchicalLODOutliner (530)
[2017.09.01-23.56.41:616][262]LogModuleManager: Shutting down and abandoning module SceneOutliner (528)
[2017.09.01-23.56.41:616][262]LogModuleManager: Shutting down and abandoning module AddContentDialog (526)
[2017.09.01-23.56.41:616][262]LogDirectoryWatcher: A directory notification for 'C:/Program Files/Epic Games/UE_4.17/FeaturePacks/' was aborted.
[2017.09.01-23.56.41:617][262]LogModuleManager: Shutting down and abandoning module WidgetCarousel (525)
[2017.09.01-23.56.41:617][262]LogModuleManager: Shutting down and abandoning module EditorWidgets (522)
[2017.09.01-23.56.41:617][262]LogModuleManager: Shutting down and abandoning module CollectionManager (520)
[2017.09.01-23.56.41:618][262]LogDirectoryWatcher: A directory notification for 'C:/Users/rajjj/OneDrive/Documents/GitHub/DatBoiEntertainmetnGame_/Content/Collections/' was aborted.
[2017.09.01-23.56.41:618][262]LogDirectoryWatcher: A directory notification for 'C:/Users/rajjj/OneDrive/Documents/GitHub/DatBoiEntertainmetnGame_/Content/Developers/rajjj/Collections/' was aborted.
[2017.09.01-23.56.41:618][262]LogDirectoryWatcher: A directory notification for 'C:/Users/rajjj/OneDrive/Documents/GitHub/DatBoiEntertainmetnGame_/Saved/Collections/' was aborted.
[2017.09.01-23.56.41:618][262]LogModuleManager: Shutting down and abandoning module StatsViewer (518)
[2017.09.01-23.56.41:619][262]LogModuleManager: Shutting down and abandoning module FoliageEdit (516)
[2017.09.01-23.56.41:619][262]LogModuleManager: Shutting down and abandoning module LandscapeEditor (514)
[2017.09.01-23.56.41:619][262]LogModuleManager: Shutting down and abandoning module MeshPaintMode (512)
[2017.09.01-23.56.41:619][262]LogModuleManager: Shutting down and abandoning module SceneDepthPickerMode (510)
[2017.09.01-23.56.41:619][262]LogModuleManager: Shutting down and abandoning module ActorPickerMode (508)
[2017.09.01-23.56.41:619][262]LogModuleManager: Shutting down and abandoning module GeometryMode (506)
[2017.09.01-23.56.41:619][262]LogModuleManager: Shutting down and abandoning module TextureAlignMode (504)
[2017.09.01-23.56.41:619][262]LogModuleManager: Shutting down and abandoning module BspMode (502)
[2017.09.01-23.56.41:619][262]LogModuleManager: Shutting down and abandoning module PIEPreviewDeviceProfileSelector (500)
[2017.09.01-23.56.41:619][262]LogModuleManager: Shutting down and abandoning module HardwareSurvey (498)
[2017.09.01-23.56.41:619][262]LogModuleManager: Shutting down and abandoning module SequenceRecorderSections (496)
[2017.09.01-23.56.41:620][262]LogModuleManager: Shutting down and abandoning module AutomationWorker (494)
[2017.09.01-23.56.41:620][262]LogModuleManager: Shutting down and abandoning module MatineeToLevelSequence (492)
[2017.09.01-23.56.41:620][262]LogModuleManager: Shutting down and abandoning module LevelSequenceEditor (490)
[2017.09.01-23.56.41:622][262]LogModuleManager: Shutting down and abandoning module PlacementMode (489)
[2017.09.01-23.56.41:622][262]LogModuleManager: Shutting down and abandoning module WmfMediaFactory (486)
[2017.09.01-23.56.41:622][262]LogModuleManager: Shutting down and abandoning module WmfMediaEditor (484)
[2017.09.01-23.56.41:622][262]LogModuleManager: Shutting down and abandoning module AvfMediaFactory (482)
[2017.09.01-23.56.41:622][262]LogModuleManager: Shutting down and abandoning module AvfMediaEditor (480)
[2017.09.01-23.56.41:622][262]LogModuleManager: Shutting down and abandoning module AndroidMediaFactory (478)
[2017.09.01-23.56.41:622][262]LogModuleManager: Shutting down and abandoning module Media (477)
[2017.09.01-23.56.41:622][262]LogModuleManager: Shutting down and abandoning module AndroidMediaEditor (474)
[2017.09.01-23.56.41:622][262]LogModuleManager: Shutting down and abandoning module CharacterAI (472)
[2017.09.01-23.56.41:622][262]LogModuleManager: Shutting down and abandoning module AudioCapture (470)
[2017.09.01-23.56.41:622][262]LogModuleManager: Shutting down and abandoning module SequenceRecorder (469)
[2017.09.01-23.56.41:622][262]LogModuleManager: Shutting down and abandoning module SmartSnapping (466)
[2017.09.01-23.56.41:622][262]LogModuleManager: Shutting down and abandoning module SessionServices (464)
[2017.09.01-23.56.41:622][262]LogModuleManager: Shutting down and abandoning module ViewportSnapping (462)
[2017.09.01-23.56.41:622][262]LogModuleManager: Shutting down and abandoning module ViewportInteraction (460)
[2017.09.01-23.56.41:622][262]LogModuleManager: Shutting down and abandoning module ClothPainter (458)
[2017.09.01-23.56.41:623][262]LogModuleManager: Shutting down and abandoning module LogVisualizer (456)
[2017.09.01-23.56.41:624][262]LogModuleManager: Shutting down and abandoning module IntroTutorials (454)
[2017.09.01-23.56.41:624][262]LogModuleManager: Shutting down and abandoning module GameProjectGeneration (453)
[2017.09.01-23.56.41:625][262]LogModuleManager: Shutting down and abandoning module IOSPlatformEditor (450)
[2017.09.01-23.56.41:625][262]LogModuleManager: Shutting down and abandoning module HTML5PlatformEditor (448)
[2017.09.01-23.56.41:625][262]LogModuleManager: Shutting down and abandoning module AndroidPlatformEditor (446)
[2017.09.01-23.56.41:625][262]LogModuleManager: Shutting down and abandoning module AndroidDeviceDetection (445)
[2017.09.01-23.56.41:996][262]LogModuleManager: Shutting down and abandoning module WindowsPlatformEditor (442)
[2017.09.01-23.56.41:996][262]LogModuleManager: Shutting down and abandoning module IOSRuntimeSettings (440)
[2017.09.01-23.56.41:996][262]LogModuleManager: Shutting down and abandoning module AndroidRuntimeSettings (438)
[2017.09.01-23.56.41:996][262]LogModuleManager: Shutting down and abandoning module InputBindingEditor (436)
[2017.09.01-23.56.41:996][262]LogModuleManager: Shutting down and abandoning module MergeActors (434)
[2017.09.01-23.56.41:997][262]LogModuleManager: Shutting down and abandoning module SizeMap (432)
[2017.09.01-23.56.41:997][262]LogModuleManager: Shutting down and abandoning module TreeMap (430)
[2017.09.01-23.56.41:998][262]LogModuleManager: Shutting down and abandoning module ReferenceViewer (428)
[2017.09.01-23.56.41:998][262]LogModuleManager: Shutting down and abandoning module LocalizationDashboard (426)
[2017.09.01-23.56.41:999][262]LogModuleManager: Shutting down and abandoning module LocalizationService (425)
[2017.09.01-23.56.41:999][262]LogModuleManager: Shutting down and abandoning module HardwareTargeting (422)
[2017.09.01-23.56.41:999][262]LogModuleManager: Shutting down and abandoning module DeviceProfileEditor (420)
[2017.09.01-23.56.41:999][262]LogModuleManager: Shutting down and abandoning module UndoHistory (418)
[2017.09.01-23.56.41:999][262]LogModuleManager: Shutting down and abandoning module XmlParser (416)
[2017.09.01-23.56.42:000][262]LogModuleManager: Shutting down and abandoning module Blutility (414)
[2017.09.01-23.56.42:000][262]LogModuleManager: Shutting down and abandoning module ProjectSettingsViewer (412)
[2017.09.01-23.56.42:000][262]LogModuleManager: Shutting down and abandoning module ProjectTargetPlatformEditor (411)
[2017.09.01-23.56.42:000][262]LogModuleManager: Shutting down and abandoning module EditorSettingsViewer (408)
[2017.09.01-23.56.42:000][262]LogModuleManager: Shutting down and abandoning module SettingsEditor (406)
[2017.09.01-23.56.42:000][262]LogModuleManager: Shutting down and abandoning module ProjectLauncher (404)
[2017.09.01-23.56.42:001][262]LogModuleManager: Shutting down and abandoning module SessionFrontend (402)
[2017.09.01-23.56.42:001][262]LogModuleManager: Shutting down and abandoning module ProfilerClient (400)
[2017.09.01-23.56.42:001][262]LogModuleManager: Shutting down and abandoning module DeviceManager (398)
[2017.09.01-23.56.42:001][262]LogModuleManager: Shutting down and abandoning module TargetDeviceServices (397)
[2017.09.01-23.56.42:054][262]LogModuleManager: Shutting down and abandoning module AutomationController (394)
[2017.09.01-23.56.42:055][262]LogModuleManager: Shutting down and abandoning module AutomationWindow (392)
[2017.09.01-23.56.42:056][262]LogModuleManager: Shutting down and abandoning module Layers (390)
[2017.09.01-23.56.42:057][262]LogModuleManager: Shutting down and abandoning module ComponentVisualizers (388)
[2017.09.01-23.56.42:057][262]LogModuleManager: Shutting down and abandoning module DetailCustomizations (386)
[2017.09.01-23.56.42:058][262]LogModuleManager: Shutting down and abandoning module PackagesDialog (384)
[2017.09.01-23.56.42:058][262]LogModuleManager: Shutting down and abandoning module Persona (382)
[2017.09.01-23.56.42:059][262]LogModuleManager: Shutting down and abandoning module AdvancedPreviewScene (381)
[2017.09.01-23.56.42:059][262]LogModuleManager: Shutting down and abandoning module AnimGraph (379)
[2017.09.01-23.56.42:059][262]LogModuleManager: Shutting down and abandoning module Kismet (376)
[2017.09.01-23.56.42:063][262]LogModuleManager: Shutting down and abandoning module ClassViewer (374)
[2017.09.01-23.56.42:063][262]LogModuleManager: Shutting down and abandoning module Toolbox (372)
[2017.09.01-23.56.42:063][262]LogModuleManager: Shutting down and abandoning module ModuleUI (370)
[2017.09.01-23.56.42:064][262]LogModuleManager: Shutting down and abandoning module MovieSceneTools (368)
[2017.09.01-23.56.42:065][262]LogModuleManager: Shutting down and abandoning module OutputLog (366)
[2017.09.01-23.56.42:065][262]LogModuleManager: Shutting down and abandoning module GammaUI (364)
[2017.09.01-23.56.42:066][262]LogModuleManager: Shutting down and abandoning module Documentation (362)
[2017.09.01-23.56.42:066][262]LogModuleManager: Shutting down and abandoning module MovieSceneTracks (360)
[2017.09.01-23.56.42:066][262]LogModuleManager: Shutting down and abandoning module MovieScene (358)
[2017.09.01-23.56.42:066][262]LogModuleManager: Shutting down and abandoning module Niagara (356)
[2017.09.01-23.56.42:066][262]LogModuleManager: Shutting down and abandoning module NiagaraEditor (355)
[2017.09.01-23.56.42:067][262]LogModuleManager: Shutting down and abandoning module StreamingPauseRendering (352)
[2017.09.01-23.56.42:067][262]LogModuleManager: Shutting down and abandoning module LauncherPlatform (350)
[2017.09.01-23.56.42:068][262]LogModuleManager: Shutting down and abandoning module AnalyticsET (348)
[2017.09.01-23.56.42:068][262]LogModuleManager: Shutting down and abandoning module PortalServices (346)
[2017.09.01-23.56.42:068][262]LogModuleManager: Shutting down and abandoning module PortalRpc (344)
[2017.09.01-23.56.42:068][262]LogModuleManager: Shutting down and abandoning module MessagingRpc (342)
[2017.09.01-23.56.42:068][262]LogModuleManager: Shutting down and abandoning module AIModule (340)
[2017.09.01-23.56.42:068][262]LogModuleManager: Shutting down and abandoning module GameplayDebugger (339)
[2017.09.01-23.56.42:069][262]LogModuleManager: Shutting down and abandoning module AITestSuite (337)
[2017.09.01-23.56.42:069][262]LogModuleManager: Shutting down and abandoning module ProfilerService (334)
[2017.09.01-23.56.42:121][262]LogModuleManager: Shutting down and abandoning module TaskGraph (332)
[2017.09.01-23.56.42:122][262]LogModuleManager: Shutting down and abandoning module SteamVRController (330)
[2017.09.01-23.56.42:122][262]LogModuleManager: Shutting down and abandoning module ProceduralMeshComponentEditor (328)
[2017.09.01-23.56.42:122][262]LogModuleManager: Shutting down and abandoning module ProceduralMeshComponent (326)
[2017.09.01-23.56.42:122][262]LogModuleManager: Shutting down and abandoning module OculusInput (324)
[2017.09.01-23.56.42:123][262]LogModuleManager: Shutting down and abandoning module MobilePatchingUtils (322)
[2017.09.01-23.56.42:123][262]LogModuleManager: Shutting down and abandoning module CustomMeshComponent (320)
[2017.09.01-23.56.42:123][262]LogModuleManager: Shutting down and abandoning module CableComponent (318)
[2017.09.01-23.56.42:123][262]LogModuleManager: Shutting down and abandoning module ArchVisCharacter (316)
[2017.09.01-23.56.42:123][262]LogModuleManager: Shutting down and abandoning module AndroidPermission (314)
[2017.09.01-23.56.42:123][262]LogModuleManager: Shutting down and abandoning module MediaPlayerEditor (310)
[2017.09.01-23.56.42:125][262]LogModuleManager: Shutting down and abandoning module HTML5Networking (308)
[2017.09.01-23.56.42:125][262]LogModuleManager: Shutting down and abandoning module AlembicImporter (306)
[2017.09.01-23.56.42:125][262]LogModuleManager: Shutting down and abandoning module AlembicLibrary (305)
[2017.09.01-23.56.42:126][262]LogModuleManager: Shutting down and abandoning module GeometryCache (304)
[2017.09.01-23.56.42:126][262]LogModuleManager: Shutting down and abandoning module GeometryCacheEd (303)
[2017.09.01-23.56.42:126][262]LogModuleManager: Shutting down and abandoning module SpeedTreeImporter (298)
[2017.09.01-23.56.42:126][262]LogModuleManager: Shutting down and abandoning module PluginBrowser (296)
[2017.09.01-23.56.42:129][262]LogModuleManager: Shutting down and abandoning module MobileLauncherProfileWizard (294)
[2017.09.01-23.56.42:129][262]LogModuleManager: Shutting down and abandoning module VisualStudioSourceCodeAccess (292)
[2017.09.01-23.56.42:130][262]LogModuleManager: Shutting down and abandoning module DesktopPlatform (291)
[2017.09.01-23.56.42:130][262]LogModuleManager: Shutting down and abandoning module UObjectPlugin (288)
[2017.09.01-23.56.42:130][262]LogModuleManager: Shutting down and abandoning module SubversionSourceControl (286)
[2017.09.01-23.56.42:131][262]LogModuleManager: Shutting down and abandoning module PerforceSourceControl (284)
[2017.09.01-23.56.42:132][262]LogModuleManager: Shutting down and abandoning module GitSourceControl (282)
[2017.09.01-23.56.42:132][262]LogModuleManager: Shutting down and abandoning module SourceControl (281)
[2017.09.01-23.56.42:133][262]LogModuleManager: Shutting down and abandoning module LightPropagationVolumeEditor (278)
[2017.09.01-23.56.42:133][262]LogModuleManager: Shutting down and abandoning module PaperTiledImporter (276)
[2017.09.01-23.56.42:133][262]LogModuleManager: Shutting down and abandoning module PaperSpriteSheetImporter (274)
[2017.09.01-23.56.42:133][262]LogModuleManager: Shutting down and abandoning module Paper2DEditor (272)
[2017.09.01-23.56.42:133][262]LogModuleManager: Shutting down and abandoning module MeshPaint (271)
[2017.09.01-23.56.42:134][262]LogModuleManager: Shutting down and abandoning module LevelEditor (269)
[2017.09.01-23.56.42:137][262]LogModuleManager: Shutting down and abandoning module PixelInspectorModule (268)
[2017.09.01-23.56.42:137][262]LogModuleManager: Shutting down and abandoning module MainFrame (266)
[2017.09.01-23.56.42:137][262]LogModuleManager: Shutting down and abandoning module HotReload (265)
[2017.09.01-23.56.42:139][262]LogModuleManager: Shutting down and abandoning module RuntimePhysXCooking (260)
[2017.09.01-23.56.42:139][262]LogModuleManager: Shutting down and abandoning module PhysXVehiclesEditor (258)
[2017.09.01-23.56.42:139][262]LogModuleManager: Shutting down and abandoning module PhysXVehicles (256)
[2017.09.01-23.56.42:139][262]LogModuleManager: Shutting down and abandoning module OculusEditor (254)
[2017.09.01-23.56.42:139][262]LogModuleManager: Shutting down and abandoning module LocationServicesBPLibrary (252)
[2017.09.01-23.56.42:139][262]LogModuleManager: Shutting down and abandoning module ImmediatePhysicsEditor (250)
[2017.09.01-23.56.42:139][262]LogModuleManager: Shutting down and abandoning module ImmediatePhysics (248)
[2017.09.01-23.56.42:140][262]LogModuleManager: Shutting down and abandoning module UdpMessaging (246)
[2017.09.01-23.56.42:241][262]LogModuleManager: Shutting down and abandoning module TcpMessaging (244)
[2017.09.01-23.56.42:342][262]LogModuleManager: Shutting down and abandoning module GameplayTagsEditor (242)
[2017.09.01-23.56.42:343][262]LogModuleManager: Shutting down and abandoning module FacialAnimationEditor (240)
[2017.09.01-23.56.42:344][262]LogModuleManager: Shutting down and abandoning module FacialAnimation (238)
[2017.09.01-23.56.42:344][262]LogModuleManager: Shutting down and abandoning module AssetManagerEditor (236)
[2017.09.01-23.56.42:345][262]LogModuleManager: Shutting down and abandoning module GraphEditor (235)
[2017.09.01-23.56.42:347][262]LogModuleManager: Shutting down and abandoning module ContentBrowser (233)
[2017.09.01-23.56.42:349][262]LogModuleManager: Shutting down and abandoning module LightPropagationVolumeRuntime (230)
[2017.09.01-23.56.42:349][262]LogModuleManager: Shutting down and abandoning module Paper2D (228)
[2017.09.01-23.56.42:350][262]LogModuleManager: Shutting down and abandoning module WindowsMoviePlayer (226)
[2017.09.01-23.56.42:350][262]LogModuleManager: Shutting down and abandoning module WmfMedia (224)
[2017.09.01-23.56.42:350][262]LogModuleManager: Shutting down and abandoning module PacketHandler (222)
[2017.09.01-23.56.42:351][262]LogModuleManager: Shutting down and abandoning module ClothingSystemEditor (220)
[2017.09.01-23.56.42:351][262]LogModuleManager: Shutting down and abandoning module ClothingSystemRuntime (218)
[2017.09.01-23.56.42:352][262]LogModuleManager: Shutting down and abandoning module Overlay (216)
[2017.09.01-23.56.42:352][262]LogModuleManager: Shutting down and abandoning module OverlayEditor (215)
[2017.09.01-23.56.42:352][262]LogModuleManager: Shutting down and abandoning module MediaAssets (212)
[2017.09.01-23.56.42:352][262]LogModuleManager: Shutting down and abandoning module VREditor (210)
[2017.09.01-23.56.42:353][262]LogModuleManager: Shutting down and abandoning module StringTableEditor (208)
[2017.09.01-23.56.42:353][262]LogModuleManager: Shutting down and abandoning module GameplayTasksEditor (206)
[2017.09.01-23.56.42:354][262]LogModuleManager: Shutting down and abandoning module BehaviorTreeEditor (204)
[2017.09.01-23.56.42:356][262]LogModuleManager: Shutting down and abandoning module FunctionalTesting (202)
[2017.09.01-23.56.42:356][262]LogModuleManager: Shutting down and abandoning module CollisionAnalyzer (200)
[2017.09.01-23.56.42:357][262]LogModuleManager: Shutting down and abandoning module WorkspaceMenuStructure (199)
[2017.09.01-23.56.42:357][262]LogModuleManager: Shutting down and abandoning module UMG (196)
[2017.09.01-23.56.42:357][262]LogModuleManager: Shutting down and abandoning module UMGEditor (195)
[2017.09.01-23.56.42:358][262]LogModuleManager: Shutting down and abandoning module Sequencer (194)
[2017.09.01-23.56.42:359][262]LogModuleManager: Shutting down and abandoning module MessageLog (191)
[2017.09.01-23.56.42:359][262]LogModuleManager: Shutting down and abandoning module SlateReflector (186)
[2017.09.01-23.56.42:361][262]LogModuleManager: Shutting down and abandoning module Slate (184)
[2017.09.01-23.56.42:361][262]LogModuleManager: Shutting down and abandoning module EditorStyle (182)
[2017.09.01-23.56.42:369][262]LogModuleManager: Shutting down and abandoning module MRMesh (180)
[2017.09.01-23.56.42:369][262]LogModuleManager: Shutting down and abandoning module SourceCodeAccess (178)
[2017.09.01-23.56.42:369][262]LogModuleManager: Shutting down and abandoning module HeadMountedDisplay (176)
[2017.09.01-23.56.42:370][262]LogModuleManager: Shutting down and abandoning module XAudio2 (174)
[2017.09.01-23.56.42:370][262]LogModuleManager: Shutting down and abandoning module Networking (172)
[2017.09.01-23.56.42:370][262]LogModuleManager: Shutting down and abandoning module Core (168)
[2017.09.01-23.56.42:370][262]LogModuleManager: Shutting down and abandoning module KismetCompiler (164)
[2017.09.01-23.56.42:370][262]LogModuleManager: Shutting down and abandoning module LevelSequence (162)
[2017.09.01-23.56.42:370][262]LogModuleManager: Shutting down and abandoning module MeshUtilities (160)
[2017.09.01-23.56.42:371][262]LogModuleManager: Shutting down and abandoning module MeshMergeUtilities (159)
[2017.09.01-23.56.42:372][262]LogModuleManager: Shutting down and abandoning module MeshReductionInterface (158)
[2017.09.01-23.56.42:372][262]LogModuleManager: Shutting down and abandoning module SimplygonSwarm (157)
[2017.09.01-23.56.42:372][262]LogModuleManager: Shutting down and abandoning module SimplygonMeshReduction (155)
[2017.09.01-23.56.42:373][262]LogModuleManager: Shutting down and abandoning module QuadricMeshReduction (153)
[2017.09.01-23.56.42:373][262]LogModuleManager: Shutting down and abandoning module MaterialBaking (149)
[2017.09.01-23.56.42:374][262]LogModuleManager: Shutting down and abandoning module DirectoryWatcher (146)
[2017.09.01-23.56.42:376][262]LogModuleManager: Shutting down and abandoning module DerivedDataCache (144)
[2017.09.01-23.56.42:394][262]LogDerivedDataCache: Shutdown
[2017.09.01-23.56.42:394][262]LogModuleManager: Shutting down and abandoning module TargetPlatform (142)
[2017.09.01-23.56.42:394][262]LogModuleManager: Shutting down and abandoning module VulkanShaderFormat (141)
[2017.09.01-23.56.42:395][262]LogModuleManager: Shutting down and abandoning module ShaderFormatVectorVM (139)
[2017.09.01-23.56.42:395][262]LogModuleManager: Shutting down and abandoning module ShaderFormatOpenGL (137)
[2017.09.01-23.56.42:396][262]LogModuleManager: Shutting down and abandoning module ShaderFormatD3D (135)
[2017.09.01-23.56.42:396][262]LogModuleManager: Shutting down and abandoning module MetalShaderFormat (133)
[2017.09.01-23.56.42:396][262]LogModuleManager: Shutting down and abandoning module TextureFormatUncompressed (131)
[2017.09.01-23.56.42:396][262]LogModuleManager: Shutting down and abandoning module TextureFormatPVR (129)
[2017.09.01-23.56.42:396][262]LogModuleManager: Shutting down and abandoning module TextureFormatDXT (127)
[2017.09.01-23.56.42:396][262]LogModuleManager: Shutting down and abandoning module TextureFormatIntelISPCTexComp (125)
[2017.09.01-23.56.42:397][262]LogModuleManager: Shutting down and abandoning module TextureFormatASTC (123)
[2017.09.01-23.56.42:397][262]LogModuleManager: Shutting down and abandoning module ImageWrapper (122)
[2017.09.01-23.56.42:397][262]LogModuleManager: Shutting down and abandoning module TextureFormatAndroid (119)
[2017.09.01-23.56.42:397][262]LogModuleManager: Shutting down and abandoning module AudioFormatOpus (117)
[2017.09.01-23.56.42:397][262]LogModuleManager: Shutting down and abandoning module AudioFormatOgg (115)
[2017.09.01-23.56.42:397][262]LogModuleManager: Shutting down and abandoning module AudioFormatADPCM (113)
[2017.09.01-23.56.42:397][262]LogModuleManager: Shutting down and abandoning module LinuxTargetPlatform (111)
[2017.09.01-23.56.42:397][262]LogModuleManager: Shutting down and abandoning module LinuxServerTargetPlatform (109)
[2017.09.01-23.56.42:397][262]LogModuleManager: Shutting down and abandoning module LinuxNoEditorTargetPlatform (107)
[2017.09.01-23.56.42:397][262]LogModuleManager: Shutting down and abandoning module LinuxClientTargetPlatform (105)
[2017.09.01-23.56.42:397][262]LogModuleManager: Shutting down and abandoning module TVOSTargetPlatform (103)
[2017.09.01-23.56.42:397][262]LogModuleManager: Shutting down and abandoning module Messaging (101)
[2017.09.01-23.56.42:397][262]LogModuleManager: Shutting down and abandoning module IOSTargetPlatform (99)
[2017.09.01-23.56.42:397][262]LogModuleManager: Shutting down and abandoning module HTML5TargetPlatform (97)
[2017.09.01-23.56.42:397][262]LogModuleManager: Shutting down and abandoning module Android_PVRTCTargetPlatform (95)
[2017.09.01-23.56.42:397][262]LogModuleManager: Shutting down and abandoning module Android_MultiTargetPlatform (93)
[2017.09.01-23.56.42:397][262]LogModuleManager: Shutting down and abandoning module Android_ETC2TargetPlatform (91)
[2017.09.01-23.56.42:397][262]LogModuleManager: Shutting down and abandoning module Android_ETC1TargetPlatform (89)
[2017.09.01-23.56.42:397][262]LogModuleManager: Shutting down and abandoning module Android_DXTTargetPlatform (87)
[2017.09.01-23.56.42:397][262]LogModuleManager: Shutting down and abandoning module Android_ATCTargetPlatform (85)
[2017.09.01-23.56.42:397][262]LogModuleManager: Shutting down and abandoning module Android_ASTCTargetPlatform (83)
[2017.09.01-23.56.42:397][262]LogModuleManager: Shutting down and abandoning module AndroidTargetPlatform (81)
[2017.09.01-23.56.42:397][262]LogModuleManager: Shutting down and abandoning module WindowsTargetPlatform (79)
[2017.09.01-23.56.42:397][262]LogModuleManager: Shutting down and abandoning module WindowsServerTargetPlatform (77)
[2017.09.01-23.56.42:397][262]LogModuleManager: Shutting down and abandoning module WindowsNoEditorTargetPlatform (75)
[2017.09.01-23.56.42:397][262]LogModuleManager: Shutting down and abandoning module WindowsClientTargetPlatform (73)
[2017.09.01-23.56.42:398][262]LogModuleManager: Shutting down and abandoning module MacTargetPlatform (71)
[2017.09.01-23.56.42:398][262]LogModuleManager: Shutting down and abandoning module MacServerTargetPlatform (69)
[2017.09.01-23.56.42:398][262]LogModuleManager: Shutting down and abandoning module MacNoEditorTargetPlatform (67)
[2017.09.01-23.56.42:398][262]LogModuleManager: Shutting down and abandoning module MacClientTargetPlatform (65)
[2017.09.01-23.56.42:398][262]LogModuleManager: Shutting down and abandoning module AllDesktopTargetPlatform (63)
[2017.09.01-23.56.42:398][262]LogModuleManager: Shutting down and abandoning module InputCore (60)
[2017.09.01-23.56.42:398][262]LogModuleManager: Shutting down and abandoning module Settings (58)
[2017.09.01-23.56.42:398][262]LogModuleManager: Shutting down and abandoning module PhysXCooking (56)
[2017.09.01-23.56.42:398][262]LogModuleManager: Shutting down and abandoning module SteamVR (54)
[2017.09.01-23.56.42:398][262]LogModuleManager: Shutting down and abandoning module OculusHMD (52)
[2017.09.01-23.56.42:398][262]LogModuleManager: Shutting down and abandoning module ExampleDeviceProfileSelector (50)
[2017.09.01-23.56.42:398][262]LogModuleManager: Shutting down and abandoning module OnlineBlueprintSupport (48)
[2017.09.01-23.56.42:398][262]LogModuleManager: Shutting down and abandoning module OnlineSubsystem (44)
[2017.09.01-23.56.42:398][262]LogOnline: Display: Unloading online subsystem: NULL
[2017.09.01-23.56.42:400][262]LogModuleManager: Shutting down and abandoning module XMPP (43)
[2017.09.01-23.56.42:401][262]LogModuleManager: Shutting down and abandoning module HTTP (41)
[2017.09.01-23.56.42:401][262]LogHttp: Display: Http module shutting down, but needs to wait on 1 outstanding Http requests:
[2017.09.01-23.56.42:401][262]LogHttp: Display: 	verb=[POST] url=[https://datarouter.ol.epicgames.com/datarouter/api/v1/public/data?SessionID=%7BFF18D0FA-4DB5-06E9-F37F-77B79C9AB852%7D&AppID=UEEditor.Rocket.Release&AppVersion=4.17.1-3586342%2B%2B%2BUE4%2BRelease-4.17&UserID=5160131d4fbbf6d62e4719b8716de666%7C3ef35b30eb8d444d8e26d7fb1794d4bf%7Cb9c6b803-d102-46e7-b321-ae8f3428388b&AppEnvironment=datacollector-binary&UploadType=eteventstream] status=Processing
[2017.09.01-23.56.42:403][262]LogModuleManager: Shutting down and abandoning module SSL (40)
[2017.09.01-23.56.42:406][262]LogModuleManager: Shutting down and abandoning module AnimationModifiers (36)
[2017.09.01-23.56.42:406][262]LogModuleManager: Shutting down and abandoning module PropertyEditor (35)
[2017.09.01-23.56.42:406][262]LogModuleManager: Shutting down and abandoning module AudioEditor (32)
[2017.09.01-23.56.42:408][262]LogModuleManager: Shutting down and abandoning module TextureCompressor (30)
[2017.09.01-23.56.42:408][262]LogModuleManager: Shutting down and abandoning module ShaderCore (28)
[2017.09.01-23.56.42:408][262]LogModuleManager: Shutting down and abandoning module Landscape (26)
[2017.09.01-23.56.42:408][262]LogModuleManager: Shutting down and abandoning module SlateRHIRenderer (24)
[2017.09.01-23.56.42:410][262]LogModuleManager: Shutting down and abandoning module OpenGLDrv (22)
[2017.09.01-23.56.42:410][262]LogModuleManager: Shutting down and abandoning module D3D11RHI (20)
[2017.09.01-23.56.42:410][262]LogModuleManager: Shutting down and abandoning module AnimGraphRuntime (18)
[2017.09.01-23.56.42:411][262]LogModuleManager: Shutting down and abandoning module Renderer (16)
[2017.09.01-23.56.42:411][262]LogModuleManager: Shutting down and abandoning module Engine (14)
[2017.09.01-23.56.42:411][262]LogModuleManager: Shutting down and abandoning module CoreUObject (12)
[2017.09.01-23.56.42:411][262]LogModuleManager: Shutting down and abandoning module NetworkFile (10)
[2017.09.01-23.56.42:411][262]LogModuleManager: Shutting down and abandoning module CookedIterativeFile (8)
[2017.09.01-23.56.42:411][262]LogModuleManager: Shutting down and abandoning module StreamingFile (6)
[2017.09.01-23.56.42:411][262]LogModuleManager: Shutting down and abandoning module SandboxFile (4)
[2017.09.01-23.56.42:411][262]LogModuleManager: Shutting down and abandoning module PakFile (2)
[2017.09.01-23.56.42:417][262]LogExit: Exiting.
[2017.09.01-23.56.42:451][262]Log file closed, 09/01/17 17:56:42
