Log file open, 06/08/17 11:17:29
LogInit:Display: Running engine for game: InsertNameAdventure
LogPlatformFile: Not using cached read wrapper
LogInit:Display: RandInit(486863966) SRandInit(486863966).
LogTaskGraph: Started task graph with 5 named threads and 8 total threads with 1 sets of task threads.
LogStats: Stats thread started at 0.083345
LogInit: Using libcurl 7.47.1
LogInit:  - built for x86_64-pc-win32
LogInit:  - supports SSL with OpenSSL/1.0.2g
LogInit:  - supports HTTP deflate (compression) using libz 1.2.8
LogInit:  - other features:
LogInit:      CURL_VERSION_SSL
LogInit:      CURL_VERSION_LIBZ
LogInit:      CURL_VERSION_IPV6
LogInit:      CURL_VERSION_ASYNCHDNS
LogInit:      CURL_VERSION_LARGEFILE
LogInit:      CURL_VERSION_IDN
LogInit:  CurlRequestOptions (configurable via config and command line):
LogInit:  - bVerifyPeer = false  - Libcurl will NOT verify peer certificate
LogInit:  - bUseHttpProxy = false  - Libcurl will NOT use HTTP proxy
LogInit:  - bDontReuseConnections = false  - Libcurl will reuse connections
LogInit:  - CertBundlePath = nullptr  - Libcurl will use whatever was configured at build time.
LogInit: Build: ++UE4+Release-4.16-CL-3452394
LogInit: Engine Version: 4.16.0-3452394+++UE4+Release-4.16
LogInit: Compatible Engine Version: 4.16.0-3452394+++UE4+Release-4.16
LogInit: Net CL: 3452394
LogDevObjectVersion: Number of dev versions registered: 16
LogDevObjectVersion:   Dev-Blueprints (B0D832E4-1F89-4F0D-ACCF-7EB736FD4AA2): 9
LogDevObjectVersion:   Dev-Build (E1C64328-A22C-4D53-A36C-8E866417BD8C): 0
LogDevObjectVersion:   Dev-Core (375EC13C-06E4-48FB-B500-84F0262A717E): 2
LogDevObjectVersion:   Dev-Editor (E4B068ED-F494-42E9-A231-DA0B2E46BB41): 17
LogDevObjectVersion:   Dev-Framework (CFFC743F-43B0-4480-9391-14DF171D2073): 23
LogDevObjectVersion:   Dev-Mobile (B02B49B5-BB20-44E9-A304-32B752E40360): 0
LogDevObjectVersion:   Dev-Networking (A4E4105C-59A1-49B5-A7C5-40C4547EDFEE): 0
LogDevObjectVersion:   Dev-Online (39C831C9-5AE6-47DC-9A44-9C173E1C8E7C): 0
LogDevObjectVersion:   Dev-Physics (78F01B33-EBEA-4F98-B9B4-84EACCB95AA2): 0
LogDevObjectVersion:   Dev-Platform (6631380F-2D4D-43E0-8009-CF276956A95A): 0
LogDevObjectVersion:   Dev-Rendering (12F88B9F-8875-4AFC-A67C-D90C383ABD29): 15
LogDevObjectVersion:   Dev-Sequencer (7B5AE74C-D270-4C10-A958-57980B212A5A): 4
LogDevObjectVersion:   Dev-VR (D7296918-1DD6-4BDD-9DE2-64A83CC13884): 0
LogDevObjectVersion:   Dev-LoadTimes (C2A15278-BFE7-4AFE-6C17-90FF531DF755): 1
LogDevObjectVersion:   Private-Geometry (6EACA3D4-40EC-4CC1-B786-8BED09428FC5): 1
LogDevObjectVersion:   Dev-AnimPhys (29E575DD-E0A3-4627-9D10-D276232CDCEA): 3
LogInit: Compiled (64-bit): May 22 2017 17:47:00
LogInit: Compiled with Visual C++: 19.00.23026.00
LogInit: Build Configuration: Development
LogInit: Branch Name: ++UE4+Release-4.16
LogInit: Command line: -EpicPortal 
LogInit: Base directory: C:/Program Files/Epic Games/UE_4.16/Engine/Binaries/Win64/
LogInit: Installed Engine Build: 1
LogInit: Presizing for max 8388607 objects, including 0 objects not considered by GC, pre-allocating 0 bytes for permanent pool.
LogInit: Object subsystem initialized
[2017.06.08-17.17.29:756][  0]LogInit: Selected Device Profile: [Windows]
[2017.06.08-17.17.29:756][  0]LogInit: Applying CVar settings loaded from the selected device profile: [Windows]
[2017.06.08-17.17.29:792][  0]LogInit: Computer: DESKTOP-6MFT485
[2017.06.08-17.17.29:792][  0]LogInit: User: JustinWells
[2017.06.08-17.17.29:792][  0]LogInit: CPU Page size=4096, Cores=4
[2017.06.08-17.17.29:792][  0]LogInit: High frequency timer resolution =3.328121 MHz
[2017.06.08-17.17.29:793][  0]LogMemory: Memory total: Physical=15.9GB (16GB approx)
[2017.06.08-17.17.29:793][  0]LogMemory: Platform Memory Stats for Windows
[2017.06.08-17.17.29:793][  0]LogMemory: Process Physical Memory: 273.57 MB used, 273.57 MB peak
[2017.06.08-17.17.29:793][  0]LogMemory: Process Virtual Memory: 266.45 MB used, 266.45 MB peak
[2017.06.08-17.17.29:793][  0]LogMemory: Physical Memory: 4147.75 MB used,  12101.98 MB free, 16249.74 MB total
[2017.06.08-17.17.29:793][  0]LogMemory: Virtual Memory: 651.38 MB used,  12101.98 MB free, 134217728.00 MB total
[2017.06.08-17.17.29:858][  0]LogInit: Using OS detected language (en-US).
[2017.06.08-17.17.29:858][  0]LogInit: Using OS detected locale (en-US).
[2017.06.08-17.17.29:860][  0]LogTextLocalizationManager: No specific localization for 'en-US' exists, so the 'en' localization will be used.
[2017.06.08-17.17.30:590][  0]LogD3D11RHI: D3D11 adapters:
[2017.06.08-17.17.31:103][  0]LogD3D11RHI:    0. 'NVIDIA GeForce GTX 1070' (Feature Level 11_0)
[2017.06.08-17.17.31:103][  0]LogD3D11RHI:       8120/0/8124 MB DedicatedVideo/DedicatedSystem/SharedSystem, Outputs:1, VendorId:0x10de
[2017.06.08-17.17.31:109][  0]LogD3D11RHI:    1. 'Intel(R) HD Graphics 630' (Feature Level 11_0)
[2017.06.08-17.17.31:109][  0]LogD3D11RHI:       128/0/8124 MB DedicatedVideo/DedicatedSystem/SharedSystem, Outputs:1, VendorId:0x8086
[2017.06.08-17.17.31:110][  0]LogD3D11RHI:    2. 'Microsoft Basic Render Driver' (Feature Level 11_0)
[2017.06.08-17.17.31:110][  0]LogD3D11RHI:       0/0/8124 MB DedicatedVideo/DedicatedSystem/SharedSystem, Outputs:0, VendorId:0x1414
[2017.06.08-17.17.31:110][  0]LogD3D11RHI: Chosen D3D11 Adapter: 0
[2017.06.08-17.17.31:114][  0]LogD3D11RHI: Creating new Direct3DDevice
[2017.06.08-17.17.31:115][  0]LogD3D11RHI:     GPU DeviceId: 0x1b81 (for the marketing name, search the web for "GPU Device Id")
[2017.06.08-17.17.31:115][  0]LogWindows: EnumDisplayDevices:
[2017.06.08-17.17.31:115][  0]LogWindows:    0. 'Intel(R) HD Graphics 630' (P:0 D:1)
[2017.06.08-17.17.31:115][  0]LogWindows:    1. 'Intel(R) HD Graphics 630' (P:0 D:0)
[2017.06.08-17.17.31:115][  0]LogWindows:    2. 'Intel(R) HD Graphics 630' (P:0 D:0)
[2017.06.08-17.17.31:115][  0]LogWindows:    3. 'NVIDIA GeForce GTX 1070' (P:1 D:1)
[2017.06.08-17.17.31:115][  0]LogWindows:    4. 'NVIDIA GeForce GTX 1070' (P:0 D:0)
[2017.06.08-17.17.31:115][  0]LogWindows:    5. 'NVIDIA GeForce GTX 1070' (P:0 D:0)
[2017.06.08-17.17.31:115][  0]LogWindows:    6. 'NVIDIA GeForce GTX 1070' (P:0 D:0)
[2017.06.08-17.17.31:115][  0]LogWindows: DebugString: PrimaryIsNotTheChoosenAdapter PrimaryIsNotTheChoosenAdapter PrimaryIsNotTheChoosenAdapter FoundDriverCount:4 
[2017.06.08-17.17.31:115][  0]LogD3D11RHI:     Adapter Name: NVIDIA GeForce GTX 1070
[2017.06.08-17.17.31:115][  0]LogD3D11RHI:   Driver Version: 382.05 (internal:22.21.13.8205, unified:382.05)
[2017.06.08-17.17.31:115][  0]LogD3D11RHI:      Driver Date: 5-1-2017
[2017.06.08-17.17.31:115][  0]LogRHI: Texture pool is 1361 MB (70% of 1945 MB)
[2017.06.08-17.17.31:579][  0]LogD3D11RHI: Async texture creation enabled
[2017.06.08-17.17.31:609][  0]LogD3D11RHI: GPU Timing Frequency: 1000.000000 (Debug: 2 1)
[2017.06.08-17.17.31:660][  0]LogShaderCompilers: Guid format shader working directory is -53 characters bigger than the processId version (../../../../../../Users/Justin Wells/Documents/Unreal Projects/InsertNameAdventure/DatBoiEntertainmetnGame/Intermediate/Shaders/WorkingDirectory/7572/).
[2017.06.08-17.17.31:660][  0]LogShaderCompilers: Cleaned the shader compiler working directory 'C:/Users/Justin Wells/AppData/Local/Temp/UnrealShaderWorkingDir/D9C3A6524A908C06FD14B8BC0690C268/'.
[2017.06.08-17.17.31:660][  0]LogShaderCompilers:Display: Using Local Shader Compiler.
[2017.06.08-17.17.32:526][  0]LogTemp:Display: Loaded TP AllDesktopTargetPlatform
[2017.06.08-17.17.32:567][  0]LogTemp:Display: Loaded TP MacClientTargetPlatform
[2017.06.08-17.17.32:608][  0]LogTemp:Display: Loaded TP MacNoEditorTargetPlatform
[2017.06.08-17.17.32:649][  0]LogTemp:Display: Loaded TP MacServerTargetPlatform
[2017.06.08-17.17.32:689][  0]LogTemp:Display: Loaded TP MacTargetPlatform
[2017.06.08-17.17.32:730][  0]LogTemp:Display: Loaded TP WindowsClientTargetPlatform
[2017.06.08-17.17.32:770][  0]LogTemp:Display: Loaded TP WindowsNoEditorTargetPlatform
[2017.06.08-17.17.32:809][  0]LogTemp:Display: Loaded TP WindowsServerTargetPlatform
[2017.06.08-17.17.32:844][  0]LogTemp:Display: Loaded TP WindowsTargetPlatform
[2017.06.08-17.17.32:882][  0]LogTemp:Display: Loaded TP AndroidTargetPlatform
[2017.06.08-17.17.32:921][  0]LogTemp:Display: Loaded TP Android_ASTCTargetPlatform
[2017.06.08-17.17.32:960][  0]LogTemp:Display: Loaded TP Android_ATCTargetPlatform
[2017.06.08-17.17.32:999][  0]LogTemp:Display: Loaded TP Android_DXTTargetPlatform
[2017.06.08-17.17.33:038][  0]LogTemp:Display: Loaded TP Android_ETC1TargetPlatform
[2017.06.08-17.17.33:077][  0]LogTemp:Display: Loaded TP Android_ETC2TargetPlatform
[2017.06.08-17.17.33:155][  0]LogTemp:Display: Loaded TP Android_MultiTargetPlatform
[2017.06.08-17.17.33:155][  0]LogTemp:Display: Loaded TP Android_PVRTCTargetPlatform
[2017.06.08-17.17.33:186][  0]LogTemp:Display: Loaded TP HTML5TargetPlatform
[2017.06.08-17.17.33:263][  0]LogTemp:Display: Loaded TP IOSTargetPlatform
[2017.06.08-17.17.33:287][  0]LogTemp:Display: Loaded TP TVOSTargetPlatform
[2017.06.08-17.17.33:326][  0]LogTemp:Display: Loaded TP LinuxClientTargetPlatform
[2017.06.08-17.17.33:365][  0]LogTemp:Display: Loaded TP LinuxNoEditorTargetPlatform
[2017.06.08-17.17.33:404][  0]LogTemp:Display: Loaded TP LinuxServerTargetPlatform
[2017.06.08-17.17.33:443][  0]LogTemp:Display: Loaded TP LinuxTargetPlatform
[2017.06.08-17.17.33:443][  0]LogTargetPlatformManager:Display: Building Assets For Windows
[2017.06.08-17.17.33:828][  0]LogDerivedDataCache:Display: Max Cache Size: 512 MB
[2017.06.08-17.17.33:908][  0]LogDerivedDataCache: Loaded boot cache 0.08s 90MB C:/Users/Justin Wells/AppData/Local/UnrealEngine/4.16/DerivedDataCache/Boot.ddc.
[2017.06.08-17.17.33:908][  0]LogDerivedDataCache:Display: Loaded Boot cache: C:/Users/Justin Wells/AppData/Local/UnrealEngine/4.16/DerivedDataCache/Boot.ddc
[2017.06.08-17.17.33:908][  0]LogDerivedDataCache: FDerivedDataBackendGraph:  Pak pak cache file ../../../../../../Users/Justin Wells/Documents/Unreal Projects/InsertNameAdventure/DatBoiEntertainmetnGame/DerivedDataCache/DDC.ddp not found, will not use a pak cache.
[2017.06.08-17.17.33:908][  0]LogDerivedDataCache: Unable to find inner node Pak for hierarchical cache Hierarchy.
[2017.06.08-17.17.33:908][  0]LogDerivedDataCache: FDerivedDataBackendGraph:  CompressedPak pak cache file ../../../../../../Users/Justin Wells/Documents/Unreal Projects/InsertNameAdventure/DatBoiEntertainmetnGame/DerivedDataCache/Compressed.ddp not found, will not use a pak cache.
[2017.06.08-17.17.33:908][  0]LogDerivedDataCache: Unable to find inner node CompressedPak for hierarchical cache Hierarchy.
[2017.06.08-17.17.33:921][  0]LogDerivedDataCache:Display: Pak cache opened for reading ../../../Engine/DerivedDataCache/Compressed.ddp.
[2017.06.08-17.17.33:933][  0]LogDerivedDataCache: Using Local data cache path C:/Users/Justin Wells/AppData/Local/UnrealEngine/Common/DerivedDataCache: Writable
[2017.06.08-17.17.33:941][  0]LogMaterial: Verifying Global Shaders for PCD3D_SM5
[2017.06.08-17.17.33:941][  0]LogSlate: Using Freetype 2.6.0
[2017.06.08-17.17.33:941][  0]LogSlate: SlateFontCache - WITH_FREETYPE: 1, WITH_HARFBUZZ: 1
[2017.06.08-17.17.33:941][  0]LogSlate: SlateFontCache - WITH_FREETYPE: 1, WITH_HARFBUZZ: 1
[2017.06.08-17.17.34:193][  0]LogInit: Selected Device Profile: [Windows]
[2017.06.08-17.17.34:253][  0]LogContentStreaming: Texture pool size is 0.00 MB
[2017.06.08-17.17.34:378][  0]LogMeshUtilities: Using QuadricMeshReduction for automatic static mesh reduction
[2017.06.08-17.17.34:413][  0]LogSimplygon: Simplygon DLL not present - disabling.
[2017.06.08-17.17.34:450][  0]LogMeshUtilities: Using SimplygonSwarm for distributed automatic mesh merging
[2017.06.08-17.17.34:450][  0]LogMeshUtilities: No automatic skeletal mesh reduction module available
[2017.06.08-17.17.34:450][  0]LogMeshUtilities: No automatic mesh merging module available
[2017.06.08-17.17.34:904][  0]LogNetVersion: InsertNameAdventure , NetCL: 3452394, EngineNetVer: 2, GameNetVer: 0 (Checksum: 1278457987)
[2017.06.08-17.17.34:962][  0]LogAssetRegistry: FAssetRegistry took 0.0257 seconds to start up
[2017.06.08-17.17.35:019][  0]LogPackageLocalizationCache: Processed 4 localized package path(s) for 2 prioritized culture(s) in 0.036906 seconds
[2017.06.08-17.17.35:024][  0]LogUObjectArray: 34194 objects as part of root set at end of initial load.
[2017.06.08-17.17.35:024][  0]LogUObjectAllocator: 7260424 out of 0 bytes used by permanent object pool.
[2017.06.08-17.17.35:024][  0]LogUObjectArray: CloseDisregardForGC: 0/0 objects in disregard for GC pool
[2017.06.08-17.17.35:081][  0]LogInit: WinSock: version 1.1 (2.2), MaxSocks=32767, MaxUdp=65467
[2017.06.08-17.17.37:100][  0]LogTcpMessaging: Initializing TcpMessaging bridge
[2017.06.08-17.17.37:133][  0]LogUdpMessaging: Initializing bridge on interface 0.0.0.0:0 to multicast group 230.0.0.1:6666.
[2017.06.08-17.17.37:611][  0]LogMaterial: Uniform references updated for custom material expression Custom.
[2017.06.08-17.17.37:928][  0]SourceControl: Info Source control is disabled
[2017.06.08-17.17.38:850][  0]LogAndroidPermission: UAndroidPermissionCallbackProxy::GetInstance
[2017.06.08-17.17.39:322][  0]LogEngine: Initializing Engine...
[2017.06.08-17.17.39:585][  0]LogHMD: Failed to initialize OpenVR with code 108
[2017.06.08-17.17.39:787][  0]LogStats: UGameplayTagsManager::ConstructGameplayTagTree: Construct from data asset -  0.000 s
[2017.06.08-17.17.39:787][  0]LogStats: UGameplayTagsManager::ConstructGameplayTagTree: GameplayTagTreeChangedEvent.Broadcast -  0.000 s
[2017.06.08-17.17.39:897][  0]LogAIModule: Creating AISystem for world Untitled
[2017.06.08-17.17.39:914][  0]LogInit: XAudio2 using 'Speakers (High Definition Audio Device)' : 2 channels at 48 kHz using 16 bits per sample (channel mask 0x3)
[2017.06.08-17.17.39:939][  0]LogInit: FAudioDevice initialized.
[2017.06.08-17.17.39:978][  0]LogDerivedDataCache: Saved boot cache 0.04s 90MB C:/Users/Justin Wells/AppData/Local/UnrealEngine/4.16/DerivedDataCache/Boot.ddc.
[2017.06.08-17.17.39:988][  0]LogInit: Texture streaming: Enabled
[2017.06.08-17.17.40:073][  0]LogEngineSessionManager: EngineSessionManager initialized
[2017.06.08-17.17.40:248][  0]LogInit: Transaction tracking system initialized
[2017.06.08-17.17.40:496][  0]BlueprintLog: New page: Editor Load
[2017.06.08-17.17.41:249][  0]LocalizationService: Info Localization service is disabled
[2017.06.08-17.17.41:803][  0]LogConsoleResponse:Display: 
[2017.06.08-17.17.41:934][  0]LogCook:Display: Max memory allowance for cook 16384mb min free memory 0mb
[2017.06.08-17.17.41:934][  0]LogCook:Display: Mobile HDR setting 1
[2017.06.08-17.17.42:716][  0]LogFileCache: Scanning file cache for directory 'C:/Users/Justin Wells/Documents/Unreal Projects/InsertNameAdventure/DatBoiEntertainmetnGame/Content/' took 0.01s
[2017.06.08-17.17.42:887][  0]LogSlate: Took 0.000171 seconds to synchronously load lazily loaded font '../../../Engine/Content/Slate/Fonts/Roboto-Regular.ttf' (155K)
[2017.06.08-17.17.42:941][  0]LogWindowsTextInputMethodSystem:Display: IME system now deactivated.
[2017.06.08-17.17.48:832][  0]LogWindowsTextInputMethodSystem:Display: IME system now deactivated.
[2017.06.08-17.17.48:834][  0]LogWindowsTextInputMethodSystem:Display: IME system now deactivated.
[2017.06.08-17.17.48:834][  0]LightingResults: New page: Lighting Build
[2017.06.08-17.17.48:868][  0]MapCheck: New page: Map Check
[2017.06.08-17.17.48:868][  0]LightingResults: New page: Lighting Build
[2017.06.08-17.17.48:879][  0]LogAIModule: Creating AISystem for world Untitled
[2017.06.08-17.17.48:881][  0]LoadErrors: New page: New Map
[2017.06.08-17.17.49:052][  0]LogCollectionManager: Loaded 0 collections in 0.001099 seconds
[2017.06.08-17.17.49:128][  0]LogFileCache: Scanning file cache for directory 'C:/Users/Justin Wells/Documents/Unreal Projects/InsertNameAdventure/DatBoiEntertainmetnGame/Saved/Collections/' took 0.01s
[2017.06.08-17.17.49:128][  0]LogFileCache: Scanning file cache for directory 'C:/Users/Justin Wells/Documents/Unreal Projects/InsertNameAdventure/DatBoiEntertainmetnGame/Content/Developers/JustinWells/Collections/' took 0.01s
[2017.06.08-17.17.49:128][  0]LogFileCache: Scanning file cache for directory 'C:/Users/Justin Wells/Documents/Unreal Projects/InsertNameAdventure/DatBoiEntertainmetnGame/Content/Collections/' took 0.01s
[2017.06.08-17.17.49:128][  0]LogCollectionManager: Rebuilt the GUID cache for 0 collections in 0.000002 seconds
[2017.06.08-17.17.49:135][  0]LogContentBrowser: Native class hierarchy populated in 0.0075 seconds. Added 2329 classes and 491 folders.
[2017.06.08-17.17.49:196][  0]LogContentBrowser: Native class hierarchy updated for 'WidgetCarousel' in 0.0005 seconds. Added 0 classes and 0 folders.
[2017.06.08-17.17.49:233][  0]LogContentBrowser: Native class hierarchy updated for 'AddContentDialog' in 0.0004 seconds. Added 0 classes and 0 folders.
[2017.06.08-17.17.49:274][  0]LogContentBrowser: Native class hierarchy updated for 'SceneOutliner' in 0.0004 seconds. Added 1 classes and 2 folders.
[2017.06.08-17.17.49:297][  0]LogCrashTracker: Crashtracker disabled due to settings.
[2017.06.08-17.17.49:309][  0]LogSlate: Took 0.000189 seconds to synchronously load lazily loaded font '../../../Engine/Content/Slate/Fonts/Roboto-Bold.ttf' (160K)
[2017.06.08-17.17.49:313][  0]LogSlate: Took 0.000151 seconds to synchronously load lazily loaded font '../../../Engine/Content/Editor/Slate/Fonts/FontAwesome.ttf' (139K)
[2017.06.08-17.17.49:396][  0]LogRenderer: Reallocating scene render targets to support 2556x936 NumSamples 1 (Frame:1).
[2017.06.08-17.17.49:540][  0]LogUObjectGlobals:Warning: Failed to find object 'Class None.'
[2017.06.08-17.17.49:600][  0]LogContentBrowser: Native class hierarchy updated for 'HierarchicalLODOutliner' in 0.0005 seconds. Added 1 classes and 2 folders.
[2017.06.08-17.17.49:600][  0]LogLoad: (Engine Initialization) Total time: 21.14 seconds
[2017.06.08-17.17.49:600][  0]LogLoad: (Engine Initialization) Total Blueprint compile time: 0.03 seconds
[2017.06.08-17.17.49:600][  0]LogExternalProfiler: No external profilers were discovered.  External profiling features will not be available.
[2017.06.08-17.17.49:610][  0]LogOcInput: OculusInput pre-init called
[2017.06.08-17.17.49:610][  0]LogHMD: Starting GearVRController plugin
[2017.06.08-17.17.49:624][  0]LogAssetRegistry: Asset discovery search completed in 14.6845 seconds
[2017.06.08-17.17.49:626][  0]LogCollectionManager: Rebuilt the object cache for 0 collections in 0.000003 seconds (found 0 objects)
[2017.06.08-17.17.49:626][  0]LogCollectionManager: Fixed up redirectors for 0 collections in 0.000019 seconds (updated 0 objects)
[2017.06.08-17.17.49:627][  0]SourceControl: Info On branch V1-Insert-Name-Adventure
[2017.06.08-17.17.49:627][  0]SourceControl: Info Your branch is up-to-date with 'origin/V1-Insert-Name-Adventure'.
[2017.06.08-17.17.49:627][  0]SourceControl: Info Changes not staged for commit:
[2017.06.08-17.17.49:627][  0]SourceControl: Info   (use "git add <file>..." to update what will be committed)
[2017.06.08-17.17.49:627][  0]SourceControl: Info   (use "git checkout -- <file>..." to discard changes in working directory)
[2017.06.08-17.17.49:627][  0]SourceControl: Info 	modified:   Intermediate/CachedAssetRegistry.bin
[2017.06.08-17.17.49:627][  0]SourceControl: Info 	modified:   Saved/Config/Windows/Engine.ini
[2017.06.08-17.17.49:627][  0]SourceControl: Info 	modified:   Saved/Logs/InsertNameAdventure.log
[2017.06.08-17.17.49:627][  0]SourceControl: Info Untracked files:
[2017.06.08-17.17.49:627][  0]SourceControl: Info   (use "git add <file>..." to include in what will be committed)
[2017.06.08-17.17.49:627][  0]SourceControl: Info 	Saved/Config/CrashReportClient/UE4CC-Windows-F0B3361B47E108504AC2D39E62A78E2E/
[2017.06.08-17.17.49:627][  0]SourceControl: Info 	Saved/Logs/InsertNameAdventure-backup-2017.06.08-11.17.29.log
[2017.06.08-17.17.49:627][  0]SourceControl: Info no changes added to commit (use "git add" and/or "git commit -a")
[2017.06.08-17.17.49:627][  0]LogContentStreaming: Texture pool size now 1000 MB
[2017.06.08-17.17.49:654][  0]LogSlate: Took 0.000276 seconds to synchronously load lazily loaded font '../../../Engine/Content/Slate/Fonts/Roboto-Light.ttf' (159K)
[2017.06.08-17.17.53:991][498]LogSlate: Took 0.000172 seconds to synchronously load lazily loaded font '../../../Engine/Content/Slate/Fonts/Roboto-Light.ttf' (159K)
[2017.06.08-17.17.54:129][498]LogAIModule: Creating AISystem for world 2DSideScrollerExampleMap
[2017.06.08-17.17.54:144][498]LightingResults: New page: Lighting Build
[2017.06.08-17.17.54:145][498]LoadErrors: New page: Loading map: 2DSideScrollerExampleMap.umap
[2017.06.08-17.17.54:145][498]MapCheck: New page: Map Check
[2017.06.08-17.17.54:145][498]LightingResults: New page: Lighting Build
[2017.06.08-17.17.54:156][498]LogEditorServer: Finished looking for orphan Actors (0.000 secs)
[2017.06.08-17.17.54:181][498]Cmd: MAP CHECKDEP NOCLEARLOG
[2017.06.08-17.17.54:218][498]MapCheck: Info Map check complete: 0 Error(s), 0 Warning(s), took 37.731ms to complete.
[2017.06.08-17.17.54:218][498]LogFileHelpers: Loading map '2DSideScrollerExampleMap' took 0.075
[2017.06.08-17.20.28:452][443]SourceControl: Info rm 'Content/2DSideScrollerBP/Test.uasset'
[2017.06.08-17.20.28:452][443]SourceControl: Info rm 'Content/2DSideScrollerBP/Tst2.uasset'
[2017.06.08-17.31.30:413][396]LogEditorViewport: Clicking on Actor (context menu): PaperSpriteActor (Background_Sprite)
[2017.06.08-17.31.32:256][535]LogEditorViewport: Clicking on Actor (LMB): PaperSpriteActor (Background_Sprite)
[2017.06.08-17.31.38:045][ 96]LogContentBrowser: Native class hierarchy updated for 'BlueprintGraph' in 0.0007 seconds. Added 112 classes and 0 folders.
[2017.06.08-17.31.38:531][ 96]LogSlate: Took 0.000110 seconds to synchronously load lazily loaded font '../../../Engine/Content/Slate/Fonts/Roboto-Regular.ttf' (155K)
[2017.06.08-17.31.38:630][ 96]LogSlate: Took 0.003427 seconds to synchronously load lazily loaded font '../../../Engine/Content/Editor/Slate/Fonts/Roboto-BoldCondensed.ttf' (158K)
[2017.06.08-17.31.38:783][ 97]LogSlate: Took 0.003424 seconds to synchronously load lazily loaded font '../../../Engine/Content/Editor/Slate/Fonts/Roboto-Italic.ttf' (157K)
[2017.06.08-17.32.48:835][973]BlueprintLog: New page: Compile 2DSideScrollerCharacter
[2017.06.08-17.32.52:512][266]LogEditorViewport: Clicking on Actor (LMB): 2DSideScrollerCharacter_C (2DSideScrollerCharacter)
[2017.06.08-17.32.54:812][474]LogTemp: Repeting last play command: Selected Viewport
[2017.06.08-17.32.55:816][474]LogBlueprintUserMessages: Early PlayInEditor Detection: Level '/Game/2DSideScrollerBP/Maps/Levels/2DSideScrollerExampleMap.2DSideScrollerExampleMap:PersistentLevel' has LevelScriptBlueprint '/Game/2DSideScrollerBP/Maps/Levels/2DSideScrollerExampleMap.2DSideScrollerExampleMap:PersistentLevel.2DSideScrollerExampleMap' with GeneratedClass '/Game/2DSideScrollerBP/Maps/Levels/2DSideScrollerExampleMap.2DSideScrollerExampleMap_C' with ClassGeneratedBy '/Game/2DSideScrollerBP/Maps/Levels/2DSideScrollerExampleMap.2DSideScrollerExampleMap:PersistentLevel.2DSideScrollerExampleMap'
[2017.06.08-17.32.55:816][474]LogPlayLevel: PlayLevel: No blueprints needed recompiling
[2017.06.08-17.32.55:817][474]PIE: New page: PIE session: 2DSideScrollerExampleMap (Jun 8, 2017, 5:32:55 AM)
[2017.06.08-17.32.55:817][474]LogPlayLevel: Creating play world package: /Game/2DSideScrollerBP/Maps/Levels/UEDPIE_0_2DSideScrollerExampleMap
[2017.06.08-17.32.55:819][474]LogPlayLevel: PIE: StaticDuplicateObject took: (0.002104s)
[2017.06.08-17.32.55:819][474]LogAIModule: Creating AISystem for world 2DSideScrollerExampleMap
[2017.06.08-17.32.55:820][474]LogPlayLevel: PIE: World Init took: (0.000637s)
[2017.06.08-17.32.55:820][474]LogPlayLevel: PIE: Created PIE world by copying editor world from /Game/2DSideScrollerBP/Maps/Levels/2DSideScrollerExampleMap.2DSideScrollerExampleMap to /Game/2DSideScrollerBP/Maps/Levels/UEDPIE_0_2DSideScrollerExampleMap.2DSideScrollerExampleMap (0.002967s)
[2017.06.08-17.32.55:868][474]LogInit: XAudio2 using 'Speakers (High Definition Audio Device)' : 2 channels at 48 kHz using 16 bits per sample (channel mask 0x3)
[2017.06.08-17.32.55:876][474]LogInit: FAudioDevice initialized.
[2017.06.08-17.32.55:927][474]LogLoad: Game class is '2DSideScrollerGameMode_C'
[2017.06.08-17.32.55:939][474]LogWorld: Bringing World /Game/2DSideScrollerBP/Maps/Levels/UEDPIE_0_2DSideScrollerExampleMap.2DSideScrollerExampleMap up for play (max tick rate 0) at 2017.06.08-11.32.55
[2017.06.08-17.32.55:941][474]LogWorld: Bringing up level for play took: 0.004955
[2017.06.08-17.32.56:010][474]LogContentBrowser: Native class hierarchy updated for 'MovieSceneCapture' in 0.0005 seconds. Added 11 classes and 0 folders.
[2017.06.08-17.32.56:011][474]PIE: Info Play in editor start time for /Game/2DSideScrollerBP/Maps/Levels/UEDPIE_0_2DSideScrollerExampleMap 0.897
[2017.06.08-17.32.56:011][474]LogBlueprintUserMessages: Late PlayInEditor Detection: Level '/Game/2DSideScrollerBP/Maps/Levels/2DSideScrollerExampleMap.2DSideScrollerExampleMap:PersistentLevel' has LevelScriptBlueprint '/Game/2DSideScrollerBP/Maps/Levels/2DSideScrollerExampleMap.2DSideScrollerExampleMap:PersistentLevel.2DSideScrollerExampleMap' with GeneratedClass '/Game/2DSideScrollerBP/Maps/Levels/2DSideScrollerExampleMap.2DSideScrollerExampleMap_C' with ClassGeneratedBy '/Game/2DSideScrollerBP/Maps/Levels/2DSideScrollerExampleMap.2DSideScrollerExampleMap:PersistentLevel.2DSideScrollerExampleMap'
[2017.06.08-17.33.02:464][214]LogBlueprintUserMessages: Early EndPlayMap Detection: Level '/Game/2DSideScrollerBP/Maps/Levels/2DSideScrollerExampleMap.2DSideScrollerExampleMap:PersistentLevel' has LevelScriptBlueprint '/Game/2DSideScrollerBP/Maps/Levels/2DSideScrollerExampleMap.2DSideScrollerExampleMap:PersistentLevel.2DSideScrollerExampleMap' with GeneratedClass '/Game/2DSideScrollerBP/Maps/Levels/2DSideScrollerExampleMap.2DSideScrollerExampleMap_C' with ClassGeneratedBy '/Game/2DSideScrollerBP/Maps/Levels/2DSideScrollerExampleMap.2DSideScrollerExampleMap:PersistentLevel.2DSideScrollerExampleMap'
[2017.06.08-17.33.02:535][214]LogBlueprintUserMessages: Late EndPlayMap Detection: Level '/Game/2DSideScrollerBP/Maps/Levels/2DSideScrollerExampleMap.2DSideScrollerExampleMap:PersistentLevel' has LevelScriptBlueprint '/Game/2DSideScrollerBP/Maps/Levels/2DSideScrollerExampleMap.2DSideScrollerExampleMap:PersistentLevel.2DSideScrollerExampleMap' with GeneratedClass '/Game/2DSideScrollerBP/Maps/Levels/2DSideScrollerExampleMap.2DSideScrollerExampleMap_C' with ClassGeneratedBy '/Game/2DSideScrollerBP/Maps/Levels/2DSideScrollerExampleMap.2DSideScrollerExampleMap:PersistentLevel.2DSideScrollerExampleMap'
[2017.06.08-17.33.45:217][920]LogEditorViewport: Clicking on Actor (context menu): 2DSideScrollerCharacter_C (2DSideScrollerCharacter)
[2017.06.08-17.34.31:286][922]BlueprintLog: New page: Compile 2DSideScrollerCharacter
[2017.06.08-17.34.32:449][980]LogTemp: Repeting last play command: Selected Viewport
[2017.06.08-17.34.32:463][980]LogBlueprintUserMessages: Early PlayInEditor Detection: Level '/Game/2DSideScrollerBP/Maps/Levels/2DSideScrollerExampleMap.2DSideScrollerExampleMap:PersistentLevel' has LevelScriptBlueprint '/Game/2DSideScrollerBP/Maps/Levels/2DSideScrollerExampleMap.2DSideScrollerExampleMap:PersistentLevel.2DSideScrollerExampleMap' with GeneratedClass '/Game/2DSideScrollerBP/Maps/Levels/2DSideScrollerExampleMap.2DSideScrollerExampleMap_C' with ClassGeneratedBy '/Game/2DSideScrollerBP/Maps/Levels/2DSideScrollerExampleMap.2DSideScrollerExampleMap:PersistentLevel.2DSideScrollerExampleMap'
[2017.06.08-17.34.32:463][980]LogPlayLevel: PlayLevel: No blueprints needed recompiling
[2017.06.08-17.34.32:463][980]PIE: New page: PIE session: 2DSideScrollerExampleMap (Jun 8, 2017, 5:34:32 AM)
[2017.06.08-17.34.32:463][980]LogPlayLevel: Creating play world package: /Game/2DSideScrollerBP/Maps/Levels/UEDPIE_0_2DSideScrollerExampleMap
[2017.06.08-17.34.32:465][980]LogPlayLevel: PIE: StaticDuplicateObject took: (0.001846s)
[2017.06.08-17.34.32:465][980]LogAIModule: Creating AISystem for world 2DSideScrollerExampleMap
[2017.06.08-17.34.32:465][980]LogPlayLevel: PIE: World Init took: (0.000590s)
[2017.06.08-17.34.32:465][980]LogPlayLevel: PIE: Created PIE world by copying editor world from /Game/2DSideScrollerBP/Maps/Levels/2DSideScrollerExampleMap.2DSideScrollerExampleMap to /Game/2DSideScrollerBP/Maps/Levels/UEDPIE_0_2DSideScrollerExampleMap.2DSideScrollerExampleMap (0.002616s)
[2017.06.08-17.34.32:515][980]LogInit: XAudio2 using 'Speakers (High Definition Audio Device)' : 2 channels at 48 kHz using 16 bits per sample (channel mask 0x3)
[2017.06.08-17.34.32:522][980]LogInit: FAudioDevice initialized.
[2017.06.08-17.34.32:556][980]LogLoad: Game class is '2DSideScrollerGameMode_C'
[2017.06.08-17.34.32:558][980]LogWorld: Bringing World /Game/2DSideScrollerBP/Maps/Levels/UEDPIE_0_2DSideScrollerExampleMap.2DSideScrollerExampleMap up for play (max tick rate 0) at 2017.06.08-11.34.32
[2017.06.08-17.34.32:558][980]LogWorld: Bringing up level for play took: 0.001322
[2017.06.08-17.34.32:559][980]PIE: Info Play in editor start time for /Game/2DSideScrollerBP/Maps/Levels/UEDPIE_0_2DSideScrollerExampleMap -0.555
[2017.06.08-17.34.32:559][980]LogBlueprintUserMessages: Late PlayInEditor Detection: Level '/Game/2DSideScrollerBP/Maps/Levels/2DSideScrollerExampleMap.2DSideScrollerExampleMap:PersistentLevel' has LevelScriptBlueprint '/Game/2DSideScrollerBP/Maps/Levels/2DSideScrollerExampleMap.2DSideScrollerExampleMap:PersistentLevel.2DSideScrollerExampleMap' with GeneratedClass '/Game/2DSideScrollerBP/Maps/Levels/2DSideScrollerExampleMap.2DSideScrollerExampleMap_C' with ClassGeneratedBy '/Game/2DSideScrollerBP/Maps/Levels/2DSideScrollerExampleMap.2DSideScrollerExampleMap:PersistentLevel.2DSideScrollerExampleMap'
[2017.06.08-17.34.33:596][ 58]LogBlueprintUserMessages: Early EndPlayMap Detection: Level '/Game/2DSideScrollerBP/Maps/Levels/2DSideScrollerExampleMap.2DSideScrollerExampleMap:PersistentLevel' has LevelScriptBlueprint '/Game/2DSideScrollerBP/Maps/Levels/2DSideScrollerExampleMap.2DSideScrollerExampleMap:PersistentLevel.2DSideScrollerExampleMap' with GeneratedClass '/Game/2DSideScrollerBP/Maps/Levels/2DSideScrollerExampleMap.2DSideScrollerExampleMap_C' with ClassGeneratedBy '/Game/2DSideScrollerBP/Maps/Levels/2DSideScrollerExampleMap.2DSideScrollerExampleMap:PersistentLevel.2DSideScrollerExampleMap'
[2017.06.08-17.34.33:665][ 58]LogBlueprintUserMessages: Late EndPlayMap Detection: Level '/Game/2DSideScrollerBP/Maps/Levels/2DSideScrollerExampleMap.2DSideScrollerExampleMap:PersistentLevel' has LevelScriptBlueprint '/Game/2DSideScrollerBP/Maps/Levels/2DSideScrollerExampleMap.2DSideScrollerExampleMap:PersistentLevel.2DSideScrollerExampleMap' with GeneratedClass '/Game/2DSideScrollerBP/Maps/Levels/2DSideScrollerExampleMap.2DSideScrollerExampleMap_C' with ClassGeneratedBy '/Game/2DSideScrollerBP/Maps/Levels/2DSideScrollerExampleMap.2DSideScrollerExampleMap:PersistentLevel.2DSideScrollerExampleMap'
[2017.06.08-17.34.36:360][246]LogTemp: Repeting last play command: Selected Viewport
[2017.06.08-17.34.36:373][246]LogBlueprintUserMessages: Early PlayInEditor Detection: Level '/Game/2DSideScrollerBP/Maps/Levels/2DSideScrollerExampleMap.2DSideScrollerExampleMap:PersistentLevel' has LevelScriptBlueprint '/Game/2DSideScrollerBP/Maps/Levels/2DSideScrollerExampleMap.2DSideScrollerExampleMap:PersistentLevel.2DSideScrollerExampleMap' with GeneratedClass '/Game/2DSideScrollerBP/Maps/Levels/2DSideScrollerExampleMap.2DSideScrollerExampleMap_C' with ClassGeneratedBy '/Game/2DSideScrollerBP/Maps/Levels/2DSideScrollerExampleMap.2DSideScrollerExampleMap:PersistentLevel.2DSideScrollerExampleMap'
[2017.06.08-17.34.36:373][246]LogPlayLevel: PlayLevel: No blueprints needed recompiling
[2017.06.08-17.34.36:373][246]PIE: New page: PIE session: 2DSideScrollerExampleMap (Jun 8, 2017, 5:34:36 AM)
[2017.06.08-17.34.36:373][246]LogPlayLevel: Creating play world package: /Game/2DSideScrollerBP/Maps/Levels/UEDPIE_0_2DSideScrollerExampleMap
[2017.06.08-17.34.36:376][246]LogPlayLevel: PIE: StaticDuplicateObject took: (0.003104s)
[2017.06.08-17.34.36:377][246]LogAIModule: Creating AISystem for world 2DSideScrollerExampleMap
[2017.06.08-17.34.36:377][246]LogPlayLevel: PIE: World Init took: (0.000509s)
[2017.06.08-17.34.36:377][246]LogPlayLevel: PIE: Created PIE world by copying editor world from /Game/2DSideScrollerBP/Maps/Levels/2DSideScrollerExampleMap.2DSideScrollerExampleMap to /Game/2DSideScrollerBP/Maps/Levels/UEDPIE_0_2DSideScrollerExampleMap.2DSideScrollerExampleMap (0.003766s)
[2017.06.08-17.34.36:424][246]LogInit: XAudio2 using 'Speakers (High Definition Audio Device)' : 2 channels at 48 kHz using 16 bits per sample (channel mask 0x3)
[2017.06.08-17.34.36:430][246]LogInit: FAudioDevice initialized.
[2017.06.08-17.34.36:465][246]LogLoad: Game class is '2DSideScrollerGameMode_C'
[2017.06.08-17.34.36:469][246]LogWorld: Bringing World /Game/2DSideScrollerBP/Maps/Levels/UEDPIE_0_2DSideScrollerExampleMap.2DSideScrollerExampleMap up for play (max tick rate 0) at 2017.06.08-11.34.36
[2017.06.08-17.34.36:470][246]LogWorld: Bringing up level for play took: 0.002257
[2017.06.08-17.34.36:471][246]PIE: Info Play in editor start time for /Game/2DSideScrollerBP/Maps/Levels/UEDPIE_0_2DSideScrollerExampleMap -0.643
[2017.06.08-17.34.36:471][246]LogBlueprintUserMessages: Late PlayInEditor Detection: Level '/Game/2DSideScrollerBP/Maps/Levels/2DSideScrollerExampleMap.2DSideScrollerExampleMap:PersistentLevel' has LevelScriptBlueprint '/Game/2DSideScrollerBP/Maps/Levels/2DSideScrollerExampleMap.2DSideScrollerExampleMap:PersistentLevel.2DSideScrollerExampleMap' with GeneratedClass '/Game/2DSideScrollerBP/Maps/Levels/2DSideScrollerExampleMap.2DSideScrollerExampleMap_C' with ClassGeneratedBy '/Game/2DSideScrollerBP/Maps/Levels/2DSideScrollerExampleMap.2DSideScrollerExampleMap:PersistentLevel.2DSideScrollerExampleMap'
[2017.06.08-17.35.30:146][552]LogBlueprintUserMessages: Early EndPlayMap Detection: Level '/Game/2DSideScrollerBP/Maps/Levels/2DSideScrollerExampleMap.2DSideScrollerExampleMap:PersistentLevel' has LevelScriptBlueprint '/Game/2DSideScrollerBP/Maps/Levels/2DSideScrollerExampleMap.2DSideScrollerExampleMap:PersistentLevel.2DSideScrollerExampleMap' with GeneratedClass '/Game/2DSideScrollerBP/Maps/Levels/2DSideScrollerExampleMap.2DSideScrollerExampleMap_C' with ClassGeneratedBy '/Game/2DSideScrollerBP/Maps/Levels/2DSideScrollerExampleMap.2DSideScrollerExampleMap:PersistentLevel.2DSideScrollerExampleMap'
[2017.06.08-17.35.30:207][552]LogBlueprintUserMessages: Late EndPlayMap Detection: Level '/Game/2DSideScrollerBP/Maps/Levels/2DSideScrollerExampleMap.2DSideScrollerExampleMap:PersistentLevel' has LevelScriptBlueprint '/Game/2DSideScrollerBP/Maps/Levels/2DSideScrollerExampleMap.2DSideScrollerExampleMap:PersistentLevel.2DSideScrollerExampleMap' with GeneratedClass '/Game/2DSideScrollerBP/Maps/Levels/2DSideScrollerExampleMap.2DSideScrollerExampleMap_C' with ClassGeneratedBy '/Game/2DSideScrollerBP/Maps/Levels/2DSideScrollerExampleMap.2DSideScrollerExampleMap:PersistentLevel.2DSideScrollerExampleMap'
[2017.06.08-17.35.37:057][211]LogEditorViewport: Clicking on Actor (LMB): PaperSpriteActor (Background_Sprite)
[2017.06.08-17.35.56:566][701]LogSlate: Took 0.000187 seconds to synchronously load lazily loaded font '../../../Engine/Content/Slate/Fonts/Roboto-Light.ttf' (159K)
[2017.06.08-17.36.05:434][144]LogSavePackage: Save=98.30ms
[2017.06.08-17.36.05:435][144]LogSavePackage: Moving '../../../../../../Users/Justin Wells/Documents/Unreal Projects/InsertNameAdventure/DatBoiEntertainmetnGame/Saved/2DSideScrollerExampleMap_Auto1A3C115704C7E319D471437B0DB9AE7B1.tmp' to '../../../../../../Users/Justin Wells/Documents/Unreal Projects/InsertNameAdventure/DatBoiEntertainmetnGame/Saved/Autosaves/Game/2DSideScrollerBP/Maps/Levels/2DSideScrollerExampleMap_Auto1.umap'
[2017.06.08-17.36.05:436][144]LogSavePackage:Display: Finished SavePackage ../../../../../../Users/Justin Wells/Documents/Unreal Projects/InsertNameAdventure/DatBoiEntertainmetnGame/Saved/Autosaves/Game/2DSideScrollerBP/Maps/Levels/2DSideScrollerExampleMap_Auto1.umap
[2017.06.08-17.36.05:440][144]LogFileHelpers: Editor autosave (incl. sublevels) for '/Game/2DSideScrollerBP/Maps/Levels/2DSideScrollerExampleMap' took 0.123
[2017.06.08-17.36.05:440][144]LogFileHelpers: Editor autosave (incl. sublevels) for all levels took 0.123
[2017.06.08-17.36.05:442][144]OBJ SavePackage: Generating thumbnails for [0] asset(s) in package [/Game/2DSideScrollerBP/Blueprints/Characters/2DSideScrollerCharacter] ([1] browsable assets)...
[2017.06.08-17.36.05:442][144]OBJ SavePackage: Finished generating thumbnails for package [/Game/2DSideScrollerBP/Blueprints/Characters/2DSideScrollerCharacter]
[2017.06.08-17.36.05:507][144]LogSavePackage: Save=58.27ms
[2017.06.08-17.36.05:507][144]LogSavePackage: Moving '../../../../../../Users/Justin Wells/Documents/Unreal Projects/InsertNameAdventure/DatBoiEntertainmetnGame/Saved/2DSideScrollerCharacter_Auto12F9B377D446CE881F65900B60B521570.tmp' to '../../../../../../Users/Justin Wells/Documents/Unreal Projects/InsertNameAdventure/DatBoiEntertainmetnGame/Saved/Autosaves/Game/2DSideScrollerBP/Blueprints/Characters/2DSideScrollerCharacter_Auto1.uasset'
[2017.06.08-17.36.05:508][144]LogSavePackage:Display: Finished SavePackage ../../../../../../Users/Justin Wells/Documents/Unreal Projects/InsertNameAdventure/DatBoiEntertainmetnGame/Saved/Autosaves/Game/2DSideScrollerBP/Blueprints/Characters/2DSideScrollerCharacter_Auto1.uasset
[2017.06.08-17.36.05:508][144]OBJ SavePackage: Generating thumbnails for [0] asset(s) in package [/Game/2DSideScrollerBP/Blueprints/Characters/NewBlueprint] ([1] browsable assets)...
[2017.06.08-17.36.05:508][144]OBJ SavePackage: Finished generating thumbnails for package [/Game/2DSideScrollerBP/Blueprints/Characters/NewBlueprint]
[2017.06.08-17.36.05:519][144]LogSavePackage: Save=8.66ms
[2017.06.08-17.36.05:519][144]LogSavePackage: Moving '../../../../../../Users/Justin Wells/Documents/Unreal Projects/InsertNameAdventure/DatBoiEntertainmetnGame/Saved/NewBlueprint_Auto159684F7B4E71319619AE4FB13631A2E5.tmp' to '../../../../../../Users/Justin Wells/Documents/Unreal Projects/InsertNameAdventure/DatBoiEntertainmetnGame/Saved/Autosaves/Game/2DSideScrollerBP/Blueprints/Characters/NewBlueprint_Auto1.uasset'
[2017.06.08-17.36.05:519][144]LogSavePackage:Display: Finished SavePackage ../../../../../../Users/Justin Wells/Documents/Unreal Projects/InsertNameAdventure/DatBoiEntertainmetnGame/Saved/Autosaves/Game/2DSideScrollerBP/Blueprints/Characters/NewBlueprint_Auto1.uasset
[2017.06.08-17.36.05:519][144]LogFileHelpers: Auto-saving content packages took 0.078
[2017.06.08-17.38.08:483][853]SourceControl: Info On branch V1.5
[2017.06.08-17.38.08:483][853]SourceControl: Info Your branch is up-to-date with 'origin/V1.5'.
[2017.06.08-17.38.08:483][853]SourceControl: Info Changes not staged for commit:
[2017.06.08-17.38.08:483][853]SourceControl: Info   (use "git add <file>..." to update what will be committed)
[2017.06.08-17.38.08:483][853]SourceControl: Info   (use "git checkout -- <file>..." to discard changes in working directory)
[2017.06.08-17.38.08:483][853]SourceControl: Info 	modified:   Saved/Logs/InsertNameAdventure.log
[2017.06.08-17.38.08:483][853]SourceControl: Info no changes added to commit (use "git add" and/or "git commit -a")
[2017.06.08-17.38.08:712][853]LogMetaData: Removing '/Game/2DSideScrollerBP/Blueprints/Characters/Mouse_Controls.Mouse_Controls:UserConstructionScript.K2Node_FunctionEntry_0' ref from Metadata '/Game/2DSideScrollerBP/Blueprints/Characters/NewBlueprint.PackageMetaData'
[2017.06.08-17.38.08:712][853]LogMetaData: Removing '/Game/2DSideScrollerBP/Blueprints/Characters/Mouse_Controls.SKEL_Mouse_Controls_C' ref from Metadata '/Game/2DSideScrollerBP/Blueprints/Characters/NewBlueprint.PackageMetaData'
[2017.06.08-17.38.08:712][853]LogMetaData: Removing '/Game/2DSideScrollerBP/Blueprints/Characters/Mouse_Controls.Mouse_Controls_C' ref from Metadata '/Game/2DSideScrollerBP/Blueprints/Characters/NewBlueprint.PackageMetaData'
[2017.06.08-17.38.08:712][853]LogMetaData: Removing '/Game/2DSideScrollerBP/Blueprints/Characters/Mouse_Controls.Mouse_Controls:EventGraph.K2Node_Event_0' ref from Metadata '/Game/2DSideScrollerBP/Blueprints/Characters/NewBlueprint.PackageMetaData'
[2017.06.08-17.38.08:712][853]LogMetaData: Removing '/Game/2DSideScrollerBP/Blueprints/Characters/Mouse_Controls.Mouse_Controls:EventGraph.K2Node_Event_1' ref from Metadata '/Game/2DSideScrollerBP/Blueprints/Characters/NewBlueprint.PackageMetaData'
[2017.06.08-17.38.08:739][853]LogSavePackage: Save=9.93ms
[2017.06.08-17.38.08:739][853]LogSavePackage: Moving '../../../../../../Users/Justin Wells/Documents/Unreal Projects/InsertNameAdventure/DatBoiEntertainmetnGame/Saved/Mouse_ControlsA2A97218428B09EEAC8B3E8D310DC820.tmp' to '../../../../../../Users/Justin Wells/Documents/Unreal Projects/InsertNameAdventure/DatBoiEntertainmetnGame/Content/2DSideScrollerBP/Blueprints/Characters/Mouse_Controls.uasset'
[2017.06.08-17.38.08:741][853]LogSavePackage:Display: Finished SavePackage ../../../../../../Users/Justin Wells/Documents/Unreal Projects/InsertNameAdventure/DatBoiEntertainmetnGame/Content/2DSideScrollerBP/Blueprints/Characters/Mouse_Controls.uasset
[2017.06.08-17.40.06:283][456]LogSlate:Warning: Prevented a slow task dialog from being summoned while a context menu was open
[2017.06.08-17.40.15:074][ 86]BlueprintLog: New page: Compile Mouse_GameMode
[2017.06.08-17.40.45:794][395]LogSlate:Warning: Prevented a slow task dialog from being summoned while a context menu was open
[2017.06.08-17.40.57:348][361]LogSavePackage: Save=8.59ms
[2017.06.08-17.40.57:348][361]LogSavePackage: Moving '../../../../../../Users/Justin Wells/Documents/Unreal Projects/InsertNameAdventure/DatBoiEntertainmetnGame/Saved/Mouse_GameModeCA206D8D4C5FA01CEFF2A6889F759DD3.tmp' to '../../../../../../Users/Justin Wells/Documents/Unreal Projects/InsertNameAdventure/DatBoiEntertainmetnGame/Content/2DSideScrollerBP/Blueprints/Characters/Mouse_GameMode.uasset'
[2017.06.08-17.40.57:352][361]LogSavePackage:Display: Finished SavePackage ../../../../../../Users/Justin Wells/Documents/Unreal Projects/InsertNameAdventure/DatBoiEntertainmetnGame/Content/2DSideScrollerBP/Blueprints/Characters/Mouse_GameMode.uasset
[2017.06.08-17.41.01:774][759]SourceControl: Info fatal: C:/Program Files/Epic Games/UE_4.16/Engine/Content/: 'C:/Program Files/Epic Games/UE_4.16/Engine/Content/' is outside repository
[2017.06.08-17.41.06:242][759]LogSavePackage: Save=9.19ms
[2017.06.08-17.41.06:242][759]LogSavePackage: Moving '../../../../../../Users/Justin Wells/Documents/Unreal Projects/InsertNameAdventure/DatBoiEntertainmetnGame/Saved/Mouse_Controls6D59991F46273A6CDFC7AE98E01ACE35.tmp' to '../../../../../../Users/Justin Wells/Documents/Unreal Projects/InsertNameAdventure/DatBoiEntertainmetnGame/Content/2DSideScrollerBP/Blueprints/Characters/Mouse_Controls.uasset'
[2017.06.08-17.41.06:245][759]LogSavePackage:Display: Finished SavePackage ../../../../../../Users/Justin Wells/Documents/Unreal Projects/InsertNameAdventure/DatBoiEntertainmetnGame/Content/2DSideScrollerBP/Blueprints/Characters/Mouse_Controls.uasset
[2017.06.08-17.41.19:755][759]LogSourceControl: FGitCheckInWorker: commit successful
[2017.06.08-17.41.19:818][759]SourceControl: Info [V1.5 dbde1c9] Mouse Controls
[2017.06.08-17.41.19:818][759]SourceControl: Info  2 files changed, 0 insertions(+), 0 deletions(-)
[2017.06.08-17.41.19:818][759]SourceControl: Info  create mode 100644 Content/2DSideScrollerBP/Blueprints/Characters/Mouse_Controls.uasset
[2017.06.08-17.41.19:818][759]SourceControl: Info  create mode 100644 Content/2DSideScrollerBP/Blueprints/Characters/Mouse_GameMode.uasset
[2017.06.08-17.41.19:825][759]SourceControl: Info Commited [V1.5 dbde1c9] Mouse Controls.
[2017.06.08-17.43.05:383][209]LogTemp: Repeting last play command: Selected Viewport
[2017.06.08-17.43.05:404][209]LogBlueprintUserMessages: Early PlayInEditor Detection: Level '/Game/2DSideScrollerBP/Maps/Levels/2DSideScrollerExampleMap.2DSideScrollerExampleMap:PersistentLevel' has LevelScriptBlueprint '/Game/2DSideScrollerBP/Maps/Levels/2DSideScrollerExampleMap.2DSideScrollerExampleMap:PersistentLevel.2DSideScrollerExampleMap' with GeneratedClass '/Game/2DSideScrollerBP/Maps/Levels/2DSideScrollerExampleMap.2DSideScrollerExampleMap_C' with ClassGeneratedBy '/Game/2DSideScrollerBP/Maps/Levels/2DSideScrollerExampleMap.2DSideScrollerExampleMap:PersistentLevel.2DSideScrollerExampleMap'
[2017.06.08-17.43.05:404][209]BlueprintLog: New page: Pre-Play auto-recompile
[2017.06.08-17.43.05:404][209]LogPlayLevel: [PlayLevel] Compiling 2DSideScrollerCharacter before play...
[2017.06.08-17.43.05:504][209]LogPlayLevel: PlayLevel: Blueprint regeneration took 99 ms (1 blueprints)
[2017.06.08-17.43.05:504][209]PIE: New page: PIE session: 2DSideScrollerExampleMap (Jun 8, 2017, 5:43:05 AM)
[2017.06.08-17.43.05:504][209]LogPlayLevel: Creating play world package: /Game/2DSideScrollerBP/Maps/Levels/UEDPIE_0_2DSideScrollerExampleMap
[2017.06.08-17.43.05:506][209]LogPlayLevel: PIE: StaticDuplicateObject took: (0.001970s)
[2017.06.08-17.43.05:507][209]LogAIModule: Creating AISystem for world 2DSideScrollerExampleMap
[2017.06.08-17.43.05:507][209]LogPlayLevel: PIE: World Init took: (0.000526s)
[2017.06.08-17.43.05:507][209]LogPlayLevel: PIE: Created PIE world by copying editor world from /Game/2DSideScrollerBP/Maps/Levels/2DSideScrollerExampleMap.2DSideScrollerExampleMap to /Game/2DSideScrollerBP/Maps/Levels/UEDPIE_0_2DSideScrollerExampleMap.2DSideScrollerExampleMap (0.002711s)
[2017.06.08-17.43.05:528][209]LogInit: XAudio2 using 'Speakers (High Definition Audio Device)' : 2 channels at 48 kHz using 16 bits per sample (channel mask 0x3)
[2017.06.08-17.43.05:534][209]LogInit: FAudioDevice initialized.
[2017.06.08-17.43.05:565][209]LogLoad: Game class is 'Mouse_GameMode_C'
[2017.06.08-17.43.05:567][209]LogWorld: Bringing World /Game/2DSideScrollerBP/Maps/Levels/UEDPIE_0_2DSideScrollerExampleMap.2DSideScrollerExampleMap up for play (max tick rate 0) at 2017.06.08-11.43.05
[2017.06.08-17.43.05:567][209]LogWorld: Bringing up level for play took: 0.001237
[2017.06.08-17.43.05:568][209]PIE: Info Play in editor start time for /Game/2DSideScrollerBP/Maps/Levels/UEDPIE_0_2DSideScrollerExampleMap 0.454
[2017.06.08-17.43.05:568][209]LogBlueprintUserMessages: Late PlayInEditor Detection: Level '/Game/2DSideScrollerBP/Maps/Levels/2DSideScrollerExampleMap.2DSideScrollerExampleMap:PersistentLevel' has LevelScriptBlueprint '/Game/2DSideScrollerBP/Maps/Levels/2DSideScrollerExampleMap.2DSideScrollerExampleMap:PersistentLevel.2DSideScrollerExampleMap' with GeneratedClass '/Game/2DSideScrollerBP/Maps/Levels/2DSideScrollerExampleMap.2DSideScrollerExampleMap_C' with ClassGeneratedBy '/Game/2DSideScrollerBP/Maps/Levels/2DSideScrollerExampleMap.2DSideScrollerExampleMap:PersistentLevel.2DSideScrollerExampleMap'
[2017.06.08-17.43.48:652][202]LogBlueprintUserMessages: Early EndPlayMap Detection: Level '/Game/2DSideScrollerBP/Maps/Levels/2DSideScrollerExampleMap.2DSideScrollerExampleMap:PersistentLevel' has LevelScriptBlueprint '/Game/2DSideScrollerBP/Maps/Levels/2DSideScrollerExampleMap.2DSideScrollerExampleMap:PersistentLevel.2DSideScrollerExampleMap' with GeneratedClass '/Game/2DSideScrollerBP/Maps/Levels/2DSideScrollerExampleMap.2DSideScrollerExampleMap_C' with ClassGeneratedBy '/Game/2DSideScrollerBP/Maps/Levels/2DSideScrollerExampleMap.2DSideScrollerExampleMap:PersistentLevel.2DSideScrollerExampleMap'
[2017.06.08-17.43.48:699][202]LogBlueprintUserMessages: Late EndPlayMap Detection: Level '/Game/2DSideScrollerBP/Maps/Levels/2DSideScrollerExampleMap.2DSideScrollerExampleMap:PersistentLevel' has LevelScriptBlueprint '/Game/2DSideScrollerBP/Maps/Levels/2DSideScrollerExampleMap.2DSideScrollerExampleMap:PersistentLevel.2DSideScrollerExampleMap' with GeneratedClass '/Game/2DSideScrollerBP/Maps/Levels/2DSideScrollerExampleMap.2DSideScrollerExampleMap_C' with ClassGeneratedBy '/Game/2DSideScrollerBP/Maps/Levels/2DSideScrollerExampleMap.2DSideScrollerExampleMap:PersistentLevel.2DSideScrollerExampleMap'
[2017.06.08-17.46.49:072][ 87]LogSavePackage: Save=100.15ms
[2017.06.08-17.46.49:073][ 87]LogSavePackage: Moving '../../../../../../Users/Justin Wells/Documents/Unreal Projects/InsertNameAdventure/DatBoiEntertainmetnGame/Saved/2DSideScrollerExampleMap_Auto2E8680F2D4716980FC6AE379B3E32CC50.tmp' to '../../../../../../Users/Justin Wells/Documents/Unreal Projects/InsertNameAdventure/DatBoiEntertainmetnGame/Saved/Autosaves/Game/2DSideScrollerBP/Maps/Levels/2DSideScrollerExampleMap_Auto2.umap'
[2017.06.08-17.46.49:075][ 87]LogSavePackage:Display: Finished SavePackage ../../../../../../Users/Justin Wells/Documents/Unreal Projects/InsertNameAdventure/DatBoiEntertainmetnGame/Saved/Autosaves/Game/2DSideScrollerBP/Maps/Levels/2DSideScrollerExampleMap_Auto2.umap
[2017.06.08-17.46.49:076][ 87]LogFileHelpers: Editor autosave (incl. sublevels) for '/Game/2DSideScrollerBP/Maps/Levels/2DSideScrollerExampleMap' took 0.128
[2017.06.08-17.46.49:076][ 87]LogFileHelpers: Editor autosave (incl. sublevels) for all levels took 0.128
[2017.06.08-17.46.49:078][ 87]OBJ SavePackage: Generating thumbnails for [0] asset(s) in package [/Game/2DSideScrollerBP/Blueprints/Characters/2DSideScrollerCharacter] ([1] browsable assets)...
[2017.06.08-17.46.49:078][ 87]OBJ SavePackage: Finished generating thumbnails for package [/Game/2DSideScrollerBP/Blueprints/Characters/2DSideScrollerCharacter]
[2017.06.08-17.46.49:142][ 87]LogSavePackage: Save=57.25ms
[2017.06.08-17.46.49:142][ 87]LogSavePackage: Moving '../../../../../../Users/Justin Wells/Documents/Unreal Projects/InsertNameAdventure/DatBoiEntertainmetnGame/Saved/2DSideScrollerCharacter_Auto2C88F362D49B190F845DC608A8097DB83.tmp' to '../../../../../../Users/Justin Wells/Documents/Unreal Projects/InsertNameAdventure/DatBoiEntertainmetnGame/Saved/Autosaves/Game/2DSideScrollerBP/Blueprints/Characters/2DSideScrollerCharacter_Auto2.uasset'
[2017.06.08-17.46.49:144][ 87]LogSavePackage:Display: Finished SavePackage ../../../../../../Users/Justin Wells/Documents/Unreal Projects/InsertNameAdventure/DatBoiEntertainmetnGame/Saved/Autosaves/Game/2DSideScrollerBP/Blueprints/Characters/2DSideScrollerCharacter_Auto2.uasset
[2017.06.08-17.46.49:144][ 87]LogFileHelpers: Auto-saving content packages took 0.066
[2017.06.08-17.48.04:187][142]LogEditorTransaction: Undo Modify Component(s)
