Log file open, 07/25/17 19:34:06
LogInit:Display: Running engine for game: InsertNameAdventure
LogPlatformFile: Not using cached read wrapper
LogInit:Display: RandInit(-1978239035) SRandInit(-1978239035).
LogTaskGraph: Started task graph with 5 named threads and 8 total threads with 1 sets of task threads.
LogStats: Stats thread started at 0.773891
LogInit: Using libcurl 7.47.1
LogInit:  - built for x86_64-pc-win32
LogInit:  - supports SSL with OpenSSL/1.0.2g
LogInit:  - supports HTTP deflate (compression) using libz 1.2.8
LogInit:  - other features:
LogInit:      CURL_VERSION_SSL
LogInit:      CURL_VERSION_LIBZ
LogInit:      CURL_VERSION_IPV6
LogInit:      CURL_VERSION_ASYNCHDNS
LogInit:      CURL_VERSION_LARGEFILE
LogInit:      CURL_VERSION_IDN
LogInit:  CurlRequestOptions (configurable via config and command line):
LogInit:  - bVerifyPeer = false  - Libcurl will NOT verify peer certificate
LogInit:  - bUseHttpProxy = false  - Libcurl will NOT use HTTP proxy
LogInit:  - bDontReuseConnections = false  - Libcurl will reuse connections
LogInit:  - CertBundlePath = nullptr  - Libcurl will use whatever was configured at build time.
LogInit: Build: ++UE4+Release-4.16-CL-3452394
LogInit: Engine Version: 4.16.0-3452394+++UE4+Release-4.16
LogInit: Compatible Engine Version: 4.16.0-3452394+++UE4+Release-4.16
LogInit: Net CL: 3452394
LogDevObjectVersion: Number of dev versions registered: 16
LogDevObjectVersion:   Dev-Blueprints (B0D832E4-1F89-4F0D-ACCF-7EB736FD4AA2): 9
LogDevObjectVersion:   Dev-Build (E1C64328-A22C-4D53-A36C-8E866417BD8C): 0
LogDevObjectVersion:   Dev-Core (375EC13C-06E4-48FB-B500-84F0262A717E): 2
LogDevObjectVersion:   Dev-Editor (E4B068ED-F494-42E9-A231-DA0B2E46BB41): 17
LogDevObjectVersion:   Dev-Framework (CFFC743F-43B0-4480-9391-14DF171D2073): 23
LogDevObjectVersion:   Dev-Mobile (B02B49B5-BB20-44E9-A304-32B752E40360): 0
LogDevObjectVersion:   Dev-Networking (A4E4105C-59A1-49B5-A7C5-40C4547EDFEE): 0
LogDevObjectVersion:   Dev-Online (39C831C9-5AE6-47DC-9A44-9C173E1C8E7C): 0
LogDevObjectVersion:   Dev-Physics (78F01B33-EBEA-4F98-B9B4-84EACCB95AA2): 0
LogDevObjectVersion:   Dev-Platform (6631380F-2D4D-43E0-8009-CF276956A95A): 0
LogDevObjectVersion:   Dev-Rendering (12F88B9F-8875-4AFC-A67C-D90C383ABD29): 15
LogDevObjectVersion:   Dev-Sequencer (7B5AE74C-D270-4C10-A958-57980B212A5A): 4
LogDevObjectVersion:   Dev-VR (D7296918-1DD6-4BDD-9DE2-64A83CC13884): 0
LogDevObjectVersion:   Dev-LoadTimes (C2A15278-BFE7-4AFE-6C17-90FF531DF755): 1
LogDevObjectVersion:   Private-Geometry (6EACA3D4-40EC-4CC1-B786-8BED09428FC5): 1
LogDevObjectVersion:   Dev-AnimPhys (29E575DD-E0A3-4627-9D10-D276232CDCEA): 3
LogInit: Compiled (64-bit): May 22 2017 17:47:00
LogInit: Compiled with Visual C++: 19.00.23026.00
LogInit: Build Configuration: Development
LogInit: Branch Name: ++UE4+Release-4.16
LogInit: Command line:  
LogInit: Base directory: C:/Program Files/Epic Games/UE_4.16/Engine/Binaries/Win64/
LogInit: Installed Engine Build: 1
LogInit: Presizing for max 8388607 objects, including 0 objects not considered by GC, pre-allocating 0 bytes for permanent pool.
LogInit: Object subsystem initialized
[2017.07.26-01.34.07:152][  0]LogInit: Selected Device Profile: [Windows]
[2017.07.26-01.34.07:152][  0]LogInit: Applying CVar settings loaded from the selected device profile: [Windows]
[2017.07.26-01.34.07:193][  0]LogInit: Computer: DESKTOP-6MFT485
[2017.07.26-01.34.07:193][  0]LogInit: User: JustinWells20
[2017.07.26-01.34.07:193][  0]LogInit: CPU Page size=4096, Cores=4
[2017.07.26-01.34.07:193][  0]LogInit: High frequency timer resolution =3.328128 MHz
[2017.07.26-01.34.07:193][  0]LogMemory: Memory total: Physical=15.9GB (16GB approx)
[2017.07.26-01.34.07:193][  0]LogMemory: Platform Memory Stats for Windows
[2017.07.26-01.34.07:193][  0]LogMemory: Process Physical Memory: 275.01 MB used, 275.01 MB peak
[2017.07.26-01.34.07:193][  0]LogMemory: Process Virtual Memory: 262.56 MB used, 262.56 MB peak
[2017.07.26-01.34.07:193][  0]LogMemory: Physical Memory: 3218.51 MB used,  13103.23 MB free, 16321.74 MB total
[2017.07.26-01.34.07:193][  0]LogMemory: Virtual Memory: 647.44 MB used,  13103.23 MB free, 134217728.00 MB total
[2017.07.26-01.34.07:481][  0]LogInit: Using OS detected language (en-US).
[2017.07.26-01.34.07:481][  0]LogInit: Using OS detected locale (en-US).
[2017.07.26-01.34.07:537][  0]LogTextLocalizationManager: No specific localization for 'en-US' exists, so the 'en' localization will be used.
[2017.07.26-01.34.09:965][  0]LogD3D11RHI: D3D11 adapters:
[2017.07.26-01.34.10:476][  0]LogD3D11RHI:    0. 'NVIDIA GeForce GTX 1070' (Feature Level 11_0)
[2017.07.26-01.34.10:476][  0]LogD3D11RHI:       8085/0/8160 MB DedicatedVideo/DedicatedSystem/SharedSystem, Outputs:2, VendorId:0x10de
[2017.07.26-01.34.10:477][  0]LogD3D11RHI:    1. 'Microsoft Basic Render Driver' (Feature Level 11_0)
[2017.07.26-01.34.10:477][  0]LogD3D11RHI:       0/0/8160 MB DedicatedVideo/DedicatedSystem/SharedSystem, Outputs:0, VendorId:0x1414
[2017.07.26-01.34.10:477][  0]LogD3D11RHI: Chosen D3D11 Adapter: 0
[2017.07.26-01.34.10:486][  0]LogD3D11RHI: Creating new Direct3DDevice
[2017.07.26-01.34.10:486][  0]LogD3D11RHI:     GPU DeviceId: 0x1b81 (for the marketing name, search the web for "GPU Device Id")
[2017.07.26-01.34.10:486][  0]LogWindows: EnumDisplayDevices:
[2017.07.26-01.34.10:486][  0]LogWindows:    0. 'NVIDIA GeForce GTX 1070' (P:0 D:1)
[2017.07.26-01.34.10:486][  0]LogWindows:    1. 'NVIDIA GeForce GTX 1070' (P:1 D:1)
[2017.07.26-01.34.10:486][  0]LogWindows:    2. 'NVIDIA GeForce GTX 1070' (P:0 D:0)
[2017.07.26-01.34.10:486][  0]LogWindows:    3. 'NVIDIA GeForce GTX 1070' (P:0 D:0)
[2017.07.26-01.34.10:486][  0]LogWindows: DebugString: FoundDriverCount:4 
[2017.07.26-01.34.10:486][  0]LogD3D11RHI:     Adapter Name: NVIDIA GeForce GTX 1070
[2017.07.26-01.34.10:486][  0]LogD3D11RHI:   Driver Version: 384.94 (internal:22.21.13.8494, unified:384.94)
[2017.07.26-01.34.10:486][  0]LogD3D11RHI:      Driver Date: 7-18-2017
[2017.07.26-01.34.10:486][  0]LogRHI: Texture pool is 1361 MB (70% of 1945 MB)
[2017.07.26-01.34.10:993][  0]LogD3D11RHI: Async texture creation enabled
[2017.07.26-01.34.11:032][  0]LogD3D11RHI: GPU Timing Frequency: 1000.000000 (Debug: 2 1)
[2017.07.26-01.34.11:087][  0]LogShaderCompilers: Guid format shader working directory is -53 characters bigger than the processId version (../../../../../../Users/Justin Wells/Documents/Unreal Projects/InsertNameAdventure/DatBoiEntertainmetnGame/Intermediate/Shaders/WorkingDirectory/2396/).
[2017.07.26-01.34.11:087][  0]LogShaderCompilers: Cleaned the shader compiler working directory 'C:/Users/Justin Wells/AppData/Local/Temp/UnrealShaderWorkingDir/7AF64A4D4CCF975618C1F2990E86AA80/'.
[2017.07.26-01.34.11:088][  0]LogShaderCompilers:Display: Using Local Shader Compiler.
[2017.07.26-01.34.12:837][  0]LogTemp:Display: Loaded TP AllDesktopTargetPlatform
[2017.07.26-01.34.12:882][  0]LogTemp:Display: Loaded TP MacClientTargetPlatform
[2017.07.26-01.34.12:923][  0]LogTemp:Display: Loaded TP MacNoEditorTargetPlatform
[2017.07.26-01.34.12:964][  0]LogTemp:Display: Loaded TP MacServerTargetPlatform
[2017.07.26-01.34.13:012][  0]LogTemp:Display: Loaded TP MacTargetPlatform
[2017.07.26-01.34.13:052][  0]LogTemp:Display: Loaded TP WindowsClientTargetPlatform
[2017.07.26-01.34.13:092][  0]LogTemp:Display: Loaded TP WindowsNoEditorTargetPlatform
[2017.07.26-01.34.13:132][  0]LogTemp:Display: Loaded TP WindowsServerTargetPlatform
[2017.07.26-01.34.13:167][  0]LogTemp:Display: Loaded TP WindowsTargetPlatform
[2017.07.26-01.34.13:210][  0]LogTemp:Display: Loaded TP AndroidTargetPlatform
[2017.07.26-01.34.13:252][  0]LogTemp:Display: Loaded TP Android_ASTCTargetPlatform
[2017.07.26-01.34.13:291][  0]LogTemp:Display: Loaded TP Android_ATCTargetPlatform
[2017.07.26-01.34.13:331][  0]LogTemp:Display: Loaded TP Android_DXTTargetPlatform
[2017.07.26-01.34.13:371][  0]LogTemp:Display: Loaded TP Android_ETC1TargetPlatform
[2017.07.26-01.34.13:409][  0]LogTemp:Display: Loaded TP Android_ETC2TargetPlatform
[2017.07.26-01.34.13:487][  0]LogTemp:Display: Loaded TP Android_MultiTargetPlatform
[2017.07.26-01.34.13:487][  0]LogTemp:Display: Loaded TP Android_PVRTCTargetPlatform
[2017.07.26-01.34.13:518][  0]LogTemp:Display: Loaded TP HTML5TargetPlatform
[2017.07.26-01.34.13:605][  0]LogTemp:Display: Loaded TP IOSTargetPlatform
[2017.07.26-01.34.13:629][  0]LogTemp:Display: Loaded TP TVOSTargetPlatform
[2017.07.26-01.34.13:668][  0]LogTemp:Display: Loaded TP LinuxClientTargetPlatform
[2017.07.26-01.34.13:707][  0]LogTemp:Display: Loaded TP LinuxNoEditorTargetPlatform
[2017.07.26-01.34.13:746][  0]LogTemp:Display: Loaded TP LinuxServerTargetPlatform
[2017.07.26-01.34.13:790][  0]LogTemp:Display: Loaded TP LinuxTargetPlatform
[2017.07.26-01.34.13:790][  0]LogTargetPlatformManager:Display: Building Assets For Windows
[2017.07.26-01.34.14:277][  0]LogDerivedDataCache:Display: Max Cache Size: 512 MB
[2017.07.26-01.34.14:728][  0]LogDerivedDataCache: Loaded boot cache 0.45s 90MB C:/Users/Justin Wells/AppData/Local/UnrealEngine/4.16/DerivedDataCache/Boot.ddc.
[2017.07.26-01.34.14:728][  0]LogDerivedDataCache:Display: Loaded Boot cache: C:/Users/Justin Wells/AppData/Local/UnrealEngine/4.16/DerivedDataCache/Boot.ddc
[2017.07.26-01.34.14:728][  0]LogDerivedDataCache: FDerivedDataBackendGraph:  Pak pak cache file ../../../../../../Users/Justin Wells/Documents/Unreal Projects/InsertNameAdventure/DatBoiEntertainmetnGame/DerivedDataCache/DDC.ddp not found, will not use a pak cache.
[2017.07.26-01.34.14:728][  0]LogDerivedDataCache: Unable to find inner node Pak for hierarchical cache Hierarchy.
[2017.07.26-01.34.14:728][  0]LogDerivedDataCache: FDerivedDataBackendGraph:  CompressedPak pak cache file ../../../../../../Users/Justin Wells/Documents/Unreal Projects/InsertNameAdventure/DatBoiEntertainmetnGame/DerivedDataCache/Compressed.ddp not found, will not use a pak cache.
[2017.07.26-01.34.14:728][  0]LogDerivedDataCache: Unable to find inner node CompressedPak for hierarchical cache Hierarchy.
[2017.07.26-01.34.14:788][  0]LogDerivedDataCache:Display: Pak cache opened for reading ../../../Engine/DerivedDataCache/Compressed.ddp.
[2017.07.26-01.34.14:801][  0]LogDerivedDataCache: Using Local data cache path C:/Users/Justin Wells/AppData/Local/UnrealEngine/Common/DerivedDataCache: Writable
[2017.07.26-01.34.14:822][  0]LogMaterial: Verifying Global Shaders for PCD3D_SM5
[2017.07.26-01.34.14:826][  0]LogSlate: Using Freetype 2.6.0
[2017.07.26-01.34.14:851][  0]LogSlate: SlateFontCache - WITH_FREETYPE: 1, WITH_HARFBUZZ: 1
[2017.07.26-01.34.14:851][  0]LogSlate: SlateFontCache - WITH_FREETYPE: 1, WITH_HARFBUZZ: 1
[2017.07.26-01.34.15:832][  0]LogInit: Selected Device Profile: [Windows]
[2017.07.26-01.34.15:994][  0]LogContentStreaming: Texture pool size is 0.00 MB
[2017.07.26-01.34.16:191][  0]LogMeshUtilities: Using QuadricMeshReduction for automatic static mesh reduction
[2017.07.26-01.34.16:242][  0]LogSimplygon: Simplygon DLL not present - disabling.
[2017.07.26-01.34.16:283][  0]LogMeshUtilities: Using SimplygonSwarm for distributed automatic mesh merging
[2017.07.26-01.34.16:283][  0]LogMeshUtilities: No automatic skeletal mesh reduction module available
[2017.07.26-01.34.16:283][  0]LogMeshUtilities: No automatic mesh merging module available
[2017.07.26-01.34.17:429][  0]LogNetVersion: InsertNameAdventure , NetCL: 3452394, EngineNetVer: 2, GameNetVer: 0 (Checksum: 1278457987)
[2017.07.26-01.34.17:517][  0]LogAssetRegistry: FAssetRegistry took 0.0288 seconds to start up
[2017.07.26-01.34.17:587][  0]LogPackageLocalizationCache: Processed 4 localized package path(s) for 2 prioritized culture(s) in 0.046984 seconds
[2017.07.26-01.34.17:592][  0]LogUObjectArray: 34194 objects as part of root set at end of initial load.
[2017.07.26-01.34.17:592][  0]LogUObjectAllocator: 7260416 out of 0 bytes used by permanent object pool.
[2017.07.26-01.34.17:592][  0]LogUObjectArray: CloseDisregardForGC: 0/0 objects in disregard for GC pool
[2017.07.26-01.34.17:645][  0]LogInit: WinSock: version 1.1 (2.2), MaxSocks=32767, MaxUdp=65467
[2017.07.26-01.34.21:839][  0]LogTcpMessaging: Initializing TcpMessaging bridge
[2017.07.26-01.34.21:876][  0]LogUdpMessaging: Initializing bridge on interface 0.0.0.0:0 to multicast group 230.0.0.1:6666.
[2017.07.26-01.34.22:534][  0]LogMaterial: Uniform references updated for custom material expression Custom.
[2017.07.26-01.34.22:959][  0]SourceControl: Info Source control is disabled
[2017.07.26-01.34.24:044][  0]LogAndroidPermission: UAndroidPermissionCallbackProxy::GetInstance
[2017.07.26-01.34.24:564][  0]LogEngine: Initializing Engine...
[2017.07.26-01.34.24:602][  0]LogHMD: Failed to initialize OpenVR with code 103
[2017.07.26-01.34.24:919][  0]LogStats: UGameplayTagsManager::ConstructGameplayTagTree: Construct from data asset -  0.000 s
[2017.07.26-01.34.24:920][  0]LogStats: UGameplayTagsManager::ConstructGameplayTagTree: GameplayTagTreeChangedEvent.Broadcast -  0.000 s
[2017.07.26-01.34.25:040][  0]LogAIModule: Creating AISystem for world Untitled
[2017.07.26-01.34.25:059][  0]LogInit: XAudio2 using 'Headphones (High Definition Audio Device)' : 2 channels at 48 kHz using 16 bits per sample (channel mask 0x3)
[2017.07.26-01.34.25:068][  0]LogInit: FAudioDevice initialized.
[2017.07.26-01.34.25:106][  0]LogDerivedDataCache: Saved boot cache 0.04s 90MB C:/Users/Justin Wells/AppData/Local/UnrealEngine/4.16/DerivedDataCache/Boot.ddc.
[2017.07.26-01.34.25:118][  0]LogInit: Texture streaming: Enabled
[2017.07.26-01.34.25:198][  0]LogEngineSessionManager: EngineSessionManager initialized
[2017.07.26-01.34.25:423][  0]LogInit: Transaction tracking system initialized
[2017.07.26-01.34.25:694][  0]BlueprintLog: New page: Editor Load
[2017.07.26-01.34.26:577][  0]LocalizationService: Info Localization service is disabled
[2017.07.26-01.34.27:206][  0]LogConsoleResponse:Display: 
[2017.07.26-01.34.27:541][  0]LogCook:Display: Max memory allowance for cook 16384mb min free memory 0mb
[2017.07.26-01.34.27:541][  0]LogCook:Display: Mobile HDR setting 1
[2017.07.26-01.34.28:447][  0]LogFileCache: Scanning file cache for directory 'C:/Users/Justin Wells/Documents/Unreal Projects/InsertNameAdventure/DatBoiEntertainmetnGame/Content/' took 0.02s
[2017.07.26-01.34.28:653][  0]LogSlate: Took 0.004806 seconds to synchronously load lazily loaded font '../../../Engine/Content/Slate/Fonts/Roboto-Regular.ttf' (155K)
[2017.07.26-01.34.30:590][  0]LogWindowsTextInputMethodSystem:Display: IME system now deactivated.
[2017.07.26-01.34.30:596][  0]LightingResults: New page: Lighting Build
[2017.07.26-01.34.30:635][  0]MapCheck: New page: Map Check
[2017.07.26-01.34.30:635][  0]LightingResults: New page: Lighting Build
[2017.07.26-01.34.30:651][  0]LogAIModule: Creating AISystem for world Untitled
[2017.07.26-01.34.30:656][  0]LoadErrors: New page: New Map
[2017.07.26-01.34.30:782][  0]LogWindowsTextInputMethodSystem:Display: IME system now deactivated.
[2017.07.26-01.34.30:985][  0]LogCollectionManager: Loaded 0 collections in 0.001318 seconds
[2017.07.26-01.34.31:093][  0]LogFileCache: Scanning file cache for directory 'C:/Users/Justin Wells/Documents/Unreal Projects/InsertNameAdventure/DatBoiEntertainmetnGame/Saved/Collections/' took 0.01s
[2017.07.26-01.34.31:093][  0]LogFileCache: Scanning file cache for directory 'C:/Users/Justin Wells/Documents/Unreal Projects/InsertNameAdventure/DatBoiEntertainmetnGame/Content/Developers/JustinWells20/Collections/' took 0.01s
[2017.07.26-01.34.31:093][  0]LogFileCache: Scanning file cache for directory 'C:/Users/Justin Wells/Documents/Unreal Projects/InsertNameAdventure/DatBoiEntertainmetnGame/Content/Collections/' took 0.01s
[2017.07.26-01.34.31:093][  0]LogCollectionManager: Rebuilt the GUID cache for 0 collections in 0.000001 seconds
[2017.07.26-01.34.31:102][  0]LogContentBrowser: Native class hierarchy populated in 0.0079 seconds. Added 2329 classes and 491 folders.
[2017.07.26-01.34.31:154][  0]LogContentBrowser: Native class hierarchy updated for 'WidgetCarousel' in 0.0006 seconds. Added 0 classes and 0 folders.
[2017.07.26-01.34.31:440][  0]LogContentBrowser: Native class hierarchy updated for 'AddContentDialog' in 0.0007 seconds. Added 0 classes and 0 folders.
[2017.07.26-01.34.31:480][  0]LogContentBrowser: Native class hierarchy updated for 'SceneOutliner' in 0.0006 seconds. Added 1 classes and 2 folders.
[2017.07.26-01.34.31:503][  0]LogCrashTracker: Crashtracker disabled due to settings.
[2017.07.26-01.34.31:519][  0]LogSlate: Took 0.004305 seconds to synchronously load lazily loaded font '../../../Engine/Content/Slate/Fonts/Roboto-Bold.ttf' (160K)
[2017.07.26-01.34.31:529][  0]LogSlate: Took 0.004768 seconds to synchronously load lazily loaded font '../../../Engine/Content/Editor/Slate/Fonts/FontAwesome.ttf' (139K)
[2017.07.26-01.34.31:666][  0]LogRenderer: Reallocating scene render targets to support 1836x636 NumSamples 1 (Frame:1).
[2017.07.26-01.34.31:785][  0]LogUObjectGlobals:Warning: Failed to find object 'Class None.'
[2017.07.26-01.34.31:844][  0]LogContentBrowser: Native class hierarchy updated for 'HierarchicalLODOutliner' in 0.0007 seconds. Added 1 classes and 2 folders.
[2017.07.26-01.34.31:844][  0]LogLoad: (Engine Initialization) Total time: 27.74 seconds
[2017.07.26-01.34.31:844][  0]LogLoad: (Engine Initialization) Total Blueprint compile time: 0.07 seconds
[2017.07.26-01.34.31:844][  0]LogExternalProfiler: No external profilers were discovered.  External profiling features will not be available.
[2017.07.26-01.34.31:855][  0]LogOcInput: OculusInput pre-init called
[2017.07.26-01.34.31:855][  0]LogHMD: Starting GearVRController plugin
[2017.07.26-01.34.31:873][  0]SourceControl: Info On branch V1.5.1
[2017.07.26-01.34.31:873][  0]SourceControl: Info Your branch is up-to-date with 'origin/V1.5.1'.
[2017.07.26-01.34.31:873][  0]SourceControl: Info Changes not staged for commit:
[2017.07.26-01.34.31:873][  0]SourceControl: Info   (use "git add/rm <file>..." to update what will be committed)
[2017.07.26-01.34.31:873][  0]SourceControl: Info   (use "git checkout -- <file>..." to discard changes in working directory)
[2017.07.26-01.34.31:873][  0]SourceControl: Info 	modified:   Intermediate/CachedAssetRegistry.bin
[2017.07.26-01.34.31:873][  0]SourceControl: Info 	deleted:    Saved/Config/CrashReportClient/UE4CC-Windows-5695DE924E05B15DAA8003BA31CCC3F4/CrashReportClient.ini
[2017.07.26-01.34.31:873][  0]SourceControl: Info 	deleted:    Saved/Config/CrashReportClient/UE4CC-Windows-5939A72545A7DE52405BB38ED6B73C97/CrashReportClient.ini
[2017.07.26-01.34.31:873][  0]SourceControl: Info 	deleted:    Saved/Config/CrashReportClient/UE4CC-Windows-5AB241BF4C9FEC4EE1EBE88319E1CF5E/CrashReportClient.ini
[2017.07.26-01.34.31:873][  0]SourceControl: Info 	deleted:    Saved/Config/CrashReportClient/UE4CC-Windows-7758B1CC42E436509B6142A4D7BD304F/CrashReportClient.ini
[2017.07.26-01.34.31:873][  0]SourceControl: Info 	deleted:    Saved/Config/CrashReportClient/UE4CC-Windows-88BBDD7947568398EBAAA58C6C667A73/CrashReportClient.ini
[2017.07.26-01.34.31:873][  0]SourceControl: Info 	deleted:    Saved/Config/CrashReportClient/UE4CC-Windows-88D6F2184BBB70931EA8E4AE4EB585A4/CrashReportClient.ini
[2017.07.26-01.34.31:873][  0]SourceControl: Info 	deleted:    Saved/Config/CrashReportClient/UE4CC-Windows-9BAEE81149C60A8A4083CFB39FD04370/CrashReportClient.ini
[2017.07.26-01.34.31:873][  0]SourceControl: Info 	deleted:    Saved/Config/CrashReportClient/UE4CC-Windows-A0170EDE49F89D1322BE3A89EA4CAF93/CrashReportClient.ini
[2017.07.26-01.34.31:873][  0]SourceControl: Info 	deleted:    Saved/Config/CrashReportClient/UE4CC-Windows-C4996FAE4A6F852BFBA53A82CD99E9E3/CrashReportClient.ini
[2017.07.26-01.34.31:873][  0]SourceControl: Info 	deleted:    Saved/Config/CrashReportClient/UE4CC-Windows-C5E9209B40E86CBC6D2AF9810BF29167/CrashReportClient.ini
[2017.07.26-01.34.31:873][  0]SourceControl: Info 	deleted:    Saved/Config/CrashReportClient/UE4CC-Windows-C65B53664CC8E1E85099F5A9283EF4D2/CrashReportClient.ini
[2017.07.26-01.34.31:873][  0]SourceControl: Info 	deleted:    Saved/Config/CrashReportClient/UE4CC-Windows-CD29327849AA288E474D1DB8F9E5B5E6/CrashReportClient.ini
[2017.07.26-01.34.31:873][  0]SourceControl: Info 	deleted:    Saved/Config/CrashReportClient/UE4CC-Windows-CE00E84D420352C476A0D7A8857AF20D/CrashReportClient.ini
[2017.07.26-01.34.31:873][  0]SourceControl: Info 	deleted:    Saved/Config/CrashReportClient/UE4CC-Windows-F2D0A89F4F713F6A7A1DBFBC0B0FD131/CrashReportClient.ini
[2017.07.26-01.34.31:873][  0]SourceControl: Info 	modified:   Saved/Config/Windows/Editor.ini
[2017.07.26-01.34.31:873][  0]SourceControl: Info 	modified:   Saved/Config/Windows/Engine.ini
[2017.07.26-01.34.31:873][  0]SourceControl: Info 	deleted:    Saved/Logs/InsertNameAdventure-backup-2017.07.22-15.55.04.log
[2017.07.26-01.34.31:873][  0]SourceControl: Info 	modified:   Saved/Logs/InsertNameAdventure.log
[2017.07.26-01.34.31:873][  0]SourceControl: Info Untracked files:
[2017.07.26-01.34.31:873][  0]SourceControl: Info   (use "git add <file>..." to include in what will be committed)
[2017.07.26-01.34.31:873][  0]SourceControl: Info 	Saved/Config/CrashReportClient/UE4CC-Windows-2A40C9B14C3F32BDF5FCBB9B315A2E41/
[2017.07.26-01.34.31:873][  0]SourceControl: Info 	Saved/Logs/InsertNameAdventure-backup-2017.07.25-19.34.06.log
[2017.07.26-01.34.31:873][  0]SourceControl: Info no changes added to commit (use "git add" and/or "git commit -a")
[2017.07.26-01.34.31:873][  0]LogContentStreaming: Texture pool size now 1000 MB
[2017.07.26-01.34.31:905][  0]LogSlate: Took 0.004289 seconds to synchronously load lazily loaded font '../../../Engine/Content/Slate/Fonts/Roboto-Light.ttf' (159K)
[2017.07.26-01.34.31:914][  1]LogAssetRegistry: Asset discovery search completed in 14.4196 seconds
[2017.07.26-01.34.31:916][  1]LogCollectionManager: Rebuilt the object cache for 0 collections in 0.000004 seconds (found 0 objects)
[2017.07.26-01.34.31:916][  1]LogCollectionManager: Fixed up redirectors for 0 collections in 0.000025 seconds (updated 0 objects)
[2017.07.26-01.34.40:255][962]LogSlate: Took 0.000105 seconds to synchronously load lazily loaded font '../../../Engine/Content/Slate/Fonts/Roboto-Light.ttf' (159K)
[2017.07.26-01.34.40:348][962]LogSlate: Took 0.004375 seconds to synchronously load lazily loaded font '../../../Engine/Content/Editor/Slate/Fonts/Roboto-BoldCondensed.ttf' (158K)
[2017.07.26-01.34.40:421][962]LogRenderer: Reallocating scene render targets to support 1836x924 NumSamples 1 (Frame:1).
[2017.07.26-01.34.40:426][962]LogPaper2D: Triangulation of poly failed.
[2017.07.26-01.34.51:689][104]LogSlate: Took 0.000119 seconds to synchronously load lazily loaded font '../../../Engine/Content/Slate/Fonts/Roboto-Regular.ttf' (155K)
[2017.07.26-01.34.51:867][104]LogAIModule: Creating AISystem for world Rainforest_Alien
[2017.07.26-01.34.51:924][104]LightingResults: New page: Lighting Build
[2017.07.26-01.34.51:925][104]LoadErrors: New page: Loading map: Rainforest_Alien.umap
[2017.07.26-01.34.51:925][104]MapCheck: New page: Map Check
[2017.07.26-01.34.51:925][104]LightingResults: New page: Lighting Build
[2017.07.26-01.34.51:962][104]LogEditorServer: Finished looking for orphan Actors (0.000 secs)
[2017.07.26-01.34.52:017][104]Cmd: MAP CHECKDEP NOCLEARLOG
[2017.07.26-01.34.52:066][104]MapCheck: Info Map check complete: 0 Error(s), 0 Warning(s), took 48.653ms to complete.
[2017.07.26-01.34.52:066][104]LogFileHelpers: Loading map 'Rainforest_Alien' took 0.142
[2017.07.26-01.34.53:918][312]LogTemp: Repeting last play command: New Editor Window (PIE)
[2017.07.26-01.34.53:987][312]LogBlueprintUserMessages: Early PlayInEditor Detection: Level '/Game/2DSideScrollerBP/Maps/Levels/Rainforest_Alien.Rainforest_Alien:PersistentLevel' has LevelScriptBlueprint '/Game/2DSideScrollerBP/Maps/Levels/Rainforest_Alien.Rainforest_Alien:PersistentLevel.Rainforest_Alien' with GeneratedClass '/Game/2DSideScrollerBP/Maps/Levels/Rainforest_Alien.Rainforest_Alien_C' with ClassGeneratedBy '/Game/2DSideScrollerBP/Maps/Levels/Rainforest_Alien.Rainforest_Alien:PersistentLevel.Rainforest_Alien'
[2017.07.26-01.34.53:987][312]LogPlayLevel: PlayLevel: No blueprints needed recompiling
[2017.07.26-01.34.53:988][312]PIE: New page: PIE session: Rainforest_Alien (Jul 25, 2017, 1:34:53 PM)
[2017.07.26-01.34.53:988][312]LogPlayLevel: Creating play world package: /Game/2DSideScrollerBP/Maps/Levels/UEDPIE_0_Rainforest_Alien
[2017.07.26-01.34.54:007][312]LogPlayLevel: PIE: StaticDuplicateObject took: (0.018491s)
[2017.07.26-01.34.54:007][312]LogAIModule: Creating AISystem for world Rainforest_Alien
[2017.07.26-01.34.54:007][312]LogPlayLevel: PIE: World Init took: (0.000638s)
[2017.07.26-01.34.54:008][312]LogPlayLevel: PIE: Created PIE world by copying editor world from /Game/2DSideScrollerBP/Maps/Levels/Rainforest_Alien.Rainforest_Alien to /Game/2DSideScrollerBP/Maps/Levels/UEDPIE_0_Rainforest_Alien.Rainforest_Alien (0.019646s)
[2017.07.26-01.34.54:023][312]LogInit: XAudio2 using 'Headphones (High Definition Audio Device)' : 2 channels at 48 kHz using 16 bits per sample (channel mask 0x3)
[2017.07.26-01.34.54:028][312]LogInit: FAudioDevice initialized.
[2017.07.26-01.34.54:095][312]LogLoad: Game class is '2DSideScrollerGameMode_C'
[2017.07.26-01.34.54:118][312]LogWorld: Bringing World /Game/2DSideScrollerBP/Maps/Levels/UEDPIE_0_Rainforest_Alien.Rainforest_Alien up for play (max tick rate 0) at 2017.07.25-19.34.54
[2017.07.26-01.34.54:133][312]LogWorld: Bringing up level for play took: 0.033641
[2017.07.26-01.34.54:170][312]LogContentBrowser: Native class hierarchy updated for 'MovieSceneCapture' in 0.0008 seconds. Added 11 classes and 0 folders.
[2017.07.26-01.34.54:188][312]PIE: Info Play in editor start time for /Game/2DSideScrollerBP/Maps/Levels/UEDPIE_0_Rainforest_Alien 0.805
[2017.07.26-01.34.54:188][312]LogBlueprintUserMessages: Late PlayInEditor Detection: Level '/Game/2DSideScrollerBP/Maps/Levels/Rainforest_Alien.Rainforest_Alien:PersistentLevel' has LevelScriptBlueprint '/Game/2DSideScrollerBP/Maps/Levels/Rainforest_Alien.Rainforest_Alien:PersistentLevel.Rainforest_Alien' with GeneratedClass '/Game/2DSideScrollerBP/Maps/Levels/Rainforest_Alien.Rainforest_Alien_C' with ClassGeneratedBy '/Game/2DSideScrollerBP/Maps/Levels/Rainforest_Alien.Rainforest_Alien:PersistentLevel.Rainforest_Alien'
[2017.07.26-01.38.05:172][173]LogBlueprintUserMessages: Early EndPlayMap Detection: Level '/Game/2DSideScrollerBP/Maps/Levels/Rainforest_Alien.Rainforest_Alien:PersistentLevel' has LevelScriptBlueprint '/Game/2DSideScrollerBP/Maps/Levels/Rainforest_Alien.Rainforest_Alien:PersistentLevel.Rainforest_Alien' with GeneratedClass '/Game/2DSideScrollerBP/Maps/Levels/Rainforest_Alien.Rainforest_Alien_C' with ClassGeneratedBy '/Game/2DSideScrollerBP/Maps/Levels/Rainforest_Alien.Rainforest_Alien:PersistentLevel.Rainforest_Alien'
[2017.07.26-01.38.05:236][173]LogBlueprintUserMessages: Late EndPlayMap Detection: Level '/Game/2DSideScrollerBP/Maps/Levels/Rainforest_Alien.Rainforest_Alien:PersistentLevel' has LevelScriptBlueprint '/Game/2DSideScrollerBP/Maps/Levels/Rainforest_Alien.Rainforest_Alien:PersistentLevel.Rainforest_Alien' with GeneratedClass '/Game/2DSideScrollerBP/Maps/Levels/Rainforest_Alien.Rainforest_Alien_C' with ClassGeneratedBy '/Game/2DSideScrollerBP/Maps/Levels/Rainforest_Alien.Rainforest_Alien:PersistentLevel.Rainforest_Alien'
[2017.07.26-01.38.14:258][239]LogTemp: Repeting last play command: New Editor Window (PIE)
[2017.07.26-01.38.14:282][239]LogBlueprintUserMessages: Early PlayInEditor Detection: Level '/Game/2DSideScrollerBP/Maps/Levels/Rainforest_Alien.Rainforest_Alien:PersistentLevel' has LevelScriptBlueprint '/Game/2DSideScrollerBP/Maps/Levels/Rainforest_Alien.Rainforest_Alien:PersistentLevel.Rainforest_Alien' with GeneratedClass '/Game/2DSideScrollerBP/Maps/Levels/Rainforest_Alien.Rainforest_Alien_C' with ClassGeneratedBy '/Game/2DSideScrollerBP/Maps/Levels/Rainforest_Alien.Rainforest_Alien:PersistentLevel.Rainforest_Alien'
[2017.07.26-01.38.14:282][239]LogPlayLevel: PlayLevel: No blueprints needed recompiling
[2017.07.26-01.38.14:282][239]PIE: New page: PIE session: Rainforest_Alien (Jul 25, 2017, 1:38:14 PM)
[2017.07.26-01.38.14:282][239]LogPlayLevel: Creating play world package: /Game/2DSideScrollerBP/Maps/Levels/UEDPIE_0_Rainforest_Alien
[2017.07.26-01.38.14:300][239]LogPlayLevel: PIE: StaticDuplicateObject took: (0.017823s)
[2017.07.26-01.38.14:300][239]LogAIModule: Creating AISystem for world Rainforest_Alien
[2017.07.26-01.38.14:300][239]LogPlayLevel: PIE: World Init took: (0.000591s)
[2017.07.26-01.38.14:301][239]LogPlayLevel: PIE: Created PIE world by copying editor world from /Game/2DSideScrollerBP/Maps/Levels/Rainforest_Alien.Rainforest_Alien to /Game/2DSideScrollerBP/Maps/Levels/UEDPIE_0_Rainforest_Alien.Rainforest_Alien (0.018742s)
[2017.07.26-01.38.14:315][239]LogInit: XAudio2 using 'Headphones (High Definition Audio Device)' : 2 channels at 48 kHz using 16 bits per sample (channel mask 0x3)
[2017.07.26-01.38.14:321][239]LogInit: FAudioDevice initialized.
[2017.07.26-01.38.14:376][239]LogLoad: Game class is '2DSideScrollerGameMode_C'
[2017.07.26-01.38.14:395][239]LogWorld: Bringing World /Game/2DSideScrollerBP/Maps/Levels/UEDPIE_0_Rainforest_Alien.Rainforest_Alien up for play (max tick rate 0) at 2017.07.25-19.38.14
[2017.07.26-01.38.14:409][239]LogWorld: Bringing up level for play took: 0.031931
[2017.07.26-01.38.14:421][239]PIE: Info Play in editor start time for /Game/2DSideScrollerBP/Maps/Levels/UEDPIE_0_Rainforest_Alien 1.039
[2017.07.26-01.38.14:421][239]LogBlueprintUserMessages: Late PlayInEditor Detection: Level '/Game/2DSideScrollerBP/Maps/Levels/Rainforest_Alien.Rainforest_Alien:PersistentLevel' has LevelScriptBlueprint '/Game/2DSideScrollerBP/Maps/Levels/Rainforest_Alien.Rainforest_Alien:PersistentLevel.Rainforest_Alien' with GeneratedClass '/Game/2DSideScrollerBP/Maps/Levels/Rainforest_Alien.Rainforest_Alien_C' with ClassGeneratedBy '/Game/2DSideScrollerBP/Maps/Levels/Rainforest_Alien.Rainforest_Alien:PersistentLevel.Rainforest_Alien'
[2017.07.26-01.38.36:208][844]LogBlueprintUserMessages: Early EndPlayMap Detection: Level '/Game/2DSideScrollerBP/Maps/Levels/Rainforest_Alien.Rainforest_Alien:PersistentLevel' has LevelScriptBlueprint '/Game/2DSideScrollerBP/Maps/Levels/Rainforest_Alien.Rainforest_Alien:PersistentLevel.Rainforest_Alien' with GeneratedClass '/Game/2DSideScrollerBP/Maps/Levels/Rainforest_Alien.Rainforest_Alien_C' with ClassGeneratedBy '/Game/2DSideScrollerBP/Maps/Levels/Rainforest_Alien.Rainforest_Alien:PersistentLevel.Rainforest_Alien'
[2017.07.26-01.38.36:271][844]LogBlueprintUserMessages: Late EndPlayMap Detection: Level '/Game/2DSideScrollerBP/Maps/Levels/Rainforest_Alien.Rainforest_Alien:PersistentLevel' has LevelScriptBlueprint '/Game/2DSideScrollerBP/Maps/Levels/Rainforest_Alien.Rainforest_Alien:PersistentLevel.Rainforest_Alien' with GeneratedClass '/Game/2DSideScrollerBP/Maps/Levels/Rainforest_Alien.Rainforest_Alien_C' with ClassGeneratedBy '/Game/2DSideScrollerBP/Maps/Levels/Rainforest_Alien.Rainforest_Alien:PersistentLevel.Rainforest_Alien'
[2017.07.26-01.38.39:606][227]LogEditorViewport: Clicking on Actor (LMB): PaperTileMapActor (Rain_Forrest_TM)
[2017.07.26-01.38.39:614][227]LogPaper2D: Triangulation of poly failed.
[2017.07.26-01.38.54:750][947]LogEditorViewport: Clicking on Actor (LMB): PaperTileMapActor (Rain_Forrest_TM)
[2017.07.26-01.38.59:754][527]LogEditorViewport: Clicking on Actor (LMB): BP_Sky_Sphere_C (BP_Sky_Sphere)
[2017.07.26-01.39.29:098][826]LogEditorViewport: Clicking on Actor (LMB): BP_Sky_Sphere_C (BP_Sky_Sphere)
[2017.07.26-01.39.35:708][364]LogEditorViewport: Clicking on Actor (LMB): BP_Sky_Sphere_C (BP_Sky_Sphere)
[2017.07.26-01.39.36:205][390]LogEditorViewport: Clicking on Actor (LMB): BP_Sky_Sphere_C (BP_Sky_Sphere)
[2017.07.26-01.40.29:885][345]LogSavePackage: Save=530.37ms
[2017.07.26-01.40.29:885][345]LogSavePackage: Moving '../../../../../../Users/Justin Wells/Documents/Unreal Projects/InsertNameAdventure/DatBoiEntertainmetnGame/Saved/Rainforest_Alien7D806D054A64C6F1F351A6851885242F.tmp' to '../../../../../../Users/Justin Wells/Documents/Unreal Projects/InsertNameAdventure/DatBoiEntertainmetnGame/Content/2DSideScrollerBP/Maps/Levels/Rainforest_Alien.umap'
[2017.07.26-01.40.29:888][345]LogSavePackage:Display: Finished SavePackage ../../../../../../Users/Justin Wells/Documents/Unreal Projects/InsertNameAdventure/DatBoiEntertainmetnGame/Content/2DSideScrollerBP/Maps/Levels/Rainforest_Alien.umap
[2017.07.26-01.40.30:002][345]LogSavePackage: Save=10.74ms
[2017.07.26-01.40.30:002][345]LogSavePackage: Moving '../../../../../../Users/Justin Wells/Documents/Unreal Projects/InsertNameAdventure/DatBoiEntertainmetnGame/Saved/Rainforest_Alien_BuiltData078FE12840A997726DFD97AF2973330D.tmp' to '../../../../../../Users/Justin Wells/Documents/Unreal Projects/InsertNameAdventure/DatBoiEntertainmetnGame/Content/2DSideScrollerBP/Maps/Levels/Rainforest_Alien_BuiltData.uasset'
[2017.07.26-01.40.30:003][345]LogSavePackage:Display: Finished SavePackage ../../../../../../Users/Justin Wells/Documents/Unreal Projects/InsertNameAdventure/DatBoiEntertainmetnGame/Content/2DSideScrollerBP/Maps/Levels/Rainforest_Alien_BuiltData.uasset
[2017.07.26-01.40.35:013][907]LogWindowsTextInputMethodSystem:Display: IME system now deactivated.
[2017.07.26-01.40.35:296][908]Cmd: QUIT_EDITOR
[2017.07.26-01.40.35:533][908]LogExit: Preparing to exit.
[2017.07.26-01.40.36:142][908]LogDirectoryWatcher: A directory notification for 'C:/Users/Justin Wells/Documents/Unreal Projects/InsertNameAdventure/DatBoiEntertainmetnGame/Content/' was aborted.
[2017.07.26-01.40.36:182][908]LogExit: Editor shut down
[2017.07.26-01.40.36:186][908]LogExit: Transaction tracking system shut down
[2017.07.26-01.40.36:247][908]LogObj: Freed 0b from 0 cluster array pools.
[2017.07.26-01.40.36:247][908]LogExit: Object subsystem successfully closed.
[2017.07.26-01.40.36:267][908]LogD3D11RHI: Shutdown
[2017.07.26-01.40.36:267][908]LogD3D11RHI: CleanupD3DDevice
[2017.07.26-01.40.36:333][908]LogD3D11RHI: ~FD3D11DynamicRHI
[2017.07.26-01.40.36:350][908]LogModuleManager: Shutting down and abandoning module MovieSceneCapture (526)
[2017.07.26-01.40.36:350][908]LogModuleManager: Shutting down and abandoning module HierarchicalLODOutliner (524)
[2017.07.26-01.40.36:351][908]LogModuleManager: Shutting down and abandoning module CrashTracker (522)
[2017.07.26-01.40.36:351][908]LogModuleManager: Shutting down and abandoning module SceneOutliner (520)
[2017.07.26-01.40.36:351][908]LogModuleManager: Shutting down and abandoning module AddContentDialog (518)
[2017.07.26-01.40.36:351][908]LogDirectoryWatcher: A directory notification for 'C:/Program Files/Epic Games/UE_4.16/FeaturePacks/' was aborted.
[2017.07.26-01.40.36:352][908]LogModuleManager: Shutting down and abandoning module WidgetCarousel (517)
[2017.07.26-01.40.36:352][908]LogModuleManager: Shutting down and abandoning module EditorWidgets (514)
[2017.07.26-01.40.36:352][908]LogModuleManager: Shutting down and abandoning module CollectionManager (512)
[2017.07.26-01.40.36:352][908]LogDirectoryWatcher: A directory notification for 'C:/Users/Justin Wells/Documents/Unreal Projects/InsertNameAdventure/DatBoiEntertainmetnGame/Content/Collections/' was aborted.
[2017.07.26-01.40.36:352][908]LogDirectoryWatcher: A directory notification for 'C:/Users/Justin Wells/Documents/Unreal Projects/InsertNameAdventure/DatBoiEntertainmetnGame/Content/Developers/JustinWells20/Collections/' was aborted.
[2017.07.26-01.40.36:352][908]LogDirectoryWatcher: A directory notification for 'C:/Users/Justin Wells/Documents/Unreal Projects/InsertNameAdventure/DatBoiEntertainmetnGame/Saved/Collections/' was aborted.
[2017.07.26-01.40.36:352][908]LogModuleManager: Shutting down and abandoning module StatsViewer (510)
[2017.07.26-01.40.36:352][908]LogModuleManager: Shutting down and abandoning module FoliageEdit (508)
[2017.07.26-01.40.36:352][908]LogModuleManager: Shutting down and abandoning module LandscapeEditor (506)
[2017.07.26-01.40.36:352][908]LogModuleManager: Shutting down and abandoning module MeshPaintMode (504)
[2017.07.26-01.40.36:352][908]LogModuleManager: Shutting down and abandoning module SceneDepthPickerMode (502)
[2017.07.26-01.40.36:352][908]LogModuleManager: Shutting down and abandoning module ActorPickerMode (500)
[2017.07.26-01.40.36:352][908]LogModuleManager: Shutting down and abandoning module GeometryMode (498)
[2017.07.26-01.40.36:352][908]LogModuleManager: Shutting down and abandoning module TextureAlignMode (496)
[2017.07.26-01.40.36:352][908]LogModuleManager: Shutting down and abandoning module BspMode (494)
[2017.07.26-01.40.36:352][908]LogModuleManager: Shutting down and abandoning module HardwareSurvey (492)
[2017.07.26-01.40.36:352][908]LogModuleManager: Shutting down and abandoning module SequenceRecorderSections (490)
[2017.07.26-01.40.36:352][908]LogModuleManager: Shutting down and abandoning module AutomationWorker (488)
[2017.07.26-01.40.36:352][908]LogModuleManager: Shutting down and abandoning module MatineeToLevelSequence (486)
[2017.07.26-01.40.36:352][908]LogModuleManager: Shutting down and abandoning module LevelSequenceEditor (484)
[2017.07.26-01.40.36:353][908]LogModuleManager: Shutting down and abandoning module PlacementMode (483)
[2017.07.26-01.40.36:353][908]LogModuleManager: Shutting down and abandoning module WmfMediaFactory (480)
[2017.07.26-01.40.36:353][908]LogModuleManager: Shutting down and abandoning module WmfMediaEditor (478)
[2017.07.26-01.40.36:353][908]LogModuleManager: Shutting down and abandoning module AvfMediaFactory (476)
[2017.07.26-01.40.36:353][908]LogModuleManager: Shutting down and abandoning module AvfMediaEditor (474)
[2017.07.26-01.40.36:353][908]LogModuleManager: Shutting down and abandoning module AndroidMediaFactory (472)
[2017.07.26-01.40.36:353][908]LogModuleManager: Shutting down and abandoning module Media (471)
[2017.07.26-01.40.36:353][908]LogModuleManager: Shutting down and abandoning module AndroidMediaEditor (468)
[2017.07.26-01.40.36:353][908]LogModuleManager: Shutting down and abandoning module CharacterAI (466)
[2017.07.26-01.40.36:353][908]LogModuleManager: Shutting down and abandoning module AudioCapture (464)
[2017.07.26-01.40.36:353][908]LogModuleManager: Shutting down and abandoning module SequenceRecorder (463)
[2017.07.26-01.40.36:353][908]LogModuleManager: Shutting down and abandoning module SmartSnapping (460)
[2017.07.26-01.40.36:353][908]LogModuleManager: Shutting down and abandoning module SessionServices (458)
[2017.07.26-01.40.36:353][908]LogModuleManager: Shutting down and abandoning module ViewportSnapping (456)
[2017.07.26-01.40.36:353][908]LogModuleManager: Shutting down and abandoning module ViewportInteraction (454)
[2017.07.26-01.40.36:353][908]LogModuleManager: Shutting down and abandoning module ClothPainter (452)
[2017.07.26-01.40.36:354][908]LogModuleManager: Shutting down and abandoning module LogVisualizer (450)
[2017.07.26-01.40.36:354][908]LogModuleManager: Shutting down and abandoning module IntroTutorials (448)
[2017.07.26-01.40.36:354][908]LogModuleManager: Shutting down and abandoning module GameProjectGeneration (447)
[2017.07.26-01.40.36:355][908]LogModuleManager: Shutting down and abandoning module EditorLiveStreaming (444)
[2017.07.26-01.40.36:355][908]LogModuleManager: Shutting down and abandoning module IOSPlatformEditor (442)
[2017.07.26-01.40.36:355][908]LogModuleManager: Shutting down and abandoning module HTML5PlatformEditor (440)
[2017.07.26-01.40.36:355][908]LogModuleManager: Shutting down and abandoning module AndroidPlatformEditor (438)
[2017.07.26-01.40.36:355][908]LogModuleManager: Shutting down and abandoning module AndroidDeviceDetection (437)
[2017.07.26-01.40.37:008][908]LogModuleManager: Shutting down and abandoning module IOSRuntimeSettings (434)
[2017.07.26-01.40.37:008][908]LogModuleManager: Shutting down and abandoning module AndroidRuntimeSettings (432)
[2017.07.26-01.40.37:008][908]LogModuleManager: Shutting down and abandoning module InputBindingEditor (430)
[2017.07.26-01.40.37:009][908]LogModuleManager: Shutting down and abandoning module MergeActors (428)
[2017.07.26-01.40.37:009][908]LogModuleManager: Shutting down and abandoning module SizeMap (426)
[2017.07.26-01.40.37:009][908]LogModuleManager: Shutting down and abandoning module TreeMap (424)
[2017.07.26-01.40.37:010][908]LogModuleManager: Shutting down and abandoning module ReferenceViewer (422)
[2017.07.26-01.40.37:010][908]LogModuleManager: Shutting down and abandoning module LocalizationDashboard (420)
[2017.07.26-01.40.37:010][908]LogModuleManager: Shutting down and abandoning module LocalizationService (419)
[2017.07.26-01.40.37:011][908]LogModuleManager: Shutting down and abandoning module HardwareTargeting (416)
[2017.07.26-01.40.37:011][908]LogModuleManager: Shutting down and abandoning module DeviceProfileEditor (414)
[2017.07.26-01.40.37:011][908]LogModuleManager: Shutting down and abandoning module UndoHistory (412)
[2017.07.26-01.40.37:011][908]LogModuleManager: Shutting down and abandoning module UserFeedback (410)
[2017.07.26-01.40.37:011][908]LogModuleManager: Shutting down and abandoning module XmlParser (408)
[2017.07.26-01.40.37:011][908]LogModuleManager: Shutting down and abandoning module Blutility (406)
[2017.07.26-01.40.37:011][908]LogModuleManager: Shutting down and abandoning module ProjectSettingsViewer (404)
[2017.07.26-01.40.37:011][908]LogModuleManager: Shutting down and abandoning module ProjectTargetPlatformEditor (403)
[2017.07.26-01.40.37:012][908]LogModuleManager: Shutting down and abandoning module EditorSettingsViewer (400)
[2017.07.26-01.40.37:012][908]LogModuleManager: Shutting down and abandoning module SettingsEditor (398)
[2017.07.26-01.40.37:012][908]LogModuleManager: Shutting down and abandoning module ProjectLauncher (396)
[2017.07.26-01.40.37:013][908]LogModuleManager: Shutting down and abandoning module SessionFrontend (394)
[2017.07.26-01.40.37:013][908]LogModuleManager: Shutting down and abandoning module ProfilerClient (392)
[2017.07.26-01.40.37:014][908]LogModuleManager: Shutting down and abandoning module DeviceManager (390)
[2017.07.26-01.40.37:014][908]LogModuleManager: Shutting down and abandoning module TargetDeviceServices (389)
[2017.07.26-01.40.37:069][908]LogModuleManager: Shutting down and abandoning module AutomationController (386)
[2017.07.26-01.40.37:069][908]LogModuleManager: Shutting down and abandoning module AutomationWindow (384)
[2017.07.26-01.40.37:070][908]LogModuleManager: Shutting down and abandoning module Layers (382)
[2017.07.26-01.40.37:071][908]LogModuleManager: Shutting down and abandoning module ComponentVisualizers (380)
[2017.07.26-01.40.37:071][908]LogModuleManager: Shutting down and abandoning module DetailCustomizations (378)
[2017.07.26-01.40.37:071][908]LogModuleManager: Shutting down and abandoning module PackagesDialog (376)
[2017.07.26-01.40.37:071][908]LogModuleManager: Shutting down and abandoning module Persona (374)
[2017.07.26-01.40.37:072][908]LogModuleManager: Shutting down and abandoning module AdvancedPreviewScene (373)
[2017.07.26-01.40.37:072][908]LogModuleManager: Shutting down and abandoning module AnimGraph (371)
[2017.07.26-01.40.37:072][908]LogModuleManager: Shutting down and abandoning module Kismet (368)
[2017.07.26-01.40.37:073][908]LogModuleManager: Shutting down and abandoning module ClassViewer (366)
[2017.07.26-01.40.37:073][908]LogModuleManager: Shutting down and abandoning module Toolbox (364)
[2017.07.26-01.40.37:073][908]LogModuleManager: Shutting down and abandoning module ModuleUI (362)
[2017.07.26-01.40.37:074][908]LogModuleManager: Shutting down and abandoning module MovieSceneTools (360)
[2017.07.26-01.40.37:074][908]LogModuleManager: Shutting down and abandoning module OutputLog (358)
[2017.07.26-01.40.37:074][908]LogModuleManager: Shutting down and abandoning module GammaUI (356)
[2017.07.26-01.40.37:074][908]LogModuleManager: Shutting down and abandoning module Documentation (354)
[2017.07.26-01.40.37:074][908]LogModuleManager: Shutting down and abandoning module MovieSceneTracks (352)
[2017.07.26-01.40.37:074][908]LogModuleManager: Shutting down and abandoning module MovieScene (350)
[2017.07.26-01.40.37:074][908]LogModuleManager: Shutting down and abandoning module Niagara (348)
[2017.07.26-01.40.37:074][908]LogModuleManager: Shutting down and abandoning module NiagaraEditor (347)
[2017.07.26-01.40.37:075][908]LogModuleManager: Shutting down and abandoning module StreamingPauseRendering (344)
[2017.07.26-01.40.37:075][908]LogModuleManager: Shutting down and abandoning module AnalyticsET (342)
[2017.07.26-01.40.37:075][908]LogModuleManager: Shutting down and abandoning module PortalServices (340)
[2017.07.26-01.40.37:075][908]LogModuleManager: Shutting down and abandoning module PortalRpc (338)
[2017.07.26-01.40.37:075][908]LogModuleManager: Shutting down and abandoning module MessagingRpc (336)
[2017.07.26-01.40.37:075][908]LogModuleManager: Shutting down and abandoning module AIModule (334)
[2017.07.26-01.40.37:075][908]LogModuleManager: Shutting down and abandoning module GameplayDebugger (333)
[2017.07.26-01.40.37:075][908]LogModuleManager: Shutting down and abandoning module AITestSuite (331)
[2017.07.26-01.40.37:075][908]LogModuleManager: Shutting down and abandoning module ProfilerService (328)
[2017.07.26-01.40.37:197][908]LogModuleManager: Shutting down and abandoning module TaskGraph (326)
[2017.07.26-01.40.37:198][908]LogModuleManager: Shutting down and abandoning module SteamVRController (324)
[2017.07.26-01.40.37:198][908]LogModuleManager: Shutting down and abandoning module SteamVR (322)
[2017.07.26-01.40.37:198][908]LogModuleManager: Shutting down and abandoning module ProceduralMeshComponentEditor (320)
[2017.07.26-01.40.37:198][908]LogModuleManager: Shutting down and abandoning module ProceduralMeshComponent (318)
[2017.07.26-01.40.37:198][908]LogModuleManager: Shutting down and abandoning module OculusLibrary (316)
[2017.07.26-01.40.37:198][908]LogModuleManager: Shutting down and abandoning module OculusInput (314)
[2017.07.26-01.40.37:198][908]LogModuleManager: Shutting down and abandoning module MobilePatchingUtils (312)
[2017.07.26-01.40.37:198][908]LogModuleManager: Shutting down and abandoning module CustomMeshComponent (310)
[2017.07.26-01.40.37:198][908]LogModuleManager: Shutting down and abandoning module CableComponent (308)
[2017.07.26-01.40.37:198][908]LogModuleManager: Shutting down and abandoning module ArchVisCharacter (306)
[2017.07.26-01.40.37:198][908]LogModuleManager: Shutting down and abandoning module AndroidPermission (304)
[2017.07.26-01.40.37:198][908]LogModuleManager: Shutting down and abandoning module MediaPlayerEditor (300)
[2017.07.26-01.40.37:198][908]LogModuleManager: Shutting down and abandoning module HTML5Networking (298)
[2017.07.26-01.40.37:198][908]LogModuleManager: Shutting down and abandoning module AlembicImporter (296)
[2017.07.26-01.40.37:198][908]LogModuleManager: Shutting down and abandoning module AlembicLibrary (295)
[2017.07.26-01.40.37:198][908]LogModuleManager: Shutting down and abandoning module GeometryCache (294)
[2017.07.26-01.40.37:198][908]LogModuleManager: Shutting down and abandoning module GeometryCacheEd (293)
[2017.07.26-01.40.37:198][908]LogModuleManager: Shutting down and abandoning module SuperSearchEditor (288)
[2017.07.26-01.40.37:198][908]LogModuleManager: Shutting down and abandoning module SuperSearch (287)
[2017.07.26-01.40.37:198][908]LogModuleManager: Shutting down and abandoning module SpeedTreeImporter (284)
[2017.07.26-01.40.37:198][908]LogModuleManager: Shutting down and abandoning module PluginBrowser (282)
[2017.07.26-01.40.37:199][908]LogModuleManager: Shutting down and abandoning module MobileLauncherProfileWizard (280)
[2017.07.26-01.40.37:199][908]LogModuleManager: Shutting down and abandoning module VisualStudioSourceCodeAccess (278)
[2017.07.26-01.40.37:199][908]LogModuleManager: Shutting down and abandoning module DesktopPlatform (277)
[2017.07.26-01.40.37:199][908]LogModuleManager: Shutting down and abandoning module UObjectPlugin (274)
[2017.07.26-01.40.37:199][908]LogModuleManager: Shutting down and abandoning module SubversionSourceControl (272)
[2017.07.26-01.40.37:199][908]LogModuleManager: Shutting down and abandoning module PerforceSourceControl (270)
[2017.07.26-01.40.37:199][908]LogModuleManager: Shutting down and abandoning module GitSourceControl (268)
[2017.07.26-01.40.37:199][908]LogModuleManager: Shutting down and abandoning module SourceControl (267)
[2017.07.26-01.40.37:199][908]LogModuleManager: Shutting down and abandoning module LightPropagationVolumeEditor (264)
[2017.07.26-01.40.37:199][908]LogModuleManager: Shutting down and abandoning module PaperTiledImporter (262)
[2017.07.26-01.40.37:199][908]LogModuleManager: Shutting down and abandoning module PaperSpriteSheetImporter (260)
[2017.07.26-01.40.37:199][908]LogModuleManager: Shutting down and abandoning module Paper2DEditor (258)
[2017.07.26-01.40.37:199][908]LogModuleManager: Shutting down and abandoning module MeshPaint (257)
[2017.07.26-01.40.37:199][908]LogModuleManager: Shutting down and abandoning module LevelEditor (255)
[2017.07.26-01.40.37:200][908]LogModuleManager: Shutting down and abandoning module PixelInspectorModule (254)
[2017.07.26-01.40.37:200][908]LogModuleManager: Shutting down and abandoning module MainFrame (252)
[2017.07.26-01.40.37:200][908]LogModuleManager: Shutting down and abandoning module HotReload (251)
[2017.07.26-01.40.37:200][908]LogDirectoryWatcher: A directory notification for 'C:/Users/Justin Wells/Documents/Unreal Projects/InsertNameAdventure/DatBoiEntertainmetnGame/Binaries/Win64' was aborted.
[2017.07.26-01.40.37:200][908]LogModuleManager: Shutting down and abandoning module PhysXVehiclesEditor (246)
[2017.07.26-01.40.37:201][908]LogModuleManager: Shutting down and abandoning module PhysXVehicles (244)
[2017.07.26-01.40.37:201][908]LogModuleManager: Shutting down and abandoning module LocationServicesBPLibrary (242)
[2017.07.26-01.40.37:201][908]LogModuleManager: Shutting down and abandoning module ImmediatePhysicsEditor (240)
[2017.07.26-01.40.37:201][908]LogModuleManager: Shutting down and abandoning module ImmediatePhysics (238)
[2017.07.26-01.40.37:201][908]LogModuleManager: Shutting down and abandoning module UdpMessaging (236)
[2017.07.26-01.40.37:302][908]LogModuleManager: Shutting down and abandoning module TcpMessaging (234)
[2017.07.26-01.40.37:402][908]LogModuleManager: Shutting down and abandoning module GameplayTagsEditor (232)
[2017.07.26-01.40.37:403][908]LogModuleManager: Shutting down and abandoning module FacialAnimationEditor (230)
[2017.07.26-01.40.37:403][908]LogModuleManager: Shutting down and abandoning module FacialAnimation (228)
[2017.07.26-01.40.37:403][908]LogModuleManager: Shutting down and abandoning module AssetManagerEditor (226)
[2017.07.26-01.40.37:404][908]LogModuleManager: Shutting down and abandoning module GraphEditor (225)
[2017.07.26-01.40.37:406][908]LogModuleManager: Shutting down and abandoning module ContentBrowser (223)
[2017.07.26-01.40.37:408][908]LogModuleManager: Shutting down and abandoning module LightPropagationVolumeRuntime (220)
[2017.07.26-01.40.37:409][908]LogModuleManager: Shutting down and abandoning module Paper2D (218)
[2017.07.26-01.40.37:409][908]LogModuleManager: Shutting down and abandoning module WindowsMoviePlayer (216)
[2017.07.26-01.40.37:409][908]LogModuleManager: Shutting down and abandoning module WmfMedia (214)
[2017.07.26-01.40.37:409][908]LogModuleManager: Shutting down and abandoning module ClothingSystemEditor (212)
[2017.07.26-01.40.37:409][908]LogModuleManager: Shutting down and abandoning module ClothingSystemRuntime (210)
[2017.07.26-01.40.37:410][908]LogModuleManager: Shutting down and abandoning module MediaAssets (208)
[2017.07.26-01.40.37:410][908]LogModuleManager: Shutting down and abandoning module GameLiveStreaming (206)
[2017.07.26-01.40.37:410][908]LogModuleManager: Shutting down and abandoning module VREditor (204)
[2017.07.26-01.40.37:410][908]LogModuleManager: Shutting down and abandoning module StringTableEditor (202)
[2017.07.26-01.40.37:410][908]LogModuleManager: Shutting down and abandoning module GameplayTasksEditor (200)
[2017.07.26-01.40.37:411][908]LogModuleManager: Shutting down and abandoning module BehaviorTreeEditor (198)
[2017.07.26-01.40.37:412][908]LogModuleManager: Shutting down and abandoning module FunctionalTesting (196)
[2017.07.26-01.40.37:412][908]LogModuleManager: Shutting down and abandoning module CollisionAnalyzer (194)
[2017.07.26-01.40.37:412][908]LogModuleManager: Shutting down and abandoning module UMG (192)
[2017.07.26-01.40.37:412][908]LogModuleManager: Shutting down and abandoning module UMGEditor (191)
[2017.07.26-01.40.37:412][908]LogModuleManager: Shutting down and abandoning module Sequencer (190)
[2017.07.26-01.40.37:413][908]LogModuleManager: Shutting down and abandoning module AssetTools (188)
[2017.07.26-01.40.37:415][908]LogModuleManager: Shutting down and abandoning module MessageLog (187)
[2017.07.26-01.40.37:415][908]LogModuleManager: Shutting down and abandoning module WorkspaceMenuStructure (186)
[2017.07.26-01.40.37:415][908]LogModuleManager: Shutting down and abandoning module SlateReflector (180)
[2017.07.26-01.40.37:416][908]LogModuleManager: Shutting down and abandoning module Slate (178)
[2017.07.26-01.40.37:416][908]LogModuleManager: Shutting down and abandoning module EditorStyle (176)
[2017.07.26-01.40.37:424][908]LogModuleManager: Shutting down and abandoning module SourceCodeAccess (174)
[2017.07.26-01.40.37:424][908]LogModuleManager: Shutting down and abandoning module HeadMountedDisplay (172)
[2017.07.26-01.40.37:424][908]LogModuleManager: Shutting down and abandoning module XAudio2 (170)
[2017.07.26-01.40.37:424][908]LogModuleManager: Shutting down and abandoning module Networking (168)
[2017.07.26-01.40.37:424][908]LogModuleManager: Shutting down and abandoning module Core (164)
[2017.07.26-01.40.37:424][908]LogModuleManager: Shutting down and abandoning module AssetRegistry (162)
[2017.07.26-01.40.37:638][908]LogDirectoryWatcher: A directory notification for '../../../Engine/Content/' was aborted.
[2017.07.26-01.40.37:638][908]LogDirectoryWatcher: A directory notification for '../../../../../../Users/Justin Wells/Documents/Unreal Projects/InsertNameAdventure/DatBoiEntertainmetnGame/Content/' was aborted.
[2017.07.26-01.40.37:638][908]LogDirectoryWatcher: A directory notification for '../../../Engine/Plugins/2D/Paper2D/Content/' was aborted.
[2017.07.26-01.40.37:638][908]LogDirectoryWatcher: A directory notification for '../../../Engine/Plugins/Runtime/GearVR/Content/' was aborted.
[2017.07.26-01.40.37:641][908]LogModuleManager: Shutting down and abandoning module DirectoryWatcher (161)
[2017.07.26-01.40.37:642][908]LogModuleManager: Shutting down and abandoning module KismetCompiler (158)
[2017.07.26-01.40.37:642][908]LogModuleManager: Shutting down and abandoning module LevelSequence (156)
[2017.07.26-01.40.37:642][908]LogModuleManager: Shutting down and abandoning module PhysXFormats (154)
[2017.07.26-01.40.37:642][908]LogModuleManager: Shutting down and abandoning module MeshUtilities (152)
[2017.07.26-01.40.37:642][908]LogModuleManager: Shutting down and abandoning module SimplygonSwarm (151)
[2017.07.26-01.40.37:642][908]LogModuleManager: Shutting down and abandoning module SimplygonMeshReduction (149)
[2017.07.26-01.40.37:642][908]LogModuleManager: Shutting down and abandoning module QuadricMeshReduction (147)
[2017.07.26-01.40.37:642][908]LogModuleManager: Shutting down and abandoning module DerivedDataCache (144)
[2017.07.26-01.40.37:705][908]LogDerivedDataCache: Shutdown
[2017.07.26-01.40.37:705][908]LogModuleManager: Shutting down and abandoning module TargetPlatform (142)
[2017.07.26-01.40.37:705][908]LogModuleManager: Shutting down and abandoning module VulkanShaderFormat (141)
[2017.07.26-01.40.37:705][908]LogModuleManager: Shutting down and abandoning module ShaderFormatVectorVM (139)
[2017.07.26-01.40.37:705][908]LogModuleManager: Shutting down and abandoning module ShaderFormatOpenGL (137)
[2017.07.26-01.40.37:706][908]LogModuleManager: Shutting down and abandoning module ShaderFormatD3D (135)
[2017.07.26-01.40.37:706][908]LogModuleManager: Shutting down and abandoning module MetalShaderFormat (133)
[2017.07.26-01.40.37:706][908]LogModuleManager: Shutting down and abandoning module TextureFormatUncompressed (131)
[2017.07.26-01.40.37:706][908]LogModuleManager: Shutting down and abandoning module TextureFormatPVR (129)
[2017.07.26-01.40.37:706][908]LogModuleManager: Shutting down and abandoning module TextureFormatDXT (127)
[2017.07.26-01.40.37:706][908]LogModuleManager: Shutting down and abandoning module TextureFormatIntelISPCTexComp (125)
[2017.07.26-01.40.37:706][908]LogModuleManager: Shutting down and abandoning module TextureFormatASTC (123)
[2017.07.26-01.40.37:706][908]LogModuleManager: Shutting down and abandoning module ImageWrapper (122)
[2017.07.26-01.40.37:706][908]LogModuleManager: Shutting down and abandoning module TextureFormatAndroid (119)
[2017.07.26-01.40.37:706][908]LogModuleManager: Shutting down and abandoning module AudioFormatOpus (117)
[2017.07.26-01.40.37:706][908]LogModuleManager: Shutting down and abandoning module AudioFormatOgg (115)
[2017.07.26-01.40.37:706][908]LogModuleManager: Shutting down and abandoning module AudioFormatADPCM (113)
[2017.07.26-01.40.37:706][908]LogModuleManager: Shutting down and abandoning module LinuxTargetPlatform (111)
[2017.07.26-01.40.37:706][908]LogModuleManager: Shutting down and abandoning module LinuxServerTargetPlatform (109)
[2017.07.26-01.40.37:706][908]LogModuleManager: Shutting down and abandoning module LinuxNoEditorTargetPlatform (107)
[2017.07.26-01.40.37:706][908]LogModuleManager: Shutting down and abandoning module LinuxClientTargetPlatform (105)
[2017.07.26-01.40.37:706][908]LogModuleManager: Shutting down and abandoning module TVOSTargetPlatform (103)
[2017.07.26-01.40.37:706][908]LogModuleManager: Shutting down and abandoning module Messaging (101)
[2017.07.26-01.40.37:706][908]LogModuleManager: Shutting down and abandoning module IOSTargetPlatform (99)
[2017.07.26-01.40.37:706][908]LogModuleManager: Shutting down and abandoning module HTML5TargetPlatform (97)
[2017.07.26-01.40.37:706][908]LogModuleManager: Shutting down and abandoning module Android_PVRTCTargetPlatform (95)
[2017.07.26-01.40.37:706][908]LogModuleManager: Shutting down and abandoning module Android_MultiTargetPlatform (93)
[2017.07.26-01.40.37:706][908]LogModuleManager: Shutting down and abandoning module Android_ETC2TargetPlatform (91)
[2017.07.26-01.40.37:706][908]LogModuleManager: Shutting down and abandoning module Android_ETC1TargetPlatform (89)
[2017.07.26-01.40.37:706][908]LogModuleManager: Shutting down and abandoning module Android_DXTTargetPlatform (87)
[2017.07.26-01.40.37:706][908]LogModuleManager: Shutting down and abandoning module Android_ATCTargetPlatform (85)
[2017.07.26-01.40.37:706][908]LogModuleManager: Shutting down and abandoning module Android_ASTCTargetPlatform (83)
[2017.07.26-01.40.37:706][908]LogModuleManager: Shutting down and abandoning module AndroidTargetPlatform (81)
[2017.07.26-01.40.37:706][908]LogModuleManager: Shutting down and abandoning module WindowsTargetPlatform (79)
[2017.07.26-01.40.37:706][908]LogModuleManager: Shutting down and abandoning module WindowsServerTargetPlatform (77)
[2017.07.26-01.40.37:706][908]LogModuleManager: Shutting down and abandoning module WindowsNoEditorTargetPlatform (75)
[2017.07.26-01.40.37:706][908]LogModuleManager: Shutting down and abandoning module WindowsClientTargetPlatform (73)
[2017.07.26-01.40.37:706][908]LogModuleManager: Shutting down and abandoning module MacTargetPlatform (71)
[2017.07.26-01.40.37:707][908]LogModuleManager: Shutting down and abandoning module MacServerTargetPlatform (69)
[2017.07.26-01.40.37:707][908]LogModuleManager: Shutting down and abandoning module MacNoEditorTargetPlatform (67)
[2017.07.26-01.40.37:707][908]LogModuleManager: Shutting down and abandoning module MacClientTargetPlatform (65)
[2017.07.26-01.40.37:707][908]LogModuleManager: Shutting down and abandoning module AllDesktopTargetPlatform (63)
[2017.07.26-01.40.37:707][908]LogModuleManager: Shutting down and abandoning module InputCore (60)
[2017.07.26-01.40.37:707][908]LogModuleManager: Shutting down and abandoning module Settings (58)
[2017.07.26-01.40.37:707][908]LogModuleManager: Shutting down and abandoning module OculusRift (56)
[2017.07.26-01.40.37:707][908]LogModuleManager: Shutting down and abandoning module GearVRController (54)
[2017.07.26-01.40.37:707][908]LogModuleManager: Shutting down and abandoning module GearVR (52)
[2017.07.26-01.40.37:707][908]LogModuleManager: Shutting down and abandoning module ExampleDeviceProfileSelector (50)
[2017.07.26-01.40.37:707][908]LogModuleManager: Shutting down and abandoning module OnlineBlueprintSupport (48)
[2017.07.26-01.40.37:707][908]LogModuleManager: Shutting down and abandoning module OnlineSubsystem (44)
[2017.07.26-01.40.37:707][908]LogOnline:Display: Unloading online subsystem: NULL
[2017.07.26-01.40.37:708][908]LogModuleManager: Shutting down and abandoning module XMPP (43)
[2017.07.26-01.40.37:708][908]LogModuleManager: Shutting down and abandoning module HTTP (41)
[2017.07.26-01.40.37:708][908]LogHttp:Display: Http module shutting down, but needs to wait on 1 outstanding Http requests:
[2017.07.26-01.40.37:708][908]LogHttp:Display: 	verb=[POST] url=[https://datarouter.ol.epicgames.com/datarouter/api/v1/public/data?SessionID=%7B9F53BDA7-40AF-1C90-58D7-CBBE9E5DB18A%7D&AppID=UEEditor.Rocket.Release&AppVersion=4.16.0-3452394%2B%2B%2BUE4%2BRelease-4.16&UserID=520fd5774504bba7d7d4dfbb2efd774d%7C3ef35b30eb8d444d8e26d7fb1794d4bf%7C7a44e29e-0876-4249-91a8-eb020dafba7b&AppEnvironment=datacollector-binary&UploadType=eteventstream] status=Processing
[2017.07.26-01.40.37:738][908]LogModuleManager: Shutting down and abandoning module SSL (40)
[2017.07.26-01.40.37:741][908]LogModuleManager: Shutting down and abandoning module HTTPChunkInstaller (36)
[2017.07.26-01.40.37:741][908]LogModuleManager: Shutting down and abandoning module AnimationModifiers (34)
[2017.07.26-01.40.37:742][908]LogModuleManager: Shutting down and abandoning module PropertyEditor (33)
[2017.07.26-01.40.37:742][908]LogModuleManager: Shutting down and abandoning module AudioEditor (30)
[2017.07.26-01.40.37:742][908]LogModuleManager: Shutting down and abandoning module TextureCompressor (28)
[2017.07.26-01.40.37:742][908]LogModuleManager: Shutting down and abandoning module ShaderCore (26)
[2017.07.26-01.40.37:742][908]LogModuleManager: Shutting down and abandoning module Landscape (24)
[2017.07.26-01.40.37:742][908]LogModuleManager: Shutting down and abandoning module SlateRHIRenderer (22)
[2017.07.26-01.40.37:744][908]LogModuleManager: Shutting down and abandoning module OpenGLDrv (20)
[2017.07.26-01.40.37:744][908]LogModuleManager: Shutting down and abandoning module D3D11RHI (18)
[2017.07.26-01.40.37:744][908]LogModuleManager: Shutting down and abandoning module AnimGraphRuntime (16)
[2017.07.26-01.40.37:744][908]LogModuleManager: Shutting down and abandoning module Renderer (14)
[2017.07.26-01.40.37:744][908]LogModuleManager: Shutting down and abandoning module Engine (12)
[2017.07.26-01.40.37:744][908]LogModuleManager: Shutting down and abandoning module CoreUObject (10)
[2017.07.26-01.40.37:744][908]LogModuleManager: Shutting down and abandoning module NetworkFile (8)
[2017.07.26-01.40.37:744][908]LogModuleManager: Shutting down and abandoning module StreamingFile (6)
[2017.07.26-01.40.37:744][908]LogModuleManager: Shutting down and abandoning module SandboxFile (4)
[2017.07.26-01.40.37:744][908]LogModuleManager: Shutting down and abandoning module PakFile (2)
[2017.07.26-01.40.37:750][908]LogExit: Exiting.
[2017.07.26-01.40.37:798][908]Log file closed, 07/25/17 19:40:37
