Log file open, 08/21/17 10:16:52
LogWindows: LoadLibraryWithSearchPaths failed for file aqProf.dll. GetLastError=0
LogWindows: LoadLibraryWithSearchPaths failed for file VSPerf140.dll. GetLastError=0
LogWindows: LoadLibraryWithSearchPaths failed for file VtuneApi.dll. GetLastError=0
LogWindows: LoadLibraryWithSearchPaths failed for file VtuneApi32e.dll. GetLastError=0
LogInit: Display: Running engine for game: InsertNameAdventure
LogPlatformFile: Not using cached read wrapper
LogInit: Display: RandInit(-976448180) SRandInit(-976448180).
LogTaskGraph: Started task graph with 5 named threads and 14 total threads with 3 sets of task threads.
LogStats: Stats thread started at 0.158517
LogD3D11RHI: Aftermath initialized
LogPluginManager: Mounting plugin Paper2D
LogPluginManager: Mounting plugin LightPropagationVolume
LogPluginManager: Mounting plugin CodeLiteSourceCodeAccess
LogPluginManager: Mounting plugin GitSourceControl
LogPluginManager: Mounting plugin KDevelopSourceCodeAccess
LogPluginManager: Mounting plugin NullSourceCodeAccess
LogPluginManager: Mounting plugin PerforceSourceControl
LogPluginManager: Mounting plugin SubversionSourceControl
LogPluginManager: Mounting plugin UObjectPlugin
LogPluginManager: Mounting plugin VisualStudioSourceCodeAccess
LogPluginManager: Mounting plugin XCodeSourceCodeAccess
LogPluginManager: Mounting plugin AssetManagerEditor
LogPluginManager: Mounting plugin AudioCapture
LogPluginManager: Mounting plugin FacialAnimation
LogPluginManager: Mounting plugin GameplayTagsEditor
LogPluginManager: Mounting plugin MobileLauncherProfileWizard
LogPluginManager: Mounting plugin PluginBrowser
LogPluginManager: Mounting plugin SpeedTreeImporter
LogPluginManager: Mounting plugin AlembicImporter
LogPluginManager: Mounting plugin CharacterAI
LogPluginManager: Mounting plugin HTML5Networking
LogPluginManager: Mounting plugin AndroidMedia
LogPluginManager: Mounting plugin AvfMedia
LogPluginManager: Mounting plugin MediaPlayerEditor
LogPluginManager: Mounting plugin WmfMedia
LogPluginManager: Mounting plugin TcpMessaging
LogPluginManager: Mounting plugin UdpMessaging
LogPluginManager: Mounting plugin LevelSequenceEditor
LogPluginManager: Mounting plugin MatineeToLevelSequence
LogPluginManager: Mounting plugin OnlineSubsystemGooglePlay
LogPluginManager: Mounting plugin OnlineSubsystemIOS
LogPluginManager: Mounting plugin OnlineSubsystem
LogPluginManager: Mounting plugin OnlineSubsystemNull
LogPluginManager: Mounting plugin OnlineSubsystemUtils
LogPluginManager: Mounting plugin AndroidDeviceProfileSelector
LogPluginManager: Mounting plugin AndroidMoviePlayer
LogPluginManager: Mounting plugin AndroidPermission
LogPluginManager: Mounting plugin AppleMoviePlayer
LogPluginManager: Mounting plugin ArchVisCharacter
LogPluginManager: Mounting plugin CableComponent
LogPluginManager: Mounting plugin CustomMeshComponent
LogPluginManager: Mounting plugin ExampleDeviceProfileSelector
LogPluginManager: Mounting plugin GoogleCloudMessaging
LogPluginManager: Mounting plugin ImmediatePhysics
LogPluginManager: Mounting plugin IOSDeviceProfileSelector
LogPluginManager: Mounting plugin LinuxDeviceProfileSelector
LogPluginManager: Mounting plugin LocationServicesBPLibrary
LogPluginManager: Mounting plugin MobilePatchingUtils
LogPluginManager: Mounting plugin OculusVR
LogPluginManager: Mounting plugin PhysXVehicles
LogPluginManager: Mounting plugin ProceduralMeshComponent
LogPluginManager: Mounting plugin RuntimePhysXCooking
LogPluginManager: Mounting plugin SteamVR
LogPluginManager: Mounting plugin WindowsMoviePlayer
LogInit: Using libcurl 7.47.1
LogInit:  - built for x86_64-pc-win32
LogInit:  - supports SSL with OpenSSL/1.0.2g
LogInit:  - supports HTTP deflate (compression) using libz 1.2.8
LogInit:  - other features:
LogInit:      CURL_VERSION_SSL
LogInit:      CURL_VERSION_LIBZ
LogInit:      CURL_VERSION_IPV6
LogInit:      CURL_VERSION_ASYNCHDNS
LogInit:      CURL_VERSION_LARGEFILE
LogInit:      CURL_VERSION_IDN
LogInit:  CurlRequestOptions (configurable via config and command line):
LogInit:  - bVerifyPeer = false  - Libcurl will NOT verify peer certificate
LogInit:  - bUseHttpProxy = false  - Libcurl will NOT use HTTP proxy
LogInit:  - bDontReuseConnections = false  - Libcurl will reuse connections
LogInit:  - CertBundlePath = nullptr  - Libcurl will use whatever was configured at build time.
LogInit: Build: ++UE4+Release-4.17-CL-3586342
LogInit: Engine Version: 4.17.1-3586342+++UE4+Release-4.17
LogInit: Compatible Engine Version: 4.17.0-3573198+++UE4+Release-4.17
LogInit: Net CL: 3573198
LogDevObjectVersion: Number of dev versions registered: 16
LogDevObjectVersion:   Dev-Blueprints (B0D832E4-1F89-4F0D-ACCF-7EB736FD4AA2): 10
LogDevObjectVersion:   Dev-Build (E1C64328-A22C-4D53-A36C-8E866417BD8C): 0
LogDevObjectVersion:   Dev-Core (375EC13C-06E4-48FB-B500-84F0262A717E): 2
LogDevObjectVersion:   Dev-Editor (E4B068ED-F494-42E9-A231-DA0B2E46BB41): 20
LogDevObjectVersion:   Dev-Framework (CFFC743F-43B0-4480-9391-14DF171D2073): 28
LogDevObjectVersion:   Dev-Mobile (B02B49B5-BB20-44E9-A304-32B752E40360): 0
LogDevObjectVersion:   Dev-Networking (A4E4105C-59A1-49B5-A7C5-40C4547EDFEE): 0
LogDevObjectVersion:   Dev-Online (39C831C9-5AE6-47DC-9A44-9C173E1C8E7C): 0
LogDevObjectVersion:   Dev-Physics (78F01B33-EBEA-4F98-B9B4-84EACCB95AA2): 0
LogDevObjectVersion:   Dev-Platform (6631380F-2D4D-43E0-8009-CF276956A95A): 0
LogDevObjectVersion:   Dev-Rendering (12F88B9F-8875-4AFC-A67C-D90C383ABD29): 19
LogDevObjectVersion:   Dev-Sequencer (7B5AE74C-D270-4C10-A958-57980B212A5A): 4
LogDevObjectVersion:   Dev-VR (D7296918-1DD6-4BDD-9DE2-64A83CC13884): 0
LogDevObjectVersion:   Dev-LoadTimes (C2A15278-BFE7-4AFE-6C17-90FF531DF755): 1
LogDevObjectVersion:   Private-Geometry (6EACA3D4-40EC-4CC1-B786-8BED09428FC5): 1
LogDevObjectVersion:   Dev-AnimPhys (29E575DD-E0A3-4627-9D10-D276232CDCEA): 7
LogInit: Compiled (64-bit): Aug 15 2017 02:05:26
LogInit: Compiled with Visual C++: 19.00.24215.01
LogInit: Build Configuration: Development
LogInit: Branch Name: ++UE4+Release-4.17
LogInit: Command line:  
LogInit: Base directory: C:/Program Files/Epic Games/UE_4.17/Engine/Binaries/Win64/
LogInit: Installed Engine Build: 1
LogInit: Presizing for max 8388607 objects, including 0 objects not considered by GC, pre-allocating 0 bytes for permanent pool.
LogInit: Object subsystem initialized
[2017.08.21-16.16.53:243][  0]LogInit: Selected Device Profile: [Windows]
[2017.08.21-16.16.53:244][  0]LogInit: Applying CVar settings loaded from the selected device profile: [Windows]
[2017.08.21-16.16.53:259][  0]LogInit: Computer: DESKTOP-OMJHMSB
[2017.08.21-16.16.53:259][  0]LogInit: User: rajjj
[2017.08.21-16.16.53:259][  0]LogInit: CPU Page size=4096, Cores=4
[2017.08.21-16.16.53:259][  0]LogInit: High frequency timer resolution =3.328131 MHz
[2017.08.21-16.16.53:260][  0]LogMemory: Memory total: Physical=15.9GB (16GB approx)
[2017.08.21-16.16.53:260][  0]LogMemory: Platform Memory Stats for Windows
[2017.08.21-16.16.53:260][  0]LogMemory: Process Physical Memory: 278.69 MB used, 278.69 MB peak
[2017.08.21-16.16.53:260][  0]LogMemory: Process Virtual Memory: 273.96 MB used, 273.96 MB peak
[2017.08.21-16.16.53:260][  0]LogMemory: Physical Memory: 3865.19 MB used,  12456.55 MB free, 16321.74 MB total
[2017.08.21-16.16.53:260][  0]LogMemory: Virtual Memory: 667.91 MB used,  12456.55 MB free, 134217728.00 MB total
[2017.08.21-16.16.53:436][  0]LogInit: Using OS detected language (en-US).
[2017.08.21-16.16.53:436][  0]LogInit: Using OS detected locale (en-US).
[2017.08.21-16.16.53:438][  0]LogTextLocalizationManager: No specific localization for 'en-US' exists, so the 'en' localization will be used.
[2017.08.21-16.16.54:034][  0]LogD3D11RHI: D3D11 adapters:
[2017.08.21-16.16.54:590][  0]LogD3D11RHI:    0. 'NVIDIA GeForce GTX 1070' (Feature Level 11_0)
[2017.08.21-16.16.54:590][  0]LogD3D11RHI:       8085/0/8160 MB DedicatedVideo/DedicatedSystem/SharedSystem, Outputs:2, VendorId:0x10de
[2017.08.21-16.16.54:591][  0]LogD3D11RHI:    1. 'Microsoft Basic Render Driver' (Feature Level 11_0)
[2017.08.21-16.16.54:591][  0]LogD3D11RHI:       0/0/8160 MB DedicatedVideo/DedicatedSystem/SharedSystem, Outputs:0, VendorId:0x1414
[2017.08.21-16.16.54:591][  0]LogD3D11RHI: Chosen D3D11 Adapter: 0
[2017.08.21-16.16.54:596][  0]LogD3D11RHI: Creating new Direct3DDevice
[2017.08.21-16.16.54:596][  0]LogD3D11RHI:     GPU DeviceId: 0x1b81 (for the marketing name, search the web for "GPU Device Id")
[2017.08.21-16.16.54:596][  0]LogWindows: EnumDisplayDevices:
[2017.08.21-16.16.54:596][  0]LogWindows:    0. 'NVIDIA GeForce GTX 1070' (P:0 D:1)
[2017.08.21-16.16.54:597][  0]LogWindows:    1. 'NVIDIA GeForce GTX 1070' (P:1 D:1)
[2017.08.21-16.16.54:597][  0]LogWindows:    2. 'NVIDIA GeForce GTX 1070' (P:0 D:0)
[2017.08.21-16.16.54:597][  0]LogWindows:    3. 'NVIDIA GeForce GTX 1070' (P:0 D:0)
[2017.08.21-16.16.54:597][  0]LogWindows: DebugString: FoundDriverCount:4 
[2017.08.21-16.16.54:597][  0]LogD3D11RHI:     Adapter Name: NVIDIA GeForce GTX 1070
[2017.08.21-16.16.54:597][  0]LogD3D11RHI:   Driver Version: 385.28 (internal:22.21.13.8528, unified:385.28)
[2017.08.21-16.16.54:597][  0]LogD3D11RHI:      Driver Date: 8-9-2017
[2017.08.21-16.16.54:597][  0]LogRHI: Texture pool is 1361 MB (70% of 1945 MB)
[2017.08.21-16.16.55:100][  0]LogD3D11RHI: Async texture creation enabled
[2017.08.21-16.16.55:133][  0]LogD3D11RHI: GPU Timing Frequency: 1000.000000 (Debug: 2 1)
[2017.08.21-16.16.55:184][  0]LogShaderCompilers: Guid format shader working directory is -34 characters bigger than the processId version (../../../../../../Users/rajjj/OneDrive/Documents/GitHub/DatBoiEntertainmetnGame_/Intermediate/Shaders/WorkingDirectory/8328/).
[2017.08.21-16.16.55:184][  0]LogShaderCompilers: Cleaned the shader compiler working directory 'C:/Users/rajjj/AppData/Local/Temp/UnrealShaderWorkingDir/484CD4464D7141CCC7F276AC6C9ED418/'.
[2017.08.21-16.16.55:184][  0]LogShaderCompilers: Display: Using Local Shader Compiler.
[2017.08.21-16.16.56:013][  0]LogTemp: Display: Loaded TP AllDesktopTargetPlatform
[2017.08.21-16.16.56:055][  0]LogTemp: Display: Loaded TP MacClientTargetPlatform
[2017.08.21-16.16.56:096][  0]LogTemp: Display: Loaded TP MacNoEditorTargetPlatform
[2017.08.21-16.16.56:137][  0]LogTemp: Display: Loaded TP MacServerTargetPlatform
[2017.08.21-16.16.56:178][  0]LogTemp: Display: Loaded TP MacTargetPlatform
[2017.08.21-16.16.56:220][  0]LogTemp: Display: Loaded TP WindowsClientTargetPlatform
[2017.08.21-16.16.56:260][  0]LogTemp: Display: Loaded TP WindowsNoEditorTargetPlatform
[2017.08.21-16.16.56:301][  0]LogTemp: Display: Loaded TP WindowsServerTargetPlatform
[2017.08.21-16.16.56:335][  0]LogTemp: Display: Loaded TP WindowsTargetPlatform
[2017.08.21-16.16.56:375][  0]LogTemp: Display: Loaded TP AndroidTargetPlatform
[2017.08.21-16.16.56:417][  0]LogTemp: Display: Loaded TP Android_ASTCTargetPlatform
[2017.08.21-16.16.56:457][  0]LogTemp: Display: Loaded TP Android_ATCTargetPlatform
[2017.08.21-16.16.56:506][  0]LogTemp: Display: Loaded TP Android_DXTTargetPlatform
[2017.08.21-16.16.56:546][  0]LogTemp: Display: Loaded TP Android_ETC1TargetPlatform
[2017.08.21-16.16.56:590][  0]LogTemp: Display: Loaded TP Android_ETC2TargetPlatform
[2017.08.21-16.16.56:671][  0]LogTemp: Display: Loaded TP Android_MultiTargetPlatform
[2017.08.21-16.16.56:671][  0]LogTemp: Display: Loaded TP Android_PVRTCTargetPlatform
[2017.08.21-16.16.56:702][  0]LogTemp: Display: Loaded TP HTML5TargetPlatform
[2017.08.21-16.16.56:781][  0]LogTemp: Display: Loaded TP IOSTargetPlatform
[2017.08.21-16.16.56:808][  0]LogTemp: Display: Loaded TP TVOSTargetPlatform
[2017.08.21-16.16.56:853][  0]LogTemp: Display: Loaded TP LinuxClientTargetPlatform
[2017.08.21-16.16.56:899][  0]LogTemp: Display: Loaded TP LinuxNoEditorTargetPlatform
[2017.08.21-16.16.56:941][  0]LogTemp: Display: Loaded TP LinuxServerTargetPlatform
[2017.08.21-16.16.56:981][  0]LogTemp: Display: Loaded TP LinuxTargetPlatform
[2017.08.21-16.16.56:981][  0]LogTargetPlatformManager: Display: Building Assets For Windows
[2017.08.21-16.16.57:357][  0]LogDerivedDataCache: Display: Max Cache Size: 512 MB
[2017.08.21-16.16.57:443][  0]LogDerivedDataCache: Loaded boot cache 0.09s 93MB C:/Users/rajjj/AppData/Local/UnrealEngine/4.17/DerivedDataCache/Boot.ddc.
[2017.08.21-16.16.57:443][  0]LogDerivedDataCache: Display: Loaded Boot cache: C:/Users/rajjj/AppData/Local/UnrealEngine/4.17/DerivedDataCache/Boot.ddc
[2017.08.21-16.16.57:443][  0]LogDerivedDataCache: FDerivedDataBackendGraph:  Pak pak cache file ../../../../../../Users/rajjj/OneDrive/Documents/GitHub/DatBoiEntertainmetnGame_/DerivedDataCache/DDC.ddp not found, will not use a pak cache.
[2017.08.21-16.16.57:443][  0]LogDerivedDataCache: Unable to find inner node Pak for hierarchical cache Hierarchy.
[2017.08.21-16.16.57:443][  0]LogDerivedDataCache: FDerivedDataBackendGraph:  CompressedPak pak cache file ../../../../../../Users/rajjj/OneDrive/Documents/GitHub/DatBoiEntertainmetnGame_/DerivedDataCache/Compressed.ddp not found, will not use a pak cache.
[2017.08.21-16.16.57:443][  0]LogDerivedDataCache: Unable to find inner node CompressedPak for hierarchical cache Hierarchy.
[2017.08.21-16.16.57:457][  0]LogDerivedDataCache: Display: Pak cache opened for reading ../../../Engine/DerivedDataCache/Compressed.ddp.
[2017.08.21-16.16.57:469][  0]LogDerivedDataCache: Using Local data cache path C:/Users/rajjj/AppData/Local/UnrealEngine/Common/DerivedDataCache: Writable
[2017.08.21-16.16.57:478][  0]LogMaterial: Verifying Global Shaders for PCD3D_SM5
[2017.08.21-16.16.57:479][  0]LogSlate: Using Freetype 2.6.0
[2017.08.21-16.16.57:479][  0]LogSlate: SlateFontCache - WITH_FREETYPE: 1, WITH_HARFBUZZ: 1
[2017.08.21-16.16.57:479][  0]LogSlate: SlateFontCache - WITH_FREETYPE: 1, WITH_HARFBUZZ: 1
[2017.08.21-16.16.57:704][  0]LogAssetRegistry: FAssetRegistry took 0.0250 seconds to start up
[2017.08.21-16.16.57:815][  0]LogInit: Selected Device Profile: [Windows]
[2017.08.21-16.16.57:940][  0]LogContentStreaming: Texture pool size is 0.00 MB
[2017.08.21-16.16.58:186][  0]LogSimplygon: Simplygon DLL not present - disabling.
[2017.08.21-16.16.58:221][  0]LogMeshReduction: Using SimplygonSwarm for distributed automatic mesh merging
[2017.08.21-16.16.58:221][  0]LogMeshReduction: Using QuadricMeshReduction for automatic static mesh reduction
[2017.08.21-16.16.58:221][  0]LogMeshReduction: No automatic skeletal mesh reduction module available
[2017.08.21-16.16.58:221][  0]LogMeshReduction: No automatic mesh merging module available
[2017.08.21-16.16.58:221][  0]LogMeshMerging: No automatic mesh merging module available
[2017.08.21-16.16.58:528][  0]LogNetVersion: InsertNameAdventure , NetCL: 3573198, EngineNetVer: 2, GameNetVer: 0 (Checksum: 3080426378)
[2017.08.21-16.16.58:709][  0]LogPackageLocalizationCache: Processed 5 localized package path(s) for 2 prioritized culture(s) in 0.039975 seconds
[2017.08.21-16.16.58:715][  0]LogUObjectArray: 35825 objects as part of root set at end of initial load.
[2017.08.21-16.16.58:715][  0]LogUObjectAllocator: 7529104 out of 0 bytes used by permanent object pool.
[2017.08.21-16.16.58:715][  0]LogUObjectArray: CloseDisregardForGC: 0/0 objects in disregard for GC pool
[2017.08.21-16.16.58:770][  0]LogInit: WinSock: version 1.1 (2.2), MaxSocks=32767, MaxUdp=65467
[2017.08.21-16.17.00:863][  0]LogTcpMessaging: Initializing TcpMessaging bridge
[2017.08.21-16.17.00:896][  0]LogUdpMessaging: Initializing bridge on interface 0.0.0.0:0 to multicast group 230.0.0.1:6666.
[2017.08.21-16.17.01:447][  0]LogMaterial: Uniform references updated for custom material expression Custom.
[2017.08.21-16.17.01:770][  0]SourceControl: Source control is disabled
[2017.08.21-16.17.02:465][  0]LogAndroidPermission: UAndroidPermissionCallbackProxy::GetInstance
[2017.08.21-16.17.02:650][  0]LogOcInput: OculusInput pre-init called
[2017.08.21-16.17.02:856][  0]LogEngine: Initializing Engine...
[2017.08.21-16.17.02:858][  0]LogHMD: Failed to initialize OpenVR with code 110
[2017.08.21-16.17.03:055][  0]LogStats: UGameplayTagsManager::ConstructGameplayTagTree: Construct from data asset -  0.000 s
[2017.08.21-16.17.03:055][  0]LogStats: UGameplayTagsManager::ConstructGameplayTagTree: GameplayTagTreeChangedEvent.Broadcast -  0.000 s
[2017.08.21-16.17.03:154][  0]LogAIModule: Creating AISystem for world Untitled
[2017.08.21-16.17.03:162][  0]LogInit: XAudio2 using 'Headphones (High Definition Audio Device)' : 2 channels at 48 kHz using 16 bits per sample (channel mask 0x3)
[2017.08.21-16.17.03:171][  0]LogInit: FAudioDevice initialized.
[2017.08.21-16.17.03:246][  0]LogDerivedDataCache: Saved boot cache 0.08s 93MB C:/Users/rajjj/AppData/Local/UnrealEngine/4.17/DerivedDataCache/Boot.ddc.
[2017.08.21-16.17.03:266][  0]LogInit: Texture streaming: Enabled
[2017.08.21-16.17.03:390][  0]LogEngineSessionManager: EngineSessionManager initialized
[2017.08.21-16.17.03:571][  0]LogInit: Transaction tracking system initialized
[2017.08.21-16.17.03:816][  0]BlueprintLog: New page: Editor Load
[2017.08.21-16.17.04:508][  0]LocalizationService: Localization service is disabled
[2017.08.21-16.17.05:040][  0]LogConsoleResponse: Display: 
[2017.08.21-16.17.05:201][  0]LogCook: Display: Max memory allowance for cook 16384mb min free memory 0mb
[2017.08.21-16.17.05:201][  0]LogCook: Display: Mobile HDR setting 1
[2017.08.21-16.17.05:201][  0]LogGameplayTags: Display: UGameplayTagsManager::DoneAddingNativeTags. DelegateIsBound: 0
[2017.08.21-16.17.05:312][  0]LogFileCache: Scanning file cache for directory 'C:/Users/rajjj/OneDrive/Documents/GitHub/DatBoiEntertainmetnGame_/Content/' took 0.01s
[2017.08.21-16.17.06:023][  0]Cmd: MAP LOAD FILE="../../../../../../Users/rajjj/OneDrive/Documents/GitHub/DatBoiEntertainmetnGame_/Content/2DSideScrollerBP/Maps/2DSideScrollerExampleMap.umap" TEMPLATE=0 SHOWPROGRESS=1 FEATURELEVEL=3
[2017.08.21-16.17.06:041][  0]LogSlate: Took 0.000140 seconds to synchronously load lazily loaded font '../../../Engine/Content/Slate/Fonts/Roboto-Regular.ttf' (155K)
[2017.08.21-16.17.08:701][  0]LogWindowsTextInputMethodSystem: Display: IME system now deactivated.
[2017.08.21-16.17.08:706][  0]LightingResults: New page: Lighting Build
[2017.08.21-16.17.08:740][  0]MapCheck: New page: Map Check
[2017.08.21-16.17.08:740][  0]LightingResults: New page: Lighting Build
[2017.08.21-16.17.08:750][  0]LogAIModule: Creating AISystem for world Untitled
[2017.08.21-16.17.08:753][  0]LoadErrors: New page: New Map
[2017.08.21-16.17.08:830][  0]LogWindowsTextInputMethodSystem: Display: IME system now deactivated.
[2017.08.21-16.17.08:953][  0]LogCollectionManager: Loaded 0 collections in 0.001656 seconds
[2017.08.21-16.17.09:028][  0]LogFileCache: Scanning file cache for directory 'C:/Users/rajjj/OneDrive/Documents/GitHub/DatBoiEntertainmetnGame_/Saved/Collections/' took 0.01s
[2017.08.21-16.17.09:028][  0]LogFileCache: Scanning file cache for directory 'C:/Users/rajjj/OneDrive/Documents/GitHub/DatBoiEntertainmetnGame_/Content/Developers/rajjj/Collections/' took 0.01s
[2017.08.21-16.17.09:029][  0]LogFileCache: Scanning file cache for directory 'C:/Users/rajjj/OneDrive/Documents/GitHub/DatBoiEntertainmetnGame_/Content/Collections/' took 0.01s
[2017.08.21-16.17.09:029][  0]LogCollectionManager: Rebuilt the GUID cache for 0 collections in 0.000001 seconds
[2017.08.21-16.17.09:036][  0]LogContentBrowser: Native class hierarchy populated in 0.0076 seconds. Added 2387 classes and 502 folders.
[2017.08.21-16.17.09:095][  0]LogContentBrowser: Native class hierarchy updated for 'WidgetCarousel' in 0.0006 seconds. Added 0 classes and 0 folders.
[2017.08.21-16.17.09:127][  0]LogContentBrowser: Native class hierarchy updated for 'AddContentDialog' in 0.0008 seconds. Added 0 classes and 0 folders.
[2017.08.21-16.17.09:149][  0]LogSlate: Took 0.000154 seconds to synchronously load lazily loaded font '../../../Engine/Content/Slate/Fonts/Roboto-Bold.ttf' (160K)
[2017.08.21-16.17.09:153][  0]LogSlate: Took 0.000164 seconds to synchronously load lazily loaded font '../../../Engine/Content/Editor/Slate/Fonts/FontAwesome.ttf' (139K)
[2017.08.21-16.17.09:252][  0]LogRenderer: Reallocating scene render targets to support 1524x924 Format 10 NumSamples 1 (Frame:1).
[2017.08.21-16.17.09:410][  0]LogContentBrowser: Native class hierarchy updated for 'HierarchicalLODOutliner' in 0.0006 seconds. Added 1 classes and 2 folders.
[2017.08.21-16.17.09:410][  0]LogLoad: (Engine Initialization) Total time: 17.57 seconds
[2017.08.21-16.17.09:410][  0]LogLoad: (Engine Initialization) Total Blueprint compile time: 0.00 seconds
[2017.08.21-16.17.09:411][  0]LogExternalProfiler: No external profilers were discovered.  External profiling features will not be available.
[2017.08.21-16.17.09:452][  0]SourceControl: On branch V1.5.1
[2017.08.21-16.17.09:452][  0]SourceControl: Your branch is up-to-date with 'origin/V1.5.1'.
[2017.08.21-16.17.09:452][  0]SourceControl: Changes not staged for commit:
[2017.08.21-16.17.09:452][  0]SourceControl:   (use "git add/rm <file>..." to update what will be committed)
[2017.08.21-16.17.09:452][  0]SourceControl:   (use "git checkout -- <file>..." to discard changes in working directory)
[2017.08.21-16.17.09:452][  0]SourceControl: 	modified:   Content/2DSideScrollerBP/Maps/Levels/Rainforest_Alien.umap
[2017.08.21-16.17.09:452][  0]SourceControl: 	modified:   Content/2DSideScrollerBP/Maps/Levels/Rainforest_Alien_BuiltData.uasset
[2017.08.21-16.17.09:452][  0]SourceControl: 	modified:   Intermediate/AssetRegistryCache/c90e3f55.bin
[2017.08.21-16.17.09:452][  0]SourceControl: 	modified:   Intermediate/CachedAssetRegistry.bin
[2017.08.21-16.17.09:452][  0]SourceControl: 	modified:   Saved/AutoScreenshot.png
[2017.08.21-16.17.09:452][  0]SourceControl: 	modified:   Saved/Config/Windows/EditorPerProjectUserSettings.ini
[2017.08.21-16.17.09:452][  0]SourceControl: 	modified:   Saved/Config/Windows/Engine.ini
[2017.08.21-16.17.09:452][  0]SourceControl: 	deleted:    Saved/Logs/InsertNameAdventure-backup-2017.08.19-09.58.24.log
[2017.08.21-16.17.09:452][  0]SourceControl: 	deleted:    Saved/Logs/InsertNameAdventure-backup-2017.08.19-14.48.07.log
[2017.08.21-16.17.09:452][  0]SourceControl: 	deleted:    Saved/Logs/InsertNameAdventure-backup-2017.08.19-19.04.30.log
[2017.08.21-16.17.09:452][  0]SourceControl: 	deleted:    Saved/Logs/InsertNameAdventure-backup-2017.08.20-09.42.47.log
[2017.08.21-16.17.09:452][  0]SourceControl: 	modified:   Saved/Logs/InsertNameAdventure.log
[2017.08.21-16.17.09:452][  0]SourceControl: Untracked files:
[2017.08.21-16.17.09:452][  0]SourceControl:   (use "git add <file>..." to include in what will be committed)
[2017.08.21-16.17.09:452][  0]SourceControl: 	Saved/Backup/Rainforest_Alien_BuiltData_2017-08-21-10-16-46.uasset
[2017.08.21-16.17.09:452][  0]SourceControl: 	Saved/Config/CrashReportClient/UE4CC-Windows-154D1D184E0DE451216F7DA662749E54/
[2017.08.21-16.17.09:452][  0]SourceControl: 	Saved/Config/CrashReportClient/UE4CC-Windows-574471EC41FDA05666F658A5521BF243/
[2017.08.21-16.17.09:452][  0]SourceControl: 	Saved/Logs/InsertNameAdventure-backup-2017.08.21-10.12.52.log
[2017.08.21-16.17.09:452][  0]SourceControl: 	Saved/Logs/InsertNameAdventure-backup-2017.08.21-10.16.52.log
[2017.08.21-16.17.09:452][  0]SourceControl: no changes added to commit (use "git add" and/or "git commit -a")
[2017.08.21-16.17.09:452][  0]LogContentStreaming: Texture pool size now 1000 MB
[2017.08.21-16.17.09:485][  0]LogSlate: Took 0.000150 seconds to synchronously load lazily loaded font '../../../Engine/Content/Slate/Fonts/Roboto-Light.ttf' (159K)
[2017.08.21-16.17.09:500][  1]LogAssetRegistry: Asset discovery search completed in 11.8172 seconds
[2017.08.21-16.17.09:502][  1]LogCollectionManager: Rebuilt the object cache for 0 collections in 0.000000 seconds (found 0 objects)
[2017.08.21-16.17.09:502][  1]LogCollectionManager: Fixed up redirectors for 0 collections in 0.000061 seconds (updated 0 objects)
[2017.08.21-16.17.10:465][103]LogSlate: Took 0.000145 seconds to synchronously load lazily loaded font '../../../Engine/Content/Slate/Fonts/Roboto-Light.ttf' (159K)
[2017.08.21-16.17.10:527][103]LogSlate: Took 0.000219 seconds to synchronously load lazily loaded font '../../../Engine/Content/Editor/Slate/Fonts/Roboto-BoldCondensed.ttf' (158K)
[2017.08.21-16.17.10:614][103]LogRenderer: Reallocating scene render targets to support 1564x924 Format 10 NumSamples 1 (Frame:1).
[2017.08.21-16.17.14:493][549]LogFileCache: Retrieving MD5 hashes for directory 'C:/Users/rajjj/OneDrive/Documents/GitHub/DatBoiEntertainmetnGame_/Content/' took 5.06s
[2017.08.21-16.17.16:546][767]LogBlueprint: Warning: ExposeOnSpawn ambiguity. Property 'BoolProperty /Game/2DSideScrollerBP/Blueprints/UI/ItemDrag.ItemDrag_C:fromInv', MetaData 'True', Flag 'False'
[2017.08.21-16.17.16:546][767]LogBlueprint: Warning: ExposeOnSpawn ambiguity. Property 'ObjectProperty /Game/2DSideScrollerBP/Blueprints/UI/ItemDrag.ItemDrag_C:dragItem', MetaData 'True', Flag 'False'
[2017.08.21-16.17.16:550][767]LogBlueprint: Warning: ExposeOnSpawn ambiguity. Property 'BoolProperty /Game/2DSideScrollerBP/Blueprints/UI/ItemDrag.ItemDrag_C:fromInv', MetaData 'True', Flag 'False'
[2017.08.21-16.17.16:551][767]LogBlueprint: Warning: ExposeOnSpawn ambiguity. Property 'ObjectProperty /Game/2DSideScrollerBP/Blueprints/UI/ItemDrag.ItemDrag_C:dragItem', MetaData 'True', Flag 'False'
[2017.08.21-16.17.16:571][767]LogBlueprint: Warning: [Compiler ActionSlot] Input pin  Drag Item  specifying non-default value no longer exists on this node. Please refresh node or reset pin to default value to remove pin.
[2017.08.21-16.17.16:582][767]LogBlueprint: Warning: [Compiler InventorySlot] Input pin  From Inv  specifying non-default value no longer exists on this node. Please refresh node or reset pin to default value to remove pin.
[2017.08.21-16.17.16:582][767]LogBlueprint: Error: [Compiler InventorySlot] In use pin  Drag Item  no longer exists on this node. Please refresh node or break links to remove pin.
[2017.08.21-16.17.16:666][767]LogBlueprint: Warning: [Compiler ActionSlot] [0024.82] Compile of ActionSlot successful, but with 1 Warning(s) [in 128 ms] (/Game/2DSideScrollerBP/Blueprints/UI/ActionSlot.ActionSlot)
[2017.08.21-16.17.16:666][767]LogBlueprint: Warning: [Compiler InventorySlot] [0024.82] Compile of InventorySlot failed. 1 Fatal Issue(s) 1 Warning(s) [in 128 ms] (/Game/2DSideScrollerBP/Blueprints/UI/InventorySlot.InventorySlot)
[2017.08.21-16.17.17:072][767]LogSlate: Took 0.000167 seconds to synchronously load lazily loaded font '../../../Engine/Content/Slate/Fonts/Roboto-Regular.ttf' (155K)
[2017.08.21-16.17.17:321][767]LogAIModule: Creating AISystem for world Rainforest_Alien
[2017.08.21-16.17.17:361][767]Cmd: MAP LOAD FILE="../../../../../../Users/rajjj/OneDrive/Documents/GitHub/DatBoiEntertainmetnGame_/Content/2DSideScrollerBP/Maps/Levels/Rainforest_Alien.umap" TEMPLATE=0 SHOWPROGRESS=1 FEATURELEVEL=3
[2017.08.21-16.17.17:361][767]LightingResults: New page: Lighting Build
[2017.08.21-16.17.17:361][767]LoadErrors: New page: Loading map: Rainforest_Alien.umap
[2017.08.21-16.17.17:362][767]MapCheck: New page: Map Check
[2017.08.21-16.17.17:362][767]LightingResults: New page: Lighting Build
[2017.08.21-16.17.17:392][767]LogEditorServer: Finished looking for orphan Actors (0.000 secs)
[2017.08.21-16.17.17:452][767]Cmd: MAP CHECKDEP NOCLEARLOG
[2017.08.21-16.17.17:507][767]MapCheck: Map check complete: 0 Error(s), 0 Warning(s), took 54.708ms to complete.
[2017.08.21-16.17.17:507][767]LogFileHelpers: Loading map 'Rainforest_Alien' took 0.147
[2017.08.21-16.17.17:554][768]LogParticles: Warning: Spawning 32000 GPU particles in one frame[769]: RainFall4_PS/Particle Emitter
[2017.08.21-16.17.38:317][214]LogEditorViewport: Clicking on Actor (LMB): StaticMeshActor (Cube)
[2017.08.21-16.17.39:752][380]LogEditorViewport: Clicking on Actor (LMB): Skybox_BP_Rain_C (Skybox_BP_Rain)
[2017.08.21-16.17.57:201][393]LogBlueprintUserMessages: Early PlayInEditor Detection: Level '/Game/2DSideScrollerBP/Maps/Levels/Rainforest_Alien.Rainforest_Alien:PersistentLevel' has LevelScriptBlueprint '/Game/2DSideScrollerBP/Maps/Levels/Rainforest_Alien.Rainforest_Alien:PersistentLevel.Rainforest_Alien' with GeneratedClass '/Game/2DSideScrollerBP/Maps/Levels/Rainforest_Alien.Rainforest_Alien_C' with ClassGeneratedBy '/Game/2DSideScrollerBP/Maps/Levels/Rainforest_Alien.Rainforest_Alien:PersistentLevel.Rainforest_Alien'
[2017.08.21-16.17.57:202][393]LogPlayLevel: PlayLevel: No blueprints needed recompiling
[2017.08.21-16.17.58:415][393]PIE: New page: PIE session: Rainforest_Alien (Aug 21, 2017, 4:17:58 AM)
[2017.08.21-16.17.58:415][393]LogPlayLevel: Creating play world package: /Game/2DSideScrollerBP/Maps/Levels/UEDPIE_0_Rainforest_Alien
[2017.08.21-16.17.58:435][393]LogPlayLevel: PIE: StaticDuplicateObject took: (0.020210s)
[2017.08.21-16.17.58:436][393]LogAIModule: Creating AISystem for world Rainforest_Alien
[2017.08.21-16.17.58:436][393]LogPlayLevel: PIE: World Init took: (0.000706s)
[2017.08.21-16.17.58:436][393]LogPlayLevel: PIE: Created PIE world by copying editor world from /Game/2DSideScrollerBP/Maps/Levels/Rainforest_Alien.Rainforest_Alien to /Game/2DSideScrollerBP/Maps/Levels/UEDPIE_0_Rainforest_Alien.Rainforest_Alien (0.021425s)
[2017.08.21-16.17.58:451][393]LogInit: XAudio2 using 'Headphones (High Definition Audio Device)' : 2 channels at 48 kHz using 16 bits per sample (channel mask 0x3)
[2017.08.21-16.17.58:457][393]LogInit: FAudioDevice initialized.
[2017.08.21-16.17.58:502][393]LogLoad: Game class is '2DSideScrollerGameMode_C'
[2017.08.21-16.17.58:517][393]LogWorld: Bringing World /Game/2DSideScrollerBP/Maps/Levels/UEDPIE_0_Rainforest_Alien.Rainforest_Alien up for play (max tick rate 0) at 2017.08.21-10.17.58
[2017.08.21-16.17.58:523][393]LogWorld: Bringing up level for play took: 0.019719
[2017.08.21-16.17.58:556][393]LogContentBrowser: Native class hierarchy updated for 'MovieSceneCapture' in 0.0006 seconds. Added 11 classes and 0 folders.
[2017.08.21-16.17.58:565][393]PIE: Play in editor start time for /Game/2DSideScrollerBP/Maps/Levels/UEDPIE_0_Rainforest_Alien 1.409
[2017.08.21-16.17.58:565][393]LogBlueprintUserMessages: Late PlayInEditor Detection: Level '/Game/2DSideScrollerBP/Maps/Levels/Rainforest_Alien.Rainforest_Alien:PersistentLevel' has LevelScriptBlueprint '/Game/2DSideScrollerBP/Maps/Levels/Rainforest_Alien.Rainforest_Alien:PersistentLevel.Rainforest_Alien' with GeneratedClass '/Game/2DSideScrollerBP/Maps/Levels/Rainforest_Alien.Rainforest_Alien_C' with ClassGeneratedBy '/Game/2DSideScrollerBP/Maps/Levels/Rainforest_Alien.Rainforest_Alien:PersistentLevel.Rainforest_Alien'
[2017.08.21-16.17.58:608][394]LogCharacterMovement: Warning: GetSimulationTimeStep() - Max iterations 8 hit while remaining time 0.085459 > MaxSimulationTimeStep (0.050) for '2DSideScrollerCharacter_C_0', movement 'Walking'
[2017.08.21-16.17.58:618][394]LogParticles: Warning: Spawning 32000 GPU particles in one frame[5395]: RainFall4_PS/Particle Emitter
[2017.08.21-16.18.01:638][753]LogBlueprintUserMessages: Early EndPlayMap Detection: Level '/Game/2DSideScrollerBP/Maps/Levels/Rainforest_Alien.Rainforest_Alien:PersistentLevel' has LevelScriptBlueprint '/Game/2DSideScrollerBP/Maps/Levels/Rainforest_Alien.Rainforest_Alien:PersistentLevel.Rainforest_Alien' with GeneratedClass '/Game/2DSideScrollerBP/Maps/Levels/Rainforest_Alien.Rainforest_Alien_C' with ClassGeneratedBy '/Game/2DSideScrollerBP/Maps/Levels/Rainforest_Alien.Rainforest_Alien:PersistentLevel.Rainforest_Alien'
[2017.08.21-16.18.01:678][753]LogBlueprintUserMessages: Late EndPlayMap Detection: Level '/Game/2DSideScrollerBP/Maps/Levels/Rainforest_Alien.Rainforest_Alien:PersistentLevel' has LevelScriptBlueprint '/Game/2DSideScrollerBP/Maps/Levels/Rainforest_Alien.Rainforest_Alien:PersistentLevel.Rainforest_Alien' with GeneratedClass '/Game/2DSideScrollerBP/Maps/Levels/Rainforest_Alien.Rainforest_Alien_C' with ClassGeneratedBy '/Game/2DSideScrollerBP/Maps/Levels/Rainforest_Alien.Rainforest_Alien:PersistentLevel.Rainforest_Alien'
[2017.08.21-16.19.38:315][260]LogTemp: Repeating last play command: Selected Viewport
[2017.08.21-16.19.38:342][260]LogBlueprintUserMessages: Early PlayInEditor Detection: Level '/Game/2DSideScrollerBP/Maps/Levels/Rainforest_Alien.Rainforest_Alien:PersistentLevel' has LevelScriptBlueprint '/Game/2DSideScrollerBP/Maps/Levels/Rainforest_Alien.Rainforest_Alien:PersistentLevel.Rainforest_Alien' with GeneratedClass '/Game/2DSideScrollerBP/Maps/Levels/Rainforest_Alien.Rainforest_Alien_C' with ClassGeneratedBy '/Game/2DSideScrollerBP/Maps/Levels/Rainforest_Alien.Rainforest_Alien:PersistentLevel.Rainforest_Alien'
[2017.08.21-16.19.38:343][260]LogPlayLevel: PlayLevel: No blueprints needed recompiling
[2017.08.21-16.19.38:343][260]PIE: New page: PIE session: Rainforest_Alien (Aug 21, 2017, 4:19:38 AM)
[2017.08.21-16.19.38:343][260]LogPlayLevel: Creating play world package: /Game/2DSideScrollerBP/Maps/Levels/UEDPIE_0_Rainforest_Alien
[2017.08.21-16.19.38:363][260]LogPlayLevel: PIE: StaticDuplicateObject took: (0.019804s)
[2017.08.21-16.19.38:363][260]LogAIModule: Creating AISystem for world Rainforest_Alien
[2017.08.21-16.19.38:363][260]LogPlayLevel: PIE: World Init took: (0.000685s)
[2017.08.21-16.19.38:364][260]LogPlayLevel: PIE: Created PIE world by copying editor world from /Game/2DSideScrollerBP/Maps/Levels/Rainforest_Alien.Rainforest_Alien to /Game/2DSideScrollerBP/Maps/Levels/UEDPIE_0_Rainforest_Alien.Rainforest_Alien (0.020894s)
[2017.08.21-16.19.38:377][260]LogInit: XAudio2 using 'Headphones (High Definition Audio Device)' : 2 channels at 48 kHz using 16 bits per sample (channel mask 0x3)
[2017.08.21-16.19.38:383][260]LogInit: FAudioDevice initialized.
[2017.08.21-16.19.38:412][260]LogLoad: Game class is '2DSideScrollerGameMode_C'
[2017.08.21-16.19.38:425][260]LogWorld: Bringing World /Game/2DSideScrollerBP/Maps/Levels/UEDPIE_0_Rainforest_Alien.Rainforest_Alien up for play (max tick rate 0) at 2017.08.21-10.19.38
[2017.08.21-16.19.38:431][260]LogWorld: Bringing up level for play took: 0.018742
[2017.08.21-16.19.38:439][260]PIE: Play in editor start time for /Game/2DSideScrollerBP/Maps/Levels/UEDPIE_0_Rainforest_Alien -0.716
[2017.08.21-16.19.38:440][260]LogBlueprintUserMessages: Late PlayInEditor Detection: Level '/Game/2DSideScrollerBP/Maps/Levels/Rainforest_Alien.Rainforest_Alien:PersistentLevel' has LevelScriptBlueprint '/Game/2DSideScrollerBP/Maps/Levels/Rainforest_Alien.Rainforest_Alien:PersistentLevel.Rainforest_Alien' with GeneratedClass '/Game/2DSideScrollerBP/Maps/Levels/Rainforest_Alien.Rainforest_Alien_C' with ClassGeneratedBy '/Game/2DSideScrollerBP/Maps/Levels/Rainforest_Alien.Rainforest_Alien:PersistentLevel.Rainforest_Alien'
[2017.08.21-16.20.11:591][227]LogBlueprintUserMessages: Early EndPlayMap Detection: Level '/Game/2DSideScrollerBP/Maps/Levels/Rainforest_Alien.Rainforest_Alien:PersistentLevel' has LevelScriptBlueprint '/Game/2DSideScrollerBP/Maps/Levels/Rainforest_Alien.Rainforest_Alien:PersistentLevel.Rainforest_Alien' with GeneratedClass '/Game/2DSideScrollerBP/Maps/Levels/Rainforest_Alien.Rainforest_Alien_C' with ClassGeneratedBy '/Game/2DSideScrollerBP/Maps/Levels/Rainforest_Alien.Rainforest_Alien:PersistentLevel.Rainforest_Alien'
[2017.08.21-16.20.11:635][227]LogBlueprintUserMessages: Late EndPlayMap Detection: Level '/Game/2DSideScrollerBP/Maps/Levels/Rainforest_Alien.Rainforest_Alien:PersistentLevel' has LevelScriptBlueprint '/Game/2DSideScrollerBP/Maps/Levels/Rainforest_Alien.Rainforest_Alien:PersistentLevel.Rainforest_Alien' with GeneratedClass '/Game/2DSideScrollerBP/Maps/Levels/Rainforest_Alien.Rainforest_Alien_C' with ClassGeneratedBy '/Game/2DSideScrollerBP/Maps/Levels/Rainforest_Alien.Rainforest_Alien:PersistentLevel.Rainforest_Alien'
[2017.08.21-16.20.54:700][305]LogEditorViewport: Clicking on Actor (context menu): PaperSpriteActor (Shroom_Backdrop_2_with_dirt_Sprite)
[2017.08.21-16.20.54:758][305]LogEditorViewport: Clicking on Component (context menu): PaperSpriteComponent (RenderComponent)
[2017.08.21-16.21.10:854][182]LogParticles: Warning: Spawning 26667 GPU particles in one frame[28183]: RainFall4_PS/Particle Emitter
[2017.08.21-16.21.11:172][183]LogParticles: Warning: Spawning 26666 GPU particles in one frame[28184]: RainFall4_PS/Particle Emitter
[2017.08.21-16.21.11:520][184]LogParticles: Warning: Spawning 26667 GPU particles in one frame[28185]: RainFall4_PS/Particle Emitter
[2017.08.21-16.21.11:823][185]LogParticles: Warning: Spawning 26667 GPU particles in one frame[28186]: RainFall4_PS/Particle Emitter
[2017.08.21-16.21.12:332][204]LogParticles: Warning: Spawning 26666 GPU particles in one frame[28205]: RainFall4_PS/Particle Emitter
[2017.08.21-16.21.12:693][205]LogParticles: Warning: Spawning 26667 GPU particles in one frame[28206]: RainFall4_PS/Particle Emitter
[2017.08.21-16.21.13:024][206]LogParticles: Warning: Spawning 26667 GPU particles in one frame[28207]: RainFall4_PS/Particle Emitter
[2017.08.21-16.21.13:357][207]LogParticles: Warning: Spawning 26667 GPU particles in one frame[28208]: RainFall4_PS/Particle Emitter
[2017.08.21-16.21.13:686][208]LogParticles: Warning: Spawning 26666 GPU particles in one frame[28209]: RainFall4_PS/Particle Emitter
[2017.08.21-16.21.14:024][209]LogParticles: Warning: Spawning 26667 GPU particles in one frame[28210]: RainFall4_PS/Particle Emitter
[2017.08.21-16.21.14:360][210]LogParticles: Warning: Spawning 26667 GPU particles in one frame[28211]: RainFall4_PS/Particle Emitter
[2017.08.21-16.21.14:691][211]LogParticles: Warning: Spawning 26667 GPU particles in one frame[28212]: RainFall4_PS/Particle Emitter
[2017.08.21-16.21.15:005][212]LogParticles: Warning: Spawning 26666 GPU particles in one frame[28213]: RainFall4_PS/Particle Emitter
[2017.08.21-16.21.15:356][213]LogParticles: Warning: Spawning 26667 GPU particles in one frame[28214]: RainFall4_PS/Particle Emitter
