Log file open, 07/10/17 09:45:32
LogInit:Display: Running engine for game: InsertNameAdventure
LogPlatformFile: Not using cached read wrapper
LogInit:Display: RandInit(-6495080) SRandInit(-6495080).
LogTaskGraph: Started task graph with 5 named threads and 8 total threads with 1 sets of task threads.
LogStats: Stats thread started at 0.422515
LogInit: Using libcurl 7.47.1
LogInit:  - built for x86_64-pc-win32
LogInit:  - supports SSL with OpenSSL/1.0.2g
LogInit:  - supports HTTP deflate (compression) using libz 1.2.8
LogInit:  - other features:
LogInit:      CURL_VERSION_SSL
LogInit:      CURL_VERSION_LIBZ
LogInit:      CURL_VERSION_IPV6
LogInit:      CURL_VERSION_ASYNCHDNS
LogInit:      CURL_VERSION_LARGEFILE
LogInit:      CURL_VERSION_IDN
LogInit:  CurlRequestOptions (configurable via config and command line):
LogInit:  - bVerifyPeer = false  - Libcurl will NOT verify peer certificate
LogInit:  - bUseHttpProxy = false  - Libcurl will NOT use HTTP proxy
LogInit:  - bDontReuseConnections = false  - Libcurl will reuse connections
LogInit:  - CertBundlePath = nullptr  - Libcurl will use whatever was configured at build time.
LogInit: Build: ++UE4+Release-4.16-CL-3466753
LogInit: Engine Version: 4.16.1-3466753+++UE4+Release-4.16
LogInit: Compatible Engine Version: 4.16.0-3452394+++UE4+Release-4.16
LogInit: Net CL: 3452394
LogDevObjectVersion: Number of dev versions registered: 16
LogDevObjectVersion:   Dev-Blueprints (B0D832E4-1F89-4F0D-ACCF-7EB736FD4AA2): 9
LogDevObjectVersion:   Dev-Build (E1C64328-A22C-4D53-A36C-8E866417BD8C): 0
LogDevObjectVersion:   Dev-Core (375EC13C-06E4-48FB-B500-84F0262A717E): 2
LogDevObjectVersion:   Dev-Editor (E4B068ED-F494-42E9-A231-DA0B2E46BB41): 17
LogDevObjectVersion:   Dev-Framework (CFFC743F-43B0-4480-9391-14DF171D2073): 23
LogDevObjectVersion:   Dev-Mobile (B02B49B5-BB20-44E9-A304-32B752E40360): 0
LogDevObjectVersion:   Dev-Networking (A4E4105C-59A1-49B5-A7C5-40C4547EDFEE): 0
LogDevObjectVersion:   Dev-Online (39C831C9-5AE6-47DC-9A44-9C173E1C8E7C): 0
LogDevObjectVersion:   Dev-Physics (78F01B33-EBEA-4F98-B9B4-84EACCB95AA2): 0
LogDevObjectVersion:   Dev-Platform (6631380F-2D4D-43E0-8009-CF276956A95A): 0
LogDevObjectVersion:   Dev-Rendering (12F88B9F-8875-4AFC-A67C-D90C383ABD29): 15
LogDevObjectVersion:   Dev-Sequencer (7B5AE74C-D270-4C10-A958-57980B212A5A): 4
LogDevObjectVersion:   Dev-VR (D7296918-1DD6-4BDD-9DE2-64A83CC13884): 0
LogDevObjectVersion:   Dev-LoadTimes (C2A15278-BFE7-4AFE-6C17-90FF531DF755): 1
LogDevObjectVersion:   Private-Geometry (6EACA3D4-40EC-4CC1-B786-8BED09428FC5): 1
LogDevObjectVersion:   Dev-AnimPhys (29E575DD-E0A3-4627-9D10-D276232CDCEA): 3
LogInit: Compiled (64-bit): May 31 2017 02:03:30
LogInit: Compiled with Visual C++: 19.00.24215.01
LogInit: Build Configuration: Development
LogInit: Branch Name: ++UE4+Release-4.16
LogInit: Command line:  
LogInit: Base directory: C:/Program Files/Epic Games/UE_4.16/Engine/Binaries/Win64/
LogInit: Installed Engine Build: 1
LogInit: Presizing for max 8388607 objects, including 0 objects not considered by GC, pre-allocating 0 bytes for permanent pool.
LogInit: Object subsystem initialized
[2017.07.10-15.45.32:872][  0]LogInit: Selected Device Profile: [Windows]
[2017.07.10-15.45.32:872][  0]LogInit: Applying CVar settings loaded from the selected device profile: [Windows]
[2017.07.10-15.45.32:882][  0]LogInit: Computer: DESKTOP-SV0KJJ8
[2017.07.10-15.45.32:882][  0]LogInit: User: gentry
[2017.07.10-15.45.32:882][  0]LogInit: CPU Page size=4096, Cores=4
[2017.07.10-15.45.32:882][  0]LogInit: High frequency timer resolution =3.421876 MHz
[2017.07.10-15.45.32:882][  0]LogMemory: Memory total: Physical=8.0GB (8GB approx)
[2017.07.10-15.45.32:882][  0]LogMemory: Platform Memory Stats for Windows
[2017.07.10-15.45.32:882][  0]LogMemory: Process Physical Memory: 272.97 MB used, 272.97 MB peak
[2017.07.10-15.45.32:882][  0]LogMemory: Process Virtual Memory: 266.52 MB used, 266.52 MB peak
[2017.07.10-15.45.32:882][  0]LogMemory: Physical Memory: 4959.61 MB used,  3197.09 MB free, 8156.69 MB total
[2017.07.10-15.45.32:882][  0]LogMemory: Virtual Memory: 629.06 MB used,  3197.09 MB free, 134217728.00 MB total
[2017.07.10-15.45.33:139][  0]LogInit: Using OS detected language (en-US).
[2017.07.10-15.45.33:139][  0]LogInit: Using OS detected locale (en-US).
[2017.07.10-15.45.33:149][  0]LogTextLocalizationManager: No specific localization for 'en-US' exists, so the 'en' localization will be used.
[2017.07.10-15.45.34:137][  0]LogD3D11RHI: D3D11 adapters:
[2017.07.10-15.45.34:660][  0]LogD3D11RHI:    0. 'NVIDIA GeForce GTX 1070' (Feature Level 11_0)
[2017.07.10-15.45.34:660][  0]LogD3D11RHI:       8119/0/4078 MB DedicatedVideo/DedicatedSystem/SharedSystem, Outputs:1, VendorId:0x10de
[2017.07.10-15.45.34:663][  0]LogD3D11RHI:    1. 'Microsoft Basic Render Driver' (Feature Level 11_0)
[2017.07.10-15.45.34:663][  0]LogD3D11RHI:       0/0/4078 MB DedicatedVideo/DedicatedSystem/SharedSystem, Outputs:0, VendorId:0x1414
[2017.07.10-15.45.34:663][  0]LogD3D11RHI: Chosen D3D11 Adapter: 0
[2017.07.10-15.45.34:667][  0]LogD3D11RHI: Creating new Direct3DDevice
[2017.07.10-15.45.34:667][  0]LogD3D11RHI:     GPU DeviceId: 0x1b81 (for the marketing name, search the web for "GPU Device Id")
[2017.07.10-15.45.34:667][  0]LogWindows: EnumDisplayDevices:
[2017.07.10-15.45.34:667][  0]LogWindows:    0. 'NVIDIA GeForce GTX 1070' (P:1 D:1)
[2017.07.10-15.45.34:667][  0]LogWindows:    1. 'NVIDIA GeForce GTX 1070' (P:0 D:0)
[2017.07.10-15.45.34:667][  0]LogWindows:    2. 'NVIDIA GeForce GTX 1070' (P:0 D:0)
[2017.07.10-15.45.34:668][  0]LogWindows:    3. 'NVIDIA GeForce GTX 1070' (P:0 D:0)
[2017.07.10-15.45.34:668][  0]LogWindows: DebugString: FoundDriverCount:4 
[2017.07.10-15.45.34:668][  0]LogD3D11RHI:     Adapter Name: NVIDIA GeForce GTX 1070
[2017.07.10-15.45.34:668][  0]LogD3D11RHI:   Driver Version: 382.53 (internal:22.21.13.8253, unified:382.53)
[2017.07.10-15.45.34:668][  0]LogD3D11RHI:      Driver Date: 6-7-2017
[2017.07.10-15.45.34:668][  0]LogRHI: Texture pool is 1361 MB (70% of 1945 MB)
[2017.07.10-15.45.35:172][  0]LogD3D11RHI: Async texture creation enabled
[2017.07.10-15.45.35:215][  0]LogD3D11RHI: GPU Timing Frequency: 1000.000000 (Debug: 2 2)
[2017.07.10-15.45.35:222][  0]LogShaderCompilers: Guid format shader working directory is -25 characters bigger than the processId version (../../../../../../Users/gentry/Documents/GitHub/DatBoiEntertainmetnGame_/Intermediate/Shaders/WorkingDirectory/8644/).
[2017.07.10-15.45.35:222][  0]LogShaderCompilers: Cleaned the shader compiler working directory 'C:/Users/gentry/AppData/Local/Temp/UnrealShaderWorkingDir/620E4E784CCF360C38684EAFD7B6C2D1/'.
[2017.07.10-15.45.35:223][  0]LogShaderCompilers:Display: Using Local Shader Compiler.
[2017.07.10-15.45.36:763][  0]LogTemp:Display: Loaded TP AllDesktopTargetPlatform
[2017.07.10-15.45.36:817][  0]LogTemp:Display: Loaded TP MacClientTargetPlatform
[2017.07.10-15.45.36:871][  0]LogTemp:Display: Loaded TP MacNoEditorTargetPlatform
[2017.07.10-15.45.36:926][  0]LogTemp:Display: Loaded TP MacServerTargetPlatform
[2017.07.10-15.45.36:983][  0]LogTemp:Display: Loaded TP MacTargetPlatform
[2017.07.10-15.45.37:039][  0]LogTemp:Display: Loaded TP WindowsClientTargetPlatform
[2017.07.10-15.45.37:097][  0]LogTemp:Display: Loaded TP WindowsNoEditorTargetPlatform
[2017.07.10-15.45.37:153][  0]LogTemp:Display: Loaded TP WindowsServerTargetPlatform
[2017.07.10-15.45.37:204][  0]LogTemp:Display: Loaded TP WindowsTargetPlatform
[2017.07.10-15.45.37:258][  0]LogTemp:Display: Loaded TP AndroidTargetPlatform
[2017.07.10-15.45.37:314][  0]LogTemp:Display: Loaded TP Android_ASTCTargetPlatform
[2017.07.10-15.45.37:368][  0]LogTemp:Display: Loaded TP Android_ATCTargetPlatform
[2017.07.10-15.45.37:424][  0]LogTemp:Display: Loaded TP Android_DXTTargetPlatform
[2017.07.10-15.45.37:478][  0]LogTemp:Display: Loaded TP Android_ETC1TargetPlatform
[2017.07.10-15.45.37:533][  0]LogTemp:Display: Loaded TP Android_ETC2TargetPlatform
[2017.07.10-15.45.37:642][  0]LogTemp:Display: Loaded TP Android_MultiTargetPlatform
[2017.07.10-15.45.37:642][  0]LogTemp:Display: Loaded TP Android_PVRTCTargetPlatform
[2017.07.10-15.45.37:688][  0]LogTemp:Display: Loaded TP HTML5TargetPlatform
[2017.07.10-15.45.37:800][  0]LogTemp:Display: Loaded TP IOSTargetPlatform
[2017.07.10-15.45.37:844][  0]LogTemp:Display: Loaded TP TVOSTargetPlatform
[2017.07.10-15.45.37:899][  0]LogTemp:Display: Loaded TP LinuxClientTargetPlatform
[2017.07.10-15.45.37:952][  0]LogTemp:Display: Loaded TP LinuxNoEditorTargetPlatform
[2017.07.10-15.45.38:007][  0]LogTemp:Display: Loaded TP LinuxServerTargetPlatform
[2017.07.10-15.45.38:063][  0]LogTemp:Display: Loaded TP LinuxTargetPlatform
[2017.07.10-15.45.38:063][  0]LogTargetPlatformManager:Display: Building Assets For Windows
[2017.07.10-15.45.38:794][  0]LogDerivedDataCache:Display: Max Cache Size: 512 MB
[2017.07.10-15.45.39:129][  0]LogDerivedDataCache: Loaded boot cache 0.33s 90MB C:/Users/gentry/AppData/Local/UnrealEngine/4.16/DerivedDataCache/Boot.ddc.
[2017.07.10-15.45.39:129][  0]LogDerivedDataCache:Display: Loaded Boot cache: C:/Users/gentry/AppData/Local/UnrealEngine/4.16/DerivedDataCache/Boot.ddc
[2017.07.10-15.45.39:129][  0]LogDerivedDataCache: FDerivedDataBackendGraph:  Pak pak cache file ../../../../../../Users/gentry/Documents/GitHub/DatBoiEntertainmetnGame_/DerivedDataCache/DDC.ddp not found, will not use a pak cache.
[2017.07.10-15.45.39:129][  0]LogDerivedDataCache: Unable to find inner node Pak for hierarchical cache Hierarchy.
[2017.07.10-15.45.39:129][  0]LogDerivedDataCache: FDerivedDataBackendGraph:  CompressedPak pak cache file ../../../../../../Users/gentry/Documents/GitHub/DatBoiEntertainmetnGame_/DerivedDataCache/Compressed.ddp not found, will not use a pak cache.
[2017.07.10-15.45.39:129][  0]LogDerivedDataCache: Unable to find inner node CompressedPak for hierarchical cache Hierarchy.
[2017.07.10-15.45.39:146][  0]LogDerivedDataCache:Display: Pak cache opened for reading ../../../Engine/DerivedDataCache/Compressed.ddp.
[2017.07.10-15.45.39:158][  0]LogDerivedDataCache: Using Local data cache path C:/Users/gentry/AppData/Local/UnrealEngine/Common/DerivedDataCache: Writable
[2017.07.10-15.45.39:172][  0]LogMaterial: Verifying Global Shaders for PCD3D_SM5
[2017.07.10-15.45.39:177][  0]LogSlate: Using Freetype 2.6.0
[2017.07.10-15.45.39:181][  0]LogSlate: SlateFontCache - WITH_FREETYPE: 1, WITH_HARFBUZZ: 1
[2017.07.10-15.45.39:181][  0]LogSlate: SlateFontCache - WITH_FREETYPE: 1, WITH_HARFBUZZ: 1
[2017.07.10-15.45.39:898][  0]LogInit: Selected Device Profile: [Windows]
[2017.07.10-15.45.40:060][  0]LogContentStreaming: Texture pool size is 0.00 MB
[2017.07.10-15.45.40:299][  0]LogMeshUtilities: Using QuadricMeshReduction for automatic static mesh reduction
[2017.07.10-15.45.40:364][  0]LogSimplygon: Simplygon DLL not present - disabling.
[2017.07.10-15.45.40:429][  0]LogMeshUtilities: Using SimplygonSwarm for distributed automatic mesh merging
[2017.07.10-15.45.40:429][  0]LogMeshUtilities: No automatic skeletal mesh reduction module available
[2017.07.10-15.45.40:429][  0]LogMeshUtilities: No automatic mesh merging module available
[2017.07.10-15.45.41:246][  0]LogNetVersion: InsertNameAdventure , NetCL: 3452394, EngineNetVer: 2, GameNetVer: 0 (Checksum: 1278457987)
[2017.07.10-15.45.41:318][  0]LogAssetRegistry: FAssetRegistry took 0.0247 seconds to start up
[2017.07.10-15.45.41:381][  0]LogPackageLocalizationCache: Processed 4 localized package path(s) for 2 prioritized culture(s) in 0.042845 seconds
[2017.07.10-15.45.41:386][  0]LogUObjectArray: 34194 objects as part of root set at end of initial load.
[2017.07.10-15.45.41:386][  0]LogUObjectAllocator: 7260424 out of 0 bytes used by permanent object pool.
[2017.07.10-15.45.41:386][  0]LogUObjectArray: CloseDisregardForGC: 0/0 objects in disregard for GC pool
[2017.07.10-15.45.41:452][  0]LogInit: WinSock: version 1.1 (2.2), MaxSocks=32767, MaxUdp=65467
[2017.07.10-15.45.45:170][  0]LogTcpMessaging: Initializing TcpMessaging bridge
[2017.07.10-15.45.45:219][  0]LogUdpMessaging: Initializing bridge on interface 0.0.0.0:0 to multicast group 230.0.0.1:6666.
[2017.07.10-15.45.45:947][  0]LogMaterial: Uniform references updated for custom material expression Custom.
[2017.07.10-15.45.46:423][  0]SourceControl: Info Source control is disabled
[2017.07.10-15.45.49:201][  0]LogAndroidPermission: UAndroidPermissionCallbackProxy::GetInstance
[2017.07.10-15.45.49:942][  0]LogEngine: Initializing Engine...
[2017.07.10-15.45.49:944][  0]LogHMD: Failed to initialize OpenVR with code 110
[2017.07.10-15.45.50:157][  0]LogStats: UGameplayTagsManager::ConstructGameplayTagTree: Construct from data asset -  0.000 s
[2017.07.10-15.45.50:157][  0]LogStats: UGameplayTagsManager::ConstructGameplayTagTree: GameplayTagTreeChangedEvent.Broadcast -  0.000 s
[2017.07.10-15.45.50:338][  0]LogAIModule: Creating AISystem for world Untitled
[2017.07.10-15.45.50:364][  0]LogInit: XAudio2 using 'Speakers (Realtek High Definition Audio)' : 2 channels at 48 kHz using 32 bits per sample (channel mask 0x3)
[2017.07.10-15.45.50:382][  0]LogInit: FAudioDevice initialized.
[2017.07.10-15.45.50:423][  0]LogDerivedDataCache: Saved boot cache 0.04s 90MB C:/Users/gentry/AppData/Local/UnrealEngine/4.16/DerivedDataCache/Boot.ddc.
[2017.07.10-15.45.50:432][  0]LogInit: Texture streaming: Enabled
[2017.07.10-15.45.50:550][  0]LogEngineSessionManager: EngineSessionManager initialized
[2017.07.10-15.45.51:196][  0]LogInit: Transaction tracking system initialized
[2017.07.10-15.45.51:610][  0]BlueprintLog: New page: Editor Load
[2017.07.10-15.45.52:960][  0]LocalizationService: Info Localization service is disabled
[2017.07.10-15.45.53:982][  0]LogConsoleResponse:Display: 
[2017.07.10-15.45.54:253][  0]LogCook:Display: Max memory allowance for cook 16384mb min free memory 0mb
[2017.07.10-15.45.54:254][  0]LogCook:Display: Mobile HDR setting 1
[2017.07.10-15.45.54:942][  0]LogFileCache: Scanning file cache for directory 'C:/Users/gentry/Documents/GitHub/DatBoiEntertainmetnGame_/Content/' took 0.02s
[2017.07.10-15.45.55:913][  0]Cmd: MAP LOAD FILE="../../../../../../Users/gentry/Documents/GitHub/DatBoiEntertainmetnGame_/Content/2DSideScrollerBP/Maps/2DSideScrollerExampleMap.umap" TEMPLATE=0 SHOWPROGRESS=1 FEATURELEVEL=3
[2017.07.10-15.45.55:943][  0]LogSlate: Took 0.003820 seconds to synchronously load lazily loaded font '../../../Engine/Content/Slate/Fonts/Roboto-Regular.ttf' (155K)
[2017.07.10-15.46.08:100][  0]LogWindowsTextInputMethodSystem:Display: IME system now deactivated.
[2017.07.10-15.46.08:108][  0]LightingResults: New page: Lighting Build
[2017.07.10-15.46.08:213][  0]MapCheck: New page: Map Check
[2017.07.10-15.46.08:213][  0]LightingResults: New page: Lighting Build
[2017.07.10-15.46.08:323][  0]LogAIModule: Creating AISystem for world Untitled
[2017.07.10-15.46.08:329][  0]LoadErrors: New page: New Map
[2017.07.10-15.46.08:392][  0]LogWindowsTextInputMethodSystem:Display: IME system now deactivated.
[2017.07.10-15.46.08:558][  0]LogCollectionManager: Loaded 0 collections in 0.001508 seconds
[2017.07.10-15.46.08:662][  0]LogFileCache: Scanning file cache for directory 'C:/Users/gentry/Documents/GitHub/DatBoiEntertainmetnGame_/Saved/Collections/' took 0.01s
[2017.07.10-15.46.08:662][  0]LogFileCache: Scanning file cache for directory 'C:/Users/gentry/Documents/GitHub/DatBoiEntertainmetnGame_/Content/Developers/gentry/Collections/' took 0.01s
[2017.07.10-15.46.08:662][  0]LogFileCache: Scanning file cache for directory 'C:/Users/gentry/Documents/GitHub/DatBoiEntertainmetnGame_/Content/Collections/' took 0.01s
[2017.07.10-15.46.08:662][  0]LogCollectionManager: Rebuilt the GUID cache for 0 collections in 0.000004 seconds
[2017.07.10-15.46.08:672][  0]LogContentBrowser: Native class hierarchy populated in 0.0086 seconds. Added 2329 classes and 491 folders.
[2017.07.10-15.46.08:758][  0]LogContentBrowser: Native class hierarchy updated for 'WidgetCarousel' in 0.0004 seconds. Added 0 classes and 0 folders.
[2017.07.10-15.46.08:882][  0]LogContentBrowser: Native class hierarchy updated for 'AddContentDialog' in 0.0005 seconds. Added 0 classes and 0 folders.
[2017.07.10-15.46.08:943][  0]LogContentBrowser: Native class hierarchy updated for 'SceneOutliner' in 0.0005 seconds. Added 1 classes and 2 folders.
[2017.07.10-15.46.09:028][  0]LogCrashTracker: Crashtracker disabled due to settings.
[2017.07.10-15.46.09:037][  0]LogSlate: Took 0.002070 seconds to synchronously load lazily loaded font '../../../Engine/Content/Slate/Fonts/Roboto-Bold.ttf' (160K)
[2017.07.10-15.46.09:044][  0]LogSlate: Took 0.001464 seconds to synchronously load lazily loaded font '../../../Engine/Content/Editor/Slate/Fonts/FontAwesome.ttf' (139K)
[2017.07.10-15.46.09:158][  0]LogRenderer: Reallocating scene render targets to support 1004x652 NumSamples 1 (Frame:1).
[2017.07.10-15.46.09:296][  0]LogUObjectGlobals:Warning: Failed to find object 'Class None.'
[2017.07.10-15.46.09:379][  0]LogContentBrowser: Native class hierarchy updated for 'HierarchicalLODOutliner' in 0.0005 seconds. Added 1 classes and 2 folders.
[2017.07.10-15.46.09:379][  0]LogLoad: (Engine Initialization) Total time: 38.96 seconds
[2017.07.10-15.46.09:379][  0]LogLoad: (Engine Initialization) Total Blueprint compile time: 0.06 seconds
[2017.07.10-15.46.09:379][  0]LogExternalProfiler: No external profilers were discovered.  External profiling features will not be available.
[2017.07.10-15.46.09:391][  0]LogOcInput: OculusInput pre-init called
[2017.07.10-15.46.09:391][  0]LogHMD: Starting GearVRController plugin
[2017.07.10-15.46.09:414][  0]SourceControl: Info On branch V1.5.1
[2017.07.10-15.46.09:414][  0]SourceControl: Info Your branch is up-to-date with 'origin/V1.5.1'.
[2017.07.10-15.46.09:414][  0]SourceControl: Info Changes not staged for commit:
[2017.07.10-15.46.09:414][  0]SourceControl: Info   (use "git add/rm <file>..." to update what will be committed)
[2017.07.10-15.46.09:414][  0]SourceControl: Info   (use "git checkout -- <file>..." to discard changes in working directory)
[2017.07.10-15.46.09:415][  0]SourceControl: Info 	modified:   Intermediate/CachedAssetRegistry.bin
[2017.07.10-15.46.09:415][  0]SourceControl: Info 	modified:   Saved/Config/Windows/EditorPerProjectUserSettings.ini
[2017.07.10-15.46.09:415][  0]SourceControl: Info 	modified:   Saved/Config/Windows/Engine.ini
[2017.07.10-15.46.09:415][  0]SourceControl: Info 	deleted:    Saved/Logs/InsertNameAdventure-backup-2017.07.05-15.03.30.log
[2017.07.10-15.46.09:415][  0]SourceControl: Info 	deleted:    Saved/Logs/InsertNameAdventure-backup-2017.07.09-07.36.35.log
[2017.07.10-15.46.09:415][  0]SourceControl: Info 	modified:   Saved/Logs/InsertNameAdventure.log
[2017.07.10-15.46.09:415][  0]SourceControl: Info Untracked files:
[2017.07.10-15.46.09:415][  0]SourceControl: Info   (use "git add <file>..." to include in what will be committed)
[2017.07.10-15.46.09:415][  0]SourceControl: Info 	Saved/Config/CrashReportClient/UE4CC-Windows-40E2051541EC559B925FC2930F94C44B/
[2017.07.10-15.46.09:415][  0]SourceControl: Info 	Saved/Logs/InsertNameAdventure-backup-2017.07.10-09.45.32.log
[2017.07.10-15.46.09:415][  0]SourceControl: Info no changes added to commit (use "git add" and/or "git commit -a")
[2017.07.10-15.46.09:416][  0]LogContentStreaming: Texture pool size now 1000 MB
[2017.07.10-15.46.09:454][  1]LogAssetRegistry: Asset discovery search completed in 28.1575 seconds
[2017.07.10-15.46.09:456][  1]LogCollectionManager: Rebuilt the object cache for 0 collections in 0.000000 seconds (found 0 objects)
[2017.07.10-15.46.09:456][  1]LogCollectionManager: Fixed up redirectors for 0 collections in 0.000075 seconds (updated 0 objects)
[2017.07.10-15.46.10:410][108]LogSlate: Took 0.001457 seconds to synchronously load lazily loaded font '../../../Engine/Content/Slate/Fonts/Roboto-Light.ttf' (159K)
[2017.07.10-15.46.53:089][213]LogSlate: Took 0.000217 seconds to synchronously load lazily loaded font '../../../Engine/Content/Slate/Fonts/Roboto-Light.ttf' (159K)
[2017.07.10-15.46.53:593][213]LogTexture:Display: Building textures: Really_big_shroom_var_3 (BGRA8, 64X64)
[2017.07.10-15.46.53:595][213]LogTexture:Display: Building textures: Really_big_shroom (BGRA8, 64X64)
[2017.07.10-15.46.53:596][213]LogTexture:Display: Building textures: Ramp_full_5 (BGRA8, 256X256)
[2017.07.10-15.46.53:604][213]LogTexture:Display: Building textures: Dirt_3_Sprite_Sheet (BGRA8, 256X256)
[2017.07.10-15.46.53:611][213]LogTexture:Display: Building textures: Dirt_3_Ramp_Sprite_Sheet (BGRA8, 256X256)
[2017.07.10-15.46.53:662][213]LogTexture:Display: Building textures: The_Little_things_sheet (BGRA8, 16X16)
[2017.07.10-15.46.53:662][213]LogTexture:Display: Building textures: Smaller_Grass_right (BGRA8, 4X4)
[2017.07.10-15.46.53:662][213]LogTexture:Display: Building textures: Really_Small_dirt_mound (BGRA8, 4X4)
[2017.07.10-15.46.53:663][213]LogTexture:Display: Building textures: Rain_Forrest_Tree_1 (BGRA8, 64X64)
[2017.07.10-15.46.53:665][213]LogTexture:Display: Building textures: Sprite_platform_sheet (BGRA8, 64X64)
[2017.07.10-15.46.53:729][213]LogTexture:Display: Building textures: CLT_6 (BGRA8, 256X16)
[2017.07.10-15.46.53:753][213]LogAIModule: Creating AISystem for world Rainforest_Alien
[2017.07.10-15.46.53:787][213]Cmd: MAP LOAD FILE="../../../../../../Users/gentry/Documents/GitHub/DatBoiEntertainmetnGame_/Content/2DSideScrollerBP/Maps/Levels/Rainforest_Alien.umap" TEMPLATE=0 SHOWPROGRESS=1 FEATURELEVEL=3
[2017.07.10-15.46.53:787][213]LightingResults: New page: Lighting Build
[2017.07.10-15.46.53:788][213]LoadErrors: New page: Loading map: Rainforest_Alien.umap
[2017.07.10-15.46.53:788][213]MapCheck: New page: Map Check
[2017.07.10-15.46.53:788][213]LightingResults: New page: Lighting Build
[2017.07.10-15.46.53:827][213]LogEditorServer: Finished looking for orphan Actors (0.000 secs)
[2017.07.10-15.46.53:862][213]Cmd: MAP CHECKDEP NOCLEARLOG
[2017.07.10-15.46.53:955][213]MapCheck: Info Map check complete: 0 Error(s), 0 Warning(s), took 92.663ms to complete.
[2017.07.10-15.46.53:955][213]LogFileHelpers: Loading map 'Rainforest_Alien' took 0.171
[2017.07.10-15.46.56:643][525]LogTemp: Repeting last play command: New Editor Window (PIE)
[2017.07.10-15.46.56:709][525]LogPlayLevel: PlayLevel: No blueprints needed recompiling
[2017.07.10-15.46.56:710][525]PIE: New page: PIE session: Rainforest_Alien (Jul 10, 2017, 3:46:56 AM)
[2017.07.10-15.46.56:711][525]LogPlayLevel: Creating play world package: /Game/2DSideScrollerBP/Maps/Levels/UEDPIE_0_Rainforest_Alien
[2017.07.10-15.46.56:730][525]LogPlayLevel: PIE: StaticDuplicateObject took: (0.018142s)
[2017.07.10-15.46.56:730][525]LogAIModule: Creating AISystem for world Rainforest_Alien
[2017.07.10-15.46.56:730][525]LogPlayLevel: PIE: World Init took: (0.000681s)
[2017.07.10-15.46.56:731][525]LogPlayLevel: PIE: Created PIE world by copying editor world from /Game/2DSideScrollerBP/Maps/Levels/Rainforest_Alien.Rainforest_Alien to /Game/2DSideScrollerBP/Maps/Levels/UEDPIE_0_Rainforest_Alien.Rainforest_Alien (0.019972s)
[2017.07.10-15.46.56:746][525]LogInit: XAudio2 using 'Speakers (Realtek High Definition Audio)' : 2 channels at 48 kHz using 32 bits per sample (channel mask 0x3)
[2017.07.10-15.46.56:759][525]LogInit: FAudioDevice initialized.
[2017.07.10-15.46.56:814][525]LogLoad: Game class is '2DSideScrollerGameMode_C'
[2017.07.10-15.46.56:835][525]LogWorld: Bringing World /Game/2DSideScrollerBP/Maps/Levels/UEDPIE_0_Rainforest_Alien.Rainforest_Alien up for play (max tick rate 0) at 2017.07.10-09.46.56
[2017.07.10-15.46.56:845][525]LogWorld: Bringing up level for play took: 0.024768
[2017.07.10-15.46.56:901][525]LogContentBrowser: Native class hierarchy updated for 'MovieSceneCapture' in 0.0005 seconds. Added 11 classes and 0 folders.
[2017.07.10-15.46.56:918][525]PIE: Info Play in editor start time for /Game/2DSideScrollerBP/Maps/Levels/UEDPIE_0_Rainforest_Alien -0.51
[2017.07.10-15.46.56:966][525]LogRenderer: Reallocating scene render targets to support 1292x756 NumSamples 1 (Frame:1).
[2017.07.10-15.48.24:460][914]LogTemp: Repeting last play command: New Editor Window (PIE)
[2017.07.10-15.48.24:475][914]LogPlayLevel: PlayLevel: No blueprints needed recompiling
[2017.07.10-15.48.24:475][914]PIE: New page: PIE session: Rainforest_Alien (Jul 10, 2017, 3:48:24 AM)
[2017.07.10-15.48.24:475][914]LogPlayLevel: Creating play world package: /Game/2DSideScrollerBP/Maps/Levels/UEDPIE_0_Rainforest_Alien
[2017.07.10-15.48.24:493][914]LogPlayLevel: PIE: StaticDuplicateObject took: (0.017313s)
[2017.07.10-15.48.24:493][914]LogAIModule: Creating AISystem for world Rainforest_Alien
[2017.07.10-15.48.24:493][914]LogPlayLevel: PIE: World Init took: (0.000543s)
[2017.07.10-15.48.24:493][914]LogPlayLevel: PIE: Created PIE world by copying editor world from /Game/2DSideScrollerBP/Maps/Levels/Rainforest_Alien.Rainforest_Alien to /Game/2DSideScrollerBP/Maps/Levels/UEDPIE_0_Rainforest_Alien.Rainforest_Alien (0.018137s)
[2017.07.10-15.48.24:505][914]LogInit: XAudio2 using 'Speakers (Realtek High Definition Audio)' : 2 channels at 48 kHz using 32 bits per sample (channel mask 0x3)
[2017.07.10-15.48.24:518][914]LogInit: FAudioDevice initialized.
[2017.07.10-15.48.24:554][914]LogLoad: Game class is '2DSideScrollerGameMode_C'
[2017.07.10-15.48.24:573][914]LogWorld: Bringing World /Game/2DSideScrollerBP/Maps/Levels/UEDPIE_0_Rainforest_Alien.Rainforest_Alien up for play (max tick rate 0) at 2017.07.10-09.48.24
[2017.07.10-15.48.24:582][914]LogWorld: Bringing up level for play took: 0.023362
[2017.07.10-15.48.24:588][914]PIE: Info Play in editor start time for /Game/2DSideScrollerBP/Maps/Levels/UEDPIE_0_Rainforest_Alien -0.84
[2017.07.10-15.48.59:300][ 44]LogTemp: Repeting last play command: New Editor Window (PIE)
[2017.07.10-15.48.59:316][ 44]LogPlayLevel: PlayLevel: No blueprints needed recompiling
[2017.07.10-15.48.59:316][ 44]PIE: New page: PIE session: Rainforest_Alien (Jul 10, 2017, 3:48:59 AM)
[2017.07.10-15.48.59:316][ 44]LogPlayLevel: Creating play world package: /Game/2DSideScrollerBP/Maps/Levels/UEDPIE_0_Rainforest_Alien
[2017.07.10-15.48.59:335][ 44]LogPlayLevel: PIE: StaticDuplicateObject took: (0.018475s)
[2017.07.10-15.48.59:335][ 44]LogAIModule: Creating AISystem for world Rainforest_Alien
[2017.07.10-15.48.59:335][ 44]LogPlayLevel: PIE: World Init took: (0.000545s)
[2017.07.10-15.48.59:335][ 44]LogPlayLevel: PIE: Created PIE world by copying editor world from /Game/2DSideScrollerBP/Maps/Levels/Rainforest_Alien.Rainforest_Alien to /Game/2DSideScrollerBP/Maps/Levels/UEDPIE_0_Rainforest_Alien.Rainforest_Alien (0.019321s)
[2017.07.10-15.48.59:348][ 44]LogInit: XAudio2 using 'Speakers (Realtek High Definition Audio)' : 2 channels at 48 kHz using 32 bits per sample (channel mask 0x3)
[2017.07.10-15.48.59:362][ 44]LogInit: FAudioDevice initialized.
[2017.07.10-15.48.59:396][ 44]LogLoad: Game class is '2DSideScrollerGameMode_C'
[2017.07.10-15.48.59:412][ 44]LogWorld: Bringing World /Game/2DSideScrollerBP/Maps/Levels/UEDPIE_0_Rainforest_Alien.Rainforest_Alien up for play (max tick rate 0) at 2017.07.10-09.48.59
[2017.07.10-15.48.59:425][ 44]LogWorld: Bringing up level for play took: 0.027545
[2017.07.10-15.48.59:431][ 44]PIE: Info Play in editor start time for /Game/2DSideScrollerBP/Maps/Levels/UEDPIE_0_Rainforest_Alien 0.002
[2017.07.10-15.50.25:617][331]LogTemp: Repeting last play command: New Editor Window (PIE)
[2017.07.10-15.50.25:632][331]LogPlayLevel: PlayLevel: No blueprints needed recompiling
[2017.07.10-15.50.25:632][331]PIE: New page: PIE session: Rainforest_Alien (Jul 10, 2017, 3:50:25 AM)
[2017.07.10-15.50.25:632][331]LogPlayLevel: Creating play world package: /Game/2DSideScrollerBP/Maps/Levels/UEDPIE_0_Rainforest_Alien
[2017.07.10-15.50.25:650][331]LogPlayLevel: PIE: StaticDuplicateObject took: (0.017618s)
[2017.07.10-15.50.25:650][331]LogAIModule: Creating AISystem for world Rainforest_Alien
[2017.07.10-15.50.25:651][331]LogPlayLevel: PIE: World Init took: (0.000646s)
[2017.07.10-15.50.25:651][331]LogPlayLevel: PIE: Created PIE world by copying editor world from /Game/2DSideScrollerBP/Maps/Levels/Rainforest_Alien.Rainforest_Alien to /Game/2DSideScrollerBP/Maps/Levels/UEDPIE_0_Rainforest_Alien.Rainforest_Alien (0.018598s)
[2017.07.10-15.50.25:662][331]LogInit: XAudio2 using 'Speakers (Realtek High Definition Audio)' : 2 channels at 48 kHz using 32 bits per sample (channel mask 0x3)
[2017.07.10-15.50.25:675][331]LogInit: FAudioDevice initialized.
[2017.07.10-15.50.25:712][331]LogLoad: Game class is '2DSideScrollerGameMode_C'
[2017.07.10-15.50.25:727][331]LogWorld: Bringing World /Game/2DSideScrollerBP/Maps/Levels/UEDPIE_0_Rainforest_Alien.Rainforest_Alien up for play (max tick rate 0) at 2017.07.10-09.50.25
[2017.07.10-15.50.25:736][331]LogWorld: Bringing up level for play took: 0.022887
[2017.07.10-15.50.25:742][331]PIE: Info Play in editor start time for /Game/2DSideScrollerBP/Maps/Levels/UEDPIE_0_Rainforest_Alien 0.314
[2017.07.10-16.02.30:976][558]LogWindowsTextInputMethodSystem:Display: IME system now deactivated.
[2017.07.10-16.02.31:114][559]Cmd: QUIT_EDITOR
[2017.07.10-16.02.31:945][559]LogExit: Preparing to exit.
[2017.07.10-16.02.32:580][559]LogDirectoryWatcher: A directory notification for 'C:/Users/gentry/Documents/GitHub/DatBoiEntertainmetnGame_/Content/' was aborted.
[2017.07.10-16.02.32:613][559]LogExit: Editor shut down
[2017.07.10-16.02.32:616][559]LogExit: Transaction tracking system shut down
[2017.07.10-16.02.32:758][559]LogObj: Freed 0b from 0 cluster array pools.
[2017.07.10-16.02.32:758][559]LogExit: Object subsystem successfully closed.
[2017.07.10-16.02.32:788][559]LogD3D11RHI: Shutdown
[2017.07.10-16.02.32:788][559]LogD3D11RHI: CleanupD3DDevice
[2017.07.10-16.02.32:792][559]LogD3D11RHI: ~FD3D11DynamicRHI
[2017.07.10-16.02.32:923][559]LogModuleManager: Shutting down and abandoning module MovieSceneCapture (526)
[2017.07.10-16.02.32:923][559]LogModuleManager: Shutting down and abandoning module HierarchicalLODOutliner (524)
[2017.07.10-16.02.32:923][559]LogModuleManager: Shutting down and abandoning module CrashTracker (522)
[2017.07.10-16.02.32:923][559]LogModuleManager: Shutting down and abandoning module SceneOutliner (520)
[2017.07.10-16.02.32:923][559]LogModuleManager: Shutting down and abandoning module AddContentDialog (518)
[2017.07.10-16.02.32:924][559]LogDirectoryWatcher: A directory notification for 'C:/Program Files/Epic Games/UE_4.16/FeaturePacks/' was aborted.
[2017.07.10-16.02.32:925][559]LogModuleManager: Shutting down and abandoning module WidgetCarousel (517)
[2017.07.10-16.02.32:925][559]LogModuleManager: Shutting down and abandoning module EditorWidgets (514)
[2017.07.10-16.02.32:925][559]LogModuleManager: Shutting down and abandoning module CollectionManager (512)
[2017.07.10-16.02.32:925][559]LogDirectoryWatcher: A directory notification for 'C:/Users/gentry/Documents/GitHub/DatBoiEntertainmetnGame_/Content/Collections/' was aborted.
[2017.07.10-16.02.32:925][559]LogDirectoryWatcher: A directory notification for 'C:/Users/gentry/Documents/GitHub/DatBoiEntertainmetnGame_/Content/Developers/gentry/Collections/' was aborted.
[2017.07.10-16.02.32:925][559]LogDirectoryWatcher: A directory notification for 'C:/Users/gentry/Documents/GitHub/DatBoiEntertainmetnGame_/Saved/Collections/' was aborted.
[2017.07.10-16.02.32:926][559]LogModuleManager: Shutting down and abandoning module StatsViewer (510)
[2017.07.10-16.02.32:926][559]LogModuleManager: Shutting down and abandoning module FoliageEdit (508)
[2017.07.10-16.02.32:926][559]LogModuleManager: Shutting down and abandoning module LandscapeEditor (506)
[2017.07.10-16.02.32:928][559]LogModuleManager: Shutting down and abandoning module MeshPaintMode (504)
[2017.07.10-16.02.32:928][559]LogModuleManager: Shutting down and abandoning module SceneDepthPickerMode (502)
[2017.07.10-16.02.32:928][559]LogModuleManager: Shutting down and abandoning module ActorPickerMode (500)
[2017.07.10-16.02.32:928][559]LogModuleManager: Shutting down and abandoning module GeometryMode (498)
[2017.07.10-16.02.32:928][559]LogModuleManager: Shutting down and abandoning module TextureAlignMode (496)
[2017.07.10-16.02.32:928][559]LogModuleManager: Shutting down and abandoning module BspMode (494)
[2017.07.10-16.02.32:928][559]LogModuleManager: Shutting down and abandoning module HardwareSurvey (492)
[2017.07.10-16.02.32:928][559]LogModuleManager: Shutting down and abandoning module SequenceRecorderSections (490)
[2017.07.10-16.02.32:929][559]LogModuleManager: Shutting down and abandoning module AutomationWorker (488)
[2017.07.10-16.02.32:929][559]LogModuleManager: Shutting down and abandoning module MatineeToLevelSequence (486)
[2017.07.10-16.02.32:930][559]LogModuleManager: Shutting down and abandoning module LevelSequenceEditor (484)
[2017.07.10-16.02.32:934][559]LogModuleManager: Shutting down and abandoning module PlacementMode (483)
[2017.07.10-16.02.32:934][559]LogModuleManager: Shutting down and abandoning module WmfMediaFactory (480)
[2017.07.10-16.02.32:934][559]LogModuleManager: Shutting down and abandoning module WmfMediaEditor (478)
[2017.07.10-16.02.32:934][559]LogModuleManager: Shutting down and abandoning module AvfMediaFactory (476)
[2017.07.10-16.02.32:934][559]LogModuleManager: Shutting down and abandoning module AvfMediaEditor (474)
[2017.07.10-16.02.32:934][559]LogModuleManager: Shutting down and abandoning module AndroidMediaFactory (472)
[2017.07.10-16.02.32:934][559]LogModuleManager: Shutting down and abandoning module Media (471)
[2017.07.10-16.02.32:934][559]LogModuleManager: Shutting down and abandoning module AndroidMediaEditor (468)
[2017.07.10-16.02.32:934][559]LogModuleManager: Shutting down and abandoning module CharacterAI (466)
[2017.07.10-16.02.32:934][559]LogModuleManager: Shutting down and abandoning module AudioCapture (464)
[2017.07.10-16.02.32:934][559]LogModuleManager: Shutting down and abandoning module SequenceRecorder (463)
[2017.07.10-16.02.32:936][559]LogModuleManager: Shutting down and abandoning module SmartSnapping (460)
[2017.07.10-16.02.32:936][559]LogModuleManager: Shutting down and abandoning module SessionServices (458)
[2017.07.10-16.02.32:936][559]LogModuleManager: Shutting down and abandoning module ViewportSnapping (456)
[2017.07.10-16.02.32:936][559]LogModuleManager: Shutting down and abandoning module ViewportInteraction (454)
[2017.07.10-16.02.32:936][559]LogModuleManager: Shutting down and abandoning module ClothPainter (452)
[2017.07.10-16.02.32:938][559]LogModuleManager: Shutting down and abandoning module LogVisualizer (450)
[2017.07.10-16.02.32:940][559]LogModuleManager: Shutting down and abandoning module IntroTutorials (448)
[2017.07.10-16.02.32:941][559]LogModuleManager: Shutting down and abandoning module GameProjectGeneration (447)
[2017.07.10-16.02.32:943][559]LogModuleManager: Shutting down and abandoning module EditorLiveStreaming (444)
[2017.07.10-16.02.32:943][559]LogModuleManager: Shutting down and abandoning module IOSPlatformEditor (442)
[2017.07.10-16.02.32:943][559]LogModuleManager: Shutting down and abandoning module HTML5PlatformEditor (440)
[2017.07.10-16.02.32:943][559]LogModuleManager: Shutting down and abandoning module AndroidPlatformEditor (438)
[2017.07.10-16.02.32:943][559]LogModuleManager: Shutting down and abandoning module AndroidDeviceDetection (437)
[2017.07.10-16.02.33:665][559]LogModuleManager: Shutting down and abandoning module IOSRuntimeSettings (434)
[2017.07.10-16.02.33:665][559]LogModuleManager: Shutting down and abandoning module AndroidRuntimeSettings (432)
[2017.07.10-16.02.33:665][559]LogModuleManager: Shutting down and abandoning module InputBindingEditor (430)
[2017.07.10-16.02.33:669][559]LogModuleManager: Shutting down and abandoning module MergeActors (428)
[2017.07.10-16.02.33:670][559]LogModuleManager: Shutting down and abandoning module SizeMap (426)
[2017.07.10-16.02.33:670][559]LogModuleManager: Shutting down and abandoning module TreeMap (424)
[2017.07.10-16.02.33:670][559]LogModuleManager: Shutting down and abandoning module ReferenceViewer (422)
[2017.07.10-16.02.33:671][559]LogModuleManager: Shutting down and abandoning module LocalizationDashboard (420)
[2017.07.10-16.02.33:672][559]LogModuleManager: Shutting down and abandoning module LocalizationService (419)
[2017.07.10-16.02.33:673][559]LogModuleManager: Shutting down and abandoning module HardwareTargeting (416)
[2017.07.10-16.02.33:673][559]LogModuleManager: Shutting down and abandoning module DeviceProfileEditor (414)
[2017.07.10-16.02.33:673][559]LogModuleManager: Shutting down and abandoning module UndoHistory (412)
[2017.07.10-16.02.33:673][559]LogModuleManager: Shutting down and abandoning module UserFeedback (410)
[2017.07.10-16.02.33:673][559]LogModuleManager: Shutting down and abandoning module XmlParser (408)
[2017.07.10-16.02.33:674][559]LogModuleManager: Shutting down and abandoning module Blutility (406)
[2017.07.10-16.02.33:674][559]LogModuleManager: Shutting down and abandoning module ProjectSettingsViewer (404)
[2017.07.10-16.02.33:674][559]LogModuleManager: Shutting down and abandoning module ProjectTargetPlatformEditor (403)
[2017.07.10-16.02.33:674][559]LogModuleManager: Shutting down and abandoning module EditorSettingsViewer (400)
[2017.07.10-16.02.33:675][559]LogModuleManager: Shutting down and abandoning module SettingsEditor (398)
[2017.07.10-16.02.33:676][559]LogModuleManager: Shutting down and abandoning module ProjectLauncher (396)
[2017.07.10-16.02.33:678][559]LogModuleManager: Shutting down and abandoning module SessionFrontend (394)
[2017.07.10-16.02.33:679][559]LogModuleManager: Shutting down and abandoning module ProfilerClient (392)
[2017.07.10-16.02.33:679][559]LogModuleManager: Shutting down and abandoning module DeviceManager (390)
[2017.07.10-16.02.33:680][559]LogModuleManager: Shutting down and abandoning module TargetDeviceServices (389)
[2017.07.10-16.02.33:732][559]LogModuleManager: Shutting down and abandoning module AutomationController (386)
[2017.07.10-16.02.33:733][559]LogModuleManager: Shutting down and abandoning module AutomationWindow (384)
[2017.07.10-16.02.33:734][559]LogModuleManager: Shutting down and abandoning module Layers (382)
[2017.07.10-16.02.33:737][559]LogModuleManager: Shutting down and abandoning module ComponentVisualizers (380)
[2017.07.10-16.02.33:737][559]LogModuleManager: Shutting down and abandoning module DetailCustomizations (378)
[2017.07.10-16.02.33:739][559]LogModuleManager: Shutting down and abandoning module PackagesDialog (376)
[2017.07.10-16.02.33:740][559]LogModuleManager: Shutting down and abandoning module Persona (374)
[2017.07.10-16.02.33:742][559]LogModuleManager: Shutting down and abandoning module AdvancedPreviewScene (373)
[2017.07.10-16.02.33:742][559]LogModuleManager: Shutting down and abandoning module AnimGraph (371)
[2017.07.10-16.02.33:742][559]LogModuleManager: Shutting down and abandoning module Kismet (368)
[2017.07.10-16.02.33:744][559]LogModuleManager: Shutting down and abandoning module ClassViewer (366)
[2017.07.10-16.02.33:744][559]LogModuleManager: Shutting down and abandoning module Toolbox (364)
[2017.07.10-16.02.33:744][559]LogModuleManager: Shutting down and abandoning module ModuleUI (362)
[2017.07.10-16.02.33:745][559]LogModuleManager: Shutting down and abandoning module MovieSceneTools (360)
[2017.07.10-16.02.33:747][559]LogModuleManager: Shutting down and abandoning module OutputLog (358)
[2017.07.10-16.02.33:748][559]LogModuleManager: Shutting down and abandoning module GammaUI (356)
[2017.07.10-16.02.33:748][559]LogModuleManager: Shutting down and abandoning module Documentation (354)
[2017.07.10-16.02.33:748][559]LogModuleManager: Shutting down and abandoning module MovieSceneTracks (352)
[2017.07.10-16.02.33:748][559]LogModuleManager: Shutting down and abandoning module MovieScene (350)
[2017.07.10-16.02.33:748][559]LogModuleManager: Shutting down and abandoning module Niagara (348)
[2017.07.10-16.02.33:748][559]LogModuleManager: Shutting down and abandoning module NiagaraEditor (347)
[2017.07.10-16.02.33:751][559]LogModuleManager: Shutting down and abandoning module StreamingPauseRendering (344)
[2017.07.10-16.02.33:751][559]LogModuleManager: Shutting down and abandoning module AnalyticsET (342)
[2017.07.10-16.02.33:751][559]LogModuleManager: Shutting down and abandoning module PortalServices (340)
[2017.07.10-16.02.33:751][559]LogModuleManager: Shutting down and abandoning module PortalRpc (338)
[2017.07.10-16.02.33:751][559]LogModuleManager: Shutting down and abandoning module MessagingRpc (336)
[2017.07.10-16.02.33:751][559]LogModuleManager: Shutting down and abandoning module AIModule (334)
[2017.07.10-16.02.33:751][559]LogModuleManager: Shutting down and abandoning module GameplayDebugger (333)
[2017.07.10-16.02.33:751][559]LogModuleManager: Shutting down and abandoning module AITestSuite (331)
[2017.07.10-16.02.33:752][559]LogModuleManager: Shutting down and abandoning module ProfilerService (328)
[2017.07.10-16.02.33:774][559]LogModuleManager: Shutting down and abandoning module TaskGraph (326)
[2017.07.10-16.02.33:776][559]LogModuleManager: Shutting down and abandoning module SteamVRController (324)
[2017.07.10-16.02.33:776][559]LogModuleManager: Shutting down and abandoning module SteamVR (322)
[2017.07.10-16.02.33:776][559]LogModuleManager: Shutting down and abandoning module ProceduralMeshComponentEditor (320)
[2017.07.10-16.02.33:776][559]LogModuleManager: Shutting down and abandoning module ProceduralMeshComponent (318)
[2017.07.10-16.02.33:777][559]LogModuleManager: Shutting down and abandoning module OculusLibrary (316)
[2017.07.10-16.02.33:777][559]LogModuleManager: Shutting down and abandoning module OculusInput (314)
[2017.07.10-16.02.33:777][559]LogModuleManager: Shutting down and abandoning module MobilePatchingUtils (312)
[2017.07.10-16.02.33:777][559]LogModuleManager: Shutting down and abandoning module CustomMeshComponent (310)
[2017.07.10-16.02.33:777][559]LogModuleManager: Shutting down and abandoning module CableComponent (308)
[2017.07.10-16.02.33:777][559]LogModuleManager: Shutting down and abandoning module ArchVisCharacter (306)
[2017.07.10-16.02.33:777][559]LogModuleManager: Shutting down and abandoning module AndroidPermission (304)
[2017.07.10-16.02.33:777][559]LogModuleManager: Shutting down and abandoning module MediaPlayerEditor (300)
[2017.07.10-16.02.33:780][559]LogModuleManager: Shutting down and abandoning module HTML5Networking (298)
[2017.07.10-16.02.33:780][559]LogModuleManager: Shutting down and abandoning module AlembicImporter (296)
[2017.07.10-16.02.33:780][559]LogModuleManager: Shutting down and abandoning module AlembicLibrary (295)
[2017.07.10-16.02.33:780][559]LogModuleManager: Shutting down and abandoning module GeometryCache (294)
[2017.07.10-16.02.33:781][559]LogModuleManager: Shutting down and abandoning module GeometryCacheEd (293)
[2017.07.10-16.02.33:781][559]LogModuleManager: Shutting down and abandoning module SuperSearchEditor (288)
[2017.07.10-16.02.33:781][559]LogModuleManager: Shutting down and abandoning module SuperSearch (287)
[2017.07.10-16.02.33:781][559]LogModuleManager: Shutting down and abandoning module SpeedTreeImporter (284)
[2017.07.10-16.02.33:781][559]LogModuleManager: Shutting down and abandoning module PluginBrowser (282)
[2017.07.10-16.02.33:782][559]LogModuleManager: Shutting down and abandoning module MobileLauncherProfileWizard (280)
[2017.07.10-16.02.33:784][559]LogModuleManager: Shutting down and abandoning module VisualStudioSourceCodeAccess (278)
[2017.07.10-16.02.33:784][559]LogModuleManager: Shutting down and abandoning module DesktopPlatform (277)
[2017.07.10-16.02.33:784][559]LogModuleManager: Shutting down and abandoning module UObjectPlugin (274)
[2017.07.10-16.02.33:784][559]LogModuleManager: Shutting down and abandoning module SubversionSourceControl (272)
[2017.07.10-16.02.33:785][559]LogModuleManager: Shutting down and abandoning module PerforceSourceControl (270)
[2017.07.10-16.02.33:786][559]LogModuleManager: Shutting down and abandoning module GitSourceControl (268)
[2017.07.10-16.02.33:786][559]LogModuleManager: Shutting down and abandoning module SourceControl (267)
[2017.07.10-16.02.33:787][559]LogModuleManager: Shutting down and abandoning module LightPropagationVolumeEditor (264)
[2017.07.10-16.02.33:787][559]LogModuleManager: Shutting down and abandoning module PaperTiledImporter (262)
[2017.07.10-16.02.33:787][559]LogModuleManager: Shutting down and abandoning module PaperSpriteSheetImporter (260)
[2017.07.10-16.02.33:787][559]LogModuleManager: Shutting down and abandoning module Paper2DEditor (258)
[2017.07.10-16.02.33:788][559]LogModuleManager: Shutting down and abandoning module MeshPaint (257)
[2017.07.10-16.02.33:788][559]LogModuleManager: Shutting down and abandoning module LevelEditor (255)
[2017.07.10-16.02.33:790][559]LogModuleManager: Shutting down and abandoning module PixelInspectorModule (254)
[2017.07.10-16.02.33:791][559]LogModuleManager: Shutting down and abandoning module MainFrame (252)
[2017.07.10-16.02.33:792][559]LogModuleManager: Shutting down and abandoning module HotReload (251)
[2017.07.10-16.02.33:793][559]LogModuleManager: Shutting down and abandoning module PhysXVehiclesEditor (246)
[2017.07.10-16.02.33:793][559]LogModuleManager: Shutting down and abandoning module PhysXVehicles (244)
[2017.07.10-16.02.33:793][559]LogModuleManager: Shutting down and abandoning module LocationServicesBPLibrary (242)
[2017.07.10-16.02.33:793][559]LogModuleManager: Shutting down and abandoning module ImmediatePhysicsEditor (240)
[2017.07.10-16.02.33:793][559]LogModuleManager: Shutting down and abandoning module ImmediatePhysics (238)
[2017.07.10-16.02.33:794][559]LogModuleManager: Shutting down and abandoning module UdpMessaging (236)
[2017.07.10-16.02.33:894][559]LogModuleManager: Shutting down and abandoning module TcpMessaging (234)
[2017.07.10-16.02.33:995][559]LogModuleManager: Shutting down and abandoning module GameplayTagsEditor (232)
[2017.07.10-16.02.33:997][559]LogModuleManager: Shutting down and abandoning module FacialAnimationEditor (230)
[2017.07.10-16.02.33:997][559]LogModuleManager: Shutting down and abandoning module FacialAnimation (228)
[2017.07.10-16.02.33:997][559]LogModuleManager: Shutting down and abandoning module AssetManagerEditor (226)
[2017.07.10-16.02.33:999][559]LogModuleManager: Shutting down and abandoning module GraphEditor (225)
[2017.07.10-16.02.34:002][559]LogModuleManager: Shutting down and abandoning module ContentBrowser (223)
[2017.07.10-16.02.34:005][559]LogModuleManager: Shutting down and abandoning module LightPropagationVolumeRuntime (220)
[2017.07.10-16.02.34:005][559]LogModuleManager: Shutting down and abandoning module Paper2D (218)
[2017.07.10-16.02.34:005][559]LogModuleManager: Shutting down and abandoning module WindowsMoviePlayer (216)
[2017.07.10-16.02.34:005][559]LogModuleManager: Shutting down and abandoning module WmfMedia (214)
[2017.07.10-16.02.34:006][559]LogModuleManager: Shutting down and abandoning module ClothingSystemEditor (212)
[2017.07.10-16.02.34:007][559]LogModuleManager: Shutting down and abandoning module ClothingSystemRuntime (210)
[2017.07.10-16.02.34:008][559]LogModuleManager: Shutting down and abandoning module MediaAssets (208)
[2017.07.10-16.02.34:008][559]LogModuleManager: Shutting down and abandoning module GameLiveStreaming (206)
[2017.07.10-16.02.34:009][559]LogModuleManager: Shutting down and abandoning module VREditor (204)
[2017.07.10-16.02.34:009][559]LogModuleManager: Shutting down and abandoning module StringTableEditor (202)
[2017.07.10-16.02.34:010][559]LogModuleManager: Shutting down and abandoning module GameplayTasksEditor (200)
[2017.07.10-16.02.34:011][559]LogModuleManager: Shutting down and abandoning module BehaviorTreeEditor (198)
[2017.07.10-16.02.34:014][559]LogModuleManager: Shutting down and abandoning module FunctionalTesting (196)
[2017.07.10-16.02.34:014][559]LogModuleManager: Shutting down and abandoning module CollisionAnalyzer (194)
[2017.07.10-16.02.34:015][559]LogModuleManager: Shutting down and abandoning module UMG (192)
[2017.07.10-16.02.34:016][559]LogModuleManager: Shutting down and abandoning module UMGEditor (191)
[2017.07.10-16.02.34:018][559]LogModuleManager: Shutting down and abandoning module Sequencer (190)
[2017.07.10-16.02.34:020][559]LogModuleManager: Shutting down and abandoning module AssetTools (188)
[2017.07.10-16.02.34:025][559]LogModuleManager: Shutting down and abandoning module MessageLog (187)
[2017.07.10-16.02.34:026][559]LogModuleManager: Shutting down and abandoning module WorkspaceMenuStructure (186)
[2017.07.10-16.02.34:026][559]LogModuleManager: Shutting down and abandoning module SlateReflector (180)
[2017.07.10-16.02.34:030][559]LogModuleManager: Shutting down and abandoning module Slate (178)
[2017.07.10-16.02.34:030][559]LogModuleManager: Shutting down and abandoning module EditorStyle (176)
[2017.07.10-16.02.34:040][559]LogModuleManager: Shutting down and abandoning module SourceCodeAccess (174)
[2017.07.10-16.02.34:040][559]LogModuleManager: Shutting down and abandoning module HeadMountedDisplay (172)
[2017.07.10-16.02.34:040][559]LogModuleManager: Shutting down and abandoning module XAudio2 (170)
[2017.07.10-16.02.34:040][559]LogModuleManager: Shutting down and abandoning module Networking (168)
[2017.07.10-16.02.34:040][559]LogModuleManager: Shutting down and abandoning module Core (164)
[2017.07.10-16.02.34:040][559]LogModuleManager: Shutting down and abandoning module AssetRegistry (162)
[2017.07.10-16.02.34:331][559]LogDirectoryWatcher: A directory notification for '../../../Engine/Content/' was aborted.
[2017.07.10-16.02.34:331][559]LogDirectoryWatcher: A directory notification for '../../../../../../Users/gentry/Documents/GitHub/DatBoiEntertainmetnGame_/Content/' was aborted.
[2017.07.10-16.02.34:331][559]LogDirectoryWatcher: A directory notification for '../../../Engine/Plugins/2D/Paper2D/Content/' was aborted.
[2017.07.10-16.02.34:331][559]LogDirectoryWatcher: A directory notification for '../../../Engine/Plugins/Runtime/GearVR/Content/' was aborted.
[2017.07.10-16.02.34:338][559]LogModuleManager: Shutting down and abandoning module DirectoryWatcher (161)
[2017.07.10-16.02.34:340][559]LogModuleManager: Shutting down and abandoning module KismetCompiler (158)
[2017.07.10-16.02.34:340][559]LogModuleManager: Shutting down and abandoning module LevelSequence (156)
[2017.07.10-16.02.34:340][559]LogModuleManager: Shutting down and abandoning module PhysXFormats (154)
[2017.07.10-16.02.34:340][559]LogModuleManager: Shutting down and abandoning module MeshUtilities (152)
[2017.07.10-16.02.34:342][559]LogModuleManager: Shutting down and abandoning module SimplygonSwarm (151)
[2017.07.10-16.02.34:343][559]LogModuleManager: Shutting down and abandoning module SimplygonMeshReduction (149)
[2017.07.10-16.02.34:343][559]LogModuleManager: Shutting down and abandoning module QuadricMeshReduction (147)
[2017.07.10-16.02.34:344][559]LogModuleManager: Shutting down and abandoning module DerivedDataCache (144)
[2017.07.10-16.02.34:384][559]LogDerivedDataCache: Shutdown
[2017.07.10-16.02.34:384][559]LogModuleManager: Shutting down and abandoning module TargetPlatform (142)
[2017.07.10-16.02.34:384][559]LogModuleManager: Shutting down and abandoning module VulkanShaderFormat (141)
[2017.07.10-16.02.34:386][559]LogModuleManager: Shutting down and abandoning module ShaderFormatVectorVM (139)
[2017.07.10-16.02.34:387][559]LogModuleManager: Shutting down and abandoning module ShaderFormatOpenGL (137)
[2017.07.10-16.02.34:387][559]LogModuleManager: Shutting down and abandoning module ShaderFormatD3D (135)
[2017.07.10-16.02.34:388][559]LogModuleManager: Shutting down and abandoning module MetalShaderFormat (133)
[2017.07.10-16.02.34:389][559]LogModuleManager: Shutting down and abandoning module TextureFormatUncompressed (131)
[2017.07.10-16.02.34:389][559]LogModuleManager: Shutting down and abandoning module TextureFormatPVR (129)
[2017.07.10-16.02.34:389][559]LogModuleManager: Shutting down and abandoning module TextureFormatDXT (127)
[2017.07.10-16.02.34:389][559]LogModuleManager: Shutting down and abandoning module TextureFormatIntelISPCTexComp (125)
[2017.07.10-16.02.34:389][559]LogModuleManager: Shutting down and abandoning module TextureFormatASTC (123)
[2017.07.10-16.02.34:390][559]LogModuleManager: Shutting down and abandoning module ImageWrapper (122)
[2017.07.10-16.02.34:390][559]LogModuleManager: Shutting down and abandoning module TextureFormatAndroid (119)
[2017.07.10-16.02.34:390][559]LogModuleManager: Shutting down and abandoning module AudioFormatOpus (117)
[2017.07.10-16.02.34:390][559]LogModuleManager: Shutting down and abandoning module AudioFormatOgg (115)
[2017.07.10-16.02.34:390][559]LogModuleManager: Shutting down and abandoning module AudioFormatADPCM (113)
[2017.07.10-16.02.34:390][559]LogModuleManager: Shutting down and abandoning module LinuxTargetPlatform (111)
[2017.07.10-16.02.34:390][559]LogModuleManager: Shutting down and abandoning module LinuxServerTargetPlatform (109)
[2017.07.10-16.02.34:390][559]LogModuleManager: Shutting down and abandoning module LinuxNoEditorTargetPlatform (107)
[2017.07.10-16.02.34:390][559]LogModuleManager: Shutting down and abandoning module LinuxClientTargetPlatform (105)
[2017.07.10-16.02.34:390][559]LogModuleManager: Shutting down and abandoning module TVOSTargetPlatform (103)
[2017.07.10-16.02.34:390][559]LogModuleManager: Shutting down and abandoning module Messaging (101)
[2017.07.10-16.02.34:390][559]LogModuleManager: Shutting down and abandoning module IOSTargetPlatform (99)
[2017.07.10-16.02.34:390][559]LogModuleManager: Shutting down and abandoning module HTML5TargetPlatform (97)
[2017.07.10-16.02.34:390][559]LogModuleManager: Shutting down and abandoning module Android_PVRTCTargetPlatform (95)
[2017.07.10-16.02.34:391][559]LogModuleManager: Shutting down and abandoning module Android_MultiTargetPlatform (93)
[2017.07.10-16.02.34:391][559]LogModuleManager: Shutting down and abandoning module Android_ETC2TargetPlatform (91)
[2017.07.10-16.02.34:391][559]LogModuleManager: Shutting down and abandoning module Android_ETC1TargetPlatform (89)
[2017.07.10-16.02.34:391][559]LogModuleManager: Shutting down and abandoning module Android_DXTTargetPlatform (87)
[2017.07.10-16.02.34:392][559]LogModuleManager: Shutting down and abandoning module Android_ATCTargetPlatform (85)
[2017.07.10-16.02.34:392][559]LogModuleManager: Shutting down and abandoning module Android_ASTCTargetPlatform (83)
[2017.07.10-16.02.34:392][559]LogModuleManager: Shutting down and abandoning module AndroidTargetPlatform (81)
[2017.07.10-16.02.34:393][559]LogModuleManager: Shutting down and abandoning module WindowsTargetPlatform (79)
[2017.07.10-16.02.34:393][559]LogModuleManager: Shutting down and abandoning module WindowsServerTargetPlatform (77)
[2017.07.10-16.02.34:393][559]LogModuleManager: Shutting down and abandoning module WindowsNoEditorTargetPlatform (75)
[2017.07.10-16.02.34:393][559]LogModuleManager: Shutting down and abandoning module WindowsClientTargetPlatform (73)
[2017.07.10-16.02.34:393][559]LogModuleManager: Shutting down and abandoning module MacTargetPlatform (71)
[2017.07.10-16.02.34:393][559]LogModuleManager: Shutting down and abandoning module MacServerTargetPlatform (69)
[2017.07.10-16.02.34:393][559]LogModuleManager: Shutting down and abandoning module MacNoEditorTargetPlatform (67)
[2017.07.10-16.02.34:393][559]LogModuleManager: Shutting down and abandoning module MacClientTargetPlatform (65)
[2017.07.10-16.02.34:393][559]LogModuleManager: Shutting down and abandoning module AllDesktopTargetPlatform (63)
[2017.07.10-16.02.34:393][559]LogModuleManager: Shutting down and abandoning module InputCore (60)
[2017.07.10-16.02.34:393][559]LogModuleManager: Shutting down and abandoning module Settings (58)
[2017.07.10-16.02.34:393][559]LogModuleManager: Shutting down and abandoning module OculusRift (56)
[2017.07.10-16.02.34:393][559]LogModuleManager: Shutting down and abandoning module GearVRController (54)
[2017.07.10-16.02.34:393][559]LogModuleManager: Shutting down and abandoning module GearVR (52)
[2017.07.10-16.02.34:394][559]LogModuleManager: Shutting down and abandoning module ExampleDeviceProfileSelector (50)
[2017.07.10-16.02.34:394][559]LogModuleManager: Shutting down and abandoning module OnlineBlueprintSupport (48)
[2017.07.10-16.02.34:394][559]LogModuleManager: Shutting down and abandoning module OnlineSubsystem (44)
[2017.07.10-16.02.34:394][559]LogOnline:Display: Unloading online subsystem: NULL
[2017.07.10-16.02.34:396][559]LogModuleManager: Shutting down and abandoning module XMPP (43)
[2017.07.10-16.02.34:398][559]LogModuleManager: Shutting down and abandoning module HTTP (41)
[2017.07.10-16.02.34:398][559]LogHttp:Display: Http module shutting down, but needs to wait on 1 outstanding Http requests:
[2017.07.10-16.02.34:398][559]LogHttp:Display: 	verb=[POST] url=[https://datarouter.ol.epicgames.com/datarouter/api/v1/public/data?SessionID=%7BF2B8D955-4580-2E43-0D87-05B957D978D3%7D&AppID=UEEditor.Rocket.Release&AppVersion=4.16.1-3466753%2B%2B%2BUE4%2BRelease-4.16&UserID=e75bf06f4dbaf8d917b08da130f32e38%7C54599e2502c348eaa2dcfcee6f72aaa4%7C411fcffc-e69f-4d70-aa8f-b0f32a2cf60e&AppEnvironment=datacollector-binary&UploadType=eteventstream] status=Processing
[2017.07.10-16.02.34:434][559]LogModuleManager: Shutting down and abandoning module SSL (40)
[2017.07.10-16.02.34:439][559]LogModuleManager: Shutting down and abandoning module HTTPChunkInstaller (36)
[2017.07.10-16.02.34:441][559]LogModuleManager: Shutting down and abandoning module AnimationModifiers (34)
[2017.07.10-16.02.34:442][559]LogModuleManager: Shutting down and abandoning module PropertyEditor (33)
[2017.07.10-16.02.34:442][559]LogModuleManager: Shutting down and abandoning module AudioEditor (30)
[2017.07.10-16.02.34:445][559]LogModuleManager: Shutting down and abandoning module TextureCompressor (28)
[2017.07.10-16.02.34:445][559]LogModuleManager: Shutting down and abandoning module ShaderCore (26)
[2017.07.10-16.02.34:445][559]LogModuleManager: Shutting down and abandoning module Landscape (24)
[2017.07.10-16.02.34:445][559]LogModuleManager: Shutting down and abandoning module SlateRHIRenderer (22)
[2017.07.10-16.02.34:448][559]LogModuleManager: Shutting down and abandoning module OpenGLDrv (20)
[2017.07.10-16.02.34:450][559]LogModuleManager: Shutting down and abandoning module D3D11RHI (18)
[2017.07.10-16.02.34:450][559]LogModuleManager: Shutting down and abandoning module AnimGraphRuntime (16)
[2017.07.10-16.02.34:450][559]LogModuleManager: Shutting down and abandoning module Renderer (14)
[2017.07.10-16.02.34:450][559]LogModuleManager: Shutting down and abandoning module Engine (12)
[2017.07.10-16.02.34:450][559]LogModuleManager: Shutting down and abandoning module CoreUObject (10)
[2017.07.10-16.02.34:450][559]LogModuleManager: Shutting down and abandoning module NetworkFile (8)
[2017.07.10-16.02.34:451][559]LogModuleManager: Shutting down and abandoning module StreamingFile (6)
[2017.07.10-16.02.34:451][559]LogModuleManager: Shutting down and abandoning module SandboxFile (4)
[2017.07.10-16.02.34:452][559]LogModuleManager: Shutting down and abandoning module PakFile (2)
[2017.07.10-16.02.34:457][559]LogExit: Exiting.
[2017.07.10-16.02.34:516][559]Log file closed, 07/10/17 10:02:34
