Log file open, 09/05/17 17:12:40
LogWindows: LoadLibraryWithSearchPaths failed for file aqProf.dll. GetLastError=0
LogWindows: LoadLibraryWithSearchPaths failed for file VSPerf140.dll. GetLastError=0
LogWindows: LoadLibraryWithSearchPaths failed for file VtuneApi.dll. GetLastError=0
LogWindows: LoadLibraryWithSearchPaths failed for file VtuneApi32e.dll. GetLastError=0
LogInit: Display: Running engine for game: InsertNameAdventure
LogPlatformFile: Not using cached read wrapper
LogInit: Display: RandInit(-1692421147) SRandInit(-1692421147).
LogTaskGraph: Started task graph with 5 named threads and 14 total threads with 3 sets of task threads.
LogStats: Stats thread started at 1.099051
LogD3D11RHI: Aftermath initialized
LogPluginManager: Mounting plugin Paper2D
LogPluginManager: Mounting plugin LightPropagationVolume
LogPluginManager: Mounting plugin CodeLiteSourceCodeAccess
LogPluginManager: Mounting plugin GitSourceControl
LogPluginManager: Mounting plugin KDevelopSourceCodeAccess
LogPluginManager: Mounting plugin NullSourceCodeAccess
LogPluginManager: Mounting plugin PerforceSourceControl
LogPluginManager: Mounting plugin SubversionSourceControl
LogPluginManager: Mounting plugin UObjectPlugin
LogPluginManager: Mounting plugin VisualStudioSourceCodeAccess
LogPluginManager: Mounting plugin XCodeSourceCodeAccess
LogPluginManager: Mounting plugin AssetManagerEditor
LogPluginManager: Mounting plugin AudioCapture
LogPluginManager: Mounting plugin FacialAnimation
LogPluginManager: Mounting plugin GameplayTagsEditor
LogPluginManager: Mounting plugin MobileLauncherProfileWizard
LogPluginManager: Mounting plugin PluginBrowser
LogPluginManager: Mounting plugin SpeedTreeImporter
LogPluginManager: Mounting plugin AlembicImporter
LogPluginManager: Mounting plugin CharacterAI
LogPluginManager: Mounting plugin HTML5Networking
LogPluginManager: Mounting plugin AndroidMedia
LogPluginManager: Mounting plugin AvfMedia
LogPluginManager: Mounting plugin MediaPlayerEditor
LogPluginManager: Mounting plugin WmfMedia
LogPluginManager: Mounting plugin TcpMessaging
LogPluginManager: Mounting plugin UdpMessaging
LogPluginManager: Mounting plugin LevelSequenceEditor
LogPluginManager: Mounting plugin MatineeToLevelSequence
LogPluginManager: Mounting plugin OnlineSubsystemGooglePlay
LogPluginManager: Mounting plugin OnlineSubsystemIOS
LogPluginManager: Mounting plugin OnlineSubsystem
LogPluginManager: Mounting plugin OnlineSubsystemNull
LogPluginManager: Mounting plugin OnlineSubsystemUtils
LogPluginManager: Mounting plugin AndroidDeviceProfileSelector
LogPluginManager: Mounting plugin AndroidMoviePlayer
LogPluginManager: Mounting plugin AndroidPermission
LogPluginManager: Mounting plugin AppleMoviePlayer
LogPluginManager: Mounting plugin ArchVisCharacter
LogPluginManager: Mounting plugin CableComponent
LogPluginManager: Mounting plugin CustomMeshComponent
LogPluginManager: Mounting plugin ExampleDeviceProfileSelector
LogPluginManager: Mounting plugin GoogleCloudMessaging
LogPluginManager: Mounting plugin ImmediatePhysics
LogPluginManager: Mounting plugin IOSDeviceProfileSelector
LogPluginManager: Mounting plugin LinuxDeviceProfileSelector
LogPluginManager: Mounting plugin LocationServicesBPLibrary
LogPluginManager: Mounting plugin MobilePatchingUtils
LogPluginManager: Mounting plugin OculusVR
LogPluginManager: Mounting plugin PhysXVehicles
LogPluginManager: Mounting plugin ProceduralMeshComponent
LogPluginManager: Mounting plugin RuntimePhysXCooking
LogPluginManager: Mounting plugin SteamVR
LogPluginManager: Mounting plugin WindowsMoviePlayer
LogInit: Using libcurl 7.47.1
LogInit:  - built for x86_64-pc-win32
LogInit:  - supports SSL with OpenSSL/1.0.2g
LogInit:  - supports HTTP deflate (compression) using libz 1.2.8
LogInit:  - other features:
LogInit:      CURL_VERSION_SSL
LogInit:      CURL_VERSION_LIBZ
LogInit:      CURL_VERSION_IPV6
LogInit:      CURL_VERSION_ASYNCHDNS
LogInit:      CURL_VERSION_LARGEFILE
LogInit:      CURL_VERSION_IDN
LogInit:  CurlRequestOptions (configurable via config and command line):
LogInit:  - bVerifyPeer = false  - Libcurl will NOT verify peer certificate
LogInit:  - bUseHttpProxy = false  - Libcurl will NOT use HTTP proxy
LogInit:  - bDontReuseConnections = false  - Libcurl will reuse connections
LogInit:  - CertBundlePath = nullptr  - Libcurl will use whatever was configured at build time.
LogInit: Build: ++UE4+Release-4.17-CL-3573198
LogInit: Engine Version: 4.17.0-3573198+++UE4+Release-4.17
LogInit: Compatible Engine Version: 4.17.0-3573198+++UE4+Release-4.17
LogInit: Net CL: 3573198
LogDevObjectVersion: Number of dev versions registered: 16
LogDevObjectVersion:   Dev-Blueprints (B0D832E4-1F89-4F0D-ACCF-7EB736FD4AA2): 10
LogDevObjectVersion:   Dev-Build (E1C64328-A22C-4D53-A36C-8E866417BD8C): 0
LogDevObjectVersion:   Dev-Core (375EC13C-06E4-48FB-B500-84F0262A717E): 2
LogDevObjectVersion:   Dev-Editor (E4B068ED-F494-42E9-A231-DA0B2E46BB41): 20
LogDevObjectVersion:   Dev-Framework (CFFC743F-43B0-4480-9391-14DF171D2073): 28
LogDevObjectVersion:   Dev-Mobile (B02B49B5-BB20-44E9-A304-32B752E40360): 0
LogDevObjectVersion:   Dev-Networking (A4E4105C-59A1-49B5-A7C5-40C4547EDFEE): 0
LogDevObjectVersion:   Dev-Online (39C831C9-5AE6-47DC-9A44-9C173E1C8E7C): 0
LogDevObjectVersion:   Dev-Physics (78F01B33-EBEA-4F98-B9B4-84EACCB95AA2): 0
LogDevObjectVersion:   Dev-Platform (6631380F-2D4D-43E0-8009-CF276956A95A): 0
LogDevObjectVersion:   Dev-Rendering (12F88B9F-8875-4AFC-A67C-D90C383ABD29): 19
LogDevObjectVersion:   Dev-Sequencer (7B5AE74C-D270-4C10-A958-57980B212A5A): 4
LogDevObjectVersion:   Dev-VR (D7296918-1DD6-4BDD-9DE2-64A83CC13884): 0
LogDevObjectVersion:   Dev-LoadTimes (C2A15278-BFE7-4AFE-6C17-90FF531DF755): 1
LogDevObjectVersion:   Private-Geometry (6EACA3D4-40EC-4CC1-B786-8BED09428FC5): 1
LogDevObjectVersion:   Dev-AnimPhys (29E575DD-E0A3-4627-9D10-D276232CDCEA): 7
LogInit: Compiled (64-bit): Aug  4 2017 16:30:33
LogInit: Compiled with Visual C++: 19.00.24215.01
LogInit: Build Configuration: Development
LogInit: Branch Name: ++UE4+Release-4.17
LogInit: Command line:  
LogInit: Base directory: C:/Program Files/Epic Games/UE_4.17/Engine/Binaries/Win64/
LogInit: Installed Engine Build: 1
LogInit: Presizing for max 8388607 objects, including 0 objects not considered by GC, pre-allocating 0 bytes for permanent pool.
LogInit: Object subsystem initialized
[2017.09.05-23.12.41:355][  0]LogInit: Selected Device Profile: [Windows]
[2017.09.05-23.12.41:356][  0]LogInit: Applying CVar settings loaded from the selected device profile: [Windows]
[2017.09.05-23.12.41:409][  0]LogInit: Computer: DESKTOP-SV0KJJ8
[2017.09.05-23.12.41:409][  0]LogInit: User: gentry
[2017.09.05-23.12.41:409][  0]LogInit: CPU Page size=4096, Cores=4
[2017.09.05-23.12.41:409][  0]LogInit: High frequency timer resolution =3.421871 MHz
[2017.09.05-23.12.41:410][  0]LogMemory: Memory total: Physical=8.0GB (8GB approx)
[2017.09.05-23.12.41:410][  0]LogMemory: Platform Memory Stats for Windows
[2017.09.05-23.12.41:410][  0]LogMemory: Process Physical Memory: 279.50 MB used, 279.50 MB peak
[2017.09.05-23.12.41:410][  0]LogMemory: Process Virtual Memory: 274.89 MB used, 274.89 MB peak
[2017.09.05-23.12.41:410][  0]LogMemory: Physical Memory: 2693.18 MB used,  5463.51 MB free, 8156.69 MB total
[2017.09.05-23.12.41:410][  0]LogMemory: Virtual Memory: 668.50 MB used,  5463.51 MB free, 134217728.00 MB total
[2017.09.05-23.12.41:836][  0]LogInit: Using OS detected language (en-US).
[2017.09.05-23.12.41:836][  0]LogInit: Using OS detected locale (en-US).
[2017.09.05-23.12.41:881][  0]LogTextLocalizationManager: No specific localization for 'en-US' exists, so the 'en' localization will be used.
[2017.09.05-23.12.44:081][  0]LogD3D11RHI: D3D11 adapters:
[2017.09.05-23.12.44:547][  0]LogD3D11RHI:    0. 'NVIDIA GeForce GTX 1070' (Feature Level 11_0)
[2017.09.05-23.12.44:547][  0]LogD3D11RHI:       8119/0/4078 MB DedicatedVideo/DedicatedSystem/SharedSystem, Outputs:1, VendorId:0x10de
[2017.09.05-23.12.44:548][  0]LogD3D11RHI:    1. 'Microsoft Basic Render Driver' (Feature Level 11_0)
[2017.09.05-23.12.44:548][  0]LogD3D11RHI:       0/0/4078 MB DedicatedVideo/DedicatedSystem/SharedSystem, Outputs:0, VendorId:0x1414
[2017.09.05-23.12.44:548][  0]LogD3D11RHI: Chosen D3D11 Adapter: 0
[2017.09.05-23.12.44:554][  0]LogD3D11RHI: Creating new Direct3DDevice
[2017.09.05-23.12.44:554][  0]LogD3D11RHI:     GPU DeviceId: 0x1b81 (for the marketing name, search the web for "GPU Device Id")
[2017.09.05-23.12.44:554][  0]LogWindows: EnumDisplayDevices:
[2017.09.05-23.12.44:554][  0]LogWindows:    0. 'NVIDIA GeForce GTX 1070' (P:1 D:1)
[2017.09.05-23.12.44:554][  0]LogWindows:    1. 'NVIDIA GeForce GTX 1070' (P:0 D:0)
[2017.09.05-23.12.44:554][  0]LogWindows:    2. 'NVIDIA GeForce GTX 1070' (P:0 D:0)
[2017.09.05-23.12.44:554][  0]LogWindows:    3. 'NVIDIA GeForce GTX 1070' (P:0 D:0)
[2017.09.05-23.12.44:554][  0]LogWindows: DebugString: FoundDriverCount:4 
[2017.09.05-23.12.44:554][  0]LogD3D11RHI:     Adapter Name: NVIDIA GeForce GTX 1070
[2017.09.05-23.12.44:555][  0]LogD3D11RHI:   Driver Version: 382.53 (internal:22.21.13.8253, unified:382.53)
[2017.09.05-23.12.44:555][  0]LogD3D11RHI:      Driver Date: 6-7-2017
[2017.09.05-23.12.44:555][  0]LogRHI: Texture pool is 1361 MB (70% of 1945 MB)
[2017.09.05-23.12.44:995][  0]LogD3D11RHI: Async texture creation enabled
[2017.09.05-23.12.45:039][  0]LogD3D11RHI: GPU Timing Frequency: 1000.000000 (Debug: 2 1)
[2017.09.05-23.12.45:048][  0]LogShaderCompilers: Guid format shader working directory is -26 characters bigger than the processId version (../../../../../../Users/gentry/Documents/GitHub/DatBoiEntertainmetnGame_/Intermediate/Shaders/WorkingDirectory/10724/).
[2017.09.05-23.12.45:048][  0]LogShaderCompilers: Cleaned the shader compiler working directory 'C:/Users/gentry/AppData/Local/Temp/UnrealShaderWorkingDir/FDAC0C494CDACF924A3CBC976F0D80AA/'.
[2017.09.05-23.12.45:049][  0]LogShaderCompilers: Display: Using Local Shader Compiler.
[2017.09.05-23.12.46:930][  0]LogTemp: Display: Loaded TP AllDesktopTargetPlatform
[2017.09.05-23.12.46:972][  0]LogTemp: Display: Loaded TP MacClientTargetPlatform
[2017.09.05-23.12.47:010][  0]LogTemp: Display: Loaded TP MacNoEditorTargetPlatform
[2017.09.05-23.12.47:050][  0]LogTemp: Display: Loaded TP MacServerTargetPlatform
[2017.09.05-23.12.47:097][  0]LogTemp: Display: Loaded TP MacTargetPlatform
[2017.09.05-23.12.47:136][  0]LogTemp: Display: Loaded TP WindowsClientTargetPlatform
[2017.09.05-23.12.47:176][  0]LogTemp: Display: Loaded TP WindowsNoEditorTargetPlatform
[2017.09.05-23.12.47:214][  0]LogTemp: Display: Loaded TP WindowsServerTargetPlatform
[2017.09.05-23.12.47:246][  0]LogTemp: Display: Loaded TP WindowsTargetPlatform
[2017.09.05-23.12.47:285][  0]LogTemp: Display: Loaded TP AndroidTargetPlatform
[2017.09.05-23.12.47:322][  0]LogTemp: Display: Loaded TP Android_ASTCTargetPlatform
[2017.09.05-23.12.47:358][  0]LogTemp: Display: Loaded TP Android_ATCTargetPlatform
[2017.09.05-23.12.47:394][  0]LogTemp: Display: Loaded TP Android_DXTTargetPlatform
[2017.09.05-23.12.47:429][  0]LogTemp: Display: Loaded TP Android_ETC1TargetPlatform
[2017.09.05-23.12.47:466][  0]LogTemp: Display: Loaded TP Android_ETC2TargetPlatform
[2017.09.05-23.12.47:538][  0]LogTemp: Display: Loaded TP Android_MultiTargetPlatform
[2017.09.05-23.12.47:538][  0]LogTemp: Display: Loaded TP Android_PVRTCTargetPlatform
[2017.09.05-23.12.47:566][  0]LogTemp: Display: Loaded TP HTML5TargetPlatform
[2017.09.05-23.12.47:649][  0]LogTemp: Display: Loaded TP IOSTargetPlatform
[2017.09.05-23.12.47:689][  0]LogTemp: Display: Loaded TP TVOSTargetPlatform
[2017.09.05-23.12.47:725][  0]LogTemp: Display: Loaded TP LinuxClientTargetPlatform
[2017.09.05-23.12.47:761][  0]LogTemp: Display: Loaded TP LinuxNoEditorTargetPlatform
[2017.09.05-23.12.47:796][  0]LogTemp: Display: Loaded TP LinuxServerTargetPlatform
[2017.09.05-23.12.47:838][  0]LogTemp: Display: Loaded TP LinuxTargetPlatform
[2017.09.05-23.12.47:838][  0]LogTargetPlatformManager: Display: Building Assets For Windows
[2017.09.05-23.12.48:316][  0]LogDerivedDataCache: Display: Max Cache Size: 512 MB
[2017.09.05-23.12.48:896][  0]LogDerivedDataCache: Loaded boot cache 0.58s 93MB C:/Users/gentry/AppData/Local/UnrealEngine/4.17/DerivedDataCache/Boot.ddc.
[2017.09.05-23.12.48:896][  0]LogDerivedDataCache: Display: Loaded Boot cache: C:/Users/gentry/AppData/Local/UnrealEngine/4.17/DerivedDataCache/Boot.ddc
[2017.09.05-23.12.48:896][  0]LogDerivedDataCache: FDerivedDataBackendGraph:  Pak pak cache file ../../../../../../Users/gentry/Documents/GitHub/DatBoiEntertainmetnGame_/DerivedDataCache/DDC.ddp not found, will not use a pak cache.
[2017.09.05-23.12.48:896][  0]LogDerivedDataCache: Unable to find inner node Pak for hierarchical cache Hierarchy.
[2017.09.05-23.12.48:897][  0]LogDerivedDataCache: FDerivedDataBackendGraph:  CompressedPak pak cache file ../../../../../../Users/gentry/Documents/GitHub/DatBoiEntertainmetnGame_/DerivedDataCache/Compressed.ddp not found, will not use a pak cache.
[2017.09.05-23.12.48:897][  0]LogDerivedDataCache: Unable to find inner node CompressedPak for hierarchical cache Hierarchy.
[2017.09.05-23.12.48:954][  0]LogDerivedDataCache: Display: Pak cache opened for reading ../../../Engine/DerivedDataCache/Compressed.ddp.
[2017.09.05-23.12.48:969][  0]LogDerivedDataCache: Using Local data cache path C:/Users/gentry/AppData/Local/UnrealEngine/Common/DerivedDataCache: Writable
[2017.09.05-23.12.48:997][  0]LogMaterial: Verifying Global Shaders for PCD3D_SM5
[2017.09.05-23.12.49:003][  0]LogSlate: Using Freetype 2.6.0
[2017.09.05-23.12.49:026][  0]LogSlate: SlateFontCache - WITH_FREETYPE: 1, WITH_HARFBUZZ: 1
[2017.09.05-23.12.49:026][  0]LogSlate: SlateFontCache - WITH_FREETYPE: 1, WITH_HARFBUZZ: 1
[2017.09.05-23.12.50:098][  0]LogAssetRegistry: FAssetRegistry took 0.0288 seconds to start up
[2017.09.05-23.12.50:221][  0]LogInit: Selected Device Profile: [Windows]
[2017.09.05-23.12.50:812][  0]LogSimplygon: Simplygon DLL not present - disabling.
[2017.09.05-23.12.50:845][  0]LogMeshReduction: Using SimplygonSwarm for distributed automatic mesh merging
[2017.09.05-23.12.50:846][  0]LogMeshReduction: Using QuadricMeshReduction for automatic static mesh reduction
[2017.09.05-23.12.50:846][  0]LogMeshReduction: No automatic skeletal mesh reduction module available
[2017.09.05-23.12.50:846][  0]LogMeshReduction: No automatic mesh merging module available
[2017.09.05-23.12.50:846][  0]LogMeshMerging: No automatic mesh merging module available
[2017.09.05-23.12.50:859][  0]LogContentStreaming: Texture pool size is 0.00 MB
[2017.09.05-23.12.51:546][  0]LogNetVersion: InsertNameAdventure , NetCL: 3573198, EngineNetVer: 2, GameNetVer: 0 (Checksum: 3080426378)
[2017.09.05-23.12.51:952][  0]LogPackageLocalizationCache: Processed 5 localized package path(s) for 2 prioritized culture(s) in 0.047853 seconds
[2017.09.05-23.12.51:957][  0]LogUObjectArray: 35825 objects as part of root set at end of initial load.
[2017.09.05-23.12.51:957][  0]LogUObjectAllocator: 7529104 out of 0 bytes used by permanent object pool.
[2017.09.05-23.12.51:957][  0]LogUObjectArray: CloseDisregardForGC: 0/0 objects in disregard for GC pool
[2017.09.05-23.12.52:002][  0]LogInit: WinSock: version 1.1 (2.2), MaxSocks=32767, MaxUdp=65467
[2017.09.05-23.12.56:185][  0]LogTcpMessaging: Initializing TcpMessaging bridge
[2017.09.05-23.12.56:218][  0]LogUdpMessaging: Initializing bridge on interface 0.0.0.0:0 to multicast group 230.0.0.1:6666.
[2017.09.05-23.12.56:913][  0]LogMaterial: Uniform references updated for custom material expression Custom.
[2017.09.05-23.12.57:306][  0]SourceControl: Source control is disabled
[2017.09.05-23.12.58:204][  0]LogAndroidPermission: UAndroidPermissionCallbackProxy::GetInstance
[2017.09.05-23.12.58:373][  0]LogOcInput: OculusInput pre-init called
[2017.09.05-23.12.58:602][  0]LogEngine: Initializing Engine...
[2017.09.05-23.12.58:603][  0]LogHMD: Failed to initialize OpenVR with code 110
[2017.09.05-23.12.58:927][  0]LogStats: UGameplayTagsManager::ConstructGameplayTagTree: Construct from data asset -  0.000 s
[2017.09.05-23.12.58:928][  0]LogStats: UGameplayTagsManager::ConstructGameplayTagTree: GameplayTagTreeChangedEvent.Broadcast -  0.000 s
[2017.09.05-23.12.59:084][  0]LogAIModule: Creating AISystem for world Untitled
[2017.09.05-23.12.59:117][  0]LogInit: XAudio2 using 'Speakers (Skullcandy GMX Dolby Transmitter)' : 2 channels at 48 kHz using 16 bits per sample (channel mask 0x3)
[2017.09.05-23.12.59:162][  0]LogInit: FAudioDevice initialized.
[2017.09.05-23.12.59:265][  0]LogDerivedDataCache: Saved boot cache 0.10s 93MB C:/Users/gentry/AppData/Local/UnrealEngine/4.17/DerivedDataCache/Boot.ddc.
[2017.09.05-23.12.59:285][  0]LogInit: Texture streaming: Enabled
[2017.09.05-23.12.59:457][  0]LogEngineSessionManager: EngineSessionManager initialized
[2017.09.05-23.12.59:676][  0]LogWindowsTextInputMethodSystem: Display: IME system now deactivated.
[2017.09.05-23.12.59:710][  0]LogInit: Transaction tracking system initialized
[2017.09.05-23.12.59:976][  0]BlueprintLog: New page: Editor Load
[2017.09.05-23.13.00:800][  0]LocalizationService: Localization service is disabled
[2017.09.05-23.13.01:425][  0]LogConsoleResponse: Display: 
[2017.09.05-23.13.01:803][  0]LogCook: Display: Max memory allowance for cook 16384mb min free memory 0mb
[2017.09.05-23.13.01:804][  0]LogCook: Display: Mobile HDR setting 1
[2017.09.05-23.13.01:804][  0]LogGameplayTags: Display: UGameplayTagsManager::DoneAddingNativeTags. DelegateIsBound: 0
[2017.09.05-23.13.02:424][  0]LogFileCache: Scanning file cache for directory 'C:/Users/gentry/Documents/GitHub/DatBoiEntertainmetnGame_/Content/' took 0.02s
[2017.09.05-23.13.02:844][  0]Cmd: MAP LOAD FILE="../../../../../../Users/gentry/Documents/GitHub/DatBoiEntertainmetnGame_/Content/2DSideScrollerBP/Maps/Levels/Rainforest_Alien.umap" TEMPLATE=0 SHOWPROGRESS=1 FEATURELEVEL=3
[2017.09.05-23.13.02:847][  0]LightingResults: New page: Lighting Build
[2017.09.05-23.13.02:897][  0]MapCheck: New page: Map Check
[2017.09.05-23.13.02:897][  0]LightingResults: New page: Lighting Build
[2017.09.05-23.13.03:374][  0]LogBlueprint: Warning: ExposeOnSpawn ambiguity. Property 'BoolProperty /Game/2DSideScrollerBP/Blueprints/UI/ItemDrag.ItemDrag_C:fromInv', MetaData 'True', Flag 'False'
[2017.09.05-23.13.03:374][  0]LogBlueprint: Warning: ExposeOnSpawn ambiguity. Property 'ObjectProperty /Game/2DSideScrollerBP/Blueprints/UI/ItemDrag.ItemDrag_C:dragItem', MetaData 'True', Flag 'False'
[2017.09.05-23.13.03:379][  0]LogBlueprint: Warning: ExposeOnSpawn ambiguity. Property 'BoolProperty /Game/2DSideScrollerBP/Blueprints/UI/ItemDrag.ItemDrag_C:fromInv', MetaData 'True', Flag 'False'
[2017.09.05-23.13.03:379][  0]LogBlueprint: Warning: ExposeOnSpawn ambiguity. Property 'ObjectProperty /Game/2DSideScrollerBP/Blueprints/UI/ItemDrag.ItemDrag_C:dragItem', MetaData 'True', Flag 'False'
[2017.09.05-23.13.03:411][  0]LogBlueprint: Warning: [Compiler ActionSlot] Input pin  Drag Item  specifying non-default value no longer exists on this node. Please refresh node or reset pin to default value to remove pin.
[2017.09.05-23.13.03:421][  0]LogBlueprint: Warning: [Compiler InventorySlot] Input pin  From Inv  specifying non-default value no longer exists on this node. Please refresh node or reset pin to default value to remove pin.
[2017.09.05-23.13.03:421][  0]LogBlueprint: Error: [Compiler InventorySlot] In use pin  Drag Item  no longer exists on this node. Please refresh node or break links to remove pin.
[2017.09.05-23.13.03:510][  0]LogBlueprint: Warning: [Compiler ActionSlot] [0025.77] Compile of ActionSlot successful, but with 1 Warning(s) [in 161 ms] (/Game/2DSideScrollerBP/Blueprints/UI/ActionSlot.ActionSlot)
[2017.09.05-23.13.03:510][  0]LogBlueprint: Warning: [Compiler InventorySlot] [0025.77] Compile of InventorySlot failed. 1 Fatal Issue(s) 1 Warning(s) [in 161 ms] (/Game/2DSideScrollerBP/Blueprints/UI/InventorySlot.InventorySlot)
[2017.09.05-23.13.04:603][  0]LogTexture: Display: Building textures: Big_Tree_2 (BGRA8, 256X256)
[2017.09.05-23.13.04:603][  0]LogTexture: Display: Building textures: HQ_Lightmap1_1 (AutoDXT, 256X256)
[2017.09.05-23.13.04:603][  0]LogTexture: Display: Building textures: LQ_Lightmap_1_1 (DXT1, 256X256)
[2017.09.05-23.13.04:603][  0]LogTexture: Display: Building textures: ShadowMapTexture2D_0 (BGRA8, 512X64)
[2017.09.05-23.13.04:603][  0]LogTexture: Display: Building textures: Platform_moving_effect_frame_1 (BGRA8, 10X10)
[2017.09.05-23.13.04:603][  0]LogTexture: Display: Building textures: 2DBackgroundTile (AutoDXT, 256X256)
[2017.09.05-23.13.04:603][  0]LogTexture: Display: Building textures: Cable_1 (BGRA8, 8X8)
[2017.09.05-23.13.04:603][  0]LogTexture: Display: Building textures: Button (BGRA8, 10X10)
[2017.09.05-23.13.04:603][  0]LogTexture: Display: Building textures: Dirt_5_Sprite_Sheet_Darker_Background_6 (BGRA8, 256X256)
[2017.09.05-23.13.04:603][  0]LogTexture: Display: Building textures: Dirt_5_Sprite_Sheet_Darker_Background_3 (BGRA8, 256X256)
[2017.09.05-23.13.04:603][  0]LogTexture: Display: Building textures: Dirt_5_Sprite_Sheet_Darker_2 (BGRA8, 256X256)
[2017.09.05-23.13.04:603][  0]LogTexture: Display: Building textures: Cave_Backdrops (BGRA8, 128X128)
[2017.09.05-23.13.04:603][  0]LogTexture: Display: Building textures: Smaller_Vine_3 (BGRA8, 16X16)
[2017.09.05-23.13.04:603][  0]LogTexture: Display: Building textures: Shrrom_6 (BGRA8, 32X32)
[2017.09.05-23.13.04:603][  0]LogTexture: Display: Building textures: Shrrom_5 (BGRA8, 16X16)
[2017.09.05-23.13.04:603][  0]LogTexture: Display: Building textures: Shrrom_3 (BGRA8, 32X32)
[2017.09.05-23.13.04:603][  0]LogTexture: Display: Building textures: Shrrom_2 (BGRA8, 32X32)
[2017.09.05-23.13.04:603][  0]LogTexture: Display: Building textures: Shrrom_1 (BGRA8, 32X32)
[2017.09.05-23.13.04:603][  0]LogTexture: Display: Building textures: Shroom_Backdrop (BGRA8, 256X256)
[2017.09.05-23.13.04:603][  0]LogTexture: Display: Building textures: Rain_Forrest_Tree_Backdrop (BGRA8, 256X256)
[2017.09.05-23.13.04:603][  0]LogTexture: Display: Building textures: Outpost_Outer_Walls_sptrite_sheet (BGRA8, 128X128)
[2017.09.05-23.13.04:603][  0]LogTexture: Display: Building textures: Outpost_Entrance_Wall (BGRA8, 20X22)
[2017.09.05-23.13.04:603][  0]LogTexture: Display: Building textures: Platform (BGRA8, 16X16)
[2017.09.05-23.13.04:603][  0]LogTexture: Display: Building textures: Platform_Moving (BGRA8, 16X16)
[2017.09.05-23.13.04:603][  0]LogTexture: Display: Building textures: Platform_end_left (BGRA8, 16X16)
[2017.09.05-23.13.04:603][  0]LogTexture: Display: Building textures: Big_Tree_Line (BGRA8, 256X256)
[2017.09.05-23.13.04:603][  0]LogTexture: Display: Building textures: Holo_Table_Bottom (BGRA8, 8X8)
[2017.09.05-23.13.04:603][  0]LogTexture: Display: Building textures: Cable_3 (BGRA8, 8X8)
[2017.09.05-23.13.04:603][  0]LogTexture: Display: Building textures: Cable_2 (BGRA8, 8X8)
[2017.09.05-23.13.04:603][  0]LogTexture: Display: Building textures: Rain (BGRA8, 16X16)
[2017.09.05-23.13.04:603][  0]LogTexture: Display: Building textures: Weird_Shroom (BGRA8, 10X10)
[2017.09.05-23.13.04:603][  0]LogTexture: Display: Building textures: Hills_Sheet_2 (BGRA8, 256X256)
[2017.09.05-23.13.04:603][  0]LogTexture: Display: Building textures: Edge_Top (BGRA8, 32X32)
[2017.09.05-23.13.04:603][  0]LogTexture: Display: Building textures: Edge_Side (BGRA8, 32X32)
[2017.09.05-23.13.04:621][  0]LogMaterial: Missing cached shader map for material FlatformEffect_M, compiling. 
[2017.09.05-23.13.04:690][  0]LogMaterial: Missing cached shader map for material Rain_M, compiling. 
[2017.09.05-23.13.04:866][  0]LogMaterial: Missing cached shader map for material Glass_M, compiling. 
[2017.09.05-23.13.04:889][  0]LogMaterial: Missing cached shader map for material BlueLight_M1, compiling. 
[2017.09.05-23.13.04:889][  0]LogMaterial: Warning: Failed to compile Material /Game/2DSideScrollerBP/Maps/Levels/LevelSprites/Sprites/Materials/BlueLight_M1.BlueLight_M1 for platform PCD3D_SM5, Default Material will be used in game.
[2017.09.05-23.13.04:889][  0]LogMaterial: Warning: 	Function Flicker_MF: Missing function input 'Color'
[2017.09.05-23.13.04:908][  0]LogMaterial: Missing cached shader map for material Comp_M, compiling. 
[2017.09.05-23.13.04:940][  0]LogMaterial: Missing cached shader map for material Hologram_M, compiling. 
[2017.09.05-23.13.05:013][  0]LogAIModule: Creating AISystem for world Rainforest_Alien
[2017.09.05-23.13.05:098][  0]LogEditorServer: Finished looking for orphan Actors (0.000 secs)
[2017.09.05-23.13.05:135][  0]Cmd: MAP CHECKDEP NOCLEARLOG
[2017.09.05-23.13.05:195][  0]MapCheck: Map check complete: 0 Error(s), 0 Warning(s), took 59.964ms to complete.
[2017.09.05-23.13.05:195][  0]LogFileHelpers: Loading map 'Rainforest_Alien' took 2.354
[2017.09.05-23.13.05:506][  0]LogCollectionManager: Loaded 0 collections in 0.001181 seconds
[2017.09.05-23.13.05:621][  0]LogFileCache: Scanning file cache for directory 'C:/Users/gentry/Documents/GitHub/DatBoiEntertainmetnGame_/Saved/Collections/' took 0.01s
[2017.09.05-23.13.05:621][  0]LogFileCache: Scanning file cache for directory 'C:/Users/gentry/Documents/GitHub/DatBoiEntertainmetnGame_/Content/Developers/gentry/Collections/' took 0.01s
[2017.09.05-23.13.05:621][  0]LogFileCache: Scanning file cache for directory 'C:/Users/gentry/Documents/GitHub/DatBoiEntertainmetnGame_/Content/Collections/' took 0.01s
[2017.09.05-23.13.05:621][  0]LogCollectionManager: Rebuilt the GUID cache for 0 collections in 0.000001 seconds
[2017.09.05-23.13.05:633][  0]LogContentBrowser: Native class hierarchy populated in 0.0098 seconds. Added 2386 classes and 500 folders.
[2017.09.05-23.13.05:709][  0]LogContentBrowser: Native class hierarchy updated for 'WidgetCarousel' in 0.0012 seconds. Added 0 classes and 0 folders.
[2017.09.05-23.13.06:057][  0]LogContentBrowser: Native class hierarchy updated for 'AddContentDialog' in 0.0005 seconds. Added 0 classes and 0 folders.
[2017.09.05-23.13.06:107][  0]LogContentBrowser: Native class hierarchy updated for 'SceneOutliner' in 0.0006 seconds. Added 1 classes and 2 folders.
[2017.09.05-23.13.06:281][  0]LogSlate: Took 0.004386 seconds to synchronously load lazily loaded font '../../../Engine/Content/Slate/Fonts/Roboto-Regular.ttf' (155K)
[2017.09.05-23.13.06:291][  0]LogSlate: Took 0.004964 seconds to synchronously load lazily loaded font '../../../Engine/Content/Slate/Fonts/Roboto-Bold.ttf' (160K)
[2017.09.05-23.13.06:308][  0]LogSlate: Took 0.004159 seconds to synchronously load lazily loaded font '../../../Engine/Content/Editor/Slate/Fonts/FontAwesome.ttf' (139K)
[2017.09.05-23.13.06:478][  0]LogRenderer: Reallocating scene render targets to support 1004x680 Format 10 NumSamples 1 (Frame:1).
[2017.09.05-23.13.06:890][  0]LogContentBrowser: Native class hierarchy updated for 'HierarchicalLODOutliner' in 0.0005 seconds. Added 1 classes and 2 folders.
[2017.09.05-23.13.06:890][  0]LogLoad: (Engine Initialization) Total time: 29.15 seconds
[2017.09.05-23.13.06:890][  0]LogLoad: (Engine Initialization) Total Blueprint compile time: 0.00 seconds
[2017.09.05-23.13.06:891][  0]LogExternalProfiler: No external profilers were discovered.  External profiling features will not be available.
[2017.09.05-23.13.06:966][  0]SourceControl: On branch V1.5.1
[2017.09.05-23.13.06:966][  0]SourceControl: Your branch is up-to-date with 'origin/V1.5.1'.
[2017.09.05-23.13.06:966][  0]SourceControl: Changes not staged for commit:
[2017.09.05-23.13.06:966][  0]SourceControl:   (use "git add/rm <file>..." to update what will be committed)
[2017.09.05-23.13.06:966][  0]SourceControl:   (use "git checkout -- <file>..." to discard changes in working directory)
[2017.09.05-23.13.06:966][  0]SourceControl: 	modified:   Intermediate/CachedAssetRegistry.bin
[2017.09.05-23.13.06:966][  0]SourceControl: 	deleted:    Saved/Config/CrashReportClient/UE4CC-Windows-D2058AA6448DC9F83C4E7CB1BB9C16BD/CrashReportClient.ini
[2017.09.05-23.13.06:966][  0]SourceControl: 	modified:   Saved/Config/Windows/Editor.ini
[2017.09.05-23.13.06:966][  0]SourceControl: 	modified:   Saved/Config/Windows/EditorPerProjectUserSettings.ini
[2017.09.05-23.13.06:966][  0]SourceControl: 	modified:   Saved/Config/Windows/Engine.ini
[2017.09.05-23.13.06:966][  0]SourceControl: 	deleted:    Saved/Logs/InsertNameAdventure-backup-2017.08.21-10.15.09.log
[2017.09.05-23.13.06:966][  0]SourceControl: 	deleted:    Saved/Logs/InsertNameAdventure-backup-2017.09.04-23.02.32.log
[2017.09.05-23.13.06:966][  0]SourceControl: 	modified:   Saved/Logs/InsertNameAdventure.log
[2017.09.05-23.13.06:966][  0]SourceControl: Untracked files:
[2017.09.05-23.13.06:966][  0]SourceControl:   (use "git add <file>..." to include in what will be committed)
[2017.09.05-23.13.06:966][  0]SourceControl: 	Saved/Config/CrashReportClient/UE4CC-Windows-BEA0EF7A4E80844C3E59C88DCFD61EBF/
[2017.09.05-23.13.06:966][  0]SourceControl: 	Saved/Logs/InsertNameAdventure-backup-2017.09.05-17.12.40.log
[2017.09.05-23.13.06:966][  0]SourceControl: no changes added to commit (use "git add" and/or "git commit -a")
[2017.09.05-23.13.06:967][  0]LogContentStreaming: Texture pool size now 1000 MB
[2017.09.05-23.13.07:101][  0]LogSlate: Took 0.018826 seconds to synchronously load lazily loaded font '../../../Engine/Content/Slate/Fonts/Roboto-Light.ttf' (159K)
[2017.09.05-23.13.07:167][  1]LogAssetRegistry: Asset discovery search completed in 17.0917 seconds
[2017.09.05-23.13.07:171][  1]LogCollectionManager: Rebuilt the object cache for 0 collections in 0.000001 seconds (found 0 objects)
[2017.09.05-23.13.07:171][  1]LogCollectionManager: Fixed up redirectors for 0 collections in 0.000729 seconds (updated 0 objects)
[2017.09.05-23.13.07:948][ 49]LogSlate: Took 0.000091 seconds to synchronously load lazily loaded font '../../../Engine/Content/Slate/Fonts/Roboto-Light.ttf' (159K)
[2017.09.05-23.13.08:106][ 49]LogContentBrowser: Native class hierarchy updated for 'Cascade' in 0.0005 seconds. Added 2 classes and 2 folders.
[2017.09.05-23.13.08:349][ 49]LogContentBrowser: Native class hierarchy updated for 'MaterialEditor' in 0.0005 seconds. Added 1 classes and 0 folders.
[2017.09.05-23.13.08:354][ 49]LogMaterial: Missing cached shader map for material Rain_M, compiling. 
[2017.09.05-23.13.08:529][ 49]LogMaterial: Missing cached shader map for material FMatExpressionPreview MaterialExpressionTextureSample_0, compiling. 
[2017.09.05-23.13.08:533][ 49]LogMaterial: Missing cached shader map for material FMatExpressionPreview MaterialExpressionVectorParameter_0, compiling. 
[2017.09.05-23.13.08:537][ 49]LogMaterial: Missing cached shader map for material FMatExpressionPreview MaterialExpressionVectorParameter_1, compiling. 
[2017.09.05-23.13.08:543][ 49]LogMaterial: Missing cached shader map for material Rain_M, compiling. 
[2017.09.05-23.13.08:559][ 49]LogMaterial: Missing cached shader map for material Rain_M, compiling. 
[2017.09.05-23.13.08:596][ 49]LogMaterial: Missing cached shader map for material FMatExpressionPreview MaterialExpressionTextureSample_0, compiling. 
[2017.09.05-23.13.08:600][ 49]LogMaterial: Missing cached shader map for material FMatExpressionPreview MaterialExpressionVectorParameter_0, compiling. 
[2017.09.05-23.13.08:604][ 49]LogMaterial: Missing cached shader map for material FMatExpressionPreview MaterialExpressionVectorParameter_1, compiling. 
[2017.09.05-23.13.08:619][ 49]LogParticles: Warning: Spawning 32000 GPU particles in one frame[50]: RainFall4_PS/Particle Emitter
[2017.09.05-23.13.08:626][ 49]LogSlate: Took 0.005050 seconds to synchronously load lazily loaded font '../../../Engine/Content/Editor/Slate/Fonts/Roboto-BoldCondensed.ttf' (158K)
[2017.09.05-23.13.08:693][ 49]LogRenderer: Reallocating scene render targets to support 1004x1084 Format 10 NumSamples 1 (Frame:1).
[2017.09.05-23.13.09:113][ 50]LogSlate: Took 0.011600 seconds to synchronously load lazily loaded font '../../../Engine/Content/Editor/Slate/Fonts/Roboto-Italic.ttf' (157K)
[2017.09.05-23.13.12:047][323]LogParticles: Warning: Spawning 22250 GPU particles in one frame[324]: RainFall4_PS/Particle Emitter
[2017.09.05-23.13.12:146][328]LogFileCache: Retrieving MD5 hashes for directory 'C:/Users/gentry/Documents/GitHub/DatBoiEntertainmetnGame_/Content/' took 5.22s
[2017.09.05-23.13.13:864][507]LogSynthBenchmark: Display: FSynthBenchmark (V0.95):  requested WorkScale=5.00
[2017.09.05-23.13.13:864][507]LogSynthBenchmark: Display: ===============
[2017.09.05-23.13.13:864][507]LogSynthBenchmark: Display: Main Processor:
[2017.09.05-23.13.14:042][507]LogSynthBenchmark: Display:          ... 0.018156 s/Run 'RayIntersect'
[2017.09.05-23.13.14:042][507]LogSynthBenchmark: Display:          ... 0.017451 s/Run 'Fractal'
[2017.09.05-23.13.14:042][507]LogSynthBenchmark: Display: 
[2017.09.05-23.13.14:042][507]LogSynthBenchmark: Display:   CompiledTarget_x_Bits: 64
[2017.09.05-23.13.14:042][507]LogSynthBenchmark: Display:   UE_BUILD_SHIPPING: 0
[2017.09.05-23.13.14:042][507]LogSynthBenchmark: Display:   UE_BUILD_TEST: 0
[2017.09.05-23.13.14:042][507]LogSynthBenchmark: Display:   UE_BUILD_DEBUG: 0
[2017.09.05-23.13.14:042][507]LogSynthBenchmark: Display:   TotalPhysicalGBRam: 8
[2017.09.05-23.13.14:042][507]LogSynthBenchmark: Display:   NumberOfCores (physical): 4
[2017.09.05-23.13.14:042][507]LogSynthBenchmark: Display:   NumberOfCores (logical): 4
[2017.09.05-23.13.14:042][507]LogSynthBenchmark: Display:   CPU Perf Index 0: 141.1 (weight 1.00)
[2017.09.05-23.13.14:042][507]LogSynthBenchmark: Display:   CPU Perf Index 1: 163.9 (weight 1.50)
[2017.09.05-23.13.14:042][507]LogSynthBenchmark: Display:  
[2017.09.05-23.13.14:042][507]LogSynthBenchmark: Display: Graphics:
[2017.09.05-23.13.14:042][507]LogSynthBenchmark: Display:   Adapter Name: 'NVIDIA GeForce GTX 1070'
[2017.09.05-23.13.14:042][507]LogSynthBenchmark: Display:   (On Optimus the name might be wrong, memory should be ok)
[2017.09.05-23.13.14:042][507]LogSynthBenchmark: Display:   Vendor Id: 0x10DE
[2017.09.05-23.13.14:042][507]LogSynthBenchmark: Display:   Device Id: 0x1B81
[2017.09.05-23.13.14:042][507]LogSynthBenchmark: Display:   Device Revision: 0xA1
[2017.09.05-23.13.14:042][507]LogSynthBenchmark: Display:   GPU Memory: 8120/0/4079 MB
[2017.09.05-23.13.14:133][507]LogSynthBenchmark: Display:   GPU first test: 0.01s
[2017.09.05-23.13.14:133][507]LogSynthBenchmark: Display:          ... 6.994 s/GigaPix, Confidence=100% 'ALUHeavyNoise' (likely to be very inaccurate)
[2017.09.05-23.13.14:133][507]LogSynthBenchmark: Display:          ... 6.607 s/GigaPix, Confidence=89% 'TexHeavy' (likely to be very inaccurate)
[2017.09.05-23.13.14:133][507]LogSynthBenchmark: Display:          ... 5.185 s/GigaPix, Confidence=100% 'DepTexHeavy' (likely to be very inaccurate)
[2017.09.05-23.13.14:133][507]LogSynthBenchmark: Display:          ... 23.361 s/GigaPix, Confidence=100% 'FillOnly' (likely to be very inaccurate)
[2017.09.05-23.13.14:133][507]LogSynthBenchmark: Display:          ... 0.970 s/GigaPix, Confidence=100% 'Bandwidth' (likely to be very inaccurate)
[2017.09.05-23.13.14:133][507]LogSynthBenchmark: Display:          ... 34.676 s/GigaVert, Confidence=19% 'VertThroughPut1' (likely to be very inaccurate)
[2017.09.05-23.13.14:133][507]LogSynthBenchmark: Display:          ... 5.426 s/GigaVert, Confidence=100% 'VertThroughPut2' (likely to be very inaccurate)
[2017.09.05-23.13.14:264][507]LogSynthBenchmark: Display:   GPU second test: 0.09s
[2017.09.05-23.13.14:264][507]LogSynthBenchmark: Display:          ... 9.987 s/GigaPix, Confidence=100% 'ALUHeavyNoise' (likely to be inaccurate)
[2017.09.05-23.13.14:264][507]LogSynthBenchmark: Display:          ... 8.151 s/GigaPix, Confidence=100% 'TexHeavy' (likely to be inaccurate)
[2017.09.05-23.13.14:264][507]LogSynthBenchmark: Display:          ... 7.345 s/GigaPix, Confidence=100% 'DepTexHeavy' (likely to be inaccurate)
[2017.09.05-23.13.14:264][507]LogSynthBenchmark: Display:          ... 45.320 s/GigaPix, Confidence=100% 'FillOnly' (likely to be inaccurate)
[2017.09.05-23.13.14:264][507]LogSynthBenchmark: Display:          ... 1.036 s/GigaPix, Confidence=100% 'Bandwidth' (likely to be inaccurate)
[2017.09.05-23.13.14:264][507]LogSynthBenchmark: Display:          ... 6.795 s/GigaVert, Confidence=100% 'VertThroughPut1' (likely to be inaccurate)
[2017.09.05-23.13.14:264][507]LogSynthBenchmark: Display:          ... 4.128 s/GigaVert, Confidence=100% 'VertThroughPut2' (likely to be inaccurate)
[2017.09.05-23.13.15:014][507]LogSynthBenchmark: Display:   GPU third test: 0.71s
[2017.09.05-23.13.15:014][507]LogSynthBenchmark: Display:          ... 15.179 s/GigaPix, Confidence=100% 'ALUHeavyNoise'
[2017.09.05-23.13.15:014][507]LogSynthBenchmark: Display:          ... 12.000 s/GigaPix, Confidence=100% 'TexHeavy'
[2017.09.05-23.13.15:014][507]LogSynthBenchmark: Display:          ... 11.331 s/GigaPix, Confidence=100% 'DepTexHeavy'
[2017.09.05-23.13.15:014][507]LogSynthBenchmark: Display:          ... 71.721 s/GigaPix, Confidence=100% 'FillOnly'
[2017.09.05-23.13.15:014][507]LogSynthBenchmark: Display:          ... 1.510 s/GigaPix, Confidence=100% 'Bandwidth'
[2017.09.05-23.13.15:014][507]LogSynthBenchmark: Display:          ... 5.413 s/GigaVert, Confidence=100% 'VertThroughPut1'
[2017.09.05-23.13.15:014][507]LogSynthBenchmark: Display:          ... 6.067 s/GigaVert, Confidence=100% 'VertThroughPut2'
[2017.09.05-23.13.15:014][507]LogSynthBenchmark: Display:   GPU Final Results:
[2017.09.05-23.13.15:014][507]LogSynthBenchmark: Display:          ... 15.179 s/GigaPix, Confidence=100% 'ALUHeavyNoise'
[2017.09.05-23.13.15:014][507]LogSynthBenchmark: Display:          ... 12.000 s/GigaPix, Confidence=100% 'TexHeavy'
[2017.09.05-23.13.15:014][507]LogSynthBenchmark: Display:          ... 11.331 s/GigaPix, Confidence=100% 'DepTexHeavy'
[2017.09.05-23.13.15:014][507]LogSynthBenchmark: Display:          ... 71.721 s/GigaPix, Confidence=100% 'FillOnly'
[2017.09.05-23.13.15:014][507]LogSynthBenchmark: Display:          ... 1.510 s/GigaPix, Confidence=100% 'Bandwidth'
[2017.09.05-23.13.15:014][507]LogSynthBenchmark: Display:          ... 5.413 s/GigaVert, Confidence=100% 'VertThroughPut1'
[2017.09.05-23.13.15:014][507]LogSynthBenchmark: Display:          ... 6.067 s/GigaVert, Confidence=100% 'VertThroughPut2'
[2017.09.05-23.13.15:014][507]LogSynthBenchmark: Display: 
[2017.09.05-23.13.15:014][507]LogSynthBenchmark: Display:   GPU Perf Index 0: 329.9 (weight 1.00)
[2017.09.05-23.13.15:014][507]LogSynthBenchmark: Display:   GPU Perf Index 1: 161.1 (weight 0.10)
[2017.09.05-23.13.15:014][507]LogSynthBenchmark: Display:   GPU Perf Index 2: 294.5 (weight 0.10)
[2017.09.05-23.13.15:014][507]LogSynthBenchmark: Display:   GPU Perf Index 3: 281.7 (weight 3.00)
[2017.09.05-23.13.15:014][507]LogSynthBenchmark: Display:   GPU Perf Index 4: 140.9 (weight 1.00)
[2017.09.05-23.13.15:014][507]LogSynthBenchmark: Display:   GPU Perf Index 5: 352.2 (weight 0.00)
[2017.09.05-23.13.15:014][507]LogSynthBenchmark: Display:   GPU Perf Index 6: 343.3 (weight 0.00)
[2017.09.05-23.13.15:014][507]LogSynthBenchmark: Display:   CPUIndex: 154.8
[2017.09.05-23.13.15:014][507]LogSynthBenchmark: Display:   GPUIndex: 261.8
[2017.09.05-23.13.15:014][507]LogSynthBenchmark: Display: 
[2017.09.05-23.13.15:014][507]LogSynthBenchmark: Display:          ... Total Time: 1.150490 sec
[2017.09.05-23.13.15:026][507]LogCascade: Quitting Cascade. FXSystem=0x0000015D3E216E80
[2017.09.05-23.13.15:179][507]LogParticles: Warning: Spawning 32000 GPU particles in one frame[508]: RainFall4_PS/Particle Emitter
[2017.09.05-23.13.22:644][722]LogParticles: Warning: Spawning 32000 GPU particles in one frame[723]: RainFall4_PS/Particle Emitter
[2017.09.05-23.13.28:563][804]LogParticles: Warning: Spawning 32000 GPU particles in one frame[805]: RainFall4_PS/Particle Emitter
[2017.09.05-23.13.37:524][346]LogParticles: Warning: Spawning 32000 GPU particles in one frame[1347]: RainFall4_PS/Particle Emitter
[2017.09.05-23.13.41:981][563]LogParticles: Warning: Spawning 32000 GPU particles in one frame[1564]: RainFall4_PS/Particle Emitter
[2017.09.05-23.13.55:025][955]LogTemp: Repeating last play command: Selected Viewport
[2017.09.05-23.13.55:111][955]LogBlueprintUserMessages: Early PlayInEditor Detection: Level '/Game/2DSideScrollerBP/Maps/Levels/Rainforest_Alien.Rainforest_Alien:PersistentLevel' has LevelScriptBlueprint '/Game/2DSideScrollerBP/Maps/Levels/Rainforest_Alien.Rainforest_Alien:PersistentLevel.Rainforest_Alien' with GeneratedClass '/Game/2DSideScrollerBP/Maps/Levels/Rainforest_Alien.Rainforest_Alien_C' with ClassGeneratedBy '/Game/2DSideScrollerBP/Maps/Levels/Rainforest_Alien.Rainforest_Alien:PersistentLevel.Rainforest_Alien'
[2017.09.05-23.13.55:112][955]LogPlayLevel: PlayLevel: No blueprints needed recompiling
[2017.09.05-23.13.57:277][955]PIE: New page: PIE session: Rainforest_Alien (Sep 5, 2017, 11:13:57 AM)
[2017.09.05-23.13.57:278][955]LogPlayLevel: Creating play world package: /Game/2DSideScrollerBP/Maps/Levels/UEDPIE_0_Rainforest_Alien
[2017.09.05-23.13.57:306][955]LogPlayLevel: PIE: StaticDuplicateObject took: (0.028315s)
[2017.09.05-23.13.57:307][955]LogAIModule: Creating AISystem for world Rainforest_Alien
[2017.09.05-23.13.57:307][955]LogPlayLevel: PIE: World Init took: (0.000665s)
[2017.09.05-23.13.57:308][955]LogPlayLevel: PIE: Created PIE world by copying editor world from /Game/2DSideScrollerBP/Maps/Levels/Rainforest_Alien.Rainforest_Alien to /Game/2DSideScrollerBP/Maps/Levels/UEDPIE_0_Rainforest_Alien.Rainforest_Alien (0.030415s)
[2017.09.05-23.13.57:326][955]LogInit: XAudio2 using 'Speakers (Skullcandy GMX Dolby Transmitter)' : 2 channels at 48 kHz using 16 bits per sample (channel mask 0x3)
[2017.09.05-23.13.57:332][955]LogInit: FAudioDevice initialized.
[2017.09.05-23.13.57:380][955]LogLoad: Game class is '2DSideScrollerGameMode_C'
[2017.09.05-23.13.57:428][955]LogWorld: Bringing World /Game/2DSideScrollerBP/Maps/Levels/UEDPIE_0_Rainforest_Alien.Rainforest_Alien up for play (max tick rate 0) at 2017.09.05-17.13.57
[2017.09.05-23.13.57:464][955]LogWorld: Bringing up level for play took: 0.081378
[2017.09.05-23.13.57:539][955]LogContentBrowser: Native class hierarchy updated for 'MovieSceneCapture' in 0.0010 seconds. Added 11 classes and 0 folders.
[2017.09.05-23.13.57:583][955]PIE: Play in editor start time for /Game/2DSideScrollerBP/Maps/Levels/UEDPIE_0_Rainforest_Alien 3.075
[2017.09.05-23.13.57:583][955]LogBlueprintUserMessages: Late PlayInEditor Detection: Level '/Game/2DSideScrollerBP/Maps/Levels/Rainforest_Alien.Rainforest_Alien:PersistentLevel' has LevelScriptBlueprint '/Game/2DSideScrollerBP/Maps/Levels/Rainforest_Alien.Rainforest_Alien:PersistentLevel.Rainforest_Alien' with GeneratedClass '/Game/2DSideScrollerBP/Maps/Levels/Rainforest_Alien.Rainforest_Alien_C' with ClassGeneratedBy '/Game/2DSideScrollerBP/Maps/Levels/Rainforest_Alien.Rainforest_Alien:PersistentLevel.Rainforest_Alien'
[2017.09.05-23.13.57:639][956]LogCharacterMovement: Warning: GetSimulationTimeStep() - Max iterations 8 hit while remaining time 0.085459 > MaxSimulationTimeStep (0.050) for '2DSideScrollerCharacter_C_0', movement 'Walking'
[2017.09.05-23.13.57:647][956]LogParticles: Warning: Spawning 32000 GPU particles in one frame[2957]: RainFall4_PS/Particle Emitter
[2017.09.05-23.14.22:510][875]LogBlueprintUserMessages: Early EndPlayMap Detection: Level '/Game/2DSideScrollerBP/Maps/Levels/Rainforest_Alien.Rainforest_Alien:PersistentLevel' has LevelScriptBlueprint '/Game/2DSideScrollerBP/Maps/Levels/Rainforest_Alien.Rainforest_Alien:PersistentLevel.Rainforest_Alien' with GeneratedClass '/Game/2DSideScrollerBP/Maps/Levels/Rainforest_Alien.Rainforest_Alien_C' with ClassGeneratedBy '/Game/2DSideScrollerBP/Maps/Levels/Rainforest_Alien.Rainforest_Alien:PersistentLevel.Rainforest_Alien'
[2017.09.05-23.14.22:546][875]LogBlueprintUserMessages: Late EndPlayMap Detection: Level '/Game/2DSideScrollerBP/Maps/Levels/Rainforest_Alien.Rainforest_Alien:PersistentLevel' has LevelScriptBlueprint '/Game/2DSideScrollerBP/Maps/Levels/Rainforest_Alien.Rainforest_Alien:PersistentLevel.Rainforest_Alien' with GeneratedClass '/Game/2DSideScrollerBP/Maps/Levels/Rainforest_Alien.Rainforest_Alien_C' with ClassGeneratedBy '/Game/2DSideScrollerBP/Maps/Levels/Rainforest_Alien.Rainforest_Alien:PersistentLevel.Rainforest_Alien'
[2017.09.05-23.14.37:890][663]LogContentBrowser: Native class hierarchy updated for 'BlueprintGraph' in 0.0008 seconds. Added 113 classes and 0 folders.
[2017.09.05-23.14.38:462][663]LogSlate: Took 0.000097 seconds to synchronously load lazily loaded font '../../../Engine/Content/Slate/Fonts/Roboto-Regular.ttf' (155K)
[2017.09.05-23.14.38:966][664]LogParticles: Warning: Spawning 32000 GPU particles in one frame[7665]: RainFall4_PS/Particle Emitter
[2017.09.05-23.14.55:850][624]LogEditorTransaction: Undo Edit Post Process Blend Weight
[2017.09.05-23.14.55:854][624]LogActorComponent: ~FComponentReregisterContext: (/Engine/Transient.World_4:PersistentLevel.2DSideScrollerCharacter_C_0.CollisionCylinder) Component already registered.
[2017.09.05-23.14.55:880][624]LogSlate: Took 0.000145 seconds to synchronously load lazily loaded font '../../../Engine/Content/Slate/Fonts/Roboto-Light.ttf' (159K)
[2017.09.05-23.15.05:162][720]LogEditorViewport: Clicking on Actor (LMB): PostProcessVolume (PostProcessVolume2)
[2017.09.05-23.15.09:965][285]Cmd: DELETE
[2017.09.05-23.15.09:965][285]Cmd: ACTOR DELETE
[2017.09.05-23.15.09:974][285]LogEditorActor: Deleted Actor: PostProcessVolume
[2017.09.05-23.15.09:993][285]LogEditorActor: Deleted 1 Actors (0.023 secs)
[2017.09.05-23.15.14:798][861]Cmd: TRANSACTION UNDO
[2017.09.05-23.15.14:798][861]LogEditorTransaction: Undo Delete Actors
[2017.09.05-23.15.21:608][568]LogThreadingWindows: Error: Runnable thread StatsThread crashed.
[2017.09.05-23.15.21:608][568]LogWindows: Error: === Critical error: ===
[2017.09.05-23.15.21:608][568]LogWindows: Error: 
[2017.09.05-23.15.21:608][568]LogWindows: Error: Fatal error!
[2017.09.05-23.15.21:608][568]LogWindows: Error: 
[2017.09.05-23.15.21:608][568]LogWindows: Error: Unhandled Exception: EXCEPTION_ACCESS_VIOLATION reading address 0x000022e8
[2017.09.05-23.15.21:608][568]LogWindows: Error: 
[2017.09.05-23.15.21:608][568]LogWindows: Error: UE4Editor-Core.dll!0x00000000968855D0
[2017.09.05-23.15.21:608][568]LogWindows: Error: UE4Editor-Core.dll!0x00000000968726FB
[2017.09.05-23.15.21:608][568]LogWindows: Error: UE4Editor-Core.dll!0x00000000967978FE
[2017.09.05-23.15.21:608][568]LogWindows: Error: UE4Editor-Core.dll!0x000000009679482A
[2017.09.05-23.15.21:608][568]LogWindows: Error: UE4Editor-Core.dll!0x0000000096762BAE
[2017.09.05-23.15.21:608][568]LogWindows: Error: UE4Editor-Core.dll!0x00000000965524E5
[2017.09.05-23.15.21:608][568]LogWindows: Error: UE4Editor-Core.dll!0x0000000096552ACA
[2017.09.05-23.15.21:608][568]LogWindows: Error: UE4Editor-Core.dll!0x000000009678B62D
[2017.09.05-23.15.21:608][568]LogWindows: Error: UE4Editor-Core.dll!0x0000000096900668
[2017.09.05-23.15.21:608][568]LogWindows: Error: UE4Editor-Core.dll!0x00000000968F6EBC
[2017.09.05-23.15.21:608][568]LogWindows: Error: KERNEL32.DLL!0x00000000CB322774
[2017.09.05-23.15.21:608][568]LogWindows: Error: ntdll.dll!0x00000000CB720D51
[2017.09.05-23.15.21:608][568]LogWindows: Error: ntdll.dll!0x00000000CB720D51
[2017.09.05-23.15.21:608][568]LogWindows: Error: 
[2017.09.05-23.15.21:608][568]LogWindows: Error: Crash in runnable thread StatsThread
[2017.09.05-23.15.21:629][568]LogExit: Executing StaticShutdownAfterError
[2017.09.05-23.15.21:629][568]LogWindows: FPlatformMisc::RequestExit(1)
[2017.09.05-23.15.21:629][568]Log file closed, 09/05/17 17:15:21
