Log file open, 12/08/17 14:02:26
LogWindows: Failed to load 'aqProf.dll' (GetLastError=126)
LogWindows: File 'aqProf.dll' does not exist
LogWindows: Failed to load 'VSPerf140.dll' (GetLastError=126)
LogWindows: File 'VSPerf140.dll' does not exist
LogWindows: Failed to load 'VtuneApi.dll' (GetLastError=126)
LogWindows: File 'VtuneApi.dll' does not exist
LogWindows: Failed to load 'VtuneApi32e.dll' (GetLastError=126)
LogWindows: File 'VtuneApi32e.dll' does not exist
LogInit: Display: Running engine for game: InsertNameAdventure
LogPlatformFile: Not using cached read wrapper
LogInit: Display: RandInit(-2099425932) SRandInit(-2099425932).
LogInit: Read version file with build ID '3709383'
LogInit: Overriding engine version to CL 3754814, compatible CL 3709383
LogInit: Registered custom module enumerator with build ID '3709383'
LogTaskGraph: Started task graph with 5 named threads and 14 total threads with 3 sets of task threads.
LogStats: Stats thread started at 0.741896
LogD3D11RHI: Aftermath initialized
LogModuleManager: Display: Found up-to-date module file ../../../Engine/Plugins/2D/Paper2D/Binaries/Win64/UE4Editor-Paper2D.dll (API version 3709383).
LogModuleManager: Display: Found up-to-date module file ../../../Engine/Plugins/2D/Paper2D/Binaries/Win64/UE4Editor-Paper2DEditor.dll (API version 3709383).
LogModuleManager: Display: Found up-to-date module file ../../../Engine/Plugins/2D/Paper2D/Binaries/Win64/UE4Editor-PaperSpriteSheetImporter.dll (API version 3709383).
LogModuleManager: Display: Found up-to-date module file ../../../Engine/Plugins/2D/Paper2D/Binaries/Win64/UE4Editor-PaperTiledImporter.dll (API version 3709383).
LogModuleManager: Display: Found up-to-date module file ../../../Engine/Plugins/2D/Paper2D/Binaries/Win64/UE4Editor-SmartSnapping.dll (API version 3709383).
LogModuleManager: Display: Found up-to-date module file ../../../Engine/Plugins/Blendables/LightPropagationVolume/Binaries/Win64/UE4Editor-LightPropagationVolumeRuntime.dll (API version 3709383).
LogModuleManager: Display: Found up-to-date module file ../../../Engine/Plugins/Blendables/LightPropagationVolume/Binaries/Win64/UE4Editor-LightPropagationVolumeEditor.dll (API version 3709383).
LogModuleManager: Display: Found up-to-date module file ../../../Engine/Plugins/Developer/GitSourceControl/Binaries/Win64/UE4Editor-GitSourceControl.dll (API version 3709383).
LogModuleManager: Display: Found up-to-date module file ../../../Engine/Plugins/Developer/PerforceSourceControl/Binaries/Win64/UE4Editor-PerforceSourceControl.dll (API version 3709383).
LogModuleManager: Display: Found up-to-date module file ../../../Engine/Plugins/Developer/SubversionSourceControl/Binaries/Win64/UE4Editor-SubversionSourceControl.dll (API version 3709383).
LogModuleManager: Display: Found up-to-date module file ../../../Engine/Plugins/Developer/UObjectPlugin/Binaries/Win64/UE4Editor-UObjectPlugin.dll (API version 3709383).
LogModuleManager: Display: Found up-to-date module file ../../../Engine/Plugins/Developer/VisualStudioCodeSourceCodeAccess/Binaries/Win64/UE4Editor-VisualStudioCodeSourceCodeAccess.dll (API version 3709383).
LogModuleManager: Display: Found up-to-date module file ../../../Engine/Plugins/Developer/VisualStudioSourceCodeAccess/Binaries/Win64/UE4Editor-VisualStudioSourceCodeAccess.dll (API version 3709383).
LogModuleManager: Display: Found up-to-date module file ../../../Engine/Plugins/Editor/AssetManagerEditor/Binaries/Win64/UE4Editor-AssetManagerEditor.dll (API version 3709383).
LogModuleManager: Display: Found up-to-date module file ../../../Engine/Plugins/Editor/AudioCapture/Binaries/Win64/UE4Editor-AudioCapture.dll (API version 3709383).
LogModuleManager: Display: Found up-to-date module file ../../../Engine/Plugins/Editor/FacialAnimation/Binaries/Win64/UE4Editor-FacialAnimation.dll (API version 3709383).
LogModuleManager: Display: Found up-to-date module file ../../../Engine/Plugins/Editor/FacialAnimation/Binaries/Win64/UE4Editor-FacialAnimationEditor.dll (API version 3709383).
LogModuleManager: Display: Found up-to-date module file ../../../Engine/Plugins/Editor/GameplayTagsEditor/Binaries/Win64/UE4Editor-GameplayTagsEditor.dll (API version 3709383).
LogModuleManager: Display: Found up-to-date module file ../../../Engine/Plugins/Editor/MobileLauncherProfileWizard/Binaries/Win64/UE4Editor-MobileLauncherProfileWizard.dll (API version 3709383).
LogModuleManager: Display: Found up-to-date module file ../../../Engine/Plugins/Editor/PluginBrowser/Binaries/Win64/UE4Editor-PluginBrowser.dll (API version 3709383).
LogModuleManager: Display: Found up-to-date module file ../../../Engine/Plugins/Editor/SpeedTreeImporter/Binaries/Win64/UE4Editor-SpeedTreeImporter.dll (API version 3709383).
LogModuleManager: Display: Found up-to-date module file ../../../Engine/Plugins/Experimental/AlembicImporter/Binaries/Win64/UE4Editor-AlembicImporter.dll (API version 3709383).
LogModuleManager: Display: Found up-to-date module file ../../../Engine/Plugins/Experimental/AlembicImporter/Binaries/Win64/UE4Editor-AlembicLibrary.dll (API version 3709383).
LogModuleManager: Display: Found up-to-date module file ../../../Engine/Plugins/Experimental/CharacterAI/Binaries/Win64/UE4Editor-CharacterAI.dll (API version 3709383).
LogModuleManager: Display: Found up-to-date module file ../../../Engine/Plugins/Experimental/HTML5Networking/Binaries/Win64/UE4Editor-HTML5Networking.dll (API version 3709383).
LogModuleManager: Display: Found up-to-date module file ../../../Engine/Plugins/Media/AndroidMedia/Binaries/Win64/UE4Editor-AndroidMediaEditor.dll (API version 3709383).
LogModuleManager: Display: Found up-to-date module file ../../../Engine/Plugins/Media/AndroidMedia/Binaries/Win64/UE4Editor-AndroidMediaFactory.dll (API version 3709383).
LogModuleManager: Display: Found up-to-date module file ../../../Engine/Plugins/Media/AvfMedia/Binaries/Win64/UE4Editor-AvfMediaEditor.dll (API version 3709383).
LogModuleManager: Display: Found up-to-date module file ../../../Engine/Plugins/Media/AvfMedia/Binaries/Win64/UE4Editor-AvfMediaFactory.dll (API version 3709383).
LogModuleManager: Display: Found up-to-date module file ../../../Engine/Plugins/Media/AvfMedia/Binaries/Win64/UE4Editor-AvfMediaFactory.dll (API version 3709383).
LogModuleManager: Display: Found up-to-date module file ../../../Engine/Plugins/Media/ImgMedia/Binaries/Win64/UE4Editor-ImgMedia.dll (API version 3709383).
LogModuleManager: Display: Found up-to-date module file ../../../Engine/Plugins/Media/ImgMedia/Binaries/Win64/UE4Editor-ImgMediaEditor.dll (API version 3709383).
LogModuleManager: Display: Found up-to-date module file ../../../Engine/Plugins/Media/ImgMedia/Binaries/Win64/UE4Editor-ImgMediaFactory.dll (API version 3709383).
LogModuleManager: Display: Found up-to-date module file ../../../Engine/Plugins/Media/ImgMedia/Binaries/Win64/UE4Editor-ImgMediaFactory.dll (API version 3709383).
LogModuleManager: Display: Found up-to-date module file ../../../Engine/Plugins/Media/ImgMedia/Binaries/Win64/UE4Editor-OpenExrWrapper.dll (API version 3709383).
LogModuleManager: Display: Found up-to-date module file ../../../Engine/Plugins/Media/MediaCompositing/Binaries/Win64/UE4Editor-MediaCompositing.dll (API version 3709383).
LogModuleManager: Display: Found up-to-date module file ../../../Engine/Plugins/Media/MediaCompositing/Binaries/Win64/UE4Editor-MediaCompositingEditor.dll (API version 3709383).
LogModuleManager: Display: Found up-to-date module file ../../../Engine/Plugins/Media/MediaPlayerEditor/Binaries/Win64/UE4Editor-MediaPlayerEditor.dll (API version 3709383).
LogModuleManager: Display: Found up-to-date module file ../../../Engine/Plugins/Media/WmfMedia/Binaries/Win64/UE4Editor-WmfMedia.dll (API version 3709383).
LogModuleManager: Display: Found up-to-date module file ../../../Engine/Plugins/Media/WmfMedia/Binaries/Win64/UE4Editor-WmfMediaEditor.dll (API version 3709383).
LogModuleManager: Display: Found up-to-date module file ../../../Engine/Plugins/Media/WmfMedia/Binaries/Win64/UE4Editor-WmfMediaFactory.dll (API version 3709383).
LogModuleManager: Display: Found up-to-date module file ../../../Engine/Plugins/Media/WmfMedia/Binaries/Win64/UE4Editor-WmfMediaFactory.dll (API version 3709383).
LogModuleManager: Display: Found up-to-date module file ../../../Engine/Plugins/Messaging/TcpMessaging/Binaries/Win64/UE4Editor-TcpMessaging.dll (API version 3709383).
LogModuleManager: Display: Found up-to-date module file ../../../Engine/Plugins/Messaging/UdpMessaging/Binaries/Win64/UE4Editor-UdpMessaging.dll (API version 3709383).
LogModuleManager: Display: Found up-to-date module file ../../../Engine/Plugins/MovieScene/ActorSequence/Binaries/Win64/UE4Editor-ActorSequence.dll (API version 3709383).
LogModuleManager: Display: Found up-to-date module file ../../../Engine/Plugins/MovieScene/LevelSequenceEditor/Binaries/Win64/UE4Editor-LevelSequenceEditor.dll (API version 3709383).
LogModuleManager: Display: Found up-to-date module file ../../../Engine/Plugins/MovieScene/MatineeToLevelSequence/Binaries/Win64/UE4Editor-MatineeToLevelSequence.dll (API version 3709383).
LogModuleManager: Display: Found up-to-date module file ../../../Engine/Plugins/Online/OnlineSubsystem/Binaries/Win64/UE4Editor-OnlineSubsystem.dll (API version 3709383).
LogModuleManager: Display: Found up-to-date module file ../../../Engine/Plugins/Runtime/AndroidPermission/Binaries/Win64/UE4Editor-AndroidPermission.dll (API version 3709383).
LogModuleManager: Display: Found up-to-date module file ../../../Engine/Plugins/Online/OnlineSubsystemNull/Binaries/Win64/UE4Editor-OnlineSubsystemNull.dll (API version 3709383).
LogModuleManager: Display: Found up-to-date module file ../../../Engine/Plugins/Online/OnlineSubsystemUtils/Binaries/Win64/UE4Editor-OnlineSubsystemUtils.dll (API version 3709383).
LogModuleManager: Display: Found up-to-date module file ../../../Engine/Plugins/Online/OnlineSubsystemUtils/Binaries/Win64/UE4Editor-OnlineBlueprintSupport.dll (API version 3709383).
LogModuleManager: Display: Found up-to-date module file ../../../Engine/Plugins/Runtime/AndroidDeviceProfileSelector/Binaries/Win64/UE4Editor-AndroidDeviceProfileSelector.dll (API version 3709383).
LogModuleManager: Display: Found up-to-date module file ../../../Engine/Plugins/Runtime/AppleARKit/Binaries/Win64/UE4Editor-AppleARKit.dll (API version 3709383).
LogModuleManager: Display: Found up-to-date module file ../../../Engine/Plugins/Runtime/ArchVisCharacter/Binaries/Win64/UE4Editor-ArchVisCharacter.dll (API version 3709383).
LogModuleManager: Display: Found up-to-date module file ../../../Engine/Plugins/Runtime/CableComponent/Binaries/Win64/UE4Editor-CableComponent.dll (API version 3709383).
LogModuleManager: Display: Found up-to-date module file ../../../Engine/Plugins/Runtime/CustomMeshComponent/Binaries/Win64/UE4Editor-CustomMeshComponent.dll (API version 3709383).
LogModuleManager: Display: Found up-to-date module file ../../../Engine/Plugins/Runtime/ExampleDeviceProfileSelector/Binaries/Win64/UE4Editor-ExampleDeviceProfileSelector.dll (API version 3709383).
LogModuleManager: Display: Found up-to-date module file ../../../Engine/Plugins/Runtime/ImmediatePhysics/Binaries/Win64/UE4Editor-ImmediatePhysics.dll (API version 3709383).
LogModuleManager: Display: Found up-to-date module file ../../../Engine/Plugins/Runtime/ImmediatePhysics/Binaries/Win64/UE4Editor-ImmediatePhysicsEditor.dll (API version 3709383).
LogModuleManager: Display: Found up-to-date module file ../../../Engine/Plugins/Runtime/LocationServicesBPLibrary/Binaries/Win64/UE4Editor-LocationServicesBPLibrary.dll (API version 3709383).
LogModuleManager: Display: Found up-to-date module file ../../../Engine/Plugins/Runtime/MobilePatchingUtils/Binaries/Win64/UE4Editor-MobilePatchingUtils.dll (API version 3709383).
LogModuleManager: Display: Found up-to-date module file ../../../Engine/Plugins/Runtime/Oculus/OculusVR/Binaries/Win64/UE4Editor-OculusHMD.dll (API version 3709383).
LogModuleManager: Display: Found up-to-date module file ../../../Engine/Plugins/Runtime/Oculus/OculusVR/Binaries/Win64/UE4Editor-OculusInput.dll (API version 3709383).
LogModuleManager: Display: Found up-to-date module file ../../../Engine/Plugins/Runtime/Oculus/OculusVR/Binaries/Win64/UE4Editor-OculusEditor.dll (API version 3709383).
LogModuleManager: Display: Found up-to-date module file ../../../Engine/Plugins/Runtime/PhysXVehicles/Binaries/Win64/UE4Editor-PhysXVehicles.dll (API version 3709383).
LogModuleManager: Display: Found up-to-date module file ../../../Engine/Plugins/Runtime/PhysXVehicles/Binaries/Win64/UE4Editor-PhysXVehiclesEditor.dll (API version 3709383).
LogModuleManager: Display: Found up-to-date module file ../../../Engine/Plugins/Runtime/ProceduralMeshComponent/Binaries/Win64/UE4Editor-ProceduralMeshComponent.dll (API version 3709383).
LogModuleManager: Display: Found up-to-date module file ../../../Engine/Plugins/Runtime/ProceduralMeshComponent/Binaries/Win64/UE4Editor-ProceduralMeshComponentEditor.dll (API version 3709383).
LogModuleManager: Display: Found up-to-date module file ../../../Engine/Plugins/Runtime/RuntimePhysXCooking/Binaries/Win64/UE4Editor-RuntimePhysXCooking.dll (API version 3709383).
LogModuleManager: Display: Found up-to-date module file ../../../Engine/Plugins/Runtime/Steam/SteamVR/Binaries/Win64/UE4Editor-SteamVR.dll (API version 3709383).
LogModuleManager: Display: Found up-to-date module file ../../../Engine/Plugins/Runtime/Steam/SteamVR/Binaries/Win64/UE4Editor-SteamVRController.dll (API version 3709383).
LogModuleManager: Display: Found up-to-date module file ../../../Engine/Plugins/Runtime/WindowsMoviePlayer/Binaries/Win64/UE4Editor-WindowsMoviePlayer.dll (API version 3709383).
LogPluginManager: Mounting plugin Paper2D
LogPluginManager: Mounting plugin LightPropagationVolume
LogPluginManager: Mounting plugin CodeLiteSourceCodeAccess
LogPluginManager: Mounting plugin GitSourceControl
LogPluginManager: Mounting plugin KDevelopSourceCodeAccess
LogPluginManager: Mounting plugin NullSourceCodeAccess
LogPluginManager: Mounting plugin PerforceSourceControl
LogPluginManager: Mounting plugin SubversionSourceControl
LogPluginManager: Mounting plugin UObjectPlugin
LogPluginManager: Mounting plugin VisualStudioCodeSourceCodeAccess
LogPluginManager: Mounting plugin VisualStudioSourceCodeAccess
LogPluginManager: Mounting plugin XCodeSourceCodeAccess
LogPluginManager: Mounting plugin AssetManagerEditor
LogPluginManager: Mounting plugin AudioCapture
LogPluginManager: Mounting plugin FacialAnimation
LogPluginManager: Mounting plugin GameplayTagsEditor
LogPluginManager: Mounting plugin MobileLauncherProfileWizard
LogPluginManager: Mounting plugin PluginBrowser
LogPluginManager: Mounting plugin SpeedTreeImporter
LogPluginManager: Mounting plugin AlembicImporter
LogPluginManager: Mounting plugin CharacterAI
LogPluginManager: Mounting plugin HTML5Networking
LogPluginManager: Mounting plugin AndroidMedia
LogPluginManager: Mounting plugin AvfMedia
LogPluginManager: Mounting plugin ImgMedia
LogPluginManager: Mounting plugin MediaCompositing
LogPluginManager: Mounting plugin MediaPlayerEditor
LogPluginManager: Mounting plugin WmfMedia
LogPluginManager: Mounting plugin TcpMessaging
LogPluginManager: Mounting plugin UdpMessaging
LogPluginManager: Mounting plugin ActorSequence
LogPluginManager: Mounting plugin LevelSequenceEditor
LogPluginManager: Mounting plugin MatineeToLevelSequence
LogPluginManager: Mounting plugin OnlineSubsystemGooglePlay
LogPluginManager: Mounting plugin OnlineSubsystemIOS
LogPluginManager: Mounting plugin OnlineSubsystem
LogPluginManager: Mounting plugin OnlineSubsystemNull
LogPluginManager: Mounting plugin OnlineSubsystemUtils
LogPluginManager: Mounting plugin AndroidDeviceProfileSelector
LogPluginManager: Mounting plugin AndroidMoviePlayer
LogPluginManager: Mounting plugin AndroidPermission
LogPluginManager: Mounting plugin AppleARKit
LogPluginManager: Mounting plugin AppleMoviePlayer
LogPluginManager: Mounting plugin ArchVisCharacter
LogPluginManager: Mounting plugin CableComponent
LogPluginManager: Mounting plugin CustomMeshComponent
LogPluginManager: Mounting plugin ExampleDeviceProfileSelector
LogPluginManager: Mounting plugin GoogleCloudMessaging
LogPluginManager: Mounting plugin ImmediatePhysics
LogPluginManager: Mounting plugin IOSDeviceProfileSelector
LogPluginManager: Mounting plugin LinuxDeviceProfileSelector
LogPluginManager: Mounting plugin LocationServicesBPLibrary
LogPluginManager: Mounting plugin MobilePatchingUtils
LogPluginManager: Mounting plugin OculusVR
LogPluginManager: Plugin shader directory ../../../Engine/Plugins/Runtime/Oculus/OculusVR/Shaders found
LogPluginManager: Mapping shader source directory ../../../Engine/Plugins/Runtime/Oculus/OculusVR/Shaders to virtual directory /Plugin/OculusVR
LogPluginManager: Mounting plugin PhysXVehicles
LogPluginManager: Mounting plugin ProceduralMeshComponent
LogPluginManager: Mounting plugin RuntimePhysXCooking
LogPluginManager: Mounting plugin SteamVR
LogPluginManager: Mounting plugin WindowsMoviePlayer
LogInit: Using libcurl 7.47.1
LogInit:  - built for x86_64-pc-win32
LogInit:  - supports SSL with OpenSSL/1.0.2g
LogInit:  - supports HTTP deflate (compression) using libz 1.2.8
LogInit:  - other features:
LogInit:      CURL_VERSION_SSL
LogInit:      CURL_VERSION_LIBZ
LogInit:      CURL_VERSION_IPV6
LogInit:      CURL_VERSION_ASYNCHDNS
LogInit:      CURL_VERSION_LARGEFILE
LogInit:      CURL_VERSION_IDN
LogInit:  CurlRequestOptions (configurable via config and command line):
LogInit:  - bVerifyPeer = false  - Libcurl will NOT verify peer certificate
LogInit:  - bUseHttpProxy = false  - Libcurl will NOT use HTTP proxy
LogInit:  - bDontReuseConnections = false  - Libcurl will reuse connections
LogInit:  - CertBundlePath = nullptr  - Libcurl will use whatever was configured at build time.
LogInit: Build: ++UE4+Release-4.18-CL-3754814
LogInit: Engine Version: 4.18.1-3754814+++UE4+Release-4.18
LogInit: Compatible Engine Version: 4.18.0-3709383+++UE4+Release-4.18
LogInit: Net CL: 3709383
LogDevObjectVersion: Number of dev versions registered: 16
LogDevObjectVersion:   Dev-Blueprints (B0D832E4-1F89-4F0D-ACCF-7EB736FD4AA2): 10
LogDevObjectVersion:   Dev-Build (E1C64328-A22C-4D53-A36C-8E866417BD8C): 0
LogDevObjectVersion:   Dev-Core (375EC13C-06E4-48FB-B500-84F0262A717E): 2
LogDevObjectVersion:   Dev-Editor (E4B068ED-F494-42E9-A231-DA0B2E46BB41): 20
LogDevObjectVersion:   Dev-Framework (CFFC743F-43B0-4480-9391-14DF171D2073): 30
LogDevObjectVersion:   Dev-Mobile (B02B49B5-BB20-44E9-A304-32B752E40360): 0
LogDevObjectVersion:   Dev-Networking (A4E4105C-59A1-49B5-A7C5-40C4547EDFEE): 0
LogDevObjectVersion:   Dev-Online (39C831C9-5AE6-47DC-9A44-9C173E1C8E7C): 0
LogDevObjectVersion:   Dev-Physics (78F01B33-EBEA-4F98-B9B4-84EACCB95AA2): 0
LogDevObjectVersion:   Dev-Platform (6631380F-2D4D-43E0-8009-CF276956A95A): 0
LogDevObjectVersion:   Dev-Rendering (12F88B9F-8875-4AFC-A67C-D90C383ABD29): 20
LogDevObjectVersion:   Dev-Sequencer (7B5AE74C-D270-4C10-A958-57980B212A5A): 4
LogDevObjectVersion:   Dev-VR (D7296918-1DD6-4BDD-9DE2-64A83CC13884): 0
LogDevObjectVersion:   Dev-LoadTimes (C2A15278-BFE7-4AFE-6C17-90FF531DF755): 1
LogDevObjectVersion:   Private-Geometry (6EACA3D4-40EC-4CC1-B786-8BED09428FC5): 1
LogDevObjectVersion:   Dev-AnimPhys (29E575DD-E0A3-4627-9D10-D276232CDCEA): 12
LogInit: Compiled (64-bit): Nov 14 2017 02:05:55
LogInit: Compiled with Visual C++: 19.00.24215.01
LogInit: Build Configuration: Development
LogInit: Branch Name: ++UE4+Release-4.18
LogInit: Command line:  
LogInit: Base directory: C:/Program Files/Epic Games/UE_4.18/Engine/Binaries/Win64/
LogInit: Installed Engine Build: 1
LogInit: Presizing for max 8388607 objects, including 0 objects not considered by GC, pre-allocating 0 bytes for permanent pool.
LogInit: Object subsystem initialized
[2017.12.08-21.02.27:605][  0]LogInit: Selected Device Profile: [Windows]
[2017.12.08-21.02.27:605][  0]LogInit: Applying CVar settings loaded from the selected device profile: [Windows]
[2017.12.08-21.02.27:652][  0]LogInit: Computer: DESKTOP-OMJHMSB
[2017.12.08-21.02.27:652][  0]LogInit: User: rajjj
[2017.12.08-21.02.27:652][  0]LogInit: CPU Page size=4096, Cores=4
[2017.12.08-21.02.27:652][  0]LogInit: High frequency timer resolution =3.328124 MHz
[2017.12.08-21.02.27:652][  0]LogMemory: Memory total: Physical=15.9GB (16GB approx)
[2017.12.08-21.02.27:652][  0]LogMemory: Platform Memory Stats for Windows
[2017.12.08-21.02.27:652][  0]LogMemory: Process Physical Memory: 273.13 MB used, 273.13 MB peak
[2017.12.08-21.02.27:652][  0]LogMemory: Process Virtual Memory: 265.78 MB used, 265.78 MB peak
[2017.12.08-21.02.27:652][  0]LogMemory: Physical Memory: 4036.59 MB used,  12285.15 MB free, 16321.74 MB total
[2017.12.08-21.02.27:652][  0]LogMemory: Virtual Memory: 677.41 MB used,  12285.15 MB free, 134217728.00 MB total
[2017.12.08-21.02.28:109][  0]LogInit: Using OS detected language (en-US).
[2017.12.08-21.02.28:109][  0]LogInit: Using OS detected locale (en-US).
[2017.12.08-21.02.28:165][  0]LogTextLocalizationManager: No specific localization for 'en-US' exists, so the 'en' localization will be used.
[2017.12.08-21.02.28:573][  0]LogInit: Setting process to per monitor DPI aware
[2017.12.08-21.02.30:645][  0]LogD3D11RHI: D3D11 adapters:
[2017.12.08-21.02.30:688][  0]LogD3D11RHI:    0. 'NVIDIA GeForce GTX 1070' (Feature Level 11_0)
[2017.12.08-21.02.30:688][  0]LogD3D11RHI:       8096/0/8160 MB DedicatedVideo/DedicatedSystem/SharedSystem, Outputs:2, VendorId:0x10de
[2017.12.08-21.02.30:690][  0]LogD3D11RHI:    1. 'Microsoft Basic Render Driver' (Feature Level 11_0)
[2017.12.08-21.02.30:690][  0]LogD3D11RHI:       0/0/8160 MB DedicatedVideo/DedicatedSystem/SharedSystem, Outputs:0, VendorId:0x1414
[2017.12.08-21.02.30:690][  0]LogD3D11RHI: Chosen D3D11 Adapter: 0
[2017.12.08-21.02.30:695][  0]LogD3D11RHI: Creating new Direct3DDevice
[2017.12.08-21.02.30:695][  0]LogD3D11RHI:     GPU DeviceId: 0x1b81 (for the marketing name, search the web for "GPU Device Id")
[2017.12.08-21.02.30:695][  0]LogWindows: EnumDisplayDevices:
[2017.12.08-21.02.30:695][  0]LogWindows:    0. 'NVIDIA GeForce GTX 1070' (P:0 D:1)
[2017.12.08-21.02.30:696][  0]LogWindows:    1. 'NVIDIA GeForce GTX 1070' (P:1 D:1)
[2017.12.08-21.02.30:696][  0]LogWindows:    2. 'NVIDIA GeForce GTX 1070' (P:0 D:0)
[2017.12.08-21.02.30:696][  0]LogWindows:    3. 'NVIDIA GeForce GTX 1070' (P:0 D:0)
[2017.12.08-21.02.30:696][  0]LogWindows: DebugString: GetVideoDriverDetailsInvalid PrimaryIsNotTheChoosenAdapter GetVideoDriverDetailsInvalid PrimaryIsNotTheChoosenAdapter GetVideoDriverDetailsInvalid PrimaryIsNotTheChoosenAdapter GetVideoDriverDetailsInvalid PrimaryIsNotTheChoosenAdapter FoundDriverCount:0 
[2017.12.08-21.02.30:696][  0]LogD3D11RHI:     Adapter Name: NVIDIA GeForce GTX 1070
[2017.12.08-21.02.30:696][  0]LogD3D11RHI:   Driver Version: Unknown (internal:Unknown, unified:Unknown)
[2017.12.08-21.02.30:696][  0]LogD3D11RHI:      Driver Date: Unknown
[2017.12.08-21.02.30:696][  0]LogRHI: Texture pool is 5667 MB (70% of 8096 MB)
[2017.12.08-21.02.30:719][  0]LogD3D11RHI: Async texture creation enabled
[2017.12.08-21.02.30:764][  0]LogD3D11RHI: GPU Timing Frequency: 1000.000000 (Debug: 2 1)
[2017.12.08-21.02.30:819][  0]LogShaderCompilers: Guid format shader working directory is -35 characters bigger than the processId version (../../../../../../Users/rajjj/OneDrive/Documents/GitHub/DatBoiEntertainmetnGame_/Intermediate/Shaders/WorkingDirectory/19496/).
[2017.12.08-21.02.30:820][  0]LogShaderCompilers: Cleaned the shader compiler working directory 'C:/Users/rajjj/AppData/Local/Temp/UnrealShaderWorkingDir/C70131C44B2F2798C1BAEC968D13C363/'.
[2017.12.08-21.02.30:820][  0]LogShaderCompilers: Display: Using Local Shader Compiler.
[2017.12.08-21.02.32:631][  0]LogTemp: Display: Loaded TP AllDesktopTargetPlatform
[2017.12.08-21.02.32:677][  0]LogTemp: Display: Loaded TP MacClientTargetPlatform
[2017.12.08-21.02.32:723][  0]LogTemp: Display: Loaded TP MacNoEditorTargetPlatform
[2017.12.08-21.02.32:770][  0]LogTemp: Display: Loaded TP MacServerTargetPlatform
[2017.12.08-21.02.32:821][  0]LogTemp: Display: Loaded TP MacTargetPlatform
[2017.12.08-21.02.32:868][  0]LogTemp: Display: Loaded TP WindowsClientTargetPlatform
[2017.12.08-21.02.32:915][  0]LogTemp: Display: Loaded TP WindowsNoEditorTargetPlatform
[2017.12.08-21.02.32:962][  0]LogTemp: Display: Loaded TP WindowsServerTargetPlatform
[2017.12.08-21.02.33:003][  0]LogTemp: Display: Loaded TP WindowsTargetPlatform
[2017.12.08-21.02.33:053][  0]LogTemp: Display: Loaded TP Android_ASTCTargetPlatform
[2017.12.08-21.02.33:099][  0]LogTemp: Display: Loaded TP Android_ATCTargetPlatform
[2017.12.08-21.02.33:146][  0]LogTemp: Display: Loaded TP Android_DXTTargetPlatform
[2017.12.08-21.02.33:193][  0]LogTemp: Display: Loaded TP Android_ETC1TargetPlatform
[2017.12.08-21.02.33:240][  0]LogTemp: Display: Loaded TP Android_ETC2TargetPlatform
[2017.12.08-21.02.33:334][  0]LogTemp: Display: Loaded TP Android_MultiTargetPlatform
[2017.12.08-21.02.33:334][  0]LogTemp: Display: Loaded TP Android_PVRTCTargetPlatform
[2017.12.08-21.02.33:384][  0]LogTemp: Display: Loaded TP AndroidTargetPlatform
[2017.12.08-21.02.33:420][  0]LogTemp: Display: Loaded TP HTML5TargetPlatform
[2017.12.08-21.02.33:512][  0]LogTemp: Display: Loaded TP IOSTargetPlatform
[2017.12.08-21.02.33:536][  0]LogTemp: Display: Loaded TP TVOSTargetPlatform
[2017.12.08-21.02.33:583][  0]LogTemp: Display: Loaded TP LinuxClientTargetPlatform
[2017.12.08-21.02.33:629][  0]LogTemp: Display: Loaded TP LinuxNoEditorTargetPlatform
[2017.12.08-21.02.33:676][  0]LogTemp: Display: Loaded TP LinuxServerTargetPlatform
[2017.12.08-21.02.33:725][  0]LogTemp: Display: Loaded TP LinuxTargetPlatform
[2017.12.08-21.02.33:726][  0]LogTargetPlatformManager: Display: Building Assets For Windows
[2017.12.08-21.02.34:221][  0]LogDerivedDataCache: Display: Max Cache Size: 512 MB
[2017.12.08-21.02.34:563][  0]LogDerivedDataCache: Loaded boot cache 0.34s 78MB C:/Users/rajjj/AppData/Local/UnrealEngine/4.18/DerivedDataCache/Boot.ddc.
[2017.12.08-21.02.34:563][  0]LogDerivedDataCache: Display: Loaded Boot cache: C:/Users/rajjj/AppData/Local/UnrealEngine/4.18/DerivedDataCache/Boot.ddc
[2017.12.08-21.02.34:563][  0]LogDerivedDataCache: FDerivedDataBackendGraph:  Pak pak cache file ../../../../../../Users/rajjj/OneDrive/Documents/GitHub/DatBoiEntertainmetnGame_/DerivedDataCache/DDC.ddp not found, will not use a pak cache.
[2017.12.08-21.02.34:563][  0]LogDerivedDataCache: Unable to find inner node Pak for hierarchical cache Hierarchy.
[2017.12.08-21.02.34:563][  0]LogDerivedDataCache: FDerivedDataBackendGraph:  CompressedPak pak cache file ../../../../../../Users/rajjj/OneDrive/Documents/GitHub/DatBoiEntertainmetnGame_/DerivedDataCache/Compressed.ddp not found, will not use a pak cache.
[2017.12.08-21.02.34:563][  0]LogDerivedDataCache: Unable to find inner node CompressedPak for hierarchical cache Hierarchy.
[2017.12.08-21.02.34:610][  0]LogDerivedDataCache: Display: Pak cache opened for reading ../../../Engine/DerivedDataCache/Compressed.ddp.
[2017.12.08-21.02.34:623][  0]LogDerivedDataCache: Using Local data cache path C:/Users/rajjj/AppData/Local/UnrealEngine/Common/DerivedDataCache: Writable
[2017.12.08-21.02.34:642][  0]LogMaterial: Verifying Global Shaders for PCD3D_SM5
[2017.12.08-21.02.34:647][  0]LogSlate: Using Freetype 2.6.0
[2017.12.08-21.02.34:666][  0]LogSlate: SlateFontCache - WITH_FREETYPE: 1, WITH_HARFBUZZ: 1
[2017.12.08-21.02.34:667][  0]LogSlate: SlateFontCache - WITH_FREETYPE: 1, WITH_HARFBUZZ: 1
[2017.12.08-21.02.35:586][  0]LogInit: Selected Device Profile: [Windows]
[2017.12.08-21.02.36:063][  0]LogSimplygon: Simplygon DLL not present - disabling.
[2017.12.08-21.02.36:103][  0]LogMeshReduction: Using SimplygonSwarm for distributed automatic mesh merging
[2017.12.08-21.02.36:104][  0]LogMeshReduction: Using QuadricMeshReduction for automatic static mesh reduction
[2017.12.08-21.02.36:104][  0]LogMeshReduction: No automatic skeletal mesh reduction module available
[2017.12.08-21.02.36:104][  0]LogMeshReduction: No automatic mesh merging module available
[2017.12.08-21.02.36:104][  0]LogMeshMerging: No automatic mesh merging module available
[2017.12.08-21.02.36:168][  0]LogNetVersion: InsertNameAdventure , NetCL: 3709383, EngineNetVer: 2, GameNetVer: 0 (Checksum: 1457064711)
[2017.12.08-21.02.36:557][  0]LogAssetRegistry: FAssetRegistry took 0.0273 seconds to start up
[2017.12.08-21.02.37:578][  0]LogPackageLocalizationCache: Processed 7 localized package path(s) for 2 prioritized culture(s) in 0.083852 seconds
[2017.12.08-21.02.37:584][  0]LogUObjectArray: 35900 objects as part of root set at end of initial load.
[2017.12.08-21.02.37:584][  0]LogUObjectAllocator: 7372016 out of 0 bytes used by permanent object pool.
[2017.12.08-21.02.37:584][  0]LogUObjectArray: CloseDisregardForGC: 0/0 objects in disregard for GC pool
[2017.12.08-21.02.37:633][  0]LogInit: WinSock: version 1.1 (2.2), MaxSocks=32767, MaxUdp=65467
[2017.12.08-21.02.42:542][  0]LogTcpMessaging: Initializing TcpMessaging bridge
[2017.12.08-21.02.42:583][  0]LogUdpMessaging: Initializing bridge on interface 0.0.0.0:0 to multicast group 230.0.0.1:6666.
[2017.12.08-21.02.43:417][  0]LogMaterial: Uniform references updated for custom material expression Custom.
[2017.12.08-21.02.43:907][  0]SourceControl: Source control is disabled
[2017.12.08-21.02.45:429][  0]LogAndroidPermission: UAndroidPermissionCallbackProxy::GetInstance
[2017.12.08-21.02.45:737][  0]LogOcInput: OculusInput pre-init called
[2017.12.08-21.02.46:137][  0]LogEngine: Initializing Engine...
[2017.12.08-21.02.46:142][  0]LogHMD: Failed to initialize OpenVR with code 110
[2017.12.08-21.02.46:508][  0]LogStats: UGameplayTagsManager::ConstructGameplayTagTree: Construct from data asset -  0.000 s
[2017.12.08-21.02.46:509][  0]LogStats: UGameplayTagsManager::ConstructGameplayTagTree: GameplayTagTreeChangedEvent.Broadcast -  0.000 s
[2017.12.08-21.02.46:651][  0]LogAIModule: Creating AISystem for world Untitled
[2017.12.08-21.02.46:664][  0]LogInit: XAudio2 using 'Speakers (2- Logitech G930 Headset)' : 2 channels at 48 kHz using 16 bits per sample (channel mask 0x3)
[2017.12.08-21.02.46:681][  0]LogInit: FAudioDevice initialized.
[2017.12.08-21.02.46:748][  0]LogDerivedDataCache: Saved boot cache 0.07s 78MB C:/Users/rajjj/AppData/Local/UnrealEngine/4.18/DerivedDataCache/Boot.ddc.
[2017.12.08-21.02.46:762][  0]LogInit: Texture streaming: Enabled
[2017.12.08-21.02.46:863][  0]LogEngineSessionManager: EngineSessionManager initialized
[2017.12.08-21.02.47:032][  0]LogInit: Transaction tracking system initialized
[2017.12.08-21.02.47:504][  0]BlueprintLog: New page: Editor Load
[2017.12.08-21.02.48:484][  0]LocalizationService: Localization service is disabled
[2017.12.08-21.02.49:258][  0]LogConsoleResponse: Display: 
[2017.12.08-21.02.49:771][  0]LogCook: Display: Max memory allowance for cook 16384mb min free memory 0mb
[2017.12.08-21.02.49:771][  0]LogCook: Display: Mobile HDR setting 1
[2017.12.08-21.02.49:771][  0]LogGameplayTags: Display: UGameplayTagsManager::DoneAddingNativeTags. DelegateIsBound: 0
[2017.12.08-21.02.50:411][  0]LogFileCache: Scanning file cache for directory 'C:/Users/rajjj/OneDrive/Documents/GitHub/DatBoiEntertainmetnGame_/Content/' took 0.02s
[2017.12.08-21.02.51:053][  0]Cmd: MAP LOAD FILE="../../../../../../Users/rajjj/OneDrive/Documents/GitHub/DatBoiEntertainmetnGame_/Content/2DSideScrollerBP/Maps/Levels/Rainforest_Alien.umap" TEMPLATE=0 SHOWPROGRESS=1 FEATURELEVEL=3
[2017.12.08-21.02.51:058][  0]LightingResults: New page: Lighting Build
[2017.12.08-21.02.51:105][  0]MapCheck: New page: Map Check
[2017.12.08-21.02.51:105][  0]LightingResults: New page: Lighting Build
[2017.12.08-21.02.53:561][  0]LogMaterial: Missing cached shader map for material BlueLight_M1, compiling. 
[2017.12.08-21.02.53:562][  0]LogMaterial: Warning: C:\Users\rajjj\OneDrive\Documents\GitHub\DatBoiEntertainmetnGame_\Content\2DSideScrollerBP\Maps\Levels\LevelSprites\Sprites\Rain_Forrest_Sprites\Materials\BlueLight_M1.uasset: Failed to compile Material for platform PCD3D_SM5, Default Material will be used in game.
[2017.12.08-21.02.53:563][  0]LogMaterial: 	Function Flicker_MF: Missing function input 'Color'
[2017.12.08-21.02.53:702][  0]LogAIModule: Creating AISystem for world Rainforest_Alien
[2017.12.08-21.02.53:762][  0]LogEditorServer: Finished looking for orphan Actors (0.000 secs)
[2017.12.08-21.02.53:783][  0]Cmd: MAP CHECKDEP NOCLEARLOG
[2017.12.08-21.02.53:847][  0]MapCheck: Map check complete: 0 Error(s), 0 Warning(s), took 63.817ms to complete.
[2017.12.08-21.02.53:847][  0]LogFileHelpers: Loading map 'Rainforest_Alien' took 2.795
[2017.12.08-21.02.54:118][  0]LogCollectionManager: Loaded 0 collections in 0.001623 seconds
[2017.12.08-21.02.54:212][  0]LogFileCache: Scanning file cache for directory 'C:/Users/rajjj/OneDrive/Documents/GitHub/DatBoiEntertainmetnGame_/Saved/Collections/' took 0.01s
[2017.12.08-21.02.54:212][  0]LogFileCache: Scanning file cache for directory 'C:/Users/rajjj/OneDrive/Documents/GitHub/DatBoiEntertainmetnGame_/Content/Developers/rajjj/Collections/' took 0.01s
[2017.12.08-21.02.54:212][  0]LogFileCache: Scanning file cache for directory 'C:/Users/rajjj/OneDrive/Documents/GitHub/DatBoiEntertainmetnGame_/Content/Collections/' took 0.01s
[2017.12.08-21.02.54:212][  0]LogCollectionManager: Rebuilt the GUID cache for 0 collections in 0.000001 seconds
[2017.12.08-21.02.54:221][  0]LogContentBrowser: Native class hierarchy populated in 0.0073 seconds. Added 2363 classes and 519 folders.
[2017.12.08-21.02.54:283][  0]LogContentBrowser: Native class hierarchy updated for 'WidgetCarousel' in 0.0002 seconds. Added 0 classes and 0 folders.
[2017.12.08-21.02.54:628][  0]LogContentBrowser: Native class hierarchy updated for 'AddContentDialog' in 0.0002 seconds. Added 0 classes and 0 folders.
[2017.12.08-21.02.54:675][  0]LogContentBrowser: Native class hierarchy updated for 'SceneOutliner' in 0.0002 seconds. Added 1 classes and 2 folders.
[2017.12.08-21.02.54:729][  0]LogSlate: Took 0.004460 seconds to synchronously load lazily loaded font '../../../Engine/Content/Slate/Fonts/Roboto-Regular.ttf' (155K)
[2017.12.08-21.02.54:735][  0]LogSlate: Took 0.004648 seconds to synchronously load lazily loaded font '../../../Engine/Content/Slate/Fonts/Roboto-Bold.ttf' (160K)
[2017.12.08-21.02.54:746][  0]LogSlate: Took 0.004386 seconds to synchronously load lazily loaded font '../../../Engine/Content/Editor/Slate/Fonts/FontAwesome.ttf' (139K)
[2017.12.08-21.02.54:898][  0]LogRenderer: Reallocating scene render targets to support 1616x692 Format 10 NumSamples 1 (Frame:1).
[2017.12.08-21.02.55:211][  0]LogContentBrowser: Native class hierarchy updated for 'HierarchicalLODOutliner' in 0.0002 seconds. Added 1 classes and 2 folders.
[2017.12.08-21.02.55:211][  0]LogLoad: (Engine Initialization) Total time: 32.05 seconds
[2017.12.08-21.02.55:211][  0]LogLoad: (Engine Initialization) Total Blueprint compile time: 0.00 seconds
[2017.12.08-21.02.55:211][  0]LogExternalProfiler: No external profilers were discovered.  External profiling features will not be available.
[2017.12.08-21.02.55:256][  0]SourceControl: On branch V1.5.1
[2017.12.08-21.02.55:256][  0]SourceControl: Your branch is up-to-date with 'origin/V1.5.1'.
[2017.12.08-21.02.55:256][  0]SourceControl: No commands done.
[2017.12.08-21.02.55:256][  0]SourceControl: Next commands to do (2 remaining commands):
[2017.12.08-21.02.55:256][  0]SourceControl:    pick b627089 Redid mt backdrop and started work on a desert zone
[2017.12.08-21.02.55:256][  0]SourceControl:    pick 5400dc0 Revert "Redid mt backdrop and started work on a desert zone"
[2017.12.08-21.02.55:256][  0]SourceControl:   (use "git rebase --edit-todo" to view and edit)
[2017.12.08-21.02.55:256][  0]SourceControl: You are currently editing a commit while rebasing branch 'V1.5.1' on 'ad616f1'.
[2017.12.08-21.02.55:256][  0]SourceControl:   (use "git commit --amend" to amend the current commit)
[2017.12.08-21.02.55:256][  0]SourceControl:   (use "git rebase --continue" once you are satisfied with your changes)
[2017.12.08-21.02.55:256][  0]SourceControl: Changes not staged for commit:
[2017.12.08-21.02.55:256][  0]SourceControl:   (use "git add <file>..." to update what will be committed)
[2017.12.08-21.02.55:256][  0]SourceControl:   (use "git checkout -- <file>..." to discard changes in working directory)
[2017.12.08-21.02.55:256][  0]SourceControl: 	modified:   Saved/AutoScreenshot.png
[2017.12.08-21.02.55:256][  0]SourceControl: 	modified:   Saved/Config/Windows/EditorPerProjectUserSettings.ini
[2017.12.08-21.02.55:256][  0]SourceControl: 	modified:   Saved/Config/Windows/Engine.ini
[2017.12.08-21.02.55:256][  0]SourceControl: 	modified:   Saved/Logs/InsertNameAdventure.log
[2017.12.08-21.02.55:256][  0]SourceControl: Untracked files:
[2017.12.08-21.02.55:256][  0]SourceControl:   (use "git add <file>..." to include in what will be committed)
[2017.12.08-21.02.55:256][  0]SourceControl: 	Saved/Config/CrashReportClient/UE4CC-Windows-04D22B1343EF7FB93AC0FAB1064A2D9B/
[2017.12.08-21.02.55:256][  0]SourceControl: 	Saved/Config/CrashReportClient/UE4CC-Windows-6173ECA940E73D70DA6E2388A873EA55/
[2017.12.08-21.02.55:256][  0]SourceControl: 	Saved/Logs/InsertNameAdventure-backup-2017.12.07-14.15.39.log
[2017.12.08-21.02.55:257][  0]SourceControl: 	Saved/Logs/InsertNameAdventure-backup-2017.12.08-14.02.25.log
[2017.12.08-21.02.55:257][  0]SourceControl: no changes added to commit (use "git add" and/or "git commit -a")
[2017.12.08-21.02.55:257][  0]LogContentStreaming: Texture pool size now 1000 MB
[2017.12.08-21.02.55:305][  0]LogSlate: Took 0.004633 seconds to synchronously load lazily loaded font '../../../Engine/Content/Slate/Fonts/Roboto-Light.ttf' (159K)
[2017.12.08-21.02.55:320][  1]LogAssetRegistry: Asset discovery search completed in 18.7853 seconds
[2017.12.08-21.02.55:323][  1]LogCollectionManager: Rebuilt the object cache for 0 collections in 0.000001 seconds (found 0 objects)
[2017.12.08-21.02.55:323][  1]LogCollectionManager: Fixed up redirectors for 0 collections in 0.000047 seconds (updated 0 objects)
[2017.12.08-21.02.56:289][ 63]LogSlate: Took 0.000116 seconds to synchronously load lazily loaded font '../../../Engine/Content/Slate/Fonts/Roboto-Light.ttf' (159K)
[2017.12.08-21.02.56:646][ 63]LogContentBrowser: Native class hierarchy updated for 'BlueprintGraph' in 0.0005 seconds. Added 116 classes and 0 folders.
[2017.12.08-21.02.57:409][ 63]LogParticles: Warning: Spawning 28000 GPU particles in one frame[64]: RainFall4_PS/Particle Emitter
[2017.12.08-21.02.57:418][ 63]LogSlate: Took 0.004495 seconds to synchronously load lazily loaded font '../../../Engine/Content/Editor/Slate/Fonts/Roboto-BoldCondensed.ttf' (158K)
[2017.12.08-21.02.57:542][ 64]LogSlate: Took 0.004766 seconds to synchronously load lazily loaded font '../../../Engine/Content/Editor/Slate/Fonts/Roboto-Italic.ttf' (157K)
[2017.12.08-21.03.00:312][380]LogFileCache: Retrieving MD5 hashes for directory 'C:/Users/rajjj/OneDrive/Documents/GitHub/DatBoiEntertainmetnGame_/Content/' took 5.07s
[2017.12.08-21.03.04:896][819]LogAIModule: Creating AISystem for world Test_Area1
[2017.12.08-21.03.04:930][819]Cmd: MAP LOAD FILE="../../../../../../Users/rajjj/OneDrive/Documents/GitHub/DatBoiEntertainmetnGame_/Content/2DSideScrollerBP/Maps/Levels/Test_Area1.umap" TEMPLATE=0 SHOWPROGRESS=1 FEATURELEVEL=3
[2017.12.08-21.03.04:930][819]LightingResults: New page: Lighting Build
[2017.12.08-21.03.04:930][819]LoadErrors: New page: Loading map: Test_Area1.umap
[2017.12.08-21.03.04:934][819]MapCheck: New page: Map Check
[2017.12.08-21.03.04:934][819]LightingResults: New page: Lighting Build
[2017.12.08-21.03.04:967][819]LogEditorServer: Finished looking for orphan Actors (0.000 secs)
[2017.12.08-21.03.05:040][819]Cmd: MAP CHECKDEP NOCLEARLOG
[2017.12.08-21.03.05:109][819]MapCheck: Map check complete: 0 Error(s), 0 Warning(s), took 68.969ms to complete.
[2017.12.08-21.03.05:109][819]LogFileHelpers: Loading map 'Test_Area1' took 0.181
[2017.12.08-21.03.06:397][952]LogTemp: Repeating last play command: Selected Viewport
[2017.12.08-21.03.06:498][952]LogPlayLevel: PlayLevel: No blueprints needed recompiling
[2017.12.08-21.03.06:499][952]PIE: New page: PIE session: Test_Area1 (Dec 8, 2017, 7:03:06 AM)
[2017.12.08-21.03.06:499][952]LogPlayLevel: Creating play world package: /Game/2DSideScrollerBP/Maps/Levels/UEDPIE_0_Test_Area1
[2017.12.08-21.03.06:501][952]LogPlayLevel: PIE: StaticDuplicateObject took: (0.002318s)
[2017.12.08-21.03.06:501][952]LogAIModule: Creating AISystem for world Test_Area1
[2017.12.08-21.03.06:502][952]LogPlayLevel: PIE: World Init took: (0.000522s)
[2017.12.08-21.03.06:502][952]LogPlayLevel: PIE: Created PIE world by copying editor world from /Game/2DSideScrollerBP/Maps/Levels/Test_Area1.Test_Area1 to /Game/2DSideScrollerBP/Maps/Levels/UEDPIE_0_Test_Area1.Test_Area1 (0.003153s)
[2017.12.08-21.03.06:523][952]LogInit: XAudio2 using 'Speakers (2- Logitech G930 Headset)' : 2 channels at 48 kHz using 16 bits per sample (channel mask 0x3)
[2017.12.08-21.03.06:528][952]LogInit: FAudioDevice initialized.
[2017.12.08-21.03.06:588][952]LogLoad: Game class is '2DSideScrollerGameMode_C'
[2017.12.08-21.03.06:604][952]LogWorld: Bringing World /Game/2DSideScrollerBP/Maps/Levels/UEDPIE_0_Test_Area1.Test_Area1 up for play (max tick rate 0) at 2017.12.08-14.03.06
[2017.12.08-21.03.06:607][952]LogWorld: Bringing up level for play took: 0.015907
[2017.12.08-21.03.06:709][952]LogContentBrowser: Native class hierarchy updated for 'MovieSceneCapture' in 0.0005 seconds. Added 11 classes and 0 folders.
[2017.12.08-21.03.06:731][952]PIE: Play in editor start time for /Game/2DSideScrollerBP/Maps/Levels/UEDPIE_0_Test_Area1 0.479
