Log file open, 12/06/17 16:07:43
LogWindows: LoadLibraryWithSearchPaths failed for file aqProf.dll. GetLastError=0
LogWindows: LoadLibraryWithSearchPaths failed for file VSPerf140.dll. GetLastError=0
LogWindows: LoadLibraryWithSearchPaths failed for file VtuneApi.dll. GetLastError=0
LogWindows: LoadLibraryWithSearchPaths failed for file VtuneApi32e.dll. GetLastError=0
LogInit: Display: Running engine for game: InsertNameAdventure
LogPlatformFile: Not using cached read wrapper
LogInit: Display: RandInit(1863292163) SRandInit(1863292163).
LogTaskGraph: Started task graph with 5 named threads and 14 total threads with 3 sets of task threads.
LogStats: Stats thread started at 0.168526
LogD3D11RHI: Aftermath initialized
LogPluginManager: Mounting plugin Paper2D
LogPluginManager: Mounting plugin LightPropagationVolume
LogPluginManager: Mounting plugin CodeLiteSourceCodeAccess
LogPluginManager: Mounting plugin GitSourceControl
LogPluginManager: Mounting plugin KDevelopSourceCodeAccess
LogPluginManager: Mounting plugin NullSourceCodeAccess
LogPluginManager: Mounting plugin PerforceSourceControl
LogPluginManager: Mounting plugin SubversionSourceControl
LogPluginManager: Mounting plugin UObjectPlugin
LogPluginManager: Mounting plugin VisualStudioSourceCodeAccess
LogPluginManager: Mounting plugin XCodeSourceCodeAccess
LogPluginManager: Mounting plugin AssetManagerEditor
LogPluginManager: Mounting plugin AudioCapture
LogPluginManager: Mounting plugin FacialAnimation
LogPluginManager: Mounting plugin GameplayTagsEditor
LogPluginManager: Mounting plugin MobileLauncherProfileWizard
LogPluginManager: Mounting plugin PluginBrowser
LogPluginManager: Mounting plugin SpeedTreeImporter
LogPluginManager: Mounting plugin AlembicImporter
LogPluginManager: Mounting plugin CharacterAI
LogPluginManager: Mounting plugin HTML5Networking
LogPluginManager: Mounting plugin AndroidMedia
LogPluginManager: Mounting plugin AvfMedia
LogPluginManager: Mounting plugin MediaPlayerEditor
LogPluginManager: Mounting plugin WmfMedia
LogPluginManager: Mounting plugin TcpMessaging
LogPluginManager: Mounting plugin UdpMessaging
LogPluginManager: Mounting plugin LevelSequenceEditor
LogPluginManager: Mounting plugin MatineeToLevelSequence
LogPluginManager: Mounting plugin OnlineSubsystemGooglePlay
LogPluginManager: Mounting plugin OnlineSubsystemIOS
LogPluginManager: Mounting plugin OnlineSubsystem
LogPluginManager: Mounting plugin OnlineSubsystemNull
LogPluginManager: Mounting plugin OnlineSubsystemUtils
LogPluginManager: Mounting plugin AndroidDeviceProfileSelector
LogPluginManager: Mounting plugin AndroidMoviePlayer
LogPluginManager: Mounting plugin AndroidPermission
LogPluginManager: Mounting plugin AppleMoviePlayer
LogPluginManager: Mounting plugin ArchVisCharacter
LogPluginManager: Mounting plugin CableComponent
LogPluginManager: Mounting plugin CustomMeshComponent
LogPluginManager: Mounting plugin ExampleDeviceProfileSelector
LogPluginManager: Mounting plugin GoogleCloudMessaging
LogPluginManager: Mounting plugin ImmediatePhysics
LogPluginManager: Mounting plugin IOSDeviceProfileSelector
LogPluginManager: Mounting plugin LinuxDeviceProfileSelector
LogPluginManager: Mounting plugin LocationServicesBPLibrary
LogPluginManager: Mounting plugin MobilePatchingUtils
LogPluginManager: Mounting plugin OculusVR
LogPluginManager: Mounting plugin PhysXVehicles
LogPluginManager: Mounting plugin ProceduralMeshComponent
LogPluginManager: Mounting plugin RuntimePhysXCooking
LogPluginManager: Mounting plugin SteamVR
LogPluginManager: Mounting plugin WindowsMoviePlayer
LogInit: Using libcurl 7.47.1
LogInit:  - built for x86_64-pc-win32
LogInit:  - supports SSL with OpenSSL/1.0.2g
LogInit:  - supports HTTP deflate (compression) using libz 1.2.8
LogInit:  - other features:
LogInit:      CURL_VERSION_SSL
LogInit:      CURL_VERSION_LIBZ
LogInit:      CURL_VERSION_IPV6
LogInit:      CURL_VERSION_ASYNCHDNS
LogInit:      CURL_VERSION_LARGEFILE
LogInit:      CURL_VERSION_IDN
LogInit:  CurlRequestOptions (configurable via config and command line):
LogInit:  - bVerifyPeer = false  - Libcurl will NOT verify peer certificate
LogInit:  - bUseHttpProxy = false  - Libcurl will NOT use HTTP proxy
LogInit:  - bDontReuseConnections = false  - Libcurl will reuse connections
LogInit:  - CertBundlePath = nullptr  - Libcurl will use whatever was configured at build time.
LogInit: Build: ++UE4+Release-4.17-CL-3586342
LogInit: Engine Version: 4.17.1-3586342+++UE4+Release-4.17
LogInit: Compatible Engine Version: 4.17.0-3573198+++UE4+Release-4.17
LogInit: Net CL: 3573198
LogDevObjectVersion: Number of dev versions registered: 16
LogDevObjectVersion:   Dev-Blueprints (B0D832E4-1F89-4F0D-ACCF-7EB736FD4AA2): 10
LogDevObjectVersion:   Dev-Build (E1C64328-A22C-4D53-A36C-8E866417BD8C): 0
LogDevObjectVersion:   Dev-Core (375EC13C-06E4-48FB-B500-84F0262A717E): 2
LogDevObjectVersion:   Dev-Editor (E4B068ED-F494-42E9-A231-DA0B2E46BB41): 20
LogDevObjectVersion:   Dev-Framework (CFFC743F-43B0-4480-9391-14DF171D2073): 28
LogDevObjectVersion:   Dev-Mobile (B02B49B5-BB20-44E9-A304-32B752E40360): 0
LogDevObjectVersion:   Dev-Networking (A4E4105C-59A1-49B5-A7C5-40C4547EDFEE): 0
LogDevObjectVersion:   Dev-Online (39C831C9-5AE6-47DC-9A44-9C173E1C8E7C): 0
LogDevObjectVersion:   Dev-Physics (78F01B33-EBEA-4F98-B9B4-84EACCB95AA2): 0
LogDevObjectVersion:   Dev-Platform (6631380F-2D4D-43E0-8009-CF276956A95A): 0
LogDevObjectVersion:   Dev-Rendering (12F88B9F-8875-4AFC-A67C-D90C383ABD29): 19
LogDevObjectVersion:   Dev-Sequencer (7B5AE74C-D270-4C10-A958-57980B212A5A): 4
LogDevObjectVersion:   Dev-VR (D7296918-1DD6-4BDD-9DE2-64A83CC13884): 0
LogDevObjectVersion:   Dev-LoadTimes (C2A15278-BFE7-4AFE-6C17-90FF531DF755): 1
LogDevObjectVersion:   Private-Geometry (6EACA3D4-40EC-4CC1-B786-8BED09428FC5): 1
LogDevObjectVersion:   Dev-AnimPhys (29E575DD-E0A3-4627-9D10-D276232CDCEA): 7
LogInit: Compiled (64-bit): Aug 15 2017 02:05:26
LogInit: Compiled with Visual C++: 19.00.24215.01
LogInit: Build Configuration: Development
LogInit: Branch Name: ++UE4+Release-4.17
LogInit: Command line:  
LogInit: Base directory: C:/Program Files/Epic Games/UE_4.17/Engine/Binaries/Win64/
LogInit: Installed Engine Build: 1
LogInit: Presizing for max 8388607 objects, including 0 objects not considered by GC, pre-allocating 0 bytes for permanent pool.
LogInit: Object subsystem initialized
[2017.12.06-23.07.43:771][  0]LogInit: Selected Device Profile: [Windows]
[2017.12.06-23.07.43:771][  0]LogInit: Applying CVar settings loaded from the selected device profile: [Windows]
[2017.12.06-23.07.43:795][  0]LogInit: Computer: DESKTOP-OMJHMSB
[2017.12.06-23.07.43:795][  0]LogInit: User: rajjj
[2017.12.06-23.07.43:795][  0]LogInit: CPU Page size=4096, Cores=4
[2017.12.06-23.07.43:795][  0]LogInit: High frequency timer resolution =3.328124 MHz
[2017.12.06-23.07.43:795][  0]LogMemory: Memory total: Physical=15.9GB (16GB approx)
[2017.12.06-23.07.43:795][  0]LogMemory: Platform Memory Stats for Windows
[2017.12.06-23.07.43:795][  0]LogMemory: Process Physical Memory: 281.53 MB used, 281.53 MB peak
[2017.12.06-23.07.43:795][  0]LogMemory: Process Virtual Memory: 278.34 MB used, 278.34 MB peak
[2017.12.06-23.07.43:795][  0]LogMemory: Physical Memory: 4798.79 MB used,  11522.95 MB free, 16321.74 MB total
[2017.12.06-23.07.43:795][  0]LogMemory: Virtual Memory: 710.18 MB used,  11522.95 MB free, 134217728.00 MB total
[2017.12.06-23.07.43:978][  0]LogInit: Using OS detected language (en-US).
[2017.12.06-23.07.43:978][  0]LogInit: Using OS detected locale (en-US).
[2017.12.06-23.07.43:980][  0]LogTextLocalizationManager: No specific localization for 'en-US' exists, so the 'en' localization will be used.
[2017.12.06-23.07.44:603][  0]LogD3D11RHI: D3D11 adapters:
[2017.12.06-23.07.44:641][  0]LogD3D11RHI:    0. 'NVIDIA GeForce GTX 1070' (Feature Level 11_0)
[2017.12.06-23.07.44:641][  0]LogD3D11RHI:       8096/0/8160 MB DedicatedVideo/DedicatedSystem/SharedSystem, Outputs:2, VendorId:0x10de
[2017.12.06-23.07.44:642][  0]LogD3D11RHI:    1. 'Microsoft Basic Render Driver' (Feature Level 11_0)
[2017.12.06-23.07.44:642][  0]LogD3D11RHI:       0/0/8160 MB DedicatedVideo/DedicatedSystem/SharedSystem, Outputs:0, VendorId:0x1414
[2017.12.06-23.07.44:642][  0]LogD3D11RHI: Chosen D3D11 Adapter: 0
[2017.12.06-23.07.44:649][  0]LogD3D11RHI: Creating new Direct3DDevice
[2017.12.06-23.07.44:649][  0]LogD3D11RHI:     GPU DeviceId: 0x1b81 (for the marketing name, search the web for "GPU Device Id")
[2017.12.06-23.07.44:649][  0]LogWindows: EnumDisplayDevices:
[2017.12.06-23.07.44:649][  0]LogWindows:    0. 'NVIDIA GeForce GTX 1070' (P:0 D:1)
[2017.12.06-23.07.44:649][  0]LogWindows:    1. 'NVIDIA GeForce GTX 1070' (P:1 D:1)
[2017.12.06-23.07.44:649][  0]LogWindows:    2. 'NVIDIA GeForce GTX 1070' (P:0 D:0)
[2017.12.06-23.07.44:649][  0]LogWindows:    3. 'NVIDIA GeForce GTX 1070' (P:0 D:0)
[2017.12.06-23.07.44:649][  0]LogWindows: DebugString: GetVideoDriverDetailsInvalid PrimaryIsNotTheChoosenAdapter GetVideoDriverDetailsInvalid PrimaryIsNotTheChoosenAdapter GetVideoDriverDetailsInvalid PrimaryIsNotTheChoosenAdapter GetVideoDriverDetailsInvalid PrimaryIsNotTheChoosenAdapter FoundDriverCount:0 
[2017.12.06-23.07.44:649][  0]LogD3D11RHI:     Adapter Name: NVIDIA GeForce GTX 1070
[2017.12.06-23.07.44:649][  0]LogD3D11RHI:   Driver Version: Unknown (internal:Unknown, unified:Unknown)
[2017.12.06-23.07.44:649][  0]LogD3D11RHI:      Driver Date: Unknown
[2017.12.06-23.07.44:649][  0]LogRHI: Texture pool is 1361 MB (70% of 1945 MB)
[2017.12.06-23.07.44:667][  0]LogD3D11RHI: Async texture creation enabled
[2017.12.06-23.07.44:768][  0]LogD3D11RHI: GPU Timing Frequency: 1000.000000 (Debug: 2 1)
[2017.12.06-23.07.44:816][  0]LogShaderCompilers: Guid format shader working directory is -35 characters bigger than the processId version (../../../../../../Users/rajjj/OneDrive/Documents/GitHub/DatBoiEntertainmetnGame_/Intermediate/Shaders/WorkingDirectory/22188/).
[2017.12.06-23.07.44:816][  0]LogShaderCompilers: Cleaned the shader compiler working directory 'C:/Users/rajjj/AppData/Local/Temp/UnrealShaderWorkingDir/ABA7FB3D49963688533CBDB20F3B979F/'.
[2017.12.06-23.07.44:816][  0]LogShaderCompilers: Display: Using Local Shader Compiler.
[2017.12.06-23.07.45:586][  0]LogTemp: Display: Loaded TP AllDesktopTargetPlatform
[2017.12.06-23.07.45:630][  0]LogTemp: Display: Loaded TP MacClientTargetPlatform
[2017.12.06-23.07.45:675][  0]LogTemp: Display: Loaded TP MacNoEditorTargetPlatform
[2017.12.06-23.07.45:721][  0]LogTemp: Display: Loaded TP MacServerTargetPlatform
[2017.12.06-23.07.45:766][  0]LogTemp: Display: Loaded TP MacTargetPlatform
[2017.12.06-23.07.45:811][  0]LogTemp: Display: Loaded TP WindowsClientTargetPlatform
[2017.12.06-23.07.45:856][  0]LogTemp: Display: Loaded TP WindowsNoEditorTargetPlatform
[2017.12.06-23.07.45:902][  0]LogTemp: Display: Loaded TP WindowsServerTargetPlatform
[2017.12.06-23.07.45:940][  0]LogTemp: Display: Loaded TP WindowsTargetPlatform
[2017.12.06-23.07.45:985][  0]LogTemp: Display: Loaded TP AndroidTargetPlatform
[2017.12.06-23.07.46:028][  0]LogTemp: Display: Loaded TP Android_ASTCTargetPlatform
[2017.12.06-23.07.46:073][  0]LogTemp: Display: Loaded TP Android_ATCTargetPlatform
[2017.12.06-23.07.46:117][  0]LogTemp: Display: Loaded TP Android_DXTTargetPlatform
[2017.12.06-23.07.46:162][  0]LogTemp: Display: Loaded TP Android_ETC1TargetPlatform
[2017.12.06-23.07.46:206][  0]LogTemp: Display: Loaded TP Android_ETC2TargetPlatform
[2017.12.06-23.07.46:295][  0]LogTemp: Display: Loaded TP Android_MultiTargetPlatform
[2017.12.06-23.07.46:295][  0]LogTemp: Display: Loaded TP Android_PVRTCTargetPlatform
[2017.12.06-23.07.46:329][  0]LogTemp: Display: Loaded TP HTML5TargetPlatform
[2017.12.06-23.07.46:413][  0]LogTemp: Display: Loaded TP IOSTargetPlatform
[2017.12.06-23.07.46:440][  0]LogTemp: Display: Loaded TP TVOSTargetPlatform
[2017.12.06-23.07.46:483][  0]LogTemp: Display: Loaded TP LinuxClientTargetPlatform
[2017.12.06-23.07.46:527][  0]LogTemp: Display: Loaded TP LinuxNoEditorTargetPlatform
[2017.12.06-23.07.46:571][  0]LogTemp: Display: Loaded TP LinuxServerTargetPlatform
[2017.12.06-23.07.46:615][  0]LogTemp: Display: Loaded TP LinuxTargetPlatform
[2017.12.06-23.07.46:615][  0]LogTargetPlatformManager: Display: Building Assets For Windows
[2017.12.06-23.07.47:030][  0]LogDerivedDataCache: Display: Max Cache Size: 512 MB
[2017.12.06-23.07.47:104][  0]LogDerivedDataCache: Loaded boot cache 0.07s 93MB C:/Users/rajjj/AppData/Local/UnrealEngine/4.17/DerivedDataCache/Boot.ddc.
[2017.12.06-23.07.47:104][  0]LogDerivedDataCache: Display: Loaded Boot cache: C:/Users/rajjj/AppData/Local/UnrealEngine/4.17/DerivedDataCache/Boot.ddc
[2017.12.06-23.07.47:104][  0]LogDerivedDataCache: FDerivedDataBackendGraph:  Pak pak cache file ../../../../../../Users/rajjj/OneDrive/Documents/GitHub/DatBoiEntertainmetnGame_/DerivedDataCache/DDC.ddp not found, will not use a pak cache.
[2017.12.06-23.07.47:104][  0]LogDerivedDataCache: Unable to find inner node Pak for hierarchical cache Hierarchy.
[2017.12.06-23.07.47:104][  0]LogDerivedDataCache: FDerivedDataBackendGraph:  CompressedPak pak cache file ../../../../../../Users/rajjj/OneDrive/Documents/GitHub/DatBoiEntertainmetnGame_/DerivedDataCache/Compressed.ddp not found, will not use a pak cache.
[2017.12.06-23.07.47:104][  0]LogDerivedDataCache: Unable to find inner node CompressedPak for hierarchical cache Hierarchy.
[2017.12.06-23.07.47:118][  0]LogDerivedDataCache: Display: Pak cache opened for reading ../../../Engine/DerivedDataCache/Compressed.ddp.
[2017.12.06-23.07.47:130][  0]LogDerivedDataCache: Using Local data cache path C:/Users/rajjj/AppData/Local/UnrealEngine/Common/DerivedDataCache: Writable
[2017.12.06-23.07.47:138][  0]LogMaterial: Verifying Global Shaders for PCD3D_SM5
[2017.12.06-23.07.47:139][  0]LogSlate: Using Freetype 2.6.0
[2017.12.06-23.07.47:139][  0]LogSlate: SlateFontCache - WITH_FREETYPE: 1, WITH_HARFBUZZ: 1
[2017.12.06-23.07.47:139][  0]LogSlate: SlateFontCache - WITH_FREETYPE: 1, WITH_HARFBUZZ: 1
[2017.12.06-23.07.47:358][  0]LogAssetRegistry: FAssetRegistry took 0.0260 seconds to start up
[2017.12.06-23.07.47:454][  0]LogInit: Selected Device Profile: [Windows]
[2017.12.06-23.07.47:574][  0]LogContentStreaming: Texture pool size is 0.00 MB
[2017.12.06-23.07.47:841][  0]LogSimplygon: Simplygon DLL not present - disabling.
[2017.12.06-23.07.47:881][  0]LogMeshReduction: Using SimplygonSwarm for distributed automatic mesh merging
[2017.12.06-23.07.47:881][  0]LogMeshReduction: Using QuadricMeshReduction for automatic static mesh reduction
[2017.12.06-23.07.47:881][  0]LogMeshReduction: No automatic skeletal mesh reduction module available
[2017.12.06-23.07.47:881][  0]LogMeshReduction: No automatic mesh merging module available
[2017.12.06-23.07.47:881][  0]LogMeshMerging: No automatic mesh merging module available
[2017.12.06-23.07.48:178][  0]LogNetVersion: InsertNameAdventure , NetCL: 3573198, EngineNetVer: 2, GameNetVer: 0 (Checksum: 3080426378)
[2017.12.06-23.07.48:376][  0]LogPackageLocalizationCache: Processed 5 localized package path(s) for 2 prioritized culture(s) in 0.044295 seconds
[2017.12.06-23.07.48:382][  0]LogUObjectArray: 35825 objects as part of root set at end of initial load.
[2017.12.06-23.07.48:382][  0]LogUObjectAllocator: 7529104 out of 0 bytes used by permanent object pool.
[2017.12.06-23.07.48:382][  0]LogUObjectArray: CloseDisregardForGC: 0/0 objects in disregard for GC pool
[2017.12.06-23.07.48:438][  0]LogInit: WinSock: version 1.1 (2.2), MaxSocks=32767, MaxUdp=65467
[2017.12.06-23.07.50:673][  0]LogTcpMessaging: Initializing TcpMessaging bridge
[2017.12.06-23.07.50:709][  0]LogUdpMessaging: Initializing bridge on interface 0.0.0.0:0 to multicast group 230.0.0.1:6666.
[2017.12.06-23.07.51:281][  0]LogMaterial: Uniform references updated for custom material expression Custom.
[2017.12.06-23.07.51:647][  0]SourceControl: Source control is disabled
[2017.12.06-23.07.52:468][  0]LogAndroidPermission: UAndroidPermissionCallbackProxy::GetInstance
[2017.12.06-23.07.52:696][  0]LogOcInput: OculusInput pre-init called
[2017.12.06-23.07.52:939][  0]LogEngine: Initializing Engine...
[2017.12.06-23.07.52:941][  0]LogHMD: Failed to initialize OpenVR with code 110
[2017.12.06-23.07.53:118][  0]LogStats: UGameplayTagsManager::ConstructGameplayTagTree: Construct from data asset -  0.000 s
[2017.12.06-23.07.53:118][  0]LogStats: UGameplayTagsManager::ConstructGameplayTagTree: GameplayTagTreeChangedEvent.Broadcast -  0.000 s
[2017.12.06-23.07.53:231][  0]LogAIModule: Creating AISystem for world Untitled
[2017.12.06-23.07.53:239][  0]LogInit: XAudio2 using 'Speakers (2- Logitech G930 Headset)' : 2 channels at 48 kHz using 16 bits per sample (channel mask 0x3)
[2017.12.06-23.07.53:248][  0]LogInit: FAudioDevice initialized.
[2017.12.06-23.07.53:328][  0]LogDerivedDataCache: Saved boot cache 0.08s 93MB C:/Users/rajjj/AppData/Local/UnrealEngine/4.17/DerivedDataCache/Boot.ddc.
[2017.12.06-23.07.53:338][  0]LogInit: Texture streaming: Enabled
[2017.12.06-23.07.53:437][  0]LogEngineSessionManager: EngineSessionManager initialized
[2017.12.06-23.07.53:624][  0]LogInit: Transaction tracking system initialized
[2017.12.06-23.07.53:888][  0]BlueprintLog: New page: Editor Load
[2017.12.06-23.07.54:663][  0]LocalizationService: Localization service is disabled
[2017.12.06-23.07.55:254][  0]LogConsoleResponse: Display: 
[2017.12.06-23.07.55:417][  0]LogCook: Display: Max memory allowance for cook 16384mb min free memory 0mb
[2017.12.06-23.07.55:417][  0]LogCook: Display: Mobile HDR setting 1
[2017.12.06-23.07.55:417][  0]LogGameplayTags: Display: UGameplayTagsManager::DoneAddingNativeTags. DelegateIsBound: 0
[2017.12.06-23.07.55:752][  0]LogFileCache: Scanning file cache for directory 'C:/Users/rajjj/OneDrive/Documents/GitHub/DatBoiEntertainmetnGame_/Content/' took 0.02s
[2017.12.06-23.07.56:312][  0]Cmd: MAP LOAD FILE="../../../../../../Users/rajjj/OneDrive/Documents/GitHub/DatBoiEntertainmetnGame_/Content/2DSideScrollerBP/Maps/Levels/Rainforest_Alien.umap" TEMPLATE=0 SHOWPROGRESS=1 FEATURELEVEL=3
[2017.12.06-23.07.56:312][  0]LightingResults: New page: Lighting Build
[2017.12.06-23.07.56:349][  0]MapCheck: New page: Map Check
[2017.12.06-23.07.56:349][  0]LightingResults: New page: Lighting Build
[2017.12.06-23.07.57:484][  0]LogMaterial: Missing cached shader map for material BlueLight_M1, compiling. 
[2017.12.06-23.07.57:484][  0]LogMaterial: Warning: Failed to compile Material /Game/2DSideScrollerBP/Maps/Levels/LevelSprites/Sprites/Rain_Forrest_Sprites/Materials/BlueLight_M1.BlueLight_M1 for platform PCD3D_SM5, Default Material will be used in game.
[2017.12.06-23.07.57:484][  0]LogMaterial: Warning: 	Function Flicker_MF: Missing function input 'Color'
[2017.12.06-23.07.57:540][  0]LogAIModule: Creating AISystem for world Rainforest_Alien
[2017.12.06-23.07.57:572][  0]LogEditorServer: Finished looking for orphan Actors (0.000 secs)
[2017.12.06-23.07.57:587][  0]Cmd: MAP CHECKDEP NOCLEARLOG
[2017.12.06-23.07.57:649][  0]MapCheck: Map check complete: 0 Error(s), 0 Warning(s), took 61.727ms to complete.
[2017.12.06-23.07.57:649][  0]LogFileHelpers: Loading map 'Rainforest_Alien' took 1.337
[2017.12.06-23.07.57:870][  0]LogCollectionManager: Loaded 0 collections in 0.001278 seconds
[2017.12.06-23.07.57:949][  0]LogFileCache: Scanning file cache for directory 'C:/Users/rajjj/OneDrive/Documents/GitHub/DatBoiEntertainmetnGame_/Saved/Collections/' took 0.01s
[2017.12.06-23.07.57:949][  0]LogFileCache: Scanning file cache for directory 'C:/Users/rajjj/OneDrive/Documents/GitHub/DatBoiEntertainmetnGame_/Content/Developers/rajjj/Collections/' took 0.01s
[2017.12.06-23.07.57:949][  0]LogFileCache: Scanning file cache for directory 'C:/Users/rajjj/OneDrive/Documents/GitHub/DatBoiEntertainmetnGame_/Content/Collections/' took 0.01s
[2017.12.06-23.07.57:949][  0]LogCollectionManager: Rebuilt the GUID cache for 0 collections in 0.000000 seconds
[2017.12.06-23.07.57:958][  0]LogContentBrowser: Native class hierarchy populated in 0.0092 seconds. Added 2386 classes and 500 folders.
[2017.12.06-23.07.58:018][  0]LogContentBrowser: Native class hierarchy updated for 'WidgetCarousel' in 0.0005 seconds. Added 0 classes and 0 folders.
[2017.12.06-23.07.58:049][  0]LogContentBrowser: Native class hierarchy updated for 'AddContentDialog' in 0.0005 seconds. Added 0 classes and 0 folders.
[2017.12.06-23.07.58:089][  0]LogContentBrowser: Native class hierarchy updated for 'SceneOutliner' in 0.0005 seconds. Added 1 classes and 2 folders.
[2017.12.06-23.07.58:108][  0]LogSlate: Took 0.000166 seconds to synchronously load lazily loaded font '../../../Engine/Content/Slate/Fonts/Roboto-Regular.ttf' (155K)
[2017.12.06-23.07.58:110][  0]LogSlate: Took 0.000167 seconds to synchronously load lazily loaded font '../../../Engine/Content/Slate/Fonts/Roboto-Bold.ttf' (160K)
[2017.12.06-23.07.58:115][  0]LogSlate: Took 0.000165 seconds to synchronously load lazily loaded font '../../../Engine/Content/Editor/Slate/Fonts/FontAwesome.ttf' (139K)
[2017.12.06-23.07.58:199][  0]LogRenderer: Reallocating scene render targets to support 1616x628 Format 10 NumSamples 1 (Frame:1).
[2017.12.06-23.07.58:414][  0]LogContentBrowser: Native class hierarchy updated for 'HierarchicalLODOutliner' in 0.0006 seconds. Added 1 classes and 2 folders.
[2017.12.06-23.07.58:414][  0]LogLoad: (Engine Initialization) Total time: 16.29 seconds
[2017.12.06-23.07.58:414][  0]LogLoad: (Engine Initialization) Total Blueprint compile time: 0.00 seconds
[2017.12.06-23.07.58:414][  0]LogExternalProfiler: No external profilers were discovered.  External profiling features will not be available.
[2017.12.06-23.07.58:793][  0]SourceControl: On branch V1.5.1
[2017.12.06-23.07.58:793][  0]SourceControl: Your branch is up-to-date with 'origin/V1.5.1'.
[2017.12.06-23.07.58:793][  0]SourceControl: No commands done.
[2017.12.06-23.07.58:793][  0]SourceControl: Next commands to do (2 remaining commands):
[2017.12.06-23.07.58:793][  0]SourceControl:    pick b627089 Redid mt backdrop and started work on a desert zone
[2017.12.06-23.07.58:793][  0]SourceControl:    pick 5400dc0 Revert "Redid mt backdrop and started work on a desert zone"
[2017.12.06-23.07.58:793][  0]SourceControl:   (use "git rebase --edit-todo" to view and edit)
[2017.12.06-23.07.58:793][  0]SourceControl: You are currently editing a commit while rebasing branch 'V1.5.1' on 'ad616f1'.
[2017.12.06-23.07.58:793][  0]SourceControl:   (use "git commit --amend" to amend the current commit)
[2017.12.06-23.07.58:793][  0]SourceControl:   (use "git rebase --continue" once you are satisfied with your changes)
[2017.12.06-23.07.58:793][  0]SourceControl: Changes not staged for commit:
[2017.12.06-23.07.58:793][  0]SourceControl:   (use "git add/rm <file>..." to update what will be committed)
[2017.12.06-23.07.58:794][  0]SourceControl:   (use "git checkout -- <file>..." to discard changes in working directory)
[2017.12.06-23.07.58:794][  0]SourceControl: 	modified:   Content/2DSideScrollerBP/Blueprints/Testing_Assets/Enemy_Test_BP.uasset
[2017.12.06-23.07.58:794][  0]SourceControl: 	modified:   Content/2DSideScrollerBP/Blueprints/Testing_Assets/Test_AI_BP_Char.uasset
[2017.12.06-23.07.58:794][  0]SourceControl: 	modified:   Content/2DSideScrollerBP/Blueprints/UI/HPBar_Enemy_BP.uasset
[2017.12.06-23.07.58:794][  0]SourceControl: 	modified:   Content/2DSideScrollerBP/Maps/Levels/Test_Area1.umap
[2017.12.06-23.07.58:794][  0]SourceControl: 	modified:   Intermediate/AssetRegistryCache/c90e3f55.bin
[2017.12.06-23.07.58:794][  0]SourceControl: 	modified:   Intermediate/CachedAssetRegistry.bin
[2017.12.06-23.07.58:794][  0]SourceControl: 	modified:   Saved/Autosaves/Game/2DSideScrollerBP/Blueprints/Testing_Assets/Enemy_Test_BP_Auto1.uasset
[2017.12.06-23.07.58:794][  0]SourceControl: 	modified:   Saved/Autosaves/Game/2DSideScrollerBP/Blueprints/Testing_Assets/Test_AI_BP_Char_Auto1.uasset
[2017.12.06-23.07.58:794][  0]SourceControl: 	modified:   Saved/Autosaves/Game/2DSideScrollerBP/Blueprints/UI/HPBar_Enemy_BP_Auto1.uasset
[2017.12.06-23.07.58:794][  0]SourceControl: 	modified:   Saved/Autosaves/Game/2DSideScrollerBP/Maps/Levels/Test_Area1_Auto1.umap
[2017.12.06-23.07.58:794][  0]SourceControl: 	deleted:    Saved/Backup/Rainforest_Alien_2017-08-18-14-01-07.umap
[2017.12.06-23.07.58:794][  0]SourceControl: 	modified:   Saved/Config/Windows/Editor.ini
[2017.12.06-23.07.58:794][  0]SourceControl: 	modified:   Saved/Config/Windows/EditorPerProjectUserSettings.ini
[2017.12.06-23.07.58:794][  0]SourceControl: 	modified:   Saved/Config/Windows/Engine.ini
[2017.12.06-23.07.58:794][  0]SourceControl: 	deleted:    Saved/Logs/InsertNameAdventure-backup-2017.11.25-16.11.59.log
[2017.12.06-23.07.58:794][  0]SourceControl: 	deleted:    Saved/Logs/InsertNameAdventure-backup-2017.11.27-16.03.05.log
[2017.12.06-23.07.58:794][  0]SourceControl: 	deleted:    Saved/Logs/InsertNameAdventure-backup-2017.11.30-18.52.56.log
[2017.12.06-23.07.58:794][  0]SourceControl: 	modified:   Saved/Logs/InsertNameAdventure.log
[2017.12.06-23.07.58:794][  0]SourceControl: Untracked files:
[2017.12.06-23.07.58:794][  0]SourceControl:   (use "git add <file>..." to include in what will be committed)
[2017.12.06-23.07.58:794][  0]SourceControl: 	Saved/Backup/Enemy_Test_BP_2017-12-06-16-02-00.uasset
[2017.12.06-23.07.58:794][  0]SourceControl: 	Saved/Backup/HPBar_Enemy_BP_2017-12-06-16-02-01.uasset
[2017.12.06-23.07.58:794][  0]SourceControl: 	Saved/Backup/Test_AI_BP_Char_2017-12-06-16-02-01.uasset
[2017.12.06-23.07.58:794][  0]SourceControl: 	Saved/Backup/Test_Area1_2017-12-06-16-02-00.umap
[2017.12.06-23.07.58:794][  0]SourceControl: 	Saved/Config/CrashReportClient/UE4CC-Windows-41B01B4D4B591423098894AB43485250/
[2017.12.06-23.07.58:794][  0]SourceControl: 	Saved/Config/CrashReportClient/UE4CC-Windows-5E1A132842FAF8571C0507A18D04DB38/
[2017.12.06-23.07.58:794][  0]SourceControl: 	Saved/Config/CrashReportClient/UE4CC-Windows-ABC95AA14159A25E72FE8C9ADA2BEFFB/
[2017.12.06-23.07.58:794][  0]SourceControl: 	Saved/Crashes/UE4CC-Windows-5E1A132842FAF8571C0507A18D04DB38_0000/
[2017.12.06-23.07.58:794][  0]SourceControl: 	Saved/Logs/InsertNameAdventure-backup-2017.12.06-15.46.22.log
[2017.12.06-23.07.58:794][  0]SourceControl: 	Saved/Logs/InsertNameAdventure-backup-2017.12.06-16.06.20.log
[2017.12.06-23.07.58:794][  0]SourceControl: 	Saved/Logs/InsertNameAdventure-backup-2017.12.06-16.07.43.log
[2017.12.06-23.07.58:794][  0]SourceControl: no changes added to commit (use "git add" and/or "git commit -a")
[2017.12.06-23.07.58:795][  0]LogContentStreaming: Texture pool size now 1000 MB
[2017.12.06-23.07.58:883][  0]LogSlate: Took 0.000166 seconds to synchronously load lazily loaded font '../../../Engine/Content/Slate/Fonts/Roboto-Light.ttf' (159K)
[2017.12.06-23.07.59:112][  1]LogParticles: Warning: Spawning 23333 GPU particles in one frame[2]: RainFall4_PS/Particle Emitter
[2017.12.06-23.07.59:456][  2]LogAssetRegistry: Asset discovery search completed in 12.1205 seconds
[2017.12.06-23.07.59:463][  2]LogCollectionManager: Rebuilt the object cache for 0 collections in 0.000001 seconds (found 0 objects)
[2017.12.06-23.07.59:463][  2]LogCollectionManager: Fixed up redirectors for 0 collections in 0.000115 seconds (updated 0 objects)
[2017.12.06-23.07.59:481][  2]LogParticles: Warning: Spawning 23338 GPU particles in one frame[3]: RainFall4_PS/Particle Emitter
[2017.12.06-23.07.59:783][  3]LogSlate: Took 0.000427 seconds to synchronously load lazily loaded font '../../../Engine/Content/Slate/Fonts/Roboto-Light.ttf' (159K)
[2017.12.06-23.08.01:115][  7]LogParticles: Warning: Spawning 23333 GPU particles in one frame[8]: RainFall4_PS/Particle Emitter
[2017.12.06-23.08.01:451][  8]LogParticles: Warning: Spawning 23334 GPU particles in one frame[9]: RainFall4_PS/Particle Emitter
[2017.12.06-23.08.01:784][  9]LogParticles: Warning: Spawning 23333 GPU particles in one frame[10]: RainFall4_PS/Particle Emitter
[2017.12.06-23.08.02:149][ 11]LogSlate: Took 0.000150 seconds to synchronously load lazily loaded font '../../../Engine/Content/Slate/Fonts/Roboto-Light.ttf' (159K)
[2017.12.06-23.08.02:623][ 11]LogContentBrowser: Native class hierarchy updated for 'BlueprintGraph' in 0.0008 seconds. Added 113 classes and 0 folders.
[2017.12.06-23.08.03:342][ 11]LogSlate: Took 0.000184 seconds to synchronously load lazily loaded font '../../../Engine/Content/Editor/Slate/Fonts/Roboto-BoldCondensed.ttf' (158K)
[2017.12.06-23.08.03:444][ 12]LogParticles: Warning: Spawning 28000 GPU particles in one frame[13]: RainFall4_PS/Particle Emitter
[2017.12.06-23.08.03:446][ 12]LogSlate: Took 0.000167 seconds to synchronously load lazily loaded font '../../../Engine/Content/Editor/Slate/Fonts/Roboto-Italic.ttf' (157K)
[2017.12.06-23.08.04:096][ 70]LogFileCache: Retrieving MD5 hashes for directory 'C:/Users/rajjj/OneDrive/Documents/GitHub/DatBoiEntertainmetnGame_/Content/' took 5.33s
[2017.12.06-23.08.08:854][435]LogAIModule: Creating AISystem for world Test_Area1
[2017.12.06-23.08.08:884][435]Cmd: MAP LOAD FILE="../../../../../../Users/rajjj/OneDrive/Documents/GitHub/DatBoiEntertainmetnGame_/Content/2DSideScrollerBP/Maps/Levels/Test_Area1.umap" TEMPLATE=0 SHOWPROGRESS=1 FEATURELEVEL=3
[2017.12.06-23.08.08:884][435]LightingResults: New page: Lighting Build
[2017.12.06-23.08.08:885][435]LoadErrors: New page: Loading map: Test_Area1.umap
[2017.12.06-23.08.08:889][435]MapCheck: New page: Map Check
[2017.12.06-23.08.08:889][435]LightingResults: New page: Lighting Build
[2017.12.06-23.08.08:922][435]LogEditorServer: Finished looking for orphan Actors (0.000 secs)
[2017.12.06-23.08.09:001][435]Cmd: MAP CHECKDEP NOCLEARLOG
[2017.12.06-23.08.09:069][435]MapCheck: Map check complete: 0 Error(s), 0 Warning(s), took 67.471ms to complete.
[2017.12.06-23.08.09:069][435]LogFileHelpers: Loading map 'Test_Area1' took 0.186
[2017.12.06-23.08.13:025][865]LogTemp: Repeating last play command: Selected Viewport
[2017.12.06-23.08.13:118][865]LogPlayLevel: PlayLevel: No blueprints needed recompiling
[2017.12.06-23.08.13:118][865]PIE: New page: PIE session: Test_Area1 (Dec 6, 2017, 9:08:13 AM)
[2017.12.06-23.08.13:118][865]LogPlayLevel: Creating play world package: /Game/2DSideScrollerBP/Maps/Levels/UEDPIE_0_Test_Area1
[2017.12.06-23.08.13:120][865]LogPlayLevel: PIE: StaticDuplicateObject took: (0.001871s)
[2017.12.06-23.08.13:121][865]LogAIModule: Creating AISystem for world Test_Area1
[2017.12.06-23.08.13:121][865]LogPlayLevel: PIE: World Init took: (0.000587s)
[2017.12.06-23.08.13:121][865]LogPlayLevel: PIE: Created PIE world by copying editor world from /Game/2DSideScrollerBP/Maps/Levels/Test_Area1.Test_Area1 to /Game/2DSideScrollerBP/Maps/Levels/UEDPIE_0_Test_Area1.Test_Area1 (0.002722s)
[2017.12.06-23.08.13:142][865]LogInit: XAudio2 using 'Speakers (2- Logitech G930 Headset)' : 2 channels at 48 kHz using 16 bits per sample (channel mask 0x3)
[2017.12.06-23.08.13:148][865]LogInit: FAudioDevice initialized.
[2017.12.06-23.08.13:200][865]LogLoad: Game class is '2DSideScrollerGameMode_C'
[2017.12.06-23.08.13:220][865]LogWorld: Bringing World /Game/2DSideScrollerBP/Maps/Levels/UEDPIE_0_Test_Area1.Test_Area1 up for play (max tick rate 0) at 2017.12.06-16.08.13
[2017.12.06-23.08.13:223][865]LogWorld: Bringing up level for play took: 0.018954
[2017.12.06-23.08.13:364][865]LogContentBrowser: Native class hierarchy updated for 'MovieSceneCapture' in 0.0020 seconds. Added 11 classes and 0 folders.
[2017.12.06-23.08.13:395][865]PIE: Play in editor start time for /Game/2DSideScrollerBP/Maps/Levels/UEDPIE_0_Test_Area1 -0.005
[2017.12.06-23.09.00:598][354]LogEditorViewport: Clicking on Actor (LMB): Skybox_BP_Rain_C (Skybox_BP_Rain)
[2017.12.06-23.09.01:416][448]LogEditorViewport: Clicking on Actor (LMB): Test_AI_BP_Char_C (Test_AI_BP_Char)
[2017.12.06-23.09.01:782][483]LogEditorViewport: Clicking on Actor (LMB): Test_AI_BP_Char_C (Test_AI_BP_Char)
[2017.12.06-23.09.28:221][572]LogEditorViewport: Clicking on Actor (LMB): Skybox_BP_Rain_C (Skybox_BP_Rain)
[2017.12.06-23.09.30:041][774]LogTemp: Repeating last play command: Selected Viewport
[2017.12.06-23.09.30:081][774]LogPlayLevel: PlayLevel: No blueprints needed recompiling
[2017.12.06-23.09.30:082][774]PIE: New page: PIE session: Test_Area1 (Dec 6, 2017, 9:09:30 AM)
[2017.12.06-23.09.30:082][774]LogPlayLevel: Creating play world package: /Game/2DSideScrollerBP/Maps/Levels/UEDPIE_0_Test_Area1
[2017.12.06-23.09.30:084][774]LogPlayLevel: PIE: StaticDuplicateObject took: (0.002077s)
[2017.12.06-23.09.30:084][774]LogAIModule: Creating AISystem for world Test_Area1
[2017.12.06-23.09.30:084][774]LogPlayLevel: PIE: World Init took: (0.000580s)
[2017.12.06-23.09.30:085][774]LogPlayLevel: PIE: Created PIE world by copying editor world from /Game/2DSideScrollerBP/Maps/Levels/Test_Area1.Test_Area1 to /Game/2DSideScrollerBP/Maps/Levels/UEDPIE_0_Test_Area1.Test_Area1 (0.002920s)
[2017.12.06-23.09.30:107][774]LogInit: XAudio2 using 'Speakers (2- Logitech G930 Headset)' : 2 channels at 48 kHz using 16 bits per sample (channel mask 0x3)
[2017.12.06-23.09.30:113][774]LogInit: FAudioDevice initialized.
[2017.12.06-23.09.30:146][774]LogLoad: Game class is '2DSideScrollerGameMode_C'
[2017.12.06-23.09.30:152][774]LogWorld: Bringing World /Game/2DSideScrollerBP/Maps/Levels/UEDPIE_0_Test_Area1.Test_Area1 up for play (max tick rate 0) at 2017.12.06-16.09.30
[2017.12.06-23.09.30:153][774]LogWorld: Bringing up level for play took: 0.005206
[2017.12.06-23.09.30:161][774]PIE: Play in editor start time for /Game/2DSideScrollerBP/Maps/Levels/UEDPIE_0_Test_Area1 0.761
[2017.12.06-23.09.53:848][435]LogRenderer: Reallocating scene render targets to support 1616x720 Format 10 NumSamples 1 (Frame:1).
[2017.12.06-23.11.05:844][545]LogEditorTransaction: Undo Modify Component(s)
[2017.12.06-23.12.37:878][218]LogEditorTransaction: Undo Add Component
[2017.12.06-23.12.38:191][243]LogEditorTransaction: Undo Modify Component(s)
[2017.12.06-23.12.38:625][271]LogEditorTransaction: Undo Modify Component(s)
[2017.12.06-23.12.39:049][298]LogEditorTransaction: Undo Modify Component(s)
[2017.12.06-23.12.39:550][327]LogEditorTransaction: Undo Modify Component(s)
[2017.12.06-23.12.39:968][349]LogEditorTransaction: Undo Modify Component(s)
[2017.12.06-23.12.40:358][371]LogEditorTransaction: Undo Modify Component(s)
[2017.12.06-23.12.40:822][401]LogEditorTransaction: Undo Modify Component(s)
[2017.12.06-23.12.41:263][431]LogEditorTransaction: Undo Modify Component(s)
[2017.12.06-23.12.41:658][455]LogEditorTransaction: Undo Modify Component(s)
[2017.12.06-23.12.42:363][500]LogEditorTransaction: Undo Modify Component(s)
[2017.12.06-23.12.42:798][527]LogEditorTransaction: Undo Modify Component(s)
[2017.12.06-23.12.43:298][558]LogEditorTransaction: Undo Modify Component(s)
[2017.12.06-23.12.43:763][587]LogEditorTransaction: Undo Modify Component(s)
[2017.12.06-23.12.44:163][612]LogEditorTransaction: Undo Edit Y
[2017.12.06-23.12.44:189][612]LogActorComponent: ~FComponentReregisterContext: (/Game/2DSideScrollerBP/Maps/Levels/Test_Area1.Test_Area1:PersistentLevel.Test_AI_BP_Char_103.Arrow) Component already registered.
[2017.12.06-23.12.44:190][612]LogActorComponent: ~FComponentReregisterContext: (/Game/2DSideScrollerBP/Maps/Levels/Test_Area1.Test_Area1:PersistentLevel.Test_AI_BP_Char_103.CharMoveComp) Component already registered.
[2017.12.06-23.12.44:191][612]LogActorComponent: ~FComponentReregisterContext: (/Game/2DSideScrollerBP/Maps/Levels/Test_Area1.Test_Area1:PersistentLevel.Test_AI_BP_Char_103.Sprite0) Component already registered.
[2017.12.06-23.12.44:576][636]LogEditorTransaction: Undo Edit X
[2017.12.06-23.12.44:604][636]LogActorComponent: ~FComponentReregisterContext: (/Game/2DSideScrollerBP/Maps/Levels/Test_Area1.Test_Area1:PersistentLevel.Test_AI_BP_Char_103.Arrow) Component already registered.
[2017.12.06-23.12.44:605][636]LogActorComponent: ~FComponentReregisterContext: (/Game/2DSideScrollerBP/Maps/Levels/Test_Area1.Test_Area1:PersistentLevel.Test_AI_BP_Char_103.CharMoveComp) Component already registered.
[2017.12.06-23.12.44:606][636]LogActorComponent: ~FComponentReregisterContext: (/Game/2DSideScrollerBP/Maps/Levels/Test_Area1.Test_Area1:PersistentLevel.Test_AI_BP_Char_103.Sprite0) Component already registered.
[2017.12.06-23.12.45:024][663]LogEditorTransaction: Undo Modify Component(s)
[2017.12.06-23.12.45:425][688]LogEditorTransaction: Undo Add Component
[2017.12.06-23.15.12:202][784]LogEditorTransaction: Undo Modify Component(s)
[2017.12.06-23.15.49:336][461]LogSlate: Warning: Prevented a slow task dialog from being summoned while a context menu was open
[2017.12.06-23.16.02:361][737]LogEditorTransaction: Undo Modify Component(s)
[2017.12.06-23.17.42:667][869]LogContentBrowser: Native class hierarchy updated for 'TextureEditor' in 0.0006 seconds. Added 1 classes and 2 folders.
[2017.12.06-23.18.35:664][ 63]LogEditorViewport: Clicking on Actor (LMB): Skybox_BP_Rain_C (Skybox_BP_Rain)
[2017.12.06-23.18.37:164][213]LogTemp: Repeating last play command: Selected Viewport
[2017.12.06-23.18.37:221][213]BlueprintLog: New page: Pre-Play auto-recompile
[2017.12.06-23.18.37:241][213]LogPlayLevel: [PlayLevel] Compiling BP_bullet before play...
[2017.12.06-23.18.37:248][213]LogPlayLevel: [PlayLevel]   Compiling Test_AI_BP_Char as a dependent...
[2017.12.06-23.18.37:866][213]LogPlayLevel: [PlayLevel] Compiling Test_AI2_BP before play...
[2017.12.06-23.18.38:649][213]LogPlayLevel: PlayLevel: Blueprint regeneration took 1427 ms (3 blueprints)
[2017.12.06-23.18.38:649][213]PIE: New page: PIE session: Test_Area1 (Dec 6, 2017, 9:18:38 AM)
[2017.12.06-23.18.38:650][213]LogPlayLevel: Creating play world package: /Game/2DSideScrollerBP/Maps/Levels/UEDPIE_0_Test_Area1
[2017.12.06-23.18.38:652][213]LogPlayLevel: PIE: StaticDuplicateObject took: (0.002164s)
[2017.12.06-23.18.38:652][213]LogAIModule: Creating AISystem for world Test_Area1
[2017.12.06-23.18.38:652][213]LogPlayLevel: PIE: World Init took: (0.000568s)
[2017.12.06-23.18.38:653][213]LogPlayLevel: PIE: Created PIE world by copying editor world from /Game/2DSideScrollerBP/Maps/Levels/Test_Area1.Test_Area1 to /Game/2DSideScrollerBP/Maps/Levels/UEDPIE_0_Test_Area1.Test_Area1 (0.003006s)
[2017.12.06-23.18.38:679][213]LogInit: XAudio2 using 'Speakers (2- Logitech G930 Headset)' : 2 channels at 48 kHz using 16 bits per sample (channel mask 0x3)
[2017.12.06-23.18.38:685][213]LogInit: FAudioDevice initialized.
[2017.12.06-23.18.38:716][213]LogLoad: Game class is '2DSideScrollerGameMode_C'
[2017.12.06-23.18.38:722][213]LogWorld: Bringing World /Game/2DSideScrollerBP/Maps/Levels/UEDPIE_0_Test_Area1.Test_Area1 up for play (max tick rate 0) at 2017.12.06-16.18.38
[2017.12.06-23.18.38:723][213]LogWorld: Bringing up level for play took: 0.005996
[2017.12.06-23.18.38:731][213]PIE: Play in editor start time for /Game/2DSideScrollerBP/Maps/Levels/UEDPIE_0_Test_Area1 1.331
[2017.12.06-23.19.10:650][714]LogEditorTransaction: Undo Modify Component(s)
[2017.12.06-23.19.11:348][758]LogEditorTransaction: Undo Modify Component(s)
[2017.12.06-23.19.11:766][778]LogEditorTransaction: Undo Modify Component(s)
[2017.12.06-23.19.41:680][939]BlueprintLog: New page: Compile Test_AI2_BP
[2017.12.06-23.19.44:423][151]LogTemp: Repeating last play command: Selected Viewport
[2017.12.06-23.19.44:467][151]LogPlayLevel: PlayLevel: No blueprints needed recompiling
[2017.12.06-23.19.44:467][151]PIE: New page: PIE session: Test_Area1 (Dec 6, 2017, 9:19:44 AM)
[2017.12.06-23.19.44:467][151]LogPlayLevel: Creating play world package: /Game/2DSideScrollerBP/Maps/Levels/UEDPIE_0_Test_Area1
[2017.12.06-23.19.44:469][151]LogPlayLevel: PIE: StaticDuplicateObject took: (0.001968s)
[2017.12.06-23.19.44:470][151]LogAIModule: Creating AISystem for world Test_Area1
[2017.12.06-23.19.44:470][151]LogPlayLevel: PIE: World Init took: (0.000678s)
[2017.12.06-23.19.44:470][151]LogPlayLevel: PIE: Created PIE world by copying editor world from /Game/2DSideScrollerBP/Maps/Levels/Test_Area1.Test_Area1 to /Game/2DSideScrollerBP/Maps/Levels/UEDPIE_0_Test_Area1.Test_Area1 (0.002877s)
[2017.12.06-23.19.44:499][151]LogInit: XAudio2 using 'Speakers (2- Logitech G930 Headset)' : 2 channels at 48 kHz using 16 bits per sample (channel mask 0x3)
[2017.12.06-23.19.44:505][151]LogInit: FAudioDevice initialized.
[2017.12.06-23.19.44:537][151]LogLoad: Game class is '2DSideScrollerGameMode_C'
[2017.12.06-23.19.44:543][151]LogWorld: Bringing World /Game/2DSideScrollerBP/Maps/Levels/UEDPIE_0_Test_Area1.Test_Area1 up for play (max tick rate 0) at 2017.12.06-16.19.44
[2017.12.06-23.19.44:544][151]LogWorld: Bringing up level for play took: 0.006240
[2017.12.06-23.19.44:553][151]PIE: Play in editor start time for /Game/2DSideScrollerBP/Maps/Levels/UEDPIE_0_Test_Area1 -0.846
[2017.12.06-23.20.06:641][384]BlueprintLog: New page: Compile Test_AI2_BP
[2017.12.06-23.20.12:095][929]LogTemp: Repeating last play command: Selected Viewport
[2017.12.06-23.20.12:133][929]LogPlayLevel: PlayLevel: No blueprints needed recompiling
[2017.12.06-23.20.12:133][929]PIE: New page: PIE session: Test_Area1 (Dec 6, 2017, 9:20:12 AM)
[2017.12.06-23.20.12:133][929]LogPlayLevel: Creating play world package: /Game/2DSideScrollerBP/Maps/Levels/UEDPIE_0_Test_Area1
[2017.12.06-23.20.12:135][929]LogPlayLevel: PIE: StaticDuplicateObject took: (0.002286s)
[2017.12.06-23.20.12:136][929]LogAIModule: Creating AISystem for world Test_Area1
[2017.12.06-23.20.12:136][929]LogPlayLevel: PIE: World Init took: (0.000658s)
[2017.12.06-23.20.12:136][929]LogPlayLevel: PIE: Created PIE world by copying editor world from /Game/2DSideScrollerBP/Maps/Levels/Test_Area1.Test_Area1 to /Game/2DSideScrollerBP/Maps/Levels/UEDPIE_0_Test_Area1.Test_Area1 (0.003239s)
[2017.12.06-23.20.12:166][929]LogInit: XAudio2 using 'Speakers (2- Logitech G930 Headset)' : 2 channels at 48 kHz using 16 bits per sample (channel mask 0x3)
[2017.12.06-23.20.12:172][929]LogInit: FAudioDevice initialized.
[2017.12.06-23.20.12:202][929]LogLoad: Game class is '2DSideScrollerGameMode_C'
[2017.12.06-23.20.12:208][929]LogWorld: Bringing World /Game/2DSideScrollerBP/Maps/Levels/UEDPIE_0_Test_Area1.Test_Area1 up for play (max tick rate 0) at 2017.12.06-16.20.12
[2017.12.06-23.20.12:209][929]LogWorld: Bringing up level for play took: 0.005701
[2017.12.06-23.20.12:218][929]PIE: Play in editor start time for /Game/2DSideScrollerBP/Maps/Levels/UEDPIE_0_Test_Area1 0.818
[2017.12.06-23.20.26:446][774]BlueprintLog: New page: Compile Test_AI2_BP
[2017.12.06-23.20.53:834][494]BlueprintLog: New page: Compile Test_AI2_BP
[2017.12.06-23.21.23:586][977]BlueprintLog: New page: Compile Test_AI2_BP
[2017.12.06-23.21.38:312][571]SourceControl: fatal: C:/Program Files/Epic Games/UE_4.17/Engine/Content/ArtTools/RenderToTexture/Textures/127grey.uasset: 'C:/Program Files/Epic Games/UE_4.17/Engine/Content/ArtTools/RenderToTexture/Textures/127grey.uasset' is outside repository
[2017.12.06-23.21.38:312][571]SourceControl: fatal: C:/Program Files/Epic Games/UE_4.17/Engine/Content/EngineLightProfiles/180Degree_IES.uasset: 'C:/Program Files/Epic Games/UE_4.17/Engine/Content/EngineLightProfiles/180Degree_IES.uasset' is outside repository
[2017.12.06-23.21.38:312][571]SourceControl: fatal: C:/Program Files/Epic Games/UE_4.17/Engine/Content/Functions/Engine_MaterialFunctions01/Coordinates/1Dto2DIndex.uasset: 'C:/Program Files/Epic Games/UE_4.17/Engine/Content/Functions/Engine_MaterialFunctions01/Coordinates/1Dto2DIndex.uasset' is outside repository
[2017.12.06-23.21.38:312][571]SourceControl: fatal: C:/Program Files/Epic Games/UE_4.17/Engine/Content/Functions/Engine_MaterialFunctions02/SupportFiles/1x1x1_Box_Pivot_-XYZ.uasset: 'C:/Program Files/Epic Games/UE_4.17/Engine/Content/Functions/Engine_MaterialFunctions02/SupportFiles/1x1x1_Box_Pivot_-XYZ.uasset' is outside repository
[2017.12.06-23.21.38:312][571]SourceControl: fatal: C:/Program Files/Epic Games/UE_4.17/Engine/Content/Functions/Engine_MaterialFunctions02/PivotPainter2/2dArrayLookupByIndex.uasset: 'C:/Program Files/Epic Games/UE_4.17/Engine/Content/Functions/Engine_MaterialFunctions02/PivotPainter2/2dArrayLookupByIndex.uasset' is outside repository
[2017.12.06-23.22.01:131][667]LogSlate: Took 0.005110 seconds to synchronously load lazily loaded font '../../../Engine/Content/Editor/Slate/Fonts/Roboto-BoldCondensedItalic.ttf' (160K)
[2017.12.06-23.22.05:056][925]BlueprintLog: New page: Compile Test_AI2_BP
[2017.12.06-23.22.26:090][571]BlueprintLog: New page: Compile Test_AI2_BP
[2017.12.06-23.22.26:094][571]LogBlueprint: Warning: [Compiler Test_AI2_BP] Can't parse default value '(X=0.000000,Y=0.000000,Z=0.000000)' for  <None> . Property: Point B.
[2017.12.06-23.22.26:450][571]LogBlueprint: Warning: [Compiler Test_AI2_BP] [0884.32] Compile of Test_AI2_BP successful, but with 1 Warning(s) [in 359 ms] (/Game/2DSideScrollerBP/Blueprints/Testing_Assets/Test_AI2_BP.Test_AI2_BP)
[2017.12.06-23.24.13:791][991]BlueprintLog: New page: Compile Test_AI2_BP
[2017.12.06-23.24.52:386][511]LogSavePackage: Save=61.67ms
[2017.12.06-23.24.52:387][511]LogSavePackage: Moving '../../../../../../Users/rajjj/OneDrive/Documents/GitHub/DatBoiEntertainmetnGame_/Saved/Test_Area1_Auto16E3D81204D5DF60EC3E1469517DFBDF7.tmp' to '../../../../../../Users/rajjj/OneDrive/Documents/GitHub/DatBoiEntertainmetnGame_/Saved/Autosaves/Game/2DSideScrollerBP/Maps/Levels/Test_Area1_Auto1.umap'
[2017.12.06-23.24.52:388][511]LogSavePackage: Display: Finished SavePackage ../../../../../../Users/rajjj/OneDrive/Documents/GitHub/DatBoiEntertainmetnGame_/Saved/Autosaves/Game/2DSideScrollerBP/Maps/Levels/Test_Area1_Auto1.umap
[2017.12.06-23.24.52:392][511]LogFileHelpers: Editor autosave (incl. sublevels) for '/Game/2DSideScrollerBP/Maps/Levels/Test_Area1' took 0.157
[2017.12.06-23.24.52:392][511]LogFileHelpers: Editor autosave (incl. sublevels) for all levels took 0.157
[2017.12.06-23.24.52:403][511]OBJ SavePackage: Generating thumbnails for [0] asset(s) in package [/Game/2DSideScrollerBP/Blueprints/Testing_Assets/Test_AI_BP_Char] ([1] browsable assets)...
[2017.12.06-23.24.52:403][511]OBJ SavePackage: Finished generating thumbnails for package [/Game/2DSideScrollerBP/Blueprints/Testing_Assets/Test_AI_BP_Char]
[2017.12.06-23.24.52:570][511]LogSavePackage: Save=105.91ms
[2017.12.06-23.24.52:570][511]LogSavePackage: Moving '../../../../../../Users/rajjj/OneDrive/Documents/GitHub/DatBoiEntertainmetnGame_/Saved/Test_AI_BP_Char_Auto18E127F93474DD0FA9FA13FA9BF73AA04.tmp' to '../../../../../../Users/rajjj/OneDrive/Documents/GitHub/DatBoiEntertainmetnGame_/Saved/Autosaves/Game/2DSideScrollerBP/Blueprints/Testing_Assets/Test_AI_BP_Char_Auto1.uasset'
[2017.12.06-23.24.52:573][511]LogSavePackage: Display: Finished SavePackage ../../../../../../Users/rajjj/OneDrive/Documents/GitHub/DatBoiEntertainmetnGame_/Saved/Autosaves/Game/2DSideScrollerBP/Blueprints/Testing_Assets/Test_AI_BP_Char_Auto1.uasset
[2017.12.06-23.24.52:574][511]OBJ SavePackage: Generating thumbnails for [0] asset(s) in package [/Game/2DSideScrollerBP/Blueprints/Testing_Assets/Test_AI2_BP] ([1] browsable assets)...
[2017.12.06-23.24.52:574][511]OBJ SavePackage: Finished generating thumbnails for package [/Game/2DSideScrollerBP/Blueprints/Testing_Assets/Test_AI2_BP]
[2017.12.06-23.24.52:603][511]LogSavePackage: Save=27.01ms
[2017.12.06-23.24.52:603][511]LogSavePackage: Moving '../../../../../../Users/rajjj/OneDrive/Documents/GitHub/DatBoiEntertainmetnGame_/Saved/Test_AI2_BP_Auto17AC3863C466810A064E185AA81CBE2D8.tmp' to '../../../../../../Users/rajjj/OneDrive/Documents/GitHub/DatBoiEntertainmetnGame_/Saved/Autosaves/Game/2DSideScrollerBP/Blueprints/Testing_Assets/Test_AI2_BP_Auto1.uasset'
[2017.12.06-23.24.52:604][511]LogSavePackage: Display: Finished SavePackage ../../../../../../Users/rajjj/OneDrive/Documents/GitHub/DatBoiEntertainmetnGame_/Saved/Autosaves/Game/2DSideScrollerBP/Blueprints/Testing_Assets/Test_AI2_BP_Auto1.uasset
[2017.12.06-23.24.52:604][511]LogFileHelpers: Auto-saving content packages took 0.202
[2017.12.06-23.25.05:528][790]LogEditorViewport: Clicking on Actor (LMB): Skybox_BP_Rain_C (Skybox_BP_Rain)
[2017.12.06-23.25.05:948][838]LogEditorViewport: Clicking on Actor (LMB): Test_AI2_BP_C (Test_AI2_BP)
[2017.12.06-23.25.25:667][ 92]LogEditorViewport: Clicking on Actor (LMB): Skybox_BP_Rain_C (Skybox_BP_Rain)
[2017.12.06-23.25.27:903][326]LogEditorViewport: Clicking on Actor (LMB): Test_AI2_BP_C (Test_AI2_BP)
[2017.12.06-23.25.37:460][441]LogEditorViewport: Clicking on Actor (LMB): Skybox_BP_Rain_C (Skybox_BP_Rain)
[2017.12.06-23.25.43:403][ 77]LogActorComponent: UnregisterComponent: (/Engine/Transient.EditorFloorComp) Not registered. Aborting.
[2017.12.06-23.26.24:581][668]LogTemp: Repeating last play command: Selected Viewport
[2017.12.06-23.26.24:615][668]LogPlayLevel: PlayLevel: No blueprints needed recompiling
[2017.12.06-23.26.24:615][668]PIE: New page: PIE session: Test_Area1 (Dec 6, 2017, 9:26:24 AM)
[2017.12.06-23.26.24:615][668]LogPlayLevel: Creating play world package: /Game/2DSideScrollerBP/Maps/Levels/UEDPIE_0_Test_Area1
[2017.12.06-23.26.24:618][668]LogPlayLevel: PIE: StaticDuplicateObject took: (0.002363s)
[2017.12.06-23.26.24:618][668]LogAIModule: Creating AISystem for world Test_Area1
[2017.12.06-23.26.24:618][668]LogPlayLevel: PIE: World Init took: (0.000739s)
[2017.12.06-23.26.24:619][668]LogPlayLevel: PIE: Created PIE world by copying editor world from /Game/2DSideScrollerBP/Maps/Levels/Test_Area1.Test_Area1 to /Game/2DSideScrollerBP/Maps/Levels/UEDPIE_0_Test_Area1.Test_Area1 (0.003333s)
[2017.12.06-23.26.24:671][668]LogInit: XAudio2 using 'Speakers (2- Logitech G930 Headset)' : 2 channels at 48 kHz using 16 bits per sample (channel mask 0x3)
[2017.12.06-23.26.24:676][668]LogInit: FAudioDevice initialized.
[2017.12.06-23.26.24:704][668]LogLoad: Game class is '2DSideScrollerGameMode_C'
[2017.12.06-23.26.24:709][668]LogWorld: Bringing World /Game/2DSideScrollerBP/Maps/Levels/UEDPIE_0_Test_Area1.Test_Area1 up for play (max tick rate 0) at 2017.12.06-16.26.24
[2017.12.06-23.26.24:710][668]LogWorld: Bringing up level for play took: 0.005800
[2017.12.06-23.26.24:719][668]PIE: Play in editor start time for /Game/2DSideScrollerBP/Maps/Levels/UEDPIE_0_Test_Area1 -0.681
[2017.12.06-23.27.38:179][991]LogEditorTransaction: Undo Move Node
[2017.12.06-23.27.38:700][ 31]LogEditorTransaction: Undo Add Node
[2017.12.06-23.28.39:953][292]LogTemp: Repeating last play command: Selected Viewport
[2017.12.06-23.28.39:987][292]BlueprintLog: New page: Pre-Play auto-recompile
[2017.12.06-23.28.39:992][292]LogPlayLevel: [PlayLevel] Compiling Test_AI2_BP before play...
[2017.12.06-23.28.40:392][292]LogPlayLevel: PlayLevel: Blueprint regeneration took 405 ms (1 blueprints)
[2017.12.06-23.28.40:392][292]PIE: New page: PIE session: Test_Area1 (Dec 6, 2017, 9:28:40 AM)
[2017.12.06-23.28.40:392][292]LogPlayLevel: Creating play world package: /Game/2DSideScrollerBP/Maps/Levels/UEDPIE_0_Test_Area1
[2017.12.06-23.28.40:395][292]LogPlayLevel: PIE: StaticDuplicateObject took: (0.002018s)
[2017.12.06-23.28.40:395][292]LogAIModule: Creating AISystem for world Test_Area1
[2017.12.06-23.28.40:395][292]LogPlayLevel: PIE: World Init took: (0.000655s)
[2017.12.06-23.28.40:395][292]LogPlayLevel: PIE: Created PIE world by copying editor world from /Game/2DSideScrollerBP/Maps/Levels/Test_Area1.Test_Area1 to /Game/2DSideScrollerBP/Maps/Levels/UEDPIE_0_Test_Area1.Test_Area1 (0.002861s)
[2017.12.06-23.28.40:428][292]LogInit: XAudio2 using 'Speakers (2- Logitech G930 Headset)' : 2 channels at 48 kHz using 16 bits per sample (channel mask 0x3)
[2017.12.06-23.28.40:434][292]LogInit: FAudioDevice initialized.
[2017.12.06-23.28.40:481][292]LogLoad: Game class is '2DSideScrollerGameMode_C'
[2017.12.06-23.28.40:487][292]LogWorld: Bringing World /Game/2DSideScrollerBP/Maps/Levels/UEDPIE_0_Test_Area1.Test_Area1 up for play (max tick rate 0) at 2017.12.06-16.28.40
[2017.12.06-23.28.40:488][292]LogWorld: Bringing up level for play took: 0.005710
[2017.12.06-23.28.40:498][292]PIE: Play in editor start time for /Game/2DSideScrollerBP/Maps/Levels/UEDPIE_0_Test_Area1 1.099
[2017.12.06-23.28.40:527][292]LogRenderer: Reallocating scene render targets to support 1616x756 Format 10 NumSamples 1 (Frame:1).
[2017.12.06-23.29.53:384][678]LogActorComponent: ReregisterComponent: (/Engine/Transient.World_2:PersistentLevel.Test_AI2_BP_C_0.Box Collision) Not currently registered. Aborting.
[2017.12.06-23.29.53:384][678]LogActorComponent: ReregisterComponent: (/Game/2DSideScrollerBP/Maps/Levels/Test_Area1.Test_Area1:PersistentLevel.Test_AI2_BP_182.Box Collision) Not currently registered. Aborting.
[2017.12.06-23.30.01:004][ 33]LogActorComponent: ReregisterComponent: (/Game/2DSideScrollerBP/Maps/Levels/Test_Area1.Test_Area1:PersistentLevel.Test_AI2_BP_182.Box Collision) Not currently registered. Aborting.
[2017.12.06-23.30.01:004][ 33]LogActorComponent: ReregisterComponent: (/Engine/Transient.World_2:PersistentLevel.Test_AI2_BP_C_0.Box Collision) Not currently registered. Aborting.
[2017.12.06-23.30.53:831][542]BlueprintLog: New page: Compile Test_AI2_BP
[2017.12.06-23.30.55:033][605]LogTemp: Repeating last play command: Selected Viewport
[2017.12.06-23.30.55:067][605]LogPlayLevel: PlayLevel: No blueprints needed recompiling
[2017.12.06-23.30.55:067][605]PIE: New page: PIE session: Test_Area1 (Dec 6, 2017, 9:30:55 AM)
[2017.12.06-23.30.55:067][605]LogPlayLevel: Creating play world package: /Game/2DSideScrollerBP/Maps/Levels/UEDPIE_0_Test_Area1
[2017.12.06-23.30.55:069][605]LogPlayLevel: PIE: StaticDuplicateObject took: (0.002435s)
[2017.12.06-23.30.55:070][605]LogAIModule: Creating AISystem for world Test_Area1
[2017.12.06-23.30.55:070][605]LogPlayLevel: PIE: World Init took: (0.000687s)
[2017.12.06-23.30.55:070][605]LogPlayLevel: PIE: Created PIE world by copying editor world from /Game/2DSideScrollerBP/Maps/Levels/Test_Area1.Test_Area1 to /Game/2DSideScrollerBP/Maps/Levels/UEDPIE_0_Test_Area1.Test_Area1 (0.003415s)
[2017.12.06-23.30.55:103][605]LogInit: XAudio2 using 'Speakers (2- Logitech G930 Headset)' : 2 channels at 48 kHz using 16 bits per sample (channel mask 0x3)
[2017.12.06-23.30.55:109][605]LogInit: FAudioDevice initialized.
[2017.12.06-23.30.55:154][605]LogLoad: Game class is '2DSideScrollerGameMode_C'
[2017.12.06-23.30.55:161][605]LogWorld: Bringing World /Game/2DSideScrollerBP/Maps/Levels/UEDPIE_0_Test_Area1.Test_Area1 up for play (max tick rate 0) at 2017.12.06-16.30.55
[2017.12.06-23.30.55:162][605]LogWorld: Bringing up level for play took: 0.006591
[2017.12.06-23.30.55:172][605]PIE: Play in editor start time for /Game/2DSideScrollerBP/Maps/Levels/UEDPIE_0_Test_Area1 -0.228
[2017.12.06-23.31.19:226][854]LogActorComponent: ReregisterComponent: (/Game/2DSideScrollerBP/Maps/Levels/Test_Area1.Test_Area1:PersistentLevel.Test_AI2_BP_182.Box Collision) Not currently registered. Aborting.
[2017.12.06-23.31.19:227][854]LogActorComponent: ReregisterComponent: (/Engine/Transient.World_2:PersistentLevel.Test_AI2_BP_C_0.Box Collision) Not currently registered. Aborting.
[2017.12.06-23.31.21:070][ 59]LogTemp: Repeating last play command: Selected Viewport
[2017.12.06-23.31.21:106][ 59]BlueprintLog: New page: Pre-Play auto-recompile
[2017.12.06-23.31.21:111][ 59]LogPlayLevel: [PlayLevel] Compiling Test_AI2_BP before play...
[2017.12.06-23.31.21:503][ 59]LogPlayLevel: PlayLevel: Blueprint regeneration took 397 ms (1 blueprints)
[2017.12.06-23.31.21:503][ 59]PIE: New page: PIE session: Test_Area1 (Dec 6, 2017, 9:31:21 AM)
[2017.12.06-23.31.21:503][ 59]LogPlayLevel: Creating play world package: /Game/2DSideScrollerBP/Maps/Levels/UEDPIE_0_Test_Area1
[2017.12.06-23.31.21:505][ 59]LogPlayLevel: PIE: StaticDuplicateObject took: (0.001897s)
[2017.12.06-23.31.21:505][ 59]LogAIModule: Creating AISystem for world Test_Area1
[2017.12.06-23.31.21:505][ 59]LogPlayLevel: PIE: World Init took: (0.000659s)
[2017.12.06-23.31.21:506][ 59]LogPlayLevel: PIE: Created PIE world by copying editor world from /Game/2DSideScrollerBP/Maps/Levels/Test_Area1.Test_Area1 to /Game/2DSideScrollerBP/Maps/Levels/UEDPIE_0_Test_Area1.Test_Area1 (0.002896s)
[2017.12.06-23.31.21:535][ 59]LogInit: XAudio2 using 'Speakers (2- Logitech G930 Headset)' : 2 channels at 48 kHz using 16 bits per sample (channel mask 0x3)
[2017.12.06-23.31.21:540][ 59]LogInit: FAudioDevice initialized.
[2017.12.06-23.31.21:585][ 59]LogLoad: Game class is '2DSideScrollerGameMode_C'
[2017.12.06-23.31.21:592][ 59]LogWorld: Bringing World /Game/2DSideScrollerBP/Maps/Levels/UEDPIE_0_Test_Area1.Test_Area1 up for play (max tick rate 0) at 2017.12.06-16.31.21
[2017.12.06-23.31.21:593][ 59]LogWorld: Bringing up level for play took: 0.006991
[2017.12.06-23.31.21:603][ 59]PIE: Play in editor start time for /Game/2DSideScrollerBP/Maps/Levels/UEDPIE_0_Test_Area1 0.203
[2017.12.06-23.31.30:250][547]LogTemp: Repeating last play command: Selected Viewport
[2017.12.06-23.31.30:284][547]LogPlayLevel: PlayLevel: No blueprints needed recompiling
[2017.12.06-23.31.30:284][547]PIE: New page: PIE session: Test_Area1 (Dec 6, 2017, 9:31:30 AM)
[2017.12.06-23.31.30:285][547]LogPlayLevel: Creating play world package: /Game/2DSideScrollerBP/Maps/Levels/UEDPIE_0_Test_Area1
[2017.12.06-23.31.30:287][547]LogPlayLevel: PIE: StaticDuplicateObject took: (0.002446s)
[2017.12.06-23.31.30:288][547]LogAIModule: Creating AISystem for world Test_Area1
[2017.12.06-23.31.30:288][547]LogPlayLevel: PIE: World Init took: (0.000669s)
[2017.12.06-23.31.30:288][547]LogPlayLevel: PIE: Created PIE world by copying editor world from /Game/2DSideScrollerBP/Maps/Levels/Test_Area1.Test_Area1 to /Game/2DSideScrollerBP/Maps/Levels/UEDPIE_0_Test_Area1.Test_Area1 (0.003374s)
[2017.12.06-23.31.30:321][547]LogInit: XAudio2 using 'Speakers (2- Logitech G930 Headset)' : 2 channels at 48 kHz using 16 bits per sample (channel mask 0x3)
[2017.12.06-23.31.30:326][547]LogInit: FAudioDevice initialized.
[2017.12.06-23.31.30:372][547]LogLoad: Game class is '2DSideScrollerGameMode_C'
[2017.12.06-23.31.30:379][547]LogWorld: Bringing World /Game/2DSideScrollerBP/Maps/Levels/UEDPIE_0_Test_Area1.Test_Area1 up for play (max tick rate 0) at 2017.12.06-16.31.30
[2017.12.06-23.31.30:380][547]LogWorld: Bringing up level for play took: 0.006407
[2017.12.06-23.31.30:391][547]PIE: Play in editor start time for /Game/2DSideScrollerBP/Maps/Levels/UEDPIE_0_Test_Area1 0.991
[2017.12.06-23.31.39:055][137]LogEditorViewport: Clicking on Actor (LMB): Skybox_BP_Rain_C (Skybox_BP_Rain)
[2017.12.06-23.31.40:125][254]LogEditorViewport: Clicking on Actor (LMB): Test_AI2_BP_C (Test_AI2_BP)
[2017.12.06-23.31.46:314][939]LogTemp: Repeating last play command: Selected Viewport
[2017.12.06-23.31.46:347][939]LogPlayLevel: PlayLevel: No blueprints needed recompiling
[2017.12.06-23.31.46:348][939]PIE: New page: PIE session: Test_Area1 (Dec 6, 2017, 9:31:46 AM)
[2017.12.06-23.31.46:348][939]LogPlayLevel: Creating play world package: /Game/2DSideScrollerBP/Maps/Levels/UEDPIE_0_Test_Area1
[2017.12.06-23.31.46:350][939]LogPlayLevel: PIE: StaticDuplicateObject took: (0.002565s)
[2017.12.06-23.31.46:351][939]LogAIModule: Creating AISystem for world Test_Area1
[2017.12.06-23.31.46:351][939]LogPlayLevel: PIE: World Init took: (0.000849s)
[2017.12.06-23.31.46:351][939]LogPlayLevel: PIE: Created PIE world by copying editor world from /Game/2DSideScrollerBP/Maps/Levels/Test_Area1.Test_Area1 to /Game/2DSideScrollerBP/Maps/Levels/UEDPIE_0_Test_Area1.Test_Area1 (0.003734s)
[2017.12.06-23.31.46:385][939]LogInit: XAudio2 using 'Speakers (2- Logitech G930 Headset)' : 2 channels at 48 kHz using 16 bits per sample (channel mask 0x3)
[2017.12.06-23.31.46:391][939]LogInit: FAudioDevice initialized.
[2017.12.06-23.31.46:420][939]LogLoad: Game class is '2DSideScrollerGameMode_C'
[2017.12.06-23.31.46:426][939]LogWorld: Bringing World /Game/2DSideScrollerBP/Maps/Levels/UEDPIE_0_Test_Area1.Test_Area1 up for play (max tick rate 0) at 2017.12.06-16.31.46
[2017.12.06-23.31.46:427][939]LogWorld: Bringing up level for play took: 0.006110
[2017.12.06-23.31.46:436][939]PIE: Play in editor start time for /Game/2DSideScrollerBP/Maps/Levels/UEDPIE_0_Test_Area1 1.036
[2017.12.06-23.31.54:232][860]Cmd: TRANSACTION UNDO
[2017.12.06-23.31.54:232][860]LogEditorTransaction: Undo Move Actors
[2017.12.06-23.31.55:042][909]LogEditorViewport: Clicking on Actor (LMB): Skybox_BP_Rain_C (Skybox_BP_Rain)
[2017.12.06-23.32.00:477][380]LogEditorViewport: Clicking on Actor (LMB): Test_AI2_BP_C (Test_AI2_BP)
[2017.12.06-23.32.07:384][165]LogEditorViewport: Clicking on Actor (LMB): Test_AI2_BP_C (Test_AI2_BP)
[2017.12.06-23.32.11:166][609]LogEditorViewport: Clicking on Actor (LMB): Skybox_BP_Rain_C (Skybox_BP_Rain)
[2017.12.06-23.32.22:679][847]LogTemp: Repeating last play command: Selected Viewport
[2017.12.06-23.32.22:714][847]BlueprintLog: New page: Pre-Play auto-recompile
[2017.12.06-23.32.22:718][847]LogPlayLevel: [PlayLevel] Compiling Test_AI2_BP before play...
[2017.12.06-23.32.23:125][847]LogPlayLevel: PlayLevel: Blueprint regeneration took 411 ms (1 blueprints)
[2017.12.06-23.32.23:125][847]PIE: New page: PIE session: Test_Area1 (Dec 6, 2017, 9:32:23 AM)
[2017.12.06-23.32.23:125][847]LogPlayLevel: Creating play world package: /Game/2DSideScrollerBP/Maps/Levels/UEDPIE_0_Test_Area1
[2017.12.06-23.32.23:127][847]LogPlayLevel: PIE: StaticDuplicateObject took: (0.001970s)
[2017.12.06-23.32.23:128][847]LogAIModule: Creating AISystem for world Test_Area1
[2017.12.06-23.32.23:128][847]LogPlayLevel: PIE: World Init took: (0.000532s)
[2017.12.06-23.32.23:128][847]LogPlayLevel: PIE: Created PIE world by copying editor world from /Game/2DSideScrollerBP/Maps/Levels/Test_Area1.Test_Area1 to /Game/2DSideScrollerBP/Maps/Levels/UEDPIE_0_Test_Area1.Test_Area1 (0.002682s)
[2017.12.06-23.32.23:158][847]LogInit: XAudio2 using 'Speakers (2- Logitech G930 Headset)' : 2 channels at 48 kHz using 16 bits per sample (channel mask 0x3)
[2017.12.06-23.32.23:163][847]LogInit: FAudioDevice initialized.
[2017.12.06-23.32.23:212][847]LogLoad: Game class is '2DSideScrollerGameMode_C'
[2017.12.06-23.32.23:218][847]LogWorld: Bringing World /Game/2DSideScrollerBP/Maps/Levels/UEDPIE_0_Test_Area1.Test_Area1 up for play (max tick rate 0) at 2017.12.06-16.32.23
[2017.12.06-23.32.23:219][847]LogWorld: Bringing up level for play took: 0.005941
[2017.12.06-23.32.23:229][847]PIE: Play in editor start time for /Game/2DSideScrollerBP/Maps/Levels/UEDPIE_0_Test_Area1 -0.17
[2017.12.06-23.32.34:764][683]LogTemp: Repeating last play command: Selected Viewport
[2017.12.06-23.32.34:799][683]BlueprintLog: New page: Pre-Play auto-recompile
[2017.12.06-23.32.34:803][683]LogPlayLevel: [PlayLevel] Compiling Test_AI2_BP before play...
[2017.12.06-23.32.35:194][683]LogPlayLevel: PlayLevel: Blueprint regeneration took 395 ms (1 blueprints)
[2017.12.06-23.32.35:194][683]PIE: New page: PIE session: Test_Area1 (Dec 6, 2017, 9:32:35 AM)
[2017.12.06-23.32.35:194][683]LogPlayLevel: Creating play world package: /Game/2DSideScrollerBP/Maps/Levels/UEDPIE_0_Test_Area1
[2017.12.06-23.32.35:196][683]LogPlayLevel: PIE: StaticDuplicateObject took: (0.001900s)
[2017.12.06-23.32.35:196][683]LogAIModule: Creating AISystem for world Test_Area1
[2017.12.06-23.32.35:196][683]LogPlayLevel: PIE: World Init took: (0.000506s)
[2017.12.06-23.32.35:197][683]LogPlayLevel: PIE: Created PIE world by copying editor world from /Game/2DSideScrollerBP/Maps/Levels/Test_Area1.Test_Area1 to /Game/2DSideScrollerBP/Maps/Levels/UEDPIE_0_Test_Area1.Test_Area1 (0.002585s)
[2017.12.06-23.32.35:228][683]LogInit: XAudio2 using 'Speakers (2- Logitech G930 Headset)' : 2 channels at 48 kHz using 16 bits per sample (channel mask 0x3)
[2017.12.06-23.32.35:233][683]LogInit: FAudioDevice initialized.
[2017.12.06-23.32.35:278][683]LogLoad: Game class is '2DSideScrollerGameMode_C'
[2017.12.06-23.32.35:285][683]LogWorld: Bringing World /Game/2DSideScrollerBP/Maps/Levels/UEDPIE_0_Test_Area1.Test_Area1 up for play (max tick rate 0) at 2017.12.06-16.32.35
[2017.12.06-23.32.35:286][683]LogWorld: Bringing up level for play took: 0.006844
[2017.12.06-23.32.35:296][683]PIE: Play in editor start time for /Game/2DSideScrollerBP/Maps/Levels/UEDPIE_0_Test_Area1 -0.104
[2017.12.06-23.32.45:923][559]LogTemp: Repeating last play command: Selected Viewport
[2017.12.06-23.32.45:957][559]BlueprintLog: New page: Pre-Play auto-recompile
[2017.12.06-23.32.45:962][559]LogPlayLevel: [PlayLevel] Compiling Test_AI2_BP before play...
[2017.12.06-23.32.46:351][559]LogPlayLevel: PlayLevel: Blueprint regeneration took 394 ms (1 blueprints)
[2017.12.06-23.32.46:352][559]PIE: New page: PIE session: Test_Area1 (Dec 6, 2017, 9:32:46 AM)
[2017.12.06-23.32.46:352][559]LogPlayLevel: Creating play world package: /Game/2DSideScrollerBP/Maps/Levels/UEDPIE_0_Test_Area1
[2017.12.06-23.32.46:354][559]LogPlayLevel: PIE: StaticDuplicateObject took: (0.002083s)
[2017.12.06-23.32.46:354][559]LogAIModule: Creating AISystem for world Test_Area1
[2017.12.06-23.32.46:355][559]LogPlayLevel: PIE: World Init took: (0.000667s)
[2017.12.06-23.32.46:355][559]LogPlayLevel: PIE: Created PIE world by copying editor world from /Game/2DSideScrollerBP/Maps/Levels/Test_Area1.Test_Area1 to /Game/2DSideScrollerBP/Maps/Levels/UEDPIE_0_Test_Area1.Test_Area1 (0.002982s)
[2017.12.06-23.32.46:385][559]LogInit: XAudio2 using 'Speakers (2- Logitech G930 Headset)' : 2 channels at 48 kHz using 16 bits per sample (channel mask 0x3)
[2017.12.06-23.32.46:391][559]LogInit: FAudioDevice initialized.
[2017.12.06-23.32.46:436][559]LogLoad: Game class is '2DSideScrollerGameMode_C'
[2017.12.06-23.32.46:443][559]LogWorld: Bringing World /Game/2DSideScrollerBP/Maps/Levels/UEDPIE_0_Test_Area1.Test_Area1 up for play (max tick rate 0) at 2017.12.06-16.32.46
[2017.12.06-23.32.46:444][559]LogWorld: Bringing up level for play took: 0.007063
[2017.12.06-23.32.46:454][559]PIE: Play in editor start time for /Game/2DSideScrollerBP/Maps/Levels/UEDPIE_0_Test_Area1 1.054
[2017.12.06-23.32.53:650][  7]LogTemp: Repeating last play command: Selected Viewport
[2017.12.06-23.32.53:684][  7]LogPlayLevel: PlayLevel: No blueprints needed recompiling
[2017.12.06-23.32.53:684][  7]PIE: New page: PIE session: Test_Area1 (Dec 6, 2017, 9:32:53 AM)
[2017.12.06-23.32.53:684][  7]LogPlayLevel: Creating play world package: /Game/2DSideScrollerBP/Maps/Levels/UEDPIE_0_Test_Area1
[2017.12.06-23.32.53:687][  7]LogPlayLevel: PIE: StaticDuplicateObject took: (0.002481s)
[2017.12.06-23.32.53:687][  7]LogAIModule: Creating AISystem for world Test_Area1
[2017.12.06-23.32.53:688][  7]LogPlayLevel: PIE: World Init took: (0.000614s)
[2017.12.06-23.32.53:688][  7]LogPlayLevel: PIE: Created PIE world by copying editor world from /Game/2DSideScrollerBP/Maps/Levels/Test_Area1.Test_Area1 to /Game/2DSideScrollerBP/Maps/Levels/UEDPIE_0_Test_Area1.Test_Area1 (0.003314s)
[2017.12.06-23.32.53:720][  7]LogInit: XAudio2 using 'Speakers (2- Logitech G930 Headset)' : 2 channels at 48 kHz using 16 bits per sample (channel mask 0x3)
[2017.12.06-23.32.53:725][  7]LogInit: FAudioDevice initialized.
[2017.12.06-23.32.53:754][  7]LogLoad: Game class is '2DSideScrollerGameMode_C'
[2017.12.06-23.32.53:760][  7]LogWorld: Bringing World /Game/2DSideScrollerBP/Maps/Levels/UEDPIE_0_Test_Area1.Test_Area1 up for play (max tick rate 0) at 2017.12.06-16.32.53
[2017.12.06-23.32.53:760][  7]LogWorld: Bringing up level for play took: 0.005809
[2017.12.06-23.32.53:769][  7]PIE: Play in editor start time for /Game/2DSideScrollerBP/Maps/Levels/UEDPIE_0_Test_Area1 0.369
[2017.12.06-23.33.12:264][ 66]LogTemp: Repeating last play command: Selected Viewport
[2017.12.06-23.33.12:299][ 66]BlueprintLog: New page: Pre-Play auto-recompile
[2017.12.06-23.33.12:304][ 66]LogPlayLevel: [PlayLevel] Compiling Test_AI2_BP before play...
[2017.12.06-23.33.12:689][ 66]LogPlayLevel: PlayLevel: Blueprint regeneration took 390 ms (1 blueprints)
[2017.12.06-23.33.12:689][ 66]PIE: New page: PIE session: Test_Area1 (Dec 6, 2017, 9:33:12 AM)
[2017.12.06-23.33.12:690][ 66]LogPlayLevel: Creating play world package: /Game/2DSideScrollerBP/Maps/Levels/UEDPIE_0_Test_Area1
[2017.12.06-23.33.12:692][ 66]LogPlayLevel: PIE: StaticDuplicateObject took: (0.002103s)
[2017.12.06-23.33.12:692][ 66]LogAIModule: Creating AISystem for world Test_Area1
[2017.12.06-23.33.12:692][ 66]LogPlayLevel: PIE: World Init took: (0.000523s)
[2017.12.06-23.33.12:692][ 66]LogPlayLevel: PIE: Created PIE world by copying editor world from /Game/2DSideScrollerBP/Maps/Levels/Test_Area1.Test_Area1 to /Game/2DSideScrollerBP/Maps/Levels/UEDPIE_0_Test_Area1.Test_Area1 (0.002882s)
[2017.12.06-23.33.12:724][ 66]LogInit: XAudio2 using 'Speakers (2- Logitech G930 Headset)' : 2 channels at 48 kHz using 16 bits per sample (channel mask 0x3)
[2017.12.06-23.33.12:728][ 66]LogInit: FAudioDevice initialized.
[2017.12.06-23.33.12:782][ 66]LogLoad: Game class is '2DSideScrollerGameMode_C'
[2017.12.06-23.33.12:797][ 66]LogWorld: Bringing World /Game/2DSideScrollerBP/Maps/Levels/UEDPIE_0_Test_Area1.Test_Area1 up for play (max tick rate 0) at 2017.12.06-16.33.12
[2017.12.06-23.33.12:799][ 66]LogWorld: Bringing up level for play took: 0.015050
[2017.12.06-23.33.12:813][ 66]PIE: Play in editor start time for /Game/2DSideScrollerBP/Maps/Levels/UEDPIE_0_Test_Area1 1.413
[2017.12.06-23.33.20:142][597]LogTemp: Repeating last play command: Selected Viewport
[2017.12.06-23.33.20:177][597]LogPlayLevel: PlayLevel: No blueprints needed recompiling
[2017.12.06-23.33.20:177][597]PIE: New page: PIE session: Test_Area1 (Dec 6, 2017, 9:33:20 AM)
[2017.12.06-23.33.20:177][597]LogPlayLevel: Creating play world package: /Game/2DSideScrollerBP/Maps/Levels/UEDPIE_0_Test_Area1
[2017.12.06-23.33.20:180][597]LogPlayLevel: PIE: StaticDuplicateObject took: (0.002388s)
[2017.12.06-23.33.20:180][597]LogAIModule: Creating AISystem for world Test_Area1
[2017.12.06-23.33.20:180][597]LogPlayLevel: PIE: World Init took: (0.000718s)
[2017.12.06-23.33.20:180][597]LogPlayLevel: PIE: Created PIE world by copying editor world from /Game/2DSideScrollerBP/Maps/Levels/Test_Area1.Test_Area1 to /Game/2DSideScrollerBP/Maps/Levels/UEDPIE_0_Test_Area1.Test_Area1 (0.003333s)
[2017.12.06-23.33.20:212][597]LogInit: XAudio2 using 'Speakers (2- Logitech G930 Headset)' : 2 channels at 48 kHz using 16 bits per sample (channel mask 0x3)
[2017.12.06-23.33.20:217][597]LogInit: FAudioDevice initialized.
[2017.12.06-23.33.20:262][597]LogLoad: Game class is '2DSideScrollerGameMode_C'
[2017.12.06-23.33.20:268][597]LogWorld: Bringing World /Game/2DSideScrollerBP/Maps/Levels/UEDPIE_0_Test_Area1.Test_Area1 up for play (max tick rate 0) at 2017.12.06-16.33.20
[2017.12.06-23.33.20:269][597]LogWorld: Bringing up level for play took: 0.006166
[2017.12.06-23.33.20:279][597]PIE: Play in editor start time for /Game/2DSideScrollerBP/Maps/Levels/UEDPIE_0_Test_Area1 0.88
[2017.12.06-23.33.59:815][997]LogBlueprint: Warning: [Test_AI2_BP] 'HP' variable not found. Base class was probably changed.
[2017.12.06-23.33.59:815][997]LogBlueprint: Warning: [Test_AI2_BP] 'HP' variable not found. Base class was probably changed.
[2017.12.06-23.33.59:815][997]LogBlueprint: Warning: [Test_AI2_BP] 'HP' variable not found. Base class was probably changed.
[2017.12.06-23.33.59:815][997]LogBlueprint: Warning: [Test_AI2_BP] 'Taken Damage' variable not found. Base class was probably changed.
[2017.12.06-23.33.59:815][997]LogBlueprint: Warning: [Test_AI2_BP] 'Taken Damage' variable not found. Base class was probably changed.
[2017.12.06-23.35.44:602][600]BlueprintLog: New page: Compile Test_AI2_BP
[2017.12.06-23.35.53:085][369]BlueprintLog: New page: Compile BP_bullet
[2017.12.06-23.36.35:968][690]BlueprintLog: New page: Compile Test_AI2_BP
[2017.12.06-23.36.36:001][690]LogBlueprint: Warning: [Compiler Test_AI2_BP] Sequence  has no valid output
[2017.12.06-23.36.36:532][690]LogBlueprint: Warning: [Compiler Test_AI2_BP] [1734.41] Compile of Test_AI2_BP successful, but with 1 Warning(s) [in 562 ms] (/Game/2DSideScrollerBP/Blueprints/Testing_Assets/Test_AI2_BP.Test_AI2_BP)
[2017.12.06-23.36.48:576][800]BlueprintLog: New page: Compile Test_AI2_BP
[2017.12.06-23.37.26:228][ 95]BlueprintLog: New page: Compile Test_AI2_BP
[2017.12.06-23.37.45:854][ 75]LogTemp: Repeating last play command: Selected Viewport
[2017.12.06-23.37.45:893][ 75]LogPlayLevel: PlayLevel: No blueprints needed recompiling
[2017.12.06-23.37.45:893][ 75]PIE: New page: PIE session: Test_Area1 (Dec 6, 2017, 9:37:45 AM)
[2017.12.06-23.37.45:893][ 75]LogPlayLevel: Creating play world package: /Game/2DSideScrollerBP/Maps/Levels/UEDPIE_0_Test_Area1
[2017.12.06-23.37.45:895][ 75]LogPlayLevel: PIE: StaticDuplicateObject took: (0.002183s)
[2017.12.06-23.37.45:896][ 75]LogAIModule: Creating AISystem for world Test_Area1
[2017.12.06-23.37.45:896][ 75]LogPlayLevel: PIE: World Init took: (0.000605s)
[2017.12.06-23.37.45:896][ 75]LogPlayLevel: PIE: Created PIE world by copying editor world from /Game/2DSideScrollerBP/Maps/Levels/Test_Area1.Test_Area1 to /Game/2DSideScrollerBP/Maps/Levels/UEDPIE_0_Test_Area1.Test_Area1 (0.003024s)
[2017.12.06-23.37.45:931][ 75]LogInit: XAudio2 using 'Speakers (2- Logitech G930 Headset)' : 2 channels at 48 kHz using 16 bits per sample (channel mask 0x3)
[2017.12.06-23.37.45:936][ 75]LogInit: FAudioDevice initialized.
[2017.12.06-23.37.45:985][ 75]LogLoad: Game class is '2DSideScrollerGameMode_C'
[2017.12.06-23.37.45:992][ 75]LogWorld: Bringing World /Game/2DSideScrollerBP/Maps/Levels/UEDPIE_0_Test_Area1.Test_Area1 up for play (max tick rate 0) at 2017.12.06-16.37.45
[2017.12.06-23.37.45:993][ 75]LogWorld: Bringing up level for play took: 0.006563
[2017.12.06-23.37.46:004][ 75]PIE: Play in editor start time for /Game/2DSideScrollerBP/Maps/Levels/UEDPIE_0_Test_Area1 0.604
[2017.12.06-23.37.50:872][364]LogTemp: Repeating last play command: Selected Viewport
[2017.12.06-23.37.50:916][364]LogPlayLevel: PlayLevel: No blueprints needed recompiling
[2017.12.06-23.37.50:916][364]PIE: New page: PIE session: Test_Area1 (Dec 6, 2017, 9:37:50 AM)
[2017.12.06-23.37.50:916][364]LogPlayLevel: Creating play world package: /Game/2DSideScrollerBP/Maps/Levels/UEDPIE_0_Test_Area1
[2017.12.06-23.37.50:918][364]LogPlayLevel: PIE: StaticDuplicateObject took: (0.002342s)
[2017.12.06-23.37.50:919][364]LogAIModule: Creating AISystem for world Test_Area1
[2017.12.06-23.37.50:919][364]LogPlayLevel: PIE: World Init took: (0.000643s)
[2017.12.06-23.37.50:919][364]LogPlayLevel: PIE: Created PIE world by copying editor world from /Game/2DSideScrollerBP/Maps/Levels/Test_Area1.Test_Area1 to /Game/2DSideScrollerBP/Maps/Levels/UEDPIE_0_Test_Area1.Test_Area1 (0.003229s)
[2017.12.06-23.37.50:952][364]LogInit: XAudio2 using 'Speakers (2- Logitech G930 Headset)' : 2 channels at 48 kHz using 16 bits per sample (channel mask 0x3)
[2017.12.06-23.37.50:957][364]LogInit: FAudioDevice initialized.
[2017.12.06-23.37.51:006][364]LogLoad: Game class is '2DSideScrollerGameMode_C'
[2017.12.06-23.37.51:013][364]LogWorld: Bringing World /Game/2DSideScrollerBP/Maps/Levels/UEDPIE_0_Test_Area1.Test_Area1 up for play (max tick rate 0) at 2017.12.06-16.37.51
[2017.12.06-23.37.51:014][364]LogWorld: Bringing up level for play took: 0.006880
[2017.12.06-23.37.51:024][364]PIE: Play in editor start time for /Game/2DSideScrollerBP/Maps/Levels/UEDPIE_0_Test_Area1 -0.376
[2017.12.06-23.39.11:258][730]BlueprintLog: New page: Compile Test_AI2_BP
[2017.12.06-23.39.41:622][982]BlueprintLog: New page: Compile Test_AI2_BP
[2017.12.06-23.40.00:856][725]BlueprintLog: New page: Compile Test_AI2_BP
[2017.12.06-23.40.06:292][179]LogEditorViewport: Clicking on Actor (LMB): Test_AI2_BP_C (Test_AI2_BP)
[2017.12.06-23.40.13:708][981]LogEditorViewport: Clicking on Actor (LMB): Skybox_BP_Rain_C (Skybox_BP_Rain)
[2017.12.06-23.40.14:431][ 45]LogEditorViewport: Clicking on Actor (LMB): Skybox_BP_Rain_C (Skybox_BP_Rain)
[2017.12.06-23.40.16:391][278]LogEditorViewport: Clicking on Actor (LMB): Test_AI2_BP_C (Test_AI2_BP)
[2017.12.06-23.40.27:586][504]LogEditorViewport: Clicking on Actor (LMB): Skybox_BP_Rain_C (Skybox_BP_Rain)
[2017.12.06-23.40.28:300][569]LogTemp: Repeating last play command: Selected Viewport
[2017.12.06-23.40.28:339][569]LogPlayLevel: PlayLevel: No blueprints needed recompiling
[2017.12.06-23.40.28:339][569]PIE: New page: PIE session: Test_Area1 (Dec 6, 2017, 9:40:28 AM)
[2017.12.06-23.40.28:339][569]LogPlayLevel: Creating play world package: /Game/2DSideScrollerBP/Maps/Levels/UEDPIE_0_Test_Area1
[2017.12.06-23.40.28:341][569]LogPlayLevel: PIE: StaticDuplicateObject took: (0.002275s)
[2017.12.06-23.40.28:342][569]LogAIModule: Creating AISystem for world Test_Area1
[2017.12.06-23.40.28:342][569]LogPlayLevel: PIE: World Init took: (0.000783s)
[2017.12.06-23.40.28:342][569]LogPlayLevel: PIE: Created PIE world by copying editor world from /Game/2DSideScrollerBP/Maps/Levels/Test_Area1.Test_Area1 to /Game/2DSideScrollerBP/Maps/Levels/UEDPIE_0_Test_Area1.Test_Area1 (0.003292s)
[2017.12.06-23.40.28:380][569]LogInit: XAudio2 using 'Speakers (2- Logitech G930 Headset)' : 2 channels at 48 kHz using 16 bits per sample (channel mask 0x3)
[2017.12.06-23.40.28:386][569]LogInit: FAudioDevice initialized.
[2017.12.06-23.40.28:416][569]LogLoad: Game class is '2DSideScrollerGameMode_C'
[2017.12.06-23.40.28:423][569]LogWorld: Bringing World /Game/2DSideScrollerBP/Maps/Levels/UEDPIE_0_Test_Area1.Test_Area1 up for play (max tick rate 0) at 2017.12.06-16.40.28
[2017.12.06-23.40.28:424][569]LogWorld: Bringing up level for play took: 0.006679
[2017.12.06-23.40.28:432][569]PIE: Play in editor start time for /Game/2DSideScrollerBP/Maps/Levels/UEDPIE_0_Test_Area1 1.033
[2017.12.06-23.40.44:221][406]LogTemp: Repeating last play command: Selected Viewport
[2017.12.06-23.40.44:269][406]LogPlayLevel: PlayLevel: No blueprints needed recompiling
[2017.12.06-23.40.44:270][406]PIE: New page: PIE session: Test_Area1 (Dec 6, 2017, 9:40:44 AM)
[2017.12.06-23.40.44:270][406]LogPlayLevel: Creating play world package: /Game/2DSideScrollerBP/Maps/Levels/UEDPIE_0_Test_Area1
[2017.12.06-23.40.44:272][406]LogPlayLevel: PIE: StaticDuplicateObject took: (0.002268s)
[2017.12.06-23.40.44:272][406]LogAIModule: Creating AISystem for world Test_Area1
[2017.12.06-23.40.44:273][406]LogPlayLevel: PIE: World Init took: (0.000586s)
[2017.12.06-23.40.44:273][406]LogPlayLevel: PIE: Created PIE world by copying editor world from /Game/2DSideScrollerBP/Maps/Levels/Test_Area1.Test_Area1 to /Game/2DSideScrollerBP/Maps/Levels/UEDPIE_0_Test_Area1.Test_Area1 (0.003087s)
[2017.12.06-23.40.44:304][406]LogInit: XAudio2 using 'Speakers (2- Logitech G930 Headset)' : 2 channels at 48 kHz using 16 bits per sample (channel mask 0x3)
[2017.12.06-23.40.44:309][406]LogInit: FAudioDevice initialized.
[2017.12.06-23.40.44:339][406]LogLoad: Game class is '2DSideScrollerGameMode_C'
[2017.12.06-23.40.44:345][406]LogWorld: Bringing World /Game/2DSideScrollerBP/Maps/Levels/UEDPIE_0_Test_Area1.Test_Area1 up for play (max tick rate 0) at 2017.12.06-16.40.44
[2017.12.06-23.40.44:346][406]LogWorld: Bringing up level for play took: 0.006129
[2017.12.06-23.40.44:355][406]PIE: Play in editor start time for /Game/2DSideScrollerBP/Maps/Levels/UEDPIE_0_Test_Area1 0.955
[2017.12.06-23.41.26:236][376]LogEditorViewport: Clicking on Actor (LMB): Skybox_BP_Rain_C (Skybox_BP_Rain)
[2017.12.06-23.41.27:598][534]LogEditorViewport: Clicking on Actor (LMB): Skybox_BP_Rain_C (Skybox_BP_Rain)
[2017.12.06-23.41.28:737][650]LogEditorViewport: Clicking on Actor (LMB): Test_AI2_BP_C (Test_AI2_BP)
[2017.12.06-23.41.32:272][ 70]LogEditorViewport: Clicking on Actor (LMB): Skybox_BP_Rain_C (Skybox_BP_Rain)
[2017.12.06-23.41.43:591][392]LogEditorViewport: Clicking on Actor (LMB): Skybox_BP_Rain_C (Skybox_BP_Rain)
[2017.12.06-23.41.44:510][500]LogEditorViewport: Clicking on Actor (LMB): Test_AI_BP_Char_C (Test_AI_BP_Char)
[2017.12.06-23.41.56:376][819]LogTemp: Repeating last play command: Selected Viewport
[2017.12.06-23.41.56:412][819]LogPlayLevel: PlayLevel: No blueprints needed recompiling
[2017.12.06-23.41.56:412][819]PIE: New page: PIE session: Test_Area1 (Dec 6, 2017, 9:41:56 AM)
[2017.12.06-23.41.56:412][819]LogPlayLevel: Creating play world package: /Game/2DSideScrollerBP/Maps/Levels/UEDPIE_0_Test_Area1
[2017.12.06-23.41.56:414][819]LogPlayLevel: PIE: StaticDuplicateObject took: (0.002416s)
[2017.12.06-23.41.56:415][819]LogAIModule: Creating AISystem for world Test_Area1
[2017.12.06-23.41.56:415][819]LogPlayLevel: PIE: World Init took: (0.000757s)
[2017.12.06-23.41.56:415][819]LogPlayLevel: PIE: Created PIE world by copying editor world from /Game/2DSideScrollerBP/Maps/Levels/Test_Area1.Test_Area1 to /Game/2DSideScrollerBP/Maps/Levels/UEDPIE_0_Test_Area1.Test_Area1 (0.003404s)
[2017.12.06-23.41.56:449][819]LogInit: XAudio2 using 'Speakers (2- Logitech G930 Headset)' : 2 channels at 48 kHz using 16 bits per sample (channel mask 0x3)
[2017.12.06-23.41.56:455][819]LogInit: FAudioDevice initialized.
[2017.12.06-23.41.56:484][819]LogLoad: Game class is '2DSideScrollerGameMode_C'
[2017.12.06-23.41.56:490][819]LogWorld: Bringing World /Game/2DSideScrollerBP/Maps/Levels/UEDPIE_0_Test_Area1.Test_Area1 up for play (max tick rate 0) at 2017.12.06-16.41.56
[2017.12.06-23.41.56:490][819]LogWorld: Bringing up level for play took: 0.005515
[2017.12.06-23.41.56:499][819]PIE: Play in editor start time for /Game/2DSideScrollerBP/Maps/Levels/UEDPIE_0_Test_Area1 -0.901
[2017.12.06-23.42.11:904][507]LogTemp: Repeating last play command: Selected Viewport
[2017.12.06-23.42.11:938][507]LogPlayLevel: PlayLevel: No blueprints needed recompiling
[2017.12.06-23.42.11:938][507]PIE: New page: PIE session: Test_Area1 (Dec 6, 2017, 9:42:11 AM)
[2017.12.06-23.42.11:938][507]LogPlayLevel: Creating play world package: /Game/2DSideScrollerBP/Maps/Levels/UEDPIE_0_Test_Area1
[2017.12.06-23.42.11:940][507]LogPlayLevel: PIE: StaticDuplicateObject took: (0.002359s)
[2017.12.06-23.42.11:941][507]LogAIModule: Creating AISystem for world Test_Area1
[2017.12.06-23.42.11:941][507]LogPlayLevel: PIE: World Init took: (0.000598s)
[2017.12.06-23.42.11:941][507]LogPlayLevel: PIE: Created PIE world by copying editor world from /Game/2DSideScrollerBP/Maps/Levels/Test_Area1.Test_Area1 to /Game/2DSideScrollerBP/Maps/Levels/UEDPIE_0_Test_Area1.Test_Area1 (0.003210s)
[2017.12.06-23.42.11:973][507]LogInit: XAudio2 using 'Speakers (2- Logitech G930 Headset)' : 2 channels at 48 kHz using 16 bits per sample (channel mask 0x3)
[2017.12.06-23.42.11:978][507]LogInit: FAudioDevice initialized.
[2017.12.06-23.42.12:006][507]LogLoad: Game class is '2DSideScrollerGameMode_C'
[2017.12.06-23.42.12:011][507]LogWorld: Bringing World /Game/2DSideScrollerBP/Maps/Levels/UEDPIE_0_Test_Area1.Test_Area1 up for play (max tick rate 0) at 2017.12.06-16.42.12
[2017.12.06-23.42.12:012][507]LogWorld: Bringing up level for play took: 0.005669
[2017.12.06-23.42.12:021][507]PIE: Play in editor start time for /Game/2DSideScrollerBP/Maps/Levels/UEDPIE_0_Test_Area1 0.621
[2017.12.06-23.42.22:732][762]LogEditorViewport: Clicking on Actor (LMB): Skybox_BP_Rain_C (Skybox_BP_Rain)
[2017.12.06-23.42.23:511][832]LogEditorViewport: Clicking on Actor (LMB): Skybox_BP_Rain_C (Skybox_BP_Rain)
[2017.12.06-23.42.23:927][879]LogEditorViewport: Clicking on Actor (LMB): Test_AI2_BP_C (Test_AI2_BP)
[2017.12.06-23.42.24:703][968]LogEditorViewport: Clicking on Actor (LMB): Skybox_BP_Rain_C (Skybox_BP_Rain)
[2017.12.06-23.42.25:768][ 91]LogEditorViewport: Clicking on Actor (LMB): Skybox_BP_Rain_C (Skybox_BP_Rain)
[2017.12.06-23.42.26:129][132]LogEditorViewport: Clicking on Actor (context menu): PaperTileMapActor (Test_Map_TM)
[2017.12.06-23.42.26:729][174]LogEditorViewport: Clicking on Actor (LMB): Skybox_BP_Rain_C (Skybox_BP_Rain)
[2017.12.06-23.42.27:180][224]LogEditorViewport: Clicking on Actor (LMB): Skybox_BP_Rain_C (Skybox_BP_Rain)
[2017.12.06-23.42.27:515][262]LogEditorViewport: Clicking on Actor (LMB): Skybox_BP_Rain_C (Skybox_BP_Rain)
[2017.12.06-23.42.27:916][308]LogEditorViewport: Clicking on Actor (LMB): Test_AI2_BP_C (Test_AI2_BP)
[2017.12.06-23.42.36:118][160]LogTemp: Repeating last play command: Selected Viewport
[2017.12.06-23.42.36:160][160]LogPlayLevel: PlayLevel: No blueprints needed recompiling
[2017.12.06-23.42.36:160][160]PIE: New page: PIE session: Test_Area1 (Dec 6, 2017, 9:42:36 AM)
[2017.12.06-23.42.36:160][160]LogPlayLevel: Creating play world package: /Game/2DSideScrollerBP/Maps/Levels/UEDPIE_0_Test_Area1
[2017.12.06-23.42.36:162][160]LogPlayLevel: PIE: StaticDuplicateObject took: (0.002324s)
[2017.12.06-23.42.36:163][160]LogAIModule: Creating AISystem for world Test_Area1
[2017.12.06-23.42.36:163][160]LogPlayLevel: PIE: World Init took: (0.000618s)
[2017.12.06-23.42.36:163][160]LogPlayLevel: PIE: Created PIE world by copying editor world from /Game/2DSideScrollerBP/Maps/Levels/Test_Area1.Test_Area1 to /Game/2DSideScrollerBP/Maps/Levels/UEDPIE_0_Test_Area1.Test_Area1 (0.003165s)
[2017.12.06-23.42.36:201][160]LogInit: XAudio2 using 'Speakers (2- Logitech G930 Headset)' : 2 channels at 48 kHz using 16 bits per sample (channel mask 0x3)
[2017.12.06-23.42.36:206][160]LogInit: FAudioDevice initialized.
[2017.12.06-23.42.36:234][160]LogLoad: Game class is '2DSideScrollerGameMode_C'
[2017.12.06-23.42.36:240][160]LogWorld: Bringing World /Game/2DSideScrollerBP/Maps/Levels/UEDPIE_0_Test_Area1.Test_Area1 up for play (max tick rate 0) at 2017.12.06-16.42.36
[2017.12.06-23.42.36:241][160]LogWorld: Bringing up level for play took: 0.006197
[2017.12.06-23.42.36:250][160]PIE: Play in editor start time for /Game/2DSideScrollerBP/Maps/Levels/UEDPIE_0_Test_Area1 0.85
[2017.12.06-23.43.16:003][895]LogEditorViewport: Clicking on Actor (context menu): Skybox_BP_Rain_C (Skybox_BP_Rain)
[2017.12.06-23.43.16:431][929]LogEditorViewport: Clicking on Actor (LMB): Skybox_BP_Rain_C (Skybox_BP_Rain)
[2017.12.06-23.43.21:253][475]LogEditorViewport: Clicking on Actor (LMB): Test_AI_BP_Char_C (Test_AI_BP_Char)
[2017.12.06-23.43.28:706][315]LogTemp: Repeating last play command: Selected Viewport
[2017.12.06-23.43.28:750][315]LogPlayLevel: PlayLevel: No blueprints needed recompiling
[2017.12.06-23.43.28:750][315]PIE: New page: PIE session: Test_Area1 (Dec 6, 2017, 9:43:28 AM)
[2017.12.06-23.43.28:750][315]LogPlayLevel: Creating play world package: /Game/2DSideScrollerBP/Maps/Levels/UEDPIE_0_Test_Area1
[2017.12.06-23.43.28:752][315]LogPlayLevel: PIE: StaticDuplicateObject took: (0.002235s)
[2017.12.06-23.43.28:752][315]LogAIModule: Creating AISystem for world Test_Area1
[2017.12.06-23.43.28:753][315]LogPlayLevel: PIE: World Init took: (0.000559s)
[2017.12.06-23.43.28:753][315]LogPlayLevel: PIE: Created PIE world by copying editor world from /Game/2DSideScrollerBP/Maps/Levels/Test_Area1.Test_Area1 to /Game/2DSideScrollerBP/Maps/Levels/UEDPIE_0_Test_Area1.Test_Area1 (0.003011s)
[2017.12.06-23.43.28:784][315]LogInit: XAudio2 using 'Speakers (2- Logitech G930 Headset)' : 2 channels at 48 kHz using 16 bits per sample (channel mask 0x3)
[2017.12.06-23.43.28:790][315]LogInit: FAudioDevice initialized.
[2017.12.06-23.43.28:818][315]LogLoad: Game class is '2DSideScrollerGameMode_C'
[2017.12.06-23.43.28:824][315]LogWorld: Bringing World /Game/2DSideScrollerBP/Maps/Levels/UEDPIE_0_Test_Area1.Test_Area1 up for play (max tick rate 0) at 2017.12.06-16.43.28
[2017.12.06-23.43.28:825][315]LogWorld: Bringing up level for play took: 0.005827
[2017.12.06-23.43.28:833][315]PIE: Play in editor start time for /Game/2DSideScrollerBP/Maps/Levels/UEDPIE_0_Test_Area1 -0.567
[2017.12.06-23.44.05:995][281]LogSavePackage: Save=89.24ms
[2017.12.06-23.44.05:995][281]LogSavePackage: Moving '../../../../../../Users/rajjj/OneDrive/Documents/GitHub/DatBoiEntertainmetnGame_/Saved/Test_Area1_Auto29DB7FD314142E760209DF7A631234CC2.tmp' to '../../../../../../Users/rajjj/OneDrive/Documents/GitHub/DatBoiEntertainmetnGame_/Saved/Autosaves/Game/2DSideScrollerBP/Maps/Levels/Test_Area1_Auto2.umap'
[2017.12.06-23.44.05:997][281]LogSavePackage: Display: Finished SavePackage ../../../../../../Users/rajjj/OneDrive/Documents/GitHub/DatBoiEntertainmetnGame_/Saved/Autosaves/Game/2DSideScrollerBP/Maps/Levels/Test_Area1_Auto2.umap
[2017.12.06-23.44.05:999][281]LogFileHelpers: Editor autosave (incl. sublevels) for '/Game/2DSideScrollerBP/Maps/Levels/Test_Area1' took 0.187
[2017.12.06-23.44.05:999][281]LogFileHelpers: Editor autosave (incl. sublevels) for all levels took 0.187
[2017.12.06-23.44.06:010][281]OBJ SavePackage: Generating thumbnails for [0] asset(s) in package [/Game/2DSideScrollerBP/Blueprints/Characters/BP_bullet] ([1] browsable assets)...
[2017.12.06-23.44.06:010][281]OBJ SavePackage: Finished generating thumbnails for package [/Game/2DSideScrollerBP/Blueprints/Characters/BP_bullet]
[2017.12.06-23.44.06:104][281]LogSavePackage: Save=30.72ms
[2017.12.06-23.44.06:104][281]LogSavePackage: Moving '../../../../../../Users/rajjj/OneDrive/Documents/GitHub/DatBoiEntertainmetnGame_/Saved/BP_bullet_Auto2CB501D944B7A7D93842AACAEC1E3A8B9.tmp' to '../../../../../../Users/rajjj/OneDrive/Documents/GitHub/DatBoiEntertainmetnGame_/Saved/Autosaves/Game/2DSideScrollerBP/Blueprints/Characters/BP_bullet_Auto2.uasset'
[2017.12.06-23.44.06:106][281]LogSavePackage: Display: Finished SavePackage ../../../../../../Users/rajjj/OneDrive/Documents/GitHub/DatBoiEntertainmetnGame_/Saved/Autosaves/Game/2DSideScrollerBP/Blueprints/Characters/BP_bullet_Auto2.uasset
[2017.12.06-23.44.06:107][281]OBJ SavePackage: Generating thumbnails for [0] asset(s) in package [/Game/2DSideScrollerBP/Blueprints/Testing_Assets/Test_AI_BP_Char] ([1] browsable assets)...
[2017.12.06-23.44.06:107][281]OBJ SavePackage: Finished generating thumbnails for package [/Game/2DSideScrollerBP/Blueprints/Testing_Assets/Test_AI_BP_Char]
[2017.12.06-23.44.06:274][281]LogSavePackage: Save=106.97ms
[2017.12.06-23.44.06:274][281]LogSavePackage: Moving '../../../../../../Users/rajjj/OneDrive/Documents/GitHub/DatBoiEntertainmetnGame_/Saved/Test_AI_BP_Char_Auto2D449673A4DB49D6FBDDDBF9D1304D600.tmp' to '../../../../../../Users/rajjj/OneDrive/Documents/GitHub/DatBoiEntertainmetnGame_/Saved/Autosaves/Game/2DSideScrollerBP/Blueprints/Testing_Assets/Test_AI_BP_Char_Auto2.uasset'
[2017.12.06-23.44.06:276][281]LogSavePackage: Display: Finished SavePackage ../../../../../../Users/rajjj/OneDrive/Documents/GitHub/DatBoiEntertainmetnGame_/Saved/Autosaves/Game/2DSideScrollerBP/Blueprints/Testing_Assets/Test_AI_BP_Char_Auto2.uasset
[2017.12.06-23.44.06:276][281]OBJ SavePackage: Generating thumbnails for [0] asset(s) in package [/Game/2DSideScrollerBP/Blueprints/Testing_Assets/Test_AI2_BP] ([1] browsable assets)...
[2017.12.06-23.44.06:277][281]OBJ SavePackage: Finished generating thumbnails for package [/Game/2DSideScrollerBP/Blueprints/Testing_Assets/Test_AI2_BP]
[2017.12.06-23.44.06:366][281]LogSavePackage: Save=87.45ms
[2017.12.06-23.44.06:366][281]LogSavePackage: Moving '../../../../../../Users/rajjj/OneDrive/Documents/GitHub/DatBoiEntertainmetnGame_/Saved/Test_AI2_BP_Auto2BDE4D2414BA91C4DABEDE0ADAF70232F.tmp' to '../../../../../../Users/rajjj/OneDrive/Documents/GitHub/DatBoiEntertainmetnGame_/Saved/Autosaves/Game/2DSideScrollerBP/Blueprints/Testing_Assets/Test_AI2_BP_Auto2.uasset'
[2017.12.06-23.44.06:367][281]LogSavePackage: Display: Finished SavePackage ../../../../../../Users/rajjj/OneDrive/Documents/GitHub/DatBoiEntertainmetnGame_/Saved/Autosaves/Game/2DSideScrollerBP/Blueprints/Testing_Assets/Test_AI2_BP_Auto2.uasset
[2017.12.06-23.44.06:367][281]LogFileHelpers: Auto-saving content packages took 0.358
[2017.12.06-23.44.49:840][359]LogEditorViewport: Clicking on Actor (LMB): Skybox_BP_Rain_C (Skybox_BP_Rain)
[2017.12.06-23.44.53:271][750]LogEditorViewport: Clicking on Actor (LMB): PaperTileMapActor (Test_Map_TM)
[2017.12.06-23.44.53:825][810]LogEditorViewport: Clicking on Actor (LMB): Skybox_BP_Rain_C (Skybox_BP_Rain)
[2017.12.06-23.44.58:370][335]LogEditorViewport: Clicking on Actor (context menu): Skybox_BP_Rain_C (Skybox_BP_Rain)
[2017.12.06-23.44.58:929][375]LogEditorViewport: Clicking on Actor (LMB): Skybox_BP_Rain_C (Skybox_BP_Rain)
[2017.12.06-23.44.59:421][432]LogEditorViewport: Clicking on Actor (LMB): Test_AI_BP_Char_C (Test_AI_BP_Char)
[2017.12.06-23.45.04:184][949]LogEditorViewport: Clicking on Actor (LMB): PaperTileMapActor (Test_Map_TM)
[2017.12.06-23.45.04:754][ 12]LogEditorViewport: Clicking on Actor (LMB): Skybox_BP_Rain_C (Skybox_BP_Rain)
[2017.12.06-23.45.06:649][194]LogEditorViewport: Clicking on Actor (LMB): Test_AI_BP_Char_C (Test_AI_BP_Char)
[2017.12.06-23.45.12:130][780]LogEditorViewport: Clicking on Actor (LMB): Skybox_BP_Rain_C (Skybox_BP_Rain)
[2017.12.06-23.45.14:112][990]LogTemp: Repeating last play command: Selected Viewport
[2017.12.06-23.45.14:156][990]LogPlayLevel: PlayLevel: No blueprints needed recompiling
[2017.12.06-23.45.14:156][990]PIE: New page: PIE session: Test_Area1 (Dec 6, 2017, 9:45:14 AM)
[2017.12.06-23.45.14:156][990]LogPlayLevel: Creating play world package: /Game/2DSideScrollerBP/Maps/Levels/UEDPIE_0_Test_Area1
[2017.12.06-23.45.14:158][990]LogPlayLevel: PIE: StaticDuplicateObject took: (0.002402s)
[2017.12.06-23.45.14:159][990]LogAIModule: Creating AISystem for world Test_Area1
[2017.12.06-23.45.14:159][990]LogPlayLevel: PIE: World Init took: (0.000696s)
[2017.12.06-23.45.14:159][990]LogPlayLevel: PIE: Created PIE world by copying editor world from /Game/2DSideScrollerBP/Maps/Levels/Test_Area1.Test_Area1 to /Game/2DSideScrollerBP/Maps/Levels/UEDPIE_0_Test_Area1.Test_Area1 (0.003313s)
[2017.12.06-23.45.14:192][990]LogInit: XAudio2 using 'Speakers (2- Logitech G930 Headset)' : 2 channels at 48 kHz using 16 bits per sample (channel mask 0x3)
[2017.12.06-23.45.14:198][990]LogInit: FAudioDevice initialized.
[2017.12.06-23.45.14:226][990]LogLoad: Game class is '2DSideScrollerGameMode_C'
[2017.12.06-23.45.14:232][990]LogWorld: Bringing World /Game/2DSideScrollerBP/Maps/Levels/UEDPIE_0_Test_Area1.Test_Area1 up for play (max tick rate 0) at 2017.12.06-16.45.14
[2017.12.06-23.45.14:233][990]LogWorld: Bringing up level for play took: 0.006244
[2017.12.06-23.45.14:242][990]PIE: Play in editor start time for /Game/2DSideScrollerBP/Maps/Levels/UEDPIE_0_Test_Area1 0.842
[2017.12.06-23.45.19:436][599]Cmd: fov 30
[2017.12.06-23.47.47:013][102]LogEditorViewport: Clicking on Actor (LMB): Test_AI2_BP_C (Test_AI2_BP)
[2017.12.06-23.47.48:299][251]LogEditorViewport: Clicking on Actor (LMB): Skybox_BP_Rain_C (Skybox_BP_Rain)
[2017.12.06-23.47.52:608][697]LogTemp: Repeating last play command: Selected Viewport
[2017.12.06-23.47.52:651][697]LogPlayLevel: PlayLevel: No blueprints needed recompiling
[2017.12.06-23.47.52:652][697]PIE: New page: PIE session: Test_Area1 (Dec 6, 2017, 9:47:52 AM)
[2017.12.06-23.47.52:652][697]LogPlayLevel: Creating play world package: /Game/2DSideScrollerBP/Maps/Levels/UEDPIE_0_Test_Area1
[2017.12.06-23.47.52:654][697]LogPlayLevel: PIE: StaticDuplicateObject took: (0.002441s)
[2017.12.06-23.47.52:655][697]LogAIModule: Creating AISystem for world Test_Area1
[2017.12.06-23.47.52:655][697]LogPlayLevel: PIE: World Init took: (0.000694s)
[2017.12.06-23.47.52:655][697]LogPlayLevel: PIE: Created PIE world by copying editor world from /Game/2DSideScrollerBP/Maps/Levels/Test_Area1.Test_Area1 to /Game/2DSideScrollerBP/Maps/Levels/UEDPIE_0_Test_Area1.Test_Area1 (0.003515s)
[2017.12.06-23.47.52:688][697]LogInit: XAudio2 using 'Speakers (2- Logitech G930 Headset)' : 2 channels at 48 kHz using 16 bits per sample (channel mask 0x3)
[2017.12.06-23.47.52:694][697]LogInit: FAudioDevice initialized.
[2017.12.06-23.47.52:723][697]LogLoad: Game class is '2DSideScrollerGameMode_C'
[2017.12.06-23.47.52:730][697]LogWorld: Bringing World /Game/2DSideScrollerBP/Maps/Levels/UEDPIE_0_Test_Area1.Test_Area1 up for play (max tick rate 0) at 2017.12.06-16.47.52
[2017.12.06-23.47.52:730][697]LogWorld: Bringing up level for play took: 0.006113
[2017.12.06-23.47.52:739][697]PIE: Play in editor start time for /Game/2DSideScrollerBP/Maps/Levels/UEDPIE_0_Test_Area1 -0.66
[2017.12.06-23.48.52:879][843]LogSavePackage: Save=86.74ms
[2017.12.06-23.48.52:879][843]LogSavePackage: Moving '../../../../../../Users/rajjj/OneDrive/Documents/GitHub/DatBoiEntertainmetnGame_/Saved/Test_Area18D9B607C4549F9ECB29A8D87B61EC854.tmp' to '../../../../../../Users/rajjj/OneDrive/Documents/GitHub/DatBoiEntertainmetnGame_/Content/2DSideScrollerBP/Maps/Levels/Test_Area1.umap'
[2017.12.06-23.48.52:888][843]LogSavePackage: Display: Finished SavePackage ../../../../../../Users/rajjj/OneDrive/Documents/GitHub/DatBoiEntertainmetnGame_/Content/2DSideScrollerBP/Maps/Levels/Test_Area1.umap
