Log file open, 08/22/17 15:46:56
LogWindows: LoadLibraryWithSearchPaths failed for file aqProf.dll. GetLastError=0
LogWindows: LoadLibraryWithSearchPaths failed for file VSPerf140.dll. GetLastError=0
LogWindows: LoadLibraryWithSearchPaths failed for file VtuneApi.dll. GetLastError=0
LogWindows: LoadLibraryWithSearchPaths failed for file VtuneApi32e.dll. GetLastError=0
LogInit: Display: Running engine for game: InsertNameAdventure
LogPlatformFile: Not using cached read wrapper
LogInit: Display: RandInit(309402541) SRandInit(309402541).
LogTaskGraph: Started task graph with 5 named threads and 14 total threads with 3 sets of task threads.
LogStats: Stats thread started at 0.158214
LogD3D11RHI: Aftermath initialized
LogPluginManager: Mounting plugin Paper2D
LogPluginManager: Mounting plugin LightPropagationVolume
LogPluginManager: Mounting plugin CodeLiteSourceCodeAccess
LogPluginManager: Mounting plugin GitSourceControl
LogPluginManager: Mounting plugin KDevelopSourceCodeAccess
LogPluginManager: Mounting plugin NullSourceCodeAccess
LogPluginManager: Mounting plugin PerforceSourceControl
LogPluginManager: Mounting plugin SubversionSourceControl
LogPluginManager: Mounting plugin UObjectPlugin
LogPluginManager: Mounting plugin VisualStudioSourceCodeAccess
LogPluginManager: Mounting plugin XCodeSourceCodeAccess
LogPluginManager: Mounting plugin AssetManagerEditor
LogPluginManager: Mounting plugin AudioCapture
LogPluginManager: Mounting plugin FacialAnimation
LogPluginManager: Mounting plugin GameplayTagsEditor
LogPluginManager: Mounting plugin MobileLauncherProfileWizard
LogPluginManager: Mounting plugin PluginBrowser
LogPluginManager: Mounting plugin SpeedTreeImporter
LogPluginManager: Mounting plugin AlembicImporter
LogPluginManager: Mounting plugin CharacterAI
LogPluginManager: Mounting plugin HTML5Networking
LogPluginManager: Mounting plugin AndroidMedia
LogPluginManager: Mounting plugin AvfMedia
LogPluginManager: Mounting plugin MediaPlayerEditor
LogPluginManager: Mounting plugin WmfMedia
LogPluginManager: Mounting plugin TcpMessaging
LogPluginManager: Mounting plugin UdpMessaging
LogPluginManager: Mounting plugin LevelSequenceEditor
LogPluginManager: Mounting plugin MatineeToLevelSequence
LogPluginManager: Mounting plugin OnlineSubsystemGooglePlay
LogPluginManager: Mounting plugin OnlineSubsystemIOS
LogPluginManager: Mounting plugin OnlineSubsystem
LogPluginManager: Mounting plugin OnlineSubsystemNull
LogPluginManager: Mounting plugin OnlineSubsystemUtils
LogPluginManager: Mounting plugin AndroidDeviceProfileSelector
LogPluginManager: Mounting plugin AndroidMoviePlayer
LogPluginManager: Mounting plugin AndroidPermission
LogPluginManager: Mounting plugin AppleMoviePlayer
LogPluginManager: Mounting plugin ArchVisCharacter
LogPluginManager: Mounting plugin CableComponent
LogPluginManager: Mounting plugin CustomMeshComponent
LogPluginManager: Mounting plugin ExampleDeviceProfileSelector
LogPluginManager: Mounting plugin GoogleCloudMessaging
LogPluginManager: Mounting plugin ImmediatePhysics
LogPluginManager: Mounting plugin IOSDeviceProfileSelector
LogPluginManager: Mounting plugin LinuxDeviceProfileSelector
LogPluginManager: Mounting plugin LocationServicesBPLibrary
LogPluginManager: Mounting plugin MobilePatchingUtils
LogPluginManager: Mounting plugin OculusVR
LogPluginManager: Mounting plugin PhysXVehicles
LogPluginManager: Mounting plugin ProceduralMeshComponent
LogPluginManager: Mounting plugin RuntimePhysXCooking
LogPluginManager: Mounting plugin SteamVR
LogPluginManager: Mounting plugin WindowsMoviePlayer
LogInit: Using libcurl 7.47.1
LogInit:  - built for x86_64-pc-win32
LogInit:  - supports SSL with OpenSSL/1.0.2g
LogInit:  - supports HTTP deflate (compression) using libz 1.2.8
LogInit:  - other features:
LogInit:      CURL_VERSION_SSL
LogInit:      CURL_VERSION_LIBZ
LogInit:      CURL_VERSION_IPV6
LogInit:      CURL_VERSION_ASYNCHDNS
LogInit:      CURL_VERSION_LARGEFILE
LogInit:      CURL_VERSION_IDN
LogInit:  CurlRequestOptions (configurable via config and command line):
LogInit:  - bVerifyPeer = false  - Libcurl will NOT verify peer certificate
LogInit:  - bUseHttpProxy = false  - Libcurl will NOT use HTTP proxy
LogInit:  - bDontReuseConnections = false  - Libcurl will reuse connections
LogInit:  - CertBundlePath = nullptr  - Libcurl will use whatever was configured at build time.
LogInit: Build: ++UE4+Release-4.17-CL-3586342
LogInit: Engine Version: 4.17.1-3586342+++UE4+Release-4.17
LogInit: Compatible Engine Version: 4.17.0-3573198+++UE4+Release-4.17
LogInit: Net CL: 3573198
LogDevObjectVersion: Number of dev versions registered: 16
LogDevObjectVersion:   Dev-Blueprints (B0D832E4-1F89-4F0D-ACCF-7EB736FD4AA2): 10
LogDevObjectVersion:   Dev-Build (E1C64328-A22C-4D53-A36C-8E866417BD8C): 0
LogDevObjectVersion:   Dev-Core (375EC13C-06E4-48FB-B500-84F0262A717E): 2
LogDevObjectVersion:   Dev-Editor (E4B068ED-F494-42E9-A231-DA0B2E46BB41): 20
LogDevObjectVersion:   Dev-Framework (CFFC743F-43B0-4480-9391-14DF171D2073): 28
LogDevObjectVersion:   Dev-Mobile (B02B49B5-BB20-44E9-A304-32B752E40360): 0
LogDevObjectVersion:   Dev-Networking (A4E4105C-59A1-49B5-A7C5-40C4547EDFEE): 0
LogDevObjectVersion:   Dev-Online (39C831C9-5AE6-47DC-9A44-9C173E1C8E7C): 0
LogDevObjectVersion:   Dev-Physics (78F01B33-EBEA-4F98-B9B4-84EACCB95AA2): 0
LogDevObjectVersion:   Dev-Platform (6631380F-2D4D-43E0-8009-CF276956A95A): 0
LogDevObjectVersion:   Dev-Rendering (12F88B9F-8875-4AFC-A67C-D90C383ABD29): 19
LogDevObjectVersion:   Dev-Sequencer (7B5AE74C-D270-4C10-A958-57980B212A5A): 4
LogDevObjectVersion:   Dev-VR (D7296918-1DD6-4BDD-9DE2-64A83CC13884): 0
LogDevObjectVersion:   Dev-LoadTimes (C2A15278-BFE7-4AFE-6C17-90FF531DF755): 1
LogDevObjectVersion:   Private-Geometry (6EACA3D4-40EC-4CC1-B786-8BED09428FC5): 1
LogDevObjectVersion:   Dev-AnimPhys (29E575DD-E0A3-4627-9D10-D276232CDCEA): 7
LogInit: Compiled (64-bit): Aug 15 2017 02:05:26
LogInit: Compiled with Visual C++: 19.00.24215.01
LogInit: Build Configuration: Development
LogInit: Branch Name: ++UE4+Release-4.17
LogInit: Command line:  
LogInit: Base directory: C:/Program Files/Epic Games/UE_4.17/Engine/Binaries/Win64/
LogInit: Installed Engine Build: 1
LogInit: Presizing for max 8388607 objects, including 0 objects not considered by GC, pre-allocating 0 bytes for permanent pool.
LogInit: Object subsystem initialized
[2017.08.22-21.46.56:737][  0]LogInit: Selected Device Profile: [Windows]
[2017.08.22-21.46.56:737][  0]LogInit: Applying CVar settings loaded from the selected device profile: [Windows]
[2017.08.22-21.46.56:747][  0]LogInit: Computer: DESKTOP-OMJHMSB
[2017.08.22-21.46.56:747][  0]LogInit: User: rajjj
[2017.08.22-21.46.56:747][  0]LogInit: CPU Page size=4096, Cores=4
[2017.08.22-21.46.56:747][  0]LogInit: High frequency timer resolution =3.328131 MHz
[2017.08.22-21.46.56:747][  0]LogMemory: Memory total: Physical=15.9GB (16GB approx)
[2017.08.22-21.46.56:747][  0]LogMemory: Platform Memory Stats for Windows
[2017.08.22-21.46.56:747][  0]LogMemory: Process Physical Memory: 279.30 MB used, 279.30 MB peak
[2017.08.22-21.46.56:747][  0]LogMemory: Process Virtual Memory: 290.08 MB used, 290.08 MB peak
[2017.08.22-21.46.56:747][  0]LogMemory: Physical Memory: 4433.84 MB used,  11887.90 MB free, 16321.74 MB total
[2017.08.22-21.46.56:747][  0]LogMemory: Virtual Memory: 683.91 MB used,  11887.90 MB free, 134217728.00 MB total
[2017.08.22-21.46.56:875][  0]LogInit: Using OS detected language (en-US).
[2017.08.22-21.46.56:875][  0]LogInit: Using OS detected locale (en-US).
[2017.08.22-21.46.56:877][  0]LogTextLocalizationManager: No specific localization for 'en-US' exists, so the 'en' localization will be used.
[2017.08.22-21.46.57:424][  0]LogD3D11RHI: D3D11 adapters:
[2017.08.22-21.46.57:936][  0]LogD3D11RHI:    0. 'NVIDIA GeForce GTX 1070' (Feature Level 11_0)
[2017.08.22-21.46.57:936][  0]LogD3D11RHI:       8085/0/8160 MB DedicatedVideo/DedicatedSystem/SharedSystem, Outputs:2, VendorId:0x10de
[2017.08.22-21.46.57:937][  0]LogD3D11RHI:    1. 'Microsoft Basic Render Driver' (Feature Level 11_0)
[2017.08.22-21.46.57:937][  0]LogD3D11RHI:       0/0/8160 MB DedicatedVideo/DedicatedSystem/SharedSystem, Outputs:0, VendorId:0x1414
[2017.08.22-21.46.57:937][  0]LogD3D11RHI: Chosen D3D11 Adapter: 0
[2017.08.22-21.46.57:944][  0]LogD3D11RHI: Creating new Direct3DDevice
[2017.08.22-21.46.57:944][  0]LogD3D11RHI:     GPU DeviceId: 0x1b81 (for the marketing name, search the web for "GPU Device Id")
[2017.08.22-21.46.57:944][  0]LogWindows: EnumDisplayDevices:
[2017.08.22-21.46.57:944][  0]LogWindows:    0. 'NVIDIA GeForce GTX 1070' (P:0 D:1)
[2017.08.22-21.46.57:944][  0]LogWindows:    1. 'NVIDIA GeForce GTX 1070' (P:1 D:1)
[2017.08.22-21.46.57:944][  0]LogWindows:    2. 'NVIDIA GeForce GTX 1070' (P:0 D:0)
[2017.08.22-21.46.57:944][  0]LogWindows:    3. 'NVIDIA GeForce GTX 1070' (P:0 D:0)
[2017.08.22-21.46.57:944][  0]LogWindows: DebugString: FoundDriverCount:4 
[2017.08.22-21.46.57:944][  0]LogD3D11RHI:     Adapter Name: NVIDIA GeForce GTX 1070
[2017.08.22-21.46.57:944][  0]LogD3D11RHI:   Driver Version: 385.28 (internal:22.21.13.8528, unified:385.28)
[2017.08.22-21.46.57:944][  0]LogD3D11RHI:      Driver Date: 8-9-2017
[2017.08.22-21.46.57:944][  0]LogRHI: Texture pool is 1361 MB (70% of 1945 MB)
[2017.08.22-21.46.58:444][  0]LogD3D11RHI: Async texture creation enabled
[2017.08.22-21.46.58:476][  0]LogD3D11RHI: GPU Timing Frequency: 1000.000000 (Debug: 2 1)
[2017.08.22-21.46.58:525][  0]LogShaderCompilers: Guid format shader working directory is -33 characters bigger than the processId version (../../../../../../Users/rajjj/OneDrive/Documents/GitHub/DatBoiEntertainmetnGame_/Intermediate/Shaders/WorkingDirectory/608/).
[2017.08.22-21.46.58:525][  0]LogShaderCompilers: Cleaned the shader compiler working directory 'C:/Users/rajjj/AppData/Local/Temp/UnrealShaderWorkingDir/71B7C1D94884BE8893986BAD8F8A3C3F/'.
[2017.08.22-21.46.58:525][  0]LogShaderCompilers: Display: Using Local Shader Compiler.
[2017.08.22-21.46.59:296][  0]LogTemp: Display: Loaded TP AllDesktopTargetPlatform
[2017.08.22-21.46.59:337][  0]LogTemp: Display: Loaded TP MacClientTargetPlatform
[2017.08.22-21.46.59:378][  0]LogTemp: Display: Loaded TP MacNoEditorTargetPlatform
[2017.08.22-21.46.59:419][  0]LogTemp: Display: Loaded TP MacServerTargetPlatform
[2017.08.22-21.46.59:457][  0]LogTemp: Display: Loaded TP MacTargetPlatform
[2017.08.22-21.46.59:497][  0]LogTemp: Display: Loaded TP WindowsClientTargetPlatform
[2017.08.22-21.46.59:537][  0]LogTemp: Display: Loaded TP WindowsNoEditorTargetPlatform
[2017.08.22-21.46.59:577][  0]LogTemp: Display: Loaded TP WindowsServerTargetPlatform
[2017.08.22-21.46.59:612][  0]LogTemp: Display: Loaded TP WindowsTargetPlatform
[2017.08.22-21.46.59:651][  0]LogTemp: Display: Loaded TP AndroidTargetPlatform
[2017.08.22-21.46.59:690][  0]LogTemp: Display: Loaded TP Android_ASTCTargetPlatform
[2017.08.22-21.46.59:728][  0]LogTemp: Display: Loaded TP Android_ATCTargetPlatform
[2017.08.22-21.46.59:766][  0]LogTemp: Display: Loaded TP Android_DXTTargetPlatform
[2017.08.22-21.46.59:805][  0]LogTemp: Display: Loaded TP Android_ETC1TargetPlatform
[2017.08.22-21.46.59:843][  0]LogTemp: Display: Loaded TP Android_ETC2TargetPlatform
[2017.08.22-21.46.59:923][  0]LogTemp: Display: Loaded TP Android_MultiTargetPlatform
[2017.08.22-21.46.59:923][  0]LogTemp: Display: Loaded TP Android_PVRTCTargetPlatform
[2017.08.22-21.46.59:957][  0]LogTemp: Display: Loaded TP HTML5TargetPlatform
[2017.08.22-21.47.00:035][  0]LogTemp: Display: Loaded TP IOSTargetPlatform
[2017.08.22-21.47.00:059][  0]LogTemp: Display: Loaded TP TVOSTargetPlatform
[2017.08.22-21.47.00:097][  0]LogTemp: Display: Loaded TP LinuxClientTargetPlatform
[2017.08.22-21.47.00:135][  0]LogTemp: Display: Loaded TP LinuxNoEditorTargetPlatform
[2017.08.22-21.47.00:174][  0]LogTemp: Display: Loaded TP LinuxServerTargetPlatform
[2017.08.22-21.47.00:214][  0]LogTemp: Display: Loaded TP LinuxTargetPlatform
[2017.08.22-21.47.00:214][  0]LogTargetPlatformManager: Display: Building Assets For Windows
[2017.08.22-21.47.00:574][  0]LogDerivedDataCache: Display: Max Cache Size: 512 MB
[2017.08.22-21.47.00:655][  0]LogDerivedDataCache: Loaded boot cache 0.08s 93MB C:/Users/rajjj/AppData/Local/UnrealEngine/4.17/DerivedDataCache/Boot.ddc.
[2017.08.22-21.47.00:655][  0]LogDerivedDataCache: Display: Loaded Boot cache: C:/Users/rajjj/AppData/Local/UnrealEngine/4.17/DerivedDataCache/Boot.ddc
[2017.08.22-21.47.00:655][  0]LogDerivedDataCache: FDerivedDataBackendGraph:  Pak pak cache file ../../../../../../Users/rajjj/OneDrive/Documents/GitHub/DatBoiEntertainmetnGame_/DerivedDataCache/DDC.ddp not found, will not use a pak cache.
[2017.08.22-21.47.00:655][  0]LogDerivedDataCache: Unable to find inner node Pak for hierarchical cache Hierarchy.
[2017.08.22-21.47.00:655][  0]LogDerivedDataCache: FDerivedDataBackendGraph:  CompressedPak pak cache file ../../../../../../Users/rajjj/OneDrive/Documents/GitHub/DatBoiEntertainmetnGame_/DerivedDataCache/Compressed.ddp not found, will not use a pak cache.
[2017.08.22-21.47.00:655][  0]LogDerivedDataCache: Unable to find inner node CompressedPak for hierarchical cache Hierarchy.
[2017.08.22-21.47.00:668][  0]LogDerivedDataCache: Display: Pak cache opened for reading ../../../Engine/DerivedDataCache/Compressed.ddp.
[2017.08.22-21.47.00:680][  0]LogDerivedDataCache: Using Local data cache path C:/Users/rajjj/AppData/Local/UnrealEngine/Common/DerivedDataCache: Writable
[2017.08.22-21.47.00:689][  0]LogMaterial: Verifying Global Shaders for PCD3D_SM5
[2017.08.22-21.47.00:689][  0]LogSlate: Using Freetype 2.6.0
[2017.08.22-21.47.00:689][  0]LogSlate: SlateFontCache - WITH_FREETYPE: 1, WITH_HARFBUZZ: 1
[2017.08.22-21.47.00:689][  0]LogSlate: SlateFontCache - WITH_FREETYPE: 1, WITH_HARFBUZZ: 1
[2017.08.22-21.47.00:904][  0]LogAssetRegistry: FAssetRegistry took 0.0258 seconds to start up
[2017.08.22-21.47.00:996][  0]LogInit: Selected Device Profile: [Windows]
[2017.08.22-21.47.01:299][  0]LogSimplygon: Simplygon DLL not present - disabling.
[2017.08.22-21.47.01:331][  0]LogMeshReduction: Using SimplygonSwarm for distributed automatic mesh merging
[2017.08.22-21.47.01:332][  0]LogMeshReduction: Using QuadricMeshReduction for automatic static mesh reduction
[2017.08.22-21.47.01:332][  0]LogMeshReduction: No automatic skeletal mesh reduction module available
[2017.08.22-21.47.01:332][  0]LogMeshReduction: No automatic mesh merging module available
[2017.08.22-21.47.01:332][  0]LogMeshMerging: No automatic mesh merging module available
[2017.08.22-21.47.01:340][  0]LogContentStreaming: Texture pool size is 0.00 MB
[2017.08.22-21.47.01:698][  0]LogNetVersion: InsertNameAdventure , NetCL: 3573198, EngineNetVer: 2, GameNetVer: 0 (Checksum: 3080426378)
[2017.08.22-21.47.01:883][  0]LogPackageLocalizationCache: Processed 5 localized package path(s) for 2 prioritized culture(s) in 0.042838 seconds
[2017.08.22-21.47.01:888][  0]LogUObjectArray: 35825 objects as part of root set at end of initial load.
[2017.08.22-21.47.01:888][  0]LogUObjectAllocator: 7529104 out of 0 bytes used by permanent object pool.
[2017.08.22-21.47.01:888][  0]LogUObjectArray: CloseDisregardForGC: 0/0 objects in disregard for GC pool
[2017.08.22-21.47.01:939][  0]LogInit: WinSock: version 1.1 (2.2), MaxSocks=32767, MaxUdp=65467
[2017.08.22-21.47.03:979][  0]LogTcpMessaging: Initializing TcpMessaging bridge
[2017.08.22-21.47.04:011][  0]LogUdpMessaging: Initializing bridge on interface 0.0.0.0:0 to multicast group 230.0.0.1:6666.
[2017.08.22-21.47.04:605][  0]LogMaterial: Uniform references updated for custom material expression Custom.
[2017.08.22-21.47.04:916][  0]SourceControl: Source control is disabled
[2017.08.22-21.47.05:599][  0]LogAndroidPermission: UAndroidPermissionCallbackProxy::GetInstance
[2017.08.22-21.47.05:778][  0]LogOcInput: OculusInput pre-init called
[2017.08.22-21.47.05:978][  0]LogEngine: Initializing Engine...
[2017.08.22-21.47.05:979][  0]LogHMD: Failed to initialize OpenVR with code 110
[2017.08.22-21.47.06:168][  0]LogStats: UGameplayTagsManager::ConstructGameplayTagTree: Construct from data asset -  0.000 s
[2017.08.22-21.47.06:168][  0]LogStats: UGameplayTagsManager::ConstructGameplayTagTree: GameplayTagTreeChangedEvent.Broadcast -  0.000 s
[2017.08.22-21.47.06:269][  0]LogAIModule: Creating AISystem for world Untitled
[2017.08.22-21.47.06:276][  0]LogInit: XAudio2 using 'Headphones (High Definition Audio Device)' : 2 channels at 48 kHz using 16 bits per sample (channel mask 0x3)
[2017.08.22-21.47.06:292][  0]LogInit: FAudioDevice initialized.
[2017.08.22-21.47.06:365][  0]LogDerivedDataCache: Saved boot cache 0.07s 93MB C:/Users/rajjj/AppData/Local/UnrealEngine/4.17/DerivedDataCache/Boot.ddc.
[2017.08.22-21.47.06:378][  0]LogInit: Texture streaming: Enabled
[2017.08.22-21.47.06:464][  0]LogEngineSessionManager: EngineSessionManager initialized
[2017.08.22-21.47.06:627][  0]LogInit: Transaction tracking system initialized
[2017.08.22-21.47.06:859][  0]BlueprintLog: New page: Editor Load
[2017.08.22-21.47.07:572][  0]LocalizationService: Localization service is disabled
[2017.08.22-21.47.08:095][  0]LogConsoleResponse: Display: 
[2017.08.22-21.47.08:246][  0]LogCook: Display: Max memory allowance for cook 16384mb min free memory 0mb
[2017.08.22-21.47.08:246][  0]LogCook: Display: Mobile HDR setting 1
[2017.08.22-21.47.08:246][  0]LogGameplayTags: Display: UGameplayTagsManager::DoneAddingNativeTags. DelegateIsBound: 0
[2017.08.22-21.47.08:622][  0]LogFileCache: Scanning file cache for directory 'C:/Users/rajjj/OneDrive/Documents/GitHub/DatBoiEntertainmetnGame_/Content/' took 0.02s
[2017.08.22-21.47.09:028][  0]Cmd: MAP LOAD FILE="../../../../../../Users/rajjj/OneDrive/Documents/GitHub/DatBoiEntertainmetnGame_/Content/2DSideScrollerBP/Maps/2DSideScrollerExampleMap.umap" TEMPLATE=0 SHOWPROGRESS=1 FEATURELEVEL=3
[2017.08.22-21.47.09:048][  0]LogSlate: Took 0.000139 seconds to synchronously load lazily loaded font '../../../Engine/Content/Slate/Fonts/Roboto-Regular.ttf' (155K)
[2017.08.22-21.47.10:429][  0]LogWindowsTextInputMethodSystem: Display: IME system now deactivated.
[2017.08.22-21.47.10:436][  0]LightingResults: New page: Lighting Build
[2017.08.22-21.47.10:474][  0]MapCheck: New page: Map Check
[2017.08.22-21.47.10:474][  0]LightingResults: New page: Lighting Build
[2017.08.22-21.47.10:484][  0]LogAIModule: Creating AISystem for world Untitled
[2017.08.22-21.47.10:486][  0]LoadErrors: New page: New Map
[2017.08.22-21.47.10:615][  0]LogWindowsTextInputMethodSystem: Display: IME system now deactivated.
[2017.08.22-21.47.10:763][  0]LogCollectionManager: Loaded 0 collections in 0.001265 seconds
[2017.08.22-21.47.10:838][  0]LogFileCache: Scanning file cache for directory 'C:/Users/rajjj/OneDrive/Documents/GitHub/DatBoiEntertainmetnGame_/Saved/Collections/' took 0.01s
[2017.08.22-21.47.10:838][  0]LogFileCache: Scanning file cache for directory 'C:/Users/rajjj/OneDrive/Documents/GitHub/DatBoiEntertainmetnGame_/Content/Developers/rajjj/Collections/' took 0.01s
[2017.08.22-21.47.10:838][  0]LogFileCache: Scanning file cache for directory 'C:/Users/rajjj/OneDrive/Documents/GitHub/DatBoiEntertainmetnGame_/Content/Collections/' took 0.01s
[2017.08.22-21.47.10:838][  0]LogCollectionManager: Rebuilt the GUID cache for 0 collections in 0.000000 seconds
[2017.08.22-21.47.10:846][  0]LogContentBrowser: Native class hierarchy populated in 0.0075 seconds. Added 2387 classes and 502 folders.
[2017.08.22-21.47.10:903][  0]LogContentBrowser: Native class hierarchy updated for 'WidgetCarousel' in 0.0008 seconds. Added 0 classes and 0 folders.
[2017.08.22-21.47.10:934][  0]LogContentBrowser: Native class hierarchy updated for 'AddContentDialog' in 0.0005 seconds. Added 0 classes and 0 folders.
[2017.08.22-21.47.10:952][  0]LogSlate: Took 0.000192 seconds to synchronously load lazily loaded font '../../../Engine/Content/Slate/Fonts/Roboto-Bold.ttf' (160K)
[2017.08.22-21.47.10:957][  0]LogSlate: Took 0.000156 seconds to synchronously load lazily loaded font '../../../Engine/Content/Editor/Slate/Fonts/FontAwesome.ttf' (139K)
[2017.08.22-21.47.11:055][  0]LogRenderer: Reallocating scene render targets to support 1524x924 Format 10 NumSamples 1 (Frame:1).
[2017.08.22-21.47.11:181][  0]LogContentBrowser: Native class hierarchy updated for 'HierarchicalLODOutliner' in 0.0006 seconds. Added 1 classes and 2 folders.
[2017.08.22-21.47.11:181][  0]LogLoad: (Engine Initialization) Total time: 15.88 seconds
[2017.08.22-21.47.11:181][  0]LogLoad: (Engine Initialization) Total Blueprint compile time: 0.00 seconds
[2017.08.22-21.47.11:181][  0]LogExternalProfiler: No external profilers were discovered.  External profiling features will not be available.
[2017.08.22-21.47.11:221][  0]SourceControl: On branch V1.5.1
[2017.08.22-21.47.11:221][  0]SourceControl: Your branch is behind 'origin/V1.5.1' by 2 commits, and can be fast-forwarded.
[2017.08.22-21.47.11:221][  0]SourceControl:   (use "git pull" to update your local branch)
[2017.08.22-21.47.11:221][  0]SourceControl: Changes to be committed:
[2017.08.22-21.47.11:221][  0]SourceControl:   (use "git reset HEAD <file>..." to unstage)
[2017.08.22-21.47.11:221][  0]SourceControl: 	new file:   Content/2DSideScrollerBP/Maps/Levels/LevelSprites/Sprites/Rain_Forrest_Sprites/PNG/Dirt_5_Sprite_Sheet.uasset
[2017.08.22-21.47.11:221][  0]SourceControl: 	new file:   Content/2DSideScrollerBP/Maps/Levels/LevelSprites/Sprites/Rain_Forrest_Sprites/PNG/Dirt_5_Sprite_Sheet_Darker.uasset
[2017.08.22-21.47.11:222][  0]SourceControl: 	new file:   Content/2DSideScrollerBP/Maps/Levels/LevelSprites/Sprites/Rain_Forrest_Sprites/PNG/Dirt_5_Sprite_Sheet_Darker_2.uasset
[2017.08.22-21.47.11:222][  0]SourceControl: 	new file:   Content/2DSideScrollerBP/Maps/Levels/LevelSprites/Sprites/Rain_Forrest_Sprites/PNG/Dirt_5_Sprite_Sheet_Darker_2_TileSet.uasset
[2017.08.22-21.47.11:222][  0]SourceControl: 	new file:   Content/2DSideScrollerBP/Maps/Levels/LevelSprites/Sprites/Rain_Forrest_Sprites/PNG/Dirt_5_Sprite_Sheet_Darker_Background.uasset
[2017.08.22-21.47.11:222][  0]SourceControl: 	new file:   Content/2DSideScrollerBP/Maps/Levels/LevelSprites/Sprites/Rain_Forrest_Sprites/PNG/Dirt_5_Sprite_Sheet_Darker_Background_2.uasset
[2017.08.22-21.47.11:222][  0]SourceControl: 	new file:   Content/2DSideScrollerBP/Maps/Levels/LevelSprites/Sprites/Rain_Forrest_Sprites/PNG/Dirt_5_Sprite_Sheet_Darker_Background_2_Sprite.uasset
[2017.08.22-21.47.11:222][  0]SourceControl: 	new file:   Content/2DSideScrollerBP/Maps/Levels/LevelSprites/Sprites/Rain_Forrest_Sprites/PNG/Dirt_5_Sprite_Sheet_Darker_Background_2_TileSet.uasset
[2017.08.22-21.47.11:222][  0]SourceControl: 	new file:   Content/2DSideScrollerBP/Maps/Levels/LevelSprites/Sprites/Rain_Forrest_Sprites/PNG/Dirt_5_Sprite_Sheet_Darker_Background_3.uasset
[2017.08.22-21.47.11:222][  0]SourceControl: 	new file:   Content/2DSideScrollerBP/Maps/Levels/LevelSprites/Sprites/Rain_Forrest_Sprites/PNG/Dirt_5_Sprite_Sheet_Darker_Background_3_Sprite.uasset
[2017.08.22-21.47.11:222][  0]SourceControl: 	new file:   Content/2DSideScrollerBP/Maps/Levels/LevelSprites/Sprites/Rain_Forrest_Sprites/PNG/Dirt_5_Sprite_Sheet_Darker_Background_3_TileSet.uasset
[2017.08.22-21.47.11:222][  0]SourceControl: 	new file:   Content/2DSideScrollerBP/Maps/Levels/LevelSprites/Sprites/Rain_Forrest_Sprites/PNG/Dirt_5_Sprite_Sheet_Darker_TileSet.uasset
[2017.08.22-21.47.11:222][  0]SourceControl: 	new file:   Content/2DSideScrollerBP/Maps/Levels/LevelSprites/Sprites/Rain_Forrest_Sprites/PNG/Dirt_5_Sprite_Sheet_TileSet.uasset
[2017.08.22-21.47.11:222][  0]SourceControl: 	new file:   Content/2DSideScrollerBP/Maps/Levels/LevelSprites/Sprites/Rain_Forrest_Sprites/PNG/Dirt_5_Sprite_Sheet_less_grass.uasset
[2017.08.22-21.47.11:222][  0]SourceControl: 	new file:   Content/2DSideScrollerBP/Maps/Levels/LevelSprites/Sprites/Rain_Forrest_Sprites/PNG/Dirt_5_Sprite_Sheet_less_grass_TileSet.uasset
[2017.08.22-21.47.11:222][  0]SourceControl: Changes not staged for commit:
[2017.08.22-21.47.11:222][  0]SourceControl:   (use "git add/rm <file>..." to update what will be committed)
[2017.08.22-21.47.11:222][  0]SourceControl:   (use "git checkout -- <file>..." to discard changes in working directory)
[2017.08.22-21.47.11:222][  0]SourceControl: 	modified:   Content/2DSideScrollerBP/Maps/Levels/LevelSprites/Sprites/Rain_Forrest_Sprites/PNG/Dirt_5_Sprite_Sheet_Darker_TileSet.uasset
[2017.08.22-21.47.11:222][  0]SourceControl: 	modified:   Content/2DSideScrollerBP/Maps/Levels/LevelSprites/Sprites/Rain_Forrest_Sprites/Tile_Maps/Rain_Forrest_TMTop.uasset
[2017.08.22-21.47.11:222][  0]SourceControl: 	modified:   Content/2DSideScrollerBP/Maps/Levels/Rainforest_Alien.umap
[2017.08.22-21.47.11:222][  0]SourceControl: 	modified:   Content/2DSideScrollerBP/Maps/Levels/Rainforest_Alien_BuiltData.uasset
[2017.08.22-21.47.11:222][  0]SourceControl: 	modified:   Intermediate/AssetRegistryCache/c90e3f55.bin
[2017.08.22-21.47.11:222][  0]SourceControl: 	modified:   Intermediate/CachedAssetRegistry.bin
[2017.08.22-21.47.11:222][  0]SourceControl: 	modified:   Saved/AutoScreenshot.png
[2017.08.22-21.47.11:222][  0]SourceControl: 	modified:   Saved/Autosaves/Game/2DSideScrollerBP/Blueprints/UI/ActionSlot_Auto1.uasset
[2017.08.22-21.47.11:222][  0]SourceControl: 	modified:   Saved/Autosaves/Game/2DSideScrollerBP/Blueprints/UI/InventorySlot_Auto1.uasset
[2017.08.22-21.47.11:222][  0]SourceControl: 	modified:   Saved/Autosaves/Game/2DSideScrollerBP/Maps/Levels/LevelSprites/Sprites/Rain_Forrest_Sprites/Tile_Maps/Rain_Forrest_TMTop_Auto1.uasset
[2017.08.22-21.47.11:222][  0]SourceControl: 	modified:   Saved/Autosaves/Game/2DSideScrollerBP/Maps/Levels/LevelSprites/Sprites/Rain_Forrest_Sprites/Tile_Maps/Rain_Forrest_TMTop_Auto2.uasset
[2017.08.22-21.47.11:222][  0]SourceControl: 	modified:   Saved/Autosaves/Game/2DSideScrollerBP/Maps/Levels/LevelSprites/Sprites/Rain_Forrest_Sprites/Tile_Maps/Rain_Forrest_TMTop_Auto3.uasset
[2017.08.22-21.47.11:222][  0]SourceControl: 	modified:   Saved/Autosaves/Game/2DSideScrollerBP/Maps/Levels/LevelSprites/Sprites/Rain_Forrest_Sprites/Tile_Maps/Rain_Forrest_TMTop_Auto4.uasset
[2017.08.22-21.47.11:222][  0]SourceControl: 	modified:   Saved/Autosaves/Game/2DSideScrollerBP/Maps/Levels/LevelSprites/Sprites/Rain_Forrest_Sprites/Tile_Maps/Rain_Forrest_TMTop_Auto5.uasset
[2017.08.22-21.47.11:222][  0]SourceControl: 	modified:   Saved/Autosaves/Game/2DSideScrollerBP/Maps/Levels/LevelSprites/Sprites/Rain_Forrest_Sprites/Tile_Maps/Rain_Forrest_TMTop_Auto6.uasset
[2017.08.22-21.47.11:222][  0]SourceControl: 	modified:   Saved/Autosaves/Game/2DSideScrollerBP/Maps/Levels/Rainforest_Alien_Auto1.umap
[2017.08.22-21.47.11:222][  0]SourceControl: 	modified:   Saved/Autosaves/Game/2DSideScrollerBP/Maps/Levels/Rainforest_Alien_Auto2.umap
[2017.08.22-21.47.11:222][  0]SourceControl: 	modified:   Saved/Autosaves/Game/2DSideScrollerBP/Maps/Levels/Rainforest_Alien_Auto3.umap
[2017.08.22-21.47.11:222][  0]SourceControl: 	modified:   Saved/Autosaves/Game/2DSideScrollerBP/Maps/Levels/Rainforest_Alien_Auto5.umap
[2017.08.22-21.47.11:222][  0]SourceControl: 	deleted:    Saved/Backup/RainFall4_PS_Building_2017-07-31-23-03-48.uasset
[2017.08.22-21.47.11:222][  0]SourceControl: 	deleted:    Saved/Backup/RainFall4_PS_Building_2017-07-31-23-10-07.uasset
[2017.08.22-21.47.11:222][  0]SourceControl: 	deleted:    Saved/Backup/Rain_Forrest_TMTop_2017-08-07-16-25-50.uasset
[2017.08.22-21.47.11:222][  0]SourceControl: 	deleted:    Saved/Backup/Rain_Forrest_TMTop_2017-08-07-16-31-00.uasset
[2017.08.22-21.47.11:222][  0]SourceControl: 	deleted:    Saved/Backup/Rain_Forrest_TMTop_2017-08-07-21-48-54.uasset
[2017.08.22-21.47.11:222][  0]SourceControl: 	deleted:    Saved/Backup/Rain_Forrest_TMTop_2017-08-07-22-02-01.uasset
[2017.08.22-21.47.11:222][  0]SourceControl: 	deleted:    Saved/Backup/Rain_Forrest_TMTop_2017-08-07-22-07-25.uasset
[2017.08.22-21.47.11:222][  0]SourceControl: 	deleted:    Saved/Backup/Rain_Forrest_TMTop_2017-08-07-22-19-36.uasset
[2017.08.22-21.47.11:222][  0]SourceControl: 	deleted:    Saved/Backup/Rainfall_PS1_2017-07-28-22-39-15.uasset
[2017.08.22-21.47.11:222][  0]SourceControl: 	deleted:    Saved/Backup/Rainfall_PS1_2017-07-31-14-28-16.uasset
[2017.08.22-21.47.11:222][  0]SourceControl: 	deleted:    Saved/Backup/Rainfall_PS1_2017-07-31-17-16-26.uasset
[2017.08.22-21.47.11:222][  0]SourceControl: 	deleted:    Saved/Backup/Rainfall_PS_2017-07-29-17-17-41.uasset
[2017.08.22-21.47.11:222][  0]SourceControl: 	deleted:    Saved/Config/CrashReportClient/UE4CC-Windows-464943B0497C4D04BCCFD89B9F9979B6/CrashReportClient.ini
[2017.08.22-21.47.11:222][  0]SourceControl: 	deleted:    Saved/Config/CrashReportClient/UE4CC-Windows-5A5428B241E971122A477491107E705E/CrashReportClient.ini
[2017.08.22-21.47.11:222][  0]SourceControl: 	deleted:    Saved/Config/CrashReportClient/UE4CC-Windows-9A7B790A4EF0C3EF507BC9B9A384F938/CrashReportClient.ini
[2017.08.22-21.47.11:222][  0]SourceControl: 	deleted:    Saved/Config/CrashReportClient/UE4CC-Windows-9BBA21F14B64281674AE9D9408F345DC/CrashReportClient.ini
[2017.08.22-21.47.11:222][  0]SourceControl: 	modified:   Saved/Config/Windows/EditorPerProjectUserSettings.ini
[2017.08.22-21.47.11:222][  0]SourceControl: 	modified:   Saved/Config/Windows/Engine.ini
[2017.08.22-21.47.11:222][  0]SourceControl: 	deleted:    Saved/Logs/InsertNameAdventure-backup-2017.08.18-14.33.10.log
[2017.08.22-21.47.11:222][  0]SourceControl: 	deleted:    Saved/Logs/InsertNameAdventure-backup-2017.08.19-09.58.24.log
[2017.08.22-21.47.11:222][  0]SourceControl: 	deleted:    Saved/Logs/InsertNameAdventure-backup-2017.08.19-14.48.07.log
[2017.08.22-21.47.11:222][  0]SourceControl: 	deleted:    Saved/Logs/InsertNameAdventure-backup-2017.08.19-19.04.30.log
[2017.08.22-21.47.11:223][  0]SourceControl: 	deleted:    Saved/Logs/InsertNameAdventure-backup-2017.08.20-09.42.47.log
[2017.08.22-21.47.11:223][  0]SourceControl: 	deleted:    Saved/Logs/InsertNameAdventure-backup-2017.08.20-11.16.03.log
[2017.08.22-21.47.11:223][  0]SourceControl: 	deleted:    Saved/Logs/InsertNameAdventure-backup-2017.08.20-16.22.55.log
[2017.08.22-21.47.11:223][  0]SourceControl: 	deleted:    Saved/Logs/InsertNameAdventure-backup-2017.08.21-10.04.20.log
[2017.08.22-21.47.11:223][  0]SourceControl: 	modified:   Saved/Logs/InsertNameAdventure.log
[2017.08.22-21.47.11:223][  0]SourceControl: 	deleted:    Saved/Logs/InsertNameAdventure_2-backup-2017.08.18-14.33.22.log
[2017.08.22-21.47.11:223][  0]SourceControl: Untracked files:
[2017.08.22-21.47.11:223][  0]SourceControl:   (use "git add <file>..." to include in what will be committed)
[2017.08.22-21.47.11:223][  0]SourceControl: 	Saved/Autosaves/Game/2DSideScrollerBP/Maps/Levels/LevelSprites/Sprites/Rain_Forrest_Sprites/PNG/Dirt_5_Auto2.uasset
[2017.08.22-21.47.11:223][  0]SourceControl: 	Saved/Autosaves/Game/2DSideScrollerBP/Maps/Levels/LevelSprites/Sprites/Rain_Forrest_Sprites/PNG/Dirt_5_Sprite_Sheet_Darker_2_Auto3.uasset
[2017.08.22-21.47.11:223][  0]SourceControl: 	Saved/Autosaves/Game/2DSideScrollerBP/Maps/Levels/LevelSprites/Sprites/Rain_Forrest_Sprites/PNG/Dirt_5_Sprite_Sheet_Darker_2_TileSet_Auto3.uasset
[2017.08.22-21.47.11:223][  0]SourceControl: 	Saved/Autosaves/Game/2DSideScrollerBP/Maps/Levels/LevelSprites/Sprites/Rain_Forrest_Sprites/PNG/Dirt_5_Sprite_Sheet_Darker_2_TileSet_Auto4.uasset
[2017.08.22-21.47.11:223][  0]SourceControl: 	Saved/Autosaves/Game/2DSideScrollerBP/Maps/Levels/LevelSprites/Sprites/Rain_Forrest_Sprites/PNG/Dirt_5_Sprite_Sheet_Darker_Background_2_Auto2.uasset
[2017.08.22-21.47.11:223][  0]SourceControl: 	Saved/Autosaves/Game/2DSideScrollerBP/Maps/Levels/LevelSprites/Sprites/Rain_Forrest_Sprites/PNG/Dirt_5_Sprite_Sheet_Darker_Background_2_Sprite_Auto3.uasset
[2017.08.22-21.47.11:223][  0]SourceControl: 	Saved/Autosaves/Game/2DSideScrollerBP/Maps/Levels/LevelSprites/Sprites/Rain_Forrest_Sprites/PNG/Dirt_5_Sprite_Sheet_Darker_Background_2_TileSet_Auto2.uasset
[2017.08.22-21.47.11:223][  0]SourceControl: 	Saved/Autosaves/Game/2DSideScrollerBP/Maps/Levels/LevelSprites/Sprites/Rain_Forrest_Sprites/PNG/Dirt_5_Sprite_Sheet_Darker_Background_3_Auto4.uasset
[2017.08.22-21.47.11:223][  0]SourceControl: 	Saved/Autosaves/Game/2DSideScrollerBP/Maps/Levels/LevelSprites/Sprites/Rain_Forrest_Sprites/PNG/Dirt_5_Sprite_Sheet_Darker_Background_3_Sprite_Auto5.uasset
[2017.08.22-21.47.11:223][  0]SourceControl: 	Saved/Autosaves/Game/2DSideScrollerBP/Maps/Levels/LevelSprites/Sprites/Rain_Forrest_Sprites/PNG/Dirt_5_Sprite_Sheet_Darker_Background_3_TileSet_Auto4.uasset
[2017.08.22-21.47.11:223][  0]SourceControl: 	Saved/Autosaves/Game/2DSideScrollerBP/Maps/Levels/LevelSprites/Sprites/Rain_Forrest_Sprites/PNG/Dirt_5_Sprite_Sheet_Darker_Background_Auto1.uasset
[2017.08.22-21.47.11:223][  0]SourceControl: 	Saved/Autosaves/Game/2DSideScrollerBP/Maps/Levels/LevelSprites/Sprites/Rain_Forrest_Sprites/PNG/Dirt_5_Sprite_Sheet_Darker_Background_TileSet_Auto1.uasset
[2017.08.22-21.47.11:223][  0]SourceControl: 	Saved/Autosaves/Game/2DSideScrollerBP/Maps/Levels/LevelSprites/Sprites/Rain_Forrest_Sprites/PNG/Dirt_5_Sprite_Sheet_less_grass_Auto1.uasset
[2017.08.22-21.47.11:223][  0]SourceControl: 	Saved/Autosaves/Game/2DSideScrollerBP/Maps/Levels/LevelSprites/Sprites/Rain_Forrest_Sprites/PNG/Dirt_5_Sprite_Sheet_less_grass_Auto2.uasset
[2017.08.22-21.47.11:223][  0]SourceControl: 	Saved/Autosaves/Game/2DSideScrollerBP/Maps/Levels/LevelSprites/Sprites/Rain_Forrest_Sprites/PNG/Dirt_5_Sprite_Sheet_less_grass_TileSet_Auto1.uasset
[2017.08.22-21.47.11:223][  0]SourceControl: 	Saved/Autosaves/Game/2DSideScrollerBP/Maps/Levels/LevelSprites/Sprites/Rain_Forrest_Sprites/PNG/Dirt_5_Sprite_Sheet_less_grass_TileSet_Auto2.uasset
[2017.08.22-21.47.11:223][  0]SourceControl: 	Saved/Autosaves/Game/2DSideScrollerBP/Maps/Levels/LevelSprites/Sprites/Rain_Forrest_Sprites/PNG/Dirt_5_TileSet_Auto2.uasset
[2017.08.22-21.47.11:223][  0]SourceControl: 	Saved/Backup/ActionSlot_2017-08-21-10-37-24.uasset
[2017.08.22-21.47.11:223][  0]SourceControl: 	Saved/Backup/Dirt_5_Sprite_Sheet_Darker_TileSet_2017-08-21-12-33-12.uasset
[2017.08.22-21.47.11:223][  0]SourceControl: 	Saved/Backup/Dirt_5_Sprite_Sheet_Darker_TileSet_2017-08-21-19-11-34.uasset
[2017.08.22-21.47.11:223][  0]SourceControl: 	Saved/Backup/InventorySlot_2017-08-21-10-37-24.uasset
[2017.08.22-21.47.11:223][  0]SourceControl: 	Saved/Backup/Rain_Forrest_TMTop_2017-08-21-10-58-23.uasset
[2017.08.22-21.47.11:223][  0]SourceControl: 	Saved/Backup/Rain_Forrest_TMTop_2017-08-21-12-33-14.uasset
[2017.08.22-21.47.11:223][  0]SourceControl: 	Saved/Backup/Rain_Forrest_TMTop_2017-08-22-11-35-06.uasset
[2017.08.22-21.47.11:223][  0]SourceControl: 	Saved/Backup/Rain_Forrest_TMTop_2017-08-22-11-53-56.uasset
[2017.08.22-21.47.11:223][  0]SourceControl: 	Saved/Backup/Rain_Forrest_TMTop_2017-08-22-12-14-43.uasset
[2017.08.22-21.47.11:223][  0]SourceControl: 	Saved/Backup/Rain_Forrest_TMTop_2017-08-22-12-39-17.uasset
[2017.08.22-21.47.11:223][  0]SourceControl: 	Saved/Backup/Rain_Forrest_TMTop_2017-08-22-12-56-29.uasset
[2017.08.22-21.47.11:223][  0]SourceControl: 	Saved/Backup/Rain_Forrest_TMTop_2017-08-22-13-08-57.uasset
[2017.08.22-21.47.11:223][  0]SourceControl: 	Saved/Backup/Rain_Forrest_TMTop_2017-08-22-13-32-44.uasset
[2017.08.22-21.47.11:223][  0]SourceControl: 	Saved/Backup/Rain_Forrest_TMTop_2017-08-22-13-48-04.uasset
[2017.08.22-21.47.11:223][  0]SourceControl: 	Saved/Backup/Rainforest_Alien_2017-08-21-12-29-50.umap
[2017.08.22-21.47.11:223][  0]SourceControl: 	Saved/Backup/Rainforest_Alien_2017-08-22-11-35-05.umap
[2017.08.22-21.47.11:223][  0]SourceControl: 	Saved/Backup/Rainforest_Alien_2017-08-22-11-53-55.umap
[2017.08.22-21.47.11:223][  0]SourceControl: 	Saved/Backup/Rainforest_Alien_2017-08-22-12-14-42.umap
[2017.08.22-21.47.11:223][  0]SourceControl: 	Saved/Backup/Rainforest_Alien_2017-08-22-13-08-56.umap
[2017.08.22-21.47.11:223][  0]SourceControl: 	Saved/Backup/Rainforest_Alien_2017-08-22-13-22-44.umap
[2017.08.22-21.47.11:223][  0]SourceControl: 	Saved/Backup/Rainforest_Alien_2017-08-22-13-48-00.umap
[2017.08.22-21.47.11:223][  0]SourceControl: 	Saved/Backup/Rainforest_Alien_BuiltData_2017-08-21-10-16-46.uasset
[2017.08.22-21.47.11:223][  0]SourceControl: 	Saved/Backup/Rainforest_Alien_BuiltData_2017-08-21-12-29-51.uasset
[2017.08.22-21.47.11:223][  0]SourceControl: 	Saved/Backup/Rainforest_Alien_BuiltData_2017-08-22-13-22-45.uasset
[2017.08.22-21.47.11:223][  0]SourceControl: 	Saved/Backup/Rainforest_Alien_BuiltData_2017-08-22-13-48-01.uasset
[2017.08.22-21.47.11:223][  0]SourceControl: 	Saved/Config/CrashReportClient/UE4CC-Windows-154D1D184E0DE451216F7DA662749E54/
[2017.08.22-21.47.11:223][  0]SourceControl: 	Saved/Config/CrashReportClient/UE4CC-Windows-381E30FC4AC81B7D44D1B7BC7AB702B6/
[2017.08.22-21.47.11:223][  0]SourceControl: 	Saved/Config/CrashReportClient/UE4CC-Windows-574471EC41FDA05666F658A5521BF243/
[2017.08.22-21.47.11:223][  0]SourceControl: 	Saved/Config/CrashReportClient/UE4CC-Windows-831B31B949491B67CF367DB3D6CB88E5/
[2017.08.22-21.47.11:223][  0]SourceControl: 	Saved/Config/CrashReportClient/UE4CC-Windows-8A33DE9749B9F084B76DFEAFDACD5616/
[2017.08.22-21.47.11:223][  0]SourceControl: 	Saved/Config/CrashReportClient/UE4CC-Windows-90EE1B0548C4C5E99AF7FFABC466799F/
[2017.08.22-21.47.11:223][  0]SourceControl: 	Saved/Config/CrashReportClient/UE4CC-Windows-930680DF4A8A200B7BCC64905E1F781D/
[2017.08.22-21.47.11:223][  0]SourceControl: 	Saved/Logs/InsertNameAdventure-backup-2017.08.21-10.12.52.log
[2017.08.22-21.47.11:223][  0]SourceControl: 	Saved/Logs/InsertNameAdventure-backup-2017.08.21-10.16.52.log
[2017.08.22-21.47.11:223][  0]SourceControl: 	Saved/Logs/InsertNameAdventure-backup-2017.08.21-10.21.19.log
[2017.08.22-21.47.11:223][  0]SourceControl: 	Saved/Logs/InsertNameAdventure-backup-2017.08.21-12.25.48.log
[2017.08.22-21.47.11:223][  0]SourceControl: 	Saved/Logs/InsertNameAdventure-backup-2017.08.21-19.06.59.log
[2017.08.22-21.47.11:223][  0]SourceControl: 	Saved/Logs/InsertNameAdventure-backup-2017.08.22-11.12.30.log
[2017.08.22-21.47.11:223][  0]SourceControl: 	Saved/Logs/InsertNameAdventure-backup-2017.08.22-15.46.56.log
[2017.08.22-21.47.11:224][  0]LogContentStreaming: Texture pool size now 1000 MB
[2017.08.22-21.47.11:271][  1]LogAssetRegistry: Asset discovery search completed in 10.3884 seconds
[2017.08.22-21.47.11:273][  1]LogCollectionManager: Rebuilt the object cache for 0 collections in 0.000000 seconds (found 0 objects)
[2017.08.22-21.47.11:273][  1]LogCollectionManager: Fixed up redirectors for 0 collections in 0.000048 seconds (updated 0 objects)
[2017.08.22-21.47.12:454][ 11]LogSlate: Took 0.000300 seconds to synchronously load lazily loaded font '../../../Engine/Content/Slate/Fonts/Roboto-Light.ttf' (159K)
[2017.08.22-21.47.12:680][ 11]LogSlate: Took 0.000156 seconds to synchronously load lazily loaded font '../../../Engine/Content/Editor/Slate/Fonts/Roboto-BoldCondensed.ttf' (158K)
[2017.08.22-21.47.12:748][ 11]LogRenderer: Reallocating scene render targets to support 1564x924 Format 10 NumSamples 1 (Frame:1).
[2017.08.22-21.47.12:757][ 11]LogPaper2D: Triangulation of poly failed.
[2017.08.22-21.47.16:345][ 22]LogFileCache: Retrieving MD5 hashes for directory 'C:/Users/rajjj/OneDrive/Documents/GitHub/DatBoiEntertainmetnGame_/Content/' took 5.14s
[2017.08.22-21.48.39:303][955]LogPaper2D: Triangulation of poly failed.
[2017.08.22-21.48.39:685][997]LogPaper2D: Triangulation of poly failed.
[2017.08.22-21.48.40:055][ 39]LogPaper2D: Triangulation of poly failed.
[2017.08.22-21.48.40:314][ 68]LogPaper2D: Triangulation of poly failed.
[2017.08.22-21.48.41:678][228]LogPaper2D: Triangulation of poly failed.
[2017.08.22-21.48.41:805][241]LogPaper2D: Triangulation of poly failed.
[2017.08.22-21.48.41:932][254]LogPaper2D: Triangulation of poly failed.
[2017.08.22-21.48.44:985][615]LogPaper2D: Triangulation of poly failed.
[2017.08.22-21.48.45:211][640]LogPaper2D: Triangulation of poly failed.
[2017.08.22-21.48.45:590][683]LogPaper2D: Triangulation of poly failed.
[2017.08.22-21.48.45:876][715]LogPaper2D: Triangulation of poly failed.
[2017.08.22-21.48.47:254][876]LogPaper2D: Triangulation of poly failed.
[2017.08.22-21.48.47:392][890]LogPaper2D: Triangulation of poly failed.
[2017.08.22-21.48.47:544][906]LogPaper2D: Triangulation of poly failed.
[2017.08.22-21.48.50:102][206]LogPaper2D: Triangulation of poly failed.
[2017.08.22-21.48.50:387][238]LogPaper2D: Triangulation of poly failed.
[2017.08.22-21.48.50:699][273]LogPaper2D: Triangulation of poly failed.
[2017.08.22-21.48.52:463][476]LogPaper2D: Triangulation of poly failed.
[2017.08.22-21.48.52:615][492]LogPaper2D: Triangulation of poly failed.
[2017.08.22-21.48.52:696][499]LogPaper2D: Triangulation of poly failed.
[2017.08.22-21.48.52:782][507]LogPaper2D: Triangulation of poly failed.
[2017.08.22-21.48.52:986][529]LogPaper2D: Triangulation of poly failed.
[2017.08.22-21.48.59:886][348]LogPaper2D: Triangulation of poly failed.
[2017.08.22-21.48.59:912][348]LogPaper2D: Triangulation of poly failed.
[2017.08.22-21.49.00:499][414]LogPaper2D: Triangulation of poly failed.
[2017.08.22-21.49.00:694][435]LogPaper2D: Triangulation of poly failed.
[2017.08.22-21.49.00:897][457]LogPaper2D: Triangulation of poly failed.
[2017.08.22-21.49.01:083][477]LogPaper2D: Triangulation of poly failed.
[2017.08.22-21.49.01:202][489]LogPaper2D: Triangulation of poly failed.
[2017.08.22-21.49.01:322][501]LogPaper2D: Triangulation of poly failed.
[2017.08.22-21.49.03:524][761]Cmd: TRANSACTION UNDO
[2017.08.22-21.49.03:524][761]LogEditorTransaction: Undo Tile Painting
[2017.08.22-21.49.03:526][761]LogPaper2D: Triangulation of poly failed.
[2017.08.22-21.49.03:570][761]LogSlate: Took 0.000166 seconds to synchronously load lazily loaded font '../../../Engine/Content/Slate/Fonts/Roboto-Light.ttf' (159K)
[2017.08.22-21.49.03:765][785]Cmd: TRANSACTION UNDO
[2017.08.22-21.49.03:765][785]LogEditorTransaction: Undo Tile Painting
[2017.08.22-21.49.03:767][785]LogPaper2D: Triangulation of poly failed.
[2017.08.22-21.49.03:993][808]Cmd: TRANSACTION UNDO
[2017.08.22-21.49.03:993][808]LogEditorTransaction: Undo Tile Painting
[2017.08.22-21.49.03:996][808]LogPaper2D: Triangulation of poly failed.
[2017.08.22-21.49.04:194][828]Cmd: TRANSACTION UNDO
[2017.08.22-21.49.04:194][828]LogEditorTransaction: Undo Tile Painting
[2017.08.22-21.49.04:196][828]LogPaper2D: Triangulation of poly failed.
[2017.08.22-21.49.04:522][865]Cmd: TRANSACTION UNDO
[2017.08.22-21.49.04:522][865]LogEditorTransaction: Undo Tile Painting
[2017.08.22-21.49.04:523][865]LogPaper2D: Triangulation of poly failed.
[2017.08.22-21.49.05:012][920]Cmd: TRANSACTION UNDO
[2017.08.22-21.49.05:012][920]LogEditorTransaction: Undo Tile Painting
[2017.08.22-21.49.05:015][920]LogPaper2D: Triangulation of poly failed.
[2017.08.22-21.49.07:920][262]LogSlate: Took 0.000183 seconds to synchronously load lazily loaded font '../../../Engine/Content/Slate/Fonts/Roboto-Light.ttf' (159K)
[2017.08.22-21.49.16:822][321]LogPaper2D: Triangulation of poly failed.
[2017.08.22-21.49.16:951][333]LogPaper2D: Triangulation of poly failed.
[2017.08.22-21.49.17:304][373]LogPaper2D: Triangulation of poly failed.
[2017.08.22-21.49.17:582][404]LogPaper2D: Triangulation of poly failed.
[2017.08.22-21.49.17:951][445]LogPaper2D: Triangulation of poly failed.
[2017.08.22-21.49.19:306][604]LogPaper2D: Triangulation of poly failed.
[2017.08.22-21.49.19:450][619]LogPaper2D: Triangulation of poly failed.
[2017.08.22-21.49.19:677][644]LogPaper2D: Triangulation of poly failed.
[2017.08.22-21.49.22:580][985]LogPaper2D: Triangulation of poly failed.
[2017.08.22-21.49.22:716][999]LogPaper2D: Triangulation of poly failed.
[2017.08.22-21.49.22:795][  6]LogPaper2D: Triangulation of poly failed.
[2017.08.22-21.49.22:965][ 24]LogPaper2D: Triangulation of poly failed.
[2017.08.22-21.49.23:110][ 39]LogPaper2D: Triangulation of poly failed.
[2017.08.22-21.49.23:214][ 49]LogPaper2D: Triangulation of poly failed.
[2017.08.22-21.49.23:359][ 64]LogPaper2D: Triangulation of poly failed.
[2017.08.22-21.49.29:982][819]LogBlueprint: Warning: ExposeOnSpawn ambiguity. Property 'BoolProperty /Game/2DSideScrollerBP/Blueprints/UI/ItemDrag.ItemDrag_C:fromInv', MetaData 'True', Flag 'False'
[2017.08.22-21.49.29:982][819]LogBlueprint: Warning: ExposeOnSpawn ambiguity. Property 'ObjectProperty /Game/2DSideScrollerBP/Blueprints/UI/ItemDrag.ItemDrag_C:dragItem', MetaData 'True', Flag 'False'
[2017.08.22-21.49.29:986][819]LogBlueprint: Warning: ExposeOnSpawn ambiguity. Property 'BoolProperty /Game/2DSideScrollerBP/Blueprints/UI/ItemDrag.ItemDrag_C:fromInv', MetaData 'True', Flag 'False'
[2017.08.22-21.49.29:986][819]LogBlueprint: Warning: ExposeOnSpawn ambiguity. Property 'ObjectProperty /Game/2DSideScrollerBP/Blueprints/UI/ItemDrag.ItemDrag_C:dragItem', MetaData 'True', Flag 'False'
[2017.08.22-21.49.30:008][819]LogBlueprint: Warning: [Compiler ActionSlot] Input pin  Drag Item  specifying non-default value no longer exists on this node. Please refresh node or reset pin to default value to remove pin.
[2017.08.22-21.49.30:019][819]LogBlueprint: Warning: [Compiler InventorySlot] Input pin  From Inv  specifying non-default value no longer exists on this node. Please refresh node or reset pin to default value to remove pin.
[2017.08.22-21.49.30:019][819]LogBlueprint: Error: [Compiler InventorySlot] In use pin  Drag Item  no longer exists on this node. Please refresh node or break links to remove pin.
[2017.08.22-21.49.30:121][819]LogBlueprint: Warning: [Compiler ActionSlot] [0154.82] Compile of ActionSlot successful, but with 1 Warning(s) [in 148 ms] (/Game/2DSideScrollerBP/Blueprints/UI/ActionSlot.ActionSlot)
[2017.08.22-21.49.30:121][819]LogBlueprint: Warning: [Compiler InventorySlot] [0154.82] Compile of InventorySlot failed. 1 Fatal Issue(s) 1 Warning(s) [in 148 ms] (/Game/2DSideScrollerBP/Blueprints/UI/InventorySlot.InventorySlot)
[2017.08.22-21.49.30:750][819]LogAIModule: Creating AISystem for world Rainforest_Alien
[2017.08.22-21.49.32:156][819]LogSavePackage: Save=305.69ms
[2017.08.22-21.49.32:156][819]LogSavePackage: Moving '../../../../../../Users/rajjj/OneDrive/Documents/GitHub/DatBoiEntertainmetnGame_/Saved/Rain_Forrest_TMTop2CEE5549419315CB858C958EDDAC53B2.tmp' to '../../../../../../Users/rajjj/OneDrive/Documents/GitHub/DatBoiEntertainmetnGame_/Content/2DSideScrollerBP/Maps/Levels/LevelSprites/Sprites/Rain_Forrest_Sprites/Tile_Maps/Rain_Forrest_TMTop.uasset'
[2017.08.22-21.49.32:159][819]LogSavePackage: Display: Finished SavePackage ../../../../../../Users/rajjj/OneDrive/Documents/GitHub/DatBoiEntertainmetnGame_/Content/2DSideScrollerBP/Maps/Levels/LevelSprites/Sprites/Rain_Forrest_Sprites/Tile_Maps/Rain_Forrest_TMTop.uasset
[2017.08.22-21.49.32:159][819]Cmd: MAP LOAD FILE="../../../../../../Users/rajjj/OneDrive/Documents/GitHub/DatBoiEntertainmetnGame_/Content/2DSideScrollerBP/Maps/Levels/Rainforest_Alien.umap" TEMPLATE=0 SHOWPROGRESS=1 FEATURELEVEL=3
[2017.08.22-21.49.32:160][819]LightingResults: New page: Lighting Build
[2017.08.22-21.49.32:160][819]LoadErrors: New page: Loading map: Rainforest_Alien.umap
[2017.08.22-21.49.32:161][819]MapCheck: New page: Map Check
[2017.08.22-21.49.32:161][819]LightingResults: New page: Lighting Build
[2017.08.22-21.49.32:230][819]LogEditorServer: Finished looking for orphan Actors (0.000 secs)
[2017.08.22-21.49.32:241][819]LogSlate: Took 0.000115 seconds to synchronously load lazily loaded font '../../../Engine/Content/Slate/Fonts/Roboto-Regular.ttf' (155K)
[2017.08.22-21.49.32:296][819]Cmd: MAP CHECKDEP NOCLEARLOG
[2017.08.22-21.49.32:351][819]MapCheck: Map check complete: 0 Error(s), 0 Warning(s), took 55.201ms to complete.
[2017.08.22-21.49.32:352][819]LogFileHelpers: Loading map 'Rainforest_Alien' took 0.193
[2017.08.22-21.49.32:403][820]LogParticles: Warning: Spawning 32000 GPU particles in one frame[8821]: RainFall4_PS/Particle Emitter
[2017.08.22-21.49.34:246][ 34]LogTemp: Repeating last play command: New Editor Window (PIE)
[2017.08.22-21.49.34:313][ 34]LogBlueprintUserMessages: Early PlayInEditor Detection: Level '/Game/2DSideScrollerBP/Maps/Levels/Rainforest_Alien.Rainforest_Alien:PersistentLevel' has LevelScriptBlueprint '/Game/2DSideScrollerBP/Maps/Levels/Rainforest_Alien.Rainforest_Alien:PersistentLevel.Rainforest_Alien' with GeneratedClass '/Game/2DSideScrollerBP/Maps/Levels/Rainforest_Alien.Rainforest_Alien_C' with ClassGeneratedBy '/Game/2DSideScrollerBP/Maps/Levels/Rainforest_Alien.Rainforest_Alien:PersistentLevel.Rainforest_Alien'
[2017.08.22-21.49.34:313][ 34]LogPlayLevel: PlayLevel: No blueprints needed recompiling
[2017.08.22-21.49.35:163][ 34]PIE: New page: PIE session: Rainforest_Alien (Aug 22, 2017, 9:49:35 AM)
[2017.08.22-21.49.35:163][ 34]LogPlayLevel: Creating play world package: /Game/2DSideScrollerBP/Maps/Levels/UEDPIE_0_Rainforest_Alien
[2017.08.22-21.49.35:183][ 34]LogPlayLevel: PIE: StaticDuplicateObject took: (0.019836s)
[2017.08.22-21.49.35:184][ 34]LogAIModule: Creating AISystem for world Rainforest_Alien
[2017.08.22-21.49.35:184][ 34]LogPlayLevel: PIE: World Init took: (0.000692s)
[2017.08.22-21.49.35:184][ 34]LogPlayLevel: PIE: Created PIE world by copying editor world from /Game/2DSideScrollerBP/Maps/Levels/Rainforest_Alien.Rainforest_Alien to /Game/2DSideScrollerBP/Maps/Levels/UEDPIE_0_Rainforest_Alien.Rainforest_Alien (0.021028s)
[2017.08.22-21.49.35:200][ 34]LogInit: XAudio2 using 'Headphones (High Definition Audio Device)' : 2 channels at 48 kHz using 16 bits per sample (channel mask 0x3)
[2017.08.22-21.49.35:206][ 34]LogInit: FAudioDevice initialized.
[2017.08.22-21.49.35:269][ 34]LogLoad: Game class is '2DSideScrollerGameMode_C'
[2017.08.22-21.49.35:285][ 34]LogWorld: Bringing World /Game/2DSideScrollerBP/Maps/Levels/UEDPIE_0_Rainforest_Alien.Rainforest_Alien up for play (max tick rate 0) at 2017.08.22-15.49.35
[2017.08.22-21.49.35:293][ 34]LogWorld: Bringing up level for play took: 0.022306
[2017.08.22-21.49.35:331][ 34]LogContentBrowser: Native class hierarchy updated for 'MovieSceneCapture' in 0.0006 seconds. Added 11 classes and 0 folders.
[2017.08.22-21.49.35:344][ 34]PIE: Play in editor start time for /Game/2DSideScrollerBP/Maps/Levels/UEDPIE_0_Rainforest_Alien 0.446
[2017.08.22-21.49.35:345][ 34]LogBlueprintUserMessages: Late PlayInEditor Detection: Level '/Game/2DSideScrollerBP/Maps/Levels/Rainforest_Alien.Rainforest_Alien:PersistentLevel' has LevelScriptBlueprint '/Game/2DSideScrollerBP/Maps/Levels/Rainforest_Alien.Rainforest_Alien:PersistentLevel.Rainforest_Alien' with GeneratedClass '/Game/2DSideScrollerBP/Maps/Levels/Rainforest_Alien.Rainforest_Alien_C' with ClassGeneratedBy '/Game/2DSideScrollerBP/Maps/Levels/Rainforest_Alien.Rainforest_Alien:PersistentLevel.Rainforest_Alien'
[2017.08.22-21.49.35:416][ 35]LogCharacterMovement: Warning: GetSimulationTimeStep() - Max iterations 8 hit while remaining time 0.085109 > MaxSimulationTimeStep (0.050) for '2DSideScrollerCharacter_C_0', movement 'Walking'
[2017.08.22-21.49.35:425][ 35]LogParticles: Warning: Spawning 32000 GPU particles in one frame[9036]: RainFall4_PS/Particle Emitter
[2017.08.22-21.50.24:823][924]LogBlueprintUserMessages: Early EndPlayMap Detection: Level '/Game/2DSideScrollerBP/Maps/Levels/Rainforest_Alien.Rainforest_Alien:PersistentLevel' has LevelScriptBlueprint '/Game/2DSideScrollerBP/Maps/Levels/Rainforest_Alien.Rainforest_Alien:PersistentLevel.Rainforest_Alien' with GeneratedClass '/Game/2DSideScrollerBP/Maps/Levels/Rainforest_Alien.Rainforest_Alien_C' with ClassGeneratedBy '/Game/2DSideScrollerBP/Maps/Levels/Rainforest_Alien.Rainforest_Alien:PersistentLevel.Rainforest_Alien'
[2017.08.22-21.50.24:885][924]LogBlueprintUserMessages: Late EndPlayMap Detection: Level '/Game/2DSideScrollerBP/Maps/Levels/Rainforest_Alien.Rainforest_Alien:PersistentLevel' has LevelScriptBlueprint '/Game/2DSideScrollerBP/Maps/Levels/Rainforest_Alien.Rainforest_Alien:PersistentLevel.Rainforest_Alien' with GeneratedClass '/Game/2DSideScrollerBP/Maps/Levels/Rainforest_Alien.Rainforest_Alien_C' with ClassGeneratedBy '/Game/2DSideScrollerBP/Maps/Levels/Rainforest_Alien.Rainforest_Alien:PersistentLevel.Rainforest_Alien'
[2017.08.22-21.50.25:734][ 18]LogTemp: Repeating last play command: New Editor Window (PIE)
[2017.08.22-21.50.25:763][ 18]LogBlueprintUserMessages: Early PlayInEditor Detection: Level '/Game/2DSideScrollerBP/Maps/Levels/Rainforest_Alien.Rainforest_Alien:PersistentLevel' has LevelScriptBlueprint '/Game/2DSideScrollerBP/Maps/Levels/Rainforest_Alien.Rainforest_Alien:PersistentLevel.Rainforest_Alien' with GeneratedClass '/Game/2DSideScrollerBP/Maps/Levels/Rainforest_Alien.Rainforest_Alien_C' with ClassGeneratedBy '/Game/2DSideScrollerBP/Maps/Levels/Rainforest_Alien.Rainforest_Alien:PersistentLevel.Rainforest_Alien'
[2017.08.22-21.50.25:763][ 18]LogPlayLevel: PlayLevel: No blueprints needed recompiling
[2017.08.22-21.50.25:763][ 18]PIE: New page: PIE session: Rainforest_Alien (Aug 22, 2017, 9:50:25 AM)
[2017.08.22-21.50.25:764][ 18]LogPlayLevel: Creating play world package: /Game/2DSideScrollerBP/Maps/Levels/UEDPIE_0_Rainforest_Alien
[2017.08.22-21.50.25:784][ 18]LogPlayLevel: PIE: StaticDuplicateObject took: (0.020536s)
[2017.08.22-21.50.25:785][ 18]LogAIModule: Creating AISystem for world Rainforest_Alien
[2017.08.22-21.50.25:785][ 18]LogPlayLevel: PIE: World Init took: (0.000591s)
[2017.08.22-21.50.25:785][ 18]LogPlayLevel: PIE: Created PIE world by copying editor world from /Game/2DSideScrollerBP/Maps/Levels/Rainforest_Alien.Rainforest_Alien to /Game/2DSideScrollerBP/Maps/Levels/UEDPIE_0_Rainforest_Alien.Rainforest_Alien (0.021491s)
[2017.08.22-21.50.25:800][ 18]LogInit: XAudio2 using 'Headphones (High Definition Audio Device)' : 2 channels at 48 kHz using 16 bits per sample (channel mask 0x3)
[2017.08.22-21.50.25:805][ 18]LogInit: FAudioDevice initialized.
[2017.08.22-21.50.25:853][ 18]LogLoad: Game class is '2DSideScrollerGameMode_C'
[2017.08.22-21.50.25:867][ 18]LogWorld: Bringing World /Game/2DSideScrollerBP/Maps/Levels/UEDPIE_0_Rainforest_Alien.Rainforest_Alien up for play (max tick rate 0) at 2017.08.22-15.50.25
[2017.08.22-21.50.25:873][ 18]LogWorld: Bringing up level for play took: 0.019849
[2017.08.22-21.50.25:885][ 18]PIE: Play in editor start time for /Game/2DSideScrollerBP/Maps/Levels/UEDPIE_0_Rainforest_Alien 0.987
[2017.08.22-21.50.25:885][ 18]LogBlueprintUserMessages: Late PlayInEditor Detection: Level '/Game/2DSideScrollerBP/Maps/Levels/Rainforest_Alien.Rainforest_Alien:PersistentLevel' has LevelScriptBlueprint '/Game/2DSideScrollerBP/Maps/Levels/Rainforest_Alien.Rainforest_Alien:PersistentLevel.Rainforest_Alien' with GeneratedClass '/Game/2DSideScrollerBP/Maps/Levels/Rainforest_Alien.Rainforest_Alien_C' with ClassGeneratedBy '/Game/2DSideScrollerBP/Maps/Levels/Rainforest_Alien.Rainforest_Alien:PersistentLevel.Rainforest_Alien'
[2017.08.22-21.50.45:221][323]LogBlueprintUserMessages: Early EndPlayMap Detection: Level '/Game/2DSideScrollerBP/Maps/Levels/Rainforest_Alien.Rainforest_Alien:PersistentLevel' has LevelScriptBlueprint '/Game/2DSideScrollerBP/Maps/Levels/Rainforest_Alien.Rainforest_Alien:PersistentLevel.Rainforest_Alien' with GeneratedClass '/Game/2DSideScrollerBP/Maps/Levels/Rainforest_Alien.Rainforest_Alien_C' with ClassGeneratedBy '/Game/2DSideScrollerBP/Maps/Levels/Rainforest_Alien.Rainforest_Alien:PersistentLevel.Rainforest_Alien'
[2017.08.22-21.50.45:283][323]LogBlueprintUserMessages: Late EndPlayMap Detection: Level '/Game/2DSideScrollerBP/Maps/Levels/Rainforest_Alien.Rainforest_Alien:PersistentLevel' has LevelScriptBlueprint '/Game/2DSideScrollerBP/Maps/Levels/Rainforest_Alien.Rainforest_Alien:PersistentLevel.Rainforest_Alien' with GeneratedClass '/Game/2DSideScrollerBP/Maps/Levels/Rainforest_Alien.Rainforest_Alien_C' with ClassGeneratedBy '/Game/2DSideScrollerBP/Maps/Levels/Rainforest_Alien.Rainforest_Alien:PersistentLevel.Rainforest_Alien'
[2017.08.22-21.50.46:790][452]LogParticles: Warning: Spawning 26667 GPU particles in one frame[17453]: RainFall4_PS/Particle Emitter
[2017.08.22-21.50.47:122][453]LogParticles: Warning: Spawning 26667 GPU particles in one frame[17454]: RainFall4_PS/Particle Emitter
[2017.08.22-21.50.47:484][454]LogParticles: Warning: Spawning 26667 GPU particles in one frame[17455]: RainFall4_PS/Particle Emitter
[2017.08.22-21.50.47:793][455]LogParticles: Warning: Spawning 26666 GPU particles in one frame[17456]: RainFall4_PS/Particle Emitter
[2017.08.22-21.50.48:144][456]LogParticles: Warning: Spawning 26667 GPU particles in one frame[17457]: RainFall4_PS/Particle Emitter
[2017.08.22-21.50.48:469][457]LogParticles: Warning: Spawning 26667 GPU particles in one frame[17458]: RainFall4_PS/Particle Emitter
[2017.08.22-21.50.48:809][458]LogParticles: Warning: Spawning 26667 GPU particles in one frame[17459]: RainFall4_PS/Particle Emitter
[2017.08.22-21.50.49:148][459]LogParticles: Warning: Spawning 26666 GPU particles in one frame[17460]: RainFall4_PS/Particle Emitter
[2017.08.22-21.50.49:484][460]LogParticles: Warning: Spawning 26667 GPU particles in one frame[17461]: RainFall4_PS/Particle Emitter
[2017.08.22-21.50.49:802][461]LogParticles: Warning: Spawning 26667 GPU particles in one frame[17462]: RainFall4_PS/Particle Emitter
[2017.08.22-21.50.50:143][462]LogParticles: Warning: Spawning 26668 GPU particles in one frame[17463]: RainFall4_PS/Particle Emitter
[2017.08.22-21.50.50:485][463]LogParticles: Warning: Spawning 26667 GPU particles in one frame[17464]: RainFall4_PS/Particle Emitter
[2017.08.22-21.50.50:820][464]LogParticles: Warning: Spawning 26666 GPU particles in one frame[17465]: RainFall4_PS/Particle Emitter
[2017.08.22-21.50.51:136][465]LogParticles: Warning: Spawning 26667 GPU particles in one frame[17466]: RainFall4_PS/Particle Emitter
[2017.08.22-21.50.51:480][466]LogParticles: Warning: Spawning 26667 GPU particles in one frame[17467]: RainFall4_PS/Particle Emitter
[2017.08.22-21.50.51:818][467]LogParticles: Warning: Spawning 26666 GPU particles in one frame[17468]: RainFall4_PS/Particle Emitter
[2017.08.22-21.50.52:148][468]LogParticles: Warning: Spawning 26667 GPU particles in one frame[17469]: RainFall4_PS/Particle Emitter
[2017.08.22-21.50.52:485][469]LogParticles: Warning: Spawning 26667 GPU particles in one frame[17470]: RainFall4_PS/Particle Emitter
[2017.08.22-21.50.52:810][470]LogParticles: Warning: Spawning 26667 GPU particles in one frame[17471]: RainFall4_PS/Particle Emitter
[2017.08.22-21.50.53:146][471]LogParticles: Warning: Spawning 26687 GPU particles in one frame[17472]: RainFall4_PS/Particle Emitter
[2017.08.22-21.50.53:485][472]LogParticles: Warning: Spawning 26666 GPU particles in one frame[17473]: RainFall4_PS/Particle Emitter
[2017.08.22-21.50.53:814][473]LogParticles: Warning: Spawning 26667 GPU particles in one frame[17474]: RainFall4_PS/Particle Emitter
[2017.08.22-21.50.54:145][474]LogParticles: Warning: Spawning 26667 GPU particles in one frame[17475]: RainFall4_PS/Particle Emitter
[2017.08.22-21.50.54:478][475]LogParticles: Warning: Spawning 26667 GPU particles in one frame[17476]: RainFall4_PS/Particle Emitter
[2017.08.22-21.50.54:790][476]LogParticles: Warning: Spawning 26666 GPU particles in one frame[17477]: RainFall4_PS/Particle Emitter
[2017.08.22-21.50.55:125][477]LogParticles: Warning: Spawning 26667 GPU particles in one frame[17478]: RainFall4_PS/Particle Emitter
[2017.08.22-21.50.55:456][478]LogParticles: Warning: Spawning 26667 GPU particles in one frame[17479]: RainFall4_PS/Particle Emitter
[2017.08.22-21.50.55:789][479]LogParticles: Warning: Spawning 26666 GPU particles in one frame[17480]: RainFall4_PS/Particle Emitter
[2017.08.22-21.50.56:132][480]LogParticles: Warning: Spawning 26667 GPU particles in one frame[17481]: RainFall4_PS/Particle Emitter
[2017.08.22-21.50.56:456][481]LogParticles: Warning: Spawning 26667 GPU particles in one frame[17482]: RainFall4_PS/Particle Emitter
[2017.08.22-21.50.56:789][482]LogParticles: Warning: Spawning 26667 GPU particles in one frame[17483]: RainFall4_PS/Particle Emitter
[2017.08.22-21.50.57:143][483]LogParticles: Warning: Spawning 26666 GPU particles in one frame[17484]: RainFall4_PS/Particle Emitter
[2017.08.22-21.50.57:482][484]LogParticles: Warning: Spawning 26667 GPU particles in one frame[17485]: RainFall4_PS/Particle Emitter
[2017.08.22-21.50.57:816][485]LogParticles: Warning: Spawning 26667 GPU particles in one frame[17486]: RainFall4_PS/Particle Emitter
[2017.08.22-21.50.58:147][486]LogParticles: Warning: Spawning 26706 GPU particles in one frame[17487]: RainFall4_PS/Particle Emitter
[2017.08.22-21.50.58:456][487]LogParticles: Warning: Spawning 26667 GPU particles in one frame[17488]: RainFall4_PS/Particle Emitter
[2017.08.22-21.50.58:788][488]LogParticles: Warning: Spawning 26667 GPU particles in one frame[17489]: RainFall4_PS/Particle Emitter
[2017.08.22-21.50.59:153][489]LogParticles: Warning: Spawning 26666 GPU particles in one frame[17490]: RainFall4_PS/Particle Emitter
[2017.08.22-21.50.59:466][490]LogParticles: Warning: Spawning 26667 GPU particles in one frame[17491]: RainFall4_PS/Particle Emitter
[2017.08.22-21.50.59:504][494]LogEditorViewport: Clicking on Actor (LMB): Skybox_BP_Rain_C (Skybox_BP_Rain)
[2017.08.22-21.51.01:091][671]LogTemp: Repeating last play command: New Editor Window (PIE)
[2017.08.22-21.51.01:118][671]LogBlueprintUserMessages: Early PlayInEditor Detection: Level '/Game/2DSideScrollerBP/Maps/Levels/Rainforest_Alien.Rainforest_Alien:PersistentLevel' has LevelScriptBlueprint '/Game/2DSideScrollerBP/Maps/Levels/Rainforest_Alien.Rainforest_Alien:PersistentLevel.Rainforest_Alien' with GeneratedClass '/Game/2DSideScrollerBP/Maps/Levels/Rainforest_Alien.Rainforest_Alien_C' with ClassGeneratedBy '/Game/2DSideScrollerBP/Maps/Levels/Rainforest_Alien.Rainforest_Alien:PersistentLevel.Rainforest_Alien'
[2017.08.22-21.51.01:118][671]LogPlayLevel: PlayLevel: No blueprints needed recompiling
[2017.08.22-21.51.01:118][671]PIE: New page: PIE session: Rainforest_Alien (Aug 22, 2017, 9:51:01 AM)
[2017.08.22-21.51.01:118][671]LogPlayLevel: Creating play world package: /Game/2DSideScrollerBP/Maps/Levels/UEDPIE_0_Rainforest_Alien
[2017.08.22-21.51.01:138][671]LogPlayLevel: PIE: StaticDuplicateObject took: (0.019743s)
[2017.08.22-21.51.01:139][671]LogAIModule: Creating AISystem for world Rainforest_Alien
[2017.08.22-21.51.01:139][671]LogPlayLevel: PIE: World Init took: (0.000531s)
[2017.08.22-21.51.01:139][671]LogPlayLevel: PIE: Created PIE world by copying editor world from /Game/2DSideScrollerBP/Maps/Levels/Rainforest_Alien.Rainforest_Alien to /Game/2DSideScrollerBP/Maps/Levels/UEDPIE_0_Rainforest_Alien.Rainforest_Alien (0.020781s)
[2017.08.22-21.51.01:151][671]LogInit: XAudio2 using 'Headphones (High Definition Audio Device)' : 2 channels at 48 kHz using 16 bits per sample (channel mask 0x3)
[2017.08.22-21.51.01:157][671]LogInit: FAudioDevice initialized.
[2017.08.22-21.51.01:199][671]LogLoad: Game class is '2DSideScrollerGameMode_C'
[2017.08.22-21.51.01:213][671]LogWorld: Bringing World /Game/2DSideScrollerBP/Maps/Levels/UEDPIE_0_Rainforest_Alien.Rainforest_Alien up for play (max tick rate 0) at 2017.08.22-15.51.01
[2017.08.22-21.51.01:219][671]LogWorld: Bringing up level for play took: 0.018620
[2017.08.22-21.51.01:231][671]PIE: Play in editor start time for /Game/2DSideScrollerBP/Maps/Levels/UEDPIE_0_Rainforest_Alien 0.332
[2017.08.22-21.51.01:231][671]LogBlueprintUserMessages: Late PlayInEditor Detection: Level '/Game/2DSideScrollerBP/Maps/Levels/Rainforest_Alien.Rainforest_Alien:PersistentLevel' has LevelScriptBlueprint '/Game/2DSideScrollerBP/Maps/Levels/Rainforest_Alien.Rainforest_Alien:PersistentLevel.Rainforest_Alien' with GeneratedClass '/Game/2DSideScrollerBP/Maps/Levels/Rainforest_Alien.Rainforest_Alien_C' with ClassGeneratedBy '/Game/2DSideScrollerBP/Maps/Levels/Rainforest_Alien.Rainforest_Alien:PersistentLevel.Rainforest_Alien'
[2017.08.22-21.51.11:407][881]LogBlueprintUserMessages: Early EndPlayMap Detection: Level '/Game/2DSideScrollerBP/Maps/Levels/Rainforest_Alien.Rainforest_Alien:PersistentLevel' has LevelScriptBlueprint '/Game/2DSideScrollerBP/Maps/Levels/Rainforest_Alien.Rainforest_Alien:PersistentLevel.Rainforest_Alien' with GeneratedClass '/Game/2DSideScrollerBP/Maps/Levels/Rainforest_Alien.Rainforest_Alien_C' with ClassGeneratedBy '/Game/2DSideScrollerBP/Maps/Levels/Rainforest_Alien.Rainforest_Alien:PersistentLevel.Rainforest_Alien'
[2017.08.22-21.51.11:473][881]LogBlueprintUserMessages: Late EndPlayMap Detection: Level '/Game/2DSideScrollerBP/Maps/Levels/Rainforest_Alien.Rainforest_Alien:PersistentLevel' has LevelScriptBlueprint '/Game/2DSideScrollerBP/Maps/Levels/Rainforest_Alien.Rainforest_Alien:PersistentLevel.Rainforest_Alien' with GeneratedClass '/Game/2DSideScrollerBP/Maps/Levels/Rainforest_Alien.Rainforest_Alien_C' with ClassGeneratedBy '/Game/2DSideScrollerBP/Maps/Levels/Rainforest_Alien.Rainforest_Alien:PersistentLevel.Rainforest_Alien'
[2017.08.22-21.51.12:432][987]LogEditorViewport: Clicking on Actor (LMB): Skybox_BP_Rain_C (Skybox_BP_Rain)
[2017.08.22-21.51.13:544][ 31]LogSavePackage: Save=609.33ms
[2017.08.22-21.51.13:544][ 31]LogSavePackage: Moving '../../../../../../Users/rajjj/OneDrive/Documents/GitHub/DatBoiEntertainmetnGame_/Saved/Rainforest_Alien099B7FA34AEFB65F0F81E7A03772219E.tmp' to '../../../../../../Users/rajjj/OneDrive/Documents/GitHub/DatBoiEntertainmetnGame_/Content/2DSideScrollerBP/Maps/Levels/Rainforest_Alien.umap'
[2017.08.22-21.51.13:545][ 31]LogSavePackage: Display: Finished SavePackage ../../../../../../Users/rajjj/OneDrive/Documents/GitHub/DatBoiEntertainmetnGame_/Content/2DSideScrollerBP/Maps/Levels/Rainforest_Alien.umap
[2017.08.22-21.51.13:692][ 31]LogSavePackage: Save=8.49ms
[2017.08.22-21.51.13:692][ 31]LogSavePackage: Moving '../../../../../../Users/rajjj/OneDrive/Documents/GitHub/DatBoiEntertainmetnGame_/Saved/Rainforest_Alien_BuiltDataA48F26E04D8284763420A78A963C843D.tmp' to '../../../../../../Users/rajjj/OneDrive/Documents/GitHub/DatBoiEntertainmetnGame_/Content/2DSideScrollerBP/Maps/Levels/Rainforest_Alien_BuiltData.uasset'
[2017.08.22-21.51.13:693][ 31]LogSavePackage: Display: Finished SavePackage ../../../../../../Users/rajjj/OneDrive/Documents/GitHub/DatBoiEntertainmetnGame_/Content/2DSideScrollerBP/Maps/Levels/Rainforest_Alien_BuiltData.uasset
[2017.08.22-21.51.13:713][ 32]LogParticles: Warning: Spawning 32000 GPU particles in one frame[19033]: RainFall4_PS/Particle Emitter
[2017.08.22-21.51.15:125][159]LogWindowsTextInputMethodSystem: Display: IME system now deactivated.
[2017.08.22-21.51.15:307][160]Cmd: QUIT_EDITOR
[2017.08.22-21.51.16:249][160]LogExit: Preparing to exit.
[2017.08.22-21.51.17:239][160]LogDirectoryWatcher: A directory notification for 'C:/Users/rajjj/OneDrive/Documents/GitHub/DatBoiEntertainmetnGame_/Content/' was aborted.
[2017.08.22-21.51.17:294][160]LogExit: Editor shut down
[2017.08.22-21.51.17:303][160]LogExit: Transaction tracking system shut down
[2017.08.22-21.51.17:548][160]LogDirectoryWatcher: A directory notification for '../../../Engine/Content/' was aborted.
[2017.08.22-21.51.17:548][160]LogDirectoryWatcher: A directory notification for '../../../../../../Users/rajjj/OneDrive/Documents/GitHub/DatBoiEntertainmetnGame_/Content/' was aborted.
[2017.08.22-21.51.17:548][160]LogDirectoryWatcher: A directory notification for '../../../Engine/Plugins/2D/Paper2D/Content/' was aborted.
[2017.08.22-21.51.17:548][160]LogDirectoryWatcher: A directory notification for '../../../Engine/Plugins/Runtime/Oculus/OculusVR/Content/' was aborted.
[2017.08.22-21.51.17:548][160]LogDirectoryWatcher: A directory notification for '../../../Engine/Plugins/Runtime/Steam/SteamVR/Content/' was aborted.
[2017.08.22-21.51.17:587][160]LogExit: Object subsystem successfully closed.
[2017.08.22-21.51.17:602][160]LogD3D11RHI: Shutdown
[2017.08.22-21.51.17:602][160]LogD3D11RHI: CleanupD3DDevice
[2017.08.22-21.51.17:686][160]LogD3D11RHI: ~FD3D11DynamicRHI
[2017.08.22-21.51.17:699][160]LogModuleManager: Shutting down and abandoning module MovieSceneCapture (532)
[2017.08.22-21.51.17:699][160]LogModuleManager: Shutting down and abandoning module HierarchicalLODOutliner (530)
[2017.08.22-21.51.17:699][160]LogModuleManager: Shutting down and abandoning module AddContentDialog (528)
[2017.08.22-21.51.17:699][160]LogDirectoryWatcher: A directory notification for 'C:/Program Files/Epic Games/UE_4.17/FeaturePacks/' was aborted.
[2017.08.22-21.51.17:700][160]LogModuleManager: Shutting down and abandoning module WidgetCarousel (527)
[2017.08.22-21.51.17:700][160]LogModuleManager: Shutting down and abandoning module EditorWidgets (524)
[2017.08.22-21.51.17:700][160]LogModuleManager: Shutting down and abandoning module CollectionManager (522)
[2017.08.22-21.51.17:700][160]LogDirectoryWatcher: A directory notification for 'C:/Users/rajjj/OneDrive/Documents/GitHub/DatBoiEntertainmetnGame_/Content/Collections/' was aborted.
[2017.08.22-21.51.17:700][160]LogDirectoryWatcher: A directory notification for 'C:/Users/rajjj/OneDrive/Documents/GitHub/DatBoiEntertainmetnGame_/Content/Developers/rajjj/Collections/' was aborted.
[2017.08.22-21.51.17:700][160]LogDirectoryWatcher: A directory notification for 'C:/Users/rajjj/OneDrive/Documents/GitHub/DatBoiEntertainmetnGame_/Saved/Collections/' was aborted.
[2017.08.22-21.51.17:700][160]LogModuleManager: Shutting down and abandoning module SceneOutliner (520)
[2017.08.22-21.51.17:700][160]LogModuleManager: Shutting down and abandoning module StatsViewer (518)
[2017.08.22-21.51.17:700][160]LogModuleManager: Shutting down and abandoning module FoliageEdit (516)
[2017.08.22-21.51.17:700][160]LogModuleManager: Shutting down and abandoning module LandscapeEditor (514)
[2017.08.22-21.51.17:700][160]LogModuleManager: Shutting down and abandoning module MeshPaintMode (512)
[2017.08.22-21.51.17:700][160]LogModuleManager: Shutting down and abandoning module SceneDepthPickerMode (510)
[2017.08.22-21.51.17:700][160]LogModuleManager: Shutting down and abandoning module ActorPickerMode (508)
[2017.08.22-21.51.17:700][160]LogModuleManager: Shutting down and abandoning module GeometryMode (506)
[2017.08.22-21.51.17:700][160]LogModuleManager: Shutting down and abandoning module TextureAlignMode (504)
[2017.08.22-21.51.17:700][160]LogModuleManager: Shutting down and abandoning module BspMode (502)
[2017.08.22-21.51.17:700][160]LogModuleManager: Shutting down and abandoning module PIEPreviewDeviceProfileSelector (500)
[2017.08.22-21.51.17:700][160]LogModuleManager: Shutting down and abandoning module HardwareSurvey (498)
[2017.08.22-21.51.17:700][160]LogModuleManager: Shutting down and abandoning module SequenceRecorderSections (496)
[2017.08.22-21.51.17:700][160]LogModuleManager: Shutting down and abandoning module AutomationWorker (494)
[2017.08.22-21.51.17:701][160]LogModuleManager: Shutting down and abandoning module MatineeToLevelSequence (492)
[2017.08.22-21.51.17:701][160]LogModuleManager: Shutting down and abandoning module LevelSequenceEditor (490)
[2017.08.22-21.51.17:701][160]LogModuleManager: Shutting down and abandoning module PlacementMode (489)
[2017.08.22-21.51.17:701][160]LogModuleManager: Shutting down and abandoning module WmfMediaFactory (486)
[2017.08.22-21.51.17:701][160]LogModuleManager: Shutting down and abandoning module WmfMediaEditor (484)
[2017.08.22-21.51.17:701][160]LogModuleManager: Shutting down and abandoning module AvfMediaFactory (482)
[2017.08.22-21.51.17:701][160]LogModuleManager: Shutting down and abandoning module AvfMediaEditor (480)
[2017.08.22-21.51.17:701][160]LogModuleManager: Shutting down and abandoning module AndroidMediaFactory (478)
[2017.08.22-21.51.17:701][160]LogModuleManager: Shutting down and abandoning module Media (477)
[2017.08.22-21.51.17:701][160]LogModuleManager: Shutting down and abandoning module AndroidMediaEditor (474)
[2017.08.22-21.51.17:701][160]LogModuleManager: Shutting down and abandoning module CharacterAI (472)
[2017.08.22-21.51.17:701][160]LogModuleManager: Shutting down and abandoning module AudioCapture (470)
[2017.08.22-21.51.17:701][160]LogModuleManager: Shutting down and abandoning module SequenceRecorder (469)
[2017.08.22-21.51.17:701][160]LogModuleManager: Shutting down and abandoning module SmartSnapping (466)
[2017.08.22-21.51.17:701][160]LogModuleManager: Shutting down and abandoning module SessionServices (464)
[2017.08.22-21.51.17:701][160]LogModuleManager: Shutting down and abandoning module ViewportSnapping (462)
[2017.08.22-21.51.17:701][160]LogModuleManager: Shutting down and abandoning module ViewportInteraction (460)
[2017.08.22-21.51.17:701][160]LogModuleManager: Shutting down and abandoning module ClothPainter (458)
[2017.08.22-21.51.17:701][160]LogModuleManager: Shutting down and abandoning module LogVisualizer (456)
[2017.08.22-21.51.17:701][160]LogModuleManager: Shutting down and abandoning module IntroTutorials (454)
[2017.08.22-21.51.17:701][160]LogModuleManager: Shutting down and abandoning module GameProjectGeneration (453)
[2017.08.22-21.51.17:701][160]LogModuleManager: Shutting down and abandoning module IOSPlatformEditor (450)
[2017.08.22-21.51.17:701][160]LogModuleManager: Shutting down and abandoning module HTML5PlatformEditor (448)
[2017.08.22-21.51.17:701][160]LogModuleManager: Shutting down and abandoning module AndroidPlatformEditor (446)
[2017.08.22-21.51.17:701][160]LogModuleManager: Shutting down and abandoning module AndroidDeviceDetection (445)
[2017.08.22-21.51.17:949][160]LogModuleManager: Shutting down and abandoning module WindowsPlatformEditor (442)
[2017.08.22-21.51.17:949][160]LogModuleManager: Shutting down and abandoning module IOSRuntimeSettings (440)
[2017.08.22-21.51.17:949][160]LogModuleManager: Shutting down and abandoning module AndroidRuntimeSettings (438)
[2017.08.22-21.51.17:949][160]LogModuleManager: Shutting down and abandoning module InputBindingEditor (436)
[2017.08.22-21.51.17:949][160]LogModuleManager: Shutting down and abandoning module MergeActors (434)
[2017.08.22-21.51.17:949][160]LogModuleManager: Shutting down and abandoning module SizeMap (432)
[2017.08.22-21.51.17:949][160]LogModuleManager: Shutting down and abandoning module TreeMap (430)
[2017.08.22-21.51.17:949][160]LogModuleManager: Shutting down and abandoning module ReferenceViewer (428)
[2017.08.22-21.51.17:949][160]LogModuleManager: Shutting down and abandoning module LocalizationDashboard (426)
[2017.08.22-21.51.17:950][160]LogModuleManager: Shutting down and abandoning module LocalizationService (425)
[2017.08.22-21.51.17:950][160]LogModuleManager: Shutting down and abandoning module HardwareTargeting (422)
[2017.08.22-21.51.17:950][160]LogModuleManager: Shutting down and abandoning module DeviceProfileEditor (420)
[2017.08.22-21.51.17:950][160]LogModuleManager: Shutting down and abandoning module UndoHistory (418)
[2017.08.22-21.51.17:950][160]LogModuleManager: Shutting down and abandoning module XmlParser (416)
[2017.08.22-21.51.17:950][160]LogModuleManager: Shutting down and abandoning module Blutility (414)
[2017.08.22-21.51.17:950][160]LogModuleManager: Shutting down and abandoning module ProjectSettingsViewer (412)
[2017.08.22-21.51.17:950][160]LogModuleManager: Shutting down and abandoning module ProjectTargetPlatformEditor (411)
[2017.08.22-21.51.17:951][160]LogModuleManager: Shutting down and abandoning module EditorSettingsViewer (408)
[2017.08.22-21.51.17:951][160]LogModuleManager: Shutting down and abandoning module SettingsEditor (406)
[2017.08.22-21.51.17:951][160]LogModuleManager: Shutting down and abandoning module ProjectLauncher (404)
[2017.08.22-21.51.17:951][160]LogModuleManager: Shutting down and abandoning module SessionFrontend (402)
[2017.08.22-21.51.17:951][160]LogModuleManager: Shutting down and abandoning module ProfilerClient (400)
[2017.08.22-21.51.17:951][160]LogModuleManager: Shutting down and abandoning module DeviceManager (398)
[2017.08.22-21.51.17:951][160]LogModuleManager: Shutting down and abandoning module TargetDeviceServices (397)
[2017.08.22-21.51.18:007][160]LogModuleManager: Shutting down and abandoning module AutomationController (394)
[2017.08.22-21.51.18:007][160]LogModuleManager: Shutting down and abandoning module AutomationWindow (392)
[2017.08.22-21.51.18:007][160]LogModuleManager: Shutting down and abandoning module Layers (390)
[2017.08.22-21.51.18:007][160]LogModuleManager: Shutting down and abandoning module ComponentVisualizers (388)
[2017.08.22-21.51.18:007][160]LogModuleManager: Shutting down and abandoning module DetailCustomizations (386)
[2017.08.22-21.51.18:007][160]LogModuleManager: Shutting down and abandoning module PackagesDialog (384)
[2017.08.22-21.51.18:007][160]LogModuleManager: Shutting down and abandoning module Persona (382)
[2017.08.22-21.51.18:007][160]LogModuleManager: Shutting down and abandoning module AdvancedPreviewScene (381)
[2017.08.22-21.51.18:007][160]LogModuleManager: Shutting down and abandoning module AnimGraph (379)
[2017.08.22-21.51.18:007][160]LogModuleManager: Shutting down and abandoning module Kismet (376)
[2017.08.22-21.51.18:008][160]LogModuleManager: Shutting down and abandoning module ClassViewer (374)
[2017.08.22-21.51.18:008][160]LogModuleManager: Shutting down and abandoning module Toolbox (372)
[2017.08.22-21.51.18:008][160]LogModuleManager: Shutting down and abandoning module ModuleUI (370)
[2017.08.22-21.51.18:008][160]LogModuleManager: Shutting down and abandoning module MovieSceneTools (368)
[2017.08.22-21.51.18:008][160]LogModuleManager: Shutting down and abandoning module OutputLog (366)
[2017.08.22-21.51.18:008][160]LogModuleManager: Shutting down and abandoning module GammaUI (364)
[2017.08.22-21.51.18:008][160]LogModuleManager: Shutting down and abandoning module Documentation (362)
[2017.08.22-21.51.18:008][160]LogModuleManager: Shutting down and abandoning module MovieSceneTracks (360)
[2017.08.22-21.51.18:008][160]LogModuleManager: Shutting down and abandoning module MovieScene (358)
[2017.08.22-21.51.18:008][160]LogModuleManager: Shutting down and abandoning module Niagara (356)
[2017.08.22-21.51.18:008][160]LogModuleManager: Shutting down and abandoning module NiagaraEditor (355)
[2017.08.22-21.51.18:008][160]LogModuleManager: Shutting down and abandoning module StreamingPauseRendering (352)
[2017.08.22-21.51.18:008][160]LogModuleManager: Shutting down and abandoning module LauncherPlatform (350)
[2017.08.22-21.51.18:009][160]LogModuleManager: Shutting down and abandoning module AnalyticsET (348)
[2017.08.22-21.51.18:009][160]LogModuleManager: Shutting down and abandoning module PortalServices (346)
[2017.08.22-21.51.18:009][160]LogModuleManager: Shutting down and abandoning module PortalRpc (344)
[2017.08.22-21.51.18:009][160]LogModuleManager: Shutting down and abandoning module MessagingRpc (342)
[2017.08.22-21.51.18:009][160]LogModuleManager: Shutting down and abandoning module AIModule (340)
[2017.08.22-21.51.18:009][160]LogModuleManager: Shutting down and abandoning module GameplayDebugger (339)
[2017.08.22-21.51.18:009][160]LogModuleManager: Shutting down and abandoning module AITestSuite (337)
[2017.08.22-21.51.18:009][160]LogModuleManager: Shutting down and abandoning module ProfilerService (334)
[2017.08.22-21.51.18:198][160]LogModuleManager: Shutting down and abandoning module TaskGraph (332)
[2017.08.22-21.51.18:198][160]LogModuleManager: Shutting down and abandoning module SteamVRController (330)
[2017.08.22-21.51.18:198][160]LogModuleManager: Shutting down and abandoning module ProceduralMeshComponentEditor (328)
[2017.08.22-21.51.18:198][160]LogModuleManager: Shutting down and abandoning module ProceduralMeshComponent (326)
[2017.08.22-21.51.18:198][160]LogModuleManager: Shutting down and abandoning module OculusInput (324)
[2017.08.22-21.51.18:198][160]LogModuleManager: Shutting down and abandoning module MobilePatchingUtils (322)
[2017.08.22-21.51.18:198][160]LogModuleManager: Shutting down and abandoning module CustomMeshComponent (320)
[2017.08.22-21.51.18:198][160]LogModuleManager: Shutting down and abandoning module CableComponent (318)
[2017.08.22-21.51.18:198][160]LogModuleManager: Shutting down and abandoning module ArchVisCharacter (316)
[2017.08.22-21.51.18:198][160]LogModuleManager: Shutting down and abandoning module AndroidPermission (314)
[2017.08.22-21.51.18:198][160]LogModuleManager: Shutting down and abandoning module MediaPlayerEditor (310)
[2017.08.22-21.51.18:199][160]LogModuleManager: Shutting down and abandoning module HTML5Networking (308)
[2017.08.22-21.51.18:199][160]LogModuleManager: Shutting down and abandoning module AlembicImporter (306)
[2017.08.22-21.51.18:199][160]LogModuleManager: Shutting down and abandoning module AlembicLibrary (305)
[2017.08.22-21.51.18:199][160]LogModuleManager: Shutting down and abandoning module GeometryCache (304)
[2017.08.22-21.51.18:199][160]LogModuleManager: Shutting down and abandoning module GeometryCacheEd (303)
[2017.08.22-21.51.18:199][160]LogModuleManager: Shutting down and abandoning module SpeedTreeImporter (298)
[2017.08.22-21.51.18:199][160]LogModuleManager: Shutting down and abandoning module PluginBrowser (296)
[2017.08.22-21.51.18:199][160]LogModuleManager: Shutting down and abandoning module MobileLauncherProfileWizard (294)
[2017.08.22-21.51.18:199][160]LogModuleManager: Shutting down and abandoning module VisualStudioSourceCodeAccess (292)
[2017.08.22-21.51.18:199][160]LogModuleManager: Shutting down and abandoning module DesktopPlatform (291)
[2017.08.22-21.51.18:199][160]LogModuleManager: Shutting down and abandoning module UObjectPlugin (288)
[2017.08.22-21.51.18:199][160]LogModuleManager: Shutting down and abandoning module SubversionSourceControl (286)
[2017.08.22-21.51.18:200][160]LogModuleManager: Shutting down and abandoning module PerforceSourceControl (284)
[2017.08.22-21.51.18:200][160]LogModuleManager: Shutting down and abandoning module GitSourceControl (282)
[2017.08.22-21.51.18:200][160]LogModuleManager: Shutting down and abandoning module SourceControl (281)
[2017.08.22-21.51.18:200][160]LogModuleManager: Shutting down and abandoning module LightPropagationVolumeEditor (278)
[2017.08.22-21.51.18:200][160]LogModuleManager: Shutting down and abandoning module PaperTiledImporter (276)
[2017.08.22-21.51.18:200][160]LogModuleManager: Shutting down and abandoning module PaperSpriteSheetImporter (274)
[2017.08.22-21.51.18:200][160]LogModuleManager: Shutting down and abandoning module Paper2DEditor (272)
[2017.08.22-21.51.18:200][160]LogModuleManager: Shutting down and abandoning module MeshPaint (271)
[2017.08.22-21.51.18:200][160]LogModuleManager: Shutting down and abandoning module LevelEditor (269)
[2017.08.22-21.51.18:202][160]LogModuleManager: Shutting down and abandoning module PixelInspectorModule (268)
[2017.08.22-21.51.18:202][160]LogModuleManager: Shutting down and abandoning module MainFrame (266)
[2017.08.22-21.51.18:203][160]LogModuleManager: Shutting down and abandoning module HotReload (265)
[2017.08.22-21.51.18:204][160]LogModuleManager: Shutting down and abandoning module RuntimePhysXCooking (260)
[2017.08.22-21.51.18:204][160]LogModuleManager: Shutting down and abandoning module PhysXVehiclesEditor (258)
[2017.08.22-21.51.18:204][160]LogModuleManager: Shutting down and abandoning module PhysXVehicles (256)
[2017.08.22-21.51.18:204][160]LogModuleManager: Shutting down and abandoning module OculusEditor (254)
[2017.08.22-21.51.18:204][160]LogModuleManager: Shutting down and abandoning module LocationServicesBPLibrary (252)
[2017.08.22-21.51.18:204][160]LogModuleManager: Shutting down and abandoning module ImmediatePhysicsEditor (250)
[2017.08.22-21.51.18:204][160]LogModuleManager: Shutting down and abandoning module ImmediatePhysics (248)
[2017.08.22-21.51.18:204][160]LogModuleManager: Shutting down and abandoning module UdpMessaging (246)
[2017.08.22-21.51.18:306][160]LogModuleManager: Shutting down and abandoning module TcpMessaging (244)
[2017.08.22-21.51.18:406][160]LogModuleManager: Shutting down and abandoning module GameplayTagsEditor (242)
[2017.08.22-21.51.18:406][160]LogModuleManager: Shutting down and abandoning module FacialAnimationEditor (240)
[2017.08.22-21.51.18:406][160]LogModuleManager: Shutting down and abandoning module FacialAnimation (238)
[2017.08.22-21.51.18:406][160]LogModuleManager: Shutting down and abandoning module AssetManagerEditor (236)
[2017.08.22-21.51.18:406][160]LogModuleManager: Shutting down and abandoning module GraphEditor (235)
[2017.08.22-21.51.18:406][160]LogModuleManager: Shutting down and abandoning module ContentBrowser (233)
[2017.08.22-21.51.18:409][160]LogModuleManager: Shutting down and abandoning module LightPropagationVolumeRuntime (230)
[2017.08.22-21.51.18:409][160]LogModuleManager: Shutting down and abandoning module Paper2D (228)
[2017.08.22-21.51.18:409][160]LogModuleManager: Shutting down and abandoning module WindowsMoviePlayer (226)
[2017.08.22-21.51.18:409][160]LogModuleManager: Shutting down and abandoning module WmfMedia (224)
[2017.08.22-21.51.18:409][160]LogModuleManager: Shutting down and abandoning module PacketHandler (222)
[2017.08.22-21.51.18:409][160]LogModuleManager: Shutting down and abandoning module ClothingSystemEditor (220)
[2017.08.22-21.51.18:410][160]LogModuleManager: Shutting down and abandoning module ClothingSystemRuntime (218)
[2017.08.22-21.51.18:410][160]LogModuleManager: Shutting down and abandoning module Overlay (216)
[2017.08.22-21.51.18:410][160]LogModuleManager: Shutting down and abandoning module OverlayEditor (215)
[2017.08.22-21.51.18:410][160]LogModuleManager: Shutting down and abandoning module MediaAssets (212)
[2017.08.22-21.51.18:410][160]LogModuleManager: Shutting down and abandoning module VREditor (210)
[2017.08.22-21.51.18:410][160]LogModuleManager: Shutting down and abandoning module StringTableEditor (208)
[2017.08.22-21.51.18:410][160]LogModuleManager: Shutting down and abandoning module GameplayTasksEditor (206)
[2017.08.22-21.51.18:410][160]LogModuleManager: Shutting down and abandoning module BehaviorTreeEditor (204)
[2017.08.22-21.51.18:410][160]LogModuleManager: Shutting down and abandoning module FunctionalTesting (202)
[2017.08.22-21.51.18:410][160]LogModuleManager: Shutting down and abandoning module CollisionAnalyzer (200)
[2017.08.22-21.51.18:410][160]LogModuleManager: Shutting down and abandoning module WorkspaceMenuStructure (199)
[2017.08.22-21.51.18:410][160]LogModuleManager: Shutting down and abandoning module UMG (196)
[2017.08.22-21.51.18:410][160]LogModuleManager: Shutting down and abandoning module UMGEditor (195)
[2017.08.22-21.51.18:411][160]LogModuleManager: Shutting down and abandoning module Sequencer (194)
[2017.08.22-21.51.18:411][160]LogModuleManager: Shutting down and abandoning module MessageLog (191)
[2017.08.22-21.51.18:411][160]LogModuleManager: Shutting down and abandoning module SlateReflector (186)
[2017.08.22-21.51.18:411][160]LogModuleManager: Shutting down and abandoning module Slate (184)
[2017.08.22-21.51.18:411][160]LogModuleManager: Shutting down and abandoning module EditorStyle (182)
[2017.08.22-21.51.18:419][160]LogModuleManager: Shutting down and abandoning module MRMesh (180)
[2017.08.22-21.51.18:419][160]LogModuleManager: Shutting down and abandoning module SourceCodeAccess (178)
[2017.08.22-21.51.18:419][160]LogModuleManager: Shutting down and abandoning module HeadMountedDisplay (176)
[2017.08.22-21.51.18:419][160]LogModuleManager: Shutting down and abandoning module XAudio2 (174)
[2017.08.22-21.51.18:419][160]LogModuleManager: Shutting down and abandoning module Networking (172)
[2017.08.22-21.51.18:419][160]LogModuleManager: Shutting down and abandoning module Core (168)
[2017.08.22-21.51.18:419][160]LogModuleManager: Shutting down and abandoning module KismetCompiler (164)
[2017.08.22-21.51.18:419][160]LogModuleManager: Shutting down and abandoning module LevelSequence (162)
[2017.08.22-21.51.18:419][160]LogModuleManager: Shutting down and abandoning module MeshUtilities (160)
[2017.08.22-21.51.18:419][160]LogModuleManager: Shutting down and abandoning module MeshMergeUtilities (159)
[2017.08.22-21.51.18:419][160]LogModuleManager: Shutting down and abandoning module MeshReductionInterface (158)
[2017.08.22-21.51.18:420][160]LogModuleManager: Shutting down and abandoning module SimplygonSwarm (157)
[2017.08.22-21.51.18:420][160]LogModuleManager: Shutting down and abandoning module SimplygonMeshReduction (155)
[2017.08.22-21.51.18:420][160]LogModuleManager: Shutting down and abandoning module QuadricMeshReduction (153)
[2017.08.22-21.51.18:420][160]LogModuleManager: Shutting down and abandoning module MaterialBaking (149)
[2017.08.22-21.51.18:420][160]LogModuleManager: Shutting down and abandoning module DirectoryWatcher (146)
[2017.08.22-21.51.18:423][160]LogModuleManager: Shutting down and abandoning module DerivedDataCache (144)
[2017.08.22-21.51.18:518][160]LogDerivedDataCache: Shutdown
[2017.08.22-21.51.18:518][160]LogModuleManager: Shutting down and abandoning module TargetPlatform (142)
[2017.08.22-21.51.18:518][160]LogModuleManager: Shutting down and abandoning module VulkanShaderFormat (141)
[2017.08.22-21.51.18:518][160]LogModuleManager: Shutting down and abandoning module ShaderFormatVectorVM (139)
[2017.08.22-21.51.18:518][160]LogModuleManager: Shutting down and abandoning module ShaderFormatOpenGL (137)
[2017.08.22-21.51.18:518][160]LogModuleManager: Shutting down and abandoning module ShaderFormatD3D (135)
[2017.08.22-21.51.18:518][160]LogModuleManager: Shutting down and abandoning module MetalShaderFormat (133)
[2017.08.22-21.51.18:518][160]LogModuleManager: Shutting down and abandoning module TextureFormatUncompressed (131)
[2017.08.22-21.51.18:518][160]LogModuleManager: Shutting down and abandoning module TextureFormatPVR (129)
[2017.08.22-21.51.18:518][160]LogModuleManager: Shutting down and abandoning module TextureFormatDXT (127)
[2017.08.22-21.51.18:518][160]LogModuleManager: Shutting down and abandoning module TextureFormatIntelISPCTexComp (125)
[2017.08.22-21.51.18:518][160]LogModuleManager: Shutting down and abandoning module TextureFormatASTC (123)
[2017.08.22-21.51.18:519][160]LogModuleManager: Shutting down and abandoning module ImageWrapper (122)
[2017.08.22-21.51.18:519][160]LogModuleManager: Shutting down and abandoning module TextureFormatAndroid (119)
[2017.08.22-21.51.18:519][160]LogModuleManager: Shutting down and abandoning module AudioFormatOpus (117)
[2017.08.22-21.51.18:519][160]LogModuleManager: Shutting down and abandoning module AudioFormatOgg (115)
[2017.08.22-21.51.18:519][160]LogModuleManager: Shutting down and abandoning module AudioFormatADPCM (113)
[2017.08.22-21.51.18:519][160]LogModuleManager: Shutting down and abandoning module LinuxTargetPlatform (111)
[2017.08.22-21.51.18:519][160]LogModuleManager: Shutting down and abandoning module LinuxServerTargetPlatform (109)
[2017.08.22-21.51.18:519][160]LogModuleManager: Shutting down and abandoning module LinuxNoEditorTargetPlatform (107)
[2017.08.22-21.51.18:519][160]LogModuleManager: Shutting down and abandoning module LinuxClientTargetPlatform (105)
[2017.08.22-21.51.18:519][160]LogModuleManager: Shutting down and abandoning module TVOSTargetPlatform (103)
[2017.08.22-21.51.18:519][160]LogModuleManager: Shutting down and abandoning module Messaging (101)
[2017.08.22-21.51.18:519][160]LogModuleManager: Shutting down and abandoning module IOSTargetPlatform (99)
[2017.08.22-21.51.18:519][160]LogModuleManager: Shutting down and abandoning module HTML5TargetPlatform (97)
[2017.08.22-21.51.18:519][160]LogModuleManager: Shutting down and abandoning module Android_PVRTCTargetPlatform (95)
[2017.08.22-21.51.18:519][160]LogModuleManager: Shutting down and abandoning module Android_MultiTargetPlatform (93)
[2017.08.22-21.51.18:520][160]LogModuleManager: Shutting down and abandoning module Android_ETC2TargetPlatform (91)
[2017.08.22-21.51.18:520][160]LogModuleManager: Shutting down and abandoning module Android_ETC1TargetPlatform (89)
[2017.08.22-21.51.18:520][160]LogModuleManager: Shutting down and abandoning module Android_DXTTargetPlatform (87)
[2017.08.22-21.51.18:520][160]LogModuleManager: Shutting down and abandoning module Android_ATCTargetPlatform (85)
[2017.08.22-21.51.18:520][160]LogModuleManager: Shutting down and abandoning module Android_ASTCTargetPlatform (83)
[2017.08.22-21.51.18:520][160]LogModuleManager: Shutting down and abandoning module AndroidTargetPlatform (81)
[2017.08.22-21.51.18:520][160]LogModuleManager: Shutting down and abandoning module WindowsTargetPlatform (79)
[2017.08.22-21.51.18:520][160]LogModuleManager: Shutting down and abandoning module WindowsServerTargetPlatform (77)
[2017.08.22-21.51.18:520][160]LogModuleManager: Shutting down and abandoning module WindowsNoEditorTargetPlatform (75)
[2017.08.22-21.51.18:520][160]LogModuleManager: Shutting down and abandoning module WindowsClientTargetPlatform (73)
[2017.08.22-21.51.18:520][160]LogModuleManager: Shutting down and abandoning module MacTargetPlatform (71)
[2017.08.22-21.51.18:520][160]LogModuleManager: Shutting down and abandoning module MacServerTargetPlatform (69)
[2017.08.22-21.51.18:520][160]LogModuleManager: Shutting down and abandoning module MacNoEditorTargetPlatform (67)
[2017.08.22-21.51.18:520][160]LogModuleManager: Shutting down and abandoning module MacClientTargetPlatform (65)
[2017.08.22-21.51.18:521][160]LogModuleManager: Shutting down and abandoning module AllDesktopTargetPlatform (63)
[2017.08.22-21.51.18:521][160]LogModuleManager: Shutting down and abandoning module InputCore (60)
[2017.08.22-21.51.18:521][160]LogModuleManager: Shutting down and abandoning module Settings (58)
[2017.08.22-21.51.18:521][160]LogModuleManager: Shutting down and abandoning module PhysXCooking (56)
[2017.08.22-21.51.18:521][160]LogModuleManager: Shutting down and abandoning module SteamVR (54)
[2017.08.22-21.51.18:521][160]LogModuleManager: Shutting down and abandoning module OculusHMD (52)
[2017.08.22-21.51.18:521][160]LogModuleManager: Shutting down and abandoning module ExampleDeviceProfileSelector (50)
[2017.08.22-21.51.18:521][160]LogModuleManager: Shutting down and abandoning module OnlineBlueprintSupport (48)
[2017.08.22-21.51.18:521][160]LogModuleManager: Shutting down and abandoning module OnlineSubsystem (44)
[2017.08.22-21.51.18:521][160]LogOnline: Display: Unloading online subsystem: NULL
[2017.08.22-21.51.18:521][160]LogModuleManager: Shutting down and abandoning module XMPP (43)
[2017.08.22-21.51.18:522][160]LogModuleManager: Shutting down and abandoning module HTTP (41)
[2017.08.22-21.51.18:522][160]LogHttp: Display: Http module shutting down, but needs to wait on 1 outstanding Http requests:
[2017.08.22-21.51.18:522][160]LogHttp: Display: 	verb=[POST] url=[https://datarouter.ol.epicgames.com/datarouter/api/v1/public/data?SessionID=%7BBDF633AD-4E96-0E52-72E3-0F9B1F56A2C0%7D&AppID=UEEditor.Rocket.Release&AppVersion=4.17.1-3586342%2B%2B%2BUE4%2BRelease-4.17&UserID=5160131d4fbbf6d62e4719b8716de666%7C3ef35b30eb8d444d8e26d7fb1794d4bf%7Cb9c6b803-d102-46e7-b321-ae8f3428388b&AppEnvironment=datacollector-binary&UploadType=eteventstream] status=Processing
[2017.08.22-21.51.18:539][160]LogModuleManager: Shutting down and abandoning module SSL (40)
[2017.08.22-21.51.18:542][160]LogModuleManager: Shutting down and abandoning module AnimationModifiers (36)
[2017.08.22-21.51.18:542][160]LogModuleManager: Shutting down and abandoning module PropertyEditor (35)
[2017.08.22-21.51.18:542][160]LogModuleManager: Shutting down and abandoning module AudioEditor (32)
[2017.08.22-21.51.18:543][160]LogModuleManager: Shutting down and abandoning module TextureCompressor (30)
[2017.08.22-21.51.18:543][160]LogModuleManager: Shutting down and abandoning module ShaderCore (28)
[2017.08.22-21.51.18:543][160]LogModuleManager: Shutting down and abandoning module Landscape (26)
[2017.08.22-21.51.18:543][160]LogModuleManager: Shutting down and abandoning module SlateRHIRenderer (24)
[2017.08.22-21.51.18:545][160]LogModuleManager: Shutting down and abandoning module OpenGLDrv (22)
[2017.08.22-21.51.18:545][160]LogModuleManager: Shutting down and abandoning module D3D11RHI (20)
[2017.08.22-21.51.18:545][160]LogModuleManager: Shutting down and abandoning module AnimGraphRuntime (18)
[2017.08.22-21.51.18:545][160]LogModuleManager: Shutting down and abandoning module Renderer (16)
[2017.08.22-21.51.18:545][160]LogModuleManager: Shutting down and abandoning module Engine (14)
[2017.08.22-21.51.18:545][160]LogModuleManager: Shutting down and abandoning module CoreUObject (12)
[2017.08.22-21.51.18:545][160]LogModuleManager: Shutting down and abandoning module NetworkFile (10)
[2017.08.22-21.51.18:545][160]LogModuleManager: Shutting down and abandoning module CookedIterativeFile (8)
[2017.08.22-21.51.18:545][160]LogModuleManager: Shutting down and abandoning module StreamingFile (6)
[2017.08.22-21.51.18:546][160]LogModuleManager: Shutting down and abandoning module SandboxFile (4)
[2017.08.22-21.51.18:546][160]LogModuleManager: Shutting down and abandoning module PakFile (2)
[2017.08.22-21.51.18:555][160]LogExit: Exiting.
[2017.08.22-21.51.18:609][160]Log file closed, 08/22/17 15:51:18
